warning: function /home/surgeon/flu/amcode/perelson21/1d2agt/4paper/2submit/run.m shadows a core library function
warning: called from
    driver at line 1 column 1

lambda0 = 3.501084296647659
kmpl_prod = 0.180000000000000
nbcr = 2
lambda0 = 3.501084296647659
kmpl_prod = 0.180000000000000
 Time :      1.00000
 Time :      2.00000
 Time :      3.01000
 Time :      4.01000
 Time :      5.01000
 Time :      6.01000
 Time :      7.01000
 Time :      8.01000
 Time :      9.01000
 Time :     10.01000
 Time :     11.01000
 Time :     12.01000
 Time :     13.01000
 Time :     14.01000
 Time :     15.01000
 Time :     16.01000
 Time :     17.01000
 Time :     18.00000
 Time :     19.00000
 Time :     20.00000
 Time :     21.00000
 Time :     22.00000
 Time :     23.00000
 Time :     24.00000
 Time :     25.00000
 Time :     26.00000
 Time :     27.00000
 Time :     28.00000
 Time :     29.00000
 Time :     30.00000
 Time :     31.00000
 Time :     32.00000
 Time :     33.00000
 Time :     34.00000
 Time :     35.00000
dtime = 4.868058487772942
mbcr = 7.999325574900919e-02
agsout =

   4.891054442177676e-01   1.660365375581165e-02

ans = -5.740613155304643e-19
ans = -1.039505261291048e-18
nbcr = 2
lambda0 = 3.501084296647659
kmpl_prod = 0.180000000000000
 Time :      1.00000
 Time :      2.00000
 Time :      3.01000
 Time :      4.01000
 Time :      5.01000
 Time :      6.01000
 Time :      7.01000
 Time :      8.01000
 Time :      9.01000
 Time :     10.01000
 Time :     11.01000
 Time :     12.01000
 Time :     13.01000
 Time :     14.01000
 Time :     15.01000
 Time :     16.01000
 Time :     17.01000
 Time :     18.00000
 Time :     19.00000
 Time :     20.00000
 Time :     21.00000
 Time :     22.00000
 Time :     23.00000
 Time :     24.00000
 Time :     25.00000
 Time :     26.00000
 Time :     27.00000
 Time :     28.00000
 Time :     29.00000
 Time :     30.00000
 Time :     31.00000
 Time :     32.00000
 Time :     33.00000
 Time :     34.00000
 Time :     35.00000
dtime = 4.736254736781120
mbcr =

   7.999325574900919e-02   7.041214973149801e-02

agsout =

   4.891054442177676e-01   1.660365375581165e-02
   5.197853174236476e-01   1.669883906138279e-02

ans = -8.379375378300283e-19
ans = -2.603352454663642e-19
nbcr = 2
lambda0 = 3.501084296647659
kmpl_prod = 0.180000000000000
 Time :      1.00000
 Time :      2.00000
 Time :      3.01000
 Time :      4.01000
 Time :      5.01000
 Time :      6.01000
 Time :      7.01000
 Time :      8.01000
 Time :      9.01000
 Time :     10.01000
 Time :     11.01000
 Time :     12.01000
 Time :     13.01000
 Time :     14.01000
 Time :     15.01000
 Time :     16.01000
 Time :     17.01000
 Time :     18.00000
 Time :     19.00000
 Time :     20.00000
 Time :     21.00000
 Time :     22.00000
 Time :     23.00000
 Time :     24.00000
 Time :     25.00000
 Time :     26.00000
 Time :     27.00000
 Time :     28.00000
 Time :     29.00000
 Time :     30.00000
 Time :     31.00000
 Time :     32.00000
 Time :     33.00000
 Time :     34.00000
 Time :     35.00000
dtime = 4.703736305236816
mbcr =

   7.999325574900919e-02   7.041214973149801e-02   7.041463573465460e-02

agsout =

   4.891054442177676e-01   1.660365375581165e-02
   5.197853174236476e-01   1.669883906138279e-02
   5.197848132754512e-01   1.669866429303227e-02

ans = -8.350601395821646e-19
ans = -4.415128218290070e-19
nbcr = 2
lambda0 = 3.501084296647659
kmpl_prod = 0.180000000000000
 Time :      1.00000
 Time :      2.00000
 Time :      3.01000
 Time :      4.01000
 Time :      5.01000
 Time :      6.01000
 Time :      7.01000
 Time :      8.01000
 Time :      9.01000
 Time :     10.01000
 Time :     11.01000
 Time :     12.01000
 Time :     13.01000
 Time :     14.01000
 Time :     15.01000
 Time :     16.01000
 Time :     17.01000
 Time :     18.00000
 Time :     19.00000
 Time :     20.00000
 Time :     21.00000
 Time :     22.00000
 Time :     23.00000
 Time :     24.00000
 Time :     25.00000
 Time :     26.00000
 Time :     27.00000
 Time :     28.00000
 Time :     29.00000
 Time :     30.00000
 Time :     31.00000
 Time :     32.00000
 Time :     33.00000
 Time :     34.00000
 Time :     35.00000
dtime = 4.704259335994720
mbcr =

 Columns 1 through 3:

   7.999325574900919e-02   7.041214973149801e-02   7.041463573465460e-02

 Column 4:

   7.041463740787493e-02

agsout =

   4.891054442177676e-01   1.660365375581165e-02
   5.197853174236476e-01   1.669883906138279e-02
   5.197848132754512e-01   1.669866429303227e-02
   5.197848067213765e-01   1.669866455170328e-02

ans = -8.396879162257790e-19
ans = 2.595295715497375e-19
nbcr = 2
lambda0 = 3.501084296647659
kmpl_prod = 0.180000000000000
 Time :      1.00000
 Time :      2.00000
 Time :      3.01000
 Time :      4.01000
 Time :      5.01000
 Time :      6.01000
 Time :      7.01000
 Time :      8.01000
 Time :      9.01000
 Time :     10.01000
 Time :     11.01000
 Time :     12.01000
 Time :     13.01000
 Time :     14.01000
 Time :     15.01000
 Time :     16.01000
 Time :     17.01000
 Time :     18.00000
 Time :     19.00000
 Time :     20.00000
 Time :     21.00000
 Time :     22.00000
 Time :     23.00000
 Time :     24.00000
 Time :     25.00000
 Time :     26.00000
 Time :     27.00000
 Time :     28.00000
 Time :     29.00000
 Time :     30.00000
 Time :     31.00000
 Time :     32.00000
 Time :     33.00000
 Time :     34.00000
 Time :     35.00000
dtime = 4.656703770160675
mbcr =

 Columns 1 through 3:

   7.999325574900919e-02   7.041214973149801e-02   7.041463573465460e-02

 Columns 4 and 5:

   7.041463740787493e-02   7.041463746099083e-02

agsout =

   4.891054442177676e-01   1.660365375581165e-02
   5.197853174236476e-01   1.669883906138279e-02
   5.197848132754512e-01   1.669866429303227e-02
   5.197848067213765e-01   1.669866455170328e-02
   5.197848066466412e-01   1.669866455131275e-02

ans = -4.153106690828008e-19
ans = -1.049288946781173e-19
nbcr = 2
lambda0 = 3.501084296647659
kmpl_prod = 0.180000000000000
 Time :      1.00000
 Time :      2.00000
 Time :      3.01000
 Time :      4.01000
 Time :      5.01000
 Time :      6.01000
 Time :      7.01000
 Time :      8.01000
 Time :      9.01000
 Time :     10.01000
 Time :     11.01000
 Time :     12.01000
 Time :     13.01000
 Time :     14.01000
 Time :     15.01000
 Time :     16.01000
 Time :     17.01000
 Time :     18.00000
 Time :     19.00000
 Time :     20.00000
 Time :     21.00000
 Time :     22.00000
 Time :     23.00000
 Time :     24.00000
 Time :     25.00000
 Time :     26.00000
 Time :     27.00000
 Time :     28.00000
 Time :     29.00000
 Time :     30.00000
 Time :     31.00000
 Time :     32.00000
 Time :     33.00000
 Time :     34.00000
 Time :     35.00000
dtime = 4.692159220576286
mbcr =

 Columns 1 through 3:

   7.999325574900919e-02   7.041214973149801e-02   7.041463573465460e-02

 Columns 4 through 6:

   7.041463740787493e-02   7.041463746099083e-02   7.041463746155618e-02

agsout =

   4.891054442177676e-01   1.660365375581165e-02
   5.197853174236476e-01   1.669883906138279e-02
   5.197848132754512e-01   1.669866429303227e-02
   5.197848067213765e-01   1.669866455170328e-02
   5.197848066466412e-01   1.669866455131275e-02
   5.197848066457739e-01   1.669866455131332e-02

ans = -4.535104142233637e-19
ans = 3.208925177259119e-19
nbcr = 3
lambda0 = 3.501084296647659
kmpl_prod = 0.180000000000000
 Time :      1.00000
 Time :      2.00000
 Time :      3.01000
 Time :      4.01000
 Time :      5.01000
 Time :      6.01000
 Time :      7.01000
 Time :      8.01000
 Time :      9.01000
 Time :     10.01000
 Time :     11.01000
 Time :     12.01000
 Time :     13.01000
 Time :     14.01000
 Time :     15.01000
 Time :     16.01000
 Time :     17.01000
 Time :     18.00000
 Time :     19.00000
 Time :     20.00000
 Time :     21.00000
 Time :     22.00000
 Time :     23.00000
 Time :     24.00000
 Time :     25.00000
 Time :     26.00000
 Time :     27.00000
 Time :     28.00000
 Time :     29.00000
 Time :     30.00000
 Time :     31.00000
 Time :     32.00000
 Time :     33.00000
 Time :     34.00000
 Time :     35.00000
dtime = 11.97203323245049
mbcr = 4.166300775120087e-02
agsout =

   4.891054441880144e-01   1.660365411417928e-02   1.660365411417928e-02

ans = -5.509498964858748e-19
ans = -3.635233385453636e-19
ans = -3.635233385453636e-19
nbcr = 3
lambda0 = 3.501084296647659
kmpl_prod = 0.180000000000000
 Time :      1.00000
 Time :      2.00000
 Time :      3.01000
 Time :      4.01000
 Time :      5.01000
 Time :      6.01000
 Time :      7.01000
 Time :      8.01000
 Time :      9.01000
 Time :     10.01000
 Time :     11.01000
 Time :     12.01000
 Time :     13.01000
 Time :     14.01000
 Time :     15.01000
 Time :     16.01000
 Time :     17.01000
 Time :     18.00000
 Time :     19.00000
 Time :     20.00000
 Time :     21.00000
 Time :     22.00000
 Time :     23.00000
 Time :     24.00000
 Time :     25.00000
 Time :     26.00000
 Time :     27.00000
 Time :     28.00000
 Time :     29.00000
 Time :     30.00000
 Time :     31.00000
 Time :     32.00000
 Time :     33.00000
 Time :     34.00000
 Time :     35.00000
dtime = 11.97082623839378
mbcr =

   4.166300775120087e-02   3.649077173337463e-02

agsout =

   4.891054441880144e-01   1.660365411417928e-02   1.660365411417928e-02
   5.197853174233507e-01   1.669883944453113e-02   1.669883944453113e-02

ans = 3.604185250018750e-19
ans = -2.750437575284758e-20
ans = -2.750437575284758e-20
nbcr = 3
lambda0 = 3.501084296647659
kmpl_prod = 0.180000000000000
 Time :      1.00000
 Time :      2.00000
 Time :      3.01000
 Time :      4.01000
 Time :      5.01000
 Time :      6.01000
 Time :      7.01000
 Time :      8.01000
 Time :      9.01000
 Time :     10.01000
 Time :     11.01000
 Time :     12.01000
 Time :     13.01000
 Time :     14.01000
 Time :     15.01000
 Time :     16.01000
 Time :     17.01000
 Time :     18.00000
 Time :     19.00000
 Time :     20.00000
 Time :     21.00000
 Time :     22.00000
 Time :     23.00000
 Time :     24.00000
 Time :     25.00000
 Time :     26.00000
 Time :     27.00000
 Time :     28.00000
 Time :     29.00000
 Time :     30.00000
 Time :     31.00000
 Time :     32.00000
 Time :     33.00000
 Time :     34.00000
 Time :     35.00000
dtime = 12.07397393882275
mbcr =

   4.166300775120087e-02   3.649077173337463e-02   3.649210710833712e-02

agsout =

   4.891054441880144e-01   1.660365411417928e-02   1.660365411417928e-02
   5.197853174233507e-01   1.669883944453113e-02   1.669883944453113e-02
   5.197848132751545e-01   1.669866467632674e-02   1.669866467632674e-02

ans = -5.051100805827087e-19
ans = -1.811002349753691e-19
ans = -1.811002349753691e-19
nbcr = 3
lambda0 = 3.501084296647659
kmpl_prod = 0.180000000000000
 Time :      1.00000
 Time :      2.00000
 Time :      3.01000
 Time :      4.01000
 Time :      5.01000
 Time :      6.01000
 Time :      7.01000
 Time :      8.01000
 Time :      9.01000
 Time :     10.01000
 Time :     11.01000
 Time :     12.01000
 Time :     13.01000
 Time :     14.01000
 Time :     15.01000
 Time :     16.01000
 Time :     17.01000
 Time :     18.00000
 Time :     19.00000
 Time :     20.00000
 Time :     21.00000
 Time :     22.00000
 Time :     23.00000
 Time :     24.00000
 Time :     25.00000
 Time :     26.00000
 Time :     27.00000
 Time :     28.00000
 Time :     29.00000
 Time :     30.00000
 Time :     31.00000
 Time :     32.00000
 Time :     33.00000
 Time :     34.00000
 Time :     35.00000
dtime = 11.42579801380634
mbcr =

 Columns 1 through 3:

   4.166300775120087e-02   3.649077173337463e-02   3.649210710833712e-02

 Column 4:

   3.649210800712012e-02

agsout =

   4.891054441880144e-01   1.660365411417928e-02   1.660365411417928e-02
   5.197853174233507e-01   1.669883944453113e-02   1.669883944453113e-02
   5.197848132751545e-01   1.669866467632674e-02   1.669866467632674e-02
   5.197848067210799e-01   1.669866493499759e-02   1.669866493499759e-02

ans = -9.440768283693740e-19
ans = -7.808045247150890e-19
ans = -7.808045247150890e-19
nbcr = 3
lambda0 = 3.501084296647659
kmpl_prod = 0.180000000000000
 Time :      1.00000
 Time :      2.00000
 Time :      3.01000
 Time :      4.01000
 Time :      5.01000
 Time :      6.01000
 Time :      7.01000
 Time :      8.01000
 Time :      9.01000
 Time :     10.01000
 Time :     11.01000
 Time :     12.01000
 Time :     13.01000
 Time :     14.01000
 Time :     15.01000
 Time :     16.01000
 Time :     17.01000
 Time :     18.00000
 Time :     19.00000
 Time :     20.00000
 Time :     21.00000
 Time :     22.00000
 Time :     23.00000
 Time :     24.00000
 Time :     25.00000
 Time :     26.00000
 Time :     27.00000
 Time :     28.00000
 Time :     29.00000
 Time :     30.00000
 Time :     31.00000
 Time :     32.00000
 Time :     33.00000
 Time :     34.00000
 Time :     35.00000
dtime = 11.83574348688126
mbcr =

 Columns 1 through 3:

   4.166300775120087e-02   3.649077173337463e-02   3.649210710833712e-02

 Columns 4 and 5:

   3.649210800712012e-02   3.649210803565171e-02

agsout =

   4.891054441880144e-01   1.660365411417928e-02   1.660365411417928e-02
   5.197853174233507e-01   1.669883944453113e-02   1.669883944453113e-02
   5.197848132751545e-01   1.669866467632674e-02   1.669866467632674e-02
   5.197848067210799e-01   1.669866493499759e-02   1.669866493499759e-02
   5.197848066463441e-01   1.669866493460705e-02   1.669866493460705e-02

ans = -5.187998114761233e-19
ans = -2.777765554771979e-19
ans = -2.777765554771979e-19
nbcr = 3
lambda0 = 3.501084296647659
kmpl_prod = 0.180000000000000
 Time :      1.00000
 Time :      2.00000
 Time :      3.01000
 Time :      4.01000
 Time :      5.01000
 Time :      6.01000
 Time :      7.01000
 Time :      8.01000
 Time :      9.01000
 Time :     10.01000
 Time :     11.01000
 Time :     12.01000
 Time :     13.01000
 Time :     14.01000
 Time :     15.01000
 Time :     16.01000
 Time :     17.01000
 Time :     18.00000
 Time :     19.00000
 Time :     20.00000
 Time :     21.00000
 Time :     22.00000
 Time :     23.00000
 Time :     24.00000
 Time :     25.00000
 Time :     26.00000
 Time :     27.00000
 Time :     28.00000
 Time :     29.00000
 Time :     30.00000
 Time :     31.00000
 Time :     32.00000
 Time :     33.00000
 Time :     34.00000
 Time :     35.00000
dtime = 11.29238493740559
mbcr =

 Columns 1 through 3:

   4.166300775120087e-02   3.649077173337463e-02   3.649210710833712e-02

 Columns 4 through 6:

   3.649210800712012e-02   3.649210803565171e-02   3.649210803595557e-02

agsout =

   4.891054441880144e-01   1.660365411417928e-02   1.660365411417928e-02
   5.197853174233507e-01   1.669883944453113e-02   1.669883944453113e-02
   5.197848132751545e-01   1.669866467632674e-02   1.669866467632674e-02
   5.197848067210799e-01   1.669866493499759e-02   1.669866493499759e-02
   5.197848066463441e-01   1.669866493460705e-02   1.669866493460705e-02
   5.197848066454768e-01   1.669866493460764e-02   1.669866493460764e-02

ans = -1.239659883596531e-19
ans = 1.479766145262956e-19
ans = 1.479766145262956e-19
nbcr = 4
lambda0 = 3.501084296647659
kmpl_prod = 0.180000000000000
 Time :      1.00000
 Time :      2.00000
 Time :      3.01000
 Time :      4.01000
 Time :      5.01000
 Time :      6.01000
 Time :      7.01000
 Time :      8.01000
 Time :      9.01000
 Time :     10.01000
 Time :     11.01000
 Time :     12.01000
 Time :     13.01000
 Time :     14.01000
 Time :     15.01000
 Time :     16.01000
 Time :     17.01000
 Time :     18.00000
 Time :     19.00000
 Time :     20.00000
 Time :     21.00000
 Time :     22.00000
 Time :     23.00000
 Time :     24.00000
 Time :     25.00000
 Time :     26.00000
 Time :     27.00000
 Time :     28.00000
 Time :     29.00000
 Time :     30.00000
 Time :     31.00000
 Time :     32.00000
 Time :     33.00000
 Time :     34.00000
 Time :     35.00000
dtime = 17.74346642196178
mbcr = 2.816650555242786e-02
agsout =

 Columns 1 through 3:

   4.891054441863129e-01   1.660365492283605e-02   1.660365492283605e-02

 Column 4:

   1.660365492283605e-02

ans = 7.126689193357760e-20
ans = -1.033859960405527e-18
ans = -1.033859960405527e-18
ans = -1.033859960405527e-18
nbcr = 4
lambda0 = 3.501084296647659
kmpl_prod = 0.180000000000000
 Time :      1.00000
 Time :      2.00000
 Time :      3.01000
 Time :      4.01000
 Time :      5.01000
 Time :      6.01000
 Time :      7.01000
 Time :      8.01000
 Time :      9.01000
 Time :     10.01000
 Time :     11.01000
 Time :     12.01000
 Time :     13.01000
 Time :     14.01000
 Time :     15.01000
 Time :     16.01000
 Time :     17.01000
 Time :     18.00000
 Time :     19.00000
 Time :     20.00000
 Time :     21.00000
 Time :     22.00000
 Time :     23.00000
 Time :     24.00000
 Time :     25.00000
 Time :     26.00000
 Time :     27.00000
 Time :     28.00000
 Time :     29.00000
 Time :     30.00000
 Time :     31.00000
 Time :     32.00000
 Time :     33.00000
 Time :     34.00000
 Time :     35.00000
dtime = 18.06900277733803
mbcr =

   2.816650555242786e-02   2.462673057617350e-02

agsout =

 Columns 1 through 3:

   4.891054441863129e-01   1.660365492283605e-02   1.660365492283605e-02
   5.197853174224809e-01   1.669884008614706e-02   1.669884008614706e-02

 Column 4:

   1.660365492283605e-02
   1.669884008614706e-02

ans = 1.166506288005361e-19
ans = 3.568283454625125e-19
ans = 3.568283454625125e-19
ans = 3.568283454625125e-19
nbcr = 4
lambda0 = 3.501084296647659
kmpl_prod = 0.180000000000000
 Time :      1.00000
 Time :      2.00000
 Time :      3.01000
 Time :      4.01000
 Time :      5.01000
 Time :      6.01000
 Time :      7.01000
 Time :      8.01000
 Time :      9.01000
 Time :     10.01000
 Time :     11.01000
 Time :     12.01000
 Time :     13.01000
 Time :     14.01000
 Time :     15.01000
 Time :     16.01000
 Time :     17.01000
 Time :     18.00000
 Time :     19.00000
 Time :     20.00000
 Time :     21.00000
 Time :     22.00000
 Time :     23.00000
 Time :     24.00000
 Time :     25.00000
 Time :     26.00000
 Time :     27.00000
 Time :     28.00000
 Time :     29.00000
 Time :     30.00000
 Time :     31.00000
 Time :     32.00000
 Time :     33.00000
 Time :     34.00000
 Time :     35.00000
dtime = 18.00372451543808
mbcr =

   2.816650555242786e-02   2.462673057617350e-02   2.462764288555818e-02

agsout =

 Columns 1 through 3:

   4.891054441863129e-01   1.660365492283605e-02   1.660365492283605e-02
   5.197853174224809e-01   1.669884008614706e-02   1.669884008614706e-02
   5.197848132742768e-01   1.669866532358872e-02   1.669866532358872e-02

 Column 4:

   1.660365492283605e-02
   1.669884008614706e-02
   1.669866532358872e-02

ans = 1.147658876774145e-19
ans = -7.935230470185513e-19
ans = -7.935230470185513e-19
ans = -7.935230470185513e-19
nbcr = 4
lambda0 = 3.501084296647659
kmpl_prod = 0.180000000000000
 Time :      1.00000
 Time :      2.00000
 Time :      3.01000
 Time :      4.01000
 Time :      5.01000
 Time :      6.01000
 Time :      7.01000
 Time :      8.01000
 Time :      9.01000
 Time :     10.01000
 Time :     11.01000
 Time :     12.01000
 Time :     13.01000
 Time :     14.01000
 Time :     15.01000
 Time :     16.01000
 Time :     17.01000
 Time :     18.00000
 Time :     19.00000
 Time :     20.00000
 Time :     21.00000
 Time :     22.00000
 Time :     23.00000
 Time :     24.00000
 Time :     25.00000
 Time :     26.00000
 Time :     27.00000
 Time :     28.00000
 Time :     29.00000
 Time :     30.00000
 Time :     31.00000
 Time :     32.00000
 Time :     33.00000
 Time :     34.00000
 Time :     35.00000
dtime = 17.86100752651691
mbcr =

 Columns 1 through 3:

   2.816650555242786e-02   2.462673057617350e-02   2.462764288555818e-02

 Column 4:

   2.462764349958702e-02

agsout =

 Columns 1 through 3:

   4.891054441863129e-01   1.660365492283605e-02   1.660365492283605e-02
   5.197853174224809e-01   1.669884008614706e-02   1.669884008614706e-02
   5.197848132742768e-01   1.669866532358872e-02   1.669866532358872e-02
   5.197848067202024e-01   1.669866558226223e-02   1.669866558226223e-02

 Column 4:

   1.660365492283605e-02
   1.669884008614706e-02
   1.669866532358872e-02
   1.669866558226223e-02

ans = -3.239050973999266e-19
ans = -1.234242395844967e-19
ans = -1.234242395844967e-19
ans = -1.234242395844967e-19
nbcr = 4
lambda0 = 3.501084296647659
kmpl_prod = 0.180000000000000
 Time :      1.00000
 Time :      2.00000
 Time :      3.01000
 Time :      4.01000
 Time :      5.01000
 Time :      6.01000
 Time :      7.01000
 Time :      8.01000
 Time :      9.01000
 Time :     10.01000
 Time :     11.01000
 Time :     12.01000
 Time :     13.01000
 Time :     14.01000
 Time :     15.01000
 Time :     16.01000
 Time :     17.01000
 Time :     18.00000
 Time :     19.00000
 Time :     20.00000
 Time :     21.00000
 Time :     22.00000
 Time :     23.00000
 Time :     24.00000
 Time :     25.00000
 Time :     26.00000
 Time :     27.00000
 Time :     28.00000
 Time :     29.00000
 Time :     30.00000
 Time :     31.00000
 Time :     32.00000
 Time :     33.00000
 Time :     34.00000
 Time :     35.00000
dtime = 17.77234375476837
mbcr =

 Columns 1 through 3:

   2.816650555242786e-02   2.462673057617350e-02   2.462764288555818e-02

 Columns 4 and 5:

   2.462764349958702e-02   2.462764351907950e-02

agsout =

 Columns 1 through 3:

   4.891054441863129e-01   1.660365492283605e-02   1.660365492283605e-02
   5.197853174224809e-01   1.669884008614706e-02   1.669884008614706e-02
   5.197848132742768e-01   1.669866532358872e-02   1.669866532358872e-02
   5.197848067202024e-01   1.669866558226223e-02   1.669866558226223e-02
   5.197848066454667e-01   1.669866558187167e-02   1.669866558187167e-02

 Column 4:

   1.660365492283605e-02
   1.669884008614706e-02
   1.669866532358872e-02
   1.669866558226223e-02
   1.669866558187167e-02

ans = -7.672373841694974e-19
ans = -9.212666169666467e-19
ans = -9.212666169666467e-19
ans = -9.212666169666467e-19
nbcr = 4
lambda0 = 3.501084296647659
kmpl_prod = 0.180000000000000
 Time :      1.00000
 Time :      2.00000
 Time :      3.01000
 Time :      4.01000
 Time :      5.01000
 Time :      6.01000
 Time :      7.01000
 Time :      8.01000
 Time :      9.01000
 Time :     10.01000
 Time :     11.01000
 Time :     12.01000
 Time :     13.01000
 Time :     14.01000
 Time :     15.01000
 Time :     16.01000
 Time :     17.01000
 Time :     18.00000
 Time :     19.00000
 Time :     20.00000
 Time :     21.00000
 Time :     22.00000
 Time :     23.00000
 Time :     24.00000
 Time :     25.00000
 Time :     26.00000
 Time :     27.00000
 Time :     28.00000
 Time :     29.00000
 Time :     30.00000
 Time :     31.00000
 Time :     32.00000
 Time :     33.00000
 Time :     34.00000
 Time :     35.00000
dtime = 17.83841662108898
mbcr =

 Columns 1 through 3:

   2.816650555242786e-02   2.462673057617350e-02   2.462764288555818e-02

 Columns 4 through 6:

   2.462764349958702e-02   2.462764351907950e-02   2.462764351928699e-02

agsout =

 Columns 1 through 3:

   4.891054441863129e-01   1.660365492283605e-02   1.660365492283605e-02
   5.197853174224809e-01   1.669884008614706e-02   1.669884008614706e-02
   5.197848132742768e-01   1.669866532358872e-02   1.669866532358872e-02
   5.197848067202024e-01   1.669866558226223e-02   1.669866558226223e-02
   5.197848066454667e-01   1.669866558187167e-02   1.669866558187167e-02
   5.197848066445993e-01   1.669866558187228e-02   1.669866558187228e-02

 Column 4:

   1.660365492283605e-02
   1.669884008614706e-02
   1.669866532358872e-02
   1.669866558226223e-02
   1.669866558187167e-02
   1.669866558187228e-02

ans = -3.716872012360268e-19
ans = 8.054712573765735e-19
ans = 8.054712573765735e-19
ans = 8.054712573765735e-19
nbcr = 5
lambda0 = 3.501084296647659
kmpl_prod = 0.180000000000000
 Time :      1.00000
 Time :      2.00000
 Time :      3.01000
 Time :      4.01000
 Time :      5.01000
 Time :      6.01000
 Time :      7.01000
 Time :      8.01000
 Time :      9.01000
 Time :     10.01000
 Time :     11.01000
 Time :     12.01000
 Time :     13.01000
 Time :     14.01000
 Time :     15.01000
 Time :     16.01000
 Time :     17.01000
 Time :     18.00000
 Time :     19.00000
 Time :     20.00000
 Time :     21.00000
 Time :     22.00000
 Time :     23.00000
 Time :     24.00000
 Time :     25.00000
 Time :     26.00000
 Time :     27.00000
 Time :     28.00000
 Time :     29.00000
 Time :     30.00000
 Time :     31.00000
 Time :     32.00000
 Time :     33.00000
 Time :     34.00000
 Time :     35.00000
dtime = 23.00318442285061
mbcr = 2.127468747511151e-02
agsout =

 Columns 1 through 3:

   4.891054441833870e-01   1.660365608489513e-02   1.660365608489513e-02

 Columns 4 and 5:

   1.660365608489513e-02   1.660365608489513e-02

ans = -5.543333576124879e-19
ans = 1.300983463568808e-19
ans = 1.300983463568808e-19
ans = 1.300983463568808e-19
ans = 1.300983463568808e-19
nbcr = 5
lambda0 = 3.501084296647659
kmpl_prod = 0.180000000000000
 Time :      1.00000
 Time :      2.00000
 Time :      3.01000
 Time :      4.01000
 Time :      5.01000
 Time :      6.01000
 Time :      7.01000
 Time :      8.01000
 Time :      9.01000
 Time :     10.01000
 Time :     11.01000
 Time :     12.01000
 Time :     13.01000
 Time :     14.01000
 Time :     15.01000
 Time :     16.01000
 Time :     17.01000
 Time :     18.00000
 Time :     19.00000
 Time :     20.00000
 Time :     21.00000
 Time :     22.00000
 Time :     23.00000
 Time :     24.00000
 Time :     25.00000
 Time :     26.00000
 Time :     27.00000
 Time :     28.00000
 Time :     29.00000
 Time :     30.00000
 Time :     31.00000
 Time :     32.00000
 Time :     33.00000
 Time :     34.00000
 Time :     35.00000
dtime = 23.04746098816395
mbcr =

   2.127468747511151e-02   1.858446650202867e-02

agsout =

 Columns 1 through 3:

   4.891054441833870e-01   1.660365608489513e-02   1.660365608489513e-02
   5.197853174077367e-01   1.669884136477807e-02   1.669884136477807e-02

 Columns 4 and 5:

   1.660365608489513e-02   1.660365608489513e-02
   1.669884136477807e-02   1.669884136477807e-02

ans = -2.276198911561675e-19
ans = -2.093904323101420e-19
ans = -2.093904323101420e-19
ans = -2.093904323101420e-19
ans = -2.093904323101420e-19
nbcr = 5
lambda0 = 3.501084296647659
kmpl_prod = 0.180000000000000
 Time :      1.00000
 Time :      2.00000
 Time :      3.01000
 Time :      4.01000
 Time :      5.01000
 Time :      6.01000
 Time :      7.01000
 Time :      8.01000
 Time :      9.01000
 Time :     10.01000
 Time :     11.01000
 Time :     12.01000
 Time :     13.01000
 Time :     14.01000
 Time :     15.01000
 Time :     16.01000
 Time :     17.01000
 Time :     18.00000
 Time :     19.00000
 Time :     20.00000
 Time :     21.00000
 Time :     22.00000
 Time :     23.00000
 Time :     24.00000
 Time :     25.00000
 Time :     26.00000
 Time :     27.00000
 Time :     28.00000
 Time :     29.00000
 Time :     30.00000
 Time :     31.00000
 Time :     32.00000
 Time :     33.00000
 Time :     34.00000
 Time :     35.00000
dtime = 22.77576662600040
mbcr =

   2.127468747511151e-02   1.858446650202867e-02   1.858515923797760e-02

agsout =

 Columns 1 through 3:

   4.891054441833870e-01   1.660365608489513e-02   1.660365608489513e-02
   5.197853174077367e-01   1.669884136477807e-02   1.669884136477807e-02
   5.197848132595164e-01   1.669866659669126e-02   1.669866659669126e-02

 Columns 4 and 5:

   1.660365608489513e-02   1.660365608489513e-02
   1.669884136477807e-02   1.669884136477807e-02
   1.669866659669126e-02   1.669866659669126e-02

ans = -1.085902383265677e-18
ans = 3.624705444207367e-21
ans = 3.624705444207367e-21
ans = 3.624705444207367e-21
ans = 3.624705444207367e-21
nbcr = 5
lambda0 = 3.501084296647659
kmpl_prod = 0.180000000000000
 Time :      1.00000
 Time :      2.00000
 Time :      3.01000
 Time :      4.01000
 Time :      5.01000
 Time :      6.01000
 Time :      7.01000
 Time :      8.01000
 Time :      9.01000
 Time :     10.01000
 Time :     11.01000
 Time :     12.01000
 Time :     13.01000
 Time :     14.01000
 Time :     15.01000
 Time :     16.01000
 Time :     17.01000
 Time :     18.00000
 Time :     19.00000
 Time :     20.00000
 Time :     21.00000
 Time :     22.00000
 Time :     23.00000
 Time :     24.00000
 Time :     25.00000
 Time :     26.00000
 Time :     27.00000
 Time :     28.00000
 Time :     29.00000
 Time :     30.00000
 Time :     31.00000
 Time :     32.00000
 Time :     33.00000
 Time :     34.00000
 Time :     35.00000
dtime = 22.74081408977509
mbcr =

 Columns 1 through 3:

   2.127468747511151e-02   1.858446650202867e-02   1.858515923797760e-02

 Column 4:

   1.858515970422784e-02

agsout =

 Columns 1 through 3:

   4.891054441833870e-01   1.660365608489513e-02   1.660365608489513e-02
   5.197853174077367e-01   1.669884136477807e-02   1.669884136477807e-02
   5.197848132595164e-01   1.669866659669126e-02   1.669866659669126e-02
   5.197848067054415e-01   1.669866685536203e-02   1.669866685536203e-02

 Columns 4 and 5:

   1.660365608489513e-02   1.660365608489513e-02
   1.669884136477807e-02   1.669884136477807e-02
   1.669866659669126e-02   1.669866659669126e-02
   1.669866685536203e-02   1.669866685536203e-02

ans = -1.091068350353785e-18
ans = -1.032738096699752e-18
ans = -1.032738096699752e-18
ans = -1.032738096699752e-18
ans = -1.032738096699752e-18
nbcr = 5
lambda0 = 3.501084296647659
kmpl_prod = 0.180000000000000
 Time :      1.00000
 Time :      2.00000
 Time :      3.01000
 Time :      4.01000
 Time :      5.01000
 Time :      6.01000
 Time :      7.01000
 Time :      8.01000
 Time :      9.01000
 Time :     10.01000
 Time :     11.01000
 Time :     12.01000
 Time :     13.01000
 Time :     14.01000
 Time :     15.01000
 Time :     16.01000
 Time :     17.01000
 Time :     18.00000
 Time :     19.00000
 Time :     20.00000
 Time :     21.00000
 Time :     22.00000
 Time :     23.00000
 Time :     24.00000
 Time :     25.00000
 Time :     26.00000
 Time :     27.00000
 Time :     28.00000
 Time :     29.00000
 Time :     30.00000
 Time :     31.00000
 Time :     32.00000
 Time :     33.00000
 Time :     34.00000
 Time :     35.00000
dtime = 22.79582284390926
mbcr =

 Columns 1 through 3:

   2.127468747511151e-02   1.858446650202867e-02   1.858515923797760e-02

 Columns 4 and 5:

   1.858515970422784e-02   1.858515971902891e-02

agsout =

 Columns 1 through 3:

   4.891054441833870e-01   1.660365608489513e-02   1.660365608489513e-02
   5.197853174077367e-01   1.669884136477807e-02   1.669884136477807e-02
   5.197848132595164e-01   1.669866659669126e-02   1.669866659669126e-02
   5.197848067054415e-01   1.669866685536203e-02   1.669866685536203e-02
   5.197848066307060e-01   1.669866685497148e-02   1.669866685497148e-02

 Columns 4 and 5:

   1.660365608489513e-02   1.660365608489513e-02
   1.669884136477807e-02   1.669884136477807e-02
   1.669866659669126e-02   1.669866659669126e-02
   1.669866685536203e-02   1.669866685536203e-02
   1.669866685497148e-02   1.669866685497148e-02

ans = -2.325645708706499e-19
ans = -5.295360059429186e-19
ans = -5.295360059429186e-19
ans = -5.295360059429186e-19
ans = -5.295360059429186e-19
nbcr = 5
lambda0 = 3.501084296647659
kmpl_prod = 0.180000000000000
 Time :      1.00000
 Time :      2.00000
 Time :      3.01000
 Time :      4.01000
 Time :      5.01000
 Time :      6.01000
 Time :      7.01000
 Time :      8.01000
 Time :      9.01000
 Time :     10.01000
 Time :     11.01000
 Time :     12.01000
 Time :     13.01000
 Time :     14.01000
 Time :     15.01000
 Time :     16.01000
 Time :     17.01000
 Time :     18.00000
 Time :     19.00000
 Time :     20.00000
 Time :     21.00000
 Time :     22.00000
 Time :     23.00000
 Time :     24.00000
 Time :     25.00000
 Time :     26.00000
 Time :     27.00000
 Time :     28.00000
 Time :     29.00000
 Time :     30.00000
 Time :     31.00000
 Time :     32.00000
 Time :     33.00000
 Time :     34.00000
 Time :     35.00000
dtime = 22.61036820709705
mbcr =

 Columns 1 through 3:

   2.127468747511151e-02   1.858446650202867e-02   1.858515923797760e-02

 Columns 4 through 6:

   1.858515970422784e-02   1.858515971902891e-02   1.858515971918641e-02

agsout =

 Columns 1 through 3:

   4.891054441833870e-01   1.660365608489513e-02   1.660365608489513e-02
   5.197853174077367e-01   1.669884136477807e-02   1.669884136477807e-02
   5.197848132595164e-01   1.669866659669126e-02   1.669866659669126e-02
   5.197848067054415e-01   1.669866685536203e-02   1.669866685536203e-02
   5.197848066307060e-01   1.669866685497148e-02   1.669866685497148e-02
   5.197848066298391e-01   1.669866685497207e-02   1.669866685497207e-02

 Columns 4 and 5:

   1.660365608489513e-02   1.660365608489513e-02
   1.669884136477807e-02   1.669884136477807e-02
   1.669866659669126e-02   1.669866659669126e-02
   1.669866685536203e-02   1.669866685536203e-02
   1.669866685497148e-02   1.669866685497148e-02
   1.669866685497207e-02   1.669866685497207e-02

ans = 1.634231255794791e-19
ans = 1.197140450239820e-18
ans = 1.197140450239820e-18
ans = 1.197140450239820e-18
ans = 1.197140450239820e-18
nbcr = 7
lambda0 = 3.501084296647659
kmpl_prod = 0.180000000000000
 Time :      1.00000
 Time :      2.00000
 Time :      3.01000
 Time :      4.01000
 Time :      5.01000
 Time :      6.01000
 Time :      7.01000
 Time :      8.01000
 Time :      9.01000
 Time :     10.01000
 Time :     11.01000
 Time :     12.01000
 Time :     13.01000
 Time :     14.01000
 Time :     15.01000
 Time :     16.01000
 Time :     17.01000
 Time :     18.00000
 Time :     19.00000
 Time :     20.00000
 Time :     21.00000
 Time :     22.00000
 Time :     23.00000
 Time :     24.00000
 Time :     25.00000
 Time :     26.00000
 Time :     27.00000
 Time :     28.00000
 Time :     29.00000
 Time :     30.00000
 Time :     31.00000
 Time :     32.00000
 Time :     33.00000
 Time :     34.00000
 Time :     35.00000
dtime = 32.49992430210114
mbcr = 1.428442382634124e-02
agsout =

 Columns 1 through 3:

   4.891054441810150e-01   1.660365674655695e-02   1.660365674655695e-02

 Columns 4 through 6:

   1.660365674655695e-02   1.660365674655695e-02   1.660365674655695e-02

 Column 7:

   1.660365674655695e-02

ans = 2.257071422144927e-19
ans = -5.004686724226521e-19
ans = -5.004686724226521e-19
ans = -5.004686724226521e-19
ans = -5.004686724226521e-19
ans = -5.004686724226521e-19
ans = -5.004686724226521e-19
nbcr = 7
lambda0 = 3.501084296647659
kmpl_prod = 0.180000000000000
 Time :      1.00000
 Time :      2.00000
 Time :      3.01000
 Time :      4.01000
 Time :      5.01000
 Time :      6.01000
 Time :      7.01000
 Time :      8.01000
 Time :      9.01000
 Time :     10.01000
 Time :     11.01000
 Time :     12.01000
 Time :     13.01000
 Time :     14.01000
 Time :     15.01000
 Time :     16.01000
 Time :     17.01000
 Time :     18.00000
 Time :     19.00000
 Time :     20.00000
 Time :     21.00000
 Time :     22.00000
 Time :     23.00000
 Time :     24.00000
 Time :     25.00000
 Time :     26.00000
 Time :     27.00000
 Time :     28.00000
 Time :     29.00000
 Time :     30.00000
 Time :     31.00000
 Time :     32.00000
 Time :     33.00000
 Time :     34.00000
 Time :     35.00000
dtime = 32.80391581356525
mbcr =

   1.428442382634124e-02   1.246687436397321e-02

agsout =

 Columns 1 through 3:

   4.891054441810150e-01   1.660365674655695e-02   1.660365674655695e-02
   5.197853174061745e-01   1.669884204911541e-02   1.669884204911541e-02

 Columns 4 through 6:

   1.660365674655695e-02   1.660365674655695e-02   1.660365674655695e-02
   1.669884204911541e-02   1.669884204911541e-02   1.669884204911541e-02

 Column 7:

   1.660365674655695e-02
   1.669884204911541e-02

ans = -7.574740187265499e-19
ans = -9.489982605927932e-19
ans = -9.489982605927932e-19
ans = -9.489982605927932e-19
ans = -9.489982605927932e-19
ans = -9.489982605927932e-19
ans = -9.489982605927932e-19
nbcr = 7
lambda0 = 3.501084296647659
kmpl_prod = 0.180000000000000
 Time :      1.00000
 Time :      2.00000
 Time :      3.01000
 Time :      4.01000
 Time :      5.01000
 Time :      6.01000
 Time :      7.01000
 Time :      8.01000
 Time :      9.01000
 Time :     10.01000
 Time :     11.01000
 Time :     12.01000
 Time :     13.01000
 Time :     14.01000
 Time :     15.01000
 Time :     16.01000
 Time :     17.01000
 Time :     18.00000
 Time :     19.00000
 Time :     20.00000
 Time :     21.00000
 Time :     22.00000
 Time :     23.00000
 Time :     24.00000
 Time :     25.00000
 Time :     26.00000
 Time :     27.00000
 Time :     28.00000
 Time :     29.00000
 Time :     30.00000
 Time :     31.00000
 Time :     32.00000
 Time :     33.00000
 Time :     34.00000
 Time :     35.00000
dtime = 32.18936473131180
mbcr =

   1.428442382634124e-02   1.246687436397321e-02   1.246734196351097e-02

agsout =

 Columns 1 through 3:

   4.891054441810150e-01   1.660365674655695e-02   1.660365674655695e-02
   5.197853174061745e-01   1.669884204911541e-02   1.669884204911541e-02
   5.197848132579534e-01   1.669866728106142e-02   1.669866728106142e-02

 Columns 4 through 6:

   1.660365674655695e-02   1.660365674655695e-02   1.660365674655695e-02
   1.669884204911541e-02   1.669884204911541e-02   1.669884204911541e-02
   1.669866728106142e-02   1.669866728106142e-02   1.669866728106142e-02

 Column 7:

   1.660365674655695e-02
   1.669884204911541e-02
   1.669866728106142e-02

ans = -7.427444531407029e-19
ans = -2.933825585039296e-19
ans = -2.933825585039296e-19
ans = -2.933825585039296e-19
ans = -2.933825585039296e-19
ans = -2.933825585039296e-19
ans = -2.933825585039296e-19
nbcr = 7
lambda0 = 3.501084296647659
kmpl_prod = 0.180000000000000
 Time :      1.00000
 Time :      2.00000
 Time :      3.01000
 Time :      4.01000
 Time :      5.01000
 Time :      6.01000
 Time :      7.01000
 Time :      8.01000
 Time :      9.01000
 Time :     10.01000
 Time :     11.01000
 Time :     12.01000
 Time :     13.01000
 Time :     14.01000
 Time :     15.01000
 Time :     16.01000
 Time :     17.01000
 Time :     18.00000
 Time :     19.00000
 Time :     20.00000
 Time :     21.00000
 Time :     22.00000
 Time :     23.00000
 Time :     24.00000
 Time :     25.00000
 Time :     26.00000
 Time :     27.00000
 Time :     28.00000
 Time :     29.00000
 Time :     30.00000
 Time :     31.00000
 Time :     32.00000
 Time :     33.00000
 Time :     34.00000
 Time :     35.00000
dtime = 32.25773088634014
mbcr =

 Columns 1 through 3:

   1.428442382634124e-02   1.246687436397321e-02   1.246734196351097e-02

 Column 4:

   1.246734227823171e-02

agsout =

 Columns 1 through 3:

   4.891054441810150e-01   1.660365674655695e-02   1.660365674655695e-02
   5.197853174061745e-01   1.669884204911541e-02   1.669884204911541e-02
   5.197848132579534e-01   1.669866728106142e-02   1.669866728106142e-02
   5.197848067038792e-01   1.669866753973219e-02   1.669866753973219e-02

 Columns 4 through 6:

   1.660365674655695e-02   1.660365674655695e-02   1.660365674655695e-02
   1.669884204911541e-02   1.669884204911541e-02   1.669884204911541e-02
   1.669866728106142e-02   1.669866728106142e-02   1.669866728106142e-02
   1.669866753973219e-02   1.669866753973219e-02   1.669866753973219e-02

 Column 7:

   1.660365674655695e-02
   1.669884204911541e-02
   1.669866728106142e-02
   1.669866753973219e-02

ans = -3.137819330282222e-19
ans = -2.900488138401878e-20
ans = -2.900488138401878e-20
ans = -2.900488138401878e-20
ans = -2.900488138401878e-20
ans = -2.900488138401878e-20
ans = -2.900488138401878e-20
nbcr = 7
lambda0 = 3.501084296647659
kmpl_prod = 0.180000000000000
 Time :      1.00000
 Time :      2.00000
 Time :      3.01000
 Time :      4.01000
 Time :      5.01000
 Time :      6.01000
 Time :      7.01000
 Time :      8.01000
 Time :      9.01000
 Time :     10.01000
 Time :     11.01000
 Time :     12.01000
 Time :     13.01000
 Time :     14.01000
 Time :     15.01000
 Time :     16.01000
 Time :     17.01000
 Time :     18.00000
 Time :     19.00000
 Time :     20.00000
 Time :     21.00000
 Time :     22.00000
 Time :     23.00000
 Time :     24.00000
 Time :     25.00000
 Time :     26.00000
 Time :     27.00000
 Time :     28.00000
 Time :     29.00000
 Time :     30.00000
 Time :     31.00000
 Time :     32.00000
 Time :     33.00000
 Time :     34.00000
 Time :     35.00000
dtime = 32.04933330416679
mbcr =

 Columns 1 through 3:

   1.428442382634124e-02   1.246687436397321e-02   1.246734196351097e-02

 Columns 4 and 5:

   1.246734227823171e-02   1.246734228822245e-02

agsout =

 Columns 1 through 3:

   4.891054441810150e-01   1.660365674655695e-02   1.660365674655695e-02
   5.197853174061745e-01   1.669884204911541e-02   1.669884204911541e-02
   5.197848132579534e-01   1.669866728106142e-02   1.669866728106142e-02
   5.197848067038792e-01   1.669866753973219e-02   1.669866753973219e-02
   5.197848066291432e-01   1.669866753934163e-02   1.669866753934163e-02

 Columns 4 through 6:

   1.660365674655695e-02   1.660365674655695e-02   1.660365674655695e-02
   1.669884204911541e-02   1.669884204911541e-02   1.669884204911541e-02
   1.669866728106142e-02   1.669866728106142e-02   1.669866728106142e-02
   1.669866753973219e-02   1.669866753973219e-02   1.669866753973219e-02
   1.669866753934163e-02   1.669866753934163e-02   1.669866753934163e-02

 Column 7:

   1.660365674655695e-02
   1.669884204911541e-02
   1.669866728106142e-02
   1.669866753973219e-02
   1.669866753934163e-02

ans = -3.234658669180416e-19
ans = -8.270604645690543e-19
ans = -8.270604645690543e-19
ans = -8.270604645690543e-19
ans = -8.270604645690543e-19
ans = -8.270604645690543e-19
ans = -8.270604645690543e-19
nbcr = 7
lambda0 = 3.501084296647659
kmpl_prod = 0.180000000000000
 Time :      1.00000
 Time :      2.00000
 Time :      3.01000
 Time :      4.01000
 Time :      5.01000
 Time :      6.01000
 Time :      7.01000
 Time :      8.01000
 Time :      9.01000
 Time :     10.01000
 Time :     11.01000
 Time :     12.01000
 Time :     13.01000
 Time :     14.01000
 Time :     15.01000
 Time :     16.01000
 Time :     17.01000
 Time :     18.00000
 Time :     19.00000
 Time :     20.00000
 Time :     21.00000
 Time :     22.00000
 Time :     23.00000
 Time :     24.00000
 Time :     25.00000
 Time :     26.00000
 Time :     27.00000
 Time :     28.00000
 Time :     29.00000
 Time :     30.00000
 Time :     31.00000
 Time :     32.00000
 Time :     33.00000
 Time :     34.00000
 Time :     35.00000
dtime = 32.10463374853134
mbcr =

 Columns 1 through 3:

   1.428442382634124e-02   1.246687436397321e-02   1.246734196351097e-02

 Columns 4 through 6:

   1.246734227823171e-02   1.246734228822245e-02   1.246734228832881e-02

agsout =

 Columns 1 through 3:

   4.891054441810150e-01   1.660365674655695e-02   1.660365674655695e-02
   5.197853174061745e-01   1.669884204911541e-02   1.669884204911541e-02
   5.197848132579534e-01   1.669866728106142e-02   1.669866728106142e-02
   5.197848067038792e-01   1.669866753973219e-02   1.669866753973219e-02
   5.197848066291432e-01   1.669866753934163e-02   1.669866753934163e-02
   5.197848066282763e-01   1.669866753934222e-02   1.669866753934222e-02

 Columns 4 through 6:

   1.660365674655695e-02   1.660365674655695e-02   1.660365674655695e-02
   1.669884204911541e-02   1.669884204911541e-02   1.669884204911541e-02
   1.669866728106142e-02   1.669866728106142e-02   1.669866728106142e-02
   1.669866753973219e-02   1.669866753973219e-02   1.669866753973219e-02
   1.669866753934163e-02   1.669866753934163e-02   1.669866753934163e-02
   1.669866753934222e-02   1.669866753934222e-02   1.669866753934222e-02

 Column 7:

   1.660365674655695e-02
   1.669884204911541e-02
   1.669866728106142e-02
   1.669866753973219e-02
   1.669866753934163e-02
   1.669866753934222e-02

ans = -7.956312432293359e-19
ans = -8.350206303988053e-19
ans = -8.350206303988053e-19
ans = -8.350206303988053e-19
ans = -8.350206303988053e-19
ans = -8.350206303988053e-19
ans = -8.350206303988053e-19
nbcr = 10
lambda0 = 3.501084296647659
kmpl_prod = 0.180000000000000
 Time :      1.00000
 Time :      2.00000
 Time :      3.01000
 Time :      4.01000
 Time :      5.01000
 Time :      6.01000
 Time :      7.01000
 Time :      8.01000
 Time :      9.01000
 Time :     10.01000
 Time :     11.01000
 Time :     12.01000
 Time :     13.01000
 Time :     14.01000
 Time :     15.01000
 Time :     16.01000
 Time :     17.01000
 Time :     18.00000
 Time :     19.00000
 Time :     20.00000
 Time :     21.00000
 Time :     22.00000
 Time :     23.00000
 Time :     24.00000
 Time :     25.00000
 Time :     26.00000
 Time :     27.00000
 Time :     28.00000
 Time :     29.00000
 Time :     30.00000
 Time :     31.00000
 Time :     32.00000
 Time :     33.00000
 Time :     34.00000
 Time :     35.00000
dtime = 47.11586795747280
mbcr = 9.568509412793713e-03
agsout =

 Columns 1 through 3:

   4.891054441791220e-01   1.660365710035890e-02   1.660365710035890e-02

 Columns 4 through 6:

   1.660365710035890e-02   1.660365710035890e-02   1.660365710035890e-02

 Columns 7 through 9:

   1.660365710035890e-02   1.660365710035890e-02   1.660365710035890e-02

 Column 10:

   1.660365710035890e-02

ans = -2.486162255303303e-19
ans = 2.166816158194907e-19
ans = 2.166816158194907e-19
ans = 2.166816158194907e-19
ans = 2.166816158194907e-19
ans = 2.166816158194907e-19
ans = 2.166816158194907e-19
ans = 2.166816158194907e-19
ans = 2.166816158194907e-19
ans = 2.166816158194907e-19
nbcr = 10
lambda0 = 3.501084296647659
kmpl_prod = 0.180000000000000
 Time :      1.00000
 Time :      2.00000
 Time :      3.01000
 Time :      4.01000
 Time :      5.01000
 Time :      6.01000
 Time :      7.01000
 Time :      8.01000
 Time :      9.01000
 Time :     10.01000
 Time :     11.01000
 Time :     12.01000
 Time :     13.01000
 Time :     14.01000
 Time :     15.01000
 Time :     16.01000
 Time :     17.01000
 Time :     18.00000
 Time :     19.00000
 Time :     20.00000
 Time :     21.00000
 Time :     22.00000
 Time :     23.00000
 Time :     24.00000
 Time :     25.00000
 Time :     26.00000
 Time :     27.00000
 Time :     28.00000
 Time :     29.00000
 Time :     30.00000
 Time :     31.00000
 Time :     32.00000
 Time :     33.00000
 Time :     34.00000
 Time :     35.00000
dtime = 46.93777598440647
mbcr =

   9.568509412793713e-03   8.345932119620741e-03

agsout =

 Columns 1 through 3:

   4.891054441791220e-01   1.660365710035890e-02   1.660365710035890e-02
   5.197853174049456e-01   1.669884240952875e-02   1.669884240952875e-02

 Columns 4 through 6:

   1.660365710035890e-02   1.660365710035890e-02   1.660365710035890e-02
   1.669884240952875e-02   1.669884240952875e-02   1.669884240952875e-02

 Columns 7 through 9:

   1.660365710035890e-02   1.660365710035890e-02   1.660365710035890e-02
   1.669884240952875e-02   1.669884240952875e-02   1.669884240952875e-02

 Column 10:

   1.660365710035890e-02
   1.669884240952875e-02

ans = 3.921048993456952e-19
ans = -1.202803742303664e-18
ans = -1.202803742303664e-18
ans = -1.202803742303664e-18
ans = -1.202803742303664e-18
ans = -1.202803742303664e-18
ans = -1.202803742303664e-18
ans = -1.202803742303664e-18
ans = -1.202803742303664e-18
ans = -1.202803742303664e-18
nbcr = 10
lambda0 = 3.501084296647659
kmpl_prod = 0.180000000000000
 Time :      1.00000
 Time :      2.00000
 Time :      3.01000
 Time :      4.01000
 Time :      5.01000
 Time :      6.01000
 Time :      7.01000
 Time :      8.01000
 Time :      9.01000
 Time :     10.01000
 Time :     11.01000
 Time :     12.01000
 Time :     13.01000
 Time :     14.01000
 Time :     15.01000
 Time :     16.01000
 Time :     17.01000
 Time :     18.00000
 Time :     19.00000
 Time :     20.00000
 Time :     21.00000
 Time :     22.00000
 Time :     23.00000
 Time :     24.00000
 Time :     25.00000
 Time :     26.00000
 Time :     27.00000
 Time :     28.00000
 Time :     29.00000
 Time :     30.00000
 Time :     31.00000
 Time :     32.00000
 Time :     33.00000
 Time :     34.00000
 Time :     35.00000
dtime = 46.81868590414524
mbcr =

   9.568509412793713e-03   8.345932119620741e-03   8.346246459835487e-03

agsout =

 Columns 1 through 3:

   4.891054441791220e-01   1.660365710035890e-02   1.660365710035890e-02
   5.197853174049456e-01   1.669884240952875e-02   1.669884240952875e-02
   5.197848132567237e-01   1.669866764147476e-02   1.669866764147476e-02

 Columns 4 through 6:

   1.660365710035890e-02   1.660365710035890e-02   1.660365710035890e-02
   1.669884240952875e-02   1.669884240952875e-02   1.669884240952875e-02
   1.669866764147476e-02   1.669866764147476e-02   1.669866764147476e-02

 Columns 7 through 9:

   1.660365710035890e-02   1.660365710035890e-02   1.660365710035890e-02
   1.669884240952875e-02   1.669884240952875e-02   1.669884240952875e-02
   1.669866764147476e-02   1.669866764147476e-02   1.669866764147476e-02

 Column 10:

   1.660365710035890e-02
   1.669884240952875e-02
   1.669866764147476e-02

ans = -2.233086670010131e-20
ans = -5.604762831651583e-19
ans = -5.604762831651583e-19
ans = -5.604762831651583e-19
ans = -5.604762831651583e-19
ans = -5.604762831651583e-19
ans = -5.604762831651583e-19
ans = -5.604762831651583e-19
ans = -5.604762831651583e-19
ans = -5.604762831651583e-19
nbcr = 10
lambda0 = 3.501084296647659
kmpl_prod = 0.180000000000000
 Time :      1.00000
 Time :      2.00000
 Time :      3.01000
 Time :      4.01000
 Time :      5.01000
 Time :      6.01000
 Time :      7.01000
 Time :      8.01000
 Time :      9.01000
 Time :     10.01000
 Time :     11.01000
 Time :     12.01000
 Time :     13.01000
 Time :     14.01000
 Time :     15.01000
 Time :     16.01000
 Time :     17.01000
 Time :     18.00000
 Time :     19.00000
 Time :     20.00000
 Time :     21.00000
 Time :     22.00000
 Time :     23.00000
 Time :     24.00000
 Time :     25.00000
 Time :     26.00000
 Time :     27.00000
 Time :     28.00000
 Time :     29.00000
 Time :     30.00000
 Time :     31.00000
 Time :     32.00000
 Time :     33.00000
 Time :     34.00000
 Time :     35.00000
dtime = 46.31215073168278
mbcr =

 Columns 1 through 3:

   9.568509412793713e-03   8.345932119620741e-03   8.346246459835487e-03

 Column 4:

   8.346246671404123e-03

agsout =

 Columns 1 through 3:

   4.891054441791220e-01   1.660365710035890e-02   1.660365710035890e-02
   5.197853174049456e-01   1.669884240952875e-02   1.669884240952875e-02
   5.197848132567237e-01   1.669866764147476e-02   1.669866764147476e-02
   5.197848067026493e-01   1.669866790014552e-02   1.669866790014552e-02

 Columns 4 through 6:

   1.660365710035890e-02   1.660365710035890e-02   1.660365710035890e-02
   1.669884240952875e-02   1.669884240952875e-02   1.669884240952875e-02
   1.669866764147476e-02   1.669866764147476e-02   1.669866764147476e-02
   1.669866790014552e-02   1.669866790014552e-02   1.669866790014552e-02

 Columns 7 through 9:

   1.660365710035890e-02   1.660365710035890e-02   1.660365710035890e-02
   1.669884240952875e-02   1.669884240952875e-02   1.669884240952875e-02
   1.669866764147476e-02   1.669866764147476e-02   1.669866764147476e-02
   1.669866790014552e-02   1.669866790014552e-02   1.669866790014552e-02

 Column 10:

   1.660365710035890e-02
   1.669884240952875e-02
   1.669866764147476e-02
   1.669866790014552e-02

ans = -2.742071661208679e-20
ans = -2.958233616964205e-19
ans = -2.958233616964205e-19
ans = -2.958233616964205e-19
ans = -2.958233616964205e-19
ans = -2.958233616964205e-19
ans = -2.958233616964205e-19
ans = -2.958233616964205e-19
ans = -2.958233616964205e-19
ans = -2.958233616964205e-19
nbcr = 10
lambda0 = 3.501084296647659
kmpl_prod = 0.180000000000000
 Time :      1.00000
 Time :      2.00000
 Time :      3.01000
 Time :      4.01000
 Time :      5.01000
 Time :      6.01000
 Time :      7.01000
 Time :      8.01000
 Time :      9.01000
 Time :     10.01000
 Time :     11.01000
 Time :     12.01000
 Time :     13.01000
 Time :     14.01000
 Time :     15.01000
 Time :     16.01000
 Time :     17.01000
 Time :     18.00000
 Time :     19.00000
 Time :     20.00000
 Time :     21.00000
 Time :     22.00000
 Time :     23.00000
 Time :     24.00000
 Time :     25.00000
 Time :     26.00000
 Time :     27.00000
 Time :     28.00000
 Time :     29.00000
 Time :     30.00000
 Time :     31.00000
 Time :     32.00000
 Time :     33.00000
 Time :     34.00000
 Time :     35.00000
dtime = 46.53263837099075
mbcr =

 Columns 1 through 3:

   9.568509412793713e-03   8.345932119620741e-03   8.346246459835487e-03

 Columns 4 and 5:

   8.346246671404123e-03   8.346246678120353e-03

agsout =

 Columns 1 through 3:

   4.891054441791220e-01   1.660365710035890e-02   1.660365710035890e-02
   5.197853174049456e-01   1.669884240952875e-02   1.669884240952875e-02
   5.197848132567237e-01   1.669866764147476e-02   1.669866764147476e-02
   5.197848067026493e-01   1.669866790014552e-02   1.669866790014552e-02
   5.197848066279135e-01   1.669866789975497e-02   1.669866789975497e-02

 Columns 4 through 6:

   1.660365710035890e-02   1.660365710035890e-02   1.660365710035890e-02
   1.669884240952875e-02   1.669884240952875e-02   1.669884240952875e-02
   1.669866764147476e-02   1.669866764147476e-02   1.669866764147476e-02
   1.669866790014552e-02   1.669866790014552e-02   1.669866790014552e-02
   1.669866789975497e-02   1.669866789975497e-02   1.669866789975497e-02

 Columns 7 through 9:

   1.660365710035890e-02   1.660365710035890e-02   1.660365710035890e-02
   1.669884240952875e-02   1.669884240952875e-02   1.669884240952875e-02
   1.669866764147476e-02   1.669866764147476e-02   1.669866764147476e-02
   1.669866790014552e-02   1.669866790014552e-02   1.669866790014552e-02
   1.669866789975497e-02   1.669866789975497e-02   1.669866789975497e-02

 Column 10:

   1.660365710035890e-02
   1.669884240952875e-02
   1.669866764147476e-02
   1.669866790014552e-02
   1.669866789975497e-02

ans = -3.677558084822958e-20
ans = -6.601751216252559e-19
ans = -6.601751216252559e-19
ans = -6.601751216252559e-19
ans = -6.601751216252559e-19
ans = -6.601751216252559e-19
ans = -6.601751216252559e-19
ans = -6.601751216252559e-19
ans = -6.601751216252559e-19
ans = -6.601751216252559e-19
nbcr = 10
lambda0 = 3.501084296647659
kmpl_prod = 0.180000000000000
 Time :      1.00000
 Time :      2.00000
 Time :      3.01000
 Time :      4.01000
 Time :      5.01000
 Time :      6.01000
 Time :      7.01000
 Time :      8.01000
 Time :      9.01000
 Time :     10.01000
 Time :     11.01000
 Time :     12.01000
 Time :     13.01000
 Time :     14.01000
 Time :     15.01000
 Time :     16.01000
 Time :     17.01000
 Time :     18.00000
 Time :     19.00000
 Time :     20.00000
 Time :     21.00000
 Time :     22.00000
 Time :     23.00000
 Time :     24.00000
 Time :     25.00000
 Time :     26.00000
 Time :     27.00000
 Time :     28.00000
 Time :     29.00000
 Time :     30.00000
 Time :     31.00000
 Time :     32.00000
 Time :     33.00000
 Time :     34.00000
 Time :     35.00000
dtime = 46.23410850763321
mbcr =

 Columns 1 through 3:

   9.568509412793713e-03   8.345932119620741e-03   8.346246459835487e-03

 Columns 4 through 6:

   8.346246671404123e-03   8.346246678120353e-03   8.346246678191820e-03

agsout =

 Columns 1 through 3:

   4.891054441791220e-01   1.660365710035890e-02   1.660365710035890e-02
   5.197853174049456e-01   1.669884240952875e-02   1.669884240952875e-02
   5.197848132567237e-01   1.669866764147476e-02   1.669866764147476e-02
   5.197848067026493e-01   1.669866790014552e-02   1.669866790014552e-02
   5.197848066279135e-01   1.669866789975497e-02   1.669866789975497e-02
   5.197848066270464e-01   1.669866789975556e-02   1.669866789975556e-02

 Columns 4 through 6:

   1.660365710035890e-02   1.660365710035890e-02   1.660365710035890e-02
   1.669884240952875e-02   1.669884240952875e-02   1.669884240952875e-02
   1.669866764147476e-02   1.669866764147476e-02   1.669866764147476e-02
   1.669866790014552e-02   1.669866790014552e-02   1.669866790014552e-02
   1.669866789975497e-02   1.669866789975497e-02   1.669866789975497e-02
   1.669866789975556e-02   1.669866789975556e-02   1.669866789975556e-02

 Columns 7 through 9:

   1.660365710035890e-02   1.660365710035890e-02   1.660365710035890e-02
   1.669884240952875e-02   1.669884240952875e-02   1.669884240952875e-02
   1.669866764147476e-02   1.669866764147476e-02   1.669866764147476e-02
   1.669866790014552e-02   1.669866790014552e-02   1.669866790014552e-02
   1.669866789975497e-02   1.669866789975497e-02   1.669866789975497e-02
   1.669866789975556e-02   1.669866789975556e-02   1.669866789975556e-02

 Column 10:

   1.660365710035890e-02
   1.669884240952875e-02
   1.669866764147476e-02
   1.669866790014552e-02
   1.669866789975497e-02
   1.669866789975556e-02

ans = -7.461268887733827e-20
ans = -6.679859813544410e-19
ans = -6.679859813544410e-19
ans = -6.679859813544410e-19
ans = -6.679859813544410e-19
ans = -6.679859813544410e-19
ans = -6.679859813544410e-19
ans = -6.679859813544410e-19
ans = -6.679859813544410e-19
ans = -6.679859813544410e-19
nbcr = 15
lambda0 = 3.501084296647659
kmpl_prod = 0.180000000000000
 Time :      1.00000
 Time :      2.00000
 Time :      3.01000
 Time :      4.01000
 Time :      5.01000
 Time :      6.01000
 Time :      7.01000
 Time :      8.01000
 Time :      9.01000
 Time :     10.01000
 Time :     11.01000
 Time :     12.01000
 Time :     13.01000
 Time :     14.01000
 Time :     15.01000
 Time :     16.01000
 Time :     17.01000
 Time :     18.00000
 Time :     19.00000
 Time :     20.00000
 Time :     21.00000
 Time :     22.00000
 Time :     23.00000
 Time :     24.00000
 Time :     25.00000
 Time :     26.00000
 Time :     27.00000
 Time :     28.00000
 Time :     29.00000
 Time :     30.00000
 Time :     31.00000
 Time :     32.00000
 Time :     33.00000
 Time :     34.00000
 Time :     35.00000
dtime = 73.59788082540035
mbcr = 6.172277288004102e-03
agsout =

 Columns 1 through 3:

   4.891054441773187e-01   1.660365732387810e-02   1.660365732387810e-02

 Columns 4 through 6:

   1.660365732387810e-02   1.660365732387810e-02   1.660365732387810e-02

 Columns 7 through 9:

   1.660365732387810e-02   1.660365732387810e-02   1.660365732387810e-02

 Columns 10 through 12:

   1.660365732387810e-02   1.660365732387810e-02   1.660365732387810e-02

 Columns 13 through 15:

   1.660365732387810e-02   1.660365732387810e-02   1.660365732387810e-02

ans = 1.213447697246430e-19
ans = -5.355429915512787e-19
ans = -5.355429915512787e-19
ans = -5.355429915512787e-19
ans = -5.355429915512787e-19
ans = -5.355429915512787e-19
ans = -5.355429915512787e-19
ans = -5.355429915512787e-19
ans = -5.355429915512787e-19
ans = -5.355429915512787e-19
ans = -5.355429915512787e-19
ans = -5.355429915512787e-19
ans = -5.355429915512787e-19
ans = -5.355429915512787e-19
ans = -5.355429915512787e-19
nbcr = 15
lambda0 = 3.501084296647659
kmpl_prod = 0.180000000000000
 Time :      1.00000
 Time :      2.00000
 Time :      3.01000
 Time :      4.01000
 Time :      5.01000
 Time :      6.01000
 Time :      7.01000
 Time :      8.01000
 Time :      9.01000
 Time :     10.01000
 Time :     11.01000
 Time :     12.01000
 Time :     13.01000
 Time :     14.01000
 Time :     15.01000
 Time :     16.01000
 Time :     17.01000
 Time :     18.00000
 Time :     19.00000
 Time :     20.00000
 Time :     21.00000
 Time :     22.00000
 Time :     23.00000
 Time :     24.00000
 Time :     25.00000
 Time :     26.00000
 Time :     27.00000
 Time :     28.00000
 Time :     29.00000
 Time :     30.00000
 Time :     31.00000
 Time :     32.00000
 Time :     33.00000
 Time :     34.00000
 Time :     35.00000
dtime = 72.72369526326656
mbcr =

   6.172277288004102e-03   5.381282000373007e-03

agsout =

 Columns 1 through 3:

   4.891054441773187e-01   1.660365732387810e-02   1.660365732387810e-02
   5.197853174037691e-01   1.669884264034348e-02   1.669884264034348e-02

 Columns 4 through 6:

   1.660365732387810e-02   1.660365732387810e-02   1.660365732387810e-02
   1.669884264034348e-02   1.669884264034348e-02   1.669884264034348e-02

 Columns 7 through 9:

   1.660365732387810e-02   1.660365732387810e-02   1.660365732387810e-02
   1.669884264034348e-02   1.669884264034348e-02   1.669884264034348e-02

 Columns 10 through 12:

   1.660365732387810e-02   1.660365732387810e-02   1.660365732387810e-02
   1.669884264034348e-02   1.669884264034348e-02   1.669884264034348e-02

 Columns 13 through 15:

   1.660365732387810e-02   1.660365732387810e-02   1.660365732387810e-02
   1.669884264034348e-02   1.669884264034348e-02   1.669884264034348e-02

ans = -2.027631610048727e-19
ans = -1.521009370604850e-19
ans = -1.521009370604850e-19
ans = -1.521009370604850e-19
ans = -1.521009370604850e-19
ans = -1.521009370604850e-19
ans = -1.521009370604850e-19
ans = -1.521009370604850e-19
ans = -1.521009370604850e-19
ans = -1.521009370604850e-19
ans = -1.521009370604850e-19
ans = -1.521009370604850e-19
ans = -1.521009370604850e-19
ans = -1.521009370604850e-19
ans = -1.521009370604850e-19
nbcr = 15
lambda0 = 3.501084296647659
kmpl_prod = 0.180000000000000
 Time :      1.00000
 Time :      2.00000
 Time :      3.01000
 Time :      4.01000
 Time :      5.01000
 Time :      6.01000
 Time :      7.01000
 Time :      8.01000
 Time :      9.01000
 Time :     10.01000
 Time :     11.01000
 Time :     12.01000
 Time :     13.01000
 Time :     14.01000
 Time :     15.01000
 Time :     16.01000
 Time :     17.01000
 Time :     18.00000
 Time :     19.00000
 Time :     20.00000
 Time :     21.00000
 Time :     22.00000
 Time :     23.00000
 Time :     24.00000
 Time :     25.00000
 Time :     26.00000
 Time :     27.00000
 Time :     28.00000
 Time :     29.00000
 Time :     30.00000
 Time :     31.00000
 Time :     32.00000
 Time :     33.00000
 Time :     34.00000
 Time :     35.00000
dtime = 72.50190004706383
mbcr =

   6.172277288004102e-03   5.381282000373007e-03   5.381485286312680e-03

agsout =

 Columns 1 through 3:

   4.891054441773187e-01   1.660365732387810e-02   1.660365732387810e-02
   5.197853174037691e-01   1.669884264034348e-02   1.669884264034348e-02
   5.197848132555464e-01   1.669866787227356e-02   1.669866787227356e-02

 Columns 4 through 6:

   1.660365732387810e-02   1.660365732387810e-02   1.660365732387810e-02
   1.669884264034348e-02   1.669884264034348e-02   1.669884264034348e-02
   1.669866787227356e-02   1.669866787227356e-02   1.669866787227356e-02

 Columns 7 through 9:

   1.660365732387810e-02   1.660365732387810e-02   1.660365732387810e-02
   1.669884264034348e-02   1.669884264034348e-02   1.669884264034348e-02
   1.669866787227356e-02   1.669866787227356e-02   1.669866787227356e-02

 Columns 10 through 12:

   1.660365732387810e-02   1.660365732387810e-02   1.660365732387810e-02
   1.669884264034348e-02   1.669884264034348e-02   1.669884264034348e-02
   1.669866787227356e-02   1.669866787227356e-02   1.669866787227356e-02

 Columns 13 through 15:

   1.660365732387810e-02   1.660365732387810e-02   1.660365732387810e-02
   1.669884264034348e-02   1.669884264034348e-02   1.669884264034348e-02
   1.669866787227356e-02   1.669866787227356e-02   1.669866787227356e-02

ans = 2.538036076297953e-19
ans = -7.911668230436940e-19
ans = -7.911668230436940e-19
ans = -7.911668230436940e-19
ans = -7.911668230436940e-19
ans = -7.911668230436940e-19
ans = -7.911668230436940e-19
ans = -7.911668230436940e-19
ans = -7.911668230436940e-19
ans = -7.911668230436940e-19
ans = -7.911668230436940e-19
ans = -7.911668230436940e-19
ans = -7.911668230436940e-19
ans = -7.911668230436940e-19
ans = -7.911668230436940e-19
nbcr = 15
lambda0 = 3.501084296647659
kmpl_prod = 0.180000000000000
 Time :      1.00000
 Time :      2.00000
 Time :      3.01000
 Time :      4.01000
 Time :      5.01000
 Time :      6.01000
 Time :      7.01000
 Time :      8.01000
 Time :      9.01000
 Time :     10.01000
 Time :     11.01000
 Time :     12.01000
 Time :     13.01000
 Time :     14.01000
 Time :     15.01000
 Time :     16.01000
 Time :     17.01000
 Time :     18.00000
 Time :     19.00000
 Time :     20.00000
 Time :     21.00000
 Time :     22.00000
 Time :     23.00000
 Time :     24.00000
 Time :     25.00000
 Time :     26.00000
 Time :     27.00000
 Time :     28.00000
 Time :     29.00000
 Time :     30.00000
 Time :     31.00000
 Time :     32.00000
 Time :     33.00000
 Time :     34.00000
 Time :     35.00000
dtime = 71.93391881883144
mbcr =

 Columns 1 through 3:

   6.172277288004102e-03   5.381282000373007e-03   5.381485286312680e-03

 Column 4:

   5.381485423135539e-03

agsout =

 Columns 1 through 3:

   4.891054441773187e-01   1.660365732387810e-02   1.660365732387810e-02
   5.197853174037691e-01   1.669884264034348e-02   1.669884264034348e-02
   5.197848132555464e-01   1.669866787227356e-02   1.669866787227356e-02
   5.197848067014721e-01   1.669866813094434e-02   1.669866813094434e-02

 Columns 4 through 6:

   1.660365732387810e-02   1.660365732387810e-02   1.660365732387810e-02
   1.669884264034348e-02   1.669884264034348e-02   1.669884264034348e-02
   1.669866787227356e-02   1.669866787227356e-02   1.669866787227356e-02
   1.669866813094434e-02   1.669866813094434e-02   1.669866813094434e-02

 Columns 7 through 9:

   1.660365732387810e-02   1.660365732387810e-02   1.660365732387810e-02
   1.669884264034348e-02   1.669884264034348e-02   1.669884264034348e-02
   1.669866787227356e-02   1.669866787227356e-02   1.669866787227356e-02
   1.669866813094434e-02   1.669866813094434e-02   1.669866813094434e-02

 Columns 10 through 12:

   1.660365732387810e-02   1.660365732387810e-02   1.660365732387810e-02
   1.669884264034348e-02   1.669884264034348e-02   1.669884264034348e-02
   1.669866787227356e-02   1.669866787227356e-02   1.669866787227356e-02
   1.669866813094434e-02   1.669866813094434e-02   1.669866813094434e-02

 Columns 13 through 15:

   1.660365732387810e-02   1.660365732387810e-02   1.660365732387810e-02
   1.669884264034348e-02   1.669884264034348e-02   1.669884264034348e-02
   1.669866787227356e-02   1.669866787227356e-02   1.669866787227356e-02
   1.669866813094434e-02   1.669866813094434e-02   1.669866813094434e-02

ans = 2.492858811466706e-19
ans = -5.267914206704676e-19
ans = -5.267914206704676e-19
ans = -5.267914206704676e-19
ans = -5.267914206704676e-19
ans = -5.267914206704676e-19
ans = -5.267914206704676e-19
ans = -5.267914206704676e-19
ans = -5.267914206704676e-19
ans = -5.267914206704676e-19
ans = -5.267914206704676e-19
ans = -5.267914206704676e-19
ans = -5.267914206704676e-19
ans = -5.267914206704676e-19
ans = -5.267914206704676e-19
nbcr = 15
lambda0 = 3.501084296647659
kmpl_prod = 0.180000000000000
 Time :      1.00000
 Time :      2.00000
 Time :      3.01000
 Time :      4.01000
 Time :      5.01000
 Time :      6.01000
 Time :      7.01000
 Time :      8.01000
 Time :      9.01000
 Time :     10.01000
 Time :     11.01000
 Time :     12.01000
 Time :     13.01000
 Time :     14.01000
 Time :     15.01000
 Time :     16.01000
 Time :     17.01000
 Time :     18.00000
 Time :     19.00000
 Time :     20.00000
 Time :     21.00000
 Time :     22.00000
 Time :     23.00000
 Time :     24.00000
 Time :     25.00000
 Time :     26.00000
 Time :     27.00000
 Time :     28.00000
 Time :     29.00000
 Time :     30.00000
 Time :     31.00000
 Time :     32.00000
 Time :     33.00000
 Time :     34.00000
 Time :     35.00000
dtime = 71.60370536148548
mbcr =

 Columns 1 through 3:

   6.172277288004102e-03   5.381282000373007e-03   5.381485286312680e-03

 Columns 4 and 5:

   5.381485423135539e-03   5.381485427478940e-03

agsout =

 Columns 1 through 3:

   4.891054441773187e-01   1.660365732387810e-02   1.660365732387810e-02
   5.197853174037691e-01   1.669884264034348e-02   1.669884264034348e-02
   5.197848132555464e-01   1.669866787227356e-02   1.669866787227356e-02
   5.197848067014721e-01   1.669866813094434e-02   1.669866813094434e-02
   5.197848066267361e-01   1.669866813055380e-02   1.669866813055380e-02

 Columns 4 through 6:

   1.660365732387810e-02   1.660365732387810e-02   1.660365732387810e-02
   1.669884264034348e-02   1.669884264034348e-02   1.669884264034348e-02
   1.669866787227356e-02   1.669866787227356e-02   1.669866787227356e-02
   1.669866813094434e-02   1.669866813094434e-02   1.669866813094434e-02
   1.669866813055380e-02   1.669866813055380e-02   1.669866813055380e-02

 Columns 7 through 9:

   1.660365732387810e-02   1.660365732387810e-02   1.660365732387810e-02
   1.669884264034348e-02   1.669884264034348e-02   1.669884264034348e-02
   1.669866787227356e-02   1.669866787227356e-02   1.669866787227356e-02
   1.669866813094434e-02   1.669866813094434e-02   1.669866813094434e-02
   1.669866813055380e-02   1.669866813055380e-02   1.669866813055380e-02

 Columns 10 through 12:

   1.660365732387810e-02   1.660365732387810e-02   1.660365732387810e-02
   1.669884264034348e-02   1.669884264034348e-02   1.669884264034348e-02
   1.669866787227356e-02   1.669866787227356e-02   1.669866787227356e-02
   1.669866813094434e-02   1.669866813094434e-02   1.669866813094434e-02
   1.669866813055380e-02   1.669866813055380e-02   1.669866813055380e-02

 Columns 13 through 15:

   1.660365732387810e-02   1.660365732387810e-02   1.660365732387810e-02
   1.669884264034348e-02   1.669884264034348e-02   1.669884264034348e-02
   1.669866787227356e-02   1.669866787227356e-02   1.669866787227356e-02
   1.669866813094434e-02   1.669866813094434e-02   1.669866813094434e-02
   1.669866813055380e-02   1.669866813055380e-02   1.669866813055380e-02

ans = 2.397431948087932e-19
ans = -4.574482495346879e-19
ans = -4.574482495346879e-19
ans = -4.574482495346879e-19
ans = -4.574482495346879e-19
ans = -4.574482495346879e-19
ans = -4.574482495346879e-19
ans = -4.574482495346879e-19
ans = -4.574482495346879e-19
ans = -4.574482495346879e-19
ans = -4.574482495346879e-19
ans = -4.574482495346879e-19
ans = -4.574482495346879e-19
ans = -4.574482495346879e-19
ans = -4.574482495346879e-19
nbcr = 15
lambda0 = 3.501084296647659
kmpl_prod = 0.180000000000000
 Time :      1.00000
 Time :      2.00000
 Time :      3.01000
 Time :      4.01000
 Time :      5.01000
 Time :      6.01000
 Time :      7.01000
 Time :      8.01000
 Time :      9.01000
 Time :     10.01000
 Time :     11.01000
 Time :     12.01000
 Time :     13.01000
 Time :     14.01000
 Time :     15.01000
 Time :     16.01000
 Time :     17.01000
 Time :     18.00000
 Time :     19.00000
 Time :     20.00000
 Time :     21.00000
 Time :     22.00000
 Time :     23.00000
 Time :     24.00000
 Time :     25.00000
 Time :     26.00000
 Time :     27.00000
 Time :     28.00000
 Time :     29.00000
 Time :     30.00000
 Time :     31.00000
 Time :     32.00000
 Time :     33.00000
 Time :     34.00000
 Time :     35.00000
dtime = 69.74474340677261
mbcr =

 Columns 1 through 3:

   6.172277288004102e-03   5.381282000373007e-03   5.381485286312680e-03

 Columns 4 through 6:

   5.381485423135539e-03   5.381485427478940e-03   5.381485427525178e-03

agsout =

 Columns 1 through 3:

   4.891054441773187e-01   1.660365732387810e-02   1.660365732387810e-02
   5.197853174037691e-01   1.669884264034348e-02   1.669884264034348e-02
   5.197848132555464e-01   1.669866787227356e-02   1.669866787227356e-02
   5.197848067014721e-01   1.669866813094434e-02   1.669866813094434e-02
   5.197848066267361e-01   1.669866813055380e-02   1.669866813055380e-02
   5.197848066258689e-01   1.669866813055438e-02   1.669866813055438e-02

 Columns 4 through 6:

   1.660365732387810e-02   1.660365732387810e-02   1.660365732387810e-02
   1.669884264034348e-02   1.669884264034348e-02   1.669884264034348e-02
   1.669866787227356e-02   1.669866787227356e-02   1.669866787227356e-02
   1.669866813094434e-02   1.669866813094434e-02   1.669866813094434e-02
   1.669866813055380e-02   1.669866813055380e-02   1.669866813055380e-02
   1.669866813055438e-02   1.669866813055438e-02   1.669866813055438e-02

 Columns 7 through 9:

   1.660365732387810e-02   1.660365732387810e-02   1.660365732387810e-02
   1.669884264034348e-02   1.669884264034348e-02   1.669884264034348e-02
   1.669866787227356e-02   1.669866787227356e-02   1.669866787227356e-02
   1.669866813094434e-02   1.669866813094434e-02   1.669866813094434e-02
   1.669866813055380e-02   1.669866813055380e-02   1.669866813055380e-02
   1.669866813055438e-02   1.669866813055438e-02   1.669866813055438e-02

 Columns 10 through 12:

   1.660365732387810e-02   1.660365732387810e-02   1.660365732387810e-02
   1.669884264034348e-02   1.669884264034348e-02   1.669884264034348e-02
   1.669866787227356e-02   1.669866787227356e-02   1.669866787227356e-02
   1.669866813094434e-02   1.669866813094434e-02   1.669866813094434e-02
   1.669866813055380e-02   1.669866813055380e-02   1.669866813055380e-02
   1.669866813055438e-02   1.669866813055438e-02   1.669866813055438e-02

 Columns 13 through 15:

   1.660365732387810e-02   1.660365732387810e-02   1.660365732387810e-02
   1.669884264034348e-02   1.669884264034348e-02   1.669884264034348e-02
   1.669866787227356e-02   1.669866787227356e-02   1.669866787227356e-02
   1.669866813094434e-02   1.669866813094434e-02   1.669866813094434e-02
   1.669866813055380e-02   1.669866813055380e-02   1.669866813055380e-02
   1.669866813055438e-02   1.669866813055438e-02   1.669866813055438e-02

ans = 2.013636315890537e-19
ans = -8.991190628606925e-19
ans = -8.991190628606925e-19
ans = -8.991190628606925e-19
ans = -8.991190628606925e-19
ans = -8.991190628606925e-19
ans = -8.991190628606925e-19
ans = -8.991190628606925e-19
ans = -8.991190628606925e-19
ans = -8.991190628606925e-19
ans = -8.991190628606925e-19
ans = -8.991190628606925e-19
ans = -8.991190628606925e-19
ans = -8.991190628606925e-19
ans = -8.991190628606925e-19
