warning: function /home/surgeon/flu/amcode/perelson21/1d2agt/4paper/2submit/run.m shadows a core library function
warning: called from
    driver at line 1 column 1

lambda0 = 3.501084296647659
kmpl_prod = 0.180000000000000
dkps =

 Columns 1 through 3:

   3.378409790413488e+00   2.472875305160879e+00   1.784883447409156e+02

 Columns 4 through 6:

   9.496567053323325e+00   1.447880294673504e+00   4.206948668616526e+00

nbcr = 2
lambda0 = 3.501084296647659
kmpl_prod = 0.180000000000000
 Time :      1.00000
 Time :      2.00000
 Time :      3.01000
 Time :      4.01000
 Time :      5.01000
 Time :      6.01000
 Time :      7.01000
 Time :      8.01000
 Time :      9.01000
 Time :     10.01000
 Time :     11.01000
 Time :     12.01000
 Time :     13.01000
 Time :     14.01000
 Time :     15.01000
 Time :     16.01000
 Time :     17.01000
 Time :     18.00000
 Time :     19.00000
 Time :     20.00000
 Time :     21.00000
 Time :     22.00000
 Time :     23.00000
 Time :     24.00000
 Time :     25.00000
 Time :     26.00000
 Time :     27.00000
 Time :     28.00000
 Time :     29.00000
 Time :     30.00000
 Time :     31.00000
 Time :     32.00000
 Time :     33.00000
 Time :     34.00000
 Time :     35.00000
dtime = 4.955796897411346
mbcr = 0.500000000000000
agsout =

   1.836660953593613e-02   1.836660953593613e-02

ans = -1.961004509880279e-21
ans = 1.729191182180127e-21
nbcr = 2
lambda0 = 3.501084296647659
kmpl_prod = 0.180000000000000
 Time :      1.00000
 Time :      2.00000
 Time :      3.01000
 Time :      4.01000
 Time :      5.01000
 Time :      6.01000
 Time :      7.01000
 Time :      8.01000
 Time :      9.01000
 Time :     10.01000
 Time :     11.01000
 Time :     12.01000
 Time :     13.01000
 Time :     14.01000
 Time :     15.01000
 Time :     16.01000
 Time :     17.01000
 Time :     18.00000
 Time :     19.00000
 Time :     20.00000
 Time :     21.00000
 Time :     22.00000
 Time :     23.00000
 Time :     24.00000
 Time :     25.00000
 Time :     26.00000
 Time :     27.00000
 Time :     28.00000
 Time :     29.00000
 Time :     30.00000
 Time :     31.00000
 Time :     32.00000
 Time :     33.00000
 Time :     34.00000
 Time :     35.00000
dtime = 5.067222565412521
mbcr =

   0.500000000000000   0.529255096737288

agsout =

   1.836660953593613e-02   1.836660953593613e-02
   4.653563009644712e-03   1.851078347080441e-02

ans = 5.170706009068976e-21
ans = 7.587265701028630e-21
nbcr = 2
lambda0 = 3.501084296647659
kmpl_prod = 0.180000000000000
 Time :      1.00000
 Time :      2.00000
 Time :      3.01000
 Time :      4.01000
 Time :      5.01000
 Time :      6.01000
 Time :      7.01000
 Time :      8.01000
 Time :      9.01000
 Time :     10.01000
 Time :     11.01000
 Time :     12.01000
 Time :     13.01000
 Time :     14.01000
 Time :     15.01000
 Time :     16.01000
 Time :     17.01000
 Time :     18.00000
 Time :     19.00000
 Time :     20.00000
 Time :     21.00000
 Time :     22.00000
 Time :     23.00000
 Time :     24.00000
 Time :     25.00000
 Time :     26.00000
 Time :     27.00000
 Time :     28.00000
 Time :     29.00000
 Time :     30.00000
 Time :     31.00000
 Time :     32.00000
 Time :     33.00000
 Time :     34.00000
 Time :     35.00000
dtime = 5.111137032508850
mbcr =

   0.500000000000000   0.529255096737288   0.518634449673123

agsout =

   1.836660953593613e-02   1.836660953593613e-02
   4.653563009644712e-03   1.851078347080441e-02
   2.000800067186972e-03   1.851075057450994e-02

ans = 7.145599721539330e-21
ans = 1.081502461761284e-20
nbcr = 2
lambda0 = 3.501084296647659
kmpl_prod = 0.180000000000000
 Time :      1.00000
 Time :      2.00000
 Time :      3.01000
 Time :      4.01000
 Time :      5.01000
 Time :      6.01000
 Time :      7.01000
 Time :      8.01000
 Time :      9.01000
 Time :     10.01000
 Time :     11.01000
 Time :     12.01000
 Time :     13.01000
 Time :     14.01000
 Time :     15.01000
 Time :     16.01000
 Time :     17.01000
 Time :     18.00000
 Time :     19.00000
 Time :     20.00000
 Time :     21.00000
 Time :     22.00000
 Time :     23.00000
 Time :     24.00000
 Time :     25.00000
 Time :     26.00000
 Time :     27.00000
 Time :     28.00000
 Time :     29.00000
 Time :     30.00000
 Time :     31.00000
 Time :     32.00000
 Time :     33.00000
 Time :     34.00000
 Time :     35.00000
dtime = 4.960101842880249
mbcr =

   0.500000000000000   0.529255096737288   0.518634449673123   0.535000297436313

agsout =

   1.836660953593613e-02   1.836660953593613e-02
   4.653563009644712e-03   1.851078347080441e-02
   2.000800067186972e-03   1.851075057450994e-02
   9.882816772278986e-03   1.851074983118813e-02

ans = 2.958993072164105e-21
ans = -5.115971532559828e-21
nbcr = 2
lambda0 = 3.501084296647659
kmpl_prod = 0.180000000000000
 Time :      1.00000
 Time :      2.00000
 Time :      3.01000
 Time :      4.01000
 Time :      5.01000
 Time :      6.01000
 Time :      7.01000
 Time :      8.01000
 Time :      9.01000
 Time :     10.01000
 Time :     11.01000
 Time :     12.01000
 Time :     13.01000
 Time :     14.01000
 Time :     15.01000
 Time :     16.01000
 Time :     17.01000
 Time :     18.00000
 Time :     19.00000
 Time :     20.00000
 Time :     21.00000
 Time :     22.00000
 Time :     23.00000
 Time :     24.00000
 Time :     25.00000
 Time :     26.00000
 Time :     27.00000
 Time :     28.00000
 Time :     29.00000
 Time :     30.00000
 Time :     31.00000
 Time :     32.00000
 Time :     33.00000
 Time :     34.00000
 Time :     35.00000
dtime = 4.970522224903107
mbcr =

 Columns 1 through 4:

   0.500000000000000   0.529255096737288   0.518634449673123   0.535000297436313

 Column 5:

   0.529590277334469

agsout =

   1.836660953593613e-02   1.836660953593613e-02
   4.653563009644712e-03   1.851078347080441e-02
   2.000800067186972e-03   1.851075057450994e-02
   9.882816772278986e-03   1.851074983118813e-02
   6.030240844147402e-03   1.851074984448913e-02

ans = 6.026269256390229e-21
ans = 6.721663195257367e-21
nbcr = 2
lambda0 = 3.501084296647659
kmpl_prod = 0.180000000000000
 Time :      1.00000
 Time :      2.00000
 Time :      3.01000
 Time :      4.01000
 Time :      5.01000
 Time :      6.01000
 Time :      7.01000
 Time :      8.01000
 Time :      9.01000
 Time :     10.01000
 Time :     11.01000
 Time :     12.01000
 Time :     13.01000
 Time :     14.01000
 Time :     15.01000
 Time :     16.01000
 Time :     17.01000
 Time :     18.00000
 Time :     19.00000
 Time :     20.00000
 Time :     21.00000
 Time :     22.00000
 Time :     23.00000
 Time :     24.00000
 Time :     25.00000
 Time :     26.00000
 Time :     27.00000
 Time :     28.00000
 Time :     29.00000
 Time :     30.00000
 Time :     31.00000
 Time :     32.00000
 Time :     33.00000
 Time :     34.00000
 Time :     35.00000
dtime = 4.993998259305954
mbcr =

 Columns 1 through 4:

   0.500000000000000   0.529255096737288   0.518634449673123   0.535000297436313

 Columns 5 and 6:

   0.529590277334469   0.516673241136333

agsout =

   1.836660953593613e-02   1.836660953593613e-02
   4.653563009644712e-03   1.851078347080441e-02
   2.000800067186972e-03   1.851075057450994e-02
   9.882816772278986e-03   1.851074983118813e-02
   6.030240844147402e-03   1.851074984448913e-02
   1.637359523128631e-03   1.851075058902598e-02

ans = 5.663705654150580e-21
ans = 7.447256496624793e-21
dkps =

 Columns 1 through 3:

   1.145962778467318e+01   1.246195279887499e+00   3.727347274777573e-01

 Columns 4 through 6:

   1.775395990204507e+01   2.299852383624672e+02   3.645927165993871e+00

nbcr = 3
lambda0 = 3.501084296647659
kmpl_prod = 0.180000000000000
 Time :      1.00000
 Time :      2.00000
 Time :      3.01000
 Time :      4.01000
 Time :      5.01000
 Time :      6.01000
 Time :      7.01000
 Time :      8.01000
 Time :      9.01000
 Time :     10.01000
 Time :     11.01000
 Time :     12.01000
 Time :     13.01000
 Time :     14.01000
 Time :     15.01000
 Time :     16.01000
 Time :     17.01000
 Time :     18.00000
 Time :     19.00000
 Time :     20.00000
 Time :     21.00000
 Time :     22.00000
 Time :     23.00000
 Time :     24.00000
 Time :     25.00000
 Time :     26.00000
 Time :     27.00000
 Time :     28.00000
 Time :     29.00000
 Time :     30.00000
 Time :     31.00000
 Time :     32.00000
 Time :     33.00000
 Time :     34.00000
 Time :     35.00000
dtime = 11.29647865891457
mbcr = 0.333333333333333
agsout =

   1.836660966798283e-02   1.836660966798283e-02   1.836660966798283e-02

ans = 7.525913981567449e-21
ans = 7.022034770777819e-21
ans = 7.022034770777819e-21
nbcr = 3
lambda0 = 3.501084296647659
kmpl_prod = 0.180000000000000
 Time :      1.00000
 Time :      2.00000
 Time :      3.01000
 Time :      4.01000
 Time :      5.01000
 Time :      6.01000
 Time :      7.01000
 Time :      8.01000
 Time :      9.01000
 Time :     10.01000
 Time :     11.01000
 Time :     12.01000
 Time :     13.01000
 Time :     14.01000
 Time :     15.01000
 Time :     16.01000
 Time :     17.01000
 Time :     18.00000
 Time :     19.00000
 Time :     20.00000
 Time :     21.00000
 Time :     22.00000
 Time :     23.00000
 Time :     24.00000
 Time :     25.00000
 Time :     26.00000
 Time :     27.00000
 Time :     28.00000
 Time :     29.00000
 Time :     30.00000
 Time :     31.00000
 Time :     32.00000
 Time :     33.00000
 Time :     34.00000
 Time :     35.00000
dtime = 11.77279874682426
mbcr =

   0.333333333333333   0.364086825944470

agsout =

   1.836660966798283e-02   1.836660966798283e-02   1.836660966798283e-02
   8.498815752277851e-03   1.851078418906519e-02   1.851078418906519e-02

ans = 3.201938603010343e-21
ans = -5.072712571462718e-21
ans = -5.072712571462718e-21
nbcr = 3
lambda0 = 3.501084296647659
kmpl_prod = 0.180000000000000
 Time :      1.00000
 Time :      2.00000
 Time :      3.01000
 Time :      4.01000
 Time :      5.01000
 Time :      6.01000
 Time :      7.01000
 Time :      8.01000
 Time :      9.01000
 Time :     10.01000
 Time :     11.01000
 Time :     12.01000
 Time :     13.01000
 Time :     14.01000
 Time :     15.01000
 Time :     16.01000
 Time :     17.01000
 Time :     18.00000
 Time :     19.00000
 Time :     20.00000
 Time :     21.00000
 Time :     22.00000
 Time :     23.00000
 Time :     24.00000
 Time :     25.00000
 Time :     26.00000
 Time :     27.00000
 Time :     28.00000
 Time :     29.00000
 Time :     30.00000
 Time :     31.00000
 Time :     32.00000
 Time :     33.00000
 Time :     34.00000
 Time :     35.00000
dtime = 11.78451664745808
mbcr =

   0.333333333333333   0.364086825944470   0.347544495272823

agsout =

   1.836660966798283e-02   1.836660966798283e-02   1.836660966798283e-02
   8.498815752277851e-03   1.851078418906519e-02   1.851078418906519e-02
   1.796394515188493e-03   1.851075179302653e-02   1.851075179302653e-02

ans = -6.948317145445432e-22
ans = 2.921502564928559e-21
ans = 2.921502564928559e-21
nbcr = 3
lambda0 = 3.501084296647659
kmpl_prod = 0.180000000000000
 Time :      1.00000
 Time :      2.00000
 Time :      3.01000
 Time :      4.01000
 Time :      5.01000
 Time :      6.01000
 Time :      7.01000
 Time :      8.01000
 Time :      9.01000
 Time :     10.01000
 Time :     11.01000
 Time :     12.01000
 Time :     13.01000
 Time :     14.01000
 Time :     15.01000
 Time :     16.01000
 Time :     17.01000
 Time :     18.00000
 Time :     19.00000
 Time :     20.00000
 Time :     21.00000
 Time :     22.00000
 Time :     23.00000
 Time :     24.00000
 Time :     25.00000
 Time :     26.00000
 Time :     27.00000
 Time :     28.00000
 Time :     29.00000
 Time :     30.00000
 Time :     31.00000
 Time :     32.00000
 Time :     33.00000
 Time :     34.00000
 Time :     35.00000
dtime = 12.79932707548141
mbcr =

   0.333333333333333   0.364086825944470   0.347544495272823   0.333076581137929

agsout =

   1.836660966798283e-02   1.836660966798283e-02   1.836660966798283e-02
   8.498815752277851e-03   1.851078418906519e-02   1.851078418906519e-02
   1.796394515188493e-03   1.851075179302653e-02   1.851075179302653e-02
   3.463093094792121e-04   1.851075198283312e-02   1.851075198283312e-02

ans = -6.935082255644584e-21
ans = 2.181396444337376e-21
ans = 2.181396444337376e-21
nbcr = 3
lambda0 = 3.501084296647659
kmpl_prod = 0.180000000000000
 Time :      1.00000
 Time :      2.00000
 Time :      3.01000
 Time :      4.01000
 Time :      5.01000
 Time :      6.01000
 Time :      7.01000
 Time :      8.01000
 Time :      9.01000
 Time :     10.01000
 Time :     11.01000
 Time :     12.01000
 Time :     13.01000
 Time :     14.01000
 Time :     15.01000
 Time :     16.01000
 Time :     17.01000
 Time :     18.00000
 Time :     19.00000
 Time :     20.00000
 Time :     21.00000
 Time :     22.00000
 Time :     23.00000
 Time :     24.00000
 Time :     25.00000
 Time :     26.00000
 Time :     27.00000
 Time :     28.00000
 Time :     29.00000
 Time :     30.00000
 Time :     31.00000
 Time :     32.00000
 Time :     33.00000
 Time :     34.00000
 Time :     35.00000
dtime = 11.77191361784935
mbcr =

 Columns 1 through 4:

   0.333333333333333   0.364086825944470   0.347544495272823   0.333076581137929

 Column 5:

   0.342533048212553

agsout =

   1.836660966798283e-02   1.836660966798283e-02   1.836660966798283e-02
   8.498815752277851e-03   1.851078418906519e-02   1.851078418906519e-02
   1.796394515188493e-03   1.851075179302653e-02   1.851075179302653e-02
   3.463093094792121e-04   1.851075198283312e-02   1.851075198283312e-02
   1.432060867792327e-03   1.851075188390176e-02   1.851075188390176e-02

ans = 3.540333021726958e-21
ans = 8.809166562134305e-21
ans = 8.809166562134305e-21
nbcr = 3
lambda0 = 3.501084296647659
kmpl_prod = 0.180000000000000
 Time :      1.00000
 Time :      2.00000
 Time :      3.01000
 Time :      4.01000
 Time :      5.01000
 Time :      6.01000
 Time :      7.01000
 Time :      8.01000
 Time :      9.01000
 Time :     10.01000
 Time :     11.01000
 Time :     12.01000
 Time :     13.01000
 Time :     14.01000
 Time :     15.01000
 Time :     16.01000
 Time :     17.01000
 Time :     18.00000
 Time :     19.00000
 Time :     20.00000
 Time :     21.00000
 Time :     22.00000
 Time :     23.00000
 Time :     24.00000
 Time :     25.00000
 Time :     26.00000
 Time :     27.00000
 Time :     28.00000
 Time :     29.00000
 Time :     30.00000
 Time :     31.00000
 Time :     32.00000
 Time :     33.00000
 Time :     34.00000
 Time :     35.00000
dtime = 11.42818182706833
mbcr =

 Columns 1 through 4:

   0.333333333333333   0.364086825944470   0.347544495272823   0.333076581137929

 Columns 5 and 6:

   0.342533048212553   0.358601026492914

agsout =

   1.836660966798283e-02   1.836660966798283e-02   1.836660966798283e-02
   8.498815752277851e-03   1.851078418906519e-02   1.851078418906519e-02
   1.796394515188493e-03   1.851075179302653e-02   1.851075179302653e-02
   3.463093094792121e-04   1.851075198283312e-02   1.851075198283312e-02
   1.432060867792327e-03   1.851075188390176e-02   1.851075188390176e-02
   1.182110742168291e-02   1.851074997079980e-02   1.851074997079980e-02

ans = 4.014261468486527e-21
ans = -2.189459839722634e-21
ans = -2.189459839722634e-21
dkps =

 Columns 1 through 3:

   4.181207868294917e+00   1.104059631041588e+01   2.508659782204590e+01

 Columns 4 through 6:

   8.427540135162883e-01   4.565764603036045e+00   3.330911271780120e+01

nbcr = 4
lambda0 = 3.501084296647659
kmpl_prod = 0.180000000000000
 Time :      1.00000
 Time :      2.00000
 Time :      3.01000
 Time :      4.01000
 Time :      5.01000
 Time :      6.01000
 Time :      7.01000
 Time :      8.01000
 Time :      9.01000
 Time :     10.01000
 Time :     11.01000
 Time :     12.01000
 Time :     13.01000
 Time :     14.01000
 Time :     15.01000
 Time :     16.01000
 Time :     17.01000
 Time :     18.00000
 Time :     19.00000
 Time :     20.00000
 Time :     21.00000
 Time :     22.00000
 Time :     23.00000
 Time :     24.00000
 Time :     25.00000
 Time :     26.00000
 Time :     27.00000
 Time :     28.00000
 Time :     29.00000
 Time :     30.00000
 Time :     31.00000
 Time :     32.00000
 Time :     33.00000
 Time :     34.00000
 Time :     35.00000
dtime = 18.12403164803982
mbcr = 0.250000000000000
agsout =

 Columns 1 through 3:

   1.836661118562896e-02   1.836661118562896e-02   1.836661118562896e-02

 Column 4:

   1.836661118562896e-02

ans = 7.119773122321765e-21
ans = 3.817491841307641e-21
ans = 3.817491841307641e-21
ans = 3.817491841307641e-21
nbcr = 4
lambda0 = 3.501084296647659
kmpl_prod = 0.180000000000000
 Time :      1.00000
 Time :      2.00000
 Time :      3.01000
 Time :      4.01000
 Time :      5.01000
 Time :      6.01000
 Time :      7.01000
 Time :      8.01000
 Time :      9.01000
 Time :     10.01000
 Time :     11.01000
 Time :     12.01000
 Time :     13.01000
 Time :     14.01000
 Time :     15.01000
 Time :     16.01000
 Time :     17.01000
 Time :     18.00000
 Time :     19.00000
 Time :     20.00000
 Time :     21.00000
 Time :     22.00000
 Time :     23.00000
 Time :     24.00000
 Time :     25.00000
 Time :     26.00000
 Time :     27.00000
 Time :     28.00000
 Time :     29.00000
 Time :     30.00000
 Time :     31.00000
 Time :     32.00000
 Time :     33.00000
 Time :     34.00000
 Time :     35.00000
dtime = 18.45075488090515
mbcr =

   0.250000000000000   0.273283555357455

agsout =

 Columns 1 through 3:

   1.836661118562896e-02   1.836661118562896e-02   1.836661118562896e-02
   5.418089465577391e-03   1.851078521055684e-02   1.851078521055684e-02

 Column 4:

   1.836661118562896e-02
   1.851078521055684e-02

ans = 1.084961110697522e-20
ans = 5.199393182011941e-21
ans = 5.199393182011941e-21
ans = 5.199393182011941e-21
nbcr = 4
lambda0 = 3.501084296647659
kmpl_prod = 0.180000000000000
 Time :      1.00000
 Time :      2.00000
 Time :      3.01000
 Time :      4.01000
 Time :      5.01000
 Time :      6.01000
 Time :      7.01000
 Time :      8.01000
 Time :      9.01000
 Time :     10.01000
 Time :     11.01000
 Time :     12.01000
 Time :     13.01000
 Time :     14.01000
 Time :     15.01000
 Time :     16.01000
 Time :     17.01000
 Time :     18.00000
 Time :     19.00000
 Time :     20.00000
 Time :     21.00000
 Time :     22.00000
 Time :     23.00000
 Time :     24.00000
 Time :     25.00000
 Time :     26.00000
 Time :     27.00000
 Time :     28.00000
 Time :     29.00000
 Time :     30.00000
 Time :     31.00000
 Time :     32.00000
 Time :     33.00000
 Time :     34.00000
 Time :     35.00000
dtime = 18.32917034626007
mbcr =

   0.250000000000000   0.273283555357455   0.274429178268665

agsout =

 Columns 1 through 3:

   1.836661118562896e-02   1.836661118562896e-02   1.836661118562896e-02
   5.418089465577391e-03   1.851078521055684e-02   1.851078521055684e-02
   4.507924273021917e-03   1.851075197620416e-02   1.851075197620416e-02

 Column 4:

   1.836661118562896e-02
   1.851078521055684e-02
   1.851075197620416e-02

ans = -2.808484974770667e-21
ans = 1.189766913791908e-20
ans = 1.189766913791908e-20
ans = 1.189766913791908e-20
nbcr = 4
lambda0 = 3.501084296647659
kmpl_prod = 0.180000000000000
 Time :      1.00000
 Time :      2.00000
 Time :      3.01000
 Time :      4.01000
 Time :      5.01000
 Time :      6.01000
 Time :      7.01000
 Time :      8.01000
 Time :      9.01000
 Time :     10.01000
 Time :     11.01000
 Time :     12.01000
 Time :     13.01000
 Time :     14.01000
 Time :     15.01000
 Time :     16.01000
 Time :     17.01000
 Time :     18.00000
 Time :     19.00000
 Time :     20.00000
 Time :     21.00000
 Time :     22.00000
 Time :     23.00000
 Time :     24.00000
 Time :     25.00000
 Time :     26.00000
 Time :     27.00000
 Time :     28.00000
 Time :     29.00000
 Time :     30.00000
 Time :     31.00000
 Time :     32.00000
 Time :     33.00000
 Time :     34.00000
 Time :     35.00000
dtime = 18.23170557618141
mbcr =

   0.250000000000000   0.273283555357455   0.274429178268665   0.276960559665125

agsout =

 Columns 1 through 3:

   1.836661118562896e-02   1.836661118562896e-02   1.836661118562896e-02
   5.418089465577391e-03   1.851078521055684e-02   1.851078521055684e-02
   4.507924273021917e-03   1.851075197620416e-02   1.851075197620416e-02
   5.903948633752199e-03   1.851075188242235e-02   1.851075188242235e-02

 Column 4:

   1.836661118562896e-02
   1.851078521055684e-02
   1.851075197620416e-02
   1.851075188242235e-02

ans = 5.148811572230463e-22
ans = -1.677496432863398e-21
ans = -1.677496432863398e-21
ans = -1.677496432863398e-21
nbcr = 4
lambda0 = 3.501084296647659
kmpl_prod = 0.180000000000000
 Time :      1.00000
 Time :      2.00000
 Time :      3.01000
 Time :      4.01000
 Time :      5.01000
 Time :      6.01000
 Time :      7.01000
 Time :      8.01000
 Time :      9.01000
 Time :     10.01000
 Time :     11.01000
 Time :     12.01000
 Time :     13.01000
 Time :     14.01000
 Time :     15.01000
 Time :     16.01000
 Time :     17.01000
 Time :     18.00000
 Time :     19.00000
 Time :     20.00000
 Time :     21.00000
 Time :     22.00000
 Time :     23.00000
 Time :     24.00000
 Time :     25.00000
 Time :     26.00000
 Time :     27.00000
 Time :     28.00000
 Time :     29.00000
 Time :     30.00000
 Time :     31.00000
 Time :     32.00000
 Time :     33.00000
 Time :     34.00000
 Time :     35.00000
dtime = 18.42782199382782
mbcr =

 Columns 1 through 4:

   0.250000000000000   0.273283555357455   0.274429178268665   0.276960559665125

 Column 5:

   0.258479032719431

agsout =

 Columns 1 through 3:

   1.836661118562896e-02   1.836661118562896e-02   1.836661118562896e-02
   5.418089465577391e-03   1.851078521055684e-02   1.851078521055684e-02
   4.507924273021917e-03   1.851075197620416e-02   1.851075197620416e-02
   5.903948633752199e-03   1.851075188242235e-02   1.851075188242235e-02
   1.189960704615355e-03   1.851075237114347e-02   1.851075237114347e-02

 Column 4:

   1.836661118562896e-02
   1.851078521055684e-02
   1.851075197620416e-02
   1.851075188242235e-02
   1.851075237114347e-02

ans = 7.239484721064098e-21
ans = 1.070982404580229e-20
ans = 1.070982404580229e-20
ans = 1.070982404580229e-20
nbcr = 4
lambda0 = 3.501084296647659
kmpl_prod = 0.180000000000000
 Time :      1.00000
 Time :      2.00000
 Time :      3.01000
 Time :      4.01000
 Time :      5.01000
 Time :      6.01000
 Time :      7.01000
 Time :      8.01000
 Time :      9.01000
 Time :     10.01000
 Time :     11.01000
 Time :     12.01000
 Time :     13.01000
 Time :     14.01000
 Time :     15.01000
 Time :     16.01000
 Time :     17.01000
 Time :     18.00000
 Time :     19.00000
 Time :     20.00000
 Time :     21.00000
 Time :     22.00000
 Time :     23.00000
 Time :     24.00000
 Time :     25.00000
 Time :     26.00000
 Time :     27.00000
 Time :     28.00000
 Time :     29.00000
 Time :     30.00000
 Time :     31.00000
 Time :     32.00000
 Time :     33.00000
 Time :     34.00000
 Time :     35.00000
dtime = 18.31811629235744
mbcr =

 Columns 1 through 4:

   0.250000000000000   0.273283555357455   0.274429178268665   0.276960559665125

 Columns 5 and 6:

   0.258479032719431   0.259858473264948

agsout =

 Columns 1 through 3:

   1.836661118562896e-02   1.836661118562896e-02   1.836661118562896e-02
   5.418089465577391e-03   1.851078521055684e-02   1.851078521055684e-02
   4.507924273021917e-03   1.851075197620416e-02   1.851075197620416e-02
   5.903948633752199e-03   1.851075188242235e-02   1.851075188242235e-02
   1.189960704615355e-03   1.851075237114347e-02   1.851075237114347e-02
   1.335197439183556e-03   1.851075234614389e-02   1.851075234614389e-02

 Column 4:

   1.836661118562896e-02
   1.851078521055684e-02
   1.851075197620416e-02
   1.851075188242235e-02
   1.851075237114347e-02
   1.851075234614389e-02

ans = 1.120002549396799e-20
ans = 6.903007196481847e-21
ans = 6.903007196481847e-21
ans = 6.903007196481847e-21
dkps =

 Columns 1 through 3:

   4.274052616767862e+01   3.395262843152135e+01   9.705250969858362e+00

 Columns 4 through 6:

   7.862174051421740e+00   2.838452163311708e-01   4.797367599235013e+00

nbcr = 5
lambda0 = 3.501084296647659
kmpl_prod = 0.180000000000000
 Time :      1.00000
 Time :      2.00000
 Time :      3.01000
 Time :      4.01000
 Time :      5.01000
 Time :      6.01000
 Time :      7.01000
 Time :      8.01000
 Time :      9.01000
 Time :     10.01000
 Time :     11.01000
 Time :     12.01000
 Time :     13.01000
 Time :     14.01000
 Time :     15.01000
 Time :     16.01000
 Time :     17.01000
 Time :     18.00000
 Time :     19.00000
 Time :     20.00000
 Time :     21.00000
 Time :     22.00000
 Time :     23.00000
 Time :     24.00000
 Time :     25.00000
 Time :     26.00000
 Time :     27.00000
 Time :     28.00000
 Time :     29.00000
 Time :     30.00000
 Time :     31.00000
 Time :     32.00000
 Time :     33.00000
 Time :     34.00000
 Time :     35.00000
dtime = 23.08004982769489
mbcr = 0.200000000000000
agsout =

 Columns 1 through 3:

   1.836661171198899e-02   1.836661171198899e-02   1.836661171198899e-02

 Columns 4 and 5:

   1.836661171198899e-02   1.836661171198899e-02

ans = -4.172516306186980e-22
ans = 4.062207247859059e-21
ans = 4.062207247859059e-21
ans = 4.062207247859059e-21
ans = 4.062207247859059e-21
nbcr = 5
lambda0 = 3.501084296647659
kmpl_prod = 0.180000000000000
 Time :      1.00000
 Time :      2.00000
 Time :      3.01000
 Time :      4.01000
 Time :      5.01000
 Time :      6.01000
 Time :      7.01000
 Time :      8.01000
 Time :      9.01000
 Time :     10.01000
 Time :     11.01000
 Time :     12.01000
 Time :     13.01000
 Time :     14.01000
 Time :     15.01000
 Time :     16.01000
 Time :     17.01000
 Time :     18.00000
 Time :     19.00000
 Time :     20.00000
 Time :     21.00000
 Time :     22.00000
 Time :     23.00000
 Time :     24.00000
 Time :     25.00000
 Time :     26.00000
 Time :     27.00000
 Time :     28.00000
 Time :     29.00000
 Time :     30.00000
 Time :     31.00000
 Time :     32.00000
 Time :     33.00000
 Time :     34.00000
 Time :     35.00000
dtime = 23.14111366868019
mbcr =

   0.200000000000000   0.212384343611648

agsout =

 Columns 1 through 3:

   1.836661171198899e-02   1.836661171198899e-02   1.836661171198899e-02
   1.520955658210106e-02   1.851078529823185e-02   1.851078529823185e-02

 Columns 4 and 5:

   1.836661171198899e-02   1.836661171198899e-02
   1.851078529823185e-02   1.851078529823185e-02

ans = -1.806883959655457e-21
ans = 4.728306553020889e-22
ans = 4.728306553020889e-22
ans = 4.728306553020889e-22
ans = 4.728306553020889e-22
nbcr = 5
lambda0 = 3.501084296647659
kmpl_prod = 0.180000000000000
 Time :      1.00000
 Time :      2.00000
 Time :      3.01000
 Time :      4.01000
 Time :      5.01000
 Time :      6.01000
 Time :      7.01000
 Time :      8.01000
 Time :      9.01000
 Time :     10.01000
 Time :     11.01000
 Time :     12.01000
 Time :     13.01000
 Time :     14.01000
 Time :     15.01000
 Time :     16.01000
 Time :     17.01000
 Time :     18.00000
 Time :     19.00000
 Time :     20.00000
 Time :     21.00000
 Time :     22.00000
 Time :     23.00000
 Time :     24.00000
 Time :     25.00000
 Time :     26.00000
 Time :     27.00000
 Time :     28.00000
 Time :     29.00000
 Time :     30.00000
 Time :     31.00000
 Time :     32.00000
 Time :     33.00000
 Time :     34.00000
 Time :     35.00000
dtime = 22.85455316305161
mbcr =

   0.200000000000000   0.212384343611648   0.223126676824787

agsout =

 Columns 1 through 3:

   1.836661171198899e-02   1.836661171198899e-02   1.836661171198899e-02
   1.520955658210106e-02   1.851078529823185e-02   1.851078529823185e-02
   1.075712107560590e-02   1.851075205546873e-02   1.851075205546873e-02

 Columns 4 and 5:

   1.836661171198899e-02   1.836661171198899e-02
   1.851078529823185e-02   1.851078529823185e-02
   1.851075205546873e-02   1.851075205546873e-02

ans = 3.520687482178824e-21
ans = 8.480288759429885e-21
ans = 8.480288759429885e-21
ans = 8.480288759429885e-21
ans = 8.480288759429885e-21
nbcr = 5
lambda0 = 3.501084296647659
kmpl_prod = 0.180000000000000
 Time :      1.00000
 Time :      2.00000
 Time :      3.01000
 Time :      4.01000
 Time :      5.01000
 Time :      6.01000
 Time :      7.01000
 Time :      8.01000
 Time :      9.01000
 Time :     10.01000
 Time :     11.01000
 Time :     12.01000
 Time :     13.01000
 Time :     14.01000
 Time :     15.01000
 Time :     16.01000
 Time :     17.01000
 Time :     18.00000
 Time :     19.00000
 Time :     20.00000
 Time :     21.00000
 Time :     22.00000
 Time :     23.00000
 Time :     24.00000
 Time :     25.00000
 Time :     26.00000
 Time :     27.00000
 Time :     28.00000
 Time :     29.00000
 Time :     30.00000
 Time :     31.00000
 Time :     32.00000
 Time :     33.00000
 Time :     34.00000
 Time :     35.00000
dtime = 23.12495000660419
mbcr =

   0.200000000000000   0.212384343611648   0.223126676824787   0.220534095212010

agsout =

 Columns 1 through 3:

   1.836661171198899e-02   1.836661171198899e-02   1.836661171198899e-02
   1.520955658210106e-02   1.851078529823185e-02   1.851078529823185e-02
   1.075712107560590e-02   1.851075205546873e-02   1.851075205546873e-02
   5.719879288986015e-03   1.851075223185284e-02   1.851075223185284e-02

 Columns 4 and 5:

   1.836661171198899e-02   1.836661171198899e-02
   1.851078529823185e-02   1.851078529823185e-02
   1.851075205546873e-02   1.851075205546873e-02
   1.851075223185284e-02   1.851075223185284e-02

ans = -1.210268633741649e-21
ans = 2.601823107570956e-21
ans = 2.601823107570956e-21
ans = 2.601823107570956e-21
ans = 2.601823107570956e-21
nbcr = 5
lambda0 = 3.501084296647659
kmpl_prod = 0.180000000000000
 Time :      1.00000
 Time :      2.00000
 Time :      3.01000
 Time :      4.01000
 Time :      5.01000
 Time :      6.01000
 Time :      7.01000
 Time :      8.01000
 Time :      9.01000
 Time :     10.01000
 Time :     11.01000
 Time :     12.01000
 Time :     13.01000
 Time :     14.01000
 Time :     15.01000
 Time :     16.01000
 Time :     17.01000
 Time :     18.00000
 Time :     19.00000
 Time :     20.00000
 Time :     21.00000
 Time :     22.00000
 Time :     23.00000
 Time :     24.00000
 Time :     25.00000
 Time :     26.00000
 Time :     27.00000
 Time :     28.00000
 Time :     29.00000
 Time :     30.00000
 Time :     31.00000
 Time :     32.00000
 Time :     33.00000
 Time :     34.00000
 Time :     35.00000
dtime = 23.06858338415623
mbcr =

 Columns 1 through 4:

   0.200000000000000   0.212384343611648   0.223126676824787   0.220534095212010

 Column 5:

   0.219801983479458

agsout =

 Columns 1 through 3:

   1.836661171198899e-02   1.836661171198899e-02   1.836661171198899e-02
   1.520955658210106e-02   1.851078529823185e-02   1.851078529823185e-02
   1.075712107560590e-02   1.851075205546873e-02   1.851075205546873e-02
   5.719879288986015e-03   1.851075223185284e-02   1.851075223185284e-02
   3.796901460908079e-03   1.851075231814668e-02   1.851075231814668e-02

 Columns 4 and 5:

   1.836661171198899e-02   1.836661171198899e-02
   1.851078529823185e-02   1.851078529823185e-02
   1.851075205546873e-02   1.851075205546873e-02
   1.851075223185284e-02   1.851075223185284e-02
   1.851075231814668e-02   1.851075231814668e-02

ans = 8.046812998915853e-21
ans = -4.806775620114054e-23
ans = -4.806775620114054e-23
ans = -4.806775620114054e-23
ans = -4.806775620114054e-23
nbcr = 5
lambda0 = 3.501084296647659
kmpl_prod = 0.180000000000000
 Time :      1.00000
 Time :      2.00000
 Time :      3.01000
 Time :      4.01000
 Time :      5.01000
 Time :      6.01000
 Time :      7.01000
 Time :      8.01000
 Time :      9.01000
 Time :     10.01000
 Time :     11.01000
 Time :     12.01000
 Time :     13.01000
 Time :     14.01000
 Time :     15.01000
 Time :     16.01000
 Time :     17.01000
 Time :     18.00000
 Time :     19.00000
 Time :     20.00000
 Time :     21.00000
 Time :     22.00000
 Time :     23.00000
 Time :     24.00000
 Time :     25.00000
 Time :     26.00000
 Time :     27.00000
 Time :     28.00000
 Time :     29.00000
 Time :     30.00000
 Time :     31.00000
 Time :     32.00000
 Time :     33.00000
 Time :     34.00000
 Time :     35.00000
dtime = 23.99797886610031
mbcr =

 Columns 1 through 4:

   0.200000000000000   0.212384343611648   0.223126676824787   0.220534095212010

 Columns 5 and 6:

   0.219801983479458   0.201625503309841

agsout =

 Columns 1 through 3:

   1.836661171198899e-02   1.836661171198899e-02   1.836661171198899e-02
   1.520955658210106e-02   1.851078529823185e-02   1.851078529823185e-02
   1.075712107560590e-02   1.851075205546873e-02   1.851075205546873e-02
   5.719879288986015e-03   1.851075223185284e-02   1.851075223185284e-02
   3.796901460908079e-03   1.851075231814668e-02   1.851075231814668e-02
   4.496078711859808e-04   1.851075236318898e-02   1.851075236318898e-02

 Columns 4 and 5:

   1.836661171198899e-02   1.836661171198899e-02
   1.851078529823185e-02   1.851078529823185e-02
   1.851075205546873e-02   1.851075205546873e-02
   1.851075223185284e-02   1.851075223185284e-02
   1.851075231814668e-02   1.851075231814668e-02
   1.851075236318898e-02   1.851075236318898e-02

ans = 7.252719610864947e-21
ans = 9.613503580407658e-21
ans = 9.613503580407658e-21
ans = 9.613503580407658e-21
ans = 9.613503580407658e-21
dkps =

 Columns 1 through 3:

   2.658226912530698e-01   2.483474053885527e+00   9.702439335919614e+00

 Columns 4 through 6:

   6.908604581609487e+01   2.836694259739963e+00   2.815351264630323e+00

nbcr = 7
lambda0 = 3.501084296647659
kmpl_prod = 0.180000000000000
 Time :      1.00000
 Time :      2.00000
 Time :      3.01000
 Time :      4.01000
 Time :      5.01000
 Time :      6.01000
 Time :      7.01000
 Time :      8.01000
 Time :      9.01000
 Time :     10.01000
 Time :     11.01000
 Time :     12.01000
 Time :     13.01000
 Time :     14.01000
 Time :     15.01000
 Time :     16.01000
 Time :     17.01000
 Time :     18.00000
 Time :     19.00000
 Time :     20.00000
 Time :     21.00000
 Time :     22.00000
 Time :     23.00000
 Time :     24.00000
 Time :     25.00000
 Time :     26.00000
 Time :     27.00000
 Time :     28.00000
 Time :     29.00000
 Time :     30.00000
 Time :     31.00000
 Time :     32.00000
 Time :     33.00000
 Time :     34.00000
 Time :     35.00000
dtime = 32.60153308510780
mbcr = 0.142857142857143
agsout =

 Columns 1 through 3:

   1.836661218095545e-02   1.836661218095545e-02   1.836661218095545e-02

 Columns 4 through 6:

   1.836661218095545e-02   1.836661218095545e-02   1.836661218095545e-02

 Column 7:

   1.836661218095545e-02

ans = 5.341266773968289e-21
ans = 6.960414661904020e-21
ans = 6.960414661904020e-21
ans = 6.960414661904020e-21
ans = 6.960414661904020e-21
ans = 6.960414661904020e-21
ans = 6.960414661904020e-21
nbcr = 7
lambda0 = 3.501084296647659
kmpl_prod = 0.180000000000000
 Time :      1.00000
 Time :      2.00000
 Time :      3.01000
 Time :      4.01000
 Time :      5.01000
 Time :      6.01000
 Time :      7.01000
 Time :      8.01000
 Time :      9.01000
 Time :     10.01000
 Time :     11.01000
 Time :     12.01000
 Time :     13.01000
 Time :     14.01000
 Time :     15.01000
 Time :     16.01000
 Time :     17.01000
 Time :     18.00000
 Time :     19.00000
 Time :     20.00000
 Time :     21.00000
 Time :     22.00000
 Time :     23.00000
 Time :     24.00000
 Time :     25.00000
 Time :     26.00000
 Time :     27.00000
 Time :     28.00000
 Time :     29.00000
 Time :     30.00000
 Time :     31.00000
 Time :     32.00000
 Time :     33.00000
 Time :     34.00000
 Time :     35.00000
dtime = 32.63517804443836
mbcr =

   0.142857142857143   0.149278447281481

agsout =

 Columns 1 through 3:

   1.836661218095545e-02   1.836661218095545e-02   1.836661218095545e-02
   1.219008999979155e-03   1.851078603186702e-02   1.851078603186702e-02

 Columns 4 through 6:

   1.836661218095545e-02   1.836661218095545e-02   1.836661218095545e-02
   1.851078603186702e-02   1.851078603186702e-02   1.851078603186702e-02

 Column 7:

   1.836661218095545e-02
   1.851078603186702e-02

ans = 6.610827455523797e-21
ans = 4.976748311296630e-21
ans = 4.976748311296630e-21
ans = 4.976748311296630e-21
ans = 4.976748311296630e-21
ans = 4.976748311296630e-21
ans = 4.976748311296630e-21
nbcr = 7
lambda0 = 3.501084296647659
kmpl_prod = 0.180000000000000
 Time :      1.00000
 Time :      2.00000
 Time :      3.01000
 Time :      4.01000
 Time :      5.01000
 Time :      6.01000
 Time :      7.01000
 Time :      8.01000
 Time :      9.01000
 Time :     10.01000
 Time :     11.01000
 Time :     12.01000
 Time :     13.01000
 Time :     14.01000
 Time :     15.01000
 Time :     16.01000
 Time :     17.01000
 Time :     18.00000
 Time :     19.00000
 Time :     20.00000
 Time :     21.00000
 Time :     22.00000
 Time :     23.00000
 Time :     24.00000
 Time :     25.00000
 Time :     26.00000
 Time :     27.00000
 Time :     28.00000
 Time :     29.00000
 Time :     30.00000
 Time :     31.00000
 Time :     32.00000
 Time :     33.00000
 Time :     34.00000
 Time :     35.00000
dtime = 32.81429596245289
mbcr =

   0.142857142857143   0.149278447281481   0.146888100950999

agsout =

 Columns 1 through 3:

   1.836661218095545e-02   1.836661218095545e-02   1.836661218095545e-02
   1.219008999979155e-03   1.851078603186702e-02   1.851078603186702e-02
   9.731244552516070e-04   1.851075276106798e-02   1.851075276106798e-02

 Columns 4 through 6:

   1.836661218095545e-02   1.836661218095545e-02   1.836661218095545e-02
   1.851078603186702e-02   1.851078603186702e-02   1.851078603186702e-02
   1.851075276106798e-02   1.851075276106798e-02   1.851075276106798e-02

 Column 7:

   1.836661218095545e-02
   1.851078603186702e-02
   1.851075276106798e-02

ans = 1.025703959565754e-20
ans = 8.834391531849338e-21
ans = 8.834391531849338e-21
ans = 8.834391531849338e-21
ans = 8.834391531849338e-21
ans = 8.834391531849338e-21
ans = 8.834391531849338e-21
nbcr = 7
lambda0 = 3.501084296647659
kmpl_prod = 0.180000000000000
 Time :      1.00000
 Time :      2.00000
 Time :      3.01000
 Time :      4.01000
 Time :      5.01000
 Time :      6.01000
 Time :      7.01000
 Time :      8.01000
 Time :      9.01000
 Time :     10.01000
 Time :     11.01000
 Time :     12.01000
 Time :     13.01000
 Time :     14.01000
 Time :     15.01000
 Time :     16.01000
 Time :     17.01000
 Time :     18.00000
 Time :     19.00000
 Time :     20.00000
 Time :     21.00000
 Time :     22.00000
 Time :     23.00000
 Time :     24.00000
 Time :     25.00000
 Time :     26.00000
 Time :     27.00000
 Time :     28.00000
 Time :     29.00000
 Time :     30.00000
 Time :     31.00000
 Time :     32.00000
 Time :     33.00000
 Time :     34.00000
 Time :     35.00000
dtime = 32.68718942999840
mbcr =

   0.142857142857143   0.149278447281481   0.146888100950999   0.150239530657694

agsout =

 Columns 1 through 3:

   1.836661218095545e-02   1.836661218095545e-02   1.836661218095545e-02
   1.219008999979155e-03   1.851078603186702e-02   1.851078603186702e-02
   9.731244552516070e-04   1.851075276106798e-02   1.851075276106798e-02
   1.876442996754576e-03   1.851075272631792e-02   1.851075272631792e-02

 Columns 4 through 6:

   1.836661218095545e-02   1.836661218095545e-02   1.836661218095545e-02
   1.851078603186702e-02   1.851078603186702e-02   1.851078603186702e-02
   1.851075276106798e-02   1.851075276106798e-02   1.851075276106798e-02
   1.851075272631792e-02   1.851075272631792e-02   1.851075272631792e-02

 Column 7:

   1.836661218095545e-02
   1.851078603186702e-02
   1.851075276106798e-02
   1.851075272631792e-02

ans = 8.861585902280585e-21
ans = 1.003875842579088e-20
ans = 1.003875842579088e-20
ans = 1.003875842579088e-20
ans = 1.003875842579088e-20
ans = 1.003875842579088e-20
ans = 1.003875842579088e-20
nbcr = 7
lambda0 = 3.501084296647659
kmpl_prod = 0.180000000000000
 Time :      1.00000
 Time :      2.00000
 Time :      3.01000
 Time :      4.01000
 Time :      5.01000
 Time :      6.01000
 Time :      7.01000
 Time :      8.01000
 Time :      9.01000
 Time :     10.01000
 Time :     11.01000
 Time :     12.01000
 Time :     13.01000
 Time :     14.01000
 Time :     15.01000
 Time :     16.01000
 Time :     17.01000
 Time :     18.00000
 Time :     19.00000
 Time :     20.00000
 Time :     21.00000
 Time :     22.00000
 Time :     23.00000
 Time :     24.00000
 Time :     25.00000
 Time :     26.00000
 Time :     27.00000
 Time :     28.00000
 Time :     29.00000
 Time :     30.00000
 Time :     31.00000
 Time :     32.00000
 Time :     33.00000
 Time :     34.00000
 Time :     35.00000
dtime = 32.45346508920193
mbcr =

 Columns 1 through 4:

   0.142857142857143   0.149278447281481   0.146888100950999   0.150239530657694

 Column 5:

   0.160947944247905

agsout =

 Columns 1 through 3:

   1.836661218095545e-02   1.836661218095545e-02   1.836661218095545e-02
   1.219008999979155e-03   1.851078603186702e-02   1.851078603186702e-02
   9.731244552516070e-04   1.851075276106798e-02   1.851075276106798e-02
   1.876442996754576e-03   1.851075272631792e-02   1.851075272631792e-02
   7.027954813919692e-03   1.851075253527780e-02   1.851075253527780e-02

 Columns 4 through 6:

   1.836661218095545e-02   1.836661218095545e-02   1.836661218095545e-02
   1.851078603186702e-02   1.851078603186702e-02   1.851078603186702e-02
   1.851075276106798e-02   1.851075276106798e-02   1.851075276106798e-02
   1.851075272631792e-02   1.851075272631792e-02   1.851075272631792e-02
   1.851075253527780e-02   1.851075253527780e-02   1.851075253527780e-02

 Column 7:

   1.836661218095545e-02
   1.851078603186702e-02
   1.851075276106798e-02
   1.851075272631792e-02
   1.851075253527780e-02

ans = 3.309381609762739e-21
ans = 6.021300518159943e-21
ans = 6.021300518159943e-21
ans = 6.021300518159943e-21
ans = 6.021300518159943e-21
ans = 6.021300518159943e-21
ans = 6.021300518159943e-21
nbcr = 7
lambda0 = 3.501084296647659
kmpl_prod = 0.180000000000000
 Time :      1.00000
 Time :      2.00000
 Time :      3.01000
 Time :      4.01000
 Time :      5.01000
 Time :      6.01000
 Time :      7.01000
 Time :      8.01000
 Time :      9.01000
 Time :     10.01000
 Time :     11.01000
 Time :     12.01000
 Time :     13.01000
 Time :     14.01000
 Time :     15.01000
 Time :     16.01000
 Time :     17.01000
 Time :     18.00000
 Time :     19.00000
 Time :     20.00000
 Time :     21.00000
 Time :     22.00000
 Time :     23.00000
 Time :     24.00000
 Time :     25.00000
 Time :     26.00000
 Time :     27.00000
 Time :     28.00000
 Time :     29.00000
 Time :     30.00000
 Time :     31.00000
 Time :     32.00000
 Time :     33.00000
 Time :     34.00000
 Time :     35.00000
dtime = 32.33827762305737
mbcr =

 Columns 1 through 4:

   0.142857142857143   0.149278447281481   0.146888100950999   0.150239530657694

 Columns 5 and 6:

   0.160947944247905   0.152872558735326

agsout =

 Columns 1 through 3:

   1.836661218095545e-02   1.836661218095545e-02   1.836661218095545e-02
   1.219008999979155e-03   1.851078603186702e-02   1.851078603186702e-02
   9.731244552516070e-04   1.851075276106798e-02   1.851075276106798e-02
   1.876442996754576e-03   1.851075272631792e-02   1.851075272631792e-02
   7.027954813919692e-03   1.851075253527780e-02   1.851075253527780e-02
   2.650682429084247e-03   1.851075268859110e-02   1.851075268859110e-02

 Columns 4 through 6:

   1.836661218095545e-02   1.836661218095545e-02   1.836661218095545e-02
   1.851078603186702e-02   1.851078603186702e-02   1.851078603186702e-02
   1.851075276106798e-02   1.851075276106798e-02   1.851075276106798e-02
   1.851075272631792e-02   1.851075272631792e-02   1.851075272631792e-02
   1.851075253527780e-02   1.851075253527780e-02   1.851075253527780e-02
   1.851075268859110e-02   1.851075268859110e-02   1.851075268859110e-02

 Column 7:

   1.836661218095545e-02
   1.851078603186702e-02
   1.851075276106798e-02
   1.851075272631792e-02
   1.851075253527780e-02
   1.851075268859110e-02

ans = 7.403266482349598e-22
ans = -7.143165031728553e-21
ans = -7.143165031728553e-21
ans = -7.143165031728553e-21
ans = -7.143165031728553e-21
ans = -7.143165031728553e-21
ans = -7.143165031728553e-21
dkps =

 Columns 1 through 3:

   2.901394916670713e+01   6.756366174175715e+00   4.751163730798551e+01

 Columns 4 through 6:

   9.685550493632564e+01   3.314889375698519e-01   3.480982679072011e+01

nbcr = 10
lambda0 = 3.501084296647659
kmpl_prod = 0.180000000000000
 Time :      1.00000
 Time :      2.00000
 Time :      3.01000
 Time :      4.01000
 Time :      5.01000
 Time :      6.01000
 Time :      7.01000
 Time :      8.01000
 Time :      9.01000
 Time :     10.01000
 Time :     11.01000
 Time :     12.01000
 Time :     13.01000
 Time :     14.01000
 Time :     15.01000
 Time :     16.01000
 Time :     17.01000
 Time :     18.00000
 Time :     19.00000
 Time :     20.00000
 Time :     21.00000
 Time :     22.00000
 Time :     23.00000
 Time :     24.00000
 Time :     25.00000
 Time :     26.00000
 Time :     27.00000
 Time :     28.00000
 Time :     29.00000
 Time :     30.00000
 Time :     31.00000
 Time :     32.00000
 Time :     33.00000
 Time :     34.00000
 Time :     35.00000
dtime = 46.54083587229252
mbcr = 0.100000000000000
agsout =

 Columns 1 through 3:

   1.836661247719135e-02   1.836661247719135e-02   1.836661247719135e-02

 Columns 4 through 6:

   1.836661247719135e-02   1.836661247719135e-02   1.836661247719135e-02

 Columns 7 through 9:

   1.836661247719135e-02   1.836661247719135e-02   1.836661247719135e-02

 Column 10:

   1.836661247719135e-02

ans = -1.715679825030992e-21
ans = 4.476022928540751e-21
ans = 4.476022928540751e-21
ans = 4.476022928540751e-21
ans = 4.476022928540751e-21
ans = 4.476022928540751e-21
ans = 4.476022928540751e-21
ans = 4.476022928540751e-21
ans = 4.476022928540751e-21
ans = 4.476022928540751e-21
nbcr = 10
lambda0 = 3.501084296647659
kmpl_prod = 0.180000000000000
 Time :      1.00000
 Time :      2.00000
 Time :      3.01000
 Time :      4.01000
 Time :      5.01000
 Time :      6.01000
 Time :      7.01000
 Time :      8.01000
 Time :      9.01000
 Time :     10.01000
 Time :     11.01000
 Time :     12.01000
 Time :     13.01000
 Time :     14.01000
 Time :     15.01000
 Time :     16.01000
 Time :     17.01000
 Time :     18.00000
 Time :     19.00000
 Time :     20.00000
 Time :     21.00000
 Time :     22.00000
 Time :     23.00000
 Time :     24.00000
 Time :     25.00000
 Time :     26.00000
 Time :     27.00000
 Time :     28.00000
 Time :     29.00000
 Time :     30.00000
 Time :     31.00000
 Time :     32.00000
 Time :     33.00000
 Time :     34.00000
 Time :     35.00000
dtime = 46.94469608366489
mbcr =

   0.100000000000000   0.111344867597606

agsout =

 Columns 1 through 3:

   1.836661247719135e-02   1.836661247719135e-02   1.836661247719135e-02
   1.226872638416984e-02   1.851078606397259e-02   1.851078606397259e-02

 Columns 4 through 6:

   1.836661247719135e-02   1.836661247719135e-02   1.836661247719135e-02
   1.851078606397259e-02   1.851078606397259e-02   1.851078606397259e-02

 Columns 7 through 9:

   1.836661247719135e-02   1.836661247719135e-02   1.836661247719135e-02
   1.851078606397259e-02   1.851078606397259e-02   1.851078606397259e-02

 Column 10:

   1.836661247719135e-02
   1.851078606397259e-02

ans = 6.177653002010237e-21
ans = 5.107120538446797e-21
ans = 5.107120538446797e-21
ans = 5.107120538446797e-21
ans = 5.107120538446797e-21
ans = 5.107120538446797e-21
ans = 5.107120538446797e-21
ans = 5.107120538446797e-21
ans = 5.107120538446797e-21
ans = 5.107120538446797e-21
nbcr = 10
lambda0 = 3.501084296647659
kmpl_prod = 0.180000000000000
 Time :      1.00000
 Time :      2.00000
 Time :      3.01000
 Time :      4.01000
 Time :      5.01000
 Time :      6.01000
 Time :      7.01000
 Time :      8.01000
 Time :      9.01000
 Time :     10.01000
 Time :     11.01000
 Time :     12.01000
 Time :     13.01000
 Time :     14.01000
 Time :     15.01000
 Time :     16.01000
 Time :     17.01000
 Time :     18.00000
 Time :     19.00000
 Time :     20.00000
 Time :     21.00000
 Time :     22.00000
 Time :     23.00000
 Time :     24.00000
 Time :     25.00000
 Time :     26.00000
 Time :     27.00000
 Time :     28.00000
 Time :     29.00000
 Time :     30.00000
 Time :     31.00000
 Time :     32.00000
 Time :     33.00000
 Time :     34.00000
 Time :     35.00000
dtime = 46.83469869196415
mbcr =

   0.100000000000000   0.111344867597606   0.111426065714155

agsout =

 Columns 1 through 3:

   1.836661247719135e-02   1.836661247719135e-02   1.836661247719135e-02
   1.226872638416984e-02   1.851078606397259e-02   1.851078606397259e-02
   4.803423127895174e-03   1.851075282069633e-02   1.851075282069633e-02

 Columns 4 through 6:

   1.836661247719135e-02   1.836661247719135e-02   1.836661247719135e-02
   1.851078606397259e-02   1.851078606397259e-02   1.851078606397259e-02
   1.851075282069633e-02   1.851075282069633e-02   1.851075282069633e-02

 Columns 7 through 9:

   1.836661247719135e-02   1.836661247719135e-02   1.836661247719135e-02
   1.851078606397259e-02   1.851078606397259e-02   1.851078606397259e-02
   1.851075282069633e-02   1.851075282069633e-02   1.851075282069633e-02

 Column 10:

   1.836661247719135e-02
   1.851078606397259e-02
   1.851075282069633e-02

ans = 1.383418215464311e-20
ans = -2.378938322166263e-21
ans = -2.378938322166263e-21
ans = -2.378938322166263e-21
ans = -2.378938322166263e-21
ans = -2.378938322166263e-21
ans = -2.378938322166263e-21
ans = -2.378938322166263e-21
ans = -2.378938322166263e-21
ans = -2.378938322166263e-21
nbcr = 10
lambda0 = 3.501084296647659
kmpl_prod = 0.180000000000000
 Time :      1.00000
 Time :      2.00000
 Time :      3.01000
 Time :      4.01000
 Time :      5.01000
 Time :      6.01000
 Time :      7.01000
 Time :      8.01000
 Time :      9.01000
 Time :     10.01000
 Time :     11.01000
 Time :     12.01000
 Time :     13.01000
 Time :     14.01000
 Time :     15.01000
 Time :     16.01000
 Time :     17.01000
 Time :     18.00000
 Time :     19.00000
 Time :     20.00000
 Time :     21.00000
 Time :     22.00000
 Time :     23.00000
 Time :     24.00000
 Time :     25.00000
 Time :     26.00000
 Time :     27.00000
 Time :     28.00000
 Time :     29.00000
 Time :     30.00000
 Time :     31.00000
 Time :     32.00000
 Time :     33.00000
 Time :     34.00000
 Time :     35.00000
dtime = 46.67592868208885
mbcr =

   0.100000000000000   0.111344867597606   0.111426065714155   0.114239869923863

agsout =

 Columns 1 through 3:

   1.836661247719135e-02   1.836661247719135e-02   1.836661247719135e-02
   1.226872638416984e-02   1.851078606397259e-02   1.851078606397259e-02
   4.803423127895174e-03   1.851075282069633e-02   1.851075282069633e-02
   8.109470224537793e-03   1.851075279382077e-02   1.851075279382077e-02

 Columns 4 through 6:

   1.836661247719135e-02   1.836661247719135e-02   1.836661247719135e-02
   1.851078606397259e-02   1.851078606397259e-02   1.851078606397259e-02
   1.851075282069633e-02   1.851075282069633e-02   1.851075282069633e-02
   1.851075279382077e-02   1.851075279382077e-02   1.851075279382077e-02

 Columns 7 through 9:

   1.836661247719135e-02   1.836661247719135e-02   1.836661247719135e-02
   1.851078606397259e-02   1.851078606397259e-02   1.851078606397259e-02
   1.851075282069633e-02   1.851075282069633e-02   1.851075282069633e-02
   1.851075279382077e-02   1.851075279382077e-02   1.851075279382077e-02

 Column 10:

   1.836661247719135e-02
   1.851078606397259e-02
   1.851075282069633e-02
   1.851075279382077e-02

ans = 5.937605834482202e-21
ans = 5.141471152087622e-21
ans = 5.141471152087622e-21
ans = 5.141471152087622e-21
ans = 5.141471152087622e-21
ans = 5.141471152087622e-21
ans = 5.141471152087622e-21
ans = 5.141471152087622e-21
ans = 5.141471152087622e-21
ans = 5.141471152087622e-21
nbcr = 10
lambda0 = 3.501084296647659
kmpl_prod = 0.180000000000000
 Time :      1.00000
 Time :      2.00000
 Time :      3.01000
 Time :      4.01000
 Time :      5.01000
 Time :      6.01000
 Time :      7.01000
 Time :      8.01000
 Time :      9.01000
 Time :     10.01000
 Time :     11.01000
 Time :     12.01000
 Time :     13.01000
 Time :     14.01000
 Time :     15.01000
 Time :     16.01000
 Time :     17.01000
 Time :     18.00000
 Time :     19.00000
 Time :     20.00000
 Time :     21.00000
 Time :     22.00000
 Time :     23.00000
 Time :     24.00000
 Time :     25.00000
 Time :     26.00000
 Time :     27.00000
 Time :     28.00000
 Time :     29.00000
 Time :     30.00000
 Time :     31.00000
 Time :     32.00000
 Time :     33.00000
 Time :     34.00000
 Time :     35.00000
dtime = 46.83838002383709
mbcr =

 Columns 1 through 4:

   0.100000000000000   0.111344867597606   0.111426065714155   0.114239869923863

 Column 5:

   0.108706091325193

agsout =

 Columns 1 through 3:

   1.836661247719135e-02   1.836661247719135e-02   1.836661247719135e-02
   1.226872638416984e-02   1.851078606397259e-02   1.851078606397259e-02
   4.803423127895174e-03   1.851075282069633e-02   1.851075282069633e-02
   8.109470224537793e-03   1.851075279382077e-02   1.851075279382077e-02
   1.428336348306038e-02   1.851075278240038e-02   1.851075278240038e-02

 Columns 4 through 6:

   1.836661247719135e-02   1.836661247719135e-02   1.836661247719135e-02
   1.851078606397259e-02   1.851078606397259e-02   1.851078606397259e-02
   1.851075282069633e-02   1.851075282069633e-02   1.851075282069633e-02
   1.851075279382077e-02   1.851075279382077e-02   1.851075279382077e-02
   1.851075278240038e-02   1.851075278240038e-02   1.851075278240038e-02

 Columns 7 through 9:

   1.836661247719135e-02   1.836661247719135e-02   1.836661247719135e-02
   1.851078606397259e-02   1.851078606397259e-02   1.851078606397259e-02
   1.851075282069633e-02   1.851075282069633e-02   1.851075282069633e-02
   1.851075279382077e-02   1.851075279382077e-02   1.851075279382077e-02
   1.851075278240038e-02   1.851075278240038e-02   1.851075278240038e-02

 Column 10:

   1.836661247719135e-02
   1.851078606397259e-02
   1.851075282069633e-02
   1.851075279382077e-02
   1.851075278240038e-02

ans = 1.236738413343346e-21
ans = -5.880244413293344e-22
ans = -5.880244413293344e-22
ans = -5.880244413293344e-22
ans = -5.880244413293344e-22
ans = -5.880244413293344e-22
ans = -5.880244413293344e-22
ans = -5.880244413293344e-22
ans = -5.880244413293344e-22
ans = -5.880244413293344e-22
nbcr = 10
lambda0 = 3.501084296647659
kmpl_prod = 0.180000000000000
 Time :      1.00000
 Time :      2.00000
 Time :      3.01000
 Time :      4.01000
 Time :      5.01000
 Time :      6.01000
 Time :      7.01000
 Time :      8.01000
 Time :      9.01000
 Time :     10.01000
 Time :     11.01000
 Time :     12.01000
 Time :     13.01000
 Time :     14.01000
 Time :     15.01000
 Time :     16.01000
 Time :     17.01000
 Time :     18.00000
 Time :     19.00000
 Time :     20.00000
 Time :     21.00000
 Time :     22.00000
 Time :     23.00000
 Time :     24.00000
 Time :     25.00000
 Time :     26.00000
 Time :     27.00000
 Time :     28.00000
 Time :     29.00000
 Time :     30.00000
 Time :     31.00000
 Time :     32.00000
 Time :     33.00000
 Time :     34.00000
 Time :     35.00000
dtime = 47.06344418227673
mbcr =

 Columns 1 through 4:

   0.100000000000000   0.111344867597606   0.111426065714155   0.114239869923863

 Columns 5 and 6:

   0.108706091325193   0.103851047360583

agsout =

 Columns 1 through 3:

   1.836661247719135e-02   1.836661247719135e-02   1.836661247719135e-02
   1.226872638416984e-02   1.851078606397259e-02   1.851078606397259e-02
   4.803423127895174e-03   1.851075282069633e-02   1.851075282069633e-02
   8.109470224537793e-03   1.851075279382077e-02   1.851075279382077e-02
   1.428336348306038e-02   1.851075278240038e-02   1.851075278240038e-02
   1.005651810503977e-03   1.851075290577132e-02   1.851075290577132e-02

 Columns 4 through 6:

   1.836661247719135e-02   1.836661247719135e-02   1.836661247719135e-02
   1.851078606397259e-02   1.851078606397259e-02   1.851078606397259e-02
   1.851075282069633e-02   1.851075282069633e-02   1.851075282069633e-02
   1.851075279382077e-02   1.851075279382077e-02   1.851075279382077e-02
   1.851075278240038e-02   1.851075278240038e-02   1.851075278240038e-02
   1.851075290577132e-02   1.851075290577132e-02   1.851075290577132e-02

 Columns 7 through 9:

   1.836661247719135e-02   1.836661247719135e-02   1.836661247719135e-02
   1.851078606397259e-02   1.851078606397259e-02   1.851078606397259e-02
   1.851075282069633e-02   1.851075282069633e-02   1.851075282069633e-02
   1.851075279382077e-02   1.851075279382077e-02   1.851075279382077e-02
   1.851075278240038e-02   1.851075278240038e-02   1.851075278240038e-02
   1.851075290577132e-02   1.851075290577132e-02   1.851075290577132e-02

 Column 10:

   1.836661247719135e-02
   1.851078606397259e-02
   1.851075282069633e-02
   1.851075279382077e-02
   1.851075278240038e-02
   1.851075290577132e-02

ans = 1.819797347616661e-22
ans = 2.294577208795791e-21
ans = 2.294577208795791e-21
ans = 2.294577208795791e-21
ans = 2.294577208795791e-21
ans = 2.294577208795791e-21
ans = 2.294577208795791e-21
ans = 2.294577208795791e-21
ans = 2.294577208795791e-21
ans = 2.294577208795791e-21
dkps =

 Columns 1 through 3:

   2.572294789206321e+00   1.725024051479801e+01   9.469066473871983e+00

 Columns 4 through 6:

   7.458379407346742e+00   1.703666696527650e+00   5.076695535150598e+00

nbcr = 15
lambda0 = 3.501084296647659
kmpl_prod = 0.180000000000000
 Time :      1.00000
 Time :      2.00000
 Time :      3.01000
 Time :      4.01000
 Time :      5.01000
 Time :      6.01000
 Time :      7.01000
 Time :      8.01000
 Time :      9.01000
 Time :     10.01000
 Time :     11.01000
 Time :     12.01000
 Time :     13.01000
 Time :     14.01000
 Time :     15.01000
 Time :     16.01000
 Time :     17.01000
 Time :     18.00000
 Time :     19.00000
 Time :     20.00000
 Time :     21.00000
 Time :     22.00000
 Time :     23.00000
 Time :     24.00000
 Time :     25.00000
 Time :     26.00000
 Time :     27.00000
 Time :     28.00000
 Time :     29.00000
 Time :     30.00000
 Time :     31.00000
 Time :     32.00000
 Time :     33.00000
 Time :     34.00000
 Time :     35.00000
dtime = 72.38503284752369
mbcr = 6.666666666666667e-02
agsout =

 Columns 1 through 3:

   1.836661269080850e-02   1.836661269080850e-02   1.836661269080850e-02

 Columns 4 through 6:

   1.836661269080850e-02   1.836661269080850e-02   1.836661269080850e-02

 Columns 7 through 9:

   1.836661269080850e-02   1.836661269080850e-02   1.836661269080850e-02

 Columns 10 through 12:

   1.836661269080850e-02   1.836661269080850e-02   1.836661269080850e-02

 Columns 13 through 15:

   1.836661269080850e-02   1.836661269080850e-02   1.836661269080850e-02

ans = 3.491150106506649e-21
ans = 2.575165112068161e-21
ans = 2.575165112068161e-21
ans = 2.575165112068161e-21
ans = 2.575165112068161e-21
ans = 2.575165112068161e-21
ans = 2.575165112068161e-21
ans = 2.575165112068161e-21
ans = 2.575165112068161e-21
ans = 2.575165112068161e-21
ans = 2.575165112068161e-21
ans = 2.575165112068161e-21
ans = 2.575165112068161e-21
ans = 2.575165112068161e-21
ans = 2.575165112068161e-21
nbcr = 15
lambda0 = 3.501084296647659
kmpl_prod = 0.180000000000000
 Time :      1.00000
 Time :      2.00000
 Time :      3.01000
 Time :      4.01000
 Time :      5.01000
 Time :      6.01000
 Time :      7.01000
 Time :      8.01000
 Time :      9.01000
 Time :     10.01000
 Time :     11.01000
 Time :     12.01000
 Time :     13.01000
 Time :     14.01000
 Time :     15.01000
 Time :     16.01000
 Time :     17.01000
 Time :     18.00000
 Time :     19.00000
 Time :     20.00000
 Time :     21.00000
 Time :     22.00000
 Time :     23.00000
 Time :     24.00000
 Time :     25.00000
 Time :     26.00000
 Time :     27.00000
 Time :     28.00000
 Time :     29.00000
 Time :     30.00000
 Time :     31.00000
 Time :     32.00000
 Time :     33.00000
 Time :     34.00000
 Time :     35.00000
dtime = 72.52643220126629
mbcr =

   6.666666666666667e-02   7.351714814661832e-02

agsout =

 Columns 1 through 3:

   1.836661269080850e-02   1.836661269080850e-02   1.836661269080850e-02
   4.203253230200674e-03   1.851078630144731e-02   1.851078630144731e-02

 Columns 4 through 6:

   1.836661269080850e-02   1.836661269080850e-02   1.836661269080850e-02
   1.851078630144731e-02   1.851078630144731e-02   1.851078630144731e-02

 Columns 7 through 9:

   1.836661269080850e-02   1.836661269080850e-02   1.836661269080850e-02
   1.851078630144731e-02   1.851078630144731e-02   1.851078630144731e-02

 Columns 10 through 12:

   1.836661269080850e-02   1.836661269080850e-02   1.836661269080850e-02
   1.851078630144731e-02   1.851078630144731e-02   1.851078630144731e-02

 Columns 13 through 15:

   1.836661269080850e-02   1.836661269080850e-02   1.836661269080850e-02
   1.851078630144731e-02   1.851078630144731e-02   1.851078630144731e-02

ans = 4.367461935491702e-21
ans = 3.189580169229632e-21
ans = 3.189580169229632e-21
ans = 3.189580169229632e-21
ans = 3.189580169229632e-21
ans = 3.189580169229632e-21
ans = 3.189580169229632e-21
ans = 3.189580169229632e-21
ans = 3.189580169229632e-21
ans = 3.189580169229632e-21
ans = 3.189580169229632e-21
ans = 3.189580169229632e-21
ans = 3.189580169229632e-21
ans = 3.189580169229632e-21
ans = 3.189580169229632e-21
nbcr = 15
lambda0 = 3.501084296647659
kmpl_prod = 0.180000000000000
 Time :      1.00000
 Time :      2.00000
 Time :      3.01000
 Time :      4.01000
 Time :      5.01000
 Time :      6.01000
 Time :      7.01000
 Time :      8.01000
 Time :      9.01000
 Time :     10.01000
 Time :     11.01000
 Time :     12.01000
 Time :     13.01000
 Time :     14.01000
 Time :     15.01000
 Time :     16.01000
 Time :     17.01000
 Time :     18.00000
 Time :     19.00000
 Time :     20.00000
 Time :     21.00000
 Time :     22.00000
 Time :     23.00000
 Time :     24.00000
 Time :     25.00000
 Time :     26.00000
 Time :     27.00000
 Time :     28.00000
 Time :     29.00000
 Time :     30.00000
 Time :     31.00000
 Time :     32.00000
 Time :     33.00000
 Time :     34.00000
 Time :     35.00000
dtime = 72.40386195480824
mbcr =

   6.666666666666667e-02   7.351714814661832e-02   7.592742880432328e-02

agsout =

 Columns 1 through 3:

   1.836661269080850e-02   1.836661269080850e-02   1.836661269080850e-02
   4.203253230200674e-03   1.851078630144731e-02   1.851078630144731e-02
   4.927707234282048e-03   1.851075300220828e-02   1.851075300220828e-02

 Columns 4 through 6:

   1.836661269080850e-02   1.836661269080850e-02   1.836661269080850e-02
   1.851078630144731e-02   1.851078630144731e-02   1.851078630144731e-02
   1.851075300220828e-02   1.851075300220828e-02   1.851075300220828e-02

 Columns 7 through 9:

   1.836661269080850e-02   1.836661269080850e-02   1.836661269080850e-02
   1.851078630144731e-02   1.851078630144731e-02   1.851078630144731e-02
   1.851075300220828e-02   1.851075300220828e-02   1.851075300220828e-02

 Columns 10 through 12:

   1.836661269080850e-02   1.836661269080850e-02   1.836661269080850e-02
   1.851078630144731e-02   1.851078630144731e-02   1.851078630144731e-02
   1.851075300220828e-02   1.851075300220828e-02   1.851075300220828e-02

 Columns 13 through 15:

   1.836661269080850e-02   1.836661269080850e-02   1.836661269080850e-02
   1.851078630144731e-02   1.851078630144731e-02   1.851078630144731e-02
   1.851075300220828e-02   1.851075300220828e-02   1.851075300220828e-02

ans = 2.154185110241222e-21
ans = 4.212999688588062e-21
ans = 4.212999688588062e-21
ans = 4.212999688588062e-21
ans = 4.212999688588062e-21
ans = 4.212999688588062e-21
ans = 4.212999688588062e-21
ans = 4.212999688588062e-21
ans = 4.212999688588062e-21
ans = 4.212999688588062e-21
ans = 4.212999688588062e-21
ans = 4.212999688588062e-21
ans = 4.212999688588062e-21
ans = 4.212999688588062e-21
ans = 4.212999688588062e-21
nbcr = 15
lambda0 = 3.501084296647659
kmpl_prod = 0.180000000000000
 Time :      1.00000
 Time :      2.00000
 Time :      3.01000
 Time :      4.01000
 Time :      5.01000
 Time :      6.01000
 Time :      7.01000
 Time :      8.01000
 Time :      9.01000
 Time :     10.01000
 Time :     11.01000
 Time :     12.01000
 Time :     13.01000
 Time :     14.01000
 Time :     15.01000
 Time :     16.01000
 Time :     17.01000
 Time :     18.00000
 Time :     19.00000
 Time :     20.00000
 Time :     21.00000
 Time :     22.00000
 Time :     23.00000
 Time :     24.00000
 Time :     25.00000
 Time :     26.00000
 Time :     27.00000
 Time :     28.00000
 Time :     29.00000
 Time :     30.00000
 Time :     31.00000
 Time :     32.00000
 Time :     33.00000
 Time :     34.00000
 Time :     35.00000
dtime = 72.15702161192894
mbcr =

 Columns 1 through 3:

   6.666666666666667e-02   7.351714814661832e-02   7.592742880432328e-02

 Column 4:

   7.388667648663907e-02

agsout =

 Columns 1 through 3:

   1.836661269080850e-02   1.836661269080850e-02   1.836661269080850e-02
   4.203253230200674e-03   1.851078630144731e-02   1.851078630144731e-02
   4.927707234282048e-03   1.851075300220828e-02   1.851075300220828e-02
   4.033005726137720e-03   1.851075301989620e-02   1.851075301989620e-02

 Columns 4 through 6:

   1.836661269080850e-02   1.836661269080850e-02   1.836661269080850e-02
   1.851078630144731e-02   1.851078630144731e-02   1.851078630144731e-02
   1.851075300220828e-02   1.851075300220828e-02   1.851075300220828e-02
   1.851075301989620e-02   1.851075301989620e-02   1.851075301989620e-02

 Columns 7 through 9:

   1.836661269080850e-02   1.836661269080850e-02   1.836661269080850e-02
   1.851078630144731e-02   1.851078630144731e-02   1.851078630144731e-02
   1.851075300220828e-02   1.851075300220828e-02   1.851075300220828e-02
   1.851075301989620e-02   1.851075301989620e-02   1.851075301989620e-02

 Columns 10 through 12:

   1.836661269080850e-02   1.836661269080850e-02   1.836661269080850e-02
   1.851078630144731e-02   1.851078630144731e-02   1.851078630144731e-02
   1.851075300220828e-02   1.851075300220828e-02   1.851075300220828e-02
   1.851075301989620e-02   1.851075301989620e-02   1.851075301989620e-02

 Columns 13 through 15:

   1.836661269080850e-02   1.836661269080850e-02   1.836661269080850e-02
   1.851078630144731e-02   1.851078630144731e-02   1.851078630144731e-02
   1.851075300220828e-02   1.851075300220828e-02   1.851075300220828e-02
   1.851075301989620e-02   1.851075301989620e-02   1.851075301989620e-02

ans = 4.679257327635908e-21
ans = 3.439279662089108e-21
ans = 3.439279662089108e-21
ans = 3.439279662089108e-21
ans = 3.439279662089108e-21
ans = 3.439279662089108e-21
ans = 3.439279662089108e-21
ans = 3.439279662089108e-21
ans = 3.439279662089108e-21
ans = 3.439279662089108e-21
ans = 3.439279662089108e-21
ans = 3.439279662089108e-21
ans = 3.439279662089108e-21
ans = 3.439279662089108e-21
ans = 3.439279662089108e-21
nbcr = 15
lambda0 = 3.501084296647659
kmpl_prod = 0.180000000000000
 Time :      1.00000
 Time :      2.00000
 Time :      3.01000
 Time :      4.01000
 Time :      5.01000
 Time :      6.01000
 Time :      7.01000
 Time :      8.01000
 Time :      9.01000
 Time :     10.01000
 Time :     11.01000
 Time :     12.01000
 Time :     13.01000
 Time :     14.01000
 Time :     15.01000
 Time :     16.01000
 Time :     17.01000
 Time :     18.00000
 Time :     19.00000
 Time :     20.00000
 Time :     21.00000
 Time :     22.00000
 Time :     23.00000
 Time :     24.00000
 Time :     25.00000
 Time :     26.00000
 Time :     27.00000
 Time :     28.00000
 Time :     29.00000
 Time :     30.00000
 Time :     31.00000
 Time :     32.00000
 Time :     33.00000
 Time :     34.00000
 Time :     35.00000
dtime = 72.10494987666607
mbcr =

 Columns 1 through 3:

   6.666666666666667e-02   7.351714814661832e-02   7.592742880432328e-02

 Columns 4 and 5:

   7.388667648663907e-02   7.370158544605701e-02

agsout =

 Columns 1 through 3:

   1.836661269080850e-02   1.836661269080850e-02   1.836661269080850e-02
   4.203253230200674e-03   1.851078630144731e-02   1.851078630144731e-02
   4.927707234282048e-03   1.851075300220828e-02   1.851075300220828e-02
   4.033005726137720e-03   1.851075301989620e-02   1.851075301989620e-02
   3.173581542854664e-03   1.851075302588286e-02   1.851075302588286e-02

 Columns 4 through 6:

   1.836661269080850e-02   1.836661269080850e-02   1.836661269080850e-02
   1.851078630144731e-02   1.851078630144731e-02   1.851078630144731e-02
   1.851075300220828e-02   1.851075300220828e-02   1.851075300220828e-02
   1.851075301989620e-02   1.851075301989620e-02   1.851075301989620e-02
   1.851075302588286e-02   1.851075302588286e-02   1.851075302588286e-02

 Columns 7 through 9:

   1.836661269080850e-02   1.836661269080850e-02   1.836661269080850e-02
   1.851078630144731e-02   1.851078630144731e-02   1.851078630144731e-02
   1.851075300220828e-02   1.851075300220828e-02   1.851075300220828e-02
   1.851075301989620e-02   1.851075301989620e-02   1.851075301989620e-02
   1.851075302588286e-02   1.851075302588286e-02   1.851075302588286e-02

 Columns 10 through 12:

   1.836661269080850e-02   1.836661269080850e-02   1.836661269080850e-02
   1.851078630144731e-02   1.851078630144731e-02   1.851078630144731e-02
   1.851075300220828e-02   1.851075300220828e-02   1.851075300220828e-02
   1.851075301989620e-02   1.851075301989620e-02   1.851075301989620e-02
   1.851075302588286e-02   1.851075302588286e-02   1.851075302588286e-02

 Columns 13 through 15:

   1.836661269080850e-02   1.836661269080850e-02   1.836661269080850e-02
   1.851078630144731e-02   1.851078630144731e-02   1.851078630144731e-02
   1.851075300220828e-02   1.851075300220828e-02   1.851075300220828e-02
   1.851075301989620e-02   1.851075301989620e-02   1.851075301989620e-02
   1.851075302588286e-02   1.851075302588286e-02   1.851075302588286e-02

ans = 6.272096994683332e-22
ans = 3.683600865379856e-21
ans = 3.683600865379856e-21
ans = 3.683600865379856e-21
ans = 3.683600865379856e-21
ans = 3.683600865379856e-21
ans = 3.683600865379856e-21
ans = 3.683600865379856e-21
ans = 3.683600865379856e-21
ans = 3.683600865379856e-21
ans = 3.683600865379856e-21
ans = 3.683600865379856e-21
ans = 3.683600865379856e-21
ans = 3.683600865379856e-21
ans = 3.683600865379856e-21
nbcr = 15
lambda0 = 3.501084296647659
kmpl_prod = 0.180000000000000
 Time :      1.00000
 Time :      2.00000
 Time :      3.01000
 Time :      4.01000
 Time :      5.01000
 Time :      6.01000
 Time :      7.01000
 Time :      8.01000
 Time :      9.01000
 Time :     10.01000
 Time :     11.01000
 Time :     12.01000
 Time :     13.01000
 Time :     14.01000
 Time :     15.01000
 Time :     16.01000
 Time :     17.01000
 Time :     18.00000
 Time :     19.00000
 Time :     20.00000
 Time :     21.00000
 Time :     22.00000
 Time :     23.00000
 Time :     24.00000
 Time :     25.00000
 Time :     26.00000
 Time :     27.00000
 Time :     28.00000
 Time :     29.00000
 Time :     30.00000
 Time :     31.00000
 Time :     32.00000
 Time :     33.00000
 Time :     34.00000
 Time :     35.00000
dtime = 70.42518630623817
mbcr =

 Columns 1 through 3:

   6.666666666666667e-02   7.351714814661832e-02   7.592742880432328e-02

 Columns 4 through 6:

   7.388667648663907e-02   7.370158544605701e-02   7.026857742104184e-02

agsout =

 Columns 1 through 3:

   1.836661269080850e-02   1.836661269080850e-02   1.836661269080850e-02
   4.203253230200674e-03   1.851078630144731e-02   1.851078630144731e-02
   4.927707234282048e-03   1.851075300220828e-02   1.851075300220828e-02
   4.033005726137720e-03   1.851075301989620e-02   1.851075301989620e-02
   3.173581542854664e-03   1.851075302588286e-02   1.851075302588286e-02
   1.225536473280396e-03   1.851075303067212e-02   1.851075303067212e-02

 Columns 4 through 6:

   1.836661269080850e-02   1.836661269080850e-02   1.836661269080850e-02
   1.851078630144731e-02   1.851078630144731e-02   1.851078630144731e-02
   1.851075300220828e-02   1.851075300220828e-02   1.851075300220828e-02
   1.851075301989620e-02   1.851075301989620e-02   1.851075301989620e-02
   1.851075302588286e-02   1.851075302588286e-02   1.851075302588286e-02
   1.851075303067212e-02   1.851075303067212e-02   1.851075303067212e-02

 Columns 7 through 9:

   1.836661269080850e-02   1.836661269080850e-02   1.836661269080850e-02
   1.851078630144731e-02   1.851078630144731e-02   1.851078630144731e-02
   1.851075300220828e-02   1.851075300220828e-02   1.851075300220828e-02
   1.851075301989620e-02   1.851075301989620e-02   1.851075301989620e-02
   1.851075302588286e-02   1.851075302588286e-02   1.851075302588286e-02
   1.851075303067212e-02   1.851075303067212e-02   1.851075303067212e-02

 Columns 10 through 12:

   1.836661269080850e-02   1.836661269080850e-02   1.836661269080850e-02
   1.851078630144731e-02   1.851078630144731e-02   1.851078630144731e-02
   1.851075300220828e-02   1.851075300220828e-02   1.851075300220828e-02
   1.851075301989620e-02   1.851075301989620e-02   1.851075301989620e-02
   1.851075302588286e-02   1.851075302588286e-02   1.851075302588286e-02
   1.851075303067212e-02   1.851075303067212e-02   1.851075303067212e-02

 Columns 13 through 15:

   1.836661269080850e-02   1.836661269080850e-02   1.836661269080850e-02
   1.851078630144731e-02   1.851078630144731e-02   1.851078630144731e-02
   1.851075300220828e-02   1.851075300220828e-02   1.851075300220828e-02
   1.851075301989620e-02   1.851075301989620e-02   1.851075301989620e-02
   1.851075302588286e-02   1.851075302588286e-02   1.851075302588286e-02
   1.851075303067212e-02   1.851075303067212e-02   1.851075303067212e-02

ans = 7.874759431504823e-21
ans = 5.722713358628875e-21
ans = 5.722713358628875e-21
ans = 5.722713358628875e-21
ans = 5.722713358628875e-21
ans = 5.722713358628875e-21
ans = 5.722713358628875e-21
ans = 5.722713358628875e-21
ans = 5.722713358628875e-21
ans = 5.722713358628875e-21
ans = 5.722713358628875e-21
ans = 5.722713358628875e-21
ans = 5.722713358628875e-21
ans = 5.722713358628875e-21
ans = 5.722713358628875e-21
