warning: function /home/surgeon/flu/amcode/perelson21/1d2agt/4paper/2submit/run.m shadows a core library function
warning: called from
    driver at line 1 column 1

lambda0 = 3.501084296647659
kmpl_prod = 0.180000000000000
dkps =

 Columns 1 through 3:

   1.514422395883614e+01   1.662764919033382e+00   6.608122924563447e+00

 Columns 4 through 6:

   3.466309361500606e+00   4.352405082252919e+01   6.692186281863469e+01

nbcr = 2
lambda0 = 3.501084296647659
kmpl_prod = 0.180000000000000
 Time :      1.00000
 Time :      2.00000
 Time :      3.01000
 Time :      4.01000
 Time :      5.01000
 Time :      6.01000
 Time :      7.01000
 Time :      8.01000
 Time :      9.01000
 Time :     10.01000
 Time :     11.01000
 Time :     12.01000
 Time :     13.01000
 Time :     14.01000
 Time :     15.01000
 Time :     16.01000
 Time :     17.01000
 Time :     18.00000
 Time :     19.00000
 Time :     20.00000
 Time :     21.00000
 Time :     22.00000
 Time :     23.00000
 Time :     24.00000
 Time :     25.00000
 Time :     26.00000
 Time :     27.00000
 Time :     28.00000
 Time :     29.00000
 Time :     30.00000
 Time :     31.00000
 Time :     32.00000
 Time :     33.00000
 Time :     34.00000
 Time :     35.00000
dtime = 5.014366284012794
mbcr = 0.500000000000000
agsout =

   1.110448042063631e-02   1.110448042063631e-02

ans = 6.396884944905199e-22
ans = -3.232570135068948e-21
nbcr = 2
lambda0 = 3.501084296647659
kmpl_prod = 0.180000000000000
 Time :      1.00000
 Time :      2.00000
 Time :      3.01000
 Time :      4.01000
 Time :      5.01000
 Time :      6.01000
 Time :      7.01000
 Time :      8.01000
 Time :      9.01000
 Time :     10.01000
 Time :     11.01000
 Time :     12.01000
 Time :     13.01000
 Time :     14.01000
 Time :     15.01000
 Time :     16.01000
 Time :     17.01000
 Time :     18.00000
 Time :     19.00000
 Time :     20.00000
 Time :     21.00000
 Time :     22.00000
 Time :     23.00000
 Time :     24.00000
 Time :     25.00000
 Time :     26.00000
 Time :     27.00000
 Time :     28.00000
 Time :     29.00000
 Time :     30.00000
 Time :     31.00000
 Time :     32.00000
 Time :     33.00000
 Time :     34.00000
 Time :     35.00000
dtime = 5.014657974243164
mbcr =

   0.500000000000000   0.579609627662443

agsout =

   1.110448042063631e-02   1.110448042063631e-02
   3.611053147090832e-03   1.105516040433397e-02

ans = -2.840538223507097e-21
ans = -1.775362239086078e-21
nbcr = 2
lambda0 = 3.501084296647659
kmpl_prod = 0.180000000000000
 Time :      1.00000
 Time :      2.00000
 Time :      3.01000
 Time :      4.01000
 Time :      5.01000
 Time :      6.01000
 Time :      7.01000
 Time :      8.01000
 Time :      9.01000
 Time :     10.01000
 Time :     11.01000
 Time :     12.01000
 Time :     13.01000
 Time :     14.01000
 Time :     15.01000
 Time :     16.01000
 Time :     17.01000
 Time :     18.00000
 Time :     19.00000
 Time :     20.00000
 Time :     21.00000
 Time :     22.00000
 Time :     23.00000
 Time :     24.00000
 Time :     25.00000
 Time :     26.00000
 Time :     27.00000
 Time :     28.00000
 Time :     29.00000
 Time :     30.00000
 Time :     31.00000
 Time :     32.00000
 Time :     33.00000
 Time :     34.00000
 Time :     35.00000
dtime = 5.070018768310547
mbcr =

   0.500000000000000   0.579609627662443   0.612026830141097

agsout =

   1.110448042063631e-02   1.110448042063631e-02
   3.611053147090832e-03   1.105516040433397e-02
   7.176355527980995e-04   1.135483550364875e-02

ans = 1.257314531080602e-21
ans = -7.375866124558779e-22
nbcr = 2
lambda0 = 3.501084296647659
kmpl_prod = 0.180000000000000
 Time :      1.00000
 Time :      2.00000
 Time :      3.01000
 Time :      4.01000
 Time :      5.01000
 Time :      6.01000
 Time :      7.01000
 Time :      8.01000
 Time :      9.01000
 Time :     10.01000
 Time :     11.01000
 Time :     12.01000
 Time :     13.01000
 Time :     14.01000
 Time :     15.01000
 Time :     16.01000
 Time :     17.01000
 Time :     18.00000
 Time :     19.00000
 Time :     20.00000
 Time :     21.00000
 Time :     22.00000
 Time :     23.00000
 Time :     24.00000
 Time :     25.00000
 Time :     26.00000
 Time :     27.00000
 Time :     28.00000
 Time :     29.00000
 Time :     30.00000
 Time :     31.00000
 Time :     32.00000
 Time :     33.00000
 Time :     34.00000
 Time :     35.00000
dtime = 5.114104226231575
mbcr =

   0.500000000000000   0.579609627662443   0.612026830141097   0.612517344608990

agsout =

   1.110448042063631e-02   1.110448042063631e-02
   3.611053147090832e-03   1.105516040433397e-02
   7.176355527980995e-04   1.135483550364875e-02
   6.768694591839259e-04   1.135639912977902e-02

ans = 2.034864306880448e-21
ans = -7.324955742795554e-21
nbcr = 2
lambda0 = 3.501084296647659
kmpl_prod = 0.180000000000000
 Time :      1.00000
 Time :      2.00000
 Time :      3.01000
 Time :      4.01000
 Time :      5.01000
 Time :      6.01000
 Time :      7.01000
 Time :      8.01000
 Time :      9.01000
 Time :     10.01000
 Time :     11.01000
 Time :     12.01000
 Time :     13.01000
 Time :     14.01000
 Time :     15.01000
 Time :     16.01000
 Time :     17.01000
 Time :     18.00000
 Time :     19.00000
 Time :     20.00000
 Time :     21.00000
 Time :     22.00000
 Time :     23.00000
 Time :     24.00000
 Time :     25.00000
 Time :     26.00000
 Time :     27.00000
 Time :     28.00000
 Time :     29.00000
 Time :     30.00000
 Time :     31.00000
 Time :     32.00000
 Time :     33.00000
 Time :     34.00000
 Time :     35.00000
dtime = 5.122643709182739
mbcr =

 Columns 1 through 4:

   0.500000000000000   0.579609627662443   0.612026830141097   0.612517344608990

 Column 5:

   0.613042395585438

agsout =

   1.110448042063631e-02   1.110448042063631e-02
   3.611053147090832e-03   1.105516040433397e-02
   7.176355527980995e-04   1.135483550364875e-02
   6.768694591839259e-04   1.135639912977902e-02
   5.065717484140890e-04   1.138845921684362e-02

ans = -7.173310272059856e-21
ans = -9.999838123941836e-23
nbcr = 2
lambda0 = 3.501084296647659
kmpl_prod = 0.180000000000000
 Time :      1.00000
 Time :      2.00000
 Time :      3.01000
 Time :      4.01000
 Time :      5.01000
 Time :      6.01000
 Time :      7.01000
 Time :      8.01000
 Time :      9.01000
 Time :     10.01000
 Time :     11.01000
 Time :     12.01000
 Time :     13.01000
 Time :     14.01000
 Time :     15.01000
 Time :     16.01000
 Time :     17.01000
 Time :     18.00000
 Time :     19.00000
 Time :     20.00000
 Time :     21.00000
 Time :     22.00000
 Time :     23.00000
 Time :     24.00000
 Time :     25.00000
 Time :     26.00000
 Time :     27.00000
 Time :     28.00000
 Time :     29.00000
 Time :     30.00000
 Time :     31.00000
 Time :     32.00000
 Time :     33.00000
 Time :     34.00000
 Time :     35.00000
dtime = 5.134200677275658
mbcr =

 Columns 1 through 4:

   0.500000000000000   0.579609627662443   0.612026830141097   0.612517344608990

 Columns 5 and 6:

   0.613042395585438   0.590032583968898

agsout =

   1.110448042063631e-02   1.110448042063631e-02
   3.611053147090832e-03   1.105516040433397e-02
   7.176355527980995e-04   1.135483550364875e-02
   6.768694591839259e-04   1.135639912977902e-02
   5.065717484140890e-04   1.138845921684362e-02
   1.984430035738429e-03   1.123098021343538e-02

ans = 7.687299625184994e-21
ans = -4.675832282912056e-21
dkps =

 Columns 1 through 3:

   1.920032725330416e+01   6.408252706844219e+00   4.768448492369872e+00

 Columns 4 through 6:

   1.702089801316261e+00   3.092916021874921e+01   8.748987310621413e+00

nbcr = 3
lambda0 = 3.501084296647659
kmpl_prod = 0.180000000000000
 Time :      1.00000
 Time :      2.00000
 Time :      3.01000
 Time :      4.01000
 Time :      5.01000
 Time :      6.01000
 Time :      7.01000
 Time :      8.01000
 Time :      9.01000
 Time :     10.01000
 Time :     11.01000
 Time :     12.01000
 Time :     13.01000
 Time :     14.01000
 Time :     15.01000
 Time :     16.01000
 Time :     17.01000
 Time :     18.00000
 Time :     19.00000
 Time :     20.00000
 Time :     21.00000
 Time :     22.00000
 Time :     23.00000
 Time :     24.00000
 Time :     25.00000
 Time :     26.00000
 Time :     27.00000
 Time :     28.00000
 Time :     29.00000
 Time :     30.00000
 Time :     31.00000
 Time :     32.00000
 Time :     33.00000
 Time :     34.00000
 Time :     35.00000
dtime = 12.72591166198254
mbcr = 0.333333333333333
agsout =

   8.632278872128881e-03   8.632278872128890e-03   8.632278872128887e-03

ans = 8.208405639634928e-21
ans = 7.828527790081352e-21
ans = 1.460437777780948e-20
nbcr = 3
lambda0 = 3.501084296647659
kmpl_prod = 0.180000000000000
 Time :      1.00000
 Time :      2.00000
 Time :      3.01000
 Time :      4.01000
 Time :      5.01000
 Time :      6.01000
 Time :      7.01000
 Time :      8.01000
 Time :      9.01000
 Time :     10.01000
 Time :     11.01000
 Time :     12.01000
 Time :     13.01000
 Time :     14.01000
 Time :     15.01000
 Time :     16.01000
 Time :     17.01000
 Time :     18.00000
 Time :     19.00000
 Time :     20.00000
 Time :     21.00000
 Time :     22.00000
 Time :     23.00000
 Time :     24.00000
 Time :     25.00000
 Time :     26.00000
 Time :     27.00000
 Time :     28.00000
 Time :     29.00000
 Time :     30.00000
 Time :     31.00000
 Time :     32.00000
 Time :     33.00000
 Time :     34.00000
 Time :     35.00000
dtime = 11.99842616915703
mbcr =

   0.333333333333333   0.422909422016876

agsout =

   8.632278872128881e-03   8.632278872128890e-03   8.632278872128887e-03
   2.694584173374400e-03   8.853641186065625e-03   8.853641186065624e-03

ans = -4.247779240612935e-21
ans = 1.475625589309246e-20
ans = 1.136765881498069e-20
nbcr = 3
lambda0 = 3.501084296647659
kmpl_prod = 0.180000000000000
 Time :      1.00000
 Time :      2.00000
 Time :      3.01000
 Time :      4.01000
 Time :      5.01000
 Time :      6.01000
 Time :      7.01000
 Time :      8.01000
 Time :      9.01000
 Time :     10.01000
 Time :     11.01000
 Time :     12.01000
 Time :     13.01000
 Time :     14.01000
 Time :     15.01000
 Time :     16.01000
 Time :     17.01000
 Time :     18.00000
 Time :     19.00000
 Time :     20.00000
 Time :     21.00000
 Time :     22.00000
 Time :     23.00000
 Time :     24.00000
 Time :     25.00000
 Time :     26.00000
 Time :     27.00000
 Time :     28.00000
 Time :     29.00000
 Time :     30.00000
 Time :     31.00000
 Time :     32.00000
 Time :     33.00000
 Time :     34.00000
 Time :     35.00000
dtime = 12.19791211187840
mbcr =

   0.333333333333333   0.422909422016876   0.461777909081720

agsout =

   8.632278872128881e-03   8.632278872128890e-03   8.632278872128887e-03
   2.694584173374400e-03   8.853641186065625e-03   8.853641186065624e-03
   9.049767484681481e-04   9.177218262545202e-03   9.177218262545202e-03

ans = -3.977084385154957e-21
ans = 1.217335858100149e-20
ans = 1.217335858100149e-20
nbcr = 3
lambda0 = 3.501084296647659
kmpl_prod = 0.180000000000000
 Time :      1.00000
 Time :      2.00000
 Time :      3.01000
 Time :      4.01000
 Time :      5.01000
 Time :      6.01000
 Time :      7.01000
 Time :      8.01000
 Time :      9.01000
 Time :     10.01000
 Time :     11.01000
 Time :     12.01000
 Time :     13.01000
 Time :     14.01000
 Time :     15.01000
 Time :     16.01000
 Time :     17.01000
 Time :     18.00000
 Time :     19.00000
 Time :     20.00000
 Time :     21.00000
 Time :     22.00000
 Time :     23.00000
 Time :     24.00000
 Time :     25.00000
 Time :     26.00000
 Time :     27.00000
 Time :     28.00000
 Time :     29.00000
 Time :     30.00000
 Time :     31.00000
 Time :     32.00000
 Time :     33.00000
 Time :     34.00000
 Time :     35.00000
dtime = 11.77170239388943
mbcr =

   0.333333333333333   0.422909422016876   0.461777909081720   0.471468409577508

agsout =

   8.632278872128881e-03   8.632278872128890e-03   8.632278872128887e-03
   2.694584173374400e-03   8.853641186065625e-03   8.853641186065624e-03
   9.049767484681481e-04   9.177218262545202e-03   9.177218262545202e-03
   5.323585061079853e-04   9.230935672413709e-03   9.230935672413709e-03

ans = 6.809350802536524e-21
ans = 5.090883079957609e-21
ans = 5.090934778745893e-21
nbcr = 3
lambda0 = 3.501084296647659
kmpl_prod = 0.180000000000000
 Time :      1.00000
 Time :      2.00000
 Time :      3.01000
 Time :      4.01000
 Time :      5.01000
 Time :      6.01000
 Time :      7.01000
 Time :      8.01000
 Time :      9.01000
 Time :     10.01000
 Time :     11.01000
 Time :     12.01000
 Time :     13.01000
 Time :     14.01000
 Time :     15.01000
 Time :     16.01000
 Time :     17.01000
 Time :     18.00000
 Time :     19.00000
 Time :     20.00000
 Time :     21.00000
 Time :     22.00000
 Time :     23.00000
 Time :     24.00000
 Time :     25.00000
 Time :     26.00000
 Time :     27.00000
 Time :     28.00000
 Time :     29.00000
 Time :     30.00000
 Time :     31.00000
 Time :     32.00000
 Time :     33.00000
 Time :     34.00000
 Time :     35.00000
dtime = 12.60532289743423
mbcr =

 Columns 1 through 4:

   0.333333333333333   0.422909422016876   0.461777909081720   0.471468409577508

 Column 5:

   0.481193465037285

agsout =

   8.632278872128881e-03   8.632278872128890e-03   8.632278872128887e-03
   2.694584173374400e-03   8.853641186065625e-03   8.853641186065624e-03
   9.049767484681481e-04   9.177218262545202e-03   9.177218262545202e-03
   5.323585061079853e-04   9.230935672413709e-03   9.230935672413709e-03
   2.238685360264967e-04   9.301954389542772e-03   9.301954389542772e-03

ans = 3.573420246229080e-21
ans = 1.180510811205053e-20
ans = 1.180510811205053e-20
nbcr = 3
lambda0 = 3.501084296647659
kmpl_prod = 0.180000000000000
 Time :      1.00000
 Time :      2.00000
 Time :      3.01000
 Time :      4.01000
 Time :      5.01000
 Time :      6.01000
 Time :      7.01000
 Time :      8.01000
 Time :      9.01000
 Time :     10.01000
 Time :     11.01000
 Time :     12.01000
 Time :     13.01000
 Time :     14.01000
 Time :     15.01000
 Time :     16.01000
 Time :     17.01000
 Time :     18.00000
 Time :     19.00000
 Time :     20.00000
 Time :     21.00000
 Time :     22.00000
 Time :     23.00000
 Time :     24.00000
 Time :     25.00000
 Time :     26.00000
 Time :     27.00000
 Time :     28.00000
 Time :     29.00000
 Time :     30.00000
 Time :     31.00000
 Time :     32.00000
 Time :     33.00000
 Time :     34.00000
 Time :     35.00000
dtime = 12.09853626787663
mbcr =

 Columns 1 through 4:

   0.333333333333333   0.422909422016876   0.461777909081720   0.471468409577508

 Columns 5 and 6:

   0.481193465037285   0.457829625297235

agsout =

   8.632278872128881e-03   8.632278872128890e-03   8.632278872128887e-03
   2.694584173374400e-03   8.853641186065625e-03   8.853641186065624e-03
   9.049767484681481e-04   9.177218262545202e-03   9.177218262545202e-03
   5.323585061079853e-04   9.230935672413709e-03   9.230935672413709e-03
   2.238685360264967e-04   9.301954389542772e-03   9.301954389542772e-03
   8.043003776375719e-04   9.221277753735657e-03   9.221277753735657e-03

ans = 1.381598418116694e-20
ans = -4.943179641828609e-22
ans = -4.943179641828609e-22
dkps =

 Columns 1 through 3:

   4.923380179021958e+00   1.402977244779934e+00   4.643714113693061e+01

 Columns 4 through 6:

   1.244772469225338e+01   3.826086495797894e+02   1.463451473779790e+00

nbcr = 4
lambda0 = 3.501084296647659
kmpl_prod = 0.180000000000000
 Time :      1.00000
 Time :      2.00000
 Time :      3.01000
 Time :      4.01000
 Time :      5.01000
 Time :      6.01000
 Time :      7.01000
 Time :      8.01000
 Time :      9.01000
 Time :     10.01000
 Time :     11.01000
 Time :     12.01000
 Time :     13.01000
 Time :     14.01000
 Time :     15.01000
 Time :     16.01000
 Time :     17.01000
 Time :     18.00000
 Time :     19.00000
 Time :     20.00000
 Time :     21.00000
 Time :     22.00000
 Time :     23.00000
 Time :     24.00000
 Time :     25.00000
 Time :     26.00000
 Time :     27.00000
 Time :     28.00000
 Time :     29.00000
 Time :     30.00000
 Time :     31.00000
 Time :     32.00000
 Time :     33.00000
 Time :     34.00000
 Time :     35.00000
dtime = 18.05080734193325
mbcr = 0.250000000000000
agsout =

 Columns 1 through 3:

   7.396322285675617e-03   7.396322285675630e-03   7.396322285675626e-03

 Column 4:

   7.396322285675627e-03

ans = 9.723637347531552e-21
ans = 2.121227132709813e-21
ans = 5.511349325075970e-21
ans = -1.265069349323287e-21
nbcr = 4
lambda0 = 3.501084296647659
kmpl_prod = 0.180000000000000
 Time :      1.00000
 Time :      2.00000
 Time :      3.01000
 Time :      4.01000
 Time :      5.01000
 Time :      6.01000
 Time :      7.01000
 Time :      8.01000
 Time :      9.01000
 Time :     10.01000
 Time :     11.01000
 Time :     12.01000
 Time :     13.01000
 Time :     14.01000
 Time :     15.01000
 Time :     16.01000
 Time :     17.01000
 Time :     18.00000
 Time :     19.00000
 Time :     20.00000
 Time :     21.00000
 Time :     22.00000
 Time :     23.00000
 Time :     24.00000
 Time :     25.00000
 Time :     26.00000
 Time :     27.00000
 Time :     28.00000
 Time :     29.00000
 Time :     30.00000
 Time :     31.00000
 Time :     32.00000
 Time :     33.00000
 Time :     34.00000
 Time :     35.00000
dtime = 18.37841570377350
mbcr =

   0.250000000000000   0.374598216164412

agsout =

 Columns 1 through 3:

   7.396322285675617e-03   7.396322285675630e-03   7.396322285675626e-03
   9.808039279396458e-04   8.045248342090248e-03   8.045248342090246e-03

 Column 4:

   7.396322285675627e-03
   8.045248342090233e-03

ans = 2.326031882499114e-21
ans = 9.464859062773165e-21
ans = 1.284735568386735e-20
ans = 6.062510106977709e-21
nbcr = 4
lambda0 = 3.501084296647659
kmpl_prod = 0.180000000000000
 Time :      1.00000
 Time :      2.00000
 Time :      3.01000
 Time :      4.01000
 Time :      5.01000
 Time :      6.01000
 Time :      7.01000
 Time :      8.01000
 Time :      9.01000
 Time :     10.01000
 Time :     11.01000
 Time :     12.01000
 Time :     13.01000
 Time :     14.01000
 Time :     15.01000
 Time :     16.01000
 Time :     17.01000
 Time :     18.00000
 Time :     19.00000
 Time :     20.00000
 Time :     21.00000
 Time :     22.00000
 Time :     23.00000
 Time :     24.00000
 Time :     25.00000
 Time :     26.00000
 Time :     27.00000
 Time :     28.00000
 Time :     29.00000
 Time :     30.00000
 Time :     31.00000
 Time :     32.00000
 Time :     33.00000
 Time :     34.00000
 Time :     35.00000
dtime = 19.30622197687626
mbcr =

   0.250000000000000   0.374598216164412   0.411873378518319

agsout =

 Columns 1 through 3:

   7.396322285675617e-03   7.396322285675630e-03   7.396322285675626e-03
   9.808039279396458e-04   8.045248342090248e-03   8.045248342090246e-03
   2.289848953169404e-04   8.141397293103661e-03   8.141397293103663e-03

 Column 4:

   7.396322285675627e-03
   8.045248342090233e-03
   8.141397293103663e-03

ans = 6.246867986000465e-21
ans = 3.901966045777485e-21
ans = 5.139376543368530e-22
ans = 7.290356328736109e-21
nbcr = 4
lambda0 = 3.501084296647659
kmpl_prod = 0.180000000000000
 Time :      1.00000
 Time :      2.00000
 Time :      3.01000
 Time :      4.01000
 Time :      5.01000
 Time :      6.01000
 Time :      7.01000
 Time :      8.01000
 Time :      9.01000
 Time :     10.01000
 Time :     11.01000
 Time :     12.01000
 Time :     13.01000
 Time :     14.01000
 Time :     15.01000
 Time :     16.01000
 Time :     17.01000
 Time :     18.00000
 Time :     19.00000
 Time :     20.00000
 Time :     21.00000
 Time :     22.00000
 Time :     23.00000
 Time :     24.00000
 Time :     25.00000
 Time :     26.00000
 Time :     27.00000
 Time :     28.00000
 Time :     29.00000
 Time :     30.00000
 Time :     31.00000
 Time :     32.00000
 Time :     33.00000
 Time :     34.00000
 Time :     35.00000
dtime = 18.43553669750690
mbcr =

   0.250000000000000   0.374598216164412   0.411873378518319   0.372389295208695

agsout =

 Columns 1 through 3:

   7.396322285675617e-03   7.396322285675630e-03   7.396322285675626e-03
   9.808039279396458e-04   8.045248342090248e-03   8.045248342090246e-03
   2.289848953169404e-04   8.141397293103661e-03   8.141397293103663e-03
   9.364136196588453e-04   8.066563147400244e-03   8.066563147400259e-03

 Column 4:

   7.396322285675627e-03
   8.045248342090233e-03
   8.141397293103663e-03
   8.066563147400259e-03

ans = 6.470620341696059e-21
ans = 2.006636768477076e-21
ans = 5.394716858705993e-21
ans = 2.007567346666198e-21
nbcr = 4
lambda0 = 3.501084296647659
kmpl_prod = 0.180000000000000
 Time :      1.00000
 Time :      2.00000
 Time :      3.01000
 Time :      4.01000
 Time :      5.01000
 Time :      6.01000
 Time :      7.01000
 Time :      8.01000
 Time :      9.01000
 Time :     10.01000
 Time :     11.01000
 Time :     12.01000
 Time :     13.01000
 Time :     14.01000
 Time :     15.01000
 Time :     16.01000
 Time :     17.01000
 Time :     18.00000
 Time :     19.00000
 Time :     20.00000
 Time :     21.00000
 Time :     22.00000
 Time :     23.00000
 Time :     24.00000
 Time :     25.00000
 Time :     26.00000
 Time :     27.00000
 Time :     28.00000
 Time :     29.00000
 Time :     30.00000
 Time :     31.00000
 Time :     32.00000
 Time :     33.00000
 Time :     34.00000
 Time :     35.00000
dtime = 18.35774593055248
mbcr =

 Columns 1 through 4:

   0.250000000000000   0.374598216164412   0.411873378518319   0.372389295208695

 Column 5:

   0.381299758902041

agsout =

 Columns 1 through 3:

   7.396322285675617e-03   7.396322285675630e-03   7.396322285675626e-03
   9.808039279396458e-04   8.045248342090248e-03   8.045248342090246e-03
   2.289848953169404e-04   8.141397293103661e-03   8.141397293103663e-03
   9.364136196588453e-04   8.066563147400244e-03   8.066563147400259e-03
   9.473579932107831e-04   7.938765798371517e-03   7.938765798371522e-03

 Column 4:

   7.396322285675627e-03
   8.045248342090233e-03
   8.141397293103663e-03
   8.066563147400259e-03
   7.938765798371526e-03

ans = -2.547716286663325e-22
ans = 2.304731981725873e-22
ans = 3.618398192036650e-21
ans = 2.362634624604585e-22
nbcr = 4
lambda0 = 3.501084296647659
kmpl_prod = 0.180000000000000
 Time :      1.00000
 Time :      2.00000
 Time :      3.01000
 Time :      4.01000
 Time :      5.01000
 Time :      6.01000
 Time :      7.01000
 Time :      8.01000
 Time :      9.01000
 Time :     10.01000
 Time :     11.01000
 Time :     12.01000
 Time :     13.01000
 Time :     14.01000
 Time :     15.01000
 Time :     16.01000
 Time :     17.01000
 Time :     18.00000
 Time :     19.00000
 Time :     20.00000
 Time :     21.00000
 Time :     22.00000
 Time :     23.00000
 Time :     24.00000
 Time :     25.00000
 Time :     26.00000
 Time :     27.00000
 Time :     28.00000
 Time :     29.00000
 Time :     30.00000
 Time :     31.00000
 Time :     32.00000
 Time :     33.00000
 Time :     34.00000
 Time :     35.00000
dtime = 17.78101399540901
mbcr =

 Columns 1 through 4:

   0.250000000000000   0.374598216164412   0.411873378518319   0.372389295208695

 Columns 5 and 6:

   0.381299758902041   0.283891791145820

agsout =

 Columns 1 through 3:

   7.396322285675617e-03   7.396322285675630e-03   7.396322285675626e-03
   9.808039279396458e-04   8.045248342090248e-03   8.045248342090246e-03
   2.289848953169404e-04   8.141397293103661e-03   8.141397293103663e-03
   9.364136196588453e-04   8.066563147400244e-03   8.066563147400259e-03
   9.473579932107831e-04   7.938765798371517e-03   7.938765798371522e-03
   5.068487677026553e-03   7.432206157273624e-03   7.432206157273614e-03

 Column 4:

   7.396322285675627e-03
   8.045248342090233e-03
   8.141397293103663e-03
   8.066563147400259e-03
   7.938765798371526e-03
   7.432206157273614e-03

ans = 1.464895505800784e-20
ans = 1.481178039171008e-20
ans = 1.142233028359162e-20
ans = 1.142561315664769e-20
dkps =

 Columns 1 through 3:

   3.534027547900076e+02   5.432285009232854e+00   7.561861885492655e+01

 Columns 4 through 6:

   3.680603523176644e+00   8.581145483326351e+00   1.210770861805586e+01

nbcr = 5
lambda0 = 3.501084296647659
kmpl_prod = 0.180000000000000
 Time :      1.00000
 Time :      2.00000
 Time :      3.01000
 Time :      4.01000
 Time :      5.01000
 Time :      6.01000
 Time :      7.01000
 Time :      8.01000
 Time :      9.01000
 Time :     10.01000
 Time :     11.01000
 Time :     12.01000
 Time :     13.01000
 Time :     14.01000
 Time :     15.01000
 Time :     16.01000
 Time :     17.01000
 Time :     18.00000
 Time :     19.00000
 Time :     20.00000
 Time :     21.00000
 Time :     22.00000
 Time :     23.00000
 Time :     24.00000
 Time :     25.00000
 Time :     26.00000
 Time :     27.00000
 Time :     28.00000
 Time :     29.00000
 Time :     30.00000
 Time :     31.00000
 Time :     32.00000
 Time :     33.00000
 Time :     34.00000
 Time :     35.00000
dtime = 23.09119440615177
mbcr = 0.200000000000000
agsout =

 Columns 1 through 3:

   6.654776675632307e-03   6.654776675632309e-03   6.654776675632313e-03

 Columns 4 and 5:

   6.654776675632314e-03   6.654776675632316e-03

ans = 3.213280024690270e-21
ans = -3.797948083748942e-21
ans = -3.794018975839315e-21
ans = -3.798930360726349e-21
ans = -3.797017505559820e-21
nbcr = 5
lambda0 = 3.501084296647659
kmpl_prod = 0.180000000000000
 Time :      1.00000
 Time :      2.00000
 Time :      3.01000
 Time :      4.01000
 Time :      5.01000
 Time :      6.01000
 Time :      7.01000
 Time :      8.01000
 Time :      9.01000
 Time :     10.01000
 Time :     11.01000
 Time :     12.01000
 Time :     13.01000
 Time :     14.01000
 Time :     15.01000
 Time :     16.01000
 Time :     17.01000
 Time :     18.00000
 Time :     19.00000
 Time :     20.00000
 Time :     21.00000
 Time :     22.00000
 Time :     23.00000
 Time :     24.00000
 Time :     25.00000
 Time :     26.00000
 Time :     27.00000
 Time :     28.00000
 Time :     29.00000
 Time :     30.00000
 Time :     31.00000
 Time :     32.00000
 Time :     33.00000
 Time :     34.00000
 Time :     35.00000
dtime = 23.03564250469208
mbcr =

   0.200000000000000   0.206554193466915

agsout =

 Columns 1 through 3:

   6.654776675632307e-03   6.654776675632309e-03   6.654776675632313e-03
   6.198304000856447e-03   6.665494167326201e-03   6.665494167326198e-03

 Columns 4 and 5:

   6.654776675632314e-03   6.654776675632316e-03
   6.665494167326175e-03   6.665494167326176e-03

ans = 7.561335527529653e-21
ans = -6.055996059653854e-22
ans = -5.960353301327410e-22
ans = -5.996025465243759e-22
ans = 2.789304724317094e-21
nbcr = 5
lambda0 = 3.501084296647659
kmpl_prod = 0.180000000000000
 Time :      1.00000
 Time :      2.00000
 Time :      3.01000
 Time :      4.01000
 Time :      5.01000
 Time :      6.01000
 Time :      7.01000
 Time :      8.01000
 Time :      9.01000
 Time :     10.01000
 Time :     11.01000
 Time :     12.01000
 Time :     13.01000
 Time :     14.01000
 Time :     15.01000
 Time :     16.01000
 Time :     17.01000
 Time :     18.00000
 Time :     19.00000
 Time :     20.00000
 Time :     21.00000
 Time :     22.00000
 Time :     23.00000
 Time :     24.00000
 Time :     25.00000
 Time :     26.00000
 Time :     27.00000
 Time :     28.00000
 Time :     29.00000
 Time :     30.00000
 Time :     31.00000
 Time :     32.00000
 Time :     33.00000
 Time :     34.00000
 Time :     35.00000
dtime = 23.18867929279804
mbcr =

   0.200000000000000   0.206554193466915   0.331584640765755

agsout =

 Columns 1 through 3:

   6.654776675632307e-03   6.654776675632309e-03   6.654776675632313e-03
   6.198304000856447e-03   6.665494167326201e-03   6.665494167326198e-03
   7.501911972592055e-04   7.387473109794825e-03   7.387473109794788e-03

 Columns 4 and 5:

   6.654776675632314e-03   6.654776675632316e-03
   6.665494167326175e-03   6.665494167326176e-03
   7.387473109794797e-03   7.387473109794795e-03

ans = 7.404093662962151e-21
ans = 5.797347021866179e-21
ans = 9.197524628553684e-21
ans = 5.794141696992536e-21
ans = 5.790264287871194e-21
nbcr = 5
lambda0 = 3.501084296647659
kmpl_prod = 0.180000000000000
 Time :      1.00000
 Time :      2.00000
 Time :      3.01000
 Time :      4.01000
 Time :      5.01000
 Time :      6.01000
 Time :      7.01000
 Time :      8.01000
 Time :      9.01000
 Time :     10.01000
 Time :     11.01000
 Time :     12.01000
 Time :     13.01000
 Time :     14.01000
 Time :     15.01000
 Time :     16.01000
 Time :     17.01000
 Time :     18.00000
 Time :     19.00000
 Time :     20.00000
 Time :     21.00000
 Time :     22.00000
 Time :     23.00000
 Time :     24.00000
 Time :     25.00000
 Time :     26.00000
 Time :     27.00000
 Time :     28.00000
 Time :     29.00000
 Time :     30.00000
 Time :     31.00000
 Time :     32.00000
 Time :     33.00000
 Time :     34.00000
 Time :     35.00000
dtime = 23.17263633012772
mbcr =

   0.200000000000000   0.206554193466915   0.331584640765755   0.305568971779788

agsout =

 Columns 1 through 3:

   6.654776675632307e-03   6.654776675632309e-03   6.654776675632313e-03
   6.198304000856447e-03   6.665494167326201e-03   6.665494167326198e-03
   7.501911972592055e-04   7.387473109794825e-03   7.387473109794788e-03
   1.352628834944613e-03   7.167918299984383e-03   7.167918299984355e-03

 Columns 4 and 5:

   6.654776675632314e-03   6.654776675632316e-03
   6.665494167326175e-03   6.665494167326176e-03
   7.387473109794797e-03   7.387473109794795e-03
   7.167918299984350e-03   7.167918299984348e-03

ans = 1.241391304288956e-21
ans = -2.436253699121805e-21
ans = -5.838809450070400e-21
ans = -2.436408795486658e-21
ans = -2.442767746445660e-21
nbcr = 5
lambda0 = 3.501084296647659
kmpl_prod = 0.180000000000000
 Time :      1.00000
 Time :      2.00000
 Time :      3.01000
 Time :      4.01000
 Time :      5.01000
 Time :      6.01000
 Time :      7.01000
 Time :      8.01000
 Time :      9.01000
 Time :     10.01000
 Time :     11.01000
 Time :     12.01000
 Time :     13.01000
 Time :     14.01000
 Time :     15.01000
 Time :     16.01000
 Time :     17.01000
 Time :     18.00000
 Time :     19.00000
 Time :     20.00000
 Time :     21.00000
 Time :     22.00000
 Time :     23.00000
 Time :     24.00000
 Time :     25.00000
 Time :     26.00000
 Time :     27.00000
 Time :     28.00000
 Time :     29.00000
 Time :     30.00000
 Time :     31.00000
 Time :     32.00000
 Time :     33.00000
 Time :     34.00000
 Time :     35.00000
dtime = 23.41366298496723
mbcr =

 Columns 1 through 4:

   0.200000000000000   0.206554193466915   0.331584640765755   0.305568971779788

 Column 5:

   0.352674095780259

agsout =

 Columns 1 through 3:

   6.654776675632307e-03   6.654776675632309e-03   6.654776675632313e-03
   6.198304000856447e-03   6.665494167326201e-03   6.665494167326198e-03
   7.501911972592055e-04   7.387473109794825e-03   7.387473109794788e-03
   1.352628834944613e-03   7.167918299984383e-03   7.167918299984355e-03
   4.176679018628596e-04   7.405716387651527e-03   7.405716387651491e-03

 Columns 4 and 5:

   6.654776675632314e-03   6.654776675632316e-03
   6.665494167326175e-03   6.665494167326176e-03
   7.387473109794797e-03   7.387473109794795e-03
   7.167918299984350e-03   7.167918299984348e-03
   7.405716387651509e-03   7.405716387651511e-03

ans = 4.513097422089319e-21
ans = -3.571972680157112e-21
ans = 3.212872896732529e-21
ans = -1.827035177976500e-22
ans = -1.034130862056138e-20
nbcr = 5
lambda0 = 3.501084296647659
kmpl_prod = 0.180000000000000
 Time :      1.00000
 Time :      2.00000
 Time :      3.01000
 Time :      4.01000
 Time :      5.01000
 Time :      6.01000
 Time :      7.01000
 Time :      8.01000
 Time :      9.01000
 Time :     10.01000
 Time :     11.01000
 Time :     12.01000
 Time :     13.01000
 Time :     14.01000
 Time :     15.01000
 Time :     16.01000
 Time :     17.01000
 Time :     18.00000
 Time :     19.00000
 Time :     20.00000
 Time :     21.00000
 Time :     22.00000
 Time :     23.00000
 Time :     24.00000
 Time :     25.00000
 Time :     26.00000
 Time :     27.00000
 Time :     28.00000
 Time :     29.00000
 Time :     30.00000
 Time :     31.00000
 Time :     32.00000
 Time :     33.00000
 Time :     34.00000
 Time :     35.00000
dtime = 23.10576885938644
mbcr =

 Columns 1 through 4:

   0.200000000000000   0.206554193466915   0.331584640765755   0.305568971779788

 Columns 5 and 6:

   0.352674095780259   0.356783591108770

agsout =

 Columns 1 through 3:

   6.654776675632307e-03   6.654776675632309e-03   6.654776675632313e-03
   6.198304000856447e-03   6.665494167326201e-03   6.665494167326198e-03
   7.501911972592055e-04   7.387473109794825e-03   7.387473109794788e-03
   1.352628834944613e-03   7.167918299984383e-03   7.167918299984355e-03
   4.176679018628596e-04   7.405716387651527e-03   7.405716387651491e-03
   3.251585610965498e-04   7.473955256663037e-03   7.473955256662987e-03

 Columns 4 and 5:

   6.654776675632314e-03   6.654776675632316e-03
   6.665494167326175e-03   6.665494167326176e-03
   7.387473109794797e-03   7.387473109794795e-03
   7.167918299984350e-03   7.167918299984348e-03
   7.405716387651509e-03   7.405716387651511e-03
   7.473955256662993e-03   7.473955256662989e-03

ans = 1.191140082076360e-21
ans = 1.622514771522764e-21
ans = 1.633888504945368e-21
ans = 5.023778052764244e-21
ans = -5.142788663395311e-21
dkps =

 Columns 1 through 3:

   1.491843495617515e+01   2.266315522927107e+01   2.092091926155505e+00

 Columns 4 through 6:

   8.878331840555910e+00   4.101823545859020e+01   7.561467753756115e+01

nbcr = 7
lambda0 = 3.501084296647659
kmpl_prod = 0.180000000000000
 Time :      1.00000
 Time :      2.00000
 Time :      3.01000
 Time :      4.01000
 Time :      5.01000
 Time :      6.01000
 Time :      7.01000
 Time :      8.01000
 Time :      9.01000
 Time :     10.01000
 Time :     11.01000
 Time :     12.01000
 Time :     13.01000
 Time :     14.01000
 Time :     15.01000
 Time :     16.01000
 Time :     17.01000
 Time :     18.00000
 Time :     19.00000
 Time :     20.00000
 Time :     21.00000
 Time :     22.00000
 Time :     23.00000
 Time :     24.00000
 Time :     25.00000
 Time :     26.00000
 Time :     27.00000
 Time :     28.00000
 Time :     29.00000
 Time :     30.00000
 Time :     31.00000
 Time :     32.00000
 Time :     33.00000
 Time :     34.00000
 Time :     35.00000
dtime = 32.57696069777012
mbcr = 0.142857142857143
agsout =

 Columns 1 through 3:

   5.805757013961514e-03   5.805757013961522e-03   5.805757013961515e-03

 Columns 4 through 6:

   5.805757013961535e-03   5.805757013961533e-03   5.805757013961519e-03

 Column 7:

   5.805757013961519e-03

ans = 2.030728403817683e-22
ans = 4.537085659853357e-21
ans = 1.163532929132403e-21
ans = -2.232353678127483e-21
ans = 4.546701634474286e-21
ans = -5.617486937424180e-21
ans = -2.230182329019532e-21
nbcr = 7
lambda0 = 3.501084296647659
kmpl_prod = 0.180000000000000
 Time :      1.00000
 Time :      2.00000
 Time :      3.01000
 Time :      4.01000
 Time :      5.01000
 Time :      6.01000
 Time :      7.01000
 Time :      8.01000
 Time :      9.01000
 Time :     10.01000
 Time :     11.01000
 Time :     12.01000
 Time :     13.01000
 Time :     14.01000
 Time :     15.01000
 Time :     16.01000
 Time :     17.01000
 Time :     18.00000
 Time :     19.00000
 Time :     20.00000
 Time :     21.00000
 Time :     22.00000
 Time :     23.00000
 Time :     24.00000
 Time :     25.00000
 Time :     26.00000
 Time :     27.00000
 Time :     28.00000
 Time :     29.00000
 Time :     30.00000
 Time :     31.00000
 Time :     32.00000
 Time :     33.00000
 Time :     34.00000
 Time :     35.00000
dtime = 32.77726136147976
mbcr =

   0.142857142857143   0.258192574811390

agsout =

 Columns 1 through 3:

   5.805757013961514e-03   5.805757013961522e-03   5.805757013961515e-03
   9.224387350497542e-04   6.440634689471586e-03   6.440634689471609e-03

 Columns 4 through 6:

   5.805757013961535e-03   5.805757013961533e-03   5.805757013961519e-03
   6.440634689471589e-03   6.440634689471590e-03   6.440634689471575e-03

 Column 7:

   5.805757013961519e-03
   6.440634689471575e-03

ans = 7.338746394570462e-21
ans = 1.185349817788489e-21
ans = 7.965542503732518e-21
ans = 4.569655896472632e-21
ans = 1.176250831050405e-21
ans = 1.182144492914846e-21
ans = 1.182144492914846e-21
nbcr = 7
lambda0 = 3.501084296647659
kmpl_prod = 0.180000000000000
 Time :      1.00000
 Time :      2.00000
 Time :      3.01000
 Time :      4.01000
 Time :      5.01000
 Time :      6.01000
 Time :      7.01000
 Time :      8.01000
 Time :      9.01000
 Time :     10.01000
 Time :     11.01000
 Time :     12.01000
 Time :     13.01000
 Time :     14.01000
 Time :     15.01000
 Time :     16.01000
 Time :     17.01000
 Time :     18.00000
 Time :     19.00000
 Time :     20.00000
 Time :     21.00000
 Time :     22.00000
 Time :     23.00000
 Time :     24.00000
 Time :     25.00000
 Time :     26.00000
 Time :     27.00000
 Time :     28.00000
 Time :     29.00000
 Time :     30.00000
 Time :     31.00000
 Time :     32.00000
 Time :     33.00000
 Time :     34.00000
 Time :     35.00000
dtime = 32.68541917204857
mbcr =

   0.142857142857143   0.258192574811390   0.270751373477213

agsout =

 Columns 1 through 3:

   5.805757013961514e-03   5.805757013961522e-03   5.805757013961515e-03
   9.224387350497542e-04   6.440634689471586e-03   6.440634689471609e-03
   6.860272636905451e-04   6.527571969442604e-03   6.527571969442570e-03

 Columns 4 through 6:

   5.805757013961535e-03   5.805757013961533e-03   5.805757013961519e-03
   6.440634689471589e-03   6.440634689471590e-03   6.440634689471575e-03
   6.527571969442548e-03   6.527571969442577e-03   6.527571969442559e-03

 Column 7:

   5.805757013961519e-03
   6.440634689471575e-03
   6.527571969442559e-03

ans = -2.064436013779219e-21
ans = -4.432447312365399e-21
ans = -1.120550556552616e-20
ans = -4.429035192338618e-21
ans = -7.813651463752469e-21
ans = -4.421900759555348e-21
ans = -4.421900759555348e-21
nbcr = 7
lambda0 = 3.501084296647659
kmpl_prod = 0.180000000000000
 Time :      1.00000
 Time :      2.00000
 Time :      3.01000
 Time :      4.01000
 Time :      5.01000
 Time :      6.01000
 Time :      7.01000
 Time :      8.01000
 Time :      9.01000
 Time :     10.01000
 Time :     11.01000
 Time :     12.01000
 Time :     13.01000
 Time :     14.01000
 Time :     15.01000
 Time :     16.01000
 Time :     17.01000
 Time :     18.00000
 Time :     19.00000
 Time :     20.00000
 Time :     21.00000
 Time :     22.00000
 Time :     23.00000
 Time :     24.00000
 Time :     25.00000
 Time :     26.00000
 Time :     27.00000
 Time :     28.00000
 Time :     29.00000
 Time :     30.00000
 Time :     31.00000
 Time :     32.00000
 Time :     33.00000
 Time :     34.00000
 Time :     35.00000
dtime = 33.89538042247295
mbcr =

   0.142857142857143   0.258192574811390   0.270751373477213   0.310522047343495

agsout =

 Columns 1 through 3:

   5.805757013961514e-03   5.805757013961522e-03   5.805757013961515e-03
   9.224387350497542e-04   6.440634689471586e-03   6.440634689471609e-03
   6.860272636905451e-04   6.527571969442604e-03   6.527571969442570e-03
   2.073511012385363e-04   6.627991539074423e-03   6.627991539074432e-03

 Columns 4 through 6:

   5.805757013961535e-03   5.805757013961533e-03   5.805757013961519e-03
   6.440634689471589e-03   6.440634689471590e-03   6.440634689471575e-03
   6.527571969442548e-03   6.527571969442577e-03   6.527571969442559e-03
   6.627991539074424e-03   6.627991539074435e-03   6.627991539074438e-03

 Column 7:

   5.805757013961519e-03
   6.440634689471575e-03
   6.527571969442559e-03
   6.627991539074438e-03

ans = -2.448454613156962e-21
ans = -1.023015622574957e-21
ans = 5.764208098575773e-21
ans = -1.020947671043574e-21
ans = 2.366873925243920e-21
ans = 5.762243544620960e-21
ans = 5.762243544620960e-21
nbcr = 7
lambda0 = 3.501084296647659
kmpl_prod = 0.180000000000000
 Time :      1.00000
 Time :      2.00000
 Time :      3.01000
 Time :      4.01000
 Time :      5.01000
 Time :      6.01000
 Time :      7.01000
 Time :      8.01000
 Time :      9.01000
 Time :     10.01000
 Time :     11.01000
 Time :     12.01000
 Time :     13.01000
 Time :     14.01000
 Time :     15.01000
 Time :     16.01000
 Time :     17.01000
 Time :     18.00000
 Time :     19.00000
 Time :     20.00000
 Time :     21.00000
 Time :     22.00000
 Time :     23.00000
 Time :     24.00000
 Time :     25.00000
 Time :     26.00000
 Time :     27.00000
 Time :     28.00000
 Time :     29.00000
 Time :     30.00000
 Time :     31.00000
 Time :     32.00000
 Time :     33.00000
 Time :     34.00000
 Time :     35.00000
dtime = 34.15135368704796
mbcr =

 Columns 1 through 4:

   0.142857142857143   0.258192574811390   0.270751373477213   0.310522047343495

 Column 5:

   0.308790164191985

agsout =

 Columns 1 through 3:

   5.805757013961514e-03   5.805757013961522e-03   5.805757013961515e-03
   9.224387350497542e-04   6.440634689471586e-03   6.440634689471609e-03
   6.860272636905451e-04   6.527571969442604e-03   6.527571969442570e-03
   2.073511012385363e-04   6.627991539074423e-03   6.627991539074432e-03
   2.001591669935256e-04   6.698191162386445e-03   6.698191162386430e-03

 Columns 4 through 6:

   5.805757013961535e-03   5.805757013961533e-03   5.805757013961519e-03
   6.440634689471589e-03   6.440634689471590e-03   6.440634689471575e-03
   6.527571969442548e-03   6.527571969442577e-03   6.527571969442559e-03
   6.627991539074424e-03   6.627991539074435e-03   6.627991539074438e-03
   6.698191162386468e-03   6.698191162386444e-03   6.698191162386445e-03

 Column 7:

   5.805757013961519e-03
   6.440634689471575e-03
   6.527571969442559e-03
   6.627991539074438e-03
   6.698191162386445e-03

ans = 1.958763690525570e-21
ans = 3.121366041468850e-21
ans = 3.112887440190181e-21
ans = -2.645943984403997e-22
ans = 6.509808023215759e-21
ans = -2.751409512504508e-22
ans = -2.770021076286951e-22
nbcr = 7
lambda0 = 3.501084296647659
kmpl_prod = 0.180000000000000
 Time :      1.00000
 Time :      2.00000
 Time :      3.01000
 Time :      4.01000
 Time :      5.01000
 Time :      6.01000
 Time :      7.01000
 Time :      8.01000
 Time :      9.01000
 Time :     10.01000
 Time :     11.01000
 Time :     12.01000
 Time :     13.01000
 Time :     14.01000
 Time :     15.01000
 Time :     16.01000
 Time :     17.01000
 Time :     18.00000
 Time :     19.00000
 Time :     20.00000
 Time :     21.00000
 Time :     22.00000
 Time :     23.00000
 Time :     24.00000
 Time :     25.00000
 Time :     26.00000
 Time :     27.00000
 Time :     28.00000
 Time :     29.00000
 Time :     30.00000
 Time :     31.00000
 Time :     32.00000
 Time :     33.00000
 Time :     34.00000
 Time :     35.00000
dtime = 32.19744153320789
mbcr =

 Columns 1 through 4:

   0.142857142857143   0.258192574811390   0.270751373477213   0.310522047343495

 Columns 5 and 6:

   0.308790164191985   0.268204238811887

agsout =

 Columns 1 through 3:

   5.805757013961514e-03   5.805757013961522e-03   5.805757013961515e-03
   9.224387350497542e-04   6.440634689471586e-03   6.440634689471609e-03
   6.860272636905451e-04   6.527571969442604e-03   6.527571969442570e-03
   2.073511012385363e-04   6.627991539074423e-03   6.627991539074432e-03
   2.001591669935256e-04   6.698191162386445e-03   6.698191162386430e-03
   7.781641336987281e-04   6.492719735766032e-03   6.492719735766031e-03

 Columns 4 through 6:

   5.805757013961535e-03   5.805757013961533e-03   5.805757013961519e-03
   6.440634689471589e-03   6.440634689471590e-03   6.440634689471575e-03
   6.527571969442548e-03   6.527571969442577e-03   6.527571969442559e-03
   6.627991539074424e-03   6.627991539074435e-03   6.627991539074438e-03
   6.698191162386468e-03   6.698191162386444e-03   6.698191162386445e-03
   6.492719735766006e-03   6.492719735766030e-03   6.492719735765995e-03

 Column 7:

   5.805757013961519e-03
   6.440634689471575e-03
   6.527571969442559e-03
   6.627991539074438e-03
   6.698191162386445e-03
   6.492719735765995e-03

ans = 9.949948793247232e-21
ans = 6.489852290937917e-21
ans = 6.480443111470126e-21
ans = 6.484579014532891e-21
ans = 6.478892147821589e-21
ans = 6.473722268993133e-21
ans = 3.094482671560877e-21
dkps =

 Columns 1 through 3:

   5.682162825015179e+00   3.819511810153230e+00   1.695170810143516e+01

 Columns 4 through 6:

   4.013179368072143e+00   9.573073830529211e-01   6.927415807755436e+01

nbcr = 10
lambda0 = 3.501084296647659
kmpl_prod = 0.180000000000000
 Time :      1.00000
 Time :      2.00000
 Time :      3.01000
 Time :      4.01000
 Time :      5.01000
 Time :      6.01000
 Time :      7.01000
 Time :      8.01000
 Time :      9.01000
 Time :     10.01000
 Time :     11.01000
 Time :     12.01000
 Time :     13.01000
 Time :     14.01000
 Time :     15.01000
 Time :     16.01000
 Time :     17.01000
 Time :     18.00000
 Time :     19.00000
 Time :     20.00000
 Time :     21.00000
 Time :     22.00000
 Time :     23.00000
 Time :     24.00000
 Time :     25.00000
 Time :     26.00000
 Time :     27.00000
 Time :     28.00000
 Time :     29.00000
 Time :     30.00000
 Time :     31.00000
 Time :     32.00000
 Time :     33.00000
 Time :     34.00000
 Time :     35.00000
dtime = 46.94306664168835
mbcr = 0.100000000000000
agsout =

 Columns 1 through 3:

   5.165803084021687e-03   5.165803084021710e-03   5.165803084021646e-03

 Columns 4 through 6:

   5.165803084021644e-03   5.165803084021664e-03   5.165803084021658e-03

 Columns 7 through 9:

   5.165803084021657e-03   5.165803084021666e-03   5.165803084021665e-03

 Column 10:

   5.165803084021660e-03

ans = 7.949257385422881e-21
ans = -1.210061838588510e-21
ans = -4.606155241001535e-21
ans = 5.546969790204034e-21
ans = -1.214301139227845e-21
ans = 2.169487951573453e-21
ans = -4.611738710136268e-21
ans = 2.169591349150022e-21
ans = -1.216369090759227e-21
ans = -4.619286733225814e-21
nbcr = 10
lambda0 = 3.501084296647659
kmpl_prod = 0.180000000000000
 Time :      1.00000
 Time :      2.00000
 Time :      3.01000
 Time :      4.01000
 Time :      5.01000
 Time :      6.01000
 Time :      7.01000
 Time :      8.01000
 Time :      9.01000
 Time :     10.01000
 Time :     11.01000
 Time :     12.01000
 Time :     13.01000
 Time :     14.01000
 Time :     15.01000
 Time :     16.01000
 Time :     17.01000
 Time :     18.00000
 Time :     19.00000
 Time :     20.00000
 Time :     21.00000
 Time :     22.00000
 Time :     23.00000
 Time :     24.00000
 Time :     25.00000
 Time :     26.00000
 Time :     27.00000
 Time :     28.00000
 Time :     29.00000
 Time :     30.00000
 Time :     31.00000
 Time :     32.00000
 Time :     33.00000
 Time :     34.00000
 Time :     35.00000
dtime = 47.09634482860565
mbcr =

   0.100000000000000   0.237682975910062

agsout =

 Columns 1 through 3:

   5.165803084021687e-03   5.165803084021710e-03   5.165803084021646e-03
   4.227664881040314e-04   6.017220387054423e-03   6.017220387054375e-03

 Columns 4 through 6:

   5.165803084021644e-03   5.165803084021664e-03   5.165803084021658e-03
   6.017220387054425e-03   6.017220387054410e-03   6.017220387054392e-03

 Columns 7 through 9:

   5.165803084021657e-03   5.165803084021666e-03   5.165803084021665e-03
   6.017220387054407e-03   6.017220387054409e-03   6.017220387054410e-03

 Column 10:

   5.165803084021660e-03
   6.017220387054414e-03

ans = 1.294041350277956e-20
ans = -7.332956130282590e-22
ans = -7.281257341998026e-22
ans = -4.124736124495673e-21
ans = -7.374315160910242e-22
ans = 2.647391550475965e-21
ans = 2.652975019610698e-21
ans = -4.128872027558438e-21
ans = -7.314344566500147e-22
ans = -7.515142660197395e-21
nbcr = 10
lambda0 = 3.501084296647659
kmpl_prod = 0.180000000000000
 Time :      1.00000
 Time :      2.00000
 Time :      3.01000
 Time :      4.01000
 Time :      5.01000
 Time :      6.01000
 Time :      7.01000
 Time :      8.01000
 Time :      9.01000
 Time :     10.01000
 Time :     11.01000
 Time :     12.01000
 Time :     13.01000
 Time :     14.01000
 Time :     15.01000
 Time :     16.01000
 Time :     17.01000
 Time :     18.00000
 Time :     19.00000
 Time :     20.00000
 Time :     21.00000
 Time :     22.00000
 Time :     23.00000
 Time :     24.00000
 Time :     25.00000
 Time :     26.00000
 Time :     27.00000
 Time :     28.00000
 Time :     29.00000
 Time :     30.00000
 Time :     31.00000
 Time :     32.00000
 Time :     33.00000
 Time :     34.00000
 Time :     35.00000
dtime = 49.36359263956547
mbcr =

   0.100000000000000   0.237682975910062   0.270431866945639

agsout =

 Columns 1 through 3:

   5.165803084021687e-03   5.165803084021710e-03   5.165803084021646e-03
   4.227664881040314e-04   6.017220387054423e-03   6.017220387054375e-03
   1.666762089998225e-04   6.025317674889791e-03   6.025317674889817e-03

 Columns 4 through 6:

   5.165803084021644e-03   5.165803084021664e-03   5.165803084021658e-03
   6.017220387054425e-03   6.017220387054410e-03   6.017220387054392e-03
   6.025317674889783e-03   6.025317674889822e-03   6.025317674889813e-03

 Columns 7 through 9:

   5.165803084021657e-03   5.165803084021666e-03   5.165803084021665e-03
   6.017220387054407e-03   6.017220387054409e-03   6.017220387054410e-03
   6.025317674889762e-03   6.025317674889798e-03   6.025317674889768e-03

 Column 10:

   5.165803084021660e-03
   6.017220387054414e-03
   6.025317674889771e-03

ans = 5.174841912131741e-21
ans = 2.105174658947455e-22
ans = 3.586861931183066e-21
ans = 2.016252743098005e-22
ans = 3.595133737308597e-21
ans = 2.026592500754918e-22
ans = 1.972825760938971e-22
ans = -6.555613149635883e-21
ans = -6.565952907292795e-21
ans = 2.107242610478838e-22
nbcr = 10
lambda0 = 3.501084296647659
kmpl_prod = 0.180000000000000
 Time :      1.00000
 Time :      2.00000
 Time :      3.01000
 Time :      4.01000
 Time :      5.01000
 Time :      6.01000
 Time :      7.01000
 Time :      8.01000
 Time :      9.01000
 Time :     10.01000
 Time :     11.01000
 Time :     12.01000
 Time :     13.01000
 Time :     14.01000
 Time :     15.01000
 Time :     16.01000
 Time :     17.01000
 Time :     18.00000
 Time :     19.00000
 Time :     20.00000
 Time :     21.00000
 Time :     22.00000
 Time :     23.00000
 Time :     24.00000
 Time :     25.00000
 Time :     26.00000
 Time :     27.00000
 Time :     28.00000
 Time :     29.00000
 Time :     30.00000
 Time :     31.00000
 Time :     32.00000
 Time :     33.00000
 Time :     34.00000
 Time :     35.00000
dtime = 48.78604598343372
mbcr =

   0.100000000000000   0.237682975910062   0.270431866945639   0.256439908617971

agsout =

 Columns 1 through 3:

   5.165803084021687e-03   5.165803084021710e-03   5.165803084021646e-03
   4.227664881040314e-04   6.017220387054423e-03   6.017220387054375e-03
   1.666762089998225e-04   6.025317674889791e-03   6.025317674889817e-03
   2.455518869833235e-04   6.066555790220647e-03   6.066555790220664e-03

 Columns 4 through 6:

   5.165803084021644e-03   5.165803084021664e-03   5.165803084021658e-03
   6.017220387054425e-03   6.017220387054410e-03   6.017220387054392e-03
   6.025317674889783e-03   6.025317674889822e-03   6.025317674889813e-03
   6.066555790220646e-03   6.066555790220658e-03   6.066555790220632e-03

 Columns 7 through 9:

   5.165803084021657e-03   5.165803084021666e-03   5.165803084021665e-03
   6.017220387054407e-03   6.017220387054409e-03   6.017220387054410e-03
   6.025317674889762e-03   6.025317674889798e-03   6.025317674889768e-03
   6.066555790220662e-03   6.066555790220661e-03   6.066555790220658e-03

 Column 10:

   5.165803084021660e-03
   6.017220387054414e-03
   6.025317674889771e-03
   6.066555790220660e-03

ans = 9.661469554619363e-22
ans = 1.037181090564928e-20
ans = 6.983885911785213e-21
ans = 1.375704756252254e-20
ans = 3.592031810011523e-21
ans = 1.037201770080241e-20
ans = 3.581071666895195e-21
ans = 1.714828127883682e-20
ans = 1.035423331763252e-20
ans = 1.037532642325263e-20
nbcr = 10
lambda0 = 3.501084296647659
kmpl_prod = 0.180000000000000
 Time :      1.00000
 Time :      2.00000
 Time :      3.01000
 Time :      4.01000
 Time :      5.01000
 Time :      6.01000
 Time :      7.01000
 Time :      8.01000
 Time :      9.01000
 Time :     10.01000
 Time :     11.01000
 Time :     12.01000
 Time :     13.01000
 Time :     14.01000
 Time :     15.01000
 Time :     16.01000
 Time :     17.01000
 Time :     18.00000
 Time :     19.00000
 Time :     20.00000
 Time :     21.00000
 Time :     22.00000
 Time :     23.00000
 Time :     24.00000
 Time :     25.00000
 Time :     26.00000
 Time :     27.00000
 Time :     28.00000
 Time :     29.00000
 Time :     30.00000
 Time :     31.00000
 Time :     32.00000
 Time :     33.00000
 Time :     34.00000
 Time :     35.00000
dtime = 49.36694204807281
mbcr =

 Columns 1 through 4:

   0.100000000000000   0.237682975910062   0.270431866945639   0.256439908617971

 Column 5:

   0.268511367440697

agsout =

 Columns 1 through 3:

   5.165803084021687e-03   5.165803084021710e-03   5.165803084021646e-03
   4.227664881040314e-04   6.017220387054423e-03   6.017220387054375e-03
   1.666762089998225e-04   6.025317674889791e-03   6.025317674889817e-03
   2.455518869833235e-04   6.066555790220647e-03   6.066555790220664e-03
   1.753963020124358e-04   6.007430932763685e-03   6.007430932763784e-03

 Columns 4 through 6:

   5.165803084021644e-03   5.165803084021664e-03   5.165803084021658e-03
   6.017220387054425e-03   6.017220387054410e-03   6.017220387054392e-03
   6.025317674889783e-03   6.025317674889822e-03   6.025317674889813e-03
   6.066555790220646e-03   6.066555790220658e-03   6.066555790220632e-03
   6.007430932763757e-03   6.007430932763769e-03   6.007430932763785e-03

 Columns 7 through 9:

   5.165803084021657e-03   5.165803084021666e-03   5.165803084021665e-03
   6.017220387054407e-03   6.017220387054409e-03   6.017220387054410e-03
   6.025317674889762e-03   6.025317674889798e-03   6.025317674889768e-03
   6.066555790220662e-03   6.066555790220661e-03   6.066555790220658e-03
   6.007430932763767e-03   6.007430932763772e-03   6.007430932763765e-03

 Column 10:

   5.165803084021660e-03
   6.017220387054414e-03
   6.025317674889771e-03
   6.066555790220660e-03
   6.007430932763762e-03

ans = 1.217609861678057e-21
ans = 1.635832379384868e-20
ans = 1.298384048493860e-20
ans = 1.636142572114575e-20
ans = 1.298384048493860e-20
ans = 9.567170964788318e-21
ans = 1.635770340838926e-20
ans = 1.298094535279466e-20
ans = 1.636101213083947e-20
ans = 9.584541757651932e-21
nbcr = 10
lambda0 = 3.501084296647659
kmpl_prod = 0.180000000000000
 Time :      1.00000
 Time :      2.00000
 Time :      3.01000
 Time :      4.01000
 Time :      5.01000
 Time :      6.01000
 Time :      7.01000
 Time :      8.01000
 Time :      9.01000
 Time :     10.01000
 Time :     11.01000
 Time :     12.01000
 Time :     13.01000
 Time :     14.01000
 Time :     15.01000
 Time :     16.01000
 Time :     17.01000
 Time :     18.00000
 Time :     19.00000
 Time :     20.00000
 Time :     21.00000
 Time :     22.00000
 Time :     23.00000
 Time :     24.00000
 Time :     25.00000
 Time :     26.00000
 Time :     27.00000
 Time :     28.00000
 Time :     29.00000
 Time :     30.00000
 Time :     31.00000
 Time :     32.00000
 Time :     33.00000
 Time :     34.00000
 Time :     35.00000
dtime = 48.05026240646839
mbcr =

 Columns 1 through 4:

   0.100000000000000   0.237682975910062   0.270431866945639   0.256439908617971

 Columns 5 and 6:

   0.268511367440697   0.287715378348419

agsout =

 Columns 1 through 3:

   5.165803084021687e-03   5.165803084021710e-03   5.165803084021646e-03
   4.227664881040314e-04   6.017220387054423e-03   6.017220387054375e-03
   1.666762089998225e-04   6.025317674889791e-03   6.025317674889817e-03
   2.455518869833235e-04   6.066555790220647e-03   6.066555790220664e-03
   1.753963020124358e-04   6.007430932763685e-03   6.007430932763784e-03
   4.462048166968535e-05   6.060138614077125e-03   6.060138614077117e-03

 Columns 4 through 6:

   5.165803084021644e-03   5.165803084021664e-03   5.165803084021658e-03
   6.017220387054425e-03   6.017220387054410e-03   6.017220387054392e-03
   6.025317674889783e-03   6.025317674889822e-03   6.025317674889813e-03
   6.066555790220646e-03   6.066555790220658e-03   6.066555790220632e-03
   6.007430932763757e-03   6.007430932763769e-03   6.007430932763785e-03
   6.060138614077118e-03   6.060138614077131e-03   6.060138614077124e-03

 Columns 7 through 9:

   5.165803084021657e-03   5.165803084021666e-03   5.165803084021665e-03
   6.017220387054407e-03   6.017220387054409e-03   6.017220387054410e-03
   6.025317674889762e-03   6.025317674889798e-03   6.025317674889768e-03
   6.066555790220662e-03   6.066555790220661e-03   6.066555790220658e-03
   6.007430932763767e-03   6.007430932763772e-03   6.007430932763765e-03
   6.060138614077107e-03   6.060138614077101e-03   6.060138614077106e-03

 Column 10:

   5.165803084021660e-03
   6.017220387054414e-03
   6.025317674889771e-03
   6.066555790220660e-03
   6.007430932763762e-03
   6.060138614077107e-03

ans = -4.235164736271502e-22
ans = 1.717847337119500e-21
ans = 1.706060013390620e-21
ans = 1.699028978183919e-21
ans = 1.712884253444182e-21
ans = -1.681244595014029e-21
ans = 8.473224604686939e-21
ans = 1.708127964922002e-21
ans = 1.708541555228279e-21
ans = 1.689516401139559e-21
dkps =

 Columns 1 through 3:

   1.361198043592247e+01   4.566198094044074e-01   3.186796473613380e+02

 Columns 4 through 6:

   8.476945678912495e+00   1.616960362585340e+02   3.503101338602211e+01

nbcr = 15
lambda0 = 3.501084296647659
kmpl_prod = 0.180000000000000
 Time :      1.00000
 Time :      2.00000
 Time :      3.01000
 Time :      4.01000
 Time :      5.01000
 Time :      6.01000
 Time :      7.01000
 Time :      8.01000
 Time :      9.01000
 Time :     10.01000
 Time :     11.01000
 Time :     12.01000
 Time :     13.01000
 Time :     14.01000
 Time :     15.01000
 Time :     16.01000
 Time :     17.01000
 Time :     18.00000
 Time :     19.00000
 Time :     20.00000
 Time :     21.00000
 Time :     22.00000
 Time :     23.00000
 Time :     24.00000
 Time :     25.00000
 Time :     26.00000
 Time :     27.00000
 Time :     28.00000
 Time :     29.00000
 Time :     30.00000
 Time :     31.00000
 Time :     32.00000
 Time :     33.00000
 Time :     34.00000
 Time :     35.00000
dtime = 72.34635874629021
mbcr = 6.666666666666667e-02
agsout =

 Columns 1 through 3:

   4.664289824553062e-03   4.664289824553062e-03   4.664289824553099e-03

 Columns 4 through 6:

   4.664289824553137e-03   4.664289824553130e-03   4.664289824553107e-03

 Columns 7 through 9:

   4.664289824553147e-03   4.664289824553143e-03   4.664289824553102e-03

 Columns 10 through 12:

   4.664289824553108e-03   4.664289824553121e-03   4.664289824553106e-03

 Columns 13 through 15:

   4.664289824553102e-03   4.664289824553101e-03   4.664289824553102e-03

ans = 1.009589447257456e-20
ans = 7.275053487403878e-22
ans = -6.043174760159282e-21
ans = -9.428204621879409e-21
ans = -9.440612331067705e-21
ans = 7.186131571554428e-22
ans = -2.656076946907772e-21
ans = -6.048758229294015e-21
ans = -6.036143724952581e-21
ans = -2.652561429304421e-21
ans = -2.666003114258408e-21
ans = -2.655249766295219e-21
ans = -6.028492304286466e-21
ans = -6.052066951744227e-21
ans = -9.440198740761428e-21
nbcr = 15
lambda0 = 3.501084296647659
kmpl_prod = 0.180000000000000
 Time :      1.00000
 Time :      2.00000
 Time :      3.01000
 Time :      4.01000
 Time :      5.01000
 Time :      6.01000
 Time :      7.01000
 Time :      8.01000
 Time :      9.01000
 Time :     10.01000
 Time :     11.01000
 Time :     12.01000
 Time :     13.01000
 Time :     14.01000
 Time :     15.01000
 Time :     16.01000
 Time :     17.01000
 Time :     18.00000
 Time :     19.00000
 Time :     20.00000
 Time :     21.00000
 Time :     22.00000
 Time :     23.00000
 Time :     24.00000
 Time :     25.00000
 Time :     26.00000
 Time :     27.00000
 Time :     28.00000
 Time :     29.00000
 Time :     30.00000
 Time :     31.00000
 Time :     32.00000
 Time :     33.00000
 Time :     34.00000
 Time :     35.00000
dtime = 72.17316515743732
mbcr =

   6.666666666666667e-02   1.861044973462383e-01

agsout =

 Columns 1 through 3:

   4.664289824553062e-03   4.664289824553062e-03   4.664289824553099e-03
   4.925600737582809e-04   5.404821742215338e-03   5.404821742215345e-03

 Columns 4 through 6:

   4.664289824553137e-03   4.664289824553130e-03   4.664289824553107e-03
   5.404821742215317e-03   5.404821742215373e-03   5.404821742215340e-03

 Columns 7 through 9:

   4.664289824553147e-03   4.664289824553143e-03   4.664289824553102e-03
   5.404821742215320e-03   5.404821742215344e-03   5.404821742215318e-03

 Columns 10 through 12:

   4.664289824553108e-03   4.664289824553121e-03   4.664289824553106e-03
   5.404821742215321e-03   5.404821742215321e-03   5.404821742215314e-03

 Columns 13 through 15:

   4.664289824553102e-03   4.664289824553101e-03   4.664289824553102e-03
   5.404821742215336e-03   5.404821742215333e-03   5.404821742215334e-03

ans = 5.065654071274741e-21
ans = 7.773843396773354e-21
ans = 7.767432747026068e-21
ans = 4.382816475612217e-21
ans = 7.791007394483829e-21
ans = 1.117045378706922e-20
ans = 4.379921343468282e-21
ans = 4.392329052656577e-21
ans = 7.781908407745746e-21
ans = 4.379714548315143e-21
ans = 7.776738528917290e-21
ans = 4.392742642962853e-21
ans = 7.772395830701386e-21
ans = 1.115639171665582e-20
ans = 7.782321998052023e-21
nbcr = 15
lambda0 = 3.501084296647659
kmpl_prod = 0.180000000000000
 Time :      1.00000
 Time :      2.00000
 Time :      3.01000
 Time :      4.01000
 Time :      5.01000
 Time :      6.01000
 Time :      7.01000
 Time :      8.01000
 Time :      9.01000
 Time :     10.01000
 Time :     11.01000
 Time :     12.01000
 Time :     13.01000
 Time :     14.01000
 Time :     15.01000
 Time :     16.01000
 Time :     17.01000
 Time :     18.00000
 Time :     19.00000
 Time :     20.00000
 Time :     21.00000
 Time :     22.00000
 Time :     23.00000
 Time :     24.00000
 Time :     25.00000
 Time :     26.00000
 Time :     27.00000
 Time :     28.00000
 Time :     29.00000
 Time :     30.00000
 Time :     31.00000
 Time :     32.00000
 Time :     33.00000
 Time :     34.00000
 Time :     35.00000
dtime = 77.75638774037361
mbcr =

   6.666666666666667e-02   1.861044973462383e-01   2.522762381229900e-01

agsout =

 Columns 1 through 3:

   4.664289824553062e-03   4.664289824553062e-03   4.664289824553099e-03
   4.925600737582809e-04   5.404821742215338e-03   5.404821742215345e-03
   4.888386867628499e-05   5.569482224521223e-03   5.569482224521215e-03

 Columns 4 through 6:

   4.664289824553137e-03   4.664289824553130e-03   4.664289824553107e-03
   5.404821742215317e-03   5.404821742215373e-03   5.404821742215340e-03
   5.569482224521214e-03   5.569482224521222e-03   5.569482224521206e-03

 Columns 7 through 9:

   4.664289824553147e-03   4.664289824553143e-03   4.664289824553102e-03
   5.404821742215320e-03   5.404821742215344e-03   5.404821742215318e-03
   5.569482224521223e-03   5.569482224521225e-03   5.569482224521187e-03

 Columns 10 through 12:

   4.664289824553108e-03   4.664289824553121e-03   4.664289824553106e-03
   5.404821742215321e-03   5.404821742215321e-03   5.404821742215314e-03
   5.569482224521203e-03   5.569482224521203e-03   5.569482224521233e-03

 Columns 13 through 15:

   4.664289824553102e-03   4.664289824553101e-03   4.664289824553102e-03
   5.404821742215336e-03   5.404821742215333e-03   5.404821742215334e-03
   5.569482224521231e-03   5.569482224521216e-03   5.569482224521216e-03

ans = 5.823351512373315e-21
ans = 4.210969703354326e-21
ans = 7.575320049760627e-21
ans = 1.098268378801969e-20
ans = 7.576767615832595e-21
ans = 7.595172384461900e-21
ans = 1.094856258775187e-20
ans = 1.097585954796612e-20
ans = 1.097606634311926e-20
ans = 7.591036481399135e-21
ans = 4.210142522741773e-21
ans = 7.591656866858550e-21
ans = 1.096634697092176e-20
ans = 4.196494042634648e-21
ans = 4.196494042634648e-21
nbcr = 15
lambda0 = 3.501084296647659
kmpl_prod = 0.180000000000000
 Time :      1.00000
 Time :      2.00000
 Time :      3.01000
 Time :      4.01000
 Time :      5.01000
 Time :      6.01000
 Time :      7.01000
 Time :      8.01000
 Time :      9.01000
 Time :     10.01000
 Time :     11.01000
 Time :     12.01000
 Time :     13.01000
 Time :     14.01000
 Time :     15.01000
 Time :     16.01000
 Time :     17.01000
 Time :     18.00000
 Time :     19.00000
 Time :     20.00000
 Time :     21.00000
 Time :     22.00000
 Time :     23.00000
 Time :     24.00000
 Time :     25.00000
 Time :     26.00000
 Time :     27.00000
 Time :     28.00000
 Time :     29.00000
 Time :     30.00000
 Time :     31.00000
 Time :     32.00000
 Time :     33.00000
 Time :     34.00000
 Time :     35.00000
dtime = 71.75893485546112
mbcr =

 Columns 1 through 3:

   6.666666666666667e-02   1.861044973462383e-01   2.522762381229900e-01

 Column 4:

   1.560422871853962e-01

agsout =

 Columns 1 through 3:

   4.664289824553062e-03   4.664289824553062e-03   4.664289824553099e-03
   4.925600737582809e-04   5.404821742215338e-03   5.404821742215345e-03
   4.888386867628499e-05   5.569482224521223e-03   5.569482224521215e-03
   1.056617035361066e-03   5.186400393030611e-03   5.186400393030661e-03

 Columns 4 through 6:

   4.664289824553137e-03   4.664289824553130e-03   4.664289824553107e-03
   5.404821742215317e-03   5.404821742215373e-03   5.404821742215340e-03
   5.569482224521214e-03   5.569482224521222e-03   5.569482224521206e-03
   5.186400393030685e-03   5.186400393030682e-03   5.186400393030632e-03

 Columns 7 through 9:

   4.664289824553147e-03   4.664289824553143e-03   4.664289824553102e-03
   5.404821742215320e-03   5.404821742215344e-03   5.404821742215318e-03
   5.569482224521223e-03   5.569482224521225e-03   5.569482224521187e-03
   5.186400393030677e-03   5.186400393030656e-03   5.186400393030627e-03

 Columns 10 through 12:

   4.664289824553108e-03   4.664289824553121e-03   4.664289824553106e-03
   5.404821742215321e-03   5.404821742215321e-03   5.404821742215314e-03
   5.569482224521203e-03   5.569482224521203e-03   5.569482224521233e-03
   5.186400393030660e-03   5.186400393030641e-03   5.186400393030643e-03

 Columns 13 through 15:

   4.664289824553102e-03   4.664289824553101e-03   4.664289824553102e-03
   5.404821742215336e-03   5.404821742215333e-03   5.404821742215334e-03
   5.569482224521231e-03   5.569482224521216e-03   5.569482224521216e-03
   5.186400393030683e-03   5.186400393030641e-03   5.186400393030641e-03

ans = 3.998694478657905e-21
ans = 1.749073405243377e-21
ans = 5.138652760332546e-21
ans = 5.158298299880681e-21
ans = 1.743489936108644e-21
ans = 5.134723652422919e-21
ans = 8.511481708017517e-21
ans = 5.147338156764353e-21
ans = 1.190850568861966e-20
ans = 1.762101499891087e-21
ans = 1.193228713123056e-20
ans = 1.755277259837525e-21
ans = 8.525750573584056e-21
ans = 5.132035315432122e-21
ans = 5.132035315432122e-21
nbcr = 15
lambda0 = 3.501084296647659
kmpl_prod = 0.180000000000000
 Time :      1.00000
 Time :      2.00000
 Time :      3.01000
 Time :      4.01000
 Time :      5.01000
 Time :      6.01000
 Time :      7.01000
 Time :      8.01000
 Time :      9.01000
 Time :     10.01000
 Time :     11.01000
 Time :     12.01000
 Time :     13.01000
 Time :     14.01000
 Time :     15.01000
 Time :     16.01000
 Time :     17.01000
 Time :     18.00000
 Time :     19.00000
 Time :     20.00000
 Time :     21.00000
 Time :     22.00000
 Time :     23.00000
 Time :     24.00000
 Time :     25.00000
 Time :     26.00000
 Time :     27.00000
 Time :     28.00000
 Time :     29.00000
 Time :     30.00000
 Time :     31.00000
 Time :     32.00000
 Time :     33.00000
 Time :     34.00000
 Time :     35.00000
dtime = 71.29837609827518
mbcr =

 Columns 1 through 3:

   6.666666666666667e-02   1.861044973462383e-01   2.522762381229900e-01

 Columns 4 and 5:

   1.560422871853962e-01   2.025762943569821e-01

agsout =

 Columns 1 through 3:

   4.664289824553062e-03   4.664289824553062e-03   4.664289824553099e-03
   4.925600737582809e-04   5.404821742215338e-03   5.404821742215345e-03
   4.888386867628499e-05   5.569482224521223e-03   5.569482224521215e-03
   1.056617035361066e-03   5.186400393030611e-03   5.186400393030661e-03
   3.254547386471275e-04   5.425867467885846e-03   5.425867467885923e-03

 Columns 4 through 6:

   4.664289824553137e-03   4.664289824553130e-03   4.664289824553107e-03
   5.404821742215317e-03   5.404821742215373e-03   5.404821742215340e-03
   5.569482224521214e-03   5.569482224521222e-03   5.569482224521206e-03
   5.186400393030685e-03   5.186400393030682e-03   5.186400393030632e-03
   5.425867467885928e-03   5.425867467885928e-03   5.425867467885911e-03

 Columns 7 through 9:

   4.664289824553147e-03   4.664289824553143e-03   4.664289824553102e-03
   5.404821742215320e-03   5.404821742215344e-03   5.404821742215318e-03
   5.569482224521223e-03   5.569482224521225e-03   5.569482224521187e-03
   5.186400393030677e-03   5.186400393030656e-03   5.186400393030627e-03
   5.425867467885833e-03   5.425867467885838e-03   5.425867467885907e-03

 Columns 10 through 12:

   4.664289824553108e-03   4.664289824553121e-03   4.664289824553106e-03
   5.404821742215321e-03   5.404821742215321e-03   5.404821742215314e-03
   5.569482224521203e-03   5.569482224521203e-03   5.569482224521233e-03
   5.186400393030660e-03   5.186400393030641e-03   5.186400393030643e-03
   5.425867467885895e-03   5.425867467885852e-03   5.425867467885911e-03

 Columns 13 through 15:

   4.664289824553102e-03   4.664289824553101e-03   4.664289824553102e-03
   5.404821742215336e-03   5.404821742215333e-03   5.404821742215334e-03
   5.569482224521231e-03   5.569482224521216e-03   5.569482224521216e-03
   5.186400393030683e-03   5.186400393030641e-03   5.186400393030641e-03
   5.425867467885853e-03   5.425867467885848e-03   5.425867467885846e-03

ans = 1.147134073488539e-20
ans = 1.059618364680428e-21
ans = 1.060031954986705e-21
ans = 1.060652340446120e-21
ans = 4.447956948850768e-21
ans = 1.073473639940692e-21
ans = 4.457262730741990e-21
ans = 4.439478347572100e-21
ans = 7.848289651903127e-21
ans = 1.051139763401760e-21
ans = 1.066856195040267e-21
ans = 1.067683375652820e-21
ans = 1.067476580499682e-21
ans = 1.063754267743194e-21
ans = 4.448370539157045e-21
nbcr = 15
lambda0 = 3.501084296647659
kmpl_prod = 0.180000000000000
 Time :      1.00000
 Time :      2.00000
 Time :      3.01000
 Time :      4.01000
 Time :      5.01000
 Time :      6.01000
 Time :      7.01000
 Time :      8.01000
 Time :      9.01000
 Time :     10.01000
 Time :     11.01000
 Time :     12.01000
 Time :     13.01000
 Time :     14.01000
 Time :     15.01000
 Time :     16.01000
 Time :     17.01000
 Time :     18.00000
 Time :     19.00000
 Time :     20.00000
 Time :     21.00000
 Time :     22.00000
 Time :     23.00000
 Time :     24.00000
 Time :     25.00000
 Time :     26.00000
 Time :     27.00000
 Time :     28.00000
 Time :     29.00000
 Time :     30.00000
 Time :     31.00000
 Time :     32.00000
 Time :     33.00000
 Time :     34.00000
 Time :     35.00000
dtime = 58.46354328095913
mbcr =

 Columns 1 through 3:

   6.666666666666667e-02   1.861044973462383e-01   2.522762381229900e-01

 Columns 4 through 6:

   1.560422871853962e-01   2.025762943569821e-01   1.531638073097806e-01

agsout =

 Columns 1 through 3:

   4.664289824553062e-03   4.664289824553062e-03   4.664289824553099e-03
   4.925600737582809e-04   5.404821742215338e-03   5.404821742215345e-03
   4.888386867628499e-05   5.569482224521223e-03   5.569482224521215e-03
   1.056617035361066e-03   5.186400393030611e-03   5.186400393030661e-03
   3.254547386471275e-04   5.425867467885846e-03   5.425867467885923e-03
   9.046252862676877e-04   5.154463972689832e-03   5.154463972689821e-03

 Columns 4 through 6:

   4.664289824553137e-03   4.664289824553130e-03   4.664289824553107e-03
   5.404821742215317e-03   5.404821742215373e-03   5.404821742215340e-03
   5.569482224521214e-03   5.569482224521222e-03   5.569482224521206e-03
   5.186400393030685e-03   5.186400393030682e-03   5.186400393030632e-03
   5.425867467885928e-03   5.425867467885928e-03   5.425867467885911e-03
   5.154463972689826e-03   5.154463972689794e-03   5.154463972689812e-03

 Columns 7 through 9:

   4.664289824553147e-03   4.664289824553143e-03   4.664289824553102e-03
   5.404821742215320e-03   5.404821742215344e-03   5.404821742215318e-03
   5.569482224521223e-03   5.569482224521225e-03   5.569482224521187e-03
   5.186400393030677e-03   5.186400393030656e-03   5.186400393030627e-03
   5.425867467885833e-03   5.425867467885838e-03   5.425867467885907e-03
   5.154463972689830e-03   5.154463972689832e-03   5.154463972689849e-03

 Columns 10 through 12:

   4.664289824553108e-03   4.664289824553121e-03   4.664289824553106e-03
   5.404821742215321e-03   5.404821742215321e-03   5.404821742215314e-03
   5.569482224521203e-03   5.569482224521203e-03   5.569482224521233e-03
   5.186400393030660e-03   5.186400393030641e-03   5.186400393030643e-03
   5.425867467885895e-03   5.425867467885852e-03   5.425867467885911e-03
   5.154463972689792e-03   5.154463972689789e-03   5.154463972689783e-03

 Columns 13 through 15:

   4.664289824553102e-03   4.664289824553101e-03   4.664289824553102e-03
   5.404821742215336e-03   5.404821742215333e-03   5.404821742215334e-03
   5.569482224521231e-03   5.569482224521216e-03   5.569482224521216e-03
   5.186400393030683e-03   5.186400393030641e-03   5.186400393030641e-03
   5.425867467885853e-03   5.425867467885848e-03   5.425867467885846e-03
   5.154463972689846e-03   5.154463972689787e-03   5.154463972689787e-03

ans = 4.623526033865148e-21
ans = 2.610375218064217e-21
ans = -7.692779696743157e-22
ans = -7.531479477295317e-22
ans = 6.003263295603598e-21
ans = -7.498392252793196e-22
ans = -7.537062946430050e-21
ans = 2.579149149940340e-21
ans = 2.598174304029060e-21
ans = -7.607993683956472e-22
ans = 5.998507007081418e-21
ans = -7.847876061596850e-22
ans = 2.616165482352088e-21
ans = -4.163820408438803e-21
ans = -4.163820408438803e-21
