warning: function /home/surgeon/flu/amcode/perelson21/1d2agt/4paper/2submit/run.m shadows a core library function
warning: called from
    driver at line 1 column 1

lambda0 = 3.501084296647659
kmpl_prod = 0.180000000000000
dkps =

 Columns 1 through 3:

   5.854488595442084e+00   4.360874145431572e+00   1.632854329191508e+00

 Columns 4 through 6:

   4.816042482262070e+00   1.952684555639422e+01   8.092461790632226e+00

nbcr = 2
lambda0 = 3.501084296647659
kmpl_prod = 0.180000000000000
 Time :      1.00000
 Time :      2.00000
 Time :      3.01000
 Time :      4.01000
 Time :      5.01000
 Time :      6.01000
 Time :      7.01000
 Time :      8.01000
 Time :      9.01000
 Time :     10.01000
 Time :     11.01000
 Time :     12.01000
 Time :     13.01000
 Time :     14.01000
 Time :     15.01000
 Time :     16.01000
 Time :     17.01000
 Time :     18.00000
 Time :     19.00000
 Time :     20.00000
 Time :     21.00000
 Time :     22.00000
 Time :     23.00000
 Time :     24.00000
 Time :     25.00000
 Time :     26.00000
 Time :     27.00000
 Time :     28.00000
 Time :     29.00000
 Time :     30.00000
 Time :     31.00000
 Time :     32.00000
 Time :     33.00000
 Time :     34.00000
 Time :     35.00000
dtime = 5.070390924811363
mbcr = 0.500000000000000
agsout =

   1.071449970512459e-02   1.071449970512455e-02

ans = -3.318692238415362e-21
ans = 8.573849833734308e-21
nbcr = 2
lambda0 = 3.501084296647659
kmpl_prod = 0.180000000000000
 Time :      1.00000
 Time :      2.00000
 Time :      3.01000
 Time :      4.01000
 Time :      5.01000
 Time :      6.01000
 Time :      7.01000
 Time :      8.01000
 Time :      9.01000
 Time :     10.01000
 Time :     11.01000
 Time :     12.01000
 Time :     13.01000
 Time :     14.01000
 Time :     15.01000
 Time :     16.01000
 Time :     17.01000
 Time :     18.00000
 Time :     19.00000
 Time :     20.00000
 Time :     21.00000
 Time :     22.00000
 Time :     23.00000
 Time :     24.00000
 Time :     25.00000
 Time :     26.00000
 Time :     27.00000
 Time :     28.00000
 Time :     29.00000
 Time :     30.00000
 Time :     31.00000
 Time :     32.00000
 Time :     33.00000
 Time :     34.00000
 Time :     35.00000
dtime = 5.255573987960815
mbcr =

   0.500000000000000   0.701719212736479

agsout =

   1.071449970512459e-02   1.071449970512455e-02
   3.582632108955896e-03   3.582632108955899e-03

ans = 5.474643185393929e-21
ans = 6.253562979083316e-21
nbcr = 2
lambda0 = 3.501084296647659
kmpl_prod = 0.180000000000000
 Time :      1.00000
 Time :      2.00000
 Time :      3.01000
 Time :      4.01000
 Time :      5.01000
 Time :      6.01000
 Time :      7.01000
 Time :      8.01000
 Time :      9.01000
 Time :     10.01000
 Time :     11.01000
 Time :     12.01000
 Time :     13.01000
 Time :     14.01000
 Time :     15.01000
 Time :     16.01000
 Time :     17.01000
 Time :     18.00000
 Time :     19.00000
 Time :     20.00000
 Time :     21.00000
 Time :     22.00000
 Time :     23.00000
 Time :     24.00000
 Time :     25.00000
 Time :     26.00000
 Time :     27.00000
 Time :     28.00000
 Time :     29.00000
 Time :     30.00000
 Time :     31.00000
 Time :     32.00000
 Time :     33.00000
 Time :     34.00000
 Time :     35.00000
dtime = 5.223146080970764
mbcr =

   0.500000000000000   0.701719212736479   0.742827836550886

agsout =

   1.071449970512459e-02   1.071449970512455e-02
   3.582632108955896e-03   3.582632108955899e-03
   1.920027189012785e-03   1.920027189012852e-03

ans = 9.461291846381531e-21
ans = 1.893921777789362e-20
nbcr = 2
lambda0 = 3.501084296647659
kmpl_prod = 0.180000000000000
 Time :      1.00000
 Time :      2.00000
 Time :      3.01000
 Time :      4.01000
 Time :      5.01000
 Time :      6.01000
 Time :      7.01000
 Time :      8.01000
 Time :      9.01000
 Time :     10.01000
 Time :     11.01000
 Time :     12.01000
 Time :     13.01000
 Time :     14.01000
 Time :     15.01000
 Time :     16.01000
 Time :     17.01000
 Time :     18.00000
 Time :     19.00000
 Time :     20.00000
 Time :     21.00000
 Time :     22.00000
 Time :     23.00000
 Time :     24.00000
 Time :     25.00000
 Time :     26.00000
 Time :     27.00000
 Time :     28.00000
 Time :     29.00000
 Time :     30.00000
 Time :     31.00000
 Time :     32.00000
 Time :     33.00000
 Time :     34.00000
 Time :     35.00000
dtime = 5.322542041540146
mbcr =

   0.500000000000000   0.701719212736479   0.742827836550886   0.771173775139231

agsout =

   1.071449970512459e-02   1.071449970512455e-02
   3.582632108955896e-03   3.582632108955899e-03
   1.920027189012785e-03   1.920027189012852e-03
   7.495483048848488e-04   7.495483048847981e-04

ans = 4.182225177068108e-21
ans = 8.312909893390773e-21
nbcr = 2
lambda0 = 3.501084296647659
kmpl_prod = 0.180000000000000
 Time :      1.00000
 Time :      2.00000
 Time :      3.01000
 Time :      4.01000
 Time :      5.01000
 Time :      6.01000
 Time :      7.01000
 Time :      8.01000
 Time :      9.01000
 Time :     10.01000
 Time :     11.01000
 Time :     12.01000
 Time :     13.01000
 Time :     14.01000
 Time :     15.01000
 Time :     16.01000
 Time :     17.01000
 Time :     18.00000
 Time :     19.00000
 Time :     20.00000
 Time :     21.00000
 Time :     22.00000
 Time :     23.00000
 Time :     24.00000
 Time :     25.00000
 Time :     26.00000
 Time :     27.00000
 Time :     28.00000
 Time :     29.00000
 Time :     30.00000
 Time :     31.00000
 Time :     32.00000
 Time :     33.00000
 Time :     34.00000
 Time :     35.00000
dtime = 5.222522467374802
mbcr =

 Columns 1 through 4:

   0.500000000000000   0.701719212736479   0.742827836550886   0.771173775139231

 Column 5:

   0.765112703251569

agsout =

   1.071449970512459e-02   1.071449970512455e-02
   3.582632108955896e-03   3.582632108955899e-03
   1.920027189012785e-03   1.920027189012852e-03
   7.495483048848488e-04   7.495483048847981e-04
   8.662830744858643e-04   8.662830744858418e-04

ans = 4.552802091491864e-21
ans = 1.006472979676177e-20
nbcr = 2
lambda0 = 3.501084296647659
kmpl_prod = 0.180000000000000
 Time :      1.00000
 Time :      2.00000
 Time :      3.01000
 Time :      4.01000
 Time :      5.01000
 Time :      6.01000
 Time :      7.01000
 Time :      8.01000
 Time :      9.01000
 Time :     10.01000
 Time :     11.01000
 Time :     12.01000
 Time :     13.01000
 Time :     14.01000
 Time :     15.01000
 Time :     16.01000
 Time :     17.01000
 Time :     18.00000
 Time :     19.00000
 Time :     20.00000
 Time :     21.00000
 Time :     22.00000
 Time :     23.00000
 Time :     24.00000
 Time :     25.00000
 Time :     26.00000
 Time :     27.00000
 Time :     28.00000
 Time :     29.00000
 Time :     30.00000
 Time :     31.00000
 Time :     32.00000
 Time :     33.00000
 Time :     34.00000
 Time :     35.00000
dtime = 5.290043726563454
mbcr =

 Columns 1 through 4:

   0.500000000000000   0.701719212736479   0.742827836550886   0.771173775139231

 Columns 5 and 6:

   0.765112703251569   0.731154752516043

agsout =

   1.071449970512459e-02   1.071449970512455e-02
   3.582632108955896e-03   3.582632108955899e-03
   1.920027189012785e-03   1.920027189012852e-03
   7.495483048848488e-04   7.495483048847981e-04
   8.662830744858643e-04   8.662830744858418e-04
   2.445273767207623e-03   2.445273767207604e-03

ans = 8.370033823270949e-21
ans = 5.038822400155053e-21
dkps =

 Columns 1 through 3:

   1.742222152879342e+00   4.062682988582135e+01   1.399568195257669e+01

 Columns 4 through 6:

   4.928653490726694e+00   1.911045375529967e+01   4.578016308213421e+01

nbcr = 3
lambda0 = 3.501084296647659
kmpl_prod = 0.180000000000000
 Time :      1.00000
 Time :      2.00000
 Time :      3.01000
 Time :      4.01000
 Time :      5.01000
 Time :      6.01000
 Time :      7.01000
 Time :      8.01000
 Time :      9.01000
 Time :     10.01000
 Time :     11.01000
 Time :     12.01000
 Time :     13.01000
 Time :     14.01000
 Time :     15.01000
 Time :     16.01000
 Time :     17.01000
 Time :     18.00000
 Time :     19.00000
 Time :     20.00000
 Time :     21.00000
 Time :     22.00000
 Time :     23.00000
 Time :     24.00000
 Time :     25.00000
 Time :     26.00000
 Time :     27.00000
 Time :     28.00000
 Time :     29.00000
 Time :     30.00000
 Time :     31.00000
 Time :     32.00000
 Time :     33.00000
 Time :     34.00000
 Time :     35.00000
dtime = 11.85499504208565
mbcr = 0.333333333333333
agsout =

   8.291246921948960e-03   8.291246921948903e-03   8.291246921948933e-03

ans = 6.392034952329254e-21
ans = 9.380615887263468e-21
ans = -7.833400400877172e-22
nbcr = 3
lambda0 = 3.501084296647659
kmpl_prod = 0.180000000000000
 Time :      1.00000
 Time :      2.00000
 Time :      3.01000
 Time :      4.01000
 Time :      5.01000
 Time :      6.01000
 Time :      7.01000
 Time :      8.01000
 Time :      9.01000
 Time :     10.01000
 Time :     11.01000
 Time :     12.01000
 Time :     13.01000
 Time :     14.01000
 Time :     15.01000
 Time :     16.01000
 Time :     17.01000
 Time :     18.00000
 Time :     19.00000
 Time :     20.00000
 Time :     21.00000
 Time :     22.00000
 Time :     23.00000
 Time :     24.00000
 Time :     25.00000
 Time :     26.00000
 Time :     27.00000
 Time :     28.00000
 Time :     29.00000
 Time :     30.00000
 Time :     31.00000
 Time :     32.00000
 Time :     33.00000
 Time :     34.00000
 Time :     35.00000
dtime = 12.20922768115997
mbcr =

   0.333333333333333   0.633015425028145

agsout =

   8.291246921948960e-03   8.291246921948903e-03   8.291246921948933e-03
   1.607352677948233e-03   1.607352677948259e-03   1.607352677948189e-03

ans = -5.872982349126496e-22
ans = -2.894098168169906e-22
ans = -3.678045669019966e-21
nbcr = 3
lambda0 = 3.501084296647659
kmpl_prod = 0.180000000000000
 Time :      1.00000
 Time :      2.00000
 Time :      3.01000
 Time :      4.01000
 Time :      5.01000
 Time :      6.01000
 Time :      7.01000
 Time :      8.01000
 Time :      9.01000
 Time :     10.01000
 Time :     11.01000
 Time :     12.01000
 Time :     13.01000
 Time :     14.01000
 Time :     15.01000
 Time :     16.01000
 Time :     17.01000
 Time :     18.00000
 Time :     19.00000
 Time :     20.00000
 Time :     21.00000
 Time :     22.00000
 Time :     23.00000
 Time :     24.00000
 Time :     25.00000
 Time :     26.00000
 Time :     27.00000
 Time :     28.00000
 Time :     29.00000
 Time :     30.00000
 Time :     31.00000
 Time :     32.00000
 Time :     33.00000
 Time :     34.00000
 Time :     35.00000
dtime = 12.02538236975670
mbcr =

   0.333333333333333   0.633015425028145   0.583523372895672

agsout =

   8.291246921948960e-03   8.291246921948903e-03   8.291246921948933e-03
   1.607352677948233e-03   1.607352677948259e-03   1.607352677948189e-03
   3.168536564153595e-03   3.168536564153544e-03   3.168536564153615e-03

ans = 3.115162186874702e-21
ans = 3.882656548353200e-21
ans = 3.877900259831021e-21
nbcr = 3
lambda0 = 3.501084296647659
kmpl_prod = 0.180000000000000
 Time :      1.00000
 Time :      2.00000
 Time :      3.01000
 Time :      4.01000
 Time :      5.01000
 Time :      6.01000
 Time :      7.01000
 Time :      8.01000
 Time :      9.01000
 Time :     10.01000
 Time :     11.01000
 Time :     12.01000
 Time :     13.01000
 Time :     14.01000
 Time :     15.01000
 Time :     16.01000
 Time :     17.01000
 Time :     18.00000
 Time :     19.00000
 Time :     20.00000
 Time :     21.00000
 Time :     22.00000
 Time :     23.00000
 Time :     24.00000
 Time :     25.00000
 Time :     26.00000
 Time :     27.00000
 Time :     28.00000
 Time :     29.00000
 Time :     30.00000
 Time :     31.00000
 Time :     32.00000
 Time :     33.00000
 Time :     34.00000
 Time :     35.00000
dtime = 11.97060495615005
mbcr =

   0.333333333333333   0.633015425028145   0.583523372895672   0.603815365951786

agsout =

   8.291246921948960e-03   8.291246921948903e-03   8.291246921948933e-03
   1.607352677948233e-03   1.607352677948259e-03   1.607352677948189e-03
   3.168536564153595e-03   3.168536564153544e-03   3.168536564153615e-03
   2.699634329974077e-03   2.699634329974070e-03   2.699634329974091e-03

ans = 4.178916454617896e-21
ans = 8.780935792556665e-21
ans = 5.391485684438208e-21
nbcr = 3
lambda0 = 3.501084296647659
kmpl_prod = 0.180000000000000
 Time :      1.00000
 Time :      2.00000
 Time :      3.01000
 Time :      4.01000
 Time :      5.01000
 Time :      6.01000
 Time :      7.01000
 Time :      8.01000
 Time :      9.01000
 Time :     10.01000
 Time :     11.01000
 Time :     12.01000
 Time :     13.01000
 Time :     14.01000
 Time :     15.01000
 Time :     16.01000
 Time :     17.01000
 Time :     18.00000
 Time :     19.00000
 Time :     20.00000
 Time :     21.00000
 Time :     22.00000
 Time :     23.00000
 Time :     24.00000
 Time :     25.00000
 Time :     26.00000
 Time :     27.00000
 Time :     28.00000
 Time :     29.00000
 Time :     30.00000
 Time :     31.00000
 Time :     32.00000
 Time :     33.00000
 Time :     34.00000
 Time :     35.00000
dtime = 11.88576333224773
mbcr =

 Columns 1 through 4:

   0.333333333333333   0.633015425028145   0.583523372895672   0.603815365951786

 Column 5:

   0.643302182924619

agsout =

   8.291246921948960e-03   8.291246921948903e-03   8.291246921948933e-03
   1.607352677948233e-03   1.607352677948259e-03   1.607352677948189e-03
   3.168536564153595e-03   3.168536564153544e-03   3.168536564153615e-03
   2.699634329974077e-03   2.699634329974070e-03   2.699634329974091e-03
   1.605912702454011e-03   1.605912702454067e-03   1.605912702454015e-03

ans = 5.602494288821656e-21
ans = -4.511494759652498e-21
ans = -4.511934199352916e-21
nbcr = 3
lambda0 = 3.501084296647659
kmpl_prod = 0.180000000000000
 Time :      1.00000
 Time :      2.00000
 Time :      3.01000
 Time :      4.01000
 Time :      5.01000
 Time :      6.01000
 Time :      7.01000
 Time :      8.01000
 Time :      9.01000
 Time :     10.01000
 Time :     11.01000
 Time :     12.01000
 Time :     13.01000
 Time :     14.01000
 Time :     15.01000
 Time :     16.01000
 Time :     17.01000
 Time :     18.00000
 Time :     19.00000
 Time :     20.00000
 Time :     21.00000
 Time :     22.00000
 Time :     23.00000
 Time :     24.00000
 Time :     25.00000
 Time :     26.00000
 Time :     27.00000
 Time :     28.00000
 Time :     29.00000
 Time :     30.00000
 Time :     31.00000
 Time :     32.00000
 Time :     33.00000
 Time :     34.00000
 Time :     35.00000
dtime = 12.09709793329239
mbcr =

 Columns 1 through 4:

   0.333333333333333   0.633015425028145   0.583523372895672   0.603815365951786

 Columns 5 and 6:

   0.643302182924619   0.614331556109035

agsout =

   8.291246921948960e-03   8.291246921948903e-03   8.291246921948933e-03
   1.607352677948233e-03   1.607352677948259e-03   1.607352677948189e-03
   3.168536564153595e-03   3.168536564153544e-03   3.168536564153615e-03
   2.699634329974077e-03   2.699634329974070e-03   2.699634329974091e-03
   1.605912702454011e-03   1.605912702454067e-03   1.605912702454015e-03
   2.402869054381567e-03   2.402869054381543e-03   2.402869054381619e-03

ans = 5.720781116416739e-21
ans = 3.176528648568480e-21
ans = 9.956281894812091e-21
dkps =

 Columns 1 through 3:

   7.896353161736278e+00   2.075054473000488e+00   2.539008250101394e+01

 Columns 4 through 6:

   1.160954785451942e+00   3.281981658452649e+01   6.353597570303958e+00

nbcr = 4
lambda0 = 3.501084296647659
kmpl_prod = 0.180000000000000
 Time :      1.00000
 Time :      2.00000
 Time :      3.01000
 Time :      4.01000
 Time :      5.01000
 Time :      6.01000
 Time :      7.01000
 Time :      8.01000
 Time :      9.01000
 Time :     10.01000
 Time :     11.01000
 Time :     12.01000
 Time :     13.01000
 Time :     14.01000
 Time :     15.01000
 Time :     16.01000
 Time :     17.01000
 Time :     18.00000
 Time :     19.00000
 Time :     20.00000
 Time :     21.00000
 Time :     22.00000
 Time :     23.00000
 Time :     24.00000
 Time :     25.00000
 Time :     26.00000
 Time :     27.00000
 Time :     28.00000
 Time :     29.00000
 Time :     30.00000
 Time :     31.00000
 Time :     32.00000
 Time :     33.00000
 Time :     34.00000
 Time :     35.00000
dtime = 18.12209039926529
mbcr = 0.250000000000000
agsout =

 Columns 1 through 3:

   7.111158578391398e-03   7.111158578391355e-03   7.111158578391386e-03

 Column 4:

   7.111158578391386e-03

ans = 7.077564116156843e-22
ans = 1.579922724794526e-20
ans = 9.027228819944329e-21
ans = 9.027228819944329e-21
nbcr = 4
lambda0 = 3.501084296647659
kmpl_prod = 0.180000000000000
 Time :      1.00000
 Time :      2.00000
 Time :      3.01000
 Time :      4.01000
 Time :      5.01000
 Time :      6.01000
 Time :      7.01000
 Time :      8.01000
 Time :      9.01000
 Time :     10.01000
 Time :     11.01000
 Time :     12.01000
 Time :     13.01000
 Time :     14.01000
 Time :     15.01000
 Time :     16.01000
 Time :     17.01000
 Time :     18.00000
 Time :     19.00000
 Time :     20.00000
 Time :     21.00000
 Time :     22.00000
 Time :     23.00000
 Time :     24.00000
 Time :     25.00000
 Time :     26.00000
 Time :     27.00000
 Time :     28.00000
 Time :     29.00000
 Time :     30.00000
 Time :     31.00000
 Time :     32.00000
 Time :     33.00000
 Time :     34.00000
 Time :     35.00000
dtime = 18.50709132850170
mbcr =

   0.250000000000000   0.520280842486700

agsout =

 Columns 1 through 3:

   7.111158578391398e-03   7.111158578391355e-03   7.111158578391386e-03
   2.804881464393256e-03   2.804881464393253e-03   2.804881464393253e-03

 Column 4:

   7.111158578391386e-03
   2.804881464393318e-03

ans = 1.291745924078122e-21
ans = -6.588545277773150e-21
ans = -9.980295981970271e-21
ans = -3.197311561458875e-21
nbcr = 4
lambda0 = 3.501084296647659
kmpl_prod = 0.180000000000000
 Time :      1.00000
 Time :      2.00000
 Time :      3.01000
 Time :      4.01000
 Time :      5.01000
 Time :      6.01000
 Time :      7.01000
 Time :      8.01000
 Time :      9.01000
 Time :     10.01000
 Time :     11.01000
 Time :     12.01000
 Time :     13.01000
 Time :     14.01000
 Time :     15.01000
 Time :     16.01000
 Time :     17.01000
 Time :     18.00000
 Time :     19.00000
 Time :     20.00000
 Time :     21.00000
 Time :     22.00000
 Time :     23.00000
 Time :     24.00000
 Time :     25.00000
 Time :     26.00000
 Time :     27.00000
 Time :     28.00000
 Time :     29.00000
 Time :     30.00000
 Time :     31.00000
 Time :     32.00000
 Time :     33.00000
 Time :     34.00000
 Time :     35.00000
dtime = 18.62911842763424
mbcr =

   0.250000000000000   0.520280842486700   0.610875234984287

agsout =

 Columns 1 through 3:

   7.111158578391398e-03   7.111158578391355e-03   7.111158578391386e-03
   2.804881464393256e-03   2.804881464393253e-03   2.804881464393253e-03
   9.891613256135590e-04   9.891613256134970e-04   9.891613256134899e-04

 Column 4:

   7.111158578391386e-03
   2.804881464393318e-03
   9.891613256135454e-04

ans = 7.530652296682764e-21
ans = 5.772945193795865e-22
ans = 5.771911218030173e-22
ans = 5.774366910473690e-22
nbcr = 4
lambda0 = 3.501084296647659
kmpl_prod = 0.180000000000000
 Time :      1.00000
 Time :      2.00000
 Time :      3.01000
 Time :      4.01000
 Time :      5.01000
 Time :      6.01000
 Time :      7.01000
 Time :      8.01000
 Time :      9.01000
 Time :     10.01000
 Time :     11.01000
 Time :     12.01000
 Time :     13.01000
 Time :     14.01000
 Time :     15.01000
 Time :     16.01000
 Time :     17.01000
 Time :     18.00000
 Time :     19.00000
 Time :     20.00000
 Time :     21.00000
 Time :     22.00000
 Time :     23.00000
 Time :     24.00000
 Time :     25.00000
 Time :     26.00000
 Time :     27.00000
 Time :     28.00000
 Time :     29.00000
 Time :     30.00000
 Time :     31.00000
 Time :     32.00000
 Time :     33.00000
 Time :     34.00000
 Time :     35.00000
dtime = 18.27776245772839
mbcr =

   0.250000000000000   0.520280842486700   0.610875234984287   0.559664675137341

agsout =

 Columns 1 through 3:

   7.111158578391398e-03   7.111158578391355e-03   7.111158578391386e-03
   2.804881464393256e-03   2.804881464393253e-03   2.804881464393253e-03
   9.891613256135590e-04   9.891613256134970e-04   9.891613256134899e-04
   2.028929732843182e-03   2.028929732843089e-03   2.028929732843089e-03

 Column 4:

   7.111158578391386e-03
   2.804881464393318e-03
   9.891613256135454e-04
   2.028929732843089e-03

ans = -1.058791184067875e-21
ans = 4.843194185286262e-21
ans = 4.843194185286262e-21
ans = 4.843194185286262e-21
nbcr = 4
lambda0 = 3.501084296647659
kmpl_prod = 0.180000000000000
 Time :      1.00000
 Time :      2.00000
 Time :      3.01000
 Time :      4.01000
 Time :      5.01000
 Time :      6.01000
 Time :      7.01000
 Time :      8.01000
 Time :      9.01000
 Time :     10.01000
 Time :     11.01000
 Time :     12.01000
 Time :     13.01000
 Time :     14.01000
 Time :     15.01000
 Time :     16.01000
 Time :     17.01000
 Time :     18.00000
 Time :     19.00000
 Time :     20.00000
 Time :     21.00000
 Time :     22.00000
 Time :     23.00000
 Time :     24.00000
 Time :     25.00000
 Time :     26.00000
 Time :     27.00000
 Time :     28.00000
 Time :     29.00000
 Time :     30.00000
 Time :     31.00000
 Time :     32.00000
 Time :     33.00000
 Time :     34.00000
 Time :     35.00000
dtime = 19.00762170553207
mbcr =

 Columns 1 through 4:

   0.250000000000000   0.520280842486700   0.610875234984287   0.559664675137341

 Column 5:

   0.625004350669171

agsout =

 Columns 1 through 3:

   7.111158578391398e-03   7.111158578391355e-03   7.111158578391386e-03
   2.804881464393256e-03   2.804881464393253e-03   2.804881464393253e-03
   9.891613256135590e-04   9.891613256134970e-04   9.891613256134899e-04
   2.028929732843182e-03   2.028929732843089e-03   2.028929732843089e-03
   7.086284558905113e-04   7.086284558904921e-04   7.086284558905619e-04

 Column 4:

   7.111158578391386e-03
   2.804881464393318e-03
   9.891613256135454e-04
   2.028929732843089e-03
   7.086284558904921e-04

ans = 4.791030107907136e-21
ans = 1.207909876526165e-21
ans = -2.180292998324927e-21
ans = 1.207890489480559e-21
nbcr = 4
lambda0 = 3.501084296647659
kmpl_prod = 0.180000000000000
 Time :      1.00000
 Time :      2.00000
 Time :      3.01000
 Time :      4.01000
 Time :      5.01000
 Time :      6.01000
 Time :      7.01000
 Time :      8.01000
 Time :      9.01000
 Time :     10.01000
 Time :     11.01000
 Time :     12.01000
 Time :     13.01000
 Time :     14.01000
 Time :     15.01000
 Time :     16.01000
 Time :     17.01000
 Time :     18.00000
 Time :     19.00000
 Time :     20.00000
 Time :     21.00000
 Time :     22.00000
 Time :     23.00000
 Time :     24.00000
 Time :     25.00000
 Time :     26.00000
 Time :     27.00000
 Time :     28.00000
 Time :     29.00000
 Time :     30.00000
 Time :     31.00000
 Time :     32.00000
 Time :     33.00000
 Time :     34.00000
 Time :     35.00000
dtime = 18.18620190024376
mbcr =

 Columns 1 through 4:

   0.250000000000000   0.520280842486700   0.610875234984287   0.559664675137341

 Columns 5 and 6:

   0.625004350669171   0.560908428795436

agsout =

 Columns 1 through 3:

   7.111158578391398e-03   7.111158578391355e-03   7.111158578391386e-03
   2.804881464393256e-03   2.804881464393253e-03   2.804881464393253e-03
   9.891613256135590e-04   9.891613256134970e-04   9.891613256134899e-04
   2.028929732843182e-03   2.028929732843089e-03   2.028929732843089e-03
   7.086284558905113e-04   7.086284558904921e-04   7.086284558905619e-04
   1.987525905829980e-03   1.987525905829953e-03   1.987525905829957e-03

 Column 4:

   7.111158578391386e-03
   2.804881464393318e-03
   9.891613256135454e-04
   2.028929732843089e-03
   7.086284558904921e-04
   1.987525905829943e-03

ans = 4.160718481141729e-21
ans = -2.283483779740917e-21
ans = -5.672908038465233e-21
ans = -2.281002237903258e-21
dkps =

 Columns 1 through 3:

   2.020127853991563e+01   9.040689635860220e+00   4.060985924939261e+00

 Columns 4 through 6:

   8.351351405042507e+00   1.170386569425400e+01   1.362638065170319e+01

nbcr = 5
lambda0 = 3.501084296647659
kmpl_prod = 0.180000000000000
 Time :      1.00000
 Time :      2.00000
 Time :      3.01000
 Time :      4.01000
 Time :      5.01000
 Time :      6.01000
 Time :      7.01000
 Time :      8.01000
 Time :      9.01000
 Time :     10.01000
 Time :     11.01000
 Time :     12.01000
 Time :     13.01000
 Time :     14.01000
 Time :     15.01000
 Time :     16.01000
 Time :     17.01000
 Time :     18.00000
 Time :     19.00000
 Time :     20.00000
 Time :     21.00000
 Time :     22.00000
 Time :     23.00000
 Time :     24.00000
 Time :     25.00000
 Time :     26.00000
 Time :     27.00000
 Time :     28.00000
 Time :     29.00000
 Time :     30.00000
 Time :     31.00000
 Time :     32.00000
 Time :     33.00000
 Time :     34.00000
 Time :     35.00000
dtime = 23.12749475240707
mbcr = 0.200000000000000
agsout =

 Columns 1 through 3:

   6.412471217994505e-03   6.412471217994479e-03   6.412471217994676e-03

 Columns 4 and 5:

   6.412471217994509e-03   6.412471217994673e-03

ans = -5.548262259911149e-21
ans = 5.035461978916556e-22
ans = -2.879777603815081e-21
ans = 5.045284748690623e-22
ans = -2.880708182004203e-21
nbcr = 5
lambda0 = 3.501084296647659
kmpl_prod = 0.180000000000000
 Time :      1.00000
 Time :      2.00000
 Time :      3.01000
 Time :      4.01000
 Time :      5.01000
 Time :      6.01000
 Time :      7.01000
 Time :      8.01000
 Time :      9.01000
 Time :     10.01000
 Time :     11.01000
 Time :     12.01000
 Time :     13.01000
 Time :     14.01000
 Time :     15.01000
 Time :     16.01000
 Time :     17.01000
 Time :     18.00000
 Time :     19.00000
 Time :     20.00000
 Time :     21.00000
 Time :     22.00000
 Time :     23.00000
 Time :     24.00000
 Time :     25.00000
 Time :     26.00000
 Time :     27.00000
 Time :     28.00000
 Time :     29.00000
 Time :     30.00000
 Time :     31.00000
 Time :     32.00000
 Time :     33.00000
 Time :     34.00000
 Time :     35.00000
dtime = 23.19140508770943
mbcr =

   0.200000000000000   0.418295241060170

agsout =

 Columns 1 through 3:

   6.412471217994505e-03   6.412471217994479e-03   6.412471217994676e-03
   3.761787019653828e-03   3.761787019653860e-03   3.761787019653838e-03

 Columns 4 and 5:

   6.412471217994509e-03   6.412471217994673e-03
   3.761787019653872e-03   3.761787019653810e-03

ans = 1.110851863870432e-21
ans = -5.205034004489927e-22
ans = -5.148682325259752e-22
ans = -3.911375225245276e-21
ans = 2.869179352216746e-21
nbcr = 5
lambda0 = 3.501084296647659
kmpl_prod = 0.180000000000000
 Time :      1.00000
 Time :      2.00000
 Time :      3.01000
 Time :      4.01000
 Time :      5.01000
 Time :      6.01000
 Time :      7.01000
 Time :      8.01000
 Time :      9.01000
 Time :     10.01000
 Time :     11.01000
 Time :     12.01000
 Time :     13.01000
 Time :     14.01000
 Time :     15.01000
 Time :     16.01000
 Time :     17.01000
 Time :     18.00000
 Time :     19.00000
 Time :     20.00000
 Time :     21.00000
 Time :     22.00000
 Time :     23.00000
 Time :     24.00000
 Time :     25.00000
 Time :     26.00000
 Time :     27.00000
 Time :     28.00000
 Time :     29.00000
 Time :     30.00000
 Time :     31.00000
 Time :     32.00000
 Time :     33.00000
 Time :     34.00000
 Time :     35.00000
dtime = 23.28795455396175
mbcr =

   0.200000000000000   0.418295241060170   0.512886527568447

agsout =

 Columns 1 through 3:

   6.412471217994505e-03   6.412471217994479e-03   6.412471217994676e-03
   3.761787019653828e-03   3.761787019653860e-03   3.761787019653838e-03
   2.202541879485614e-03   2.202541879485572e-03   2.202541879485555e-03

 Columns 4 and 5:

   6.412471217994509e-03   6.412471217994673e-03
   3.761787019653872e-03   3.761787019653810e-03
   2.202541879485656e-03   2.202541879485626e-03

ans = -2.213948909498179e-21
ans = 1.045282290689119e-20
ans = 7.062209576036327e-21
ans = 1.045039306384181e-20
ans = 1.045153043718407e-20
nbcr = 5
lambda0 = 3.501084296647659
kmpl_prod = 0.180000000000000
 Time :      1.00000
 Time :      2.00000
 Time :      3.01000
 Time :      4.01000
 Time :      5.01000
 Time :      6.01000
 Time :      7.01000
 Time :      8.01000
 Time :      9.01000
 Time :     10.01000
 Time :     11.01000
 Time :     12.01000
 Time :     13.01000
 Time :     14.01000
 Time :     15.01000
 Time :     16.01000
 Time :     17.01000
 Time :     18.00000
 Time :     19.00000
 Time :     20.00000
 Time :     21.00000
 Time :     22.00000
 Time :     23.00000
 Time :     24.00000
 Time :     25.00000
 Time :     26.00000
 Time :     27.00000
 Time :     28.00000
 Time :     29.00000
 Time :     30.00000
 Time :     31.00000
 Time :     32.00000
 Time :     33.00000
 Time :     34.00000
 Time :     35.00000
dtime = 23.24669547379017
mbcr =

   0.200000000000000   0.418295241060170   0.512886527568447   0.564064051723440

agsout =

 Columns 1 through 3:

   6.412471217994505e-03   6.412471217994479e-03   6.412471217994676e-03
   3.761787019653828e-03   3.761787019653860e-03   3.761787019653838e-03
   2.202541879485614e-03   2.202541879485572e-03   2.202541879485555e-03
   1.155207439196108e-03   1.155207439196059e-03   1.155207439196104e-03

 Columns 4 and 5:

   6.412471217994509e-03   6.412471217994673e-03
   3.761787019653872e-03   3.761787019653810e-03
   2.202541879485656e-03   2.202541879485626e-03
   1.155207439196104e-03   1.155207439196141e-03

ans = -3.219386944056384e-21
ans = 5.253113877594571e-22
ans = -9.639394172021854e-21
ans = -9.639394172021854e-21
ans = -2.865276093701261e-21
nbcr = 5
lambda0 = 3.501084296647659
kmpl_prod = 0.180000000000000
 Time :      1.00000
 Time :      2.00000
 Time :      3.01000
 Time :      4.01000
 Time :      5.01000
 Time :      6.01000
 Time :      7.01000
 Time :      8.01000
 Time :      9.01000
 Time :     10.01000
 Time :     11.01000
 Time :     12.01000
 Time :     13.01000
 Time :     14.01000
 Time :     15.01000
 Time :     16.01000
 Time :     17.01000
 Time :     18.00000
 Time :     19.00000
 Time :     20.00000
 Time :     21.00000
 Time :     22.00000
 Time :     23.00000
 Time :     24.00000
 Time :     25.00000
 Time :     26.00000
 Time :     27.00000
 Time :     28.00000
 Time :     29.00000
 Time :     30.00000
 Time :     31.00000
 Time :     32.00000
 Time :     33.00000
 Time :     34.00000
 Time :     35.00000
dtime = 23.15038740634918
mbcr =

 Columns 1 through 4:

   0.200000000000000   0.418295241060170   0.512886527568447   0.564064051723440

 Column 5:

   0.559986655589660

agsout =

 Columns 1 through 3:

   6.412471217994505e-03   6.412471217994479e-03   6.412471217994676e-03
   3.761787019653828e-03   3.761787019653860e-03   3.761787019653838e-03
   2.202541879485614e-03   2.202541879485572e-03   2.202541879485555e-03
   1.155207439196108e-03   1.155207439196059e-03   1.155207439196104e-03
   1.201288426787497e-03   1.201288426787425e-03   1.201288426787393e-03

 Columns 4 and 5:

   6.412471217994509e-03   6.412471217994673e-03
   3.761787019653872e-03   3.761787019653810e-03
   2.202541879485656e-03   2.202541879485626e-03
   1.155207439196104e-03   1.155207439196141e-03
   1.201288426787450e-03   1.201288426787404e-03

ans = -7.206397496561977e-21
ans = 2.495862402013907e-21
ans = 2.495397112919346e-21
ans = 2.494182191394659e-21
ans = 2.493742751694240e-21
nbcr = 5
lambda0 = 3.501084296647659
kmpl_prod = 0.180000000000000
 Time :      1.00000
 Time :      2.00000
 Time :      3.01000
 Time :      4.01000
 Time :      5.01000
 Time :      6.01000
 Time :      7.01000
 Time :      8.01000
 Time :      9.01000
 Time :     10.01000
 Time :     11.01000
 Time :     12.01000
 Time :     13.01000
 Time :     14.01000
 Time :     15.01000
 Time :     16.01000
 Time :     17.01000
 Time :     18.00000
 Time :     19.00000
 Time :     20.00000
 Time :     21.00000
 Time :     22.00000
 Time :     23.00000
 Time :     24.00000
 Time :     25.00000
 Time :     26.00000
 Time :     27.00000
 Time :     28.00000
 Time :     29.00000
 Time :     30.00000
 Time :     31.00000
 Time :     32.00000
 Time :     33.00000
 Time :     34.00000
 Time :     35.00000
dtime = 23.09020869433880
mbcr =

 Columns 1 through 4:

   0.200000000000000   0.418295241060170   0.512886527568447   0.564064051723440

 Columns 5 and 6:

   0.559986655589660   0.542486567532681

agsout =

 Columns 1 through 3:

   6.412471217994505e-03   6.412471217994479e-03   6.412471217994676e-03
   3.761787019653828e-03   3.761787019653860e-03   3.761787019653838e-03
   2.202541879485614e-03   2.202541879485572e-03   2.202541879485555e-03
   1.155207439196108e-03   1.155207439196059e-03   1.155207439196104e-03
   1.201288426787497e-03   1.201288426787425e-03   1.201288426787393e-03
   1.567577623616974e-03   1.567577623617035e-03   1.567577623616993e-03

 Columns 4 and 5:

   6.412471217994509e-03   6.412471217994673e-03
   3.761787019653872e-03   3.761787019653810e-03
   2.202541879485656e-03   2.202541879485626e-03
   1.155207439196104e-03   1.155207439196141e-03
   1.201288426787450e-03   1.201288426787404e-03
   1.567577623617032e-03   1.567577623616988e-03

ans = 7.001256704648826e-21
ans = 3.121676234198557e-21
ans = 3.124235324218643e-21
ans = 6.509704625639190e-21
ans = -2.635345732805662e-22
dkps =

 Columns 1 through 3:

   1.096817705789173e+01   3.723469515995689e+01   2.135970766751739e+00

 Columns 4 through 6:

   4.848805877363180e+00   1.184184486624243e+02   1.456337863215718e+02

nbcr = 7
lambda0 = 3.501084296647659
kmpl_prod = 0.180000000000000
 Time :      1.00000
 Time :      2.00000
 Time :      3.01000
 Time :      4.01000
 Time :      5.01000
 Time :      6.01000
 Time :      7.01000
 Time :      8.01000
 Time :      9.01000
 Time :     10.01000
 Time :     11.01000
 Time :     12.01000
 Time :     13.01000
 Time :     14.01000
 Time :     15.01000
 Time :     16.01000
 Time :     17.01000
 Time :     18.00000
 Time :     19.00000
 Time :     20.00000
 Time :     21.00000
 Time :     22.00000
 Time :     23.00000
 Time :     24.00000
 Time :     25.00000
 Time :     26.00000
 Time :     27.00000
 Time :     28.00000
 Time :     29.00000
 Time :     30.00000
 Time :     31.00000
 Time :     32.00000
 Time :     33.00000
 Time :     34.00000
 Time :     35.00000
dtime = 32.28638693690300
mbcr = 0.142857142857143
agsout =

 Columns 1 through 3:

   5.620669024814049e-03   5.620669024814032e-03   5.620669024814062e-03

 Columns 4 through 6:

   5.620669024814092e-03   5.620669024814003e-03   5.620669024814083e-03

 Column 7:

   5.620669024814048e-03

ans = -5.726752326463607e-21
ans = 1.019251950787841e-20
ans = 6.802216369753254e-21
ans = 1.020110150673364e-20
ans = 1.020410003645415e-20
ans = 1.019830977216628e-20
ans = 3.424837928699242e-21
nbcr = 7
lambda0 = 3.501084296647659
kmpl_prod = 0.180000000000000
 Time :      1.00000
 Time :      2.00000
 Time :      3.01000
 Time :      4.01000
 Time :      5.01000
 Time :      6.01000
 Time :      7.01000
 Time :      8.01000
 Time :      9.01000
 Time :     10.01000
 Time :     11.01000
 Time :     12.01000
 Time :     13.01000
 Time :     14.01000
 Time :     15.01000
 Time :     16.01000
 Time :     17.01000
 Time :     18.00000
 Time :     19.00000
 Time :     20.00000
 Time :     21.00000
 Time :     22.00000
 Time :     23.00000
 Time :     24.00000
 Time :     25.00000
 Time :     26.00000
 Time :     27.00000
 Time :     28.00000
 Time :     29.00000
 Time :     30.00000
 Time :     31.00000
 Time :     32.00000
 Time :     33.00000
 Time :     34.00000
 Time :     35.00000
dtime = 32.53594301640987
mbcr =

   0.142857142857143   0.413759835336171

agsout =

 Columns 1 through 3:

   5.620669024814049e-03   5.620669024814032e-03   5.620669024814062e-03
   2.705840920055576e-03   2.705840920055485e-03   2.705840920055584e-03

 Columns 4 through 6:

   5.620669024814092e-03   5.620669024814003e-03   5.620669024814083e-03
   2.705840920055497e-03   2.705840920055491e-03   2.705840920055491e-03

 Column 7:

   5.620669024814048e-03
   2.705840920055491e-03

ans = 1.500546990201820e-20
ans = 1.501643004513453e-20
ans = 8.241717430748660e-21
ans = 8.242854804090921e-21
ans = 4.852034678082922e-21
ans = 4.852034678082922e-21
ans = 4.852034678082922e-21
nbcr = 7
lambda0 = 3.501084296647659
kmpl_prod = 0.180000000000000
 Time :      1.00000
 Time :      2.00000
 Time :      3.01000
 Time :      4.01000
 Time :      5.01000
 Time :      6.01000
 Time :      7.01000
 Time :      8.01000
 Time :      9.01000
 Time :     10.01000
 Time :     11.01000
 Time :     12.01000
 Time :     13.01000
 Time :     14.01000
 Time :     15.01000
 Time :     16.01000
 Time :     17.01000
 Time :     18.00000
 Time :     19.00000
 Time :     20.00000
 Time :     21.00000
 Time :     22.00000
 Time :     23.00000
 Time :     24.00000
 Time :     25.00000
 Time :     26.00000
 Time :     27.00000
 Time :     28.00000
 Time :     29.00000
 Time :     30.00000
 Time :     31.00000
 Time :     32.00000
 Time :     33.00000
 Time :     34.00000
 Time :     35.00000
dtime = 32.37162083387375
mbcr =

   0.142857142857143   0.413759835336171   0.404273171070642

agsout =

 Columns 1 through 3:

   5.620669024814049e-03   5.620669024814032e-03   5.620669024814062e-03
   2.705840920055576e-03   2.705840920055485e-03   2.705840920055584e-03
   2.940630589022511e-03   2.940630589022552e-03   2.940630589022545e-03

 Columns 4 through 6:

   5.620669024814092e-03   5.620669024814003e-03   5.620669024814083e-03
   2.705840920055497e-03   2.705840920055491e-03   2.705840920055491e-03
   2.940630589022521e-03   2.940630589022504e-03   2.940630589022511e-03

 Column 7:

   5.620669024814048e-03
   2.705840920055491e-03
   2.940630589022564e-03

ans = 6.747312256595047e-21
ans = 3.447481997967881e-21
ans = 6.841093858543246e-21
ans = 8.519960309296185e-23
ans = 1.362097635175757e-20
ans = 3.443759685211392e-21
ans = 3.453789250138598e-21
nbcr = 7
lambda0 = 3.501084296647659
kmpl_prod = 0.180000000000000
 Time :      1.00000
 Time :      2.00000
 Time :      3.01000
 Time :      4.01000
 Time :      5.01000
 Time :      6.01000
 Time :      7.01000
 Time :      8.01000
 Time :      9.01000
 Time :     10.01000
 Time :     11.01000
 Time :     12.01000
 Time :     13.01000
 Time :     14.01000
 Time :     15.01000
 Time :     16.01000
 Time :     17.01000
 Time :     18.00000
 Time :     19.00000
 Time :     20.00000
 Time :     21.00000
 Time :     22.00000
 Time :     23.00000
 Time :     24.00000
 Time :     25.00000
 Time :     26.00000
 Time :     27.00000
 Time :     28.00000
 Time :     29.00000
 Time :     30.00000
 Time :     31.00000
 Time :     32.00000
 Time :     33.00000
 Time :     34.00000
 Time :     35.00000
dtime = 33.75472538173199
mbcr =

   0.142857142857143   0.413759835336171   0.404273171070642   0.525159616174803

agsout =

 Columns 1 through 3:

   5.620669024814049e-03   5.620669024814032e-03   5.620669024814062e-03
   2.705840920055576e-03   2.705840920055485e-03   2.705840920055584e-03
   2.940630589022511e-03   2.940630589022552e-03   2.940630589022545e-03
   9.930400566570182e-04   9.930400566570551e-04   9.930400566569553e-04

 Columns 4 through 6:

   5.620669024814092e-03   5.620669024814003e-03   5.620669024814083e-03
   2.705840920055497e-03   2.705840920055491e-03   2.705840920055491e-03
   2.940630589022521e-03   2.940630589022504e-03   2.940630589022511e-03
   9.930400566569579e-04   9.930400566569738e-04   9.930400566570321e-04

 Column 7:

   5.620669024814048e-03
   2.705840920055491e-03
   2.940630589022564e-03
   9.930400566570284e-04

ans = -7.782115202898884e-21
ans = 5.546995639598177e-21
ans = 8.933834958908264e-21
ans = 8.934429494973536e-21
ans = 8.935411771950943e-21
ans = 5.546349404744620e-21
ans = 1.232413809703342e-20
nbcr = 7
lambda0 = 3.501084296647659
kmpl_prod = 0.180000000000000
 Time :      1.00000
 Time :      2.00000
 Time :      3.01000
 Time :      4.01000
 Time :      5.01000
 Time :      6.01000
 Time :      7.01000
 Time :      8.01000
 Time :      9.01000
 Time :     10.01000
 Time :     11.01000
 Time :     12.01000
 Time :     13.01000
 Time :     14.01000
 Time :     15.01000
 Time :     16.01000
 Time :     17.01000
 Time :     18.00000
 Time :     19.00000
 Time :     20.00000
 Time :     21.00000
 Time :     22.00000
 Time :     23.00000
 Time :     24.00000
 Time :     25.00000
 Time :     26.00000
 Time :     27.00000
 Time :     28.00000
 Time :     29.00000
 Time :     30.00000
 Time :     31.00000
 Time :     32.00000
 Time :     33.00000
 Time :     34.00000
 Time :     35.00000
dtime = 33.70412215590477
mbcr =

 Columns 1 through 4:

   0.142857142857143   0.413759835336171   0.404273171070642   0.525159616174803

 Column 5:

   0.529310926516280

agsout =

 Columns 1 through 3:

   5.620669024814049e-03   5.620669024814032e-03   5.620669024814062e-03
   2.705840920055576e-03   2.705840920055485e-03   2.705840920055584e-03
   2.940630589022511e-03   2.940630589022552e-03   2.940630589022545e-03
   9.930400566570182e-04   9.930400566570551e-04   9.930400566569553e-04
   9.064357748364440e-04   9.064357748364461e-04   9.064357748364747e-04

 Columns 4 through 6:

   5.620669024814092e-03   5.620669024814003e-03   5.620669024814083e-03
   2.705840920055497e-03   2.705840920055491e-03   2.705840920055491e-03
   2.940630589022521e-03   2.940630589022504e-03   2.940630589022511e-03
   9.930400566569579e-04   9.930400566569738e-04   9.930400566570321e-04
   9.064357748364704e-04   9.064357748364513e-04   9.064357748365077e-04

 Column 7:

   5.620669024814048e-03
   2.705840920055491e-03
   2.940630589022564e-03
   9.930400566570284e-04
   9.064357748364218e-04

ans = -9.065899513581183e-22
ans = 9.524984753548114e-22
ans = -2.434327919258205e-21
ans = -2.435051702294189e-21
ans = 9.533515053615067e-22
ans = 9.578234505481215e-22
ans = 4.343590020001304e-21
nbcr = 7
lambda0 = 3.501084296647659
kmpl_prod = 0.180000000000000
 Time :      1.00000
 Time :      2.00000
 Time :      3.01000
 Time :      4.01000
 Time :      5.01000
 Time :      6.01000
 Time :      7.01000
 Time :      8.01000
 Time :      9.01000
 Time :     10.01000
 Time :     11.01000
 Time :     12.01000
 Time :     13.01000
 Time :     14.01000
 Time :     15.01000
 Time :     16.01000
 Time :     17.01000
 Time :     18.00000
 Time :     19.00000
 Time :     20.00000
 Time :     21.00000
 Time :     22.00000
 Time :     23.00000
 Time :     24.00000
 Time :     25.00000
 Time :     26.00000
 Time :     27.00000
 Time :     28.00000
 Time :     29.00000
 Time :     30.00000
 Time :     31.00000
 Time :     32.00000
 Time :     33.00000
 Time :     34.00000
 Time :     35.00000
dtime = 31.65147788822651
mbcr =

 Columns 1 through 4:

   0.142857142857143   0.413759835336171   0.404273171070642   0.525159616174803

 Columns 5 and 6:

   0.529310926516280   0.370508614571866

agsout =

 Columns 1 through 3:

   5.620669024814049e-03   5.620669024814032e-03   5.620669024814062e-03
   2.705840920055576e-03   2.705840920055485e-03   2.705840920055584e-03
   2.940630589022511e-03   2.940630589022552e-03   2.940630589022545e-03
   9.930400566570182e-04   9.930400566570551e-04   9.930400566569553e-04
   9.064357748364440e-04   9.064357748364461e-04   9.064357748364747e-04
   3.594229224074675e-03   3.594229224074669e-03   3.594229224074638e-03

 Columns 4 through 6:

   5.620669024814092e-03   5.620669024814003e-03   5.620669024814083e-03
   2.705840920055497e-03   2.705840920055491e-03   2.705840920055491e-03
   2.940630589022521e-03   2.940630589022504e-03   2.940630589022511e-03
   9.930400566569579e-04   9.930400566569738e-04   9.930400566570321e-04
   9.064357748364704e-04   9.064357748364513e-04   9.064357748365077e-04
   3.594229224074688e-03   3.594229224074636e-03   3.594229224074636e-03

 Column 7:

   5.620669024814048e-03
   2.705840920055491e-03
   2.940630589022564e-03
   9.930400566570284e-04
   9.064357748364218e-04
   3.594229224074665e-03

ans = -2.809208757806651e-21
ans = 5.620071876838408e-21
ans = 5.631238815107874e-21
ans = 9.019267206548506e-21
ans = 1.239199275665691e-20
ans = 1.578301967781804e-20
ans = 5.642715946107047e-21
dkps =

 Columns 1 through 3:

   2.328892922250498e+01   2.441419450261921e+00   1.788291581522179e+01

 Columns 4 through 6:

   1.577723791828405e+01   2.835185650495575e+01   4.273481787244583e-01

nbcr = 10
lambda0 = 3.501084296647659
kmpl_prod = 0.180000000000000
 Time :      1.00000
 Time :      2.00000
 Time :      3.01000
 Time :      4.01000
 Time :      5.01000
 Time :      6.01000
 Time :      7.01000
 Time :      8.01000
 Time :      9.01000
 Time :     10.01000
 Time :     11.01000
 Time :     12.01000
 Time :     13.01000
 Time :     14.01000
 Time :     15.01000
 Time :     16.01000
 Time :     17.01000
 Time :     18.00000
 Time :     19.00000
 Time :     20.00000
 Time :     21.00000
 Time :     22.00000
 Time :     23.00000
 Time :     24.00000
 Time :     25.00000
 Time :     26.00000
 Time :     27.00000
 Time :     28.00000
 Time :     29.00000
 Time :     30.00000
 Time :     31.00000
 Time :     32.00000
 Time :     33.00000
 Time :     34.00000
 Time :     35.00000
dtime = 47.18622565269470
mbcr = 0.100000000000000
agsout =

 Columns 1 through 3:

   5.029430349229995e-03   5.029430349229977e-03   5.029430349229972e-03

 Columns 4 through 6:

   5.029430349229999e-03   5.029430349230004e-03   5.029430349229964e-03

 Columns 7 through 9:

   5.029430349230032e-03   5.029430349229953e-03   5.029430349229961e-03

 Column 10:

   5.029430349230035e-03

ans = 2.302457235041353e-21
ans = 1.573607717805566e-21
ans = -1.814524071211635e-21
ans = 1.566783477752004e-21
ans = -1.815868239707034e-21
ans = 1.600697882866678e-21
ans = -1.801185783834218e-21
ans = 1.588807161561228e-21
ans = 1.566576682598865e-21
ans = 1.574124705688412e-21
nbcr = 10
lambda0 = 3.501084296647659
kmpl_prod = 0.180000000000000
 Time :      1.00000
 Time :      2.00000
 Time :      3.01000
 Time :      4.01000
 Time :      5.01000
 Time :      6.01000
 Time :      7.01000
 Time :      8.01000
 Time :      9.01000
 Time :     10.01000
 Time :     11.01000
 Time :     12.01000
 Time :     13.01000
 Time :     14.01000
 Time :     15.01000
 Time :     16.01000
 Time :     17.01000
 Time :     18.00000
 Time :     19.00000
 Time :     20.00000
 Time :     21.00000
 Time :     22.00000
 Time :     23.00000
 Time :     24.00000
 Time :     25.00000
 Time :     26.00000
 Time :     27.00000
 Time :     28.00000
 Time :     29.00000
 Time :     30.00000
 Time :     31.00000
 Time :     32.00000
 Time :     33.00000
 Time :     34.00000
 Time :     35.00000
dtime = 47.11080864071846
mbcr =

   0.100000000000000   0.326350421880418

agsout =

 Columns 1 through 3:

   5.029430349229995e-03   5.029430349229977e-03   5.029430349229972e-03
   3.105267181928339e-03   3.105267181928285e-03   3.105267181928305e-03

 Columns 4 through 6:

   5.029430349229999e-03   5.029430349230004e-03   5.029430349229964e-03
   3.105267181928277e-03   3.105267181928255e-03   3.105267181928253e-03

 Columns 7 through 9:

   5.029430349230032e-03   5.029430349229953e-03   5.029430349229961e-03
   3.105267181928255e-03   3.105267181928255e-03   3.105267181928324e-03

 Column 10:

   5.029430349230035e-03
   3.105267181928270e-03

ans = 6.445391333013192e-21
ans = 4.969287529912314e-22
ans = 4.919656693159132e-22
ans = 4.866923929108877e-22
ans = 3.881958614711359e-21
ans = 3.881958614711359e-21
ans = 3.881958614711359e-21
ans = 3.881958614711359e-21
ans = 3.874617386774951e-21
ans = 3.881855217134790e-21
nbcr = 10
lambda0 = 3.501084296647659
kmpl_prod = 0.180000000000000
 Time :      1.00000
 Time :      2.00000
 Time :      3.01000
 Time :      4.01000
 Time :      5.01000
 Time :      6.01000
 Time :      7.01000
 Time :      8.01000
 Time :      9.01000
 Time :     10.01000
 Time :     11.01000
 Time :     12.01000
 Time :     13.01000
 Time :     14.01000
 Time :     15.01000
 Time :     16.01000
 Time :     17.01000
 Time :     18.00000
 Time :     19.00000
 Time :     20.00000
 Time :     21.00000
 Time :     22.00000
 Time :     23.00000
 Time :     24.00000
 Time :     25.00000
 Time :     26.00000
 Time :     27.00000
 Time :     28.00000
 Time :     29.00000
 Time :     30.00000
 Time :     31.00000
 Time :     32.00000
 Time :     33.00000
 Time :     34.00000
 Time :     35.00000
dtime = 49.50341284275055
mbcr =

   0.100000000000000   0.326350421880418   0.483370910085190

agsout =

 Columns 1 through 3:

   5.029430349229995e-03   5.029430349229977e-03   5.029430349229972e-03
   3.105267181928339e-03   3.105267181928285e-03   3.105267181928305e-03
   9.978012328138634e-04   9.978012328138771e-04   9.978012328138624e-04

 Columns 4 through 6:

   5.029430349229999e-03   5.029430349230004e-03   5.029430349229964e-03
   3.105267181928277e-03   3.105267181928255e-03   3.105267181928253e-03
   9.978012328138342e-04   9.978012328138600e-04   9.978012328138686e-04

 Columns 7 through 9:

   5.029430349230032e-03   5.029430349229953e-03   5.029430349229961e-03
   3.105267181928255e-03   3.105267181928255e-03   3.105267181928324e-03
   9.978012328137990e-04   9.978012328137995e-04   9.978012328138689e-04

 Column 10:

   5.029430349230035e-03
   3.105267181928270e-03
   9.978012328138689e-04

ans = 3.477467295172928e-21
ans = 1.164424733230311e-20
ans = 8.260070500589681e-21
ans = 1.503449877163998e-20
ans = 8.258933127247420e-21
ans = 1.164822813900102e-20
ans = 1.164590169352822e-20
ans = 8.260535789684242e-21
ans = 1.164817644021274e-20
ans = 1.164817644021274e-20
nbcr = 10
lambda0 = 3.501084296647659
kmpl_prod = 0.180000000000000
 Time :      1.00000
 Time :      2.00000
 Time :      3.01000
 Time :      4.01000
 Time :      5.01000
 Time :      6.01000
 Time :      7.01000
 Time :      8.01000
 Time :      9.01000
 Time :     10.01000
 Time :     11.01000
 Time :     12.01000
 Time :     13.01000
 Time :     14.01000
 Time :     15.01000
 Time :     16.01000
 Time :     17.01000
 Time :     18.00000
 Time :     19.00000
 Time :     20.00000
 Time :     21.00000
 Time :     22.00000
 Time :     23.00000
 Time :     24.00000
 Time :     25.00000
 Time :     26.00000
 Time :     27.00000
 Time :     28.00000
 Time :     29.00000
 Time :     30.00000
 Time :     31.00000
 Time :     32.00000
 Time :     33.00000
 Time :     34.00000
 Time :     35.00000
dtime = 47.14099355041981
mbcr =

   0.100000000000000   0.326350421880418   0.483370910085190   0.446059090926712

agsout =

 Columns 1 through 3:

   5.029430349229995e-03   5.029430349229977e-03   5.029430349229972e-03
   3.105267181928339e-03   3.105267181928285e-03   3.105267181928305e-03
   9.978012328138634e-04   9.978012328138771e-04   9.978012328138624e-04
   1.544591288887902e-03   1.544591288887866e-03   1.544591288887884e-03

 Columns 4 through 6:

   5.029430349229999e-03   5.029430349230004e-03   5.029430349229964e-03
   3.105267181928277e-03   3.105267181928255e-03   3.105267181928253e-03
   9.978012328138342e-04   9.978012328138600e-04   9.978012328138686e-04
   1.544591288887865e-03   1.544591288887870e-03   1.544591288887905e-03

 Columns 7 through 9:

   5.029430349230032e-03   5.029430349229953e-03   5.029430349229961e-03
   3.105267181928255e-03   3.105267181928255e-03   3.105267181928324e-03
   9.978012328137990e-04   9.978012328137995e-04   9.978012328138689e-04
   1.544591288887862e-03   1.544591288887869e-03   1.544591288887923e-03

 Column 10:

   5.029430349230035e-03
   3.105267181928270e-03
   9.978012328138689e-04
   1.544591288887868e-03

ans = 3.925799187176669e-21
ans = 9.179223257500948e-21
ans = 9.180205534478355e-21
ans = 5.793934901839398e-21
ans = 1.256900940774326e-20
ans = 5.791453360001739e-21
ans = 9.181342907820615e-21
ans = 1.256719995015330e-20
ans = 9.179016462347810e-21
ans = 1.256719995015330e-20
nbcr = 10
lambda0 = 3.501084296647659
kmpl_prod = 0.180000000000000
 Time :      1.00000
 Time :      2.00000
 Time :      3.01000
 Time :      4.01000
 Time :      5.01000
 Time :      6.01000
 Time :      7.01000
 Time :      8.01000
 Time :      9.01000
 Time :     10.01000
 Time :     11.01000
 Time :     12.01000
 Time :     13.01000
 Time :     14.01000
 Time :     15.01000
 Time :     16.01000
 Time :     17.01000
 Time :     18.00000
 Time :     19.00000
 Time :     20.00000
 Time :     21.00000
 Time :     22.00000
 Time :     23.00000
 Time :     24.00000
 Time :     25.00000
 Time :     26.00000
 Time :     27.00000
 Time :     28.00000
 Time :     29.00000
 Time :     30.00000
 Time :     31.00000
 Time :     32.00000
 Time :     33.00000
 Time :     34.00000
 Time :     35.00000
dtime = 46.98019176721573
mbcr =

 Columns 1 through 4:

   0.100000000000000   0.326350421880418   0.483370910085190   0.446059090926712

 Column 5:

   0.432782271173792

agsout =

 Columns 1 through 3:

   5.029430349229995e-03   5.029430349229977e-03   5.029430349229972e-03
   3.105267181928339e-03   3.105267181928285e-03   3.105267181928305e-03
   9.978012328138634e-04   9.978012328138771e-04   9.978012328138624e-04
   1.544591288887902e-03   1.544591288887866e-03   1.544591288887884e-03
   1.798167978568514e-03   1.798167978568494e-03   1.798167978568521e-03

 Columns 4 through 6:

   5.029430349229999e-03   5.029430349230004e-03   5.029430349229964e-03
   3.105267181928277e-03   3.105267181928255e-03   3.105267181928253e-03
   9.978012328138342e-04   9.978012328138600e-04   9.978012328138686e-04
   1.544591288887865e-03   1.544591288887870e-03   1.544591288887905e-03
   1.798167978568549e-03   1.798167978568541e-03   1.798167978568547e-03

 Columns 7 through 9:

   5.029430349230032e-03   5.029430349229953e-03   5.029430349229961e-03
   3.105267181928255e-03   3.105267181928255e-03   3.105267181928324e-03
   9.978012328137990e-04   9.978012328137995e-04   9.978012328138689e-04
   1.544591288887862e-03   1.544591288887869e-03   1.544591288887923e-03
   1.798167978568544e-03   1.798167978568548e-03   1.798167978568492e-03

 Column 10:

   5.029430349230035e-03
   3.105267181928270e-03
   9.978012328138689e-04
   1.544591288887868e-03
   1.798167978568505e-03

ans = 4.873748169162439e-21
ans = -1.330152953894725e-20
ans = -6.522629322710331e-21
ans = -9.920894074231307e-21
ans = -3.136720581589366e-21
ans = -9.917481954204525e-21
ans = -9.916551376015403e-21
ans = -1.330551034564516e-20
ans = -6.522370828768908e-21
ans = -6.525369358489413e-21
nbcr = 10
lambda0 = 3.501084296647659
kmpl_prod = 0.180000000000000
 Time :      1.00000
 Time :      2.00000
 Time :      3.01000
 Time :      4.01000
 Time :      5.01000
 Time :      6.01000
 Time :      7.01000
 Time :      8.01000
 Time :      9.01000
 Time :     10.01000
 Time :     11.01000
 Time :     12.01000
 Time :     13.01000
 Time :     14.01000
 Time :     15.01000
 Time :     16.01000
 Time :     17.01000
 Time :     18.00000
 Time :     19.00000
 Time :     20.00000
 Time :     21.00000
 Time :     22.00000
 Time :     23.00000
 Time :     24.00000
 Time :     25.00000
 Time :     26.00000
 Time :     27.00000
 Time :     28.00000
 Time :     29.00000
 Time :     30.00000
 Time :     31.00000
 Time :     32.00000
 Time :     33.00000
 Time :     34.00000
 Time :     35.00000
dtime = 46.07588164508343
mbcr =

 Columns 1 through 4:

   0.100000000000000   0.326350421880418   0.483370910085190   0.446059090926712

 Columns 5 and 6:

   0.432782271173792   0.395785361803943

agsout =

 Columns 1 through 3:

   5.029430349229995e-03   5.029430349229977e-03   5.029430349229972e-03
   3.105267181928339e-03   3.105267181928285e-03   3.105267181928305e-03
   9.978012328138634e-04   9.978012328138771e-04   9.978012328138624e-04
   1.544591288887902e-03   1.544591288887866e-03   1.544591288887884e-03
   1.798167978568514e-03   1.798167978568494e-03   1.798167978568521e-03
   2.334368516087540e-03   2.334368516087528e-03   2.334368516087576e-03

 Columns 4 through 6:

   5.029430349229999e-03   5.029430349230004e-03   5.029430349229964e-03
   3.105267181928277e-03   3.105267181928255e-03   3.105267181928253e-03
   9.978012328138342e-04   9.978012328138600e-04   9.978012328138686e-04
   1.544591288887865e-03   1.544591288887870e-03   1.544591288887905e-03
   1.798167978568549e-03   1.798167978568541e-03   1.798167978568547e-03
   2.334368516087578e-03   2.334368516087558e-03   2.334368516087550e-03

 Columns 7 through 9:

   5.029430349230032e-03   5.029430349229953e-03   5.029430349229961e-03
   3.105267181928255e-03   3.105267181928255e-03   3.105267181928324e-03
   9.978012328137990e-04   9.978012328137995e-04   9.978012328138689e-04
   1.544591288887862e-03   1.544591288887869e-03   1.544591288887923e-03
   1.798167978568544e-03   1.798167978568548e-03   1.798167978568492e-03
   2.334368516087600e-03   2.334368516087582e-03   2.334368516087579e-03

 Column 10:

   5.029430349230035e-03
   3.105267181928270e-03
   9.978012328138689e-04
   1.544591288887868e-03
   1.798167978568505e-03
   2.334368516087617e-03

ans = 1.061438162028045e-20
ans = -5.939880581166723e-21
ans = 8.376237677865096e-22
ans = 8.434140320743808e-22
ans = -2.545544937555374e-21
ans = 8.442412126869339e-22
ans = 8.416562732727057e-22
ans = -5.934814099914835e-21
ans = -2.546889106050772e-21
ans = -5.935848075680527e-21
dkps =

 Columns 1 through 3:

   7.021882364122699e+01   2.727562711729297e+01   4.418143697325900e+01

 Columns 4 through 6:

   6.880280263943408e-01   1.901591057708552e+00   6.691975951509074e+00

nbcr = 15
lambda0 = 3.501084296647659
kmpl_prod = 0.180000000000000
 Time :      1.00000
 Time :      2.00000
 Time :      3.01000
 Time :      4.01000
 Time :      5.01000
 Time :      6.01000
 Time :      7.01000
 Time :      8.01000
 Time :      9.01000
 Time :     10.01000
 Time :     11.01000
 Time :     12.01000
 Time :     13.01000
 Time :     14.01000
 Time :     15.01000
 Time :     16.01000
 Time :     17.01000
 Time :     18.00000
 Time :     19.00000
 Time :     20.00000
 Time :     21.00000
 Time :     22.00000
 Time :     23.00000
 Time :     24.00000
 Time :     25.00000
 Time :     26.00000
 Time :     27.00000
 Time :     28.00000
 Time :     29.00000
 Time :     30.00000
 Time :     31.00000
 Time :     32.00000
 Time :     33.00000
 Time :     34.00000
 Time :     35.00000
dtime = 72.73389436304569
mbcr = 6.666666666666668e-02
agsout =

 Columns 1 through 3:

   4.569552949878814e-03   4.569552949878831e-03   4.569552949878833e-03

 Columns 4 through 6:

   4.569552949878796e-03   4.569552949878840e-03   4.569552949878881e-03

 Columns 7 through 9:

   4.569552949878880e-03   4.569552949878877e-03   4.569552949878877e-03

 Columns 10 through 12:

   4.569552949878822e-03   4.569552949878877e-03   4.569552949878876e-03

 Columns 13 through 15:

   4.569552949878876e-03   4.569552949878882e-03   4.569552949878877e-03

ans = 2.440467150366997e-21
ans = 7.093694138101627e-21
ans = 3.702046831481075e-21
ans = 3.699358494490278e-21
ans = 7.090799005957691e-21
ans = 7.076530140391152e-21
ans = 3.023345138881316e-22
ans = 3.693361435049269e-21
ans = 3.688398351373950e-21
ans = 3.698738109030863e-21
ans = 7.081493224066470e-21
ans = 3.693361435049269e-21
ans = 3.688398351373950e-21
ans = 7.078184501616258e-21
ans = 7.081493224066470e-21
nbcr = 15
lambda0 = 3.501084296647659
kmpl_prod = 0.180000000000000
 Time :      1.00000
 Time :      2.00000
 Time :      3.01000
 Time :      4.01000
 Time :      5.01000
 Time :      6.01000
 Time :      7.01000
 Time :      8.01000
 Time :      9.01000
 Time :     10.01000
 Time :     11.01000
 Time :     12.01000
 Time :     13.01000
 Time :     14.01000
 Time :     15.01000
 Time :     16.01000
 Time :     17.01000
 Time :     18.00000
 Time :     19.00000
 Time :     20.00000
 Time :     21.00000
 Time :     22.00000
 Time :     23.00000
 Time :     24.00000
 Time :     25.00000
 Time :     26.00000
 Time :     27.00000
 Time :     28.00000
 Time :     29.00000
 Time :     30.00000
 Time :     31.00000
 Time :     32.00000
 Time :     33.00000
 Time :     34.00000
 Time :     35.00000
dtime = 73.06264936923981
mbcr =

   6.666666666666668e-02   2.143847727491162e-01

agsout =

 Columns 1 through 3:

   4.569552949878814e-03   4.569552949878831e-03   4.569552949878833e-03
   3.475329130347435e-03   3.475329130347421e-03   3.475329130347409e-03

 Columns 4 through 6:

   4.569552949878796e-03   4.569552949878840e-03   4.569552949878881e-03
   3.475329130347448e-03   3.475329130347347e-03   3.475329130347450e-03

 Columns 7 through 9:

   4.569552949878880e-03   4.569552949878877e-03   4.569552949878877e-03
   3.475329130347347e-03   3.475329130347444e-03   3.475329130347356e-03

 Columns 10 through 12:

   4.569552949878822e-03   4.569552949878877e-03   4.569552949878876e-03
   3.475329130347370e-03   3.475329130347371e-03   3.475329130347380e-03

 Columns 13 through 15:

   4.569552949878876e-03   4.569552949878882e-03   4.569552949878877e-03
   3.475329130347381e-03   3.475329130347387e-03   3.475329130347388e-03

ans = -1.905410541015899e-21
ans = 7.040547783745095e-21
ans = 2.589075317290977e-22
ans = 3.651175223809064e-21
ans = 3.643937393449225e-21
ans = 2.659385669357984e-22
ans = 7.032069182466427e-21
ans = 2.502221352972909e-22
ans = 3.638147129161354e-21
ans = 3.662135366925392e-21
ans = 3.656551897790659e-21
ans = 3.647452911052576e-21
ans = 3.647452911052576e-21
ans = 2.628366396387245e-22
ans = 2.597347123416507e-22
nbcr = 15
lambda0 = 3.501084296647659
kmpl_prod = 0.180000000000000
 Time :      1.00000
 Time :      2.00000
 Time :      3.01000
 Time :      4.01000
 Time :      5.01000
 Time :      6.01000
 Time :      7.01000
 Time :      8.01000
 Time :      9.01000
 Time :     10.01000
 Time :     11.01000
 Time :     12.01000
 Time :     13.01000
 Time :     14.01000
 Time :     15.01000
 Time :     16.01000
 Time :     17.01000
 Time :     18.00000
 Time :     19.00000
 Time :     20.00000
 Time :     21.00000
 Time :     22.00000
 Time :     23.00000
 Time :     24.00000
 Time :     25.00000
 Time :     26.00000
 Time :     27.00000
 Time :     28.00000
 Time :     29.00000
 Time :     30.00000
 Time :     31.00000
 Time :     32.00000
 Time :     33.00000
 Time :     34.00000
 Time :     35.00000
dtime = 71.89512401819229
mbcr =

   6.666666666666668e-02   2.143847727491162e-01   3.325710119146331e-01

agsout =

 Columns 1 through 3:

   4.569552949878814e-03   4.569552949878831e-03   4.569552949878833e-03
   3.475329130347435e-03   3.475329130347421e-03   3.475329130347409e-03
   2.612381862679232e-03   2.612381862679135e-03   2.612381862679197e-03

 Columns 4 through 6:

   4.569552949878796e-03   4.569552949878840e-03   4.569552949878881e-03
   3.475329130347448e-03   3.475329130347347e-03   3.475329130347450e-03
   2.612381862679136e-03   2.612381862679210e-03   2.612381862679245e-03

 Columns 7 through 9:

   4.569552949878880e-03   4.569552949878877e-03   4.569552949878877e-03
   3.475329130347347e-03   3.475329130347444e-03   3.475329130347356e-03
   2.612381862679183e-03   2.612381862679146e-03   2.612381862679137e-03

 Columns 10 through 12:

   4.569552949878822e-03   4.569552949878877e-03   4.569552949878876e-03
   3.475329130347370e-03   3.475329130347371e-03   3.475329130347380e-03
   2.612381862679202e-03   2.612381862679160e-03   2.612381862679195e-03

 Columns 13 through 15:

   4.569552949878876e-03   4.569552949878882e-03   4.569552949878877e-03
   3.475329130347381e-03   3.475329130347387e-03   3.475329130347388e-03
   2.612381862679160e-03   2.612381862679215e-03   2.612381862679151e-03

ans = 8.658926652205094e-21
ans = 3.906670635511381e-21
ans = 5.445950357895996e-22
ans = 5.114044137109094e-22
ans = -2.862148317010045e-21
ans = 3.923421042915579e-21
ans = 3.930348680545711e-21
ans = -2.861838124280337e-21
ans = 5.289820017276612e-22
ans = 5.441814454833231e-22
ans = -2.853669715731376e-21
ans = 5.315669411418894e-22
ans = -2.853566318154807e-21
ans = 3.928177331437759e-21
ans = 5.314635435653203e-22
nbcr = 15
lambda0 = 3.501084296647659
kmpl_prod = 0.180000000000000
 Time :      1.00000
 Time :      2.00000
 Time :      3.01000
 Time :      4.01000
 Time :      5.01000
 Time :      6.01000
 Time :      7.01000
 Time :      8.01000
 Time :      9.01000
 Time :     10.01000
 Time :     11.01000
 Time :     12.01000
 Time :     13.01000
 Time :     14.01000
 Time :     15.01000
 Time :     16.01000
 Time :     17.01000
 Time :     18.00000
 Time :     19.00000
 Time :     20.00000
 Time :     21.00000
 Time :     22.00000
 Time :     23.00000
 Time :     24.00000
 Time :     25.00000
 Time :     26.00000
 Time :     27.00000
 Time :     28.00000
 Time :     29.00000
 Time :     30.00000
 Time :     31.00000
 Time :     32.00000
 Time :     33.00000
 Time :     34.00000
 Time :     35.00000
dtime = 71.70171327888966
mbcr =

 Columns 1 through 3:

   6.666666666666668e-02   2.143847727491162e-01   3.325710119146331e-01

 Column 4:

   3.003328930094784e-01

agsout =

 Columns 1 through 3:

   4.569552949878814e-03   4.569552949878831e-03   4.569552949878833e-03
   3.475329130347435e-03   3.475329130347421e-03   3.475329130347409e-03
   2.612381862679232e-03   2.612381862679135e-03   2.612381862679197e-03
   2.963681925164066e-03   2.963681925164104e-03   2.963681925164040e-03

 Columns 4 through 6:

   4.569552949878796e-03   4.569552949878840e-03   4.569552949878881e-03
   3.475329130347448e-03   3.475329130347347e-03   3.475329130347450e-03
   2.612381862679136e-03   2.612381862679210e-03   2.612381862679245e-03
   2.963681925164061e-03   2.963681925164109e-03   2.963681925164084e-03

 Columns 7 through 9:

   4.569552949878880e-03   4.569552949878877e-03   4.569552949878877e-03
   3.475329130347347e-03   3.475329130347444e-03   3.475329130347356e-03
   2.612381862679183e-03   2.612381862679146e-03   2.612381862679137e-03
   2.963681925164077e-03   2.963681925164146e-03   2.963681925164143e-03

 Columns 10 through 12:

   4.569552949878822e-03   4.569552949878877e-03   4.569552949878876e-03
   3.475329130347370e-03   3.475329130347371e-03   3.475329130347380e-03
   2.612381862679202e-03   2.612381862679160e-03   2.612381862679195e-03
   2.963681925164116e-03   2.963681925164092e-03   2.963681925164059e-03

 Columns 13 through 15:

   4.569552949878876e-03   4.569552949878882e-03   4.569552949878877e-03
   3.475329130347381e-03   3.475329130347387e-03   3.475329130347388e-03
   2.612381862679160e-03   2.612381862679215e-03   2.612381862679151e-03
   2.963681925164087e-03   2.963681925164110e-03   2.963681925164111e-03

ans = 1.430195279104185e-20
ans = -1.197798886007412e-20
ans = -5.196348608058120e-21
ans = -8.589650275903778e-21
ans = -8.579310518246865e-21
ans = -8.591925022588298e-21
ans = -1.810491565725439e-21
ans = -5.178771020041368e-21
ans = -1.806976048122089e-21
ans = -5.178977815194506e-21
ans = -8.605573502695423e-21
ans = -1.809871180266025e-21
ans = -1.198377912436199e-20
ans = -5.178977815194506e-21
ans = -1.791259616483581e-21
nbcr = 15
lambda0 = 3.501084296647659
kmpl_prod = 0.180000000000000
 Time :      1.00000
 Time :      2.00000
 Time :      3.01000
 Time :      4.01000
 Time :      5.01000
 Time :      6.01000
 Time :      7.01000
 Time :      8.01000
 Time :      9.01000
 Time :     10.01000
 Time :     11.01000
 Time :     12.01000
 Time :     13.01000
 Time :     14.01000
 Time :     15.01000
 Time :     16.01000
 Time :     17.01000
 Time :     18.00000
 Time :     19.00000
 Time :     20.00000
 Time :     21.00000
 Time :     22.00000
 Time :     23.00000
 Time :     24.00000
 Time :     25.00000
 Time :     26.00000
 Time :     27.00000
 Time :     28.00000
 Time :     29.00000
 Time :     30.00000
 Time :     31.00000
 Time :     32.00000
 Time :     33.00000
 Time :     34.00000
 Time :     35.00000
dtime = 79.58708591759205
mbcr =

 Columns 1 through 3:

   6.666666666666668e-02   2.143847727491162e-01   3.325710119146331e-01

 Columns 4 and 5:

   3.003328930094784e-01   4.816720126671648e-01

agsout =

 Columns 1 through 3:

   4.569552949878814e-03   4.569552949878831e-03   4.569552949878833e-03
   3.475329130347435e-03   3.475329130347421e-03   3.475329130347409e-03
   2.612381862679232e-03   2.612381862679135e-03   2.612381862679197e-03
   2.963681925164066e-03   2.963681925164104e-03   2.963681925164040e-03
   4.914074026663608e-04   4.914074026663274e-04   4.914074026663646e-04

 Columns 4 through 6:

   4.569552949878796e-03   4.569552949878840e-03   4.569552949878881e-03
   3.475329130347448e-03   3.475329130347347e-03   3.475329130347450e-03
   2.612381862679136e-03   2.612381862679210e-03   2.612381862679245e-03
   2.963681925164061e-03   2.963681925164109e-03   2.963681925164084e-03
   4.914074026663250e-04   4.914074026663546e-04   4.914074026662876e-04

 Columns 7 through 9:

   4.569552949878880e-03   4.569552949878877e-03   4.569552949878877e-03
   3.475329130347347e-03   3.475329130347444e-03   3.475329130347356e-03
   2.612381862679183e-03   2.612381862679146e-03   2.612381862679137e-03
   2.963681925164077e-03   2.963681925164146e-03   2.963681925164143e-03
   4.914074026662937e-04   4.914074026663407e-04   4.914074026663558e-04

 Columns 10 through 12:

   4.569552949878822e-03   4.569552949878877e-03   4.569552949878876e-03
   3.475329130347370e-03   3.475329130347371e-03   3.475329130347380e-03
   2.612381862679202e-03   2.612381862679160e-03   2.612381862679195e-03
   2.963681925164116e-03   2.963681925164092e-03   2.963681925164059e-03
   4.914074026663799e-04   4.914074026663109e-04   4.914074026663055e-04

 Columns 13 through 15:

   4.569552949878876e-03   4.569552949878882e-03   4.569552949878877e-03
   3.475329130347381e-03   3.475329130347387e-03   3.475329130347388e-03
   2.612381862679160e-03   2.612381862679215e-03   2.612381862679151e-03
   2.963681925164087e-03   2.963681925164110e-03   2.963681925164111e-03
   4.914074026662988e-04   4.914074026663274e-04   4.914074026662992e-04

ans = -5.743942173568224e-21
ans = 1.345971490640094e-20
ans = 1.345861630714989e-20
ans = 1.345963735821851e-20
ans = 1.684760112617379e-20
ans = 1.007013555131177e-20
ans = 6.681202431076160e-21
ans = 1.684849293027170e-20
ans = 1.684773037314450e-20
ans = 1.006998045494692e-20
ans = 1.345848706017918e-20
ans = 1.684731678283823e-20
ans = 1.007014847600884e-20
ans = 1.345926254200345e-20
ans = 1.007025187358541e-20
nbcr = 15
lambda0 = 3.501084296647659
kmpl_prod = 0.180000000000000
 Time :      1.00000
 Time :      2.00000
 Time :      3.01000
 Time :      4.01000
 Time :      5.01000
 Time :      6.01000
 Time :      7.01000
 Time :      8.01000
 Time :      9.01000
 Time :     10.01000
 Time :     11.01000
 Time :     12.01000
 Time :     13.01000
 Time :     14.01000
 Time :     15.01000
 Time :     16.01000
 Time :     17.01000
 Time :     18.00000
 Time :     19.00000
 Time :     20.00000
 Time :     21.00000
 Time :     22.00000
 Time :     23.00000
 Time :     24.00000
 Time :     25.00000
 Time :     26.00000
 Time :     27.00000
 Time :     28.00000
 Time :     29.00000
 Time :     30.00000
 Time :     31.00000
 Time :     32.00000
 Time :     33.00000
 Time :     34.00000
 Time :     35.00000
dtime = 64.37201052904129
mbcr =

 Columns 1 through 3:

   6.666666666666668e-02   2.143847727491162e-01   3.325710119146331e-01

 Columns 4 through 6:

   3.003328930094784e-01   4.816720126671648e-01   4.931077831528792e-01

agsout =

 Columns 1 through 3:

   4.569552949878814e-03   4.569552949878831e-03   4.569552949878833e-03
   3.475329130347435e-03   3.475329130347421e-03   3.475329130347409e-03
   2.612381862679232e-03   2.612381862679135e-03   2.612381862679197e-03
   2.963681925164066e-03   2.963681925164104e-03   2.963681925164040e-03
   4.914074026663608e-04   4.914074026663274e-04   4.914074026663646e-04
   3.187600448911620e-04   3.187600448911589e-04   3.187600448911345e-04

 Columns 4 through 6:

   4.569552949878796e-03   4.569552949878840e-03   4.569552949878881e-03
   3.475329130347448e-03   3.475329130347347e-03   3.475329130347450e-03
   2.612381862679136e-03   2.612381862679210e-03   2.612381862679245e-03
   2.963681925164061e-03   2.963681925164109e-03   2.963681925164084e-03
   4.914074026663250e-04   4.914074026663546e-04   4.914074026662876e-04
   3.187600448911679e-04   3.187600448911290e-04   3.187600448912160e-04

 Columns 7 through 9:

   4.569552949878880e-03   4.569552949878877e-03   4.569552949878877e-03
   3.475329130347347e-03   3.475329130347444e-03   3.475329130347356e-03
   2.612381862679183e-03   2.612381862679146e-03   2.612381862679137e-03
   2.963681925164077e-03   2.963681925164146e-03   2.963681925164143e-03
   4.914074026662937e-04   4.914074026663407e-04   4.914074026663558e-04
   3.187600448912357e-04   3.187600448911295e-04   3.187600448911344e-04

 Columns 10 through 12:

   4.569552949878822e-03   4.569552949878877e-03   4.569552949878876e-03
   3.475329130347370e-03   3.475329130347371e-03   3.475329130347380e-03
   2.612381862679202e-03   2.612381862679160e-03   2.612381862679195e-03
   2.963681925164116e-03   2.963681925164092e-03   2.963681925164059e-03
   4.914074026663799e-04   4.914074026663109e-04   4.914074026663055e-04
   3.187600448911361e-04   3.187600448911431e-04   3.187600448911414e-04

 Columns 13 through 15:

   4.569552949878876e-03   4.569552949878882e-03   4.569552949878877e-03
   3.475329130347381e-03   3.475329130347387e-03   3.475329130347388e-03
   2.612381862679160e-03   2.612381862679215e-03   2.612381862679151e-03
   2.963681925164087e-03   2.963681925164110e-03   2.963681925164111e-03
   4.914074026662988e-04   4.914074026663274e-04   4.914074026662992e-04
   3.187600448911675e-04   3.187600448911355e-04   3.187600448911500e-04

ans = -5.982170189983496e-21
ans = 1.040293357619658e-20
ans = 2.391909063470720e-22
ans = 1.040322438188068e-20
ans = 3.627610269874106e-21
ans = 1.040322438188068e-20
ans = -3.148714700471384e-21
ans = 7.015796988853860e-21
ans = 1.040371228919512e-20
ans = 1.040354426813319e-20
ans = 3.627254840704650e-21
ans = 3.627125593733938e-21
ans = 3.627090050816993e-21
ans = 1.040376398798340e-20
ans = 3.627054507900047e-21
