warning: function /home/surgeon/flu/amcode/perelson21/1d2agt/4paper/2submit/run.m shadows a core library function
warning: called from
    driver at line 1 column 1

lambda0 = 3.501084296647659
kmpl_prod = 0.180000000000000
dkps =

 Columns 1 through 3:

   9.121739321887603e+00   8.858694194395183e+01   5.426860569604334e+01

 Columns 4 through 6:

   2.314196446192339e+00   2.058342180565793e+01   4.893235973052332e+01

nbcr = 2
lambda0 = 3.501084296647659
kmpl_prod = 0.180000000000000
 Time :      1.00000
 Time :      2.00000
 Time :      3.01000
 Time :      4.01000
 Time :      5.01000
 Time :      6.01000
 Time :      7.01000
 Time :      8.01000
 Time :      9.01000
 Time :     10.01000
 Time :     11.01000
 Time :     12.01000
 Time :     13.01000
 Time :     14.01000
 Time :     15.01000
 Time :     16.01000
 Time :     17.01000
 Time :     18.00000
 Time :     19.00000
 Time :     20.00000
 Time :     21.00000
 Time :     22.00000
 Time :     23.00000
 Time :     24.00000
 Time :     25.00000
 Time :     26.00000
 Time :     27.00000
 Time :     28.00000
 Time :     29.00000
 Time :     30.00000
 Time :     31.00000
 Time :     32.00000
 Time :     33.00000
 Time :     34.00000
 Time :     35.00000
dtime = 5.026838555932045
mbcr = 1.718473679371029e-04
agsout =

   8.424146104518748e-02   1.835955608105769e-02

ans = 3.172904265004765e-21
ans = -4.993691781363329e-21
nbcr = 2
lambda0 = 3.501084296647659
kmpl_prod = 0.180000000000000
 Time :      1.00000
 Time :      2.00000
 Time :      3.01000
 Time :      4.01000
 Time :      5.01000
 Time :      6.01000
 Time :      7.01000
 Time :      8.01000
 Time :      9.01000
 Time :     10.01000
 Time :     11.01000
 Time :     12.01000
 Time :     13.01000
 Time :     14.01000
 Time :     15.01000
 Time :     16.01000
 Time :     17.01000
 Time :     18.00000
 Time :     19.00000
 Time :     20.00000
 Time :     21.00000
 Time :     22.00000
 Time :     23.00000
 Time :     24.00000
 Time :     25.00000
 Time :     26.00000
 Time :     27.00000
 Time :     28.00000
 Time :     29.00000
 Time :     30.00000
 Time :     31.00000
 Time :     32.00000
 Time :     33.00000
 Time :     34.00000
 Time :     35.00000
dtime = 4.967705905437469
mbcr =

   1.718473679371029e-04   2.725664621979393e-04

agsout =

   8.424146104518748e-02   1.835955608105769e-02
   8.435188770894822e-02   1.850147237158608e-02

ans = -1.077105479817682e-21
ans = -3.052773058525170e-22
nbcr = 2
lambda0 = 3.501084296647659
kmpl_prod = 0.180000000000000
 Time :      1.00000
 Time :      2.00000
 Time :      3.01000
 Time :      4.01000
 Time :      5.01000
 Time :      6.01000
 Time :      7.01000
 Time :      8.01000
 Time :      9.01000
 Time :     10.01000
 Time :     11.01000
 Time :     12.01000
 Time :     13.01000
 Time :     14.01000
 Time :     15.01000
 Time :     16.01000
 Time :     17.01000
 Time :     18.00000
 Time :     19.00000
 Time :     20.00000
 Time :     21.00000
 Time :     22.00000
 Time :     23.00000
 Time :     24.00000
 Time :     25.00000
 Time :     26.00000
 Time :     27.00000
 Time :     28.00000
 Time :     29.00000
 Time :     30.00000
 Time :     31.00000
 Time :     32.00000
 Time :     33.00000
 Time :     34.00000
 Time :     35.00000
dtime = 4.962606355547905
mbcr =

   1.718473679371029e-04   2.725664621979393e-04   1.650754542600791e-04

agsout =

   8.424146104518748e-02   1.835955608105769e-02
   8.435188770894822e-02   1.850147237158608e-02
   8.437857779674919e-02   1.850429016344027e-02

ans = 1.289330136636812e-20
ans = 5.605626104480707e-21
nbcr = 2
lambda0 = 3.501084296647659
kmpl_prod = 0.180000000000000
 Time :      1.00000
 Time :      2.00000
 Time :      3.01000
 Time :      4.01000
 Time :      5.01000
 Time :      6.01000
 Time :      7.01000
 Time :      8.01000
 Time :      9.01000
 Time :     10.01000
 Time :     11.01000
 Time :     12.01000
 Time :     13.01000
 Time :     14.01000
 Time :     15.01000
 Time :     16.01000
 Time :     17.01000
 Time :     18.00000
 Time :     19.00000
 Time :     20.00000
 Time :     21.00000
 Time :     22.00000
 Time :     23.00000
 Time :     24.00000
 Time :     25.00000
 Time :     26.00000
 Time :     27.00000
 Time :     28.00000
 Time :     29.00000
 Time :     30.00000
 Time :     31.00000
 Time :     32.00000
 Time :     33.00000
 Time :     34.00000
 Time :     35.00000
dtime = 4.957788437604904
mbcr =

 Columns 1 through 3:

   1.718473679371029e-04   2.725664621979393e-04   1.650754542600791e-04

 Column 4:

   1.580443685187768e-04

agsout =

   8.424146104518748e-02   1.835955608105769e-02
   8.435188770894822e-02   1.850147237158608e-02
   8.437857779674919e-02   1.850429016344027e-02
   8.438078685793834e-02   1.850451246487416e-02

ans = 7.165225874041857e-22
ans = 1.438602713769605e-20
nbcr = 2
lambda0 = 3.501084296647659
kmpl_prod = 0.180000000000000
 Time :      1.00000
 Time :      2.00000
 Time :      3.01000
 Time :      4.01000
 Time :      5.01000
 Time :      6.01000
 Time :      7.01000
 Time :      8.01000
 Time :      9.01000
 Time :     10.01000
 Time :     11.01000
 Time :     12.01000
 Time :     13.01000
 Time :     14.01000
 Time :     15.01000
 Time :     16.01000
 Time :     17.01000
 Time :     18.00000
 Time :     19.00000
 Time :     20.00000
 Time :     21.00000
 Time :     22.00000
 Time :     23.00000
 Time :     24.00000
 Time :     25.00000
 Time :     26.00000
 Time :     27.00000
 Time :     28.00000
 Time :     29.00000
 Time :     30.00000
 Time :     31.00000
 Time :     32.00000
 Time :     33.00000
 Time :     34.00000
 Time :     35.00000
dtime = 4.894370958209038
mbcr =

 Columns 1 through 3:

   1.718473679371029e-04   2.725664621979393e-04   1.650754542600791e-04

 Columns 4 and 5:

   1.580443685187768e-04   2.987366824236514e-02

agsout =

   8.424146104518748e-02   1.835955608105769e-02
   8.435188770894822e-02   1.850147237158608e-02
   8.437857779674919e-02   1.850429016344027e-02
   8.438078685793834e-02   1.850451246487416e-02
   7.741465163310773e-02   1.774681775810468e-02

ans = 7.298214544555363e-21
ans = 1.383216994086785e-20
nbcr = 2
lambda0 = 3.501084296647659
kmpl_prod = 0.180000000000000
 Time :      1.00000
 Time :      2.00000
 Time :      3.01000
 Time :      4.01000
 Time :      5.01000
 Time :      6.01000
 Time :      7.01000
 Time :      8.01000
 Time :      9.01000
 Time :     10.01000
 Time :     11.01000
 Time :     12.01000
 Time :     13.01000
 Time :     14.01000
 Time :     15.01000
 Time :     16.01000
 Time :     17.01000
 Time :     18.00000
 Time :     19.00000
 Time :     20.00000
 Time :     21.00000
 Time :     22.00000
 Time :     23.00000
 Time :     24.00000
 Time :     25.00000
 Time :     26.00000
 Time :     27.00000
 Time :     28.00000
 Time :     29.00000
 Time :     30.00000
 Time :     31.00000
 Time :     32.00000
 Time :     33.00000
 Time :     34.00000
 Time :     35.00000
dtime = 4.933799430727959
mbcr =

 Columns 1 through 3:

   1.718473679371029e-04   2.725664621979393e-04   1.650754542600791e-04

 Columns 4 through 6:

   1.580443685187768e-04   2.987366824236514e-02   9.219562233514507e-03

agsout =

   8.424146104518748e-02   1.835955608105769e-02
   8.435188770894822e-02   1.850147237158608e-02
   8.437857779674919e-02   1.850429016344027e-02
   8.438078685793834e-02   1.850451246487416e-02
   7.741465163310773e-02   1.774681775810468e-02
   8.213846976009193e-02   1.826407884356832e-02

ans = 1.202462116710679e-20
ans = 5.039224681351392e-21
dkps =

 Columns 1 through 3:

   8.838589834836506e+00   6.409753151267374e-01   4.208787310852351e+02

 Columns 4 through 6:

   5.613382682649469e+00   2.524740947814866e+01   2.025140600743979e+00

nbcr = 3
lambda0 = 3.501084296647659
kmpl_prod = 0.180000000000000
 Time :      1.00000
 Time :      2.00000
 Time :      3.01000
 Time :      4.01000
 Time :      5.01000
 Time :      6.01000
 Time :      7.01000
 Time :      8.01000
 Time :      9.01000
 Time :     10.01000
 Time :     11.01000
 Time :     12.01000
 Time :     13.01000
 Time :     14.01000
 Time :     15.01000
 Time :     16.01000
 Time :     17.01000
 Time :     18.00000
 Time :     19.00000
 Time :     20.00000
 Time :     21.00000
 Time :     22.00000
 Time :     23.00000
 Time :     24.00000
 Time :     25.00000
 Time :     26.00000
 Time :     27.00000
 Time :     28.00000
 Time :     29.00000
 Time :     30.00000
 Time :     31.00000
 Time :     32.00000
 Time :     33.00000
 Time :     34.00000
 Time :     35.00000
dtime = 11.27296239137650
mbcr = 1.016001347435157e-04
agsout =

   4.616757064210100e-02   1.110262255817585e-02   1.110262255817585e-02

ans = 4.551549676986074e-21
ans = -9.957218935349748e-21
ans = -6.568951437013300e-21
nbcr = 3
lambda0 = 3.501084296647659
kmpl_prod = 0.180000000000000
 Time :      1.00000
 Time :      2.00000
 Time :      3.01000
 Time :      4.01000
 Time :      5.01000
 Time :      6.01000
 Time :      7.01000
 Time :      8.01000
 Time :      9.01000
 Time :     10.01000
 Time :     11.01000
 Time :     12.01000
 Time :     13.01000
 Time :     14.01000
 Time :     15.01000
 Time :     16.01000
 Time :     17.01000
 Time :     18.00000
 Time :     19.00000
 Time :     20.00000
 Time :     21.00000
 Time :     22.00000
 Time :     23.00000
 Time :     24.00000
 Time :     25.00000
 Time :     26.00000
 Time :     27.00000
 Time :     28.00000
 Time :     29.00000
 Time :     30.00000
 Time :     31.00000
 Time :     32.00000
 Time :     33.00000
 Time :     34.00000
 Time :     35.00000
dtime = 11.87436729669571
mbcr =

   1.016001347435157e-04   9.660989403446427e-05

agsout =

   4.616757064210100e-02   1.110262255817585e-02   1.110262255817585e-02
   4.624458686163744e-02   1.118172172620019e-02   1.118172172620019e-02

ans = 1.049153237461926e-20
ans = -1.875825909420057e-21
ans = -5.263977085482865e-21
nbcr = 3
lambda0 = 3.501084296647659
kmpl_prod = 0.180000000000000
 Time :      1.00000
 Time :      2.00000
 Time :      3.01000
 Time :      4.01000
 Time :      5.01000
 Time :      6.01000
 Time :      7.01000
 Time :      8.01000
 Time :      9.01000
 Time :     10.01000
 Time :     11.01000
 Time :     12.01000
 Time :     13.01000
 Time :     14.01000
 Time :     15.01000
 Time :     16.01000
 Time :     17.01000
 Time :     18.00000
 Time :     19.00000
 Time :     20.00000
 Time :     21.00000
 Time :     22.00000
 Time :     23.00000
 Time :     24.00000
 Time :     25.00000
 Time :     26.00000
 Time :     27.00000
 Time :     28.00000
 Time :     29.00000
 Time :     30.00000
 Time :     31.00000
 Time :     32.00000
 Time :     33.00000
 Time :     34.00000
 Time :     35.00000
dtime = 11.81839294731617
mbcr =

   1.016001347435157e-04   9.660989403446427e-05   9.823971405222008e-02

agsout =

   4.616757064210100e-02   1.110262255817585e-02   1.110262255817585e-02
   4.624458686163744e-02   1.118172172620019e-02   1.118172172620019e-02
   2.269999939014093e-02   9.111780418198838e-03   9.111780418198830e-03

ans = 3.126742715450445e-21
ans = 4.344688619252351e-21
ans = -2.431045046202135e-21
nbcr = 3
lambda0 = 3.501084296647659
kmpl_prod = 0.180000000000000
 Time :      1.00000
 Time :      2.00000
 Time :      3.01000
 Time :      4.01000
 Time :      5.01000
 Time :      6.01000
 Time :      7.01000
 Time :      8.01000
 Time :      9.01000
 Time :     10.01000
 Time :     11.01000
 Time :     12.01000
 Time :     13.01000
 Time :     14.01000
 Time :     15.01000
 Time :     16.01000
 Time :     17.01000
 Time :     18.00000
 Time :     19.00000
 Time :     20.00000
 Time :     21.00000
 Time :     22.00000
 Time :     23.00000
 Time :     24.00000
 Time :     25.00000
 Time :     26.00000
 Time :     27.00000
 Time :     28.00000
 Time :     29.00000
 Time :     30.00000
 Time :     31.00000
 Time :     32.00000
 Time :     33.00000
 Time :     34.00000
 Time :     35.00000
dtime = 11.93909235298634
mbcr =

 Columns 1 through 3:

   1.016001347435157e-04   9.660989403446427e-05   9.823971405222008e-02

 Column 4:

   9.329055241704490e-05

agsout =

   4.616757064210100e-02   1.110262255817585e-02   1.110262255817585e-02
   4.624458686163744e-02   1.118172172620019e-02   1.118172172620019e-02
   2.269999939014093e-02   9.111780418198838e-03   9.111780418198830e-03
   4.624437599809111e-02   1.118168338899464e-02   1.118168338899464e-02

ans = 2.893167186084000e-21
ans = 5.153548473707036e-21
ans = 1.765642866888580e-21
nbcr = 3
lambda0 = 3.501084296647659
kmpl_prod = 0.180000000000000
 Time :      1.00000
 Time :      2.00000
 Time :      3.01000
 Time :      4.01000
 Time :      5.01000
 Time :      6.01000
 Time :      7.01000
 Time :      8.01000
 Time :      9.01000
 Time :     10.01000
 Time :     11.01000
 Time :     12.01000
 Time :     13.01000
 Time :     14.01000
 Time :     15.01000
 Time :     16.01000
 Time :     17.01000
 Time :     18.00000
 Time :     19.00000
 Time :     20.00000
 Time :     21.00000
 Time :     22.00000
 Time :     23.00000
 Time :     24.00000
 Time :     25.00000
 Time :     26.00000
 Time :     27.00000
 Time :     28.00000
 Time :     29.00000
 Time :     30.00000
 Time :     31.00000
 Time :     32.00000
 Time :     33.00000
 Time :     34.00000
 Time :     35.00000
dtime = 11.83342002332211
mbcr =

 Columns 1 through 3:

   1.016001347435157e-04   9.660989403446427e-05   9.823971405222008e-02

 Columns 4 and 5:

   9.329055241704490e-05   9.818073957172705e-04

agsout =

   4.616757064210100e-02   1.110262255817585e-02   1.110262255817585e-02
   4.624458686163744e-02   1.118172172620019e-02   1.118172172620019e-02
   2.269999939014093e-02   9.111780418198838e-03   9.111780418198830e-03
   4.624437599809111e-02   1.118168338899464e-02   1.118168338899464e-02
   4.601613690176871e-02   1.116184337100491e-02   1.116184337100491e-02

ans = 8.714347753246147e-21
ans = 3.316225236861908e-21
ans = -3.459553665032327e-21
nbcr = 3
lambda0 = 3.501084296647659
kmpl_prod = 0.180000000000000
 Time :      1.00000
 Time :      2.00000
 Time :      3.01000
 Time :      4.01000
 Time :      5.01000
 Time :      6.01000
 Time :      7.01000
 Time :      8.01000
 Time :      9.01000
 Time :     10.01000
 Time :     11.01000
 Time :     12.01000
 Time :     13.01000
 Time :     14.01000
 Time :     15.01000
 Time :     16.01000
 Time :     17.01000
 Time :     18.00000
 Time :     19.00000
 Time :     20.00000
 Time :     21.00000
 Time :     22.00000
 Time :     23.00000
 Time :     24.00000
 Time :     25.00000
 Time :     26.00000
 Time :     27.00000
 Time :     28.00000
 Time :     29.00000
 Time :     30.00000
 Time :     31.00000
 Time :     32.00000
 Time :     33.00000
 Time :     34.00000
 Time :     35.00000
dtime = 11.62368468940258
mbcr =

 Columns 1 through 3:

   1.016001347435157e-04   9.660989403446427e-05   9.823971405222008e-02

 Columns 4 through 6:

   9.329055241704490e-05   9.818073957172705e-04   2.249407045468308e-03

agsout =

   4.616757064210100e-02   1.110262255817585e-02   1.110262255817585e-02
   4.624458686163744e-02   1.118172172620019e-02   1.118172172620019e-02
   2.269999939014093e-02   9.111780418198838e-03   9.111780418198830e-03
   4.624437599809111e-02   1.118168338899464e-02   1.118168338899464e-02
   4.601613690176871e-02   1.116184337100491e-02   1.116184337100491e-02
   4.565953840653221e-02   1.113205197932889e-02   1.113205197932889e-02

ans = 3.807874251099578e-22
ans = 4.000736580795145e-21
ans = 4.001066160570459e-21
dkps =

 Columns 1 through 3:

   8.206455045668145e+01   5.470178530894607e+00   2.236055964477709e-01

 Columns 4 through 6:

   5.184595940330029e+00   7.972433193906505e-01   8.004994241472085e+00

nbcr = 4
lambda0 = 3.501084296647659
kmpl_prod = 0.180000000000000
 Time :      1.00000
 Time :      2.00000
 Time :      3.01000
 Time :      4.01000
 Time :      5.01000
 Time :      6.01000
 Time :      7.01000
 Time :      8.01000
 Time :      9.01000
 Time :     10.01000
 Time :     11.01000
 Time :     12.01000
 Time :     13.01000
 Time :     14.01000
 Time :     15.01000
 Time :     16.01000
 Time :     17.01000
 Time :     18.00000
 Time :     19.00000
 Time :     20.00000
 Time :     21.00000
 Time :     22.00000
 Time :     23.00000
 Time :     24.00000
 Time :     25.00000
 Time :     26.00000
 Time :     27.00000
 Time :     28.00000
 Time :     29.00000
 Time :     30.00000
 Time :     31.00000
 Time :     32.00000
 Time :     33.00000
 Time :     34.00000
 Time :     35.00000
dtime = 18.07612404227257
mbcr = 8.086451474662353e-05
agsout =

 Columns 1 through 3:

   3.251561695585363e-02   8.631451910158832e-03   8.631451910158834e-03

 Column 4:

   8.631451910158832e-03

ans = -1.825509514674915e-21
ans = -1.935072720794168e-21
ans = -1.934827151549816e-21
ans = 1.457505164015506e-21
nbcr = 4
lambda0 = 3.501084296647659
kmpl_prod = 0.180000000000000
 Time :      1.00000
 Time :      2.00000
 Time :      3.01000
 Time :      4.01000
 Time :      5.01000
 Time :      6.01000
 Time :      7.01000
 Time :      8.01000
 Time :      9.01000
 Time :     10.01000
 Time :     11.01000
 Time :     12.01000
 Time :     13.01000
 Time :     14.01000
 Time :     15.01000
 Time :     16.01000
 Time :     17.01000
 Time :     18.00000
 Time :     19.00000
 Time :     20.00000
 Time :     21.00000
 Time :     22.00000
 Time :     23.00000
 Time :     24.00000
 Time :     25.00000
 Time :     26.00000
 Time :     27.00000
 Time :     28.00000
 Time :     29.00000
 Time :     30.00000
 Time :     31.00000
 Time :     32.00000
 Time :     33.00000
 Time :     34.00000
 Time :     35.00000
dtime = 18.01510043442249
mbcr =

   8.086451474662353e-05   6.257402293836577e-05

agsout =

 Columns 1 through 3:

   3.251561695585363e-02   8.631451910158832e-03   8.631451910158834e-03
   3.257214149099581e-02   8.686123506669344e-03   8.686123506669360e-03

 Column 4:

   8.631451910158832e-03
   8.686123506669358e-03

ans = 7.642410309477846e-21
ans = 1.009222385860635e-20
ans = 6.704570283380783e-21
ans = 6.703019319732246e-21
nbcr = 4
lambda0 = 3.501084296647659
kmpl_prod = 0.180000000000000
 Time :      1.00000
 Time :      2.00000
 Time :      3.01000
 Time :      4.01000
 Time :      5.01000
 Time :      6.01000
 Time :      7.01000
 Time :      8.01000
 Time :      9.01000
 Time :     10.01000
 Time :     11.01000
 Time :     12.01000
 Time :     13.01000
 Time :     14.01000
 Time :     15.01000
 Time :     16.01000
 Time :     17.01000
 Time :     18.00000
 Time :     19.00000
 Time :     20.00000
 Time :     21.00000
 Time :     22.00000
 Time :     23.00000
 Time :     24.00000
 Time :     25.00000
 Time :     26.00000
 Time :     27.00000
 Time :     28.00000
 Time :     29.00000
 Time :     30.00000
 Time :     31.00000
 Time :     32.00000
 Time :     33.00000
 Time :     34.00000
 Time :     35.00000
dtime = 18.16869042813778
mbcr =

   8.086451474662353e-05   6.257402293836577e-05   8.245962441208124e-05

agsout =

 Columns 1 through 3:

   3.251561695585363e-02   8.631451910158832e-03   8.631451910158834e-03
   3.257214149099581e-02   8.686123506669344e-03   8.686123506669360e-03
   3.256758111940901e-02   8.685925922049066e-03   8.685925922049073e-03

 Column 4:

   8.631451910158832e-03
   8.686123506669358e-03
   8.685925922049075e-03

ans = 5.346895479542771e-21
ans = 1.282543539763469e-20
ans = 1.282550002112005e-20
ans = 9.437730123620840e-21
nbcr = 4
lambda0 = 3.501084296647659
kmpl_prod = 0.180000000000000
 Time :      1.00000
 Time :      2.00000
 Time :      3.01000
 Time :      4.01000
 Time :      5.01000
 Time :      6.01000
 Time :      7.01000
 Time :      8.01000
 Time :      9.01000
 Time :     10.01000
 Time :     11.01000
 Time :     12.01000
 Time :     13.01000
 Time :     14.01000
 Time :     15.01000
 Time :     16.01000
 Time :     17.01000
 Time :     18.00000
 Time :     19.00000
 Time :     20.00000
 Time :     21.00000
 Time :     22.00000
 Time :     23.00000
 Time :     24.00000
 Time :     25.00000
 Time :     26.00000
 Time :     27.00000
 Time :     28.00000
 Time :     29.00000
 Time :     30.00000
 Time :     31.00000
 Time :     32.00000
 Time :     33.00000
 Time :     34.00000
 Time :     35.00000
dtime = 18.13028790056705
mbcr =

 Columns 1 through 3:

   8.086451474662353e-05   6.257402293836577e-05   8.245962441208124e-05

 Column 4:

   1.335705776456504e-01

agsout =

 Columns 1 through 3:

   3.251561695585363e-02   8.631451910158832e-03   8.631451910158834e-03
   3.257214149099581e-02   8.686123506669344e-03   8.686123506669360e-03
   3.256758111940901e-02   8.685925922049066e-03   8.685925922049073e-03
   4.078173856856933e-03   6.617165636304189e-03   6.617165636304176e-03

 Column 4:

   8.631451910158832e-03
   8.686123506669358e-03
   8.685925922049075e-03
   6.617165636304170e-03

ans = 1.117024699191609e-20
ans = 1.093135981595019e-20
ans = 4.157370984600304e-21
ans = 7.546614297565623e-21
nbcr = 4
lambda0 = 3.501084296647659
kmpl_prod = 0.180000000000000
 Time :      1.00000
 Time :      2.00000
 Time :      3.01000
 Time :      4.01000
 Time :      5.01000
 Time :      6.01000
 Time :      7.01000
 Time :      8.01000
 Time :      9.01000
 Time :     10.01000
 Time :     11.01000
 Time :     12.01000
 Time :     13.01000
 Time :     14.01000
 Time :     15.01000
 Time :     16.01000
 Time :     17.01000
 Time :     18.00000
 Time :     19.00000
 Time :     20.00000
 Time :     21.00000
 Time :     22.00000
 Time :     23.00000
 Time :     24.00000
 Time :     25.00000
 Time :     26.00000
 Time :     27.00000
 Time :     28.00000
 Time :     29.00000
 Time :     30.00000
 Time :     31.00000
 Time :     32.00000
 Time :     33.00000
 Time :     34.00000
 Time :     35.00000
dtime = 17.88526810705662
mbcr =

 Columns 1 through 3:

   8.086451474662353e-05   6.257402293836577e-05   8.245962441208124e-05

 Columns 4 and 5:

   1.335705776456504e-01   1.060500944970253e-01

agsout =

 Columns 1 through 3:

   3.251561695585363e-02   8.631451910158832e-03   8.631451910158834e-03
   3.257214149099581e-02   8.686123506669344e-03   8.686123506669360e-03
   3.256758111940901e-02   8.685925922049066e-03   8.685925922049073e-03
   4.078173856856933e-03   6.617165636304189e-03   6.617165636304176e-03
   8.029207384579162e-03   6.910926918297086e-03   6.910926918297087e-03

 Column 4:

   8.631451910158832e-03
   8.686123506669358e-03
   8.685925922049075e-03
   6.617165636304170e-03
   6.910926918297091e-03

ans = 9.150271936061592e-21
ans = -3.311889000994540e-21
ans = 7.236537890131878e-23
ans = -3.315288196324250e-21
nbcr = 4
lambda0 = 3.501084296647659
kmpl_prod = 0.180000000000000
 Time :      1.00000
 Time :      2.00000
 Time :      3.01000
 Time :      4.01000
 Time :      5.01000
 Time :      6.01000
 Time :      7.01000
 Time :      8.01000
 Time :      9.01000
 Time :     10.01000
 Time :     11.01000
 Time :     12.01000
 Time :     13.01000
 Time :     14.01000
 Time :     15.01000
 Time :     16.01000
 Time :     17.01000
 Time :     18.00000
 Time :     19.00000
 Time :     20.00000
 Time :     21.00000
 Time :     22.00000
 Time :     23.00000
 Time :     24.00000
 Time :     25.00000
 Time :     26.00000
 Time :     27.00000
 Time :     28.00000
 Time :     29.00000
 Time :     30.00000
 Time :     31.00000
 Time :     32.00000
 Time :     33.00000
 Time :     34.00000
 Time :     35.00000
dtime = 17.81408563256264
mbcr =

 Columns 1 through 3:

   8.086451474662353e-05   6.257402293836577e-05   8.245962441208124e-05

 Columns 4 through 6:

   1.335705776456504e-01   1.060500944970253e-01   1.545717769759785e-01

agsout =

 Columns 1 through 3:

   3.251561695585363e-02   8.631451910158832e-03   8.631451910158834e-03
   3.257214149099581e-02   8.686123506669344e-03   8.686123506669360e-03
   3.256758111940901e-02   8.685925922049066e-03   8.685925922049073e-03
   4.078173856856933e-03   6.617165636304189e-03   6.617165636304176e-03
   8.029207384579162e-03   6.910926918297086e-03   6.910926918297087e-03
   2.138491214811080e-03   6.744430518126070e-03   6.744430518126063e-03

 Column 4:

   8.631451910158832e-03
   8.686123506669358e-03
   8.685925922049075e-03
   6.617165636304170e-03
   6.910926918297091e-03
   6.744430518126064e-03

ans = -2.289635935546781e-21
ans = -9.947880841715849e-22
ans = -9.941418493180279e-22
ans = 2.393860692728462e-21
dkps =

 Columns 1 through 3:

   2.342229469072979e+01   2.381616942365654e+01   1.583623945629796e+00

 Columns 4 through 6:

   2.214576431636707e+00   9.434368435977488e+00   3.564063475385452e+01

nbcr = 5
lambda0 = 3.501084296647659
kmpl_prod = 0.180000000000000
 Time :      1.00000
 Time :      2.00000
 Time :      3.01000
 Time :      4.01000
 Time :      5.01000
 Time :      6.01000
 Time :      7.01000
 Time :      8.01000
 Time :      9.01000
 Time :     10.01000
 Time :     11.01000
 Time :     12.01000
 Time :     13.01000
 Time :     14.01000
 Time :     15.01000
 Time :     16.01000
 Time :     17.01000
 Time :     18.00000
 Time :     19.00000
 Time :     20.00000
 Time :     21.00000
 Time :     22.00000
 Time :     23.00000
 Time :     24.00000
 Time :     25.00000
 Time :     26.00000
 Time :     27.00000
 Time :     28.00000
 Time :     29.00000
 Time :     30.00000
 Time :     31.00000
 Time :     32.00000
 Time :     33.00000
 Time :     34.00000
 Time :     35.00000
dtime = 23.07974807918072
mbcr = 7.054979795831962e-05
agsout =

 Columns 1 through 3:

   2.550437965822603e-02   7.395864400809258e-03   7.395864400809281e-03

 Columns 4 and 5:

   7.395864400809266e-03   7.395864400809270e-03

ans = 3.614401002275459e-22
ans = 1.201076589184653e-20
ans = 1.540422265605704e-20
ans = 8.622065416158199e-21
ans = 1.201190326518879e-20
nbcr = 5
lambda0 = 3.501084296647659
kmpl_prod = 0.180000000000000
 Time :      1.00000
 Time :      2.00000
 Time :      3.01000
 Time :      4.01000
 Time :      5.01000
 Time :      6.01000
 Time :      7.01000
 Time :      8.01000
 Time :      9.01000
 Time :     10.01000
 Time :     11.01000
 Time :     12.01000
 Time :     13.01000
 Time :     14.01000
 Time :     15.01000
 Time :     16.01000
 Time :     17.01000
 Time :     18.00000
 Time :     19.00000
 Time :     20.00000
 Time :     21.00000
 Time :     22.00000
 Time :     23.00000
 Time :     24.00000
 Time :     25.00000
 Time :     26.00000
 Time :     27.00000
 Time :     28.00000
 Time :     29.00000
 Time :     30.00000
 Time :     31.00000
 Time :     32.00000
 Time :     33.00000
 Time :     34.00000
 Time :     35.00000
dtime = 23.00258092582226
mbcr =

   7.054979795831962e-05   5.543001214937327e-05

agsout =

 Columns 1 through 3:

   2.550437965822603e-02   7.395864400809258e-03   7.395864400809281e-03
   2.554639528517843e-02   7.436302441749622e-03   7.436302441749594e-03

 Columns 4 and 5:

   7.395864400809266e-03   7.395864400809270e-03
   7.436302441749597e-03   7.436302441749595e-03

ans = 1.162147967061873e-21
ans = 7.381216949146231e-21
ans = 6.027561726097344e-22
ans = 6.040486423168485e-22
ans = 6.036609014047142e-22
nbcr = 5
lambda0 = 3.501084296647659
kmpl_prod = 0.180000000000000
 Time :      1.00000
 Time :      2.00000
 Time :      3.01000
 Time :      4.01000
 Time :      5.01000
 Time :      6.01000
 Time :      7.01000
 Time :      8.01000
 Time :      9.01000
 Time :     10.01000
 Time :     11.01000
 Time :     12.01000
 Time :     13.01000
 Time :     14.01000
 Time :     15.01000
 Time :     16.01000
 Time :     17.01000
 Time :     18.00000
 Time :     19.00000
 Time :     20.00000
 Time :     21.00000
 Time :     22.00000
 Time :     23.00000
 Time :     24.00000
 Time :     25.00000
 Time :     26.00000
 Time :     27.00000
 Time :     28.00000
 Time :     29.00000
 Time :     30.00000
 Time :     31.00000
 Time :     32.00000
 Time :     33.00000
 Time :     34.00000
 Time :     35.00000
dtime = 22.92546406388283
mbcr =

   7.054979795831962e-05   5.543001214937327e-05   5.725229385710100e-05

agsout =

 Columns 1 through 3:

   2.550437965822603e-02   7.395864400809258e-03   7.395864400809281e-03
   2.554639528517843e-02   7.436302441749622e-03   7.436302441749594e-03
   2.554612387426004e-02   7.436547494042095e-03   7.436547494042150e-03

 Columns 4 and 5:

   7.395864400809266e-03   7.395864400809270e-03
   7.436302441749597e-03   7.436302441749595e-03
   7.436547494042086e-03   7.436547494042094e-03

ans = 4.047685542906065e-21
ans = -3.660015716605725e-22
ans = 3.024379114647007e-21
ans = -3.605473494965509e-22
ans = -3.745861554552244e-21
nbcr = 5
lambda0 = 3.501084296647659
kmpl_prod = 0.180000000000000
 Time :      1.00000
 Time :      2.00000
 Time :      3.01000
 Time :      4.01000
 Time :      5.01000
 Time :      6.01000
 Time :      7.01000
 Time :      8.01000
 Time :      9.01000
 Time :     10.01000
 Time :     11.01000
 Time :     12.01000
 Time :     13.01000
 Time :     14.01000
 Time :     15.01000
 Time :     16.01000
 Time :     17.01000
 Time :     18.00000
 Time :     19.00000
 Time :     20.00000
 Time :     21.00000
 Time :     22.00000
 Time :     23.00000
 Time :     24.00000
 Time :     25.00000
 Time :     26.00000
 Time :     27.00000
 Time :     28.00000
 Time :     29.00000
 Time :     30.00000
 Time :     31.00000
 Time :     32.00000
 Time :     33.00000
 Time :     34.00000
 Time :     35.00000
dtime = 22.85329587757587
mbcr =

 Columns 1 through 3:

   7.054979795831962e-05   5.543001214937327e-05   5.725229385710100e-05

 Column 4:

   9.604173587434671e-03

agsout =

 Columns 1 through 3:

   2.550437965822603e-02   7.395864400809258e-03   7.395864400809281e-03
   2.554639528517843e-02   7.436302441749622e-03   7.436302441749594e-03
   2.554612387426004e-02   7.436547494042095e-03   7.436547494042150e-03
   2.321194557225090e-02   7.262667778914623e-03   7.262667778914611e-03

 Columns 4 and 5:

   7.395864400809266e-03   7.395864400809270e-03
   7.436302441749597e-03   7.436302441749595e-03
   7.436547494042086e-03   7.436547494042094e-03
   7.262667778914611e-03   7.262667778914611e-03

ans = 6.544653006519555e-21
ans = 4.546236345379725e-21
ans = 7.933928694696507e-21
ans = 4.544530285366334e-21
ans = 4.544530285366334e-21
nbcr = 5
lambda0 = 3.501084296647659
kmpl_prod = 0.180000000000000
 Time :      1.00000
 Time :      2.00000
 Time :      3.01000
 Time :      4.01000
 Time :      5.01000
 Time :      6.01000
 Time :      7.01000
 Time :      8.01000
 Time :      9.01000
 Time :     10.01000
 Time :     11.01000
 Time :     12.01000
 Time :     13.01000
 Time :     14.01000
 Time :     15.01000
 Time :     16.01000
 Time :     17.01000
 Time :     18.00000
 Time :     19.00000
 Time :     20.00000
 Time :     21.00000
 Time :     22.00000
 Time :     23.00000
 Time :     24.00000
 Time :     25.00000
 Time :     26.00000
 Time :     27.00000
 Time :     28.00000
 Time :     29.00000
 Time :     30.00000
 Time :     31.00000
 Time :     32.00000
 Time :     33.00000
 Time :     34.00000
 Time :     35.00000
dtime = 22.81288169324398
mbcr =

 Columns 1 through 3:

   7.054979795831962e-05   5.543001214937327e-05   5.725229385710100e-05

 Columns 4 and 5:

   9.604173587434671e-03   9.477534335514119e-02

agsout =

 Columns 1 through 3:

   2.550437965822603e-02   7.395864400809258e-03   7.395864400809281e-03
   2.554639528517843e-02   7.436302441749622e-03   7.436302441749594e-03
   2.554612387426004e-02   7.436547494042095e-03   7.436547494042150e-03
   2.321194557225090e-02   7.262667778914623e-03   7.262667778914611e-03
   4.978042129556862e-03   6.125078759996703e-03   6.125078759996722e-03

 Columns 4 and 5:

   7.395864400809266e-03   7.395864400809270e-03
   7.436302441749597e-03   7.436302441749595e-03
   7.436547494042086e-03   7.436547494042094e-03
   7.262667778914611e-03   7.262667778914611e-03
   6.125078759996708e-03   6.125078759996708e-03

ans = 4.473392752686774e-21
ans = -4.963600663201012e-21
ans = -4.964841434119841e-21
ans = -4.962773482588459e-21
ans = -1.173999348820613e-20
nbcr = 5
lambda0 = 3.501084296647659
kmpl_prod = 0.180000000000000
 Time :      1.00000
 Time :      2.00000
 Time :      3.01000
 Time :      4.01000
 Time :      5.01000
 Time :      6.01000
 Time :      7.01000
 Time :      8.01000
 Time :      9.01000
 Time :     10.01000
 Time :     11.01000
 Time :     12.01000
 Time :     13.01000
 Time :     14.01000
 Time :     15.01000
 Time :     16.01000
 Time :     17.01000
 Time :     18.00000
 Time :     19.00000
 Time :     20.00000
 Time :     21.00000
 Time :     22.00000
 Time :     23.00000
 Time :     24.00000
 Time :     25.00000
 Time :     26.00000
 Time :     27.00000
 Time :     28.00000
 Time :     29.00000
 Time :     30.00000
 Time :     31.00000
 Time :     32.00000
 Time :     33.00000
 Time :     34.00000
 Time :     35.00000
dtime = 22.66310378909111
mbcr =

 Columns 1 through 3:

   7.054979795831962e-05   5.543001214937327e-05   5.725229385710100e-05

 Columns 4 through 6:

   9.604173587434671e-03   9.477534335514119e-02   3.616738625536016e-02

agsout =

 Columns 1 through 3:

   2.550437965822603e-02   7.395864400809258e-03   7.395864400809281e-03
   2.554639528517843e-02   7.436302441749622e-03   7.436302441749594e-03
   2.554612387426004e-02   7.436547494042095e-03   7.436547494042150e-03
   2.321194557225090e-02   7.262667778914623e-03   7.262667778914611e-03
   4.978042129556862e-03   6.125078759996703e-03   6.125078759996722e-03
   1.660996772221121e-02   6.815780804069036e-03   6.815780804069033e-03

 Columns 4 and 5:

   7.395864400809266e-03   7.395864400809270e-03
   7.436302441749597e-03   7.436302441749595e-03
   7.436547494042086e-03   7.436547494042094e-03
   7.262667778914611e-03   7.262667778914611e-03
   6.125078759996708e-03   6.125078759996708e-03
   6.815780804069040e-03   6.815780804069040e-03

ans = 9.204038675877539e-21
ans = 4.968253554146622e-22
ans = 3.883742222907176e-21
ans = 4.968512048088045e-22
ans = 4.956104338899750e-22
dkps =

 Columns 1 through 3:

   4.601362120801417e-01   9.504395127220070e+01   3.953037620373840e+00

 Columns 4 through 6:

   3.147922255068323e-01   6.205786620399087e+00   1.673702943149543e+00

nbcr = 7
lambda0 = 3.501084296647659
kmpl_prod = 0.180000000000000
 Time :      1.00000
 Time :      2.00000
 Time :      3.01000
 Time :      4.01000
 Time :      5.01000
 Time :      6.01000
 Time :      7.01000
 Time :      8.01000
 Time :      9.01000
 Time :     10.01000
 Time :     11.01000
 Time :     12.01000
 Time :     13.01000
 Time :     14.01000
 Time :     15.01000
 Time :     16.01000
 Time :     17.01000
 Time :     18.00000
 Time :     19.00000
 Time :     20.00000
 Time :     21.00000
 Time :     22.00000
 Time :     23.00000
 Time :     24.00000
 Time :     25.00000
 Time :     26.00000
 Time :     27.00000
 Time :     28.00000
 Time :     29.00000
 Time :     30.00000
 Time :     31.00000
 Time :     32.00000
 Time :     33.00000
 Time :     34.00000
 Time :     35.00000
dtime = 32.60984122753143
mbcr = 5.989004650738202e-05
agsout =

 Columns 1 through 3:

   1.836455120498745e-02   6.159693172691312e-03   6.159693172691340e-03

 Columns 4 through 6:

   6.159693172691325e-03   6.159693172691329e-03   6.159693172691320e-03

 Column 7:

   6.159693172691320e-03

ans = -5.309818461639306e-22
ans = 1.023144869545668e-20
ans = 1.700905644198649e-20
ans = 1.700905644198649e-20
ans = 1.022994943059643e-20
ans = 1.700538582801828e-20
ans = 1.023201738212781e-20
nbcr = 7
lambda0 = 3.501084296647659
kmpl_prod = 0.180000000000000
 Time :      1.00000
 Time :      2.00000
 Time :      3.01000
 Time :      4.01000
 Time :      5.01000
 Time :      6.01000
 Time :      7.01000
 Time :      8.01000
 Time :      9.01000
 Time :     10.01000
 Time :     11.01000
 Time :     12.01000
 Time :     13.01000
 Time :     14.01000
 Time :     15.01000
 Time :     16.01000
 Time :     17.01000
 Time :     18.00000
 Time :     19.00000
 Time :     20.00000
 Time :     21.00000
 Time :     22.00000
 Time :     23.00000
 Time :     24.00000
 Time :     25.00000
 Time :     26.00000
 Time :     27.00000
 Time :     28.00000
 Time :     29.00000
 Time :     30.00000
 Time :     31.00000
 Time :     32.00000
 Time :     33.00000
 Time :     34.00000
 Time :     35.00000
dtime = 32.33252428472042
mbcr =

   5.989004650738202e-05   2.824808916828726e-04

agsout =

 Columns 1 through 3:

   1.836455120498745e-02   6.159693172691312e-03   6.159693172691340e-03
   1.832824213111174e-02   6.179184744660206e-03   6.179184744660205e-03

 Columns 4 through 6:

   6.159693172691325e-03   6.159693172691329e-03   6.159693172691320e-03
   6.179184744660202e-03   6.179184744660200e-03   6.179184744660205e-03

 Column 7:

   6.159693172691320e-03
   6.179184744660204e-03

ans = 7.272571945566219e-21
ans = 4.542307237470098e-21
ans = 1.154020352088043e-21
ans = 1.151538810250384e-21
ans = 1.152314292074652e-21
ans = 4.543031020506082e-21
ans = 7.931111110734998e-21
nbcr = 7
lambda0 = 3.501084296647659
kmpl_prod = 0.180000000000000
 Time :      1.00000
 Time :      2.00000
 Time :      3.01000
 Time :      4.01000
 Time :      5.01000
 Time :      6.01000
 Time :      7.01000
 Time :      8.01000
 Time :      9.01000
 Time :     10.01000
 Time :     11.01000
 Time :     12.01000
 Time :     13.01000
 Time :     14.01000
 Time :     15.01000
 Time :     16.01000
 Time :     17.01000
 Time :     18.00000
 Time :     19.00000
 Time :     20.00000
 Time :     21.00000
 Time :     22.00000
 Time :     23.00000
 Time :     24.00000
 Time :     25.00000
 Time :     26.00000
 Time :     27.00000
 Time :     28.00000
 Time :     29.00000
 Time :     30.00000
 Time :     31.00000
 Time :     32.00000
 Time :     33.00000
 Time :     34.00000
 Time :     35.00000
dtime = 32.11643211543560
mbcr =

   5.989004650738202e-05   2.824808916828726e-04   1.883572199480279e-04

agsout =

 Columns 1 through 3:

   1.836455120498745e-02   6.159693172691312e-03   6.159693172691340e-03
   1.832824213111174e-02   6.179184744660206e-03   6.179184744660205e-03
   1.834354073340153e-02   6.181105832136333e-03   6.181105832136287e-03

 Columns 4 through 6:

   6.159693172691325e-03   6.159693172691329e-03   6.159693172691320e-03
   6.179184744660202e-03   6.179184744660200e-03   6.179184744660205e-03
   6.181105832136290e-03   6.181105832136273e-03   6.181105832136306e-03

 Column 7:

   6.159693172691320e-03
   6.179184744660204e-03
   6.181105832136306e-03

ans = 4.403444292137758e-21
ans = -4.514855180890994e-21
ans = 5.649540186160610e-21
ans = 2.258771758940896e-21
ans = -1.126826789450362e-21
ans = -1.126930187026931e-21
ans = 2.257996277116627e-21
nbcr = 7
lambda0 = 3.501084296647659
kmpl_prod = 0.180000000000000
 Time :      1.00000
 Time :      2.00000
 Time :      3.01000
 Time :      4.01000
 Time :      5.01000
 Time :      6.01000
 Time :      7.01000
 Time :      8.01000
 Time :      9.01000
 Time :     10.01000
 Time :     11.01000
 Time :     12.01000
 Time :     13.01000
 Time :     14.01000
 Time :     15.01000
 Time :     16.01000
 Time :     17.01000
 Time :     18.00000
 Time :     19.00000
 Time :     20.00000
 Time :     21.00000
 Time :     22.00000
 Time :     23.00000
 Time :     24.00000
 Time :     25.00000
 Time :     26.00000
 Time :     27.00000
 Time :     28.00000
 Time :     29.00000
 Time :     30.00000
 Time :     31.00000
 Time :     32.00000
 Time :     33.00000
 Time :     34.00000
 Time :     35.00000
dtime = 32.00518749654293
mbcr =

 Columns 1 through 3:

   5.989004650738202e-05   2.824808916828726e-04   1.883572199480279e-04

 Column 4:

   1.387298338502064e-02

agsout =

 Columns 1 through 3:

   1.836455120498745e-02   6.159693172691312e-03   6.159693172691340e-03
   1.832824213111174e-02   6.179184744660206e-03   6.179184744660205e-03
   1.834354073340153e-02   6.181105832136333e-03   6.181105832136287e-03
   1.484137486987938e-02   5.961720283622116e-03   5.961720283622118e-03

 Columns 4 through 6:

   6.159693172691325e-03   6.159693172691329e-03   6.159693172691320e-03
   6.179184744660202e-03   6.179184744660200e-03   6.179184744660205e-03
   6.181105832136290e-03   6.181105832136273e-03   6.181105832136306e-03
   5.961720283622149e-03   5.961720283622136e-03   5.961720283622137e-03

 Column 7:

   6.159693172691320e-03
   6.179184744660204e-03
   6.181105832136306e-03
   5.961720283622136e-03

ans = 3.044024654195142e-22
ans = -6.057547023302391e-22
ans = 2.782583881840101e-21
ans = -6.062716902130847e-22
ans = -6.117000629829640e-22
ans = 6.166993358100813e-21
ans = 6.164408418686585e-21
nbcr = 7
lambda0 = 3.501084296647659
kmpl_prod = 0.180000000000000
 Time :      1.00000
 Time :      2.00000
 Time :      3.01000
 Time :      4.01000
 Time :      5.01000
 Time :      6.01000
 Time :      7.01000
 Time :      8.01000
 Time :      9.01000
 Time :     10.01000
 Time :     11.01000
 Time :     12.01000
 Time :     13.01000
 Time :     14.01000
 Time :     15.01000
 Time :     16.01000
 Time :     17.01000
 Time :     18.00000
 Time :     19.00000
 Time :     20.00000
 Time :     21.00000
 Time :     22.00000
 Time :     23.00000
 Time :     24.00000
 Time :     25.00000
 Time :     26.00000
 Time :     27.00000
 Time :     28.00000
 Time :     29.00000
 Time :     30.00000
 Time :     31.00000
 Time :     32.00000
 Time :     33.00000
 Time :     34.00000
 Time :     35.00000
dtime = 32.58032016456127
mbcr =

 Columns 1 through 3:

   5.989004650738202e-05   2.824808916828726e-04   1.883572199480279e-04

 Columns 4 and 5:

   1.387298338502064e-02   1.224647161778867e-01

agsout =

 Columns 1 through 3:

   1.836455120498745e-02   6.159693172691312e-03   6.159693172691340e-03
   1.832824213111174e-02   6.179184744660206e-03   6.179184744660205e-03
   1.834354073340153e-02   6.181105832136333e-03   6.181105832136287e-03
   1.484137486987938e-02   5.961720283622116e-03   5.961720283622118e-03
   5.012248798793791e-04   5.536260829942606e-03   5.536260829942656e-03

 Columns 4 through 6:

   6.159693172691325e-03   6.159693172691329e-03   6.159693172691320e-03
   6.179184744660202e-03   6.179184744660200e-03   6.179184744660205e-03
   6.181105832136290e-03   6.181105832136273e-03   6.181105832136306e-03
   5.961720283622149e-03   5.961720283622136e-03   5.961720283622137e-03
   5.536260829942623e-03   5.536260829942651e-03   5.536260829942646e-03

 Column 7:

   6.159693172691320e-03
   6.179184744660204e-03
   6.181105832136306e-03
   5.961720283622136e-03
   5.536260829942651e-03

ans = 3.917527381051139e-21
ans = -1.787640701303662e-21
ans = 1.592529474317717e-21
ans = -1.793689459532956e-21
ans = 4.978128022708974e-21
ans = 1.591805691281733e-21
ans = -1.790846026177305e-21
nbcr = 7
lambda0 = 3.501084296647659
kmpl_prod = 0.180000000000000
 Time :      1.00000
 Time :      2.00000
 Time :      3.01000
 Time :      4.01000
 Time :      5.01000
 Time :      6.01000
 Time :      7.01000
 Time :      8.01000
 Time :      9.01000
 Time :     10.01000
 Time :     11.01000
 Time :     12.01000
 Time :     13.01000
 Time :     14.01000
 Time :     15.01000
 Time :     16.01000
 Time :     17.01000
 Time :     18.00000
 Time :     19.00000
 Time :     20.00000
 Time :     21.00000
 Time :     22.00000
 Time :     23.00000
 Time :     24.00000
 Time :     25.00000
 Time :     26.00000
 Time :     27.00000
 Time :     28.00000
 Time :     29.00000
 Time :     30.00000
 Time :     31.00000
 Time :     32.00000
 Time :     33.00000
 Time :     34.00000
 Time :     35.00000
dtime = 32.13827870786190
mbcr =

 Columns 1 through 3:

   5.989004650738202e-05   2.824808916828726e-04   1.883572199480279e-04

 Columns 4 through 6:

   1.387298338502064e-02   1.224647161778867e-01   8.004801447701343e-02

agsout =

 Columns 1 through 3:

   1.836455120498745e-02   6.159693172691312e-03   6.159693172691340e-03
   1.832824213111174e-02   6.179184744660206e-03   6.179184744660205e-03
   1.834354073340153e-02   6.181105832136333e-03   6.181105832136287e-03
   1.484137486987938e-02   5.961720283622116e-03   5.961720283622118e-03
   5.012248798793791e-04   5.536260829942606e-03   5.536260829942656e-03
   2.737574725153034e-03   5.335318258844578e-03   5.335318258844562e-03

 Columns 4 through 6:

   6.159693172691325e-03   6.159693172691329e-03   6.159693172691320e-03
   6.179184744660202e-03   6.179184744660200e-03   6.179184744660205e-03
   6.181105832136290e-03   6.181105832136273e-03   6.181105832136306e-03
   5.961720283622149e-03   5.961720283622136e-03   5.961720283622137e-03
   5.536260829942623e-03   5.536260829942651e-03   5.536260829942646e-03
   5.335318258844560e-03   5.335318258844582e-03   5.335318258844574e-03

 Column 7:

   6.159693172691320e-03
   6.179184744660204e-03
   6.181105832136306e-03
   5.961720283622136e-03
   5.536260829942651e-03
   5.335318258844575e-03

ans = -8.602678370551488e-23
ans = 5.731431066803360e-21
ans = 9.127472770428099e-21
ans = 5.736342451690393e-21
ans = -1.042092475451961e-21
ans = -1.041472089992546e-21
ans = -1.043850234253636e-21
dkps =

 Columns 1 through 3:

   5.818532533639033e-01   1.063444782465720e+01   2.726558702685859e+01

 Columns 4 through 6:

   3.033801623570785e+02   3.732772170725566e+00   6.478741917220715e+01

nbcr = 10
lambda0 = 3.501084296647659
kmpl_prod = 0.180000000000000
 Time :      1.00000
 Time :      2.00000
 Time :      3.01000
 Time :      4.01000
 Time :      5.01000
 Time :      6.01000
 Time :      7.01000
 Time :      8.01000
 Time :      9.01000
 Time :     10.01000
 Time :     11.01000
 Time :     12.01000
 Time :     13.01000
 Time :     14.01000
 Time :     15.01000
 Time :     16.01000
 Time :     17.01000
 Time :     18.00000
 Time :     19.00000
 Time :     20.00000
 Time :     21.00000
 Time :     22.00000
 Time :     23.00000
 Time :     24.00000
 Time :     25.00000
 Time :     26.00000
 Time :     27.00000
 Time :     28.00000
 Time :     29.00000
 Time :     30.00000
 Time :     31.00000
 Time :     32.00000
 Time :     33.00000
 Time :     34.00000
 Time :     35.00000
dtime = 46.84539064764977
mbcr = 5.221270471672276e-05
agsout =

 Columns 1 through 3:

   1.352833048523765e-02   5.332073814795330e-03   5.332073814795323e-03

 Columns 4 through 6:

   5.332073814795276e-03   5.332073814795324e-03   5.332073814795273e-03

 Columns 7 through 9:

   5.332073814795321e-03   5.332073814795288e-03   5.332073814795291e-03

 Column 10:

   5.332073814795284e-03

ans = -1.652092454831752e-21
ans = -1.414789040195385e-21
ans = 1.973135953668678e-21
ans = 1.968689857876206e-21
ans = 1.968172869993360e-21
ans = -1.411480317745173e-21
ans = -1.419855521447272e-21
ans = -1.420269111753549e-21
ans = 1.968276267569929e-21
ans = 5.356511454163700e-21
nbcr = 10
lambda0 = 3.501084296647659
kmpl_prod = 0.180000000000000
 Time :      1.00000
 Time :      2.00000
 Time :      3.01000
 Time :      4.01000
 Time :      5.01000
 Time :      6.01000
 Time :      7.01000
 Time :      8.01000
 Time :      9.01000
 Time :     10.01000
 Time :     11.01000
 Time :     12.01000
 Time :     13.01000
 Time :     14.01000
 Time :     15.01000
 Time :     16.01000
 Time :     17.01000
 Time :     18.00000
 Time :     19.00000
 Time :     20.00000
 Time :     21.00000
 Time :     22.00000
 Time :     23.00000
 Time :     24.00000
 Time :     25.00000
 Time :     26.00000
 Time :     27.00000
 Time :     28.00000
 Time :     29.00000
 Time :     30.00000
 Time :     31.00000
 Time :     32.00000
 Time :     33.00000
 Time :     34.00000
 Time :     35.00000
dtime = 46.73449806869030
mbcr =

   5.221270471672276e-05   1.147222613067674e-04

agsout =

 Columns 1 through 3:

   1.352833048523765e-02   5.332073814795330e-03   5.332073814795323e-03
   1.351975650804458e-02   5.339007451907425e-03   5.339007451907400e-03

 Columns 4 through 6:

   5.332073814795276e-03   5.332073814795324e-03   5.332073814795273e-03
   5.339007451907444e-03   5.339007451907444e-03   5.339007451907461e-03

 Columns 7 through 9:

   5.332073814795321e-03   5.332073814795288e-03   5.332073814795291e-03
   5.339007451907437e-03   5.339007451907441e-03   5.339007451907449e-03

 Column 10:

   5.332073814795284e-03
   5.339007451907450e-03

ans = 8.582826035850215e-21
ans = -7.743444509262030e-22
ans = -7.781701612592608e-22
ans = -4.156996168385241e-21
ans = -7.622469344676150e-22
ans = -7.581110314048499e-22
ans = -4.158236939304070e-21
ans = -4.145622434962636e-21
ans = -4.162993227826250e-21
ans = -4.163200022979388e-21
nbcr = 10
lambda0 = 3.501084296647659
kmpl_prod = 0.180000000000000
 Time :      1.00000
 Time :      2.00000
 Time :      3.01000
 Time :      4.01000
 Time :      5.01000
 Time :      6.01000
 Time :      7.01000
 Time :      8.01000
 Time :      9.01000
 Time :     10.01000
 Time :     11.01000
 Time :     12.01000
 Time :     13.01000
 Time :     14.01000
 Time :     15.01000
 Time :     16.01000
 Time :     17.01000
 Time :     18.00000
 Time :     19.00000
 Time :     20.00000
 Time :     21.00000
 Time :     22.00000
 Time :     23.00000
 Time :     24.00000
 Time :     25.00000
 Time :     26.00000
 Time :     27.00000
 Time :     28.00000
 Time :     29.00000
 Time :     30.00000
 Time :     31.00000
 Time :     32.00000
 Time :     33.00000
 Time :     34.00000
 Time :     35.00000
dtime = 46.44250608980656
mbcr =

   5.221270471672276e-05   1.147222613067674e-04   1.034500752387257e-02

agsout =

 Columns 1 through 3:

   1.352833048523765e-02   5.332073814795330e-03   5.332073814795323e-03
   1.351975650804458e-02   5.339007451907425e-03   5.339007451907400e-03
   1.090456317823575e-02   5.191173910061534e-03   5.191173910061581e-03

 Columns 4 through 6:

   5.332073814795276e-03   5.332073814795324e-03   5.332073814795273e-03
   5.339007451907444e-03   5.339007451907444e-03   5.339007451907461e-03
   5.191173910061542e-03   5.191173910061581e-03   5.191173910061570e-03

 Columns 7 through 9:

   5.332073814795321e-03   5.332073814795288e-03   5.332073814795291e-03
   5.339007451907437e-03   5.339007451907441e-03   5.339007451907449e-03
   5.191173910061554e-03   5.191173910061559e-03   5.191173910061559e-03

 Column 10:

   5.332073814795284e-03
   5.339007451907450e-03
   5.191173910061557e-03

ans = 5.035875569222832e-21
ans = -6.760960736702172e-21
ans = -6.757652014251960e-21
ans = -3.378102224089996e-21
ans = -3.372828947684970e-21
ans = -1.015281483847586e-20
ans = -3.374690104063215e-21
ans = -3.372828947684970e-21
ans = -6.771197096782515e-21
ans = -1.015777792215118e-20
nbcr = 10
lambda0 = 3.501084296647659
kmpl_prod = 0.180000000000000
 Time :      1.00000
 Time :      2.00000
 Time :      3.01000
 Time :      4.01000
 Time :      5.01000
 Time :      6.01000
 Time :      7.01000
 Time :      8.01000
 Time :      9.01000
 Time :     10.01000
 Time :     11.01000
 Time :     12.01000
 Time :     13.01000
 Time :     14.01000
 Time :     15.01000
 Time :     16.01000
 Time :     17.01000
 Time :     18.00000
 Time :     19.00000
 Time :     20.00000
 Time :     21.00000
 Time :     22.00000
 Time :     23.00000
 Time :     24.00000
 Time :     25.00000
 Time :     26.00000
 Time :     27.00000
 Time :     28.00000
 Time :     29.00000
 Time :     30.00000
 Time :     31.00000
 Time :     32.00000
 Time :     33.00000
 Time :     34.00000
 Time :     35.00000
dtime = 46.48096896708012
mbcr =

 Columns 1 through 3:

   5.221270471672276e-05   1.147222613067674e-04   1.034500752387257e-02

 Column 4:

   1.611624563235304e-03

agsout =

 Columns 1 through 3:

   1.352833048523765e-02   5.332073814795330e-03   5.332073814795323e-03
   1.351975650804458e-02   5.339007451907425e-03   5.339007451907400e-03
   1.090456317823575e-02   5.191173910061534e-03   5.191173910061581e-03
   1.308008186703444e-02   5.317468686263625e-03   5.317468686263563e-03

 Columns 4 through 6:

   5.332073814795276e-03   5.332073814795324e-03   5.332073814795273e-03
   5.339007451907444e-03   5.339007451907444e-03   5.339007451907461e-03
   5.191173910061542e-03   5.191173910061581e-03   5.191173910061570e-03
   5.317468686263581e-03   5.317468686263580e-03   5.317468686263587e-03

 Columns 7 through 9:

   5.332073814795321e-03   5.332073814795288e-03   5.332073814795291e-03
   5.339007451907437e-03   5.339007451907441e-03   5.339007451907449e-03
   5.191173910061554e-03   5.191173910061559e-03   5.191173910061559e-03
   5.317468686263577e-03   5.317468686263597e-03   5.317468686263582e-03

 Column 10:

   5.332073814795284e-03
   5.339007451907450e-03
   5.191173910061557e-03
   5.317468686263582e-03

ans = -1.104286117758292e-21
ans = 8.452648486949682e-21
ans = 8.442101934139631e-21
ans = 1.182278909764386e-20
ans = 8.439827187455110e-21
ans = 1.860070703690336e-20
ans = 1.183178468680537e-20
ans = 1.861208077032597e-20
ans = 1.522177763220082e-20
ans = 1.522177763220082e-20
nbcr = 10
lambda0 = 3.501084296647659
kmpl_prod = 0.180000000000000
 Time :      1.00000
 Time :      2.00000
 Time :      3.01000
 Time :      4.01000
 Time :      5.01000
 Time :      6.01000
 Time :      7.01000
 Time :      8.01000
 Time :      9.01000
 Time :     10.01000
 Time :     11.01000
 Time :     12.01000
 Time :     13.01000
 Time :     14.01000
 Time :     15.01000
 Time :     16.01000
 Time :     17.01000
 Time :     18.00000
 Time :     19.00000
 Time :     20.00000
 Time :     21.00000
 Time :     22.00000
 Time :     23.00000
 Time :     24.00000
 Time :     25.00000
 Time :     26.00000
 Time :     27.00000
 Time :     28.00000
 Time :     29.00000
 Time :     30.00000
 Time :     31.00000
 Time :     32.00000
 Time :     33.00000
 Time :     34.00000
 Time :     35.00000
dtime = 46.64773531258106
mbcr =

 Columns 1 through 3:

   5.221270471672276e-05   1.147222613067674e-04   1.034500752387257e-02

 Columns 4 and 5:

   1.611624563235304e-03   4.673660174184968e-05

agsout =

 Columns 1 through 3:

   1.352833048523765e-02   5.332073814795330e-03   5.332073814795323e-03
   1.351975650804458e-02   5.339007451907425e-03   5.339007451907400e-03
   1.090456317823575e-02   5.191173910061534e-03   5.191173910061581e-03
   1.308008186703444e-02   5.317468686263625e-03   5.317468686263563e-03
   1.353707853446807e-02   5.340597099742837e-03   5.340597099742850e-03

 Columns 4 through 6:

   5.332073814795276e-03   5.332073814795324e-03   5.332073814795273e-03
   5.339007451907444e-03   5.339007451907444e-03   5.339007451907461e-03
   5.191173910061542e-03   5.191173910061581e-03   5.191173910061570e-03
   5.317468686263581e-03   5.317468686263580e-03   5.317468686263587e-03
   5.340597099742767e-03   5.340597099742786e-03   5.340597099742774e-03

 Columns 7 through 9:

   5.332073814795321e-03   5.332073814795288e-03   5.332073814795291e-03
   5.339007451907437e-03   5.339007451907441e-03   5.339007451907449e-03
   5.191173910061554e-03   5.191173910061559e-03   5.191173910061559e-03
   5.317468686263577e-03   5.317468686263597e-03   5.317468686263582e-03
   5.340597099742804e-03   5.340597099742797e-03   5.340597099742797e-03

 Column 10:

   5.332073814795284e-03
   5.339007451907450e-03
   5.191173910061557e-03
   5.317468686263582e-03
   5.340597099742797e-03

ans = 7.472297289406562e-21
ans = -3.285044405177780e-21
ans = 1.131169487666265e-22
ans = -3.295280765258124e-21
ans = 1.202513815498964e-22
ans = -3.272843491142623e-21
ans = 9.295442133564648e-23
ans = 1.235601040001085e-22
ans = -3.267983805043874e-21
ans = -3.267983805043874e-21
nbcr = 10
lambda0 = 3.501084296647659
kmpl_prod = 0.180000000000000
 Time :      1.00000
 Time :      2.00000
 Time :      3.01000
 Time :      4.01000
 Time :      5.01000
 Time :      6.01000
 Time :      7.01000
 Time :      8.01000
 Time :      9.01000
 Time :     10.01000
 Time :     11.01000
 Time :     12.01000
 Time :     13.01000
 Time :     14.01000
 Time :     15.01000
 Time :     16.01000
 Time :     17.01000
 Time :     18.00000
 Time :     19.00000
 Time :     20.00000
 Time :     21.00000
 Time :     22.00000
 Time :     23.00000
 Time :     24.00000
 Time :     25.00000
 Time :     26.00000
 Time :     27.00000
 Time :     28.00000
 Time :     29.00000
 Time :     30.00000
 Time :     31.00000
 Time :     32.00000
 Time :     33.00000
 Time :     34.00000
 Time :     35.00000
dtime = 46.51555940508842
mbcr =

 Columns 1 through 3:

   5.221270471672276e-05   1.147222613067674e-04   1.034500752387257e-02

 Columns 4 through 6:

   1.611624563235304e-03   4.673660174184968e-05   1.879919232166700e-04

agsout =

 Columns 1 through 3:

   1.352833048523765e-02   5.332073814795330e-03   5.332073814795323e-03
   1.351975650804458e-02   5.339007451907425e-03   5.339007451907400e-03
   1.090456317823575e-02   5.191173910061534e-03   5.191173910061581e-03
   1.308008186703444e-02   5.317468686263625e-03   5.317468686263563e-03
   1.353707853446807e-02   5.340597099742837e-03   5.340597099742850e-03
   1.349947938658449e-02   5.338408381543966e-03   5.338408381543916e-03

 Columns 4 through 6:

   5.332073814795276e-03   5.332073814795324e-03   5.332073814795273e-03
   5.339007451907444e-03   5.339007451907444e-03   5.339007451907461e-03
   5.191173910061542e-03   5.191173910061581e-03   5.191173910061570e-03
   5.317468686263581e-03   5.317468686263580e-03   5.317468686263587e-03
   5.340597099742767e-03   5.340597099742786e-03   5.340597099742774e-03
   5.338408381543965e-03   5.338408381543952e-03   5.338408381543955e-03

 Columns 7 through 9:

   5.332073814795321e-03   5.332073814795288e-03   5.332073814795291e-03
   5.339007451907437e-03   5.339007451907441e-03   5.339007451907449e-03
   5.191173910061554e-03   5.191173910061559e-03   5.191173910061559e-03
   5.317468686263577e-03   5.317468686263597e-03   5.317468686263582e-03
   5.340597099742804e-03   5.340597099742797e-03   5.340597099742797e-03
   5.338408381543933e-03   5.338408381543941e-03   5.338408381543938e-03

 Column 10:

   5.332073814795284e-03
   5.339007451907450e-03
   5.191173910061557e-03
   5.317468686263582e-03
   5.340597099742797e-03
   5.338408381543937e-03

ans = -8.157655200997959e-21
ans = 4.875092337657838e-21
ans = 1.489235295325157e-21
ans = 1.166252285396171e-20
ans = 4.871990410360764e-21
ans = 1.503287025980902e-20
ans = 4.871887012784195e-21
ans = 4.866717133955738e-21
ans = 1.494405174153614e-21
ans = 8.261673163026502e-21
dkps =

 Columns 1 through 3:

   9.987412536920177e+00   2.453860288389754e+01   7.337507304768714e+00

 Columns 4 through 6:

   1.429147310746559e+00   8.904019200004653e-01   3.317245337217624e+00

nbcr = 15
lambda0 = 3.501084296647659
kmpl_prod = 0.180000000000000
 Time :      1.00000
 Time :      2.00000
 Time :      3.01000
 Time :      4.01000
 Time :      5.01000
 Time :      6.01000
 Time :      7.01000
 Time :      8.01000
 Time :      9.01000
 Time :     10.01000
 Time :     11.01000
 Time :     12.01000
 Time :     13.01000
 Time :     14.01000
 Time :     15.01000
 Time :     16.01000
 Time :     17.01000
 Time :     18.00000
 Time :     19.00000
 Time :     20.00000
 Time :     21.00000
 Time :     22.00000
 Time :     23.00000
 Time :     24.00000
 Time :     25.00000
 Time :     26.00000
 Time :     27.00000
 Time :     28.00000
 Time :     29.00000
 Time :     30.00000
 Time :     31.00000
 Time :     32.00000
 Time :     33.00000
 Time :     34.00000
 Time :     35.00000
dtime = 72.63084724545479
mbcr = 4.601583056215314e-05
agsout =

 Columns 1 through 3:

   1.003277977874561e-02   4.736198918091843e-03   4.736198918091818e-03

 Columns 4 through 6:

   4.736198918091864e-03   4.736198918091825e-03   4.736198918091832e-03

 Columns 7 through 9:

   4.736198918091827e-03   4.736198918091827e-03   4.736198918091829e-03

 Columns 10 through 12:

   4.736198918091844e-03   4.736198918091815e-03   4.736198918091814e-03

 Columns 13 through 15:

   4.736198918091833e-03   4.736198918091814e-03   4.736198918091811e-03

ans = -7.103916374416324e-21
ans = -9.578751493364060e-22
ans = -7.725039740632725e-21
ans = -9.642857990836920e-22
ans = -4.346627323813022e-21
ans = -9.735915809749136e-22
ans = -1.112040936000977e-20
ans = -4.343732191669087e-21
ans = -7.731657185533150e-21
ans = -4.341457444984566e-21
ans = -4.340630264372013e-21
ans = -7.728762053389214e-21
ans = -9.556004026518852e-22
ans = -4.343732191669087e-21
ans = -7.732070775839426e-21
nbcr = 15
lambda0 = 3.501084296647659
kmpl_prod = 0.180000000000000
 Time :      1.00000
 Time :      2.00000
 Time :      3.01000
 Time :      4.01000
 Time :      5.01000
 Time :      6.01000
 Time :      7.01000
 Time :      8.01000
 Time :      9.01000
 Time :     10.01000
 Time :     11.01000
 Time :     12.01000
 Time :     13.01000
 Time :     14.01000
 Time :     15.01000
 Time :     16.01000
 Time :     17.01000
 Time :     18.00000
 Time :     19.00000
 Time :     20.00000
 Time :     21.00000
 Time :     22.00000
 Time :     23.00000
 Time :     24.00000
 Time :     25.00000
 Time :     26.00000
 Time :     27.00000
 Time :     28.00000
 Time :     29.00000
 Time :     30.00000
 Time :     31.00000
 Time :     32.00000
 Time :     33.00000
 Time :     34.00000
 Time :     35.00000
dtime = 71.83778174221516
mbcr =

   4.601583056215314e-05   3.710573632974716e-05

agsout =

 Columns 1 through 3:

   1.003277977874561e-02   4.736198918091843e-03   4.736198918091818e-03
   1.002588056268796e-02   4.728466663506703e-03   4.728466663506738e-03

 Columns 4 through 6:

   4.736198918091864e-03   4.736198918091825e-03   4.736198918091832e-03
   4.728466663506728e-03   4.728466663506686e-03   4.728466663506702e-03

 Columns 7 through 9:

   4.736198918091827e-03   4.736198918091827e-03   4.736198918091829e-03
   4.728466663506676e-03   4.728466663506671e-03   4.728466663506741e-03

 Columns 10 through 12:

   4.736198918091844e-03   4.736198918091815e-03   4.736198918091814e-03
   4.728466663506720e-03   4.728466663506721e-03   4.728466663506695e-03

 Columns 13 through 15:

   4.736198918091833e-03   4.736198918091814e-03   4.736198918091811e-03
   4.728466663506690e-03   4.728466663506724e-03   4.728466663506726e-03

ans = -9.118205762628091e-21
ans = 4.461191838651617e-21
ans = 1.083606602444466e-21
ans = 1.078229928462872e-21
ans = 1.077816338156595e-21
ans = 4.471118006002253e-21
ans = 7.859249795019454e-21
ans = 1.087535710354093e-21
ans = 4.462019019264170e-21
ans = 4.476287884830709e-21
ans = 7.857802228947486e-21
ans = 1.096634697092176e-21
ans = 4.471324801155391e-21
ans = 7.859456590172592e-21
ans = 4.475667499371294e-21
nbcr = 15
lambda0 = 3.501084296647659
kmpl_prod = 0.180000000000000
 Time :      1.00000
 Time :      2.00000
 Time :      3.01000
 Time :      4.01000
 Time :      5.01000
 Time :      6.01000
 Time :      7.01000
 Time :      8.01000
 Time :      9.01000
 Time :     10.01000
 Time :     11.01000
 Time :     12.01000
 Time :     13.01000
 Time :     14.01000
 Time :     15.01000
 Time :     16.01000
 Time :     17.01000
 Time :     18.00000
 Time :     19.00000
 Time :     20.00000
 Time :     21.00000
 Time :     22.00000
 Time :     23.00000
 Time :     24.00000
 Time :     25.00000
 Time :     26.00000
 Time :     27.00000
 Time :     28.00000
 Time :     29.00000
 Time :     30.00000
 Time :     31.00000
 Time :     32.00000
 Time :     33.00000
 Time :     34.00000
 Time :     35.00000
dtime = 70.76135426759720
mbcr =

   4.601583056215314e-05   3.710573632974716e-05   3.724516838990733e-05

agsout =

 Columns 1 through 3:

   1.003277977874561e-02   4.736198918091843e-03   4.736198918091818e-03
   1.002588056268796e-02   4.728466663506703e-03   4.728466663506738e-03
   1.002664072855291e-02   4.729477897062086e-03   4.729477897062058e-03

 Columns 4 through 6:

   4.736198918091864e-03   4.736198918091825e-03   4.736198918091832e-03
   4.728466663506728e-03   4.728466663506686e-03   4.728466663506702e-03
   4.729477897062074e-03   4.729477897062095e-03   4.729477897062096e-03

 Columns 7 through 9:

   4.736198918091827e-03   4.736198918091827e-03   4.736198918091829e-03
   4.728466663506676e-03   4.728466663506671e-03   4.728466663506741e-03
   4.729477897062075e-03   4.729477897062077e-03   4.729477897062080e-03

 Columns 10 through 12:

   4.736198918091844e-03   4.736198918091815e-03   4.736198918091814e-03
   4.728466663506720e-03   4.728466663506721e-03   4.728466663506695e-03
   4.729477897062064e-03   4.729477897062070e-03   4.729477897062076e-03

 Columns 13 through 15:

   4.736198918091833e-03   4.736198918091814e-03   4.736198918091811e-03
   4.728466663506690e-03   4.728466663506724e-03   4.728466663506726e-03
   4.729477897062080e-03   4.729477897062077e-03   4.729477897062079e-03

ans = 1.366645836075091e-20
ans = 4.379094162855729e-21
ans = 9.818633871004439e-22
ans = 7.772189035548248e-21
ans = 7.759988121513091e-21
ans = 7.772809421007663e-21
ans = 7.781288022286331e-21
ans = 7.756265808756602e-21
ans = 7.785423925349096e-21
ans = 1.115287619905247e-20
ans = 9.959254575138453e-22
ans = 9.926167350636332e-22
ans = 7.757092989369155e-21
ans = -2.401098523088301e-21
ans = 1.116383634216880e-20
nbcr = 15
lambda0 = 3.501084296647659
kmpl_prod = 0.180000000000000
 Time :      1.00000
 Time :      2.00000
 Time :      3.01000
 Time :      4.01000
 Time :      5.01000
 Time :      6.01000
 Time :      7.01000
 Time :      8.01000
 Time :      9.01000
 Time :     10.01000
 Time :     11.01000
 Time :     12.01000
 Time :     13.01000
 Time :     14.01000
 Time :     15.01000
 Time :     16.01000
 Time :     17.01000
 Time :     18.00000
 Time :     19.00000
 Time :     20.00000
 Time :     21.00000
 Time :     22.00000
 Time :     23.00000
 Time :     24.00000
 Time :     25.00000
 Time :     26.00000
 Time :     27.00000
 Time :     28.00000
 Time :     29.00000
 Time :     30.00000
 Time :     31.00000
 Time :     32.00000
 Time :     33.00000
 Time :     34.00000
 Time :     35.00000
dtime = 71.07770740985870
mbcr =

 Columns 1 through 3:

   4.601583056215314e-05   3.710573632974716e-05   3.724516838990733e-05

 Column 4:

   3.096311325307117e-04

agsout =

 Columns 1 through 3:

   1.003277977874561e-02   4.736198918091843e-03   4.736198918091818e-03
   1.002588056268796e-02   4.728466663506703e-03   4.728466663506738e-03
   1.002664072855291e-02   4.729477897062086e-03   4.729477897062058e-03
   9.953425492170105e-03   4.725696592502125e-03   4.725696592502125e-03

 Columns 4 through 6:

   4.736198918091864e-03   4.736198918091825e-03   4.736198918091832e-03
   4.728466663506728e-03   4.728466663506686e-03   4.728466663506702e-03
   4.729477897062074e-03   4.729477897062095e-03   4.729477897062096e-03
   4.725696592502120e-03   4.725696592502160e-03   4.725696592502143e-03

 Columns 7 through 9:

   4.736198918091827e-03   4.736198918091827e-03   4.736198918091829e-03
   4.728466663506676e-03   4.728466663506671e-03   4.728466663506741e-03
   4.729477897062075e-03   4.729477897062077e-03   4.729477897062080e-03
   4.725696592502163e-03   4.725696592502136e-03   4.725696592502129e-03

 Columns 10 through 12:

   4.736198918091844e-03   4.736198918091815e-03   4.736198918091814e-03
   4.728466663506720e-03   4.728466663506721e-03   4.728466663506695e-03
   4.729477897062064e-03   4.729477897062070e-03   4.729477897062076e-03
   4.725696592502130e-03   4.725696592502142e-03   4.725696592502112e-03

 Columns 13 through 15:

   4.736198918091833e-03   4.736198918091814e-03   4.736198918091811e-03
   4.728466663506690e-03   4.728466663506724e-03   4.728466663506726e-03
   4.729477897062080e-03   4.729477897062077e-03   4.729477897062079e-03
   4.725696592502122e-03   4.725696592502121e-03   4.725696592502122e-03

ans = 1.310254090283996e-21
ans = -3.193330754760963e-21
ans = 6.976854876578512e-21
ans = 3.594513351849182e-21
ans = 1.036477987044258e-20
ans = 1.035816242554215e-20
ans = 1.960418051750676e-22
ans = 3.565148440103549e-21
ans = 6.970030636524949e-21
ans = -3.192710369301549e-21
ans = 3.580864871742057e-21
ans = 6.971271407443779e-21
ans = 3.570318318932006e-21
ans = 3.572593065616527e-21
ans = 6.962792806165110e-21
nbcr = 15
lambda0 = 3.501084296647659
kmpl_prod = 0.180000000000000
 Time :      1.00000
 Time :      2.00000
 Time :      3.01000
 Time :      4.01000
 Time :      5.01000
 Time :      6.01000
 Time :      7.01000
 Time :      8.01000
 Time :      9.01000
 Time :     10.01000
 Time :     11.01000
 Time :     12.01000
 Time :     13.01000
 Time :     14.01000
 Time :     15.01000
 Time :     16.01000
 Time :     17.01000
 Time :     18.00000
 Time :     19.00000
 Time :     20.00000
 Time :     21.00000
 Time :     22.00000
 Time :     23.00000
 Time :     24.00000
 Time :     25.00000
 Time :     26.00000
 Time :     27.00000
 Time :     28.00000
 Time :     29.00000
 Time :     30.00000
 Time :     31.00000
 Time :     32.00000
 Time :     33.00000
 Time :     34.00000
 Time :     35.00000
dtime = 70.53215615451336
mbcr =

 Columns 1 through 3:

   4.601583056215314e-05   3.710573632974716e-05   3.724516838990733e-05

 Columns 4 and 5:

   3.096311325307117e-04   5.938048708945878e-02

agsout =

 Columns 1 through 3:

   1.003277977874561e-02   4.736198918091843e-03   4.736198918091818e-03
   1.002588056268796e-02   4.728466663506703e-03   4.728466663506738e-03
   1.002664072855291e-02   4.729477897062086e-03   4.729477897062058e-03
   9.953425492170105e-03   4.725696592502125e-03   4.725696592502125e-03
   8.888068218368048e-04   4.407161165330541e-03   4.407161165330493e-03

 Columns 4 through 6:

   4.736198918091864e-03   4.736198918091825e-03   4.736198918091832e-03
   4.728466663506728e-03   4.728466663506686e-03   4.728466663506702e-03
   4.729477897062074e-03   4.729477897062095e-03   4.729477897062096e-03
   4.725696592502120e-03   4.725696592502160e-03   4.725696592502143e-03
   4.407161165330490e-03   4.407161165330432e-03   4.407161165330429e-03

 Columns 7 through 9:

   4.736198918091827e-03   4.736198918091827e-03   4.736198918091829e-03
   4.728466663506676e-03   4.728466663506671e-03   4.728466663506741e-03
   4.729477897062075e-03   4.729477897062077e-03   4.729477897062080e-03
   4.725696592502163e-03   4.725696592502136e-03   4.725696592502129e-03
   4.407161165330427e-03   4.407161165330486e-03   4.407161165330442e-03

 Columns 10 through 12:

   4.736198918091844e-03   4.736198918091815e-03   4.736198918091814e-03
   4.728466663506720e-03   4.728466663506721e-03   4.728466663506695e-03
   4.729477897062064e-03   4.729477897062070e-03   4.729477897062076e-03
   4.725696592502130e-03   4.725696592502142e-03   4.725696592502112e-03
   4.407161165330451e-03   4.407161165330450e-03   4.407161165330438e-03

 Columns 13 through 15:

   4.736198918091833e-03   4.736198918091814e-03   4.736198918091811e-03
   4.728466663506690e-03   4.728466663506724e-03   4.728466663506726e-03
   4.729477897062080e-03   4.729477897062077e-03   4.729477897062079e-03
   4.725696592502122e-03   4.725696592502121e-03   4.725696592502122e-03
   4.407161165330450e-03   4.407161165330446e-03   4.407161165330447e-03

ans = 5.399835038746165e-21
ans = 5.679835676095365e-21
ans = -1.089707059462045e-21
ans = 2.296977163483189e-21
ans = -1.108318623244488e-21
ans = -1.100563805001803e-21
ans = -4.492004316469217e-21
ans = 2.294702416798668e-21
ans = 5.686970108878634e-21
ans = -1.097255082551591e-21
ans = 2.298424729555157e-21
ans = 2.299768898050555e-21
ans = -1.100460407425234e-21
ans = 2.307213523563532e-21
ans = 2.298114536825449e-21
nbcr = 15
lambda0 = 3.501084296647659
kmpl_prod = 0.180000000000000
 Time :      1.00000
 Time :      2.00000
 Time :      3.01000
 Time :      4.01000
 Time :      5.01000
 Time :      6.01000
 Time :      7.01000
 Time :      8.01000
 Time :      9.01000
 Time :     10.01000
 Time :     11.01000
 Time :     12.01000
 Time :     13.01000
 Time :     14.01000
 Time :     15.01000
 Time :     16.01000
 Time :     17.01000
 Time :     18.00000
 Time :     19.00000
 Time :     20.00000
 Time :     21.00000
 Time :     22.00000
 Time :     23.00000
 Time :     24.00000
 Time :     25.00000
 Time :     26.00000
 Time :     27.00000
 Time :     28.00000
 Time :     29.00000
 Time :     30.00000
 Time :     31.00000
 Time :     32.00000
 Time :     33.00000
 Time :     34.00000
 Time :     35.00000
dtime = 72.22469374537468
mbcr =

 Columns 1 through 3:

   4.601583056215314e-05   3.710573632974716e-05   3.724516838990733e-05

 Columns 4 through 6:

   3.096311325307117e-04   5.938048708945878e-02   8.364967664586040e-02

agsout =

 Columns 1 through 3:

   1.003277977874561e-02   4.736198918091843e-03   4.736198918091818e-03
   1.002588056268796e-02   4.728466663506703e-03   4.728466663506738e-03
   1.002664072855291e-02   4.729477897062086e-03   4.729477897062058e-03
   9.953425492170105e-03   4.725696592502125e-03   4.725696592502125e-03
   8.888068218368048e-04   4.407161165330541e-03   4.407161165330493e-03
   2.540424657456693e-04   4.561050601132018e-03   4.561050601132049e-03

 Columns 4 through 6:

   4.736198918091864e-03   4.736198918091825e-03   4.736198918091832e-03
   4.728466663506728e-03   4.728466663506686e-03   4.728466663506702e-03
   4.729477897062074e-03   4.729477897062095e-03   4.729477897062096e-03
   4.725696592502120e-03   4.725696592502160e-03   4.725696592502143e-03
   4.407161165330490e-03   4.407161165330432e-03   4.407161165330429e-03
   4.561050601131984e-03   4.561050601132001e-03   4.561050601132017e-03

 Columns 7 through 9:

   4.736198918091827e-03   4.736198918091827e-03   4.736198918091829e-03
   4.728466663506676e-03   4.728466663506671e-03   4.728466663506741e-03
   4.729477897062075e-03   4.729477897062077e-03   4.729477897062080e-03
   4.725696592502163e-03   4.725696592502136e-03   4.725696592502129e-03
   4.407161165330427e-03   4.407161165330486e-03   4.407161165330442e-03
   4.561050601131975e-03   4.561050601131970e-03   4.561050601131973e-03

 Columns 10 through 12:

   4.736198918091844e-03   4.736198918091815e-03   4.736198918091814e-03
   4.728466663506720e-03   4.728466663506721e-03   4.728466663506695e-03
   4.729477897062064e-03   4.729477897062070e-03   4.729477897062076e-03
   4.725696592502130e-03   4.725696592502142e-03   4.725696592502112e-03
   4.407161165330451e-03   4.407161165330450e-03   4.407161165330438e-03
   4.561050601131992e-03   4.561050601132027e-03   4.561050601132018e-03

 Columns 13 through 15:

   4.736198918091833e-03   4.736198918091814e-03   4.736198918091811e-03
   4.728466663506690e-03   4.728466663506724e-03   4.728466663506726e-03
   4.729477897062080e-03   4.729477897062077e-03   4.729477897062079e-03
   4.725696592502122e-03   4.725696592502121e-03   4.725696592502122e-03
   4.407161165330450e-03   4.407161165330446e-03   4.407161165330447e-03
   4.561050601132007e-03   4.561050601132005e-03   4.561050601132004e-03

ans = 1.905824131322176e-21
ans = 8.970463550407878e-21
ans = 1.234618763023678e-20
ans = 5.572198798886902e-21
ans = 8.981527091100774e-21
ans = 1.236903849465856e-20
ans = 1.236087008610960e-20
ans = 8.950507818130036e-21
ans = 8.970049960101601e-21
ans = 1.236221425460500e-20
ans = 5.580677400165570e-21
ans = 1.236149047156901e-20
ans = 8.971704321326707e-21
ans = 2.195337345715735e-21
ans = 1.236200745945186e-20
