warning: function /home/surgeon/flu/amcode/perelson21/1d2agt/4paper/2submit/run.m shadows a core library function
warning: called from
    driver at line 1 column 1

lambda0 = 3.501084296647659
kmpl_prod = 0.180000000000000
dkps =

 Columns 1 through 3:

   2.129178880069803e+02   1.543114029083783e+01   3.942448757491181e+00

 Columns 4 through 6:

   3.581360789670871e+00   1.063297564757129e+01   2.309081675521278e+01

nbcr = 2
lambda0 = 3.501084296647659
kmpl_prod = 0.180000000000000
 Time :      1.00000
 Time :      2.00000
 Time :      3.01000
 Time :      4.01000
 Time :      5.01000
 Time :      6.01000
 Time :      7.01000
 Time :      8.01000
 Time :      9.01000
 Time :     10.01000
 Time :     11.01000
 Time :     12.01000
 Time :     13.01000
 Time :     14.01000
 Time :     15.01000
 Time :     16.01000
 Time :     17.01000
 Time :     18.00000
 Time :     19.00000
 Time :     20.00000
 Time :     21.00000
 Time :     22.00000
 Time :     23.00000
 Time :     24.00000
 Time :     25.00000
 Time :     26.00000
 Time :     27.00000
 Time :     28.00000
 Time :     29.00000
 Time :     30.00000
 Time :     31.00000
 Time :     32.00000
 Time :     33.00000
 Time :     34.00000
 Time :     35.00000
dtime = 5.276454985141754
mbcr = 0.500000000000000
agsout =

   1.071449970512459e-02   1.071449970512455e-02

ans = 6.718525725043348e-21
ans = 8.573849833734308e-21
nbcr = 2
lambda0 = 3.501084296647659
kmpl_prod = 0.180000000000000
 Time :      1.00000
 Time :      2.00000
 Time :      3.01000
 Time :      4.01000
 Time :      5.01000
 Time :      6.01000
 Time :      7.01000
 Time :      8.01000
 Time :      9.01000
 Time :     10.01000
 Time :     11.01000
 Time :     12.01000
 Time :     13.01000
 Time :     14.01000
 Time :     15.01000
 Time :     16.01000
 Time :     17.01000
 Time :     18.00000
 Time :     19.00000
 Time :     20.00000
 Time :     21.00000
 Time :     22.00000
 Time :     23.00000
 Time :     24.00000
 Time :     25.00000
 Time :     26.00000
 Time :     27.00000
 Time :     28.00000
 Time :     29.00000
 Time :     30.00000
 Time :     31.00000
 Time :     32.00000
 Time :     33.00000
 Time :     34.00000
 Time :     35.00000
dtime = 5.112062394618988
mbcr =

   0.500000000000000   0.505918740813533

agsout =

   1.071449970512459e-02   1.071449970512455e-02
   1.059977574722976e-02   1.059977574722983e-02

ans = 3.935746357160046e-21
ans = -9.252564451031138e-21
nbcr = 2
lambda0 = 3.501084296647659
kmpl_prod = 0.180000000000000
 Time :      1.00000
 Time :      2.00000
 Time :      3.01000
 Time :      4.01000
 Time :      5.01000
 Time :      6.01000
 Time :      7.01000
 Time :      8.01000
 Time :      9.01000
 Time :     10.01000
 Time :     11.01000
 Time :     12.01000
 Time :     13.01000
 Time :     14.01000
 Time :     15.01000
 Time :     16.01000
 Time :     17.01000
 Time :     18.00000
 Time :     19.00000
 Time :     20.00000
 Time :     21.00000
 Time :     22.00000
 Time :     23.00000
 Time :     24.00000
 Time :     25.00000
 Time :     26.00000
 Time :     27.00000
 Time :     28.00000
 Time :     29.00000
 Time :     30.00000
 Time :     31.00000
 Time :     32.00000
 Time :     33.00000
 Time :     34.00000
 Time :     35.00000
dtime = 5.355714261531830
mbcr =

   0.500000000000000   0.505918740813533   0.666437070944188

agsout =

   1.071449970512459e-02   1.071449970512455e-02
   1.059977574722976e-02   1.059977574722983e-02
   5.013390313279840e-03   5.013390313279823e-03

ans = -2.132006330067144e-21
ans = -1.290207885126656e-21
nbcr = 2
lambda0 = 3.501084296647659
kmpl_prod = 0.180000000000000
 Time :      1.00000
 Time :      2.00000
 Time :      3.01000
 Time :      4.01000
 Time :      5.01000
 Time :      6.01000
 Time :      7.01000
 Time :      8.01000
 Time :      9.01000
 Time :     10.01000
 Time :     11.01000
 Time :     12.01000
 Time :     13.01000
 Time :     14.01000
 Time :     15.01000
 Time :     16.01000
 Time :     17.01000
 Time :     18.00000
 Time :     19.00000
 Time :     20.00000
 Time :     21.00000
 Time :     22.00000
 Time :     23.00000
 Time :     24.00000
 Time :     25.00000
 Time :     26.00000
 Time :     27.00000
 Time :     28.00000
 Time :     29.00000
 Time :     30.00000
 Time :     31.00000
 Time :     32.00000
 Time :     33.00000
 Time :     34.00000
 Time :     35.00000
dtime = 5.284159630537033
mbcr =

   0.500000000000000   0.505918740813533   0.666437070944188   0.740212592185530

agsout =

   1.071449970512459e-02   1.071449970512455e-02
   1.059977574722976e-02   1.059977574722983e-02
   5.013390313279840e-03   5.013390313279823e-03
   1.994072017184256e-03   1.994072017184238e-03

ans = 7.600135468137218e-21
ans = -8.158650402672437e-21
nbcr = 2
lambda0 = 3.501084296647659
kmpl_prod = 0.180000000000000
 Time :      1.00000
 Time :      2.00000
 Time :      3.01000
 Time :      4.01000
 Time :      5.01000
 Time :      6.01000
 Time :      7.01000
 Time :      8.01000
 Time :      9.01000
 Time :     10.01000
 Time :     11.01000
 Time :     12.01000
 Time :     13.01000
 Time :     14.01000
 Time :     15.01000
 Time :     16.01000
 Time :     17.01000
 Time :     18.00000
 Time :     19.00000
 Time :     20.00000
 Time :     21.00000
 Time :     22.00000
 Time :     23.00000
 Time :     24.00000
 Time :     25.00000
 Time :     26.00000
 Time :     27.00000
 Time :     28.00000
 Time :     29.00000
 Time :     30.00000
 Time :     31.00000
 Time :     32.00000
 Time :     33.00000
 Time :     34.00000
 Time :     35.00000
dtime = 5.318740010261536
mbcr =

 Columns 1 through 4:

   0.500000000000000   0.505918740813533   0.666437070944188   0.740212592185530

 Column 5:

   0.759872384327359

agsout =

   1.071449970512459e-02   1.071449970512455e-02
   1.059977574722976e-02   1.059977574722983e-02
   5.013390313279840e-03   5.013390313279823e-03
   1.994072017184256e-03   1.994072017184238e-03
   1.176906374796142e-03   1.176906374796115e-03

ans = 9.026194844178638e-21
ans = 9.564960841589153e-21
nbcr = 2
lambda0 = 3.501084296647659
kmpl_prod = 0.180000000000000
 Time :      1.00000
 Time :      2.00000
 Time :      3.01000
 Time :      4.01000
 Time :      5.01000
 Time :      6.01000
 Time :      7.01000
 Time :      8.01000
 Time :      9.01000
 Time :     10.01000
 Time :     11.01000
 Time :     12.01000
 Time :     13.01000
 Time :     14.01000
 Time :     15.01000
 Time :     16.01000
 Time :     17.01000
 Time :     18.00000
 Time :     19.00000
 Time :     20.00000
 Time :     21.00000
 Time :     22.00000
 Time :     23.00000
 Time :     24.00000
 Time :     25.00000
 Time :     26.00000
 Time :     27.00000
 Time :     28.00000
 Time :     29.00000
 Time :     30.00000
 Time :     31.00000
 Time :     32.00000
 Time :     33.00000
 Time :     34.00000
 Time :     35.00000
dtime = 5.310069769620895
mbcr =

 Columns 1 through 4:

   0.500000000000000   0.505918740813533   0.666437070944188   0.740212592185530

 Columns 5 and 6:

   0.759872384327359   0.745953883790601

agsout =

   1.071449970512459e-02   1.071449970512455e-02
   1.059977574722976e-02   1.059977574722983e-02
   5.013390313279840e-03   5.013390313279823e-03
   1.994072017184256e-03   1.994072017184238e-03
   1.176906374796142e-03   1.176906374796115e-03
   1.670404373930639e-03   1.670404373930612e-03

ans = 2.948071703138991e-21
ans = 1.421031668880746e-20
dkps =

 Columns 1 through 3:

   1.758250961973192e+02   2.174267960511360e+01   2.546278132550795e+01

 Columns 4 through 6:

   7.595992919625883e+00   3.296920676328030e+01   1.408014568511238e+00

nbcr = 3
lambda0 = 3.501084296647659
kmpl_prod = 0.180000000000000
 Time :      1.00000
 Time :      2.00000
 Time :      3.01000
 Time :      4.01000
 Time :      5.01000
 Time :      6.01000
 Time :      7.01000
 Time :      8.01000
 Time :      9.01000
 Time :     10.01000
 Time :     11.01000
 Time :     12.01000
 Time :     13.01000
 Time :     14.01000
 Time :     15.01000
 Time :     16.01000
 Time :     17.01000
 Time :     18.00000
 Time :     19.00000
 Time :     20.00000
 Time :     21.00000
 Time :     22.00000
 Time :     23.00000
 Time :     24.00000
 Time :     25.00000
 Time :     26.00000
 Time :     27.00000
 Time :     28.00000
 Time :     29.00000
 Time :     30.00000
 Time :     31.00000
 Time :     32.00000
 Time :     33.00000
 Time :     34.00000
 Time :     35.00000
dtime = 12.90853992104530
mbcr = 0.333333333333333
agsout =

   8.291246921948960e-03   8.291246921948903e-03   8.291246921948933e-03

ans = 9.742409662233817e-21
ans = 9.380615887263468e-21
ans = -7.833400400877172e-22
nbcr = 3
lambda0 = 3.501084296647659
kmpl_prod = 0.180000000000000
 Time :      1.00000
 Time :      2.00000
 Time :      3.01000
 Time :      4.01000
 Time :      5.01000
 Time :      6.01000
 Time :      7.01000
 Time :      8.01000
 Time :      9.01000
 Time :     10.01000
 Time :     11.01000
 Time :     12.01000
 Time :     13.01000
 Time :     14.01000
 Time :     15.01000
 Time :     16.01000
 Time :     17.01000
 Time :     18.00000
 Time :     19.00000
 Time :     20.00000
 Time :     21.00000
 Time :     22.00000
 Time :     23.00000
 Time :     24.00000
 Time :     25.00000
 Time :     26.00000
 Time :     27.00000
 Time :     28.00000
 Time :     29.00000
 Time :     30.00000
 Time :     31.00000
 Time :     32.00000
 Time :     33.00000
 Time :     34.00000
 Time :     35.00000
dtime = 12.56496906280518
mbcr =

   0.333333333333333   0.358370647444690

agsout =

   8.291246921948960e-03   8.291246921948903e-03   8.291246921948933e-03
   7.841906629533255e-03   7.841906629533237e-03   7.841906629533258e-03

ans = 2.833869079818388e-22
ans = -7.564463304220869e-21
ans = 2.600836791625715e-21
nbcr = 3
lambda0 = 3.501084296647659
kmpl_prod = 0.180000000000000
 Time :      1.00000
 Time :      2.00000
 Time :      3.01000
 Time :      4.01000
 Time :      5.01000
 Time :      6.01000
 Time :      7.01000
 Time :      8.01000
 Time :      9.01000
 Time :     10.01000
 Time :     11.01000
 Time :     12.01000
 Time :     13.01000
 Time :     14.01000
 Time :     15.01000
 Time :     16.01000
 Time :     17.01000
 Time :     18.00000
 Time :     19.00000
 Time :     20.00000
 Time :     21.00000
 Time :     22.00000
 Time :     23.00000
 Time :     24.00000
 Time :     25.00000
 Time :     26.00000
 Time :     27.00000
 Time :     28.00000
 Time :     29.00000
 Time :     30.00000
 Time :     31.00000
 Time :     32.00000
 Time :     33.00000
 Time :     34.00000
 Time :     35.00000
dtime = 12.42701970040798
mbcr =

   0.333333333333333   0.358370647444690   0.535757997317703

agsout =

   8.291246921948960e-03   8.291246921948903e-03   8.291246921948933e-03
   7.841906629533255e-03   7.841906629533237e-03   7.841906629533258e-03
   4.402424316547371e-03   4.402424316547457e-03   4.402424316547412e-03

ans = 6.997120801586061e-21
ans = -1.866455504043480e-21
ans = -1.868109865268586e-21
nbcr = 3
lambda0 = 3.501084296647659
kmpl_prod = 0.180000000000000
 Time :      1.00000
 Time :      2.00000
 Time :      3.01000
 Time :      4.01000
 Time :      5.01000
 Time :      6.01000
 Time :      7.01000
 Time :      8.01000
 Time :      9.01000
 Time :     10.01000
 Time :     11.01000
 Time :     12.01000
 Time :     13.01000
 Time :     14.01000
 Time :     15.01000
 Time :     16.01000
 Time :     17.01000
 Time :     18.00000
 Time :     19.00000
 Time :     20.00000
 Time :     21.00000
 Time :     22.00000
 Time :     23.00000
 Time :     24.00000
 Time :     25.00000
 Time :     26.00000
 Time :     27.00000
 Time :     28.00000
 Time :     29.00000
 Time :     30.00000
 Time :     31.00000
 Time :     32.00000
 Time :     33.00000
 Time :     34.00000
 Time :     35.00000
dtime = 12.52389103174210
mbcr =

   0.333333333333333   0.358370647444690   0.535757997317703   0.562574247514024

agsout =

   8.291246921948960e-03   8.291246921948903e-03   8.291246921948933e-03
   7.841906629533255e-03   7.841906629533237e-03   7.841906629533258e-03
   4.402424316547371e-03   4.402424316547457e-03   4.402424316547412e-03
   3.747786438481568e-03   3.747786438481565e-03   3.747786438481544e-03

ans = -5.921579210113987e-21
ans = 1.069198150149558e-20
ans = 7.296715279695111e-21
nbcr = 3
lambda0 = 3.501084296647659
kmpl_prod = 0.180000000000000
 Time :      1.00000
 Time :      2.00000
 Time :      3.01000
 Time :      4.01000
 Time :      5.01000
 Time :      6.01000
 Time :      7.01000
 Time :      8.01000
 Time :      9.01000
 Time :     10.01000
 Time :     11.01000
 Time :     12.01000
 Time :     13.01000
 Time :     14.01000
 Time :     15.01000
 Time :     16.01000
 Time :     17.01000
 Time :     18.00000
 Time :     19.00000
 Time :     20.00000
 Time :     21.00000
 Time :     22.00000
 Time :     23.00000
 Time :     24.00000
 Time :     25.00000
 Time :     26.00000
 Time :     27.00000
 Time :     28.00000
 Time :     29.00000
 Time :     30.00000
 Time :     31.00000
 Time :     32.00000
 Time :     33.00000
 Time :     34.00000
 Time :     35.00000
dtime = 12.38622330129147
mbcr =

 Columns 1 through 4:

   0.333333333333333   0.358370647444690   0.535757997317703   0.562574247514024

 Column 5:

   0.622295665047327

agsout =

   8.291246921948960e-03   8.291246921948903e-03   8.291246921948933e-03
   7.841906629533255e-03   7.841906629533237e-03   7.841906629533258e-03
   4.402424316547371e-03   4.402424316547457e-03   4.402424316547412e-03
   3.747786438481568e-03   3.747786438481565e-03   3.747786438481544e-03
   2.182345783195709e-03   2.182345783195708e-03   2.182345783195750e-03

ans = 2.444318710094197e-21
ans = 3.149826224419503e-21
ans = -2.366770527667350e-22
nbcr = 3
lambda0 = 3.501084296647659
kmpl_prod = 0.180000000000000
 Time :      1.00000
 Time :      2.00000
 Time :      3.01000
 Time :      4.01000
 Time :      5.01000
 Time :      6.01000
 Time :      7.01000
 Time :      8.01000
 Time :      9.01000
 Time :     10.01000
 Time :     11.01000
 Time :     12.01000
 Time :     13.01000
 Time :     14.01000
 Time :     15.01000
 Time :     16.01000
 Time :     17.01000
 Time :     18.00000
 Time :     19.00000
 Time :     20.00000
 Time :     21.00000
 Time :     22.00000
 Time :     23.00000
 Time :     24.00000
 Time :     25.00000
 Time :     26.00000
 Time :     27.00000
 Time :     28.00000
 Time :     29.00000
 Time :     30.00000
 Time :     31.00000
 Time :     32.00000
 Time :     33.00000
 Time :     34.00000
 Time :     35.00000
dtime = 11.73900291323662
mbcr =

 Columns 1 through 4:

   0.333333333333333   0.358370647444690   0.535757997317703   0.562574247514024

 Columns 5 and 6:

   0.622295665047327   0.585277399839467

agsout =

   8.291246921948960e-03   8.291246921948903e-03   8.291246921948933e-03
   7.841906629533255e-03   7.841906629533237e-03   7.841906629533258e-03
   4.402424316547371e-03   4.402424316547457e-03   4.402424316547412e-03
   3.747786438481568e-03   3.747786438481565e-03   3.747786438481544e-03
   2.182345783195709e-03   2.182345783195708e-03   2.182345783195750e-03
   3.100630882272999e-03   3.100630882273058e-03   3.100630882272949e-03

ans = 4.521162433061711e-21
ans = 1.004016317880380e-21
ans = 1.004843498492933e-21
dkps =

 Columns 1 through 3:

   9.363798276112192e+00   7.325507951059828e+01   4.003203463811516e+00

 Columns 4 through 6:

   1.902587656610002e+01   1.538113856913489e+01   5.346423247374297e-01

nbcr = 4
lambda0 = 3.501084296647659
kmpl_prod = 0.180000000000000
 Time :      1.00000
 Time :      2.00000
 Time :      3.01000
 Time :      4.01000
 Time :      5.01000
 Time :      6.01000
 Time :      7.01000
 Time :      8.01000
 Time :      9.01000
 Time :     10.01000
 Time :     11.01000
 Time :     12.01000
 Time :     13.01000
 Time :     14.01000
 Time :     15.01000
 Time :     16.01000
 Time :     17.01000
 Time :     18.00000
 Time :     19.00000
 Time :     20.00000
 Time :     21.00000
 Time :     22.00000
 Time :     23.00000
 Time :     24.00000
 Time :     25.00000
 Time :     26.00000
 Time :     27.00000
 Time :     28.00000
 Time :     29.00000
 Time :     30.00000
 Time :     31.00000
 Time :     32.00000
 Time :     33.00000
 Time :     34.00000
 Time :     35.00000
dtime = 18.53301152586937
mbcr = 0.250000000000000
agsout =

 Columns 1 through 3:

   7.111158578391398e-03   7.111158578391355e-03   7.111158578391386e-03

 Column 4:

   7.111158578391386e-03

ans = 1.071523303152656e-20
ans = 1.579922724794526e-20
ans = 9.027228819944329e-21
ans = 9.027228819944329e-21
nbcr = 4
lambda0 = 3.501084296647659
kmpl_prod = 0.180000000000000
 Time :      1.00000
 Time :      2.00000
 Time :      3.01000
 Time :      4.01000
 Time :      5.01000
 Time :      6.01000
 Time :      7.01000
 Time :      8.01000
 Time :      9.01000
 Time :     10.01000
 Time :     11.01000
 Time :     12.01000
 Time :     13.01000
 Time :     14.01000
 Time :     15.01000
 Time :     16.01000
 Time :     17.01000
 Time :     18.00000
 Time :     19.00000
 Time :     20.00000
 Time :     21.00000
 Time :     22.00000
 Time :     23.00000
 Time :     24.00000
 Time :     25.00000
 Time :     26.00000
 Time :     27.00000
 Time :     28.00000
 Time :     29.00000
 Time :     30.00000
 Time :     31.00000
 Time :     32.00000
 Time :     33.00000
 Time :     34.00000
 Time :     35.00000
dtime = 18.74517090618610
mbcr =

   0.250000000000000   0.504506588051622

agsout =

 Columns 1 through 3:

   7.111158578391398e-03   7.111158578391355e-03   7.111158578391386e-03
   3.220958845615863e-03   3.220958845615809e-03   3.220958845615872e-03

 Column 4:

   7.111158578391386e-03
   3.220958845615824e-03

ans = 4.618976540496107e-21
ans = -1.292666162509587e-20
ans = -2.765574980494479e-21
ans = -6.153396576781973e-21
nbcr = 4
lambda0 = 3.501084296647659
kmpl_prod = 0.180000000000000
 Time :      1.00000
 Time :      2.00000
 Time :      3.01000
 Time :      4.01000
 Time :      5.01000
 Time :      6.01000
 Time :      7.01000
 Time :      8.01000
 Time :      9.01000
 Time :     10.01000
 Time :     11.01000
 Time :     12.01000
 Time :     13.01000
 Time :     14.01000
 Time :     15.01000
 Time :     16.01000
 Time :     17.01000
 Time :     18.00000
 Time :     19.00000
 Time :     20.00000
 Time :     21.00000
 Time :     22.00000
 Time :     23.00000
 Time :     24.00000
 Time :     25.00000
 Time :     26.00000
 Time :     27.00000
 Time :     28.00000
 Time :     29.00000
 Time :     30.00000
 Time :     31.00000
 Time :     32.00000
 Time :     33.00000
 Time :     34.00000
 Time :     35.00000
dtime = 18.82715597748756
mbcr =

   0.250000000000000   0.504506588051622   0.447094613420601

agsout =

 Columns 1 through 3:

   7.111158578391398e-03   7.111158578391355e-03   7.111158578391386e-03
   3.220958845615863e-03   3.220958845615809e-03   3.220958845615872e-03
   4.222816567989972e-03   4.222816567990072e-03   4.222816567990071e-03

 Column 4:

   7.111158578391386e-03
   3.220958845615824e-03
   4.222816567990062e-03

ans = -1.429057905761924e-21
ans = -4.720668057051844e-21
ans = 2.058232159185071e-21
ans = 5.444606189400597e-21
nbcr = 4
lambda0 = 3.501084296647659
kmpl_prod = 0.180000000000000
 Time :      1.00000
 Time :      2.00000
 Time :      3.01000
 Time :      4.01000
 Time :      5.01000
 Time :      6.01000
 Time :      7.01000
 Time :      8.01000
 Time :      9.01000
 Time :     10.01000
 Time :     11.01000
 Time :     12.01000
 Time :     13.01000
 Time :     14.01000
 Time :     15.01000
 Time :     16.01000
 Time :     17.01000
 Time :     18.00000
 Time :     19.00000
 Time :     20.00000
 Time :     21.00000
 Time :     22.00000
 Time :     23.00000
 Time :     24.00000
 Time :     25.00000
 Time :     26.00000
 Time :     27.00000
 Time :     28.00000
 Time :     29.00000
 Time :     30.00000
 Time :     31.00000
 Time :     32.00000
 Time :     33.00000
 Time :     34.00000
 Time :     35.00000
dtime = 18.43347474932671
mbcr =

   0.250000000000000   0.504506588051622   0.447094613420601   0.579842679751217

agsout =

 Columns 1 through 3:

   7.111158578391398e-03   7.111158578391355e-03   7.111158578391386e-03
   3.220958845615863e-03   3.220958845615809e-03   3.220958845615872e-03
   4.222816567989972e-03   4.222816567990072e-03   4.222816567990071e-03
   1.680131656892091e-03   1.680131656892176e-03   1.680131656892176e-03

 Column 4:

   7.111158578391386e-03
   3.220958845615824e-03
   4.222816567990062e-03
   1.680131656892176e-03

ans = 3.577556149291845e-21
ans = 2.618569476007321e-21
ans = 2.618802120554601e-21
ans = 2.618672873583890e-21
nbcr = 4
lambda0 = 3.501084296647659
kmpl_prod = 0.180000000000000
 Time :      1.00000
 Time :      2.00000
 Time :      3.01000
 Time :      4.01000
 Time :      5.01000
 Time :      6.01000
 Time :      7.01000
 Time :      8.01000
 Time :      9.01000
 Time :     10.01000
 Time :     11.01000
 Time :     12.01000
 Time :     13.01000
 Time :     14.01000
 Time :     15.01000
 Time :     16.01000
 Time :     17.01000
 Time :     18.00000
 Time :     19.00000
 Time :     20.00000
 Time :     21.00000
 Time :     22.00000
 Time :     23.00000
 Time :     24.00000
 Time :     25.00000
 Time :     26.00000
 Time :     27.00000
 Time :     28.00000
 Time :     29.00000
 Time :     30.00000
 Time :     31.00000
 Time :     32.00000
 Time :     33.00000
 Time :     34.00000
 Time :     35.00000
dtime = 18.66419166326523
mbcr =

 Columns 1 through 4:

   0.250000000000000   0.504506588051622   0.447094613420601   0.579842679751217

 Column 5:

   0.554683164480155

agsout =

 Columns 1 through 3:

   7.111158578391398e-03   7.111158578391355e-03   7.111158578391386e-03
   3.220958845615863e-03   3.220958845615809e-03   3.220958845615872e-03
   4.222816567989972e-03   4.222816567990072e-03   4.222816567990071e-03
   1.680131656892091e-03   1.680131656892176e-03   1.680131656892176e-03
   2.169775452381882e-03   2.169775452381896e-03   2.169775452381881e-03

 Column 4:

   7.111158578391386e-03
   3.220958845615824e-03
   4.222816567990062e-03
   1.680131656892176e-03
   2.169775452381881e-03

ans = -1.407034221952700e-21
ans = 4.766628279836822e-21
ans = 4.772625339277831e-21
ans = 4.772625339277831e-21
nbcr = 4
lambda0 = 3.501084296647659
kmpl_prod = 0.180000000000000
 Time :      1.00000
 Time :      2.00000
 Time :      3.01000
 Time :      4.01000
 Time :      5.01000
 Time :      6.01000
 Time :      7.01000
 Time :      8.01000
 Time :      9.01000
 Time :     10.01000
 Time :     11.01000
 Time :     12.01000
 Time :     13.01000
 Time :     14.01000
 Time :     15.01000
 Time :     16.01000
 Time :     17.01000
 Time :     18.00000
 Time :     19.00000
 Time :     20.00000
 Time :     21.00000
 Time :     22.00000
 Time :     23.00000
 Time :     24.00000
 Time :     25.00000
 Time :     26.00000
 Time :     27.00000
 Time :     28.00000
 Time :     29.00000
 Time :     30.00000
 Time :     31.00000
 Time :     32.00000
 Time :     33.00000
 Time :     34.00000
 Time :     35.00000
dtime = 18.58708485960960
mbcr =

 Columns 1 through 4:

   0.250000000000000   0.504506588051622   0.447094613420601   0.579842679751217

 Columns 5 and 6:

   0.554683164480155   0.553574973409831

agsout =

 Columns 1 through 3:

   7.111158578391398e-03   7.111158578391355e-03   7.111158578391386e-03
   3.220958845615863e-03   3.220958845615809e-03   3.220958845615872e-03
   4.222816567989972e-03   4.222816567990072e-03   4.222816567990071e-03
   1.680131656892091e-03   1.680131656892176e-03   1.680131656892176e-03
   2.169775452381882e-03   2.169775452381896e-03   2.169775452381881e-03
   2.228140097675003e-03   2.228140097674967e-03   2.228140097675004e-03

 Column 4:

   7.111158578391386e-03
   3.220958845615824e-03
   4.222816567990062e-03
   1.680131656892176e-03
   2.169775452381881e-03
   2.228140097674939e-03

ans = 8.943476782923335e-21
ans = -4.962980277741597e-21
ans = 1.816385227589880e-21
ans = -1.571074477179622e-21
dkps =

 Columns 1 through 3:

   1.554895746919838e+00   8.149704413642672e+00   4.836846324983017e+00

 Columns 4 through 6:

   6.355971214435750e+01   1.437841848595528e+00   1.286193575648489e+01

nbcr = 5
lambda0 = 3.501084296647659
kmpl_prod = 0.180000000000000
 Time :      1.00000
 Time :      2.00000
 Time :      3.01000
 Time :      4.01000
 Time :      5.01000
 Time :      6.01000
 Time :      7.01000
 Time :      8.01000
 Time :      9.01000
 Time :     10.01000
 Time :     11.01000
 Time :     12.01000
 Time :     13.01000
 Time :     14.01000
 Time :     15.01000
 Time :     16.01000
 Time :     17.01000
 Time :     18.00000
 Time :     19.00000
 Time :     20.00000
 Time :     21.00000
 Time :     22.00000
 Time :     23.00000
 Time :     24.00000
 Time :     25.00000
 Time :     26.00000
 Time :     27.00000
 Time :     28.00000
 Time :     29.00000
 Time :     30.00000
 Time :     31.00000
 Time :     32.00000
 Time :     33.00000
 Time :     34.00000
 Time :     35.00000
dtime = 23.23928251862526
mbcr = 0.200000000000000
agsout =

 Columns 1 through 3:

   6.412471217994505e-03   6.412471217994479e-03   6.412471217994676e-03

 Columns 4 and 5:

   6.412471217994509e-03   6.412471217994673e-03

ans = 3.382121804879121e-21
ans = 5.035461978916556e-22
ans = -2.879777603815081e-21
ans = 5.045284748690623e-22
ans = -2.880708182004203e-21
nbcr = 5
lambda0 = 3.501084296647659
kmpl_prod = 0.180000000000000
 Time :      1.00000
 Time :      2.00000
 Time :      3.01000
 Time :      4.01000
 Time :      5.01000
 Time :      6.01000
 Time :      7.01000
 Time :      8.01000
 Time :      9.01000
 Time :     10.01000
 Time :     11.01000
 Time :     12.01000
 Time :     13.01000
 Time :     14.01000
 Time :     15.01000
 Time :     16.01000
 Time :     17.01000
 Time :     18.00000
 Time :     19.00000
 Time :     20.00000
 Time :     21.00000
 Time :     22.00000
 Time :     23.00000
 Time :     24.00000
 Time :     25.00000
 Time :     26.00000
 Time :     27.00000
 Time :     28.00000
 Time :     29.00000
 Time :     30.00000
 Time :     31.00000
 Time :     32.00000
 Time :     33.00000
 Time :     34.00000
 Time :     35.00000
dtime = 23.67125563323498
mbcr =

   0.200000000000000   0.543854710150721

agsout =

 Columns 1 through 3:

   6.412471217994505e-03   6.412471217994479e-03   6.412471217994676e-03
   1.218904832352483e-03   1.218904832352488e-03   1.218904832352467e-03

 Columns 4 and 5:

   6.412471217994509e-03   6.412471217994673e-03
   1.218904832352475e-03   1.218904832352445e-03

ans = 1.383045984188662e-21
ans = 4.955664899199331e-21
ans = 8.343641591851679e-21
ans = 4.956724724359165e-21
ans = 8.343615742457536e-21
nbcr = 5
lambda0 = 3.501084296647659
kmpl_prod = 0.180000000000000
 Time :      1.00000
 Time :      2.00000
 Time :      3.01000
 Time :      4.01000
 Time :      5.01000
 Time :      6.01000
 Time :      7.01000
 Time :      8.01000
 Time :      9.01000
 Time :     10.01000
 Time :     11.01000
 Time :     12.01000
 Time :     13.01000
 Time :     14.01000
 Time :     15.01000
 Time :     16.01000
 Time :     17.01000
 Time :     18.00000
 Time :     19.00000
 Time :     20.00000
 Time :     21.00000
 Time :     22.00000
 Time :     23.00000
 Time :     24.00000
 Time :     25.00000
 Time :     26.00000
 Time :     27.00000
 Time :     28.00000
 Time :     29.00000
 Time :     30.00000
 Time :     31.00000
 Time :     32.00000
 Time :     33.00000
 Time :     34.00000
 Time :     35.00000
dtime = 23.56520108878613
mbcr =

   0.200000000000000   0.543854710150721   0.559048662689163

agsout =

 Columns 1 through 3:

   6.412471217994505e-03   6.412471217994479e-03   6.412471217994676e-03
   1.218904832352483e-03   1.218904832352488e-03   1.218904832352467e-03
   1.258417202953493e-03   1.258417202953520e-03   1.258417202953536e-03

 Columns 4 and 5:

   6.412471217994509e-03   6.412471217994673e-03
   1.218904832352475e-03   1.218904832352445e-03
   1.258417202953549e-03   1.258417202953548e-03

ans = 6.968169480146705e-21
ans = 1.195330268866824e-20
ans = 8.564343719038483e-21
ans = 8.566411670569866e-21
ans = 8.566411670569866e-21
nbcr = 5
lambda0 = 3.501084296647659
kmpl_prod = 0.180000000000000
 Time :      1.00000
 Time :      2.00000
 Time :      3.01000
 Time :      4.01000
 Time :      5.01000
 Time :      6.01000
 Time :      7.01000
 Time :      8.01000
 Time :      9.01000
 Time :     10.01000
 Time :     11.01000
 Time :     12.01000
 Time :     13.01000
 Time :     14.01000
 Time :     15.01000
 Time :     16.01000
 Time :     17.01000
 Time :     18.00000
 Time :     19.00000
 Time :     20.00000
 Time :     21.00000
 Time :     22.00000
 Time :     23.00000
 Time :     24.00000
 Time :     25.00000
 Time :     26.00000
 Time :     27.00000
 Time :     28.00000
 Time :     29.00000
 Time :     30.00000
 Time :     31.00000
 Time :     32.00000
 Time :     33.00000
 Time :     34.00000
 Time :     35.00000
dtime = 23.94421733915806
mbcr =

   0.200000000000000   0.543854710150721   0.559048662689163   0.569151219442181

agsout =

 Columns 1 through 3:

   6.412471217994505e-03   6.412471217994479e-03   6.412471217994676e-03
   1.218904832352483e-03   1.218904832352488e-03   1.218904832352467e-03
   1.258417202953493e-03   1.258417202953520e-03   1.258417202953536e-03
   1.037021428181898e-03   1.037021428181941e-03   1.037021428181853e-03

 Columns 4 and 5:

   6.412471217994509e-03   6.412471217994673e-03
   1.218904832352475e-03   1.218904832352445e-03
   1.258417202953549e-03   1.258417202953548e-03
   1.037021428181951e-03   1.037021428181853e-03

ans = 5.373365259144468e-21
ans = 1.126451973235299e-20
ans = 1.465426710850408e-20
ans = 1.126561833160404e-20
ans = 1.126499794614462e-20
nbcr = 5
lambda0 = 3.501084296647659
kmpl_prod = 0.180000000000000
 Time :      1.00000
 Time :      2.00000
 Time :      3.01000
 Time :      4.01000
 Time :      5.01000
 Time :      6.01000
 Time :      7.01000
 Time :      8.01000
 Time :      9.01000
 Time :     10.01000
 Time :     11.01000
 Time :     12.01000
 Time :     13.01000
 Time :     14.01000
 Time :     15.01000
 Time :     16.01000
 Time :     17.01000
 Time :     18.00000
 Time :     19.00000
 Time :     20.00000
 Time :     21.00000
 Time :     22.00000
 Time :     23.00000
 Time :     24.00000
 Time :     25.00000
 Time :     26.00000
 Time :     27.00000
 Time :     28.00000
 Time :     29.00000
 Time :     30.00000
 Time :     31.00000
 Time :     32.00000
 Time :     33.00000
 Time :     34.00000
 Time :     35.00000
dtime = 23.50298054516315
mbcr =

 Columns 1 through 4:

   0.200000000000000   0.543854710150721   0.559048662689163   0.569151219442181

 Column 5:

   0.465618727549547

agsout =

 Columns 1 through 3:

   6.412471217994505e-03   6.412471217994479e-03   6.412471217994676e-03
   1.218904832352483e-03   1.218904832352488e-03   1.218904832352467e-03
   1.258417202953493e-03   1.258417202953520e-03   1.258417202953536e-03
   1.037021428181898e-03   1.037021428181941e-03   1.037021428181853e-03
   3.069375831681094e-03   3.069375831681080e-03   3.069375831681105e-03

 Columns 4 and 5:

   6.412471217994509e-03   6.412471217994673e-03
   1.218904832352475e-03   1.218904832352445e-03
   1.258417202953549e-03   1.258417202953548e-03
   1.037021428181951e-03   1.037021428181853e-03
   3.069375831681119e-03   3.069375831681122e-03

ans = 9.663537506150746e-22
ans = 7.915601474249629e-22
ans = 7.951273638165979e-22
ans = 7.989530741496556e-22
ans = 7.956443516994435e-22
nbcr = 5
lambda0 = 3.501084296647659
kmpl_prod = 0.180000000000000
 Time :      1.00000
 Time :      2.00000
 Time :      3.01000
 Time :      4.01000
 Time :      5.01000
 Time :      6.01000
 Time :      7.01000
 Time :      8.01000
 Time :      9.01000
 Time :     10.01000
 Time :     11.01000
 Time :     12.01000
 Time :     13.01000
 Time :     14.01000
 Time :     15.01000
 Time :     16.01000
 Time :     17.01000
 Time :     18.00000
 Time :     19.00000
 Time :     20.00000
 Time :     21.00000
 Time :     22.00000
 Time :     23.00000
 Time :     24.00000
 Time :     25.00000
 Time :     26.00000
 Time :     27.00000
 Time :     28.00000
 Time :     29.00000
 Time :     30.00000
 Time :     31.00000
 Time :     32.00000
 Time :     33.00000
 Time :     34.00000
 Time :     35.00000
dtime = 23.56400415301323
mbcr =

 Columns 1 through 4:

   0.200000000000000   0.543854710150721   0.559048662689163   0.569151219442181

 Columns 5 and 6:

   0.465618727549547   0.579458595184468

agsout =

 Columns 1 through 3:

   6.412471217994505e-03   6.412471217994479e-03   6.412471217994676e-03
   1.218904832352483e-03   1.218904832352488e-03   1.218904832352467e-03
   1.258417202953493e-03   1.258417202953520e-03   1.258417202953536e-03
   1.037021428181898e-03   1.037021428181941e-03   1.037021428181853e-03
   3.069375831681094e-03   3.069375831681080e-03   3.069375831681105e-03
   8.983178143679766e-04   8.983178143680006e-04   8.983178143679676e-04

 Columns 4 and 5:

   6.412471217994509e-03   6.412471217994673e-03
   1.218904832352475e-03   1.218904832352445e-03
   1.258417202953549e-03   1.258417202953548e-03
   1.037021428181951e-03   1.037021428181853e-03
   3.069375831681119e-03   3.069375831681122e-03
   8.983178143680192e-04   8.983178143679720e-04

ans = 2.739622188775628e-21
ans = -2.917091204259466e-21
ans = 4.715963467317949e-22
ans = 4.716868196112929e-22
ans = 4.719711629468580e-22
dkps =

 Columns 1 through 3:

   3.053930627038094e+00   3.300626347330805e+01   5.133810306859154e+00

 Columns 4 through 6:

   1.575408884941513e+00   9.718380088404116e+00   6.211773197551066e+00

nbcr = 7
lambda0 = 3.501084296647659
kmpl_prod = 0.180000000000000
 Time :      1.00000
 Time :      2.00000
 Time :      3.01000
 Time :      4.01000
 Time :      5.01000
 Time :      6.01000
 Time :      7.01000
 Time :      8.01000
 Time :      9.01000
 Time :     10.01000
 Time :     11.01000
 Time :     12.01000
 Time :     13.01000
 Time :     14.01000
 Time :     15.01000
 Time :     16.01000
 Time :     17.01000
 Time :     18.00000
 Time :     19.00000
 Time :     20.00000
 Time :     21.00000
 Time :     22.00000
 Time :     23.00000
 Time :     24.00000
 Time :     25.00000
 Time :     26.00000
 Time :     27.00000
 Time :     28.00000
 Time :     29.00000
 Time :     30.00000
 Time :     31.00000
 Time :     32.00000
 Time :     33.00000
 Time :     34.00000
 Time :     35.00000
dtime = 32.82727114856243
mbcr = 0.142857142857143
agsout =

 Columns 1 through 3:

   5.620669024814049e-03   5.620669024814032e-03   5.620669024814062e-03

 Columns 4 through 6:

   5.620669024814092e-03   5.620669024814003e-03   5.620669024814083e-03

 Column 7:

   5.620669024814048e-03

ans = -1.371568853189489e-22
ans = 1.019251950787841e-20
ans = 6.802216369753254e-21
ans = 1.020110150673364e-20
ans = 1.020410003645415e-20
ans = 1.019830977216628e-20
ans = 3.424837928699242e-21
nbcr = 7
lambda0 = 3.501084296647659
kmpl_prod = 0.180000000000000
 Time :      1.00000
 Time :      2.00000
 Time :      3.01000
 Time :      4.01000
 Time :      5.01000
 Time :      6.01000
 Time :      7.01000
 Time :      8.01000
 Time :      9.01000
 Time :     10.01000
 Time :     11.01000
 Time :     12.01000
 Time :     13.01000
 Time :     14.01000
 Time :     15.01000
 Time :     16.01000
 Time :     17.01000
 Time :     18.00000
 Time :     19.00000
 Time :     20.00000
 Time :     21.00000
 Time :     22.00000
 Time :     23.00000
 Time :     24.00000
 Time :     25.00000
 Time :     26.00000
 Time :     27.00000
 Time :     28.00000
 Time :     29.00000
 Time :     30.00000
 Time :     31.00000
 Time :     32.00000
 Time :     33.00000
 Time :     34.00000
 Time :     35.00000
dtime = 33.03632251918316
mbcr =

   0.142857142857143   0.475583491255119

agsout =

 Columns 1 through 3:

   5.620669024814049e-03   5.620669024814032e-03   5.620669024814062e-03
   1.531793449225860e-03   1.531793449225882e-03   1.531793449225836e-03

 Columns 4 through 6:

   5.620669024814092e-03   5.620669024814003e-03   5.620669024814083e-03
   1.531793449225885e-03   1.531793449225841e-03   1.531793449225881e-03

 Column 7:

   5.620669024814048e-03
   1.531793449225875e-03

ans = -3.341809674714232e-22
ans = 6.907526801488911e-21
ans = 1.030093186691114e-20
ans = 1.029912240932118e-20
ans = 3.525805662218996e-21
ans = 1.334862713507448e-22
ans = 6.908767572407741e-21
nbcr = 7
lambda0 = 3.501084296647659
kmpl_prod = 0.180000000000000
 Time :      1.00000
 Time :      2.00000
 Time :      3.01000
 Time :      4.01000
 Time :      5.01000
 Time :      6.01000
 Time :      7.01000
 Time :      8.01000
 Time :      9.01000
 Time :     10.01000
 Time :     11.01000
 Time :     12.01000
 Time :     13.01000
 Time :     14.01000
 Time :     15.01000
 Time :     16.01000
 Time :     17.01000
 Time :     18.00000
 Time :     19.00000
 Time :     20.00000
 Time :     21.00000
 Time :     22.00000
 Time :     23.00000
 Time :     24.00000
 Time :     25.00000
 Time :     26.00000
 Time :     27.00000
 Time :     28.00000
 Time :     29.00000
 Time :     30.00000
 Time :     31.00000
 Time :     32.00000
 Time :     33.00000
 Time :     34.00000
 Time :     35.00000
dtime = 32.92072266340256
mbcr =

   0.142857142857143   0.475583491255119   0.441685490945715

agsout =

 Columns 1 through 3:

   5.620669024814049e-03   5.620669024814032e-03   5.620669024814062e-03
   1.531793449225860e-03   1.531793449225882e-03   1.531793449225836e-03
   2.350470373205021e-03   2.350470373204966e-03   2.350470373205034e-03

 Columns 4 through 6:

   5.620669024814092e-03   5.620669024814003e-03   5.620669024814083e-03
   1.531793449225885e-03   1.531793449225841e-03   1.531793449225881e-03
   2.350470373204996e-03   2.350470373204996e-03   2.350470373204983e-03

 Column 7:

   5.620669024814048e-03
   1.531793449225875e-03
   2.350470373204977e-03

ans = 4.034987028033669e-21
ans = 5.123453316576884e-21
ans = 5.128519797828772e-21
ans = 1.189170358242718e-20
ans = 1.189170358242718e-20
ans = 8.519443321413339e-21
ans = 1.189625307579622e-20
nbcr = 7
lambda0 = 3.501084296647659
kmpl_prod = 0.180000000000000
 Time :      1.00000
 Time :      2.00000
 Time :      3.01000
 Time :      4.01000
 Time :      5.01000
 Time :      6.01000
 Time :      7.01000
 Time :      8.01000
 Time :      9.01000
 Time :     10.01000
 Time :     11.01000
 Time :     12.01000
 Time :     13.01000
 Time :     14.01000
 Time :     15.01000
 Time :     16.01000
 Time :     17.01000
 Time :     18.00000
 Time :     19.00000
 Time :     20.00000
 Time :     21.00000
 Time :     22.00000
 Time :     23.00000
 Time :     24.00000
 Time :     25.00000
 Time :     26.00000
 Time :     27.00000
 Time :     28.00000
 Time :     29.00000
 Time :     30.00000
 Time :     31.00000
 Time :     32.00000
 Time :     33.00000
 Time :     34.00000
 Time :     35.00000
dtime = 32.89658278226852
mbcr =

   0.142857142857143   0.475583491255119   0.441685490945715   0.502339697919933

agsout =

 Columns 1 through 3:

   5.620669024814049e-03   5.620669024814032e-03   5.620669024814062e-03
   1.531793449225860e-03   1.531793449225882e-03   1.531793449225836e-03
   2.350470373205021e-03   2.350470373204966e-03   2.350470373205034e-03
   1.423020384278816e-03   1.423020384278797e-03   1.423020384278799e-03

 Columns 4 through 6:

   5.620669024814092e-03   5.620669024814003e-03   5.620669024814083e-03
   1.531793449225885e-03   1.531793449225841e-03   1.531793449225881e-03
   2.350470373204996e-03   2.350470373204996e-03   2.350470373204983e-03
   1.423020384278792e-03   1.423020384278732e-03   1.423020384278732e-03

 Column 7:

   5.620669024814048e-03
   1.531793449225875e-03
   2.350470373204977e-03
   1.423020384278730e-03

ans = 8.463712027642579e-21
ans = -6.274423440156138e-21
ans = -6.271373211647348e-21
ans = -6.279231427466602e-21
ans = -6.275302319556975e-21
ans = 4.989450057343294e-22
ans = -2.888566397823457e-21
nbcr = 7
lambda0 = 3.501084296647659
kmpl_prod = 0.180000000000000
 Time :      1.00000
 Time :      2.00000
 Time :      3.01000
 Time :      4.01000
 Time :      5.01000
 Time :      6.01000
 Time :      7.01000
 Time :      8.01000
 Time :      9.01000
 Time :     10.01000
 Time :     11.01000
 Time :     12.01000
 Time :     13.01000
 Time :     14.01000
 Time :     15.01000
 Time :     16.01000
 Time :     17.01000
 Time :     18.00000
 Time :     19.00000
 Time :     20.00000
 Time :     21.00000
 Time :     22.00000
 Time :     23.00000
 Time :     24.00000
 Time :     25.00000
 Time :     26.00000
 Time :     27.00000
 Time :     28.00000
 Time :     29.00000
 Time :     30.00000
 Time :     31.00000
 Time :     32.00000
 Time :     33.00000
 Time :     34.00000
 Time :     35.00000
dtime = 34.83761027455330
mbcr =

 Columns 1 through 4:

   0.142857142857143   0.475583491255119   0.441685490945715   0.502339697919933

 Column 5:

   0.552574940900193

agsout =

 Columns 1 through 3:

   5.620669024814049e-03   5.620669024814032e-03   5.620669024814062e-03
   1.531793449225860e-03   1.531793449225882e-03   1.531793449225836e-03
   2.350470373205021e-03   2.350470373204966e-03   2.350470373205034e-03
   1.423020384278816e-03   1.423020384278797e-03   1.423020384278799e-03
   5.510795476988469e-04   5.510795476988296e-04   5.510795476988473e-04

 Columns 4 through 6:

   5.620669024814092e-03   5.620669024814003e-03   5.620669024814083e-03
   1.531793449225885e-03   1.531793449225841e-03   1.531793449225881e-03
   2.350470373204996e-03   2.350470373204996e-03   2.350470373204983e-03
   1.423020384278792e-03   1.423020384278732e-03   1.423020384278732e-03
   5.510795476988524e-04   5.510795476987638e-04   5.510795476987491e-04

 Column 7:

   5.620669024814048e-03
   1.531793449225875e-03
   2.350470373204977e-03
   1.423020384278730e-03
   5.510795476987486e-04

ans = 1.127612611032287e-20
ans = 7.500654074780646e-21
ans = 4.112347802352984e-21
ans = 7.500376193793616e-21
ans = 7.501597577666839e-21
ans = 7.500893181676462e-21
ans = 7.501080589783993e-21
nbcr = 7
lambda0 = 3.501084296647659
kmpl_prod = 0.180000000000000
 Time :      1.00000
 Time :      2.00000
 Time :      3.01000
 Time :      4.01000
 Time :      5.01000
 Time :      6.01000
 Time :      7.01000
 Time :      8.01000
 Time :      9.01000
 Time :     10.01000
 Time :     11.01000
 Time :     12.01000
 Time :     13.01000
 Time :     14.01000
 Time :     15.01000
 Time :     16.01000
 Time :     17.01000
 Time :     18.00000
 Time :     19.00000
 Time :     20.00000
 Time :     21.00000
 Time :     22.00000
 Time :     23.00000
 Time :     24.00000
 Time :     25.00000
 Time :     26.00000
 Time :     27.00000
 Time :     28.00000
 Time :     29.00000
 Time :     30.00000
 Time :     31.00000
 Time :     32.00000
 Time :     33.00000
 Time :     34.00000
 Time :     35.00000
dtime = 32.87931270897388
mbcr =

 Columns 1 through 4:

   0.142857142857143   0.475583491255119   0.441685490945715   0.502339697919933

 Columns 5 and 6:

   0.552574940900193   0.519360338255052

agsout =

 Columns 1 through 3:

   5.620669024814049e-03   5.620669024814032e-03   5.620669024814062e-03
   1.531793449225860e-03   1.531793449225882e-03   1.531793449225836e-03
   2.350470373205021e-03   2.350470373204966e-03   2.350470373205034e-03
   1.423020384278816e-03   1.423020384278797e-03   1.423020384278799e-03
   5.510795476988469e-04   5.510795476988296e-04   5.510795476988473e-04
   1.009733486510192e-03   1.009733486510192e-03   1.009733486510174e-03

 Columns 4 through 6:

   5.620669024814092e-03   5.620669024814003e-03   5.620669024814083e-03
   1.531793449225885e-03   1.531793449225841e-03   1.531793449225881e-03
   2.350470373204996e-03   2.350470373204996e-03   2.350470373204983e-03
   1.423020384278792e-03   1.423020384278732e-03   1.423020384278732e-03
   5.510795476988524e-04   5.510795476987638e-04   5.510795476987491e-04
   1.009733486510109e-03   1.009733486510178e-03   1.009733486510095e-03

 Column 7:

   5.620669024814048e-03
   1.531793449225875e-03
   2.350470373204977e-03
   1.423020384278730e-03
   5.510795476987486e-04
   1.009733486510115e-03

ans = 5.601667108209103e-21
ans = -4.250415878815448e-22
ans = 9.741163236760019e-21
ans = -4.248864915166911e-22
ans = 2.965028905696328e-21
ans = -4.245245999986992e-22
ans = 2.964305122660344e-21
dkps =

 Columns 1 through 3:

   2.565641647778110e+00   4.335415184631139e+00   1.762803513979976e+01

 Columns 4 through 6:

   8.597740252325733e+01   4.916534618223006e+00   7.929774282998459e+01

nbcr = 10
lambda0 = 3.501084296647659
kmpl_prod = 0.180000000000000
 Time :      1.00000
 Time :      2.00000
 Time :      3.01000
 Time :      4.01000
 Time :      5.01000
 Time :      6.01000
 Time :      7.01000
 Time :      8.01000
 Time :      9.01000
 Time :     10.01000
 Time :     11.01000
 Time :     12.01000
 Time :     13.01000
 Time :     14.01000
 Time :     15.01000
 Time :     16.01000
 Time :     17.01000
 Time :     18.00000
 Time :     19.00000
 Time :     20.00000
 Time :     21.00000
 Time :     22.00000
 Time :     23.00000
 Time :     24.00000
 Time :     25.00000
 Time :     26.00000
 Time :     27.00000
 Time :     28.00000
 Time :     29.00000
 Time :     30.00000
 Time :     31.00000
 Time :     32.00000
 Time :     33.00000
 Time :     34.00000
 Time :     35.00000
dtime = 47.18811661005020
mbcr = 0.100000000000000
agsout =

 Columns 1 through 3:

   5.029430349229995e-03   5.029430349229977e-03   5.029430349229972e-03

 Columns 4 through 6:

   5.029430349229999e-03   5.029430349230004e-03   5.029430349229964e-03

 Columns 7 through 9:

   5.029430349230032e-03   5.029430349229953e-03   5.029430349229961e-03

 Column 10:

   5.029430349230035e-03

ans = 6.411787120628225e-21
ans = 1.573607717805566e-21
ans = -1.814524071211635e-21
ans = 1.566783477752004e-21
ans = -1.815868239707034e-21
ans = 1.600697882866678e-21
ans = -1.801185783834218e-21
ans = 1.588807161561228e-21
ans = 1.566576682598865e-21
ans = 1.574124705688412e-21
nbcr = 10
lambda0 = 3.501084296647659
kmpl_prod = 0.180000000000000
 Time :      1.00000
 Time :      2.00000
 Time :      3.01000
 Time :      4.01000
 Time :      5.01000
 Time :      6.01000
 Time :      7.01000
 Time :      8.01000
 Time :      9.01000
 Time :     10.01000
 Time :     11.01000
 Time :     12.01000
 Time :     13.01000
 Time :     14.01000
 Time :     15.01000
 Time :     16.01000
 Time :     17.01000
 Time :     18.00000
 Time :     19.00000
 Time :     20.00000
 Time :     21.00000
 Time :     22.00000
 Time :     23.00000
 Time :     24.00000
 Time :     25.00000
 Time :     26.00000
 Time :     27.00000
 Time :     28.00000
 Time :     29.00000
 Time :     30.00000
 Time :     31.00000
 Time :     32.00000
 Time :     33.00000
 Time :     34.00000
 Time :     35.00000
dtime = 48.23432900011539
mbcr =

   0.100000000000000   0.441323395509163

agsout =

 Columns 1 through 3:

   5.029430349229995e-03   5.029430349229977e-03   5.029430349229972e-03
   1.322448791175469e-03   1.322448791175385e-03   1.322448791175482e-03

 Columns 4 through 6:

   5.029430349229999e-03   5.029430349230004e-03   5.029430349229964e-03
   1.322448791175398e-03   1.322448791175400e-03   1.322448791175458e-03

 Columns 7 through 9:

   5.029430349230032e-03   5.029430349229953e-03   5.029430349229961e-03
   1.322448791175457e-03   1.322448791175383e-03   1.322448791175379e-03

 Column 10:

   5.029430349230035e-03
   1.322448791175426e-03

ans = -1.402898318889935e-21
ans = 1.726998022645868e-21
ans = 5.114406028627086e-21
ans = 1.729531263271812e-21
ans = 1.729117672965535e-21
ans = 5.116990968041314e-21
ans = 5.118231738960143e-21
ans = 5.112389775883988e-21
ans = 5.117042666829598e-21
ans = 1.727928600834990e-21
nbcr = 10
lambda0 = 3.501084296647659
kmpl_prod = 0.180000000000000
 Time :      1.00000
 Time :      2.00000
 Time :      3.01000
 Time :      4.01000
 Time :      5.01000
 Time :      6.01000
 Time :      7.01000
 Time :      8.01000
 Time :      9.01000
 Time :     10.01000
 Time :     11.01000
 Time :     12.01000
 Time :     13.01000
 Time :     14.01000
 Time :     15.01000
 Time :     16.01000
 Time :     17.01000
 Time :     18.00000
 Time :     19.00000
 Time :     20.00000
 Time :     21.00000
 Time :     22.00000
 Time :     23.00000
 Time :     24.00000
 Time :     25.00000
 Time :     26.00000
 Time :     27.00000
 Time :     28.00000
 Time :     29.00000
 Time :     30.00000
 Time :     31.00000
 Time :     32.00000
 Time :     33.00000
 Time :     34.00000
 Time :     35.00000
dtime = 50.23739598691463
mbcr =

   0.100000000000000   0.441323395509163   0.490387184292695

agsout =

 Columns 1 through 3:

   5.029430349229995e-03   5.029430349229977e-03   5.029430349229972e-03
   1.322448791175469e-03   1.322448791175385e-03   1.322448791175482e-03
   9.278997525839012e-04   9.278997525839253e-04   9.278997525838776e-04

 Columns 4 through 6:

   5.029430349229999e-03   5.029430349230004e-03   5.029430349229964e-03
   1.322448791175398e-03   1.322448791175400e-03   1.322448791175458e-03
   9.278997525839388e-04   9.278997525839537e-04   9.278997525838724e-04

 Columns 7 through 9:

   5.029430349230032e-03   5.029430349229953e-03   5.029430349229961e-03
   1.322448791175457e-03   1.322448791175383e-03   1.322448791175379e-03
   9.278997525839067e-04   9.278997525839433e-04   9.278997525839093e-04

 Column 10:

   5.029430349230035e-03
   1.322448791175426e-03
   9.278997525838536e-04

ans = -1.396280873989511e-21
ans = -3.077680565368393e-21
ans = -3.082876293590992e-21
ans = -3.084504805421956e-21
ans = -9.859217419807821e-21
ans = -3.081015137212748e-21
ans = -3.081635522672162e-21
ans = -3.083005540561703e-21
ans = -3.080162107206052e-21
ans = -3.084168763298106e-21
nbcr = 10
lambda0 = 3.501084296647659
kmpl_prod = 0.180000000000000
 Time :      1.00000
 Time :      2.00000
 Time :      3.01000
 Time :      4.01000
 Time :      5.01000
 Time :      6.01000
 Time :      7.01000
 Time :      8.01000
 Time :      9.01000
 Time :     10.01000
 Time :     11.01000
 Time :     12.01000
 Time :     13.01000
 Time :     14.01000
 Time :     15.01000
 Time :     16.01000
 Time :     17.01000
 Time :     18.00000
 Time :     19.00000
 Time :     20.00000
 Time :     21.00000
 Time :     22.00000
 Time :     23.00000
 Time :     24.00000
 Time :     25.00000
 Time :     26.00000
 Time :     27.00000
 Time :     28.00000
 Time :     29.00000
 Time :     30.00000
 Time :     31.00000
 Time :     32.00000
 Time :     33.00000
 Time :     34.00000
 Time :     35.00000
dtime = 47.16501273214817
mbcr =

   0.100000000000000   0.441323395509163   0.490387184292695   0.450617020972925

agsout =

 Columns 1 through 3:

   5.029430349229995e-03   5.029430349229977e-03   5.029430349229972e-03
   1.322448791175469e-03   1.322448791175385e-03   1.322448791175482e-03
   9.278997525839012e-04   9.278997525839253e-04   9.278997525838776e-04
   1.462490630550373e-03   1.462490630550361e-03   1.462490630550318e-03

 Columns 4 through 6:

   5.029430349229999e-03   5.029430349230004e-03   5.029430349229964e-03
   1.322448791175398e-03   1.322448791175400e-03   1.322448791175458e-03
   9.278997525839388e-04   9.278997525839537e-04   9.278997525838724e-04
   1.462490630550370e-03   1.462490630550371e-03   1.462490630550371e-03

 Columns 7 through 9:

   5.029430349230032e-03   5.029430349229953e-03   5.029430349229961e-03
   1.322448791175457e-03   1.322448791175383e-03   1.322448791175379e-03
   9.278997525839067e-04   9.278997525839433e-04   9.278997525839093e-04
   1.462490630550402e-03   1.462490630550323e-03   1.462490630550323e-03

 Column 10:

   5.029430349230035e-03
   1.322448791175426e-03
   9.278997525838536e-04
   1.462490630550323e-03

ans = -2.041481751780872e-21
ans = 3.813199226292888e-21
ans = 4.202594499652226e-22
ans = 7.200297039544399e-21
ans = 7.205260123219717e-21
ans = 3.815267177824271e-21
ans = 4.235681724154347e-22
ans = 7.203554063206326e-21
ans = 7.203554063206326e-21
ans = 7.203554063206326e-21
nbcr = 10
lambda0 = 3.501084296647659
kmpl_prod = 0.180000000000000
 Time :      1.00000
 Time :      2.00000
 Time :      3.01000
 Time :      4.01000
 Time :      5.01000
 Time :      6.01000
 Time :      7.01000
 Time :      8.01000
 Time :      9.01000
 Time :     10.01000
 Time :     11.01000
 Time :     12.01000
 Time :     13.01000
 Time :     14.01000
 Time :     15.01000
 Time :     16.01000
 Time :     17.01000
 Time :     18.00000
 Time :     19.00000
 Time :     20.00000
 Time :     21.00000
 Time :     22.00000
 Time :     23.00000
 Time :     24.00000
 Time :     25.00000
 Time :     26.00000
 Time :     27.00000
 Time :     28.00000
 Time :     29.00000
 Time :     30.00000
 Time :     31.00000
 Time :     32.00000
 Time :     33.00000
 Time :     34.00000
 Time :     35.00000
dtime = 47.73371815681458
mbcr =

 Columns 1 through 4:

   0.100000000000000   0.441323395509163   0.490387184292695   0.450617020972925

 Column 5:

   0.309713358028434

agsout =

 Columns 1 through 3:

   5.029430349229995e-03   5.029430349229977e-03   5.029430349229972e-03
   1.322448791175469e-03   1.322448791175385e-03   1.322448791175482e-03
   9.278997525839012e-04   9.278997525839253e-04   9.278997525838776e-04
   1.462490630550373e-03   1.462490630550361e-03   1.462490630550318e-03
   3.537087821144264e-03   3.537087821144213e-03   3.537087821144295e-03

 Columns 4 through 6:

   5.029430349229999e-03   5.029430349230004e-03   5.029430349229964e-03
   1.322448791175398e-03   1.322448791175400e-03   1.322448791175458e-03
   9.278997525839388e-04   9.278997525839537e-04   9.278997525838724e-04
   1.462490630550370e-03   1.462490630550371e-03   1.462490630550371e-03
   3.537087821144308e-03   3.537087821144204e-03   3.537087821144212e-03

 Columns 7 through 9:

   5.029430349230032e-03   5.029430349229953e-03   5.029430349229961e-03
   1.322448791175457e-03   1.322448791175383e-03   1.322448791175379e-03
   9.278997525839067e-04   9.278997525839433e-04   9.278997525839093e-04
   1.462490630550402e-03   1.462490630550323e-03   1.462490630550323e-03
   3.537087821144230e-03   3.537087821144232e-03   3.537087821144206e-03

 Column 10:

   5.029430349230035e-03
   1.322448791175426e-03
   9.278997525838536e-04
   1.462490630550323e-03
   3.537087821144213e-03

ans = -2.154598700547499e-21
ans = 1.133981901748946e-20
ans = 7.958718263678956e-21
ans = 4.563969029761330e-21
ans = 1.473622261263219e-20
ans = 4.568725318283510e-21
ans = 7.971642960750097e-21
ans = 7.970091997101560e-21
ans = 7.952721204237946e-21
ans = 1.134333453509281e-20
nbcr = 10
lambda0 = 3.501084296647659
kmpl_prod = 0.180000000000000
 Time :      1.00000
 Time :      2.00000
 Time :      3.01000
 Time :      4.01000
 Time :      5.01000
 Time :      6.01000
 Time :      7.01000
 Time :      8.01000
 Time :      9.01000
 Time :     10.01000
 Time :     11.01000
 Time :     12.01000
 Time :     13.01000
 Time :     14.01000
 Time :     15.01000
 Time :     16.01000
 Time :     17.01000
 Time :     18.00000
 Time :     19.00000
 Time :     20.00000
 Time :     21.00000
 Time :     22.00000
 Time :     23.00000
 Time :     24.00000
 Time :     25.00000
 Time :     26.00000
 Time :     27.00000
 Time :     28.00000
 Time :     29.00000
 Time :     30.00000
 Time :     31.00000
 Time :     32.00000
 Time :     33.00000
 Time :     34.00000
 Time :     35.00000
dtime = 45.26687376201153
mbcr =

 Columns 1 through 4:

   0.100000000000000   0.441323395509163   0.490387184292695   0.450617020972925

 Columns 5 and 6:

   0.309713358028434   0.445691076369611

agsout =

 Columns 1 through 3:

   5.029430349229995e-03   5.029430349229977e-03   5.029430349229972e-03
   1.322448791175469e-03   1.322448791175385e-03   1.322448791175482e-03
   9.278997525839012e-04   9.278997525839253e-04   9.278997525838776e-04
   1.462490630550373e-03   1.462490630550361e-03   1.462490630550318e-03
   3.537087821144264e-03   3.537087821144213e-03   3.537087821144295e-03
   1.616311068774399e-03   1.616311068774433e-03   1.616311068774403e-03

 Columns 4 through 6:

   5.029430349229999e-03   5.029430349230004e-03   5.029430349229964e-03
   1.322448791175398e-03   1.322448791175400e-03   1.322448791175458e-03
   9.278997525839388e-04   9.278997525839537e-04   9.278997525838724e-04
   1.462490630550370e-03   1.462490630550371e-03   1.462490630550371e-03
   3.537087821144308e-03   3.537087821144204e-03   3.537087821144212e-03
   1.616311068774405e-03   1.616311068774414e-03   1.616311068774368e-03

 Columns 7 through 9:

   5.029430349230032e-03   5.029430349229953e-03   5.029430349229961e-03
   1.322448791175457e-03   1.322448791175383e-03   1.322448791175379e-03
   9.278997525839067e-04   9.278997525839433e-04   9.278997525839093e-04
   1.462490630550402e-03   1.462490630550323e-03   1.462490630550323e-03
   3.537087821144230e-03   3.537087821144232e-03   3.537087821144206e-03
   1.616311068774391e-03   1.616311068774431e-03   1.616311068774445e-03

 Column 10:

   5.029430349230035e-03
   1.322448791175426e-03
   9.278997525838536e-04
   1.462490630550323e-03
   3.537087821144213e-03
   1.616311068774391e-03

ans = -2.814895624517953e-21
ans = 1.077930075490821e-20
ans = 7.385792291909415e-21
ans = 1.416634686937144e-20
ans = 1.077847357429566e-20
ans = 7.391892748926994e-21
ans = 1.077687091185884e-20
ans = 1.078178229674587e-20
ans = 1.078126530886302e-20
ans = 1.077614712882285e-20
dkps =

 Columns 1 through 3:

   1.005178017092054e+02   3.049694955007588e+01   1.283803131774002e+01

 Columns 4 through 6:

   1.584467845720934e+01   8.589139272808306e-01   4.638365341187722e+00

nbcr = 15
lambda0 = 3.501084296647659
kmpl_prod = 0.180000000000000
 Time :      1.00000
 Time :      2.00000
 Time :      3.01000
 Time :      4.01000
 Time :      5.01000
 Time :      6.01000
 Time :      7.01000
 Time :      8.01000
 Time :      9.01000
 Time :     10.01000
 Time :     11.01000
 Time :     12.01000
 Time :     13.01000
 Time :     14.01000
 Time :     15.01000
 Time :     16.01000
 Time :     17.01000
 Time :     18.00000
 Time :     19.00000
 Time :     20.00000
 Time :     21.00000
 Time :     22.00000
 Time :     23.00000
 Time :     24.00000
 Time :     25.00000
 Time :     26.00000
 Time :     27.00000
 Time :     28.00000
 Time :     29.00000
 Time :     30.00000
 Time :     31.00000
 Time :     32.00000
 Time :     33.00000
 Time :     34.00000
 Time :     35.00000
dtime = 73.11040610074997
mbcr = 6.666666666666668e-02
agsout =

 Columns 1 through 3:

   4.569552949878814e-03   4.569552949878831e-03   4.569552949878833e-03

 Columns 4 through 6:

   4.569552949878796e-03   4.569552949878840e-03   4.569552949878881e-03

 Columns 7 through 9:

   4.569552949878880e-03   4.569552949878877e-03   4.569552949878877e-03

 Columns 10 through 12:

   4.569552949878822e-03   4.569552949878877e-03   4.569552949878876e-03

 Columns 13 through 15:

   4.569552949878876e-03   4.569552949878882e-03   4.569552949878877e-03

ans = -5.903484634214389e-21
ans = 7.093694138101627e-21
ans = 3.702046831481075e-21
ans = 3.699358494490278e-21
ans = 7.090799005957691e-21
ans = 7.076530140391152e-21
ans = 3.023345138881316e-22
ans = 3.693361435049269e-21
ans = 3.688398351373950e-21
ans = 3.698738109030863e-21
ans = 7.081493224066470e-21
ans = 3.693361435049269e-21
ans = 3.688398351373950e-21
ans = 7.078184501616258e-21
ans = 7.081493224066470e-21
nbcr = 15
lambda0 = 3.501084296647659
kmpl_prod = 0.180000000000000
 Time :      1.00000
 Time :      2.00000
 Time :      3.01000
 Time :      4.01000
 Time :      5.01000
 Time :      6.01000
 Time :      7.01000
 Time :      8.01000
 Time :      9.01000
 Time :     10.01000
 Time :     11.01000
 Time :     12.01000
 Time :     13.01000
 Time :     14.01000
 Time :     15.01000
 Time :     16.01000
 Time :     17.01000
 Time :     18.00000
 Time :     19.00000
 Time :     20.00000
 Time :     21.00000
 Time :     22.00000
 Time :     23.00000
 Time :     24.00000
 Time :     25.00000
 Time :     26.00000
 Time :     27.00000
 Time :     28.00000
 Time :     29.00000
 Time :     30.00000
 Time :     31.00000
 Time :     32.00000
 Time :     33.00000
 Time :     34.00000
 Time :     35.00000
dtime = 72.17798307538033
mbcr =

   6.666666666666668e-02   1.711337565431573e-01

agsout =

 Columns 1 through 3:

   4.569552949878814e-03   4.569552949878831e-03   4.569552949878833e-03
   3.819567490990373e-03   3.819567490990386e-03   3.819567490990388e-03

 Columns 4 through 6:

   4.569552949878796e-03   4.569552949878840e-03   4.569552949878881e-03
   3.819567490990340e-03   3.819567490990355e-03   3.819567490990423e-03

 Columns 7 through 9:

   4.569552949878880e-03   4.569552949878877e-03   4.569552949878877e-03
   3.819567490990411e-03   3.819567490990427e-03   3.819567490990350e-03

 Columns 10 through 12:

   4.569552949878822e-03   4.569552949878877e-03   4.569552949878876e-03
   3.819567490990381e-03   3.819567490990406e-03   3.819567490990323e-03

 Columns 13 through 15:

   4.569552949878876e-03   4.569552949878882e-03   4.569552949878877e-03
   3.819567490990322e-03   3.819567490990367e-03   3.819567490990406e-03

ans = -3.836050090714666e-21
ans = -2.547716286663325e-22
ans = -2.440182807031432e-22
ans = -3.650554838349649e-21
ans = -3.638974309773907e-21
ans = 3.149903772601929e-21
ans = -3.632563660026621e-21
ans = -2.402959679466545e-22
ans = -3.631943274567206e-21
ans = 3.143906713160920e-21
ans = -7.010769281693186e-21
ans = -3.624498649054229e-21
ans = -3.633804430945451e-21
ans = -3.644144188602363e-21
ans = 3.139357219791878e-21
nbcr = 15
lambda0 = 3.501084296647659
kmpl_prod = 0.180000000000000
 Time :      1.00000
 Time :      2.00000
 Time :      3.01000
 Time :      4.01000
 Time :      5.01000
 Time :      6.01000
 Time :      7.01000
 Time :      8.01000
 Time :      9.01000
 Time :     10.01000
 Time :     11.01000
 Time :     12.01000
 Time :     13.01000
 Time :     14.01000
 Time :     15.01000
 Time :     16.01000
 Time :     17.01000
 Time :     18.00000
 Time :     19.00000
 Time :     20.00000
 Time :     21.00000
 Time :     22.00000
 Time :     23.00000
 Time :     24.00000
 Time :     25.00000
 Time :     26.00000
 Time :     27.00000
 Time :     28.00000
 Time :     29.00000
 Time :     30.00000
 Time :     31.00000
 Time :     32.00000
 Time :     33.00000
 Time :     34.00000
 Time :     35.00000
dtime = 72.62497320771217
mbcr =

   6.666666666666668e-02   1.711337565431573e-01   3.195379422027780e-01

agsout =

 Columns 1 through 3:

   4.569552949878814e-03   4.569552949878831e-03   4.569552949878833e-03
   3.819567490990373e-03   3.819567490990386e-03   3.819567490990388e-03
   2.745740073981952e-03   2.745740073981936e-03   2.745740073981898e-03

 Columns 4 through 6:

   4.569552949878796e-03   4.569552949878840e-03   4.569552949878881e-03
   3.819567490990340e-03   3.819567490990355e-03   3.819567490990423e-03
   2.745740073981941e-03   2.745740073981977e-03   2.745740073981930e-03

 Columns 7 through 9:

   4.569552949878880e-03   4.569552949878877e-03   4.569552949878877e-03
   3.819567490990411e-03   3.819567490990427e-03   3.819567490990350e-03
   2.745740073981921e-03   2.745740073981942e-03   2.745740073981962e-03

 Columns 10 through 12:

   4.569552949878822e-03   4.569552949878877e-03   4.569552949878876e-03
   3.819567490990381e-03   3.819567490990406e-03   3.819567490990323e-03
   2.745740073981892e-03   2.745740073981922e-03   2.745740073981900e-03

 Columns 13 through 15:

   4.569552949878876e-03   4.569552949878882e-03   4.569552949878877e-03
   3.819567490990322e-03   3.819567490990367e-03   3.819567490990406e-03
   2.745740073981889e-03   2.745740073981990e-03   2.745740073981903e-03

ans = -1.349131579073988e-21
ans = 1.104399855092518e-20
ans = 1.103831168421388e-20
ans = 1.105806062133858e-20
ans = 8.696770165229395e-22
ans = 7.654625990989149e-21
ans = 4.268562153503330e-21
ans = 7.654625990989149e-21
ans = 1.442127359440262e-20
ans = 1.103944905755614e-20
ans = 4.280246079655642e-21
ans = 1.442685706353736e-20
ans = 7.661967218925557e-21
ans = 7.646043992133911e-21
ans = 1.105040920067247e-20
nbcr = 15
lambda0 = 3.501084296647659
kmpl_prod = 0.180000000000000
 Time :      1.00000
 Time :      2.00000
 Time :      3.01000
 Time :      4.01000
 Time :      5.01000
 Time :      6.01000
 Time :      7.01000
 Time :      8.01000
 Time :      9.01000
 Time :     10.01000
 Time :     11.01000
 Time :     12.01000
 Time :     13.01000
 Time :     14.01000
 Time :     15.01000
 Time :     16.01000
 Time :     17.01000
 Time :     18.00000
 Time :     19.00000
 Time :     20.00000
 Time :     21.00000
 Time :     22.00000
 Time :     23.00000
 Time :     24.00000
 Time :     25.00000
 Time :     26.00000
 Time :     27.00000
 Time :     28.00000
 Time :     29.00000
 Time :     30.00000
 Time :     31.00000
 Time :     32.00000
 Time :     33.00000
 Time :     34.00000
 Time :     35.00000
dtime = 71.82420305907726
mbcr =

 Columns 1 through 3:

   6.666666666666668e-02   1.711337565431573e-01   3.195379422027780e-01

 Column 4:

   3.845441713466291e-01

agsout =

 Columns 1 through 3:

   4.569552949878814e-03   4.569552949878831e-03   4.569552949878833e-03
   3.819567490990373e-03   3.819567490990386e-03   3.819567490990388e-03
   2.745740073981952e-03   2.745740073981936e-03   2.745740073981898e-03
   1.878806598670791e-03   1.878806598670861e-03   1.878806598670790e-03

 Columns 4 through 6:

   4.569552949878796e-03   4.569552949878840e-03   4.569552949878881e-03
   3.819567490990340e-03   3.819567490990355e-03   3.819567490990423e-03
   2.745740073981941e-03   2.745740073981977e-03   2.745740073981930e-03
   1.878806598670788e-03   1.878806598670832e-03   1.878806598670794e-03

 Columns 7 through 9:

   4.569552949878880e-03   4.569552949878877e-03   4.569552949878877e-03
   3.819567490990411e-03   3.819567490990427e-03   3.819567490990350e-03
   2.745740073981921e-03   2.745740073981942e-03   2.745740073981962e-03
   1.878806598670806e-03   1.878806598670847e-03   1.878806598670809e-03

 Columns 10 through 12:

   4.569552949878822e-03   4.569552949878877e-03   4.569552949878876e-03
   3.819567490990381e-03   3.819567490990406e-03   3.819567490990323e-03
   2.745740073981892e-03   2.745740073981922e-03   2.745740073981900e-03
   1.878806598670798e-03   1.878806598670860e-03   1.878806598670771e-03

 Columns 13 through 15:

   4.569552949878876e-03   4.569552949878882e-03   4.569552949878877e-03
   3.819567490990322e-03   3.819567490990367e-03   3.819567490990406e-03
   2.745740073981889e-03   2.745740073981990e-03   2.745740073981903e-03
   1.878806598670758e-03   1.878806598670772e-03   1.878806598670769e-03

ans = 6.990503356685637e-21
ans = 1.484685801956116e-21
ans = 1.165962772181777e-20
ans = 1.490579463820556e-21
ans = 8.261879958179640e-21
ans = 8.266532849125251e-21
ans = 4.882640360747384e-21
ans = 4.890084986260361e-21
ans = 1.485512982568669e-21
ans = 8.267670222467512e-21
ans = 4.872817590973317e-21
ans = 4.874885542504699e-21
ans = 1.165383745752990e-20
ans = 4.882743758323953e-21
ans = 1.491199849279971e-21
nbcr = 15
lambda0 = 3.501084296647659
kmpl_prod = 0.180000000000000
 Time :      1.00000
 Time :      2.00000
 Time :      3.01000
 Time :      4.01000
 Time :      5.01000
 Time :      6.01000
 Time :      7.01000
 Time :      8.01000
 Time :      9.01000
 Time :     10.01000
 Time :     11.01000
 Time :     12.01000
 Time :     13.01000
 Time :     14.01000
 Time :     15.01000
 Time :     16.01000
 Time :     17.01000
 Time :     18.00000
 Time :     19.00000
 Time :     20.00000
 Time :     21.00000
 Time :     22.00000
 Time :     23.00000
 Time :     24.00000
 Time :     25.00000
 Time :     26.00000
 Time :     27.00000
 Time :     28.00000
 Time :     29.00000
 Time :     30.00000
 Time :     31.00000
 Time :     32.00000
 Time :     33.00000
 Time :     34.00000
 Time :     35.00000
dtime = 72.26016931235790
mbcr =

 Columns 1 through 3:

   6.666666666666668e-02   1.711337565431573e-01   3.195379422027780e-01

 Columns 4 and 5:

   3.845441713466291e-01   3.905443414852521e-01

agsout =

 Columns 1 through 3:

   4.569552949878814e-03   4.569552949878831e-03   4.569552949878833e-03
   3.819567490990373e-03   3.819567490990386e-03   3.819567490990388e-03
   2.745740073981952e-03   2.745740073981936e-03   2.745740073981898e-03
   1.878806598670791e-03   1.878806598670861e-03   1.878806598670790e-03
   1.780096876838843e-03   1.780096876838938e-03   1.780096876838858e-03

 Columns 4 through 6:

   4.569552949878796e-03   4.569552949878840e-03   4.569552949878881e-03
   3.819567490990340e-03   3.819567490990355e-03   3.819567490990423e-03
   2.745740073981941e-03   2.745740073981977e-03   2.745740073981930e-03
   1.878806598670788e-03   1.878806598670832e-03   1.878806598670794e-03
   1.780096876838940e-03   1.780096876838919e-03   1.780096876838929e-03

 Columns 7 through 9:

   4.569552949878880e-03   4.569552949878877e-03   4.569552949878877e-03
   3.819567490990411e-03   3.819567490990427e-03   3.819567490990350e-03
   2.745740073981921e-03   2.745740073981942e-03   2.745740073981962e-03
   1.878806598670806e-03   1.878806598670847e-03   1.878806598670809e-03
   1.780096876838902e-03   1.780096876838841e-03   1.780096876838871e-03

 Columns 10 through 12:

   4.569552949878822e-03   4.569552949878877e-03   4.569552949878876e-03
   3.819567490990381e-03   3.819567490990406e-03   3.819567490990323e-03
   2.745740073981892e-03   2.745740073981922e-03   2.745740073981900e-03
   1.878806598670798e-03   1.878806598670860e-03   1.878806598670771e-03
   1.780096876838923e-03   1.780096876838853e-03   1.780096876838922e-03

 Columns 13 through 15:

   4.569552949878876e-03   4.569552949878882e-03   4.569552949878877e-03
   3.819567490990322e-03   3.819567490990367e-03   3.819567490990406e-03
   2.745740073981889e-03   2.745740073981990e-03   2.745740073981903e-03
   1.878806598670758e-03   1.878806598670772e-03   1.878806598670769e-03
   1.780096876838922e-03   1.780096876838924e-03   1.780096876838919e-03

ans = 6.054962083888163e-21
ans = -4.625180395090254e-21
ans = -1.220608391398561e-21
ans = -4.625593985396531e-21
ans = 2.152117158709840e-21
ans = 2.155632676313190e-21
ans = -4.616908588964724e-21
ans = -4.602329530668477e-21
ans = -4.603363506434168e-21
ans = -1.232705907857149e-21
ans = -1.211716199813616e-21
ans = 2.151600170826994e-21
ans = 2.149945809601888e-21
ans = 2.153357929628669e-21
ans = -1.236531618190207e-21
nbcr = 15
lambda0 = 3.501084296647659
kmpl_prod = 0.180000000000000
 Time :      1.00000
 Time :      2.00000
 Time :      3.01000
 Time :      4.01000
 Time :      5.01000
 Time :      6.01000
 Time :      7.01000
 Time :      8.01000
 Time :      9.01000
 Time :     10.01000
 Time :     11.01000
 Time :     12.01000
 Time :     13.01000
 Time :     14.01000
 Time :     15.01000
 Time :     16.01000
 Time :     17.01000
 Time :     18.00000
 Time :     19.00000
 Time :     20.00000
 Time :     21.00000
 Time :     22.00000
 Time :     23.00000
 Time :     24.00000
 Time :     25.00000
 Time :     26.00000
 Time :     27.00000
 Time :     28.00000
 Time :     29.00000
 Time :     30.00000
 Time :     31.00000
 Time :     32.00000
 Time :     33.00000
 Time :     34.00000
 Time :     35.00000
dtime = 63.72118927538395
mbcr =

 Columns 1 through 3:

   6.666666666666668e-02   1.711337565431573e-01   3.195379422027780e-01

 Columns 4 through 6:

   3.845441713466291e-01   3.905443414852521e-01   4.875027560965813e-01

agsout =

 Columns 1 through 3:

   4.569552949878814e-03   4.569552949878831e-03   4.569552949878833e-03
   3.819567490990373e-03   3.819567490990386e-03   3.819567490990388e-03
   2.745740073981952e-03   2.745740073981936e-03   2.745740073981898e-03
   1.878806598670791e-03   1.878806598670861e-03   1.878806598670790e-03
   1.780096876838843e-03   1.780096876838938e-03   1.780096876838858e-03
   4.188072390322904e-04   4.188072390323161e-04   4.188072390323407e-04

 Columns 4 through 6:

   4.569552949878796e-03   4.569552949878840e-03   4.569552949878881e-03
   3.819567490990340e-03   3.819567490990355e-03   3.819567490990423e-03
   2.745740073981941e-03   2.745740073981977e-03   2.745740073981930e-03
   1.878806598670788e-03   1.878806598670832e-03   1.878806598670794e-03
   1.780096876838940e-03   1.780096876838919e-03   1.780096876838929e-03
   4.188072390322927e-04   4.188072390322635e-04   4.188072390322872e-04

 Columns 7 through 9:

   4.569552949878880e-03   4.569552949878877e-03   4.569552949878877e-03
   3.819567490990411e-03   3.819567490990427e-03   3.819567490990350e-03
   2.745740073981921e-03   2.745740073981942e-03   2.745740073981962e-03
   1.878806598670806e-03   1.878806598670847e-03   1.878806598670809e-03
   1.780096876838902e-03   1.780096876838841e-03   1.780096876838871e-03
   4.188072390322598e-04   4.188072390322855e-04   4.188072390323114e-04

 Columns 10 through 12:

   4.569552949878822e-03   4.569552949878877e-03   4.569552949878876e-03
   3.819567490990381e-03   3.819567490990406e-03   3.819567490990323e-03
   2.745740073981892e-03   2.745740073981922e-03   2.745740073981900e-03
   1.878806598670798e-03   1.878806598670860e-03   1.878806598670771e-03
   1.780096876838923e-03   1.780096876838853e-03   1.780096876838922e-03
   4.188072390323244e-04   4.188072390323257e-04   4.188072390323059e-04

 Columns 13 through 15:

   4.569552949878876e-03   4.569552949878882e-03   4.569552949878877e-03
   3.819567490990322e-03   3.819567490990367e-03   3.819567490990406e-03
   2.745740073981889e-03   2.745740073981990e-03   2.745740073981903e-03
   1.878806598670758e-03   1.878806598670772e-03   1.878806598670769e-03
   1.780096876838922e-03   1.780096876838924e-03   1.780096876838919e-03
   4.188072390322509e-04   4.188072390322586e-04   4.188072390322500e-04

ans = 7.411538288475128e-22
ans = 5.122845855814541e-21
ans = 1.734739916191482e-21
ans = 8.510977644831742e-21
ans = 5.123052650967679e-21
ans = 5.123065575664750e-21
ans = 1.734552508083950e-21
ans = 5.123188360286926e-21
ans = 5.122910479299896e-21
ans = 5.122929866345503e-21
ans = 5.122774769980649e-21
ans = 5.123033263922072e-21
ans = 5.122755382935043e-21
ans = 1.734707604448804e-21
ans = 8.511022881271491e-21
