warning: function /home/surgeon/flu/amcode/perelson21/1d2agt/4paper/2submit/run.m shadows a core library function
warning: called from
    driver at line 1 column 1

lambda0 = 3.501084296647659
kmpl_prod = 0.180000000000000
dkps =

 Columns 1 through 3:

   3.989295710926026e+01   3.467107072696149e+00   4.350131416401879e+01

 Columns 4 through 6:

   8.900725007680316e+00   1.520906060662420e+02   9.901373883473710e+01

nbcr = 2
lambda0 = 3.501084296647659
kmpl_prod = 0.180000000000000
 Time :      1.00000
 Time :      2.00000
 Time :      3.01000
 Time :      4.01000
 Time :      5.01000
 Time :      6.01000
 Time :      7.01000
 Time :      8.01000
 Time :      9.01000
 Time :     10.01000
 Time :     11.01000
 Time :     12.01000
 Time :     13.01000
 Time :     14.01000
 Time :     15.01000
 Time :     16.01000
 Time :     17.01000
 Time :     18.00000
 Time :     19.00000
 Time :     20.00000
 Time :     21.00000
 Time :     22.00000
 Time :     23.00000
 Time :     24.00000
 Time :     25.00000
 Time :     26.00000
 Time :     27.00000
 Time :     28.00000
 Time :     29.00000
 Time :     30.00000
 Time :     31.00000
 Time :     32.00000
 Time :     33.00000
 Time :     34.00000
 Time :     35.00000
dtime = 5.009930580854416
mbcr = 4.621845811399619e-04
agsout =

   3.471328921842008e-01   1.835222705141552e-02

ans = 1.964033034458983e-20
ans = 5.010357370442998e-21
nbcr = 2
lambda0 = 3.501084296647659
kmpl_prod = 0.180000000000000
 Time :      1.00000
 Time :      2.00000
 Time :      3.01000
 Time :      4.01000
 Time :      5.01000
 Time :      6.01000
 Time :      7.01000
 Time :      8.01000
 Time :      9.01000
 Time :     10.01000
 Time :     11.01000
 Time :     12.01000
 Time :     13.01000
 Time :     14.01000
 Time :     15.01000
 Time :     16.01000
 Time :     17.01000
 Time :     18.00000
 Time :     19.00000
 Time :     20.00000
 Time :     21.00000
 Time :     22.00000
 Time :     23.00000
 Time :     24.00000
 Time :     25.00000
 Time :     26.00000
 Time :     27.00000
 Time :     28.00000
 Time :     29.00000
 Time :     30.00000
 Time :     31.00000
 Time :     32.00000
 Time :     33.00000
 Time :     34.00000
 Time :     35.00000
dtime = 5.021055042743683
mbcr =

   4.621845811399619e-04   3.858509091488789e-04

agsout =

   3.471328921842008e-01   1.835222705141552e-02
   3.474038611944507e-01   1.849918154165229e-02

ans = 7.669772221343588e-21
ans = 6.910221600828244e-22
nbcr = 2
lambda0 = 3.501084296647659
kmpl_prod = 0.180000000000000
 Time :      1.00000
 Time :      2.00000
 Time :      3.01000
 Time :      4.01000
 Time :      5.01000
 Time :      6.01000
 Time :      7.01000
 Time :      8.01000
 Time :      9.01000
 Time :     10.01000
 Time :     11.01000
 Time :     12.01000
 Time :     13.01000
 Time :     14.01000
 Time :     15.01000
 Time :     16.01000
 Time :     17.01000
 Time :     18.00000
 Time :     19.00000
 Time :     20.00000
 Time :     21.00000
 Time :     22.00000
 Time :     23.00000
 Time :     24.00000
 Time :     25.00000
 Time :     26.00000
 Time :     27.00000
 Time :     28.00000
 Time :     29.00000
 Time :     30.00000
 Time :     31.00000
 Time :     32.00000
 Time :     33.00000
 Time :     34.00000
 Time :     35.00000
dtime = 5.056540668010712
mbcr =

   4.621845811399619e-04   3.858509091488789e-04   3.198451296715409e-02

agsout =

   3.471328921842008e-01   1.835222705141552e-02
   3.474038611944507e-01   1.849918154165229e-02
   3.203743601039044e-01   1.803994155231946e-02

ans = 2.208901815291898e-21
ans = 8.175253791647451e-21
nbcr = 2
lambda0 = 3.501084296647659
kmpl_prod = 0.180000000000000
 Time :      1.00000
 Time :      2.00000
 Time :      3.01000
 Time :      4.01000
 Time :      5.01000
 Time :      6.01000
 Time :      7.01000
 Time :      8.01000
 Time :      9.01000
 Time :     10.01000
 Time :     11.01000
 Time :     12.01000
 Time :     13.01000
 Time :     14.01000
 Time :     15.01000
 Time :     16.01000
 Time :     17.01000
 Time :     18.00000
 Time :     19.00000
 Time :     20.00000
 Time :     21.00000
 Time :     22.00000
 Time :     23.00000
 Time :     24.00000
 Time :     25.00000
 Time :     26.00000
 Time :     27.00000
 Time :     28.00000
 Time :     29.00000
 Time :     30.00000
 Time :     31.00000
 Time :     32.00000
 Time :     33.00000
 Time :     34.00000
 Time :     35.00000
dtime = 5.010715126991272
mbcr =

 Columns 1 through 3:

   4.621845811399619e-04   3.858509091488789e-04   3.198451296715409e-02

 Column 4:

   1.309548481606225e-03

agsout =

   3.471328921842008e-01   1.835222705141552e-02
   3.474038611944507e-01   1.849918154165229e-02
   3.203743601039044e-01   1.803994155231946e-02
   3.465757744550120e-01   1.848515675193818e-02

ans = 6.433458000597085e-21
ans = -4.801522538548202e-21
nbcr = 2
lambda0 = 3.501084296647659
kmpl_prod = 0.180000000000000
 Time :      1.00000
 Time :      2.00000
 Time :      3.01000
 Time :      4.01000
 Time :      5.01000
 Time :      6.01000
 Time :      7.01000
 Time :      8.01000
 Time :      9.01000
 Time :     10.01000
 Time :     11.01000
 Time :     12.01000
 Time :     13.01000
 Time :     14.01000
 Time :     15.01000
 Time :     16.01000
 Time :     17.01000
 Time :     18.00000
 Time :     19.00000
 Time :     20.00000
 Time :     21.00000
 Time :     22.00000
 Time :     23.00000
 Time :     24.00000
 Time :     25.00000
 Time :     26.00000
 Time :     27.00000
 Time :     28.00000
 Time :     29.00000
 Time :     30.00000
 Time :     31.00000
 Time :     32.00000
 Time :     33.00000
 Time :     34.00000
 Time :     35.00000
dtime = 5.034090578556061
mbcr =

 Columns 1 through 3:

   4.621845811399619e-04   3.858509091488789e-04   3.198451296715409e-02

 Columns 4 and 5:

   1.309548481606225e-03   1.772826252163399e-02

agsout =

   3.471328921842008e-01   1.835222705141552e-02
   3.474038611944507e-01   1.849918154165229e-02
   3.203743601039044e-01   1.803994155231946e-02
   3.465757744550120e-01   1.848515675193818e-02
   3.324530397028246e-01   1.824476646479856e-02

ans = 8.056096162587200e-21
ans = 1.446409311579931e-21
nbcr = 2
lambda0 = 3.501084296647659
kmpl_prod = 0.180000000000000
 Time :      1.00000
 Time :      2.00000
 Time :      3.01000
 Time :      4.01000
 Time :      5.01000
 Time :      6.01000
 Time :      7.01000
 Time :      8.01000
 Time :      9.01000
 Time :     10.01000
 Time :     11.01000
 Time :     12.01000
 Time :     13.01000
 Time :     14.01000
 Time :     15.01000
 Time :     16.01000
 Time :     17.01000
 Time :     18.00000
 Time :     19.00000
 Time :     20.00000
 Time :     21.00000
 Time :     22.00000
 Time :     23.00000
 Time :     24.00000
 Time :     25.00000
 Time :     26.00000
 Time :     27.00000
 Time :     28.00000
 Time :     29.00000
 Time :     30.00000
 Time :     31.00000
 Time :     32.00000
 Time :     33.00000
 Time :     34.00000
 Time :     35.00000
dtime = 5.105816200375557
mbcr =

 Columns 1 through 3:

   4.621845811399619e-04   3.858509091488789e-04   3.198451296715409e-02

 Columns 4 through 6:

   1.309548481606225e-03   1.772826252163399e-02   3.977107614208045e-04

agsout =

   3.471328921842008e-01   1.835222705141552e-02
   3.474038611944507e-01   1.849918154165229e-02
   3.203743601039044e-01   1.803994155231946e-02
   3.465757744550120e-01   1.848515675193818e-02
   3.324530397028246e-01   1.824476646479856e-02
   3.473955751804169e-01   1.849899886480676e-02

ans = 1.109549498692122e-20
ans = 6.507714222290234e-21
dkps =

 Columns 1 through 3:

   9.873985823588120e+00   1.152408342937663e+01   1.944857739644409e+00

 Columns 4 through 6:

   6.556964626533491e+00   3.973842468530624e+00   5.642864125372667e+00

nbcr = 3
lambda0 = 3.501084296647659
kmpl_prod = 0.180000000000000
 Time :      1.00000
 Time :      2.00000
 Time :      3.01000
 Time :      4.01000
 Time :      5.01000
 Time :      6.01000
 Time :      7.01000
 Time :      8.01000
 Time :      9.01000
 Time :     10.01000
 Time :     11.01000
 Time :     12.01000
 Time :     13.01000
 Time :     14.01000
 Time :     15.01000
 Time :     16.01000
 Time :     17.01000
 Time :     18.00000
 Time :     19.00000
 Time :     20.00000
 Time :     21.00000
 Time :     22.00000
 Time :     23.00000
 Time :     24.00000
 Time :     25.00000
 Time :     26.00000
 Time :     27.00000
 Time :     28.00000
 Time :     29.00000
 Time :     30.00000
 Time :     31.00000
 Time :     32.00000
 Time :     33.00000
 Time :     34.00000
 Time :     35.00000
dtime = 11.94008812308311
mbcr = 1.517100831487178e-04
agsout =

   2.342275361542936e-01   1.320792251566348e-02   1.320792251566348e-02

ans = -3.053301481735698e-21
ans = 3.596578072206297e-21
ans = 3.596736399745418e-21
nbcr = 3
lambda0 = 3.501084296647659
kmpl_prod = 0.180000000000000
 Time :      1.00000
 Time :      2.00000
 Time :      3.01000
 Time :      4.01000
 Time :      5.01000
 Time :      6.01000
 Time :      7.01000
 Time :      8.01000
 Time :      9.01000
 Time :     10.01000
 Time :     11.01000
 Time :     12.01000
 Time :     13.01000
 Time :     14.01000
 Time :     15.01000
 Time :     16.01000
 Time :     17.01000
 Time :     18.00000
 Time :     19.00000
 Time :     20.00000
 Time :     21.00000
 Time :     22.00000
 Time :     23.00000
 Time :     24.00000
 Time :     25.00000
 Time :     26.00000
 Time :     27.00000
 Time :     28.00000
 Time :     29.00000
 Time :     30.00000
 Time :     31.00000
 Time :     32.00000
 Time :     33.00000
 Time :     34.00000
 Time :     35.00000
dtime = 11.65873780846596
mbcr =

   1.517100831487178e-04   6.579694348219455e-04

agsout =

   2.342275361542936e-01   1.320792251566348e-02   1.320792251566348e-02
   2.337154400614145e-01   1.329794410196801e-02   1.329794410196801e-02

ans = -1.736229487528931e-21
ans = 1.388255283343186e-20
ans = 1.388178704513039e-20
nbcr = 3
lambda0 = 3.501084296647659
kmpl_prod = 0.180000000000000
 Time :      1.00000
 Time :      2.00000
 Time :      3.01000
 Time :      4.01000
 Time :      5.01000
 Time :      6.01000
 Time :      7.01000
 Time :      8.01000
 Time :      9.01000
 Time :     10.01000
 Time :     11.01000
 Time :     12.01000
 Time :     13.01000
 Time :     14.01000
 Time :     15.01000
 Time :     16.01000
 Time :     17.01000
 Time :     18.00000
 Time :     19.00000
 Time :     20.00000
 Time :     21.00000
 Time :     22.00000
 Time :     23.00000
 Time :     24.00000
 Time :     25.00000
 Time :     26.00000
 Time :     27.00000
 Time :     28.00000
 Time :     29.00000
 Time :     30.00000
 Time :     31.00000
 Time :     32.00000
 Time :     33.00000
 Time :     34.00000
 Time :     35.00000
dtime = 11.58628799021244
mbcr =

   1.517100831487178e-04   6.579694348219455e-04   6.404368795826671e-03

agsout =

   2.342275361542936e-01   1.320792251566348e-02   1.320792251566348e-02
   2.337154400614145e-01   1.329794410196801e-02   1.329794410196801e-02
   2.266557030895112e-01   1.319822806790317e-02   1.319822806790317e-02

ans = -1.749110563747457e-21
ans = 6.251957085472227e-21
ans = -5.242967990393726e-22
nbcr = 3
lambda0 = 3.501084296647659
kmpl_prod = 0.180000000000000
 Time :      1.00000
 Time :      2.00000
 Time :      3.01000
 Time :      4.01000
 Time :      5.01000
 Time :      6.01000
 Time :      7.01000
 Time :      8.01000
 Time :      9.01000
 Time :     10.01000
 Time :     11.01000
 Time :     12.01000
 Time :     13.01000
 Time :     14.01000
 Time :     15.01000
 Time :     16.01000
 Time :     17.01000
 Time :     18.00000
 Time :     19.00000
 Time :     20.00000
 Time :     21.00000
 Time :     22.00000
 Time :     23.00000
 Time :     24.00000
 Time :     25.00000
 Time :     26.00000
 Time :     27.00000
 Time :     28.00000
 Time :     29.00000
 Time :     30.00000
 Time :     31.00000
 Time :     32.00000
 Time :     33.00000
 Time :     34.00000
 Time :     35.00000
dtime = 11.83052323758602
mbcr =

 Columns 1 through 3:

   1.517100831487178e-04   6.579694348219455e-04   6.404368795826671e-03

 Column 4:

   1.009484347945566e-01

agsout =

   2.342275361542936e-01   1.320792251566348e-02   1.320792251566348e-02
   2.337154400614145e-01   1.329794410196801e-02   1.329794410196801e-02
   2.266557030895112e-01   1.319822806790317e-02   1.319822806790317e-02
   1.078544246929368e-01   1.158830974806325e-02   1.158830974806325e-02

ans = 2.506770846341950e-21
ans = 9.406723775347173e-21
ans = 6.018171933675160e-21
nbcr = 3
lambda0 = 3.501084296647659
kmpl_prod = 0.180000000000000
 Time :      1.00000
 Time :      2.00000
 Time :      3.01000
 Time :      4.01000
 Time :      5.01000
 Time :      6.01000
 Time :      7.01000
 Time :      8.01000
 Time :      9.01000
 Time :     10.01000
 Time :     11.01000
 Time :     12.01000
 Time :     13.01000
 Time :     14.01000
 Time :     15.01000
 Time :     16.01000
 Time :     17.01000
 Time :     18.00000
 Time :     19.00000
 Time :     20.00000
 Time :     21.00000
 Time :     22.00000
 Time :     23.00000
 Time :     24.00000
 Time :     25.00000
 Time :     26.00000
 Time :     27.00000
 Time :     28.00000
 Time :     29.00000
 Time :     30.00000
 Time :     31.00000
 Time :     32.00000
 Time :     33.00000
 Time :     34.00000
 Time :     35.00000
dtime = 11.79639548063278
mbcr =

 Columns 1 through 3:

   1.517100831487178e-04   6.579694348219455e-04   6.404368795826671e-03

 Columns 4 and 5:

   1.009484347945566e-01   6.267387135403842e-02

agsout =

   2.342275361542936e-01   1.320792251566348e-02   1.320792251566348e-02
   2.337154400614145e-01   1.329794410196801e-02   1.329794410196801e-02
   2.266557030895112e-01   1.319822806790317e-02   1.319822806790317e-02
   1.078544246929368e-01   1.158830974806325e-02   1.158830974806325e-02
   1.597943604424808e-01   1.226957685859181e-02   1.226957685859182e-02

ans = 4.941240937267938e-22
ans = 3.012252517620009e-21
ans = 6.400432774251227e-21
nbcr = 3
lambda0 = 3.501084296647659
kmpl_prod = 0.180000000000000
 Time :      1.00000
 Time :      2.00000
 Time :      3.01000
 Time :      4.01000
 Time :      5.01000
 Time :      6.01000
 Time :      7.01000
 Time :      8.01000
 Time :      9.01000
 Time :     10.01000
 Time :     11.01000
 Time :     12.01000
 Time :     13.01000
 Time :     14.01000
 Time :     15.01000
 Time :     16.01000
 Time :     17.01000
 Time :     18.00000
 Time :     19.00000
 Time :     20.00000
 Time :     21.00000
 Time :     22.00000
 Time :     23.00000
 Time :     24.00000
 Time :     25.00000
 Time :     26.00000
 Time :     27.00000
 Time :     28.00000
 Time :     29.00000
 Time :     30.00000
 Time :     31.00000
 Time :     32.00000
 Time :     33.00000
 Time :     34.00000
 Time :     35.00000
dtime = 11.97824925184250
mbcr =

 Columns 1 through 3:

   1.517100831487178e-04   6.579694348219455e-04   6.404368795826671e-03

 Columns 4 through 6:

   1.009484347945566e-01   6.267387135403842e-02   8.485574341388778e-02

agsout =

   2.342275361542936e-01   1.320792251566348e-02   1.320792251566348e-02
   2.337154400614145e-01   1.329794410196801e-02   1.329794410196801e-02
   2.266557030895112e-01   1.319822806790317e-02   1.319822806790317e-02
   1.078544246929368e-01   1.158830974806325e-02   1.158830974806325e-02
   1.597943604424808e-01   1.226957685859181e-02   1.226957685859182e-02
   1.309544918474232e-01   1.188497841042509e-02   1.188497841042509e-02

ans = 6.635849669053526e-21
ans = 8.856777914970121e-21
ans = -1.307665919695500e-21
dkps =

 Columns 1 through 3:

   7.083301837841062e-01   5.505178073339944e+02   7.431743043002432e-01

 Columns 4 through 6:

   8.038065353071300e+01   3.976496150141306e+00   1.283508903845058e+00

nbcr = 4
lambda0 = 3.501084296647659
kmpl_prod = 0.180000000000000
 Time :      1.00000
 Time :      2.00000
 Time :      3.01000
 Time :      4.01000
 Time :      5.01000
 Time :      6.01000
 Time :      7.01000
 Time :      8.01000
 Time :      9.01000
 Time :     10.01000
 Time :     11.01000
 Time :     12.01000
 Time :     13.01000
 Time :     14.01000
 Time :     15.01000
 Time :     16.01000
 Time :     17.01000
 Time :     18.00000
 Time :     19.00000
 Time :     20.00000
 Time :     21.00000
 Time :     22.00000
 Time :     23.00000
 Time :     24.00000
 Time :     25.00000
 Time :     26.00000
 Time :     27.00000
 Time :     28.00000
 Time :     29.00000
 Time :     30.00000
 Time :     31.00000
 Time :     32.00000
 Time :     33.00000
 Time :     34.00000
 Time :     35.00000
dtime = 18.16213242709637
mbcr = 9.092981809483650e-05
agsout =

 Columns 1 through 3:

   1.771310603424347e-01   1.071125565214665e-02   1.071125565214665e-02

 Column 4:

   1.071125565214665e-02

ans = -3.257560718431821e-21
ans = -2.950204278155729e-21
ans = 4.385608210179584e-22
ans = -6.337780305198871e-21
nbcr = 4
lambda0 = 3.501084296647659
kmpl_prod = 0.180000000000000
 Time :      1.00000
 Time :      2.00000
 Time :      3.01000
 Time :      4.01000
 Time :      5.01000
 Time :      6.01000
 Time :      7.01000
 Time :      8.01000
 Time :      9.01000
 Time :     10.01000
 Time :     11.01000
 Time :     12.01000
 Time :     13.01000
 Time :     14.01000
 Time :     15.01000
 Time :     16.01000
 Time :     17.01000
 Time :     18.00000
 Time :     19.00000
 Time :     20.00000
 Time :     21.00000
 Time :     22.00000
 Time :     23.00000
 Time :     24.00000
 Time :     25.00000
 Time :     26.00000
 Time :     27.00000
 Time :     28.00000
 Time :     29.00000
 Time :     30.00000
 Time :     31.00000
 Time :     32.00000
 Time :     33.00000
 Time :     34.00000
 Time :     35.00000
dtime = 18.11390295624733
mbcr =

   9.092981809483650e-05   4.277705356641369e-02

agsout =

 Columns 1 through 3:

   1.771310603424347e-01   1.071125565214665e-02   1.071125565214665e-02
   1.200505394765639e-01   1.008074289331322e-02   1.008074289331322e-02

 Column 4:

   1.071125565214665e-02
   1.008074289331321e-02

ans = 1.376542276622464e-20
ans = -5.958492144949166e-21
ans = -2.569946765625688e-21
ans = -2.570153560778826e-21
nbcr = 4
lambda0 = 3.501084296647659
kmpl_prod = 0.180000000000000
 Time :      1.00000
 Time :      2.00000
 Time :      3.01000
 Time :      4.01000
 Time :      5.01000
 Time :      6.01000
 Time :      7.01000
 Time :      8.01000
 Time :      9.01000
 Time :     10.01000
 Time :     11.01000
 Time :     12.01000
 Time :     13.01000
 Time :     14.01000
 Time :     15.01000
 Time :     16.01000
 Time :     17.01000
 Time :     18.00000
 Time :     19.00000
 Time :     20.00000
 Time :     21.00000
 Time :     22.00000
 Time :     23.00000
 Time :     24.00000
 Time :     25.00000
 Time :     26.00000
 Time :     27.00000
 Time :     28.00000
 Time :     29.00000
 Time :     30.00000
 Time :     31.00000
 Time :     32.00000
 Time :     33.00000
 Time :     34.00000
 Time :     35.00000
dtime = 17.86666028201580
mbcr =

   9.092981809483650e-05   4.277705356641369e-02   7.246363040784953e-05

agsout =

 Columns 1 through 3:

   1.771310603424347e-01   1.071125565214665e-02   1.071125565214665e-02
   1.200505394765639e-01   1.008074289331322e-02   1.008074289331322e-02
   1.772696846346115e-01   1.078733769748903e-02   1.078733769748904e-02

 Column 4:

   1.071125565214665e-02
   1.008074289331321e-02
   1.078733769748904e-02

ans = 2.511707575752147e-21
ans = 1.260959295654664e-21
ans = -5.515065175483923e-21
ans = 1.259989943374328e-21
nbcr = 4
lambda0 = 3.501084296647659
kmpl_prod = 0.180000000000000
 Time :      1.00000
 Time :      2.00000
 Time :      3.01000
 Time :      4.01000
 Time :      5.01000
 Time :      6.01000
 Time :      7.01000
 Time :      8.01000
 Time :      9.01000
 Time :     10.01000
 Time :     11.01000
 Time :     12.01000
 Time :     13.01000
 Time :     14.01000
 Time :     15.01000
 Time :     16.01000
 Time :     17.01000
 Time :     18.00000
 Time :     19.00000
 Time :     20.00000
 Time :     21.00000
 Time :     22.00000
 Time :     23.00000
 Time :     24.00000
 Time :     25.00000
 Time :     26.00000
 Time :     27.00000
 Time :     28.00000
 Time :     29.00000
 Time :     30.00000
 Time :     31.00000
 Time :     32.00000
 Time :     33.00000
 Time :     34.00000
 Time :     35.00000
dtime = 18.06423515081406
mbcr =

 Columns 1 through 3:

   9.092981809483650e-05   4.277705356641369e-02   7.246363040784953e-05

 Column 4:

   4.464292661756494e-02

agsout =

 Columns 1 through 3:

   1.771310603424347e-01   1.071125565214665e-02   1.071125565214665e-02
   1.200505394765639e-01   1.008074289331322e-02   1.008074289331322e-02
   1.772696846346115e-01   1.078733769748903e-02   1.078733769748904e-02
   1.175295128156361e-01   1.005088584928164e-02   1.005088584928164e-02

 Column 4:

   1.071125565214665e-02
   1.008074289331321e-02
   1.078733769748904e-02
   1.005088584928163e-02

ans = 2.444939095553612e-21
ans = 7.904621944087695e-21
ans = 4.516516004464636e-21
ans = 4.517621066064218e-21
nbcr = 4
lambda0 = 3.501084296647659
kmpl_prod = 0.180000000000000
 Time :      1.00000
 Time :      2.00000
 Time :      3.01000
 Time :      4.01000
 Time :      5.01000
 Time :      6.01000
 Time :      7.01000
 Time :      8.01000
 Time :      9.01000
 Time :     10.01000
 Time :     11.01000
 Time :     12.01000
 Time :     13.01000
 Time :     14.01000
 Time :     15.01000
 Time :     16.01000
 Time :     17.01000
 Time :     18.00000
 Time :     19.00000
 Time :     20.00000
 Time :     21.00000
 Time :     22.00000
 Time :     23.00000
 Time :     24.00000
 Time :     25.00000
 Time :     26.00000
 Time :     27.00000
 Time :     28.00000
 Time :     29.00000
 Time :     30.00000
 Time :     31.00000
 Time :     32.00000
 Time :     33.00000
 Time :     34.00000
 Time :     35.00000
dtime = 18.13402958214283
mbcr =

 Columns 1 through 3:

   9.092981809483650e-05   4.277705356641369e-02   7.246363040784953e-05

 Columns 4 and 5:

   4.464292661756494e-02   4.486433633467045e-04

agsout =

 Columns 1 through 3:

   1.771310603424347e-01   1.071125565214665e-02   1.071125565214665e-02
   1.200505394765639e-01   1.008074289331322e-02   1.008074289331322e-02
   1.772696846346115e-01   1.078733769748903e-02   1.078733769748904e-02
   1.175295128156361e-01   1.005088584928164e-02   1.005088584928164e-02
   1.766958374048833e-01   1.078036673241020e-02   1.078036673241020e-02

 Column 4:

   1.071125565214665e-02
   1.008074289331321e-02
   1.078733769748904e-02
   1.005088584928163e-02
   1.078036673241020e-02

ans = 5.997891468383405e-21
ans = -8.933550615572699e-22
ans = -4.281945677320497e-21
ans = -4.281932752623426e-21
nbcr = 4
lambda0 = 3.501084296647659
kmpl_prod = 0.180000000000000
 Time :      1.00000
 Time :      2.00000
 Time :      3.01000
 Time :      4.01000
 Time :      5.01000
 Time :      6.01000
 Time :      7.01000
 Time :      8.01000
 Time :      9.01000
 Time :     10.01000
 Time :     11.01000
 Time :     12.01000
 Time :     13.01000
 Time :     14.01000
 Time :     15.01000
 Time :     16.01000
 Time :     17.01000
 Time :     18.00000
 Time :     19.00000
 Time :     20.00000
 Time :     21.00000
 Time :     22.00000
 Time :     23.00000
 Time :     24.00000
 Time :     25.00000
 Time :     26.00000
 Time :     27.00000
 Time :     28.00000
 Time :     29.00000
 Time :     30.00000
 Time :     31.00000
 Time :     32.00000
 Time :     33.00000
 Time :     34.00000
 Time :     35.00000
dtime = 18.09024587273598
mbcr =

 Columns 1 through 3:

   9.092981809483650e-05   4.277705356641369e-02   7.246363040784953e-05

 Columns 4 through 6:

   4.464292661756494e-02   4.486433633467045e-04   3.655479330496487e-02

agsout =

 Columns 1 through 3:

   1.771310603424347e-01   1.071125565214665e-02   1.071125565214665e-02
   1.200505394765639e-01   1.008074289331322e-02   1.008074289331322e-02
   1.772696846346115e-01   1.078733769748903e-02   1.078733769748904e-02
   1.175295128156361e-01   1.005088584928164e-02   1.005088584928164e-02
   1.766958374048833e-01   1.078036673241020e-02   1.078036673241020e-02
   1.270536750718645e-01   1.017341719532461e-02   1.017341719532461e-02

 Column 4:

   1.071125565214665e-02
   1.008074289331321e-02
   1.078733769748904e-02
   1.005088584928163e-02
   1.078036673241020e-02
   1.017341719532461e-02

ans = 1.472691683074097e-21
ans = 7.828689348794741e-21
ans = 7.828896143947879e-21
ans = -2.335718942953934e-21
dkps =

 Columns 1 through 3:

   5.768534636764757e+01   3.158157799709145e+01   3.028502836435774e+02

 Columns 4 through 6:

   7.224291645399333e+01   3.275406556911022e+01   2.065452027349138e+00

nbcr = 5
lambda0 = 3.501084296647659
kmpl_prod = 0.180000000000000
 Time :      1.00000
 Time :      2.00000
 Time :      3.01000
 Time :      4.01000
 Time :      5.01000
 Time :      6.01000
 Time :      7.01000
 Time :      8.01000
 Time :      9.01000
 Time :     10.01000
 Time :     11.01000
 Time :     12.01000
 Time :     13.01000
 Time :     14.01000
 Time :     15.01000
 Time :     16.01000
 Time :     17.01000
 Time :     18.00000
 Time :     19.00000
 Time :     20.00000
 Time :     21.00000
 Time :     22.00000
 Time :     23.00000
 Time :     24.00000
 Time :     25.00000
 Time :     26.00000
 Time :     27.00000
 Time :     28.00000
 Time :     29.00000
 Time :     30.00000
 Time :     31.00000
 Time :     32.00000
 Time :     33.00000
 Time :     34.00000
 Time :     35.00000
dtime = 23.11203517019749
mbcr = 6.849722413032245e-05
agsout =

 Columns 1 through 3:

   1.426884177664997e-01   9.248439177064404e-03   9.248439177064399e-03

 Columns 4 and 5:

   9.248439177064397e-03   9.248439177064397e-03

ans = 8.681561116303351e-21
ans = 1.244131340068038e-21
ans = 1.244131340068038e-21
ans = 1.244777574921595e-21
ans = 4.632922288635868e-21
nbcr = 5
lambda0 = 3.501084296647659
kmpl_prod = 0.180000000000000
 Time :      1.00000
 Time :      2.00000
 Time :      3.01000
 Time :      4.01000
 Time :      5.01000
 Time :      6.01000
 Time :      7.01000
 Time :      8.01000
 Time :      9.01000
 Time :     10.01000
 Time :     11.01000
 Time :     12.01000
 Time :     13.01000
 Time :     14.01000
 Time :     15.01000
 Time :     16.01000
 Time :     17.01000
 Time :     18.00000
 Time :     19.00000
 Time :     20.00000
 Time :     21.00000
 Time :     22.00000
 Time :     23.00000
 Time :     24.00000
 Time :     25.00000
 Time :     26.00000
 Time :     27.00000
 Time :     28.00000
 Time :     29.00000
 Time :     30.00000
 Time :     31.00000
 Time :     32.00000
 Time :     33.00000
 Time :     34.00000
 Time :     35.00000
dtime = 23.25210683047771
mbcr =

   6.849722413032245e-05   5.396754036793770e-05

agsout =

 Columns 1 through 3:

   1.426884177664997e-01   9.248439177064404e-03   9.248439177064399e-03
   1.428009488238095e-01   9.309852925645963e-03   9.309852925645965e-03

 Columns 4 and 5:

   9.248439177064397e-03   9.248439177064397e-03
   9.309852925645963e-03   9.309852925645967e-03

ans = -4.591752862304508e-21
ans = 6.706767481882877e-21
ans = 6.708227972651916e-21
ans = 6.708900056899616e-21
ans = -6.860429205361673e-23
nbcr = 5
lambda0 = 3.501084296647659
kmpl_prod = 0.180000000000000
 Time :      1.00000
 Time :      2.00000
 Time :      3.01000
 Time :      4.01000
 Time :      5.01000
 Time :      6.01000
 Time :      7.01000
 Time :      8.01000
 Time :      9.01000
 Time :     10.01000
 Time :     11.01000
 Time :     12.01000
 Time :     13.01000
 Time :     14.01000
 Time :     15.01000
 Time :     16.01000
 Time :     17.01000
 Time :     18.00000
 Time :     19.00000
 Time :     20.00000
 Time :     21.00000
 Time :     22.00000
 Time :     23.00000
 Time :     24.00000
 Time :     25.00000
 Time :     26.00000
 Time :     27.00000
 Time :     28.00000
 Time :     29.00000
 Time :     30.00000
 Time :     31.00000
 Time :     32.00000
 Time :     33.00000
 Time :     34.00000
 Time :     35.00000
dtime = 22.94665686786175
mbcr =

   6.849722413032245e-05   5.396754036793770e-05   6.293257264829188e-05

agsout =

 Columns 1 through 3:

   1.426884177664997e-01   9.248439177064404e-03   9.248439177064399e-03
   1.428009488238095e-01   9.309852925645963e-03   9.309852925645965e-03
   1.427847358993435e-01   9.309794263216544e-03   9.309794263216542e-03

 Columns 4 and 5:

   9.248439177064397e-03   9.248439177064397e-03
   9.309852925645963e-03   9.309852925645967e-03
   9.309794263216542e-03   9.309794263216545e-03

ans = 4.637882948930485e-21
ans = 8.232334100675012e-21
ans = 4.845533555456138e-21
ans = 1.454971923389562e-21
ans = 4.844254010446095e-21
nbcr = 5
lambda0 = 3.501084296647659
kmpl_prod = 0.180000000000000
 Time :      1.00000
 Time :      2.00000
 Time :      3.01000
 Time :      4.01000
 Time :      5.01000
 Time :      6.01000
 Time :      7.01000
 Time :      8.01000
 Time :      9.01000
 Time :     10.01000
 Time :     11.01000
 Time :     12.01000
 Time :     13.01000
 Time :     14.01000
 Time :     15.01000
 Time :     16.01000
 Time :     17.01000
 Time :     18.00000
 Time :     19.00000
 Time :     20.00000
 Time :     21.00000
 Time :     22.00000
 Time :     23.00000
 Time :     24.00000
 Time :     25.00000
 Time :     26.00000
 Time :     27.00000
 Time :     28.00000
 Time :     29.00000
 Time :     30.00000
 Time :     31.00000
 Time :     32.00000
 Time :     33.00000
 Time :     34.00000
 Time :     35.00000
dtime = 22.98408374190331
mbcr =

 Columns 1 through 3:

   6.849722413032245e-05   5.396754036793770e-05   6.293257264829188e-05

 Column 4:

   5.335956560710956e-05

agsout =

 Columns 1 through 3:

   1.426884177664997e-01   9.248439177064404e-03   9.248439177064399e-03
   1.428009488238095e-01   9.309852925645963e-03   9.309852925645965e-03
   1.427847358993435e-01   9.309794263216544e-03   9.309794263216542e-03
   1.428023634086864e-01   9.309978088938652e-03   9.309978088938657e-03

 Columns 4 and 5:

   9.248439177064397e-03   9.248439177064397e-03
   9.309852925645963e-03   9.309852925645967e-03
   9.309794263216542e-03   9.309794263216545e-03
   9.309978088938657e-03   9.309978088938655e-03

ans = 2.107323566540375e-21
ans = -2.107759598361684e-21
ans = 8.056816714448916e-21
ans = 4.670042018624185e-21
ans = 1.280540211717443e-21
nbcr = 5
lambda0 = 3.501084296647659
kmpl_prod = 0.180000000000000
 Time :      1.00000
 Time :      2.00000
 Time :      3.01000
 Time :      4.01000
 Time :      5.01000
 Time :      6.01000
 Time :      7.01000
 Time :      8.01000
 Time :      9.01000
 Time :     10.01000
 Time :     11.01000
 Time :     12.01000
 Time :     13.01000
 Time :     14.01000
 Time :     15.01000
 Time :     16.01000
 Time :     17.01000
 Time :     18.00000
 Time :     19.00000
 Time :     20.00000
 Time :     21.00000
 Time :     22.00000
 Time :     23.00000
 Time :     24.00000
 Time :     25.00000
 Time :     26.00000
 Time :     27.00000
 Time :     28.00000
 Time :     29.00000
 Time :     30.00000
 Time :     31.00000
 Time :     32.00000
 Time :     33.00000
 Time :     34.00000
 Time :     35.00000
dtime = 22.89721034467220
mbcr =

 Columns 1 through 3:

   6.849722413032245e-05   5.396754036793770e-05   6.293257264829188e-05

 Columns 4 and 5:

   5.335956560710956e-05   5.355707013017739e-05

agsout =

 Columns 1 through 3:

   1.426884177664997e-01   9.248439177064404e-03   9.248439177064399e-03
   1.428009488238095e-01   9.309852925645963e-03   9.309852925645965e-03
   1.427847358993435e-01   9.309794263216544e-03   9.309794263216542e-03
   1.428023634086864e-01   9.309978088938652e-03   9.309978088938657e-03
   1.428018447841346e-01   9.309972630328204e-03   9.309972630328211e-03

 Columns 4 and 5:

   9.248439177064397e-03   9.248439177064397e-03
   9.309852925645963e-03   9.309852925645967e-03
   9.309794263216542e-03   9.309794263216545e-03
   9.309978088938657e-03   9.309978088938655e-03
   9.309972630328211e-03   9.309972630328211e-03

ans = 8.391875273900180e-21
ans = -9.350242849146287e-22
ans = -9.367432696250904e-22
ans = -7.712735429020999e-21
ans = -9.338481374811548e-22
nbcr = 5
lambda0 = 3.501084296647659
kmpl_prod = 0.180000000000000
 Time :      1.00000
 Time :      2.00000
 Time :      3.01000
 Time :      4.01000
 Time :      5.01000
 Time :      6.01000
 Time :      7.01000
 Time :      8.01000
 Time :      9.01000
 Time :     10.01000
 Time :     11.01000
 Time :     12.01000
 Time :     13.01000
 Time :     14.01000
 Time :     15.01000
 Time :     16.01000
 Time :     17.01000
 Time :     18.00000
 Time :     19.00000
 Time :     20.00000
 Time :     21.00000
 Time :     22.00000
 Time :     23.00000
 Time :     24.00000
 Time :     25.00000
 Time :     26.00000
 Time :     27.00000
 Time :     28.00000
 Time :     29.00000
 Time :     30.00000
 Time :     31.00000
 Time :     32.00000
 Time :     33.00000
 Time :     34.00000
 Time :     35.00000
dtime = 22.92036451399326
mbcr =

 Columns 1 through 3:

   6.849722413032245e-05   5.396754036793770e-05   6.293257264829188e-05

 Columns 4 through 6:

   5.335956560710956e-05   5.355707013017739e-05   6.050864272277246e-05

agsout =

 Columns 1 through 3:

   1.426884177664997e-01   9.248439177064404e-03   9.248439177064399e-03
   1.428009488238095e-01   9.309852925645963e-03   9.309852925645965e-03
   1.427847358993435e-01   9.309794263216544e-03   9.309794263216542e-03
   1.428023634086864e-01   9.309978088938652e-03   9.309978088938657e-03
   1.428018447841346e-01   9.309972630328204e-03   9.309972630328211e-03
   1.427890487157121e-01   9.309840231148593e-03   9.309840231148590e-03

 Columns 4 and 5:

   9.248439177064397e-03   9.248439177064397e-03
   9.309852925645963e-03   9.309852925645967e-03
   9.309794263216542e-03   9.309794263216545e-03
   9.309978088938657e-03   9.309978088938655e-03
   9.309972630328211e-03   9.309972630328211e-03
   9.309840231148590e-03   9.309840231148588e-03

ans = 7.925388802080947e-21
ans = 1.179463910742291e-20
ans = 1.179479420378776e-20
ans = 1.179637101683044e-20
ans = 1.857196251061715e-20
dkps =

 Columns 1 through 3:

   1.025338296765989e+00   2.637092592566264e+00   4.729548266956551e+00

 Columns 4 through 6:

   8.438981592915185e-01   3.802575161784704e+01   1.426029933641066e+01

nbcr = 7
lambda0 = 3.501084296647659
kmpl_prod = 0.180000000000000
 Time :      1.00000
 Time :      2.00000
 Time :      3.01000
 Time :      4.01000
 Time :      5.01000
 Time :      6.01000
 Time :      7.01000
 Time :      8.01000
 Time :      9.01000
 Time :     10.01000
 Time :     11.01000
 Time :     12.01000
 Time :     13.01000
 Time :     14.01000
 Time :     15.01000
 Time :     16.01000
 Time :     17.01000
 Time :     18.00000
 Time :     19.00000
 Time :     20.00000
 Time :     21.00000
 Time :     22.00000
 Time :     23.00000
 Time :     24.00000
 Time :     25.00000
 Time :     26.00000
 Time :     27.00000
 Time :     28.00000
 Time :     29.00000
 Time :     30.00000
 Time :     31.00000
 Time :     32.00000
 Time :     33.00000
 Time :     34.00000
 Time :     35.00000
dtime = 32.53484666347504
mbcr = 5.037426307393833e-05
agsout =

 Columns 1 through 3:

   1.031687152394112e-01   7.613282653668159e-03   7.613282653668167e-03

 Columns 4 through 6:

   7.613282653668163e-03   7.613282653668174e-03   7.613282653668166e-03

 Column 7:

   7.613282653668169e-03

ans = 8.224143073906176e-21
ans = 3.015435224273778e-21
ans = 3.016908639739888e-21
ans = 6.405428169669223e-21
ans = 3.015900513368339e-21
ans = 6.404523440874244e-21
ans = 6.404420043297674e-21
nbcr = 7
lambda0 = 3.501084296647659
kmpl_prod = 0.180000000000000
 Time :      1.00000
 Time :      2.00000
 Time :      3.01000
 Time :      4.01000
 Time :      5.01000
 Time :      6.01000
 Time :      7.01000
 Time :      8.01000
 Time :      9.01000
 Time :     10.01000
 Time :     11.01000
 Time :     12.01000
 Time :     13.01000
 Time :     14.01000
 Time :     15.01000
 Time :     16.01000
 Time :     17.01000
 Time :     18.00000
 Time :     19.00000
 Time :     20.00000
 Time :     21.00000
 Time :     22.00000
 Time :     23.00000
 Time :     24.00000
 Time :     25.00000
 Time :     26.00000
 Time :     27.00000
 Time :     28.00000
 Time :     29.00000
 Time :     30.00000
 Time :     31.00000
 Time :     32.00000
 Time :     33.00000
 Time :     34.00000
 Time :     35.00000
dtime = 32.54120349884033
mbcr =

   5.037426307393833e-05   4.294228039422743e-03

agsout =

 Columns 1 through 3:

   1.031687152394112e-01   7.613282653668159e-03   7.613282653668167e-03
   9.597976203315434e-02   7.583385307948744e-03   7.583385307948741e-03

 Columns 4 through 6:

   7.613282653668163e-03   7.613282653668174e-03   7.613282653668166e-03
   7.583385307948737e-03   7.583385307948740e-03   7.583385307948741e-03

 Column 7:

   7.613282653668169e-03
   7.583385307948740e-03

ans = -9.597156261993365e-21
ans = -3.960282278962474e-21
ans = -5.713750081210039e-22
ans = -5.708580202381582e-22
ans = -5.713233093327193e-22
ans = -5.682730808239300e-22
ans = 2.817247919384901e-21
nbcr = 7
lambda0 = 3.501084296647659
kmpl_prod = 0.180000000000000
 Time :      1.00000
 Time :      2.00000
 Time :      3.01000
 Time :      4.01000
 Time :      5.01000
 Time :      6.01000
 Time :      7.01000
 Time :      8.01000
 Time :      9.01000
 Time :     10.01000
 Time :     11.01000
 Time :     12.01000
 Time :     13.01000
 Time :     14.01000
 Time :     15.01000
 Time :     16.01000
 Time :     17.01000
 Time :     18.00000
 Time :     19.00000
 Time :     20.00000
 Time :     21.00000
 Time :     22.00000
 Time :     23.00000
 Time :     24.00000
 Time :     25.00000
 Time :     26.00000
 Time :     27.00000
 Time :     28.00000
 Time :     29.00000
 Time :     30.00000
 Time :     31.00000
 Time :     32.00000
 Time :     33.00000
 Time :     34.00000
 Time :     35.00000
dtime = 32.18125775456429
mbcr =

   5.037426307393833e-05   4.294228039422743e-03   5.449314276099848e-02

agsout =

 Columns 1 through 3:

   1.031687152394112e-01   7.613282653668159e-03   7.613282653668167e-03
   9.597976203315434e-02   7.583385307948744e-03   7.583385307948741e-03
   2.165933583883231e-02   6.928957460773718e-03   6.928957460773722e-03

 Columns 4 through 6:

   7.613282653668163e-03   7.613282653668174e-03   7.613282653668166e-03
   7.583385307948737e-03   7.583385307948740e-03   7.583385307948741e-03
   6.928957460773718e-03   6.928957460773721e-03   6.928957460773720e-03

 Column 7:

   7.613282653668169e-03
   7.583385307948740e-03
   6.928957460773722e-03

ans = -2.381452983540167e-21
ans = -4.852706762330621e-22
ans = 9.682304166298043e-21
ans = 6.291794233019751e-21
ans = 6.293551991821427e-21
ans = 2.904541323403388e-21
ans = 2.906919467664478e-21
nbcr = 7
lambda0 = 3.501084296647659
kmpl_prod = 0.180000000000000
 Time :      1.00000
 Time :      2.00000
 Time :      3.01000
 Time :      4.01000
 Time :      5.01000
 Time :      6.01000
 Time :      7.01000
 Time :      8.01000
 Time :      9.01000
 Time :     10.01000
 Time :     11.01000
 Time :     12.01000
 Time :     13.01000
 Time :     14.01000
 Time :     15.01000
 Time :     16.01000
 Time :     17.01000
 Time :     18.00000
 Time :     19.00000
 Time :     20.00000
 Time :     21.00000
 Time :     22.00000
 Time :     23.00000
 Time :     24.00000
 Time :     25.00000
 Time :     26.00000
 Time :     27.00000
 Time :     28.00000
 Time :     29.00000
 Time :     30.00000
 Time :     31.00000
 Time :     32.00000
 Time :     33.00000
 Time :     34.00000
 Time :     35.00000
dtime = 32.25552812218666
mbcr =

 Columns 1 through 3:

   5.037426307393833e-05   4.294228039422743e-03   5.449314276099848e-02

 Column 4:

   4.594847916561340e-02

agsout =

 Columns 1 through 3:

   1.031687152394112e-01   7.613282653668159e-03   7.613282653668167e-03
   9.597976203315434e-02   7.583385307948744e-03   7.583385307948741e-03
   2.165933583883231e-02   6.928957460773718e-03   6.928957460773722e-03
   3.192826816497675e-02   6.999955474863357e-03   6.999955474863363e-03

 Columns 4 through 6:

   7.613282653668163e-03   7.613282653668174e-03   7.613282653668166e-03
   7.583385307948737e-03   7.583385307948740e-03   7.583385307948741e-03
   6.928957460773718e-03   6.928957460773721e-03   6.928957460773720e-03
   6.999955474863364e-03   6.999955474863365e-03   6.999955474863367e-03

 Column 7:

   7.613282653668169e-03
   7.583385307948740e-03
   6.928957460773722e-03
   6.999955474863365e-03

ans = -1.174596469825299e-22
ans = 3.972715837544911e-21
ans = 1.075236568621195e-20
ans = 7.365035228413162e-21
ans = 1.075195209590568e-20
ans = 1.075368400531321e-20
ans = 1.075373570410149e-20
nbcr = 7
lambda0 = 3.501084296647659
kmpl_prod = 0.180000000000000
 Time :      1.00000
 Time :      2.00000
 Time :      3.01000
 Time :      4.01000
 Time :      5.01000
 Time :      6.01000
 Time :      7.01000
 Time :      8.01000
 Time :      9.01000
 Time :     10.01000
 Time :     11.01000
 Time :     12.01000
 Time :     13.01000
 Time :     14.01000
 Time :     15.01000
 Time :     16.01000
 Time :     17.01000
 Time :     18.00000
 Time :     19.00000
 Time :     20.00000
 Time :     21.00000
 Time :     22.00000
 Time :     23.00000
 Time :     24.00000
 Time :     25.00000
 Time :     26.00000
 Time :     27.00000
 Time :     28.00000
 Time :     29.00000
 Time :     30.00000
 Time :     31.00000
 Time :     32.00000
 Time :     33.00000
 Time :     34.00000
 Time :     35.00000
dtime = 32.48196020722389
mbcr =

 Columns 1 through 3:

   5.037426307393833e-05   4.294228039422743e-03   5.449314276099848e-02

 Columns 4 and 5:

   4.594847916561340e-02   8.280633976557361e-02

agsout =

 Columns 1 through 3:

   1.031687152394112e-01   7.613282653668159e-03   7.613282653668167e-03
   9.597976203315434e-02   7.583385307948744e-03   7.583385307948741e-03
   2.165933583883231e-02   6.928957460773718e-03   6.928957460773722e-03
   3.192826816497675e-02   6.999955474863357e-03   6.999955474863363e-03
   3.812373936211571e-03   6.948610586927474e-03   6.948610586927476e-03

 Columns 4 through 6:

   7.613282653668163e-03   7.613282653668174e-03   7.613282653668166e-03
   7.583385307948737e-03   7.583385307948740e-03   7.583385307948741e-03
   6.928957460773718e-03   6.928957460773721e-03   6.928957460773720e-03
   6.999955474863364e-03   6.999955474863365e-03   6.999955474863367e-03
   6.948610586927475e-03   6.948610586927475e-03   6.948610586927475e-03

 Column 7:

   7.613282653668169e-03
   7.583385307948740e-03
   6.928957460773722e-03
   6.999955474863365e-03
   6.948610586927477e-03

ans = 1.460800961768647e-21
ans = 7.815564318918997e-22
ans = -2.602646249215675e-21
ans = 4.170515401521654e-21
ans = 4.168835190902406e-21
ans = -2.602697948003959e-21
ans = 4.177443039151786e-21
nbcr = 7
lambda0 = 3.501084296647659
kmpl_prod = 0.180000000000000
 Time :      1.00000
 Time :      2.00000
 Time :      3.01000
 Time :      4.01000
 Time :      5.01000
 Time :      6.01000
 Time :      7.01000
 Time :      8.01000
 Time :      9.01000
 Time :     10.01000
 Time :     11.01000
 Time :     12.01000
 Time :     13.01000
 Time :     14.01000
 Time :     15.01000
 Time :     16.01000
 Time :     17.01000
 Time :     18.00000
 Time :     19.00000
 Time :     20.00000
 Time :     21.00000
 Time :     22.00000
 Time :     23.00000
 Time :     24.00000
 Time :     25.00000
 Time :     26.00000
 Time :     27.00000
 Time :     28.00000
 Time :     29.00000
 Time :     30.00000
 Time :     31.00000
 Time :     32.00000
 Time :     33.00000
 Time :     34.00000
 Time :     35.00000
dtime = 32.57512003183365
mbcr =

 Columns 1 through 3:

   5.037426307393833e-05   4.294228039422743e-03   5.449314276099848e-02

 Columns 4 through 6:

   4.594847916561340e-02   8.280633976557361e-02   1.058620039951387e-02

agsout =

 Columns 1 through 3:

   1.031687152394112e-01   7.613282653668159e-03   7.613282653668167e-03
   9.597976203315434e-02   7.583385307948744e-03   7.583385307948741e-03
   2.165933583883231e-02   6.928957460773718e-03   6.928957460773722e-03
   3.192826816497675e-02   6.999955474863357e-03   6.999955474863363e-03
   3.812373936211571e-03   6.948610586927474e-03   6.948610586927476e-03
   8.530651909678827e-02   7.480263428025407e-03   7.480263428025405e-03

 Columns 4 through 6:

   7.613282653668163e-03   7.613282653668174e-03   7.613282653668166e-03
   7.583385307948737e-03   7.583385307948740e-03   7.583385307948741e-03
   6.928957460773718e-03   6.928957460773721e-03   6.928957460773720e-03
   6.999955474863364e-03   6.999955474863365e-03   6.999955474863367e-03
   6.948610586927475e-03   6.948610586927475e-03   6.948610586927475e-03
   7.480263428025408e-03   7.480263428025409e-03   7.480263428025408e-03

 Column 7:

   7.613282653668169e-03
   7.583385307948740e-03
   6.928957460773722e-03
   6.999955474863365e-03
   6.948610586927477e-03
   7.480263428025408e-03

ans = 6.894291911688063e-21
ans = -4.011825970882184e-22
ans = -3.790632705206676e-21
ans = -3.791046295512953e-21
ans = -4.049307592388493e-22
ans = -3.789727976411696e-21
ans = 2.986458053440280e-21
dkps =

 Columns 1 through 3:

   3.103072233496023e+01   3.545223238372014e+00   4.169053732957663e+00

 Columns 4 through 6:

   1.525471741902744e+00   5.842231721661454e+01   1.372024296583856e+01

nbcr = 10
lambda0 = 3.501084296647659
kmpl_prod = 0.180000000000000
 Time :      1.00000
 Time :      2.00000
 Time :      3.01000
 Time :      4.01000
 Time :      5.01000
 Time :      6.01000
 Time :      7.01000
 Time :      8.01000
 Time :      9.01000
 Time :     10.01000
 Time :     11.01000
 Time :     12.01000
 Time :     13.01000
 Time :     14.01000
 Time :     15.01000
 Time :     16.01000
 Time :     17.01000
 Time :     18.00000
 Time :     19.00000
 Time :     20.00000
 Time :     21.00000
 Time :     22.00000
 Time :     23.00000
 Time :     24.00000
 Time :     25.00000
 Time :     26.00000
 Time :     27.00000
 Time :     28.00000
 Time :     29.00000
 Time :     30.00000
 Time :     31.00000
 Time :     32.00000
 Time :     33.00000
 Time :     34.00000
 Time :     35.00000
dtime = 46.65746167302132
mbcr = 3.994266784673908e-05
agsout =

 Columns 1 through 3:

   7.342407135163377e-02   6.411901908563431e-03   6.411901908563424e-03

 Columns 4 through 6:

   6.411901908563422e-03   6.411901908563424e-03   6.411901908563426e-03

 Columns 7 through 9:

   6.411901908563425e-03   6.411901908563425e-03   6.411901908563422e-03

 Column 10:

   6.411901908563424e-03

ans = -3.001685416561099e-22
ans = -2.873108460126373e-21
ans = -6.259379092765330e-21
ans = -6.254674503031434e-21
ans = -2.868352171604193e-21
ans = -6.256845852139386e-21
ans = -6.262067429756127e-21
ans = -6.257724731540223e-21
ans = -2.872177881937250e-21
ans = -6.263670092192948e-21
nbcr = 10
lambda0 = 3.501084296647659
kmpl_prod = 0.180000000000000
 Time :      1.00000
 Time :      2.00000
 Time :      3.01000
 Time :      4.01000
 Time :      5.01000
 Time :      6.01000
 Time :      7.01000
 Time :      8.01000
 Time :      9.01000
 Time :     10.01000
 Time :     11.01000
 Time :     12.01000
 Time :     13.01000
 Time :     14.01000
 Time :     15.01000
 Time :     16.01000
 Time :     17.01000
 Time :     18.00000
 Time :     19.00000
 Time :     20.00000
 Time :     21.00000
 Time :     22.00000
 Time :     23.00000
 Time :     24.00000
 Time :     25.00000
 Time :     26.00000
 Time :     27.00000
 Time :     28.00000
 Time :     29.00000
 Time :     30.00000
 Time :     31.00000
 Time :     32.00000
 Time :     33.00000
 Time :     34.00000
 Time :     35.00000
dtime = 46.79147824645042
mbcr =

   3.994266784673908e-05   3.169556694744957e-05

agsout =

 Columns 1 through 3:

   7.342407135163377e-02   6.411901908563431e-03   6.411901908563424e-03
   7.347756412727159e-02   6.439052967700606e-03   6.439052967700613e-03

 Columns 4 through 6:

   6.411901908563422e-03   6.411901908563424e-03   6.411901908563426e-03
   6.439052967700609e-03   6.439052967700611e-03   6.439052967700616e-03

 Columns 7 through 9:

   6.411901908563425e-03   6.411901908563425e-03   6.411901908563422e-03
   6.439052967700610e-03   6.439052967700614e-03   6.439052967700610e-03

 Column 10:

   6.411901908563424e-03
   6.439052967700610e-03

ans = 8.540519261420144e-21
ans = 7.941347470815342e-21
ans = 1.132766980224258e-20
ans = 1.810382998270042e-20
ans = 1.132927246467941e-20
ans = 1.133118531984593e-20
ans = 1.133361516289531e-20
ans = 1.133563141563841e-20
ans = 1.471838653067401e-20
ans = 1.472345301192590e-20
nbcr = 10
lambda0 = 3.501084296647659
kmpl_prod = 0.180000000000000
 Time :      1.00000
 Time :      2.00000
 Time :      3.01000
 Time :      4.01000
 Time :      5.01000
 Time :      6.01000
 Time :      7.01000
 Time :      8.01000
 Time :      9.01000
 Time :     10.01000
 Time :     11.01000
 Time :     12.01000
 Time :     13.01000
 Time :     14.01000
 Time :     15.01000
 Time :     16.01000
 Time :     17.01000
 Time :     18.00000
 Time :     19.00000
 Time :     20.00000
 Time :     21.00000
 Time :     22.00000
 Time :     23.00000
 Time :     24.00000
 Time :     25.00000
 Time :     26.00000
 Time :     27.00000
 Time :     28.00000
 Time :     29.00000
 Time :     30.00000
 Time :     31.00000
 Time :     32.00000
 Time :     33.00000
 Time :     34.00000
 Time :     35.00000
dtime = 46.87137119472027
mbcr =

   3.994266784673908e-05   3.169556694744957e-05   7.326905628078174e-04

agsout =

 Columns 1 through 3:

   7.342407135163377e-02   6.411901908563431e-03   6.411901908563424e-03
   7.347756412727159e-02   6.439052967700606e-03   6.439052967700613e-03
   7.214060041611907e-02   6.427711603500930e-03   6.427711603500927e-03

 Columns 4 through 6:

   6.411901908563422e-03   6.411901908563424e-03   6.411901908563426e-03
   6.439052967700609e-03   6.439052967700611e-03   6.439052967700616e-03
   6.427711603500925e-03   6.427711603500923e-03   6.427711603500921e-03

 Columns 7 through 9:

   6.411901908563425e-03   6.411901908563425e-03   6.411901908563422e-03
   6.439052967700610e-03   6.439052967700614e-03   6.439052967700610e-03
   6.427711603500922e-03   6.427711603500928e-03   6.427711603500923e-03

 Column 10:

   6.411901908563424e-03
   6.439052967700610e-03
   6.427711603500923e-03

ans = -1.267137300854669e-22
ans = 8.804355343649573e-21
ans = 2.025093235894665e-21
ans = 5.416326952208941e-21
ans = 2.027833271673747e-21
ans = 2.027833271673747e-21
ans = -1.361229095532576e-21
ans = 8.802183994541621e-21
ans = 2.023387175881275e-21
ans = 5.411725760051614e-21
nbcr = 10
lambda0 = 3.501084296647659
kmpl_prod = 0.180000000000000
 Time :      1.00000
 Time :      2.00000
 Time :      3.01000
 Time :      4.01000
 Time :      5.01000
 Time :      6.01000
 Time :      7.01000
 Time :      8.01000
 Time :      9.01000
 Time :     10.01000
 Time :     11.01000
 Time :     12.01000
 Time :     13.01000
 Time :     14.01000
 Time :     15.01000
 Time :     16.01000
 Time :     17.01000
 Time :     18.00000
 Time :     19.00000
 Time :     20.00000
 Time :     21.00000
 Time :     22.00000
 Time :     23.00000
 Time :     24.00000
 Time :     25.00000
 Time :     26.00000
 Time :     27.00000
 Time :     28.00000
 Time :     29.00000
 Time :     30.00000
 Time :     31.00000
 Time :     32.00000
 Time :     33.00000
 Time :     34.00000
 Time :     35.00000
dtime = 46.72442972660065
mbcr =

 Columns 1 through 3:

   3.994266784673908e-05   3.169556694744957e-05   7.326905628078174e-04

 Column 4:

   2.973414391780304e-02

agsout =

 Columns 1 through 3:

   7.342407135163377e-02   6.411901908563431e-03   6.411901908563424e-03
   7.347756412727159e-02   6.439052967700606e-03   6.439052967700613e-03
   7.214060041611907e-02   6.427711603500930e-03   6.427711603500927e-03
   2.431614541867696e-02   6.040924789786846e-03   6.040924789786848e-03

 Columns 4 through 6:

   6.411901908563422e-03   6.411901908563424e-03   6.411901908563426e-03
   6.439052967700609e-03   6.439052967700611e-03   6.439052967700616e-03
   6.427711603500925e-03   6.427711603500923e-03   6.427711603500921e-03
   6.040924789786850e-03   6.040924789786847e-03   6.040924789786846e-03

 Columns 7 through 9:

   6.411901908563425e-03   6.411901908563425e-03   6.411901908563422e-03
   6.439052967700610e-03   6.439052967700614e-03   6.439052967700610e-03
   6.427711603500922e-03   6.427711603500928e-03   6.427711603500923e-03
   6.040924789786846e-03   6.040924789786848e-03   6.040924789786845e-03

 Column 10:

   6.411901908563424e-03
   6.439052967700610e-03
   6.427711603500923e-03
   6.040924789786848e-03

ans = -6.574431508571464e-21
ans = 5.375329813099281e-21
ans = -4.796096589159024e-21
ans = 5.376260391288403e-21
ans = 1.980166988875379e-21
ans = 1.985440265280405e-21
ans = 1.981045868276217e-21
ans = -4.792477673979104e-21
ans = 1.981873048888770e-21
ans = 1.978719422803411e-21
nbcr = 10
lambda0 = 3.501084296647659
kmpl_prod = 0.180000000000000
 Time :      1.00000
 Time :      2.00000
 Time :      3.01000
 Time :      4.01000
 Time :      5.01000
 Time :      6.01000
 Time :      7.01000
 Time :      8.01000
 Time :      9.01000
 Time :     10.01000
 Time :     11.01000
 Time :     12.01000
 Time :     13.01000
 Time :     14.01000
 Time :     15.01000
 Time :     16.01000
 Time :     17.01000
 Time :     18.00000
 Time :     19.00000
 Time :     20.00000
 Time :     21.00000
 Time :     22.00000
 Time :     23.00000
 Time :     24.00000
 Time :     25.00000
 Time :     26.00000
 Time :     27.00000
 Time :     28.00000
 Time :     29.00000
 Time :     30.00000
 Time :     31.00000
 Time :     32.00000
 Time :     33.00000
 Time :     34.00000
 Time :     35.00000
dtime = 46.79524004459381
mbcr =

 Columns 1 through 3:

   3.994266784673908e-05   3.169556694744957e-05   7.326905628078174e-04

 Columns 4 and 5:

   2.973414391780304e-02   5.613006081411118e-02

agsout =

 Columns 1 through 3:

   7.342407135163377e-02   6.411901908563431e-03   6.411901908563424e-03
   7.347756412727159e-02   6.439052967700606e-03   6.439052967700613e-03
   7.214060041611907e-02   6.427711603500930e-03   6.427711603500927e-03
   2.431614541867696e-02   6.040924789786846e-03   6.040924789786848e-03
   3.687454494897032e-03   5.998431800364528e-03   5.998431800364516e-03

 Columns 4 through 6:

   6.411901908563422e-03   6.411901908563424e-03   6.411901908563426e-03
   6.439052967700609e-03   6.439052967700611e-03   6.439052967700616e-03
   6.427711603500925e-03   6.427711603500923e-03   6.427711603500921e-03
   6.040924789786850e-03   6.040924789786847e-03   6.040924789786846e-03
   5.998431800364521e-03   5.998431800364525e-03   5.998431800364522e-03

 Columns 7 through 9:

   6.411901908563425e-03   6.411901908563425e-03   6.411901908563422e-03
   6.439052967700610e-03   6.439052967700614e-03   6.439052967700610e-03
   6.427711603500922e-03   6.427711603500928e-03   6.427711603500923e-03
   6.040924789786846e-03   6.040924789786848e-03   6.040924789786845e-03
   5.998431800364525e-03   5.998431800364526e-03   5.998431800364528e-03

 Column 10:

   6.411901908563424e-03
   6.439052967700610e-03
   6.427711603500923e-03
   6.040924789786848e-03
   5.998431800364524e-03

ans = 2.570877343814810e-21
ans = 1.300224525356790e-21
ans = 4.690424265905374e-21
ans = 1.302240778099888e-21
ans = 4.685616278594910e-21
ans = 1.300483019298213e-21
ans = -2.083357770291369e-21
ans = 1.303171356289011e-21
ans = 1.302085681735035e-21
ans = 8.073748067612111e-21
nbcr = 10
lambda0 = 3.501084296647659
kmpl_prod = 0.180000000000000
 Time :      1.00000
 Time :      2.00000
 Time :      3.01000
 Time :      4.01000
 Time :      5.01000
 Time :      6.01000
 Time :      7.01000
 Time :      8.01000
 Time :      9.01000
 Time :     10.01000
 Time :     11.01000
 Time :     12.01000
 Time :     13.01000
 Time :     14.01000
 Time :     15.01000
 Time :     16.01000
 Time :     17.01000
 Time :     18.00000
 Time :     19.00000
 Time :     20.00000
 Time :     21.00000
 Time :     22.00000
 Time :     23.00000
 Time :     24.00000
 Time :     25.00000
 Time :     26.00000
 Time :     27.00000
 Time :     28.00000
 Time :     29.00000
 Time :     30.00000
 Time :     31.00000
 Time :     32.00000
 Time :     33.00000
 Time :     34.00000
 Time :     35.00000
dtime = 46.74316830933094
mbcr =

 Columns 1 through 3:

   3.994266784673908e-05   3.169556694744957e-05   7.326905628078174e-04

 Columns 4 through 6:

   2.973414391780304e-02   5.613006081411118e-02   2.426120553092701e-03

agsout =

 Columns 1 through 3:

   7.342407135163377e-02   6.411901908563431e-03   6.411901908563424e-03
   7.347756412727159e-02   6.439052967700606e-03   6.439052967700613e-03
   7.214060041611907e-02   6.427711603500930e-03   6.427711603500927e-03
   2.431614541867696e-02   6.040924789786846e-03   6.040924789786848e-03
   3.687454494897032e-03   5.998431800364528e-03   5.998431800364516e-03
   6.877623031943766e-02   6.399535803532689e-03   6.399535803532689e-03

 Columns 4 through 6:

   6.411901908563422e-03   6.411901908563424e-03   6.411901908563426e-03
   6.439052967700609e-03   6.439052967700611e-03   6.439052967700616e-03
   6.427711603500925e-03   6.427711603500923e-03   6.427711603500921e-03
   6.040924789786850e-03   6.040924789786847e-03   6.040924789786846e-03
   5.998431800364521e-03   5.998431800364525e-03   5.998431800364522e-03
   6.399535803532691e-03   6.399535803532685e-03   6.399535803532677e-03

 Columns 7 through 9:

   6.411901908563425e-03   6.411901908563425e-03   6.411901908563422e-03
   6.439052967700610e-03   6.439052967700614e-03   6.439052967700610e-03
   6.427711603500922e-03   6.427711603500928e-03   6.427711603500923e-03
   6.040924789786846e-03   6.040924789786848e-03   6.040924789786845e-03
   5.998431800364525e-03   5.998431800364526e-03   5.998431800364528e-03
   6.399535803532692e-03   6.399535803532684e-03   6.399535803532694e-03

 Column 10:

   6.411901908563424e-03
   6.439052967700610e-03
   6.427711603500923e-03
   6.040924789786848e-03
   5.998431800364524e-03
   6.399535803532683e-03

ans = 1.071974375080439e-22
ans = -7.078081104039689e-22
ans = 6.069386045819556e-21
ans = 2.680220281036663e-21
ans = 2.680323678613232e-21
ans = 2.680220281036663e-21
ans = -7.053265685663098e-22
ans = -7.070843273679850e-22
ans = 2.678514221023273e-21
ans = -7.078081104039689e-22
dkps =

 Columns 1 through 3:

   8.362595421659168e-01   2.019918476712327e+01   2.469842630788370e+00

 Columns 4 through 6:

   1.870164631443688e+01   3.453680662136718e+00   3.533147508473612e-01

nbcr = 15
lambda0 = 3.501084296647659
kmpl_prod = 0.180000000000000
 Time :      1.00000
 Time :      2.00000
 Time :      3.01000
 Time :      4.01000
 Time :      5.01000
 Time :      6.01000
 Time :      7.01000
 Time :      8.01000
 Time :      9.01000
 Time :     10.01000
 Time :     11.01000
 Time :     12.01000
 Time :     13.01000
 Time :     14.01000
 Time :     15.01000
 Time :     16.01000
 Time :     17.01000
 Time :     18.00000
 Time :     19.00000
 Time :     20.00000
 Time :     21.00000
 Time :     22.00000
 Time :     23.00000
 Time :     24.00000
 Time :     25.00000
 Time :     26.00000
 Time :     27.00000
 Time :     28.00000
 Time :     29.00000
 Time :     30.00000
 Time :     31.00000
 Time :     32.00000
 Time :     33.00000
 Time :     34.00000
 Time :     35.00000
dtime = 72.44020253419876
mbcr = 3.279432181940982e-05
agsout =

 Columns 1 through 3:

   5.022660418808790e-02   5.488909553876570e-03   5.488909553876567e-03

 Columns 4 through 6:

   5.488909553876566e-03   5.488909553876562e-03   5.488909553876571e-03

 Columns 7 through 9:

   5.488909553876562e-03   5.488909553876570e-03   5.488909553876566e-03

 Columns 10 through 12:

   5.488909553876569e-03   5.488909553876566e-03   5.488909553876567e-03

 Columns 13 through 15:

   5.488909553876566e-03   5.488909553876568e-03   5.488909553876567e-03

ans = -5.808269255482845e-21
ans = -2.327686243724220e-21
ans = 1.062410099247795e-21
ans = 1.060652340446120e-21
ans = -2.328616821913342e-21
ans = 1.065201833815161e-21
ans = 1.060755738022689e-21
ans = 1.062513496824364e-21
ans = 1.062306701671226e-21
ans = 1.062513496824364e-21
ans = -2.328306629183635e-21
ans = -5.716438418200836e-21
ans = 1.059618364680428e-21
ans = 1.060548942869551e-21
ans = 1.059721762256998e-21
nbcr = 15
lambda0 = 3.501084296647659
kmpl_prod = 0.180000000000000
 Time :      1.00000
 Time :      2.00000
 Time :      3.01000
 Time :      4.01000
 Time :      5.01000
 Time :      6.01000
 Time :      7.01000
 Time :      8.01000
 Time :      9.01000
 Time :     10.01000
 Time :     11.01000
 Time :     12.01000
 Time :     13.01000
 Time :     14.01000
 Time :     15.01000
 Time :     16.01000
 Time :     17.01000
 Time :     18.00000
 Time :     19.00000
 Time :     20.00000
 Time :     21.00000
 Time :     22.00000
 Time :     23.00000
 Time :     24.00000
 Time :     25.00000
 Time :     26.00000
 Time :     27.00000
 Time :     28.00000
 Time :     29.00000
 Time :     30.00000
 Time :     31.00000
 Time :     32.00000
 Time :     33.00000
 Time :     34.00000
 Time :     35.00000
dtime = 72.92097844183445
mbcr =

   3.279432181940982e-05   5.170008083279369e-04

agsout =

 Columns 1 through 3:

   5.022660418808790e-02   5.488909553876570e-03   5.488909553876567e-03
   4.924350386123443e-02   5.492121686211175e-03   5.492121686211194e-03

 Columns 4 through 6:

   5.488909553876566e-03   5.488909553876562e-03   5.488909553876571e-03
   5.492121686211181e-03   5.492121686211192e-03   5.492121686211184e-03

 Columns 7 through 9:

   5.488909553876562e-03   5.488909553876570e-03   5.488909553876566e-03
   5.492121686211195e-03   5.492121686211198e-03   5.492121686211190e-03

 Columns 10 through 12:

   5.488909553876569e-03   5.488909553876566e-03   5.488909553876567e-03
   5.492121686211189e-03   5.492121686211193e-03   5.492121686211190e-03

 Columns 13 through 15:

   5.488909553876566e-03   5.488909553876568e-03   5.488909553876567e-03
   5.492121686211189e-03   5.492121686211189e-03   5.492121686211192e-03

ans = 4.618976540496107e-21
ans = -1.128584548252037e-21
ans = 2.258099674693196e-21
ans = 2.262545770485669e-21
ans = -1.125275825801825e-21
ans = -1.127860765216053e-21
ans = 5.656984811673587e-21
ans = 2.264303529287344e-21
ans = -7.906709282664684e-21
ans = 2.253239988594447e-21
ans = -1.122173898504751e-21
ans = -1.125586018531532e-21
ans = -1.129721921594298e-21
ans = -1.130135511900574e-21
ans = -1.130238909477143e-21
nbcr = 15
lambda0 = 3.501084296647659
kmpl_prod = 0.180000000000000
 Time :      1.00000
 Time :      2.00000
 Time :      3.01000
 Time :      4.01000
 Time :      5.01000
 Time :      6.01000
 Time :      7.01000
 Time :      8.01000
 Time :      9.01000
 Time :     10.01000
 Time :     11.01000
 Time :     12.01000
 Time :     13.01000
 Time :     14.01000
 Time :     15.01000
 Time :     16.01000
 Time :     17.01000
 Time :     18.00000
 Time :     19.00000
 Time :     20.00000
 Time :     21.00000
 Time :     22.00000
 Time :     23.00000
 Time :     24.00000
 Time :     25.00000
 Time :     26.00000
 Time :     27.00000
 Time :     28.00000
 Time :     29.00000
 Time :     30.00000
 Time :     31.00000
 Time :     32.00000
 Time :     33.00000
 Time :     34.00000
 Time :     35.00000
dtime = 72.02773243188858
mbcr =

   3.279432181940982e-05   5.170008083279369e-04   3.274610919230940e-03

agsout =

 Columns 1 through 3:

   5.022660418808790e-02   5.488909553876570e-03   5.488909553876567e-03
   4.924350386123443e-02   5.492121686211175e-03   5.492121686211194e-03
   4.343480510720658e-02   5.450121982206658e-03   5.450121982206651e-03

 Columns 4 through 6:

   5.488909553876566e-03   5.488909553876562e-03   5.488909553876571e-03
   5.492121686211181e-03   5.492121686211192e-03   5.492121686211184e-03
   5.450121982206666e-03   5.450121982206664e-03   5.450121982206655e-03

 Columns 7 through 9:

   5.488909553876562e-03   5.488909553876570e-03   5.488909553876566e-03
   5.492121686211195e-03   5.492121686211198e-03   5.492121686211190e-03
   5.450121982206662e-03   5.450121982206649e-03   5.450121982206665e-03

 Columns 10 through 12:

   5.488909553876569e-03   5.488909553876566e-03   5.488909553876567e-03
   5.492121686211189e-03   5.492121686211193e-03   5.492121686211190e-03
   5.450121982206650e-03   5.450121982206661e-03   5.450121982206661e-03

 Columns 13 through 15:

   5.488909553876566e-03   5.488909553876568e-03   5.488909553876567e-03
   5.492121686211189e-03   5.492121686211189e-03   5.492121686211192e-03
   5.450121982206664e-03   5.450121982206664e-03   5.450121982206662e-03

ans = 3.821367634841850e-21
ans = 1.192815122816780e-20
ans = 1.193538905852764e-20
ans = 8.537020909430091e-21
ans = 1.192773763786152e-20
ans = 5.152094445286533e-21
ans = 8.539709246420889e-21
ans = 8.534125777286156e-21
ans = 1.192773763786152e-20
ans = 5.148992517989459e-21
ans = 8.535469945781554e-21
ans = 1.531617961960843e-20
ans = 1.192225756630336e-20
ans = 8.534849560322140e-21
ans = 8.533505391826741e-21
nbcr = 15
lambda0 = 3.501084296647659
kmpl_prod = 0.180000000000000
 Time :      1.00000
 Time :      2.00000
 Time :      3.01000
 Time :      4.01000
 Time :      5.01000
 Time :      6.01000
 Time :      7.01000
 Time :      8.01000
 Time :      9.01000
 Time :     10.01000
 Time :     11.01000
 Time :     12.01000
 Time :     13.01000
 Time :     14.01000
 Time :     15.01000
 Time :     16.01000
 Time :     17.01000
 Time :     18.00000
 Time :     19.00000
 Time :     20.00000
 Time :     21.00000
 Time :     22.00000
 Time :     23.00000
 Time :     24.00000
 Time :     25.00000
 Time :     26.00000
 Time :     27.00000
 Time :     28.00000
 Time :     29.00000
 Time :     30.00000
 Time :     31.00000
 Time :     32.00000
 Time :     33.00000
 Time :     34.00000
 Time :     35.00000
dtime = 72.33862392604351
mbcr =

 Columns 1 through 3:

   3.279432181940982e-05   5.170008083279369e-04   3.274610919230940e-03

 Column 4:

   2.949549068265607e-02

agsout =

 Columns 1 through 3:

   5.022660418808790e-02   5.488909553876570e-03   5.488909553876567e-03
   4.924350386123443e-02   5.492121686211175e-03   5.492121686211194e-03
   4.343480510720658e-02   5.450121982206658e-03   5.450121982206651e-03
   6.647049948060526e-03   5.225322965130783e-03   5.225322965130786e-03

 Columns 4 through 6:

   5.488909553876566e-03   5.488909553876562e-03   5.488909553876571e-03
   5.492121686211181e-03   5.492121686211192e-03   5.492121686211184e-03
   5.450121982206666e-03   5.450121982206664e-03   5.450121982206655e-03
   5.225322965130791e-03   5.225322965130794e-03   5.225322965130791e-03

 Columns 7 through 9:

   5.488909553876562e-03   5.488909553876570e-03   5.488909553876566e-03
   5.492121686211195e-03   5.492121686211198e-03   5.492121686211190e-03
   5.450121982206662e-03   5.450121982206649e-03   5.450121982206665e-03
   5.225322965130797e-03   5.225322965130792e-03   5.225322965130790e-03

 Columns 10 through 12:

   5.488909553876569e-03   5.488909553876566e-03   5.488909553876567e-03
   5.492121686211189e-03   5.492121686211193e-03   5.492121686211190e-03
   5.450121982206650e-03   5.450121982206661e-03   5.450121982206661e-03
   5.225322965130791e-03   5.225322965130794e-03   5.225322965130793e-03

 Columns 13 through 15:

   5.488909553876566e-03   5.488909553876568e-03   5.488909553876567e-03
   5.492121686211189e-03   5.492121686211189e-03   5.492121686211192e-03
   5.450121982206664e-03   5.450121982206664e-03   5.450121982206662e-03
   5.225322965130795e-03   5.225322965130794e-03   5.225322965130793e-03

ans = 9.992341799640574e-22
ans = 4.483318920037410e-22
ans = -6.316247759878350e-21
ans = 3.843287921074505e-21
ans = -2.935250403644419e-21
ans = 4.548459393275961e-22
ans = -2.923669875068676e-21
ans = -2.935147006067850e-21
ans = -2.940213487319737e-21
ans = -9.707274681039487e-21
ans = -2.930907705428515e-21
ans = -2.926668404789181e-21
ans = 4.512270241476766e-22
ans = 3.840702981660277e-21
ans = -2.933906235149020e-21
nbcr = 15
lambda0 = 3.501084296647659
kmpl_prod = 0.180000000000000
 Time :      1.00000
 Time :      2.00000
 Time :      3.01000
 Time :      4.01000
 Time :      5.01000
 Time :      6.01000
 Time :      7.01000
 Time :      8.01000
 Time :      9.01000
 Time :     10.01000
 Time :     11.01000
 Time :     12.01000
 Time :     13.01000
 Time :     14.01000
 Time :     15.01000
 Time :     16.01000
 Time :     17.01000
 Time :     18.00000
 Time :     19.00000
 Time :     20.00000
 Time :     21.00000
 Time :     22.00000
 Time :     23.00000
 Time :     24.00000
 Time :     25.00000
 Time :     26.00000
 Time :     27.00000
 Time :     28.00000
 Time :     29.00000
 Time :     30.00000
 Time :     31.00000
 Time :     32.00000
 Time :     33.00000
 Time :     34.00000
 Time :     35.00000
dtime = 72.37635254859924
mbcr =

 Columns 1 through 3:

   3.279432181940982e-05   5.170008083279369e-04   3.274610919230940e-03

 Columns 4 and 5:

   2.949549068265607e-02   5.690926739807541e-03

agsout =

 Columns 1 through 3:

   5.022660418808790e-02   5.488909553876570e-03   5.488909553876567e-03
   4.924350386123443e-02   5.492121686211175e-03   5.492121686211194e-03
   4.343480510720658e-02   5.450121982206658e-03   5.450121982206651e-03
   6.647049948060526e-03   5.225322965130783e-03   5.225322965130786e-03
   3.872705438359967e-02   5.414829157738411e-03   5.414829157738412e-03

 Columns 4 through 6:

   5.488909553876566e-03   5.488909553876562e-03   5.488909553876571e-03
   5.492121686211181e-03   5.492121686211192e-03   5.492121686211184e-03
   5.450121982206666e-03   5.450121982206664e-03   5.450121982206655e-03
   5.225322965130791e-03   5.225322965130794e-03   5.225322965130791e-03
   5.414829157738412e-03   5.414829157738416e-03   5.414829157738408e-03

 Columns 7 through 9:

   5.488909553876562e-03   5.488909553876570e-03   5.488909553876566e-03
   5.492121686211195e-03   5.492121686211198e-03   5.492121686211190e-03
   5.450121982206662e-03   5.450121982206649e-03   5.450121982206665e-03
   5.225322965130797e-03   5.225322965130792e-03   5.225322965130790e-03
   5.414829157738406e-03   5.414829157738411e-03   5.414829157738407e-03

 Columns 10 through 12:

   5.488909553876569e-03   5.488909553876566e-03   5.488909553876567e-03
   5.492121686211189e-03   5.492121686211193e-03   5.492121686211190e-03
   5.450121982206650e-03   5.450121982206661e-03   5.450121982206661e-03
   5.225322965130791e-03   5.225322965130794e-03   5.225322965130793e-03
   5.414829157738409e-03   5.414829157738409e-03   5.414829157738409e-03

 Columns 13 through 15:

   5.488909553876566e-03   5.488909553876568e-03   5.488909553876567e-03
   5.492121686211189e-03   5.492121686211189e-03   5.492121686211192e-03
   5.450121982206664e-03   5.450121982206664e-03   5.450121982206662e-03
   5.225322965130795e-03   5.225322965130794e-03   5.225322965130793e-03
   5.414829157738410e-03   5.414829157738409e-03   5.414829157738407e-03

ans = 1.434703413442599e-20
ans = -3.455443611363704e-21
ans = -3.452548479219768e-21
ans = -6.431329262599790e-23
ans = -3.447068407661605e-21
ans = -6.803560538248653e-23
ans = -6.886278599503955e-23
ans = -5.893661864440322e-23
ans = -3.451721298607215e-21
ans = -6.431329262599790e-23
ans = -3.456063996823119e-21
ans = 3.327540809147692e-21
ans = -3.445414046436499e-21
ans = 3.319579195751869e-21
ans = -3.449549949499264e-21
nbcr = 15
lambda0 = 3.501084296647659
kmpl_prod = 0.180000000000000
 Time :      1.00000
 Time :      2.00000
 Time :      3.01000
 Time :      4.01000
 Time :      5.01000
 Time :      6.01000
 Time :      7.01000
 Time :      8.01000
 Time :      9.01000
 Time :     10.01000
 Time :     11.01000
 Time :     12.01000
 Time :     13.01000
 Time :     14.01000
 Time :     15.01000
 Time :     16.01000
 Time :     17.01000
 Time :     18.00000
 Time :     19.00000
 Time :     20.00000
 Time :     21.00000
 Time :     22.00000
 Time :     23.00000
 Time :     24.00000
 Time :     25.00000
 Time :     26.00000
 Time :     27.00000
 Time :     28.00000
 Time :     29.00000
 Time :     30.00000
 Time :     31.00000
 Time :     32.00000
 Time :     33.00000
 Time :     34.00000
 Time :     35.00000
dtime = 70.86707688868046
mbcr =

 Columns 1 through 3:

   3.279432181940982e-05   5.170008083279369e-04   3.274610919230940e-03

 Columns 4 through 6:

   2.949549068265607e-02   5.690926739807541e-03   2.699232352477471e-02

agsout =

 Columns 1 through 3:

   5.022660418808790e-02   5.488909553876570e-03   5.488909553876567e-03
   4.924350386123443e-02   5.492121686211175e-03   5.492121686211194e-03
   4.343480510720658e-02   5.450121982206658e-03   5.450121982206651e-03
   6.647049948060526e-03   5.225322965130783e-03   5.225322965130786e-03
   3.872705438359967e-02   5.414829157738411e-03   5.414829157738412e-03
   8.574313756201300e-03   5.224720182644700e-03   5.224720182644691e-03

 Columns 4 through 6:

   5.488909553876566e-03   5.488909553876562e-03   5.488909553876571e-03
   5.492121686211181e-03   5.492121686211192e-03   5.492121686211184e-03
   5.450121982206666e-03   5.450121982206664e-03   5.450121982206655e-03
   5.225322965130791e-03   5.225322965130794e-03   5.225322965130791e-03
   5.414829157738412e-03   5.414829157738416e-03   5.414829157738408e-03
   5.224720182644700e-03   5.224720182644706e-03   5.224720182644704e-03

 Columns 7 through 9:

   5.488909553876562e-03   5.488909553876570e-03   5.488909553876566e-03
   5.492121686211195e-03   5.492121686211198e-03   5.492121686211190e-03
   5.450121982206662e-03   5.450121982206649e-03   5.450121982206665e-03
   5.225322965130797e-03   5.225322965130792e-03   5.225322965130790e-03
   5.414829157738406e-03   5.414829157738411e-03   5.414829157738407e-03
   5.224720182644706e-03   5.224720182644707e-03   5.224720182644705e-03

 Columns 10 through 12:

   5.488909553876569e-03   5.488909553876566e-03   5.488909553876567e-03
   5.492121686211189e-03   5.492121686211193e-03   5.492121686211190e-03
   5.450121982206650e-03   5.450121982206661e-03   5.450121982206661e-03
   5.225322965130791e-03   5.225322965130794e-03   5.225322965130793e-03
   5.414829157738409e-03   5.414829157738409e-03   5.414829157738409e-03
   5.224720182644707e-03   5.224720182644706e-03   5.224720182644708e-03

 Columns 13 through 15:

   5.488909553876566e-03   5.488909553876568e-03   5.488909553876567e-03
   5.492121686211189e-03   5.492121686211189e-03   5.492121686211192e-03
   5.450121982206664e-03   5.450121982206664e-03   5.450121982206662e-03
   5.225322965130795e-03   5.225322965130794e-03   5.225322965130793e-03
   5.414829157738410e-03   5.414829157738409e-03   5.414829157738407e-03
   5.224720182644708e-03   5.224720182644707e-03   5.224720182644707e-03

ans = 3.891057601449442e-21
ans = 5.267486140737680e-21
ans = 8.654894146718898e-21
ans = 1.204850600729426e-20
ans = 8.655721327331451e-21
ans = 5.275551151710072e-21
ans = 1.204550747757376e-20
ans = 8.660064025547354e-21
ans = 1.879457749297048e-21
ans = 1.204819581456456e-20
ans = 1.204829921214112e-20
ans = 5.272035634106722e-21
ans = 1.543198490536585e-20
ans = 8.652309207304669e-21
ans = 1.204302593573610e-20
