warning: function /home/surgeon/flu/amcode/perelson21/1d2agt/4paper/2submit/run.m shadows a core library function
warning: called from
    driver at line 1 column 1

lambda0 = 3.501084296647659
kmpl_prod = 0.180000000000000
dkps =

 Columns 1 through 3:

   8.600870695966618e+00   3.400965658195119e+00   2.447437363710361e+02

 Columns 4 through 6:

   9.526953220243380e+00   1.080029437635466e+02   1.234356131107545e+01

nbcr = 2
lambda0 = 3.501084296647659
kmpl_prod = 0.180000000000000
 Time :      1.00000
 Time :      2.00000
 Time :      3.01000
 Time :      4.01000
 Time :      5.01000
 Time :      6.01000
 Time :      7.01000
 Time :      8.01000
 Time :      9.01000
 Time :     10.01000
 Time :     11.01000
 Time :     12.01000
 Time :     13.01000
 Time :     14.01000
 Time :     15.01000
 Time :     16.01000
 Time :     17.01000
 Time :     18.00000
 Time :     19.00000
 Time :     20.00000
 Time :     21.00000
 Time :     22.00000
 Time :     23.00000
 Time :     24.00000
 Time :     25.00000
 Time :     26.00000
 Time :     27.00000
 Time :     28.00000
 Time :     29.00000
 Time :     30.00000
 Time :     31.00000
 Time :     32.00000
 Time :     33.00000
 Time :     34.00000
 Time :     35.00000
dtime = 4.999399557709694
mbcr = 0.500000000000000
agsout =

   1.110448042063631e-02   1.110448042063631e-02

ans = 7.297823168572178e-21
ans = -3.232570135068948e-21
nbcr = 2
lambda0 = 3.501084296647659
kmpl_prod = 0.180000000000000
 Time :      1.00000
 Time :      2.00000
 Time :      3.01000
 Time :      4.01000
 Time :      5.01000
 Time :      6.01000
 Time :      7.01000
 Time :      8.01000
 Time :      9.01000
 Time :     10.01000
 Time :     11.01000
 Time :     12.01000
 Time :     13.01000
 Time :     14.01000
 Time :     15.01000
 Time :     16.01000
 Time :     17.01000
 Time :     18.00000
 Time :     19.00000
 Time :     20.00000
 Time :     21.00000
 Time :     22.00000
 Time :     23.00000
 Time :     24.00000
 Time :     25.00000
 Time :     26.00000
 Time :     27.00000
 Time :     28.00000
 Time :     29.00000
 Time :     30.00000
 Time :     31.00000
 Time :     32.00000
 Time :     33.00000
 Time :     34.00000
 Time :     35.00000
dtime = 5.066639184951782
mbcr =

   0.500000000000000   0.586175122686068

agsout =

   1.110448042063631e-02   1.110448042063631e-02
   2.890204459670225e-03   1.112316896650264e-02

ans = 1.215748705299812e-20
ans = 1.414677887800573e-20
nbcr = 2
lambda0 = 3.501084296647659
kmpl_prod = 0.180000000000000
 Time :      1.00000
 Time :      2.00000
 Time :      3.01000
 Time :      4.01000
 Time :      5.01000
 Time :      6.01000
 Time :      7.01000
 Time :      8.01000
 Time :      9.01000
 Time :     10.01000
 Time :     11.01000
 Time :     12.01000
 Time :     13.01000
 Time :     14.01000
 Time :     15.01000
 Time :     16.01000
 Time :     17.01000
 Time :     18.00000
 Time :     19.00000
 Time :     20.00000
 Time :     21.00000
 Time :     22.00000
 Time :     23.00000
 Time :     24.00000
 Time :     25.00000
 Time :     26.00000
 Time :     27.00000
 Time :     28.00000
 Time :     29.00000
 Time :     30.00000
 Time :     31.00000
 Time :     32.00000
 Time :     33.00000
 Time :     34.00000
 Time :     35.00000
dtime = 4.956712201237679
mbcr =

   0.500000000000000   0.586175122686068   0.610235645153033

agsout =

   1.110448042063631e-02   1.110448042063631e-02
   2.890204459670225e-03   1.112316896650264e-02
   9.528413455898078e-04   1.130645263421186e-02

ans = 2.706534964273507e-21
ans = -7.117074915103321e-21
nbcr = 2
lambda0 = 3.501084296647659
kmpl_prod = 0.180000000000000
 Time :      1.00000
 Time :      2.00000
 Time :      3.01000
 Time :      4.01000
 Time :      5.01000
 Time :      6.01000
 Time :      7.01000
 Time :      8.01000
 Time :      9.01000
 Time :     10.01000
 Time :     11.01000
 Time :     12.01000
 Time :     13.01000
 Time :     14.01000
 Time :     15.01000
 Time :     16.01000
 Time :     17.01000
 Time :     18.00000
 Time :     19.00000
 Time :     20.00000
 Time :     21.00000
 Time :     22.00000
 Time :     23.00000
 Time :     24.00000
 Time :     25.00000
 Time :     26.00000
 Time :     27.00000
 Time :     28.00000
 Time :     29.00000
 Time :     30.00000
 Time :     31.00000
 Time :     32.00000
 Time :     33.00000
 Time :     34.00000
 Time :     35.00000
dtime = 4.924746975302696
mbcr =

   0.500000000000000   0.586175122686068   0.610235645153033   0.559169821676464

agsout =

   1.110448042063631e-02   1.110448042063631e-02
   2.890204459670225e-03   1.112316896650264e-02
   9.528413455898078e-04   1.130645263421186e-02
   5.281628760740312e-03   1.103182755630703e-02

ans = 8.606374833913834e-21
ans = 1.014227474801435e-20
nbcr = 2
lambda0 = 3.501084296647659
kmpl_prod = 0.180000000000000
 Time :      1.00000
 Time :      2.00000
 Time :      3.01000
 Time :      4.01000
 Time :      5.01000
 Time :      6.01000
 Time :      7.01000
 Time :      8.01000
 Time :      9.01000
 Time :     10.01000
 Time :     11.01000
 Time :     12.01000
 Time :     13.01000
 Time :     14.01000
 Time :     15.01000
 Time :     16.01000
 Time :     17.01000
 Time :     18.00000
 Time :     19.00000
 Time :     20.00000
 Time :     21.00000
 Time :     22.00000
 Time :     23.00000
 Time :     24.00000
 Time :     25.00000
 Time :     26.00000
 Time :     27.00000
 Time :     28.00000
 Time :     29.00000
 Time :     30.00000
 Time :     31.00000
 Time :     32.00000
 Time :     33.00000
 Time :     34.00000
 Time :     35.00000
dtime = 4.928468540310860
mbcr =

 Columns 1 through 4:

   0.500000000000000   0.586175122686068   0.610235645153033   0.559169821676464

 Column 5:

   0.589674150652734

agsout =

   1.110448042063631e-02   1.110448042063631e-02
   2.890204459670225e-03   1.112316896650264e-02
   9.528413455898078e-04   1.130645263421186e-02
   5.281628760740312e-03   1.103182755630703e-02
   2.562458461557868e-03   1.113289598448659e-02

ans = -6.588493578984865e-22
ans = 1.953128522602552e-21
nbcr = 2
lambda0 = 3.501084296647659
kmpl_prod = 0.180000000000000
 Time :      1.00000
 Time :      2.00000
 Time :      3.01000
 Time :      4.01000
 Time :      5.01000
 Time :      6.01000
 Time :      7.01000
 Time :      8.01000
 Time :      9.01000
 Time :     10.01000
 Time :     11.01000
 Time :     12.01000
 Time :     13.01000
 Time :     14.01000
 Time :     15.01000
 Time :     16.01000
 Time :     17.01000
 Time :     18.00000
 Time :     19.00000
 Time :     20.00000
 Time :     21.00000
 Time :     22.00000
 Time :     23.00000
 Time :     24.00000
 Time :     25.00000
 Time :     26.00000
 Time :     27.00000
 Time :     28.00000
 Time :     29.00000
 Time :     30.00000
 Time :     31.00000
 Time :     32.00000
 Time :     33.00000
 Time :     34.00000
 Time :     35.00000
dtime = 4.840579256415367
mbcr =

 Columns 1 through 4:

   0.500000000000000   0.586175122686068   0.610235645153033   0.559169821676464

 Columns 5 and 6:

   0.589674150652734   0.563871506901234

agsout =

   1.110448042063631e-02   1.110448042063631e-02
   2.890204459670225e-03   1.112316896650264e-02
   9.528413455898078e-04   1.130645263421186e-02
   5.281628760740312e-03   1.103182755630703e-02
   2.562458461557868e-03   1.113289598448659e-02
   5.119495069218368e-03   1.096442104363240e-02

ans = 8.724971854238625e-21
ans = 7.384932799554184e-21
dkps =

 Columns 1 through 3:

   6.906485335357092e-01   1.700023810610939e+01   6.960410140086904e+00

 Columns 4 through 6:

   3.661130036174885e+01   1.136660760775755e+02   3.820591088119085e+00

nbcr = 3
lambda0 = 3.501084296647659
kmpl_prod = 0.180000000000000
 Time :      1.00000
 Time :      2.00000
 Time :      3.01000
 Time :      4.01000
 Time :      5.01000
 Time :      6.01000
 Time :      7.01000
 Time :      8.01000
 Time :      9.01000
 Time :     10.01000
 Time :     11.01000
 Time :     12.01000
 Time :     13.01000
 Time :     14.01000
 Time :     15.01000
 Time :     16.01000
 Time :     17.01000
 Time :     18.00000
 Time :     19.00000
 Time :     20.00000
 Time :     21.00000
 Time :     22.00000
 Time :     23.00000
 Time :     24.00000
 Time :     25.00000
 Time :     26.00000
 Time :     27.00000
 Time :     28.00000
 Time :     29.00000
 Time :     30.00000
 Time :     31.00000
 Time :     32.00000
 Time :     33.00000
 Time :     34.00000
 Time :     35.00000
dtime = 11.04020364582539
mbcr = 0.333333333333333
agsout =

   8.632278872128881e-03   8.632278872128890e-03   8.632278872128887e-03

ans = 6.676963130436826e-22
ans = 7.828527790081352e-21
ans = 1.460437777780948e-20
nbcr = 3
lambda0 = 3.501084296647659
kmpl_prod = 0.180000000000000
 Time :      1.00000
 Time :      2.00000
 Time :      3.01000
 Time :      4.01000
 Time :      5.01000
 Time :      6.01000
 Time :      7.01000
 Time :      8.01000
 Time :      9.01000
 Time :     10.01000
 Time :     11.01000
 Time :     12.01000
 Time :     13.01000
 Time :     14.01000
 Time :     15.01000
 Time :     16.01000
 Time :     17.01000
 Time :     18.00000
 Time :     19.00000
 Time :     20.00000
 Time :     21.00000
 Time :     22.00000
 Time :     23.00000
 Time :     24.00000
 Time :     25.00000
 Time :     26.00000
 Time :     27.00000
 Time :     28.00000
 Time :     29.00000
 Time :     30.00000
 Time :     31.00000
 Time :     32.00000
 Time :     33.00000
 Time :     34.00000
 Time :     35.00000
dtime = 12.24008649587631
mbcr =

   0.333333333333333   0.473135375548282

agsout =

   8.632278872128881e-03   8.632278872128890e-03   8.632278872128887e-03
   4.181443607969605e-04   9.338770717474621e-03   9.338770717474621e-03

ans = 3.586655136029928e-21
ans = -9.998804148176145e-22
ans = -1.001302131495440e-21
nbcr = 3
lambda0 = 3.501084296647659
kmpl_prod = 0.180000000000000
 Time :      1.00000
 Time :      2.00000
 Time :      3.01000
 Time :      4.01000
 Time :      5.01000
 Time :      6.01000
 Time :      7.01000
 Time :      8.01000
 Time :      9.01000
 Time :     10.01000
 Time :     11.01000
 Time :     12.01000
 Time :     13.01000
 Time :     14.01000
 Time :     15.01000
 Time :     16.01000
 Time :     17.01000
 Time :     18.00000
 Time :     19.00000
 Time :     20.00000
 Time :     21.00000
 Time :     22.00000
 Time :     23.00000
 Time :     24.00000
 Time :     25.00000
 Time :     26.00000
 Time :     27.00000
 Time :     28.00000
 Time :     29.00000
 Time :     30.00000
 Time :     31.00000
 Time :     32.00000
 Time :     33.00000
 Time :     34.00000
 Time :     35.00000
dtime = 12.09432184696198
mbcr =

   0.333333333333333   0.473135375548282   0.465841350973604

agsout =

   8.632278872128881e-03   8.632278872128890e-03   8.632278872128887e-03
   4.181443607969605e-04   9.338770717474621e-03   9.338770717474621e-03
   7.354186655472708e-04   9.189257627308184e-03   9.189257627308187e-03

ans = 1.030501607118562e-20
ans = 6.182968283680744e-21
ans = 9.566343784175765e-21
nbcr = 3
lambda0 = 3.501084296647659
kmpl_prod = 0.180000000000000
 Time :      1.00000
 Time :      2.00000
 Time :      3.01000
 Time :      4.01000
 Time :      5.01000
 Time :      6.01000
 Time :      7.01000
 Time :      8.01000
 Time :      9.01000
 Time :     10.01000
 Time :     11.01000
 Time :     12.01000
 Time :     13.01000
 Time :     14.01000
 Time :     15.01000
 Time :     16.01000
 Time :     17.01000
 Time :     18.00000
 Time :     19.00000
 Time :     20.00000
 Time :     21.00000
 Time :     22.00000
 Time :     23.00000
 Time :     24.00000
 Time :     25.00000
 Time :     26.00000
 Time :     27.00000
 Time :     28.00000
 Time :     29.00000
 Time :     30.00000
 Time :     31.00000
 Time :     32.00000
 Time :     33.00000
 Time :     34.00000
 Time :     35.00000
dtime = 11.76037676632404
mbcr =

   0.333333333333333   0.473135375548282   0.465841350973604   0.468542208422679

agsout =

   8.632278872128881e-03   8.632278872128890e-03   8.632278872128887e-03
   4.181443607969605e-04   9.338770717474621e-03   9.338770717474621e-03
   7.354186655472708e-04   9.189257627308184e-03   9.189257627308187e-03
   6.285613192647153e-04   9.206631340536561e-03   9.206631340536564e-03

ans = 4.261634515873199e-21
ans = -1.941703090391663e-21
ans = 1.447255879238091e-21
nbcr = 3
lambda0 = 3.501084296647659
kmpl_prod = 0.180000000000000
 Time :      1.00000
 Time :      2.00000
 Time :      3.01000
 Time :      4.01000
 Time :      5.01000
 Time :      6.01000
 Time :      7.01000
 Time :      8.01000
 Time :      9.01000
 Time :     10.01000
 Time :     11.01000
 Time :     12.01000
 Time :     13.01000
 Time :     14.01000
 Time :     15.01000
 Time :     16.01000
 Time :     17.01000
 Time :     18.00000
 Time :     19.00000
 Time :     20.00000
 Time :     21.00000
 Time :     22.00000
 Time :     23.00000
 Time :     24.00000
 Time :     25.00000
 Time :     26.00000
 Time :     27.00000
 Time :     28.00000
 Time :     29.00000
 Time :     30.00000
 Time :     31.00000
 Time :     32.00000
 Time :     33.00000
 Time :     34.00000
 Time :     35.00000
dtime = 11.35144717991352
mbcr =

 Columns 1 through 4:

   0.333333333333333   0.473135375548282   0.465841350973604   0.468542208422679

 Column 5:

   0.450917601337094

agsout =

   8.632278872128881e-03   8.632278872128890e-03   8.632278872128887e-03
   4.181443607969605e-04   9.338770717474621e-03   9.338770717474621e-03
   7.354186655472708e-04   9.189257627308184e-03   9.189257627308187e-03
   6.285613192647153e-04   9.206631340536561e-03   9.206631340536564e-03
   1.278068124983283e-03   9.112745478854628e-03   9.112745478854628e-03

ans = -6.925983268906501e-21
ans = -2.786306194596589e-21
ans = -2.786306194596589e-21
nbcr = 3
lambda0 = 3.501084296647659
kmpl_prod = 0.180000000000000
 Time :      1.00000
 Time :      2.00000
 Time :      3.01000
 Time :      4.01000
 Time :      5.01000
 Time :      6.01000
 Time :      7.01000
 Time :      8.01000
 Time :      9.01000
 Time :     10.01000
 Time :     11.01000
 Time :     12.01000
 Time :     13.01000
 Time :     14.01000
 Time :     15.01000
 Time :     16.01000
 Time :     17.01000
 Time :     18.00000
 Time :     19.00000
 Time :     20.00000
 Time :     21.00000
 Time :     22.00000
 Time :     23.00000
 Time :     24.00000
 Time :     25.00000
 Time :     26.00000
 Time :     27.00000
 Time :     28.00000
 Time :     29.00000
 Time :     30.00000
 Time :     31.00000
 Time :     32.00000
 Time :     33.00000
 Time :     34.00000
 Time :     35.00000
dtime = 11.41306422650814
mbcr =

 Columns 1 through 4:

   0.333333333333333   0.473135375548282   0.465841350973604   0.468542208422679

 Columns 5 and 6:

   0.450917601337094   0.411266300831999

agsout =

   8.632278872128881e-03   8.632278872128890e-03   8.632278872128887e-03
   4.181443607969605e-04   9.338770717474621e-03   9.338770717474621e-03
   7.354186655472708e-04   9.189257627308184e-03   9.189257627308187e-03
   6.285613192647153e-04   9.206631340536561e-03   9.206631340536564e-03
   1.278068124983283e-03   9.112745478854628e-03   9.112745478854628e-03
   3.252530984099218e-03   8.773654981739964e-03   8.773654981739962e-03

ans = 6.999731590394432e-21
ans = -9.515756519839319e-21
ans = -6.130752507513334e-21
dkps =

 Columns 1 through 3:

   2.972645769913062e+00   4.295262725409305e+01   4.801169442309981e+01

 Columns 4 through 6:

   1.785921604143333e+00   2.036698741108593e+01   7.096063783300300e+00

nbcr = 4
lambda0 = 3.501084296647659
kmpl_prod = 0.180000000000000
 Time :      1.00000
 Time :      2.00000
 Time :      3.01000
 Time :      4.01000
 Time :      5.01000
 Time :      6.01000
 Time :      7.01000
 Time :      8.01000
 Time :      9.01000
 Time :     10.01000
 Time :     11.01000
 Time :     12.01000
 Time :     13.01000
 Time :     14.01000
 Time :     15.01000
 Time :     16.01000
 Time :     17.01000
 Time :     18.00000
 Time :     19.00000
 Time :     20.00000
 Time :     21.00000
 Time :     22.00000
 Time :     23.00000
 Time :     24.00000
 Time :     25.00000
 Time :     26.00000
 Time :     27.00000
 Time :     28.00000
 Time :     29.00000
 Time :     30.00000
 Time :     31.00000
 Time :     32.00000
 Time :     33.00000
 Time :     34.00000
 Time :     35.00000
dtime = 17.55517534911633
mbcr = 0.250000000000000
agsout =

 Columns 1 through 3:

   7.396322285675617e-03   7.396322285675630e-03   7.396322285675626e-03

 Column 4:

   7.396322285675627e-03

ans = 8.617425449909660e-21
ans = 2.121227132709813e-21
ans = 5.511349325075970e-21
ans = -1.265069349323287e-21
nbcr = 4
lambda0 = 3.501084296647659
kmpl_prod = 0.180000000000000
 Time :      1.00000
 Time :      2.00000
 Time :      3.01000
 Time :      4.01000
 Time :      5.01000
 Time :      6.01000
 Time :      7.01000
 Time :      8.01000
 Time :      9.01000
 Time :     10.01000
 Time :     11.01000
 Time :     12.01000
 Time :     13.01000
 Time :     14.01000
 Time :     15.01000
 Time :     16.01000
 Time :     17.01000
 Time :     18.00000
 Time :     19.00000
 Time :     20.00000
 Time :     21.00000
 Time :     22.00000
 Time :     23.00000
 Time :     24.00000
 Time :     25.00000
 Time :     26.00000
 Time :     27.00000
 Time :     28.00000
 Time :     29.00000
 Time :     30.00000
 Time :     31.00000
 Time :     32.00000
 Time :     33.00000
 Time :     34.00000
 Time :     35.00000
dtime = 18.16223300993443
mbcr =

   0.250000000000000   0.384652794169752

agsout =

 Columns 1 through 3:

   7.396322285675617e-03   7.396322285675630e-03   7.396322285675626e-03
   6.980174862456321e-04   8.130655070996381e-03   8.130655070996393e-03

 Column 4:

   7.396322285675627e-03
   8.130655070996388e-03

ans = 7.279189390466644e-22
ans = 1.328141871030455e-21
ans = 1.331709087422090e-21
ans = 8.111333086694989e-21
nbcr = 4
lambda0 = 3.501084296647659
kmpl_prod = 0.180000000000000
 Time :      1.00000
 Time :      2.00000
 Time :      3.01000
 Time :      4.01000
 Time :      5.01000
 Time :      6.01000
 Time :      7.01000
 Time :      8.01000
 Time :      9.01000
 Time :     10.01000
 Time :     11.01000
 Time :     12.01000
 Time :     13.01000
 Time :     14.01000
 Time :     15.01000
 Time :     16.01000
 Time :     17.01000
 Time :     18.00000
 Time :     19.00000
 Time :     20.00000
 Time :     21.00000
 Time :     22.00000
 Time :     23.00000
 Time :     24.00000
 Time :     25.00000
 Time :     26.00000
 Time :     27.00000
 Time :     28.00000
 Time :     29.00000
 Time :     30.00000
 Time :     31.00000
 Time :     32.00000
 Time :     33.00000
 Time :     34.00000
 Time :     35.00000
dtime = 17.81973838806152
mbcr =

   0.250000000000000   0.384652794169752   0.363398003672506

agsout =

 Columns 1 through 3:

   7.396322285675617e-03   7.396322285675630e-03   7.396322285675626e-03
   6.980174862456321e-04   8.130655070996381e-03   8.130655070996393e-03
   1.318248165078098e-03   7.948654910513431e-03   7.948654910513418e-03

 Column 4:

   7.396322285675627e-03
   8.130655070996388e-03
   7.948654910513423e-03

ans = -4.669020967555565e-21
ans = -2.989999420437772e-21
ans = -6.370376391212289e-21
ans = -6.380716148869202e-21
nbcr = 4
lambda0 = 3.501084296647659
kmpl_prod = 0.180000000000000
 Time :      1.00000
 Time :      2.00000
 Time :      3.01000
 Time :      4.01000
 Time :      5.01000
 Time :      6.01000
 Time :      7.01000
 Time :      8.01000
 Time :      9.01000
 Time :     10.01000
 Time :     11.01000
 Time :     12.01000
 Time :     13.01000
 Time :     14.01000
 Time :     15.01000
 Time :     16.01000
 Time :     17.01000
 Time :     18.00000
 Time :     19.00000
 Time :     20.00000
 Time :     21.00000
 Time :     22.00000
 Time :     23.00000
 Time :     24.00000
 Time :     25.00000
 Time :     26.00000
 Time :     27.00000
 Time :     28.00000
 Time :     29.00000
 Time :     30.00000
 Time :     31.00000
 Time :     32.00000
 Time :     33.00000
 Time :     34.00000
 Time :     35.00000
dtime = 17.73283481597900
mbcr =

   0.250000000000000   0.384652794169752   0.363398003672506   0.348625062023147

agsout =

 Columns 1 through 3:

   7.396322285675617e-03   7.396322285675630e-03   7.396322285675626e-03
   6.980174862456321e-04   8.130655070996381e-03   8.130655070996393e-03
   1.318248165078098e-03   7.948654910513431e-03   7.948654910513418e-03
   1.864212383699786e-03   7.773454961513739e-03   7.773454961513740e-03

 Column 4:

   7.396322285675627e-03
   8.130655070996388e-03
   7.948654910513423e-03
   7.773454961513731e-03

ans = 6.427813744996440e-21
ans = 3.197053067517452e-22
ans = 3.184645358329157e-22
ans = 7.101448956344312e-21
nbcr = 4
lambda0 = 3.501084296647659
kmpl_prod = 0.180000000000000
 Time :      1.00000
 Time :      2.00000
 Time :      3.01000
 Time :      4.01000
 Time :      5.01000
 Time :      6.01000
 Time :      7.01000
 Time :      8.01000
 Time :      9.01000
 Time :     10.01000
 Time :     11.01000
 Time :     12.01000
 Time :     13.01000
 Time :     14.01000
 Time :     15.01000
 Time :     16.01000
 Time :     17.01000
 Time :     18.00000
 Time :     19.00000
 Time :     20.00000
 Time :     21.00000
 Time :     22.00000
 Time :     23.00000
 Time :     24.00000
 Time :     25.00000
 Time :     26.00000
 Time :     27.00000
 Time :     28.00000
 Time :     29.00000
 Time :     30.00000
 Time :     31.00000
 Time :     32.00000
 Time :     33.00000
 Time :     34.00000
 Time :     35.00000
dtime = 18.13872680068016
mbcr =

 Columns 1 through 4:

   0.250000000000000   0.384652794169752   0.363398003672506   0.348625062023147

 Column 5:

   0.402717473480946

agsout =

 Columns 1 through 3:

   7.396322285675617e-03   7.396322285675630e-03   7.396322285675626e-03
   6.980174862456321e-04   8.130655070996381e-03   8.130655070996393e-03
   1.318248165078098e-03   7.948654910513431e-03   7.948654910513418e-03
   1.864212383699786e-03   7.773454961513739e-03   7.773454961513740e-03
   3.594583248354565e-04   8.135764343579842e-03   8.135764343579842e-03

 Column 4:

   7.396322285675627e-03
   8.130655070996388e-03
   7.948654910513423e-03
   7.773454961513731e-03
   8.135764343579845e-03

ans = 5.955700410381799e-21
ans = 1.269101854809483e-21
ans = -2.122442054234500e-21
ans = 1.270549420881451e-21
nbcr = 4
lambda0 = 3.501084296647659
kmpl_prod = 0.180000000000000
 Time :      1.00000
 Time :      2.00000
 Time :      3.01000
 Time :      4.01000
 Time :      5.01000
 Time :      6.01000
 Time :      7.01000
 Time :      8.01000
 Time :      9.01000
 Time :     10.01000
 Time :     11.01000
 Time :     12.01000
 Time :     13.01000
 Time :     14.01000
 Time :     15.01000
 Time :     16.01000
 Time :     17.01000
 Time :     18.00000
 Time :     19.00000
 Time :     20.00000
 Time :     21.00000
 Time :     22.00000
 Time :     23.00000
 Time :     24.00000
 Time :     25.00000
 Time :     26.00000
 Time :     27.00000
 Time :     28.00000
 Time :     29.00000
 Time :     30.00000
 Time :     31.00000
 Time :     32.00000
 Time :     33.00000
 Time :     34.00000
 Time :     35.00000
dtime = 18.05544421076775
mbcr =

 Columns 1 through 4:

   0.250000000000000   0.384652794169752   0.363398003672506   0.348625062023147

 Columns 5 and 6:

   0.402717473480946   0.384832429615899

agsout =

 Columns 1 through 3:

   7.396322285675617e-03   7.396322285675630e-03   7.396322285675626e-03
   6.980174862456321e-04   8.130655070996381e-03   8.130655070996393e-03
   1.318248165078098e-03   7.948654910513431e-03   7.948654910513418e-03
   1.864212383699786e-03   7.773454961513739e-03   7.773454961513740e-03
   3.594583248354565e-04   8.135764343579842e-03   8.135764343579842e-03
   6.708841145976948e-04   8.105341413879363e-03   8.105341413879372e-03

 Column 4:

   7.396322285675627e-03
   8.130655070996388e-03
   7.948654910513423e-03
   7.773454961513731e-03
   8.135764343579845e-03
   8.105341413879362e-03

ans = -1.373119816838026e-21
ans = 6.437067828099377e-21
ans = -3.481913390965401e-22
ans = 3.046868087550793e-21
dkps =

 Columns 1 through 3:

   3.011429947408344e+01   5.368802690208764e+00   8.582737544200665e+00

 Columns 4 through 6:

   4.474687964518162e+00   1.338479673762179e+00   1.331578081734896e+00

nbcr = 5
lambda0 = 3.501084296647659
kmpl_prod = 0.180000000000000
 Time :      1.00000
 Time :      2.00000
 Time :      3.01000
 Time :      4.01000
 Time :      5.01000
 Time :      6.01000
 Time :      7.01000
 Time :      8.01000
 Time :      9.01000
 Time :     10.01000
 Time :     11.01000
 Time :     12.01000
 Time :     13.01000
 Time :     14.01000
 Time :     15.01000
 Time :     16.01000
 Time :     17.01000
 Time :     18.00000
 Time :     19.00000
 Time :     20.00000
 Time :     21.00000
 Time :     22.00000
 Time :     23.00000
 Time :     24.00000
 Time :     25.00000
 Time :     26.00000
 Time :     27.00000
 Time :     28.00000
 Time :     29.00000
 Time :     30.00000
 Time :     31.00000
 Time :     32.00000
 Time :     33.00000
 Time :     34.00000
 Time :     35.00000
dtime = 22.98210225999355
mbcr = 0.200000000000000
agsout =

 Columns 1 through 3:

   6.654776675632307e-03   6.654776675632309e-03   6.654776675632313e-03

 Columns 4 and 5:

   6.654776675632314e-03   6.654776675632316e-03

ans = -2.180577341660492e-21
ans = -3.797948083748942e-21
ans = -3.794018975839315e-21
ans = -3.798930360726349e-21
ans = -3.797017505559820e-21
nbcr = 5
lambda0 = 3.501084296647659
kmpl_prod = 0.180000000000000
 Time :      1.00000
 Time :      2.00000
 Time :      3.01000
 Time :      4.01000
 Time :      5.01000
 Time :      6.01000
 Time :      7.01000
 Time :      8.01000
 Time :      9.01000
 Time :     10.01000
 Time :     11.01000
 Time :     12.01000
 Time :     13.01000
 Time :     14.01000
 Time :     15.01000
 Time :     16.01000
 Time :     17.01000
 Time :     18.00000
 Time :     19.00000
 Time :     20.00000
 Time :     21.00000
 Time :     22.00000
 Time :     23.00000
 Time :     24.00000
 Time :     25.00000
 Time :     26.00000
 Time :     27.00000
 Time :     28.00000
 Time :     29.00000
 Time :     30.00000
 Time :     31.00000
 Time :     32.00000
 Time :     33.00000
 Time :     34.00000
 Time :     35.00000
dtime = 22.98672907054424
mbcr =

   0.200000000000000   0.293350800630535

agsout =

 Columns 1 through 3:

   6.654776675632307e-03   6.654776675632309e-03   6.654776675632313e-03
   1.780079151264567e-03   7.037071869660678e-03   7.037071869660698e-03

 Columns 4 and 5:

   6.654776675632314e-03   6.654776675632316e-03
   7.037071869660694e-03   7.037071869660704e-03

ans = 2.203195561534989e-21
ans = 1.348976482709134e-20
ans = 1.348997162224448e-20
ans = 1.348717988767712e-20
ans = 1.349085050164532e-20
nbcr = 5
lambda0 = 3.501084296647659
kmpl_prod = 0.180000000000000
 Time :      1.00000
 Time :      2.00000
 Time :      3.01000
 Time :      4.01000
 Time :      5.01000
 Time :      6.01000
 Time :      7.01000
 Time :      8.01000
 Time :      9.01000
 Time :     10.01000
 Time :     11.01000
 Time :     12.01000
 Time :     13.01000
 Time :     14.01000
 Time :     15.01000
 Time :     16.01000
 Time :     17.01000
 Time :     18.00000
 Time :     19.00000
 Time :     20.00000
 Time :     21.00000
 Time :     22.00000
 Time :     23.00000
 Time :     24.00000
 Time :     25.00000
 Time :     26.00000
 Time :     27.00000
 Time :     28.00000
 Time :     29.00000
 Time :     30.00000
 Time :     31.00000
 Time :     32.00000
 Time :     33.00000
 Time :     34.00000
 Time :     35.00000
dtime = 22.85822443664074
mbcr =

   0.200000000000000   0.293350800630535   0.346106931045792

agsout =

 Columns 1 through 3:

   6.654776675632307e-03   6.654776675632309e-03   6.654776675632313e-03
   1.780079151264567e-03   7.037071869660678e-03   7.037071869660698e-03
   5.043646759001628e-04   7.419518374164024e-03   7.419518374164038e-03

 Columns 4 and 5:

   6.654776675632314e-03   6.654776675632316e-03
   7.037071869660694e-03   7.037071869660704e-03
   7.419518374164036e-03   7.419518374164030e-03

ans = 1.102962628778207e-20
ans = -5.990338598532457e-22
ans = -5.980515828758390e-22
ans = -5.936571858716510e-22
ans = -5.987236671235383e-22
nbcr = 5
lambda0 = 3.501084296647659
kmpl_prod = 0.180000000000000
 Time :      1.00000
 Time :      2.00000
 Time :      3.01000
 Time :      4.01000
 Time :      5.01000
 Time :      6.01000
 Time :      7.01000
 Time :      8.01000
 Time :      9.01000
 Time :     10.01000
 Time :     11.01000
 Time :     12.01000
 Time :     13.01000
 Time :     14.01000
 Time :     15.01000
 Time :     16.01000
 Time :     17.01000
 Time :     18.00000
 Time :     19.00000
 Time :     20.00000
 Time :     21.00000
 Time :     22.00000
 Time :     23.00000
 Time :     24.00000
 Time :     25.00000
 Time :     26.00000
 Time :     27.00000
 Time :     28.00000
 Time :     29.00000
 Time :     30.00000
 Time :     31.00000
 Time :     32.00000
 Time :     33.00000
 Time :     34.00000
 Time :     35.00000
dtime = 23.03238362073898
mbcr =

   0.200000000000000   0.293350800630535   0.346106931045792   0.353499947544713

agsout =

 Columns 1 through 3:

   6.654776675632307e-03   6.654776675632309e-03   6.654776675632313e-03
   1.780079151264567e-03   7.037071869660678e-03   7.037071869660698e-03
   5.043646759001628e-04   7.419518374164024e-03   7.419518374164038e-03
   3.929886708232734e-04   7.432810881293237e-03   7.432810881293250e-03

 Columns 4 and 5:

   6.654776675632314e-03   6.654776675632316e-03
   7.037071869660694e-03   7.037071869660704e-03
   7.419518374164036e-03   7.419518374164030e-03
   7.432810881293240e-03   7.432810881293234e-03

ans = 6.815968247436948e-21
ans = 3.412326821934377e-21
ans = 3.418944266834802e-21
ans = 3.412120026781239e-21
ans = 2.347124988119216e-23
nbcr = 5
lambda0 = 3.501084296647659
kmpl_prod = 0.180000000000000
 Time :      1.00000
 Time :      2.00000
 Time :      3.01000
 Time :      4.01000
 Time :      5.01000
 Time :      6.01000
 Time :      7.01000
 Time :      8.01000
 Time :      9.01000
 Time :     10.01000
 Time :     11.01000
 Time :     12.01000
 Time :     13.01000
 Time :     14.01000
 Time :     15.01000
 Time :     16.01000
 Time :     17.01000
 Time :     18.00000
 Time :     19.00000
 Time :     20.00000
 Time :     21.00000
 Time :     22.00000
 Time :     23.00000
 Time :     24.00000
 Time :     25.00000
 Time :     26.00000
 Time :     27.00000
 Time :     28.00000
 Time :     29.00000
 Time :     30.00000
 Time :     31.00000
 Time :     32.00000
 Time :     33.00000
 Time :     34.00000
 Time :     35.00000
dtime = 24.02261160314083
mbcr =

 Columns 1 through 4:

   0.200000000000000   0.293350800630535   0.346106931045792   0.353499947544713

 Column 5:

   0.358103008089225

agsout =

 Columns 1 through 3:

   6.654776675632307e-03   6.654776675632309e-03   6.654776675632313e-03
   1.780079151264567e-03   7.037071869660678e-03   7.037071869660698e-03
   5.043646759001628e-04   7.419518374164024e-03   7.419518374164038e-03
   3.929886708232734e-04   7.432810881293237e-03   7.432810881293250e-03
   2.779139881654120e-04   7.458507199562769e-03   7.458507199562779e-03

 Columns 4 and 5:

   6.654776675632314e-03   6.654776675632316e-03
   7.037071869660694e-03   7.037071869660704e-03
   7.419518374164036e-03   7.419518374164030e-03
   7.432810881293240e-03   7.432810881293234e-03
   7.458507199562778e-03   7.458507199562771e-03

ans = 6.286572655403010e-21
ans = -3.219490341632953e-21
ans = 1.699856158796472e-22
ans = -3.214734053110773e-21
ans = -3.216905402218725e-21
nbcr = 5
lambda0 = 3.501084296647659
kmpl_prod = 0.180000000000000
 Time :      1.00000
 Time :      2.00000
 Time :      3.01000
 Time :      4.01000
 Time :      5.01000
 Time :      6.01000
 Time :      7.01000
 Time :      8.01000
 Time :      9.01000
 Time :     10.01000
 Time :     11.01000
 Time :     12.01000
 Time :     13.01000
 Time :     14.01000
 Time :     15.01000
 Time :     16.01000
 Time :     17.01000
 Time :     18.00000
 Time :     19.00000
 Time :     20.00000
 Time :     21.00000
 Time :     22.00000
 Time :     23.00000
 Time :     24.00000
 Time :     25.00000
 Time :     26.00000
 Time :     27.00000
 Time :     28.00000
 Time :     29.00000
 Time :     30.00000
 Time :     31.00000
 Time :     32.00000
 Time :     33.00000
 Time :     34.00000
 Time :     35.00000
dtime = 23.99348281323910
mbcr =

 Columns 1 through 4:

   0.200000000000000   0.293350800630535   0.346106931045792   0.353499947544713

 Columns 5 and 6:

   0.358103008089225   0.369042398580011

agsout =

 Columns 1 through 3:

   6.654776675632307e-03   6.654776675632309e-03   6.654776675632313e-03
   1.780079151264567e-03   7.037071869660678e-03   7.037071869660698e-03
   5.043646759001628e-04   7.419518374164024e-03   7.419518374164038e-03
   3.929886708232734e-04   7.432810881293237e-03   7.432810881293250e-03
   2.779139881654120e-04   7.458507199562769e-03   7.458507199562779e-03
   1.162102428743132e-04   7.479670629134947e-03   7.479670629134921e-03

 Columns 4 and 5:

   6.654776675632314e-03   6.654776675632316e-03
   7.037071869660694e-03   7.037071869660704e-03
   7.419518374164036e-03   7.419518374164030e-03
   7.432810881293240e-03   7.432810881293234e-03
   7.458507199562778e-03   7.458507199562771e-03
   7.479670629134917e-03   7.479670629134906e-03

ans = 5.611593275559740e-21
ans = 3.769151858674440e-21
ans = 3.777423664799970e-21
ans = 3.775769303574864e-21
ans = 7.165245261087464e-21
dkps =

 Columns 1 through 3:

   8.070195269320264e+00   3.637854737240190e+01   2.908129769159387e+00

 Columns 4 through 6:

   1.679165056361090e+01   2.157275471399069e+01   1.144400584859031e+00

nbcr = 7
lambda0 = 3.501084296647659
kmpl_prod = 0.180000000000000
 Time :      1.00000
 Time :      2.00000
 Time :      3.01000
 Time :      4.01000
 Time :      5.01000
 Time :      6.01000
 Time :      7.01000
 Time :      8.01000
 Time :      9.01000
 Time :     10.01000
 Time :     11.01000
 Time :     12.01000
 Time :     13.01000
 Time :     14.01000
 Time :     15.01000
 Time :     16.01000
 Time :     17.01000
 Time :     18.00000
 Time :     19.00000
 Time :     20.00000
 Time :     21.00000
 Time :     22.00000
 Time :     23.00000
 Time :     24.00000
 Time :     25.00000
 Time :     26.00000
 Time :     27.00000
 Time :     28.00000
 Time :     29.00000
 Time :     30.00000
 Time :     31.00000
 Time :     32.00000
 Time :     33.00000
 Time :     34.00000
 Time :     35.00000
dtime = 32.54905901849270
mbcr = 0.142857142857143
agsout =

 Columns 1 through 3:

   5.805757013961514e-03   5.805757013961522e-03   5.805757013961515e-03

 Columns 4 through 6:

   5.805757013961535e-03   5.805757013961533e-03   5.805757013961519e-03

 Column 7:

   5.805757013961519e-03

ans = 1.829234315183155e-20
ans = 4.537085659853357e-21
ans = 1.163532929132403e-21
ans = -2.232353678127483e-21
ans = 4.546701634474286e-21
ans = -5.617486937424180e-21
ans = -2.230182329019532e-21
nbcr = 7
lambda0 = 3.501084296647659
kmpl_prod = 0.180000000000000
 Time :      1.00000
 Time :      2.00000
 Time :      3.01000
 Time :      4.01000
 Time :      5.01000
 Time :      6.01000
 Time :      7.01000
 Time :      8.01000
 Time :      9.01000
 Time :     10.01000
 Time :     11.01000
 Time :     12.01000
 Time :     13.01000
 Time :     14.01000
 Time :     15.01000
 Time :     16.01000
 Time :     17.01000
 Time :     18.00000
 Time :     19.00000
 Time :     20.00000
 Time :     21.00000
 Time :     22.00000
 Time :     23.00000
 Time :     24.00000
 Time :     25.00000
 Time :     26.00000
 Time :     27.00000
 Time :     28.00000
 Time :     29.00000
 Time :     30.00000
 Time :     31.00000
 Time :     32.00000
 Time :     33.00000
 Time :     34.00000
 Time :     35.00000
dtime = 32.26506337523460
mbcr =

   0.142857142857143   0.271532259968756

agsout =

 Columns 1 through 3:

   5.805757013961514e-03   5.805757013961522e-03   5.805757013961515e-03
   6.822393155633215e-04   6.548971973841970e-03   6.548971973841983e-03

 Columns 4 through 6:

   5.805757013961535e-03   5.805757013961533e-03   5.805757013961519e-03
   6.548971973841999e-03   6.548971973842007e-03   6.548971973842000e-03

 Column 7:

   5.805757013961519e-03
   6.548971973842000e-03

ans = 2.644496418332029e-21
ans = 1.134023260779573e-20
ans = 7.936694579869731e-21
ans = 7.932972267113243e-21
ans = 4.557248187284337e-21
ans = 7.945483373878107e-21
ans = 7.945483373878107e-21
nbcr = 7
lambda0 = 3.501084296647659
kmpl_prod = 0.180000000000000
 Time :      1.00000
 Time :      2.00000
 Time :      3.01000
 Time :      4.01000
 Time :      5.01000
 Time :      6.01000
 Time :      7.01000
 Time :      8.01000
 Time :      9.01000
 Time :     10.01000
 Time :     11.01000
 Time :     12.01000
 Time :     13.01000
 Time :     14.01000
 Time :     15.01000
 Time :     16.01000
 Time :     17.01000
 Time :     18.00000
 Time :     19.00000
 Time :     20.00000
 Time :     21.00000
 Time :     22.00000
 Time :     23.00000
 Time :     24.00000
 Time :     25.00000
 Time :     26.00000
 Time :     27.00000
 Time :     28.00000
 Time :     29.00000
 Time :     30.00000
 Time :     31.00000
 Time :     32.00000
 Time :     33.00000
 Time :     34.00000
 Time :     35.00000
dtime = 31.97666220366955
mbcr =

   0.142857142857143   0.271532259968756   0.267812484219875

agsout =

 Columns 1 through 3:

   5.805757013961514e-03   5.805757013961522e-03   5.805757013961515e-03
   6.822393155633215e-04   6.548971973841970e-03   6.548971973841983e-03
   7.141303326729678e-04   6.510567697985781e-03   6.510567697985794e-03

 Columns 4 through 6:

   5.805757013961535e-03   5.805757013961533e-03   5.805757013961519e-03
   6.548971973841999e-03   6.548971973842007e-03   6.548971973842000e-03
   6.510567697985824e-03   6.510567697985817e-03   6.510567697985802e-03

 Column 7:

   5.805757013961519e-03
   6.548971973842000e-03
   6.510567697985802e-03

ans = -4.231028833208737e-21
ans = 7.402749494466752e-21
ans = 3.997660502892214e-21
ans = 3.999004671387612e-21
ans = 3.995695948937400e-21
ans = 1.078229928462872e-20
ans = 1.078229928462872e-20
nbcr = 7
lambda0 = 3.501084296647659
kmpl_prod = 0.180000000000000
 Time :      1.00000
 Time :      2.00000
 Time :      3.01000
 Time :      4.01000
 Time :      5.01000
 Time :      6.01000
 Time :      7.01000
 Time :      8.01000
 Time :      9.01000
 Time :     10.01000
 Time :     11.01000
 Time :     12.01000
 Time :     13.01000
 Time :     14.01000
 Time :     15.01000
 Time :     16.01000
 Time :     17.01000
 Time :     18.00000
 Time :     19.00000
 Time :     20.00000
 Time :     21.00000
 Time :     22.00000
 Time :     23.00000
 Time :     24.00000
 Time :     25.00000
 Time :     26.00000
 Time :     27.00000
 Time :     28.00000
 Time :     29.00000
 Time :     30.00000
 Time :     31.00000
 Time :     32.00000
 Time :     33.00000
 Time :     34.00000
 Time :     35.00000
dtime = 33.48942808806896
mbcr =

   0.142857142857143   0.271532259968756   0.267812484219875   0.307670854396589

agsout =

 Columns 1 through 3:

   5.805757013961514e-03   5.805757013961522e-03   5.805757013961515e-03
   6.822393155633215e-04   6.548971973841970e-03   6.548971973841983e-03
   7.141303326729678e-04   6.510567697985781e-03   6.510567697985794e-03
   2.332096010752985e-04   6.635937720708686e-03   6.635937720708689e-03

 Columns 4 through 6:

   5.805757013961535e-03   5.805757013961533e-03   5.805757013961519e-03
   6.548971973841999e-03   6.548971973842007e-03   6.548971973842000e-03
   6.510567697985824e-03   6.510567697985817e-03   6.510567697985802e-03
   6.635937720708736e-03   6.635937720708734e-03   6.635937720708732e-03

 Column 7:

   5.805757013961519e-03
   6.548971973842000e-03
   6.510567697985802e-03
   6.635937720708732e-03

ans = 3.586655136029928e-21
ans = -5.134620254846350e-21
ans = -1.736975888784789e-21
ans = -1.745971477946303e-21
ans = -1.733460371181439e-21
ans = -1.733253576028300e-21
ans = -1.733253576028300e-21
nbcr = 7
lambda0 = 3.501084296647659
kmpl_prod = 0.180000000000000
 Time :      1.00000
 Time :      2.00000
 Time :      3.01000
 Time :      4.01000
 Time :      5.01000
 Time :      6.01000
 Time :      7.01000
 Time :      8.01000
 Time :      9.01000
 Time :     10.01000
 Time :     11.01000
 Time :     12.01000
 Time :     13.01000
 Time :     14.01000
 Time :     15.01000
 Time :     16.01000
 Time :     17.01000
 Time :     18.00000
 Time :     19.00000
 Time :     20.00000
 Time :     21.00000
 Time :     22.00000
 Time :     23.00000
 Time :     24.00000
 Time :     25.00000
 Time :     26.00000
 Time :     27.00000
 Time :     28.00000
 Time :     29.00000
 Time :     30.00000
 Time :     31.00000
 Time :     32.00000
 Time :     33.00000
 Time :     34.00000
 Time :     35.00000
dtime = 32.17599727213383
mbcr =

 Columns 1 through 4:

   0.142857142857143   0.271532259968756   0.267812484219875   0.307670854396589

 Column 5:

   0.296583538168300

agsout =

 Columns 1 through 3:

   5.805757013961514e-03   5.805757013961522e-03   5.805757013961515e-03
   6.822393155633215e-04   6.548971973841970e-03   6.548971973841983e-03
   7.141303326729678e-04   6.510567697985781e-03   6.510567697985794e-03
   2.332096010752985e-04   6.635937720708686e-03   6.635937720708689e-03
   3.261409908619883e-04   6.665968293911185e-03   6.665968293911181e-03

 Columns 4 through 6:

   5.805757013961535e-03   5.805757013961533e-03   5.805757013961519e-03
   6.548971973841999e-03   6.548971973842007e-03   6.548971973842000e-03
   6.510567697985824e-03   6.510567697985817e-03   6.510567697985802e-03
   6.635937720708736e-03   6.635937720708734e-03   6.635937720708732e-03
   6.665968293911184e-03   6.665968293911182e-03   6.665968293911190e-03

 Column 7:

   5.805757013961519e-03
   6.548971973842000e-03
   6.510567697985802e-03
   6.635937720708732e-03
   6.665968293911190e-03

ans = 5.737324728667800e-21
ans = -1.658083537862544e-21
ans = -1.650742309926136e-21
ans = 1.749383597973084e-21
ans = -1.648881153547892e-21
ans = 5.127175629333373e-21
ans = 5.127175629333373e-21
nbcr = 7
lambda0 = 3.501084296647659
kmpl_prod = 0.180000000000000
 Time :      1.00000
 Time :      2.00000
 Time :      3.01000
 Time :      4.01000
 Time :      5.01000
 Time :      6.01000
 Time :      7.01000
 Time :      8.01000
 Time :      9.01000
 Time :     10.01000
 Time :     11.01000
 Time :     12.01000
 Time :     13.01000
 Time :     14.01000
 Time :     15.01000
 Time :     16.01000
 Time :     17.01000
 Time :     18.00000
 Time :     19.00000
 Time :     20.00000
 Time :     21.00000
 Time :     22.00000
 Time :     23.00000
 Time :     24.00000
 Time :     25.00000
 Time :     26.00000
 Time :     27.00000
 Time :     28.00000
 Time :     29.00000
 Time :     30.00000
 Time :     31.00000
 Time :     32.00000
 Time :     33.00000
 Time :     34.00000
 Time :     35.00000
dtime = 32.01766982674599
mbcr =

 Columns 1 through 4:

   0.142857142857143   0.271532259968756   0.267812484219875   0.307670854396589

 Columns 5 and 6:

   0.296583538168300   0.278828883324520

agsout =

 Columns 1 through 3:

   5.805757013961514e-03   5.805757013961522e-03   5.805757013961515e-03
   6.822393155633215e-04   6.548971973841970e-03   6.548971973841983e-03
   7.141303326729678e-04   6.510567697985781e-03   6.510567697985794e-03
   2.332096010752985e-04   6.635937720708686e-03   6.635937720708689e-03
   3.261409908619883e-04   6.665968293911185e-03   6.665968293911181e-03
   6.030307916385199e-04   6.524922133136261e-03   6.524922133136293e-03

 Columns 4 through 6:

   5.805757013961535e-03   5.805757013961533e-03   5.805757013961519e-03
   6.548971973841999e-03   6.548971973842007e-03   6.548971973842000e-03
   6.510567697985824e-03   6.510567697985817e-03   6.510567697985802e-03
   6.635937720708736e-03   6.635937720708734e-03   6.635937720708732e-03
   6.665968293911184e-03   6.665968293911182e-03   6.665968293911190e-03
   6.524922133136264e-03   6.524922133136287e-03   6.524922133136287e-03

 Column 7:

   5.805757013961519e-03
   6.548971973842000e-03
   6.510567697985802e-03
   6.635937720708732e-03
   6.665968293911190e-03
   6.524922133136287e-03

ans = -1.498851269946086e-21
ans = 1.048771958898327e-20
ans = 1.048782298655984e-20
ans = -6.456351476129519e-21
ans = 3.215664631299895e-22
ans = 7.099381004812929e-21
ans = 7.099381004812929e-21
dkps =

 Columns 1 through 3:

   7.096295106830475e+01   6.760232846164418e+00   4.466239459193830e+00

 Columns 4 through 6:

   1.398324427958267e+02   3.969222819800089e+00   3.255856156195095e+00

nbcr = 10
lambda0 = 3.501084296647659
kmpl_prod = 0.180000000000000
 Time :      1.00000
 Time :      2.00000
 Time :      3.01000
 Time :      4.01000
 Time :      5.01000
 Time :      6.01000
 Time :      7.01000
 Time :      8.01000
 Time :      9.01000
 Time :     10.01000
 Time :     11.01000
 Time :     12.01000
 Time :     13.01000
 Time :     14.01000
 Time :     15.01000
 Time :     16.01000
 Time :     17.01000
 Time :     18.00000
 Time :     19.00000
 Time :     20.00000
 Time :     21.00000
 Time :     22.00000
 Time :     23.00000
 Time :     24.00000
 Time :     25.00000
 Time :     26.00000
 Time :     27.00000
 Time :     28.00000
 Time :     29.00000
 Time :     30.00000
 Time :     31.00000
 Time :     32.00000
 Time :     33.00000
 Time :     34.00000
 Time :     35.00000
dtime = 46.52062878012657
mbcr = 0.100000000000000
agsout =

 Columns 1 through 3:

   5.165803084021687e-03   5.165803084021710e-03   5.165803084021646e-03

 Columns 4 through 6:

   5.165803084021644e-03   5.165803084021664e-03   5.165803084021658e-03

 Columns 7 through 9:

   5.165803084021657e-03   5.165803084021666e-03   5.165803084021665e-03

 Column 10:

   5.165803084021660e-03

ans = 1.105108128492017e-20
ans = -1.210061838588510e-21
ans = -4.606155241001535e-21
ans = 5.546969790204034e-21
ans = -1.214301139227845e-21
ans = 2.169487951573453e-21
ans = -4.611738710136268e-21
ans = 2.169591349150022e-21
ans = -1.216369090759227e-21
ans = -4.619286733225814e-21
nbcr = 10
lambda0 = 3.501084296647659
kmpl_prod = 0.180000000000000
 Time :      1.00000
 Time :      2.00000
 Time :      3.01000
 Time :      4.01000
 Time :      5.01000
 Time :      6.01000
 Time :      7.01000
 Time :      8.01000
 Time :      9.01000
 Time :     10.01000
 Time :     11.01000
 Time :     12.01000
 Time :     13.01000
 Time :     14.01000
 Time :     15.01000
 Time :     16.01000
 Time :     17.01000
 Time :     18.00000
 Time :     19.00000
 Time :     20.00000
 Time :     21.00000
 Time :     22.00000
 Time :     23.00000
 Time :     24.00000
 Time :     25.00000
 Time :     26.00000
 Time :     27.00000
 Time :     28.00000
 Time :     29.00000
 Time :     30.00000
 Time :     31.00000
 Time :     32.00000
 Time :     33.00000
 Time :     34.00000
 Time :     35.00000
dtime = 46.45890109241009
mbcr =

   0.100000000000000   0.169798391313511

agsout =

 Columns 1 through 3:

   5.165803084021687e-03   5.165803084021710e-03   5.165803084021646e-03
   1.497926005399508e-03   5.430426261916953e-03   5.430426261916969e-03

 Columns 4 through 6:

   5.165803084021644e-03   5.165803084021664e-03   5.165803084021658e-03
   5.430426261916968e-03   5.430426261916946e-03   5.430426261916969e-03

 Columns 7 through 9:

   5.165803084021657e-03   5.165803084021666e-03   5.165803084021665e-03
   5.430426261916947e-03   5.430426261916942e-03   5.430426261916951e-03

 Column 10:

   5.165803084021660e-03
   5.430426261916952e-03

ans = 1.416340003843922e-21
ans = 9.241158405865856e-21
ans = 5.834621848219350e-21
ans = 5.869260036370008e-21
ans = 1.263911296465712e-20
ans = -9.389533928242555e-22
ans = 5.853336809578362e-21
ans = 1.261357376324455e-20
ans = -9.210656120777963e-22
ans = -9.245811296811467e-22
nbcr = 10
lambda0 = 3.501084296647659
kmpl_prod = 0.180000000000000
 Time :      1.00000
 Time :      2.00000
 Time :      3.01000
 Time :      4.01000
 Time :      5.01000
 Time :      6.01000
 Time :      7.01000
 Time :      8.01000
 Time :      9.01000
 Time :     10.01000
 Time :     11.01000
 Time :     12.01000
 Time :     13.01000
 Time :     14.01000
 Time :     15.01000
 Time :     16.01000
 Time :     17.01000
 Time :     18.00000
 Time :     19.00000
 Time :     20.00000
 Time :     21.00000
 Time :     22.00000
 Time :     23.00000
 Time :     24.00000
 Time :     25.00000
 Time :     26.00000
 Time :     27.00000
 Time :     28.00000
 Time :     29.00000
 Time :     30.00000
 Time :     31.00000
 Time :     32.00000
 Time :     33.00000
 Time :     34.00000
 Time :     35.00000
dtime = 45.76772600412369
mbcr =

   0.100000000000000   0.169798391313511   0.249397855061595

agsout =

 Columns 1 through 3:

   5.165803084021687e-03   5.165803084021710e-03   5.165803084021646e-03
   1.497926005399508e-03   5.430426261916953e-03   5.430426261916969e-03
   3.250786635359306e-04   6.012659953681749e-03   6.012659953681729e-03

 Columns 4 through 6:

   5.165803084021644e-03   5.165803084021664e-03   5.165803084021658e-03
   5.430426261916968e-03   5.430426261916946e-03   5.430426261916969e-03
   6.012659953681735e-03   6.012659953681759e-03   6.012659953681764e-03

 Columns 7 through 9:

   5.165803084021657e-03   5.165803084021666e-03   5.165803084021665e-03
   5.430426261916947e-03   5.430426261916942e-03   5.430426261916951e-03
   6.012659953681753e-03   6.012659953681759e-03   6.012659953681766e-03

 Column 10:

   5.165803084021660e-03
   5.430426261916952e-03
   6.012659953681765e-03

ans = 1.328782936005184e-20
ans = 4.917588741627750e-21
ans = 4.903113080908072e-21
ans = 4.909937320961634e-21
ans = 1.511258979134382e-21
ans = 8.301377832429047e-21
ans = 4.890291781413500e-21
ans = -1.872943701973193e-21
ans = 4.908489754889666e-21
ans = 4.917175151321473e-21
nbcr = 10
lambda0 = 3.501084296647659
kmpl_prod = 0.180000000000000
 Time :      1.00000
 Time :      2.00000
 Time :      3.01000
 Time :      4.01000
 Time :      5.01000
 Time :      6.01000
 Time :      7.01000
 Time :      8.01000
 Time :      9.01000
 Time :     10.01000
 Time :     11.01000
 Time :     12.01000
 Time :     13.01000
 Time :     14.01000
 Time :     15.01000
 Time :     16.01000
 Time :     17.01000
 Time :     18.00000
 Time :     19.00000
 Time :     20.00000
 Time :     21.00000
 Time :     22.00000
 Time :     23.00000
 Time :     24.00000
 Time :     25.00000
 Time :     26.00000
 Time :     27.00000
 Time :     28.00000
 Time :     29.00000
 Time :     30.00000
 Time :     31.00000
 Time :     32.00000
 Time :     33.00000
 Time :     34.00000
 Time :     35.00000
dtime = 48.45849797129631
mbcr =

   0.100000000000000   0.169798391313511   0.249397855061595   0.266768425179594

agsout =

 Columns 1 through 3:

   5.165803084021687e-03   5.165803084021710e-03   5.165803084021646e-03
   1.497926005399508e-03   5.430426261916953e-03   5.430426261916969e-03
   3.250786635359306e-04   6.012659953681749e-03   6.012659953681729e-03
   1.813551053698326e-04   6.036539629272360e-03   6.036539629272355e-03

 Columns 4 through 6:

   5.165803084021644e-03   5.165803084021664e-03   5.165803084021658e-03
   5.430426261916968e-03   5.430426261916946e-03   5.430426261916969e-03
   6.012659953681735e-03   6.012659953681759e-03   6.012659953681764e-03
   6.036539629272375e-03   6.036539629272360e-03   6.036539629272373e-03

 Columns 7 through 9:

   5.165803084021657e-03   5.165803084021666e-03   5.165803084021665e-03
   5.430426261916947e-03   5.430426261916942e-03   5.430426261916951e-03
   6.012659953681753e-03   6.012659953681759e-03   6.012659953681766e-03
   6.036539629272404e-03   6.036539629272345e-03   6.036539629272367e-03

 Column 10:

   5.165803084021660e-03
   5.430426261916952e-03
   6.012659953681765e-03
   6.036539629272335e-03

ans = -4.003554164756654e-21
ans = 1.479267768943893e-20
ans = 1.139565370883679e-20
ans = 1.481004848230255e-20
ans = 1.480177667617702e-20
ans = 1.479598641188914e-20
ans = 1.817915511723103e-20
ans = 1.141302450170040e-20
ans = 2.157266358022982e-20
ans = 8.025513098142613e-21
nbcr = 10
lambda0 = 3.501084296647659
kmpl_prod = 0.180000000000000
 Time :      1.00000
 Time :      2.00000
 Time :      3.01000
 Time :      4.01000
 Time :      5.01000
 Time :      6.01000
 Time :      7.01000
 Time :      8.01000
 Time :      9.01000
 Time :     10.01000
 Time :     11.01000
 Time :     12.01000
 Time :     13.01000
 Time :     14.01000
 Time :     15.01000
 Time :     16.01000
 Time :     17.01000
 Time :     18.00000
 Time :     19.00000
 Time :     20.00000
 Time :     21.00000
 Time :     22.00000
 Time :     23.00000
 Time :     24.00000
 Time :     25.00000
 Time :     26.00000
 Time :     27.00000
 Time :     28.00000
 Time :     29.00000
 Time :     30.00000
 Time :     31.00000
 Time :     32.00000
 Time :     33.00000
 Time :     34.00000
 Time :     35.00000
dtime = 45.59175632894039
mbcr =

 Columns 1 through 4:

   0.100000000000000   0.169798391313511   0.249397855061595   0.266768425179594

 Column 5:

   0.198449721910972

agsout =

 Columns 1 through 3:

   5.165803084021687e-03   5.165803084021710e-03   5.165803084021646e-03
   1.497926005399508e-03   5.430426261916953e-03   5.430426261916969e-03
   3.250786635359306e-04   6.012659953681749e-03   6.012659953681729e-03
   1.813551053698326e-04   6.036539629272360e-03   6.036539629272355e-03
   1.020742940572582e-03   5.726283801859647e-03   5.726283801859666e-03

 Columns 4 through 6:

   5.165803084021644e-03   5.165803084021664e-03   5.165803084021658e-03
   5.430426261916968e-03   5.430426261916946e-03   5.430426261916969e-03
   6.012659953681735e-03   6.012659953681759e-03   6.012659953681764e-03
   6.036539629272375e-03   6.036539629272360e-03   6.036539629272373e-03
   5.726283801859602e-03   5.726283801859622e-03   5.726283801859607e-03

 Columns 7 through 9:

   5.165803084021657e-03   5.165803084021666e-03   5.165803084021665e-03
   5.430426261916947e-03   5.430426261916942e-03   5.430426261916951e-03
   6.012659953681753e-03   6.012659953681759e-03   6.012659953681766e-03
   6.036539629272404e-03   6.036539629272345e-03   6.036539629272367e-03
   5.726283801859616e-03   5.726283801859646e-03   5.726283801859640e-03

 Column 10:

   5.165803084021660e-03
   5.430426261916952e-03
   6.012659953681765e-03
   6.036539629272335e-03
   5.726283801859638e-03

ans = 1.513947316125179e-21
ans = -5.354133309902610e-21
ans = -5.356925044469976e-21
ans = 4.809538274113010e-21
ans = -1.969517038488759e-21
ans = -5.359923574190481e-21
ans = -1.954214197156528e-21
ans = -1.957729714759878e-21
ans = -1.960831642056952e-21
ans = 4.810779045031840e-21
nbcr = 10
lambda0 = 3.501084296647659
kmpl_prod = 0.180000000000000
 Time :      1.00000
 Time :      2.00000
 Time :      3.01000
 Time :      4.01000
 Time :      5.01000
 Time :      6.01000
 Time :      7.01000
 Time :      8.01000
 Time :      9.01000
 Time :     10.01000
 Time :     11.01000
 Time :     12.01000
 Time :     13.01000
 Time :     14.01000
 Time :     15.01000
 Time :     16.01000
 Time :     17.01000
 Time :     18.00000
 Time :     19.00000
 Time :     20.00000
 Time :     21.00000
 Time :     22.00000
 Time :     23.00000
 Time :     24.00000
 Time :     25.00000
 Time :     26.00000
 Time :     27.00000
 Time :     28.00000
 Time :     29.00000
 Time :     30.00000
 Time :     31.00000
 Time :     32.00000
 Time :     33.00000
 Time :     34.00000
 Time :     35.00000
dtime = 46.30022160708904
mbcr =

 Columns 1 through 4:

   0.100000000000000   0.169798391313511   0.249397855061595   0.266768425179594

 Columns 5 and 6:

   0.198449721910972   0.256915656434388

agsout =

 Columns 1 through 3:

   5.165803084021687e-03   5.165803084021710e-03   5.165803084021646e-03
   1.497926005399508e-03   5.430426261916953e-03   5.430426261916969e-03
   3.250786635359306e-04   6.012659953681749e-03   6.012659953681729e-03
   1.813551053698326e-04   6.036539629272360e-03   6.036539629272355e-03
   1.020742940572582e-03   5.726283801859647e-03   5.726283801859666e-03
   2.797151350767022e-04   5.968664512148911e-03   5.968664512148916e-03

 Columns 4 through 6:

   5.165803084021644e-03   5.165803084021664e-03   5.165803084021658e-03
   5.430426261916968e-03   5.430426261916946e-03   5.430426261916969e-03
   6.012659953681735e-03   6.012659953681759e-03   6.012659953681764e-03
   6.036539629272375e-03   6.036539629272360e-03   6.036539629272373e-03
   5.726283801859602e-03   5.726283801859622e-03   5.726283801859607e-03
   5.968664512148924e-03   5.968664512148888e-03   5.968664512148947e-03

 Columns 7 through 9:

   5.165803084021657e-03   5.165803084021666e-03   5.165803084021665e-03
   5.430426261916947e-03   5.430426261916942e-03   5.430426261916951e-03
   6.012659953681753e-03   6.012659953681759e-03   6.012659953681766e-03
   6.036539629272404e-03   6.036539629272345e-03   6.036539629272367e-03
   5.726283801859616e-03   5.726283801859646e-03   5.726283801859640e-03
   5.968664512148966e-03   5.968664512148962e-03   5.968664512148969e-03

 Column 10:

   5.165803084021660e-03
   5.430426261916952e-03
   6.012659953681765e-03
   6.036539629272335e-03
   5.726283801859638e-03
   5.968664512148970e-03

ans = 1.402898318889935e-21
ans = 2.332235737093262e-21
ans = -1.051966944014313e-21
ans = 2.340300748065654e-21
ans = -4.459123887120234e-21
ans = -1.065822219274576e-21
ans = 5.726364585551472e-21
ans = -1.066029014427714e-21
ans = -1.070785302949894e-21
ans = -4.454160803444916e-21
dkps =

 Columns 1 through 3:

   5.644828798808228e+01   5.747261522729536e+01   9.369677115081501e+00

 Columns 4 through 6:

   2.522711505940888e+00   8.744057707640875e+00   9.582043149659132e-01

nbcr = 15
lambda0 = 3.501084296647659
kmpl_prod = 0.180000000000000
 Time :      1.00000
 Time :      2.00000
 Time :      3.01000
 Time :      4.01000
 Time :      5.01000
 Time :      6.01000
 Time :      7.01000
 Time :      8.01000
 Time :      9.01000
 Time :     10.01000
 Time :     11.01000
 Time :     12.01000
 Time :     13.01000
 Time :     14.01000
 Time :     15.01000
 Time :     16.01000
 Time :     17.01000
 Time :     18.00000
 Time :     19.00000
 Time :     20.00000
 Time :     21.00000
 Time :     22.00000
 Time :     23.00000
 Time :     24.00000
 Time :     25.00000
 Time :     26.00000
 Time :     27.00000
 Time :     28.00000
 Time :     29.00000
 Time :     30.00000
 Time :     31.00000
 Time :     32.00000
 Time :     33.00000
 Time :     34.00000
 Time :     35.00000
dtime = 71.98094129562378
mbcr = 6.666666666666667e-02
agsout =

 Columns 1 through 3:

   4.664289824553062e-03   4.664289824553062e-03   4.664289824553099e-03

 Columns 4 through 6:

   4.664289824553137e-03   4.664289824553130e-03   4.664289824553107e-03

 Columns 7 through 9:

   4.664289824553147e-03   4.664289824553143e-03   4.664289824553102e-03

 Columns 10 through 12:

   4.664289824553108e-03   4.664289824553121e-03   4.664289824553106e-03

 Columns 13 through 15:

   4.664289824553102e-03   4.664289824553101e-03   4.664289824553102e-03

ans = -1.842544814461869e-22
ans = 7.275053487403878e-22
ans = -6.043174760159282e-21
ans = -9.428204621879409e-21
ans = -9.440612331067705e-21
ans = 7.186131571554428e-22
ans = -2.656076946907772e-21
ans = -6.048758229294015e-21
ans = -6.036143724952581e-21
ans = -2.652561429304421e-21
ans = -2.666003114258408e-21
ans = -2.655249766295219e-21
ans = -6.028492304286466e-21
ans = -6.052066951744227e-21
ans = -9.440198740761428e-21
nbcr = 15
lambda0 = 3.501084296647659
kmpl_prod = 0.180000000000000
 Time :      1.00000
 Time :      2.00000
 Time :      3.01000
 Time :      4.01000
 Time :      5.01000
 Time :      6.01000
 Time :      7.01000
 Time :      8.01000
 Time :      9.01000
 Time :     10.01000
 Time :     11.01000
 Time :     12.01000
 Time :     13.01000
 Time :     14.01000
 Time :     15.01000
 Time :     16.01000
 Time :     17.01000
 Time :     18.00000
 Time :     19.00000
 Time :     20.00000
 Time :     21.00000
 Time :     22.00000
 Time :     23.00000
 Time :     24.00000
 Time :     25.00000
 Time :     26.00000
 Time :     27.00000
 Time :     28.00000
 Time :     29.00000
 Time :     30.00000
 Time :     31.00000
 Time :     32.00000
 Time :     33.00000
 Time :     34.00000
 Time :     35.00000
dtime = 70.38035653531551
mbcr =

   6.666666666666667e-02   1.425704093284090e-01

agsout =

 Columns 1 through 3:

   4.664289824553062e-03   4.664289824553062e-03   4.664289824553099e-03
   1.051305370824004e-03   5.025744425914285e-03   5.025744425914327e-03

 Columns 4 through 6:

   4.664289824553137e-03   4.664289824553130e-03   4.664289824553107e-03
   5.025744425914264e-03   5.025744425914270e-03   5.025744425914270e-03

 Columns 7 through 9:

   4.664289824553147e-03   4.664289824553143e-03   4.664289824553102e-03
   5.025744425914315e-03   5.025744425914317e-03   5.025744425914351e-03

 Columns 10 through 12:

   4.664289824553108e-03   4.664289824553121e-03   4.664289824553106e-03
   5.025744425914293e-03   5.025744425914350e-03   5.025744425914335e-03

 Columns 13 through 15:

   4.664289824553102e-03   4.664289824553101e-03   4.664289824553102e-03
   5.025744425914331e-03   5.025744425914294e-03   5.025744425914294e-03

ans = 3.075457517472157e-21
ans = 3.082281757525719e-21
ans = 3.087244841201038e-21
ans = 3.086831250894761e-21
ans = 3.081868167219443e-21
ans = 6.491299857009885e-21
ans = 3.093655490948324e-21
ans = 6.470206751389782e-21
ans = 3.091794334570079e-21
ans = 3.085590479975931e-21
ans = 6.466691233786432e-21
ans = 3.090967153957526e-21
ans = 3.082488552678858e-21
ans = 3.085176889669655e-21
ans = 3.085176889669655e-21
nbcr = 15
lambda0 = 3.501084296647659
kmpl_prod = 0.180000000000000
 Time :      1.00000
 Time :      2.00000
 Time :      3.01000
 Time :      4.01000
 Time :      5.01000
 Time :      6.01000
 Time :      7.01000
 Time :      8.01000
 Time :      9.01000
 Time :     10.01000
 Time :     11.01000
 Time :     12.01000
 Time :     13.01000
 Time :     14.01000
 Time :     15.01000
 Time :     16.01000
 Time :     17.01000
 Time :     18.00000
 Time :     19.00000
 Time :     20.00000
 Time :     21.00000
 Time :     22.00000
 Time :     23.00000
 Time :     24.00000
 Time :     25.00000
 Time :     26.00000
 Time :     27.00000
 Time :     28.00000
 Time :     29.00000
 Time :     30.00000
 Time :     31.00000
 Time :     32.00000
 Time :     33.00000
 Time :     34.00000
 Time :     35.00000
dtime = 70.95294445753098
mbcr =

   6.666666666666667e-02   1.425704093284090e-01   1.622386013856689e-01

agsout =

 Columns 1 through 3:

   4.664289824553062e-03   4.664289824553062e-03   4.664289824553099e-03
   1.051305370824004e-03   5.025744425914285e-03   5.025744425914327e-03
   7.459371673771270e-04   5.205963900031138e-03   5.205963900031094e-03

 Columns 4 through 6:

   4.664289824553137e-03   4.664289824553130e-03   4.664289824553107e-03
   5.025744425914264e-03   5.025744425914270e-03   5.025744425914270e-03
   5.205963900031142e-03   5.205963900031144e-03   5.205963900031149e-03

 Columns 7 through 9:

   4.664289824553147e-03   4.664289824553143e-03   4.664289824553102e-03
   5.025744425914315e-03   5.025744425914317e-03   5.025744425914351e-03
   5.205963900031121e-03   5.205963900031130e-03   5.205963900031071e-03

 Columns 10 through 12:

   4.664289824553108e-03   4.664289824553121e-03   4.664289824553106e-03
   5.025744425914293e-03   5.025744425914350e-03   5.025744425914335e-03
   5.205963900031079e-03   5.205963900031135e-03   5.205963900031136e-03

 Columns 13 through 15:

   4.664289824553102e-03   4.664289824553101e-03   4.664289824553102e-03
   5.025744425914331e-03   5.025744425914294e-03   5.025744425914294e-03
   5.205963900031128e-03   5.205963900031134e-03   5.205963900031133e-03

ans = 3.541160202339511e-21
ans = 1.099922740027075e-20
ans = 4.227306520452248e-21
ans = 7.626191657432639e-21
ans = 4.204559053607040e-21
ans = 7.606959708190781e-21
ans = 7.611922791866099e-21
ans = 4.217173557948473e-21
ans = 1.102735154109755e-20
ans = 7.642735269683699e-21
ans = 4.237439482956023e-21
ans = 4.225031773767727e-21
ans = 1.102838551686324e-20
ans = 7.631154741107957e-21
ans = 7.616885875541417e-21
nbcr = 15
lambda0 = 3.501084296647659
kmpl_prod = 0.180000000000000
 Time :      1.00000
 Time :      2.00000
 Time :      3.01000
 Time :      4.01000
 Time :      5.01000
 Time :      6.01000
 Time :      7.01000
 Time :      8.01000
 Time :      9.01000
 Time :     10.01000
 Time :     11.01000
 Time :     12.01000
 Time :     13.01000
 Time :     14.01000
 Time :     15.01000
 Time :     16.01000
 Time :     17.01000
 Time :     18.00000
 Time :     19.00000
 Time :     20.00000
 Time :     21.00000
 Time :     22.00000
 Time :     23.00000
 Time :     24.00000
 Time :     25.00000
 Time :     26.00000
 Time :     27.00000
 Time :     28.00000
 Time :     29.00000
 Time :     30.00000
 Time :     31.00000
 Time :     32.00000
 Time :     33.00000
 Time :     34.00000
 Time :     35.00000
dtime = 71.24842666089535
mbcr =

 Columns 1 through 3:

   6.666666666666667e-02   1.425704093284090e-01   1.622386013856689e-01

 Column 4:

   2.082500394095628e-01

agsout =

 Columns 1 through 3:

   4.664289824553062e-03   4.664289824553062e-03   4.664289824553099e-03
   1.051305370824004e-03   5.025744425914285e-03   5.025744425914327e-03
   7.459371673771270e-04   5.205963900031138e-03   5.205963900031094e-03
   3.142073635585967e-04   5.467078612403612e-03   5.467078612403586e-03

 Columns 4 through 6:

   4.664289824553137e-03   4.664289824553130e-03   4.664289824553107e-03
   5.025744425914264e-03   5.025744425914270e-03   5.025744425914270e-03
   5.205963900031142e-03   5.205963900031144e-03   5.205963900031149e-03
   5.467078612403599e-03   5.467078612403590e-03   5.467078612403638e-03

 Columns 7 through 9:

   4.664289824553147e-03   4.664289824553143e-03   4.664289824553102e-03
   5.025744425914315e-03   5.025744425914317e-03   5.025744425914351e-03
   5.205963900031121e-03   5.205963900031130e-03   5.205963900031071e-03
   5.467078612403571e-03   5.467078612403613e-03   5.467078612403584e-03

 Columns 10 through 12:

   4.664289824553108e-03   4.664289824553121e-03   4.664289824553106e-03
   5.025744425914293e-03   5.025744425914350e-03   5.025744425914335e-03
   5.205963900031079e-03   5.205963900031135e-03   5.205963900031136e-03
   5.467078612403663e-03   5.467078612403592e-03   5.467078612403582e-03

 Columns 13 through 15:

   4.664289824553102e-03   4.664289824553101e-03   4.664289824553102e-03
   5.025744425914331e-03   5.025744425914294e-03   5.025744425914294e-03
   5.205963900031128e-03   5.205963900031134e-03   5.205963900031133e-03
   5.467078612403583e-03   5.467078612403580e-03   5.467078612403579e-03

ans = 9.234644358542001e-21
ans = 8.422973382474343e-21
ans = 5.066274456734156e-21
ans = 8.437862633500297e-21
ans = 1.182888955466143e-20
ans = 8.461644076111197e-21
ans = 5.086953972047982e-21
ans = 8.454613040904496e-21
ans = 8.458955739120399e-21
ans = 1.183922931231835e-20
ans = 5.049317254176819e-21
ans = 8.443032512328753e-21
ans = 8.457508173048431e-21
ans = 8.447375210544657e-21
ans = 8.447375210544657e-21
nbcr = 15
lambda0 = 3.501084296647659
kmpl_prod = 0.180000000000000
 Time :      1.00000
 Time :      2.00000
 Time :      3.01000
 Time :      4.01000
 Time :      5.01000
 Time :      6.01000
 Time :      7.01000
 Time :      8.01000
 Time :      9.01000
 Time :     10.01000
 Time :     11.01000
 Time :     12.01000
 Time :     13.01000
 Time :     14.01000
 Time :     15.01000
 Time :     16.01000
 Time :     17.01000
 Time :     18.00000
 Time :     19.00000
 Time :     20.00000
 Time :     21.00000
 Time :     22.00000
 Time :     23.00000
 Time :     24.00000
 Time :     25.00000
 Time :     26.00000
 Time :     27.00000
 Time :     28.00000
 Time :     29.00000
 Time :     30.00000
 Time :     31.00000
 Time :     32.00000
 Time :     33.00000
 Time :     34.00000
 Time :     35.00000
dtime = 75.67797414958477
mbcr =

 Columns 1 through 3:

   6.666666666666667e-02   1.425704093284090e-01   1.622386013856689e-01

 Columns 4 and 5:

   2.082500394095628e-01   2.399015027459247e-01

agsout =

 Columns 1 through 3:

   4.664289824553062e-03   4.664289824553062e-03   4.664289824553099e-03
   1.051305370824004e-03   5.025744425914285e-03   5.025744425914327e-03
   7.459371673771270e-04   5.205963900031138e-03   5.205963900031094e-03
   3.142073635585967e-04   5.467078612403612e-03   5.467078612403586e-03
   1.090644270642116e-04   5.572569223322924e-03   5.572569223322901e-03

 Columns 4 through 6:

   4.664289824553137e-03   4.664289824553130e-03   4.664289824553107e-03
   5.025744425914264e-03   5.025744425914270e-03   5.025744425914270e-03
   5.205963900031142e-03   5.205963900031144e-03   5.205963900031149e-03
   5.467078612403599e-03   5.467078612403590e-03   5.467078612403638e-03
   5.572569223322828e-03   5.572569223322939e-03   5.572569223322936e-03

 Columns 7 through 9:

   4.664289824553147e-03   4.664289824553143e-03   4.664289824553102e-03
   5.025744425914315e-03   5.025744425914317e-03   5.025744425914351e-03
   5.205963900031121e-03   5.205963900031130e-03   5.205963900031071e-03
   5.467078612403571e-03   5.467078612403613e-03   5.467078612403584e-03
   5.572569223322854e-03   5.572569223322902e-03   5.572569223322889e-03

 Columns 10 through 12:

   4.664289824553108e-03   4.664289824553121e-03   4.664289824553106e-03
   5.025744425914293e-03   5.025744425914350e-03   5.025744425914335e-03
   5.205963900031079e-03   5.205963900031135e-03   5.205963900031136e-03
   5.467078612403663e-03   5.467078612403592e-03   5.467078612403582e-03
   5.572569223322867e-03   5.572569223322887e-03   5.572569223322885e-03

 Columns 13 through 15:

   4.664289824553102e-03   4.664289824553101e-03   4.664289824553102e-03
   5.025744425914331e-03   5.025744425914294e-03   5.025744425914294e-03
   5.205963900031128e-03   5.205963900031134e-03   5.205963900031133e-03
   5.467078612403583e-03   5.467078612403580e-03   5.467078612403579e-03
   5.572569223322867e-03   5.572569223322875e-03   5.572569223322876e-03

ans = -1.786710123114540e-21
ans = 1.357734257444540e-20
ans = 1.021754172140814e-20
ans = 1.021443979411106e-20
ans = 6.828582751778382e-21
ans = 1.359078425939938e-20
ans = 1.021092427650771e-20
ans = 1.357341346653577e-20
ans = 1.358768233210231e-20
ans = 1.021340581834537e-20
ans = 1.019810297701314e-20
ans = 1.021361261349851e-20
ans = 6.802940152789238e-21
ans = 1.360567351042534e-20
ans = 1.360236478797513e-20
nbcr = 15
lambda0 = 3.501084296647659
kmpl_prod = 0.180000000000000
 Time :      1.00000
 Time :      2.00000
 Time :      3.01000
 Time :      4.01000
 Time :      5.01000
 Time :      6.01000
 Time :      7.01000
 Time :      8.01000
 Time :      9.01000
 Time :     10.01000
 Time :     11.01000
 Time :     12.01000
 Time :     13.01000
 Time :     14.01000
 Time :     15.01000
 Time :     16.01000
 Time :     17.01000
 Time :     18.00000
 Time :     19.00000
 Time :     20.00000
 Time :     21.00000
 Time :     22.00000
 Time :     23.00000
 Time :     24.00000
 Time :     25.00000
 Time :     26.00000
 Time :     27.00000
 Time :     28.00000
 Time :     29.00000
 Time :     30.00000
 Time :     31.00000
 Time :     32.00000
 Time :     33.00000
 Time :     34.00000
 Time :     35.00000
dtime = 73.56399446725845
mbcr =

 Columns 1 through 3:

   6.666666666666667e-02   1.425704093284090e-01   1.622386013856689e-01

 Columns 4 through 6:

   2.082500394095628e-01   2.399015027459247e-01   2.346079118172267e-01

agsout =

 Columns 1 through 3:

   4.664289824553062e-03   4.664289824553062e-03   4.664289824553099e-03
   1.051305370824004e-03   5.025744425914285e-03   5.025744425914327e-03
   7.459371673771270e-04   5.205963900031138e-03   5.205963900031094e-03
   3.142073635585967e-04   5.467078612403612e-03   5.467078612403586e-03
   1.090644270642116e-04   5.572569223322924e-03   5.572569223322901e-03
   1.307782727089224e-04   5.588743718481984e-03   5.588743718482006e-03

 Columns 4 through 6:

   4.664289824553137e-03   4.664289824553130e-03   4.664289824553107e-03
   5.025744425914264e-03   5.025744425914270e-03   5.025744425914270e-03
   5.205963900031142e-03   5.205963900031144e-03   5.205963900031149e-03
   5.467078612403599e-03   5.467078612403590e-03   5.467078612403638e-03
   5.572569223322828e-03   5.572569223322939e-03   5.572569223322936e-03
   5.588743718482016e-03   5.588743718481993e-03   5.588743718481994e-03

 Columns 7 through 9:

   4.664289824553147e-03   4.664289824553143e-03   4.664289824553102e-03
   5.025744425914315e-03   5.025744425914317e-03   5.025744425914351e-03
   5.205963900031121e-03   5.205963900031130e-03   5.205963900031071e-03
   5.467078612403571e-03   5.467078612403613e-03   5.467078612403584e-03
   5.572569223322854e-03   5.572569223322902e-03   5.572569223322889e-03
   5.588743718481990e-03   5.588743718481984e-03   5.588743718481986e-03

 Columns 10 through 12:

   4.664289824553108e-03   4.664289824553121e-03   4.664289824553106e-03
   5.025744425914293e-03   5.025744425914350e-03   5.025744425914335e-03
   5.205963900031079e-03   5.205963900031135e-03   5.205963900031136e-03
   5.467078612403663e-03   5.467078612403592e-03   5.467078612403582e-03
   5.572569223322867e-03   5.572569223322887e-03   5.572569223322885e-03
   5.588743718481971e-03   5.588743718481969e-03   5.588743718481971e-03

 Columns 13 through 15:

   4.664289824553102e-03   4.664289824553101e-03   4.664289824553102e-03
   5.025744425914331e-03   5.025744425914294e-03   5.025744425914294e-03
   5.205963900031128e-03   5.205963900031134e-03   5.205963900031133e-03
   5.467078612403583e-03   5.467078612403580e-03   5.467078612403579e-03
   5.572569223322867e-03   5.572569223322875e-03   5.572569223322876e-03
   5.588743718481953e-03   5.588743718481957e-03   5.588743718481958e-03

ans = -1.300327922933360e-21
ans = 6.569468424896146e-21
ans = 1.336041445880336e-20
ans = 6.573190737652634e-21
ans = -2.101038755884690e-22
ans = 1.334986790599331e-20
ans = 3.191676393535857e-21
ans = 9.942917758040531e-21
ans = 6.566366497599072e-21
ans = 1.334966111084018e-20
ans = 9.975384597083237e-21
ans = 1.335669214604688e-20
ans = 1.672352403429084e-20
ans = 9.961942912129251e-21
ans = 9.972075874633025e-21
