warning: function /home/surgeon/flu/amcode/perelson21/1d2agt/4paper/2submit/run.m shadows a core library function
warning: called from
    driver at line 1 column 1

lambda0 = 3.501084296647659
kmpl_prod = 0.180000000000000
dkps =

 Columns 1 through 3:

   4.923120702280380e+00   1.777520158965172e+01   7.942206757539306e+01

 Columns 4 through 6:

   2.254033094924195e+02   2.140179458414898e+00   2.462871350676215e+00

nbcr = 2
lambda0 = 3.501084296647659
kmpl_prod = 0.180000000000000
 Time :      1.00000
 Time :      2.00000
 Time :      3.01000
 Time :      4.01000
 Time :      5.01000
 Time :      6.01000
 Time :      7.01000
 Time :      8.01000
 Time :      9.01000
 Time :     10.01000
 Time :     11.01000
 Time :     12.01000
 Time :     13.01000
 Time :     14.01000
 Time :     15.01000
 Time :     16.01000
 Time :     17.01000
 Time :     18.00000
 Time :     19.00000
 Time :     20.00000
 Time :     21.00000
 Time :     22.00000
 Time :     23.00000
 Time :     24.00000
 Time :     25.00000
 Time :     26.00000
 Time :     27.00000
 Time :     28.00000
 Time :     29.00000
 Time :     30.00000
 Time :     31.00000
 Time :     32.00000
 Time :     33.00000
 Time :     34.00000
 Time :     35.00000
dtime = 5.382258072495461
mbcr = 0.500000000000000
agsout =

   1.071449970512459e-02   1.071449970512455e-02

ans = 9.280966472844971e-21
ans = 8.573849833734308e-21
nbcr = 2
lambda0 = 3.501084296647659
kmpl_prod = 0.180000000000000
 Time :      1.00000
 Time :      2.00000
 Time :      3.01000
 Time :      4.01000
 Time :      5.01000
 Time :      6.01000
 Time :      7.01000
 Time :      8.01000
 Time :      9.01000
 Time :     10.01000
 Time :     11.01000
 Time :     12.01000
 Time :     13.01000
 Time :     14.01000
 Time :     15.01000
 Time :     16.01000
 Time :     17.01000
 Time :     18.00000
 Time :     19.00000
 Time :     20.00000
 Time :     21.00000
 Time :     22.00000
 Time :     23.00000
 Time :     24.00000
 Time :     25.00000
 Time :     26.00000
 Time :     27.00000
 Time :     28.00000
 Time :     29.00000
 Time :     30.00000
 Time :     31.00000
 Time :     32.00000
 Time :     33.00000
 Time :     34.00000
 Time :     35.00000
dtime = 5.311548337340355
mbcr =

   0.500000000000000   0.705251114782653

agsout =

   1.071449970512459e-02   1.071449970512455e-02
   3.450723534325696e-03   3.450723534325689e-03

ans = 5.974725564470519e-21
ans = 1.129905452292708e-20
nbcr = 2
lambda0 = 3.501084296647659
kmpl_prod = 0.180000000000000
 Time :      1.00000
 Time :      2.00000
 Time :      3.01000
 Time :      4.01000
 Time :      5.01000
 Time :      6.01000
 Time :      7.01000
 Time :      8.01000
 Time :      9.01000
 Time :     10.01000
 Time :     11.01000
 Time :     12.01000
 Time :     13.01000
 Time :     14.01000
 Time :     15.01000
 Time :     16.01000
 Time :     17.01000
 Time :     18.00000
 Time :     19.00000
 Time :     20.00000
 Time :     21.00000
 Time :     22.00000
 Time :     23.00000
 Time :     24.00000
 Time :     25.00000
 Time :     26.00000
 Time :     27.00000
 Time :     28.00000
 Time :     29.00000
 Time :     30.00000
 Time :     31.00000
 Time :     32.00000
 Time :     33.00000
 Time :     34.00000
 Time :     35.00000
dtime = 5.317663773894310
mbcr =

   0.500000000000000   0.705251114782653   0.707134016953217

agsout =

   1.071449970512459e-02   1.071449970512455e-02
   3.450723534325696e-03   3.450723534325689e-03
   3.388347113422131e-03   3.388347113422134e-03

ans = 3.024068921917300e-21
ans = 1.034280788542164e-20
nbcr = 2
lambda0 = 3.501084296647659
kmpl_prod = 0.180000000000000
 Time :      1.00000
 Time :      2.00000
 Time :      3.01000
 Time :      4.01000
 Time :      5.01000
 Time :      6.01000
 Time :      7.01000
 Time :      8.01000
 Time :      9.01000
 Time :     10.01000
 Time :     11.01000
 Time :     12.01000
 Time :     13.01000
 Time :     14.01000
 Time :     15.01000
 Time :     16.01000
 Time :     17.01000
 Time :     18.00000
 Time :     19.00000
 Time :     20.00000
 Time :     21.00000
 Time :     22.00000
 Time :     23.00000
 Time :     24.00000
 Time :     25.00000
 Time :     26.00000
 Time :     27.00000
 Time :     28.00000
 Time :     29.00000
 Time :     30.00000
 Time :     31.00000
 Time :     32.00000
 Time :     33.00000
 Time :     34.00000
 Time :     35.00000
dtime = 5.378657206892967
mbcr =

   0.500000000000000   0.705251114782653   0.707134016953217   0.644615415322659

agsout =

   1.071449970512459e-02   1.071449970512455e-02
   3.450723534325696e-03   3.450723534325689e-03
   3.388347113422131e-03   3.388347113422134e-03
   5.775738512098044e-03   5.775738512097971e-03

ans = 6.078019743463078e-21
ans = 1.925637691932235e-21
nbcr = 2
lambda0 = 3.501084296647659
kmpl_prod = 0.180000000000000
 Time :      1.00000
 Time :      2.00000
 Time :      3.01000
 Time :      4.01000
 Time :      5.01000
 Time :      6.01000
 Time :      7.01000
 Time :      8.01000
 Time :      9.01000
 Time :     10.01000
 Time :     11.01000
 Time :     12.01000
 Time :     13.01000
 Time :     14.01000
 Time :     15.01000
 Time :     16.01000
 Time :     17.01000
 Time :     18.00000
 Time :     19.00000
 Time :     20.00000
 Time :     21.00000
 Time :     22.00000
 Time :     23.00000
 Time :     24.00000
 Time :     25.00000
 Time :     26.00000
 Time :     27.00000
 Time :     28.00000
 Time :     29.00000
 Time :     30.00000
 Time :     31.00000
 Time :     32.00000
 Time :     33.00000
 Time :     34.00000
 Time :     35.00000
dtime = 5.445927008986473
mbcr =

 Columns 1 through 4:

   0.500000000000000   0.705251114782653   0.707134016953217   0.644615415322659

 Column 5:

   0.535480785554391

agsout =

   1.071449970512459e-02   1.071449970512455e-02
   3.450723534325696e-03   3.450723534325689e-03
   3.388347113422131e-03   3.388347113422134e-03
   5.775738512098044e-03   5.775738512097971e-03
   9.612559270120205e-03   9.612559270120235e-03

ans = -4.396994868299259e-21
ans = 7.912415536421593e-21
nbcr = 2
lambda0 = 3.501084296647659
kmpl_prod = 0.180000000000000
 Time :      1.00000
 Time :      2.00000
 Time :      3.01000
 Time :      4.01000
 Time :      5.01000
 Time :      6.01000
 Time :      7.01000
 Time :      8.01000
 Time :      9.01000
 Time :     10.01000
 Time :     11.01000
 Time :     12.01000
 Time :     13.01000
 Time :     14.01000
 Time :     15.01000
 Time :     16.01000
 Time :     17.01000
 Time :     18.00000
 Time :     19.00000
 Time :     20.00000
 Time :     21.00000
 Time :     22.00000
 Time :     23.00000
 Time :     24.00000
 Time :     25.00000
 Time :     26.00000
 Time :     27.00000
 Time :     28.00000
 Time :     29.00000
 Time :     30.00000
 Time :     31.00000
 Time :     32.00000
 Time :     33.00000
 Time :     34.00000
 Time :     35.00000
dtime = 5.484872683882713
mbcr =

 Columns 1 through 4:

   0.500000000000000   0.705251114782653   0.707134016953217   0.644615415322659

 Columns 5 and 6:

   0.535480785554391   0.734563528177669

agsout =

   1.071449970512459e-02   1.071449970512455e-02
   3.450723534325696e-03   3.450723534325689e-03
   3.388347113422131e-03   3.388347113422134e-03
   5.775738512098044e-03   5.775738512097971e-03
   9.612559270120205e-03   9.612559270120235e-03
   2.123623396328333e-03   2.123623396328319e-03

ans = -4.557765175167182e-21
ans = -9.290388577009832e-21
dkps =

 Columns 1 through 3:

   2.898086672212708e+00   3.013223247078283e-01   8.871147531434916e+01

 Columns 4 through 6:

   1.179881006684549e+02   8.421072977925712e+01   8.179870189241707e-01

nbcr = 3
lambda0 = 3.501084296647659
kmpl_prod = 0.180000000000000
 Time :      1.00000
 Time :      2.00000
 Time :      3.01000
 Time :      4.01000
 Time :      5.01000
 Time :      6.01000
 Time :      7.01000
 Time :      8.01000
 Time :      9.01000
 Time :     10.01000
 Time :     11.01000
 Time :     12.01000
 Time :     13.01000
 Time :     14.01000
 Time :     15.01000
 Time :     16.01000
 Time :     17.01000
 Time :     18.00000
 Time :     19.00000
 Time :     20.00000
 Time :     21.00000
 Time :     22.00000
 Time :     23.00000
 Time :     24.00000
 Time :     25.00000
 Time :     26.00000
 Time :     27.00000
 Time :     28.00000
 Time :     29.00000
 Time :     30.00000
 Time :     31.00000
 Time :     32.00000
 Time :     33.00000
 Time :     34.00000
 Time :     35.00000
dtime = 12.67349794507027
mbcr = 0.333333333333333
agsout =

   8.291246921948960e-03   8.291246921948903e-03   8.291246921948933e-03

ans = 5.054797325734983e-21
ans = 9.380615887263468e-21
ans = -7.833400400877172e-22
nbcr = 3
lambda0 = 3.501084296647659
kmpl_prod = 0.180000000000000
 Time :      1.00000
 Time :      2.00000
 Time :      3.01000
 Time :      4.01000
 Time :      5.01000
 Time :      6.01000
 Time :      7.01000
 Time :      8.01000
 Time :      9.01000
 Time :     10.01000
 Time :     11.01000
 Time :     12.01000
 Time :     13.01000
 Time :     14.01000
 Time :     15.01000
 Time :     16.01000
 Time :     17.01000
 Time :     18.00000
 Time :     19.00000
 Time :     20.00000
 Time :     21.00000
 Time :     22.00000
 Time :     23.00000
 Time :     24.00000
 Time :     25.00000
 Time :     26.00000
 Time :     27.00000
 Time :     28.00000
 Time :     29.00000
 Time :     30.00000
 Time :     31.00000
 Time :     32.00000
 Time :     33.00000
 Time :     34.00000
 Time :     35.00000
dtime = 12.19435147941113
mbcr =

   0.333333333333333   0.617858685845959

agsout =

   8.291246921948960e-03   8.291246921948903e-03   8.291246921948933e-03
   2.068741955897054e-03   2.068741955896963e-03   2.068741955896963e-03

ans = 1.136877033892881e-20
ans = 7.486346435122892e-21
ans = 7.486346435122892e-21
nbcr = 3
lambda0 = 3.501084296647659
kmpl_prod = 0.180000000000000
 Time :      1.00000
 Time :      2.00000
 Time :      3.01000
 Time :      4.01000
 Time :      5.01000
 Time :      6.01000
 Time :      7.01000
 Time :      8.01000
 Time :      9.01000
 Time :     10.01000
 Time :     11.01000
 Time :     12.01000
 Time :     13.01000
 Time :     14.01000
 Time :     15.01000
 Time :     16.01000
 Time :     17.01000
 Time :     18.00000
 Time :     19.00000
 Time :     20.00000
 Time :     21.00000
 Time :     22.00000
 Time :     23.00000
 Time :     24.00000
 Time :     25.00000
 Time :     26.00000
 Time :     27.00000
 Time :     28.00000
 Time :     29.00000
 Time :     30.00000
 Time :     31.00000
 Time :     32.00000
 Time :     33.00000
 Time :     34.00000
 Time :     35.00000
dtime = 12.82572001218796
mbcr =

   0.333333333333333   0.617858685845959   0.694902871069823

agsout =

   8.291246921948960e-03   8.291246921948903e-03   8.291246921948933e-03
   2.068741955897054e-03   2.068741955896963e-03   2.068741955896963e-03
   2.793515510797940e-04   2.793515510798098e-04   2.793515510797848e-04

ans = 1.154082390633984e-20
ans = -5.485597673955288e-21
ans = -2.097637137174279e-21
nbcr = 3
lambda0 = 3.501084296647659
kmpl_prod = 0.180000000000000
 Time :      1.00000
 Time :      2.00000
 Time :      3.01000
 Time :      4.01000
 Time :      5.01000
 Time :      6.01000
 Time :      7.01000
 Time :      8.01000
 Time :      9.01000
 Time :     10.01000
 Time :     11.01000
 Time :     12.01000
 Time :     13.01000
 Time :     14.01000
 Time :     15.01000
 Time :     16.01000
 Time :     17.01000
 Time :     18.00000
 Time :     19.00000
 Time :     20.00000
 Time :     21.00000
 Time :     22.00000
 Time :     23.00000
 Time :     24.00000
 Time :     25.00000
 Time :     26.00000
 Time :     27.00000
 Time :     28.00000
 Time :     29.00000
 Time :     30.00000
 Time :     31.00000
 Time :     32.00000
 Time :     33.00000
 Time :     34.00000
 Time :     35.00000
dtime = 12.12464757263660
mbcr =

   0.333333333333333   0.617858685845959   0.694902871069823   0.590681059298396

agsout =

   8.291246921948960e-03   8.291246921948903e-03   8.291246921948933e-03
   2.068741955897054e-03   2.068741955896963e-03   2.068741955896963e-03
   2.793515510797940e-04   2.793515510798098e-04   2.793515510797848e-04
   3.255304640294417e-03   3.255304640294403e-03   3.255304640294489e-03

ans = 1.592943064623993e-21
ans = 1.967138894227669e-22
ans = 1.983165518595884e-22
nbcr = 3
lambda0 = 3.501084296647659
kmpl_prod = 0.180000000000000
 Time :      1.00000
 Time :      2.00000
 Time :      3.01000
 Time :      4.01000
 Time :      5.01000
 Time :      6.01000
 Time :      7.01000
 Time :      8.01000
 Time :      9.01000
 Time :     10.01000
 Time :     11.01000
 Time :     12.01000
 Time :     13.01000
 Time :     14.01000
 Time :     15.01000
 Time :     16.01000
 Time :     17.01000
 Time :     18.00000
 Time :     19.00000
 Time :     20.00000
 Time :     21.00000
 Time :     22.00000
 Time :     23.00000
 Time :     24.00000
 Time :     25.00000
 Time :     26.00000
 Time :     27.00000
 Time :     28.00000
 Time :     29.00000
 Time :     30.00000
 Time :     31.00000
 Time :     32.00000
 Time :     33.00000
 Time :     34.00000
 Time :     35.00000
dtime = 11.88457645475864
mbcr =

 Columns 1 through 4:

   0.333333333333333   0.617858685845959   0.694902871069823   0.590681059298396

 Column 5:

   0.449520215088103

agsout =

   8.291246921948960e-03   8.291246921948903e-03   8.291246921948933e-03
   2.068741955897054e-03   2.068741955896963e-03   2.068741955896963e-03
   2.793515510797940e-04   2.793515510798098e-04   2.793515510797848e-04
   3.255304640294417e-03   3.255304640294403e-03   3.255304640294489e-03
   6.029014507553698e-03   6.029014507553644e-03   6.029014507553667e-03

ans = -1.586564726619385e-21
ans = 3.283855333047235e-21
ans = -1.081538650913084e-22
nbcr = 3
lambda0 = 3.501084296647659
kmpl_prod = 0.180000000000000
 Time :      1.00000
 Time :      2.00000
 Time :      3.01000
 Time :      4.01000
 Time :      5.01000
 Time :      6.01000
 Time :      7.01000
 Time :      8.01000
 Time :      9.01000
 Time :     10.01000
 Time :     11.01000
 Time :     12.01000
 Time :     13.01000
 Time :     14.01000
 Time :     15.01000
 Time :     16.01000
 Time :     17.01000
 Time :     18.00000
 Time :     19.00000
 Time :     20.00000
 Time :     21.00000
 Time :     22.00000
 Time :     23.00000
 Time :     24.00000
 Time :     25.00000
 Time :     26.00000
 Time :     27.00000
 Time :     28.00000
 Time :     29.00000
 Time :     30.00000
 Time :     31.00000
 Time :     32.00000
 Time :     33.00000
 Time :     34.00000
 Time :     35.00000
dtime = 11.70397996902466
mbcr =

 Columns 1 through 4:

   0.333333333333333   0.617858685845959   0.694902871069823   0.590681059298396

 Columns 5 and 6:

   0.449520215088103   0.454068638486012

agsout =

   8.291246921948960e-03   8.291246921948903e-03   8.291246921948933e-03
   2.068741955897054e-03   2.068741955896963e-03   2.068741955896963e-03
   2.793515510797940e-04   2.793515510798098e-04   2.793515510797848e-04
   3.255304640294417e-03   3.255304640294403e-03   3.255304640294489e-03
   6.029014507553698e-03   6.029014507553644e-03   6.029014507553667e-03
   5.979778493212653e-03   5.979778493212649e-03   5.979778493212705e-03

ans = 9.941496041362705e-21
ans = 4.728939863177375e-21
ans = 4.722942803736365e-21
dkps =

 Columns 1 through 3:

   4.334117868721155e+00   6.514690080557163e+01   7.023830668893716e+00

 Columns 4 through 6:

   6.407673511671347e+00   2.043922513113340e+00   1.403389543430205e+00

nbcr = 4
lambda0 = 3.501084296647659
kmpl_prod = 0.180000000000000
 Time :      1.00000
 Time :      2.00000
 Time :      3.01000
 Time :      4.01000
 Time :      5.01000
 Time :      6.01000
 Time :      7.01000
 Time :      8.01000
 Time :      9.01000
 Time :     10.01000
 Time :     11.01000
 Time :     12.01000
 Time :     13.01000
 Time :     14.01000
 Time :     15.01000
 Time :     16.01000
 Time :     17.01000
 Time :     18.00000
 Time :     19.00000
 Time :     20.00000
 Time :     21.00000
 Time :     22.00000
 Time :     23.00000
 Time :     24.00000
 Time :     25.00000
 Time :     26.00000
 Time :     27.00000
 Time :     28.00000
 Time :     29.00000
 Time :     30.00000
 Time :     31.00000
 Time :     32.00000
 Time :     33.00000
 Time :     34.00000
 Time :     35.00000
dtime = 18.38411875069141
mbcr = 0.250000000000000
agsout =

 Columns 1 through 3:

   7.111158578391398e-03   7.111158578391355e-03   7.111158578391386e-03

 Column 4:

   7.111158578391386e-03

ans = 8.596959192097508e-21
ans = 1.579922724794526e-20
ans = 9.027228819944329e-21
ans = 9.027228819944329e-21
nbcr = 4
lambda0 = 3.501084296647659
kmpl_prod = 0.180000000000000
 Time :      1.00000
 Time :      2.00000
 Time :      3.01000
 Time :      4.01000
 Time :      5.01000
 Time :      6.01000
 Time :      7.01000
 Time :      8.01000
 Time :      9.01000
 Time :     10.01000
 Time :     11.01000
 Time :     12.01000
 Time :     13.01000
 Time :     14.01000
 Time :     15.01000
 Time :     16.01000
 Time :     17.01000
 Time :     18.00000
 Time :     19.00000
 Time :     20.00000
 Time :     21.00000
 Time :     22.00000
 Time :     23.00000
 Time :     24.00000
 Time :     25.00000
 Time :     26.00000
 Time :     27.00000
 Time :     28.00000
 Time :     29.00000
 Time :     30.00000
 Time :     31.00000
 Time :     32.00000
 Time :     33.00000
 Time :     34.00000
 Time :     35.00000
dtime = 18.51544976234436
mbcr =

   0.250000000000000   0.542089685258367

agsout =

 Columns 1 through 3:

   7.111158578391398e-03   7.111158578391355e-03   7.111158578391386e-03
   2.326087865792045e-03   2.326087865792129e-03   2.326087865792133e-03

 Column 4:

   7.111158578391386e-03
   2.326087865792130e-03

ans = 7.927698990708217e-21
ans = 6.347525526790512e-21
ans = 2.960582809903855e-21
ans = 2.958773352313895e-21
nbcr = 4
lambda0 = 3.501084296647659
kmpl_prod = 0.180000000000000
 Time :      1.00000
 Time :      2.00000
 Time :      3.01000
 Time :      4.01000
 Time :      5.01000
 Time :      6.01000
 Time :      7.01000
 Time :      8.01000
 Time :      9.01000
 Time :     10.01000
 Time :     11.01000
 Time :     12.01000
 Time :     13.01000
 Time :     14.01000
 Time :     15.01000
 Time :     16.01000
 Time :     17.01000
 Time :     18.00000
 Time :     19.00000
 Time :     20.00000
 Time :     21.00000
 Time :     22.00000
 Time :     23.00000
 Time :     24.00000
 Time :     25.00000
 Time :     26.00000
 Time :     27.00000
 Time :     28.00000
 Time :     29.00000
 Time :     30.00000
 Time :     31.00000
 Time :     32.00000
 Time :     33.00000
 Time :     34.00000
 Time :     35.00000
dtime = 18.59862171113491
mbcr =

   0.250000000000000   0.542089685258367   0.475684057049806

agsout =

 Columns 1 through 3:

   7.111158578391398e-03   7.111158578391355e-03   7.111158578391386e-03
   2.326087865792045e-03   2.326087865792129e-03   2.326087865792133e-03
   3.730629395770074e-03   3.730629395770101e-03   3.730629395770083e-03

 Column 4:

   7.111158578391386e-03
   2.326087865792130e-03
   3.730629395770137e-03

ans = 1.012324313157709e-20
ans = 6.817519211085485e-21
ans = 6.817260717144062e-21
ans = 4.373717488874134e-23
nbcr = 4
lambda0 = 3.501084296647659
kmpl_prod = 0.180000000000000
 Time :      1.00000
 Time :      2.00000
 Time :      3.01000
 Time :      4.01000
 Time :      5.01000
 Time :      6.01000
 Time :      7.01000
 Time :      8.01000
 Time :      9.01000
 Time :     10.01000
 Time :     11.01000
 Time :     12.01000
 Time :     13.01000
 Time :     14.01000
 Time :     15.01000
 Time :     16.01000
 Time :     17.01000
 Time :     18.00000
 Time :     19.00000
 Time :     20.00000
 Time :     21.00000
 Time :     22.00000
 Time :     23.00000
 Time :     24.00000
 Time :     25.00000
 Time :     26.00000
 Time :     27.00000
 Time :     28.00000
 Time :     29.00000
 Time :     30.00000
 Time :     31.00000
 Time :     32.00000
 Time :     33.00000
 Time :     34.00000
 Time :     35.00000
dtime = 18.60328875482082
mbcr =

   0.250000000000000   0.542089685258367   0.475684057049806   0.563144945439372

agsout =

 Columns 1 through 3:

   7.111158578391398e-03   7.111158578391355e-03   7.111158578391386e-03
   2.326087865792045e-03   2.326087865792129e-03   2.326087865792133e-03
   3.730629395770074e-03   3.730629395770101e-03   3.730629395770083e-03
   2.061672873435081e-03   2.061672873435087e-03   2.061672873435097e-03

 Column 4:

   7.111158578391386e-03
   2.326087865792130e-03
   3.730629395770137e-03
   2.061672873435097e-03

ans = -1.571643163850753e-21
ans = -2.123812072124041e-21
ans = 1.261812325661359e-21
ans = 1.261812325661359e-21
nbcr = 4
lambda0 = 3.501084296647659
kmpl_prod = 0.180000000000000
 Time :      1.00000
 Time :      2.00000
 Time :      3.01000
 Time :      4.01000
 Time :      5.01000
 Time :      6.01000
 Time :      7.01000
 Time :      8.01000
 Time :      9.01000
 Time :     10.01000
 Time :     11.01000
 Time :     12.01000
 Time :     13.01000
 Time :     14.01000
 Time :     15.01000
 Time :     16.01000
 Time :     17.01000
 Time :     18.00000
 Time :     19.00000
 Time :     20.00000
 Time :     21.00000
 Time :     22.00000
 Time :     23.00000
 Time :     24.00000
 Time :     25.00000
 Time :     26.00000
 Time :     27.00000
 Time :     28.00000
 Time :     29.00000
 Time :     30.00000
 Time :     31.00000
 Time :     32.00000
 Time :     33.00000
 Time :     34.00000
 Time :     35.00000
dtime = 18.45172047615051
mbcr =

 Columns 1 through 4:

   0.250000000000000   0.542089685258367   0.475684057049806   0.563144945439372

 Column 5:

   0.588945187235058

agsout =

 Columns 1 through 3:

   7.111158578391398e-03   7.111158578391355e-03   7.111158578391386e-03
   2.326087865792045e-03   2.326087865792129e-03   2.326087865792133e-03
   3.730629395770074e-03   3.730629395770101e-03   3.730629395770083e-03
   2.061672873435081e-03   2.061672873435087e-03   2.061672873435097e-03
   1.420827447649224e-03   1.420827447649223e-03   1.420827447649324e-03

 Column 4:

   7.111158578391386e-03
   2.326087865792130e-03
   3.730629395770137e-03
   2.061672873435097e-03
   1.420827447649242e-03

ans = 2.348365759038046e-21
ans = 2.041714396328153e-21
ans = 2.041559299963299e-21
ans = 2.041274956627734e-21
nbcr = 4
lambda0 = 3.501084296647659
kmpl_prod = 0.180000000000000
 Time :      1.00000
 Time :      2.00000
 Time :      3.01000
 Time :      4.01000
 Time :      5.01000
 Time :      6.01000
 Time :      7.01000
 Time :      8.01000
 Time :      9.01000
 Time :     10.01000
 Time :     11.01000
 Time :     12.01000
 Time :     13.01000
 Time :     14.01000
 Time :     15.01000
 Time :     16.01000
 Time :     17.01000
 Time :     18.00000
 Time :     19.00000
 Time :     20.00000
 Time :     21.00000
 Time :     22.00000
 Time :     23.00000
 Time :     24.00000
 Time :     25.00000
 Time :     26.00000
 Time :     27.00000
 Time :     28.00000
 Time :     29.00000
 Time :     30.00000
 Time :     31.00000
 Time :     32.00000
 Time :     33.00000
 Time :     34.00000
 Time :     35.00000
dtime = 18.99855919182301
mbcr =

 Columns 1 through 4:

   0.250000000000000   0.542089685258367   0.475684057049806   0.563144945439372

 Columns 5 and 6:

   0.588945187235058   0.624163603248450

agsout =

 Columns 1 through 3:

   7.111158578391398e-03   7.111158578391355e-03   7.111158578391386e-03
   2.326087865792045e-03   2.326087865792129e-03   2.326087865792133e-03
   3.730629395770074e-03   3.730629395770101e-03   3.730629395770083e-03
   2.061672873435081e-03   2.061672873435087e-03   2.061672873435097e-03
   1.420827447649224e-03   1.420827447649223e-03   1.420827447649324e-03
   7.051424224544921e-04   7.051424224545512e-04   7.051424224545449e-04

 Column 4:

   7.111158578391386e-03
   2.326087865792130e-03
   3.730629395770137e-03
   2.061672873435097e-03
   1.420827447649242e-03
   7.051424224545102e-04

ans = 7.940933880509066e-22
ans = 5.391957435881304e-21
ans = 5.392222392171263e-21
ans = 2.004278011261593e-21
dkps =

 Columns 1 through 3:

   4.143873059799406e+00   1.591209603123521e+01   1.380094649831848e+01

 Columns 4 through 6:

   6.709347968177277e+00   4.500613575401817e+00   2.872361213980826e+00

nbcr = 5
lambda0 = 3.501084296647659
kmpl_prod = 0.180000000000000
 Time :      1.00000
 Time :      2.00000
 Time :      3.01000
 Time :      4.01000
 Time :      5.01000
 Time :      6.01000
 Time :      7.01000
 Time :      8.01000
 Time :      9.01000
 Time :     10.01000
 Time :     11.01000
 Time :     12.01000
 Time :     13.01000
 Time :     14.01000
 Time :     15.01000
 Time :     16.01000
 Time :     17.01000
 Time :     18.00000
 Time :     19.00000
 Time :     20.00000
 Time :     21.00000
 Time :     22.00000
 Time :     23.00000
 Time :     24.00000
 Time :     25.00000
 Time :     26.00000
 Time :     27.00000
 Time :     28.00000
 Time :     29.00000
 Time :     30.00000
 Time :     31.00000
 Time :     32.00000
 Time :     33.00000
 Time :     34.00000
 Time :     35.00000
dtime = 23.10427017509937
mbcr = 0.200000000000000
agsout =

 Columns 1 through 3:

   6.412471217994505e-03   6.412471217994479e-03   6.412471217994676e-03

 Columns 4 and 5:

   6.412471217994509e-03   6.412471217994673e-03

ans = 1.166962497500230e-20
ans = 5.035461978916556e-22
ans = -2.879777603815081e-21
ans = 5.045284748690623e-22
ans = -2.880708182004203e-21
nbcr = 5
lambda0 = 3.501084296647659
kmpl_prod = 0.180000000000000
 Time :      1.00000
 Time :      2.00000
 Time :      3.01000
 Time :      4.01000
 Time :      5.01000
 Time :      6.01000
 Time :      7.01000
 Time :      8.01000
 Time :      9.01000
 Time :     10.01000
 Time :     11.01000
 Time :     12.01000
 Time :     13.01000
 Time :     14.01000
 Time :     15.01000
 Time :     16.01000
 Time :     17.01000
 Time :     18.00000
 Time :     19.00000
 Time :     20.00000
 Time :     21.00000
 Time :     22.00000
 Time :     23.00000
 Time :     24.00000
 Time :     25.00000
 Time :     26.00000
 Time :     27.00000
 Time :     28.00000
 Time :     29.00000
 Time :     30.00000
 Time :     31.00000
 Time :     32.00000
 Time :     33.00000
 Time :     34.00000
 Time :     35.00000
dtime = 23.48788306117058
mbcr =

   0.200000000000000   0.508245448293835

agsout =

 Columns 1 through 3:

   6.412471217994505e-03   6.412471217994479e-03   6.412471217994676e-03
   2.038407163066086e-03   2.038407163066044e-03   2.038407163066084e-03

 Columns 4 and 5:

   6.412471217994509e-03   6.412471217994673e-03
   2.038407163066099e-03   2.038407163066099e-03

ans = -2.481541837659083e-23
ans = -2.206607681561770e-21
ans = 4.572447631039999e-21
ans = 1.182868275950830e-21
ans = 1.182868275950830e-21
nbcr = 5
lambda0 = 3.501084296647659
kmpl_prod = 0.180000000000000
 Time :      1.00000
 Time :      2.00000
 Time :      3.01000
 Time :      4.01000
 Time :      5.01000
 Time :      6.01000
 Time :      7.01000
 Time :      8.01000
 Time :      9.01000
 Time :     10.01000
 Time :     11.01000
 Time :     12.01000
 Time :     13.01000
 Time :     14.01000
 Time :     15.01000
 Time :     16.01000
 Time :     17.01000
 Time :     18.00000
 Time :     19.00000
 Time :     20.00000
 Time :     21.00000
 Time :     22.00000
 Time :     23.00000
 Time :     24.00000
 Time :     25.00000
 Time :     26.00000
 Time :     27.00000
 Time :     28.00000
 Time :     29.00000
 Time :     30.00000
 Time :     31.00000
 Time :     32.00000
 Time :     33.00000
 Time :     34.00000
 Time :     35.00000
dtime = 23.45361448824406
mbcr =

   0.200000000000000   0.508245448293835   0.517404805675346

agsout =

 Columns 1 through 3:

   6.412471217994505e-03   6.412471217994479e-03   6.412471217994676e-03
   2.038407163066086e-03   2.038407163066044e-03   2.038407163066084e-03
   2.022097942023863e-03   2.022097942023898e-03   2.022097942023879e-03

 Columns 4 and 5:

   6.412471217994509e-03   6.412471217994673e-03
   2.038407163066099e-03   2.038407163066099e-03
   2.022097942023864e-03   2.022097942023816e-03

ans = 4.326154603652335e-21
ans = 1.080204822175342e-20
ans = 1.080241011327141e-20
ans = 1.079930818597434e-20
ans = 1.080060065568145e-20
nbcr = 5
lambda0 = 3.501084296647659
kmpl_prod = 0.180000000000000
 Time :      1.00000
 Time :      2.00000
 Time :      3.01000
 Time :      4.01000
 Time :      5.01000
 Time :      6.01000
 Time :      7.01000
 Time :      8.01000
 Time :      9.01000
 Time :     10.01000
 Time :     11.01000
 Time :     12.01000
 Time :     13.01000
 Time :     14.01000
 Time :     15.01000
 Time :     16.01000
 Time :     17.01000
 Time :     18.00000
 Time :     19.00000
 Time :     20.00000
 Time :     21.00000
 Time :     22.00000
 Time :     23.00000
 Time :     24.00000
 Time :     25.00000
 Time :     26.00000
 Time :     27.00000
 Time :     28.00000
 Time :     29.00000
 Time :     30.00000
 Time :     31.00000
 Time :     32.00000
 Time :     33.00000
 Time :     34.00000
 Time :     35.00000
dtime = 23.44478331506252
mbcr =

   0.200000000000000   0.508245448293835   0.517404805675346   0.520925178415965

agsout =

 Columns 1 through 3:

   6.412471217994505e-03   6.412471217994479e-03   6.412471217994676e-03
   2.038407163066086e-03   2.038407163066044e-03   2.038407163066084e-03
   2.022097942023863e-03   2.022097942023898e-03   2.022097942023879e-03
   2.002611103944939e-03   2.002611103944930e-03   2.002611103944945e-03

 Columns 4 and 5:

   6.412471217994509e-03   6.412471217994673e-03
   2.038407163066099e-03   2.038407163066099e-03
   2.022097942023864e-03   2.022097942023816e-03
   2.002611103944889e-03   2.002611103944941e-03

ans = -3.145767869539164e-21
ans = -3.118264114171776e-21
ans = 2.689370966563031e-22
ans = 2.722975178947998e-22
ans = -6.507843469260945e-21
nbcr = 5
lambda0 = 3.501084296647659
kmpl_prod = 0.180000000000000
 Time :      1.00000
 Time :      2.00000
 Time :      3.01000
 Time :      4.01000
 Time :      5.01000
 Time :      6.01000
 Time :      7.01000
 Time :      8.01000
 Time :      9.01000
 Time :     10.01000
 Time :     11.01000
 Time :     12.01000
 Time :     13.01000
 Time :     14.01000
 Time :     15.01000
 Time :     16.01000
 Time :     17.01000
 Time :     18.00000
 Time :     19.00000
 Time :     20.00000
 Time :     21.00000
 Time :     22.00000
 Time :     23.00000
 Time :     24.00000
 Time :     25.00000
 Time :     26.00000
 Time :     27.00000
 Time :     28.00000
 Time :     29.00000
 Time :     30.00000
 Time :     31.00000
 Time :     32.00000
 Time :     33.00000
 Time :     34.00000
 Time :     35.00000
dtime = 23.49540665745735
mbcr =

 Columns 1 through 4:

   0.200000000000000   0.508245448293835   0.517404805675346   0.520925178415965

 Column 5:

   0.548787823414695

agsout =

 Columns 1 through 3:

   6.412471217994505e-03   6.412471217994479e-03   6.412471217994676e-03
   2.038407163066086e-03   2.038407163066044e-03   2.038407163066084e-03
   2.022097942023863e-03   2.022097942023898e-03   2.022097942023879e-03
   2.002611103944939e-03   2.002611103944930e-03   2.002611103944945e-03
   1.457191904038688e-03   1.457191904038669e-03   1.457191904038673e-03

 Columns 4 and 5:

   6.412471217994509e-03   6.412471217994673e-03
   2.038407163066099e-03   2.038407163066099e-03
   2.022097942023864e-03   2.022097942023816e-03
   2.002611103944889e-03   2.002611103944941e-03
   1.457191904038632e-03   1.457191904038671e-03

ans = 9.965872020038877e-21
ans = -5.063689517319928e-21
ans = -5.063689517319928e-21
ans = -5.063224228225367e-21
ans = -5.063689517319928e-21
nbcr = 5
lambda0 = 3.501084296647659
kmpl_prod = 0.180000000000000
 Time :      1.00000
 Time :      2.00000
 Time :      3.01000
 Time :      4.01000
 Time :      5.01000
 Time :      6.01000
 Time :      7.01000
 Time :      8.01000
 Time :      9.01000
 Time :     10.01000
 Time :     11.01000
 Time :     12.01000
 Time :     13.01000
 Time :     14.01000
 Time :     15.01000
 Time :     16.01000
 Time :     17.01000
 Time :     18.00000
 Time :     19.00000
 Time :     20.00000
 Time :     21.00000
 Time :     22.00000
 Time :     23.00000
 Time :     24.00000
 Time :     25.00000
 Time :     26.00000
 Time :     27.00000
 Time :     28.00000
 Time :     29.00000
 Time :     30.00000
 Time :     31.00000
 Time :     32.00000
 Time :     33.00000
 Time :     34.00000
 Time :     35.00000
dtime = 23.23989607393742
mbcr =

 Columns 1 through 4:

   0.200000000000000   0.508245448293835   0.517404805675346   0.520925178415965

 Columns 5 and 6:

   0.548787823414695   0.567290074707078

agsout =

 Columns 1 through 3:

   6.412471217994505e-03   6.412471217994479e-03   6.412471217994676e-03
   2.038407163066086e-03   2.038407163066044e-03   2.038407163066084e-03
   2.022097942023863e-03   2.022097942023898e-03   2.022097942023879e-03
   2.002611103944939e-03   2.002611103944930e-03   2.002611103944945e-03
   1.457191904038688e-03   1.457191904038669e-03   1.457191904038673e-03
   1.090931409081901e-03   1.090931409081899e-03   1.090931409081984e-03

 Columns 4 and 5:

   6.412471217994509e-03   6.412471217994673e-03
   2.038407163066099e-03   2.038407163066099e-03
   2.022097942023864e-03   2.022097942023816e-03
   2.002611103944889e-03   2.002611103944941e-03
   1.457191904038632e-03   1.457191904038671e-03
   1.090931409081981e-03   1.090931409081985e-03

ans = -1.634508890404783e-21
ans = -6.433345515342888e-21
ans = -9.818401226457158e-21
ans = -9.819486901011134e-21
ans = -9.819202557675569e-21
dkps =

 Columns 1 through 3:

   3.602816483615002e+01   1.012135223157048e-01   4.650186457844707e+01

 Columns 4 through 6:

   4.936143042865194e-01   1.470581667019094e+01   1.643756916629264e+01

nbcr = 7
lambda0 = 3.501084296647659
kmpl_prod = 0.180000000000000
 Time :      1.00000
 Time :      2.00000
 Time :      3.01000
 Time :      4.01000
 Time :      5.01000
 Time :      6.01000
 Time :      7.01000
 Time :      8.01000
 Time :      9.01000
 Time :     10.01000
 Time :     11.01000
 Time :     12.01000
 Time :     13.01000
 Time :     14.01000
 Time :     15.01000
 Time :     16.01000
 Time :     17.01000
 Time :     18.00000
 Time :     19.00000
 Time :     20.00000
 Time :     21.00000
 Time :     22.00000
 Time :     23.00000
 Time :     24.00000
 Time :     25.00000
 Time :     26.00000
 Time :     27.00000
 Time :     28.00000
 Time :     29.00000
 Time :     30.00000
 Time :     31.00000
 Time :     32.00000
 Time :     33.00000
 Time :     34.00000
 Time :     35.00000
dtime = 32.73646496236324
mbcr = 0.142857142857143
agsout =

 Columns 1 through 3:

   5.620669024814049e-03   5.620669024814032e-03   5.620669024814062e-03

 Columns 4 through 6:

   5.620669024814092e-03   5.620669024814003e-03   5.620669024814083e-03

 Column 7:

   5.620669024814048e-03

ans = 6.847724228140742e-21
ans = 1.019251950787841e-20
ans = 6.802216369753254e-21
ans = 1.020110150673364e-20
ans = 1.020410003645415e-20
ans = 1.019830977216628e-20
ans = 3.424837928699242e-21
nbcr = 7
lambda0 = 3.501084296647659
kmpl_prod = 0.180000000000000
 Time :      1.00000
 Time :      2.00000
 Time :      3.01000
 Time :      4.01000
 Time :      5.01000
 Time :      6.01000
 Time :      7.01000
 Time :      8.01000
 Time :      9.01000
 Time :     10.01000
 Time :     11.01000
 Time :     12.01000
 Time :     13.01000
 Time :     14.01000
 Time :     15.01000
 Time :     16.01000
 Time :     17.01000
 Time :     18.00000
 Time :     19.00000
 Time :     20.00000
 Time :     21.00000
 Time :     22.00000
 Time :     23.00000
 Time :     24.00000
 Time :     25.00000
 Time :     26.00000
 Time :     27.00000
 Time :     28.00000
 Time :     29.00000
 Time :     30.00000
 Time :     31.00000
 Time :     32.00000
 Time :     33.00000
 Time :     34.00000
 Time :     35.00000
dtime = 32.84842371940613
mbcr =

   0.142857142857143   0.338146108431074

agsout =

 Columns 1 through 3:

   5.620669024814049e-03   5.620669024814032e-03   5.620669024814062e-03
   3.671503718583668e-03   3.671503718583645e-03   3.671503718583621e-03

 Columns 4 through 6:

   5.620669024814092e-03   5.620669024814003e-03   5.620669024814083e-03
   3.671503718583608e-03   3.671503718583615e-03   3.671503718583691e-03

 Column 7:

   5.620669024814048e-03
   3.671503718583691e-03

ans = 6.352747104407253e-22
ans = -3.647556308629145e-21
ans = 3.130878618513210e-21
ans = 6.519217202683549e-21
ans = 3.130154835477226e-21
ans = 3.141218376170123e-21
ans = 3.141218376170123e-21
nbcr = 7
lambda0 = 3.501084296647659
kmpl_prod = 0.180000000000000
 Time :      1.00000
 Time :      2.00000
 Time :      3.01000
 Time :      4.01000
 Time :      5.01000
 Time :      6.01000
 Time :      7.01000
 Time :      8.01000
 Time :      9.01000
 Time :     10.01000
 Time :     11.01000
 Time :     12.01000
 Time :     13.01000
 Time :     14.01000
 Time :     15.01000
 Time :     16.01000
 Time :     17.01000
 Time :     18.00000
 Time :     19.00000
 Time :     20.00000
 Time :     21.00000
 Time :     22.00000
 Time :     23.00000
 Time :     24.00000
 Time :     25.00000
 Time :     26.00000
 Time :     27.00000
 Time :     28.00000
 Time :     29.00000
 Time :     30.00000
 Time :     31.00000
 Time :     32.00000
 Time :     33.00000
 Time :     34.00000
 Time :     35.00000
dtime = 34.88330505788326
mbcr =

   0.142857142857143   0.338146108431074   0.570707956765483

agsout =

 Columns 1 through 3:

   5.620669024814049e-03   5.620669024814032e-03   5.620669024814062e-03
   3.671503718583668e-03   3.671503718583645e-03   3.671503718583621e-03
   1.613349873118374e-04   1.613349873117585e-04   1.613349873117856e-04

 Columns 4 through 6:

   5.620669024814092e-03   5.620669024814003e-03   5.620669024814083e-03
   3.671503718583608e-03   3.671503718583615e-03   3.671503718583691e-03
   1.613349873118156e-04   1.613349873117661e-04   1.613349873117633e-04

 Column 7:

   5.620669024814048e-03
   3.671503718583691e-03
   1.613349873118558e-04

ans = 8.046812998915853e-21
ans = -5.134673569221769e-21
ans = -5.134622274330268e-21
ans = -5.134679627673521e-21
ans = -1.746526836023579e-21
ans = -5.134645296446925e-21
ans = -1.746594286786419e-21
nbcr = 7
lambda0 = 3.501084296647659
kmpl_prod = 0.180000000000000
 Time :      1.00000
 Time :      2.00000
 Time :      3.01000
 Time :      4.01000
 Time :      5.01000
 Time :      6.01000
 Time :      7.01000
 Time :      8.01000
 Time :      9.01000
 Time :     10.01000
 Time :     11.01000
 Time :     12.01000
 Time :     13.01000
 Time :     14.01000
 Time :     15.01000
 Time :     16.01000
 Time :     17.01000
 Time :     18.00000
 Time :     19.00000
 Time :     20.00000
 Time :     21.00000
 Time :     22.00000
 Time :     23.00000
 Time :     24.00000
 Time :     25.00000
 Time :     26.00000
 Time :     27.00000
 Time :     28.00000
 Time :     29.00000
 Time :     30.00000
 Time :     31.00000
 Time :     32.00000
 Time :     33.00000
 Time :     34.00000
 Time :     35.00000
dtime = 32.64344595372677
mbcr =

   0.142857142857143   0.338146108431074   0.570707956765483   0.480526340999819

agsout =

 Columns 1 through 3:

   5.620669024814049e-03   5.620669024814032e-03   5.620669024814062e-03
   3.671503718583668e-03   3.671503718583645e-03   3.671503718583621e-03
   1.613349873118374e-04   1.613349873117585e-04   1.613349873117856e-04
   1.883434928210912e-03   1.883434928210968e-03   1.883434928210928e-03

 Columns 4 through 6:

   5.620669024814092e-03   5.620669024814003e-03   5.620669024814083e-03
   3.671503718583608e-03   3.671503718583615e-03   3.671503718583691e-03
   1.613349873118156e-04   1.613349873117661e-04   1.613349873117633e-04
   1.883434928210883e-03   1.883434928210937e-03   1.883434928210903e-03

 Column 7:

   5.620669024814048e-03
   3.671503718583691e-03
   1.613349873118558e-04
   1.883434928210937e-03

ans = 9.500996515784076e-21
ans = 5.846874461042792e-21
ans = 2.461275912651534e-21
ans = -9.274245630367977e-22
ans = -9.210656120777963e-22
ans = 5.850596773799280e-21
ans = -9.210656120777963e-22
nbcr = 7
lambda0 = 3.501084296647659
kmpl_prod = 0.180000000000000
 Time :      1.00000
 Time :      2.00000
 Time :      3.01000
 Time :      4.01000
 Time :      5.01000
 Time :      6.01000
 Time :      7.01000
 Time :      8.01000
 Time :      9.01000
 Time :     10.01000
 Time :     11.01000
 Time :     12.01000
 Time :     13.01000
 Time :     14.01000
 Time :     15.01000
 Time :     16.01000
 Time :     17.01000
 Time :     18.00000
 Time :     19.00000
 Time :     20.00000
 Time :     21.00000
 Time :     22.00000
 Time :     23.00000
 Time :     24.00000
 Time :     25.00000
 Time :     26.00000
 Time :     27.00000
 Time :     28.00000
 Time :     29.00000
 Time :     30.00000
 Time :     31.00000
 Time :     32.00000
 Time :     33.00000
 Time :     34.00000
 Time :     35.00000
dtime = 34.74692478775978
mbcr =

 Columns 1 through 4:

   0.142857142857143   0.338146108431074   0.570707956765483   0.480526340999819

 Column 5:

   0.559959123373501

agsout =

 Columns 1 through 3:

   5.620669024814049e-03   5.620669024814032e-03   5.620669024814062e-03
   3.671503718583668e-03   3.671503718583645e-03   3.671503718583621e-03
   1.613349873118374e-04   1.613349873117585e-04   1.613349873117856e-04
   1.883434928210912e-03   1.883434928210968e-03   1.883434928210928e-03
   4.951085614269948e-04   4.951085614270309e-04   4.951085614270196e-04

 Columns 4 through 6:

   5.620669024814092e-03   5.620669024814003e-03   5.620669024814083e-03
   3.671503718583608e-03   3.671503718583615e-03   3.671503718583691e-03
   1.613349873118156e-04   1.613349873117661e-04   1.613349873117633e-04
   1.883434928210883e-03   1.883434928210937e-03   1.883434928210903e-03
   4.951085614270338e-04   4.951085614269750e-04   4.951085614269742e-04

 Column 7:

   5.620669024814048e-03
   3.671503718583691e-03
   1.613349873118558e-04
   1.883434928210937e-03
   4.951085614270193e-04

ans = 8.470329472543003e-21
ans = 5.056787729083939e-22
ans = 5.059114174556744e-22
ans = 5.056723105598583e-22
ans = 3.893248337603001e-21
ans = 5.049937639636234e-22
ans = 3.894036744124340e-21
nbcr = 7
lambda0 = 3.501084296647659
kmpl_prod = 0.180000000000000
 Time :      1.00000
 Time :      2.00000
 Time :      3.01000
 Time :      4.01000
 Time :      5.01000
 Time :      6.01000
 Time :      7.01000
 Time :      8.01000
 Time :      9.01000
 Time :     10.01000
 Time :     11.01000
 Time :     12.01000
 Time :     13.01000
 Time :     14.01000
 Time :     15.01000
 Time :     16.01000
 Time :     17.01000
 Time :     18.00000
 Time :     19.00000
 Time :     20.00000
 Time :     21.00000
 Time :     22.00000
 Time :     23.00000
 Time :     24.00000
 Time :     25.00000
 Time :     26.00000
 Time :     27.00000
 Time :     28.00000
 Time :     29.00000
 Time :     30.00000
 Time :     31.00000
 Time :     32.00000
 Time :     33.00000
 Time :     34.00000
 Time :     35.00000
dtime = 32.78110362589359
mbcr =

 Columns 1 through 4:

   0.142857142857143   0.338146108431074   0.570707956765483   0.480526340999819

 Columns 5 and 6:

   0.559959123373501   0.514402772772241

agsout =

 Columns 1 through 3:

   5.620669024814049e-03   5.620669024814032e-03   5.620669024814062e-03
   3.671503718583668e-03   3.671503718583645e-03   3.671503718583621e-03
   1.613349873118374e-04   1.613349873117585e-04   1.613349873117856e-04
   1.883434928210912e-03   1.883434928210968e-03   1.883434928210928e-03
   4.951085614269948e-04   4.951085614270309e-04   4.951085614270196e-04
   1.063478864874454e-03   1.063478864874422e-03   1.063478864874424e-03

 Columns 4 through 6:

   5.620669024814092e-03   5.620669024814003e-03   5.620669024814083e-03
   3.671503718583608e-03   3.671503718583615e-03   3.671503718583691e-03
   1.613349873118156e-04   1.613349873117661e-04   1.613349873117633e-04
   1.883434928210883e-03   1.883434928210937e-03   1.883434928210903e-03
   4.951085614270338e-04   4.951085614269750e-04   4.951085614269742e-04
   1.063478864874415e-03   1.063478864874426e-03   1.063478864874417e-03

 Column 7:

   5.620669024814048e-03
   3.671503718583691e-03
   1.613349873118558e-04
   1.883434928210937e-03
   4.951085614270193e-04
   1.063478864874369e-03

ans = 5.937502436905633e-21
ans = 1.848464325720452e-21
ans = 1.848128283596602e-21
ans = 1.850041138763131e-21
ans = 1.848516024508736e-21
ans = 1.848309229355598e-21
ans = -1.540210300573738e-21
dkps =

 Columns 1 through 3:

   8.519135421811054e+00   7.017831855081558e+00   2.839222987588467e+01

 Columns 4 through 6:

   1.444294583343626e+02   2.373367297085310e+00   7.360256796377113e+00

nbcr = 10
lambda0 = 3.501084296647659
kmpl_prod = 0.180000000000000
 Time :      1.00000
 Time :      2.00000
 Time :      3.01000
 Time :      4.01000
 Time :      5.01000
 Time :      6.01000
 Time :      7.01000
 Time :      8.01000
 Time :      9.01000
 Time :     10.01000
 Time :     11.01000
 Time :     12.01000
 Time :     13.01000
 Time :     14.01000
 Time :     15.01000
 Time :     16.01000
 Time :     17.01000
 Time :     18.00000
 Time :     19.00000
 Time :     20.00000
 Time :     21.00000
 Time :     22.00000
 Time :     23.00000
 Time :     24.00000
 Time :     25.00000
 Time :     26.00000
 Time :     27.00000
 Time :     28.00000
 Time :     29.00000
 Time :     30.00000
 Time :     31.00000
 Time :     32.00000
 Time :     33.00000
 Time :     34.00000
 Time :     35.00000
dtime = 47.22600616514683
mbcr = 0.100000000000000
agsout =

 Columns 1 through 3:

   5.029430349229995e-03   5.029430349229977e-03   5.029430349229972e-03

 Columns 4 through 6:

   5.029430349229999e-03   5.029430349230004e-03   5.029430349229964e-03

 Columns 7 through 9:

   5.029430349230032e-03   5.029430349229953e-03   5.029430349229961e-03

 Column 10:

   5.029430349230035e-03

ans = -4.819632462525571e-21
ans = 1.573607717805566e-21
ans = -1.814524071211635e-21
ans = 1.566783477752004e-21
ans = -1.815868239707034e-21
ans = 1.600697882866678e-21
ans = -1.801185783834218e-21
ans = 1.588807161561228e-21
ans = 1.566576682598865e-21
ans = 1.574124705688412e-21
nbcr = 10
lambda0 = 3.501084296647659
kmpl_prod = 0.180000000000000
 Time :      1.00000
 Time :      2.00000
 Time :      3.01000
 Time :      4.01000
 Time :      5.01000
 Time :      6.01000
 Time :      7.01000
 Time :      8.01000
 Time :      9.01000
 Time :     10.01000
 Time :     11.01000
 Time :     12.01000
 Time :     13.01000
 Time :     14.01000
 Time :     15.01000
 Time :     16.01000
 Time :     17.01000
 Time :     18.00000
 Time :     19.00000
 Time :     20.00000
 Time :     21.00000
 Time :     22.00000
 Time :     23.00000
 Time :     24.00000
 Time :     25.00000
 Time :     26.00000
 Time :     27.00000
 Time :     28.00000
 Time :     29.00000
 Time :     30.00000
 Time :     31.00000
 Time :     32.00000
 Time :     33.00000
 Time :     34.00000
 Time :     35.00000
dtime = 47.10198752582073
mbcr =

   0.100000000000000   0.390064869473085

agsout =

 Columns 1 through 3:

   5.029430349229995e-03   5.029430349229977e-03   5.029430349229972e-03
   2.218695446917311e-03   2.218695446917344e-03   2.218695446917281e-03

 Columns 4 through 6:

   5.029430349229999e-03   5.029430349230004e-03   5.029430349229964e-03
   2.218695446917278e-03   2.218695446917291e-03   2.218695446917286e-03

 Columns 7 through 9:

   5.029430349230032e-03   5.029430349229953e-03   5.029430349229961e-03
   2.218695446917348e-03   2.218695446917342e-03   2.218695446917269e-03

 Column 10:

   5.029430349230035e-03
   2.218695446917269e-03

ans = 1.399589596439723e-21
ans = 3.456580984705964e-22
ans = 1.051077724855818e-20
ans = 1.051263840493643e-20
ans = 7.124299820766089e-21
ans = 1.051749809103518e-20
ans = 3.439003396689213e-22
ans = 3.733066104451814e-21
ans = 3.416255929844004e-22
ans = 3.416255929844004e-22
nbcr = 10
lambda0 = 3.501084296647659
kmpl_prod = 0.180000000000000
 Time :      1.00000
 Time :      2.00000
 Time :      3.01000
 Time :      4.01000
 Time :      5.01000
 Time :      6.01000
 Time :      7.01000
 Time :      8.01000
 Time :      9.01000
 Time :     10.01000
 Time :     11.01000
 Time :     12.01000
 Time :     13.01000
 Time :     14.01000
 Time :     15.01000
 Time :     16.01000
 Time :     17.01000
 Time :     18.00000
 Time :     19.00000
 Time :     20.00000
 Time :     21.00000
 Time :     22.00000
 Time :     23.00000
 Time :     24.00000
 Time :     25.00000
 Time :     26.00000
 Time :     27.00000
 Time :     28.00000
 Time :     29.00000
 Time :     30.00000
 Time :     31.00000
 Time :     32.00000
 Time :     33.00000
 Time :     34.00000
 Time :     35.00000
dtime = 47.18312770128250
mbcr =

   0.100000000000000   0.390064869473085   0.460910400066251

agsout =

 Columns 1 through 3:

   5.029430349229995e-03   5.029430349229977e-03   5.029430349229972e-03
   2.218695446917311e-03   2.218695446917344e-03   2.218695446917281e-03
   1.328436326879545e-03   1.328436326879468e-03   1.328436326879578e-03

 Columns 4 through 6:

   5.029430349229999e-03   5.029430349230004e-03   5.029430349229964e-03
   2.218695446917278e-03   2.218695446917291e-03   2.218695446917286e-03
   1.328436326879498e-03   1.328436326879512e-03   1.328436326879484e-03

 Columns 7 through 9:

   5.029430349230032e-03   5.029430349229953e-03   5.029430349229961e-03
   2.218695446917348e-03   2.218695446917342e-03   2.218695446917269e-03
   1.328436326879486e-03   1.328436326879500e-03   1.328436326879578e-03

 Column 10:

   5.029430349230035e-03
   2.218695446917269e-03
   1.328436326879558e-03

ans = -4.268251960773623e-22
ans = -6.322761807202205e-22
ans = 2.754201247071875e-21
ans = -6.368256740892622e-22
ans = 2.752184994328777e-21
ans = 6.141092265170247e-21
ans = -6.346543249813105e-22
ans = 6.139437903945141e-21
ans = 6.145331565809581e-21
ans = 2.759888113783177e-21
nbcr = 10
lambda0 = 3.501084296647659
kmpl_prod = 0.180000000000000
 Time :      1.00000
 Time :      2.00000
 Time :      3.01000
 Time :      4.01000
 Time :      5.01000
 Time :      6.01000
 Time :      7.01000
 Time :      8.01000
 Time :      9.01000
 Time :     10.01000
 Time :     11.01000
 Time :     12.01000
 Time :     13.01000
 Time :     14.01000
 Time :     15.01000
 Time :     16.01000
 Time :     17.01000
 Time :     18.00000
 Time :     19.00000
 Time :     20.00000
 Time :     21.00000
 Time :     22.00000
 Time :     23.00000
 Time :     24.00000
 Time :     25.00000
 Time :     26.00000
 Time :     27.00000
 Time :     28.00000
 Time :     29.00000
 Time :     30.00000
 Time :     31.00000
 Time :     32.00000
 Time :     33.00000
 Time :     34.00000
 Time :     35.00000
dtime = 47.26434834301472
mbcr =

   0.100000000000000   0.390064869473085   0.460910400066251   0.411327331653275

agsout =

 Columns 1 through 3:

   5.029430349229995e-03   5.029430349229977e-03   5.029430349229972e-03
   2.218695446917311e-03   2.218695446917344e-03   2.218695446917281e-03
   1.328436326879545e-03   1.328436326879468e-03   1.328436326879578e-03
   2.094508483721639e-03   2.094508483721661e-03   2.094508483721653e-03

 Columns 4 through 6:

   5.029430349229999e-03   5.029430349230004e-03   5.029430349229964e-03
   2.218695446917278e-03   2.218695446917291e-03   2.218695446917286e-03
   1.328436326879498e-03   1.328436326879512e-03   1.328436326879484e-03
   2.094508483721605e-03   2.094508483721637e-03   2.094508483721616e-03

 Columns 7 through 9:

   5.029430349230032e-03   5.029430349229953e-03   5.029430349229961e-03
   2.218695446917348e-03   2.218695446917342e-03   2.218695446917269e-03
   1.328436326879486e-03   1.328436326879500e-03   1.328436326879578e-03
   2.094508483721602e-03   2.094508483721608e-03   2.094508483721608e-03

 Column 10:

   5.029430349230035e-03
   2.218695446917269e-03
   1.328436326879558e-03
   2.094508483721601e-03

ans = 2.013357610954069e-21
ans = -3.720865190416657e-21
ans = -3.715798709164769e-21
ans = -3.712800179444265e-21
ans = -3.257023661927546e-22
ans = -3.259091613458929e-22
ans = 3.059017302797665e-21
ans = -3.292178837961050e-22
ans = -3.233242219316647e-22
ans = 3.058086724608543e-21
nbcr = 10
lambda0 = 3.501084296647659
kmpl_prod = 0.180000000000000
 Time :      1.00000
 Time :      2.00000
 Time :      3.01000
 Time :      4.01000
 Time :      5.01000
 Time :      6.01000
 Time :      7.01000
 Time :      8.01000
 Time :      9.01000
 Time :     10.01000
 Time :     11.01000
 Time :     12.01000
 Time :     13.01000
 Time :     14.01000
 Time :     15.01000
 Time :     16.01000
 Time :     17.01000
 Time :     18.00000
 Time :     19.00000
 Time :     20.00000
 Time :     21.00000
 Time :     22.00000
 Time :     23.00000
 Time :     24.00000
 Time :     25.00000
 Time :     26.00000
 Time :     27.00000
 Time :     28.00000
 Time :     29.00000
 Time :     30.00000
 Time :     31.00000
 Time :     32.00000
 Time :     33.00000
 Time :     34.00000
 Time :     35.00000
dtime = 47.34455309808254
mbcr =

 Columns 1 through 4:

   0.100000000000000   0.390064869473085   0.460910400066251   0.411327331653275

 Column 5:

   0.260889928309774

agsout =

 Columns 1 through 3:

   5.029430349229995e-03   5.029430349229977e-03   5.029430349229972e-03
   2.218695446917311e-03   2.218695446917344e-03   2.218695446917281e-03
   1.328436326879545e-03   1.328436326879468e-03   1.328436326879578e-03
   2.094508483721639e-03   2.094508483721661e-03   2.094508483721653e-03
   3.813306291331928e-03   3.813306291331869e-03   3.813306291331946e-03

 Columns 4 through 6:

   5.029430349229999e-03   5.029430349230004e-03   5.029430349229964e-03
   2.218695446917278e-03   2.218695446917291e-03   2.218695446917286e-03
   1.328436326879498e-03   1.328436326879512e-03   1.328436326879484e-03
   2.094508483721605e-03   2.094508483721637e-03   2.094508483721616e-03
   3.813306291331926e-03   3.813306291331943e-03   3.813306291331880e-03

 Columns 7 through 9:

   5.029430349230032e-03   5.029430349229953e-03   5.029430349229961e-03
   2.218695446917348e-03   2.218695446917342e-03   2.218695446917269e-03
   1.328436326879486e-03   1.328436326879500e-03   1.328436326879578e-03
   2.094508483721602e-03   2.094508483721608e-03   2.094508483721608e-03
   3.813306291331916e-03   3.813306291331916e-03   3.813306291331916e-03

 Column 10:

   5.029430349230035e-03
   2.218695446917269e-03
   1.328436326879558e-03
   2.094508483721601e-03
   3.813306291331916e-03

ans = 4.480837378199751e-21
ans = -5.249288167261514e-21
ans = -5.249701757567790e-21
ans = -1.835720574408307e-21
ans = -1.202327699861140e-20
ans = -1.848128283596602e-21
ans = 1.537211770853233e-21
ans = 1.537211770853233e-21
ans = 1.537211770853233e-21
ans = 1.537211770853233e-21
nbcr = 10
lambda0 = 3.501084296647659
kmpl_prod = 0.180000000000000
 Time :      1.00000
 Time :      2.00000
 Time :      3.01000
 Time :      4.01000
 Time :      5.01000
 Time :      6.01000
 Time :      7.01000
 Time :      8.01000
 Time :      9.01000
 Time :     10.01000
 Time :     11.01000
 Time :     12.01000
 Time :     13.01000
 Time :     14.01000
 Time :     15.01000
 Time :     16.01000
 Time :     17.01000
 Time :     18.00000
 Time :     19.00000
 Time :     20.00000
 Time :     21.00000
 Time :     22.00000
 Time :     23.00000
 Time :     24.00000
 Time :     25.00000
 Time :     26.00000
 Time :     27.00000
 Time :     28.00000
 Time :     29.00000
 Time :     30.00000
 Time :     31.00000
 Time :     32.00000
 Time :     33.00000
 Time :     34.00000
 Time :     35.00000
dtime = 47.19843640923500
mbcr =

 Columns 1 through 4:

   0.100000000000000   0.390064869473085   0.460910400066251   0.411327331653275

 Columns 5 and 6:

   0.260889928309774   0.474845855375086

agsout =

 Columns 1 through 3:

   5.029430349229995e-03   5.029430349229977e-03   5.029430349229972e-03
   2.218695446917311e-03   2.218695446917344e-03   2.218695446917281e-03
   1.328436326879545e-03   1.328436326879468e-03   1.328436326879578e-03
   2.094508483721639e-03   2.094508483721661e-03   2.094508483721653e-03
   3.813306291331928e-03   3.813306291331869e-03   3.813306291331946e-03
   1.138389900895161e-03   1.138389900895117e-03   1.138389900895177e-03

 Columns 4 through 6:

   5.029430349229999e-03   5.029430349230004e-03   5.029430349229964e-03
   2.218695446917278e-03   2.218695446917291e-03   2.218695446917286e-03
   1.328436326879498e-03   1.328436326879512e-03   1.328436326879484e-03
   2.094508483721605e-03   2.094508483721637e-03   2.094508483721616e-03
   3.813306291331926e-03   3.813306291331943e-03   3.813306291331880e-03
   1.138389900895150e-03   1.138389900895125e-03   1.138389900895139e-03

 Columns 7 through 9:

   5.029430349230032e-03   5.029430349229953e-03   5.029430349229961e-03
   2.218695446917348e-03   2.218695446917342e-03   2.218695446917269e-03
   1.328436326879486e-03   1.328436326879500e-03   1.328436326879578e-03
   2.094508483721602e-03   2.094508483721608e-03   2.094508483721608e-03
   3.813306291331916e-03   3.813306291331916e-03   3.813306291331916e-03
   1.138389900895174e-03   1.138389900895145e-03   1.138389900895146e-03

 Column 10:

   5.029430349230035e-03
   2.218695446917269e-03
   1.328436326879558e-03
   2.094508483721601e-03
   3.813306291331916e-03
   1.138389900895145e-03

ans = 4.929996450816045e-21
ans = 5.014265475719885e-22
ans = 5.018401378782650e-22
ans = 4.996687887703133e-22
ans = 5.015816439368422e-22
ans = 4.996429393761710e-22
ans = 3.890669860537308e-21
ans = -2.888463000246888e-21
ans = -2.888540548429315e-21
ans = -2.888463000246888e-21
dkps =

 Columns 1 through 3:

   7.289737622004475e+02   1.982452970171599e+01   2.332615986352057e+01

 Columns 4 through 6:

   2.192742907065390e+01   2.670852576961384e+00   1.010591797021950e+01

nbcr = 15
lambda0 = 3.501084296647659
kmpl_prod = 0.180000000000000
 Time :      1.00000
 Time :      2.00000
 Time :      3.01000
 Time :      4.01000
 Time :      5.01000
 Time :      6.01000
 Time :      7.01000
 Time :      8.01000
 Time :      9.01000
 Time :     10.01000
 Time :     11.01000
 Time :     12.01000
 Time :     13.01000
 Time :     14.01000
 Time :     15.01000
 Time :     16.01000
 Time :     17.01000
 Time :     18.00000
 Time :     19.00000
 Time :     20.00000
 Time :     21.00000
 Time :     22.00000
 Time :     23.00000
 Time :     24.00000
 Time :     25.00000
 Time :     26.00000
 Time :     27.00000
 Time :     28.00000
 Time :     29.00000
 Time :     30.00000
 Time :     31.00000
 Time :     32.00000
 Time :     33.00000
 Time :     34.00000
 Time :     35.00000
dtime = 73.51558394730091
mbcr = 6.666666666666668e-02
agsout =

 Columns 1 through 3:

   4.569552949878814e-03   4.569552949878831e-03   4.569552949878833e-03

 Columns 4 through 6:

   4.569552949878796e-03   4.569552949878840e-03   4.569552949878881e-03

 Columns 7 through 9:

   4.569552949878880e-03   4.569552949878877e-03   4.569552949878877e-03

 Columns 10 through 12:

   4.569552949878822e-03   4.569552949878877e-03   4.569552949878876e-03

 Columns 13 through 15:

   4.569552949878876e-03   4.569552949878882e-03   4.569552949878877e-03

ans = -3.089571286673843e-21
ans = 7.093694138101627e-21
ans = 3.702046831481075e-21
ans = 3.699358494490278e-21
ans = 7.090799005957691e-21
ans = 7.076530140391152e-21
ans = 3.023345138881316e-22
ans = 3.693361435049269e-21
ans = 3.688398351373950e-21
ans = 3.698738109030863e-21
ans = 7.081493224066470e-21
ans = 3.693361435049269e-21
ans = 3.688398351373950e-21
ans = 7.078184501616258e-21
ans = 7.081493224066470e-21
nbcr = 15
lambda0 = 3.501084296647659
kmpl_prod = 0.180000000000000
 Time :      1.00000
 Time :      2.00000
 Time :      3.01000
 Time :      4.01000
 Time :      5.01000
 Time :      6.01000
 Time :      7.01000
 Time :      8.01000
 Time :      9.01000
 Time :     10.01000
 Time :     11.01000
 Time :     12.01000
 Time :     13.01000
 Time :     14.01000
 Time :     15.01000
 Time :     16.01000
 Time :     17.01000
 Time :     18.00000
 Time :     19.00000
 Time :     20.00000
 Time :     21.00000
 Time :     22.00000
 Time :     23.00000
 Time :     24.00000
 Time :     25.00000
 Time :     26.00000
 Time :     27.00000
 Time :     28.00000
 Time :     29.00000
 Time :     30.00000
 Time :     31.00000
 Time :     32.00000
 Time :     33.00000
 Time :     34.00000
 Time :     35.00000
dtime = 73.13944436609745
mbcr =

   6.666666666666668e-02   6.840903772935893e-02

agsout =

 Columns 1 through 3:

   4.569552949878814e-03   4.569552949878831e-03   4.569552949878833e-03
   4.544274040619506e-03   4.544274040619549e-03   4.544274040619553e-03

 Columns 4 through 6:

   4.569552949878796e-03   4.569552949878840e-03   4.569552949878881e-03
   4.544274040619596e-03   4.544274040619605e-03   4.544274040619574e-03

 Columns 7 through 9:

   4.569552949878880e-03   4.569552949878877e-03   4.569552949878877e-03
   4.544274040619599e-03   4.544274040619586e-03   4.544274040619571e-03

 Columns 10 through 12:

   4.569552949878822e-03   4.569552949878877e-03   4.569552949878876e-03
   4.544274040619571e-03   4.544274040619510e-03   4.544274040619521e-03

 Columns 13 through 15:

   4.569552949878876e-03   4.569552949878882e-03   4.569552949878877e-03
   4.544274040619553e-03   4.544274040619533e-03   4.544274040619521e-03

ans = 1.171411824466970e-20
ans = 3.677851798563899e-21
ans = 2.876520580153154e-22
ans = 3.669373197285231e-21
ans = 3.681780906473526e-21
ans = 2.884792386278684e-22
ans = 3.677851798563899e-21
ans = 2.975782253659517e-22
ans = 2.969578399065369e-22
ans = 2.905471901592510e-22
ans = 2.930287319969101e-22
ans = 3.677851798563899e-21
ans = 2.901335998529745e-22
ans = 7.069292310031313e-21
ans = 3.681574111320388e-21
nbcr = 15
lambda0 = 3.501084296647659
kmpl_prod = 0.180000000000000
 Time :      1.00000
 Time :      2.00000
 Time :      3.01000
 Time :      4.01000
 Time :      5.01000
 Time :      6.01000
 Time :      7.01000
 Time :      8.01000
 Time :      9.01000
 Time :     10.01000
 Time :     11.01000
 Time :     12.01000
 Time :     13.01000
 Time :     14.01000
 Time :     15.01000
 Time :     16.01000
 Time :     17.01000
 Time :     18.00000
 Time :     19.00000
 Time :     20.00000
 Time :     21.00000
 Time :     22.00000
 Time :     23.00000
 Time :     24.00000
 Time :     25.00000
 Time :     26.00000
 Time :     27.00000
 Time :     28.00000
 Time :     29.00000
 Time :     30.00000
 Time :     31.00000
 Time :     32.00000
 Time :     33.00000
 Time :     34.00000
 Time :     35.00000
dtime = 72.01241366565228
mbcr =

   6.666666666666668e-02   6.840903772935893e-02   3.011665617874820e-01

agsout =

 Columns 1 through 3:

   4.569552949878814e-03   4.569552949878831e-03   4.569552949878833e-03
   4.544274040619506e-03   4.544274040619549e-03   4.544274040619553e-03
   2.816806060324738e-03   2.816806060324782e-03   2.816806060324820e-03

 Columns 4 through 6:

   4.569552949878796e-03   4.569552949878840e-03   4.569552949878881e-03
   4.544274040619596e-03   4.544274040619605e-03   4.544274040619574e-03
   2.816806060324749e-03   2.816806060324820e-03   2.816806060324833e-03

 Columns 7 through 9:

   4.569552949878880e-03   4.569552949878877e-03   4.569552949878877e-03
   4.544274040619599e-03   4.544274040619586e-03   4.544274040619571e-03
   2.816806060324797e-03   2.816806060324832e-03   2.816806060324826e-03

 Columns 10 through 12:

   4.569552949878822e-03   4.569552949878877e-03   4.569552949878876e-03
   4.544274040619571e-03   4.544274040619510e-03   4.544274040619521e-03
   2.816806060324739e-03   2.816806060324751e-03   2.816806060324750e-03

 Columns 13 through 15:

   4.569552949878876e-03   4.569552949878882e-03   4.569552949878877e-03
   4.544274040619553e-03   4.544274040619533e-03   4.544274040619521e-03
   2.816806060324743e-03   2.816806060324752e-03   2.816806060324752e-03

ans = 7.063295250590303e-21
ans = 7.207845062633945e-22
ans = 4.104366801911554e-21
ans = 7.215082892993784e-22
ans = 7.144772540926777e-22
ans = 4.116671113523280e-21
ans = 7.335024081813973e-22
ans = 7.436353706851719e-22
ans = 4.125046317225380e-21
ans = 4.129389015441283e-21
ans = -2.651217260809023e-21
ans = 7.252306020558670e-22
ans = 7.374315160910242e-22
ans = 7.426013949194806e-22
ans = 7.426013949194806e-22
nbcr = 15
lambda0 = 3.501084296647659
kmpl_prod = 0.180000000000000
 Time :      1.00000
 Time :      2.00000
 Time :      3.01000
 Time :      4.01000
 Time :      5.01000
 Time :      6.01000
 Time :      7.01000
 Time :      8.01000
 Time :      9.01000
 Time :     10.01000
 Time :     11.01000
 Time :     12.01000
 Time :     13.01000
 Time :     14.01000
 Time :     15.01000
 Time :     16.01000
 Time :     17.01000
 Time :     18.00000
 Time :     19.00000
 Time :     20.00000
 Time :     21.00000
 Time :     22.00000
 Time :     23.00000
 Time :     24.00000
 Time :     25.00000
 Time :     26.00000
 Time :     27.00000
 Time :     28.00000
 Time :     29.00000
 Time :     30.00000
 Time :     31.00000
 Time :     32.00000
 Time :     33.00000
 Time :     34.00000
 Time :     35.00000
dtime = 71.33112587034702
mbcr =

 Columns 1 through 3:

   6.666666666666668e-02   6.840903772935893e-02   3.011665617874820e-01

 Column 4:

   3.466787276800159e-01

agsout =

 Columns 1 through 3:

   4.569552949878814e-03   4.569552949878831e-03   4.569552949878833e-03
   4.544274040619506e-03   4.544274040619549e-03   4.544274040619553e-03
   2.816806060324738e-03   2.816806060324782e-03   2.816806060324820e-03
   2.418051021777967e-03   2.418051021778065e-03   2.418051021777976e-03

 Columns 4 through 6:

   4.569552949878796e-03   4.569552949878840e-03   4.569552949878881e-03
   4.544274040619596e-03   4.544274040619605e-03   4.544274040619574e-03
   2.816806060324749e-03   2.816806060324820e-03   2.816806060324833e-03
   2.418051021777970e-03   2.418051021777974e-03   2.418051021778042e-03

 Columns 7 through 9:

   4.569552949878880e-03   4.569552949878877e-03   4.569552949878877e-03
   4.544274040619599e-03   4.544274040619586e-03   4.544274040619571e-03
   2.816806060324797e-03   2.816806060324832e-03   2.816806060324826e-03
   2.418051021778049e-03   2.418051021777979e-03   2.418051021778074e-03

 Columns 10 through 12:

   4.569552949878822e-03   4.569552949878877e-03   4.569552949878876e-03
   4.544274040619571e-03   4.544274040619510e-03   4.544274040619521e-03
   2.816806060324739e-03   2.816806060324751e-03   2.816806060324750e-03
   2.418051021777974e-03   2.418051021778018e-03   2.418051021777989e-03

 Columns 13 through 15:

   4.569552949878876e-03   4.569552949878882e-03   4.569552949878877e-03
   4.544274040619553e-03   4.544274040619533e-03   4.544274040619521e-03
   2.816806060324743e-03   2.816806060324752e-03   2.816806060324752e-03
   2.418051021778060e-03   2.418051021777994e-03   2.418051021777974e-03

ans = 7.806930621275475e-21
ans = 3.214217065227927e-21
ans = 3.233655809622923e-21
ans = 6.621787598640125e-21
ans = 1.002212030169248e-20
ans = -1.700890134562163e-22
ans = -1.646089418980525e-22
ans = 3.238929086027949e-21
ans = -1.561303406193840e-22
ans = 3.242548001207868e-21
ans = -1.492027029892524e-22
ans = 1.001539945921549e-20
ans = -1.576813042679209e-22
ans = 3.239549471487364e-21
ans = 3.244202362432975e-21
nbcr = 15
lambda0 = 3.501084296647659
kmpl_prod = 0.180000000000000
 Time :      1.00000
 Time :      2.00000
 Time :      3.01000
 Time :      4.01000
 Time :      5.01000
 Time :      6.01000
 Time :      7.01000
 Time :      8.01000
 Time :      9.01000
 Time :     10.01000
 Time :     11.01000
 Time :     12.01000
 Time :     13.01000
 Time :     14.01000
 Time :     15.01000
 Time :     16.01000
 Time :     17.01000
 Time :     18.00000
 Time :     19.00000
 Time :     20.00000
 Time :     21.00000
 Time :     22.00000
 Time :     23.00000
 Time :     24.00000
 Time :     25.00000
 Time :     26.00000
 Time :     27.00000
 Time :     28.00000
 Time :     29.00000
 Time :     30.00000
 Time :     31.00000
 Time :     32.00000
 Time :     33.00000
 Time :     34.00000
 Time :     35.00000
dtime = 72.28156328201294
mbcr =

 Columns 1 through 3:

   6.666666666666668e-02   6.840903772935893e-02   3.011665617874820e-01

 Columns 4 and 5:

   3.466787276800159e-01   3.525521750630451e-01

agsout =

 Columns 1 through 3:

   4.569552949878814e-03   4.569552949878831e-03   4.569552949878833e-03
   4.544274040619506e-03   4.544274040619549e-03   4.544274040619553e-03
   2.816806060324738e-03   2.816806060324782e-03   2.816806060324820e-03
   2.418051021777967e-03   2.418051021778065e-03   2.418051021777976e-03
   2.344406102568040e-03   2.344406102568040e-03   2.344406102568056e-03

 Columns 4 through 6:

   4.569552949878796e-03   4.569552949878840e-03   4.569552949878881e-03
   4.544274040619596e-03   4.544274040619605e-03   4.544274040619574e-03
   2.816806060324749e-03   2.816806060324820e-03   2.816806060324833e-03
   2.418051021777970e-03   2.418051021777974e-03   2.418051021778042e-03
   2.344406102568034e-03   2.344406102567985e-03   2.344406102568067e-03

 Columns 7 through 9:

   4.569552949878880e-03   4.569552949878877e-03   4.569552949878877e-03
   4.544274040619599e-03   4.544274040619586e-03   4.544274040619571e-03
   2.816806060324797e-03   2.816806060324832e-03   2.816806060324826e-03
   2.418051021778049e-03   2.418051021777979e-03   2.418051021778074e-03
   2.344406102568043e-03   2.344406102568007e-03   2.344406102568086e-03

 Columns 10 through 12:

   4.569552949878822e-03   4.569552949878877e-03   4.569552949878876e-03
   4.544274040619571e-03   4.544274040619510e-03   4.544274040619521e-03
   2.816806060324739e-03   2.816806060324751e-03   2.816806060324750e-03
   2.418051021777974e-03   2.418051021778018e-03   2.418051021777989e-03
   2.344406102568036e-03   2.344406102568031e-03   2.344406102568054e-03

 Columns 13 through 15:

   4.569552949878876e-03   4.569552949878882e-03   4.569552949878877e-03
   4.544274040619553e-03   4.544274040619533e-03   4.544274040619521e-03
   2.816806060324743e-03   2.816806060324752e-03   2.816806060324752e-03
   2.418051021778060e-03   2.418051021777994e-03   2.418051021777974e-03
   2.344406102568040e-03   2.344406102568026e-03   2.344406102567984e-03

ans = 1.457905829624711e-20
ans = 4.981178251217764e-21
ans = 4.974870999047047e-21
ans = -1.799531422609112e-21
ans = 8.365691125055045e-21
ans = 1.175764862440530e-20
ans = 4.977559336037844e-21
ans = 4.986348130046220e-21
ans = 8.360728041379727e-21
ans = 4.970735095984282e-21
ans = -1.799738217762250e-21
ans = 4.974870999047047e-21
ans = 4.977559336037844e-21
ans = 4.975077794200185e-21
ans = 8.363209583217386e-21
nbcr = 15
lambda0 = 3.501084296647659
kmpl_prod = 0.180000000000000
 Time :      1.00000
 Time :      2.00000
 Time :      3.01000
 Time :      4.01000
 Time :      5.01000
 Time :      6.01000
 Time :      7.01000
 Time :      8.01000
 Time :      9.01000
 Time :     10.01000
 Time :     11.01000
 Time :     12.01000
 Time :     13.01000
 Time :     14.01000
 Time :     15.01000
 Time :     16.01000
 Time :     17.01000
 Time :     18.00000
 Time :     19.00000
 Time :     20.00000
 Time :     21.00000
 Time :     22.00000
 Time :     23.00000
 Time :     24.00000
 Time :     25.00000
 Time :     26.00000
 Time :     27.00000
 Time :     28.00000
 Time :     29.00000
 Time :     30.00000
 Time :     31.00000
 Time :     32.00000
 Time :     33.00000
 Time :     34.00000
 Time :     35.00000
dtime = 63.20450529456139
mbcr =

 Columns 1 through 3:

   6.666666666666668e-02   6.840903772935893e-02   3.011665617874820e-01

 Columns 4 through 6:

   3.466787276800159e-01   3.525521750630451e-01   4.520374635410037e-01

agsout =

 Columns 1 through 3:

   4.569552949878814e-03   4.569552949878831e-03   4.569552949878833e-03
   4.544274040619506e-03   4.544274040619549e-03   4.544274040619553e-03
   2.816806060324738e-03   2.816806060324782e-03   2.816806060324820e-03
   2.418051021777967e-03   2.418051021778065e-03   2.418051021777976e-03
   2.344406102568040e-03   2.344406102568040e-03   2.344406102568056e-03
   9.221991834584841e-04   9.221991834584710e-04   9.221991834584712e-04

 Columns 4 through 6:

   4.569552949878796e-03   4.569552949878840e-03   4.569552949878881e-03
   4.544274040619596e-03   4.544274040619605e-03   4.544274040619574e-03
   2.816806060324749e-03   2.816806060324820e-03   2.816806060324833e-03
   2.418051021777970e-03   2.418051021777974e-03   2.418051021778042e-03
   2.344406102568034e-03   2.344406102567985e-03   2.344406102568067e-03
   9.221991834585346e-04   9.221991834585159e-04   9.221991834585040e-04

 Columns 7 through 9:

   4.569552949878880e-03   4.569552949878877e-03   4.569552949878877e-03
   4.544274040619599e-03   4.544274040619586e-03   4.544274040619571e-03
   2.816806060324797e-03   2.816806060324832e-03   2.816806060324826e-03
   2.418051021778049e-03   2.418051021777979e-03   2.418051021778074e-03
   2.344406102568043e-03   2.344406102568007e-03   2.344406102568086e-03
   9.221991834584975e-04   9.221991834585768e-04   9.221991834584994e-04

 Columns 10 through 12:

   4.569552949878822e-03   4.569552949878877e-03   4.569552949878876e-03
   4.544274040619571e-03   4.544274040619510e-03   4.544274040619521e-03
   2.816806060324739e-03   2.816806060324751e-03   2.816806060324750e-03
   2.418051021777974e-03   2.418051021778018e-03   2.418051021777989e-03
   2.344406102568036e-03   2.344406102568031e-03   2.344406102568054e-03
   9.221991834585274e-04   9.221991834584882e-04   9.221991834584871e-04

 Columns 13 through 15:

   4.569552949878876e-03   4.569552949878882e-03   4.569552949878877e-03
   4.544274040619553e-03   4.544274040619533e-03   4.544274040619521e-03
   2.816806060324743e-03   2.816806060324752e-03   2.816806060324752e-03
   2.418051021778060e-03   2.418051021777994e-03   2.418051021777974e-03
   2.344406102568040e-03   2.344406102568026e-03   2.344406102567984e-03
   9.221991834584704e-04   9.221991834585142e-04   9.221991834584999e-04

ans = 1.019086514665330e-21
ans = 5.633125820880261e-21
ans = 5.634263194222521e-21
ans = 9.020766471408759e-21
ans = 5.629325959941345e-21
ans = 2.242977779119961e-21
ans = 9.017664544111685e-21
ans = 5.632557134209131e-21
ans = 2.243624013973518e-21
ans = 5.628447080540508e-21
ans = 2.243753260944230e-21
ans = 5.632815628150553e-21
ans = 9.022627627787003e-21
ans = 5.631316363290301e-21
ans = 9.019112110183653e-21
