warning: function /home/surgeon/flu/amcode/perelson21/1d2agt/4paper/2submit/run.m shadows a core library function
warning: called from
    driver at line 1 column 1

lambda0 = 3.501084296647659
kmpl_prod = 0.180000000000000
dkps =

 Columns 1 through 3:

   1.155060552878593e+01   2.175206382589202e+01   2.547242322198558e+01

 Columns 4 through 6:

   2.728320486415581e+01   3.547012048098999e+01   7.464113373098692e+00

nbcr = 2
lambda0 = 3.501084296647659
kmpl_prod = 0.180000000000000
 Time :      1.00000
 Time :      2.00000
 Time :      3.01000
 Time :      4.01000
 Time :      5.01000
 Time :      6.01000
 Time :      7.01000
 Time :      8.01000
 Time :      9.01000
 Time :     10.01000
 Time :     11.01000
 Time :     12.01000
 Time :     13.01000
 Time :     14.01000
 Time :     15.01000
 Time :     16.01000
 Time :     17.01000
 Time :     18.00000
 Time :     19.00000
 Time :     20.00000
 Time :     21.00000
 Time :     22.00000
 Time :     23.00000
 Time :     24.00000
 Time :     25.00000
 Time :     26.00000
 Time :     27.00000
 Time :     28.00000
 Time :     29.00000
 Time :     30.00000
 Time :     31.00000
 Time :     32.00000
 Time :     33.00000
 Time :     34.00000
 Time :     35.00000
dtime = 2.943255007266998
mbcr = 1.571002165138252e-04
agsout =

   1.836434324935496e-02   1.836434324935494e-02

ans = -1.103222657527407e-21
ans = 1.078619284962140e-21
nbcr = 2
lambda0 = 3.501084296647659
kmpl_prod = 0.180000000000000
 Time :      1.00000
 Time :      2.00000
 Time :      3.01000
 Time :      4.01000
 Time :      5.01000
 Time :      6.01000
 Time :      7.01000
 Time :      8.01000
 Time :      9.01000
 Time :     10.01000
 Time :     11.01000
 Time :     12.01000
 Time :     13.01000
 Time :     14.01000
 Time :     15.01000
 Time :     16.01000
 Time :     17.01000
 Time :     18.00000
 Time :     19.00000
 Time :     20.00000
 Time :     21.00000
 Time :     22.00000
 Time :     23.00000
 Time :     24.00000
 Time :     25.00000
 Time :     26.00000
 Time :     27.00000
 Time :     28.00000
 Time :     29.00000
 Time :     30.00000
 Time :     31.00000
 Time :     32.00000
 Time :     33.00000
 Time :     34.00000
 Time :     35.00000
dtime = 2.956260368227959
mbcr =

   1.571002165138252e-04   1.301265421221373e-04

agsout =

   1.836434324935496e-02   1.836434324935494e-02
   1.850882820720055e-02   1.850882820720054e-02

ans = 5.366973996442789e-21
ans = 1.541565778179073e-21
nbcr = 2
lambda0 = 3.501084296647659
kmpl_prod = 0.180000000000000
 Time :      1.00000
 Time :      2.00000
 Time :      3.01000
 Time :      4.01000
 Time :      5.01000
 Time :      6.01000
 Time :      7.01000
 Time :      8.01000
 Time :      9.01000
 Time :     10.01000
 Time :     11.01000
 Time :     12.01000
 Time :     13.01000
 Time :     14.01000
 Time :     15.01000
 Time :     16.01000
 Time :     17.01000
 Time :     18.00000
 Time :     19.00000
 Time :     20.00000
 Time :     21.00000
 Time :     22.00000
 Time :     23.00000
 Time :     24.00000
 Time :     25.00000
 Time :     26.00000
 Time :     27.00000
 Time :     28.00000
 Time :     29.00000
 Time :     30.00000
 Time :     31.00000
 Time :     32.00000
 Time :     33.00000
 Time :     34.00000
 Time :     35.00000
dtime = 2.946936339139938
mbcr =

   1.571002165138252e-04   1.301265421221373e-04   2.376108526996844e-04

agsout =

   1.836434324935496e-02   1.836434324935494e-02
   1.850882820720055e-02   1.850882820720054e-02
   1.850601819101250e-02   1.850601819101249e-02

ans = -1.346856832389467e-21
ans = -2.454076856382908e-21
nbcr = 2
lambda0 = 3.501084296647659
kmpl_prod = 0.180000000000000
 Time :      1.00000
 Time :      2.00000
 Time :      3.01000
 Time :      4.01000
 Time :      5.01000
 Time :      6.01000
 Time :      7.01000
 Time :      8.01000
 Time :      9.01000
 Time :     10.01000
 Time :     11.01000
 Time :     12.01000
 Time :     13.01000
 Time :     14.01000
 Time :     15.01000
 Time :     16.01000
 Time :     17.01000
 Time :     18.00000
 Time :     19.00000
 Time :     20.00000
 Time :     21.00000
 Time :     22.00000
 Time :     23.00000
 Time :     24.00000
 Time :     25.00000
 Time :     26.00000
 Time :     27.00000
 Time :     28.00000
 Time :     29.00000
 Time :     30.00000
 Time :     31.00000
 Time :     32.00000
 Time :     33.00000
 Time :     34.00000
 Time :     35.00000
dtime = 2.956371009349823
mbcr =

 Columns 1 through 3:

   1.571002165138252e-04   1.301265421221373e-04   2.376108526996844e-04

 Column 4:

   1.089803664899926e-03

agsout =

   1.836434324935496e-02   1.836434324935494e-02
   1.850882820720055e-02   1.850882820720054e-02
   1.850601819101250e-02   1.850601819101249e-02
   1.848417290451656e-02   1.848417290451660e-02

ans = -1.011538491575784e-21
ans = 1.136740436000711e-20
nbcr = 2
lambda0 = 3.501084296647659
kmpl_prod = 0.180000000000000
 Time :      1.00000
 Time :      2.00000
 Time :      3.01000
 Time :      4.01000
 Time :      5.01000
 Time :      6.01000
 Time :      7.01000
 Time :      8.01000
 Time :      9.01000
 Time :     10.01000
 Time :     11.01000
 Time :     12.01000
 Time :     13.01000
 Time :     14.01000
 Time :     15.01000
 Time :     16.01000
 Time :     17.01000
 Time :     18.00000
 Time :     19.00000
 Time :     20.00000
 Time :     21.00000
 Time :     22.00000
 Time :     23.00000
 Time :     24.00000
 Time :     25.00000
 Time :     26.00000
 Time :     27.00000
 Time :     28.00000
 Time :     29.00000
 Time :     30.00000
 Time :     31.00000
 Time :     32.00000
 Time :     33.00000
 Time :     34.00000
 Time :     35.00000
dtime = 2.950798720121384
mbcr =

 Columns 1 through 3:

   1.571002165138252e-04   1.301265421221373e-04   2.376108526996844e-04

 Columns 4 and 5:

   1.089803664899926e-03   1.643583307925063e-03

agsout =

   1.836434324935496e-02   1.836434324935494e-02
   1.850882820720055e-02   1.850882820720054e-02
   1.850601819101250e-02   1.850601819101249e-02
   1.848417290451656e-02   1.848417290451660e-02
   1.846996334349628e-02   1.846996334349623e-02

ans = 1.454431671051989e-20
ans = 1.139062519388254e-20
nbcr = 2
lambda0 = 3.501084296647659
kmpl_prod = 0.180000000000000
 Time :      1.00000
 Time :      2.00000
 Time :      3.01000
 Time :      4.01000
 Time :      5.01000
 Time :      6.01000
 Time :      7.01000
 Time :      8.01000
 Time :      9.01000
 Time :     10.01000
 Time :     11.01000
 Time :     12.01000
 Time :     13.01000
 Time :     14.01000
 Time :     15.01000
 Time :     16.01000
 Time :     17.01000
 Time :     18.00000
 Time :     19.00000
 Time :     20.00000
 Time :     21.00000
 Time :     22.00000
 Time :     23.00000
 Time :     24.00000
 Time :     25.00000
 Time :     26.00000
 Time :     27.00000
 Time :     28.00000
 Time :     29.00000
 Time :     30.00000
 Time :     31.00000
 Time :     32.00000
 Time :     33.00000
 Time :     34.00000
 Time :     35.00000
dtime = 2.964216470718384
mbcr =

 Columns 1 through 3:

   1.571002165138252e-04   1.301265421221373e-04   2.376108526996844e-04

 Columns 4 through 6:

   1.089803664899926e-03   1.643583307925063e-03   9.619631992024270e-04

agsout =

   1.836434324935496e-02   1.836434324935494e-02
   1.850882820720055e-02   1.850882820720054e-02
   1.850601819101250e-02   1.850601819101249e-02
   1.848417290451656e-02   1.848417290451660e-02
   1.846996334349628e-02   1.846996334349623e-02
   1.848748505527627e-02   1.848748505527630e-02

ans = 1.530661534377579e-20
ans = 5.664822024860100e-21
dkps =

 Columns 1 through 3:

   2.316821370670091e+01   1.145435622267448e+01   6.676327199394926e+00

 Columns 4 through 6:

   2.257509241546169e+01   7.679669150352457e+00   1.611355004702966e+02

nbcr = 3
lambda0 = 3.501084296647659
kmpl_prod = 0.180000000000000
 Time :      1.00000
 Time :      2.00000
 Time :      3.01000
 Time :      4.01000
 Time :      5.01000
 Time :      6.01000
 Time :      7.01000
 Time :      8.01000
 Time :      9.01000
 Time :     10.01000
 Time :     11.01000
 Time :     12.01000
 Time :     13.01000
 Time :     14.01000
 Time :     15.01000
 Time :     16.01000
 Time :     17.01000
 Time :     18.00000
 Time :     19.00000
 Time :     20.00000
 Time :     21.00000
 Time :     22.00000
 Time :     23.00000
 Time :     24.00000
 Time :     25.00000
 Time :     26.00000
 Time :     27.00000
 Time :     28.00000
 Time :     29.00000
 Time :     30.00000
 Time :     31.00000
 Time :     32.00000
 Time :     33.00000
 Time :     34.00000
 Time :     35.00000
dtime = 4.656070098280907
mbcr = 1.003998599568629e-04
agsout =

   1.071404485318486e-02   1.071404485318483e-02   1.071404485318485e-02

ans = 4.785891177669714e-21
ans = 8.388580763568036e-22
ans = 8.388322269626613e-22
nbcr = 3
lambda0 = 3.501084296647659
kmpl_prod = 0.180000000000000
 Time :      1.00000
 Time :      2.00000
 Time :      3.01000
 Time :      4.01000
 Time :      5.01000
 Time :      6.01000
 Time :      7.01000
 Time :      8.01000
 Time :      9.01000
 Time :     10.01000
 Time :     11.01000
 Time :     12.01000
 Time :     13.01000
 Time :     14.01000
 Time :     15.01000
 Time :     16.01000
 Time :     17.01000
 Time :     18.00000
 Time :     19.00000
 Time :     20.00000
 Time :     21.00000
 Time :     22.00000
 Time :     23.00000
 Time :     24.00000
 Time :     25.00000
 Time :     26.00000
 Time :     27.00000
 Time :     28.00000
 Time :     29.00000
 Time :     30.00000
 Time :     31.00000
 Time :     32.00000
 Time :     33.00000
 Time :     34.00000
 Time :     35.00000
dtime = 4.672344401478767
mbcr =

   1.003998599568629e-04   7.852036669035382e-05

agsout =

   1.071404485318486e-02   1.071404485318483e-02   1.071404485318485e-02
   1.078951398897245e-02   1.078951398897248e-02   1.078951398897247e-02

ans = 1.178670819018263e-20
ans = 1.257602105590435e-20
ans = 2.411270259683289e-21
nbcr = 3
lambda0 = 3.501084296647659
kmpl_prod = 0.180000000000000
 Time :      1.00000
 Time :      2.00000
 Time :      3.01000
 Time :      4.01000
 Time :      5.01000
 Time :      6.01000
 Time :      7.01000
 Time :      8.01000
 Time :      9.01000
 Time :     10.01000
 Time :     11.01000
 Time :     12.01000
 Time :     13.01000
 Time :     14.01000
 Time :     15.01000
 Time :     16.01000
 Time :     17.01000
 Time :     18.00000
 Time :     19.00000
 Time :     20.00000
 Time :     21.00000
 Time :     22.00000
 Time :     23.00000
 Time :     24.00000
 Time :     25.00000
 Time :     26.00000
 Time :     27.00000
 Time :     28.00000
 Time :     29.00000
 Time :     30.00000
 Time :     31.00000
 Time :     32.00000
 Time :     33.00000
 Time :     34.00000
 Time :     35.00000
dtime = 4.667707532644272
mbcr =

   1.003998599568629e-04   7.852036669035382e-05   8.633717234284988e-05

agsout =

   1.071404485318486e-02   1.071404485318483e-02   1.071404485318485e-02
   1.078951398897245e-02   1.078951398897248e-02   1.078951398897247e-02
   1.078943028050450e-02   1.078943028050455e-02   1.078943028050449e-02

ans = 4.079499684746679e-21
ans = 5.055055819676406e-21
ans = 5.056044559002348e-21
nbcr = 3
lambda0 = 3.501084296647659
kmpl_prod = 0.180000000000000
 Time :      1.00000
 Time :      2.00000
 Time :      3.01000
 Time :      4.01000
 Time :      5.01000
 Time :      6.01000
 Time :      7.01000
 Time :      8.01000
 Time :      9.01000
 Time :     10.01000
 Time :     11.01000
 Time :     12.01000
 Time :     13.01000
 Time :     14.01000
 Time :     15.01000
 Time :     16.01000
 Time :     17.01000
 Time :     18.00000
 Time :     19.00000
 Time :     20.00000
 Time :     21.00000
 Time :     22.00000
 Time :     23.00000
 Time :     24.00000
 Time :     25.00000
 Time :     26.00000
 Time :     27.00000
 Time :     28.00000
 Time :     29.00000
 Time :     30.00000
 Time :     31.00000
 Time :     32.00000
 Time :     33.00000
 Time :     34.00000
 Time :     35.00000
dtime = 4.758946225047112
mbcr =

 Columns 1 through 3:

   1.003998599568629e-04   7.852036669035382e-05   8.633717234284988e-05

 Column 4:

   2.816670886901853e-03

agsout =

   1.071404485318486e-02   1.071404485318483e-02   1.071404485318485e-02
   1.078951398897245e-02   1.078951398897248e-02   1.078951398897247e-02
   1.078943028050450e-02   1.078943028050455e-02   1.078943028050449e-02
   1.073653423412779e-02   1.073653423412776e-02   1.073653423412778e-02

ans = -1.224227306578481e-21
ans = -1.914121786841848e-21
ans = -5.300974030849007e-21
nbcr = 3
lambda0 = 3.501084296647659
kmpl_prod = 0.180000000000000
 Time :      1.00000
 Time :      2.00000
 Time :      3.01000
 Time :      4.01000
 Time :      5.01000
 Time :      6.01000
 Time :      7.01000
 Time :      8.01000
 Time :      9.01000
 Time :     10.01000
 Time :     11.01000
 Time :     12.01000
 Time :     13.01000
 Time :     14.01000
 Time :     15.01000
 Time :     16.01000
 Time :     17.01000
 Time :     18.00000
 Time :     19.00000
 Time :     20.00000
 Time :     21.00000
 Time :     22.00000
 Time :     23.00000
 Time :     24.00000
 Time :     25.00000
 Time :     26.00000
 Time :     27.00000
 Time :     28.00000
 Time :     29.00000
 Time :     30.00000
 Time :     31.00000
 Time :     32.00000
 Time :     33.00000
 Time :     34.00000
 Time :     35.00000
dtime = 4.720121249556541
mbcr =

 Columns 1 through 3:

   1.003998599568629e-04   7.852036669035382e-05   8.633717234284988e-05

 Columns 4 and 5:

   2.816670886901853e-03   4.333068860631503e-03

agsout =

   1.071404485318486e-02   1.071404485318483e-02   1.071404485318485e-02
   1.078951398897245e-02   1.078951398897248e-02   1.078951398897247e-02
   1.078943028050450e-02   1.078943028050455e-02   1.078943028050449e-02
   1.073653423412779e-02   1.073653423412776e-02   1.073653423412778e-02
   1.070922922486321e-02   1.070922922486321e-02   1.070922922486323e-02

ans = -5.035048388610279e-21
ans = 4.109123090433734e-21
ans = 1.427445549802300e-20
nbcr = 3
lambda0 = 3.501084296647659
kmpl_prod = 0.180000000000000
 Time :      1.00000
 Time :      2.00000
 Time :      3.01000
 Time :      4.01000
 Time :      5.01000
 Time :      6.01000
 Time :      7.01000
 Time :      8.01000
 Time :      9.01000
 Time :     10.01000
 Time :     11.01000
 Time :     12.01000
 Time :     13.01000
 Time :     14.01000
 Time :     15.01000
 Time :     16.01000
 Time :     17.01000
 Time :     18.00000
 Time :     19.00000
 Time :     20.00000
 Time :     21.00000
 Time :     22.00000
 Time :     23.00000
 Time :     24.00000
 Time :     25.00000
 Time :     26.00000
 Time :     27.00000
 Time :     28.00000
 Time :     29.00000
 Time :     30.00000
 Time :     31.00000
 Time :     32.00000
 Time :     33.00000
 Time :     34.00000
 Time :     35.00000
dtime = 4.709932208061218
mbcr =

 Columns 1 through 3:

   1.003998599568629e-04   7.852036669035382e-05   8.633717234284988e-05

 Columns 4 through 6:

   2.816670886901853e-03   4.333068860631503e-03   1.845362789410501e-02

agsout =

   1.071404485318486e-02   1.071404485318483e-02   1.071404485318485e-02
   1.078951398897245e-02   1.078951398897248e-02   1.078951398897247e-02
   1.078943028050450e-02   1.078943028050455e-02   1.078943028050449e-02
   1.073653423412779e-02   1.073653423412776e-02   1.073653423412778e-02
   1.070922922486321e-02   1.070922922486321e-02   1.070922922486323e-02
   1.043145432820154e-02   1.043145432820154e-02   1.043145432820150e-02

ans = 1.721362854722851e-21
ans = 1.460689809373835e-20
ans = 1.460859122905467e-20
dkps =

 Columns 1 through 3:

   3.103693977827001e+00   8.645124749392123e+00   3.035961572400247e+00

 Columns 4 through 6:

   3.061648056457793e+00   3.271144620792222e+02   7.488273423435965e+01

nbcr = 4
lambda0 = 3.501084296647659
kmpl_prod = 0.180000000000000
 Time :      1.00000
 Time :      2.00000
 Time :      3.01000
 Time :      4.01000
 Time :      5.01000
 Time :      6.01000
 Time :      7.01000
 Time :      8.01000
 Time :      9.01000
 Time :     10.01000
 Time :     11.01000
 Time :     12.01000
 Time :     13.01000
 Time :     14.01000
 Time :     15.01000
 Time :     16.01000
 Time :     17.01000
 Time :     18.00000
 Time :     19.00000
 Time :     20.00000
 Time :     21.00000
 Time :     22.00000
 Time :     23.00000
 Time :     24.00000
 Time :     25.00000
 Time :     26.00000
 Time :     27.00000
 Time :     28.00000
 Time :     29.00000
 Time :     30.00000
 Time :     31.00000
 Time :     32.00000
 Time :     33.00000
 Time :     34.00000
 Time :     35.00000
dtime = 7.114193961024284
mbcr = 8.208159070119471e-05
agsout =

 Columns 1 through 3:

   8.291090270728722e-03   8.291090270728749e-03   8.291090270728751e-03

 Column 4:

   8.291090270728753e-03

ans = 5.338960832568132e-21
ans = -6.202639672623020e-21
ans = -2.814585431788246e-21
ans = 3.960850965633604e-21
nbcr = 4
lambda0 = 3.501084296647659
kmpl_prod = 0.180000000000000
 Time :      1.00000
 Time :      2.00000
 Time :      3.01000
 Time :      4.01000
 Time :      5.01000
 Time :      6.01000
 Time :      7.01000
 Time :      8.01000
 Time :      9.01000
 Time :     10.01000
 Time :     11.01000
 Time :     12.01000
 Time :     13.01000
 Time :     14.01000
 Time :     15.01000
 Time :     16.01000
 Time :     17.01000
 Time :     18.00000
 Time :     19.00000
 Time :     20.00000
 Time :     21.00000
 Time :     22.00000
 Time :     23.00000
 Time :     24.00000
 Time :     25.00000
 Time :     26.00000
 Time :     27.00000
 Time :     28.00000
 Time :     29.00000
 Time :     30.00000
 Time :     31.00000
 Time :     32.00000
 Time :     33.00000
 Time :     34.00000
 Time :     35.00000
dtime = 7.157293707132339
mbcr =

   8.208159070119471e-05   7.403706333378101e-05

agsout =

 Columns 1 through 3:

   8.291090270728722e-03   8.291090270728749e-03   8.291090270728751e-03
   8.341817644683282e-03   8.341817644683341e-03   8.341817644683253e-03

 Column 4:

   8.291090270728753e-03
   8.341817644683265e-03

ans = 3.704424975742165e-21
ans = 8.273822378273375e-21
ans = 4.885871535015169e-21
ans = 8.274468613126932e-21
nbcr = 4
lambda0 = 3.501084296647659
kmpl_prod = 0.180000000000000
 Time :      1.00000
 Time :      2.00000
 Time :      3.01000
 Time :      4.01000
 Time :      5.01000
 Time :      6.01000
 Time :      7.01000
 Time :      8.01000
 Time :      9.01000
 Time :     10.01000
 Time :     11.01000
 Time :     12.01000
 Time :     13.01000
 Time :     14.01000
 Time :     15.01000
 Time :     16.01000
 Time :     17.01000
 Time :     18.00000
 Time :     19.00000
 Time :     20.00000
 Time :     21.00000
 Time :     22.00000
 Time :     23.00000
 Time :     24.00000
 Time :     25.00000
 Time :     26.00000
 Time :     27.00000
 Time :     28.00000
 Time :     29.00000
 Time :     30.00000
 Time :     31.00000
 Time :     32.00000
 Time :     33.00000
 Time :     34.00000
 Time :     35.00000
dtime = 7.166919484734535
mbcr =

   8.208159070119471e-05   7.403706333378101e-05   1.523289660563431e-03

agsout =

 Columns 1 through 3:

   8.291090270728722e-03   8.291090270728749e-03   8.291090270728751e-03
   8.341817644683282e-03   8.341817644683341e-03   8.341817644683253e-03
   8.317618195001446e-03   8.317618195001351e-03   8.317618195001425e-03

 Column 4:

   8.291090270728753e-03
   8.341817644683265e-03
   8.317618195001418e-03

ans = 1.532269366693228e-20
ans = 1.162964242461272e-21
ans = -2.221936372288144e-21
ans = -2.223047896236262e-21
nbcr = 4
lambda0 = 3.501084296647659
kmpl_prod = 0.180000000000000
 Time :      1.00000
 Time :      2.00000
 Time :      3.01000
 Time :      4.01000
 Time :      5.01000
 Time :      6.01000
 Time :      7.01000
 Time :      8.01000
 Time :      9.01000
 Time :     10.01000
 Time :     11.01000
 Time :     12.01000
 Time :     13.01000
 Time :     14.01000
 Time :     15.01000
 Time :     16.01000
 Time :     17.01000
 Time :     18.00000
 Time :     19.00000
 Time :     20.00000
 Time :     21.00000
 Time :     22.00000
 Time :     23.00000
 Time :     24.00000
 Time :     25.00000
 Time :     26.00000
 Time :     27.00000
 Time :     28.00000
 Time :     29.00000
 Time :     30.00000
 Time :     31.00000
 Time :     32.00000
 Time :     33.00000
 Time :     34.00000
 Time :     35.00000
dtime = 7.147848978638649
mbcr =

 Columns 1 through 3:

   8.208159070119471e-05   7.403706333378101e-05   1.523289660563431e-03

 Column 4:

   7.980485202078805e-02

agsout =

 Columns 1 through 3:

   8.291090270728722e-03   8.291090270728749e-03   8.291090270728751e-03
   8.341817644683282e-03   8.341817644683341e-03   8.341817644683253e-03
   8.317618195001446e-03   8.317618195001351e-03   8.317618195001425e-03
   6.876378672177135e-03   6.876378672177136e-03   6.876378672177134e-03

 Column 4:

   8.291090270728753e-03
   8.341817644683265e-03
   8.317618195001418e-03
   6.876378672177132e-03

ans = 7.795350092699733e-21
ans = -5.321252880553627e-21
ans = 1.454235215656507e-21
ans = -1.933121091536426e-21
nbcr = 4
lambda0 = 3.501084296647659
kmpl_prod = 0.180000000000000
 Time :      1.00000
 Time :      2.00000
 Time :      3.01000
 Time :      4.01000
 Time :      5.01000
 Time :      6.01000
 Time :      7.01000
 Time :      8.01000
 Time :      9.01000
 Time :     10.01000
 Time :     11.01000
 Time :     12.01000
 Time :     13.01000
 Time :     14.01000
 Time :     15.01000
 Time :     16.01000
 Time :     17.01000
 Time :     18.00000
 Time :     19.00000
 Time :     20.00000
 Time :     21.00000
 Time :     22.00000
 Time :     23.00000
 Time :     24.00000
 Time :     25.00000
 Time :     26.00000
 Time :     27.00000
 Time :     28.00000
 Time :     29.00000
 Time :     30.00000
 Time :     31.00000
 Time :     32.00000
 Time :     33.00000
 Time :     34.00000
 Time :     35.00000
dtime = 7.218126207590103
mbcr =

 Columns 1 through 3:

   8.208159070119471e-05   7.403706333378101e-05   1.523289660563431e-03

 Columns 4 and 5:

   7.980485202078805e-02   9.693465965906567e-02

agsout =

 Columns 1 through 3:

   8.291090270728722e-03   8.291090270728749e-03   8.291090270728751e-03
   8.341817644683282e-03   8.341817644683341e-03   8.341817644683253e-03
   8.317618195001446e-03   8.317618195001351e-03   8.317618195001425e-03
   6.876378672177135e-03   6.876378672177136e-03   6.876378672177134e-03
   6.509370368872142e-03   6.509370368872142e-03   6.509370368872170e-03

 Column 4:

   8.291090270728753e-03
   8.341817644683265e-03
   8.317618195001418e-03
   6.876378672177132e-03
   6.509370368872139e-03

ans = -1.846267127218358e-21
ans = -5.825677957846120e-21
ans = 9.505856201882825e-22
ans = -5.825677957846120e-21
nbcr = 4
lambda0 = 3.501084296647659
kmpl_prod = 0.180000000000000
 Time :      1.00000
 Time :      2.00000
 Time :      3.01000
 Time :      4.01000
 Time :      5.01000
 Time :      6.01000
 Time :      7.01000
 Time :      8.01000
 Time :      9.01000
 Time :     10.01000
 Time :     11.01000
 Time :     12.01000
 Time :     13.01000
 Time :     14.01000
 Time :     15.01000
 Time :     16.01000
 Time :     17.01000
 Time :     18.00000
 Time :     19.00000
 Time :     20.00000
 Time :     21.00000
 Time :     22.00000
 Time :     23.00000
 Time :     24.00000
 Time :     25.00000
 Time :     26.00000
 Time :     27.00000
 Time :     28.00000
 Time :     29.00000
 Time :     30.00000
 Time :     31.00000
 Time :     32.00000
 Time :     33.00000
 Time :     34.00000
 Time :     35.00000
dtime = 7.188886776566505
mbcr =

 Columns 1 through 3:

   8.208159070119471e-05   7.403706333378101e-05   1.523289660563431e-03

 Columns 4 through 6:

   7.980485202078805e-02   9.693465965906567e-02   9.030463054157171e-05

agsout =

 Columns 1 through 3:

   8.291090270728722e-03   8.291090270728749e-03   8.291090270728751e-03
   8.341817644683282e-03   8.341817644683341e-03   8.341817644683253e-03
   8.317618195001446e-03   8.317618195001351e-03   8.317618195001425e-03
   6.876378672177135e-03   6.876378672177136e-03   6.876378672177134e-03
   6.509370368872142e-03   6.509370368872142e-03   6.509370368872170e-03
   8.341629565155466e-03   8.341629565155429e-03   8.341629565155396e-03

 Column 4:

   8.291090270728753e-03
   8.341817644683265e-03
   8.317618195001418e-03
   6.876378672177132e-03
   6.509370368872139e-03
   8.341629565155400e-03

ans = 1.592272919080854e-20
ans = -6.649653245525505e-21
ans = -6.647662842176549e-21
ans = -6.647636992782407e-21
dkps =

 Columns 1 through 3:

   4.835968643105020e+00   4.057142885263818e+00   2.681254054120151e+01

 Columns 4 through 6:

   5.144407154152927e+00   3.294669957070558e+00   3.805592937514049e+00

nbcr = 5
lambda0 = 3.501084296647659
kmpl_prod = 0.180000000000000
 Time :      1.00000
 Time :      2.00000
 Time :      3.01000
 Time :      4.01000
 Time :      5.01000
 Time :      6.01000
 Time :      7.01000
 Time :      8.01000
 Time :      9.01000
 Time :     10.01000
 Time :     11.01000
 Time :     12.01000
 Time :     13.01000
 Time :     14.01000
 Time :     15.01000
 Time :     16.01000
 Time :     17.01000
 Time :     18.00000
 Time :     19.00000
 Time :     20.00000
 Time :     21.00000
 Time :     22.00000
 Time :     23.00000
 Time :     24.00000
 Time :     25.00000
 Time :     26.00000
 Time :     27.00000
 Time :     28.00000
 Time :     29.00000
 Time :     30.00000
 Time :     31.00000
 Time :     32.00000
 Time :     33.00000
 Time :     34.00000
 Time :     35.00000
dtime = 10.69912724196911
mbcr = 7.266866758178456e-05
agsout =

 Columns 1 through 3:

   7.111100327758936e-03   7.111100327758897e-03   7.111100327758857e-03

 Columns 4 and 5:

   7.111100327758871e-03   7.111100327758850e-03

ans = 4.328338965809779e-21
ans = 7.144798390320919e-21
ans = 3.761164395884475e-21
ans = 3.761603835584893e-22
ans = -6.402274543583865e-21
nbcr = 5
lambda0 = 3.501084296647659
kmpl_prod = 0.180000000000000
 Time :      1.00000
 Time :      2.00000
 Time :      3.01000
 Time :      4.01000
 Time :      5.01000
 Time :      6.01000
 Time :      7.01000
 Time :      8.01000
 Time :      9.01000
 Time :     10.01000
 Time :     11.01000
 Time :     12.01000
 Time :     13.01000
 Time :     14.01000
 Time :     15.01000
 Time :     16.01000
 Time :     17.01000
 Time :     18.00000
 Time :     19.00000
 Time :     20.00000
 Time :     21.00000
 Time :     22.00000
 Time :     23.00000
 Time :     24.00000
 Time :     25.00000
 Time :     26.00000
 Time :     27.00000
 Time :     28.00000
 Time :     29.00000
 Time :     30.00000
 Time :     31.00000
 Time :     32.00000
 Time :     33.00000
 Time :     34.00000
 Time :     35.00000
dtime = 10.76534092426300
mbcr =

   7.266866758178456e-05   6.043159905920427e-05

agsout =

 Columns 1 through 3:

   7.111100327758936e-03   7.111100327758897e-03   7.111100327758857e-03
   7.147834698602478e-03   7.147834698602457e-03   7.147834698602488e-03

 Columns 4 and 5:

   7.111100327758871e-03   7.111100327758850e-03
   7.147834698602494e-03   7.147834698602498e-03

ans = 1.586971854577126e-21
ans = 4.081231594154212e-21
ans = 7.467941666493588e-21
ans = 7.464891437984798e-21
ans = 4.078982696863833e-21
nbcr = 5
lambda0 = 3.501084296647659
kmpl_prod = 0.180000000000000
 Time :      1.00000
 Time :      2.00000
 Time :      3.01000
 Time :      4.01000
 Time :      5.01000
 Time :      6.01000
 Time :      7.01000
 Time :      8.01000
 Time :      9.01000
 Time :     10.01000
 Time :     11.01000
 Time :     12.01000
 Time :     13.01000
 Time :     14.01000
 Time :     15.01000
 Time :     16.01000
 Time :     17.01000
 Time :     18.00000
 Time :     19.00000
 Time :     20.00000
 Time :     21.00000
 Time :     22.00000
 Time :     23.00000
 Time :     24.00000
 Time :     25.00000
 Time :     26.00000
 Time :     27.00000
 Time :     28.00000
 Time :     29.00000
 Time :     30.00000
 Time :     31.00000
 Time :     32.00000
 Time :     33.00000
 Time :     34.00000
 Time :     35.00000
dtime = 10.76030172407627
mbcr =

   7.266866758178456e-05   6.043159905920427e-05   8.255335954281636e-04

agsout =

 Columns 1 through 3:

   7.111100327758936e-03   7.111100327758897e-03   7.111100327758857e-03
   7.147834698602478e-03   7.147834698602457e-03   7.147834698602488e-03
   7.136130167802146e-03   7.136130167802074e-03   7.136130167802113e-03

 Columns 4 and 5:

   7.111100327758871e-03   7.111100327758850e-03
   7.147834698602494e-03   7.147834698602498e-03
   7.136130167802157e-03   7.136130167802156e-03

ans = 3.791795927943079e-21
ans = 3.724949394691137e-21
ans = 1.050134221969625e-20
ans = 7.113262129467335e-21
ans = 3.725492231968125e-21
nbcr = 5
lambda0 = 3.501084296647659
kmpl_prod = 0.180000000000000
 Time :      1.00000
 Time :      2.00000
 Time :      3.01000
 Time :      4.01000
 Time :      5.01000
 Time :      6.01000
 Time :      7.01000
 Time :      8.01000
 Time :      9.01000
 Time :     10.01000
 Time :     11.01000
 Time :     12.01000
 Time :     13.01000
 Time :     14.01000
 Time :     15.01000
 Time :     16.01000
 Time :     17.01000
 Time :     18.00000
 Time :     19.00000
 Time :     20.00000
 Time :     21.00000
 Time :     22.00000
 Time :     23.00000
 Time :     24.00000
 Time :     25.00000
 Time :     26.00000
 Time :     27.00000
 Time :     28.00000
 Time :     29.00000
 Time :     30.00000
 Time :     31.00000
 Time :     32.00000
 Time :     33.00000
 Time :     34.00000
 Time :     35.00000
dtime = 10.74739694595337
mbcr =

 Columns 1 through 3:

   7.266866758178456e-05   6.043159905920427e-05   8.255335954281636e-04

 Column 4:

   3.389243987247387e-03

agsout =

 Columns 1 through 3:

   7.111100327758936e-03   7.111100327758897e-03   7.111100327758857e-03
   7.147834698602478e-03   7.147834698602457e-03   7.147834698602488e-03
   7.136130167802146e-03   7.136130167802074e-03   7.136130167802113e-03
   7.100615893471334e-03   7.100615893471300e-03   7.100615893471383e-03

 Columns 4 and 5:

   7.111100327758871e-03   7.111100327758850e-03
   7.147834698602494e-03   7.147834698602498e-03
   7.136130167802157e-03   7.136130167802156e-03
   7.100615893471394e-03   7.100615893471391e-03

ans = 1.401243957664829e-21
ans = -8.203201833476660e-21
ans = -4.812407556862804e-21
ans = -8.201857664981261e-21
ans = -4.813648327781633e-21
nbcr = 5
lambda0 = 3.501084296647659
kmpl_prod = 0.180000000000000
 Time :      1.00000
 Time :      2.00000
 Time :      3.01000
 Time :      4.01000
 Time :      5.01000
 Time :      6.01000
 Time :      7.01000
 Time :      8.01000
 Time :      9.01000
 Time :     10.01000
 Time :     11.01000
 Time :     12.01000
 Time :     13.01000
 Time :     14.01000
 Time :     15.01000
 Time :     16.01000
 Time :     17.01000
 Time :     18.00000
 Time :     19.00000
 Time :     20.00000
 Time :     21.00000
 Time :     22.00000
 Time :     23.00000
 Time :     24.00000
 Time :     25.00000
 Time :     26.00000
 Time :     27.00000
 Time :     28.00000
 Time :     29.00000
 Time :     30.00000
 Time :     31.00000
 Time :     32.00000
 Time :     33.00000
 Time :     34.00000
 Time :     35.00000
dtime = 10.95909364521503
mbcr =

 Columns 1 through 3:

   7.266866758178456e-05   6.043159905920427e-05   8.255335954281636e-04

 Columns 4 and 5:

   3.389243987247387e-03   2.398091002237400e-02

agsout =

 Columns 1 through 3:

   7.111100327758936e-03   7.111100327758897e-03   7.111100327758857e-03
   7.147834698602478e-03   7.147834698602457e-03   7.147834698602488e-03
   7.136130167802146e-03   7.136130167802074e-03   7.136130167802113e-03
   7.100615893471334e-03   7.100615893471300e-03   7.100615893471383e-03
   6.777737642526183e-03   6.777737642526241e-03   6.777737642526192e-03

 Columns 4 and 5:

   7.111100327758871e-03   7.111100327758850e-03
   7.147834698602494e-03   7.147834698602498e-03
   7.136130167802157e-03   7.136130167802156e-03
   7.100615893471394e-03   7.100615893471391e-03
   6.777737642526200e-03   6.777737642526196e-03

ans = 1.298011817218211e-20
ans = -1.443947156787879e-21
ans = -4.828563428201730e-21
ans = -1.439888801907541e-21
ans = -1.439139169477414e-21
nbcr = 5
lambda0 = 3.501084296647659
kmpl_prod = 0.180000000000000
 Time :      1.00000
 Time :      2.00000
 Time :      3.01000
 Time :      4.01000
 Time :      5.01000
 Time :      6.01000
 Time :      7.01000
 Time :      8.01000
 Time :      9.01000
 Time :     10.01000
 Time :     11.01000
 Time :     12.01000
 Time :     13.01000
 Time :     14.01000
 Time :     15.01000
 Time :     16.01000
 Time :     17.01000
 Time :     18.00000
 Time :     19.00000
 Time :     20.00000
 Time :     21.00000
 Time :     22.00000
 Time :     23.00000
 Time :     24.00000
 Time :     25.00000
 Time :     26.00000
 Time :     27.00000
 Time :     28.00000
 Time :     29.00000
 Time :     30.00000
 Time :     31.00000
 Time :     32.00000
 Time :     33.00000
 Time :     34.00000
 Time :     35.00000
dtime = 10.65892428159714
mbcr =

 Columns 1 through 3:

   7.266866758178456e-05   6.043159905920427e-05   8.255335954281636e-04

 Columns 4 through 6:

   3.389243987247387e-03   2.398091002237400e-02   6.744984295830193e-02

agsout =

 Columns 1 through 3:

   7.111100327758936e-03   7.111100327758897e-03   7.111100327758857e-03
   7.147834698602478e-03   7.147834698602457e-03   7.147834698602488e-03
   7.136130167802146e-03   7.136130167802074e-03   7.136130167802113e-03
   7.100615893471334e-03   7.100615893471300e-03   7.100615893471383e-03
   6.777737642526183e-03   6.777737642526241e-03   6.777737642526192e-03
   6.029981528273456e-03   6.029981528273427e-03   6.029981528273435e-03

 Columns 4 and 5:

   7.111100327758871e-03   7.111100327758850e-03
   7.147834698602494e-03   7.147834698602498e-03
   7.136130167802157e-03   7.136130167802156e-03
   7.100615893471394e-03   7.100615893471391e-03
   6.777737642526200e-03   6.777737642526196e-03
   6.029981528273460e-03   6.029981528273488e-03

ans = 1.340032592335905e-20
ans = 1.515808472503423e-21
ans = 1.516919996451541e-21
ans = 4.903449123031921e-21
ans = 1.512990888541914e-21
dkps =

 Columns 1 through 3:

   1.940714704808760e+01   6.735391303033807e+00   1.316023748513712e+01

 Columns 4 through 6:

   3.924687083053372e+01   4.612991466039167e+00   4.665321655822174e+02

nbcr = 7
lambda0 = 3.501084296647659
kmpl_prod = 0.180000000000000
 Time :      1.00000
 Time :      2.00000
 Time :      3.01000
 Time :      4.01000
 Time :      5.01000
 Time :      6.01000
 Time :      7.01000
 Time :      8.01000
 Time :      9.01000
 Time :     10.01000
 Time :     11.01000
 Time :     12.01000
 Time :     13.01000
 Time :     14.01000
 Time :     15.01000
 Time :     16.01000
 Time :     17.01000
 Time :     18.00000
 Time :     19.00000
 Time :     20.00000
 Time :     21.00000
 Time :     22.00000
 Time :     23.00000
 Time :     24.00000
 Time :     25.00000
 Time :     26.00000
 Time :     27.00000
 Time :     28.00000
 Time :     29.00000
 Time :     30.00000
 Time :     31.00000
 Time :     32.00000
 Time :     33.00000
 Time :     34.00000
 Time :     35.00000
dtime = 18.80837716162205
mbcr = 6.269623841547388e-05
agsout =

 Columns 1 through 3:

   5.949902971037140e-03   5.949902971037159e-03   5.949902971037083e-03

 Columns 4 through 6:

   5.949902971037069e-03   5.949902971037154e-03   5.949902971037087e-03

 Column 7:

   5.949902971037084e-03

ans = 1.243420024978661e-20
ans = -1.026686236543161e-21
ans = -1.024101297128933e-21
ans = -4.398998196345286e-21
ans = -4.417041073456599e-21
ans = 2.371061527094969e-21
ans = -4.400083870899262e-21
nbcr = 7
lambda0 = 3.501084296647659
kmpl_prod = 0.180000000000000
 Time :      1.00000
 Time :      2.00000
 Time :      3.01000
 Time :      4.01000
 Time :      5.01000
 Time :      6.01000
 Time :      7.01000
 Time :      8.01000
 Time :      9.01000
 Time :     10.01000
 Time :     11.01000
 Time :     12.01000
 Time :     13.01000
 Time :     14.01000
 Time :     15.01000
 Time :     16.01000
 Time :     17.01000
 Time :     18.00000
 Time :     19.00000
 Time :     20.00000
 Time :     21.00000
 Time :     22.00000
 Time :     23.00000
 Time :     24.00000
 Time :     25.00000
 Time :     26.00000
 Time :     27.00000
 Time :     28.00000
 Time :     29.00000
 Time :     30.00000
 Time :     31.00000
 Time :     32.00000
 Time :     33.00000
 Time :     34.00000
 Time :     35.00000
dtime = 18.92134174704552
mbcr =

   6.269623841547388e-05   4.943872060663927e-05

agsout =

 Columns 1 through 3:

   5.949902971037140e-03   5.949902971037159e-03   5.949902971037083e-03
   5.969541340960655e-03   5.969541340960667e-03   5.969541340960622e-03

 Columns 4 through 6:

   5.949902971037069e-03   5.949902971037154e-03   5.949902971037087e-03
   5.969541340960637e-03   5.969541340960578e-03   5.969541340960680e-03

 Column 7:

   5.949902971037084e-03
   5.969541340960654e-03

ans = 1.494527272151258e-20
ans = -1.643659575931151e-21
ans = 1.740853297906131e-21
ans = -1.647226792322785e-21
ans = 1.734959636041691e-21
ans = 1.734959636041691e-21
ans = -1.641746720764622e-21
nbcr = 7
lambda0 = 3.501084296647659
kmpl_prod = 0.180000000000000
 Time :      1.00000
 Time :      2.00000
 Time :      3.01000
 Time :      4.01000
 Time :      5.01000
 Time :      6.01000
 Time :      7.01000
 Time :      8.01000
 Time :      9.01000
 Time :     10.01000
 Time :     11.01000
 Time :     12.01000
 Time :     13.01000
 Time :     14.01000
 Time :     15.01000
 Time :     16.01000
 Time :     17.01000
 Time :     18.00000
 Time :     19.00000
 Time :     20.00000
 Time :     21.00000
 Time :     22.00000
 Time :     23.00000
 Time :     24.00000
 Time :     25.00000
 Time :     26.00000
 Time :     27.00000
 Time :     28.00000
 Time :     29.00000
 Time :     30.00000
 Time :     31.00000
 Time :     32.00000
 Time :     33.00000
 Time :     34.00000
 Time :     35.00000
dtime = 18.97846274077892
mbcr =

   6.269623841547388e-05   4.943872060663927e-05   5.332794393759726e-05

agsout =

 Columns 1 through 3:

   5.949902971037140e-03   5.949902971037159e-03   5.949902971037083e-03
   5.969541340960655e-03   5.969541340960667e-03   5.969541340960622e-03
   5.970071798621053e-03   5.970071798620993e-03   5.970071798621038e-03

 Columns 4 through 6:

   5.949902971037069e-03   5.949902971037154e-03   5.949902971037087e-03
   5.969541340960637e-03   5.969541340960578e-03   5.969541340960680e-03
   5.970071798621012e-03   5.970071798621022e-03   5.970071798621085e-03

 Column 7:

   5.949902971037084e-03
   5.969541340960654e-03
   5.970071798621070e-03

ans = 1.350165554839679e-21
ans = -5.495632893437462e-21
ans = 1.287144731920796e-21
ans = -5.495994784955454e-21
ans = -2.107707899573399e-21
ans = -5.492427568563819e-21
ans = 1.284249599776860e-21
nbcr = 7
lambda0 = 3.501084296647659
kmpl_prod = 0.180000000000000
 Time :      1.00000
 Time :      2.00000
 Time :      3.01000
 Time :      4.01000
 Time :      5.01000
 Time :      6.01000
 Time :      7.01000
 Time :      8.01000
 Time :      9.01000
 Time :     10.01000
 Time :     11.01000
 Time :     12.01000
 Time :     13.01000
 Time :     14.01000
 Time :     15.01000
 Time :     16.01000
 Time :     17.01000
 Time :     18.00000
 Time :     19.00000
 Time :     20.00000
 Time :     21.00000
 Time :     22.00000
 Time :     23.00000
 Time :     24.00000
 Time :     25.00000
 Time :     26.00000
 Time :     27.00000
 Time :     28.00000
 Time :     29.00000
 Time :     30.00000
 Time :     31.00000
 Time :     32.00000
 Time :     33.00000
 Time :     34.00000
 Time :     35.00000
dtime = 18.97762790322304
mbcr =

 Columns 1 through 3:

   6.269623841547388e-05   4.943872060663927e-05   5.332794393759726e-05

 Column 4:

   4.470035921389750e-04

agsout =

 Columns 1 through 3:

   5.949902971037140e-03   5.949902971037159e-03   5.949902971037083e-03
   5.969541340960655e-03   5.969541340960667e-03   5.969541340960622e-03
   5.970071798621053e-03   5.970071798620993e-03   5.970071798621038e-03
   5.964843821025950e-03   5.964843821025992e-03   5.964843821025960e-03

 Columns 4 through 6:

   5.949902971037069e-03   5.949902971037154e-03   5.949902971037087e-03
   5.969541340960637e-03   5.969541340960578e-03   5.969541340960680e-03
   5.970071798621012e-03   5.970071798621022e-03   5.970071798621085e-03
   5.964843821025967e-03   5.964843821025930e-03   5.964843821025933e-03

 Column 7:

   5.949902971037084e-03
   5.969541340960654e-03
   5.970071798621070e-03
   5.964843821026003e-03

ans = 2.977850205190900e-22
ans = 9.857976648888992e-21
ans = 9.855340010686479e-21
ans = 3.076749987179271e-21
ans = 6.472584895650872e-21
ans = -2.984054059785047e-22
ans = 9.859786106478952e-21
nbcr = 7
lambda0 = 3.501084296647659
kmpl_prod = 0.180000000000000
 Time :      1.00000
 Time :      2.00000
 Time :      3.01000
 Time :      4.01000
 Time :      5.01000
 Time :      6.01000
 Time :      7.01000
 Time :      8.01000
 Time :      9.01000
 Time :     10.01000
 Time :     11.01000
 Time :     12.01000
 Time :     13.01000
 Time :     14.01000
 Time :     15.01000
 Time :     16.01000
 Time :     17.01000
 Time :     18.00000
 Time :     19.00000
 Time :     20.00000
 Time :     21.00000
 Time :     22.00000
 Time :     23.00000
 Time :     24.00000
 Time :     25.00000
 Time :     26.00000
 Time :     27.00000
 Time :     28.00000
 Time :     29.00000
 Time :     30.00000
 Time :     31.00000
 Time :     32.00000
 Time :     33.00000
 Time :     34.00000
 Time :     35.00000
dtime = 19.03656944632530
mbcr =

 Columns 1 through 3:

   6.269623841547388e-05   4.943872060663927e-05   5.332794393759726e-05

 Columns 4 and 5:

   4.470035921389750e-04   5.240154995828633e-04

agsout =

 Columns 1 through 3:

   5.949902971037140e-03   5.949902971037159e-03   5.949902971037083e-03
   5.969541340960655e-03   5.969541340960667e-03   5.969541340960622e-03
   5.970071798621053e-03   5.970071798620993e-03   5.970071798621038e-03
   5.964843821025950e-03   5.964843821025992e-03   5.964843821025960e-03
   5.965270105006980e-03   5.965270105006990e-03   5.965270105007012e-03

 Columns 4 through 6:

   5.949902971037069e-03   5.949902971037154e-03   5.949902971037087e-03
   5.969541340960637e-03   5.969541340960578e-03   5.969541340960680e-03
   5.970071798621012e-03   5.970071798621022e-03   5.970071798621085e-03
   5.964843821025967e-03   5.964843821025930e-03   5.964843821025933e-03
   5.965270105007009e-03   5.965270105006987e-03   5.965270105006995e-03

 Column 7:

   5.949902971037084e-03
   5.969541340960654e-03
   5.970071798621070e-03
   5.964843821026003e-03
   5.965270105007002e-03

ans = 2.828957694931355e-21
ans = 5.731948054686205e-21
ans = 5.736600945631816e-21
ans = 9.126387095874123e-21
ans = 5.733499018334742e-21
ans = 1.589810118053948e-20
ans = 9.122561385541066e-21
nbcr = 7
lambda0 = 3.501084296647659
kmpl_prod = 0.180000000000000
 Time :      1.00000
 Time :      2.00000
 Time :      3.01000
 Time :      4.01000
 Time :      5.01000
 Time :      6.01000
 Time :      7.01000
 Time :      8.01000
 Time :      9.01000
 Time :     10.01000
 Time :     11.01000
 Time :     12.01000
 Time :     13.01000
 Time :     14.01000
 Time :     15.01000
 Time :     16.01000
 Time :     17.01000
 Time :     18.00000
 Time :     19.00000
 Time :     20.00000
 Time :     21.00000
 Time :     22.00000
 Time :     23.00000
 Time :     24.00000
 Time :     25.00000
 Time :     26.00000
 Time :     27.00000
 Time :     28.00000
 Time :     29.00000
 Time :     30.00000
 Time :     31.00000
 Time :     32.00000
 Time :     33.00000
 Time :     34.00000
 Time :     35.00000
dtime = 18.24112012982368
mbcr =

 Columns 1 through 3:

   6.269623841547388e-05   4.943872060663927e-05   5.332794393759726e-05

 Columns 4 through 6:

   4.470035921389750e-04   5.240154995828633e-04   1.500977872438747e-02

agsout =

 Columns 1 through 3:

   5.949902971037140e-03   5.949902971037159e-03   5.949902971037083e-03
   5.969541340960655e-03   5.969541340960667e-03   5.969541340960622e-03
   5.970071798621053e-03   5.970071798620993e-03   5.970071798621038e-03
   5.964843821025950e-03   5.964843821025992e-03   5.964843821025960e-03
   5.965270105006980e-03   5.965270105006990e-03   5.965270105007012e-03
   5.764336729525717e-03   5.764336729525731e-03   5.764336729525754e-03

 Columns 4 through 6:

   5.949902971037069e-03   5.949902971037154e-03   5.949902971037087e-03
   5.969541340960637e-03   5.969541340960578e-03   5.969541340960680e-03
   5.970071798621012e-03   5.970071798621022e-03   5.970071798621085e-03
   5.964843821025967e-03   5.964843821025930e-03   5.964843821025933e-03
   5.965270105007009e-03   5.965270105006987e-03   5.965270105006995e-03
   5.764336729525673e-03   5.764336729525746e-03   5.764336729525758e-03

 Column 7:

   5.949902971037084e-03
   5.969541340960654e-03
   5.970071798621070e-03
   5.964843821026003e-03
   5.965270105007002e-03
   5.764336729525764e-03

ans = 2.150669592637872e-21
ans = 3.374431610121792e-21
ans = 1.014780005601226e-20
ans = 6.756566339697984e-21
ans = 3.373707827085808e-21
ans = 3.374018019815515e-21
ans = 6.760081857301334e-21
dkps =

 Columns 1 through 3:

   3.016358033166161e+01   2.786795148213681e+00   4.398371296659897e+01

 Columns 4 through 6:

   3.637045000694469e+00   9.982860803114189e+00   2.280253986804889e+01

nbcr = 10
lambda0 = 3.501084296647659
kmpl_prod = 0.180000000000000
 Time :      1.00000
 Time :      2.00000
 Time :      3.01000
 Time :      4.01000
 Time :      5.01000
 Time :      6.01000
 Time :      7.01000
 Time :      8.01000
 Time :      9.01000
 Time :     10.01000
 Time :     11.01000
 Time :     12.01000
 Time :     13.01000
 Time :     14.01000
 Time :     15.01000
 Time :     16.01000
 Time :     17.01000
 Time :     18.00000
 Time :     19.00000
 Time :     20.00000
 Time :     21.00000
 Time :     22.00000
 Time :     23.00000
 Time :     24.00000
 Time :     25.00000
 Time :     26.00000
 Time :     27.00000
 Time :     28.00000
 Time :     29.00000
 Time :     30.00000
 Time :     31.00000
 Time :     32.00000
 Time :     33.00000
 Time :     34.00000
 Time :     35.00000
dtime = 28.84002663195133
mbcr = 5.532716356491374e-05
agsout =

 Columns 1 through 3:

   5.182678749025805e-03   5.182678749025849e-03   5.182678749025806e-03

 Columns 4 through 6:

   5.182678749025835e-03   5.182678749025827e-03   5.182678749025845e-03

 Columns 7 through 9:

   5.182678749025842e-03   5.182678749025831e-03   5.182678749025833e-03

 Column 10:

   5.182678749025830e-03

ans = 7.779733417255856e-21
ans = 3.675473654302809e-21
ans = 7.060193323293229e-21
ans = 3.666167872411588e-21
ans = 2.834127573759811e-22
ans = 3.661101391159700e-21
ans = 2.871350701324697e-22
ans = 3.662962547537945e-21
ans = 3.664616908763051e-21
ans = 3.662962547537945e-21
nbcr = 10
lambda0 = 3.501084296647659
kmpl_prod = 0.180000000000000
 Time :      1.00000
 Time :      2.00000
 Time :      3.01000
 Time :      4.01000
 Time :      5.01000
 Time :      6.01000
 Time :      7.01000
 Time :      8.01000
 Time :      9.01000
 Time :     10.01000
 Time :     11.01000
 Time :     12.01000
 Time :     13.01000
 Time :     14.01000
 Time :     15.01000
 Time :     16.01000
 Time :     17.01000
 Time :     18.00000
 Time :     19.00000
 Time :     20.00000
 Time :     21.00000
 Time :     22.00000
 Time :     23.00000
 Time :     24.00000
 Time :     25.00000
 Time :     26.00000
 Time :     27.00000
 Time :     28.00000
 Time :     29.00000
 Time :     30.00000
 Time :     31.00000
 Time :     32.00000
 Time :     33.00000
 Time :     34.00000
 Time :     35.00000
dtime = 28.80531549453735
mbcr =

   5.532716356491374e-05   4.347294369540206e-05

agsout =

 Columns 1 through 3:

   5.182678749025805e-03   5.182678749025849e-03   5.182678749025806e-03
   5.187041106841697e-03   5.187041106841753e-03   5.187041106841702e-03

 Columns 4 through 6:

   5.182678749025835e-03   5.182678749025827e-03   5.182678749025845e-03
   5.187041106841717e-03   5.187041106841699e-03   5.187041106841688e-03

 Columns 7 through 9:

   5.182678749025842e-03   5.182678749025831e-03   5.182678749025833e-03
   5.187041106841682e-03   5.187041106841754e-03   5.187041106841758e-03

 Column 10:

   5.182678749025830e-03
   5.187041106841754e-03

ans = 5.148084911429897e-21
ans = 3.184231768022880e-21
ans = 6.559025269662664e-21
ans = 1.334583540050712e-20
ans = 9.956462840571087e-21
ans = 6.573190737652634e-21
ans = 3.179785672230408e-21
ans = 6.575051894030879e-21
ans = 6.571743171580667e-21
ans = 6.575051894030879e-21
nbcr = 10
lambda0 = 3.501084296647659
kmpl_prod = 0.180000000000000
 Time :      1.00000
 Time :      2.00000
 Time :      3.01000
 Time :      4.01000
 Time :      5.01000
 Time :      6.01000
 Time :      7.01000
 Time :      8.01000
 Time :      9.01000
 Time :     10.01000
 Time :     11.01000
 Time :     12.01000
 Time :     13.01000
 Time :     14.01000
 Time :     15.01000
 Time :     16.01000
 Time :     17.01000
 Time :     18.00000
 Time :     19.00000
 Time :     20.00000
 Time :     21.00000
 Time :     22.00000
 Time :     23.00000
 Time :     24.00000
 Time :     25.00000
 Time :     26.00000
 Time :     27.00000
 Time :     28.00000
 Time :     29.00000
 Time :     30.00000
 Time :     31.00000
 Time :     32.00000
 Time :     33.00000
 Time :     34.00000
 Time :     35.00000
dtime = 28.59853729605675
mbcr =

   5.532716356491374e-05   4.347294369540206e-05   5.083305540735762e-05

agsout =

 Columns 1 through 3:

   5.182678749025805e-03   5.182678749025849e-03   5.182678749025806e-03
   5.187041106841697e-03   5.187041106841753e-03   5.187041106841702e-03
   5.187826382983717e-03   5.187826382983721e-03   5.187826382983778e-03

 Columns 4 through 6:

   5.182678749025835e-03   5.182678749025827e-03   5.182678749025845e-03
   5.187041106841717e-03   5.187041106841699e-03   5.187041106841688e-03
   5.187826382983728e-03   5.187826382983763e-03   5.187826382983757e-03

 Columns 7 through 9:

   5.182678749025842e-03   5.182678749025831e-03   5.182678749025833e-03
   5.187041106841682e-03   5.187041106841754e-03   5.187041106841758e-03
   5.187826382983704e-03   5.187826382983702e-03   5.187826382983802e-03

 Column 10:

   5.182678749025830e-03
   5.187041106841754e-03
   5.187826382983708e-03

ans = 8.300757446969633e-21
ans = 1.516428857962838e-21
ans = -1.866016064343061e-21
ans = -1.871806328630932e-21
ans = -1.871185943171518e-21
ans = 1.520461363449034e-21
ans = 1.521908929521002e-21
ans = -1.855572909109579e-21
ans = -1.866119461919630e-21
ans = -5.256525997621353e-21
nbcr = 10
lambda0 = 3.501084296647659
kmpl_prod = 0.180000000000000
 Time :      1.00000
 Time :      2.00000
 Time :      3.01000
 Time :      4.01000
 Time :      5.01000
 Time :      6.01000
 Time :      7.01000
 Time :      8.01000
 Time :      9.01000
 Time :     10.01000
 Time :     11.01000
 Time :     12.01000
 Time :     13.01000
 Time :     14.01000
 Time :     15.01000
 Time :     16.01000
 Time :     17.01000
 Time :     18.00000
 Time :     19.00000
 Time :     20.00000
 Time :     21.00000
 Time :     22.00000
 Time :     23.00000
 Time :     24.00000
 Time :     25.00000
 Time :     26.00000
 Time :     27.00000
 Time :     28.00000
 Time :     29.00000
 Time :     30.00000
 Time :     31.00000
 Time :     32.00000
 Time :     33.00000
 Time :     34.00000
 Time :     35.00000
dtime = 28.88683788478374
mbcr =

 Columns 1 through 3:

   5.532716356491374e-05   4.347294369540206e-05   5.083305540735762e-05

 Column 4:

   7.851307072780251e-05

agsout =

 Columns 1 through 3:

   5.182678749025805e-03   5.182678749025849e-03   5.182678749025806e-03
   5.187041106841697e-03   5.187041106841753e-03   5.187041106841702e-03
   5.187826382983717e-03   5.187826382983721e-03   5.187826382983778e-03
   5.187562314591848e-03   5.187562314591836e-03   5.187562314591900e-03

 Columns 4 through 6:

   5.182678749025835e-03   5.182678749025827e-03   5.182678749025845e-03
   5.187041106841717e-03   5.187041106841699e-03   5.187041106841688e-03
   5.187826382983728e-03   5.187826382983763e-03   5.187826382983757e-03
   5.187562314591867e-03   5.187562314591916e-03   5.187562314591822e-03

 Columns 7 through 9:

   5.182678749025842e-03   5.182678749025831e-03   5.182678749025833e-03
   5.187041106841682e-03   5.187041106841754e-03   5.187041106841758e-03
   5.187826382983704e-03   5.187826382983702e-03   5.187826382983802e-03
   5.187562314591832e-03   5.187562314591878e-03   5.187562314591827e-03

 Column 10:

   5.182678749025830e-03
   5.187041106841754e-03
   5.187826382983708e-03
   5.187562314591877e-03

ans = -1.087742505507231e-21
ans = -2.733521731758049e-21
ans = 6.504741541963871e-22
ans = 6.507843469260945e-22
ans = 6.433397214131173e-22
ans = -2.731763972956374e-21
ans = 4.045947171149997e-21
ans = -6.116380244370225e-21
ans = 4.044189412348321e-21
ans = 6.513013348089402e-22
nbcr = 10
lambda0 = 3.501084296647659
kmpl_prod = 0.180000000000000
 Time :      1.00000
 Time :      2.00000
 Time :      3.01000
 Time :      4.01000
 Time :      5.01000
 Time :      6.01000
 Time :      7.01000
 Time :      8.01000
 Time :      9.01000
 Time :     10.01000
 Time :     11.01000
 Time :     12.01000
 Time :     13.01000
 Time :     14.01000
 Time :     15.01000
 Time :     16.01000
 Time :     17.01000
 Time :     18.00000
 Time :     19.00000
 Time :     20.00000
 Time :     21.00000
 Time :     22.00000
 Time :     23.00000
 Time :     24.00000
 Time :     25.00000
 Time :     26.00000
 Time :     27.00000
 Time :     28.00000
 Time :     29.00000
 Time :     30.00000
 Time :     31.00000
 Time :     32.00000
 Time :     33.00000
 Time :     34.00000
 Time :     35.00000
dtime = 28.44776362180710
mbcr =

 Columns 1 through 3:

   5.532716356491374e-05   4.347294369540206e-05   5.083305540735762e-05

 Columns 4 and 5:

   7.851307072780251e-05   1.018881494470362e-02

agsout =

 Columns 1 through 3:

   5.182678749025805e-03   5.182678749025849e-03   5.182678749025806e-03
   5.187041106841697e-03   5.187041106841753e-03   5.187041106841702e-03
   5.187826382983717e-03   5.187826382983721e-03   5.187826382983778e-03
   5.187562314591848e-03   5.187562314591836e-03   5.187562314591900e-03
   5.057414837144122e-03   5.057414837144118e-03   5.057414837144105e-03

 Columns 4 through 6:

   5.182678749025835e-03   5.182678749025827e-03   5.182678749025845e-03
   5.187041106841717e-03   5.187041106841699e-03   5.187041106841688e-03
   5.187826382983728e-03   5.187826382983763e-03   5.187826382983757e-03
   5.187562314591867e-03   5.187562314591916e-03   5.187562314591822e-03
   5.057414837144121e-03   5.057414837144063e-03   5.057414837144072e-03

 Columns 7 through 9:

   5.182678749025842e-03   5.182678749025831e-03   5.182678749025833e-03
   5.187041106841682e-03   5.187041106841754e-03   5.187041106841758e-03
   5.187826382983704e-03   5.187826382983702e-03   5.187826382983802e-03
   5.187562314591832e-03   5.187562314591878e-03   5.187562314591827e-03
   5.057414837144056e-03   5.057414837144121e-03   5.057414837144068e-03

 Column 10:

   5.182678749025830e-03
   5.187041106841754e-03
   5.187826382983708e-03
   5.187562314591877e-03
   5.057414837144070e-03

ans = 9.807053342428696e-21
ans = 1.602869231974629e-21
ans = 1.585188246381308e-21
ans = 1.602765834398060e-21
ans = 4.973009842668802e-21
ans = 1.602662436821491e-21
ans = 1.588496968831521e-21
ans = 1.596044991921067e-21
ans = 1.583844077885910e-21
ans = 1.597285762839896e-21
nbcr = 10
lambda0 = 3.501084296647659
kmpl_prod = 0.180000000000000
 Time :      1.00000
 Time :      2.00000
 Time :      3.01000
 Time :      4.01000
 Time :      5.01000
 Time :      6.01000
 Time :      7.01000
 Time :      8.01000
 Time :      9.01000
 Time :     10.01000
 Time :     11.01000
 Time :     12.01000
 Time :     13.01000
 Time :     14.01000
 Time :     15.01000
 Time :     16.01000
 Time :     17.01000
 Time :     18.00000
 Time :     19.00000
 Time :     20.00000
 Time :     21.00000
 Time :     22.00000
 Time :     23.00000
 Time :     24.00000
 Time :     25.00000
 Time :     26.00000
 Time :     27.00000
 Time :     28.00000
 Time :     29.00000
 Time :     30.00000
 Time :     31.00000
 Time :     32.00000
 Time :     33.00000
 Time :     34.00000
 Time :     35.00000
dtime = 27.89584547281265
mbcr =

 Columns 1 through 3:

   5.532716356491374e-05   4.347294369540206e-05   5.083305540735762e-05

 Columns 4 through 6:

   7.851307072780251e-05   1.018881494470362e-02   1.326836334761190e-02

agsout =

 Columns 1 through 3:

   5.182678749025805e-03   5.182678749025849e-03   5.182678749025806e-03
   5.187041106841697e-03   5.187041106841753e-03   5.187041106841702e-03
   5.187826382983717e-03   5.187826382983721e-03   5.187826382983778e-03
   5.187562314591848e-03   5.187562314591836e-03   5.187562314591900e-03
   5.057414837144122e-03   5.057414837144118e-03   5.057414837144105e-03
   5.024386733822659e-03   5.024386733822711e-03   5.024386733822668e-03

 Columns 4 through 6:

   5.182678749025835e-03   5.182678749025827e-03   5.182678749025845e-03
   5.187041106841717e-03   5.187041106841699e-03   5.187041106841688e-03
   5.187826382983728e-03   5.187826382983763e-03   5.187826382983757e-03
   5.187562314591867e-03   5.187562314591916e-03   5.187562314591822e-03
   5.057414837144121e-03   5.057414837144063e-03   5.057414837144072e-03
   5.024386733822682e-03   5.024386733822656e-03   5.024386733822665e-03

 Columns 7 through 9:

   5.182678749025842e-03   5.182678749025831e-03   5.182678749025833e-03
   5.187041106841682e-03   5.187041106841754e-03   5.187041106841758e-03
   5.187826382983704e-03   5.187826382983702e-03   5.187826382983802e-03
   5.187562314591832e-03   5.187562314591878e-03   5.187562314591827e-03
   5.057414837144056e-03   5.057414837144121e-03   5.057414837144068e-03
   5.024386733822685e-03   5.024386733822632e-03   5.024386733822627e-03

 Column 10:

   5.182678749025830e-03
   5.187041106841754e-03
   5.187826382983708e-03
   5.187562314591877e-03
   5.057414837144070e-03
   5.024386733822643e-03

ans = 7.451242957877673e-21
ans = 3.986907154929024e-21
ans = 3.973775662704745e-21
ans = 7.358391934118596e-21
ans = 5.947428604256269e-22
ans = 3.977187782731526e-21
ans = 3.979772722145754e-21
ans = 5.966040168038712e-22
ans = 3.983184842172536e-21
ans = 3.991663443451204e-21
dkps =

 Columns 1 through 3:

   1.038328890980869e+02   1.503921452190425e+01   7.639499429003851e+00

 Columns 4 through 6:

   1.847411119202675e+01   3.312900810469821e+00   5.462410288692130e+00

nbcr = 15
lambda0 = 3.501084296647659
kmpl_prod = 0.180000000000000
 Time :      1.00000
 Time :      2.00000
 Time :      3.01000
 Time :      4.01000
 Time :      5.01000
 Time :      6.01000
 Time :      7.01000
 Time :      8.01000
 Time :      9.01000
 Time :     10.01000
 Time :     11.01000
 Time :     12.01000
 Time :     13.01000
 Time :     14.01000
 Time :     15.01000
 Time :     16.01000
 Time :     17.01000
 Time :     18.00000
 Time :     19.00000
 Time :     20.00000
 Time :     21.00000
 Time :     22.00000
 Time :     23.00000
 Time :     24.00000
 Time :     25.00000
 Time :     26.00000
 Time :     27.00000
 Time :     28.00000
 Time :     29.00000
 Time :     30.00000
 Time :     31.00000
 Time :     32.00000
 Time :     33.00000
 Time :     34.00000
 Time :     35.00000
dtime = 46.09888494014740
mbcr = 4.923333966405576e-05
agsout =

 Columns 1 through 3:

   4.635345153328662e-03   4.635345153328671e-03   4.635345153328638e-03

 Columns 4 through 6:

   4.635345153328734e-03   4.635345153328654e-03   4.635345153328732e-03

 Columns 7 through 9:

   4.635345153328728e-03   4.635345153328660e-03   4.635345153328740e-03

 Columns 10 through 12:

   4.635345153328637e-03   4.635345153328732e-03   4.635345153328672e-03

 Columns 13 through 15:

   4.635345153328670e-03   4.635345153328734e-03   4.635345153328671e-03

ans = 2.725794763460762e-21
ans = -9.367820437163038e-23
ans = 3.279357538466478e-21
ans = 3.278530357853925e-21
ans = 3.282252670610414e-21
ans = 3.285147802754349e-21
ans = -1.062927087130641e-22
ans = -1.062927087130641e-22
ans = -3.497733220180478e-21
ans = -3.511588495440741e-21
ans = -1.062927087130641e-22
ans = 6.675140748149795e-21
ans = -9.740051712811901e-23
ans = -1.005024444251929e-22
ans = -3.489461414054947e-21
nbcr = 15
lambda0 = 3.501084296647659
kmpl_prod = 0.180000000000000
 Time :      1.00000
 Time :      2.00000
 Time :      3.01000
 Time :      4.01000
 Time :      5.01000
 Time :      6.01000
 Time :      7.01000
 Time :      8.01000
 Time :      9.01000
 Time :     10.01000
 Time :     11.01000
 Time :     12.01000
 Time :     13.01000
 Time :     14.01000
 Time :     15.01000
 Time :     16.01000
 Time :     17.01000
 Time :     18.00000
 Time :     19.00000
 Time :     20.00000
 Time :     21.00000
 Time :     22.00000
 Time :     23.00000
 Time :     24.00000
 Time :     25.00000
 Time :     26.00000
 Time :     27.00000
 Time :     28.00000
 Time :     29.00000
 Time :     30.00000
 Time :     31.00000
 Time :     32.00000
 Time :     33.00000
 Time :     34.00000
 Time :     35.00000
dtime = 46.38411775231361
mbcr =

   4.923333966405576e-05   3.835546808559160e-05

agsout =

 Columns 1 through 3:

   4.635345153328662e-03   4.635345153328671e-03   4.635345153328638e-03
   4.624281557877807e-03   4.624281557877862e-03   4.624281557877827e-03

 Columns 4 through 6:

   4.635345153328734e-03   4.635345153328654e-03   4.635345153328732e-03
   4.624281557877796e-03   4.624281557877803e-03   4.624281557877830e-03

 Columns 7 through 9:

   4.635345153328728e-03   4.635345153328660e-03   4.635345153328740e-03
   4.624281557877787e-03   4.624281557877808e-03   4.624281557877794e-03

 Columns 10 through 12:

   4.635345153328637e-03   4.635345153328732e-03   4.635345153328672e-03
   4.624281557877871e-03   4.624281557877821e-03   4.624281557877813e-03

 Columns 13 through 15:

   4.635345153328670e-03   4.635345153328734e-03   4.635345153328671e-03
   4.624281557877793e-03   4.624281557877823e-03   4.624281557877823e-03

ans = 1.600798674046816e-21
ans = -2.161836530907338e-21
ans = 1.237048606073053e-21
ans = -5.583469134732937e-21
ans = 1.221332174434545e-21
ans = -5.549968319924539e-21
ans = -5.563203209725388e-21
ans = 1.229397185406937e-21
ans = 1.222366150200237e-21
ans = -2.165558843663826e-21
ans = -5.549968319924539e-21
ans = -5.555138198752996e-21
ans = -2.181688865608610e-21
ans = -5.541489718645871e-21
ans = -5.541489718645871e-21
nbcr = 15
lambda0 = 3.501084296647659
kmpl_prod = 0.180000000000000
 Time :      1.00000
 Time :      2.00000
 Time :      3.01000
 Time :      4.01000
 Time :      5.01000
 Time :      6.01000
 Time :      7.01000
 Time :      8.01000
 Time :      9.01000
 Time :     10.01000
 Time :     11.01000
 Time :     12.01000
 Time :     13.01000
 Time :     14.01000
 Time :     15.01000
 Time :     16.01000
 Time :     17.01000
 Time :     18.00000
 Time :     19.00000
 Time :     20.00000
 Time :     21.00000
 Time :     22.00000
 Time :     23.00000
 Time :     24.00000
 Time :     25.00000
 Time :     26.00000
 Time :     27.00000
 Time :     28.00000
 Time :     29.00000
 Time :     30.00000
 Time :     31.00000
 Time :     32.00000
 Time :     33.00000
 Time :     34.00000
 Time :     35.00000
dtime = 45.39109356701374
mbcr =

   4.923333966405576e-05   3.835546808559160e-05   3.929693328855547e-05

agsout =

 Columns 1 through 3:

   4.635345153328662e-03   4.635345153328671e-03   4.635345153328638e-03
   4.624281557877807e-03   4.624281557877862e-03   4.624281557877827e-03
   4.625354602094625e-03   4.625354602094672e-03   4.625354602094610e-03

 Columns 4 through 6:

   4.635345153328734e-03   4.635345153328654e-03   4.635345153328732e-03
   4.624281557877796e-03   4.624281557877803e-03   4.624281557877830e-03
   4.625354602094683e-03   4.625354602094640e-03   4.625354602094598e-03

 Columns 7 through 9:

   4.635345153328728e-03   4.635345153328660e-03   4.635345153328740e-03
   4.624281557877787e-03   4.624281557877808e-03   4.624281557877794e-03
   4.625354602094618e-03   4.625354602094666e-03   4.625354602094674e-03

 Columns 10 through 12:

   4.635345153328637e-03   4.635345153328732e-03   4.635345153328672e-03
   4.624281557877871e-03   4.624281557877821e-03   4.624281557877813e-03
   4.625354602094661e-03   4.625354602094673e-03   4.625354602094664e-03

 Columns 13 through 15:

   4.635345153328670e-03   4.635345153328734e-03   4.635345153328671e-03
   4.624281557877793e-03   4.624281557877823e-03   4.624281557877823e-03
   4.625354602094661e-03   4.625354602094661e-03   4.625354602094660e-03

ans = 2.825211956161425e-21
ans = -2.754097849495306e-21
ans = 6.197650739553560e-22
ans = 4.001279418072133e-21
ans = 4.002933779297239e-21
ans = 6.098389066047197e-22
ans = 6.199718691084942e-22
ans = -2.745826043369775e-21
ans = 4.025681246142447e-21
ans = 4.026922017061277e-21
ans = 6.286572655403010e-22
ans = -2.761335679855145e-21
ans = -2.758440547711209e-21
ans = 6.387902280440756e-22
ans = -2.758647342864347e-21
nbcr = 15
lambda0 = 3.501084296647659
kmpl_prod = 0.180000000000000
 Time :      1.00000
 Time :      2.00000
 Time :      3.01000
 Time :      4.01000
 Time :      5.01000
 Time :      6.01000
 Time :      7.01000
 Time :      8.01000
 Time :      9.01000
 Time :     10.01000
 Time :     11.01000
 Time :     12.01000
 Time :     13.01000
 Time :     14.01000
 Time :     15.01000
 Time :     16.01000
 Time :     17.01000
 Time :     18.00000
 Time :     19.00000
 Time :     20.00000
 Time :     21.00000
 Time :     22.00000
 Time :     23.00000
 Time :     24.00000
 Time :     25.00000
 Time :     26.00000
 Time :     27.00000
 Time :     28.00000
 Time :     29.00000
 Time :     30.00000
 Time :     31.00000
 Time :     32.00000
 Time :     33.00000
 Time :     34.00000
 Time :     35.00000
dtime = 45.77004946768284
mbcr =

 Columns 1 through 3:

   4.923333966405576e-05   3.835546808559160e-05   3.929693328855547e-05

 Column 4:

   4.200960319126522e-05

agsout =

 Columns 1 through 3:

   4.635345153328662e-03   4.635345153328671e-03   4.635345153328638e-03
   4.624281557877807e-03   4.624281557877862e-03   4.624281557877827e-03
   4.625354602094625e-03   4.625354602094672e-03   4.625354602094610e-03
   4.625344751592011e-03   4.625344751591973e-03   4.625344751592006e-03

 Columns 4 through 6:

   4.635345153328734e-03   4.635345153328654e-03   4.635345153328732e-03
   4.624281557877796e-03   4.624281557877803e-03   4.624281557877830e-03
   4.625354602094683e-03   4.625354602094640e-03   4.625354602094598e-03
   4.625344751592030e-03   4.625344751592004e-03   4.625344751592006e-03

 Columns 7 through 9:

   4.635345153328728e-03   4.635345153328660e-03   4.635345153328740e-03
   4.624281557877787e-03   4.624281557877808e-03   4.624281557877794e-03
   4.625354602094618e-03   4.625354602094666e-03   4.625354602094674e-03
   4.625344751591981e-03   4.625344751592000e-03   4.625344751592006e-03

 Columns 10 through 12:

   4.635345153328637e-03   4.635345153328732e-03   4.635345153328672e-03
   4.624281557877871e-03   4.624281557877821e-03   4.624281557877813e-03
   4.625354602094661e-03   4.625354602094673e-03   4.625354602094664e-03
   4.625344751591951e-03   4.625344751592034e-03   4.625344751592000e-03

 Columns 13 through 15:

   4.635345153328670e-03   4.635345153328734e-03   4.635345153328671e-03
   4.624281557877793e-03   4.624281557877823e-03   4.624281557877823e-03
   4.625354602094661e-03   4.625354602094661e-03   4.625354602094660e-03
   4.625344751592034e-03   4.625344751592035e-03   4.625344751592035e-03

ans = 1.723844396560510e-21
ans = -3.204704488183567e-21
ans = 1.962486003282058e-22
ans = -6.576913050409123e-21
ans = 1.995573227784179e-22
ans = 2.026592500754918e-22
ans = 2.090698998227777e-22
ans = -6.560783028464339e-21
ans = -3.174305600672244e-21
ans = -6.576292664949708e-21
ans = 2.088631046696395e-22
ans = 1.885971796620903e-22
ans = 2.088631046696395e-22
ans = 2.072087434445334e-22
ans = 2.072087434445334e-22
nbcr = 15
lambda0 = 3.501084296647659
kmpl_prod = 0.180000000000000
 Time :      1.00000
 Time :      2.00000
 Time :      3.01000
 Time :      4.01000
 Time :      5.01000
 Time :      6.01000
 Time :      7.01000
 Time :      8.01000
 Time :      9.01000
 Time :     10.01000
 Time :     11.01000
 Time :     12.01000
 Time :     13.01000
 Time :     14.01000
 Time :     15.01000
 Time :     16.01000
 Time :     17.01000
 Time :     18.00000
 Time :     19.00000
 Time :     20.00000
 Time :     21.00000
 Time :     22.00000
 Time :     23.00000
 Time :     24.00000
 Time :     25.00000
 Time :     26.00000
 Time :     27.00000
 Time :     28.00000
 Time :     29.00000
 Time :     30.00000
 Time :     31.00000
 Time :     32.00000
 Time :     33.00000
 Time :     34.00000
 Time :     35.00000
dtime = 44.51121501624584
mbcr =

 Columns 1 through 3:

   4.923333966405576e-05   3.835546808559160e-05   3.929693328855547e-05

 Columns 4 and 5:

   4.200960319126522e-05   1.851680902843299e-04

agsout =

 Columns 1 through 3:

   4.635345153328662e-03   4.635345153328671e-03   4.635345153328638e-03
   4.624281557877807e-03   4.624281557877862e-03   4.624281557877827e-03
   4.625354602094625e-03   4.625354602094672e-03   4.625354602094610e-03
   4.625344751592011e-03   4.625344751591973e-03   4.625344751592006e-03
   4.623831392583469e-03   4.623831392583442e-03   4.623831392583403e-03

 Columns 4 through 6:

   4.635345153328734e-03   4.635345153328654e-03   4.635345153328732e-03
   4.624281557877796e-03   4.624281557877803e-03   4.624281557877830e-03
   4.625354602094683e-03   4.625354602094640e-03   4.625354602094598e-03
   4.625344751592030e-03   4.625344751592004e-03   4.625344751592006e-03
   4.623831392583455e-03   4.623831392583435e-03   4.623831392583403e-03

 Columns 7 through 9:

   4.635345153328728e-03   4.635345153328660e-03   4.635345153328740e-03
   4.624281557877787e-03   4.624281557877808e-03   4.624281557877794e-03
   4.625354602094618e-03   4.625354602094666e-03   4.625354602094674e-03
   4.625344751591981e-03   4.625344751592000e-03   4.625344751592006e-03
   4.623831392583465e-03   4.623831392583411e-03   4.623831392583409e-03

 Columns 10 through 12:

   4.635345153328637e-03   4.635345153328732e-03   4.635345153328672e-03
   4.624281557877871e-03   4.624281557877821e-03   4.624281557877813e-03
   4.625354602094661e-03   4.625354602094673e-03   4.625354602094664e-03
   4.625344751591951e-03   4.625344751592034e-03   4.625344751592000e-03
   4.623831392583427e-03   4.623831392583494e-03   4.623831392583460e-03

 Columns 13 through 15:

   4.635345153328670e-03   4.635345153328734e-03   4.635345153328671e-03
   4.624281557877793e-03   4.624281557877823e-03   4.624281557877823e-03
   4.625354602094661e-03   4.625354602094661e-03   4.625354602094660e-03
   4.625344751592034e-03   4.625344751592035e-03   4.625344751592035e-03
   4.623831392583484e-03   4.623831392583451e-03   4.623831392583452e-03

ans = 1.115039465721481e-20
ans = 2.871557496477836e-21
ans = 6.277266873511789e-21
ans = -4.890705371719776e-22
ans = 6.253899021207166e-21
ans = 6.301461906428965e-21
ans = 6.281402776574554e-21
ans = 2.894098168169906e-21
ans = 2.924910645987506e-21
ans = -5.033394027385173e-22
ans = -4.807987310464473e-22
ans = -4.923792596221897e-22
ans = -3.866655773379128e-21
ans = -3.906360442781673e-21
ans = -3.892918757827686e-21
nbcr = 15
lambda0 = 3.501084296647659
kmpl_prod = 0.180000000000000
 Time :      1.00000
 Time :      2.00000
 Time :      3.01000
 Time :      4.01000
 Time :      5.01000
 Time :      6.01000
 Time :      7.01000
 Time :      8.01000
 Time :      9.01000
 Time :     10.01000
 Time :     11.01000
 Time :     12.01000
 Time :     13.01000
 Time :     14.01000
 Time :     15.01000
 Time :     16.01000
 Time :     17.01000
 Time :     18.00000
 Time :     19.00000
 Time :     20.00000
 Time :     21.00000
 Time :     22.00000
 Time :     23.00000
 Time :     24.00000
 Time :     25.00000
 Time :     26.00000
 Time :     27.00000
 Time :     28.00000
 Time :     29.00000
 Time :     30.00000
 Time :     31.00000
 Time :     32.00000
 Time :     33.00000
 Time :     34.00000
 Time :     35.00000
dtime = 44.28241923451424
mbcr =

 Columns 1 through 3:

   4.923333966405576e-05   3.835546808559160e-05   3.929693328855547e-05

 Columns 4 through 6:

   4.200960319126522e-05   1.851680902843299e-04   3.490792543453485e-02

agsout =

 Columns 1 through 3:

   4.635345153328662e-03   4.635345153328671e-03   4.635345153328638e-03
   4.624281557877807e-03   4.624281557877862e-03   4.624281557877827e-03
   4.625354602094625e-03   4.625354602094672e-03   4.625354602094610e-03
   4.625344751592011e-03   4.625344751591973e-03   4.625344751592006e-03
   4.623831392583469e-03   4.623831392583442e-03   4.623831392583403e-03
   4.190770926631760e-03   4.190770926631746e-03   4.190770926631748e-03

 Columns 4 through 6:

   4.635345153328734e-03   4.635345153328654e-03   4.635345153328732e-03
   4.624281557877796e-03   4.624281557877803e-03   4.624281557877830e-03
   4.625354602094683e-03   4.625354602094640e-03   4.625354602094598e-03
   4.625344751592030e-03   4.625344751592004e-03   4.625344751592006e-03
   4.623831392583455e-03   4.623831392583435e-03   4.623831392583403e-03
   4.190770926631780e-03   4.190770926631905e-03   4.190770926631777e-03

 Columns 7 through 9:

   4.635345153328728e-03   4.635345153328660e-03   4.635345153328740e-03
   4.624281557877787e-03   4.624281557877808e-03   4.624281557877794e-03
   4.625354602094618e-03   4.625354602094666e-03   4.625354602094674e-03
   4.625344751591981e-03   4.625344751592000e-03   4.625344751592006e-03
   4.623831392583465e-03   4.623831392583411e-03   4.623831392583409e-03
   4.190770926631783e-03   4.190770926631760e-03   4.190770926631935e-03

 Columns 10 through 12:

   4.635345153328637e-03   4.635345153328732e-03   4.635345153328672e-03
   4.624281557877871e-03   4.624281557877821e-03   4.624281557877813e-03
   4.625354602094661e-03   4.625354602094673e-03   4.625354602094664e-03
   4.625344751591951e-03   4.625344751592034e-03   4.625344751592000e-03
   4.623831392583427e-03   4.623831392583494e-03   4.623831392583460e-03
   4.190770926631919e-03   4.190770926631940e-03   4.190770926631926e-03

 Columns 13 through 15:

   4.635345153328670e-03   4.635345153328734e-03   4.635345153328671e-03
   4.624281557877793e-03   4.624281557877823e-03   4.624281557877823e-03
   4.625354602094661e-03   4.625354602094661e-03   4.625354602094660e-03
   4.625344751592034e-03   4.625344751592035e-03   4.625344751592035e-03
   4.623831392583484e-03   4.623831392583451e-03   4.623831392583452e-03
   4.190770926631920e-03   4.190770926631948e-03   4.190770926631953e-03

ans = -1.852884572118782e-22
ans = 4.458296706507681e-21
ans = -2.309488270248053e-21
ans = -2.324791111580284e-21
ans = 1.078436723616010e-21
ans = -5.702376347787435e-21
ans = -2.321895979436349e-21
ans = -5.714577261822592e-21
ans = -2.322102774589487e-21
ans = -5.702376347787435e-21
ans = -2.314864944229648e-21
ans = 4.461605428957893e-21
ans = -5.696792878652702e-21
ans = -9.089060570732668e-21
ans = -5.701135576868605e-21
