warning: function /home/surgeon/flu/amcode/perelson21/1d2agt/4paper/2submit/run.m shadows a core library function
warning: called from
    driver at line 1 column 1

lambda0 = 3.501084296647659
kmpl_prod = 0.180000000000000
dkps =

 Columns 1 through 3:

   4.681109198158283e+02   1.605684540610731e+01   1.349659130957810e+02

 Columns 4 through 6:

   8.773014336536896e+01   1.800539361099010e+02   7.159657876014734e+01

nbcr = 2
lambda0 = 3.501084296647659
kmpl_prod = 0.180000000000000
 Time :      1.00000
 Time :      2.00000
 Time :      3.01000
 Time :      4.01000
 Time :      5.01000
 Time :      6.01000
 Time :      7.01000
 Time :      8.01000
 Time :      9.01000
 Time :     10.01000
 Time :     11.01000
 Time :     12.01000
 Time :     13.01000
 Time :     14.01000
 Time :     15.01000
 Time :     16.01000
 Time :     17.01000
 Time :     18.00000
 Time :     19.00000
 Time :     20.00000
 Time :     21.00000
 Time :     22.00000
 Time :     23.00000
 Time :     24.00000
 Time :     25.00000
 Time :     26.00000
 Time :     27.00000
 Time :     28.00000
 Time :     29.00000
 Time :     30.00000
 Time :     31.00000
 Time :     32.00000
 Time :     33.00000
 Time :     34.00000
 Time :     35.00000
dtime = 5.138324573636055
mbcr = 0.500000000000000
agsout =

   1.071449970512459e-02   1.071449970512455e-02

ans = 6.597217749507886e-21
ans = 8.573849833734308e-21
nbcr = 2
lambda0 = 3.501084296647659
kmpl_prod = 0.180000000000000
 Time :      1.00000
 Time :      2.00000
 Time :      3.01000
 Time :      4.01000
 Time :      5.01000
 Time :      6.01000
 Time :      7.01000
 Time :      8.01000
 Time :      9.01000
 Time :     10.01000
 Time :     11.01000
 Time :     12.01000
 Time :     13.01000
 Time :     14.01000
 Time :     15.01000
 Time :     16.01000
 Time :     17.01000
 Time :     18.00000
 Time :     19.00000
 Time :     20.00000
 Time :     21.00000
 Time :     22.00000
 Time :     23.00000
 Time :     24.00000
 Time :     25.00000
 Time :     26.00000
 Time :     27.00000
 Time :     28.00000
 Time :     29.00000
 Time :     30.00000
 Time :     31.00000
 Time :     32.00000
 Time :     33.00000
 Time :     34.00000
 Time :     35.00000
dtime = 5.173458158969879
mbcr =

   0.500000000000000   0.500471454156971

agsout =

   1.071449970512459e-02   1.071449970512455e-02
   1.077627325872614e-02   1.077627325872618e-02

ans = 1.444453643354354e-21
ans = 1.277148771205975e-20
nbcr = 2
lambda0 = 3.501084296647659
kmpl_prod = 0.180000000000000
 Time :      1.00000
 Time :      2.00000
 Time :      3.01000
 Time :      4.01000
 Time :      5.01000
 Time :      6.01000
 Time :      7.01000
 Time :      8.01000
 Time :      9.01000
 Time :     10.01000
 Time :     11.01000
 Time :     12.01000
 Time :     13.01000
 Time :     14.01000
 Time :     15.01000
 Time :     16.01000
 Time :     17.01000
 Time :     18.00000
 Time :     19.00000
 Time :     20.00000
 Time :     21.00000
 Time :     22.00000
 Time :     23.00000
 Time :     24.00000
 Time :     25.00000
 Time :     26.00000
 Time :     27.00000
 Time :     28.00000
 Time :     29.00000
 Time :     30.00000
 Time :     31.00000
 Time :     32.00000
 Time :     33.00000
 Time :     34.00000
 Time :     35.00000
dtime = 5.237448960542679
mbcr =

   0.500000000000000   0.500471454156971   0.660763584506268

agsout =

   1.071449970512459e-02   1.071449970512455e-02
   1.077627325872614e-02   1.077627325872618e-02
   5.221267711846150e-03   5.221267711846151e-03

ans = 6.968117781358421e-21
ans = -3.898993365451123e-22
nbcr = 2
lambda0 = 3.501084296647659
kmpl_prod = 0.180000000000000
 Time :      1.00000
 Time :      2.00000
 Time :      3.01000
 Time :      4.01000
 Time :      5.01000
 Time :      6.01000
 Time :      7.01000
 Time :      8.01000
 Time :      9.01000
 Time :     10.01000
 Time :     11.01000
 Time :     12.01000
 Time :     13.01000
 Time :     14.01000
 Time :     15.01000
 Time :     16.01000
 Time :     17.01000
 Time :     18.00000
 Time :     19.00000
 Time :     20.00000
 Time :     21.00000
 Time :     22.00000
 Time :     23.00000
 Time :     24.00000
 Time :     25.00000
 Time :     26.00000
 Time :     27.00000
 Time :     28.00000
 Time :     29.00000
 Time :     30.00000
 Time :     31.00000
 Time :     32.00000
 Time :     33.00000
 Time :     34.00000
 Time :     35.00000
dtime = 5.286704376339912
mbcr =

   0.500000000000000   0.500471454156971   0.660763584506268   0.591389173752318

agsout =

   1.071449970512459e-02   1.071449970512455e-02
   1.077627325872614e-02   1.077627325872618e-02
   5.221267711846150e-03   5.221267711846151e-03
   7.622668693304989e-03   7.622668693304994e-03

ans = -9.193337026702634e-22
ans = -3.633196970183107e-21
nbcr = 2
lambda0 = 3.501084296647659
kmpl_prod = 0.180000000000000
 Time :      1.00000
 Time :      2.00000
 Time :      3.01000
 Time :      4.01000
 Time :      5.01000
 Time :      6.01000
 Time :      7.01000
 Time :      8.01000
 Time :      9.01000
 Time :     10.01000
 Time :     11.01000
 Time :     12.01000
 Time :     13.01000
 Time :     14.01000
 Time :     15.01000
 Time :     16.01000
 Time :     17.01000
 Time :     18.00000
 Time :     19.00000
 Time :     20.00000
 Time :     21.00000
 Time :     22.00000
 Time :     23.00000
 Time :     24.00000
 Time :     25.00000
 Time :     26.00000
 Time :     27.00000
 Time :     28.00000
 Time :     29.00000
 Time :     30.00000
 Time :     31.00000
 Time :     32.00000
 Time :     33.00000
 Time :     34.00000
 Time :     35.00000
dtime = 5.449095368385315
mbcr =

 Columns 1 through 4:

   0.500000000000000   0.500471454156971   0.660763584506268   0.591389173752318

 Column 5:

   0.576650855956320

agsout =

   1.071449970512459e-02   1.071449970512455e-02
   1.077627325872614e-02   1.077627325872618e-02
   5.221267711846150e-03   5.221267711846151e-03
   7.622668693304989e-03   7.622668693304994e-03
   8.194644493509696e-03   8.194644493509739e-03

ans = 1.841607773924211e-23
ans = 1.165989914045626e-20
nbcr = 2
lambda0 = 3.501084296647659
kmpl_prod = 0.180000000000000
 Time :      1.00000
 Time :      2.00000
 Time :      3.01000
 Time :      4.01000
 Time :      5.01000
 Time :      6.01000
 Time :      7.01000
 Time :      8.01000
 Time :      9.01000
 Time :     10.01000
 Time :     11.01000
 Time :     12.01000
 Time :     13.01000
 Time :     14.01000
 Time :     15.01000
 Time :     16.01000
 Time :     17.01000
 Time :     18.00000
 Time :     19.00000
 Time :     20.00000
 Time :     21.00000
 Time :     22.00000
 Time :     23.00000
 Time :     24.00000
 Time :     25.00000
 Time :     26.00000
 Time :     27.00000
 Time :     28.00000
 Time :     29.00000
 Time :     30.00000
 Time :     31.00000
 Time :     32.00000
 Time :     33.00000
 Time :     34.00000
 Time :     35.00000
dtime = 5.414595454931259
mbcr =

 Columns 1 through 4:

   0.500000000000000   0.500471454156971   0.660763584506268   0.591389173752318

 Columns 5 and 6:

   0.576650855956320   0.527093397949909

agsout =

   1.071449970512459e-02   1.071449970512455e-02
   1.077627325872614e-02   1.077627325872618e-02
   5.221267711846150e-03   5.221267711846151e-03
   7.622668693304989e-03   7.622668693304994e-03
   8.194644493509696e-03   8.194644493509739e-03
   9.881920916958468e-03   9.881920916958383e-03

ans = -6.594245069181523e-22
ans = 7.988309357623333e-21
dkps =

 Columns 1 through 3:

   2.731767868533041e+01   6.873218267243562e+00   1.275125202301497e+00

 Columns 4 through 6:

   1.852982121892357e+01   3.149224421322502e+01   5.158565314060490e+01

nbcr = 3
lambda0 = 3.501084296647659
kmpl_prod = 0.180000000000000
 Time :      1.00000
 Time :      2.00000
 Time :      3.01000
 Time :      4.01000
 Time :      5.01000
 Time :      6.01000
 Time :      7.01000
 Time :      8.01000
 Time :      9.01000
 Time :     10.01000
 Time :     11.01000
 Time :     12.01000
 Time :     13.01000
 Time :     14.01000
 Time :     15.01000
 Time :     16.01000
 Time :     17.01000
 Time :     18.00000
 Time :     19.00000
 Time :     20.00000
 Time :     21.00000
 Time :     22.00000
 Time :     23.00000
 Time :     24.00000
 Time :     25.00000
 Time :     26.00000
 Time :     27.00000
 Time :     28.00000
 Time :     29.00000
 Time :     30.00000
 Time :     31.00000
 Time :     32.00000
 Time :     33.00000
 Time :     34.00000
 Time :     35.00000
dtime = 12.49481253325939
mbcr = 0.333333333333333
agsout =

   8.291246921948960e-03   8.291246921948903e-03   8.291246921948933e-03

ans = 6.964111125266367e-21
ans = 9.380615887263468e-21
ans = -7.833400400877172e-22
nbcr = 3
lambda0 = 3.501084296647659
kmpl_prod = 0.180000000000000
 Time :      1.00000
 Time :      2.00000
 Time :      3.01000
 Time :      4.01000
 Time :      5.01000
 Time :      6.01000
 Time :      7.01000
 Time :      8.01000
 Time :      9.01000
 Time :     10.01000
 Time :     11.01000
 Time :     12.01000
 Time :     13.01000
 Time :     14.01000
 Time :     15.01000
 Time :     16.01000
 Time :     17.01000
 Time :     18.00000
 Time :     19.00000
 Time :     20.00000
 Time :     21.00000
 Time :     22.00000
 Time :     23.00000
 Time :     24.00000
 Time :     25.00000
 Time :     26.00000
 Time :     27.00000
 Time :     28.00000
 Time :     29.00000
 Time :     30.00000
 Time :     31.00000
 Time :     32.00000
 Time :     33.00000
 Time :     34.00000
 Time :     35.00000
dtime = 11.95738837122917
mbcr =

   0.333333333333333   0.509805219360596

agsout =

   8.291246921948960e-03   8.291246921948903e-03   8.291246921948933e-03
   4.876226509555048e-03   4.876226509554970e-03   4.876226509554977e-03

ans = 1.745661285216596e-21
ans = 1.421897623584512e-21
ans = 1.417141335062332e-21
nbcr = 3
lambda0 = 3.501084296647659
kmpl_prod = 0.180000000000000
 Time :      1.00000
 Time :      2.00000
 Time :      3.01000
 Time :      4.01000
 Time :      5.01000
 Time :      6.01000
 Time :      7.01000
 Time :      8.01000
 Time :      9.01000
 Time :     10.01000
 Time :     11.01000
 Time :     12.01000
 Time :     13.01000
 Time :     14.01000
 Time :     15.01000
 Time :     16.01000
 Time :     17.01000
 Time :     18.00000
 Time :     19.00000
 Time :     20.00000
 Time :     21.00000
 Time :     22.00000
 Time :     23.00000
 Time :     24.00000
 Time :     25.00000
 Time :     26.00000
 Time :     27.00000
 Time :     28.00000
 Time :     29.00000
 Time :     30.00000
 Time :     31.00000
 Time :     32.00000
 Time :     33.00000
 Time :     34.00000
 Time :     35.00000
dtime = 11.89299523830414
mbcr =

   0.333333333333333   0.509805219360596   0.619123428149414

agsout =

   8.291246921948960e-03   8.291246921948903e-03   8.291246921948933e-03
   4.876226509555048e-03   4.876226509554970e-03   4.876226509554977e-03
   2.261498189394951e-03   2.261498189394973e-03   2.261498189394980e-03

ans = 8.255262513279216e-22
ans = -1.306203490221900e-20
ans = -9.672636492888829e-21
nbcr = 3
lambda0 = 3.501084296647659
kmpl_prod = 0.180000000000000
 Time :      1.00000
 Time :      2.00000
 Time :      3.01000
 Time :      4.01000
 Time :      5.01000
 Time :      6.01000
 Time :      7.01000
 Time :      8.01000
 Time :      9.01000
 Time :     10.01000
 Time :     11.01000
 Time :     12.01000
 Time :     13.01000
 Time :     14.01000
 Time :     15.01000
 Time :     16.01000
 Time :     17.01000
 Time :     18.00000
 Time :     19.00000
 Time :     20.00000
 Time :     21.00000
 Time :     22.00000
 Time :     23.00000
 Time :     24.00000
 Time :     25.00000
 Time :     26.00000
 Time :     27.00000
 Time :     28.00000
 Time :     29.00000
 Time :     30.00000
 Time :     31.00000
 Time :     32.00000
 Time :     33.00000
 Time :     34.00000
 Time :     35.00000
dtime = 12.27640695869923
mbcr =

   0.333333333333333   0.509805219360596   0.619123428149414   0.678767014847312

agsout =

   8.291246921948960e-03   8.291246921948903e-03   8.291246921948933e-03
   4.876226509555048e-03   4.876226509554970e-03   4.876226509554977e-03
   2.261498189394951e-03   2.261498189394973e-03   2.261498189394980e-03
   6.850561485354840e-04   6.850561485354567e-04   6.850561485354591e-04

ans = 3.930762270851988e-21
ans = -6.346220132386326e-21
ans = -2.958094805717661e-21
nbcr = 3
lambda0 = 3.501084296647659
kmpl_prod = 0.180000000000000
 Time :      1.00000
 Time :      2.00000
 Time :      3.01000
 Time :      4.01000
 Time :      5.01000
 Time :      6.01000
 Time :      7.01000
 Time :      8.01000
 Time :      9.01000
 Time :     10.01000
 Time :     11.01000
 Time :     12.01000
 Time :     13.01000
 Time :     14.01000
 Time :     15.01000
 Time :     16.01000
 Time :     17.01000
 Time :     18.00000
 Time :     19.00000
 Time :     20.00000
 Time :     21.00000
 Time :     22.00000
 Time :     23.00000
 Time :     24.00000
 Time :     25.00000
 Time :     26.00000
 Time :     27.00000
 Time :     28.00000
 Time :     29.00000
 Time :     30.00000
 Time :     31.00000
 Time :     32.00000
 Time :     33.00000
 Time :     34.00000
 Time :     35.00000
dtime = 12.19536736607552
mbcr =

 Columns 1 through 4:

   0.333333333333333   0.509805219360596   0.619123428149414   0.678767014847312

 Column 5:

   0.642307159245701

agsout =

   8.291246921948960e-03   8.291246921948903e-03   8.291246921948933e-03
   4.876226509555048e-03   4.876226509554970e-03   4.876226509554977e-03
   2.261498189394951e-03   2.261498189394973e-03   2.261498189394980e-03
   6.850561485354840e-04   6.850561485354567e-04   6.850561485354591e-04
   1.550408801615470e-03   1.550408801615467e-03   1.550408801615438e-03

ans = 5.773720675620133e-21
ans = 4.323065601052332e-21
ans = 7.712890525385853e-21
nbcr = 3
lambda0 = 3.501084296647659
kmpl_prod = 0.180000000000000
 Time :      1.00000
 Time :      2.00000
 Time :      3.01000
 Time :      4.01000
 Time :      5.01000
 Time :      6.01000
 Time :      7.01000
 Time :      8.01000
 Time :      9.01000
 Time :     10.01000
 Time :     11.01000
 Time :     12.01000
 Time :     13.01000
 Time :     14.01000
 Time :     15.01000
 Time :     16.01000
 Time :     17.01000
 Time :     18.00000
 Time :     19.00000
 Time :     20.00000
 Time :     21.00000
 Time :     22.00000
 Time :     23.00000
 Time :     24.00000
 Time :     25.00000
 Time :     26.00000
 Time :     27.00000
 Time :     28.00000
 Time :     29.00000
 Time :     30.00000
 Time :     31.00000
 Time :     32.00000
 Time :     33.00000
 Time :     34.00000
 Time :     35.00000
dtime = 11.79775334894657
mbcr =

 Columns 1 through 4:

   0.333333333333333   0.509805219360596   0.619123428149414   0.678767014847312

 Columns 5 and 6:

   0.642307159245701   0.591991925980069

agsout =

   8.291246921948960e-03   8.291246921948903e-03   8.291246921948933e-03
   4.876226509555048e-03   4.876226509554970e-03   4.876226509554977e-03
   2.261498189394951e-03   2.261498189394973e-03   2.261498189394980e-03
   6.850561485354840e-04   6.850561485354567e-04   6.850561485354591e-04
   1.550408801615470e-03   1.550408801615467e-03   1.550408801615438e-03
   3.021175576920774e-03   3.021175576920831e-03   3.021175576920786e-03

ans = -1.214301139227845e-21
ans = -7.042150446181917e-22
ans = -7.071877249445541e-22
dkps =

 Columns 1 through 3:

   5.604497512866340e+01   4.668457682775530e+02   7.679925782991606e+01

 Columns 4 through 6:

   3.304347165005910e+01   4.247160474786036e+00   1.121621048650833e+02

nbcr = 4
lambda0 = 3.501084296647659
kmpl_prod = 0.180000000000000
 Time :      1.00000
 Time :      2.00000
 Time :      3.01000
 Time :      4.01000
 Time :      5.01000
 Time :      6.01000
 Time :      7.01000
 Time :      8.01000
 Time :      9.01000
 Time :     10.01000
 Time :     11.01000
 Time :     12.01000
 Time :     13.01000
 Time :     14.01000
 Time :     15.01000
 Time :     16.01000
 Time :     17.01000
 Time :     18.00000
 Time :     19.00000
 Time :     20.00000
 Time :     21.00000
 Time :     22.00000
 Time :     23.00000
 Time :     24.00000
 Time :     25.00000
 Time :     26.00000
 Time :     27.00000
 Time :     28.00000
 Time :     29.00000
 Time :     30.00000
 Time :     31.00000
 Time :     32.00000
 Time :     33.00000
 Time :     34.00000
 Time :     35.00000
dtime = 18.21918301284313
mbcr = 0.250000000000000
agsout =

 Columns 1 through 3:

   7.111158578391398e-03   7.111158578391355e-03   7.111158578391386e-03

 Column 4:

   7.111158578391386e-03

ans = -2.308609390847216e-21
ans = 1.579922724794526e-20
ans = 9.027228819944329e-21
ans = 9.027228819944329e-21
nbcr = 4
lambda0 = 3.501084296647659
kmpl_prod = 0.180000000000000
 Time :      1.00000
 Time :      2.00000
 Time :      3.01000
 Time :      4.01000
 Time :      5.01000
 Time :      6.01000
 Time :      7.01000
 Time :      8.01000
 Time :      9.01000
 Time :     10.01000
 Time :     11.01000
 Time :     12.01000
 Time :     13.01000
 Time :     14.01000
 Time :     15.01000
 Time :     16.01000
 Time :     17.01000
 Time :     18.00000
 Time :     19.00000
 Time :     20.00000
 Time :     21.00000
 Time :     22.00000
 Time :     23.00000
 Time :     24.00000
 Time :     25.00000
 Time :     26.00000
 Time :     27.00000
 Time :     28.00000
 Time :     29.00000
 Time :     30.00000
 Time :     31.00000
 Time :     32.00000
 Time :     33.00000
 Time :     34.00000
 Time :     35.00000
dtime = 18.00954826176167
mbcr =

   0.250000000000000   0.390066785613430

agsout =

 Columns 1 through 3:

   7.111158578391398e-03   7.111158578391355e-03   7.111158578391386e-03
   5.083858852611985e-03   5.083858852611902e-03   5.083858852611895e-03

 Column 4:

   7.111158578391386e-03
   5.083858852611898e-03

ans = 1.354756407239349e-20
ans = -2.916690538650260e-21
ans = -2.912244442857788e-21
ans = -2.912296141646072e-21
nbcr = 4
lambda0 = 3.501084296647659
kmpl_prod = 0.180000000000000
 Time :      1.00000
 Time :      2.00000
 Time :      3.01000
 Time :      4.01000
 Time :      5.01000
 Time :      6.01000
 Time :      7.01000
 Time :      8.01000
 Time :      9.01000
 Time :     10.01000
 Time :     11.01000
 Time :     12.01000
 Time :     13.01000
 Time :     14.01000
 Time :     15.01000
 Time :     16.01000
 Time :     17.01000
 Time :     18.00000
 Time :     19.00000
 Time :     20.00000
 Time :     21.00000
 Time :     22.00000
 Time :     23.00000
 Time :     24.00000
 Time :     25.00000
 Time :     26.00000
 Time :     27.00000
 Time :     28.00000
 Time :     29.00000
 Time :     30.00000
 Time :     31.00000
 Time :     32.00000
 Time :     33.00000
 Time :     34.00000
 Time :     35.00000
dtime = 18.11559274792671
mbcr =

   0.250000000000000   0.390066785613430   0.260765414250975

agsout =

 Columns 1 through 3:

   7.111158578391398e-03   7.111158578391355e-03   7.111158578391386e-03
   5.083858852611985e-03   5.083858852611902e-03   5.083858852611895e-03
   7.000388882448215e-03   7.000388882448234e-03   7.000388882448255e-03

 Column 4:

   7.111158578391386e-03
   5.083858852611898e-03
   7.000388882448205e-03

ans = -9.379905028924555e-21
ans = 4.404995255786295e-22
ans = 3.835791596773243e-21
ans = -2.946262245549031e-21
nbcr = 4
lambda0 = 3.501084296647659
kmpl_prod = 0.180000000000000
 Time :      1.00000
 Time :      2.00000
 Time :      3.01000
 Time :      4.01000
 Time :      5.01000
 Time :      6.01000
 Time :      7.01000
 Time :      8.01000
 Time :      9.01000
 Time :     10.01000
 Time :     11.01000
 Time :     12.01000
 Time :     13.01000
 Time :     14.01000
 Time :     15.01000
 Time :     16.01000
 Time :     17.01000
 Time :     18.00000
 Time :     19.00000
 Time :     20.00000
 Time :     21.00000
 Time :     22.00000
 Time :     23.00000
 Time :     24.00000
 Time :     25.00000
 Time :     26.00000
 Time :     27.00000
 Time :     28.00000
 Time :     29.00000
 Time :     30.00000
 Time :     31.00000
 Time :     32.00000
 Time :     33.00000
 Time :     34.00000
 Time :     35.00000
dtime = 18.04122179746628
mbcr =

   0.250000000000000   0.390066785613430   0.260765414250975   0.371166397548786

agsout =

 Columns 1 through 3:

   7.111158578391398e-03   7.111158578391355e-03   7.111158578391386e-03
   5.083858852611985e-03   5.083858852611902e-03   5.083858852611895e-03
   7.000388882448215e-03   7.000388882448234e-03   7.000388882448255e-03
   5.321158785931776e-03   5.321158785931760e-03   5.321158785931717e-03

 Column 4:

   7.111158578391386e-03
   5.083858852611898e-03
   7.000388882448205e-03
   5.321158785931669e-03

ans = 1.334852373749791e-20
ans = -5.635167923017501e-23
ans = 3.330435941291628e-21
ans = 3.335243928602092e-21
nbcr = 4
lambda0 = 3.501084296647659
kmpl_prod = 0.180000000000000
 Time :      1.00000
 Time :      2.00000
 Time :      3.01000
 Time :      4.01000
 Time :      5.01000
 Time :      6.01000
 Time :      7.01000
 Time :      8.01000
 Time :      9.01000
 Time :     10.01000
 Time :     11.01000
 Time :     12.01000
 Time :     13.01000
 Time :     14.01000
 Time :     15.01000
 Time :     16.01000
 Time :     17.01000
 Time :     18.00000
 Time :     19.00000
 Time :     20.00000
 Time :     21.00000
 Time :     22.00000
 Time :     23.00000
 Time :     24.00000
 Time :     25.00000
 Time :     26.00000
 Time :     27.00000
 Time :     28.00000
 Time :     29.00000
 Time :     30.00000
 Time :     31.00000
 Time :     32.00000
 Time :     33.00000
 Time :     34.00000
 Time :     35.00000
dtime = 17.97843798995018
mbcr =

 Columns 1 through 4:

   0.250000000000000   0.390066785613430   0.260765414250975   0.371166397548786

 Column 5:

   0.474487294500510

agsout =

 Columns 1 through 3:

   7.111158578391398e-03   7.111158578391355e-03   7.111158578391386e-03
   5.083858852611985e-03   5.083858852611902e-03   5.083858852611895e-03
   7.000388882448215e-03   7.000388882448234e-03   7.000388882448255e-03
   5.321158785931776e-03   5.321158785931760e-03   5.321158785931717e-03
   3.845454456915494e-03   3.845454456915549e-03   3.845454456915559e-03

 Column 4:

   7.111158578391386e-03
   5.083858852611898e-03
   7.000388882448205e-03
   5.321158785931669e-03
   3.845454456915552e-03

ans = 2.419968580812167e-21
ans = 8.867479564145026e-21
ans = 8.871615467207791e-21
ans = 5.475832257524474e-21
nbcr = 4
lambda0 = 3.501084296647659
kmpl_prod = 0.180000000000000
 Time :      1.00000
 Time :      2.00000
 Time :      3.01000
 Time :      4.01000
 Time :      5.01000
 Time :      6.01000
 Time :      7.01000
 Time :      8.01000
 Time :      9.01000
 Time :     10.01000
 Time :     11.01000
 Time :     12.01000
 Time :     13.01000
 Time :     14.01000
 Time :     15.01000
 Time :     16.01000
 Time :     17.01000
 Time :     18.00000
 Time :     19.00000
 Time :     20.00000
 Time :     21.00000
 Time :     22.00000
 Time :     23.00000
 Time :     24.00000
 Time :     25.00000
 Time :     26.00000
 Time :     27.00000
 Time :     28.00000
 Time :     29.00000
 Time :     30.00000
 Time :     31.00000
 Time :     32.00000
 Time :     33.00000
 Time :     34.00000
 Time :     35.00000
dtime = 17.85620972514153
mbcr =

 Columns 1 through 4:

   0.250000000000000   0.390066785613430   0.260765414250975   0.371166397548786

 Columns 5 and 6:

   0.474487294500510   0.580834588422347

agsout =

 Columns 1 through 3:

   7.111158578391398e-03   7.111158578391355e-03   7.111158578391386e-03
   5.083858852611985e-03   5.083858852611902e-03   5.083858852611895e-03
   7.000388882448215e-03   7.000388882448234e-03   7.000388882448255e-03
   5.321158785931776e-03   5.321158785931760e-03   5.321158785931717e-03
   3.845454456915494e-03   3.845454456915549e-03   3.845454456915559e-03
   1.641286140350048e-03   1.641286140350085e-03   1.641286140350066e-03

 Column 4:

   7.111158578391386e-03
   5.083858852611898e-03
   7.000388882448205e-03
   5.321158785931669e-03
   3.845454456915552e-03
   1.641286140350084e-03

ans = 9.661469554619363e-21
ans = 1.001250432707155e-21
ans = 4.388348245958666e-21
ans = 1.001043637554017e-21
dkps =

 Columns 1 through 3:

   1.801061842798394e+01   5.126861997201549e+01   3.602240313747516e+01

 Columns 4 through 6:

   4.405158291169966e+00   3.510318249125088e+01   5.591719432125003e+00

nbcr = 5
lambda0 = 3.501084296647659
kmpl_prod = 0.180000000000000
 Time :      1.00000
 Time :      2.00000
 Time :      3.01000
 Time :      4.01000
 Time :      5.01000
 Time :      6.01000
 Time :      7.01000
 Time :      8.01000
 Time :      9.01000
 Time :     10.01000
 Time :     11.01000
 Time :     12.01000
 Time :     13.01000
 Time :     14.01000
 Time :     15.01000
 Time :     16.01000
 Time :     17.01000
 Time :     18.00000
 Time :     19.00000
 Time :     20.00000
 Time :     21.00000
 Time :     22.00000
 Time :     23.00000
 Time :     24.00000
 Time :     25.00000
 Time :     26.00000
 Time :     27.00000
 Time :     28.00000
 Time :     29.00000
 Time :     30.00000
 Time :     31.00000
 Time :     32.00000
 Time :     33.00000
 Time :     34.00000
 Time :     35.00000
dtime = 23.10817278921604
mbcr = 0.200000000000000
agsout =

 Columns 1 through 3:

   6.412471217994505e-03   6.412471217994479e-03   6.412471217994676e-03

 Columns 4 and 5:

   6.412471217994509e-03   6.412471217994673e-03

ans = -1.384257674539082e-21
ans = 5.035461978916556e-22
ans = -2.879777603815081e-21
ans = 5.045284748690623e-22
ans = -2.880708182004203e-21
nbcr = 5
lambda0 = 3.501084296647659
kmpl_prod = 0.180000000000000
 Time :      1.00000
 Time :      2.00000
 Time :      3.01000
 Time :      4.01000
 Time :      5.01000
 Time :      6.01000
 Time :      7.01000
 Time :      8.01000
 Time :      9.01000
 Time :     10.01000
 Time :     11.01000
 Time :     12.01000
 Time :     13.01000
 Time :     14.01000
 Time :     15.01000
 Time :     16.01000
 Time :     17.01000
 Time :     18.00000
 Time :     19.00000
 Time :     20.00000
 Time :     21.00000
 Time :     22.00000
 Time :     23.00000
 Time :     24.00000
 Time :     25.00000
 Time :     26.00000
 Time :     27.00000
 Time :     28.00000
 Time :     29.00000
 Time :     30.00000
 Time :     31.00000
 Time :     32.00000
 Time :     33.00000
 Time :     34.00000
 Time :     35.00000
dtime = 23.29390905797482
mbcr =

   0.200000000000000   0.432733931870729

agsout =

 Columns 1 through 3:

   6.412471217994505e-03   6.412471217994479e-03   6.412471217994676e-03
   3.479205205664959e-03   3.479205205665046e-03   3.479205205665024e-03

 Columns 4 and 5:

   6.412471217994509e-03   6.412471217994673e-03
   3.479205205665023e-03   3.479205205665067e-03

ans = 5.649643583737179e-21
ans = 1.430195279104185e-21
ans = 1.434796471261511e-21
ans = 1.435571953085780e-21
ans = 1.442499590715911e-21
nbcr = 5
lambda0 = 3.501084296647659
kmpl_prod = 0.180000000000000
 Time :      1.00000
 Time :      2.00000
 Time :      3.01000
 Time :      4.01000
 Time :      5.01000
 Time :      6.01000
 Time :      7.01000
 Time :      8.01000
 Time :      9.01000
 Time :     10.01000
 Time :     11.01000
 Time :     12.01000
 Time :     13.01000
 Time :     14.01000
 Time :     15.01000
 Time :     16.01000
 Time :     17.01000
 Time :     18.00000
 Time :     19.00000
 Time :     20.00000
 Time :     21.00000
 Time :     22.00000
 Time :     23.00000
 Time :     24.00000
 Time :     25.00000
 Time :     26.00000
 Time :     27.00000
 Time :     28.00000
 Time :     29.00000
 Time :     30.00000
 Time :     31.00000
 Time :     32.00000
 Time :     33.00000
 Time :     34.00000
 Time :     35.00000
dtime = 23.29249083995819
mbcr =

   0.200000000000000   0.432733931870729   0.421313672900732

agsout =

 Columns 1 through 3:

   6.412471217994505e-03   6.412471217994479e-03   6.412471217994676e-03
   3.479205205664959e-03   3.479205205665046e-03   3.479205205665024e-03
   3.755472574532238e-03   3.755472574532158e-03   3.755472574532161e-03

 Columns 4 and 5:

   6.412471217994509e-03   6.412471217994673e-03
   3.479205205665023e-03   3.479205205665067e-03
   3.755472574532258e-03   3.755472574532191e-03

ans = 1.014185469535953e-20
ans = -5.172980755753497e-21
ans = -8.564266170856057e-21
ans = -5.175875887897432e-21
ans = -8.560181966581576e-21
nbcr = 5
lambda0 = 3.501084296647659
kmpl_prod = 0.180000000000000
 Time :      1.00000
 Time :      2.00000
 Time :      3.01000
 Time :      4.01000
 Time :      5.01000
 Time :      6.01000
 Time :      7.01000
 Time :      8.01000
 Time :      9.01000
 Time :     10.01000
 Time :     11.01000
 Time :     12.01000
 Time :     13.01000
 Time :     14.01000
 Time :     15.01000
 Time :     16.01000
 Time :     17.01000
 Time :     18.00000
 Time :     19.00000
 Time :     20.00000
 Time :     21.00000
 Time :     22.00000
 Time :     23.00000
 Time :     24.00000
 Time :     25.00000
 Time :     26.00000
 Time :     27.00000
 Time :     28.00000
 Time :     29.00000
 Time :     30.00000
 Time :     31.00000
 Time :     32.00000
 Time :     33.00000
 Time :     34.00000
 Time :     35.00000
dtime = 23.29346649348736
mbcr =

   0.200000000000000   0.432733931870729   0.421313672900732   0.435209256002578

agsout =

 Columns 1 through 3:

   6.412471217994505e-03   6.412471217994479e-03   6.412471217994676e-03
   3.479205205664959e-03   3.479205205665046e-03   3.479205205665024e-03
   3.755472574532238e-03   3.755472574532158e-03   3.755472574532161e-03
   3.515627622245031e-03   3.515627622245031e-03   3.515627622244959e-03

 Columns 4 and 5:

   6.412471217994509e-03   6.412471217994673e-03
   3.479205205665023e-03   3.479205205665067e-03
   3.755472574532258e-03   3.755472574532191e-03
   3.515627622244946e-03   3.515627622245039e-03

ans = 4.672846677888622e-21
ans = 8.648018207877051e-21
ans = 8.639901498116374e-21
ans = 1.853349861213343e-21
ans = 1.854849126073595e-21
nbcr = 5
lambda0 = 3.501084296647659
kmpl_prod = 0.180000000000000
 Time :      1.00000
 Time :      2.00000
 Time :      3.01000
 Time :      4.01000
 Time :      5.01000
 Time :      6.01000
 Time :      7.01000
 Time :      8.01000
 Time :      9.01000
 Time :     10.01000
 Time :     11.01000
 Time :     12.01000
 Time :     13.01000
 Time :     14.01000
 Time :     15.01000
 Time :     16.01000
 Time :     17.01000
 Time :     18.00000
 Time :     19.00000
 Time :     20.00000
 Time :     21.00000
 Time :     22.00000
 Time :     23.00000
 Time :     24.00000
 Time :     25.00000
 Time :     26.00000
 Time :     27.00000
 Time :     28.00000
 Time :     29.00000
 Time :     30.00000
 Time :     31.00000
 Time :     32.00000
 Time :     33.00000
 Time :     34.00000
 Time :     35.00000
dtime = 23.40875454246998
mbcr =

 Columns 1 through 4:

   0.200000000000000   0.432733931870729   0.421313672900732   0.435209256002578

 Column 5:

   0.543528089481729

agsout =

 Columns 1 through 3:

   6.412471217994505e-03   6.412471217994479e-03   6.412471217994676e-03
   3.479205205664959e-03   3.479205205665046e-03   3.479205205665024e-03
   3.755472574532238e-03   3.755472574532158e-03   3.755472574532161e-03
   3.515627622245031e-03   3.515627622245031e-03   3.515627622244959e-03
   1.584215699785714e-03   1.584215699785655e-03   1.584215699785654e-03

 Columns 4 and 5:

   6.412471217994509e-03   6.412471217994673e-03
   3.479205205665023e-03   3.479205205665067e-03
   3.755472574532258e-03   3.755472574532191e-03
   3.515627622244946e-03   3.515627622245039e-03
   1.584215699785684e-03   1.584215699785658e-03

ans = 1.578260608751177e-20
ans = 8.737405412821062e-21
ans = 1.962305057523062e-21
ans = 5.350359298357837e-21
ans = 8.737870701915623e-21
nbcr = 5
lambda0 = 3.501084296647659
kmpl_prod = 0.180000000000000
 Time :      1.00000
 Time :      2.00000
 Time :      3.01000
 Time :      4.01000
 Time :      5.01000
 Time :      6.01000
 Time :      7.01000
 Time :      8.01000
 Time :      9.01000
 Time :     10.01000
 Time :     11.01000
 Time :     12.01000
 Time :     13.01000
 Time :     14.01000
 Time :     15.01000
 Time :     16.01000
 Time :     17.01000
 Time :     18.00000
 Time :     19.00000
 Time :     20.00000
 Time :     21.00000
 Time :     22.00000
 Time :     23.00000
 Time :     24.00000
 Time :     25.00000
 Time :     26.00000
 Time :     27.00000
 Time :     28.00000
 Time :     29.00000
 Time :     30.00000
 Time :     31.00000
 Time :     32.00000
 Time :     33.00000
 Time :     34.00000
 Time :     35.00000
dtime = 23.25611002743244
mbcr =

 Columns 1 through 4:

   0.200000000000000   0.432733931870729   0.421313672900732   0.435209256002578

 Columns 5 and 6:

   0.543528089481729   0.488506438483333

agsout =

 Columns 1 through 3:

   6.412471217994505e-03   6.412471217994479e-03   6.412471217994676e-03
   3.479205205664959e-03   3.479205205665046e-03   3.479205205665024e-03
   3.755472574532238e-03   3.755472574532158e-03   3.755472574532161e-03
   3.515627622245031e-03   3.515627622245031e-03   3.515627622244959e-03
   1.584215699785714e-03   1.584215699785655e-03   1.584215699785654e-03
   2.544291958765903e-03   2.544291958765840e-03   2.544291958765841e-03

 Columns 4 and 5:

   6.412471217994509e-03   6.412471217994673e-03
   3.479205205665023e-03   3.479205205665067e-03
   3.755472574532258e-03   3.755472574532191e-03
   3.515627622244946e-03   3.515627622245039e-03
   1.584215699785684e-03   1.584215699785658e-03
   2.544291958765840e-03   2.544291958765882e-03

ans = -1.958763690525570e-21
ans = 8.045262035267316e-21
ans = 8.045313734055601e-21
ans = 1.143427270368536e-20
ans = 1.269877336633751e-21
dkps =

 Columns 1 through 3:

   7.388537307683019e-01   1.315505650571993e+02   1.037868343501563e+01

 Columns 4 through 6:

   2.778285623521569e+00   2.128327361261556e+01   1.683629216232347e+00

nbcr = 7
lambda0 = 3.501084296647659
kmpl_prod = 0.180000000000000
 Time :      1.00000
 Time :      2.00000
 Time :      3.01000
 Time :      4.01000
 Time :      5.01000
 Time :      6.01000
 Time :      7.01000
 Time :      8.01000
 Time :      9.01000
 Time :     10.01000
 Time :     11.01000
 Time :     12.01000
 Time :     13.01000
 Time :     14.01000
 Time :     15.01000
 Time :     16.01000
 Time :     17.01000
 Time :     18.00000
 Time :     19.00000
 Time :     20.00000
 Time :     21.00000
 Time :     22.00000
 Time :     23.00000
 Time :     24.00000
 Time :     25.00000
 Time :     26.00000
 Time :     27.00000
 Time :     28.00000
 Time :     29.00000
 Time :     30.00000
 Time :     31.00000
 Time :     32.00000
 Time :     33.00000
 Time :     34.00000
 Time :     35.00000
dtime = 32.75130093097687
mbcr = 0.142857142857143
agsout =

 Columns 1 through 3:

   5.620669024814049e-03   5.620669024814032e-03   5.620669024814062e-03

 Columns 4 through 6:

   5.620669024814092e-03   5.620669024814003e-03   5.620669024814083e-03

 Column 7:

   5.620669024814048e-03

ans = -2.191253141441255e-22
ans = 1.019251950787841e-20
ans = 6.802216369753254e-21
ans = 1.020110150673364e-20
ans = 1.020410003645415e-20
ans = 1.019830977216628e-20
ans = 3.424837928699242e-21
nbcr = 7
lambda0 = 3.501084296647659
kmpl_prod = 0.180000000000000
 Time :      1.00000
 Time :      2.00000
 Time :      3.01000
 Time :      4.01000
 Time :      5.01000
 Time :      6.01000
 Time :      7.01000
 Time :      8.01000
 Time :      9.01000
 Time :     10.01000
 Time :     11.01000
 Time :     12.01000
 Time :     13.01000
 Time :     14.01000
 Time :     15.01000
 Time :     16.01000
 Time :     17.01000
 Time :     18.00000
 Time :     19.00000
 Time :     20.00000
 Time :     21.00000
 Time :     22.00000
 Time :     23.00000
 Time :     24.00000
 Time :     25.00000
 Time :     26.00000
 Time :     27.00000
 Time :     28.00000
 Time :     29.00000
 Time :     30.00000
 Time :     31.00000
 Time :     32.00000
 Time :     33.00000
 Time :     34.00000
 Time :     35.00000
dtime = 34.36928652226925
mbcr =

   0.142857142857143   0.519355485650355

agsout =

 Columns 1 through 3:

   5.620669024814049e-03   5.620669024814032e-03   5.620669024814062e-03
   7.411486909636760e-04   7.411486909636966e-04   7.411486909636187e-04

 Columns 4 through 6:

   5.620669024814092e-03   5.620669024814003e-03   5.620669024814083e-03
   7.411486909636071e-04   7.411486909636691e-04   7.411486909636205e-04

 Column 7:

   5.620669024814048e-03
   7.411486909636823e-04

ans = -3.917527381051139e-21
ans = 2.156614953290597e-22
ans = -6.561623133773963e-21
ans = 2.144077997131590e-22
ans = 2.168247180654624e-22
ans = -6.561752380744675e-21
ans = -3.172315197323288e-21
nbcr = 7
lambda0 = 3.501084296647659
kmpl_prod = 0.180000000000000
 Time :      1.00000
 Time :      2.00000
 Time :      3.01000
 Time :      4.01000
 Time :      5.01000
 Time :      6.01000
 Time :      7.01000
 Time :      8.01000
 Time :      9.01000
 Time :     10.01000
 Time :     11.01000
 Time :     12.01000
 Time :     13.01000
 Time :     14.01000
 Time :     15.01000
 Time :     16.01000
 Time :     17.01000
 Time :     18.00000
 Time :     19.00000
 Time :     20.00000
 Time :     21.00000
 Time :     22.00000
 Time :     23.00000
 Time :     24.00000
 Time :     25.00000
 Time :     26.00000
 Time :     27.00000
 Time :     28.00000
 Time :     29.00000
 Time :     30.00000
 Time :     31.00000
 Time :     32.00000
 Time :     33.00000
 Time :     34.00000
 Time :     35.00000
dtime = 32.44684673845768
mbcr =

   0.142857142857143   0.519355485650355   0.383418680841192

agsout =

 Columns 1 through 3:

   5.620669024814049e-03   5.620669024814032e-03   5.620669024814062e-03
   7.411486909636760e-04   7.411486909636966e-04   7.411486909636187e-04
   3.409446839721585e-03   3.409446839721509e-03   3.409446839721536e-03

 Columns 4 through 6:

   5.620669024814092e-03   5.620669024814003e-03   5.620669024814083e-03
   7.411486909636071e-04   7.411486909636691e-04   7.411486909636205e-04
   3.409446839721568e-03   3.409446839721534e-03   3.409446839721542e-03

 Column 7:

   5.620669024814048e-03
   7.411486909636823e-04
   3.409446839721521e-03

ans = 5.744769354180777e-21
ans = 1.718157529849208e-21
ans = 1.189113489575605e-20
ans = 8.485322121145527e-21
ans = 1.189268585940459e-20
ans = 1.188586161935102e-20
ans = 1.188886014907153e-20
nbcr = 7
lambda0 = 3.501084296647659
kmpl_prod = 0.180000000000000
 Time :      1.00000
 Time :      2.00000
 Time :      3.01000
 Time :      4.01000
 Time :      5.01000
 Time :      6.01000
 Time :      7.01000
 Time :      8.01000
 Time :      9.01000
 Time :     10.01000
 Time :     11.01000
 Time :     12.01000
 Time :     13.01000
 Time :     14.01000
 Time :     15.01000
 Time :     16.01000
 Time :     17.01000
 Time :     18.00000
 Time :     19.00000
 Time :     20.00000
 Time :     21.00000
 Time :     22.00000
 Time :     23.00000
 Time :     24.00000
 Time :     25.00000
 Time :     26.00000
 Time :     27.00000
 Time :     28.00000
 Time :     29.00000
 Time :     30.00000
 Time :     31.00000
 Time :     32.00000
 Time :     33.00000
 Time :     34.00000
 Time :     35.00000
dtime = 32.57260546088219
mbcr =

   0.142857142857143   0.519355485650355   0.383418680841192   0.448313843014365

agsout =

 Columns 1 through 3:

   5.620669024814049e-03   5.620669024814032e-03   5.620669024814062e-03
   7.411486909636760e-04   7.411486909636966e-04   7.411486909636187e-04
   3.409446839721585e-03   3.409446839721509e-03   3.409446839721536e-03
   2.327757926388547e-03   2.327757926388561e-03   2.327757926388545e-03

 Columns 4 through 6:

   5.620669024814092e-03   5.620669024814003e-03   5.620669024814083e-03
   7.411486909636071e-04   7.411486909636691e-04   7.411486909636205e-04
   3.409446839721568e-03   3.409446839721534e-03   3.409446839721542e-03
   2.327757926388519e-03   2.327757926388563e-03   2.327757926388557e-03

 Column 7:

   5.620669024814048e-03
   7.411486909636823e-04
   3.409446839721521e-03
   2.327757926388558e-03

ans = 1.599767304677556e-21
ans = 5.679008495482812e-21
ans = 9.067140284500013e-21
ans = 9.066778392982021e-21
ans = 5.678801700329673e-21
ans = 5.678077917293689e-21
ans = 5.679732278518795e-21
nbcr = 7
lambda0 = 3.501084296647659
kmpl_prod = 0.180000000000000
 Time :      1.00000
 Time :      2.00000
 Time :      3.01000
 Time :      4.01000
 Time :      5.01000
 Time :      6.01000
 Time :      7.01000
 Time :      8.01000
 Time :      9.01000
 Time :     10.01000
 Time :     11.01000
 Time :     12.01000
 Time :     13.01000
 Time :     14.01000
 Time :     15.01000
 Time :     16.01000
 Time :     17.01000
 Time :     18.00000
 Time :     19.00000
 Time :     20.00000
 Time :     21.00000
 Time :     22.00000
 Time :     23.00000
 Time :     24.00000
 Time :     25.00000
 Time :     26.00000
 Time :     27.00000
 Time :     28.00000
 Time :     29.00000
 Time :     30.00000
 Time :     31.00000
 Time :     32.00000
 Time :     33.00000
 Time :     34.00000
 Time :     35.00000
dtime = 33.88455770909786
mbcr =

 Columns 1 through 4:

   0.142857142857143   0.519355485650355   0.383418680841192   0.448313843014365

 Column 5:

   0.526835190263225

agsout =

 Columns 1 through 3:

   5.620669024814049e-03   5.620669024814032e-03   5.620669024814062e-03
   7.411486909636760e-04   7.411486909636966e-04   7.411486909636187e-04
   3.409446839721585e-03   3.409446839721509e-03   3.409446839721536e-03
   2.327757926388547e-03   2.327757926388561e-03   2.327757926388545e-03
   9.541734857796142e-04   9.541734857795704e-04   9.541734857796171e-04

 Columns 4 through 6:

   5.620669024814092e-03   5.620669024814003e-03   5.620669024814083e-03
   7.411486909636071e-04   7.411486909636691e-04   7.411486909636205e-04
   3.409446839721568e-03   3.409446839721534e-03   3.409446839721542e-03
   2.327757926388519e-03   2.327757926388563e-03   2.327757926388557e-03
   9.541734857796431e-04   9.541734857796140e-04   9.541734857796264e-04

 Column 7:

   5.620669024814048e-03
   7.411486909636823e-04
   3.409446839721521e-03
   2.327757926388558e-03
   9.541734857795865e-04

ans = 8.020343219314156e-21
ans = 6.992416211852166e-21
ans = 1.038119423572292e-20
ans = 3.603560639798981e-21
ans = 6.994018874288987e-21
ans = 6.995027000660536e-21
ans = 1.038178877178820e-20
nbcr = 7
lambda0 = 3.501084296647659
kmpl_prod = 0.180000000000000
 Time :      1.00000
 Time :      2.00000
 Time :      3.01000
 Time :      4.01000
 Time :      5.01000
 Time :      6.01000
 Time :      7.01000
 Time :      8.01000
 Time :      9.01000
 Time :     10.01000
 Time :     11.01000
 Time :     12.01000
 Time :     13.01000
 Time :     14.01000
 Time :     15.01000
 Time :     16.01000
 Time :     17.01000
 Time :     18.00000
 Time :     19.00000
 Time :     20.00000
 Time :     21.00000
 Time :     22.00000
 Time :     23.00000
 Time :     24.00000
 Time :     25.00000
 Time :     26.00000
 Time :     27.00000
 Time :     28.00000
 Time :     29.00000
 Time :     30.00000
 Time :     31.00000
 Time :     32.00000
 Time :     33.00000
 Time :     34.00000
 Time :     35.00000
dtime = 32.15399980545044
mbcr =

 Columns 1 through 4:

   0.142857142857143   0.519355485650355   0.383418680841192   0.448313843014365

 Columns 5 and 6:

   0.526835190263225   0.474619625649797

agsout =

 Columns 1 through 3:

   5.620669024814049e-03   5.620669024814032e-03   5.620669024814062e-03
   7.411486909636760e-04   7.411486909636966e-04   7.411486909636187e-04
   3.409446839721585e-03   3.409446839721509e-03   3.409446839721536e-03
   2.327757926388547e-03   2.327757926388561e-03   2.327757926388545e-03
   9.541734857796142e-04   9.541734857795704e-04   9.541734857796171e-04
   1.844852565951220e-03   1.844852565951282e-03   1.844852565951280e-03

 Columns 4 through 6:

   5.620669024814092e-03   5.620669024814003e-03   5.620669024814083e-03
   7.411486909636071e-04   7.411486909636691e-04   7.411486909636205e-04
   3.409446839721568e-03   3.409446839721534e-03   3.409446839721542e-03
   2.327757926388519e-03   2.327757926388563e-03   2.327757926388557e-03
   9.541734857796431e-04   9.541734857796140e-04   9.541734857796264e-04
   1.844852565951296e-03   1.844852565951328e-03   1.844852565951285e-03

 Column 7:

   5.620669024814048e-03
   7.411486909636823e-04
   3.409446839721521e-03
   2.327757926388558e-03
   9.541734857795865e-04
   1.844852565951219e-03

ans = 6.083913405327519e-21
ans = 3.010834032116452e-21
ans = -3.744543235450987e-22
ans = -3.778147447835954e-22
ans = 3.018537151570852e-21
ans = -3.755916968873591e-22
ans = 3.014711441237794e-21
dkps =

 Columns 1 through 3:

   6.212965468745601e+00   7.739003064684185e+00   1.590135195381510e+01

 Columns 4 through 6:

   3.474746241642306e-01   2.725235222050896e+01   6.235283711439238e-01

nbcr = 10
lambda0 = 3.501084296647659
kmpl_prod = 0.180000000000000
 Time :      1.00000
 Time :      2.00000
 Time :      3.01000
 Time :      4.01000
 Time :      5.01000
 Time :      6.01000
 Time :      7.01000
 Time :      8.01000
 Time :      9.01000
 Time :     10.01000
 Time :     11.01000
 Time :     12.01000
 Time :     13.01000
 Time :     14.01000
 Time :     15.01000
 Time :     16.01000
 Time :     17.01000
 Time :     18.00000
 Time :     19.00000
 Time :     20.00000
 Time :     21.00000
 Time :     22.00000
 Time :     23.00000
 Time :     24.00000
 Time :     25.00000
 Time :     26.00000
 Time :     27.00000
 Time :     28.00000
 Time :     29.00000
 Time :     30.00000
 Time :     31.00000
 Time :     32.00000
 Time :     33.00000
 Time :     34.00000
 Time :     35.00000
dtime = 47.12072610855103
mbcr = 0.100000000000000
agsout =

 Columns 1 through 3:

   5.029430349229995e-03   5.029430349229977e-03   5.029430349229972e-03

 Columns 4 through 6:

   5.029430349229999e-03   5.029430349230004e-03   5.029430349229964e-03

 Columns 7 through 9:

   5.029430349230032e-03   5.029430349229953e-03   5.029430349229961e-03

 Column 10:

   5.029430349230035e-03

ans = 4.928859077473785e-21
ans = 1.573607717805566e-21
ans = -1.814524071211635e-21
ans = 1.566783477752004e-21
ans = -1.815868239707034e-21
ans = 1.600697882866678e-21
ans = -1.801185783834218e-21
ans = 1.588807161561228e-21
ans = 1.566576682598865e-21
ans = 1.574124705688412e-21
nbcr = 10
lambda0 = 3.501084296647659
kmpl_prod = 0.180000000000000
 Time :      1.00000
 Time :      2.00000
 Time :      3.01000
 Time :      4.01000
 Time :      5.01000
 Time :      6.01000
 Time :      7.01000
 Time :      8.01000
 Time :      9.01000
 Time :     10.01000
 Time :     11.01000
 Time :     12.01000
 Time :     13.01000
 Time :     14.01000
 Time :     15.01000
 Time :     16.01000
 Time :     17.01000
 Time :     18.00000
 Time :     19.00000
 Time :     20.00000
 Time :     21.00000
 Time :     22.00000
 Time :     23.00000
 Time :     24.00000
 Time :     25.00000
 Time :     26.00000
 Time :     27.00000
 Time :     28.00000
 Time :     29.00000
 Time :     30.00000
 Time :     31.00000
 Time :     32.00000
 Time :     33.00000
 Time :     34.00000
 Time :     35.00000
dtime = 46.95832505822182
mbcr =

   0.100000000000000   0.406996177095904

agsout =

 Columns 1 through 3:

   5.029430349229995e-03   5.029430349229977e-03   5.029430349229972e-03
   1.923449505291756e-03   1.923449505291804e-03   1.923449505291785e-03

 Columns 4 through 6:

   5.029430349229999e-03   5.029430349230004e-03   5.029430349229964e-03
   1.923449505291808e-03   1.923449505291759e-03   1.923449505291800e-03

 Columns 7 through 9:

   5.029430349230032e-03   5.029430349229953e-03   5.029430349229961e-03
   1.923449505291786e-03   1.923449505291759e-03   1.923449505291809e-03

 Column 10:

   5.029430349230035e-03
   1.923449505291798e-03

ans = 7.530652296682764e-21
ans = -8.204597700760343e-23
ans = -7.884065213396045e-23
ans = -6.847969797385093e-21
ans = -3.467851320551999e-21
ans = -7.113753267956038e-23
ans = -3.467282633880869e-21
ans = -8.432072369212426e-23
ans = -7.971953153479804e-23
ans = -3.460561791403876e-21
nbcr = 10
lambda0 = 3.501084296647659
kmpl_prod = 0.180000000000000
 Time :      1.00000
 Time :      2.00000
 Time :      3.01000
 Time :      4.01000
 Time :      5.01000
 Time :      6.01000
 Time :      7.01000
 Time :      8.01000
 Time :      9.01000
 Time :     10.01000
 Time :     11.01000
 Time :     12.01000
 Time :     13.01000
 Time :     14.01000
 Time :     15.01000
 Time :     16.01000
 Time :     17.01000
 Time :     18.00000
 Time :     19.00000
 Time :     20.00000
 Time :     21.00000
 Time :     22.00000
 Time :     23.00000
 Time :     24.00000
 Time :     25.00000
 Time :     26.00000
 Time :     27.00000
 Time :     28.00000
 Time :     29.00000
 Time :     30.00000
 Time :     31.00000
 Time :     32.00000
 Time :     33.00000
 Time :     34.00000
 Time :     35.00000
dtime = 47.05195762217045
mbcr =

   0.100000000000000   0.406996177095904   0.460741677174357

agsout =

 Columns 1 through 3:

   5.029430349229995e-03   5.029430349229977e-03   5.029430349229972e-03
   1.923449505291756e-03   1.923449505291804e-03   1.923449505291785e-03
   1.345735399541799e-03   1.345735399541693e-03   1.345735399541722e-03

 Columns 4 through 6:

   5.029430349229999e-03   5.029430349230004e-03   5.029430349229964e-03
   1.923449505291808e-03   1.923449505291759e-03   1.923449505291800e-03
   1.345735399541698e-03   1.345735399541736e-03   1.345735399541702e-03

 Columns 7 through 9:

   5.029430349230032e-03   5.029430349229953e-03   5.029430349229961e-03
   1.923449505291786e-03   1.923449505291759e-03   1.923449505291809e-03
   1.345735399541737e-03   1.345735399541787e-03   1.345735399541789e-03

 Column 10:

   5.029430349230035e-03
   1.923449505291798e-03
   1.345735399541788e-03

ans = 7.421464455825764e-21
ans = 1.868549304969005e-21
ans = 5.258128660058174e-21
ans = 5.256112407315076e-21
ans = 1.203165220231349e-20
ans = 8.642641533895456e-21
ans = 1.203165220231349e-20
ans = 8.642227943589179e-21
ans = 8.643055124201732e-21
ans = 8.643055124201732e-21
nbcr = 10
lambda0 = 3.501084296647659
kmpl_prod = 0.180000000000000
 Time :      1.00000
 Time :      2.00000
 Time :      3.01000
 Time :      4.01000
 Time :      5.01000
 Time :      6.01000
 Time :      7.01000
 Time :      8.01000
 Time :      9.01000
 Time :     10.01000
 Time :     11.01000
 Time :     12.01000
 Time :     13.01000
 Time :     14.01000
 Time :     15.01000
 Time :     16.01000
 Time :     17.01000
 Time :     18.00000
 Time :     19.00000
 Time :     20.00000
 Time :     21.00000
 Time :     22.00000
 Time :     23.00000
 Time :     24.00000
 Time :     25.00000
 Time :     26.00000
 Time :     27.00000
 Time :     28.00000
 Time :     29.00000
 Time :     30.00000
 Time :     31.00000
 Time :     32.00000
 Time :     33.00000
 Time :     34.00000
 Time :     35.00000
dtime = 47.12912477552891
mbcr =

   0.100000000000000   0.406996177095904   0.460741677174357   0.441573077197690

agsout =

 Columns 1 through 3:

   5.029430349229995e-03   5.029430349229977e-03   5.029430349229972e-03
   1.923449505291756e-03   1.923449505291804e-03   1.923449505291785e-03
   1.345735399541799e-03   1.345735399541693e-03   1.345735399541722e-03
   1.620359970179896e-03   1.620359970179866e-03   1.620359970179861e-03

 Columns 4 through 6:

   5.029430349229999e-03   5.029430349230004e-03   5.029430349229964e-03
   1.923449505291808e-03   1.923449505291759e-03   1.923449505291800e-03
   1.345735399541698e-03   1.345735399541736e-03   1.345735399541702e-03
   1.620359970179903e-03   1.620359970179876e-03   1.620359970179937e-03

 Columns 7 through 9:

   5.029430349230032e-03   5.029430349229953e-03   5.029430349229961e-03
   1.923449505291786e-03   1.923449505291759e-03   1.923449505291809e-03
   1.345735399541737e-03   1.345735399541787e-03   1.345735399541789e-03
   1.620359970179938e-03   1.620359970179939e-03   1.620359970179885e-03

 Column 10:

   5.029430349230035e-03
   1.923449505291798e-03
   1.345735399541788e-03
   1.620359970179884e-03

ans = 2.501394172360356e-21
ans = -3.812320346892051e-21
ans = -7.194610172833096e-21
ans = -3.811027877184937e-21
ans = -3.814388298423433e-21
ans = -3.809993901419245e-21
ans = -7.200607232274106e-21
ans = -4.213451245191985e-22
ans = 2.961978677187538e-21
ans = -4.262048106179475e-22
nbcr = 10
lambda0 = 3.501084296647659
kmpl_prod = 0.180000000000000
 Time :      1.00000
 Time :      2.00000
 Time :      3.01000
 Time :      4.01000
 Time :      5.01000
 Time :      6.01000
 Time :      7.01000
 Time :      8.01000
 Time :      9.01000
 Time :     10.01000
 Time :     11.01000
 Time :     12.01000
 Time :     13.01000
 Time :     14.01000
 Time :     15.01000
 Time :     16.01000
 Time :     17.01000
 Time :     18.00000
 Time :     19.00000
 Time :     20.00000
 Time :     21.00000
 Time :     22.00000
 Time :     23.00000
 Time :     24.00000
 Time :     25.00000
 Time :     26.00000
 Time :     27.00000
 Time :     28.00000
 Time :     29.00000
 Time :     30.00000
 Time :     31.00000
 Time :     32.00000
 Time :     33.00000
 Time :     34.00000
 Time :     35.00000
dtime = 51.66738219559193
mbcr =

 Columns 1 through 4:

   0.100000000000000   0.406996177095904   0.460741677174357   0.441573077197690

 Column 5:

   0.533021801954619

agsout =

 Columns 1 through 3:

   5.029430349229995e-03   5.029430349229977e-03   5.029430349229972e-03
   1.923449505291756e-03   1.923449505291804e-03   1.923449505291785e-03
   1.345735399541799e-03   1.345735399541693e-03   1.345735399541722e-03
   1.620359970179896e-03   1.620359970179866e-03   1.620359970179861e-03
   2.396416822674591e-04   2.396416822674931e-04   2.396416822674910e-04

 Columns 4 through 6:

   5.029430349229999e-03   5.029430349230004e-03   5.029430349229964e-03
   1.923449505291808e-03   1.923449505291759e-03   1.923449505291800e-03
   1.345735399541698e-03   1.345735399541736e-03   1.345735399541702e-03
   1.620359970179903e-03   1.620359970179876e-03   1.620359970179937e-03
   2.396416822674329e-04   2.396416822675165e-04   2.396416822674094e-04

 Columns 7 through 9:

   5.029430349230032e-03   5.029430349229953e-03   5.029430349229961e-03
   1.923449505291786e-03   1.923449505291759e-03   1.923449505291809e-03
   1.345735399541737e-03   1.345735399541787e-03   1.345735399541789e-03
   1.620359970179938e-03   1.620359970179939e-03   1.620359970179885e-03
   2.396416822674281e-04   2.396416822674374e-04   2.396416822674333e-04

 Column 10:

   5.029430349230035e-03
   1.923449505291798e-03
   1.345735399541788e-03
   1.620359970179884e-03
   2.396416822674313e-04

ans = 1.228197773518735e-20
ans = 3.999595976278617e-22
ans = 4.000032184804768e-22
ans = -6.376345985672022e-21
ans = -2.988314363057122e-21
ans = -2.988353137148336e-21
ans = -2.988228736939026e-21
ans = -2.988168960215072e-21
ans = -2.988130186123858e-21
ans = 3.999660599763973e-22
nbcr = 10
lambda0 = 3.501084296647659
kmpl_prod = 0.180000000000000
 Time :      1.00000
 Time :      2.00000
 Time :      3.01000
 Time :      4.01000
 Time :      5.01000
 Time :      6.01000
 Time :      7.01000
 Time :      8.01000
 Time :      9.01000
 Time :     10.01000
 Time :     11.01000
 Time :     12.01000
 Time :     13.01000
 Time :     14.01000
 Time :     15.01000
 Time :     16.01000
 Time :     17.01000
 Time :     18.00000
 Time :     19.00000
 Time :     20.00000
 Time :     21.00000
 Time :     22.00000
 Time :     23.00000
 Time :     24.00000
 Time :     25.00000
 Time :     26.00000
 Time :     27.00000
 Time :     28.00000
 Time :     29.00000
 Time :     30.00000
 Time :     31.00000
 Time :     32.00000
 Time :     33.00000
 Time :     34.00000
 Time :     35.00000
dtime = 47.54787124693394
mbcr =

 Columns 1 through 4:

   0.100000000000000   0.406996177095904   0.460741677174357   0.441573077197690

 Columns 5 and 6:

   0.533021801954619   0.461578069425002

agsout =

 Columns 1 through 3:

   5.029430349229995e-03   5.029430349229977e-03   5.029430349229972e-03
   1.923449505291756e-03   1.923449505291804e-03   1.923449505291785e-03
   1.345735399541799e-03   1.345735399541693e-03   1.345735399541722e-03
   1.620359970179896e-03   1.620359970179866e-03   1.620359970179861e-03
   2.396416822674591e-04   2.396416822674931e-04   2.396416822674910e-04
   1.295158757615986e-03   1.295158757616036e-03   1.295158757616092e-03

 Columns 4 through 6:

   5.029430349229999e-03   5.029430349230004e-03   5.029430349229964e-03
   1.923449505291808e-03   1.923449505291759e-03   1.923449505291800e-03
   1.345735399541698e-03   1.345735399541736e-03   1.345735399541702e-03
   1.620359970179903e-03   1.620359970179876e-03   1.620359970179937e-03
   2.396416822674329e-04   2.396416822675165e-04   2.396416822674094e-04
   1.295158757616027e-03   1.295158757616031e-03   1.295158757616012e-03

 Columns 7 through 9:

   5.029430349230032e-03   5.029430349229953e-03   5.029430349229961e-03
   1.923449505291786e-03   1.923449505291759e-03   1.923449505291809e-03
   1.345735399541737e-03   1.345735399541787e-03   1.345735399541789e-03
   1.620359970179938e-03   1.620359970179939e-03   1.620359970179885e-03
   2.396416822674281e-04   2.396416822674374e-04   2.396416822674333e-04
   1.295158757616053e-03   1.295158757616066e-03   1.295158757616072e-03

 Column 10:

   5.029430349230035e-03
   1.923449505291798e-03
   1.345735399541788e-03
   1.620359970179884e-03
   2.396416822674313e-04
   1.295158757616062e-03

ans = 1.167979024924875e-21
ans = -5.372770723079195e-21
ans = -1.985828006192539e-21
ans = -5.374347536121874e-21
ans = -5.371400705189654e-21
ans = -8.760230427848697e-21
ans = -1.984768181032705e-21
ans = -1.980942470699648e-21
ans = -1.980580579181656e-21
ans = -8.757128500551623e-21
dkps =

 Columns 1 through 3:

   9.393764692867919e+00   9.206438465196766e-01   5.893197418292955e+00

 Columns 4 through 6:

   1.454354335834158e+00   4.877892722425629e+01   4.609086684293802e+00

nbcr = 15
lambda0 = 3.501084296647659
kmpl_prod = 0.180000000000000
 Time :      1.00000
 Time :      2.00000
 Time :      3.01000
 Time :      4.01000
 Time :      5.01000
 Time :      6.01000
 Time :      7.01000
 Time :      8.01000
 Time :      9.01000
 Time :     10.01000
 Time :     11.01000
 Time :     12.01000
 Time :     13.01000
 Time :     14.01000
 Time :     15.01000
 Time :     16.01000
 Time :     17.01000
 Time :     18.00000
 Time :     19.00000
 Time :     20.00000
 Time :     21.00000
 Time :     22.00000
 Time :     23.00000
 Time :     24.00000
 Time :     25.00000
 Time :     26.00000
 Time :     27.00000
 Time :     28.00000
 Time :     29.00000
 Time :     30.00000
 Time :     31.00000
 Time :     32.00000
 Time :     33.00000
 Time :     34.00000
 Time :     35.00000
dtime = 73.38004857301712
mbcr = 6.666666666666668e-02
agsout =

 Columns 1 through 3:

   4.569552949878814e-03   4.569552949878831e-03   4.569552949878833e-03

 Columns 4 through 6:

   4.569552949878796e-03   4.569552949878840e-03   4.569552949878881e-03

 Columns 7 through 9:

   4.569552949878880e-03   4.569552949878877e-03   4.569552949878877e-03

 Columns 10 through 12:

   4.569552949878822e-03   4.569552949878877e-03   4.569552949878876e-03

 Columns 13 through 15:

   4.569552949878876e-03   4.569552949878882e-03   4.569552949878877e-03

ans = 1.879664544450186e-21
ans = 7.093694138101627e-21
ans = 3.702046831481075e-21
ans = 3.699358494490278e-21
ans = 7.090799005957691e-21
ans = 7.076530140391152e-21
ans = 3.023345138881316e-22
ans = 3.693361435049269e-21
ans = 3.688398351373950e-21
ans = 3.698738109030863e-21
ans = 7.081493224066470e-21
ans = 3.693361435049269e-21
ans = 3.688398351373950e-21
ans = 7.078184501616258e-21
ans = 7.081493224066470e-21
nbcr = 15
lambda0 = 3.501084296647659
kmpl_prod = 0.180000000000000
 Time :      1.00000
 Time :      2.00000
 Time :      3.01000
 Time :      4.01000
 Time :      5.01000
 Time :      6.01000
 Time :      7.01000
 Time :      8.01000
 Time :      9.01000
 Time :     10.01000
 Time :     11.01000
 Time :     12.01000
 Time :     13.01000
 Time :     14.01000
 Time :     15.01000
 Time :     16.01000
 Time :     17.01000
 Time :     18.00000
 Time :     19.00000
 Time :     20.00000
 Time :     21.00000
 Time :     22.00000
 Time :     23.00000
 Time :     24.00000
 Time :     25.00000
 Time :     26.00000
 Time :     27.00000
 Time :     28.00000
 Time :     29.00000
 Time :     30.00000
 Time :     31.00000
 Time :     32.00000
 Time :     33.00000
 Time :     34.00000
 Time :     35.00000
dtime = 73.25336448848248
mbcr =

   6.666666666666668e-02   3.451149634168784e-01

agsout =

 Columns 1 through 3:

   4.569552949878814e-03   4.569552949878831e-03   4.569552949878833e-03
   2.239008759637143e-03   2.239008759637158e-03   2.239008759637122e-03

 Columns 4 through 6:

   4.569552949878796e-03   4.569552949878840e-03   4.569552949878881e-03
   2.239008759637097e-03   2.239008759637102e-03   2.239008759637090e-03

 Columns 7 through 9:

   4.569552949878880e-03   4.569552949878877e-03   4.569552949878877e-03
   2.239008759637155e-03   2.239008759637106e-03   2.239008759637129e-03

 Columns 10 through 12:

   4.569552949878822e-03   4.569552949878877e-03   4.569552949878876e-03
   2.239008759637107e-03   2.239008759637117e-03   2.239008759637057e-03

 Columns 13 through 15:

   4.569552949878876e-03   4.569552949878882e-03   4.569552949878877e-03
   2.239008759637093e-03   2.239008759637093e-03   2.239008759637087e-03

ans = 4.508134338414001e-22
ans = 1.892072253638482e-21
ans = 5.279066669313423e-21
ans = 8.673815903231048e-21
ans = 5.279893849925976e-21
ans = -1.494508571730183e-21
ans = 5.282478789340204e-21
ans = 1.887315965116302e-21
ans = 5.271311851070738e-21
ans = 5.281341415997943e-21
ans = 8.670507180780836e-21
ans = 5.279273464466561e-21
ans = 5.280100645079114e-21
ans = 5.280100645079114e-21
ans = 1.204705844122230e-20
nbcr = 15
lambda0 = 3.501084296647659
kmpl_prod = 0.180000000000000
 Time :      1.00000
 Time :      2.00000
 Time :      3.01000
 Time :      4.01000
 Time :      5.01000
 Time :      6.01000
 Time :      7.01000
 Time :      8.01000
 Time :      9.01000
 Time :     10.01000
 Time :     11.01000
 Time :     12.01000
 Time :     13.01000
 Time :     14.01000
 Time :     15.01000
 Time :     16.01000
 Time :     17.01000
 Time :     18.00000
 Time :     19.00000
 Time :     20.00000
 Time :     21.00000
 Time :     22.00000
 Time :     23.00000
 Time :     24.00000
 Time :     25.00000
 Time :     26.00000
 Time :     27.00000
 Time :     28.00000
 Time :     29.00000
 Time :     30.00000
 Time :     31.00000
 Time :     32.00000
 Time :     33.00000
 Time :     34.00000
 Time :     35.00000
dtime = 80.73662705719471
mbcr =

   6.666666666666668e-02   3.451149634168784e-01   4.831164691709830e-01

agsout =

 Columns 1 through 3:

   4.569552949878814e-03   4.569552949878831e-03   4.569552949878833e-03
   2.239008759637143e-03   2.239008759637158e-03   2.239008759637122e-03
   4.922997014117104e-04   4.922997014116467e-04   4.922997014117227e-04

 Columns 4 through 6:

   4.569552949878796e-03   4.569552949878840e-03   4.569552949878881e-03
   2.239008759637097e-03   2.239008759637102e-03   2.239008759637090e-03
   4.922997014116763e-04   4.922997014116382e-04   4.922997014116360e-04

 Columns 7 through 9:

   4.569552949878880e-03   4.569552949878877e-03   4.569552949878877e-03
   2.239008759637155e-03   2.239008759637106e-03   2.239008759637129e-03
   4.922997014116225e-04   4.922997014117078e-04   4.922997014116310e-04

 Columns 10 through 12:

   4.569552949878822e-03   4.569552949878877e-03   4.569552949878876e-03
   2.239008759637107e-03   2.239008759637117e-03   2.239008759637057e-03
   4.922997014116783e-04   4.922997014116412e-04   4.922997014116410e-04

 Columns 13 through 15:

   4.569552949878876e-03   4.569552949878882e-03   4.569552949878877e-03
   2.239008759637093e-03   2.239008759637093e-03   2.239008759637087e-03
   4.922997014116413e-04   4.922997014117207e-04   4.922997014116551e-04

ans = 1.233491729439075e-20
ans = 5.975475196900645e-22
ans = 7.371743146193085e-21
ans = 5.964876945302309e-22
ans = 5.977672395402739e-22
ans = 3.985420814765843e-21
ans = 7.372945143020701e-21
ans = 3.985459588857056e-21
ans = 3.985007224459567e-21
ans = 3.984309290817725e-21
ans = 5.974958209017799e-22
ans = 3.985937802648689e-21
ans = 3.986079974316471e-21
ans = 7.372143811802290e-21
ans = 3.985459588857056e-21
nbcr = 15
lambda0 = 3.501084296647659
kmpl_prod = 0.180000000000000
 Time :      1.00000
 Time :      2.00000
 Time :      3.01000
 Time :      4.01000
 Time :      5.01000
 Time :      6.01000
 Time :      7.01000
 Time :      8.01000
 Time :      9.01000
 Time :     10.01000
 Time :     11.01000
 Time :     12.01000
 Time :     13.01000
 Time :     14.01000
 Time :     15.01000
 Time :     16.01000
 Time :     17.01000
 Time :     18.00000
 Time :     19.00000
 Time :     20.00000
 Time :     21.00000
 Time :     22.00000
 Time :     23.00000
 Time :     24.00000
 Time :     25.00000
 Time :     26.00000
 Time :     27.00000
 Time :     28.00000
 Time :     29.00000
 Time :     30.00000
 Time :     31.00000
 Time :     32.00000
 Time :     33.00000
 Time :     34.00000
 Time :     35.00000
dtime = 79.44836206734180
mbcr =

 Columns 1 through 3:

   6.666666666666668e-02   3.451149634168784e-01   4.831164691709830e-01

 Column 4:

   4.654386818981116e-01

agsout =

 Columns 1 through 3:

   4.569552949878814e-03   4.569552949878831e-03   4.569552949878833e-03
   2.239008759637143e-03   2.239008759637158e-03   2.239008759637122e-03
   4.922997014117104e-04   4.922997014116467e-04   4.922997014117227e-04
   6.410923996967934e-04   6.410923996968544e-04   6.410923996968779e-04

 Columns 4 through 6:

   4.569552949878796e-03   4.569552949878840e-03   4.569552949878881e-03
   2.239008759637097e-03   2.239008759637102e-03   2.239008759637090e-03
   4.922997014116763e-04   4.922997014116382e-04   4.922997014116360e-04
   6.410923996967992e-04   6.410923996968292e-04   6.410923996968617e-04

 Columns 7 through 9:

   4.569552949878880e-03   4.569552949878877e-03   4.569552949878877e-03
   2.239008759637155e-03   2.239008759637106e-03   2.239008759637129e-03
   4.922997014116225e-04   4.922997014117078e-04   4.922997014116310e-04
   6.410923996968346e-04   6.410923996968480e-04   6.410923996968778e-04

 Columns 10 through 12:

   4.569552949878822e-03   4.569552949878877e-03   4.569552949878876e-03
   2.239008759637107e-03   2.239008759637117e-03   2.239008759637057e-03
   4.922997014116783e-04   4.922997014116412e-04   4.922997014116410e-04
   6.410923996969010e-04   6.410923996968977e-04   6.410923996968221e-04

 Columns 13 through 15:

   4.569552949878876e-03   4.569552949878882e-03   4.569552949878877e-03
   2.239008759637093e-03   2.239008759637093e-03   2.239008759637087e-03
   4.922997014116413e-04   4.922997014117207e-04   4.922997014116551e-04
   6.410923996968661e-04   6.410923996968572e-04   6.410923996968379e-04

ans = 1.884648307640818e-20
ans = 7.526529318317070e-21
ans = 4.138630173847149e-21
ans = 1.430430508590880e-20
ans = 1.091484205309327e-20
ans = 1.091437676399871e-20
ans = 1.091530734218783e-20
ans = 1.091427336642214e-20
ans = 1.091484205309327e-20
ans = 1.091650933901544e-20
ans = 7.528002733783180e-21
ans = 1.091692292932172e-20
ans = 1.430102221285273e-20
ans = 1.091445431218113e-20
ans = 7.526645640590710e-21
nbcr = 15
lambda0 = 3.501084296647659
kmpl_prod = 0.180000000000000
 Time :      1.00000
 Time :      2.00000
 Time :      3.01000
 Time :      4.01000
 Time :      5.01000
 Time :      6.01000
 Time :      7.01000
 Time :      8.01000
 Time :      9.01000
 Time :     10.01000
 Time :     11.01000
 Time :     12.01000
 Time :     13.01000
 Time :     14.01000
 Time :     15.01000
 Time :     16.01000
 Time :     17.01000
 Time :     18.00000
 Time :     19.00000
 Time :     20.00000
 Time :     21.00000
 Time :     22.00000
 Time :     23.00000
 Time :     24.00000
 Time :     25.00000
 Time :     26.00000
 Time :     27.00000
 Time :     28.00000
 Time :     29.00000
 Time :     30.00000
 Time :     31.00000
 Time :     32.00000
 Time :     33.00000
 Time :     34.00000
 Time :     35.00000
dtime = 80.91211393475533
mbcr =

 Columns 1 through 3:

   6.666666666666668e-02   3.451149634168784e-01   4.831164691709830e-01

 Columns 4 and 5:

   4.654386818981116e-01   4.889563943951484e-01

agsout =

 Columns 1 through 3:

   4.569552949878814e-03   4.569552949878831e-03   4.569552949878833e-03
   2.239008759637143e-03   2.239008759637158e-03   2.239008759637122e-03
   4.922997014117104e-04   4.922997014116467e-04   4.922997014117227e-04
   6.410923996967934e-04   6.410923996968544e-04   6.410923996968779e-04
   3.702366610162526e-04   3.702366610161969e-04   3.702366610162126e-04

 Columns 4 through 6:

   4.569552949878796e-03   4.569552949878840e-03   4.569552949878881e-03
   2.239008759637097e-03   2.239008759637102e-03   2.239008759637090e-03
   4.922997014116763e-04   4.922997014116382e-04   4.922997014116360e-04
   6.410923996967992e-04   6.410923996968292e-04   6.410923996968617e-04
   3.702366610162069e-04   3.702366610162867e-04   3.702366610162372e-04

 Columns 7 through 9:

   4.569552949878880e-03   4.569552949878877e-03   4.569552949878877e-03
   2.239008759637155e-03   2.239008759637106e-03   2.239008759637129e-03
   4.922997014116225e-04   4.922997014117078e-04   4.922997014116310e-04
   6.410923996968346e-04   6.410923996968480e-04   6.410923996968778e-04
   3.702366610162188e-04   3.702366610162153e-04   3.702366610162562e-04

 Columns 10 through 12:

   4.569552949878822e-03   4.569552949878877e-03   4.569552949878876e-03
   2.239008759637107e-03   2.239008759637117e-03   2.239008759637057e-03
   4.922997014116783e-04   4.922997014116412e-04   4.922997014116410e-04
   6.410923996969010e-04   6.410923996968977e-04   6.410923996968221e-04
   3.702366610162755e-04   3.702366610162558e-04   3.702366610162703e-04

 Columns 13 through 15:

   4.569552949878876e-03   4.569552949878882e-03   4.569552949878877e-03
   2.239008759637093e-03   2.239008759637093e-03   2.239008759637087e-03
   4.922997014116413e-04   4.922997014117207e-04   4.922997014116551e-04
   6.410923996968661e-04   6.410923996968572e-04   6.410923996968379e-04
   3.702366610162609e-04   3.702366610162558e-04   3.702366610162562e-04

ans = 1.101142831430590e-20
ans = 7.670497518992510e-21
ans = 4.282333418232631e-21
ans = 1.105849359869046e-20
ans = 1.105870039384360e-20
ans = 7.671124366800461e-21
ans = 1.105864869505532e-20
ans = 1.105844189990218e-20
ans = 7.671066205663640e-21
ans = 7.670452282552761e-21
ans = 7.671053280966569e-21
ans = 7.670491056643975e-21
ans = 7.671085592709247e-21
ans = 7.671137291497532e-21
ans = 7.671027431572427e-21
nbcr = 15
lambda0 = 3.501084296647659
kmpl_prod = 0.180000000000000
 Time :      1.00000
 Time :      2.00000
 Time :      3.01000
 Time :      4.01000
 Time :      5.01000
 Time :      6.01000
 Time :      7.01000
 Time :      8.01000
 Time :      9.01000
 Time :     10.01000
 Time :     11.01000
 Time :     12.01000
 Time :     13.01000
 Time :     14.01000
 Time :     15.01000
 Time :     16.01000
 Time :     17.01000
 Time :     18.00000
 Time :     19.00000
 Time :     20.00000
 Time :     21.00000
 Time :     22.00000
 Time :     23.00000
 Time :     24.00000
 Time :     25.00000
 Time :     26.00000
 Time :     27.00000
 Time :     28.00000
 Time :     29.00000
 Time :     30.00000
 Time :     31.00000
 Time :     32.00000
 Time :     33.00000
 Time :     34.00000
 Time :     35.00000
dtime = 49.23486672341824
mbcr =

 Columns 1 through 3:

   6.666666666666668e-02   3.451149634168784e-01   4.831164691709830e-01

 Columns 4 through 6:

   4.654386818981116e-01   4.889563943951484e-01   3.820420465128694e-01

agsout =

 Columns 1 through 3:

   4.569552949878814e-03   4.569552949878831e-03   4.569552949878833e-03
   2.239008759637143e-03   2.239008759637158e-03   2.239008759637122e-03
   4.922997014117104e-04   4.922997014116467e-04   4.922997014117227e-04
   6.410923996967934e-04   6.410923996968544e-04   6.410923996968779e-04
   3.702366610162526e-04   3.702366610161969e-04   3.702366610162126e-04
   2.015050521220799e-03   2.015050521220844e-03   2.015050521220789e-03

 Columns 4 through 6:

   4.569552949878796e-03   4.569552949878840e-03   4.569552949878881e-03
   2.239008759637097e-03   2.239008759637102e-03   2.239008759637090e-03
   4.922997014116763e-04   4.922997014116382e-04   4.922997014116360e-04
   6.410923996967992e-04   6.410923996968292e-04   6.410923996968617e-04
   3.702366610162069e-04   3.702366610162867e-04   3.702366610162372e-04
   2.015050521220858e-03   2.015050521220830e-03   2.015050521220820e-03

 Columns 7 through 9:

   4.569552949878880e-03   4.569552949878877e-03   4.569552949878877e-03
   2.239008759637155e-03   2.239008759637106e-03   2.239008759637129e-03
   4.922997014116225e-04   4.922997014117078e-04   4.922997014116310e-04
   6.410923996968346e-04   6.410923996968480e-04   6.410923996968778e-04
   3.702366610162188e-04   3.702366610162153e-04   3.702366610162562e-04
   2.015050521220833e-03   2.015050521220813e-03   2.015050521220829e-03

 Columns 10 through 12:

   4.569552949878822e-03   4.569552949878877e-03   4.569552949878876e-03
   2.239008759637107e-03   2.239008759637117e-03   2.239008759637057e-03
   4.922997014116783e-04   4.922997014116412e-04   4.922997014116410e-04
   6.410923996969010e-04   6.410923996968977e-04   6.410923996968221e-04
   3.702366610162755e-04   3.702366610162558e-04   3.702366610162703e-04
   2.015050521220845e-03   2.015050521220804e-03   2.015050521220842e-03

 Columns 13 through 15:

   4.569552949878876e-03   4.569552949878882e-03   4.569552949878877e-03
   2.239008759637093e-03   2.239008759637093e-03   2.239008759637087e-03
   4.922997014116413e-04   4.922997014117207e-04   4.922997014116551e-04
   6.410923996968661e-04   6.410923996968572e-04   6.410923996968379e-04
   3.702366610162609e-04   3.702366610162558e-04   3.702366610162562e-04
   2.015050521220836e-03   2.015050521220843e-03   2.015050521220836e-03

ans = 2.785944303078597e-21
ans = -2.292117477384440e-21
ans = -2.285086442177739e-21
ans = 4.484559690956240e-21
ans = -2.289842730699919e-21
ans = 1.098185660740713e-21
ans = 1.106354069289675e-21
ans = 1.096117709209331e-21
ans = 1.097978865587575e-21
ans = 4.488695594019005e-21
ans = 4.480630583046613e-21
ans = 4.485800461875069e-21
ans = 4.481664558812304e-21
ans = 4.485800461875069e-21
ans = -2.294702416798668e-21
