warning: function /home/surgeon/flu/amcode/perelson21/1d2agt/4paper/2submit/run.m shadows a core library function
warning: called from
    driver at line 1 column 1

lambda0 = 3.501084296647659
kmpl_prod = 0.180000000000000
dkps =

 Columns 1 through 3:

   2.129867556613248e+01   8.538479834309674e+00   1.733555629984056e+02

 Columns 4 through 6:

   9.066840333636166e+01   1.347293364339626e-01   7.050691779850885e+00

nbcr = 2
lambda0 = 3.501084296647659
kmpl_prod = 0.180000000000000
 Time :      1.00000
 Time :      2.00000
 Time :      3.01000
 Time :      4.01000
 Time :      5.01000
 Time :      6.01000
 Time :      7.01000
 Time :      8.01000
 Time :      9.01000
 Time :     10.01000
 Time :     11.01000
 Time :     12.01000
 Time :     13.01000
 Time :     14.01000
 Time :     15.01000
 Time :     16.01000
 Time :     17.01000
 Time :     18.00000
 Time :     19.00000
 Time :     20.00000
 Time :     21.00000
 Time :     22.00000
 Time :     23.00000
 Time :     24.00000
 Time :     25.00000
 Time :     26.00000
 Time :     27.00000
 Time :     28.00000
 Time :     29.00000
 Time :     30.00000
 Time :     31.00000
 Time :     32.00000
 Time :     33.00000
 Time :     34.00000
 Time :     35.00000
dtime = 5.089169740676880
mbcr = 0.500000000000000
agsout =

   1.321377885238757e-02   1.321377885238757e-02

ans = -2.660628055863947e-21
ans = 6.174906503882619e-21
nbcr = 2
lambda0 = 3.501084296647659
kmpl_prod = 0.180000000000000
 Time :      1.00000
 Time :      2.00000
 Time :      3.01000
 Time :      4.01000
 Time :      5.01000
 Time :      6.01000
 Time :      7.01000
 Time :      8.01000
 Time :      9.01000
 Time :     10.01000
 Time :     11.01000
 Time :     12.01000
 Time :     13.01000
 Time :     14.01000
 Time :     15.01000
 Time :     16.01000
 Time :     17.01000
 Time :     18.00000
 Time :     19.00000
 Time :     20.00000
 Time :     21.00000
 Time :     22.00000
 Time :     23.00000
 Time :     24.00000
 Time :     25.00000
 Time :     26.00000
 Time :     27.00000
 Time :     28.00000
 Time :     29.00000
 Time :     30.00000
 Time :     31.00000
 Time :     32.00000
 Time :     33.00000
 Time :     34.00000
 Time :     35.00000
dtime = 5.160593613982201
mbcr =

   0.500000000000000   0.539972693963671

agsout =

   1.321377885238757e-02   1.321377885238757e-02
   6.128462147265237e-03   1.324956677319892e-02

ans = 9.694388758059560e-21
ans = 1.435855003951638e-20
nbcr = 2
lambda0 = 3.501084296647659
kmpl_prod = 0.180000000000000
 Time :      1.00000
 Time :      2.00000
 Time :      3.01000
 Time :      4.01000
 Time :      5.01000
 Time :      6.01000
 Time :      7.01000
 Time :      8.01000
 Time :      9.01000
 Time :     10.01000
 Time :     11.01000
 Time :     12.01000
 Time :     13.01000
 Time :     14.01000
 Time :     15.01000
 Time :     16.01000
 Time :     17.01000
 Time :     18.00000
 Time :     19.00000
 Time :     20.00000
 Time :     21.00000
 Time :     22.00000
 Time :     23.00000
 Time :     24.00000
 Time :     25.00000
 Time :     26.00000
 Time :     27.00000
 Time :     28.00000
 Time :     29.00000
 Time :     30.00000
 Time :     31.00000
 Time :     32.00000
 Time :     33.00000
 Time :     34.00000
 Time :     35.00000
dtime = 5.181384086608887
mbcr =

   0.500000000000000   0.539972693963671   0.540925323450295

agsout =

   1.321377885238757e-02   1.321377885238757e-02
   6.128462147265237e-03   1.324956677319892e-02
   2.614500897944112e-03   1.317044597178591e-02

ans = 3.762741208927154e-21
ans = 3.622130198315942e-21
nbcr = 2
lambda0 = 3.501084296647659
kmpl_prod = 0.180000000000000
 Time :      1.00000
 Time :      2.00000
 Time :      3.01000
 Time :      4.01000
 Time :      5.01000
 Time :      6.01000
 Time :      7.01000
 Time :      8.01000
 Time :      9.01000
 Time :     10.01000
 Time :     11.01000
 Time :     12.01000
 Time :     13.01000
 Time :     14.01000
 Time :     15.01000
 Time :     16.01000
 Time :     17.01000
 Time :     18.00000
 Time :     19.00000
 Time :     20.00000
 Time :     21.00000
 Time :     22.00000
 Time :     23.00000
 Time :     24.00000
 Time :     25.00000
 Time :     26.00000
 Time :     27.00000
 Time :     28.00000
 Time :     29.00000
 Time :     30.00000
 Time :     31.00000
 Time :     32.00000
 Time :     33.00000
 Time :     34.00000
 Time :     35.00000
dtime = 5.043273791670799
mbcr =

   0.500000000000000   0.539972693963671   0.540925323450295   0.538926352659843

agsout =

   1.321377885238757e-02   1.321377885238757e-02
   6.128462147265237e-03   1.324956677319892e-02
   2.614500897944112e-03   1.317044597178591e-02
   7.233976537066620e-03   1.326022752834778e-02

ans = 2.861359910488705e-21
ans = 4.923294995384658e-21
nbcr = 2
lambda0 = 3.501084296647659
kmpl_prod = 0.180000000000000
 Time :      1.00000
 Time :      2.00000
 Time :      3.01000
 Time :      4.01000
 Time :      5.01000
 Time :      6.01000
 Time :      7.01000
 Time :      8.01000
 Time :      9.01000
 Time :     10.01000
 Time :     11.01000
 Time :     12.01000
 Time :     13.01000
 Time :     14.01000
 Time :     15.01000
 Time :     16.01000
 Time :     17.01000
 Time :     18.00000
 Time :     19.00000
 Time :     20.00000
 Time :     21.00000
 Time :     22.00000
 Time :     23.00000
 Time :     24.00000
 Time :     25.00000
 Time :     26.00000
 Time :     27.00000
 Time :     28.00000
 Time :     29.00000
 Time :     30.00000
 Time :     31.00000
 Time :     32.00000
 Time :     33.00000
 Time :     34.00000
 Time :     35.00000
dtime = 5.124454200267792
mbcr =

 Columns 1 through 4:

   0.500000000000000   0.539972693963671   0.540925323450295   0.538926352659843

 Column 5:

   0.529246110709586

agsout =

   1.321377885238757e-02   1.321377885238757e-02
   6.128462147265237e-03   1.324956677319892e-02
   2.614500897944112e-03   1.317044597178591e-02
   7.233976537066620e-03   1.326022752834778e-02
   9.156998290765266e-03   1.326785056408116e-02

ans = -2.648632321394795e-21
ans = -1.056558442648836e-21
nbcr = 2
lambda0 = 3.501084296647659
kmpl_prod = 0.180000000000000
 Time :      1.00000
 Time :      2.00000
 Time :      3.01000
 Time :      4.01000
 Time :      5.01000
 Time :      6.01000
 Time :      7.01000
 Time :      8.01000
 Time :      9.01000
 Time :     10.01000
 Time :     11.01000
 Time :     12.01000
 Time :     13.01000
 Time :     14.01000
 Time :     15.01000
 Time :     16.01000
 Time :     17.01000
 Time :     18.00000
 Time :     19.00000
 Time :     20.00000
 Time :     21.00000
 Time :     22.00000
 Time :     23.00000
 Time :     24.00000
 Time :     25.00000
 Time :     26.00000
 Time :     27.00000
 Time :     28.00000
 Time :     29.00000
 Time :     30.00000
 Time :     31.00000
 Time :     32.00000
 Time :     33.00000
 Time :     34.00000
 Time :     35.00000
dtime = 5.576071143150330
mbcr =

 Columns 1 through 4:

   0.500000000000000   0.539972693963671   0.540925323450295   0.538926352659843

 Columns 5 and 6:

   0.529246110709586   0.523653703005471

agsout =

   1.321377885238757e-02   1.321377885238757e-02
   6.128462147265237e-03   1.324956677319892e-02
   2.614500897944112e-03   1.317044597178591e-02
   7.233976537066620e-03   1.326022752834778e-02
   9.156998290765266e-03   1.326785056408116e-02
   2.671430294399763e-04   1.293113685711504e-02

ans = -4.393983413881683e-21
ans = 7.963371154624567e-21
dkps =

 Columns 1 through 3:

   1.939410811944708e-01   1.212793699529533e+01   7.728811273836062e+00

 Columns 4 through 6:

   2.336817897967640e+00   1.437821302743711e+02   4.700189629926897e+01

nbcr = 3
lambda0 = 3.501084296647659
kmpl_prod = 0.180000000000000
 Time :      1.00000
 Time :      2.00000
 Time :      3.01000
 Time :      4.01000
 Time :      5.01000
 Time :      6.01000
 Time :      7.01000
 Time :      8.01000
 Time :      9.01000
 Time :     10.01000
 Time :     11.01000
 Time :     12.01000
 Time :     13.01000
 Time :     14.01000
 Time :     15.01000
 Time :     16.01000
 Time :     17.01000
 Time :     18.00000
 Time :     19.00000
 Time :     20.00000
 Time :     21.00000
 Time :     22.00000
 Time :     23.00000
 Time :     24.00000
 Time :     25.00000
 Time :     26.00000
 Time :     27.00000
 Time :     28.00000
 Time :     29.00000
 Time :     30.00000
 Time :     31.00000
 Time :     32.00000
 Time :     33.00000
 Time :     34.00000
 Time :     35.00000
dtime = 12.48748004436493
mbcr = 0.333333333333333
agsout =

   1.071449975371288e-02   1.071449975371288e-02   1.071449975371288e-02

ans = -2.776638521187376e-21
ans = -6.012116713097330e-22
ans = -5.993505149314887e-22
nbcr = 3
lambda0 = 3.501084296647659
kmpl_prod = 0.180000000000000
 Time :      1.00000
 Time :      2.00000
 Time :      3.01000
 Time :      4.01000
 Time :      5.01000
 Time :      6.01000
 Time :      7.01000
 Time :      8.01000
 Time :      9.01000
 Time :     10.01000
 Time :     11.01000
 Time :     12.01000
 Time :     13.01000
 Time :     14.01000
 Time :     15.01000
 Time :     16.01000
 Time :     17.01000
 Time :     18.00000
 Time :     19.00000
 Time :     20.00000
 Time :     21.00000
 Time :     22.00000
 Time :     23.00000
 Time :     24.00000
 Time :     25.00000
 Time :     26.00000
 Time :     27.00000
 Time :     28.00000
 Time :     29.00000
 Time :     30.00000
 Time :     31.00000
 Time :     32.00000
 Time :     33.00000
 Time :     34.00000
 Time :     35.00000
dtime = 12.66448572278023
mbcr =

   0.333333333333333   0.369978997414659

agsout =

   1.071449975371288e-02   1.071449975371288e-02   1.071449975371288e-02
   2.825383931034399e-04   1.055903451291535e-02   1.055903451291536e-02

ans = 1.217609861678057e-21
ans = 1.069549701909893e-20
ans = 1.408611681230233e-20
nbcr = 3
lambda0 = 3.501084296647659
kmpl_prod = 0.180000000000000
 Time :      1.00000
 Time :      2.00000
 Time :      3.01000
 Time :      4.01000
 Time :      5.01000
 Time :      6.01000
 Time :      7.01000
 Time :      8.01000
 Time :      9.01000
 Time :     10.01000
 Time :     11.01000
 Time :     12.01000
 Time :     13.01000
 Time :     14.01000
 Time :     15.01000
 Time :     16.01000
 Time :     17.01000
 Time :     18.00000
 Time :     19.00000
 Time :     20.00000
 Time :     21.00000
 Time :     22.00000
 Time :     23.00000
 Time :     24.00000
 Time :     25.00000
 Time :     26.00000
 Time :     27.00000
 Time :     28.00000
 Time :     29.00000
 Time :     30.00000
 Time :     31.00000
 Time :     32.00000
 Time :     33.00000
 Time :     34.00000
 Time :     35.00000
dtime = 12.23682761192322
mbcr =

   0.333333333333333   0.369978997414659   0.364456076077575

agsout =

   1.071449975371288e-02   1.071449975371288e-02   1.071449975371288e-02
   2.825383931034399e-04   1.055903451291535e-02   1.055903451291536e-02
   6.430919128399595e-04   1.060606158400527e-02   1.060606158400526e-02

ans = 7.985601633586929e-21
ans = -5.519666367641249e-21
ans = -2.131754298474257e-21
nbcr = 3
lambda0 = 3.501084296647659
kmpl_prod = 0.180000000000000
 Time :      1.00000
 Time :      2.00000
 Time :      3.01000
 Time :      4.01000
 Time :      5.01000
 Time :      6.01000
 Time :      7.01000
 Time :      8.01000
 Time :      9.01000
 Time :     10.01000
 Time :     11.01000
 Time :     12.01000
 Time :     13.01000
 Time :     14.01000
 Time :     15.01000
 Time :     16.01000
 Time :     17.01000
 Time :     18.00000
 Time :     19.00000
 Time :     20.00000
 Time :     21.00000
 Time :     22.00000
 Time :     23.00000
 Time :     24.00000
 Time :     25.00000
 Time :     26.00000
 Time :     27.00000
 Time :     28.00000
 Time :     29.00000
 Time :     30.00000
 Time :     31.00000
 Time :     32.00000
 Time :     33.00000
 Time :     34.00000
 Time :     35.00000
dtime = 11.96674257516861
mbcr =

   0.333333333333333   0.369978997414659   0.364456076077575   0.371957417361836

agsout =

   1.071449975371288e-02   1.071449975371288e-02   1.071449975371288e-02
   2.825383931034399e-04   1.055903451291535e-02   1.055903451291536e-02
   6.430919128399595e-04   1.060606158400527e-02   1.060606158400526e-02
   8.112936618177956e-04   1.062290937342604e-02   1.062290937342604e-02

ans = 9.793818452627848e-21
ans = 5.625157745135902e-21
ans = 5.624828165360588e-21
nbcr = 3
lambda0 = 3.501084296647659
kmpl_prod = 0.180000000000000
 Time :      1.00000
 Time :      2.00000
 Time :      3.01000
 Time :      4.01000
 Time :      5.01000
 Time :      6.01000
 Time :      7.01000
 Time :      8.01000
 Time :      9.01000
 Time :     10.01000
 Time :     11.01000
 Time :     12.01000
 Time :     13.01000
 Time :     14.01000
 Time :     15.01000
 Time :     16.01000
 Time :     17.01000
 Time :     18.00000
 Time :     19.00000
 Time :     20.00000
 Time :     21.00000
 Time :     22.00000
 Time :     23.00000
 Time :     24.00000
 Time :     25.00000
 Time :     26.00000
 Time :     27.00000
 Time :     28.00000
 Time :     29.00000
 Time :     30.00000
 Time :     31.00000
 Time :     32.00000
 Time :     33.00000
 Time :     34.00000
 Time :     35.00000
dtime = 12.18276433646679
mbcr =

 Columns 1 through 4:

   0.333333333333333   0.369978997414659   0.364456076077575   0.371957417361836

 Column 5:

   0.369302275686491

agsout =

   1.071449975371288e-02   1.071449975371288e-02   1.071449975371288e-02
   2.825383931034399e-04   1.055903451291535e-02   1.055903451291536e-02
   6.430919128399595e-04   1.060606158400527e-02   1.060606158400526e-02
   8.112936618177956e-04   1.062290937342604e-02   1.062290937342604e-02
   3.682435161104341e-04   1.057067504485090e-02   1.057067504485090e-02

ans = -3.891057601449442e-21
ans = -1.968534761511352e-21
ans = -5.356324046056168e-21
nbcr = 3
lambda0 = 3.501084296647659
kmpl_prod = 0.180000000000000
 Time :      1.00000
 Time :      2.00000
 Time :      3.01000
 Time :      4.01000
 Time :      5.01000
 Time :      6.01000
 Time :      7.01000
 Time :      8.01000
 Time :      9.01000
 Time :     10.01000
 Time :     11.01000
 Time :     12.01000
 Time :     13.01000
 Time :     14.01000
 Time :     15.01000
 Time :     16.01000
 Time :     17.01000
 Time :     18.00000
 Time :     19.00000
 Time :     20.00000
 Time :     21.00000
 Time :     22.00000
 Time :     23.00000
 Time :     24.00000
 Time :     25.00000
 Time :     26.00000
 Time :     27.00000
 Time :     28.00000
 Time :     29.00000
 Time :     30.00000
 Time :     31.00000
 Time :     32.00000
 Time :     33.00000
 Time :     34.00000
 Time :     35.00000
dtime = 11.82695254683495
mbcr =

 Columns 1 through 4:

   0.333333333333333   0.369978997414659   0.364456076077575   0.371957417361836

 Columns 5 and 6:

   0.369302275686491   0.366980022452788

agsout =

   1.071449975371288e-02   1.071449975371288e-02   1.071449975371288e-02
   2.825383931034399e-04   1.055903451291535e-02   1.055903451291536e-02
   6.430919128399595e-04   1.060606158400527e-02   1.060606158400526e-02
   8.112936618177956e-04   1.062290937342604e-02   1.062290937342604e-02
   3.682435161104341e-04   1.057067504485090e-02   1.057067504485090e-02
   2.817561493268790e-03   1.074950216264146e-02   1.074950216264147e-02

ans = 5.366541019090905e-21
ans = 2.471719067885016e-22
ans = -6.529065821851759e-21
dkps =

 Columns 1 through 3:

   1.175845721363629e+01   1.866313018649918e+01   2.069171762030883e+02

 Columns 4 through 6:

   5.035187525138948e+01   6.945319185591610e+00   4.733775940267412e+01

nbcr = 4
lambda0 = 3.501084296647659
kmpl_prod = 0.180000000000000
 Time :      1.00000
 Time :      2.00000
 Time :      3.01000
 Time :      4.01000
 Time :      5.01000
 Time :      6.01000
 Time :      7.01000
 Time :      8.01000
 Time :      9.01000
 Time :     10.01000
 Time :     11.01000
 Time :     12.01000
 Time :     13.01000
 Time :     14.01000
 Time :     15.01000
 Time :     16.01000
 Time :     17.01000
 Time :     18.00000
 Time :     19.00000
 Time :     20.00000
 Time :     21.00000
 Time :     22.00000
 Time :     23.00000
 Time :     24.00000
 Time :     25.00000
 Time :     26.00000
 Time :     27.00000
 Time :     28.00000
 Time :     29.00000
 Time :     30.00000
 Time :     31.00000
 Time :     32.00000
 Time :     33.00000
 Time :     34.00000
 Time :     35.00000
dtime = 18.13972257077694
mbcr = 0.250000000000000
agsout =

 Columns 1 through 3:

   9.250531836489721e-03   9.250531836489724e-03   9.250531836489724e-03

 Column 4:

   9.250531836489722e-03

ans = -4.355296564373490e-21
ans = 3.362915705031405e-21
ans = 3.363600713976176e-21
ans = -2.520315928872506e-23
nbcr = 4
lambda0 = 3.501084296647659
kmpl_prod = 0.180000000000000
 Time :      1.00000
 Time :      2.00000
 Time :      3.01000
 Time :      4.01000
 Time :      5.01000
 Time :      6.01000
 Time :      7.01000
 Time :      8.01000
 Time :      9.01000
 Time :     10.01000
 Time :     11.01000
 Time :     12.01000
 Time :     13.01000
 Time :     14.01000
 Time :     15.01000
 Time :     16.01000
 Time :     17.01000
 Time :     18.00000
 Time :     19.00000
 Time :     20.00000
 Time :     21.00000
 Time :     22.00000
 Time :     23.00000
 Time :     24.00000
 Time :     25.00000
 Time :     26.00000
 Time :     27.00000
 Time :     28.00000
 Time :     29.00000
 Time :     30.00000
 Time :     31.00000
 Time :     32.00000
 Time :     33.00000
 Time :     34.00000
 Time :     35.00000
dtime = 18.22988502681255
mbcr =

   0.250000000000000   0.289984352097840

agsout =

 Columns 1 through 3:

   9.250531836489721e-03   9.250531836489724e-03   9.250531836489724e-03
   2.209987061214165e-03   9.305980217595709e-03   9.305980217595712e-03

 Column 4:

   9.250531836489722e-03
   9.305980217595714e-03

ans = 7.774877372539045e-21
ans = -1.019939544672025e-21
ans = -1.019280385121397e-21
ans = 2.369717358599571e-21
nbcr = 4
lambda0 = 3.501084296647659
kmpl_prod = 0.180000000000000
 Time :      1.00000
 Time :      2.00000
 Time :      3.01000
 Time :      4.01000
 Time :      5.01000
 Time :      6.01000
 Time :      7.01000
 Time :      8.01000
 Time :      9.01000
 Time :     10.01000
 Time :     11.01000
 Time :     12.01000
 Time :     13.01000
 Time :     14.01000
 Time :     15.01000
 Time :     16.01000
 Time :     17.01000
 Time :     18.00000
 Time :     19.00000
 Time :     20.00000
 Time :     21.00000
 Time :     22.00000
 Time :     23.00000
 Time :     24.00000
 Time :     25.00000
 Time :     26.00000
 Time :     27.00000
 Time :     28.00000
 Time :     29.00000
 Time :     30.00000
 Time :     31.00000
 Time :     32.00000
 Time :     33.00000
 Time :     34.00000
 Time :     35.00000
dtime = 18.43014545738697
mbcr =

   0.250000000000000   0.289984352097840   0.295209950738358

agsout =

 Columns 1 through 3:

   9.250531836489721e-03   9.250531836489724e-03   9.250531836489724e-03
   2.209987061214165e-03   9.305980217595709e-03   9.305980217595712e-03
   1.489653545345050e-03   9.295784024474694e-03   9.295784024474689e-03

 Column 4:

   9.250531836489722e-03
   9.305980217595714e-03
   9.295784024474693e-03

ans = -4.069728613760896e-22
ans = 8.803592786522376e-21
ans = 8.802985325760032e-21
ans = 1.219154362978058e-20
nbcr = 4
lambda0 = 3.501084296647659
kmpl_prod = 0.180000000000000
 Time :      1.00000
 Time :      2.00000
 Time :      3.01000
 Time :      4.01000
 Time :      5.01000
 Time :      6.01000
 Time :      7.01000
 Time :      8.01000
 Time :      9.01000
 Time :     10.01000
 Time :     11.01000
 Time :     12.01000
 Time :     13.01000
 Time :     14.01000
 Time :     15.01000
 Time :     16.01000
 Time :     17.01000
 Time :     18.00000
 Time :     19.00000
 Time :     20.00000
 Time :     21.00000
 Time :     22.00000
 Time :     23.00000
 Time :     24.00000
 Time :     25.00000
 Time :     26.00000
 Time :     27.00000
 Time :     28.00000
 Time :     29.00000
 Time :     30.00000
 Time :     31.00000
 Time :     32.00000
 Time :     33.00000
 Time :     34.00000
 Time :     35.00000
dtime = 18.04351508617401
mbcr =

   0.250000000000000   0.289984352097840   0.295209950738358   0.279775071776024

agsout =

 Columns 1 through 3:

   9.250531836489721e-03   9.250531836489724e-03   9.250531836489724e-03
   2.209987061214165e-03   9.305980217595709e-03   9.305980217595712e-03
   1.489653545345050e-03   9.295784024474694e-03   9.295784024474689e-03
   4.727475432463078e-03   9.316188400082210e-03   9.316188400082208e-03

 Column 4:

   9.250531836489722e-03
   9.305980217595714e-03
   9.295784024474693e-03
   9.316188400082210e-03

ans = 7.547661198028386e-21
ans = 3.366366599149400e-22
ans = -3.051727773649542e-21
ans = -3.051443430313977e-21
nbcr = 4
lambda0 = 3.501084296647659
kmpl_prod = 0.180000000000000
 Time :      1.00000
 Time :      2.00000
 Time :      3.01000
 Time :      4.01000
 Time :      5.01000
 Time :      6.01000
 Time :      7.01000
 Time :      8.01000
 Time :      9.01000
 Time :     10.01000
 Time :     11.01000
 Time :     12.01000
 Time :     13.01000
 Time :     14.01000
 Time :     15.01000
 Time :     16.01000
 Time :     17.01000
 Time :     18.00000
 Time :     19.00000
 Time :     20.00000
 Time :     21.00000
 Time :     22.00000
 Time :     23.00000
 Time :     24.00000
 Time :     25.00000
 Time :     26.00000
 Time :     27.00000
 Time :     28.00000
 Time :     29.00000
 Time :     30.00000
 Time :     31.00000
 Time :     32.00000
 Time :     33.00000
 Time :     34.00000
 Time :     35.00000
dtime = 18.12857799232006
mbcr =

 Columns 1 through 4:

   0.250000000000000   0.289984352097840   0.295209950738358   0.279775071776024

 Column 5:

   0.288794107990303

agsout =

 Columns 1 through 3:

   9.250531836489721e-03   9.250531836489724e-03   9.250531836489724e-03
   2.209987061214165e-03   9.305980217595709e-03   9.305980217595712e-03
   1.489653545345050e-03   9.295784024474694e-03   9.295784024474689e-03
   4.727475432463078e-03   9.316188400082210e-03   9.316188400082208e-03
   3.561127737807172e-03   9.317747489216195e-03   9.317747489216198e-03

 Column 4:

   9.250531836489722e-03
   9.305980217595714e-03
   9.295784024474693e-03
   9.316188400082210e-03
   9.317747489216195e-03

ans = -8.582929433426784e-21
ans = 8.061973668580302e-21
ans = 1.145029932805357e-20
ans = 1.144962724380587e-20
nbcr = 4
lambda0 = 3.501084296647659
kmpl_prod = 0.180000000000000
 Time :      1.00000
 Time :      2.00000
 Time :      3.01000
 Time :      4.01000
 Time :      5.01000
 Time :      6.01000
 Time :      7.01000
 Time :      8.01000
 Time :      9.01000
 Time :     10.01000
 Time :     11.01000
 Time :     12.01000
 Time :     13.01000
 Time :     14.01000
 Time :     15.01000
 Time :     16.01000
 Time :     17.01000
 Time :     18.00000
 Time :     19.00000
 Time :     20.00000
 Time :     21.00000
 Time :     22.00000
 Time :     23.00000
 Time :     24.00000
 Time :     25.00000
 Time :     26.00000
 Time :     27.00000
 Time :     28.00000
 Time :     29.00000
 Time :     30.00000
 Time :     31.00000
 Time :     32.00000
 Time :     33.00000
 Time :     34.00000
 Time :     35.00000
dtime = 18.41379068791866
mbcr =

 Columns 1 through 4:

   0.250000000000000   0.289984352097840   0.295209950738358   0.279775071776024

 Columns 5 and 6:

   0.288794107990303   0.292135526909180

agsout =

 Columns 1 through 3:

   9.250531836489721e-03   9.250531836489724e-03   9.250531836489724e-03
   2.209987061214165e-03   9.305980217595709e-03   9.305980217595712e-03
   1.489653545345050e-03   9.295784024474694e-03   9.295784024474689e-03
   4.727475432463078e-03   9.316188400082210e-03   9.316188400082208e-03
   3.561127737807172e-03   9.317747489216195e-03   9.317747489216198e-03
   1.097222962038997e-03   9.258264271139970e-03   9.258264271139972e-03

 Column 4:

   9.250531836489722e-03
   9.305980217595714e-03
   9.295784024474693e-03
   9.316188400082210e-03
   9.317747489216195e-03
   9.258264271139970e-03

ans = -6.220398206398768e-22
ans = 1.753558275127063e-21
ans = 8.528464759968996e-21
ans = 8.528464759968996e-21
dkps =

 Columns 1 through 3:

   1.015258102730999e+01   5.814202959012429e+01   1.098243989578561e+01

 Columns 4 through 6:

   5.344379527984901e+00   8.707574296229132e+01   8.266637383124218e+01

nbcr = 5
lambda0 = 3.501084296647659
kmpl_prod = 0.180000000000000
 Time :      1.00000
 Time :      2.00000
 Time :      3.01000
 Time :      4.01000
 Time :      5.01000
 Time :      6.01000
 Time :      7.01000
 Time :      8.01000
 Time :      9.01000
 Time :     10.01000
 Time :     11.01000
 Time :     12.01000
 Time :     13.01000
 Time :     14.01000
 Time :     15.01000
 Time :     16.01000
 Time :     17.01000
 Time :     18.00000
 Time :     19.00000
 Time :     20.00000
 Time :     21.00000
 Time :     22.00000
 Time :     23.00000
 Time :     24.00000
 Time :     25.00000
 Time :     26.00000
 Time :     27.00000
 Time :     28.00000
 Time :     29.00000
 Time :     30.00000
 Time :     31.00000
 Time :     32.00000
 Time :     33.00000
 Time :     34.00000
 Time :     35.00000
dtime = 23.04634451866150
mbcr = 0.200000000000000
agsout =

 Columns 1 through 3:

   8.291247961309936e-03   8.291247961309929e-03   8.291247961309929e-03

 Columns 4 and 5:

   8.291247961309931e-03   8.291247961309931e-03

ans = 3.485719714252852e-21
ans = 9.887212313663913e-21
ans = 9.887212313663913e-21
ans = -2.772089027818334e-22
ans = 3.110948735629510e-21
nbcr = 5
lambda0 = 3.501084296647659
kmpl_prod = 0.180000000000000
 Time :      1.00000
 Time :      2.00000
 Time :      3.01000
 Time :      4.01000
 Time :      5.01000
 Time :      6.01000
 Time :      7.01000
 Time :      8.01000
 Time :      9.01000
 Time :     10.01000
 Time :     11.01000
 Time :     12.01000
 Time :     13.01000
 Time :     14.01000
 Time :     15.01000
 Time :     16.01000
 Time :     17.01000
 Time :     18.00000
 Time :     19.00000
 Time :     20.00000
 Time :     21.00000
 Time :     22.00000
 Time :     23.00000
 Time :     24.00000
 Time :     25.00000
 Time :     26.00000
 Time :     27.00000
 Time :     28.00000
 Time :     29.00000
 Time :     30.00000
 Time :     31.00000
 Time :     32.00000
 Time :     33.00000
 Time :     34.00000
 Time :     35.00000
dtime = 23.06765802204609
mbcr =

   0.200000000000000   0.237709112598059

agsout =

 Columns 1 through 3:

   8.291247961309936e-03   8.291247961309929e-03   8.291247961309929e-03
   1.718011688773047e-03   8.347600269788449e-03   8.347600269788445e-03

 Columns 4 and 5:

   8.291247961309931e-03   8.291247961309931e-03
   8.347600269788443e-03   8.347600269788442e-03

ans = 8.838424845129101e-22
ans = 1.190054407522384e-21
ans = 7.963345305230424e-21
ans = 4.574774076512804e-21
ans = 1.187081727196022e-21
nbcr = 5
lambda0 = 3.501084296647659
kmpl_prod = 0.180000000000000
 Time :      1.00000
 Time :      2.00000
 Time :      3.01000
 Time :      4.01000
 Time :      5.01000
 Time :      6.01000
 Time :      7.01000
 Time :      8.01000
 Time :      9.01000
 Time :     10.01000
 Time :     11.01000
 Time :     12.01000
 Time :     13.01000
 Time :     14.01000
 Time :     15.01000
 Time :     16.01000
 Time :     17.01000
 Time :     18.00000
 Time :     19.00000
 Time :     20.00000
 Time :     21.00000
 Time :     22.00000
 Time :     23.00000
 Time :     24.00000
 Time :     25.00000
 Time :     26.00000
 Time :     27.00000
 Time :     28.00000
 Time :     29.00000
 Time :     30.00000
 Time :     31.00000
 Time :     32.00000
 Time :     33.00000
 Time :     34.00000
 Time :     35.00000
dtime = 23.12935553491116
mbcr =

   0.200000000000000   0.237709112598059   0.240144022520523

agsout =

 Columns 1 through 3:

   8.291247961309936e-03   8.291247961309929e-03   8.291247961309929e-03
   1.718011688773047e-03   8.347600269788449e-03   8.347600269788445e-03
   1.998377082426400e-03   8.372302549017044e-03   8.372302549017045e-03

 Columns 4 and 5:

   8.291247961309931e-03   8.291247961309931e-03
   8.347600269788443e-03   8.347600269788442e-03
   8.372302549017045e-03   8.372302549017045e-03

ans = -2.928632958743994e-21
ans = 9.057343364120088e-21
ans = 9.059075273527621e-21
ans = 5.672235954217534e-21
ans = 1.244674177345026e-20
nbcr = 5
lambda0 = 3.501084296647659
kmpl_prod = 0.180000000000000
 Time :      1.00000
 Time :      2.00000
 Time :      3.01000
 Time :      4.01000
 Time :      5.01000
 Time :      6.01000
 Time :      7.01000
 Time :      8.01000
 Time :      9.01000
 Time :     10.01000
 Time :     11.01000
 Time :     12.01000
 Time :     13.01000
 Time :     14.01000
 Time :     15.01000
 Time :     16.01000
 Time :     17.01000
 Time :     18.00000
 Time :     19.00000
 Time :     20.00000
 Time :     21.00000
 Time :     22.00000
 Time :     23.00000
 Time :     24.00000
 Time :     25.00000
 Time :     26.00000
 Time :     27.00000
 Time :     28.00000
 Time :     29.00000
 Time :     30.00000
 Time :     31.00000
 Time :     32.00000
 Time :     33.00000
 Time :     34.00000
 Time :     35.00000
dtime = 23.29146489500999
mbcr =

   0.200000000000000   0.237709112598059   0.240144022520523   0.242224499319979

agsout =

 Columns 1 through 3:

   8.291247961309936e-03   8.291247961309929e-03   8.291247961309929e-03
   1.718011688773047e-03   8.347600269788449e-03   8.347600269788445e-03
   1.998377082426400e-03   8.372302549017044e-03   8.372302549017045e-03
   1.049055581719502e-03   8.321855627423469e-03   8.321855627423463e-03

 Columns 4 and 5:

   8.291247961309931e-03   8.291247961309931e-03
   8.347600269788443e-03   8.347600269788442e-03
   8.372302549017045e-03   8.372302549017045e-03
   8.321855627423465e-03   8.321855627423465e-03

ans = 5.891180322602663e-21
ans = 2.241943803354270e-21
ans = -1.149651804477997e-21
ans = 5.626999514468540e-21
ans = -1.147971593858749e-21
nbcr = 5
lambda0 = 3.501084296647659
kmpl_prod = 0.180000000000000
 Time :      1.00000
 Time :      2.00000
 Time :      3.01000
 Time :      4.01000
 Time :      5.01000
 Time :      6.01000
 Time :      7.01000
 Time :      8.01000
 Time :      9.01000
 Time :     10.01000
 Time :     11.01000
 Time :     12.01000
 Time :     13.01000
 Time :     14.01000
 Time :     15.01000
 Time :     16.01000
 Time :     17.01000
 Time :     18.00000
 Time :     19.00000
 Time :     20.00000
 Time :     21.00000
 Time :     22.00000
 Time :     23.00000
 Time :     24.00000
 Time :     25.00000
 Time :     26.00000
 Time :     27.00000
 Time :     28.00000
 Time :     29.00000
 Time :     30.00000
 Time :     31.00000
 Time :     32.00000
 Time :     33.00000
 Time :     34.00000
 Time :     35.00000
dtime = 23.18042144179344
mbcr =

 Columns 1 through 4:

   0.200000000000000   0.237709112598059   0.240144022520523   0.242224499319979

 Column 5:

   0.243321460933457

agsout =

 Columns 1 through 3:

   8.291247961309936e-03   8.291247961309929e-03   8.291247961309929e-03
   1.718011688773047e-03   8.347600269788449e-03   8.347600269788445e-03
   1.998377082426400e-03   8.372302549017044e-03   8.372302549017045e-03
   1.049055581719502e-03   8.321855627423469e-03   8.321855627423463e-03
   4.932366308168230e-04   8.266155128137834e-03   8.266155128137838e-03

 Columns 4 and 5:

   8.291247961309931e-03   8.291247961309931e-03
   8.347600269788443e-03   8.347600269788442e-03
   8.372302549017045e-03   8.372302549017045e-03
   8.321855627423465e-03   8.321855627423465e-03
   8.266155128137838e-03   8.266155128137840e-03

ans = 6.061579528788587e-21
ans = -5.370392578818105e-21
ans = -5.369074259716849e-21
ans = -8.757671337828611e-21
ans = -5.369565398205552e-21
nbcr = 5
lambda0 = 3.501084296647659
kmpl_prod = 0.180000000000000
 Time :      1.00000
 Time :      2.00000
 Time :      3.01000
 Time :      4.01000
 Time :      5.01000
 Time :      6.01000
 Time :      7.01000
 Time :      8.01000
 Time :      9.01000
 Time :     10.01000
 Time :     11.01000
 Time :     12.01000
 Time :     13.01000
 Time :     14.01000
 Time :     15.01000
 Time :     16.01000
 Time :     17.01000
 Time :     18.00000
 Time :     19.00000
 Time :     20.00000
 Time :     21.00000
 Time :     22.00000
 Time :     23.00000
 Time :     24.00000
 Time :     25.00000
 Time :     26.00000
 Time :     27.00000
 Time :     28.00000
 Time :     29.00000
 Time :     30.00000
 Time :     31.00000
 Time :     32.00000
 Time :     33.00000
 Time :     34.00000
 Time :     35.00000
dtime = 22.90778160095215
mbcr =

 Columns 1 through 4:

   0.200000000000000   0.237709112598059   0.240144022520523   0.242224499319979

 Columns 5 and 6:

   0.243321460933457   0.232456549890065

agsout =

 Columns 1 through 3:

   8.291247961309936e-03   8.291247961309929e-03   8.291247961309929e-03
   1.718011688773047e-03   8.347600269788449e-03   8.347600269788445e-03
   1.998377082426400e-03   8.372302549017044e-03   8.372302549017045e-03
   1.049055581719502e-03   8.321855627423469e-03   8.321855627423463e-03
   4.932366308168230e-04   8.266155128137834e-03   8.266155128137838e-03
   2.016923087404944e-03   8.354482089211931e-03   8.354482089211929e-03

 Columns 4 and 5:

   8.291247961309931e-03   8.291247961309931e-03
   8.347600269788443e-03   8.347600269788442e-03
   8.372302549017045e-03   8.372302549017045e-03
   8.321855627423465e-03   8.321855627423465e-03
   8.266155128137838e-03   8.266155128137840e-03
   8.354482089211933e-03   8.354482089211931e-03

ans = -2.095998124026945e-21
ans = 4.502964459585544e-22
ans = -2.936517023957391e-21
ans = 3.840625433477850e-21
ans = 4.525453432489330e-22
dkps =

 Columns 1 through 3:

   5.358693656706816e+00   4.785433101099609e+00   3.412948366580718e+00

 Columns 4 through 6:

   4.849515751456698e+01   3.419835759239449e+01   7.005155500520695e+00

nbcr = 7
lambda0 = 3.501084296647659
kmpl_prod = 0.180000000000000
 Time :      1.00000
 Time :      2.00000
 Time :      3.01000
 Time :      4.01000
 Time :      5.01000
 Time :      6.01000
 Time :      7.01000
 Time :      8.01000
 Time :      9.01000
 Time :     10.01000
 Time :     11.01000
 Time :     12.01000
 Time :     13.01000
 Time :     14.01000
 Time :     15.01000
 Time :     16.01000
 Time :     17.01000
 Time :     18.00000
 Time :     19.00000
 Time :     20.00000
 Time :     21.00000
 Time :     22.00000
 Time :     23.00000
 Time :     24.00000
 Time :     25.00000
 Time :     26.00000
 Time :     27.00000
 Time :     28.00000
 Time :     29.00000
 Time :     30.00000
 Time :     31.00000
 Time :     32.00000
 Time :     33.00000
 Time :     34.00000
 Time :     35.00000
dtime = 32.35313370823860
mbcr = 0.142857142857143
agsout =

 Columns 1 through 3:

   7.111159764089462e-03   7.111159764089466e-03   7.111159764089465e-03

 Columns 4 through 6:

   7.111159764089462e-03   7.111159764089463e-03   7.111159764089464e-03

 Column 7:

   7.111159764089462e-03

ans = 1.564069291367064e-21
ans = 1.101579686191595e-20
ans = 4.243953530279878e-21
ans = 4.239119693575271e-21
ans = 4.239533283881547e-21
ans = 7.627716771687033e-21
ans = 4.241730482383641e-21
nbcr = 7
lambda0 = 3.501084296647659
kmpl_prod = 0.180000000000000
 Time :      1.00000
 Time :      2.00000
 Time :      3.01000
 Time :      4.01000
 Time :      5.01000
 Time :      6.01000
 Time :      7.01000
 Time :      8.01000
 Time :      9.01000
 Time :     10.01000
 Time :     11.01000
 Time :     12.01000
 Time :     13.01000
 Time :     14.01000
 Time :     15.01000
 Time :     16.01000
 Time :     17.01000
 Time :     18.00000
 Time :     19.00000
 Time :     20.00000
 Time :     21.00000
 Time :     22.00000
 Time :     23.00000
 Time :     24.00000
 Time :     25.00000
 Time :     26.00000
 Time :     27.00000
 Time :     28.00000
 Time :     29.00000
 Time :     30.00000
 Time :     31.00000
 Time :     32.00000
 Time :     33.00000
 Time :     34.00000
 Time :     35.00000
dtime = 32.57417455315590
mbcr =

   0.142857142857143   0.180497905098845

agsout =

 Columns 1 through 3:

   7.111159764089462e-03   7.111159764089466e-03   7.111159764089465e-03
   8.451930849224243e-04   7.151745797150160e-03   7.151745797150160e-03

 Columns 4 through 6:

   7.111159764089462e-03   7.111159764089463e-03   7.111159764089464e-03
   7.151745797150162e-03   7.151745797150163e-03   7.151745797150163e-03

 Column 7:

   7.111159764089462e-03
   7.151745797150162e-03

ans = -2.858736196983264e-21
ans = 1.919860352341435e-21
ans = 1.919239966882020e-21
ans = 1.919446762035158e-21
ans = 1.921592261748968e-21
ans = 1.919369213852732e-21
ans = 1.921980002661102e-21
nbcr = 7
lambda0 = 3.501084296647659
kmpl_prod = 0.180000000000000
 Time :      1.00000
 Time :      2.00000
 Time :      3.01000
 Time :      4.01000
 Time :      5.01000
 Time :      6.01000
 Time :      7.01000
 Time :      8.01000
 Time :      9.01000
 Time :     10.01000
 Time :     11.01000
 Time :     12.01000
 Time :     13.01000
 Time :     14.01000
 Time :     15.01000
 Time :     16.01000
 Time :     17.01000
 Time :     18.00000
 Time :     19.00000
 Time :     20.00000
 Time :     21.00000
 Time :     22.00000
 Time :     23.00000
 Time :     24.00000
 Time :     25.00000
 Time :     26.00000
 Time :     27.00000
 Time :     28.00000
 Time :     29.00000
 Time :     30.00000
 Time :     31.00000
 Time :     32.00000
 Time :     33.00000
 Time :     34.00000
 Time :     35.00000
dtime = 32.72733204066753
mbcr =

   0.142857142857143   0.180497905098845   0.188272934078511

agsout =

 Columns 1 through 3:

   7.111159764089462e-03   7.111159764089466e-03   7.111159764089465e-03
   8.451930849224243e-04   7.151745797150160e-03   7.151745797150160e-03
   3.393695969110537e-04   7.098241871621189e-03   7.098241871621194e-03

 Columns 4 through 6:

   7.111159764089462e-03   7.111159764089463e-03   7.111159764089464e-03
   7.151745797150162e-03   7.151745797150163e-03   7.151745797150163e-03
   7.098241871621198e-03   7.098241871621194e-03   7.098241871621198e-03

 Column 7:

   7.111159764089462e-03
   7.151745797150162e-03
   7.098241871621196e-03

ans = -1.012469069764906e-21
ans = -5.090831381169324e-21
ans = 1.684036329581395e-21
ans = -1.704043760647522e-21
ans = -1.705749820660912e-21
ans = -1.702854688516977e-21
ans = 1.682381968356289e-21
nbcr = 7
lambda0 = 3.501084296647659
kmpl_prod = 0.180000000000000
 Time :      1.00000
 Time :      2.00000
 Time :      3.01000
 Time :      4.01000
 Time :      5.01000
 Time :      6.01000
 Time :      7.01000
 Time :      8.01000
 Time :      9.01000
 Time :     10.01000
 Time :     11.01000
 Time :     12.01000
 Time :     13.01000
 Time :     14.01000
 Time :     15.01000
 Time :     16.01000
 Time :     17.01000
 Time :     18.00000
 Time :     19.00000
 Time :     20.00000
 Time :     21.00000
 Time :     22.00000
 Time :     23.00000
 Time :     24.00000
 Time :     25.00000
 Time :     26.00000
 Time :     27.00000
 Time :     28.00000
 Time :     29.00000
 Time :     30.00000
 Time :     31.00000
 Time :     32.00000
 Time :     33.00000
 Time :     34.00000
 Time :     35.00000
dtime = 33.00289884209633
mbcr =

   0.142857142857143   0.180497905098845   0.188272934078511   0.185951173533078

agsout =

 Columns 1 through 3:

   7.111159764089462e-03   7.111159764089466e-03   7.111159764089465e-03
   8.451930849224243e-04   7.151745797150160e-03   7.151745797150160e-03
   3.393695969110537e-04   7.098241871621189e-03   7.098241871621194e-03
   1.801954974961846e-04   7.050429251775705e-03   7.050429251775707e-03

 Columns 4 through 6:

   7.111159764089462e-03   7.111159764089463e-03   7.111159764089464e-03
   7.151745797150162e-03   7.151745797150163e-03   7.151745797150163e-03
   7.098241871621198e-03   7.098241871621194e-03   7.098241871621198e-03
   7.050429251775704e-03   7.050429251775707e-03   7.050429251775704e-03

 Column 7:

   7.111159764089462e-03
   7.151745797150162e-03
   7.098241871621196e-03
   7.050429251775702e-03

ans = -7.887994321305672e-21
ans = 6.994432464595264e-21
ans = 3.608420325897730e-21
ans = 1.038380502453129e-20
ans = 6.994846054901540e-21
ans = 6.994380765806979e-21
ans = 6.994846054901540e-21
nbcr = 7
lambda0 = 3.501084296647659
kmpl_prod = 0.180000000000000
 Time :      1.00000
 Time :      2.00000
 Time :      3.01000
 Time :      4.01000
 Time :      5.01000
 Time :      6.01000
 Time :      7.01000
 Time :      8.01000
 Time :      9.01000
 Time :     10.01000
 Time :     11.01000
 Time :     12.01000
 Time :     13.01000
 Time :     14.01000
 Time :     15.01000
 Time :     16.01000
 Time :     17.01000
 Time :     18.00000
 Time :     19.00000
 Time :     20.00000
 Time :     21.00000
 Time :     22.00000
 Time :     23.00000
 Time :     24.00000
 Time :     25.00000
 Time :     26.00000
 Time :     27.00000
 Time :     28.00000
 Time :     29.00000
 Time :     30.00000
 Time :     31.00000
 Time :     32.00000
 Time :     33.00000
 Time :     34.00000
 Time :     35.00000
dtime = 32.53056183457375
mbcr =

 Columns 1 through 4:

   0.142857142857143   0.180497905098845   0.188272934078511   0.185951173533078

 Column 5:

   0.175873012684594

agsout =

 Columns 1 through 3:

   7.111159764089462e-03   7.111159764089466e-03   7.111159764089465e-03
   8.451930849224243e-04   7.151745797150160e-03   7.151745797150160e-03
   3.393695969110537e-04   7.098241871621189e-03   7.098241871621194e-03
   1.801954974961846e-04   7.050429251775705e-03   7.050429251775707e-03
   8.737096594608492e-04   7.133267458859539e-03   7.133267458859541e-03

 Columns 4 through 6:

   7.111159764089462e-03   7.111159764089463e-03   7.111159764089464e-03
   7.151745797150162e-03   7.151745797150163e-03   7.151745797150163e-03
   7.098241871621198e-03   7.098241871621194e-03   7.098241871621198e-03
   7.050429251775704e-03   7.050429251775707e-03   7.050429251775704e-03
   7.133267458859538e-03   7.133267458859536e-03   7.133267458859532e-03

 Column 7:

   7.111159764089462e-03
   7.151745797150162e-03
   7.098241871621196e-03
   7.050429251775702e-03
   7.133267458859534e-03

ans = 6.647223402476130e-21
ans = 9.123905554036464e-21
ans = 1.251586305338672e-20
ans = 5.738358704433491e-21
ans = 5.740581752329727e-21
ans = 1.251332981276078e-20
ans = 1.251115846365283e-20
nbcr = 7
lambda0 = 3.501084296647659
kmpl_prod = 0.180000000000000
 Time :      1.00000
 Time :      2.00000
 Time :      3.01000
 Time :      4.01000
 Time :      5.01000
 Time :      6.01000
 Time :      7.01000
 Time :      8.01000
 Time :      9.01000
 Time :     10.01000
 Time :     11.01000
 Time :     12.01000
 Time :     13.01000
 Time :     14.01000
 Time :     15.01000
 Time :     16.01000
 Time :     17.01000
 Time :     18.00000
 Time :     19.00000
 Time :     20.00000
 Time :     21.00000
 Time :     22.00000
 Time :     23.00000
 Time :     24.00000
 Time :     25.00000
 Time :     26.00000
 Time :     27.00000
 Time :     28.00000
 Time :     29.00000
 Time :     30.00000
 Time :     31.00000
 Time :     32.00000
 Time :     33.00000
 Time :     34.00000
 Time :     35.00000
dtime = 32.03220404684544
mbcr =

 Columns 1 through 4:

   0.142857142857143   0.180497905098845   0.188272934078511   0.185951173533078

 Columns 5 and 6:

   0.175873012684594   0.185453174826818

agsout =

 Columns 1 through 3:

   7.111159764089462e-03   7.111159764089466e-03   7.111159764089465e-03
   8.451930849224243e-04   7.151745797150160e-03   7.151745797150160e-03
   3.393695969110537e-04   7.098241871621189e-03   7.098241871621194e-03
   1.801954974961846e-04   7.050429251775705e-03   7.050429251775707e-03
   8.737096594608492e-04   7.133267458859539e-03   7.133267458859541e-03
   1.115973340858395e-03   7.187794809800196e-03   7.187794809800201e-03

 Columns 4 through 6:

   7.111159764089462e-03   7.111159764089463e-03   7.111159764089464e-03
   7.151745797150162e-03   7.151745797150163e-03   7.151745797150163e-03
   7.098241871621198e-03   7.098241871621194e-03   7.098241871621198e-03
   7.050429251775704e-03   7.050429251775707e-03   7.050429251775704e-03
   7.133267458859538e-03   7.133267458859536e-03   7.133267458859532e-03
   7.187794809800205e-03   7.187794809800203e-03   7.187794809800204e-03

 Column 7:

   7.111159764089462e-03
   7.151745797150162e-03
   7.098241871621196e-03
   7.050429251775702e-03
   7.133267458859534e-03
   7.187794809800202e-03

ans = 2.316105715148477e-21
ans = 5.763432616751505e-21
ans = -1.013735690077878e-21
ans = 1.254052337539846e-20
ans = -4.400135569687546e-21
ans = 2.376567448047275e-21
ans = 5.760408237636858e-21
dkps =

 Columns 1 through 3:

   2.767587220224509e+00   2.138014141465885e+00   7.023489476121201e+00

 Columns 4 through 6:

   2.285525118082619e+01   6.141633445577975e+00   1.207381735573732e+02

nbcr = 10
lambda0 = 3.501084296647659
kmpl_prod = 0.180000000000000
 Time :      1.00000
 Time :      2.00000
 Time :      3.01000
 Time :      4.01000
 Time :      5.01000
 Time :      6.01000
 Time :      7.01000
 Time :      8.01000
 Time :      9.01000
 Time :     10.01000
 Time :     11.01000
 Time :     12.01000
 Time :     13.01000
 Time :     14.01000
 Time :     15.01000
 Time :     16.01000
 Time :     17.01000
 Time :     18.00000
 Time :     19.00000
 Time :     20.00000
 Time :     21.00000
 Time :     22.00000
 Time :     23.00000
 Time :     24.00000
 Time :     25.00000
 Time :     26.00000
 Time :     27.00000
 Time :     28.00000
 Time :     29.00000
 Time :     30.00000
 Time :     31.00000
 Time :     32.00000
 Time :     33.00000
 Time :     34.00000
 Time :     35.00000
dtime = 46.81396856904030
mbcr = 0.100000000000000
agsout =

 Columns 1 through 3:

   6.159882263248384e-03   6.159882263248383e-03   6.159882263248378e-03

 Columns 4 through 6:

   6.159882263248376e-03   6.159882263248379e-03   6.159882263248380e-03

 Columns 7 through 9:

   6.159882263248376e-03   6.159882263248376e-03   6.159882263248376e-03

 Column 10:

   6.159882263248376e-03

ans = 7.785139582013531e-21
ans = -8.276976004358733e-23
ans = 6.688685830680351e-21
ans = -3.473072898168740e-21
ans = 3.304379751996207e-21
ans = -3.474778958182131e-21
ans = 6.693338721625962e-21
ans = -8.566489218752293e-23
ans = -8.499280793982359e-23
ans = 3.301381222275703e-21
nbcr = 10
lambda0 = 3.501084296647659
kmpl_prod = 0.180000000000000
 Time :      1.00000
 Time :      2.00000
 Time :      3.01000
 Time :      4.01000
 Time :      5.01000
 Time :      6.01000
 Time :      7.01000
 Time :      8.01000
 Time :      9.01000
 Time :     10.01000
 Time :     11.01000
 Time :     12.01000
 Time :     13.01000
 Time :     14.01000
 Time :     15.01000
 Time :     16.01000
 Time :     17.01000
 Time :     18.00000
 Time :     19.00000
 Time :     20.00000
 Time :     21.00000
 Time :     22.00000
 Time :     23.00000
 Time :     24.00000
 Time :     25.00000
 Time :     26.00000
 Time :     27.00000
 Time :     28.00000
 Time :     29.00000
 Time :     30.00000
 Time :     31.00000
 Time :     32.00000
 Time :     33.00000
 Time :     34.00000
 Time :     35.00000
dtime = 46.90338671207428
mbcr =

   0.100000000000000   0.139461592241287

agsout =

 Columns 1 through 3:

   6.159882263248384e-03   6.159882263248383e-03   6.159882263248378e-03
   3.935510913587630e-04   6.180041740027387e-03   6.180041740027386e-03

 Columns 4 through 6:

   6.159882263248376e-03   6.159882263248379e-03   6.159882263248380e-03
   6.180041740027393e-03   6.180041740027393e-03   6.180041740027391e-03

 Columns 7 through 9:

   6.159882263248376e-03   6.159882263248376e-03   6.159882263248376e-03
   6.180041740027389e-03   6.180041740027387e-03   6.180041740027387e-03

 Column 10:

   6.159882263248376e-03
   6.180041740027388e-03

ans = -1.164670302474663e-21
ans = 5.992251453698986e-21
ans = 5.988580839730782e-21
ans = 5.989252923978481e-21
ans = 9.380124748774765e-21
ans = 5.991992959757563e-21
ans = 5.989356321555051e-21
ans = 2.603189086492663e-21
ans = 5.986667984564253e-21
ans = 5.988580839730782e-21
nbcr = 10
lambda0 = 3.501084296647659
kmpl_prod = 0.180000000000000
 Time :      1.00000
 Time :      2.00000
 Time :      3.01000
 Time :      4.01000
 Time :      5.01000
 Time :      6.01000
 Time :      7.01000
 Time :      8.01000
 Time :      9.01000
 Time :     10.01000
 Time :     11.01000
 Time :     12.01000
 Time :     13.01000
 Time :     14.01000
 Time :     15.01000
 Time :     16.01000
 Time :     17.01000
 Time :     18.00000
 Time :     19.00000
 Time :     20.00000
 Time :     21.00000
 Time :     22.00000
 Time :     23.00000
 Time :     24.00000
 Time :     25.00000
 Time :     26.00000
 Time :     27.00000
 Time :     28.00000
 Time :     29.00000
 Time :     30.00000
 Time :     31.00000
 Time :     32.00000
 Time :     33.00000
 Time :     34.00000
 Time :     35.00000
dtime = 47.73651435971260
mbcr =

   0.100000000000000   0.139461592241287   0.145841823096478

agsout =

 Columns 1 through 3:

   6.159882263248384e-03   6.159882263248383e-03   6.159882263248378e-03
   3.935510913587630e-04   6.180041740027387e-03   6.180041740027386e-03
   1.350695281255791e-04   6.105250032613598e-03   6.105250032613603e-03

 Columns 4 through 6:

   6.159882263248376e-03   6.159882263248379e-03   6.159882263248380e-03
   6.180041740027393e-03   6.180041740027393e-03   6.180041740027391e-03
   6.105250032613604e-03   6.105250032613601e-03   6.105250032613598e-03

 Columns 7 through 9:

   6.159882263248376e-03   6.159882263248376e-03   6.159882263248376e-03
   6.180041740027389e-03   6.180041740027387e-03   6.180041740027387e-03
   6.105250032613594e-03   6.105250032613596e-03   6.105250032613593e-03

 Column 10:

   6.159882263248376e-03
   6.180041740027388e-03
   6.105250032613596e-03

ans = 2.964615315390051e-21
ans = 4.273576935966933e-21
ans = 8.865308215037074e-22
ans = 4.276161875381161e-21
ans = -2.502686642067470e-21
ans = 8.889089657647974e-22
ans = 7.662432508020118e-21
ans = 1.104539441820886e-20
ans = 4.267114587431362e-21
ans = 4.270009719575298e-21
nbcr = 10
lambda0 = 3.501084296647659
kmpl_prod = 0.180000000000000
 Time :      1.00000
 Time :      2.00000
 Time :      3.01000
 Time :      4.01000
 Time :      5.01000
 Time :      6.01000
 Time :      7.01000
 Time :      8.01000
 Time :      9.01000
 Time :     10.01000
 Time :     11.01000
 Time :     12.01000
 Time :     13.01000
 Time :     14.01000
 Time :     15.01000
 Time :     16.01000
 Time :     17.01000
 Time :     18.00000
 Time :     19.00000
 Time :     20.00000
 Time :     21.00000
 Time :     22.00000
 Time :     23.00000
 Time :     24.00000
 Time :     25.00000
 Time :     26.00000
 Time :     27.00000
 Time :     28.00000
 Time :     29.00000
 Time :     30.00000
 Time :     31.00000
 Time :     32.00000
 Time :     33.00000
 Time :     34.00000
 Time :     35.00000
dtime = 47.64803163707256
mbcr =

   0.100000000000000   0.139461592241287   0.145841823096478   0.141863611897829

agsout =

 Columns 1 through 3:

   6.159882263248384e-03   6.159882263248383e-03   6.159882263248378e-03
   3.935510913587630e-04   6.180041740027387e-03   6.180041740027386e-03
   1.350695281255791e-04   6.105250032613598e-03   6.105250032613603e-03
   1.600459725568704e-04   6.115290874841989e-03   6.115290874841982e-03

 Columns 4 through 6:

   6.159882263248376e-03   6.159882263248379e-03   6.159882263248380e-03
   6.180041740027393e-03   6.180041740027393e-03   6.180041740027391e-03
   6.105250032613604e-03   6.105250032613601e-03   6.105250032613598e-03
   6.115290874841982e-03   6.115290874841985e-03   6.115290874841987e-03

 Columns 7 through 9:

   6.159882263248376e-03   6.159882263248376e-03   6.159882263248376e-03
   6.180041740027389e-03   6.180041740027387e-03   6.180041740027387e-03
   6.105250032613594e-03   6.105250032613596e-03   6.105250032613593e-03
   6.115290874841989e-03   6.115290874841993e-03   6.115290874841991e-03

 Column 10:

   6.159882263248376e-03
   6.180041740027388e-03
   6.105250032613596e-03
   6.115290874841991e-03

ans = 1.151435412673815e-20
ans = 9.777016346435364e-21
ans = 1.316675079788939e-20
ans = 1.316514813545257e-20
ans = -3.821574429994988e-22
ans = 6.390642316219838e-21
ans = 1.316680249667767e-20
ans = 6.392400075021513e-21
ans = 9.781359044651268e-21
ans = 6.397208062331978e-21
nbcr = 10
lambda0 = 3.501084296647659
kmpl_prod = 0.180000000000000
 Time :      1.00000
 Time :      2.00000
 Time :      3.01000
 Time :      4.01000
 Time :      5.01000
 Time :      6.01000
 Time :      7.01000
 Time :      8.01000
 Time :      9.01000
 Time :     10.01000
 Time :     11.01000
 Time :     12.01000
 Time :     13.01000
 Time :     14.01000
 Time :     15.01000
 Time :     16.01000
 Time :     17.01000
 Time :     18.00000
 Time :     19.00000
 Time :     20.00000
 Time :     21.00000
 Time :     22.00000
 Time :     23.00000
 Time :     24.00000
 Time :     25.00000
 Time :     26.00000
 Time :     27.00000
 Time :     28.00000
 Time :     29.00000
 Time :     30.00000
 Time :     31.00000
 Time :     32.00000
 Time :     33.00000
 Time :     34.00000
 Time :     35.00000
dtime = 47.16130122542381
mbcr =

 Columns 1 through 4:

   0.100000000000000   0.139461592241287   0.145841823096478   0.141863611897829

 Column 5:

   0.136747172597174

agsout =

 Columns 1 through 3:

   6.159882263248384e-03   6.159882263248383e-03   6.159882263248378e-03
   3.935510913587630e-04   6.180041740027387e-03   6.180041740027386e-03
   1.350695281255791e-04   6.105250032613598e-03   6.105250032613603e-03
   1.600459725568704e-04   6.115290874841989e-03   6.115290874841982e-03
   5.214615866332789e-04   6.163989426981772e-03   6.163989426981779e-03

 Columns 4 through 6:

   6.159882263248376e-03   6.159882263248379e-03   6.159882263248380e-03
   6.180041740027393e-03   6.180041740027393e-03   6.180041740027391e-03
   6.105250032613604e-03   6.105250032613601e-03   6.105250032613598e-03
   6.115290874841982e-03   6.115290874841985e-03   6.115290874841987e-03
   6.163989426981768e-03   6.163989426981771e-03   6.163989426981773e-03

 Columns 7 through 9:

   6.159882263248376e-03   6.159882263248376e-03   6.159882263248376e-03
   6.180041740027389e-03   6.180041740027387e-03   6.180041740027387e-03
   6.105250032613594e-03   6.105250032613596e-03   6.105250032613593e-03
   6.115290874841989e-03   6.115290874841993e-03   6.115290874841991e-03
   6.163989426981770e-03   6.163989426981768e-03   6.163989426981768e-03

 Column 10:

   6.159882263248376e-03
   6.180041740027388e-03
   6.105250032613596e-03
   6.115290874841991e-03
   6.163989426981768e-03

ans = 1.123311271847012e-21
ans = 3.881183132887090e-21
ans = 7.269314921904292e-21
ans = 3.878546494684578e-21
ans = 3.877615916495455e-21
ans = 7.267402066737763e-21
ans = 1.404749135510522e-20
ans = 1.065744671092149e-20
ans = 7.266471488548641e-21
ans = 7.266574886125210e-21
nbcr = 10
lambda0 = 3.501084296647659
kmpl_prod = 0.180000000000000
 Time :      1.00000
 Time :      2.00000
 Time :      3.01000
 Time :      4.01000
 Time :      5.01000
 Time :      6.01000
 Time :      7.01000
 Time :      8.01000
 Time :      9.01000
 Time :     10.01000
 Time :     11.01000
 Time :     12.01000
 Time :     13.01000
 Time :     14.01000
 Time :     15.01000
 Time :     16.01000
 Time :     17.01000
 Time :     18.00000
 Time :     19.00000
 Time :     20.00000
 Time :     21.00000
 Time :     22.00000
 Time :     23.00000
 Time :     24.00000
 Time :     25.00000
 Time :     26.00000
 Time :     27.00000
 Time :     28.00000
 Time :     29.00000
 Time :     30.00000
 Time :     31.00000
 Time :     32.00000
 Time :     33.00000
 Time :     34.00000
 Time :     35.00000
dtime = 46.78234532475471
mbcr =

 Columns 1 through 4:

   0.100000000000000   0.139461592241287   0.145841823096478   0.141863611897829

 Columns 5 and 6:

   0.136747172597174   0.144466161206499

agsout =

 Columns 1 through 3:

   6.159882263248384e-03   6.159882263248383e-03   6.159882263248378e-03
   3.935510913587630e-04   6.180041740027387e-03   6.180041740027386e-03
   1.350695281255791e-04   6.105250032613598e-03   6.105250032613603e-03
   1.600459725568704e-04   6.115290874841989e-03   6.115290874841982e-03
   5.214615866332789e-04   6.163989426981772e-03   6.163989426981779e-03
   3.108512498775055e-04   6.156031892170655e-03   6.156031892170647e-03

 Columns 4 through 6:

   6.159882263248376e-03   6.159882263248379e-03   6.159882263248380e-03
   6.180041740027393e-03   6.180041740027393e-03   6.180041740027391e-03
   6.105250032613604e-03   6.105250032613601e-03   6.105250032613598e-03
   6.115290874841982e-03   6.115290874841985e-03   6.115290874841987e-03
   6.163989426981768e-03   6.163989426981771e-03   6.163989426981773e-03
   6.156031892170645e-03   6.156031892170647e-03   6.156031892170645e-03

 Columns 7 through 9:

   6.159882263248376e-03   6.159882263248376e-03   6.159882263248376e-03
   6.180041740027389e-03   6.180041740027387e-03   6.180041740027387e-03
   6.105250032613594e-03   6.105250032613596e-03   6.105250032613593e-03
   6.115290874841989e-03   6.115290874841993e-03   6.115290874841991e-03
   6.163989426981770e-03   6.163989426981768e-03   6.163989426981768e-03
   6.156031892170652e-03   6.156031892170648e-03   6.156031892170647e-03

 Column 10:

   6.159882263248376e-03
   6.180041740027388e-03
   6.105250032613596e-03
   6.115290874841991e-03
   6.163989426981768e-03
   6.156031892170647e-03

ans = 1.023056981605585e-20
ans = 2.773329798737164e-21
ans = 2.773588292678586e-21
ans = 6.165235599299138e-21
ans = 9.549851870712989e-21
ans = 9.562311278689569e-21
ans = 6.169785092668180e-21
ans = 6.168182430231358e-21
ans = 6.167613743560228e-21
ans = 9.560450122311325e-21
dkps =

 Columns 1 through 3:

   1.203778815104443e+01   8.498338826500536e+00   2.307437824519553e-01

 Columns 4 through 6:

   4.177474517975601e+01   1.057982626086547e+01   3.528135652372554e+00

nbcr = 15
lambda0 = 3.501084296647659
kmpl_prod = 0.180000000000000
 Time :      1.00000
 Time :      2.00000
 Time :      3.01000
 Time :      4.01000
 Time :      5.01000
 Time :      6.01000
 Time :      7.01000
 Time :      8.01000
 Time :      9.01000
 Time :     10.01000
 Time :     11.01000
 Time :     12.01000
 Time :     13.01000
 Time :     14.01000
 Time :     15.01000
 Time :     16.01000
 Time :     17.01000
 Time :     18.00000
 Time :     19.00000
 Time :     20.00000
 Time :     21.00000
 Time :     22.00000
 Time :     23.00000
 Time :     24.00000
 Time :     25.00000
 Time :     26.00000
 Time :     27.00000
 Time :     28.00000
 Time :     29.00000
 Time :     30.00000
 Time :     31.00000
 Time :     32.00000
 Time :     33.00000
 Time :     34.00000
 Time :     35.00000
dtime = 72.48628959059715
mbcr = 6.666666666666667e-02
agsout =

 Columns 1 through 3:

   5.374193411711694e-03   5.374193411711686e-03   5.374193411711701e-03

 Columns 4 through 6:

   5.374193411711700e-03   5.374193411711699e-03   5.374193411711701e-03

 Columns 7 through 9:

   5.374193411711701e-03   5.374193411711703e-03   5.374193411711701e-03

 Columns 10 through 12:

   5.374193411711701e-03   5.374193411711704e-03   5.374193411711703e-03

 Columns 13 through 15:

   5.374193411711707e-03   5.374193411711706e-03   5.374193411711701e-03

ans = -3.549871448165461e-21
ans = -5.689968638599139e-21
ans = -5.682937603392438e-21
ans = 4.477838848479246e-21
ans = -2.300182488356832e-21
ans = 1.086191541858694e-21
ans = -2.296356778023774e-21
ans = -9.074688307589559e-21
ans = -2.298528127131726e-21
ans = -2.300389283509970e-21
ans = -2.281157334268112e-21
ans = 1.089603661885476e-21
ans = 1.091258023110582e-21
ans = 1.091775010993427e-21
ans = -2.286740803402845e-21
nbcr = 15
lambda0 = 3.501084296647659
kmpl_prod = 0.180000000000000
 Time :      1.00000
 Time :      2.00000
 Time :      3.01000
 Time :      4.01000
 Time :      5.01000
 Time :      6.01000
 Time :      7.01000
 Time :      8.01000
 Time :      9.01000
 Time :     10.01000
 Time :     11.01000
 Time :     12.01000
 Time :     13.01000
 Time :     14.01000
 Time :     15.01000
 Time :     16.01000
 Time :     17.01000
 Time :     18.00000
 Time :     19.00000
 Time :     20.00000
 Time :     21.00000
 Time :     22.00000
 Time :     23.00000
 Time :     24.00000
 Time :     25.00000
 Time :     26.00000
 Time :     27.00000
 Time :     28.00000
 Time :     29.00000
 Time :     30.00000
 Time :     31.00000
 Time :     32.00000
 Time :     33.00000
 Time :     34.00000
 Time :     35.00000
dtime = 72.83628769218922
mbcr =

   6.666666666666667e-02   1.003150328583362e-01

agsout =

 Columns 1 through 3:

   5.374193411711694e-03   5.374193411711686e-03   5.374193411711701e-03
   6.503344005290731e-04   5.432227730778900e-03   5.432227730778902e-03

 Columns 4 through 6:

   5.374193411711700e-03   5.374193411711699e-03   5.374193411711701e-03
   5.432227730778907e-03   5.432227730778913e-03   5.432227730778919e-03

 Columns 7 through 9:

   5.374193411711701e-03   5.374193411711703e-03   5.374193411711701e-03
   5.432227730778914e-03   5.432227730778911e-03   5.432227730778925e-03

 Columns 10 through 12:

   5.374193411711701e-03   5.374193411711704e-03   5.374193411711703e-03
   5.432227730778911e-03   5.432227730778915e-03   5.432227730778911e-03

 Columns 13 through 15:

   5.374193411711707e-03   5.374193411711706e-03   5.374193411711701e-03
   5.432227730778911e-03   5.432227730778909e-03   5.432227730778910e-03

ans = 6.674520362690380e-21
ans = 7.219425591209687e-21
ans = -2.952207606201756e-21
ans = 4.378887367702590e-22
ans = 4.485386871568793e-22
ans = 4.450231695535289e-22
ans = 4.431620131752846e-22
ans = -9.719682390227783e-21
ans = 4.449197719769598e-22
ans = -2.946624137067023e-21
ans = -2.939593101860322e-21
ans = 4.430586155987154e-22
ans = 3.840185993777431e-21
ans = 4.485386871568793e-22
ans = 4.386125198062429e-22
nbcr = 15
lambda0 = 3.501084296647659
kmpl_prod = 0.180000000000000
 Time :      1.00000
 Time :      2.00000
 Time :      3.01000
 Time :      4.01000
 Time :      5.01000
 Time :      6.01000
 Time :      7.01000
 Time :      8.01000
 Time :      9.01000
 Time :     10.01000
 Time :     11.01000
 Time :     12.01000
 Time :     13.01000
 Time :     14.01000
 Time :     15.01000
 Time :     16.01000
 Time :     17.01000
 Time :     18.00000
 Time :     19.00000
 Time :     20.00000
 Time :     21.00000
 Time :     22.00000
 Time :     23.00000
 Time :     24.00000
 Time :     25.00000
 Time :     26.00000
 Time :     27.00000
 Time :     28.00000
 Time :     29.00000
 Time :     30.00000
 Time :     31.00000
 Time :     32.00000
 Time :     33.00000
 Time :     34.00000
 Time :     35.00000
dtime = 73.06471131742001
mbcr =

   6.666666666666667e-02   1.003150328583362e-01   1.103688702322681e-01

agsout =

 Columns 1 through 3:

   5.374193411711694e-03   5.374193411711686e-03   5.374193411711701e-03
   6.503344005290731e-04   5.432227730778900e-03   5.432227730778902e-03
   2.414219580562508e-04   5.400969637665449e-03   5.400969637665445e-03

 Columns 4 through 6:

   5.374193411711700e-03   5.374193411711699e-03   5.374193411711701e-03
   5.432227730778907e-03   5.432227730778913e-03   5.432227730778919e-03
   5.400969637665451e-03   5.400969637665446e-03   5.400969637665451e-03

 Columns 7 through 9:

   5.374193411711701e-03   5.374193411711703e-03   5.374193411711701e-03
   5.432227730778914e-03   5.432227730778911e-03   5.432227730778925e-03
   5.400969637665461e-03   5.400969637665458e-03   5.400969637665456e-03

 Columns 10 through 12:

   5.374193411711701e-03   5.374193411711704e-03   5.374193411711703e-03
   5.432227730778911e-03   5.432227730778915e-03   5.432227730778911e-03
   5.400969637665455e-03   5.400969637665450e-03   5.400969637665448e-03

 Columns 13 through 15:

   5.374193411711707e-03   5.374193411711706e-03   5.374193411711701e-03
   5.432227730778911e-03   5.432227730778909e-03   5.432227730778910e-03
   5.400969637665448e-03   5.400969637665450e-03   5.400969637665453e-03

ans = -1.185846126156020e-20
ans = 5.017264005440389e-21
ans = -1.759413162900290e-21
ans = 5.008371813855444e-21
ans = -1.768098559332097e-21
ans = 1.630683180071725e-21
ans = 1.639575371656670e-21
ans = 1.636163251629889e-21
ans = 1.637714215278426e-21
ans = 1.627374457621513e-21
ans = 1.627064264891805e-21
ans = 1.627374457621513e-21
ans = 1.625306506090130e-21
ans = 5.029051329169270e-21
ans = 1.635749661323612e-21
nbcr = 15
lambda0 = 3.501084296647659
kmpl_prod = 0.180000000000000
 Time :      1.00000
 Time :      2.00000
 Time :      3.01000
 Time :      4.01000
 Time :      5.01000
 Time :      6.01000
 Time :      7.01000
 Time :      8.01000
 Time :      9.01000
 Time :     10.01000
 Time :     11.01000
 Time :     12.01000
 Time :     13.01000
 Time :     14.01000
 Time :     15.01000
 Time :     16.01000
 Time :     17.01000
 Time :     18.00000
 Time :     19.00000
 Time :     20.00000
 Time :     21.00000
 Time :     22.00000
 Time :     23.00000
 Time :     24.00000
 Time :     25.00000
 Time :     26.00000
 Time :     27.00000
 Time :     28.00000
 Time :     29.00000
 Time :     30.00000
 Time :     31.00000
 Time :     32.00000
 Time :     33.00000
 Time :     34.00000
 Time :     35.00000
dtime = 74.77314099669456
mbcr =

 Columns 1 through 3:

   6.666666666666667e-02   1.003150328583362e-01   1.103688702322681e-01

 Column 4:

   1.111479446416906e-01

agsout =

 Columns 1 through 3:

   5.374193411711694e-03   5.374193411711686e-03   5.374193411711701e-03
   6.503344005290731e-04   5.432227730778900e-03   5.432227730778902e-03
   2.414219580562508e-04   5.400969637665449e-03   5.400969637665445e-03
   2.274584181129486e-05   5.268848010633501e-03   5.268848010633513e-03

 Columns 4 through 6:

   5.374193411711700e-03   5.374193411711699e-03   5.374193411711701e-03
   5.432227730778907e-03   5.432227730778913e-03   5.432227730778919e-03
   5.400969637665451e-03   5.400969637665446e-03   5.400969637665451e-03
   5.268848010633507e-03   5.268848010633511e-03   5.268848010633495e-03

 Columns 7 through 9:

   5.374193411711701e-03   5.374193411711703e-03   5.374193411711701e-03
   5.432227730778914e-03   5.432227730778911e-03   5.432227730778925e-03
   5.400969637665461e-03   5.400969637665458e-03   5.400969637665456e-03
   5.268848010633502e-03   5.268848010633501e-03   5.268848010633492e-03

 Columns 10 through 12:

   5.374193411711701e-03   5.374193411711704e-03   5.374193411711703e-03
   5.432227730778911e-03   5.432227730778915e-03   5.432227730778911e-03
   5.400969637665455e-03   5.400969637665450e-03   5.400969637665448e-03
   5.268848010633497e-03   5.268848010633497e-03   5.268848010633499e-03

 Columns 13 through 15:

   5.374193411711707e-03   5.374193411711706e-03   5.374193411711701e-03
   5.432227730778911e-03   5.432227730778909e-03   5.432227730778910e-03
   5.400969637665448e-03   5.400969637665450e-03   5.400969637665453e-03
   5.268848010633498e-03   5.268848010633498e-03   5.268848010633499e-03

ans = 1.058791184067875e-20
ans = 7.375866124558779e-21
ans = 7.378037473666730e-21
ans = 3.993731394982587e-21
ans = 3.990009082226098e-21
ans = 6.016704980557585e-22
ans = 7.381552991270081e-21
ans = 3.980599902758307e-21
ans = 3.982461059136552e-21
ans = 3.993317804676310e-21
ans = 6.090117259921666e-22
ans = 7.385688894332846e-21
ans = 6.016704980557585e-22
ans = 3.999108068964181e-21
ans = 3.997350310162506e-21
nbcr = 15
lambda0 = 3.501084296647659
kmpl_prod = 0.180000000000000
 Time :      1.00000
 Time :      2.00000
 Time :      3.01000
 Time :      4.01000
 Time :      5.01000
 Time :      6.01000
 Time :      7.01000
 Time :      8.01000
 Time :      9.01000
 Time :     10.01000
 Time :     11.01000
 Time :     12.01000
 Time :     13.01000
 Time :     14.01000
 Time :     15.01000
 Time :     16.01000
 Time :     17.01000
 Time :     18.00000
 Time :     19.00000
 Time :     20.00000
 Time :     21.00000
 Time :     22.00000
 Time :     23.00000
 Time :     24.00000
 Time :     25.00000
 Time :     26.00000
 Time :     27.00000
 Time :     28.00000
 Time :     29.00000
 Time :     30.00000
 Time :     31.00000
 Time :     32.00000
 Time :     33.00000
 Time :     34.00000
 Time :     35.00000
dtime = 72.97346256673336
mbcr =

 Columns 1 through 3:

   6.666666666666667e-02   1.003150328583362e-01   1.103688702322681e-01

 Columns 4 and 5:

   1.111479446416906e-01   1.004601506811525e-01

agsout =

 Columns 1 through 3:

   5.374193411711694e-03   5.374193411711686e-03   5.374193411711701e-03
   6.503344005290731e-04   5.432227730778900e-03   5.432227730778902e-03
   2.414219580562508e-04   5.400969637665449e-03   5.400969637665445e-03
   2.274584181129486e-05   5.268848010633501e-03   5.268848010633513e-03
   4.009916025675673e-04   5.350268348838527e-03   5.350268348838518e-03

 Columns 4 through 6:

   5.374193411711700e-03   5.374193411711699e-03   5.374193411711701e-03
   5.432227730778907e-03   5.432227730778913e-03   5.432227730778919e-03
   5.400969637665451e-03   5.400969637665446e-03   5.400969637665451e-03
   5.268848010633507e-03   5.268848010633511e-03   5.268848010633495e-03
   5.350268348838536e-03   5.350268348838545e-03   5.350268348838545e-03

 Columns 7 through 9:

   5.374193411711701e-03   5.374193411711703e-03   5.374193411711701e-03
   5.432227730778914e-03   5.432227730778911e-03   5.432227730778925e-03
   5.400969637665461e-03   5.400969637665458e-03   5.400969637665456e-03
   5.268848010633502e-03   5.268848010633501e-03   5.268848010633492e-03
   5.350268348838544e-03   5.350268348838541e-03   5.350268348838546e-03

 Columns 10 through 12:

   5.374193411711701e-03   5.374193411711704e-03   5.374193411711703e-03
   5.432227730778911e-03   5.432227730778915e-03   5.432227730778911e-03
   5.400969637665455e-03   5.400969637665450e-03   5.400969637665448e-03
   5.268848010633497e-03   5.268848010633497e-03   5.268848010633499e-03
   5.350268348838545e-03   5.350268348838543e-03   5.350268348838547e-03

 Columns 13 through 15:

   5.374193411711707e-03   5.374193411711706e-03   5.374193411711701e-03
   5.432227730778911e-03   5.432227730778909e-03   5.432227730778910e-03
   5.400969637665448e-03   5.400969637665450e-03   5.400969637665453e-03
   5.268848010633498e-03   5.268848010633498e-03   5.268848010633499e-03
   5.350268348838546e-03   5.350268348838547e-03   5.350268348838547e-03

ans = 1.006347933232013e-20
ans = -2.703433036976433e-21
ans = -9.493862083000806e-21
ans = 6.778745119872062e-22
ans = -9.487141240523813e-21
ans = 6.654668027989108e-22
ans = 6.704298864742289e-22
ans = -2.720597034686908e-21
ans = -6.101801186073978e-21
ans = -2.722561588641721e-21
ans = -9.498411576369848e-21
ans = -2.724422745019966e-21
ans = -2.722768383794860e-21
ans = -6.110279787352646e-21
ans = -2.715633951011590e-21
nbcr = 15
lambda0 = 3.501084296647659
kmpl_prod = 0.180000000000000
 Time :      1.00000
 Time :      2.00000
 Time :      3.01000
 Time :      4.01000
 Time :      5.01000
 Time :      6.01000
 Time :      7.01000
 Time :      8.01000
 Time :      9.01000
 Time :     10.01000
 Time :     11.01000
 Time :     12.01000
 Time :     13.01000
 Time :     14.01000
 Time :     15.01000
 Time :     16.01000
 Time :     17.01000
 Time :     18.00000
 Time :     19.00000
 Time :     20.00000
 Time :     21.00000
 Time :     22.00000
 Time :     23.00000
 Time :     24.00000
 Time :     25.00000
 Time :     26.00000
 Time :     27.00000
 Time :     28.00000
 Time :     29.00000
 Time :     30.00000
 Time :     31.00000
 Time :     32.00000
 Time :     33.00000
 Time :     34.00000
 Time :     35.00000
dtime = 66.17691926658154
mbcr =

 Columns 1 through 3:

   6.666666666666667e-02   1.003150328583362e-01   1.103688702322681e-01

 Columns 4 through 6:

   1.111479446416906e-01   1.004601506811525e-01   1.072385636162383e-01

agsout =

 Columns 1 through 3:

   5.374193411711694e-03   5.374193411711686e-03   5.374193411711701e-03
   6.503344005290731e-04   5.432227730778900e-03   5.432227730778902e-03
   2.414219580562508e-04   5.400969637665449e-03   5.400969637665445e-03
   2.274584181129486e-05   5.268848010633501e-03   5.268848010633513e-03
   4.009916025675673e-04   5.350268348838527e-03   5.350268348838518e-03
   4.344348301842719e-04   5.397623266348358e-03   5.397623266348352e-03

 Columns 4 through 6:

   5.374193411711700e-03   5.374193411711699e-03   5.374193411711701e-03
   5.432227730778907e-03   5.432227730778913e-03   5.432227730778919e-03
   5.400969637665451e-03   5.400969637665446e-03   5.400969637665451e-03
   5.268848010633507e-03   5.268848010633511e-03   5.268848010633495e-03
   5.350268348838536e-03   5.350268348838545e-03   5.350268348838545e-03
   5.397623266348360e-03   5.397623266348368e-03   5.397623266348367e-03

 Columns 7 through 9:

   5.374193411711701e-03   5.374193411711703e-03   5.374193411711701e-03
   5.432227730778914e-03   5.432227730778911e-03   5.432227730778925e-03
   5.400969637665461e-03   5.400969637665458e-03   5.400969637665456e-03
   5.268848010633502e-03   5.268848010633501e-03   5.268848010633492e-03
   5.350268348838544e-03   5.350268348838541e-03   5.350268348838546e-03
   5.397623266348369e-03   5.397623266348372e-03   5.397623266348371e-03

 Columns 10 through 12:

   5.374193411711701e-03   5.374193411711704e-03   5.374193411711703e-03
   5.432227730778911e-03   5.432227730778915e-03   5.432227730778911e-03
   5.400969637665455e-03   5.400969637665450e-03   5.400969637665448e-03
   5.268848010633497e-03   5.268848010633497e-03   5.268848010633499e-03
   5.350268348838545e-03   5.350268348838543e-03   5.350268348838547e-03
   5.397623266348371e-03   5.397623266348361e-03   5.397623266348364e-03

 Columns 13 through 15:

   5.374193411711707e-03   5.374193411711706e-03   5.374193411711701e-03
   5.432227730778911e-03   5.432227730778909e-03   5.432227730778910e-03
   5.400969637665448e-03   5.400969637665450e-03   5.400969637665453e-03
   5.268848010633498e-03   5.268848010633498e-03   5.268848010633499e-03
   5.350268348838546e-03   5.350268348838547e-03   5.350268348838547e-03
   5.397623266348370e-03   5.397623266348371e-03   5.397623266348369e-03

ans = -5.849821291975012e-21
ans = -1.051553353708036e-21
ans = 2.319414437598690e-21
ans = 2.319104244868982e-21
ans = 5.714473864246023e-21
ans = -1.065615424121438e-21
ans = 5.709407382994135e-21
ans = 2.336268242579458e-21
ans = 5.719643743074479e-21
ans = -1.063444075013486e-21
ans = 2.322723160048902e-21
ans = -4.455194779210607e-21
ans = -4.450231695535289e-21
ans = 5.716128225471129e-21
ans = 2.335234266813766e-21
