warning: function /home/surgeon/flu/amcode/perelson21/1d2agt/4paper/2submit/run.m shadows a core library function
warning: called from
    driver at line 1 column 1

lambda0 = 3.501084296647659
kmpl_prod = 0.180000000000000
dkps =

 Columns 1 through 3:

   1.250497368740548e+01   2.909632307458697e+01   6.776895102868362e+00

 Columns 4 through 6:

   2.528199216407967e+00   8.549446498757518e+00   5.320937934151968e+01

nbcr = 2
lambda0 = 3.501084296647659
kmpl_prod = 0.180000000000000
 Time :      1.00000
 Time :      2.00000
 Time :      3.01000
 Time :      4.01000
 Time :      5.01000
 Time :      6.01000
 Time :      7.01000
 Time :      8.01000
 Time :      9.01000
 Time :     10.01000
 Time :     11.01000
 Time :     12.01000
 Time :     13.01000
 Time :     14.01000
 Time :     15.01000
 Time :     16.01000
 Time :     17.01000
 Time :     18.00000
 Time :     19.00000
 Time :     20.00000
 Time :     21.00000
 Time :     22.00000
 Time :     23.00000
 Time :     24.00000
 Time :     25.00000
 Time :     26.00000
 Time :     27.00000
 Time :     28.00000
 Time :     29.00000
 Time :     30.00000
 Time :     31.00000
 Time :     32.00000
 Time :     33.00000
 Time :     34.00000
 Time :     35.00000
dtime = 5.038978904485703
mbcr = 1.718473679371029e-04
agsout =

   8.424146104518748e-02   1.835955608105769e-02

ans = 9.142698467474687e-23
ans = -4.993691781363329e-21
nbcr = 2
lambda0 = 3.501084296647659
kmpl_prod = 0.180000000000000
 Time :      1.00000
 Time :      2.00000
 Time :      3.01000
 Time :      4.01000
 Time :      5.01000
 Time :      6.01000
 Time :      7.01000
 Time :      8.01000
 Time :      9.01000
 Time :     10.01000
 Time :     11.01000
 Time :     12.01000
 Time :     13.01000
 Time :     14.01000
 Time :     15.01000
 Time :     16.01000
 Time :     17.01000
 Time :     18.00000
 Time :     19.00000
 Time :     20.00000
 Time :     21.00000
 Time :     22.00000
 Time :     23.00000
 Time :     24.00000
 Time :     25.00000
 Time :     26.00000
 Time :     27.00000
 Time :     28.00000
 Time :     29.00000
 Time :     30.00000
 Time :     31.00000
 Time :     32.00000
 Time :     33.00000
 Time :     34.00000
 Time :     35.00000
dtime = 5.032561719417572
mbcr =

   1.718473679371029e-04   2.148518710216317e-04

agsout =

   8.424146104518748e-02   1.835955608105769e-02
   8.436665843380103e-02   1.850303956763868e-02

ans = 1.279680719362212e-21
ans = 1.098463380169030e-20
nbcr = 2
lambda0 = 3.501084296647659
kmpl_prod = 0.180000000000000
 Time :      1.00000
 Time :      2.00000
 Time :      3.01000
 Time :      4.01000
 Time :      5.01000
 Time :      6.01000
 Time :      7.01000
 Time :      8.01000
 Time :      9.01000
 Time :     10.01000
 Time :     11.01000
 Time :     12.01000
 Time :     13.01000
 Time :     14.01000
 Time :     15.01000
 Time :     16.01000
 Time :     17.01000
 Time :     18.00000
 Time :     19.00000
 Time :     20.00000
 Time :     21.00000
 Time :     22.00000
 Time :     23.00000
 Time :     24.00000
 Time :     25.00000
 Time :     26.00000
 Time :     27.00000
 Time :     28.00000
 Time :     29.00000
 Time :     30.00000
 Time :     31.00000
 Time :     32.00000
 Time :     33.00000
 Time :     34.00000
 Time :     35.00000
dtime = 4.993223771452904
mbcr =

   1.718473679371029e-04   2.148518710216317e-04   6.915053526568836e-04

agsout =

   8.424146104518748e-02   1.835955608105769e-02
   8.436665843380103e-02   1.850303956763868e-02
   8.424082773514828e-02   1.848972116228798e-02

ans = 2.214039382377677e-21
ans = 6.939777151855676e-21
nbcr = 2
lambda0 = 3.501084296647659
kmpl_prod = 0.180000000000000
 Time :      1.00000
 Time :      2.00000
 Time :      3.01000
 Time :      4.01000
 Time :      5.01000
 Time :      6.01000
 Time :      7.01000
 Time :      8.01000
 Time :      9.01000
 Time :     10.01000
 Time :     11.01000
 Time :     12.01000
 Time :     13.01000
 Time :     14.01000
 Time :     15.01000
 Time :     16.01000
 Time :     17.01000
 Time :     18.00000
 Time :     19.00000
 Time :     20.00000
 Time :     21.00000
 Time :     22.00000
 Time :     23.00000
 Time :     24.00000
 Time :     25.00000
 Time :     26.00000
 Time :     27.00000
 Time :     28.00000
 Time :     29.00000
 Time :     30.00000
 Time :     31.00000
 Time :     32.00000
 Time :     33.00000
 Time :     34.00000
 Time :     35.00000
dtime = 4.952065274119377
mbcr =

 Columns 1 through 3:

   1.718473679371029e-04   2.148518710216317e-04   6.915053526568836e-04

 Column 4:

   3.155382917526531e-02

agsout =

   8.424146104518748e-02   1.835955608105769e-02
   8.436665843380103e-02   1.850303956763868e-02
   8.424082773514828e-02   1.848972116228798e-02
   7.680303183278721e-02   1.768819773165546e-02

ans = 2.531793059871679e-21
ans = -3.513960177353295e-21
nbcr = 2
lambda0 = 3.501084296647659
kmpl_prod = 0.180000000000000
 Time :      1.00000
 Time :      2.00000
 Time :      3.01000
 Time :      4.01000
 Time :      5.01000
 Time :      6.01000
 Time :      7.01000
 Time :      8.01000
 Time :      9.01000
 Time :     10.01000
 Time :     11.01000
 Time :     12.01000
 Time :     13.01000
 Time :     14.01000
 Time :     15.01000
 Time :     16.01000
 Time :     17.01000
 Time :     18.00000
 Time :     19.00000
 Time :     20.00000
 Time :     21.00000
 Time :     22.00000
 Time :     23.00000
 Time :     24.00000
 Time :     25.00000
 Time :     26.00000
 Time :     27.00000
 Time :     28.00000
 Time :     29.00000
 Time :     30.00000
 Time :     31.00000
 Time :     32.00000
 Time :     33.00000
 Time :     34.00000
 Time :     35.00000
dtime = 4.996281489729881
mbcr =

 Columns 1 through 3:

   1.718473679371029e-04   2.148518710216317e-04   6.915053526568836e-04

 Columns 4 and 5:

   3.155382917526531e-02   1.407219962528725e-01

agsout =

   8.424146104518748e-02   1.835955608105769e-02
   8.436665843380103e-02   1.850303956763868e-02
   8.424082773514828e-02   1.848972116228798e-02
   7.680303183278721e-02   1.768819773165546e-02
   4.775219752274490e-02   1.460238391431172e-02

ans = 7.333576515742005e-21
ans = 5.679560218489036e-21
nbcr = 2
lambda0 = 3.501084296647659
kmpl_prod = 0.180000000000000
 Time :      1.00000
 Time :      2.00000
 Time :      3.01000
 Time :      4.01000
 Time :      5.01000
 Time :      6.01000
 Time :      7.01000
 Time :      8.01000
 Time :      9.01000
 Time :     10.01000
 Time :     11.01000
 Time :     12.01000
 Time :     13.01000
 Time :     14.01000
 Time :     15.01000
 Time :     16.01000
 Time :     17.01000
 Time :     18.00000
 Time :     19.00000
 Time :     20.00000
 Time :     21.00000
 Time :     22.00000
 Time :     23.00000
 Time :     24.00000
 Time :     25.00000
 Time :     26.00000
 Time :     27.00000
 Time :     28.00000
 Time :     29.00000
 Time :     30.00000
 Time :     31.00000
 Time :     32.00000
 Time :     33.00000
 Time :     34.00000
 Time :     35.00000
dtime = 4.998956993222237
mbcr =

 Columns 1 through 3:

   1.718473679371029e-04   2.148518710216317e-04   6.915053526568836e-04

 Columns 4 through 6:

   3.155382917526531e-02   1.407219962528725e-01   6.480381855536040e-02

agsout =

   8.424146104518748e-02   1.835955608105769e-02
   8.436665843380103e-02   1.850303956763868e-02
   8.424082773514828e-02   1.848972116228798e-02
   7.680303183278721e-02   1.768819773165546e-02
   4.775219752274490e-02   1.460238391431172e-02
   6.874574478498201e-02   1.682062299847189e-02

ans = -1.206815154684240e-20
ans = 1.466585571501549e-21
dkps =

 Columns 1 through 3:

   1.258206724372225e+00   2.745345311389059e-01   2.109162851839013e+01

 Columns 4 through 6:

   2.556067898803879e+00   3.803947942948568e+01   9.231049240477795e+00

nbcr = 3
lambda0 = 3.501084296647659
kmpl_prod = 0.180000000000000
 Time :      1.00000
 Time :      2.00000
 Time :      3.01000
 Time :      4.01000
 Time :      5.01000
 Time :      6.01000
 Time :      7.01000
 Time :      8.01000
 Time :      9.01000
 Time :     10.01000
 Time :     11.01000
 Time :     12.01000
 Time :     13.01000
 Time :     14.01000
 Time :     15.01000
 Time :     16.01000
 Time :     17.01000
 Time :     18.00000
 Time :     19.00000
 Time :     20.00000
 Time :     21.00000
 Time :     22.00000
 Time :     23.00000
 Time :     24.00000
 Time :     25.00000
 Time :     26.00000
 Time :     27.00000
 Time :     28.00000
 Time :     29.00000
 Time :     30.00000
 Time :     31.00000
 Time :     32.00000
 Time :     33.00000
 Time :     34.00000
 Time :     35.00000
dtime = 11.42760850489140
mbcr = 1.016001347435157e-04
agsout =

   4.616757064210100e-02   1.110262255817585e-02   1.110262255817585e-02

ans = 2.220916255230835e-21
ans = -9.957218935349748e-21
ans = -6.568951437013300e-21
nbcr = 3
lambda0 = 3.501084296647659
kmpl_prod = 0.180000000000000
 Time :      1.00000
 Time :      2.00000
 Time :      3.01000
 Time :      4.01000
 Time :      5.01000
 Time :      6.01000
 Time :      7.01000
 Time :      8.01000
 Time :      9.01000
 Time :     10.01000
 Time :     11.01000
 Time :     12.01000
 Time :     13.01000
 Time :     14.01000
 Time :     15.01000
 Time :     16.01000
 Time :     17.01000
 Time :     18.00000
 Time :     19.00000
 Time :     20.00000
 Time :     21.00000
 Time :     22.00000
 Time :     23.00000
 Time :     24.00000
 Time :     25.00000
 Time :     26.00000
 Time :     27.00000
 Time :     28.00000
 Time :     29.00000
 Time :     30.00000
 Time :     31.00000
 Time :     32.00000
 Time :     33.00000
 Time :     34.00000
 Time :     35.00000
dtime = 11.65437251329422
mbcr =

   1.016001347435157e-04   1.326164682985987e-03

agsout =

   4.616757064210100e-02   1.110262255817585e-02   1.110262255817585e-02
   4.594376495889534e-02   1.115465963026109e-02   1.115465963026109e-02

ans = 2.954689148039415e-21
ans = 1.221478869746303e-20
ans = 5.437930583363353e-21
nbcr = 3
lambda0 = 3.501084296647659
kmpl_prod = 0.180000000000000
 Time :      1.00000
 Time :      2.00000
 Time :      3.01000
 Time :      4.01000
 Time :      5.01000
 Time :      6.01000
 Time :      7.01000
 Time :      8.01000
 Time :      9.01000
 Time :     10.01000
 Time :     11.01000
 Time :     12.01000
 Time :     13.01000
 Time :     14.01000
 Time :     15.01000
 Time :     16.01000
 Time :     17.01000
 Time :     18.00000
 Time :     19.00000
 Time :     20.00000
 Time :     21.00000
 Time :     22.00000
 Time :     23.00000
 Time :     24.00000
 Time :     25.00000
 Time :     26.00000
 Time :     27.00000
 Time :     28.00000
 Time :     29.00000
 Time :     30.00000
 Time :     31.00000
 Time :     32.00000
 Time :     33.00000
 Time :     34.00000
 Time :     35.00000
dtime = 11.44678965210915
mbcr =

   1.016001347435157e-04   1.326164682985987e-03   2.068893668651703e-01

agsout =

   4.616757064210100e-02   1.110262255817585e-02   1.110262255817585e-02
   4.594376495889534e-02   1.115465963026109e-02   1.115465963026109e-02
   2.331663041975471e-03   7.885137971165976e-03   7.885137971165978e-03

ans = -2.673447739771385e-21
ans = 1.162723843095749e-20
ans = 8.239093717243219e-21
nbcr = 3
lambda0 = 3.501084296647659
kmpl_prod = 0.180000000000000
 Time :      1.00000
 Time :      2.00000
 Time :      3.01000
 Time :      4.01000
 Time :      5.01000
 Time :      6.01000
 Time :      7.01000
 Time :      8.01000
 Time :      9.01000
 Time :     10.01000
 Time :     11.01000
 Time :     12.01000
 Time :     13.01000
 Time :     14.01000
 Time :     15.01000
 Time :     16.01000
 Time :     17.01000
 Time :     18.00000
 Time :     19.00000
 Time :     20.00000
 Time :     21.00000
 Time :     22.00000
 Time :     23.00000
 Time :     24.00000
 Time :     25.00000
 Time :     26.00000
 Time :     27.00000
 Time :     28.00000
 Time :     29.00000
 Time :     30.00000
 Time :     31.00000
 Time :     32.00000
 Time :     33.00000
 Time :     34.00000
 Time :     35.00000
dtime = 11.27724722027779
mbcr =

 Columns 1 through 3:

   1.016001347435157e-04   1.326164682985987e-03   2.068893668651703e-01

 Column 4:

   5.084275566187143e-02

agsout =

   4.616757064210100e-02   1.110262255817585e-02   1.110262255817585e-02
   4.594376495889534e-02   1.115465963026109e-02   1.115465963026109e-02
   2.331663041975471e-03   7.885137971165976e-03   7.885137971165978e-03
   3.375688155941895e-02   1.009323316095956e-02   1.009323316095956e-02

ans = 1.253592218324113e-20
ans = -5.006575280962556e-22
ans = 6.276252284791704e-21
nbcr = 3
lambda0 = 3.501084296647659
kmpl_prod = 0.180000000000000
 Time :      1.00000
 Time :      2.00000
 Time :      3.01000
 Time :      4.01000
 Time :      5.01000
 Time :      6.01000
 Time :      7.01000
 Time :      8.01000
 Time :      9.01000
 Time :     10.01000
 Time :     11.01000
 Time :     12.01000
 Time :     13.01000
 Time :     14.01000
 Time :     15.01000
 Time :     16.01000
 Time :     17.01000
 Time :     18.00000
 Time :     19.00000
 Time :     20.00000
 Time :     21.00000
 Time :     22.00000
 Time :     23.00000
 Time :     24.00000
 Time :     25.00000
 Time :     26.00000
 Time :     27.00000
 Time :     28.00000
 Time :     29.00000
 Time :     30.00000
 Time :     31.00000
 Time :     32.00000
 Time :     33.00000
 Time :     34.00000
 Time :     35.00000
dtime = 11.03482246398926
mbcr =

 Columns 1 through 3:

   1.016001347435157e-04   1.326164682985987e-03   2.068893668651703e-01

 Columns 4 and 5:

   5.084275566187143e-02   1.023335255042706e-01

agsout =

   4.616757064210100e-02   1.110262255817585e-02   1.110262255817585e-02
   4.594376495889534e-02   1.115465963026109e-02   1.115465963026109e-02
   2.331663041975471e-03   7.885137971165976e-03   7.885137971165978e-03
   3.375688155941895e-02   1.009323316095956e-02   1.009323316095956e-02
   2.051654400223576e-02   8.993420736235708e-03   8.993420736235718e-03

ans = 6.794254756357431e-21
ans = 8.357471017717800e-21
ans = -1.806924349333804e-21
nbcr = 3
lambda0 = 3.501084296647659
kmpl_prod = 0.180000000000000
 Time :      1.00000
 Time :      2.00000
 Time :      3.01000
 Time :      4.01000
 Time :      5.01000
 Time :      6.01000
 Time :      7.01000
 Time :      8.01000
 Time :      9.01000
 Time :     10.01000
 Time :     11.01000
 Time :     12.01000
 Time :     13.01000
 Time :     14.01000
 Time :     15.01000
 Time :     16.01000
 Time :     17.01000
 Time :     18.00000
 Time :     19.00000
 Time :     20.00000
 Time :     21.00000
 Time :     22.00000
 Time :     23.00000
 Time :     24.00000
 Time :     25.00000
 Time :     26.00000
 Time :     27.00000
 Time :     28.00000
 Time :     29.00000
 Time :     30.00000
 Time :     31.00000
 Time :     32.00000
 Time :     33.00000
 Time :     34.00000
 Time :     35.00000
dtime = 11.01166829466820
mbcr =

 Columns 1 through 3:

   1.016001347435157e-04   1.326164682985987e-03   2.068893668651703e-01

 Columns 4 through 6:

   5.084275566187143e-02   1.023335255042706e-01   3.018137344599483e-03

agsout =

   4.616757064210100e-02   1.110262255817585e-02   1.110262255817585e-02
   4.594376495889534e-02   1.115465963026109e-02   1.115465963026109e-02
   2.331663041975471e-03   7.885137971165976e-03   7.885137971165978e-03
   3.375688155941895e-02   1.009323316095956e-02   1.009323316095956e-02
   2.051654400223576e-02   8.993420736235708e-03   8.993420736235718e-03
   4.546956035492000e-02   1.111502682976545e-02   1.111502682976544e-02

ans = 4.696085283222534e-21
ans = 8.172609075509269e-22
ans = 7.593201368158551e-21
dkps =

 Columns 1 through 3:

   1.911408423236263e+02   7.082274709087517e+01   1.611165000520462e+00

 Columns 4 through 6:

   9.102827219548841e-01   3.133467592608600e+01   5.533975463007697e+00

nbcr = 4
lambda0 = 3.501084296647659
kmpl_prod = 0.180000000000000
 Time :      1.00000
 Time :      2.00000
 Time :      3.01000
 Time :      4.01000
 Time :      5.01000
 Time :      6.01000
 Time :      7.01000
 Time :      8.01000
 Time :      9.01000
 Time :     10.01000
 Time :     11.01000
 Time :     12.01000
 Time :     13.01000
 Time :     14.01000
 Time :     15.01000
 Time :     16.01000
 Time :     17.01000
 Time :     18.00000
 Time :     19.00000
 Time :     20.00000
 Time :     21.00000
 Time :     22.00000
 Time :     23.00000
 Time :     24.00000
 Time :     25.00000
 Time :     26.00000
 Time :     27.00000
 Time :     28.00000
 Time :     29.00000
 Time :     30.00000
 Time :     31.00000
 Time :     32.00000
 Time :     33.00000
 Time :     34.00000
 Time :     35.00000
dtime = 17.49761179089546
mbcr = 8.086451474662353e-05
agsout =

 Columns 1 through 3:

   3.251561695585363e-02   8.631451910158832e-03   8.631451910158834e-03

 Column 4:

   8.631451910158832e-03

ans = 8.999378622110917e-21
ans = -1.935072720794168e-21
ans = -1.934827151549816e-21
ans = 1.457505164015506e-21
nbcr = 4
lambda0 = 3.501084296647659
kmpl_prod = 0.180000000000000
 Time :      1.00000
 Time :      2.00000
 Time :      3.01000
 Time :      4.01000
 Time :      5.01000
 Time :      6.01000
 Time :      7.01000
 Time :      8.01000
 Time :      9.01000
 Time :     10.01000
 Time :     11.01000
 Time :     12.01000
 Time :     13.01000
 Time :     14.01000
 Time :     15.01000
 Time :     16.01000
 Time :     17.01000
 Time :     18.00000
 Time :     19.00000
 Time :     20.00000
 Time :     21.00000
 Time :     22.00000
 Time :     23.00000
 Time :     24.00000
 Time :     25.00000
 Time :     26.00000
 Time :     27.00000
 Time :     28.00000
 Time :     29.00000
 Time :     30.00000
 Time :     31.00000
 Time :     32.00000
 Time :     33.00000
 Time :     34.00000
 Time :     35.00000
dtime = 17.93563999235630
mbcr =

   8.086451474662353e-05   6.239518668636770e-05

agsout =

 Columns 1 through 3:

   3.251561695585363e-02   8.631451910158832e-03   8.631451910158834e-03
   3.257214772488889e-02   8.686123860967577e-03   8.686123860967577e-03

 Column 4:

   8.631451910158832e-03
   8.686123860967581e-03

ans = 1.674741844178336e-21
ans = 8.228973679436515e-21
ans = 4.840635095266176e-21
ans = 4.840841890419314e-21
nbcr = 4
lambda0 = 3.501084296647659
kmpl_prod = 0.180000000000000
 Time :      1.00000
 Time :      2.00000
 Time :      3.01000
 Time :      4.01000
 Time :      5.01000
 Time :      6.01000
 Time :      7.01000
 Time :      8.01000
 Time :      9.01000
 Time :     10.01000
 Time :     11.01000
 Time :     12.01000
 Time :     13.01000
 Time :     14.01000
 Time :     15.01000
 Time :     16.01000
 Time :     17.01000
 Time :     18.00000
 Time :     19.00000
 Time :     20.00000
 Time :     21.00000
 Time :     22.00000
 Time :     23.00000
 Time :     24.00000
 Time :     25.00000
 Time :     26.00000
 Time :     27.00000
 Time :     28.00000
 Time :     29.00000
 Time :     30.00000
 Time :     31.00000
 Time :     32.00000
 Time :     33.00000
 Time :     34.00000
 Time :     35.00000
dtime = 18.12173835933208
mbcr =

   8.086451474662353e-05   6.239518668636770e-05   6.264880056932055e-05

agsout =

 Columns 1 through 3:

   3.251561695585363e-02   8.631451910158832e-03   8.631451910158834e-03
   3.257214772488889e-02   8.686123860967577e-03   8.686123860967577e-03
   3.257228382362820e-02   8.686276561748946e-03   8.686276561748961e-03

 Column 4:

   8.631451910158832e-03
   8.686123860967581e-03
   8.686276561748967e-03

ans = 1.105829079201806e-20
ans = 4.833461888391692e-21
ans = 8.222963695298435e-21
ans = 4.835516915226004e-21
nbcr = 4
lambda0 = 3.501084296647659
kmpl_prod = 0.180000000000000
 Time :      1.00000
 Time :      2.00000
 Time :      3.01000
 Time :      4.01000
 Time :      5.01000
 Time :      6.01000
 Time :      7.01000
 Time :      8.01000
 Time :      9.01000
 Time :     10.01000
 Time :     11.01000
 Time :     12.01000
 Time :     13.01000
 Time :     14.01000
 Time :     15.01000
 Time :     16.01000
 Time :     17.01000
 Time :     18.00000
 Time :     19.00000
 Time :     20.00000
 Time :     21.00000
 Time :     22.00000
 Time :     23.00000
 Time :     24.00000
 Time :     25.00000
 Time :     26.00000
 Time :     27.00000
 Time :     28.00000
 Time :     29.00000
 Time :     30.00000
 Time :     31.00000
 Time :     32.00000
 Time :     33.00000
 Time :     34.00000
 Time :     35.00000
dtime = 17.87275560200214
mbcr =

 Columns 1 through 3:

   8.086451474662353e-05   6.239518668636770e-05   6.264880056932055e-05

 Column 4:

   3.456427471396129e-04

agsout =

 Columns 1 through 3:

   3.251561695585363e-02   8.631451910158832e-03   8.631451910158834e-03
   3.257214772488889e-02   8.686123860967577e-03   8.686123860967577e-03
   3.257228382362820e-02   8.686276561748946e-03   8.686276561748961e-03
   3.250227331172999e-02   8.680754978357909e-03   8.680754978357909e-03

 Column 4:

   8.631451910158832e-03
   8.686123860967581e-03
   8.686276561748967e-03
   8.680754978357907e-03

ans = -5.562376029112835e-21
ans = 4.022605168239516e-21
ans = 4.022579318845374e-21
ans = 1.079908846612413e-20
nbcr = 4
lambda0 = 3.501084296647659
kmpl_prod = 0.180000000000000
 Time :      1.00000
 Time :      2.00000
 Time :      3.01000
 Time :      4.01000
 Time :      5.01000
 Time :      6.01000
 Time :      7.01000
 Time :      8.01000
 Time :      9.01000
 Time :     10.01000
 Time :     11.01000
 Time :     12.01000
 Time :     13.01000
 Time :     14.01000
 Time :     15.01000
 Time :     16.01000
 Time :     17.01000
 Time :     18.00000
 Time :     19.00000
 Time :     20.00000
 Time :     21.00000
 Time :     22.00000
 Time :     23.00000
 Time :     24.00000
 Time :     25.00000
 Time :     26.00000
 Time :     27.00000
 Time :     28.00000
 Time :     29.00000
 Time :     30.00000
 Time :     31.00000
 Time :     32.00000
 Time :     33.00000
 Time :     34.00000
 Time :     35.00000
dtime = 17.59524755179882
mbcr =

 Columns 1 through 3:

   8.086451474662353e-05   6.239518668636770e-05   6.264880056932055e-05

 Columns 4 and 5:

   3.456427471396129e-04   1.314897843000261e-01

agsout =

 Columns 1 through 3:

   3.251561695585363e-02   8.631451910158832e-03   8.631451910158834e-03
   3.257214772488889e-02   8.686123860967577e-03   8.686123860967577e-03
   3.257228382362820e-02   8.686276561748946e-03   8.686276561748961e-03
   3.250227331172999e-02   8.680754978357909e-03   8.680754978357909e-03
   4.242026491973862e-03   6.729459793099694e-03   6.729459793099680e-03

 Column 4:

   8.631451910158832e-03
   8.686123860967581e-03
   8.686276561748967e-03
   8.680754978357907e-03
   6.729459793099674e-03

ans = 1.279152099252002e-20
ans = 1.573459083789248e-20
ans = 1.573384120546235e-20
ans = 1.912080977174315e-20
nbcr = 4
lambda0 = 3.501084296647659
kmpl_prod = 0.180000000000000
 Time :      1.00000
 Time :      2.00000
 Time :      3.01000
 Time :      4.01000
 Time :      5.01000
 Time :      6.01000
 Time :      7.01000
 Time :      8.01000
 Time :      9.01000
 Time :     10.01000
 Time :     11.01000
 Time :     12.01000
 Time :     13.01000
 Time :     14.01000
 Time :     15.01000
 Time :     16.01000
 Time :     17.01000
 Time :     18.00000
 Time :     19.00000
 Time :     20.00000
 Time :     21.00000
 Time :     22.00000
 Time :     23.00000
 Time :     24.00000
 Time :     25.00000
 Time :     26.00000
 Time :     27.00000
 Time :     28.00000
 Time :     29.00000
 Time :     30.00000
 Time :     31.00000
 Time :     32.00000
 Time :     33.00000
 Time :     34.00000
 Time :     35.00000
dtime = 17.96427592635155
mbcr =

 Columns 1 through 3:

   8.086451474662353e-05   6.239518668636770e-05   6.264880056932055e-05

 Columns 4 through 6:

   3.456427471396129e-04   1.314897843000261e-01   1.290863734070508e-02

agsout =

 Columns 1 through 3:

   3.251561695585363e-02   8.631451910158832e-03   8.631451910158834e-03
   3.257214772488889e-02   8.686123860967577e-03   8.686123860967577e-03
   3.257228382362820e-02   8.686276561748946e-03   8.686276561748961e-03
   3.250227331172999e-02   8.680754978357909e-03   8.680754978357909e-03
   4.242026491973862e-03   6.729459793099694e-03   6.729459793099680e-03
   2.929747222685436e-02   8.434184396827740e-03   8.434184396827743e-03

 Column 4:

   8.631451910158832e-03
   8.686123860967581e-03
   8.686276561748967e-03
   8.680754978357907e-03
   6.729459793099674e-03
   8.434184396827743e-03

ans = -3.465886766597186e-22
ans = 5.039339388037898e-22
ans = -2.882000651711318e-21
ans = 5.063637818531643e-22
dkps =

 Columns 1 through 3:

   3.067869612078905e+00   1.055633100673036e+00   3.980294645233776e+01

 Columns 4 through 6:

   2.621749246123020e+00   1.626380691027603e+00   1.388235255942139e+00

nbcr = 5
lambda0 = 3.501084296647659
kmpl_prod = 0.180000000000000
 Time :      1.00000
 Time :      2.00000
 Time :      3.01000
 Time :      4.01000
 Time :      5.01000
 Time :      6.01000
 Time :      7.01000
 Time :      8.01000
 Time :      9.01000
 Time :     10.01000
 Time :     11.01000
 Time :     12.01000
 Time :     13.01000
 Time :     14.01000
 Time :     15.01000
 Time :     16.01000
 Time :     17.01000
 Time :     18.00000
 Time :     19.00000
 Time :     20.00000
 Time :     21.00000
 Time :     22.00000
 Time :     23.00000
 Time :     24.00000
 Time :     25.00000
 Time :     26.00000
 Time :     27.00000
 Time :     28.00000
 Time :     29.00000
 Time :     30.00000
 Time :     31.00000
 Time :     32.00000
 Time :     33.00000
 Time :     34.00000
 Time :     35.00000
dtime = 23.18719066679478
mbcr = 7.054979795831962e-05
agsout =

 Columns 1 through 3:

   2.550437965822603e-02   7.395864400809258e-03   7.395864400809281e-03

 Columns 4 and 5:

   7.395864400809266e-03   7.395864400809270e-03

ans = 7.687972731796426e-21
ans = 1.201076589184653e-20
ans = 1.540422265605704e-20
ans = 8.622065416158199e-21
ans = 1.201190326518879e-20
nbcr = 5
lambda0 = 3.501084296647659
kmpl_prod = 0.180000000000000
 Time :      1.00000
 Time :      2.00000
 Time :      3.01000
 Time :      4.01000
 Time :      5.01000
 Time :      6.01000
 Time :      7.01000
 Time :      8.01000
 Time :      9.01000
 Time :     10.01000
 Time :     11.01000
 Time :     12.01000
 Time :     13.01000
 Time :     14.01000
 Time :     15.01000
 Time :     16.01000
 Time :     17.01000
 Time :     18.00000
 Time :     19.00000
 Time :     20.00000
 Time :     21.00000
 Time :     22.00000
 Time :     23.00000
 Time :     24.00000
 Time :     25.00000
 Time :     26.00000
 Time :     27.00000
 Time :     28.00000
 Time :     29.00000
 Time :     30.00000
 Time :     31.00000
 Time :     32.00000
 Time :     33.00000
 Time :     34.00000
 Time :     35.00000
dtime = 22.95945100486279
mbcr =

   7.054979795831962e-05   8.267211369751222e-05

agsout =

 Columns 1 through 3:

   2.550437965822603e-02   7.395864400809258e-03   7.395864400809281e-03
   2.554005202445432e-02   7.435864942862282e-03   7.435864942862275e-03

 Columns 4 and 5:

   7.395864400809266e-03   7.395864400809270e-03
   7.435864942862277e-03   7.435864942862278e-03

ans = -5.587605037795702e-21
ans = 2.399547559439764e-21
ans = -4.376173181317651e-21
ans = 5.788118788157384e-21
ans = 2.403450817955249e-21
nbcr = 5
lambda0 = 3.501084296647659
kmpl_prod = 0.180000000000000
 Time :      1.00000
 Time :      2.00000
 Time :      3.01000
 Time :      4.01000
 Time :      5.01000
 Time :      6.01000
 Time :      7.01000
 Time :      8.01000
 Time :      9.01000
 Time :     10.01000
 Time :     11.01000
 Time :     12.01000
 Time :     13.01000
 Time :     14.01000
 Time :     15.01000
 Time :     16.01000
 Time :     17.01000
 Time :     18.00000
 Time :     19.00000
 Time :     20.00000
 Time :     21.00000
 Time :     22.00000
 Time :     23.00000
 Time :     24.00000
 Time :     25.00000
 Time :     26.00000
 Time :     27.00000
 Time :     28.00000
 Time :     29.00000
 Time :     30.00000
 Time :     31.00000
 Time :     32.00000
 Time :     33.00000
 Time :     34.00000
 Time :     35.00000
dtime = 22.65071198344231
mbcr =

   7.054979795831962e-05   8.267211369751222e-05   7.586273547086163e-02

agsout =

 Columns 1 through 3:

   2.550437965822603e-02   7.395864400809258e-03   7.395864400809281e-03
   2.554005202445432e-02   7.435864942862282e-03   7.435864942862275e-03
   8.387452010210503e-03   6.250181800508705e-03   6.250181800508707e-03

 Columns 4 and 5:

   7.395864400809266e-03   7.395864400809270e-03
   7.435864942862277e-03   7.435864942862278e-03
   6.250181800508714e-03   6.250181800508715e-03

ans = 6.817622608662054e-21
ans = -1.860303348237617e-21
ans = 1.529482802004690e-21
ans = -1.859295221866068e-21
ans = -5.245410758140171e-21
nbcr = 5
lambda0 = 3.501084296647659
kmpl_prod = 0.180000000000000
 Time :      1.00000
 Time :      2.00000
 Time :      3.01000
 Time :      4.01000
 Time :      5.01000
 Time :      6.01000
 Time :      7.01000
 Time :      8.01000
 Time :      9.01000
 Time :     10.01000
 Time :     11.01000
 Time :     12.01000
 Time :     13.01000
 Time :     14.01000
 Time :     15.01000
 Time :     16.01000
 Time :     17.01000
 Time :     18.00000
 Time :     19.00000
 Time :     20.00000
 Time :     21.00000
 Time :     22.00000
 Time :     23.00000
 Time :     24.00000
 Time :     25.00000
 Time :     26.00000
 Time :     27.00000
 Time :     28.00000
 Time :     29.00000
 Time :     30.00000
 Time :     31.00000
 Time :     32.00000
 Time :     33.00000
 Time :     34.00000
 Time :     35.00000
dtime = 22.51714803278446
mbcr =

 Columns 1 through 3:

   7.054979795831962e-05   8.267211369751222e-05   7.586273547086163e-02

 Column 4:

   3.743863468568225e-03

agsout =

 Columns 1 through 3:

   2.550437965822603e-02   7.395864400809258e-03   7.395864400809281e-03
   2.554005202445432e-02   7.435864942862282e-03   7.435864942862275e-03
   8.387452010210503e-03   6.250181800508705e-03   6.250181800508707e-03
   2.454832370177566e-02   7.368153846287794e-03   7.368153846287783e-03

 Columns 4 and 5:

   7.395864400809266e-03   7.395864400809270e-03
   7.435864942862277e-03   7.435864942862278e-03
   6.250181800508714e-03   6.250181800508715e-03
   7.368153846287768e-03   7.368153846287776e-03

ans = 6.984299502091489e-21
ans = 1.656429176637438e-22
ans = 3.557238525496011e-21
ans = 3.554576037899356e-21
ans = 3.555093025782202e-21
nbcr = 5
lambda0 = 3.501084296647659
kmpl_prod = 0.180000000000000
 Time :      1.00000
 Time :      2.00000
 Time :      3.01000
 Time :      4.01000
 Time :      5.01000
 Time :      6.01000
 Time :      7.01000
 Time :      8.01000
 Time :      9.01000
 Time :     10.01000
 Time :     11.01000
 Time :     12.01000
 Time :     13.01000
 Time :     14.01000
 Time :     15.01000
 Time :     16.01000
 Time :     17.01000
 Time :     18.00000
 Time :     19.00000
 Time :     20.00000
 Time :     21.00000
 Time :     22.00000
 Time :     23.00000
 Time :     24.00000
 Time :     25.00000
 Time :     26.00000
 Time :     27.00000
 Time :     28.00000
 Time :     29.00000
 Time :     30.00000
 Time :     31.00000
 Time :     32.00000
 Time :     33.00000
 Time :     34.00000
 Time :     35.00000
dtime = 22.70319610834122
mbcr =

 Columns 1 through 3:

   7.054979795831962e-05   8.267211369751222e-05   7.586273547086163e-02

 Columns 4 and 5:

   3.743863468568225e-03   6.216093976101131e-02

agsout =

 Columns 1 through 3:

   2.550437965822603e-02   7.395864400809258e-03   7.395864400809281e-03
   2.554005202445432e-02   7.435864942862282e-03   7.435864942862275e-03
   8.387452010210503e-03   6.250181800508705e-03   6.250181800508707e-03
   2.454832370177566e-02   7.368153846287794e-03   7.368153846287783e-03
   1.072497620375828e-02   6.435194090794075e-03   6.435194090794100e-03

 Columns 4 and 5:

   7.395864400809266e-03   7.395864400809270e-03
   7.435864942862277e-03   7.435864942862278e-03
   6.250181800508714e-03   6.250181800508715e-03
   7.368153846287768e-03   7.368153846287776e-03
   6.435194090794098e-03   6.435194090794098e-03

ans = -4.728164381353106e-21
ans = 2.295400350440510e-21
ans = 1.246199291599421e-20
ans = 5.688340126768175e-21
ans = 9.073783578794579e-21
nbcr = 5
lambda0 = 3.501084296647659
kmpl_prod = 0.180000000000000
 Time :      1.00000
 Time :      2.00000
 Time :      3.01000
 Time :      4.01000
 Time :      5.01000
 Time :      6.01000
 Time :      7.01000
 Time :      8.01000
 Time :      9.01000
 Time :     10.01000
 Time :     11.01000
 Time :     12.01000
 Time :     13.01000
 Time :     14.01000
 Time :     15.01000
 Time :     16.01000
 Time :     17.01000
 Time :     18.00000
 Time :     19.00000
 Time :     20.00000
 Time :     21.00000
 Time :     22.00000
 Time :     23.00000
 Time :     24.00000
 Time :     25.00000
 Time :     26.00000
 Time :     27.00000
 Time :     28.00000
 Time :     29.00000
 Time :     30.00000
 Time :     31.00000
 Time :     32.00000
 Time :     33.00000
 Time :     34.00000
 Time :     35.00000
dtime = 22.33877442777157
mbcr =

 Columns 1 through 3:

   7.054979795831962e-05   8.267211369751222e-05   7.586273547086163e-02

 Columns 4 through 6:

   3.743863468568225e-03   6.216093976101131e-02   1.059432449755840e-01

agsout =

 Columns 1 through 3:

   2.550437965822603e-02   7.395864400809258e-03   7.395864400809281e-03
   2.554005202445432e-02   7.435864942862282e-03   7.435864942862275e-03
   8.387452010210503e-03   6.250181800508705e-03   6.250181800508707e-03
   2.454832370177566e-02   7.368153846287794e-03   7.368153846287783e-03
   1.072497620375828e-02   6.435194090794075e-03   6.435194090794100e-03
   3.617221878740335e-03   6.078732607220257e-03   6.078732607220257e-03

 Columns 4 and 5:

   7.395864400809266e-03   7.395864400809270e-03
   7.435864942862277e-03   7.435864942862278e-03
   6.250181800508714e-03   6.250181800508715e-03
   7.368153846287768e-03   7.368153846287776e-03
   6.435194090794098e-03   6.435194090794098e-03
   6.078732607220270e-03   6.078732607220272e-03

ans = 5.505714157152952e-21
ans = 1.005541432134774e-20
ans = 6.666351954141419e-21
ans = 6.672529959341425e-21
ans = 6.664232303821752e-21
dkps =

 Columns 1 through 3:

   3.459991439539151e+02   8.249338308035140e+00   5.825433018592392e-01

 Columns 4 through 6:

   3.406248868385733e+00   5.059119161981046e+01   4.266245602962449e+01

nbcr = 7
lambda0 = 3.501084296647659
kmpl_prod = 0.180000000000000
 Time :      1.00000
 Time :      2.00000
 Time :      3.01000
 Time :      4.01000
 Time :      5.01000
 Time :      6.01000
 Time :      7.01000
 Time :      8.01000
 Time :      9.01000
 Time :     10.01000
 Time :     11.01000
 Time :     12.01000
 Time :     13.01000
 Time :     14.01000
 Time :     15.01000
 Time :     16.01000
 Time :     17.01000
 Time :     18.00000
 Time :     19.00000
 Time :     20.00000
 Time :     21.00000
 Time :     22.00000
 Time :     23.00000
 Time :     24.00000
 Time :     25.00000
 Time :     26.00000
 Time :     27.00000
 Time :     28.00000
 Time :     29.00000
 Time :     30.00000
 Time :     31.00000
 Time :     32.00000
 Time :     33.00000
 Time :     34.00000
 Time :     35.00000
dtime = 32.63725005090237
mbcr = 5.989004650738202e-05
agsout =

 Columns 1 through 3:

   1.836455120498745e-02   6.159693172691312e-03   6.159693172691340e-03

 Columns 4 through 6:

   6.159693172691325e-03   6.159693172691329e-03   6.159693172691320e-03

 Column 7:

   6.159693172691320e-03

ans = 5.648101303869487e-21
ans = 1.023144869545668e-20
ans = 1.700905644198649e-20
ans = 1.700905644198649e-20
ans = 1.022994943059643e-20
ans = 1.700538582801828e-20
ans = 1.023201738212781e-20
nbcr = 7
lambda0 = 3.501084296647659
kmpl_prod = 0.180000000000000
 Time :      1.00000
 Time :      2.00000
 Time :      3.01000
 Time :      4.01000
 Time :      5.01000
 Time :      6.01000
 Time :      7.01000
 Time :      8.01000
 Time :      9.01000
 Time :     10.01000
 Time :     11.01000
 Time :     12.01000
 Time :     13.01000
 Time :     14.01000
 Time :     15.01000
 Time :     16.01000
 Time :     17.01000
 Time :     18.00000
 Time :     19.00000
 Time :     20.00000
 Time :     21.00000
 Time :     22.00000
 Time :     23.00000
 Time :     24.00000
 Time :     25.00000
 Time :     26.00000
 Time :     27.00000
 Time :     28.00000
 Time :     29.00000
 Time :     30.00000
 Time :     31.00000
 Time :     32.00000
 Time :     33.00000
 Time :     34.00000
 Time :     35.00000
dtime = 32.36182406544685
mbcr =

   5.989004650738202e-05   4.635993875919337e-05

agsout =

 Columns 1 through 3:

   1.836455120498745e-02   6.159693172691312e-03   6.159693172691340e-03
   1.838904887851690e-02   6.182852820343758e-03   6.182852820343759e-03

 Columns 4 through 6:

   6.159693172691325e-03   6.159693172691329e-03   6.159693172691320e-03
   6.182852820343739e-03   6.182852820343765e-03   6.182852820343753e-03

 Column 7:

   6.159693172691320e-03
   6.182852820343756e-03

ans = 1.567259012572002e-21
ans = -4.258791082517548e-21
ans = -7.646043992133911e-21
ans = -4.259514865553531e-21
ans = -1.442111849803777e-20
ans = -8.732442329145744e-22
ans = -7.649662907313831e-21
nbcr = 7
lambda0 = 3.501084296647659
kmpl_prod = 0.180000000000000
 Time :      1.00000
 Time :      2.00000
 Time :      3.01000
 Time :      4.01000
 Time :      5.01000
 Time :      6.01000
 Time :      7.01000
 Time :      8.01000
 Time :      9.01000
 Time :     10.01000
 Time :     11.01000
 Time :     12.01000
 Time :     13.01000
 Time :     14.01000
 Time :     15.01000
 Time :     16.01000
 Time :     17.01000
 Time :     18.00000
 Time :     19.00000
 Time :     20.00000
 Time :     21.00000
 Time :     22.00000
 Time :     23.00000
 Time :     24.00000
 Time :     25.00000
 Time :     26.00000
 Time :     27.00000
 Time :     28.00000
 Time :     29.00000
 Time :     30.00000
 Time :     31.00000
 Time :     32.00000
 Time :     33.00000
 Time :     34.00000
 Time :     35.00000
dtime = 32.17166215181351
mbcr =

   5.989004650738202e-05   4.635993875919337e-05   4.893737701822969e-05

agsout =

 Columns 1 through 3:

   1.836455120498745e-02   6.159693172691312e-03   6.159693172691340e-03
   1.838904887851690e-02   6.182852820343758e-03   6.182852820343759e-03
   1.838928992183696e-02   6.183346935411375e-03   6.183346935411355e-03

 Columns 4 through 6:

   6.159693172691325e-03   6.159693172691329e-03   6.159693172691320e-03
   6.182852820343739e-03   6.182852820343765e-03   6.182852820343753e-03
   6.183346935411374e-03   6.183346935411356e-03   6.183346935411355e-03

 Column 7:

   6.159693172691320e-03
   6.182852820343756e-03
   6.183346935411354e-03

ans = -1.078293259478520e-20
ans = 1.188658540238701e-21
ans = -2.199318152413647e-21
ans = 7.957270697606988e-21
ans = 4.574205389841674e-21
ans = -2.207434862174323e-21
ans = 1.183592058986813e-21
nbcr = 7
lambda0 = 3.501084296647659
kmpl_prod = 0.180000000000000
 Time :      1.00000
 Time :      2.00000
 Time :      3.01000
 Time :      4.01000
 Time :      5.01000
 Time :      6.01000
 Time :      7.01000
 Time :      8.01000
 Time :      9.01000
 Time :     10.01000
 Time :     11.01000
 Time :     12.01000
 Time :     13.01000
 Time :     14.01000
 Time :     15.01000
 Time :     16.01000
 Time :     17.01000
 Time :     18.00000
 Time :     19.00000
 Time :     20.00000
 Time :     21.00000
 Time :     22.00000
 Time :     23.00000
 Time :     24.00000
 Time :     25.00000
 Time :     26.00000
 Time :     27.00000
 Time :     28.00000
 Time :     29.00000
 Time :     30.00000
 Time :     31.00000
 Time :     32.00000
 Time :     33.00000
 Time :     34.00000
 Time :     35.00000
dtime = 32.16627091169357
mbcr =

 Columns 1 through 3:

   5.989004650738202e-05   4.635993875919337e-05   4.893737701822969e-05

 Column 4:

   1.679538964385210e-02

agsout =

 Columns 1 through 3:

   1.836455120498745e-02   6.159693172691312e-03   6.159693172691340e-03
   1.838904887851690e-02   6.182852820343758e-03   6.182852820343759e-03
   1.838928992183696e-02   6.183346935411375e-03   6.183346935411355e-03
   1.436782720005394e-02   5.909280206183845e-03   5.909280206183856e-03

 Columns 4 through 6:

   6.159693172691325e-03   6.159693172691329e-03   6.159693172691320e-03
   6.182852820343739e-03   6.182852820343765e-03   6.182852820343753e-03
   6.183346935411374e-03   6.183346935411356e-03   6.183346935411355e-03
   5.909280206183818e-03   5.909280206183842e-03   5.909280206183847e-03

 Column 7:

   6.159693172691320e-03
   6.182852820343756e-03
   6.183346935411354e-03
   5.909280206183847e-03

ans = 3.030789764394293e-21
ans = 1.038427031362586e-20
ans = 1.377860595723720e-20
ans = 1.038928509608946e-20
ans = 7.003117861027071e-21
ans = 1.038659675909866e-20
ans = 1.377824406571921e-20
nbcr = 7
lambda0 = 3.501084296647659
kmpl_prod = 0.180000000000000
 Time :      1.00000
 Time :      2.00000
 Time :      3.01000
 Time :      4.01000
 Time :      5.01000
 Time :      6.01000
 Time :      7.01000
 Time :      8.01000
 Time :      9.01000
 Time :     10.01000
 Time :     11.01000
 Time :     12.01000
 Time :     13.01000
 Time :     14.01000
 Time :     15.01000
 Time :     16.01000
 Time :     17.01000
 Time :     18.00000
 Time :     19.00000
 Time :     20.00000
 Time :     21.00000
 Time :     22.00000
 Time :     23.00000
 Time :     24.00000
 Time :     25.00000
 Time :     26.00000
 Time :     27.00000
 Time :     28.00000
 Time :     29.00000
 Time :     30.00000
 Time :     31.00000
 Time :     32.00000
 Time :     33.00000
 Time :     34.00000
 Time :     35.00000
dtime = 32.10269249975681
mbcr =

 Columns 1 through 3:

   5.989004650738202e-05   4.635993875919337e-05   4.893737701822969e-05

 Columns 4 and 5:

   1.679538964385210e-02   8.049174739499244e-02

agsout =

 Columns 1 through 3:

   1.836455120498745e-02   6.159693172691312e-03   6.159693172691340e-03
   1.838904887851690e-02   6.182852820343758e-03   6.182852820343759e-03
   1.838928992183696e-02   6.183346935411375e-03   6.183346935411355e-03
   1.436782720005394e-02   5.909280206183845e-03   5.909280206183856e-03
   2.696145254113888e-03   5.336340431266102e-03   5.336340431266112e-03

 Columns 4 through 6:

   6.159693172691325e-03   6.159693172691329e-03   6.159693172691320e-03
   6.182852820343739e-03   6.182852820343765e-03   6.182852820343753e-03
   6.183346935411374e-03   6.183346935411356e-03   6.183346935411355e-03
   5.909280206183818e-03   5.909280206183842e-03   5.909280206183847e-03
   5.336340431266110e-03   5.336340431266102e-03   5.336340431266110e-03

 Column 7:

   6.159693172691320e-03
   6.182852820343756e-03
   6.183346935411354e-03
   5.909280206183847e-03
   5.336340431266105e-03

ans = -2.924910645987506e-21
ans = -2.814275239058538e-21
ans = 3.969691458430264e-21
ans = -2.804607565649325e-21
ans = -6.201528148674902e-21
ans = 5.784577421159892e-22
ans = -2.806778914757277e-21
nbcr = 7
lambda0 = 3.501084296647659
kmpl_prod = 0.180000000000000
 Time :      1.00000
 Time :      2.00000
 Time :      3.01000
 Time :      4.01000
 Time :      5.01000
 Time :      6.01000
 Time :      7.01000
 Time :      8.01000
 Time :      9.01000
 Time :     10.01000
 Time :     11.01000
 Time :     12.01000
 Time :     13.01000
 Time :     14.01000
 Time :     15.01000
 Time :     16.01000
 Time :     17.01000
 Time :     18.00000
 Time :     19.00000
 Time :     20.00000
 Time :     21.00000
 Time :     22.00000
 Time :     23.00000
 Time :     24.00000
 Time :     25.00000
 Time :     26.00000
 Time :     27.00000
 Time :     28.00000
 Time :     29.00000
 Time :     30.00000
 Time :     31.00000
 Time :     32.00000
 Time :     33.00000
 Time :     34.00000
 Time :     35.00000
dtime = 31.88034407794476
mbcr =

 Columns 1 through 3:

   5.989004650738202e-05   4.635993875919337e-05   4.893737701822969e-05

 Columns 4 through 6:

   1.679538964385210e-02   8.049174739499244e-02   1.740491512475376e-03

agsout =

 Columns 1 through 3:

   1.836455120498745e-02   6.159693172691312e-03   6.159693172691340e-03
   1.838904887851690e-02   6.182852820343758e-03   6.182852820343759e-03
   1.838928992183696e-02   6.183346935411375e-03   6.183346935411355e-03
   1.436782720005394e-02   5.909280206183845e-03   5.909280206183856e-03
   2.696145254113888e-03   5.336340431266102e-03   5.336340431266112e-03
   1.789595451869393e-02   6.155081645533810e-03   6.155081645533822e-03

 Columns 4 through 6:

   6.159693172691325e-03   6.159693172691329e-03   6.159693172691320e-03
   6.182852820343739e-03   6.182852820343765e-03   6.182852820343753e-03
   6.183346935411374e-03   6.183346935411356e-03   6.183346935411355e-03
   5.909280206183818e-03   5.909280206183842e-03   5.909280206183847e-03
   5.336340431266110e-03   5.336340431266102e-03   5.336340431266110e-03
   6.155081645533800e-03   6.155081645533808e-03   6.155081645533807e-03

 Column 7:

   6.159693172691320e-03
   6.182852820343756e-03
   6.183346935411354e-03
   5.909280206183847e-03
   5.336340431266105e-03
   6.155081645533805e-03

ans = 5.775788627151516e-21
ans = -1.758999572594013e-21
ans = -1.763497367174770e-21
ans = -1.767581571449251e-21
ans = 1.630889975224863e-21
ans = 1.629390710364611e-21
ans = 1.630217890977164e-21
dkps =

 Columns 1 through 3:

   3.803847592561985e+00   1.095059319797222e+01   1.313480230238940e+01

 Columns 4 through 6:

   3.043732465832110e+01   5.816478879909315e-01   2.086912017645238e+01

nbcr = 10
lambda0 = 3.501084296647659
kmpl_prod = 0.180000000000000
 Time :      1.00000
 Time :      2.00000
 Time :      3.01000
 Time :      4.01000
 Time :      5.01000
 Time :      6.01000
 Time :      7.01000
 Time :      8.01000
 Time :      9.01000
 Time :     10.01000
 Time :     11.01000
 Time :     12.01000
 Time :     13.01000
 Time :     14.01000
 Time :     15.01000
 Time :     16.01000
 Time :     17.01000
 Time :     18.00000
 Time :     19.00000
 Time :     20.00000
 Time :     21.00000
 Time :     22.00000
 Time :     23.00000
 Time :     24.00000
 Time :     25.00000
 Time :     26.00000
 Time :     27.00000
 Time :     28.00000
 Time :     29.00000
 Time :     30.00000
 Time :     31.00000
 Time :     32.00000
 Time :     33.00000
 Time :     34.00000
 Time :     35.00000
dtime = 47.30184562504292
mbcr = 5.221270471672276e-05
agsout =

 Columns 1 through 3:

   1.352833048523765e-02   5.332073814795330e-03   5.332073814795323e-03

 Columns 4 through 6:

   5.332073814795276e-03   5.332073814795324e-03   5.332073814795273e-03

 Columns 7 through 9:

   5.332073814795321e-03   5.332073814795288e-03   5.332073814795291e-03

 Column 10:

   5.332073814795284e-03

ans = 1.376388960558901e-21
ans = -1.414789040195385e-21
ans = 1.973135953668678e-21
ans = 1.968689857876206e-21
ans = 1.968172869993360e-21
ans = -1.411480317745173e-21
ans = -1.419855521447272e-21
ans = -1.420269111753549e-21
ans = 1.968276267569929e-21
ans = 5.356511454163700e-21
nbcr = 10
lambda0 = 3.501084296647659
kmpl_prod = 0.180000000000000
 Time :      1.00000
 Time :      2.00000
 Time :      3.01000
 Time :      4.01000
 Time :      5.01000
 Time :      6.01000
 Time :      7.01000
 Time :      8.01000
 Time :      9.01000
 Time :     10.01000
 Time :     11.01000
 Time :     12.01000
 Time :     13.01000
 Time :     14.01000
 Time :     15.01000
 Time :     16.01000
 Time :     17.01000
 Time :     18.00000
 Time :     19.00000
 Time :     20.00000
 Time :     21.00000
 Time :     22.00000
 Time :     23.00000
 Time :     24.00000
 Time :     25.00000
 Time :     26.00000
 Time :     27.00000
 Time :     28.00000
 Time :     29.00000
 Time :     30.00000
 Time :     31.00000
 Time :     32.00000
 Time :     33.00000
 Time :     34.00000
 Time :     35.00000
dtime = 46.76891751587391
mbcr =

   5.221270471672276e-05   4.543608579021657e-05

agsout =

 Columns 1 through 3:

   1.352833048523765e-02   5.332073814795330e-03   5.332073814795323e-03
   1.353666205802167e-02   5.339825787645142e-03   5.339825787645128e-03

 Columns 4 through 6:

   5.332073814795276e-03   5.332073814795324e-03   5.332073814795273e-03
   5.339825787645133e-03   5.339825787645222e-03   5.339825787645128e-03

 Columns 7 through 9:

   5.332073814795321e-03   5.332073814795288e-03   5.332073814795291e-03
   5.339825787645212e-03   5.339825787645225e-03   5.339825787645221e-03

 Column 10:

   5.332073814795284e-03
   5.339825787645221e-03

ans = 4.032505486196010e-22
ans = 1.180366054597857e-20
ans = 8.407670541142112e-21
ans = 1.518941419073468e-20
ans = 5.021399908503155e-21
ans = 1.519117194953635e-20
ans = 1.179414796893421e-20
ans = 1.179270040286224e-20
ans = 8.400949698665118e-21
ans = 8.400949698665118e-21
nbcr = 10
lambda0 = 3.501084296647659
kmpl_prod = 0.180000000000000
 Time :      1.00000
 Time :      2.00000
 Time :      3.01000
 Time :      4.01000
 Time :      5.01000
 Time :      6.01000
 Time :      7.01000
 Time :      8.01000
 Time :      9.01000
 Time :     10.01000
 Time :     11.01000
 Time :     12.01000
 Time :     13.01000
 Time :     14.01000
 Time :     15.01000
 Time :     16.01000
 Time :     17.01000
 Time :     18.00000
 Time :     19.00000
 Time :     20.00000
 Time :     21.00000
 Time :     22.00000
 Time :     23.00000
 Time :     24.00000
 Time :     25.00000
 Time :     26.00000
 Time :     27.00000
 Time :     28.00000
 Time :     29.00000
 Time :     30.00000
 Time :     31.00000
 Time :     32.00000
 Time :     33.00000
 Time :     34.00000
 Time :     35.00000
dtime = 45.84348499774933
mbcr =

   5.221270471672276e-05   4.543608579021657e-05   3.730941459748446e-04

agsout =

 Columns 1 through 3:

   1.352833048523765e-02   5.332073814795330e-03   5.332073814795323e-03
   1.353666205802167e-02   5.339825787645142e-03   5.339825787645128e-03
   1.344823300039326e-02   5.335558634238590e-03   5.335558634238561e-03

 Columns 4 through 6:

   5.332073814795276e-03   5.332073814795324e-03   5.332073814795273e-03
   5.339825787645133e-03   5.339825787645222e-03   5.339825787645128e-03
   5.335558634238575e-03   5.335558634238588e-03   5.335558634238569e-03

 Columns 7 through 9:

   5.332073814795321e-03   5.332073814795288e-03   5.332073814795291e-03
   5.339825787645212e-03   5.339825787645225e-03   5.339825787645221e-03
   5.335558634238574e-03   5.335558634238572e-03   5.335558634238577e-03

 Column 10:

   5.332073814795284e-03
   5.339825787645221e-03
   5.335558634238579e-03

ans = 6.715052212705479e-21
ans = -8.927139965825413e-21
ans = 1.227536029028693e-21
ans = 4.625593985396531e-21
ans = -2.152013761133271e-21
ans = 1.236118027883931e-21
ans = 4.632935213332939e-21
ans = 4.632935213332939e-21
ans = 1.241081111559249e-21
ans = 1.241081111559249e-21
nbcr = 10
lambda0 = 3.501084296647659
kmpl_prod = 0.180000000000000
 Time :      1.00000
 Time :      2.00000
 Time :      3.01000
 Time :      4.01000
 Time :      5.01000
 Time :      6.01000
 Time :      7.01000
 Time :      8.01000
 Time :      9.01000
 Time :     10.01000
 Time :     11.01000
 Time :     12.01000
 Time :     13.01000
 Time :     14.01000
 Time :     15.01000
 Time :     16.01000
 Time :     17.01000
 Time :     18.00000
 Time :     19.00000
 Time :     20.00000
 Time :     21.00000
 Time :     22.00000
 Time :     23.00000
 Time :     24.00000
 Time :     25.00000
 Time :     26.00000
 Time :     27.00000
 Time :     28.00000
 Time :     29.00000
 Time :     30.00000
 Time :     31.00000
 Time :     32.00000
 Time :     33.00000
 Time :     34.00000
 Time :     35.00000
dtime = 46.06535062193871
mbcr =

 Columns 1 through 3:

   5.221270471672276e-05   4.543608579021657e-05   3.730941459748446e-04

 Column 4:

   5.657363695883461e-03

agsout =

 Columns 1 through 3:

   1.352833048523765e-02   5.332073814795330e-03   5.332073814795323e-03
   1.353666205802167e-02   5.339825787645142e-03   5.339825787645128e-03
   1.344823300039326e-02   5.335558634238590e-03   5.335558634238561e-03
   1.201345988063739e-02   5.257849723104764e-03   5.257849723104727e-03

 Columns 4 through 6:

   5.332073814795276e-03   5.332073814795324e-03   5.332073814795273e-03
   5.339825787645133e-03   5.339825787645222e-03   5.339825787645128e-03
   5.335558634238575e-03   5.335558634238588e-03   5.335558634238569e-03
   5.257849723104739e-03   5.257849723104765e-03   5.257849723104785e-03

 Columns 7 through 9:

   5.332073814795321e-03   5.332073814795288e-03   5.332073814795291e-03
   5.339825787645212e-03   5.339825787645225e-03   5.339825787645221e-03
   5.335558634238574e-03   5.335558634238572e-03   5.335558634238577e-03
   5.257849723104735e-03   5.257849723104728e-03   5.257849723104728e-03

 Column 10:

   5.332073814795284e-03
   5.339825787645221e-03
   5.335558634238579e-03
   5.257849723104728e-03

ans = 1.917404659897918e-21
ans = 6.314593398653244e-21
ans = 6.309423519824788e-21
ans = -4.684944194347210e-22
ans = 2.925220838717213e-21
ans = -4.610497939217438e-22
ans = -4.649789018313707e-22
ans = 2.932355271500483e-21
ans = -3.856419413298784e-21
ans = 2.923152887185831e-21
nbcr = 10
lambda0 = 3.501084296647659
kmpl_prod = 0.180000000000000
 Time :      1.00000
 Time :      2.00000
 Time :      3.01000
 Time :      4.01000
 Time :      5.01000
 Time :      6.01000
 Time :      7.01000
 Time :      8.01000
 Time :      9.01000
 Time :     10.01000
 Time :     11.01000
 Time :     12.01000
 Time :     13.01000
 Time :     14.01000
 Time :     15.01000
 Time :     16.01000
 Time :     17.01000
 Time :     18.00000
 Time :     19.00000
 Time :     20.00000
 Time :     21.00000
 Time :     22.00000
 Time :     23.00000
 Time :     24.00000
 Time :     25.00000
 Time :     26.00000
 Time :     27.00000
 Time :     28.00000
 Time :     29.00000
 Time :     30.00000
 Time :     31.00000
 Time :     32.00000
 Time :     33.00000
 Time :     34.00000
 Time :     35.00000
dtime = 45.94258926808834
mbcr =

 Columns 1 through 3:

   5.221270471672276e-05   4.543608579021657e-05   3.730941459748446e-04

 Columns 4 and 5:

   5.657363695883461e-03   9.671716510169729e-04

agsout =

 Columns 1 through 3:

   1.352833048523765e-02   5.332073814795330e-03   5.332073814795323e-03
   1.353666205802167e-02   5.339825787645142e-03   5.339825787645128e-03
   1.344823300039326e-02   5.335558634238590e-03   5.335558634238561e-03
   1.201345988063739e-02   5.257849723104764e-03   5.257849723104727e-03
   1.326388459673387e-02   5.327080765939833e-03   5.327080765939834e-03

 Columns 4 through 6:

   5.332073814795276e-03   5.332073814795324e-03   5.332073814795273e-03
   5.339825787645133e-03   5.339825787645222e-03   5.339825787645128e-03
   5.335558634238575e-03   5.335558634238588e-03   5.335558634238569e-03
   5.257849723104739e-03   5.257849723104765e-03   5.257849723104785e-03
   5.327080765939854e-03   5.327080765939848e-03   5.327080765939848e-03

 Columns 7 through 9:

   5.332073814795321e-03   5.332073814795288e-03   5.332073814795291e-03
   5.339825787645212e-03   5.339825787645225e-03   5.339825787645221e-03
   5.335558634238574e-03   5.335558634238572e-03   5.335558634238577e-03
   5.257849723104735e-03   5.257849723104728e-03   5.257849723104728e-03
   5.327080765939848e-03   5.327080765939851e-03   5.327080765939838e-03

 Column 10:

   5.332073814795284e-03
   5.339825787645221e-03
   5.335558634238579e-03
   5.257849723104728e-03
   5.327080765939838e-03

ans = 1.151518130735070e-20
ans = 4.551768115726173e-21
ans = 4.552181706032450e-21
ans = -2.233801244199451e-21
ans = -2.224598859884799e-21
ans = 4.547425417510270e-21
ans = 1.163532929132403e-21
ans = 4.554870043023247e-21
ans = 1.163429531555833e-21
ans = 7.930594122852153e-21
nbcr = 10
lambda0 = 3.501084296647659
kmpl_prod = 0.180000000000000
 Time :      1.00000
 Time :      2.00000
 Time :      3.01000
 Time :      4.01000
 Time :      5.01000
 Time :      6.01000
 Time :      7.01000
 Time :      8.01000
 Time :      9.01000
 Time :     10.01000
 Time :     11.01000
 Time :     12.01000
 Time :     13.01000
 Time :     14.01000
 Time :     15.01000
 Time :     16.01000
 Time :     17.01000
 Time :     18.00000
 Time :     19.00000
 Time :     20.00000
 Time :     21.00000
 Time :     22.00000
 Time :     23.00000
 Time :     24.00000
 Time :     25.00000
 Time :     26.00000
 Time :     27.00000
 Time :     28.00000
 Time :     29.00000
 Time :     30.00000
 Time :     31.00000
 Time :     32.00000
 Time :     33.00000
 Time :     34.00000
 Time :     35.00000
dtime = 45.82774378359318
mbcr =

 Columns 1 through 3:

   5.221270471672276e-05   4.543608579021657e-05   3.730941459748446e-04

 Columns 4 through 6:

   5.657363695883461e-03   9.671716510169729e-04   8.306508219481874e-02

agsout =

 Columns 1 through 3:

   1.352833048523765e-02   5.332073814795330e-03   5.332073814795323e-03
   1.353666205802167e-02   5.339825787645142e-03   5.339825787645128e-03
   1.344823300039326e-02   5.335558634238590e-03   5.335558634238561e-03
   1.201345988063739e-02   5.257849723104764e-03   5.257849723104727e-03
   1.326388459673387e-02   5.327080765939833e-03   5.327080765939834e-03
   8.186894189509715e-04   4.867495128927565e-03   4.867495128927564e-03

 Columns 4 through 6:

   5.332073814795276e-03   5.332073814795324e-03   5.332073814795273e-03
   5.339825787645133e-03   5.339825787645222e-03   5.339825787645128e-03
   5.335558634238575e-03   5.335558634238588e-03   5.335558634238569e-03
   5.257849723104739e-03   5.257849723104765e-03   5.257849723104785e-03
   5.327080765939854e-03   5.327080765939848e-03   5.327080765939848e-03
   4.867495128927536e-03   4.867495128927533e-03   4.867495128927562e-03

 Columns 7 through 9:

   5.332073814795321e-03   5.332073814795288e-03   5.332073814795291e-03
   5.339825787645212e-03   5.339825787645225e-03   5.339825787645221e-03
   5.335558634238574e-03   5.335558634238572e-03   5.335558634238577e-03
   5.257849723104735e-03   5.257849723104728e-03   5.257849723104728e-03
   5.327080765939848e-03   5.327080765939851e-03   5.327080765939838e-03
   4.867495128927562e-03   4.867495128927556e-03   4.867495128927564e-03

 Column 10:

   5.332073814795284e-03
   5.339825787645221e-03
   5.335558634238579e-03
   5.257849723104728e-03
   5.327080765939838e-03
   4.867495128927566e-03

ans = 2.329340604949326e-21
ans = 1.083399807291328e-20
ans = 1.083761698809320e-20
ans = 4.064972325238716e-21
ans = 4.060319434293105e-21
ans = 1.083451506079613e-20
ans = 1.084568199906559e-20
ans = 4.058251482761723e-21
ans = 7.453207511832487e-21
ans = 4.063111168860472e-21
dkps =

 Columns 1 through 3:

   8.381055769789009e-01   1.262263320294987e+01   3.014817671652267e+01

 Columns 4 through 6:

   1.264627217791310e+01   1.198282624887578e+01   3.813467708653686e+00

nbcr = 15
lambda0 = 3.501084296647659
kmpl_prod = 0.180000000000000
 Time :      1.00000
 Time :      2.00000
 Time :      3.01000
 Time :      4.01000
 Time :      5.01000
 Time :      6.01000
 Time :      7.01000
 Time :      8.01000
 Time :      9.01000
 Time :     10.01000
 Time :     11.01000
 Time :     12.01000
 Time :     13.01000
 Time :     14.01000
 Time :     15.01000
 Time :     16.01000
 Time :     17.01000
 Time :     18.00000
 Time :     19.00000
 Time :     20.00000
 Time :     21.00000
 Time :     22.00000
 Time :     23.00000
 Time :     24.00000
 Time :     25.00000
 Time :     26.00000
 Time :     27.00000
 Time :     28.00000
 Time :     29.00000
 Time :     30.00000
 Time :     31.00000
 Time :     32.00000
 Time :     33.00000
 Time :     34.00000
 Time :     35.00000
dtime = 72.86709621548653
mbcr = 4.601583056215314e-05
agsout =

 Columns 1 through 3:

   1.003277977874561e-02   4.736198918091843e-03   4.736198918091818e-03

 Columns 4 through 6:

   4.736198918091864e-03   4.736198918091825e-03   4.736198918091832e-03

 Columns 7 through 9:

   4.736198918091827e-03   4.736198918091827e-03   4.736198918091829e-03

 Columns 10 through 12:

   4.736198918091844e-03   4.736198918091815e-03   4.736198918091814e-03

 Columns 13 through 15:

   4.736198918091833e-03   4.736198918091814e-03   4.736198918091811e-03

ans = 9.470003628632895e-21
ans = -9.578751493364060e-22
ans = -7.725039740632725e-21
ans = -9.642857990836920e-22
ans = -4.346627323813022e-21
ans = -9.735915809749136e-22
ans = -1.112040936000977e-20
ans = -4.343732191669087e-21
ans = -7.731657185533150e-21
ans = -4.341457444984566e-21
ans = -4.340630264372013e-21
ans = -7.728762053389214e-21
ans = -9.556004026518852e-22
ans = -4.343732191669087e-21
ans = -7.732070775839426e-21
nbcr = 15
lambda0 = 3.501084296647659
kmpl_prod = 0.180000000000000
 Time :      1.00000
 Time :      2.00000
 Time :      3.01000
 Time :      4.01000
 Time :      5.01000
 Time :      6.01000
 Time :      7.01000
 Time :      8.01000
 Time :      9.01000
 Time :     10.01000
 Time :     11.01000
 Time :     12.01000
 Time :     13.01000
 Time :     14.01000
 Time :     15.01000
 Time :     16.01000
 Time :     17.01000
 Time :     18.00000
 Time :     19.00000
 Time :     20.00000
 Time :     21.00000
 Time :     22.00000
 Time :     23.00000
 Time :     24.00000
 Time :     25.00000
 Time :     26.00000
 Time :     27.00000
 Time :     28.00000
 Time :     29.00000
 Time :     30.00000
 Time :     31.00000
 Time :     32.00000
 Time :     33.00000
 Time :     34.00000
 Time :     35.00000
dtime = 70.74359133839607
mbcr =

   4.601583056215314e-05   6.020506862065644e-05

agsout =

 Columns 1 through 3:

   1.003277977874561e-02   4.736198918091843e-03   4.736198918091818e-03
   1.002163830302647e-02   4.728319089293329e-03   4.728319089293352e-03

 Columns 4 through 6:

   4.736198918091864e-03   4.736198918091825e-03   4.736198918091832e-03
   4.728319089293354e-03   4.728319089293335e-03   4.728319089293357e-03

 Columns 7 through 9:

   4.736198918091827e-03   4.736198918091827e-03   4.736198918091829e-03
   4.728319089293318e-03   4.728319089293343e-03   4.728319089293324e-03

 Columns 10 through 12:

   4.736198918091844e-03   4.736198918091815e-03   4.736198918091814e-03
   4.728319089293343e-03   4.728319089293304e-03   4.728319089293343e-03

 Columns 13 through 15:

   4.736198918091833e-03   4.736198918091814e-03   4.736198918091811e-03
   4.728319089293311e-03   4.728319089293343e-03   4.728319089293342e-03

ans = -6.743176353532282e-21
ans = 1.732322997839178e-21
ans = 1.188431065570249e-20
ans = 1.714331819516150e-21
ans = 8.491008987856829e-21
ans = 5.125004280225421e-21
ans = 5.113423751649679e-21
ans = 5.105979126136702e-21
ans = -1.672352403429084e-21
ans = 5.106392716442978e-21
ans = 8.498246818216668e-21
ans = 8.506725419495337e-21
ans = 5.110115029199467e-21
ans = 1.188968732968408e-20
ans = 5.108460667974361e-21
nbcr = 15
lambda0 = 3.501084296647659
kmpl_prod = 0.180000000000000
 Time :      1.00000
 Time :      2.00000
 Time :      3.01000
 Time :      4.01000
 Time :      5.01000
 Time :      6.01000
 Time :      7.01000
 Time :      8.01000
 Time :      9.01000
 Time :     10.01000
 Time :     11.01000
 Time :     12.01000
 Time :     13.01000
 Time :     14.01000
 Time :     15.01000
 Time :     16.01000
 Time :     17.01000
 Time :     18.00000
 Time :     19.00000
 Time :     20.00000
 Time :     21.00000
 Time :     22.00000
 Time :     23.00000
 Time :     24.00000
 Time :     25.00000
 Time :     26.00000
 Time :     27.00000
 Time :     28.00000
 Time :     29.00000
 Time :     30.00000
 Time :     31.00000
 Time :     32.00000
 Time :     33.00000
 Time :     34.00000
 Time :     35.00000
dtime = 71.05947174131870
mbcr =

   4.601583056215314e-05   6.020506862065644e-05   2.871446458306138e-03

agsout =

 Columns 1 through 3:

   1.003277977874561e-02   4.736198918091843e-03   4.736198918091818e-03
   1.002163830302647e-02   4.728319089293329e-03   4.728319089293352e-03
   9.280554148501100e-03   4.690645288605901e-03   4.690645288605886e-03

 Columns 4 through 6:

   4.736198918091864e-03   4.736198918091825e-03   4.736198918091832e-03
   4.728319089293354e-03   4.728319089293335e-03   4.728319089293357e-03
   4.690645288605921e-03   4.690645288605938e-03   4.690645288605915e-03

 Columns 7 through 9:

   4.736198918091827e-03   4.736198918091827e-03   4.736198918091829e-03
   4.728319089293318e-03   4.728319089293343e-03   4.728319089293324e-03
   4.690645288605905e-03   4.690645288605917e-03   4.690645288605912e-03

 Columns 10 through 12:

   4.736198918091844e-03   4.736198918091815e-03   4.736198918091814e-03
   4.728319089293343e-03   4.728319089293304e-03   4.728319089293343e-03
   4.690645288605912e-03   4.690645288605923e-03   4.690645288605916e-03

 Columns 13 through 15:

   4.736198918091833e-03   4.736198918091814e-03   4.736198918091811e-03
   4.728319089293311e-03   4.728319089293343e-03   4.728319089293342e-03
   4.690645288605906e-03   4.690645288605911e-03   4.690645288605910e-03

ans = -7.342055117020674e-21
ans = 1.171267067859773e-20
ans = 1.173210942299273e-20
ans = 8.319782601058352e-21
ans = 8.317921444680108e-21
ans = 8.318541830139523e-21
ans = 4.939922618166681e-21
ans = 1.170005617425630e-20
ans = 8.323298118661703e-21
ans = 1.170977554645380e-20
ans = 8.315646697995587e-21
ans = 1.170708720946300e-20
ans = 8.309442843401440e-21
ans = 8.328054407183883e-21
ans = 8.312337975545375e-21
nbcr = 15
lambda0 = 3.501084296647659
kmpl_prod = 0.180000000000000
 Time :      1.00000
 Time :      2.00000
 Time :      3.01000
 Time :      4.01000
 Time :      5.01000
 Time :      6.01000
 Time :      7.01000
 Time :      8.01000
 Time :      9.01000
 Time :     10.01000
 Time :     11.01000
 Time :     12.01000
 Time :     13.01000
 Time :     14.01000
 Time :     15.01000
 Time :     16.01000
 Time :     17.01000
 Time :     18.00000
 Time :     19.00000
 Time :     20.00000
 Time :     21.00000
 Time :     22.00000
 Time :     23.00000
 Time :     24.00000
 Time :     25.00000
 Time :     26.00000
 Time :     27.00000
 Time :     28.00000
 Time :     29.00000
 Time :     30.00000
 Time :     31.00000
 Time :     32.00000
 Time :     33.00000
 Time :     34.00000
 Time :     35.00000
dtime = 70.91572880744934
mbcr =

 Columns 1 through 3:

   4.601583056215314e-05   6.020506862065644e-05   2.871446458306138e-03

 Column 4:

   1.065484562264260e-03

agsout =

 Columns 1 through 3:

   1.003277977874561e-02   4.736198918091843e-03   4.736198918091818e-03
   1.002163830302647e-02   4.728319089293329e-03   4.728319089293352e-03
   9.280554148501100e-03   4.690645288605901e-03   4.690645288605886e-03
   9.723351397302992e-03   4.716265114320807e-03   4.716265114320810e-03

 Columns 4 through 6:

   4.736198918091864e-03   4.736198918091825e-03   4.736198918091832e-03
   4.728319089293354e-03   4.728319089293335e-03   4.728319089293357e-03
   4.690645288605921e-03   4.690645288605938e-03   4.690645288605915e-03
   4.716265114320869e-03   4.716265114320771e-03   4.716265114320778e-03

 Columns 7 through 9:

   4.736198918091827e-03   4.736198918091827e-03   4.736198918091829e-03
   4.728319089293318e-03   4.728319089293343e-03   4.728319089293324e-03
   4.690645288605905e-03   4.690645288605917e-03   4.690645288605912e-03
   4.716265114320781e-03   4.716265114320792e-03   4.716265114320797e-03

 Columns 10 through 12:

   4.736198918091844e-03   4.736198918091815e-03   4.736198918091814e-03
   4.728319089293343e-03   4.728319089293304e-03   4.728319089293343e-03
   4.690645288605912e-03   4.690645288605923e-03   4.690645288605916e-03
   4.716265114320807e-03   4.716265114320802e-03   4.716265114320805e-03

 Columns 13 through 15:

   4.736198918091833e-03   4.736198918091814e-03   4.736198918091811e-03
   4.728319089293311e-03   4.728319089293343e-03   4.728319089293342e-03
   4.690645288605906e-03   4.690645288605911e-03   4.690645288605910e-03
   4.716265114320802e-03   4.716265114320801e-03   4.716265114320800e-03

ans = -6.867253445415236e-21
ans = 5.311947098662405e-21
ans = 8.685810022113067e-21
ans = 8.696770165229395e-21
ans = 8.705869151967478e-21
ans = 1.208304079786835e-20
ans = 5.329938276985434e-21
ans = 5.309258761671608e-21
ans = 8.685189636653652e-21
ans = 8.692634262166630e-21
ans = 5.312153893815544e-21
ans = 5.312981074428097e-21
ans = 1.547344733357007e-20
ans = 1.209172619430016e-20
ans = 5.303468497383737e-21
nbcr = 15
lambda0 = 3.501084296647659
kmpl_prod = 0.180000000000000
 Time :      1.00000
 Time :      2.00000
 Time :      3.01000
 Time :      4.01000
 Time :      5.01000
 Time :      6.01000
 Time :      7.01000
 Time :      8.01000
 Time :      9.01000
 Time :     10.01000
 Time :     11.01000
 Time :     12.01000
 Time :     13.01000
 Time :     14.01000
 Time :     15.01000
 Time :     16.01000
 Time :     17.01000
 Time :     18.00000
 Time :     19.00000
 Time :     20.00000
 Time :     21.00000
 Time :     22.00000
 Time :     23.00000
 Time :     24.00000
 Time :     25.00000
 Time :     26.00000
 Time :     27.00000
 Time :     28.00000
 Time :     29.00000
 Time :     30.00000
 Time :     31.00000
 Time :     32.00000
 Time :     33.00000
 Time :     34.00000
 Time :     35.00000
dtime = 70.29450908303261
mbcr =

 Columns 1 through 3:

   4.601583056215314e-05   6.020506862065644e-05   2.871446458306138e-03

 Columns 4 and 5:

   1.065484562264260e-03   3.048452033422403e-03

agsout =

 Columns 1 through 3:

   1.003277977874561e-02   4.736198918091843e-03   4.736198918091818e-03
   1.002163830302647e-02   4.728319089293329e-03   4.728319089293352e-03
   9.280554148501100e-03   4.690645288605901e-03   4.690645288605886e-03
   9.723351397302992e-03   4.716265114320807e-03   4.716265114320810e-03
   9.186292624427252e-03   4.689580487129006e-03   4.689580487129007e-03

 Columns 4 through 6:

   4.736198918091864e-03   4.736198918091825e-03   4.736198918091832e-03
   4.728319089293354e-03   4.728319089293335e-03   4.728319089293357e-03
   4.690645288605921e-03   4.690645288605938e-03   4.690645288605915e-03
   4.716265114320869e-03   4.716265114320771e-03   4.716265114320778e-03
   4.689580487129027e-03   4.689580487129031e-03   4.689580487129065e-03

 Columns 7 through 9:

   4.736198918091827e-03   4.736198918091827e-03   4.736198918091829e-03
   4.728319089293318e-03   4.728319089293343e-03   4.728319089293324e-03
   4.690645288605905e-03   4.690645288605917e-03   4.690645288605912e-03
   4.716265114320781e-03   4.716265114320792e-03   4.716265114320797e-03
   4.689580487129015e-03   4.689580487129024e-03   4.689580487129059e-03

 Columns 10 through 12:

   4.736198918091844e-03   4.736198918091815e-03   4.736198918091814e-03
   4.728319089293343e-03   4.728319089293304e-03   4.728319089293343e-03
   4.690645288605912e-03   4.690645288605923e-03   4.690645288605916e-03
   4.716265114320807e-03   4.716265114320802e-03   4.716265114320805e-03
   4.689580487129078e-03   4.689580487129020e-03   4.689580487129023e-03

 Columns 13 through 15:

   4.736198918091833e-03   4.736198918091814e-03   4.736198918091811e-03
   4.728319089293311e-03   4.728319089293343e-03   4.728319089293342e-03
   4.690645288605906e-03   4.690645288605911e-03   4.690645288605910e-03
   4.716265114320802e-03   4.716265114320801e-03   4.716265114320800e-03
   4.689580487129070e-03   4.689580487129020e-03   4.689580487129018e-03

ans = 1.109745509801142e-20
ans = 1.046507551971463e-20
ans = 7.081493224066470e-21
ans = 7.067431153653068e-21
ans = 3.679506159789005e-21
ans = 1.046114641180500e-20
ans = 1.048037836104686e-20
ans = 3.669786787591507e-21
ans = 1.047169296461505e-20
ans = 3.683435267698632e-21
ans = 3.686537194995706e-21
ans = 2.065180476330517e-20
ans = 1.046610949548032e-20
ans = 7.092453367182798e-21
ans = 7.105481461830508e-21
nbcr = 15
lambda0 = 3.501084296647659
kmpl_prod = 0.180000000000000
 Time :      1.00000
 Time :      2.00000
 Time :      3.01000
 Time :      4.01000
 Time :      5.01000
 Time :      6.01000
 Time :      7.01000
 Time :      8.01000
 Time :      9.01000
 Time :     10.01000
 Time :     11.01000
 Time :     12.01000
 Time :     13.01000
 Time :     14.01000
 Time :     15.01000
 Time :     16.01000
 Time :     17.01000
 Time :     18.00000
 Time :     19.00000
 Time :     20.00000
 Time :     21.00000
 Time :     22.00000
 Time :     23.00000
 Time :     24.00000
 Time :     25.00000
 Time :     26.00000
 Time :     27.00000
 Time :     28.00000
 Time :     29.00000
 Time :     30.00000
 Time :     31.00000
 Time :     32.00000
 Time :     33.00000
 Time :     34.00000
 Time :     35.00000
dtime = 70.96703611314297
mbcr =

 Columns 1 through 3:

   4.601583056215314e-05   6.020506862065644e-05   2.871446458306138e-03

 Columns 4 through 6:

   1.065484562264260e-03   3.048452033422403e-03   5.017589267069461e-03

agsout =

 Columns 1 through 3:

   1.003277977874561e-02   4.736198918091843e-03   4.736198918091818e-03
   1.002163830302647e-02   4.728319089293329e-03   4.728319089293352e-03
   9.280554148501100e-03   4.690645288605901e-03   4.690645288605886e-03
   9.723351397302992e-03   4.716265114320807e-03   4.716265114320810e-03
   9.186292624427252e-03   4.689580487129006e-03   4.689580487129007e-03
   8.671681896802751e-03   4.664037242495851e-03   4.664037242495821e-03

 Columns 4 through 6:

   4.736198918091864e-03   4.736198918091825e-03   4.736198918091832e-03
   4.728319089293354e-03   4.728319089293335e-03   4.728319089293357e-03
   4.690645288605921e-03   4.690645288605938e-03   4.690645288605915e-03
   4.716265114320869e-03   4.716265114320771e-03   4.716265114320778e-03
   4.689580487129027e-03   4.689580487129031e-03   4.689580487129065e-03
   4.664037242495819e-03   4.664037242495853e-03   4.664037242495875e-03

 Columns 7 through 9:

   4.736198918091827e-03   4.736198918091827e-03   4.736198918091829e-03
   4.728319089293318e-03   4.728319089293343e-03   4.728319089293324e-03
   4.690645288605905e-03   4.690645288605917e-03   4.690645288605912e-03
   4.716265114320781e-03   4.716265114320792e-03   4.716265114320797e-03
   4.689580487129015e-03   4.689580487129024e-03   4.689580487129059e-03
   4.664037242495894e-03   4.664037242495861e-03   4.664037242495876e-03

 Columns 10 through 12:

   4.736198918091844e-03   4.736198918091815e-03   4.736198918091814e-03
   4.728319089293343e-03   4.728319089293304e-03   4.728319089293343e-03
   4.690645288605912e-03   4.690645288605923e-03   4.690645288605916e-03
   4.716265114320807e-03   4.716265114320802e-03   4.716265114320805e-03
   4.689580487129078e-03   4.689580487129020e-03   4.689580487129023e-03
   4.664037242495873e-03   4.664037242495856e-03   4.664037242495869e-03

 Columns 13 through 15:

   4.736198918091833e-03   4.736198918091814e-03   4.736198918091811e-03
   4.728319089293311e-03   4.728319089293343e-03   4.728319089293342e-03
   4.690645288605906e-03   4.690645288605911e-03   4.690645288605910e-03
   4.716265114320802e-03   4.716265114320801e-03   4.716265114320800e-03
   4.689580487129070e-03   4.689580487129020e-03   4.689580487129018e-03
   4.664037242495869e-03   4.664037242495867e-03   4.664037242495866e-03

ans = 6.091358030840496e-21
ans = 4.346420528659884e-21
ans = 7.727521282470385e-21
ans = 9.584955347958208e-22
ans = 9.549800171924705e-22
ans = 7.734759112830224e-21
ans = -2.435840108815528e-21
ans = -2.436253699121805e-21
ans = -2.457553599895045e-21
ans = 4.351383612335202e-21
ans = -2.424673170546062e-21
ans = 9.529120656610879e-22
ans = -2.445145890706750e-21
ans = 9.458810304543871e-22
ans = 9.479489819857697e-22
