warning: function /home/surgeon/flu/amcode/perelson21/1d2agt/4paper/2submit/run.m shadows a core library function
warning: called from
    driver at line 1 column 1

lambda0 = 3.501084296647659
kmpl_prod = 0.180000000000000
dkps =

 Columns 1 through 3:

   4.435949684499551e+00   3.052982248348861e+00   7.188196352886751e+00

 Columns 4 through 6:

   5.006454754244516e-01   1.204385176515369e+02   1.760805384610200e+02

nbcr = 2
lambda0 = 3.501084296647659
kmpl_prod = 0.180000000000000
 Time :      1.00000
 Time :      2.00000
 Time :      3.01000
 Time :      4.01000
 Time :      5.01000
 Time :      6.01000
 Time :      7.01000
 Time :      8.01000
 Time :      9.01000
 Time :     10.01000
 Time :     11.01000
 Time :     12.01000
 Time :     13.01000
 Time :     14.01000
 Time :     15.01000
 Time :     16.01000
 Time :     17.01000
 Time :     18.00000
 Time :     19.00000
 Time :     20.00000
 Time :     21.00000
 Time :     22.00000
 Time :     23.00000
 Time :     24.00000
 Time :     25.00000
 Time :     26.00000
 Time :     27.00000
 Time :     28.00000
 Time :     29.00000
 Time :     30.00000
 Time :     31.00000
 Time :     32.00000
 Time :     33.00000
 Time :     34.00000
 Time :     35.00000
dtime = 5.065160617232323
mbcr = 0.500000000000000
agsout =

   1.321377885238757e-02   1.321377885238757e-02

ans = 3.598515161179834e-21
ans = 6.174906503882619e-21
nbcr = 2
lambda0 = 3.501084296647659
kmpl_prod = 0.180000000000000
 Time :      1.00000
 Time :      2.00000
 Time :      3.01000
 Time :      4.01000
 Time :      5.01000
 Time :      6.01000
 Time :      7.01000
 Time :      8.01000
 Time :      9.01000
 Time :     10.01000
 Time :     11.01000
 Time :     12.01000
 Time :     13.01000
 Time :     14.01000
 Time :     15.01000
 Time :     16.01000
 Time :     17.01000
 Time :     18.00000
 Time :     19.00000
 Time :     20.00000
 Time :     21.00000
 Time :     22.00000
 Time :     23.00000
 Time :     24.00000
 Time :     25.00000
 Time :     26.00000
 Time :     27.00000
 Time :     28.00000
 Time :     29.00000
 Time :     30.00000
 Time :     31.00000
 Time :     32.00000
 Time :     33.00000
 Time :     34.00000
 Time :     35.00000
dtime = 5.163822323083878
mbcr =

   0.500000000000000   0.536879798161849

agsout =

   1.321377885238757e-02   1.321377885238757e-02
   2.982598055679597e-03   1.318161029847180e-02

ans = -4.658267619592375e-21
ans = 1.078343019562244e-21
nbcr = 2
lambda0 = 3.501084296647659
kmpl_prod = 0.180000000000000
 Time :      1.00000
 Time :      2.00000
 Time :      3.01000
 Time :      4.01000
 Time :      5.01000
 Time :      6.01000
 Time :      7.01000
 Time :      8.01000
 Time :      9.01000
 Time :     10.01000
 Time :     11.01000
 Time :     12.01000
 Time :     13.01000
 Time :     14.01000
 Time :     15.01000
 Time :     16.01000
 Time :     17.01000
 Time :     18.00000
 Time :     19.00000
 Time :     20.00000
 Time :     21.00000
 Time :     22.00000
 Time :     23.00000
 Time :     24.00000
 Time :     25.00000
 Time :     26.00000
 Time :     27.00000
 Time :     28.00000
 Time :     29.00000
 Time :     30.00000
 Time :     31.00000
 Time :     32.00000
 Time :     33.00000
 Time :     34.00000
 Time :     35.00000
dtime = 5.110352486371994
mbcr =

   0.500000000000000   0.536879798161849   0.537410514297880

agsout =

   1.321377885238757e-02   1.321377885238757e-02
   2.982598055679597e-03   1.318161029847180e-02
   1.103081803061713e-03   1.306416724048400e-02

ans = -1.786710123114540e-21
ans = 8.326474362966936e-21
nbcr = 2
lambda0 = 3.501084296647659
kmpl_prod = 0.180000000000000
 Time :      1.00000
 Time :      2.00000
 Time :      3.01000
 Time :      4.01000
 Time :      5.01000
 Time :      6.01000
 Time :      7.01000
 Time :      8.01000
 Time :      9.01000
 Time :     10.01000
 Time :     11.01000
 Time :     12.01000
 Time :     13.01000
 Time :     14.01000
 Time :     15.01000
 Time :     16.01000
 Time :     17.01000
 Time :     18.00000
 Time :     19.00000
 Time :     20.00000
 Time :     21.00000
 Time :     22.00000
 Time :     23.00000
 Time :     24.00000
 Time :     25.00000
 Time :     26.00000
 Time :     27.00000
 Time :     28.00000
 Time :     29.00000
 Time :     30.00000
 Time :     31.00000
 Time :     32.00000
 Time :     33.00000
 Time :     34.00000
 Time :     35.00000
dtime = 5.100042745471001
mbcr =

   0.500000000000000   0.536879798161849   0.537410514297880   0.535546760598633

agsout =

   1.321377885238757e-02   1.321377885238757e-02
   2.982598055679597e-03   1.318161029847180e-02
   1.103081803061713e-03   1.306416724048400e-02
   9.752874450751088e-04   1.305855087906644e-02

ans = -1.138200522872966e-21
ans = -6.971345724451938e-21
nbcr = 2
lambda0 = 3.501084296647659
kmpl_prod = 0.180000000000000
 Time :      1.00000
 Time :      2.00000
 Time :      3.01000
 Time :      4.01000
 Time :      5.01000
 Time :      6.01000
 Time :      7.01000
 Time :      8.01000
 Time :      9.01000
 Time :     10.01000
 Time :     11.01000
 Time :     12.01000
 Time :     13.01000
 Time :     14.01000
 Time :     15.01000
 Time :     16.01000
 Time :     17.01000
 Time :     18.00000
 Time :     19.00000
 Time :     20.00000
 Time :     21.00000
 Time :     22.00000
 Time :     23.00000
 Time :     24.00000
 Time :     25.00000
 Time :     26.00000
 Time :     27.00000
 Time :     28.00000
 Time :     29.00000
 Time :     30.00000
 Time :     31.00000
 Time :     32.00000
 Time :     33.00000
 Time :     34.00000
 Time :     35.00000
dtime = 5.546600371599197
mbcr =

 Columns 1 through 4:

   0.500000000000000   0.536879798161849   0.537410514297880   0.535546760598633

 Column 5:

   0.519810681183589

agsout =

   1.321377885238757e-02   1.321377885238757e-02
   2.982598055679597e-03   1.318161029847180e-02
   1.103081803061713e-03   1.306416724048400e-02
   9.752874450751088e-04   1.305855087906644e-02
   2.029573435983821e-04   1.291068482246240e-02

ans = 6.246867986000465e-21
ans = -8.809699705888490e-22
nbcr = 2
lambda0 = 3.501084296647659
kmpl_prod = 0.180000000000000
 Time :      1.00000
 Time :      2.00000
 Time :      3.01000
 Time :      4.01000
 Time :      5.01000
 Time :      6.01000
 Time :      7.01000
 Time :      8.01000
 Time :      9.01000
 Time :     10.01000
 Time :     11.01000
 Time :     12.01000
 Time :     13.01000
 Time :     14.01000
 Time :     15.01000
 Time :     16.01000
 Time :     17.01000
 Time :     18.00000
 Time :     19.00000
 Time :     20.00000
 Time :     21.00000
 Time :     22.00000
 Time :     23.00000
 Time :     24.00000
 Time :     25.00000
 Time :     26.00000
 Time :     27.00000
 Time :     28.00000
 Time :     29.00000
 Time :     30.00000
 Time :     31.00000
 Time :     32.00000
 Time :     33.00000
 Time :     34.00000
 Time :     35.00000
dtime = 5.304487422108650
mbcr =

 Columns 1 through 4:

   0.500000000000000   0.536879798161849   0.537410514297880   0.535546760598633

 Columns 5 and 6:

   0.519810681183589   0.521497899509807

agsout =

   1.321377885238757e-02   1.321377885238757e-02
   2.982598055679597e-03   1.318161029847180e-02
   1.103081803061713e-03   1.306416724048400e-02
   9.752874450751088e-04   1.305855087906644e-02
   2.029573435983821e-04   1.291068482246240e-02
   2.947444271621942e-03   1.314854795392159e-02

ans = -9.492931504811684e-22
ans = 2.402394223969683e-21
dkps =

 Columns 1 through 3:

   2.179015453800290e+01   1.440053807470437e+01   3.507554914879017e+00

 Columns 4 through 6:

   1.199813681888897e+01   2.728975892252582e+02   2.028080525947776e+01

nbcr = 3
lambda0 = 3.501084296647659
kmpl_prod = 0.180000000000000
 Time :      1.00000
 Time :      2.00000
 Time :      3.01000
 Time :      4.01000
 Time :      5.01000
 Time :      6.01000
 Time :      7.01000
 Time :      8.01000
 Time :      9.01000
 Time :     10.01000
 Time :     11.01000
 Time :     12.01000
 Time :     13.01000
 Time :     14.01000
 Time :     15.01000
 Time :     16.01000
 Time :     17.01000
 Time :     18.00000
 Time :     19.00000
 Time :     20.00000
 Time :     21.00000
 Time :     22.00000
 Time :     23.00000
 Time :     24.00000
 Time :     25.00000
 Time :     26.00000
 Time :     27.00000
 Time :     28.00000
 Time :     29.00000
 Time :     30.00000
 Time :     31.00000
 Time :     32.00000
 Time :     33.00000
 Time :     34.00000
 Time :     35.00000
dtime = 12.35356405377388
mbcr = 0.333333333333333
agsout =

   1.071449975371288e-02   1.071449975371288e-02   1.071449975371288e-02

ans = -5.682601561268589e-21
ans = -6.012116713097330e-22
ans = -5.993505149314887e-22
nbcr = 3
lambda0 = 3.501084296647659
kmpl_prod = 0.180000000000000
 Time :      1.00000
 Time :      2.00000
 Time :      3.01000
 Time :      4.01000
 Time :      5.01000
 Time :      6.01000
 Time :      7.01000
 Time :      8.01000
 Time :      9.01000
 Time :     10.01000
 Time :     11.01000
 Time :     12.01000
 Time :     13.01000
 Time :     14.01000
 Time :     15.01000
 Time :     16.01000
 Time :     17.01000
 Time :     18.00000
 Time :     19.00000
 Time :     20.00000
 Time :     21.00000
 Time :     22.00000
 Time :     23.00000
 Time :     24.00000
 Time :     25.00000
 Time :     26.00000
 Time :     27.00000
 Time :     28.00000
 Time :     29.00000
 Time :     30.00000
 Time :     31.00000
 Time :     32.00000
 Time :     33.00000
 Time :     34.00000
 Time :     35.00000
dtime = 12.32827752828598
mbcr =

   0.333333333333333   0.374410763662705

agsout =

   1.071449975371288e-02   1.071449975371288e-02   1.071449975371288e-02
   4.101786108048136e-03   1.076993615104834e-02   1.076993615104835e-02

ans = 4.383643656224770e-21
ans = 1.500947009576172e-20
ans = 4.844531891433125e-21
nbcr = 3
lambda0 = 3.501084296647659
kmpl_prod = 0.180000000000000
 Time :      1.00000
 Time :      2.00000
 Time :      3.01000
 Time :      4.01000
 Time :      5.01000
 Time :      6.01000
 Time :      7.01000
 Time :      8.01000
 Time :      9.01000
 Time :     10.01000
 Time :     11.01000
 Time :     12.01000
 Time :     13.01000
 Time :     14.01000
 Time :     15.01000
 Time :     16.01000
 Time :     17.01000
 Time :     18.00000
 Time :     19.00000
 Time :     20.00000
 Time :     21.00000
 Time :     22.00000
 Time :     23.00000
 Time :     24.00000
 Time :     25.00000
 Time :     26.00000
 Time :     27.00000
 Time :     28.00000
 Time :     29.00000
 Time :     30.00000
 Time :     31.00000
 Time :     32.00000
 Time :     33.00000
 Time :     34.00000
 Time :     35.00000
dtime = 12.05962076783180
mbcr =

   0.333333333333333   0.374410763662705   0.378280825748245

agsout =

   1.071449975371288e-02   1.071449975371288e-02   1.071449975371288e-02
   4.101786108048136e-03   1.076993615104834e-02   1.076993615104835e-02
   2.034341260016323e-03   1.073820445171481e-02   1.073820445171480e-02

ans = 6.452422368219892e-21
ans = -5.207774040269009e-21
ans = 4.955664899199331e-21
nbcr = 3
lambda0 = 3.501084296647659
kmpl_prod = 0.180000000000000
 Time :      1.00000
 Time :      2.00000
 Time :      3.01000
 Time :      4.01000
 Time :      5.01000
 Time :      6.01000
 Time :      7.01000
 Time :      8.01000
 Time :      9.01000
 Time :     10.01000
 Time :     11.01000
 Time :     12.01000
 Time :     13.01000
 Time :     14.01000
 Time :     15.01000
 Time :     16.01000
 Time :     17.01000
 Time :     18.00000
 Time :     19.00000
 Time :     20.00000
 Time :     21.00000
 Time :     22.00000
 Time :     23.00000
 Time :     24.00000
 Time :     25.00000
 Time :     26.00000
 Time :     27.00000
 Time :     28.00000
 Time :     29.00000
 Time :     30.00000
 Time :     31.00000
 Time :     32.00000
 Time :     33.00000
 Time :     34.00000
 Time :     35.00000
dtime = 12.11482062935829
mbcr =

   0.333333333333333   0.374410763662705   0.378280825748245   0.375347502152921

agsout =

   1.071449975371288e-02   1.071449975371288e-02   1.071449975371288e-02
   4.101786108048136e-03   1.076993615104834e-02   1.076993615104835e-02
   2.034341260016323e-03   1.073820445171481e-02   1.073820445171480e-02
   7.127485330693846e-04   1.063502224377578e-02   1.063502224377579e-02

ans = -1.707300784309449e-21
ans = -2.203202023883525e-21
ans = 4.571859557323262e-21
nbcr = 3
lambda0 = 3.501084296647659
kmpl_prod = 0.180000000000000
 Time :      1.00000
 Time :      2.00000
 Time :      3.01000
 Time :      4.01000
 Time :      5.01000
 Time :      6.01000
 Time :      7.01000
 Time :      8.01000
 Time :      9.01000
 Time :     10.01000
 Time :     11.01000
 Time :     12.01000
 Time :     13.01000
 Time :     14.01000
 Time :     15.01000
 Time :     16.01000
 Time :     17.01000
 Time :     18.00000
 Time :     19.00000
 Time :     20.00000
 Time :     21.00000
 Time :     22.00000
 Time :     23.00000
 Time :     24.00000
 Time :     25.00000
 Time :     26.00000
 Time :     27.00000
 Time :     28.00000
 Time :     29.00000
 Time :     30.00000
 Time :     31.00000
 Time :     32.00000
 Time :     33.00000
 Time :     34.00000
 Time :     35.00000
dtime = 11.92044429481030
mbcr =

 Columns 1 through 4:

   0.333333333333333   0.374410763662705   0.378280825748245   0.375347502152921

 Column 5:

   0.372022615189132

agsout =

   1.071449975371288e-02   1.071449975371288e-02   1.071449975371288e-02
   4.101786108048136e-03   1.076993615104834e-02   1.076993615104835e-02
   2.034341260016323e-03   1.073820445171481e-02   1.073820445171480e-02
   7.127485330693846e-04   1.063502224377578e-02   1.063502224377579e-02
   8.472384777570080e-04   1.065203536632718e-02   1.065203536632717e-02

ans = -4.506479977188895e-21
ans = 2.667877195333724e-21
ans = 6.056842627312014e-21
nbcr = 3
lambda0 = 3.501084296647659
kmpl_prod = 0.180000000000000
 Time :      1.00000
 Time :      2.00000
 Time :      3.01000
 Time :      4.01000
 Time :      5.01000
 Time :      6.01000
 Time :      7.01000
 Time :      8.01000
 Time :      9.01000
 Time :     10.01000
 Time :     11.01000
 Time :     12.01000
 Time :     13.01000
 Time :     14.01000
 Time :     15.01000
 Time :     16.01000
 Time :     17.01000
 Time :     18.00000
 Time :     19.00000
 Time :     20.00000
 Time :     21.00000
 Time :     22.00000
 Time :     23.00000
 Time :     24.00000
 Time :     25.00000
 Time :     26.00000
 Time :     27.00000
 Time :     28.00000
 Time :     29.00000
 Time :     30.00000
 Time :     31.00000
 Time :     32.00000
 Time :     33.00000
 Time :     34.00000
 Time :     35.00000
dtime = 11.75869703292847
mbcr =

 Columns 1 through 4:

   0.333333333333333   0.374410763662705   0.378280825748245   0.375347502152921

 Columns 5 and 6:

   0.372022615189132   0.366818586462288

agsout =

   1.071449975371288e-02   1.071449975371288e-02   1.071449975371288e-02
   4.101786108048136e-03   1.076993615104834e-02   1.076993615104835e-02
   2.034341260016323e-03   1.073820445171481e-02   1.073820445171480e-02
   7.127485330693846e-04   1.063502224377578e-02   1.063502224377579e-02
   8.472384777570080e-04   1.065203536632718e-02   1.065203536632717e-02
   5.409398648134950e-03   1.077809333964957e-02   1.077809333964957e-02

ans = -5.182286537644718e-22
ans = 2.878510983502109e-21
ans = -5.093816986192758e-22
dkps =

 Columns 1 through 3:

   4.950729303024719e+01   6.767092550810884e+01   7.127985602551769e+01

 Columns 4 through 6:

   3.848848581235086e+00   1.816029609344618e+00   7.904392564550551e+00

nbcr = 4
lambda0 = 3.501084296647659
kmpl_prod = 0.180000000000000
 Time :      1.00000
 Time :      2.00000
 Time :      3.01000
 Time :      4.01000
 Time :      5.01000
 Time :      6.01000
 Time :      7.01000
 Time :      8.01000
 Time :      9.01000
 Time :     10.01000
 Time :     11.01000
 Time :     12.01000
 Time :     13.01000
 Time :     14.01000
 Time :     15.01000
 Time :     16.01000
 Time :     17.01000
 Time :     18.00000
 Time :     19.00000
 Time :     20.00000
 Time :     21.00000
 Time :     22.00000
 Time :     23.00000
 Time :     24.00000
 Time :     25.00000
 Time :     26.00000
 Time :     27.00000
 Time :     28.00000
 Time :     29.00000
 Time :     30.00000
 Time :     31.00000
 Time :     32.00000
 Time :     33.00000
 Time :     34.00000
 Time :     35.00000
dtime = 18.22269335389137
mbcr = 0.250000000000000
agsout =

 Columns 1 through 3:

   9.250531836489721e-03   9.250531836489724e-03   9.250531836489724e-03

 Column 4:

   9.250531836489722e-03

ans = 9.468051462949737e-22
ans = 3.362915705031405e-21
ans = 3.363600713976176e-21
ans = -2.520315928872506e-23
nbcr = 4
lambda0 = 3.501084296647659
kmpl_prod = 0.180000000000000
 Time :      1.00000
 Time :      2.00000
 Time :      3.01000
 Time :      4.01000
 Time :      5.01000
 Time :      6.01000
 Time :      7.01000
 Time :      8.01000
 Time :      9.01000
 Time :     10.01000
 Time :     11.01000
 Time :     12.01000
 Time :     13.01000
 Time :     14.01000
 Time :     15.01000
 Time :     16.01000
 Time :     17.01000
 Time :     18.00000
 Time :     19.00000
 Time :     20.00000
 Time :     21.00000
 Time :     22.00000
 Time :     23.00000
 Time :     24.00000
 Time :     25.00000
 Time :     26.00000
 Time :     27.00000
 Time :     28.00000
 Time :     29.00000
 Time :     30.00000
 Time :     31.00000
 Time :     32.00000
 Time :     33.00000
 Time :     34.00000
 Time :     35.00000
dtime = 18.25431659817696
mbcr =

   0.250000000000000   0.284474632138321

agsout =

 Columns 1 through 3:

   9.250531836489721e-03   9.250531836489724e-03   9.250531836489724e-03
   4.449462284412317e-03   9.309714148934107e-03   9.309714148934101e-03

 Column 4:

   9.250531836489722e-03
   9.309714148934101e-03

ans = 1.108758062944907e-21
ans = 2.058852544644486e-21
ans = 2.059123963282980e-21
ans = 2.059434156012687e-21
nbcr = 4
lambda0 = 3.501084296647659
kmpl_prod = 0.180000000000000
 Time :      1.00000
 Time :      2.00000
 Time :      3.01000
 Time :      4.01000
 Time :      5.01000
 Time :      6.01000
 Time :      7.01000
 Time :      8.01000
 Time :      9.01000
 Time :     10.01000
 Time :     11.01000
 Time :     12.01000
 Time :     13.01000
 Time :     14.01000
 Time :     15.01000
 Time :     16.01000
 Time :     17.01000
 Time :     18.00000
 Time :     19.00000
 Time :     20.00000
 Time :     21.00000
 Time :     22.00000
 Time :     23.00000
 Time :     24.00000
 Time :     25.00000
 Time :     26.00000
 Time :     27.00000
 Time :     28.00000
 Time :     29.00000
 Time :     30.00000
 Time :     31.00000
 Time :     32.00000
 Time :     33.00000
 Time :     34.00000
 Time :     35.00000
dtime = 18.38865503668785
mbcr =

   0.250000000000000   0.284474632138321   0.289628914648499

agsout =

 Columns 1 through 3:

   9.250531836489721e-03   9.250531836489724e-03   9.250531836489724e-03
   4.449462284412317e-03   9.309714148934107e-03   9.309714148934101e-03
   3.525153301738343e-03   9.317933833501274e-03   9.317933833501275e-03

 Column 4:

   9.250531836489722e-03
   9.309714148934101e-03
   9.317933833501279e-03

ans = 7.215858374818052e-21
ans = 9.495051155131351e-21
ans = 2.719924950439209e-21
ans = 9.495257950284489e-21
nbcr = 4
lambda0 = 3.501084296647659
kmpl_prod = 0.180000000000000
 Time :      1.00000
 Time :      2.00000
 Time :      3.01000
 Time :      4.01000
 Time :      5.01000
 Time :      6.01000
 Time :      7.01000
 Time :      8.01000
 Time :      9.01000
 Time :     10.01000
 Time :     11.01000
 Time :     12.01000
 Time :     13.01000
 Time :     14.01000
 Time :     15.01000
 Time :     16.01000
 Time :     17.01000
 Time :     18.00000
 Time :     19.00000
 Time :     20.00000
 Time :     21.00000
 Time :     22.00000
 Time :     23.00000
 Time :     24.00000
 Time :     25.00000
 Time :     26.00000
 Time :     27.00000
 Time :     28.00000
 Time :     29.00000
 Time :     30.00000
 Time :     31.00000
 Time :     32.00000
 Time :     33.00000
 Time :     34.00000
 Time :     35.00000
dtime = 18.25459823012352
mbcr =

   0.250000000000000   0.284474632138321   0.289628914648499   0.290409100736012

agsout =

 Columns 1 through 3:

   9.250531836489721e-03   9.250531836489724e-03   9.250531836489724e-03
   4.449462284412317e-03   9.309714148934107e-03   9.309714148934101e-03
   3.525153301738343e-03   9.317933833501274e-03   9.317933833501275e-03
   3.386592161078682e-03   9.319398110422048e-03   9.319398110422048e-03

 Column 4:

   9.250531836489722e-03
   9.309714148934101e-03
   9.317933833501279e-03
   9.319398110422050e-03

ans = 3.437452433040676e-22
ans = 1.240412904720671e-20
ans = 1.240335356538244e-20
ans = 9.016204053342646e-21
nbcr = 4
lambda0 = 3.501084296647659
kmpl_prod = 0.180000000000000
 Time :      1.00000
 Time :      2.00000
 Time :      3.01000
 Time :      4.01000
 Time :      5.01000
 Time :      6.01000
 Time :      7.01000
 Time :      8.01000
 Time :      9.01000
 Time :     10.01000
 Time :     11.01000
 Time :     12.01000
 Time :     13.01000
 Time :     14.01000
 Time :     15.01000
 Time :     16.01000
 Time :     17.01000
 Time :     18.00000
 Time :     19.00000
 Time :     20.00000
 Time :     21.00000
 Time :     22.00000
 Time :     23.00000
 Time :     24.00000
 Time :     25.00000
 Time :     26.00000
 Time :     27.00000
 Time :     28.00000
 Time :     29.00000
 Time :     30.00000
 Time :     31.00000
 Time :     32.00000
 Time :     33.00000
 Time :     34.00000
 Time :     35.00000
dtime = 18.25299896299839
mbcr =

 Columns 1 through 4:

   0.250000000000000   0.284474632138321   0.289628914648499   0.290409100736012

 Column 5:

   0.291145659133615

agsout =

 Columns 1 through 3:

   9.250531836489721e-03   9.250531836489724e-03   9.250531836489724e-03
   4.449462284412317e-03   9.309714148934107e-03   9.309714148934101e-03
   3.525153301738343e-03   9.317933833501274e-03   9.317933833501275e-03
   3.386592161078682e-03   9.319398110422048e-03   9.319398110422048e-03
   8.001152449172352e-04   9.227950903308194e-03   9.227950903308194e-03

 Column 4:

   9.250531836489722e-03
   9.309714148934101e-03
   9.317933833501279e-03
   9.319398110422050e-03
   9.227950903308196e-03

ans = 2.018320694629388e-21
ans = 5.295429335805487e-21
ans = 5.296256516418040e-21
ans = 1.908331522553977e-21
nbcr = 4
lambda0 = 3.501084296647659
kmpl_prod = 0.180000000000000
 Time :      1.00000
 Time :      2.00000
 Time :      3.01000
 Time :      4.01000
 Time :      5.01000
 Time :      6.01000
 Time :      7.01000
 Time :      8.01000
 Time :      9.01000
 Time :     10.01000
 Time :     11.01000
 Time :     12.01000
 Time :     13.01000
 Time :     14.01000
 Time :     15.01000
 Time :     16.01000
 Time :     17.01000
 Time :     18.00000
 Time :     19.00000
 Time :     20.00000
 Time :     21.00000
 Time :     22.00000
 Time :     23.00000
 Time :     24.00000
 Time :     25.00000
 Time :     26.00000
 Time :     27.00000
 Time :     28.00000
 Time :     29.00000
 Time :     30.00000
 Time :     31.00000
 Time :     32.00000
 Time :     33.00000
 Time :     34.00000
 Time :     35.00000
dtime = 18.69454756379128
mbcr =

 Columns 1 through 4:

   0.250000000000000   0.284474632138321   0.289628914648499   0.290409100736012

 Columns 5 and 6:

   0.291145659133615   0.293474263323625

agsout =

 Columns 1 through 3:

   9.250531836489721e-03   9.250531836489724e-03   9.250531836489724e-03
   4.449462284412317e-03   9.309714148934107e-03   9.309714148934101e-03
   3.525153301738343e-03   9.317933833501274e-03   9.317933833501275e-03
   3.386592161078682e-03   9.319398110422048e-03   9.319398110422048e-03
   8.001152449172352e-04   9.227950903308194e-03   9.227950903308194e-03
   2.383556284036777e-04   9.141262045578448e-03   9.141262045578443e-03

 Column 4:

   9.250531836489722e-03
   9.309714148934101e-03
   9.317933833501279e-03
   9.319398110422050e-03
   9.227950903308196e-03
   9.141262045578441e-03

ans = 7.676236084492097e-21
ans = 1.315435601339816e-20
ans = 1.315430431460988e-20
ans = 9.764712034823638e-21
dkps =

 Columns 1 through 3:

   6.821311239742863e+01   3.028422326762514e+01   5.753595293398205e+01

 Columns 4 through 6:

   2.023916811996158e+01   2.595857987055151e+01   9.009610129706933e-01

nbcr = 5
lambda0 = 3.501084296647659
kmpl_prod = 0.180000000000000
 Time :      1.00000
 Time :      2.00000
 Time :      3.01000
 Time :      4.01000
 Time :      5.01000
 Time :      6.01000
 Time :      7.01000
 Time :      8.01000
 Time :      9.01000
 Time :     10.01000
 Time :     11.01000
 Time :     12.01000
 Time :     13.01000
 Time :     14.01000
 Time :     15.01000
 Time :     16.01000
 Time :     17.01000
 Time :     18.00000
 Time :     19.00000
 Time :     20.00000
 Time :     21.00000
 Time :     22.00000
 Time :     23.00000
 Time :     24.00000
 Time :     25.00000
 Time :     26.00000
 Time :     27.00000
 Time :     28.00000
 Time :     29.00000
 Time :     30.00000
 Time :     31.00000
 Time :     32.00000
 Time :     33.00000
 Time :     34.00000
 Time :     35.00000
dtime = 23.21382500231266
mbcr = 0.200000000000000
agsout =

 Columns 1 through 3:

   8.291247961309936e-03   8.291247961309929e-03   8.291247961309929e-03

 Columns 4 and 5:

   8.291247961309931e-03   8.291247961309931e-03

ans = 3.888059071728937e-21
ans = 9.887212313663913e-21
ans = 9.887212313663913e-21
ans = -2.772089027818334e-22
ans = 3.110948735629510e-21
nbcr = 5
lambda0 = 3.501084296647659
kmpl_prod = 0.180000000000000
 Time :      1.00000
 Time :      2.00000
 Time :      3.01000
 Time :      4.01000
 Time :      5.01000
 Time :      6.01000
 Time :      7.01000
 Time :      8.01000
 Time :      9.01000
 Time :     10.01000
 Time :     11.01000
 Time :     12.01000
 Time :     13.01000
 Time :     14.01000
 Time :     15.01000
 Time :     16.01000
 Time :     17.01000
 Time :     18.00000
 Time :     19.00000
 Time :     20.00000
 Time :     21.00000
 Time :     22.00000
 Time :     23.00000
 Time :     24.00000
 Time :     25.00000
 Time :     26.00000
 Time :     27.00000
 Time :     28.00000
 Time :     29.00000
 Time :     30.00000
 Time :     31.00000
 Time :     32.00000
 Time :     33.00000
 Time :     34.00000
 Time :     35.00000
dtime = 23.15038740634918
mbcr =

   0.200000000000000   0.231484933330140

agsout =

 Columns 1 through 3:

   8.291247961309936e-03   8.291247961309929e-03   8.291247961309929e-03
   3.947275796617130e-03   8.348389164700142e-03   8.348389164700144e-03

 Columns 4 and 5:

   8.291247961309931e-03   8.291247961309931e-03
   8.348389164700142e-03   8.348389164700144e-03

ans = 6.066180720945913e-21
ans = 4.040570497168402e-21
ans = 6.525162563336274e-22
ans = -2.734865900253448e-21
ans = 6.529556960340462e-22
nbcr = 5
lambda0 = 3.501084296647659
kmpl_prod = 0.180000000000000
 Time :      1.00000
 Time :      2.00000
 Time :      3.01000
 Time :      4.01000
 Time :      5.01000
 Time :      6.01000
 Time :      7.01000
 Time :      8.01000
 Time :      9.01000
 Time :     10.01000
 Time :     11.01000
 Time :     12.01000
 Time :     13.01000
 Time :     14.01000
 Time :     15.01000
 Time :     16.01000
 Time :     17.01000
 Time :     18.00000
 Time :     19.00000
 Time :     20.00000
 Time :     21.00000
 Time :     22.00000
 Time :     23.00000
 Time :     24.00000
 Time :     25.00000
 Time :     26.00000
 Time :     27.00000
 Time :     28.00000
 Time :     29.00000
 Time :     30.00000
 Time :     31.00000
 Time :     32.00000
 Time :     33.00000
 Time :     34.00000
 Time :     35.00000
dtime = 23.18091429769993
mbcr =

   0.200000000000000   0.231484933330140   0.239784524376069

agsout =

 Columns 1 through 3:

   8.291247961309936e-03   8.291247961309929e-03   8.291247961309929e-03
   3.947275796617130e-03   8.348389164700142e-03   8.348389164700144e-03
   1.959500384804269e-03   8.359482655516965e-03   8.359482655516963e-03

 Columns 4 and 5:

   8.291247961309931e-03   8.291247961309931e-03
   8.348389164700142e-03   8.348389164700144e-03
   8.359482655516962e-03   8.359482655516962e-03

ans = -6.248522347225571e-21
ans = -3.271189129917517e-21
ans = -3.271602720223794e-21
ans = -6.659734509240995e-21
ans = -3.271602720223794e-21
nbcr = 5
lambda0 = 3.501084296647659
kmpl_prod = 0.180000000000000
 Time :      1.00000
 Time :      2.00000
 Time :      3.01000
 Time :      4.01000
 Time :      5.01000
 Time :      6.01000
 Time :      7.01000
 Time :      8.01000
 Time :      9.01000
 Time :     10.01000
 Time :     11.01000
 Time :     12.01000
 Time :     13.01000
 Time :     14.01000
 Time :     15.01000
 Time :     16.01000
 Time :     17.01000
 Time :     18.00000
 Time :     19.00000
 Time :     20.00000
 Time :     21.00000
 Time :     22.00000
 Time :     23.00000
 Time :     24.00000
 Time :     25.00000
 Time :     26.00000
 Time :     27.00000
 Time :     28.00000
 Time :     29.00000
 Time :     30.00000
 Time :     31.00000
 Time :     32.00000
 Time :     33.00000
 Time :     34.00000
 Time :     35.00000
dtime = 23.27580414712429
mbcr =

   0.200000000000000   0.231484933330140   0.239784524376069   0.239386832674073

agsout =

 Columns 1 through 3:

   8.291247961309936e-03   8.291247961309929e-03   8.291247961309929e-03
   3.947275796617130e-03   8.348389164700142e-03   8.348389164700144e-03
   1.959500384804269e-03   8.359482655516965e-03   8.359482655516963e-03
   2.144841711079529e-03   8.369894201289804e-03   8.369894201289805e-03

 Columns 4 and 5:

   8.291247961309931e-03   8.291247961309931e-03
   8.348389164700142e-03   8.348389164700144e-03
   8.359482655516962e-03   8.359482655516962e-03
   8.369894201289805e-03   8.369894201289804e-03

ans = -8.814850197671339e-21
ans = 2.512199219111830e-21
ans = -8.758550217229449e-22
ans = 5.899891568428612e-21
ans = -8.742006604978388e-22
nbcr = 5
lambda0 = 3.501084296647659
kmpl_prod = 0.180000000000000
 Time :      1.00000
 Time :      2.00000
 Time :      3.01000
 Time :      4.01000
 Time :      5.01000
 Time :      6.01000
 Time :      7.01000
 Time :      8.01000
 Time :      9.01000
 Time :     10.01000
 Time :     11.01000
 Time :     12.01000
 Time :     13.01000
 Time :     14.01000
 Time :     15.01000
 Time :     16.01000
 Time :     17.01000
 Time :     18.00000
 Time :     19.00000
 Time :     20.00000
 Time :     21.00000
 Time :     22.00000
 Time :     23.00000
 Time :     24.00000
 Time :     25.00000
 Time :     26.00000
 Time :     27.00000
 Time :     28.00000
 Time :     29.00000
 Time :     30.00000
 Time :     31.00000
 Time :     32.00000
 Time :     33.00000
 Time :     34.00000
 Time :     35.00000
dtime = 23.20931889116764
mbcr =

 Columns 1 through 4:

   0.200000000000000   0.231484933330140   0.239784524376069   0.239386832674073

 Column 5:

   0.240566734757178

agsout =

 Columns 1 through 3:

   8.291247961309936e-03   8.291247961309929e-03   8.291247961309929e-03
   3.947275796617130e-03   8.348389164700142e-03   8.348389164700144e-03
   1.959500384804269e-03   8.359482655516965e-03   8.359482655516963e-03
   2.144841711079529e-03   8.369894201289804e-03   8.369894201289805e-03
   1.517273019481459e-03   8.348117111874095e-03   8.348117111874094e-03

 Columns 4 and 5:

   8.291247961309931e-03   8.291247961309931e-03
   8.348389164700142e-03   8.348389164700144e-03
   8.359482655516962e-03   8.359482655516962e-03
   8.369894201289805e-03   8.369894201289804e-03
   8.348117111874095e-03   8.348117111874092e-03

ans = 8.635765595053609e-22
ans = -2.605386284994757e-21
ans = -5.992277303093128e-21
ans = -2.604171363470069e-21
ans = -5.993078634311539e-21
nbcr = 5
lambda0 = 3.501084296647659
kmpl_prod = 0.180000000000000
 Time :      1.00000
 Time :      2.00000
 Time :      3.01000
 Time :      4.01000
 Time :      5.01000
 Time :      6.01000
 Time :      7.01000
 Time :      8.01000
 Time :      9.01000
 Time :     10.01000
 Time :     11.01000
 Time :     12.01000
 Time :     13.01000
 Time :     14.01000
 Time :     15.01000
 Time :     16.01000
 Time :     17.01000
 Time :     18.00000
 Time :     19.00000
 Time :     20.00000
 Time :     21.00000
 Time :     22.00000
 Time :     23.00000
 Time :     24.00000
 Time :     25.00000
 Time :     26.00000
 Time :     27.00000
 Time :     28.00000
 Time :     29.00000
 Time :     30.00000
 Time :     31.00000
 Time :     32.00000
 Time :     33.00000
 Time :     34.00000
 Time :     35.00000
dtime = 22.99692817032337
mbcr =

 Columns 1 through 4:

   0.200000000000000   0.231484933330140   0.239784524376069   0.239386832674073

 Columns 5 and 6:

   0.240566734757178   0.242095001218553

agsout =

 Columns 1 through 3:

   8.291247961309936e-03   8.291247961309929e-03   8.291247961309929e-03
   3.947275796617130e-03   8.348389164700142e-03   8.348389164700144e-03
   1.959500384804269e-03   8.359482655516965e-03   8.359482655516963e-03
   2.144841711079529e-03   8.369894201289804e-03   8.369894201289805e-03
   1.517273019481459e-03   8.348117111874095e-03   8.348117111874094e-03
   1.354457434908499e-03   8.350031532005716e-03   8.350031532005713e-03

 Columns 4 and 5:

   8.291247961309931e-03   8.291247961309931e-03
   8.348389164700142e-03   8.348389164700144e-03
   8.359482655516962e-03   8.359482655516962e-03
   8.369894201289805e-03   8.369894201289804e-03
   8.348117111874095e-03   8.348117111874092e-03
   8.350031532005715e-03   8.350031532005715e-03

ans = -6.320900650823961e-21
ans = -2.529621710763728e-22
ans = 3.136875677954219e-21
ans = 3.135195467334971e-21
ans = 6.525007466971421e-21
dkps =

 Columns 1 through 3:

   1.087220157687635e+01   1.494169983891614e+01   6.152541272953020e+00

 Columns 4 through 6:

   2.138804765229180e+01   8.122224095243402e+00   2.910120038383072e+01

nbcr = 7
lambda0 = 3.501084296647659
kmpl_prod = 0.180000000000000
 Time :      1.00000
 Time :      2.00000
 Time :      3.01000
 Time :      4.01000
 Time :      5.01000
 Time :      6.01000
 Time :      7.01000
 Time :      8.01000
 Time :      9.01000
 Time :     10.01000
 Time :     11.01000
 Time :     12.01000
 Time :     13.01000
 Time :     14.01000
 Time :     15.01000
 Time :     16.01000
 Time :     17.01000
 Time :     18.00000
 Time :     19.00000
 Time :     20.00000
 Time :     21.00000
 Time :     22.00000
 Time :     23.00000
 Time :     24.00000
 Time :     25.00000
 Time :     26.00000
 Time :     27.00000
 Time :     28.00000
 Time :     29.00000
 Time :     30.00000
 Time :     31.00000
 Time :     32.00000
 Time :     33.00000
 Time :     34.00000
 Time :     35.00000
dtime = 32.63334743678570
mbcr = 0.142857142857143
agsout =

 Columns 1 through 3:

   7.111159764089462e-03   7.111159764089466e-03   7.111159764089465e-03

 Columns 4 through 6:

   7.111159764089462e-03   7.111159764089463e-03   7.111159764089464e-03

 Column 7:

   7.111159764089462e-03

ans = 4.226750758478189e-21
ans = 1.101579686191595e-20
ans = 4.243953530279878e-21
ans = 4.239119693575271e-21
ans = 4.239533283881547e-21
ans = 7.627716771687033e-21
ans = 4.241730482383641e-21
nbcr = 7
lambda0 = 3.501084296647659
kmpl_prod = 0.180000000000000
 Time :      1.00000
 Time :      2.00000
 Time :      3.01000
 Time :      4.01000
 Time :      5.01000
 Time :      6.01000
 Time :      7.01000
 Time :      8.01000
 Time :      9.01000
 Time :     10.01000
 Time :     11.01000
 Time :     12.01000
 Time :     13.01000
 Time :     14.01000
 Time :     15.01000
 Time :     16.01000
 Time :     17.01000
 Time :     18.00000
 Time :     19.00000
 Time :     20.00000
 Time :     21.00000
 Time :     22.00000
 Time :     23.00000
 Time :     24.00000
 Time :     25.00000
 Time :     26.00000
 Time :     27.00000
 Time :     28.00000
 Time :     29.00000
 Time :     30.00000
 Time :     31.00000
 Time :     32.00000
 Time :     33.00000
 Time :     34.00000
 Time :     35.00000
dtime = 32.86741375923157
mbcr =

   0.142857142857143   0.178968874477397

agsout =

 Columns 1 through 3:

   7.111159764089462e-03   7.111159764089466e-03   7.111159764089465e-03
   1.255591077483776e-03   7.171983498243768e-03   7.171983498243771e-03

 Columns 4 through 6:

   7.111159764089462e-03   7.111159764089463e-03   7.111159764089464e-03
   7.171983498243773e-03   7.171983498243773e-03   7.171983498243766e-03

 Column 7:

   7.111159764089462e-03
   7.171983498243768e-03

ans = -1.419441931140995e-21
ans = 4.595686236373910e-21
ans = 7.983481983267262e-21
ans = -2.178819582858817e-21
ans = 1.209363904946669e-21
ans = 4.596590965168890e-21
ans = 4.597495693963870e-21
nbcr = 7
lambda0 = 3.501084296647659
kmpl_prod = 0.180000000000000
 Time :      1.00000
 Time :      2.00000
 Time :      3.01000
 Time :      4.01000
 Time :      5.01000
 Time :      6.01000
 Time :      7.01000
 Time :      8.01000
 Time :      9.01000
 Time :     10.01000
 Time :     11.01000
 Time :     12.01000
 Time :     13.01000
 Time :     14.01000
 Time :     15.01000
 Time :     16.01000
 Time :     17.01000
 Time :     18.00000
 Time :     19.00000
 Time :     20.00000
 Time :     21.00000
 Time :     22.00000
 Time :     23.00000
 Time :     24.00000
 Time :     25.00000
 Time :     26.00000
 Time :     27.00000
 Time :     28.00000
 Time :     29.00000
 Time :     30.00000
 Time :     31.00000
 Time :     32.00000
 Time :     33.00000
 Time :     34.00000
 Time :     35.00000
dtime = 32.73774236440659
mbcr =

   0.142857142857143   0.178968874477397   0.186271751296373

agsout =

 Columns 1 through 3:

   7.111159764089462e-03   7.111159764089466e-03   7.111159764089465e-03
   1.255591077483776e-03   7.171983498243768e-03   7.171983498243771e-03
   6.734264813234703e-04   7.159784492013793e-03   7.159784492013793e-03

 Columns 4 through 6:

   7.111159764089462e-03   7.111159764089463e-03   7.111159764089464e-03
   7.171983498243773e-03   7.171983498243773e-03   7.171983498243766e-03
   7.159784492013796e-03   7.159784492013797e-03   7.159784492013794e-03

 Column 7:

   7.111159764089462e-03
   7.171983498243768e-03
   7.159784492013796e-03

ans = 7.083974765904129e-21
ans = 3.320199581211284e-21
ans = 3.327282315206269e-21
ans = 6.711174803584136e-21
ans = -6.586425627453483e-23
ans = -6.379630474315226e-23
ans = 3.324438881850618e-21
nbcr = 7
lambda0 = 3.501084296647659
kmpl_prod = 0.180000000000000
 Time :      1.00000
 Time :      2.00000
 Time :      3.01000
 Time :      4.01000
 Time :      5.01000
 Time :      6.01000
 Time :      7.01000
 Time :      8.01000
 Time :      9.01000
 Time :     10.01000
 Time :     11.01000
 Time :     12.01000
 Time :     13.01000
 Time :     14.01000
 Time :     15.01000
 Time :     16.01000
 Time :     17.01000
 Time :     18.00000
 Time :     19.00000
 Time :     20.00000
 Time :     21.00000
 Time :     22.00000
 Time :     23.00000
 Time :     24.00000
 Time :     25.00000
 Time :     26.00000
 Time :     27.00000
 Time :     28.00000
 Time :     29.00000
 Time :     30.00000
 Time :     31.00000
 Time :     32.00000
 Time :     33.00000
 Time :     34.00000
 Time :     35.00000
dtime = 32.92949348688126
mbcr =

   0.142857142857143   0.178968874477397   0.186271751296373   0.186535380952820

agsout =

 Columns 1 through 3:

   7.111159764089462e-03   7.111159764089466e-03   7.111159764089465e-03
   1.255591077483776e-03   7.171983498243768e-03   7.171983498243771e-03
   6.734264813234703e-04   7.159784492013793e-03   7.159784492013793e-03
   3.561505765301567e-04   7.096565985170369e-03   7.096565985170367e-03

 Columns 4 through 6:

   7.111159764089462e-03   7.111159764089463e-03   7.111159764089464e-03
   7.171983498243773e-03   7.171983498243773e-03   7.171983498243766e-03
   7.159784492013796e-03   7.159784492013797e-03   7.159784492013794e-03
   7.096565985170371e-03   7.096565985170368e-03   7.096565985170368e-03

 Column 7:

   7.111159764089462e-03
   7.171983498243768e-03
   7.159784492013796e-03
   7.096565985170365e-03

ans = 3.719004034038412e-21
ans = 3.601234194326175e-21
ans = 6.986005562104880e-21
ans = 3.601079097961321e-21
ans = 3.593789568813198e-21
ans = 3.598390760970524e-21
ans = 2.129990077324046e-22
nbcr = 7
lambda0 = 3.501084296647659
kmpl_prod = 0.180000000000000
 Time :      1.00000
 Time :      2.00000
 Time :      3.01000
 Time :      4.01000
 Time :      5.01000
 Time :      6.01000
 Time :      7.01000
 Time :      8.01000
 Time :      9.01000
 Time :     10.01000
 Time :     11.01000
 Time :     12.01000
 Time :     13.01000
 Time :     14.01000
 Time :     15.01000
 Time :     16.01000
 Time :     17.01000
 Time :     18.00000
 Time :     19.00000
 Time :     20.00000
 Time :     21.00000
 Time :     22.00000
 Time :     23.00000
 Time :     24.00000
 Time :     25.00000
 Time :     26.00000
 Time :     27.00000
 Time :     28.00000
 Time :     29.00000
 Time :     30.00000
 Time :     31.00000
 Time :     32.00000
 Time :     33.00000
 Time :     34.00000
 Time :     35.00000
dtime = 32.64436125755310
mbcr =

 Columns 1 through 4:

   0.142857142857143   0.178968874477397   0.186271751296373   0.186535380952820

 Column 5:

   0.180791085743024

agsout =

 Columns 1 through 3:

   7.111159764089462e-03   7.111159764089466e-03   7.111159764089465e-03
   1.255591077483776e-03   7.171983498243768e-03   7.171983498243771e-03
   6.734264813234703e-04   7.159784492013793e-03   7.159784492013793e-03
   3.561505765301567e-04   7.096565985170369e-03   7.096565985170367e-03
   6.327225170555962e-04   7.126798515954607e-03   7.126798515954611e-03

 Columns 4 through 6:

   7.111159764089462e-03   7.111159764089463e-03   7.111159764089464e-03
   7.171983498243773e-03   7.171983498243773e-03   7.171983498243766e-03
   7.159784492013796e-03   7.159784492013797e-03   7.159784492013794e-03
   7.096565985170371e-03   7.096565985170368e-03   7.096565985170368e-03
   7.126798515954608e-03   7.126798515954611e-03   7.126798515954611e-03

 Column 7:

   7.111159764089462e-03
   7.171983498243768e-03
   7.159784492013796e-03
   7.096565985170365e-03
   7.126798515954610e-03

ans = 6.600074107560608e-21
ans = 9.250205693815655e-21
ans = 5.860936531456193e-21
ans = 1.263823408525629e-20
ans = 5.862177302375023e-21
ans = 1.263440837492323e-20
ans = 9.248396236225695e-21
nbcr = 7
lambda0 = 3.501084296647659
kmpl_prod = 0.180000000000000
 Time :      1.00000
 Time :      2.00000
 Time :      3.01000
 Time :      4.01000
 Time :      5.01000
 Time :      6.01000
 Time :      7.01000
 Time :      8.01000
 Time :      9.01000
 Time :     10.01000
 Time :     11.01000
 Time :     12.01000
 Time :     13.01000
 Time :     14.01000
 Time :     15.01000
 Time :     16.01000
 Time :     17.01000
 Time :     18.00000
 Time :     19.00000
 Time :     20.00000
 Time :     21.00000
 Time :     22.00000
 Time :     23.00000
 Time :     24.00000
 Time :     25.00000
 Time :     26.00000
 Time :     27.00000
 Time :     28.00000
 Time :     29.00000
 Time :     30.00000
 Time :     31.00000
 Time :     32.00000
 Time :     33.00000
 Time :     34.00000
 Time :     35.00000
dtime = 32.38727152347565
mbcr =

 Columns 1 through 4:

   0.142857142857143   0.178968874477397   0.186271751296373   0.186535380952820

 Columns 5 and 6:

   0.180791085743024   0.187802469733488

agsout =

 Columns 1 through 3:

   7.111159764089462e-03   7.111159764089466e-03   7.111159764089465e-03
   1.255591077483776e-03   7.171983498243768e-03   7.171983498243771e-03
   6.734264813234703e-04   7.159784492013793e-03   7.159784492013793e-03
   3.561505765301567e-04   7.096565985170369e-03   7.096565985170367e-03
   6.327225170555962e-04   7.126798515954607e-03   7.126798515954611e-03
   4.795504984276011e-04   7.110191360617069e-03   7.110191360617074e-03

 Columns 4 through 6:

   7.111159764089462e-03   7.111159764089463e-03   7.111159764089464e-03
   7.171983498243773e-03   7.171983498243773e-03   7.171983498243766e-03
   7.159784492013796e-03   7.159784492013797e-03   7.159784492013794e-03
   7.096565985170371e-03   7.096565985170368e-03   7.096565985170368e-03
   7.126798515954608e-03   7.126798515954611e-03   7.126798515954611e-03
   7.110191360617072e-03   7.110191360617068e-03   7.110191360617069e-03

 Column 7:

   7.111159764089462e-03
   7.171983498243768e-03
   7.159784492013796e-03
   7.096565985170365e-03
   7.126798515954610e-03
   7.110191360617070e-03

ans = 7.921081545807793e-21
ans = 6.140988867593677e-21
ans = 2.751409512504508e-21
ans = 2.752184994328777e-21
ans = 6.138507325756018e-21
ans = -6.378079510666689e-22
ans = 2.750375536738817e-21
dkps =

 Columns 1 through 3:

   3.961801715851249e+01   3.217904199865796e-01   6.318917340104918e+00

 Columns 4 through 6:

   1.175098250023403e+00   3.841082682526291e+00   3.222932447877457e+01

nbcr = 10
lambda0 = 3.501084296647659
kmpl_prod = 0.180000000000000
 Time :      1.00000
 Time :      2.00000
 Time :      3.01000
 Time :      4.01000
 Time :      5.01000
 Time :      6.01000
 Time :      7.01000
 Time :      8.01000
 Time :      9.01000
 Time :     10.01000
 Time :     11.01000
 Time :     12.01000
 Time :     13.01000
 Time :     14.01000
 Time :     15.01000
 Time :     16.01000
 Time :     17.01000
 Time :     18.00000
 Time :     19.00000
 Time :     20.00000
 Time :     21.00000
 Time :     22.00000
 Time :     23.00000
 Time :     24.00000
 Time :     25.00000
 Time :     26.00000
 Time :     27.00000
 Time :     28.00000
 Time :     29.00000
 Time :     30.00000
 Time :     31.00000
 Time :     32.00000
 Time :     33.00000
 Time :     34.00000
 Time :     35.00000
dtime = 46.90962284803391
mbcr = 0.100000000000000
agsout =

 Columns 1 through 3:

   6.159882263248384e-03   6.159882263248383e-03   6.159882263248378e-03

 Columns 4 through 6:

   6.159882263248376e-03   6.159882263248379e-03   6.159882263248380e-03

 Columns 7 through 9:

   6.159882263248376e-03   6.159882263248376e-03   6.159882263248376e-03

 Column 10:

   6.159882263248376e-03

ans = 5.242111729212763e-21
ans = -8.276976004358733e-23
ans = 6.688685830680351e-21
ans = -3.473072898168740e-21
ans = 3.304379751996207e-21
ans = -3.474778958182131e-21
ans = 6.693338721625962e-21
ans = -8.566489218752293e-23
ans = -8.499280793982359e-23
ans = 3.301381222275703e-21
nbcr = 10
lambda0 = 3.501084296647659
kmpl_prod = 0.180000000000000
 Time :      1.00000
 Time :      2.00000
 Time :      3.01000
 Time :      4.01000
 Time :      5.01000
 Time :      6.01000
 Time :      7.01000
 Time :      8.01000
 Time :      9.01000
 Time :     10.01000
 Time :     11.01000
 Time :     12.01000
 Time :     13.01000
 Time :     14.01000
 Time :     15.01000
 Time :     16.01000
 Time :     17.01000
 Time :     18.00000
 Time :     19.00000
 Time :     20.00000
 Time :     21.00000
 Time :     22.00000
 Time :     23.00000
 Time :     24.00000
 Time :     25.00000
 Time :     26.00000
 Time :     27.00000
 Time :     28.00000
 Time :     29.00000
 Time :     30.00000
 Time :     31.00000
 Time :     32.00000
 Time :     33.00000
 Time :     34.00000
 Time :     35.00000
dtime = 47.02255725860596
mbcr =

   0.100000000000000   0.129201611114597

agsout =

 Columns 1 through 3:

   6.159882263248384e-03   6.159882263248383e-03   6.159882263248378e-03
   1.728573048902380e-03   6.230409740346560e-03   6.230409740346562e-03

 Columns 4 through 6:

   6.159882263248376e-03   6.159882263248379e-03   6.159882263248380e-03
   6.230409740346577e-03   6.230409740346575e-03   6.230409740346578e-03

 Columns 7 through 9:

   6.159882263248376e-03   6.159882263248376e-03   6.159882263248376e-03
   6.230409740346571e-03   6.230409740346576e-03   6.230409740346573e-03

 Column 10:

   6.159882263248376e-03
   6.230409740346577e-03

ans = 1.720535674110298e-21
ans = 2.910538382844397e-21
ans = -4.902596093025226e-22
ans = -4.902596093025226e-22
ans = -4.840040559200903e-22
ans = -4.797130564924715e-22
ans = -3.878236301954870e-21
ans = -7.265230717629811e-21
ans = -7.268280946138600e-21
ans = 2.904076034308826e-21
nbcr = 10
lambda0 = 3.501084296647659
kmpl_prod = 0.180000000000000
 Time :      1.00000
 Time :      2.00000
 Time :      3.01000
 Time :      4.01000
 Time :      5.01000
 Time :      6.01000
 Time :      7.01000
 Time :      8.01000
 Time :      9.01000
 Time :     10.01000
 Time :     11.01000
 Time :     12.01000
 Time :     13.01000
 Time :     14.01000
 Time :     15.01000
 Time :     16.01000
 Time :     17.01000
 Time :     18.00000
 Time :     19.00000
 Time :     20.00000
 Time :     21.00000
 Time :     22.00000
 Time :     23.00000
 Time :     24.00000
 Time :     25.00000
 Time :     26.00000
 Time :     27.00000
 Time :     28.00000
 Time :     29.00000
 Time :     30.00000
 Time :     31.00000
 Time :     32.00000
 Time :     33.00000
 Time :     34.00000
 Time :     35.00000
dtime = 48.20782542228699
mbcr =

   0.100000000000000   0.129201611114597   0.146034476377313

agsout =

 Columns 1 through 3:

   6.159882263248384e-03   6.159882263248383e-03   6.159882263248378e-03
   1.728573048902380e-03   6.230409740346560e-03   6.230409740346562e-03
   6.425879811326480e-05   6.082005550785249e-03   6.082005550785250e-03

 Columns 4 through 6:

   6.159882263248376e-03   6.159882263248379e-03   6.159882263248380e-03
   6.230409740346577e-03   6.230409740346575e-03   6.230409740346578e-03
   6.082005550785250e-03   6.082005550785250e-03   6.082005550785255e-03

 Columns 7 through 9:

   6.159882263248376e-03   6.159882263248376e-03   6.159882263248376e-03
   6.230409740346571e-03   6.230409740346576e-03   6.230409740346573e-03
   6.082005550785250e-03   6.082005550785252e-03   6.082005550785252e-03

 Column 10:

   6.159882263248376e-03
   6.230409740346577e-03
   6.082005550785253e-03

ans = -4.235164736271502e-21
ans = 5.179391405500783e-21
ans = 5.181407658243881e-21
ans = 5.181407658243881e-21
ans = 5.176082683050571e-21
ans = 5.185129971000369e-21
ans = 5.178564224888230e-21
ans = 5.182906923104133e-21
ans = 1.795809109852623e-21
ans = 5.177685345487392e-21
nbcr = 10
lambda0 = 3.501084296647659
kmpl_prod = 0.180000000000000
 Time :      1.00000
 Time :      2.00000
 Time :      3.01000
 Time :      4.01000
 Time :      5.01000
 Time :      6.01000
 Time :      7.01000
 Time :      8.01000
 Time :      9.01000
 Time :     10.01000
 Time :     11.01000
 Time :     12.01000
 Time :     13.01000
 Time :     14.01000
 Time :     15.01000
 Time :     16.01000
 Time :     17.01000
 Time :     18.00000
 Time :     19.00000
 Time :     20.00000
 Time :     21.00000
 Time :     22.00000
 Time :     23.00000
 Time :     24.00000
 Time :     25.00000
 Time :     26.00000
 Time :     27.00000
 Time :     28.00000
 Time :     29.00000
 Time :     30.00000
 Time :     31.00000
 Time :     32.00000
 Time :     33.00000
 Time :     34.00000
 Time :     35.00000
dtime = 48.01182970404625
mbcr =

   0.100000000000000   0.129201611114597   0.146034476377313   0.139983357814725

agsout =

 Columns 1 through 3:

   6.159882263248384e-03   6.159882263248383e-03   6.159882263248378e-03
   1.728573048902380e-03   6.230409740346560e-03   6.230409740346562e-03
   6.425879811326480e-05   6.082005550785249e-03   6.082005550785250e-03
   1.239090718638717e-04   6.090852104973394e-03   6.090852104973398e-03

 Columns 4 through 6:

   6.159882263248376e-03   6.159882263248379e-03   6.159882263248380e-03
   6.230409740346577e-03   6.230409740346575e-03   6.230409740346578e-03
   6.082005550785250e-03   6.082005550785250e-03   6.082005550785255e-03
   6.090852104973403e-03   6.090852104973399e-03   6.090852104973400e-03

 Columns 7 through 9:

   6.159882263248376e-03   6.159882263248376e-03   6.159882263248376e-03
   6.230409740346571e-03   6.230409740346576e-03   6.230409740346573e-03
   6.082005550785250e-03   6.082005550785252e-03   6.082005550785252e-03
   6.090852104973395e-03   6.090852104973398e-03   6.090852104973394e-03

 Column 10:

   6.159882263248376e-03
   6.230409740346577e-03
   6.082005550785253e-03
   6.090852104973395e-03

ans = 1.556423040579777e-20
ans = -3.784506398794955e-21
ans = -4.037158377141621e-22
ans = -4.036641389258775e-22
ans = -3.792674807343916e-21
ans = -4.035090425610238e-22
ans = 2.980280048240274e-21
ans = 2.981986108253665e-21
ans = -4.096094995786024e-22
ans = -3.798723565573210e-21
nbcr = 10
lambda0 = 3.501084296647659
kmpl_prod = 0.180000000000000
 Time :      1.00000
 Time :      2.00000
 Time :      3.01000
 Time :      4.01000
 Time :      5.01000
 Time :      6.01000
 Time :      7.01000
 Time :      8.01000
 Time :      9.01000
 Time :     10.01000
 Time :     11.01000
 Time :     12.01000
 Time :     13.01000
 Time :     14.01000
 Time :     15.01000
 Time :     16.01000
 Time :     17.01000
 Time :     18.00000
 Time :     19.00000
 Time :     20.00000
 Time :     21.00000
 Time :     22.00000
 Time :     23.00000
 Time :     24.00000
 Time :     25.00000
 Time :     26.00000
 Time :     27.00000
 Time :     28.00000
 Time :     29.00000
 Time :     30.00000
 Time :     31.00000
 Time :     32.00000
 Time :     33.00000
 Time :     34.00000
 Time :     35.00000
dtime = 48.06694909930229
mbcr =

 Columns 1 through 4:

   0.100000000000000   0.129201611114597   0.146034476377313   0.139983357814725

 Column 5:

   0.139392560402701

agsout =

 Columns 1 through 3:

   6.159882263248384e-03   6.159882263248383e-03   6.159882263248378e-03
   1.728573048902380e-03   6.230409740346560e-03   6.230409740346562e-03
   6.425879811326480e-05   6.082005550785249e-03   6.082005550785250e-03
   1.239090718638717e-04   6.090852104973394e-03   6.090852104973398e-03
   7.264219276619786e-05   6.056665416715057e-03   6.056665416715048e-03

 Columns 4 through 6:

   6.159882263248376e-03   6.159882263248379e-03   6.159882263248380e-03
   6.230409740346577e-03   6.230409740346575e-03   6.230409740346578e-03
   6.082005550785250e-03   6.082005550785250e-03   6.082005550785255e-03
   6.090852104973403e-03   6.090852104973399e-03   6.090852104973400e-03
   6.056665416715055e-03   6.056665416715051e-03   6.056665416715052e-03

 Columns 7 through 9:

   6.159882263248376e-03   6.159882263248376e-03   6.159882263248376e-03
   6.230409740346571e-03   6.230409740346576e-03   6.230409740346573e-03
   6.082005550785250e-03   6.082005550785252e-03   6.082005550785252e-03
   6.090852104973395e-03   6.090852104973398e-03   6.090852104973394e-03
   6.056665416715056e-03   6.056665416715055e-03   6.056665416715051e-03

 Column 10:

   6.159882263248376e-03
   6.230409740346577e-03
   6.082005550785253e-03
   6.090852104973395e-03
   6.056665416715051e-03

ans = 1.455837878093329e-21
ans = -4.020614764890560e-21
ans = 2.752081596752208e-21
ans = -6.325863734499279e-22
ans = -4.025836342507301e-21
ans = -6.315523976842366e-22
ans = -6.316557952608058e-22
ans = 6.148330095530086e-21
ans = -6.334135540624809e-22
ans = 2.755648813143843e-21
nbcr = 10
lambda0 = 3.501084296647659
kmpl_prod = 0.180000000000000
 Time :      1.00000
 Time :      2.00000
 Time :      3.01000
 Time :      4.01000
 Time :      5.01000
 Time :      6.01000
 Time :      7.01000
 Time :      8.01000
 Time :      9.01000
 Time :     10.01000
 Time :     11.01000
 Time :     12.01000
 Time :     13.01000
 Time :     14.01000
 Time :     15.01000
 Time :     16.01000
 Time :     17.01000
 Time :     18.00000
 Time :     19.00000
 Time :     20.00000
 Time :     21.00000
 Time :     22.00000
 Time :     23.00000
 Time :     24.00000
 Time :     25.00000
 Time :     26.00000
 Time :     27.00000
 Time :     28.00000
 Time :     29.00000
 Time :     30.00000
 Time :     31.00000
 Time :     32.00000
 Time :     33.00000
 Time :     34.00000
 Time :     35.00000
dtime = 47.10070006549358
mbcr =

 Columns 1 through 4:

   0.100000000000000   0.129201611114597   0.146034476377313   0.139983357814725

 Columns 5 and 6:

   0.139392560402701   0.141477519951652

agsout =

 Columns 1 through 3:

   6.159882263248384e-03   6.159882263248383e-03   6.159882263248378e-03
   1.728573048902380e-03   6.230409740346560e-03   6.230409740346562e-03
   6.425879811326480e-05   6.082005550785249e-03   6.082005550785250e-03
   1.239090718638717e-04   6.090852104973394e-03   6.090852104973398e-03
   7.264219276619786e-05   6.056665416715057e-03   6.056665416715048e-03
   1.000227105231799e-04   6.075215931831229e-03   6.075215931831229e-03

 Columns 4 through 6:

   6.159882263248376e-03   6.159882263248379e-03   6.159882263248380e-03
   6.230409740346577e-03   6.230409740346575e-03   6.230409740346578e-03
   6.082005550785250e-03   6.082005550785250e-03   6.082005550785255e-03
   6.090852104973403e-03   6.090852104973399e-03   6.090852104973400e-03
   6.056665416715055e-03   6.056665416715051e-03   6.056665416715052e-03
   6.075215931831229e-03   6.075215931831230e-03   6.075215931831229e-03

 Columns 7 through 9:

   6.159882263248376e-03   6.159882263248376e-03   6.159882263248376e-03
   6.230409740346571e-03   6.230409740346576e-03   6.230409740346573e-03
   6.082005550785250e-03   6.082005550785252e-03   6.082005550785252e-03
   6.090852104973395e-03   6.090852104973398e-03   6.090852104973394e-03
   6.056665416715056e-03   6.056665416715055e-03   6.056665416715051e-03
   6.075215931831235e-03   6.075215931831234e-03   6.075215931831234e-03

 Column 10:

   6.159882263248376e-03
   6.230409740346577e-03
   6.082005550785253e-03
   6.090852104973395e-03
   6.056665416715051e-03
   6.075215931831233e-03

ans = 4.367513634279986e-21
ans = -1.235420094242089e-20
ans = 1.199722080931598e-21
ans = -2.194096574796906e-21
ans = -2.186910443225351e-21
ans = -5.581814773507831e-21
ans = -8.971600923750138e-21
ans = -2.195285646927451e-21
ans = -2.194613562679752e-21
ans = -2.185669672306522e-21
dkps =

 Columns 1 through 3:

   1.824559689793454e+00   8.035405294347466e+00   3.757675780596827e+01

 Columns 4 through 6:

   2.712980966886092e-01   4.929871883125404e+00   7.638884994622872e+01

nbcr = 15
lambda0 = 3.501084296647659
kmpl_prod = 0.180000000000000
 Time :      1.00000
 Time :      2.00000
 Time :      3.01000
 Time :      4.01000
 Time :      5.01000
 Time :      6.01000
 Time :      7.01000
 Time :      8.01000
 Time :      9.01000
 Time :     10.01000
 Time :     11.01000
 Time :     12.01000
 Time :     13.01000
 Time :     14.01000
 Time :     15.01000
 Time :     16.01000
 Time :     17.01000
 Time :     18.00000
 Time :     19.00000
 Time :     20.00000
 Time :     21.00000
 Time :     22.00000
 Time :     23.00000
 Time :     24.00000
 Time :     25.00000
 Time :     26.00000
 Time :     27.00000
 Time :     28.00000
 Time :     29.00000
 Time :     30.00000
 Time :     31.00000
 Time :     32.00000
 Time :     33.00000
 Time :     34.00000
 Time :     35.00000
dtime = 72.58282899856567
mbcr = 6.666666666666667e-02
agsout =

 Columns 1 through 3:

   5.374193411711694e-03   5.374193411711686e-03   5.374193411711701e-03

 Columns 4 through 6:

   5.374193411711700e-03   5.374193411711699e-03   5.374193411711701e-03

 Columns 7 through 9:

   5.374193411711701e-03   5.374193411711703e-03   5.374193411711701e-03

 Columns 10 through 12:

   5.374193411711701e-03   5.374193411711704e-03   5.374193411711703e-03

 Columns 13 through 15:

   5.374193411711707e-03   5.374193411711706e-03   5.374193411711701e-03

ans = 8.949771110396981e-21
ans = -5.689968638599139e-21
ans = -5.682937603392438e-21
ans = 4.477838848479246e-21
ans = -2.300182488356832e-21
ans = 1.086191541858694e-21
ans = -2.296356778023774e-21
ans = -9.074688307589559e-21
ans = -2.298528127131726e-21
ans = -2.300389283509970e-21
ans = -2.281157334268112e-21
ans = 1.089603661885476e-21
ans = 1.091258023110582e-21
ans = 1.091775010993427e-21
ans = -2.286740803402845e-21
nbcr = 15
lambda0 = 3.501084296647659
kmpl_prod = 0.180000000000000
 Time :      1.00000
 Time :      2.00000
 Time :      3.01000
 Time :      4.01000
 Time :      5.01000
 Time :      6.01000
 Time :      7.01000
 Time :      8.01000
 Time :      9.01000
 Time :     10.01000
 Time :     11.01000
 Time :     12.01000
 Time :     13.01000
 Time :     14.01000
 Time :     15.01000
 Time :     16.01000
 Time :     17.01000
 Time :     18.00000
 Time :     19.00000
 Time :     20.00000
 Time :     21.00000
 Time :     22.00000
 Time :     23.00000
 Time :     24.00000
 Time :     25.00000
 Time :     26.00000
 Time :     27.00000
 Time :     28.00000
 Time :     29.00000
 Time :     30.00000
 Time :     31.00000
 Time :     32.00000
 Time :     33.00000
 Time :     34.00000
 Time :     35.00000
dtime = 73.60080778598785
mbcr =

   6.666666666666667e-02   1.079484455763617e-01

agsout =

 Columns 1 through 3:

   5.374193411711694e-03   5.374193411711686e-03   5.374193411711701e-03
   2.039391469991130e-04   5.381709945836217e-03   5.381709945836236e-03

 Columns 4 through 6:

   5.374193411711700e-03   5.374193411711699e-03   5.374193411711701e-03
   5.381709945836223e-03   5.381709945836224e-03   5.381709945836225e-03

 Columns 7 through 9:

   5.374193411711701e-03   5.374193411711703e-03   5.374193411711701e-03
   5.381709945836220e-03   5.381709945836226e-03   5.381709945836229e-03

 Columns 10 through 12:

   5.374193411711701e-03   5.374193411711704e-03   5.374193411711703e-03
   5.381709945836224e-03   5.381709945836226e-03   5.381709945836227e-03

 Columns 13 through 15:

   5.374193411711707e-03   5.374193411711706e-03   5.374193411711701e-03
   5.381709945836226e-03   5.381709945836226e-03   5.381709945836225e-03

ans = 3.527098131926110e-21
ans = -1.209855043435372e-21
ans = -4.610601336794007e-21
ans = 2.181585468032041e-21
ans = -4.601709145209062e-21
ans = -4.603363506434168e-21
ans = 2.176518986780154e-21
ans = 2.179827709230366e-21
ans = 2.171245710375129e-21
ans = -4.601605747632493e-21
ans = -1.209958441011941e-21
ans = -1.213163765885584e-21
ans = -4.605017867659274e-21
ans = 5.559377499392330e-21
ans = -1.214921524687259e-21
nbcr = 15
lambda0 = 3.501084296647659
kmpl_prod = 0.180000000000000
 Time :      1.00000
 Time :      2.00000
 Time :      3.01000
 Time :      4.01000
 Time :      5.01000
 Time :      6.01000
 Time :      7.01000
 Time :      8.01000
 Time :      9.01000
 Time :     10.01000
 Time :     11.01000
 Time :     12.01000
 Time :     13.01000
 Time :     14.01000
 Time :     15.01000
 Time :     16.01000
 Time :     17.01000
 Time :     18.00000
 Time :     19.00000
 Time :     20.00000
 Time :     21.00000
 Time :     22.00000
 Time :     23.00000
 Time :     24.00000
 Time :     25.00000
 Time :     26.00000
 Time :     27.00000
 Time :     28.00000
 Time :     29.00000
 Time :     30.00000
 Time :     31.00000
 Time :     32.00000
 Time :     33.00000
 Time :     34.00000
 Time :     35.00000
dtime = 73.69366586208344
mbcr =

   6.666666666666667e-02   1.079484455763617e-01   1.117216383033909e-01

agsout =

 Columns 1 through 3:

   5.374193411711694e-03   5.374193411711686e-03   5.374193411711701e-03
   2.039391469991130e-04   5.381709945836217e-03   5.381709945836236e-03
   1.594879606940676e-04   5.361656730137040e-03   5.361656730137052e-03

 Columns 4 through 6:

   5.374193411711700e-03   5.374193411711699e-03   5.374193411711701e-03
   5.381709945836223e-03   5.381709945836224e-03   5.381709945836225e-03
   5.361656730137054e-03   5.361656730137054e-03   5.361656730137054e-03

 Columns 7 through 9:

   5.374193411711701e-03   5.374193411711703e-03   5.374193411711701e-03
   5.381709945836220e-03   5.381709945836226e-03   5.381709945836229e-03
   5.361656730137053e-03   5.361656730137050e-03   5.361656730137048e-03

 Columns 10 through 12:

   5.374193411711701e-03   5.374193411711704e-03   5.374193411711703e-03
   5.381709945836224e-03   5.381709945836226e-03   5.381709945836227e-03
   5.361656730137050e-03   5.361656730137048e-03   5.361656730137051e-03

 Columns 13 through 15:

   5.374193411711707e-03   5.374193411711706e-03   5.374193411711701e-03
   5.381709945836226e-03   5.381709945836226e-03   5.381709945836225e-03
   5.361656730137052e-03   5.361656730137052e-03   5.361656730137050e-03

ans = 6.723324018831009e-21
ans = 3.360421238496675e-22
ans = -3.055501785194315e-21
ans = -6.440014659031597e-21
ans = -3.050228508789290e-21
ans = -6.441875815409841e-21
ans = -6.443840369364655e-21
ans = 3.344911602011306e-22
ans = 3.730894755343862e-21
ans = -3.048677545140753e-21
ans = -3.055708580347453e-21
ans = -3.053950821545778e-21
ans = -3.055708580347453e-21
ans = -6.445081140283484e-21
ans = 3.326300038228863e-22
nbcr = 15
lambda0 = 3.501084296647659
kmpl_prod = 0.180000000000000
 Time :      1.00000
 Time :      2.00000
 Time :      3.01000
 Time :      4.01000
 Time :      5.01000
 Time :      6.01000
 Time :      7.01000
 Time :      8.01000
 Time :      9.01000
 Time :     10.01000
 Time :     11.01000
 Time :     12.01000
 Time :     13.01000
 Time :     14.01000
 Time :     15.01000
 Time :     16.01000
 Time :     17.01000
 Time :     18.00000
 Time :     19.00000
 Time :     20.00000
 Time :     21.00000
 Time :     22.00000
 Time :     23.00000
 Time :     24.00000
 Time :     25.00000
 Time :     26.00000
 Time :     27.00000
 Time :     28.00000
 Time :     29.00000
 Time :     30.00000
 Time :     31.00000
 Time :     32.00000
 Time :     33.00000
 Time :     34.00000
 Time :     35.00000
dtime = 72.55374044179916
mbcr =

 Columns 1 through 3:

   6.666666666666667e-02   1.079484455763617e-01   1.117216383033909e-01

 Column 4:

   1.041278893704924e-01

agsout =

 Columns 1 through 3:

   5.374193411711694e-03   5.374193411711686e-03   5.374193411711701e-03
   2.039391469991130e-04   5.381709945836217e-03   5.381709945836236e-03
   1.594879606940676e-04   5.361656730137040e-03   5.361656730137052e-03
   4.180200003378159e-04   5.406588697552776e-03   5.406588697552765e-03

 Columns 4 through 6:

   5.374193411711700e-03   5.374193411711699e-03   5.374193411711701e-03
   5.381709945836223e-03   5.381709945836224e-03   5.381709945836225e-03
   5.361656730137054e-03   5.361656730137054e-03   5.361656730137054e-03
   5.406588697552770e-03   5.406588697552764e-03   5.406588697552771e-03

 Columns 7 through 9:

   5.374193411711701e-03   5.374193411711703e-03   5.374193411711701e-03
   5.381709945836220e-03   5.381709945836226e-03   5.381709945836229e-03
   5.361656730137053e-03   5.361656730137050e-03   5.361656730137048e-03
   5.406588697552769e-03   5.406588697552769e-03   5.406588697552768e-03

 Columns 10 through 12:

   5.374193411711701e-03   5.374193411711704e-03   5.374193411711703e-03
   5.381709945836224e-03   5.381709945836226e-03   5.381709945836227e-03
   5.361656730137050e-03   5.361656730137048e-03   5.361656730137051e-03
   5.406588697552767e-03   5.406588697552769e-03   5.406588697552767e-03

 Columns 13 through 15:

   5.374193411711707e-03   5.374193411711706e-03   5.374193411711701e-03
   5.381709945836226e-03   5.381709945836226e-03   5.381709945836225e-03
   5.361656730137052e-03   5.361656730137052e-03   5.361656730137050e-03
   5.406588697552766e-03   5.406588697552769e-03   5.406588697552768e-03

ans = 6.769646133133978e-21
ans = 6.262481020062403e-21
ans = 9.648958447854499e-21
ans = 9.657643844286305e-21
ans = 9.651026399385881e-21
ans = 9.652267170304711e-21
ans = 9.652577363034418e-21
ans = 9.649165243007637e-21
ans = 9.643788569026042e-21
ans = 1.303729703202484e-20
ans = 6.262791212792111e-21
ans = 1.304412127207840e-20
ans = 1.643225306109560e-20
ans = 6.262481020062403e-21
ans = 6.257517936387085e-21
nbcr = 15
lambda0 = 3.501084296647659
kmpl_prod = 0.180000000000000
 Time :      1.00000
 Time :      2.00000
 Time :      3.01000
 Time :      4.01000
 Time :      5.01000
 Time :      6.01000
 Time :      7.01000
 Time :      8.01000
 Time :      9.01000
 Time :     10.01000
 Time :     11.01000
 Time :     12.01000
 Time :     13.01000
 Time :     14.01000
 Time :     15.01000
 Time :     16.01000
 Time :     17.01000
 Time :     18.00000
 Time :     19.00000
 Time :     20.00000
 Time :     21.00000
 Time :     22.00000
 Time :     23.00000
 Time :     24.00000
 Time :     25.00000
 Time :     26.00000
 Time :     27.00000
 Time :     28.00000
 Time :     29.00000
 Time :     30.00000
 Time :     31.00000
 Time :     32.00000
 Time :     33.00000
 Time :     34.00000
 Time :     35.00000
dtime = 74.25336912274361
mbcr =

 Columns 1 through 3:

   6.666666666666667e-02   1.079484455763617e-01   1.117216383033909e-01

 Columns 4 and 5:

   1.041278893704924e-01   1.108224715289492e-01

agsout =

 Columns 1 through 3:

   5.374193411711694e-03   5.374193411711686e-03   5.374193411711701e-03
   2.039391469991130e-04   5.381709945836217e-03   5.381709945836236e-03
   1.594879606940676e-04   5.361656730137040e-03   5.361656730137052e-03
   4.180200003378159e-04   5.406588697552776e-03   5.406588697552765e-03
   4.016194013732809e-05   5.278495730168063e-03   5.278495730168056e-03

 Columns 4 through 6:

   5.374193411711700e-03   5.374193411711699e-03   5.374193411711701e-03
   5.381709945836223e-03   5.381709945836224e-03   5.381709945836225e-03
   5.361656730137054e-03   5.361656730137054e-03   5.361656730137054e-03
   5.406588697552770e-03   5.406588697552764e-03   5.406588697552771e-03
   5.278495730168067e-03   5.278495730168060e-03   5.278495730168057e-03

 Columns 7 through 9:

   5.374193411711701e-03   5.374193411711703e-03   5.374193411711701e-03
   5.381709945836220e-03   5.381709945836226e-03   5.381709945836229e-03
   5.361656730137053e-03   5.361656730137050e-03   5.361656730137048e-03
   5.406588697552769e-03   5.406588697552769e-03   5.406588697552768e-03
   5.278495730168053e-03   5.278495730168056e-03   5.278495730168051e-03

 Columns 10 through 12:

   5.374193411711701e-03   5.374193411711704e-03   5.374193411711703e-03
   5.381709945836224e-03   5.381709945836226e-03   5.381709945836227e-03
   5.361656730137050e-03   5.361656730137048e-03   5.361656730137051e-03
   5.406588697552767e-03   5.406588697552769e-03   5.406588697552767e-03
   5.278495730168056e-03   5.278495730168056e-03   5.278495730168056e-03

 Columns 13 through 15:

   5.374193411711707e-03   5.374193411711706e-03   5.374193411711701e-03
   5.381709945836226e-03   5.381709945836226e-03   5.381709945836225e-03
   5.361656730137052e-03   5.361656730137052e-03   5.361656730137050e-03
   5.406588697552766e-03   5.406588697552769e-03   5.406588697552768e-03
   5.278495730168060e-03   5.278495730168059e-03   5.278495730168057e-03

ans = 1.058791184067875e-21
ans = 8.237374732532757e-21
ans = 1.461007756921785e-21
ans = 4.849449738668694e-21
ans = 4.850793907164093e-21
ans = 4.852551665965768e-21
ans = 1.161692452269472e-20
ans = 1.464833467254843e-21
ans = 4.852655063542337e-21
ans = 8.236857744649911e-21
ans = 4.840454149507180e-21
ans = 4.849553136245263e-21
ans = 4.850897304740662e-21
ans = 1.161123765598342e-20
ans = 8.236857744649911e-21
nbcr = 15
lambda0 = 3.501084296647659
kmpl_prod = 0.180000000000000
 Time :      1.00000
 Time :      2.00000
 Time :      3.01000
 Time :      4.01000
 Time :      5.01000
 Time :      6.01000
 Time :      7.01000
 Time :      8.01000
 Time :      9.01000
 Time :     10.01000
 Time :     11.01000
 Time :     12.01000
 Time :     13.01000
 Time :     14.01000
 Time :     15.01000
 Time :     16.01000
 Time :     17.01000
 Time :     18.00000
 Time :     19.00000
 Time :     20.00000
 Time :     21.00000
 Time :     22.00000
 Time :     23.00000
 Time :     24.00000
 Time :     25.00000
 Time :     26.00000
 Time :     27.00000
 Time :     28.00000
 Time :     29.00000
 Time :     30.00000
 Time :     31.00000
 Time :     32.00000
 Time :     33.00000
 Time :     34.00000
 Time :     35.00000
dtime = 65.42599797248840
mbcr =

 Columns 1 through 3:

   6.666666666666667e-02   1.079484455763617e-01   1.117216383033909e-01

 Columns 4 through 6:

   1.041278893704924e-01   1.108224715289492e-01   1.082855086020444e-01

agsout =

 Columns 1 through 3:

   5.374193411711694e-03   5.374193411711686e-03   5.374193411711701e-03
   2.039391469991130e-04   5.381709945836217e-03   5.381709945836236e-03
   1.594879606940676e-04   5.361656730137040e-03   5.361656730137052e-03
   4.180200003378159e-04   5.406588697552776e-03   5.406588697552765e-03
   4.016194013732809e-05   5.278495730168063e-03   5.278495730168056e-03
   8.987701752158938e-05   5.300895166792154e-03   5.300895166792158e-03

 Columns 4 through 6:

   5.374193411711700e-03   5.374193411711699e-03   5.374193411711701e-03
   5.381709945836223e-03   5.381709945836224e-03   5.381709945836225e-03
   5.361656730137054e-03   5.361656730137054e-03   5.361656730137054e-03
   5.406588697552770e-03   5.406588697552764e-03   5.406588697552771e-03
   5.278495730168067e-03   5.278495730168060e-03   5.278495730168057e-03
   5.300895166792165e-03   5.300895166792161e-03   5.300895166792156e-03

 Columns 7 through 9:

   5.374193411711701e-03   5.374193411711703e-03   5.374193411711701e-03
   5.381709945836220e-03   5.381709945836226e-03   5.381709945836229e-03
   5.361656730137053e-03   5.361656730137050e-03   5.361656730137048e-03
   5.406588697552769e-03   5.406588697552769e-03   5.406588697552768e-03
   5.278495730168053e-03   5.278495730168056e-03   5.278495730168051e-03
   5.300895166792153e-03   5.300895166792155e-03   5.300895166792157e-03

 Columns 10 through 12:

   5.374193411711701e-03   5.374193411711704e-03   5.374193411711703e-03
   5.381709945836224e-03   5.381709945836226e-03   5.381709945836227e-03
   5.361656730137050e-03   5.361656730137048e-03   5.361656730137051e-03
   5.406588697552767e-03   5.406588697552769e-03   5.406588697552767e-03
   5.278495730168056e-03   5.278495730168056e-03   5.278495730168056e-03
   5.300895166792154e-03   5.300895166792162e-03   5.300895166792160e-03

 Columns 13 through 15:

   5.374193411711707e-03   5.374193411711706e-03   5.374193411711701e-03
   5.381709945836226e-03   5.381709945836226e-03   5.381709945836225e-03
   5.361656730137052e-03   5.361656730137052e-03   5.361656730137050e-03
   5.406588697552766e-03   5.406588697552769e-03   5.406588697552768e-03
   5.278495730168060e-03   5.278495730168059e-03   5.278495730168057e-03
   5.300895166792162e-03   5.300895166792159e-03   5.300895166792162e-03

ans = 4.347661299578713e-21
ans = 2.277021431205347e-21
ans = 2.282191310033803e-21
ans = 1.243066345029376e-20
ans = 1.243624691942849e-20
ans = 2.274953479673964e-21
ans = 5.650987752232578e-21
ans = 2.263166155945084e-21
ans = 5.649333391007472e-21
ans = 9.040877300051454e-21
ans = -1.125172428225256e-21
ans = 2.261201601990270e-21
ans = 9.037568577601242e-21
ans = 9.040773902474885e-21
ans = 1.243076684787033e-20
