warning: function /home/surgeon/flu/amcode/perelson21/1d2agt/4paper/2submit/run.m shadows a core library function
warning: called from
    driver at line 1 column 1

lambda0 = 3.501084296647659
kmpl_prod = 0.180000000000000
dkps =

 Columns 1 through 3:

   2.370250344414707e-01   2.244810093719788e+02   1.897788213245774e-01

 Columns 4 through 6:

   1.757906198910110e+01   2.830451537455646e+01   2.792371102538827e+00

nbcr = 2
lambda0 = 3.501084296647659
kmpl_prod = 0.180000000000000
 Time :      1.00000
 Time :      2.00000
 Time :      3.01000
 Time :      4.01000
 Time :      5.01000
 Time :      6.01000
 Time :      7.01000
 Time :      8.01000
 Time :      9.01000
 Time :     10.01000
 Time :     11.01000
 Time :     12.01000
 Time :     13.01000
 Time :     14.01000
 Time :     15.01000
 Time :     16.01000
 Time :     17.01000
 Time :     18.00000
 Time :     19.00000
 Time :     20.00000
 Time :     21.00000
 Time :     22.00000
 Time :     23.00000
 Time :     24.00000
 Time :     25.00000
 Time :     26.00000
 Time :     27.00000
 Time :     28.00000
 Time :     29.00000
 Time :     30.00000
 Time :     31.00000
 Time :     32.00000
 Time :     33.00000
 Time :     34.00000
 Time :     35.00000
dtime = 5.073348060250282
mbcr = 2.078488834910772e-03
agsout =

   6.742080287639608e-01   1.836660915282758e-02

ans = 1.357993639958886e-20
ans = 1.135220895521928e-20
nbcr = 2
lambda0 = 3.501084296647659
kmpl_prod = 0.180000000000000
 Time :      1.00000
 Time :      2.00000
 Time :      3.01000
 Time :      4.01000
 Time :      5.01000
 Time :      6.01000
 Time :      7.01000
 Time :      8.01000
 Time :      9.01000
 Time :     10.01000
 Time :     11.01000
 Time :     12.01000
 Time :     13.01000
 Time :     14.01000
 Time :     15.01000
 Time :     16.01000
 Time :     17.01000
 Time :     18.00000
 Time :     19.00000
 Time :     20.00000
 Time :     21.00000
 Time :     22.00000
 Time :     23.00000
 Time :     24.00000
 Time :     25.00000
 Time :     26.00000
 Time :     27.00000
 Time :     28.00000
 Time :     29.00000
 Time :     30.00000
 Time :     31.00000
 Time :     32.00000
 Time :     33.00000
 Time :     34.00000
 Time :     35.00000
dtime = 4.965845122933388
mbcr =

   2.078488834910772e-03   2.550797676296853e-01

agsout =

   6.742080287639608e-01   1.836660915282758e-02
   2.347733269144550e-01   1.851078274171282e-02

ans = 2.845372060211704e-21
ans = 2.448179155550633e-21
nbcr = 2
lambda0 = 3.501084296647659
kmpl_prod = 0.180000000000000
 Time :      1.00000
 Time :      2.00000
 Time :      3.01000
 Time :      4.01000
 Time :      5.01000
 Time :      6.01000
 Time :      7.01000
 Time :      8.01000
 Time :      9.01000
 Time :     10.01000
 Time :     11.01000
 Time :     12.01000
 Time :     13.01000
 Time :     14.01000
 Time :     15.01000
 Time :     16.01000
 Time :     17.01000
 Time :     18.00000
 Time :     19.00000
 Time :     20.00000
 Time :     21.00000
 Time :     22.00000
 Time :     23.00000
 Time :     24.00000
 Time :     25.00000
 Time :     26.00000
 Time :     27.00000
 Time :     28.00000
 Time :     29.00000
 Time :     30.00000
 Time :     31.00000
 Time :     32.00000
 Time :     33.00000
 Time :     34.00000
 Time :     35.00000
dtime = 5.148684605956078
mbcr =

   2.078488834910772e-03   2.550797676296853e-01   1.697467050636230e-03

agsout =

   6.742080287639608e-01   1.836660915282758e-02
   2.347733269144550e-01   1.851078274171282e-02
   6.749503574371326e-01   1.851074945194449e-02

ans = 4.966283345636840e-21
ans = 5.317597614663195e-21
nbcr = 2
lambda0 = 3.501084296647659
kmpl_prod = 0.180000000000000
 Time :      1.00000
 Time :      2.00000
 Time :      3.01000
 Time :      4.01000
 Time :      5.01000
 Time :      6.01000
 Time :      7.01000
 Time :      8.01000
 Time :      9.01000
 Time :     10.01000
 Time :     11.01000
 Time :     12.01000
 Time :     13.01000
 Time :     14.01000
 Time :     15.01000
 Time :     16.01000
 Time :     17.01000
 Time :     18.00000
 Time :     19.00000
 Time :     20.00000
 Time :     21.00000
 Time :     22.00000
 Time :     23.00000
 Time :     24.00000
 Time :     25.00000
 Time :     26.00000
 Time :     27.00000
 Time :     28.00000
 Time :     29.00000
 Time :     30.00000
 Time :     31.00000
 Time :     32.00000
 Time :     33.00000
 Time :     34.00000
 Time :     35.00000
dtime = 4.980399459600449
mbcr =

 Columns 1 through 3:

   2.078488834910772e-03   2.550797676296853e-01   1.697467050636230e-03

 Column 4:

   2.708116390060978e-01

agsout =

   6.742080287639608e-01   1.836660915282758e-02
   2.347733269144550e-01   1.851078274171282e-02
   6.749503574371326e-01   1.851074945194449e-02
   1.886369048185125e-01   1.851074946046583e-02

ans = 9.445110125648462e-22
ans = 2.954600290747051e-21
nbcr = 2
lambda0 = 3.501084296647659
kmpl_prod = 0.180000000000000
 Time :      1.00000
 Time :      2.00000
 Time :      3.01000
 Time :      4.01000
 Time :      5.01000
 Time :      6.01000
 Time :      7.01000
 Time :      8.01000
 Time :      9.01000
 Time :     10.01000
 Time :     11.01000
 Time :     12.01000
 Time :     13.01000
 Time :     14.01000
 Time :     15.01000
 Time :     16.01000
 Time :     17.01000
 Time :     18.00000
 Time :     19.00000
 Time :     20.00000
 Time :     21.00000
 Time :     22.00000
 Time :     23.00000
 Time :     24.00000
 Time :     25.00000
 Time :     26.00000
 Time :     27.00000
 Time :     28.00000
 Time :     29.00000
 Time :     30.00000
 Time :     31.00000
 Time :     32.00000
 Time :     33.00000
 Time :     34.00000
 Time :     35.00000
dtime = 5.025229230523109
mbcr =

 Columns 1 through 3:

   2.078488834910772e-03   2.550797676296853e-01   1.697467050636230e-03

 Columns 4 and 5:

   2.708116390060978e-01   5.972773108128950e-02

agsout =

   6.742080287639608e-01   1.836660915282758e-02
   2.347733269144550e-01   1.851078274171282e-02
   6.749503574371326e-01   1.851074945194449e-02
   1.886369048185125e-01   1.851074946046583e-02
   6.091669729884026e-01   1.851074946046368e-02

ans = 1.288562571189500e-20
ans = 3.043519783215800e-21
nbcr = 2
lambda0 = 3.501084296647659
kmpl_prod = 0.180000000000000
 Time :      1.00000
 Time :      2.00000
 Time :      3.01000
 Time :      4.01000
 Time :      5.01000
 Time :      6.01000
 Time :      7.01000
 Time :      8.01000
 Time :      9.01000
 Time :     10.01000
 Time :     11.01000
 Time :     12.01000
 Time :     13.01000
 Time :     14.01000
 Time :     15.01000
 Time :     16.01000
 Time :     17.01000
 Time :     18.00000
 Time :     19.00000
 Time :     20.00000
 Time :     21.00000
 Time :     22.00000
 Time :     23.00000
 Time :     24.00000
 Time :     25.00000
 Time :     26.00000
 Time :     27.00000
 Time :     28.00000
 Time :     29.00000
 Time :     30.00000
 Time :     31.00000
 Time :     32.00000
 Time :     33.00000
 Time :     34.00000
 Time :     35.00000
dtime = 5.036735907196999
mbcr =

 Columns 1 through 3:

   2.078488834910772e-03   2.550797676296853e-01   1.697467050636230e-03

 Columns 4 through 6:

   2.708116390060978e-01   5.972773108128950e-02   8.883180433815032e-03

agsout =

   6.742080287639608e-01   1.836660915282758e-02
   2.347733269144550e-01   1.851078274171282e-02
   6.749503574371326e-01   1.851074945194449e-02
   1.886369048185125e-01   1.851074946046583e-02
   6.091669729884026e-01   1.851074946046368e-02
   6.667618878200913e-01   1.851074946046368e-02

ans = 7.782301803212849e-21
ans = 6.431652380026569e-21
dkps =

 Columns 1 through 3:

   5.326512191081569e+01   6.027285938087768e+01   1.045944899774258e+01

 Columns 4 through 6:

   8.181502739001520e+00   7.728781050894511e+00   1.918602846473080e+00

nbcr = 3
lambda0 = 3.501084296647659
kmpl_prod = 0.180000000000000
 Time :      1.00000
 Time :      2.00000
 Time :      3.01000
 Time :      4.01000
 Time :      5.01000
 Time :      6.01000
 Time :      7.01000
 Time :      8.01000
 Time :      9.01000
 Time :     10.01000
 Time :     11.01000
 Time :     12.01000
 Time :     13.01000
 Time :     14.01000
 Time :     15.01000
 Time :     16.01000
 Time :     17.01000
 Time :     18.00000
 Time :     19.00000
 Time :     20.00000
 Time :     21.00000
 Time :     22.00000
 Time :     23.00000
 Time :     24.00000
 Time :     25.00000
 Time :     26.00000
 Time :     27.00000
 Time :     28.00000
 Time :     29.00000
 Time :     30.00000
 Time :     31.00000
 Time :     32.00000
 Time :     33.00000
 Time :     34.00000
 Time :     35.00000
dtime = 12.63162530958652
mbcr = 1.040325567184357e-03
agsout =

   6.742080287639607e-01   1.836660953593613e-02   1.836660953593613e-02

ans = 1.170131317677712e-20
ans = 1.729191182180127e-21
ans = 1.729191182180127e-21
nbcr = 3
lambda0 = 3.501084296647659
kmpl_prod = 0.180000000000000
 Time :      1.00000
 Time :      2.00000
 Time :      3.01000
 Time :      4.01000
 Time :      5.01000
 Time :      6.01000
 Time :      7.01000
 Time :      8.01000
 Time :      9.01000
 Time :     10.01000
 Time :     11.01000
 Time :     12.01000
 Time :     13.01000
 Time :     14.01000
 Time :     15.01000
 Time :     16.01000
 Time :     17.01000
 Time :     18.00000
 Time :     19.00000
 Time :     20.00000
 Time :     21.00000
 Time :     22.00000
 Time :     23.00000
 Time :     24.00000
 Time :     25.00000
 Time :     26.00000
 Time :     27.00000
 Time :     28.00000
 Time :     29.00000
 Time :     30.00000
 Time :     31.00000
 Time :     32.00000
 Time :     33.00000
 Time :     34.00000
 Time :     35.00000
dtime = 12.37465627491474
mbcr =

   1.040325567184357e-03   7.956380127908619e-04

agsout =

   6.742080287639607e-01   1.836660953593613e-02   1.836660953593613e-02
   6.750734373907020e-01   1.851078312299398e-02   1.851078312299398e-02

ans = -5.723048195373261e-21
ans = 1.325407247468272e-20
ans = 1.325407247468272e-20
nbcr = 3
lambda0 = 3.501084296647659
kmpl_prod = 0.180000000000000
 Time :      1.00000
 Time :      2.00000
 Time :      3.01000
 Time :      4.01000
 Time :      5.01000
 Time :      6.01000
 Time :      7.01000
 Time :      8.01000
 Time :      9.01000
 Time :     10.01000
 Time :     11.01000
 Time :     12.01000
 Time :     13.01000
 Time :     14.01000
 Time :     15.01000
 Time :     16.01000
 Time :     17.01000
 Time :     18.00000
 Time :     19.00000
 Time :     20.00000
 Time :     21.00000
 Time :     22.00000
 Time :     23.00000
 Time :     24.00000
 Time :     25.00000
 Time :     26.00000
 Time :     27.00000
 Time :     28.00000
 Time :     29.00000
 Time :     30.00000
 Time :     31.00000
 Time :     32.00000
 Time :     33.00000
 Time :     34.00000
 Time :     35.00000
dtime = 12.61935420334339
mbcr =

   1.040325567184357e-03   7.956380127908619e-04   7.935176192816983e-04

agsout =

   6.742080287639607e-01   1.836660953593613e-02   1.836660953593613e-02
   6.750734373907020e-01   1.851078312299398e-02   1.851078312299398e-02
   6.750793457963608e-01   1.851074983324547e-02   1.851074983324547e-02

ans = -9.125113874373097e-21
ans = 5.603652664796657e-21
ans = 5.603652664796657e-21
nbcr = 3
lambda0 = 3.501084296647659
kmpl_prod = 0.180000000000000
 Time :      1.00000
 Time :      2.00000
 Time :      3.01000
 Time :      4.01000
 Time :      5.01000
 Time :      6.01000
 Time :      7.01000
 Time :      8.01000
 Time :      9.01000
 Time :     10.01000
 Time :     11.01000
 Time :     12.01000
 Time :     13.01000
 Time :     14.01000
 Time :     15.01000
 Time :     16.01000
 Time :     17.01000
 Time :     18.00000
 Time :     19.00000
 Time :     20.00000
 Time :     21.00000
 Time :     22.00000
 Time :     23.00000
 Time :     24.00000
 Time :     25.00000
 Time :     26.00000
 Time :     27.00000
 Time :     28.00000
 Time :     29.00000
 Time :     30.00000
 Time :     31.00000
 Time :     32.00000
 Time :     33.00000
 Time :     34.00000
 Time :     35.00000
dtime = 12.13433369994164
mbcr =

 Columns 1 through 3:

   1.040325567184357e-03   7.956380127908619e-04   7.935176192816983e-04

 Column 4:

   2.082521483342824e-03

agsout =

   6.742080287639607e-01   1.836660953593613e-02   1.836660953593613e-02
   6.750734373907020e-01   1.851078312299398e-02   1.851078312299398e-02
   6.750793457963608e-01   1.851074983324547e-02   1.851074983324547e-02
   6.720833146707847e-01   1.851074984176682e-02   1.851074984176682e-02

ans = 6.849294780783277e-21
ans = -6.924376567501844e-21
ans = -6.924376567501844e-21
nbcr = 3
lambda0 = 3.501084296647659
kmpl_prod = 0.180000000000000
 Time :      1.00000
 Time :      2.00000
 Time :      3.01000
 Time :      4.01000
 Time :      5.01000
 Time :      6.01000
 Time :      7.01000
 Time :      8.01000
 Time :      9.01000
 Time :     10.01000
 Time :     11.01000
 Time :     12.01000
 Time :     13.01000
 Time :     14.01000
 Time :     15.01000
 Time :     16.01000
 Time :     17.01000
 Time :     18.00000
 Time :     19.00000
 Time :     20.00000
 Time :     21.00000
 Time :     22.00000
 Time :     23.00000
 Time :     24.00000
 Time :     25.00000
 Time :     26.00000
 Time :     27.00000
 Time :     28.00000
 Time :     29.00000
 Time :     30.00000
 Time :     31.00000
 Time :     32.00000
 Time :     33.00000
 Time :     34.00000
 Time :     35.00000
dtime = 12.37312741577625
mbcr =

 Columns 1 through 3:

   1.040325567184357e-03   7.956380127908619e-04   7.935176192816983e-04

 Columns 4 and 5:

   2.082521483342824e-03   1.009520179247428e-02

agsout =

   6.742080287639607e-01   1.836660953593613e-02   1.836660953593613e-02
   6.750734373907020e-01   1.851078312299398e-02   1.851078312299398e-02
   6.750793457963608e-01   1.851074983324547e-02   1.851074983324547e-02
   6.720833146707847e-01   1.851074984176682e-02   1.851074984176682e-02
   6.541857015950741e-01   1.851074984176467e-02   1.851074984176467e-02

ans = 1.065015637397980e-21
ans = -3.446563536682263e-21
ans = -3.446563536682263e-21
nbcr = 3
lambda0 = 3.501084296647659
kmpl_prod = 0.180000000000000
 Time :      1.00000
 Time :      2.00000
 Time :      3.01000
 Time :      4.01000
 Time :      5.01000
 Time :      6.01000
 Time :      7.01000
 Time :      8.01000
 Time :      9.01000
 Time :     10.01000
 Time :     11.01000
 Time :     12.01000
 Time :     13.01000
 Time :     14.01000
 Time :     15.01000
 Time :     16.01000
 Time :     17.01000
 Time :     18.00000
 Time :     19.00000
 Time :     20.00000
 Time :     21.00000
 Time :     22.00000
 Time :     23.00000
 Time :     24.00000
 Time :     25.00000
 Time :     26.00000
 Time :     27.00000
 Time :     28.00000
 Time :     29.00000
 Time :     30.00000
 Time :     31.00000
 Time :     32.00000
 Time :     33.00000
 Time :     34.00000
 Time :     35.00000
dtime = 12.06646040081978
mbcr =

 Columns 1 through 3:

   1.040325567184357e-03   7.956380127908619e-04   7.935176192816983e-04

 Columns 4 through 6:

   2.082521483342824e-03   1.009520179247428e-02   2.314762509406070e-02

agsout =

   6.742080287639607e-01   1.836660953593613e-02   1.836660953593613e-02
   6.750734373907020e-01   1.851078312299398e-02   1.851078312299398e-02
   6.750793457963608e-01   1.851074983324547e-02   1.851074983324547e-02
   6.720833146707847e-01   1.851074984176682e-02   1.851074984176682e-02
   6.541857015950741e-01   1.851074984176467e-02   1.851074984176467e-02
   6.256596464748593e-01   1.851074984176466e-02   1.851074984176466e-02

ans = -9.693466257806107e-22
ans = -6.834777720643293e-21
ans = -6.834777720643293e-21
dkps =

 Columns 1 through 3:

   2.829695970198353e+01   9.265514957785845e+00   5.552784375602813e-01

 Columns 4 through 6:

   6.270332264785784e+00   9.855429936359975e+00   1.741178391136161e+01

nbcr = 4
lambda0 = 3.501084296647659
kmpl_prod = 0.180000000000000
 Time :      1.00000
 Time :      2.00000
 Time :      3.01000
 Time :      4.01000
 Time :      5.01000
 Time :      6.01000
 Time :      7.01000
 Time :      8.01000
 Time :      9.01000
 Time :     10.01000
 Time :     11.01000
 Time :     12.01000
 Time :     13.01000
 Time :     14.01000
 Time :     15.01000
 Time :     16.01000
 Time :     17.01000
 Time :     18.00000
 Time :     19.00000
 Time :     20.00000
 Time :     21.00000
 Time :     22.00000
 Time :     23.00000
 Time :     24.00000
 Time :     25.00000
 Time :     26.00000
 Time :     27.00000
 Time :     28.00000
 Time :     29.00000
 Time :     30.00000
 Time :     31.00000
 Time :     32.00000
 Time :     33.00000
 Time :     34.00000
 Time :     35.00000
dtime = 18.13776120543480
mbcr = 6.937909670208977e-04
agsout =

 Columns 1 through 3:

   6.742080287639606e-01   1.836660966798283e-02   1.836660966798283e-02

 Column 4:

   1.836660966798283e-02

ans = -2.404035307088032e-21
ans = 7.022034770777819e-21
ans = 7.022034770777819e-21
ans = 7.022034770777819e-21
nbcr = 4
lambda0 = 3.501084296647659
kmpl_prod = 0.180000000000000
 Time :      1.00000
 Time :      2.00000
 Time :      3.01000
 Time :      4.01000
 Time :      5.01000
 Time :      6.01000
 Time :      7.01000
 Time :      8.01000
 Time :      9.01000
 Time :     10.01000
 Time :     11.01000
 Time :     12.01000
 Time :     13.01000
 Time :     14.01000
 Time :     15.01000
 Time :     16.01000
 Time :     17.01000
 Time :     18.00000
 Time :     19.00000
 Time :     20.00000
 Time :     21.00000
 Time :     22.00000
 Time :     23.00000
 Time :     24.00000
 Time :     25.00000
 Time :     26.00000
 Time :     27.00000
 Time :     28.00000
 Time :     29.00000
 Time :     30.00000
 Time :     31.00000
 Time :     32.00000
 Time :     33.00000
 Time :     34.00000
 Time :     35.00000
dtime = 18.06148923933506
mbcr =

   6.937909670208977e-04   5.873442131550340e-04

agsout =

 Columns 1 through 3:

   6.742080287639606e-01   1.836660966798283e-02   1.836660966798283e-02
   6.748658508681545e-01   1.851078325711324e-02   1.851078325711324e-02

 Column 4:

   1.836660966798283e-02
   1.851078325711324e-02

ans = 1.120015635021495e-21
ans = 7.975001766401460e-21
ans = 7.975001766401460e-21
ans = 7.975001766401460e-21
nbcr = 4
lambda0 = 3.501084296647659
kmpl_prod = 0.180000000000000
 Time :      1.00000
 Time :      2.00000
 Time :      3.01000
 Time :      4.01000
 Time :      5.01000
 Time :      6.01000
 Time :      7.01000
 Time :      8.01000
 Time :      9.01000
 Time :     10.01000
 Time :     11.01000
 Time :     12.01000
 Time :     13.01000
 Time :     14.01000
 Time :     15.01000
 Time :     16.01000
 Time :     17.01000
 Time :     18.00000
 Time :     19.00000
 Time :     20.00000
 Time :     21.00000
 Time :     22.00000
 Time :     23.00000
 Time :     24.00000
 Time :     25.00000
 Time :     26.00000
 Time :     27.00000
 Time :     28.00000
 Time :     29.00000
 Time :     30.00000
 Time :     31.00000
 Time :     32.00000
 Time :     33.00000
 Time :     34.00000
 Time :     35.00000
dtime = 17.97567196190357
mbcr =

   6.937909670208977e-04   5.873442131550340e-04   1.859190896422131e-03

agsout =

 Columns 1 through 3:

   6.742080287639606e-01   1.836660966798283e-02   1.836660966798283e-02
   6.748658508681545e-01   1.851078325711324e-02   1.851078325711324e-02
   6.704835713367970e-01   1.851074996736901e-02   1.851074996736901e-02

 Column 4:

   1.836660966798283e-02
   1.851078325711324e-02
   1.851074996736901e-02

ans = -2.664830601895986e-21
ans = 7.027726484250523e-21
ans = 7.027726484250523e-21
ans = 7.027726484250523e-21
nbcr = 4
lambda0 = 3.501084296647659
kmpl_prod = 0.180000000000000
 Time :      1.00000
 Time :      2.00000
 Time :      3.01000
 Time :      4.01000
 Time :      5.01000
 Time :      6.01000
 Time :      7.01000
 Time :      8.01000
 Time :      9.01000
 Time :     10.01000
 Time :     11.01000
 Time :     12.01000
 Time :     13.01000
 Time :     14.01000
 Time :     15.01000
 Time :     16.01000
 Time :     17.01000
 Time :     18.00000
 Time :     19.00000
 Time :     20.00000
 Time :     21.00000
 Time :     22.00000
 Time :     23.00000
 Time :     24.00000
 Time :     25.00000
 Time :     26.00000
 Time :     27.00000
 Time :     28.00000
 Time :     29.00000
 Time :     30.00000
 Time :     31.00000
 Time :     32.00000
 Time :     33.00000
 Time :     34.00000
 Time :     35.00000
dtime = 17.93506667017937
mbcr =

 Columns 1 through 3:

   6.937909670208977e-04   5.873442131550340e-04   1.859190896422131e-03

 Column 4:

   9.332134960774577e-02

agsout =

 Columns 1 through 3:

   6.742080287639606e-01   1.836660966798283e-02   1.836660966798283e-02
   6.748658508681545e-01   1.851078325711324e-02   1.851078325711324e-02
   6.704835713367970e-01   1.851074996736901e-02   1.851074996736901e-02
   2.925683305584260e-01   1.851074997589035e-02   1.851074997589035e-02

 Column 4:

   1.836660966798283e-02
   1.851078325711324e-02
   1.851074996736901e-02
   1.851074997589035e-02

ans = -1.746746959770572e-21
ans = 1.276587677794374e-21
ans = 1.276587677794374e-21
ans = 1.276587677794374e-21
nbcr = 4
lambda0 = 3.501084296647659
kmpl_prod = 0.180000000000000
 Time :      1.00000
 Time :      2.00000
 Time :      3.01000
 Time :      4.01000
 Time :      5.01000
 Time :      6.01000
 Time :      7.01000
 Time :      8.01000
 Time :      9.01000
 Time :     10.01000
 Time :     11.01000
 Time :     12.01000
 Time :     13.01000
 Time :     14.01000
 Time :     15.01000
 Time :     16.01000
 Time :     17.01000
 Time :     18.00000
 Time :     19.00000
 Time :     20.00000
 Time :     21.00000
 Time :     22.00000
 Time :     23.00000
 Time :     24.00000
 Time :     25.00000
 Time :     26.00000
 Time :     27.00000
 Time :     28.00000
 Time :     29.00000
 Time :     30.00000
 Time :     31.00000
 Time :     32.00000
 Time :     33.00000
 Time :     34.00000
 Time :     35.00000
dtime = 17.90139153599739
mbcr =

 Columns 1 through 3:

   6.937909670208977e-04   5.873442131550340e-04   1.859190896422131e-03

 Columns 4 and 5:

   9.332134960774577e-02   4.687997200298425e-02

agsout =

 Columns 1 through 3:

   6.742080287639606e-01   1.836660966798283e-02   1.836660966798283e-02
   6.748658508681545e-01   1.851078325711324e-02   1.851078325711324e-02
   6.704835713367970e-01   1.851074996736901e-02   1.851074996736901e-02
   2.925683305584260e-01   1.851074997589035e-02   1.851074997589035e-02
   5.198771551586290e-01   1.851074997588821e-02   1.851074997588821e-02

 Column 4:

   1.836660966798283e-02
   1.851078325711324e-02
   1.851074996736901e-02
   1.851074997589035e-02
   1.851074997588821e-02

ans = 6.122790894117511e-21
ans = 4.753369156228965e-21
ans = 4.753369156228965e-21
ans = 4.753369156228965e-21
nbcr = 4
lambda0 = 3.501084296647659
kmpl_prod = 0.180000000000000
 Time :      1.00000
 Time :      2.00000
 Time :      3.01000
 Time :      4.01000
 Time :      5.01000
 Time :      6.01000
 Time :      7.01000
 Time :      8.01000
 Time :      9.01000
 Time :     10.01000
 Time :     11.01000
 Time :     12.01000
 Time :     13.01000
 Time :     14.01000
 Time :     15.01000
 Time :     16.01000
 Time :     17.01000
 Time :     18.00000
 Time :     19.00000
 Time :     20.00000
 Time :     21.00000
 Time :     22.00000
 Time :     23.00000
 Time :     24.00000
 Time :     25.00000
 Time :     26.00000
 Time :     27.00000
 Time :     28.00000
 Time :     29.00000
 Time :     30.00000
 Time :     31.00000
 Time :     32.00000
 Time :     33.00000
 Time :     34.00000
 Time :     35.00000
dtime = 17.96223409473896
mbcr =

 Columns 1 through 3:

   6.937909670208977e-04   5.873442131550340e-04   1.859190896422131e-03

 Columns 4 through 6:

   9.332134960774577e-02   4.687997200298425e-02   2.055709898778333e-02

agsout =

 Columns 1 through 3:

   6.742080287639606e-01   1.836660966798283e-02   1.836660966798283e-02
   6.748658508681545e-01   1.851078325711324e-02   1.851078325711324e-02
   6.704835713367970e-01   1.851074996736901e-02   1.851074996736901e-02
   2.925683305584260e-01   1.851074997589035e-02   1.851074997589035e-02
   5.198771551586290e-01   1.851074997588821e-02   1.851074997588821e-02
   6.096538154509008e-01   1.851074997588821e-02   1.851074997588821e-02

 Column 4:

   1.836660966798283e-02
   1.851078325711324e-02
   1.851074996736901e-02
   1.851074997589035e-02
   1.851074997588821e-02
   1.851074997588821e-02

ans = 9.780045572311413e-22
ans = 4.753370771816099e-21
ans = 4.753370771816099e-21
ans = 4.753370771816099e-21
dkps =

 Columns 1 through 3:

   2.058978281197634e+00   2.582159484741693e+00   4.402375731259884e+01

 Columns 4 through 6:

   2.968962729588393e+00   1.273611728979446e+01   7.670765457975024e+01

nbcr = 5
lambda0 = 3.501084296647659
kmpl_prod = 0.180000000000000
 Time :      1.00000
 Time :      2.00000
 Time :      3.01000
 Time :      4.01000
 Time :      5.01000
 Time :      6.01000
 Time :      7.01000
 Time :      8.01000
 Time :      9.01000
 Time :     10.01000
 Time :     11.01000
 Time :     12.01000
 Time :     13.01000
 Time :     14.01000
 Time :     15.01000
 Time :     16.01000
 Time :     17.01000
 Time :     18.00000
 Time :     19.00000
 Time :     20.00000
 Time :     21.00000
 Time :     22.00000
 Time :     23.00000
 Time :     24.00000
 Time :     25.00000
 Time :     26.00000
 Time :     27.00000
 Time :     28.00000
 Time :     29.00000
 Time :     30.00000
 Time :     31.00000
 Time :     32.00000
 Time :     33.00000
 Time :     34.00000
 Time :     35.00000
dtime = 23.08450564742088
mbcr = 5.204334879503112e-04
agsout =

 Columns 1 through 3:

   6.742080287639596e-01   1.836661118562896e-02   1.836661118562896e-02

 Columns 4 and 5:

   1.836661118562896e-02   1.836661118562896e-02

ans = 1.128726828624852e-20
ans = 3.817491841307641e-21
ans = 3.817491841307641e-21
ans = 3.817491841307641e-21
ans = 3.817491841307641e-21
nbcr = 5
lambda0 = 3.501084296647659
kmpl_prod = 0.180000000000000
 Time :      1.00000
 Time :      2.00000
 Time :      3.01000
 Time :      4.01000
 Time :      5.01000
 Time :      6.01000
 Time :      7.01000
 Time :      8.01000
 Time :      9.01000
 Time :     10.01000
 Time :     11.01000
 Time :     12.01000
 Time :     13.01000
 Time :     14.01000
 Time :     15.01000
 Time :     16.01000
 Time :     17.01000
 Time :     18.00000
 Time :     19.00000
 Time :     20.00000
 Time :     21.00000
 Time :     22.00000
 Time :     23.00000
 Time :     24.00000
 Time :     25.00000
 Time :     26.00000
 Time :     27.00000
 Time :     28.00000
 Time :     29.00000
 Time :     30.00000
 Time :     31.00000
 Time :     32.00000
 Time :     33.00000
 Time :     34.00000
 Time :     35.00000
dtime = 23.05784113705158
mbcr =

   5.204334879503112e-04   1.977234962133907e-02

agsout =

 Columns 1 through 3:

   6.742080287639596e-01   1.836661118562896e-02   1.836661118562896e-02
   5.905916243813844e-01   1.851078474944624e-02   1.851078474944624e-02

 Columns 4 and 5:

   1.836661118562896e-02   1.836661118562896e-02
   1.851078474944624e-02   1.851078474944624e-02

ans = 7.169571803432028e-21
ans = 3.046679063856127e-21
ans = 3.046679063856127e-21
ans = 3.046679063856127e-21
ans = 3.046679063856127e-21
nbcr = 5
lambda0 = 3.501084296647659
kmpl_prod = 0.180000000000000
 Time :      1.00000
 Time :      2.00000
 Time :      3.01000
 Time :      4.01000
 Time :      5.01000
 Time :      6.01000
 Time :      7.01000
 Time :      8.01000
 Time :      9.01000
 Time :     10.01000
 Time :     11.01000
 Time :     12.01000
 Time :     13.01000
 Time :     14.01000
 Time :     15.01000
 Time :     16.01000
 Time :     17.01000
 Time :     18.00000
 Time :     19.00000
 Time :     20.00000
 Time :     21.00000
 Time :     22.00000
 Time :     23.00000
 Time :     24.00000
 Time :     25.00000
 Time :     26.00000
 Time :     27.00000
 Time :     28.00000
 Time :     29.00000
 Time :     30.00000
 Time :     31.00000
 Time :     32.00000
 Time :     33.00000
 Time :     34.00000
 Time :     35.00000
dtime = 23.02971817553043
mbcr =

   5.204334879503112e-04   1.977234962133907e-02   4.038806688668551e-02

agsout =

 Columns 1 through 3:

   6.742080287639596e-01   1.836661118562896e-02   1.836661118562896e-02
   5.905916243813844e-01   1.851078474944624e-02   1.851078474944624e-02
   4.940502477772903e-01   1.851075145971649e-02   1.851075145971649e-02

 Columns 4 and 5:

   1.836661118562896e-02   1.836661118562896e-02
   1.851078474944624e-02   1.851078474944624e-02
   1.851075145971649e-02   1.851075145971649e-02

ans = 1.202339332088504e-21
ans = -4.592544727192056e-21
ans = -4.592544727192056e-21
ans = -4.592544727192056e-21
ans = -4.592544727192056e-21
nbcr = 5
lambda0 = 3.501084296647659
kmpl_prod = 0.180000000000000
 Time :      1.00000
 Time :      2.00000
 Time :      3.01000
 Time :      4.01000
 Time :      5.01000
 Time :      6.01000
 Time :      7.01000
 Time :      8.01000
 Time :      9.01000
 Time :     10.01000
 Time :     11.01000
 Time :     12.01000
 Time :     13.01000
 Time :     14.01000
 Time :     15.01000
 Time :     16.01000
 Time :     17.01000
 Time :     18.00000
 Time :     19.00000
 Time :     20.00000
 Time :     21.00000
 Time :     22.00000
 Time :     23.00000
 Time :     24.00000
 Time :     25.00000
 Time :     26.00000
 Time :     27.00000
 Time :     28.00000
 Time :     29.00000
 Time :     30.00000
 Time :     31.00000
 Time :     32.00000
 Time :     33.00000
 Time :     34.00000
 Time :     35.00000
dtime = 23.08370098471642
mbcr =

 Columns 1 through 3:

   5.204334879503112e-04   1.977234962133907e-02   4.038806688668551e-02

 Column 4:

   1.043608812953189e-03

agsout =

 Columns 1 through 3:

   6.742080287639596e-01   1.836661118562896e-02   1.836661118562896e-02
   5.905916243813844e-01   1.851078474944624e-02   1.851078474944624e-02
   4.940502477772903e-01   1.851075145971649e-02   1.851075145971649e-02
   6.721215990097316e-01   1.851075146823783e-02   1.851075146823783e-02

 Columns 4 and 5:

   1.836661118562896e-02   1.836661118562896e-02
   1.851078474944624e-02   1.851078474944624e-02
   1.851075145971649e-02   1.851075145971649e-02
   1.851075146823783e-02   1.851075146823783e-02

ans = -3.639554305554974e-23
ans = 6.596691875895804e-21
ans = 6.596691875895804e-21
ans = 6.596691875895804e-21
ans = 6.596691875895804e-21
nbcr = 5
lambda0 = 3.501084296647659
kmpl_prod = 0.180000000000000
 Time :      1.00000
 Time :      2.00000
 Time :      3.01000
 Time :      4.01000
 Time :      5.01000
 Time :      6.01000
 Time :      7.01000
 Time :      8.01000
 Time :      9.01000
 Time :     10.01000
 Time :     11.01000
 Time :     12.01000
 Time :     13.01000
 Time :     14.01000
 Time :     15.01000
 Time :     16.01000
 Time :     17.01000
 Time :     18.00000
 Time :     19.00000
 Time :     20.00000
 Time :     21.00000
 Time :     22.00000
 Time :     23.00000
 Time :     24.00000
 Time :     25.00000
 Time :     26.00000
 Time :     27.00000
 Time :     28.00000
 Time :     29.00000
 Time :     30.00000
 Time :     31.00000
 Time :     32.00000
 Time :     33.00000
 Time :     34.00000
 Time :     35.00000
dtime = 22.98755384981632
mbcr =

 Columns 1 through 3:

   5.204334879503112e-04   1.977234962133907e-02   4.038806688668551e-02

 Columns 4 and 5:

   1.043608812953189e-03   2.968097020605039e-02

agsout =

 Columns 1 through 3:

   6.742080287639596e-01   1.836661118562896e-02   1.836661118562896e-02
   5.905916243813844e-01   1.851078474944624e-02   1.851078474944624e-02
   4.940502477772903e-01   1.851075145971649e-02   1.851075145971649e-02
   6.721215990097316e-01   1.851075146823783e-02   1.851075146823783e-02
   5.471059129501853e-01   1.851075146823568e-02   1.851075146823568e-02

 Columns 4 and 5:

   1.836661118562896e-02   1.836661118562896e-02
   1.851078474944624e-02   1.851078474944624e-02
   1.851075145971649e-02   1.851075145971649e-02
   1.851075146823783e-02   1.851075146823783e-02
   1.851075146823568e-02   1.851075146823568e-02

ans = -3.601411908910903e-21
ans = 1.007389986933374e-20
ans = 1.007389986933374e-20
ans = 1.007389986933374e-20
ans = 1.007389986933374e-20
nbcr = 5
lambda0 = 3.501084296647659
kmpl_prod = 0.180000000000000
 Time :      1.00000
 Time :      2.00000
 Time :      3.01000
 Time :      4.01000
 Time :      5.01000
 Time :      6.01000
 Time :      7.01000
 Time :      8.01000
 Time :      9.01000
 Time :     10.01000
 Time :     11.01000
 Time :     12.01000
 Time :     13.01000
 Time :     14.01000
 Time :     15.01000
 Time :     16.01000
 Time :     17.01000
 Time :     18.00000
 Time :     19.00000
 Time :     20.00000
 Time :     21.00000
 Time :     22.00000
 Time :     23.00000
 Time :     24.00000
 Time :     25.00000
 Time :     26.00000
 Time :     27.00000
 Time :     28.00000
 Time :     29.00000
 Time :     30.00000
 Time :     31.00000
 Time :     32.00000
 Time :     33.00000
 Time :     34.00000
 Time :     35.00000
dtime = 23.03293682634830
mbcr =

 Columns 1 through 3:

   5.204334879503112e-04   1.977234962133907e-02   4.038806688668551e-02

 Columns 4 through 6:

   1.043608812953189e-03   2.968097020605039e-02   8.879815353336469e-03

agsout =

 Columns 1 through 3:

   6.742080287639596e-01   1.836661118562896e-02   1.836661118562896e-02
   5.905916243813844e-01   1.851078474944624e-02   1.851078474944624e-02
   4.940502477772903e-01   1.851075145971649e-02   1.851075145971649e-02
   6.721215990097316e-01   1.851075146823783e-02   1.851075146823783e-02
   5.471059129501853e-01   1.851075146823568e-02   1.851075146823568e-02
   6.377644254718519e-01   1.851075146823568e-02   1.851075146823568e-02

 Columns 4 and 5:

   1.836661118562896e-02   1.836661118562896e-02
   1.851078474944624e-02   1.851078474944624e-02
   1.851075145971649e-02   1.851075145971649e-02
   1.851075146823783e-02   1.851075146823783e-02
   1.851075146823568e-02   1.851075146823568e-02
   1.851075146823568e-02   1.851075146823568e-02

ans = 1.434352184799691e-20
ans = 6.685766464729407e-21
ans = 6.685766464729407e-21
ans = 6.685766464729407e-21
ans = 6.685766464729407e-21
dkps =

 Columns 1 through 3:

   1.566054809344684e+00   4.565185170679033e+01   1.953620074853137e+00

 Columns 4 through 6:

   2.039248899264782e+01   3.329650692296610e+01   2.983141601011290e+01

nbcr = 7
lambda0 = 3.501084296647659
kmpl_prod = 0.180000000000000
 Time :      1.00000
 Time :      2.00000
 Time :      3.01000
 Time :      4.01000
 Time :      5.01000
 Time :      6.01000
 Time :      7.01000
 Time :      8.01000
 Time :      9.01000
 Time :     10.01000
 Time :     11.01000
 Time :     12.01000
 Time :     13.01000
 Time :     14.01000
 Time :     15.01000
 Time :     16.01000
 Time :     17.01000
 Time :     18.00000
 Time :     19.00000
 Time :     20.00000
 Time :     21.00000
 Time :     22.00000
 Time :     23.00000
 Time :     24.00000
 Time :     25.00000
 Time :     26.00000
 Time :     27.00000
 Time :     28.00000
 Time :     29.00000
 Time :     30.00000
 Time :     31.00000
 Time :     32.00000
 Time :     33.00000
 Time :     34.00000
 Time :     35.00000
dtime = 32.57659859955311
mbcr = 3.470158557827639e-04
agsout =

 Columns 1 through 3:

   6.742080287639588e-01   1.836661199597198e-02   1.836661199597198e-02

 Columns 4 through 6:

   1.836661199597198e-02   1.836661199597198e-02   1.836661199597198e-02

 Column 7:

   1.836661199597198e-02

ans = -4.966056828961072e-22
ans = -4.832545042693208e-21
ans = -4.832545042693208e-21
ans = -4.832545042693208e-21
ans = -4.832545042693208e-21
ans = -4.832545042693208e-21
ans = -4.832545042693208e-21
nbcr = 7
lambda0 = 3.501084296647659
kmpl_prod = 0.180000000000000
 Time :      1.00000
 Time :      2.00000
 Time :      3.01000
 Time :      4.01000
 Time :      5.01000
 Time :      6.01000
 Time :      7.01000
 Time :      8.01000
 Time :      9.01000
 Time :     10.01000
 Time :     11.01000
 Time :     12.01000
 Time :     13.01000
 Time :     14.01000
 Time :     15.01000
 Time :     16.01000
 Time :     17.01000
 Time :     18.00000
 Time :     19.00000
 Time :     20.00000
 Time :     21.00000
 Time :     22.00000
 Time :     23.00000
 Time :     24.00000
 Time :     25.00000
 Time :     26.00000
 Time :     27.00000
 Time :     28.00000
 Time :     29.00000
 Time :     30.00000
 Time :     31.00000
 Time :     32.00000
 Time :     33.00000
 Time :     34.00000
 Time :     35.00000
dtime = 32.38639645278454
mbcr =

   3.470158557827639e-04   2.071321511110608e-02

agsout =

 Columns 1 through 3:

   6.742080287639588e-01   1.836661199597198e-02   1.836661199597198e-02
   5.411771097636424e-01   1.851078557607810e-02   1.851078557607810e-02

 Columns 4 through 6:

   1.836661199597198e-02   1.836661199597198e-02   1.836661199597198e-02
   1.851078557607810e-02   1.851078557607810e-02   1.851078557607810e-02

 Column 7:

   1.836661199597198e-02
   1.851078557607810e-02

ans = 5.153805352061325e-21
ans = 1.817596917940299e-21
ans = 1.817596917940299e-21
ans = 1.817596917940299e-21
ans = 1.817596917940299e-21
ans = 1.817596917940299e-21
ans = 1.817596917940299e-21
nbcr = 7
lambda0 = 3.501084296647659
kmpl_prod = 0.180000000000000
 Time :      1.00000
 Time :      2.00000
 Time :      3.01000
 Time :      4.01000
 Time :      5.01000
 Time :      6.01000
 Time :      7.01000
 Time :      8.01000
 Time :      9.01000
 Time :     10.01000
 Time :     11.01000
 Time :     12.01000
 Time :     13.01000
 Time :     14.01000
 Time :     15.01000
 Time :     16.01000
 Time :     17.01000
 Time :     18.00000
 Time :     19.00000
 Time :     20.00000
 Time :     21.00000
 Time :     22.00000
 Time :     23.00000
 Time :     24.00000
 Time :     25.00000
 Time :     26.00000
 Time :     27.00000
 Time :     28.00000
 Time :     29.00000
 Time :     30.00000
 Time :     31.00000
 Time :     32.00000
 Time :     33.00000
 Time :     34.00000
 Time :     35.00000
dtime = 32.55451060831547
mbcr =

   3.470158557827639e-04   2.071321511110608e-02   4.641102009429531e-04

agsout =

 Columns 1 through 3:

   6.742080287639588e-01   1.836661199597198e-02   1.836661199597198e-02
   5.411771097636424e-01   1.851078557607810e-02   1.851078557607810e-02
   6.736963595656407e-01   1.851075228635360e-02   1.851075228635360e-02

 Columns 4 through 6:

   1.836661199597198e-02   1.836661199597198e-02   1.836661199597198e-02
   1.851078557607810e-02   1.851078557607810e-02   1.851078557607810e-02
   1.851075228635360e-02   1.851075228635360e-02   1.851075228635360e-02

 Column 7:

   1.836661199597198e-02
   1.851078557607810e-02
   1.851075228635360e-02

ans = -5.925483655076273e-21
ans = 1.105476482358544e-20
ans = 1.105476482358544e-20
ans = 1.105476482358544e-20
ans = 1.105476482358544e-20
ans = 1.105476482358544e-20
ans = 1.105476482358544e-20
nbcr = 7
lambda0 = 3.501084296647659
kmpl_prod = 0.180000000000000
 Time :      1.00000
 Time :      2.00000
 Time :      3.01000
 Time :      4.01000
 Time :      5.01000
 Time :      6.01000
 Time :      7.01000
 Time :      8.01000
 Time :      9.01000
 Time :     10.01000
 Time :     11.01000
 Time :     12.01000
 Time :     13.01000
 Time :     14.01000
 Time :     15.01000
 Time :     16.01000
 Time :     17.01000
 Time :     18.00000
 Time :     19.00000
 Time :     20.00000
 Time :     21.00000
 Time :     22.00000
 Time :     23.00000
 Time :     24.00000
 Time :     25.00000
 Time :     26.00000
 Time :     27.00000
 Time :     28.00000
 Time :     29.00000
 Time :     30.00000
 Time :     31.00000
 Time :     32.00000
 Time :     33.00000
 Time :     34.00000
 Time :     35.00000
dtime = 32.50846378505230
mbcr =

 Columns 1 through 3:

   3.470158557827639e-04   2.071321511110608e-02   4.641102009429531e-04

 Column 4:

   2.323848938145484e-02

agsout =

 Columns 1 through 3:

   6.742080287639588e-01   1.836661199597198e-02   1.836661199597198e-02
   5.411771097636424e-01   1.851078557607810e-02   1.851078557607810e-02
   6.736963595656407e-01   1.851075228635360e-02   1.851075228635360e-02
   5.240624332182551e-01   1.851075229487495e-02   1.851075229487495e-02

 Columns 4 through 6:

   1.836661199597198e-02   1.836661199597198e-02   1.836661199597198e-02
   1.851078557607810e-02   1.851078557607810e-02   1.851078557607810e-02
   1.851075228635360e-02   1.851075228635360e-02   1.851075228635360e-02
   1.851075229487495e-02   1.851075229487495e-02   1.851075229487495e-02

 Column 7:

   1.836661199597198e-02
   1.851078557607810e-02
   1.851075228635360e-02
   1.851075229487495e-02

ans = 6.476778959850458e-21
ans = 8.691416917261241e-21
ans = 8.691416917261241e-21
ans = 8.691416917261241e-21
ans = 8.691416917261241e-21
ans = 8.691416917261241e-21
ans = 8.691416917261241e-21
nbcr = 7
lambda0 = 3.501084296647659
kmpl_prod = 0.180000000000000
 Time :      1.00000
 Time :      2.00000
 Time :      3.01000
 Time :      4.01000
 Time :      5.01000
 Time :      6.01000
 Time :      7.01000
 Time :      8.01000
 Time :      9.01000
 Time :     10.01000
 Time :     11.01000
 Time :     12.01000
 Time :     13.01000
 Time :     14.01000
 Time :     15.01000
 Time :     16.01000
 Time :     17.01000
 Time :     18.00000
 Time :     19.00000
 Time :     20.00000
 Time :     21.00000
 Time :     22.00000
 Time :     23.00000
 Time :     24.00000
 Time :     25.00000
 Time :     26.00000
 Time :     27.00000
 Time :     28.00000
 Time :     29.00000
 Time :     30.00000
 Time :     31.00000
 Time :     32.00000
 Time :     33.00000
 Time :     34.00000
 Time :     35.00000
dtime = 32.36875422298908
mbcr =

 Columns 1 through 3:

   3.470158557827639e-04   2.071321511110608e-02   4.641102009429531e-04

 Columns 4 and 5:

   2.323848938145484e-02   2.277604995066641e-03

agsout =

 Columns 1 through 3:

   6.742080287639588e-01   1.836661199597198e-02   1.836661199597198e-02
   5.411771097636424e-01   1.851078557607810e-02   1.851078557607810e-02
   6.736963595656407e-01   1.851075228635360e-02   1.851075228635360e-02
   5.240624332182551e-01   1.851075229487495e-02   1.851075229487495e-02
   6.615116141786836e-01   1.851075229487277e-02   1.851075229487277e-02

 Columns 4 through 6:

   1.836661199597198e-02   1.836661199597198e-02   1.836661199597198e-02
   1.851078557607810e-02   1.851078557607810e-02   1.851078557607810e-02
   1.851075228635360e-02   1.851075228635360e-02   1.851075228635360e-02
   1.851075229487495e-02   1.851075229487495e-02   1.851075229487495e-02
   1.851075229487277e-02   1.851075229487277e-02   1.851075229487277e-02

 Column 7:

   1.836661199597198e-02
   1.851078557607810e-02
   1.851075228635360e-02
   1.851075229487495e-02
   1.851075229487277e-02

ans = 1.244446419948826e-20
ans = -1.383357792505504e-21
ans = -1.383357792505504e-21
ans = -1.383357792505504e-21
ans = -1.383357792505504e-21
ans = -1.383357792505504e-21
ans = -1.383357792505504e-21
nbcr = 7
lambda0 = 3.501084296647659
kmpl_prod = 0.180000000000000
 Time :      1.00000
 Time :      2.00000
 Time :      3.01000
 Time :      4.01000
 Time :      5.01000
 Time :      6.01000
 Time :      7.01000
 Time :      8.01000
 Time :      9.01000
 Time :     10.01000
 Time :     11.01000
 Time :     12.01000
 Time :     13.01000
 Time :     14.01000
 Time :     15.01000
 Time :     16.01000
 Time :     17.01000
 Time :     18.00000
 Time :     19.00000
 Time :     20.00000
 Time :     21.00000
 Time :     22.00000
 Time :     23.00000
 Time :     24.00000
 Time :     25.00000
 Time :     26.00000
 Time :     27.00000
 Time :     28.00000
 Time :     29.00000
 Time :     30.00000
 Time :     31.00000
 Time :     32.00000
 Time :     33.00000
 Time :     34.00000
 Time :     35.00000
dtime = 32.38852880895138
mbcr =

 Columns 1 through 3:

   3.470158557827639e-04   2.071321511110608e-02   4.641102009429531e-04

 Columns 4 through 6:

   2.323848938145484e-02   2.277604995066641e-03   6.727918134100679e-04

agsout =

 Columns 1 through 3:

   6.742080287639588e-01   1.836661199597198e-02   1.836661199597198e-02
   5.411771097636424e-01   1.851078557607810e-02   1.851078557607810e-02
   6.736963595656407e-01   1.851075228635360e-02   1.851075228635360e-02
   5.240624332182551e-01   1.851075229487495e-02   1.851075229487495e-02
   6.615116141786836e-01   1.851075229487277e-02   1.851075229487277e-02
   6.722778232801659e-01   1.851075229487277e-02   1.851075229487277e-02

 Columns 4 through 6:

   1.836661199597198e-02   1.836661199597198e-02   1.836661199597198e-02
   1.851078557607810e-02   1.851078557607810e-02   1.851078557607810e-02
   1.851075228635360e-02   1.851075228635360e-02   1.851075228635360e-02
   1.851075229487495e-02   1.851075229487495e-02   1.851075229487495e-02
   1.851075229487277e-02   1.851075229487277e-02   1.851075229487277e-02
   1.851075229487277e-02   1.851075229487277e-02   1.851075229487277e-02

 Column 7:

   1.836661199597198e-02
   1.851078557607810e-02
   1.851075228635360e-02
   1.851075229487495e-02
   1.851075229487277e-02
   1.851075229487277e-02

ans = 5.519651625408652e-21
ans = 2.004677061283664e-21
ans = 2.004677061283664e-21
ans = 2.004677061283664e-21
ans = 2.004677061283664e-21
ans = 2.004677061283664e-21
ans = 2.004677061283664e-21
dkps =

 Columns 1 through 3:

   1.581994731219235e-01   1.891537357963069e+01   1.255440570747196e+02

 Columns 4 through 6:

   1.688369398517581e+01   8.283127751626115e+00   1.820853642009432e+00

nbcr = 10
lambda0 = 3.501084296647659
kmpl_prod = 0.180000000000000
 Time :      1.00000
 Time :      2.00000
 Time :      3.01000
 Time :      4.01000
 Time :      5.01000
 Time :      6.01000
 Time :      7.01000
 Time :      8.01000
 Time :      9.01000
 Time :     10.01000
 Time :     11.01000
 Time :     12.01000
 Time :     13.01000
 Time :     14.01000
 Time :     15.01000
 Time :     16.01000
 Time :     17.01000
 Time :     18.00000
 Time :     19.00000
 Time :     20.00000
 Time :     21.00000
 Time :     22.00000
 Time :     23.00000
 Time :     24.00000
 Time :     25.00000
 Time :     26.00000
 Time :     27.00000
 Time :     28.00000
 Time :     29.00000
 Time :     30.00000
 Time :     31.00000
 Time :     32.00000
 Time :     33.00000
 Time :     34.00000
 Time :     35.00000
dtime = 46.83361239731312
mbcr = 2.313706658656733e-04
agsout =

 Columns 1 through 3:

   6.742080287639582e-01   1.836661240313888e-02   1.836661240313888e-02

 Columns 4 through 6:

   1.836661240313888e-02   1.836661240313888e-02   1.836661240313888e-02

 Columns 7 through 9:

   1.836661240313888e-02   1.836661240313888e-02   1.836661240313888e-02

 Column 10:

   1.836661240313888e-02

ans = -4.035587218653910e-21
ans = 7.692352373946243e-21
ans = 7.692352373946243e-21
ans = 7.692352373946243e-21
ans = 7.692352373946243e-21
ans = 7.692352373946243e-21
ans = 7.692352373946243e-21
ans = 7.692352373946243e-21
ans = 7.692352373946243e-21
ans = 7.692352373946243e-21
nbcr = 10
lambda0 = 3.501084296647659
kmpl_prod = 0.180000000000000
 Time :      1.00000
 Time :      2.00000
 Time :      3.01000
 Time :      4.01000
 Time :      5.01000
 Time :      6.01000
 Time :      7.01000
 Time :      8.01000
 Time :      9.01000
 Time :     10.01000
 Time :     11.01000
 Time :     12.01000
 Time :     13.01000
 Time :     14.01000
 Time :     15.01000
 Time :     16.01000
 Time :     17.01000
 Time :     18.00000
 Time :     19.00000
 Time :     20.00000
 Time :     21.00000
 Time :     22.00000
 Time :     23.00000
 Time :     24.00000
 Time :     25.00000
 Time :     26.00000
 Time :     27.00000
 Time :     28.00000
 Time :     29.00000
 Time :     30.00000
 Time :     31.00000
 Time :     32.00000
 Time :     33.00000
 Time :     34.00000
 Time :     35.00000
dtime = 46.76855541765690
mbcr =

   2.313706658656733e-04   4.085200244954327e-02

agsout =

 Columns 1 through 3:

   6.742080287639582e-01   1.836661240313888e-02   1.836661240313888e-02
   1.692809060121062e-01   1.851078598180824e-02   1.851078598180824e-02

 Columns 4 through 6:

   1.836661240313888e-02   1.836661240313888e-02   1.836661240313888e-02
   1.851078598180824e-02   1.851078598180824e-02   1.851078598180824e-02

 Columns 7 through 9:

   1.836661240313888e-02   1.836661240313888e-02   1.836661240313888e-02
   1.851078598180824e-02   1.851078598180824e-02   1.851078598180824e-02

 Column 10:

   1.836661240313888e-02
   1.851078598180824e-02

ans = -2.066568588795957e-21
ans = 1.036859911842710e-20
ans = 1.036859911842710e-20
ans = 1.036859911842710e-20
ans = 1.036859911842710e-20
ans = 1.036859911842710e-20
ans = 1.036859911842710e-20
ans = 1.036859911842710e-20
ans = 1.036859911842710e-20
ans = 1.036859911842710e-20
nbcr = 10
lambda0 = 3.501084296647659
kmpl_prod = 0.180000000000000
 Time :      1.00000
 Time :      2.00000
 Time :      3.01000
 Time :      4.01000
 Time :      5.01000
 Time :      6.01000
 Time :      7.01000
 Time :      8.01000
 Time :      9.01000
 Time :     10.01000
 Time :     11.01000
 Time :     12.01000
 Time :     13.01000
 Time :     14.01000
 Time :     15.01000
 Time :     16.01000
 Time :     17.01000
 Time :     18.00000
 Time :     19.00000
 Time :     20.00000
 Time :     21.00000
 Time :     22.00000
 Time :     23.00000
 Time :     24.00000
 Time :     25.00000
 Time :     26.00000
 Time :     27.00000
 Time :     28.00000
 Time :     29.00000
 Time :     30.00000
 Time :     31.00000
 Time :     32.00000
 Time :     33.00000
 Time :     34.00000
 Time :     35.00000
dtime = 46.67558670043945
mbcr =

   2.313706658656733e-04   4.085200244954327e-02   6.345153735085403e-03

agsout =

 Columns 1 through 3:

   6.742080287639582e-01   1.836661240313888e-02   1.836661240313888e-02
   1.692809060121062e-01   1.851078598180824e-02   1.851078598180824e-02
   6.153506451661697e-01   1.851075269208375e-02   1.851075269208375e-02

 Columns 4 through 6:

   1.836661240313888e-02   1.836661240313888e-02   1.836661240313888e-02
   1.851078598180824e-02   1.851078598180824e-02   1.851078598180824e-02
   1.851075269208375e-02   1.851075269208375e-02   1.851075269208375e-02

 Columns 7 through 9:

   1.836661240313888e-02   1.836661240313888e-02   1.836661240313888e-02
   1.851078598180824e-02   1.851078598180824e-02   1.851078598180824e-02
   1.851075269208375e-02   1.851075269208375e-02   1.851075269208375e-02

 Column 10:

   1.836661240313888e-02
   1.851078598180824e-02
   1.851075269208375e-02

ans = 3.969830398923779e-21
ans = 9.359404035989025e-21
ans = 9.359404035989025e-21
ans = 9.359404035989025e-21
ans = 9.359404035989025e-21
ans = 9.359404035989025e-21
ans = 9.359404035989025e-21
ans = 9.359404035989025e-21
ans = 9.359404035989025e-21
ans = 9.359404035989025e-21
nbcr = 10
lambda0 = 3.501084296647659
kmpl_prod = 0.180000000000000
 Time :      1.00000
 Time :      2.00000
 Time :      3.01000
 Time :      4.01000
 Time :      5.01000
 Time :      6.01000
 Time :      7.01000
 Time :      8.01000
 Time :      9.01000
 Time :     10.01000
 Time :     11.01000
 Time :     12.01000
 Time :     13.01000
 Time :     14.01000
 Time :     15.01000
 Time :     16.01000
 Time :     17.01000
 Time :     18.00000
 Time :     19.00000
 Time :     20.00000
 Time :     21.00000
 Time :     22.00000
 Time :     23.00000
 Time :     24.00000
 Time :     25.00000
 Time :     26.00000
 Time :     27.00000
 Time :     28.00000
 Time :     29.00000
 Time :     30.00000
 Time :     31.00000
 Time :     32.00000
 Time :     33.00000
 Time :     34.00000
 Time :     35.00000
dtime = 46.63030430674553
mbcr =

 Columns 1 through 3:

   2.313706658656733e-04   4.085200244954327e-02   6.345153735085403e-03

 Column 4:

   1.938110983040545e-04

agsout =

 Columns 1 through 3:

   6.742080287639582e-01   1.836661240313888e-02   1.836661240313888e-02
   1.692809060121062e-01   1.851078598180824e-02   1.851078598180824e-02
   6.153506451661697e-01   1.851075269208375e-02   1.851075269208375e-02
   6.748990348874760e-01   1.851075270060511e-02   1.851075270060511e-02

 Columns 4 through 6:

   1.836661240313888e-02   1.836661240313888e-02   1.836661240313888e-02
   1.851078598180824e-02   1.851078598180824e-02   1.851078598180824e-02
   1.851075269208375e-02   1.851075269208375e-02   1.851075269208375e-02
   1.851075270060511e-02   1.851075270060511e-02   1.851075270060511e-02

 Columns 7 through 9:

   1.836661240313888e-02   1.836661240313888e-02   1.836661240313888e-02
   1.851078598180824e-02   1.851078598180824e-02   1.851078598180824e-02
   1.851075269208375e-02   1.851075269208375e-02   1.851075269208375e-02
   1.851075270060511e-02   1.851075270060511e-02   1.851075270060511e-02

 Column 10:

   1.836661240313888e-02
   1.851078598180824e-02
   1.851075269208375e-02
   1.851075270060511e-02

ans = -3.117821897680971e-23
ans = 3.608429211626966e-21
ans = 3.608429211626966e-21
ans = 3.608429211626966e-21
ans = 3.608429211626966e-21
ans = 3.608429211626966e-21
ans = 3.608429211626966e-21
ans = 3.608429211626966e-21
ans = 3.608429211626966e-21
ans = 3.608429211626966e-21
nbcr = 10
lambda0 = 3.501084296647659
kmpl_prod = 0.180000000000000
 Time :      1.00000
 Time :      2.00000
 Time :      3.01000
 Time :      4.01000
 Time :      5.01000
 Time :      6.01000
 Time :      7.01000
 Time :      8.01000
 Time :      9.01000
 Time :     10.01000
 Time :     11.01000
 Time :     12.01000
 Time :     13.01000
 Time :     14.01000
 Time :     15.01000
 Time :     16.01000
 Time :     17.01000
 Time :     18.00000
 Time :     19.00000
 Time :     20.00000
 Time :     21.00000
 Time :     22.00000
 Time :     23.00000
 Time :     24.00000
 Time :     25.00000
 Time :     26.00000
 Time :     27.00000
 Time :     28.00000
 Time :     29.00000
 Time :     30.00000
 Time :     31.00000
 Time :     32.00000
 Time :     33.00000
 Time :     34.00000
 Time :     35.00000
dtime = 46.27305418252945
mbcr =

 Columns 1 through 3:

   2.313706658656733e-04   4.085200244954327e-02   6.345153735085403e-03

 Columns 4 and 5:

   1.938110983040545e-04   3.263879955526818e-04

agsout =

 Columns 1 through 3:

   6.742080287639582e-01   1.836661240313888e-02   1.836661240313888e-02
   1.692809060121062e-01   1.851078598180824e-02   1.851078598180824e-02
   6.153506451661697e-01   1.851075269208375e-02   1.851075269208375e-02
   6.748990348874760e-01   1.851075270060511e-02   1.851075270060511e-02
   6.735112065231496e-01   1.851075270060295e-02   1.851075270060295e-02

 Columns 4 through 6:

   1.836661240313888e-02   1.836661240313888e-02   1.836661240313888e-02
   1.851078598180824e-02   1.851078598180824e-02   1.851078598180824e-02
   1.851075269208375e-02   1.851075269208375e-02   1.851075269208375e-02
   1.851075270060511e-02   1.851075270060511e-02   1.851075270060511e-02
   1.851075270060295e-02   1.851075270060295e-02   1.851075270060295e-02

 Columns 7 through 9:

   1.836661240313888e-02   1.836661240313888e-02   1.836661240313888e-02
   1.851078598180824e-02   1.851078598180824e-02   1.851078598180824e-02
   1.851075269208375e-02   1.851075269208375e-02   1.851075269208375e-02
   1.851075270060511e-02   1.851075270060511e-02   1.851075270060511e-02
   1.851075270060295e-02   1.851075270060295e-02   1.851075270060295e-02

 Column 10:

   1.836661240313888e-02
   1.851078598180824e-02
   1.851075269208375e-02
   1.851075270060511e-02
   1.851075270060295e-02

ans = 1.217681583649382e-20
ans = -6.466733239051913e-21
ans = -6.466733239051913e-21
ans = -6.466733239051913e-21
ans = -6.466733239051913e-21
ans = -6.466733239051913e-21
ans = -6.466733239051913e-21
ans = -6.466733239051913e-21
ans = -6.466733239051913e-21
ans = -6.466733239051913e-21
nbcr = 10
lambda0 = 3.501084296647659
kmpl_prod = 0.180000000000000
 Time :      1.00000
 Time :      2.00000
 Time :      3.01000
 Time :      4.01000
 Time :      5.01000
 Time :      6.01000
 Time :      7.01000
 Time :      8.01000
 Time :      9.01000
 Time :     10.01000
 Time :     11.01000
 Time :     12.01000
 Time :     13.01000
 Time :     14.01000
 Time :     15.01000
 Time :     16.01000
 Time :     17.01000
 Time :     18.00000
 Time :     19.00000
 Time :     20.00000
 Time :     21.00000
 Time :     22.00000
 Time :     23.00000
 Time :     24.00000
 Time :     25.00000
 Time :     26.00000
 Time :     27.00000
 Time :     28.00000
 Time :     29.00000
 Time :     30.00000
 Time :     31.00000
 Time :     32.00000
 Time :     33.00000
 Time :     34.00000
 Time :     35.00000
dtime = 46.45176976919174
mbcr =

 Columns 1 through 3:

   2.313706658656733e-04   4.085200244954327e-02   6.345153735085403e-03

 Columns 4 through 6:

   1.938110983040545e-04   3.263879955526818e-04   2.018177677430002e-03

agsout =

 Columns 1 through 3:

   6.742080287639582e-01   1.836661240313888e-02   1.836661240313888e-02
   1.692809060121062e-01   1.851078598180824e-02   1.851078598180824e-02
   6.153506451661697e-01   1.851075269208375e-02   1.851075269208375e-02
   6.748990348874760e-01   1.851075270060511e-02   1.851075270060511e-02
   6.735112065231496e-01   1.851075270060295e-02   1.851075270060295e-02
   6.565718063111858e-01   1.851075270060295e-02   1.851075270060295e-02

 Columns 4 through 6:

   1.836661240313888e-02   1.836661240313888e-02   1.836661240313888e-02
   1.851078598180824e-02   1.851078598180824e-02   1.851078598180824e-02
   1.851075269208375e-02   1.851075269208375e-02   1.851075269208375e-02
   1.851075270060511e-02   1.851075270060511e-02   1.851075270060511e-02
   1.851075270060295e-02   1.851075270060295e-02   1.851075270060295e-02
   1.851075270060295e-02   1.851075270060295e-02   1.851075270060295e-02

 Columns 7 through 9:

   1.836661240313888e-02   1.836661240313888e-02   1.836661240313888e-02
   1.851078598180824e-02   1.851078598180824e-02   1.851078598180824e-02
   1.851075269208375e-02   1.851075269208375e-02   1.851075269208375e-02
   1.851075270060511e-02   1.851075270060511e-02   1.851075270060511e-02
   1.851075270060295e-02   1.851075270060295e-02   1.851075270060295e-02
   1.851075270060295e-02   1.851075270060295e-02   1.851075270060295e-02

 Column 10:

   1.836661240313888e-02
   1.851078598180824e-02
   1.851075269208375e-02
   1.851075270060511e-02
   1.851075270060295e-02
   1.851075270060295e-02

ans = 2.458461155967509e-21
ans = -3.078615990318917e-21
ans = -3.078615990318917e-21
ans = -3.078615990318917e-21
ans = -3.078615990318917e-21
ans = -3.078615990318917e-21
ans = -3.078615990318917e-21
ans = -3.078615990318917e-21
ans = -3.078615990318917e-21
ans = -3.078615990318917e-21
dkps =

 Columns 1 through 3:

   2.808539996662867e+01   1.523313565098918e+00   8.883322713939623e-01

 Columns 4 through 6:

   5.162797337257278e+01   9.518596769558005e+00   2.739914570660724e+00

nbcr = 15
lambda0 = 3.501084296647659
kmpl_prod = 0.180000000000000
 Time :      1.00000
 Time :      2.00000
 Time :      3.01000
 Time :      4.01000
 Time :      5.01000
 Time :      6.01000
 Time :      7.01000
 Time :      8.01000
 Time :      9.01000
 Time :     10.01000
 Time :     11.01000
 Time :     12.01000
 Time :     13.01000
 Time :     14.01000
 Time :     15.01000
 Time :     16.01000
 Time :     17.01000
 Time :     18.00000
 Time :     19.00000
 Time :     20.00000
 Time :     21.00000
 Time :     22.00000
 Time :     23.00000
 Time :     24.00000
 Time :     25.00000
 Time :     26.00000
 Time :     27.00000
 Time :     28.00000
 Time :     29.00000
 Time :     30.00000
 Time :     31.00000
 Time :     32.00000
 Time :     33.00000
 Time :     34.00000
 Time :     35.00000
dtime = 72.67023548483849
mbcr = 1.487505762139635e-04
agsout =

 Columns 1 through 3:

   6.742080287639577e-01   1.836661265857083e-02   1.836661265857083e-02

 Columns 4 through 6:

   1.836661265857083e-02   1.836661265857083e-02   1.836661265857083e-02

 Columns 7 through 9:

   1.836661265857083e-02   1.836661265857083e-02   1.836661265857083e-02

 Columns 10 through 12:

   1.836661265857083e-02   1.836661265857083e-02   1.836661265857083e-02

 Columns 13 through 15:

   1.836661265857083e-02   1.836661265857083e-02   1.836661265857083e-02

ans = 2.064290156553287e-21
ans = 8.070876361481617e-21
ans = 8.070876361481617e-21
ans = 8.070876361481617e-21
ans = 8.070876361481617e-21
ans = 8.070876361481617e-21
ans = 8.070876361481617e-21
ans = 8.070876361481617e-21
ans = 8.070876361481617e-21
ans = 8.070876361481617e-21
ans = 8.070876361481617e-21
ans = 8.070876361481617e-21
ans = 8.070876361481617e-21
ans = 8.070876361481617e-21
ans = 8.070876361481617e-21
nbcr = 15
lambda0 = 3.501084296647659
kmpl_prod = 0.180000000000000
 Time :      1.00000
 Time :      2.00000
 Time :      3.01000
 Time :      4.01000
 Time :      5.01000
 Time :      6.01000
 Time :      7.01000
 Time :      8.01000
 Time :      9.01000
 Time :     10.01000
 Time :     11.01000
 Time :     12.01000
 Time :     13.01000
 Time :     14.01000
 Time :     15.01000
 Time :     16.01000
 Time :     17.01000
 Time :     18.00000
 Time :     19.00000
 Time :     20.00000
 Time :     21.00000
 Time :     22.00000
 Time :     23.00000
 Time :     24.00000
 Time :     25.00000
 Time :     26.00000
 Time :     27.00000
 Time :     28.00000
 Time :     29.00000
 Time :     30.00000
 Time :     31.00000
 Time :     32.00000
 Time :     33.00000
 Time :     34.00000
 Time :     35.00000
dtime = 72.87537418305874
mbcr =

   1.487505762139635e-04   1.261477950992263e-04

agsout =

 Columns 1 through 3:

   6.742080287639577e-01   1.836661265857083e-02   1.836661265857083e-02
   6.748619574747953e-01   1.851078624413358e-02   1.851078624413358e-02

 Columns 4 through 6:

   1.836661265857083e-02   1.836661265857083e-02   1.836661265857083e-02
   1.851078624413358e-02   1.851078624413358e-02   1.851078624413358e-02

 Columns 7 through 9:

   1.836661265857083e-02   1.836661265857083e-02   1.836661265857083e-02
   1.851078624413358e-02   1.851078624413358e-02   1.851078624413358e-02

 Columns 10 through 12:

   1.836661265857083e-02   1.836661265857083e-02   1.836661265857083e-02
   1.851078624413358e-02   1.851078624413358e-02   1.851078624413358e-02

 Columns 13 through 15:

   1.836661265857083e-02   1.836661265857083e-02   1.836661265857083e-02
   1.851078624413358e-02   1.851078624413358e-02   1.851078624413358e-02

ans = 1.465249544050693e-21
ans = 1.195706539110307e-20
ans = 1.195706539110307e-20
ans = 1.195706539110307e-20
ans = 1.195706539110307e-20
ans = 1.195706539110307e-20
ans = 1.195706539110307e-20
ans = 1.195706539110307e-20
ans = 1.195706539110307e-20
ans = 1.195706539110307e-20
ans = 1.195706539110307e-20
ans = 1.195706539110307e-20
ans = 1.195706539110307e-20
ans = 1.195706539110307e-20
ans = 1.195706539110307e-20
nbcr = 15
lambda0 = 3.501084296647659
kmpl_prod = 0.180000000000000
 Time :      1.00000
 Time :      2.00000
 Time :      3.01000
 Time :      4.01000
 Time :      5.01000
 Time :      6.01000
 Time :      7.01000
 Time :      8.01000
 Time :      9.01000
 Time :     10.01000
 Time :     11.01000
 Time :     12.01000
 Time :     13.01000
 Time :     14.01000
 Time :     15.01000
 Time :     16.01000
 Time :     17.01000
 Time :     18.00000
 Time :     19.00000
 Time :     20.00000
 Time :     21.00000
 Time :     22.00000
 Time :     23.00000
 Time :     24.00000
 Time :     25.00000
 Time :     26.00000
 Time :     27.00000
 Time :     28.00000
 Time :     29.00000
 Time :     30.00000
 Time :     31.00000
 Time :     32.00000
 Time :     33.00000
 Time :     34.00000
 Time :     35.00000
dtime = 72.84073345363140
mbcr =

   1.487505762139635e-04   1.261477950992263e-04   9.937057185831152e-03

agsout =

 Columns 1 through 3:

   6.742080287639577e-01   1.836661265857083e-02   1.836661265857083e-02
   6.748619574747953e-01   1.851078624413358e-02   1.851078624413358e-02
   5.260411960287782e-01   1.851075295440621e-02   1.851075295440621e-02

 Columns 4 through 6:

   1.836661265857083e-02   1.836661265857083e-02   1.836661265857083e-02
   1.851078624413358e-02   1.851078624413358e-02   1.851078624413358e-02
   1.851075295440621e-02   1.851075295440621e-02   1.851075295440621e-02

 Columns 7 through 9:

   1.836661265857083e-02   1.836661265857083e-02   1.836661265857083e-02
   1.851078624413358e-02   1.851078624413358e-02   1.851078624413358e-02
   1.851075295440621e-02   1.851075295440621e-02   1.851075295440621e-02

 Columns 10 through 12:

   1.836661265857083e-02   1.836661265857083e-02   1.836661265857083e-02
   1.851078624413358e-02   1.851078624413358e-02   1.851078624413358e-02
   1.851075295440621e-02   1.851075295440621e-02   1.851075295440621e-02

 Columns 13 through 15:

   1.836661265857083e-02   1.836661265857083e-02   1.836661265857083e-02
   1.851078624413358e-02   1.851078624413358e-02   1.851078624413358e-02
   1.851075295440621e-02   1.851075295440621e-02   1.851075295440621e-02

ans = -6.160847664643486e-21
ans = 7.513723366900270e-21
ans = 7.513723366900270e-21
ans = 7.513723366900270e-21
ans = 7.513723366900270e-21
ans = 7.513723366900270e-21
ans = 7.513723366900270e-21
ans = 7.513723366900270e-21
ans = 7.513723366900270e-21
ans = 7.513723366900270e-21
ans = 7.513723366900270e-21
ans = 7.513723366900270e-21
ans = 7.513723366900270e-21
ans = 7.513723366900270e-21
ans = 7.513723366900270e-21
nbcr = 15
lambda0 = 3.501084296647659
kmpl_prod = 0.180000000000000
 Time :      1.00000
 Time :      2.00000
 Time :      3.01000
 Time :      4.01000
 Time :      5.01000
 Time :      6.01000
 Time :      7.01000
 Time :      8.01000
 Time :      9.01000
 Time :     10.01000
 Time :     11.01000
 Time :     12.01000
 Time :     13.01000
 Time :     14.01000
 Time :     15.01000
 Time :     16.01000
 Time :     17.01000
 Time :     18.00000
 Time :     19.00000
 Time :     20.00000
 Time :     21.00000
 Time :     22.00000
 Time :     23.00000
 Time :     24.00000
 Time :     25.00000
 Time :     26.00000
 Time :     27.00000
 Time :     28.00000
 Time :     29.00000
 Time :     30.00000
 Time :     31.00000
 Time :     32.00000
 Time :     33.00000
 Time :     34.00000
 Time :     35.00000
dtime = 72.61199802160263
mbcr =

 Columns 1 through 3:

   1.487505762139635e-04   1.261477950992263e-04   9.937057185831152e-03

 Column 4:

   2.169066836629971e-02

agsout =

 Columns 1 through 3:

   6.742080287639577e-01   1.836661265857083e-02   1.836661265857083e-02
   6.748619574747953e-01   1.851078624413358e-02   1.851078624413358e-02
   5.260411960287782e-01   1.851075295440621e-02   1.851075295440621e-02
   2.913936739473134e-01   1.851075296292753e-02   1.851075296292753e-02

 Columns 4 through 6:

   1.836661265857083e-02   1.836661265857083e-02   1.836661265857083e-02
   1.851078624413358e-02   1.851078624413358e-02   1.851078624413358e-02
   1.851075295440621e-02   1.851075295440621e-02   1.851075295440621e-02
   1.851075296292753e-02   1.851075296292753e-02   1.851075296292753e-02

 Columns 7 through 9:

   1.836661265857083e-02   1.836661265857083e-02   1.836661265857083e-02
   1.851078624413358e-02   1.851078624413358e-02   1.851078624413358e-02
   1.851075295440621e-02   1.851075295440621e-02   1.851075295440621e-02
   1.851075296292753e-02   1.851075296292753e-02   1.851075296292753e-02

 Columns 10 through 12:

   1.836661265857083e-02   1.836661265857083e-02   1.836661265857083e-02
   1.851078624413358e-02   1.851078624413358e-02   1.851078624413358e-02
   1.851075295440621e-02   1.851075295440621e-02   1.851075295440621e-02
   1.851075296292753e-02   1.851075296292753e-02   1.851075296292753e-02

 Columns 13 through 15:

   1.836661265857083e-02   1.836661265857083e-02   1.836661265857083e-02
   1.851078624413358e-02   1.851078624413358e-02   1.851078624413358e-02
   1.851075295440621e-02   1.851075295440621e-02   1.851075295440621e-02
   1.851075296292753e-02   1.851075296292753e-02   1.851075296292753e-02

ans = 6.617238105271083e-21
ans = 5.150423120396521e-21
ans = 5.150423120396521e-21
ans = 5.150423120396521e-21
ans = 5.150423120396521e-21
ans = 5.150423120396521e-21
ans = 5.150423120396521e-21
ans = 5.150423120396521e-21
ans = 5.150423120396521e-21
ans = 5.150423120396521e-21
ans = 5.150423120396521e-21
ans = 5.150423120396521e-21
ans = 5.150423120396521e-21
ans = 5.150423120396521e-21
ans = 5.150423120396521e-21
nbcr = 15
lambda0 = 3.501084296647659
kmpl_prod = 0.180000000000000
 Time :      1.00000
 Time :      2.00000
 Time :      3.01000
 Time :      4.01000
 Time :      5.01000
 Time :      6.01000
 Time :      7.01000
 Time :      8.01000
 Time :      9.01000
 Time :     10.01000
 Time :     11.01000
 Time :     12.01000
 Time :     13.01000
 Time :     14.01000
 Time :     15.01000
 Time :     16.01000
 Time :     17.01000
 Time :     18.00000
 Time :     19.00000
 Time :     20.00000
 Time :     21.00000
 Time :     22.00000
 Time :     23.00000
 Time :     24.00000
 Time :     25.00000
 Time :     26.00000
 Time :     27.00000
 Time :     28.00000
 Time :     29.00000
 Time :     30.00000
 Time :     31.00000
 Time :     32.00000
 Time :     33.00000
 Time :     34.00000
 Time :     35.00000
dtime = 72.57213704288006
mbcr =

 Columns 1 through 3:

   1.487505762139635e-04   1.261477950992263e-04   9.937057185831152e-03

 Columns 4 and 5:

   2.169066836629971e-02   6.304610819911295e-04

agsout =

 Columns 1 through 3:

   6.742080287639577e-01   1.836661265857083e-02   1.836661265857083e-02
   6.748619574747953e-01   1.851078624413358e-02   1.851078624413358e-02
   5.260411960287782e-01   1.851075295440621e-02   1.851075295440621e-02
   2.913936739473134e-01   1.851075296292753e-02   1.851075296292753e-02
   6.669176938489332e-01   1.851075296292539e-02   1.851075296292539e-02

 Columns 4 through 6:

   1.836661265857083e-02   1.836661265857083e-02   1.836661265857083e-02
   1.851078624413358e-02   1.851078624413358e-02   1.851078624413358e-02
   1.851075295440621e-02   1.851075295440621e-02   1.851075295440621e-02
   1.851075296292753e-02   1.851075296292753e-02   1.851075296292753e-02
   1.851075296292539e-02   1.851075296292539e-02   1.851075296292539e-02

 Columns 7 through 9:

   1.836661265857083e-02   1.836661265857083e-02   1.836661265857083e-02
   1.851078624413358e-02   1.851078624413358e-02   1.851078624413358e-02
   1.851075295440621e-02   1.851075295440621e-02   1.851075295440621e-02
   1.851075296292753e-02   1.851075296292753e-02   1.851075296292753e-02
   1.851075296292539e-02   1.851075296292539e-02   1.851075296292539e-02

 Columns 10 through 12:

   1.836661265857083e-02   1.836661265857083e-02   1.836661265857083e-02
   1.851078624413358e-02   1.851078624413358e-02   1.851078624413358e-02
   1.851075295440621e-02   1.851075295440621e-02   1.851075295440621e-02
   1.851075296292753e-02   1.851075296292753e-02   1.851075296292753e-02
   1.851075296292539e-02   1.851075296292539e-02   1.851075296292539e-02

 Columns 13 through 15:

   1.836661265857083e-02   1.836661265857083e-02   1.836661265857083e-02
   1.851078624413358e-02   1.851078624413358e-02   1.851078624413358e-02
   1.851075295440621e-02   1.851075295440621e-02   1.851075295440621e-02
   1.851075296292753e-02   1.851075296292753e-02   1.851075296292753e-02
   1.851075296292539e-02   1.851075296292539e-02   1.851075296292539e-02

ans = 1.223504896791561e-20
ans = 1.851553328320454e-21
ans = 1.851553328320454e-21
ans = 1.851553328320454e-21
ans = 1.851553328320454e-21
ans = 1.851553328320454e-21
ans = 1.851553328320454e-21
ans = 1.851553328320454e-21
ans = 1.851553328320454e-21
ans = 1.851553328320454e-21
ans = 1.851553328320454e-21
ans = 1.851553328320454e-21
ans = 1.851553328320454e-21
ans = 1.851553328320454e-21
ans = 1.851553328320454e-21
nbcr = 15
lambda0 = 3.501084296647659
kmpl_prod = 0.180000000000000
 Time :      1.00000
 Time :      2.00000
 Time :      3.01000
 Time :      4.01000
 Time :      5.01000
 Time :      6.01000
 Time :      7.01000
 Time :      8.01000
 Time :      9.01000
 Time :     10.01000
 Time :     11.01000
 Time :     12.01000
 Time :     13.01000
 Time :     14.01000
 Time :     15.01000
 Time :     16.01000
 Time :     17.01000
 Time :     18.00000
 Time :     19.00000
 Time :     20.00000
 Time :     21.00000
 Time :     22.00000
 Time :     23.00000
 Time :     24.00000
 Time :     25.00000
 Time :     26.00000
 Time :     27.00000
 Time :     28.00000
 Time :     29.00000
 Time :     30.00000
 Time :     31.00000
 Time :     32.00000
 Time :     33.00000
 Time :     34.00000
 Time :     35.00000
dtime = 70.74438594281673
mbcr =

 Columns 1 through 3:

   1.487505762139635e-04   1.261477950992263e-04   9.937057185831152e-03

 Columns 4 through 6:

   2.169066836629971e-02   6.304610819911295e-04   2.036665984394575e-03

agsout =

 Columns 1 through 3:

   6.742080287639577e-01   1.836661265857083e-02   1.836661265857083e-02
   6.748619574747953e-01   1.851078624413358e-02   1.851078624413358e-02
   5.260411960287782e-01   1.851075295440621e-02   1.851075295440621e-02
   2.913936739473134e-01   1.851075296292753e-02   1.851075296292753e-02
   6.669176938489332e-01   1.851075296292539e-02   1.851075296292539e-02
   6.454288150015768e-01   1.851075296292539e-02   1.851075296292539e-02

 Columns 4 through 6:

   1.836661265857083e-02   1.836661265857083e-02   1.836661265857083e-02
   1.851078624413358e-02   1.851078624413358e-02   1.851078624413358e-02
   1.851075295440621e-02   1.851075295440621e-02   1.851075295440621e-02
   1.851075296292753e-02   1.851075296292753e-02   1.851075296292753e-02
   1.851075296292539e-02   1.851075296292539e-02   1.851075296292539e-02
   1.851075296292539e-02   1.851075296292539e-02   1.851075296292539e-02

 Columns 7 through 9:

   1.836661265857083e-02   1.836661265857083e-02   1.836661265857083e-02
   1.851078624413358e-02   1.851078624413358e-02   1.851078624413358e-02
   1.851075295440621e-02   1.851075295440621e-02   1.851075295440621e-02
   1.851075296292753e-02   1.851075296292753e-02   1.851075296292753e-02
   1.851075296292539e-02   1.851075296292539e-02   1.851075296292539e-02
   1.851075296292539e-02   1.851075296292539e-02   1.851075296292539e-02

 Columns 10 through 12:

   1.836661265857083e-02   1.836661265857083e-02   1.836661265857083e-02
   1.851078624413358e-02   1.851078624413358e-02   1.851078624413358e-02
   1.851075295440621e-02   1.851075295440621e-02   1.851075295440621e-02
   1.851075296292753e-02   1.851075296292753e-02   1.851075296292753e-02
   1.851075296292539e-02   1.851075296292539e-02   1.851075296292539e-02
   1.851075296292539e-02   1.851075296292539e-02   1.851075296292539e-02

 Columns 13 through 15:

   1.836661265857083e-02   1.836661265857083e-02   1.836661265857083e-02
   1.851078624413358e-02   1.851078624413358e-02   1.851078624413358e-02
   1.851075295440621e-02   1.851075295440621e-02   1.851075295440621e-02
   1.851075296292753e-02   1.851075296292753e-02   1.851075296292753e-02
   1.851075296292539e-02   1.851075296292539e-02   1.851075296292539e-02
   1.851075296292539e-02   1.851075296292539e-02   1.851075296292539e-02

ans = 8.527706241809633e-21
ans = -4.924696517223310e-21
ans = -4.924696517223310e-21
ans = -4.924696517223310e-21
ans = -4.924696517223310e-21
ans = -4.924696517223310e-21
ans = -4.924696517223310e-21
ans = -4.924696517223310e-21
ans = -4.924696517223310e-21
ans = -4.924696517223310e-21
ans = -4.924696517223310e-21
ans = -4.924696517223310e-21
ans = -4.924696517223310e-21
ans = -4.924696517223310e-21
ans = -4.924696517223310e-21
