warning: function /home/surgeon/flu/amcode/perelson21/1d2agt/4paper/2submit/run.m shadows a core library function
warning: called from
    driver at line 1 column 1

lambda0 = 3.501084296647659
kmpl_prod = 0.180000000000000
dkps =

 Columns 1 through 3:

   1.891511256604953e+00   1.030329782166082e+01   1.062067698410016e+01

 Columns 4 through 6:

   1.194095428578732e+01   1.610663757354859e-01   2.542761677784927e+01

nbcr = 2
lambda0 = 3.501084296647659
kmpl_prod = 0.180000000000000
 Time :      1.00000
 Time :      2.00000
 Time :      3.01000
 Time :      4.01000
 Time :      5.01000
 Time :      6.01000
 Time :      7.01000
 Time :      8.01000
 Time :      9.01000
 Time :     10.01000
 Time :     11.01000
 Time :     12.01000
 Time :     13.01000
 Time :     14.01000
 Time :     15.01000
 Time :     16.01000
 Time :     17.01000
 Time :     18.00000
 Time :     19.00000
 Time :     20.00000
 Time :     21.00000
 Time :     22.00000
 Time :     23.00000
 Time :     24.00000
 Time :     25.00000
 Time :     26.00000
 Time :     27.00000
 Time :     28.00000
 Time :     29.00000
 Time :     30.00000
 Time :     31.00000
 Time :     32.00000
 Time :     33.00000
 Time :     34.00000
 Time :     35.00000
dtime = 5.180146917700768
mbcr = 0.500000000000000
agsout =

   1.110448042063631e-02   1.110448042063631e-02

ans = -2.272511923617869e-21
ans = -3.232570135068948e-21
nbcr = 2
lambda0 = 3.501084296647659
kmpl_prod = 0.180000000000000
 Time :      1.00000
 Time :      2.00000
 Time :      3.01000
 Time :      4.01000
 Time :      5.01000
 Time :      6.01000
 Time :      7.01000
 Time :      8.01000
 Time :      9.01000
 Time :     10.01000
 Time :     11.01000
 Time :     12.01000
 Time :     13.01000
 Time :     14.01000
 Time :     15.01000
 Time :     16.01000
 Time :     17.01000
 Time :     18.00000
 Time :     19.00000
 Time :     20.00000
 Time :     21.00000
 Time :     22.00000
 Time :     23.00000
 Time :     24.00000
 Time :     25.00000
 Time :     26.00000
 Time :     27.00000
 Time :     28.00000
 Time :     29.00000
 Time :     30.00000
 Time :     31.00000
 Time :     32.00000
 Time :     33.00000
 Time :     34.00000
 Time :     35.00000
dtime = 5.114405974745750
mbcr =

   0.500000000000000   0.601748564750218

agsout =

   1.110448042063631e-02   1.110448042063631e-02
   1.317218716832573e-03   1.131621707159572e-02

ans = 5.062345348824529e-22
ans = 4.821597016480385e-21
nbcr = 2
lambda0 = 3.501084296647659
kmpl_prod = 0.180000000000000
 Time :      1.00000
 Time :      2.00000
 Time :      3.01000
 Time :      4.01000
 Time :      5.01000
 Time :      6.01000
 Time :      7.01000
 Time :      8.01000
 Time :      9.01000
 Time :     10.01000
 Time :     11.01000
 Time :     12.01000
 Time :     13.01000
 Time :     14.01000
 Time :     15.01000
 Time :     16.01000
 Time :     17.01000
 Time :     18.00000
 Time :     19.00000
 Time :     20.00000
 Time :     21.00000
 Time :     22.00000
 Time :     23.00000
 Time :     24.00000
 Time :     25.00000
 Time :     26.00000
 Time :     27.00000
 Time :     28.00000
 Time :     29.00000
 Time :     30.00000
 Time :     31.00000
 Time :     32.00000
 Time :     33.00000
 Time :     34.00000
 Time :     35.00000
dtime = 5.141603574156761
mbcr =

   0.500000000000000   0.601748564750218   0.605168357200509

agsout =

   1.110448042063631e-02   1.110448042063631e-02
   1.317218716832573e-03   1.131621707159572e-02
   1.286281137151564e-03   1.125334408508476e-02

ans = 4.815845526283727e-21
ans = 8.422921683686058e-21
nbcr = 2
lambda0 = 3.501084296647659
kmpl_prod = 0.180000000000000
 Time :      1.00000
 Time :      2.00000
 Time :      3.01000
 Time :      4.01000
 Time :      5.01000
 Time :      6.01000
 Time :      7.01000
 Time :      8.01000
 Time :      9.01000
 Time :     10.01000
 Time :     11.01000
 Time :     12.01000
 Time :     13.01000
 Time :     14.01000
 Time :     15.01000
 Time :     16.01000
 Time :     17.01000
 Time :     18.00000
 Time :     19.00000
 Time :     20.00000
 Time :     21.00000
 Time :     22.00000
 Time :     23.00000
 Time :     24.00000
 Time :     25.00000
 Time :     26.00000
 Time :     27.00000
 Time :     28.00000
 Time :     29.00000
 Time :     30.00000
 Time :     31.00000
 Time :     32.00000
 Time :     33.00000
 Time :     34.00000
 Time :     35.00000
dtime = 5.108240246772766
mbcr =

   0.500000000000000   0.601748564750218   0.605168357200509   0.601952582375434

agsout =

   1.110448042063631e-02   1.110448042063631e-02
   1.317218716832573e-03   1.131621707159572e-02
   1.286281137151564e-03   1.125334408508476e-02
   1.372461393924361e-03   1.125230567631176e-02

ans = 6.956588951570963e-21
ans = 7.753525772977520e-23
nbcr = 2
lambda0 = 3.501084296647659
kmpl_prod = 0.180000000000000
 Time :      1.00000
 Time :      2.00000
 Time :      3.01000
 Time :      4.01000
 Time :      5.01000
 Time :      6.01000
 Time :      7.01000
 Time :      8.01000
 Time :      9.01000
 Time :     10.01000
 Time :     11.01000
 Time :     12.01000
 Time :     13.01000
 Time :     14.01000
 Time :     15.01000
 Time :     16.01000
 Time :     17.01000
 Time :     18.00000
 Time :     19.00000
 Time :     20.00000
 Time :     21.00000
 Time :     22.00000
 Time :     23.00000
 Time :     24.00000
 Time :     25.00000
 Time :     26.00000
 Time :     27.00000
 Time :     28.00000
 Time :     29.00000
 Time :     30.00000
 Time :     31.00000
 Time :     32.00000
 Time :     33.00000
 Time :     34.00000
 Time :     35.00000
dtime = 5.105071887373924
mbcr =

 Columns 1 through 4:

   0.500000000000000   0.601748564750218   0.605168357200509   0.601952582375434

 Column 5:

   0.602292218371115

agsout =

   1.110448042063631e-02   1.110448042063631e-02
   1.317218716832573e-03   1.131621707159572e-02
   1.286281137151564e-03   1.125334408508476e-02
   1.372461393924361e-03   1.125230567631176e-02
   1.451683393294362e-03   1.124093376266568e-02

ans = 1.103789809390760e-20
ans = 1.505727208787933e-22
nbcr = 2
lambda0 = 3.501084296647659
kmpl_prod = 0.180000000000000
 Time :      1.00000
 Time :      2.00000
 Time :      3.01000
 Time :      4.01000
 Time :      5.01000
 Time :      6.01000
 Time :      7.01000
 Time :      8.01000
 Time :      9.01000
 Time :     10.01000
 Time :     11.01000
 Time :     12.01000
 Time :     13.01000
 Time :     14.01000
 Time :     15.01000
 Time :     16.01000
 Time :     17.01000
 Time :     18.00000
 Time :     19.00000
 Time :     20.00000
 Time :     21.00000
 Time :     22.00000
 Time :     23.00000
 Time :     24.00000
 Time :     25.00000
 Time :     26.00000
 Time :     27.00000
 Time :     28.00000
 Time :     29.00000
 Time :     30.00000
 Time :     31.00000
 Time :     32.00000
 Time :     33.00000
 Time :     34.00000
 Time :     35.00000
dtime = 5.582216754555702
mbcr =

 Columns 1 through 4:

   0.500000000000000   0.601748564750218   0.605168357200509   0.601952582375434

 Columns 5 and 6:

   0.602292218371115   0.614211368107156

agsout =

   1.110448042063631e-02   1.110448042063631e-02
   1.317218716832573e-03   1.131621707159572e-02
   1.286281137151564e-03   1.125334408508476e-02
   1.372461393924361e-03   1.125230567631176e-02
   1.451683393294362e-03   1.124093376266568e-02
   1.160395029104405e-04   1.153790405983370e-02

ans = 3.176373552203626e-21
ans = 1.268101483256176e-20
dkps =

 Columns 1 through 3:

   3.419233023211433e+00   1.055496214315732e+00   1.036904426528799e+02

 Columns 4 through 6:

   2.238247916187410e+01   4.094438191491728e+00   5.050075925111537e-01

nbcr = 3
lambda0 = 3.501084296647659
kmpl_prod = 0.180000000000000
 Time :      1.00000
 Time :      2.00000
 Time :      3.01000
 Time :      4.01000
 Time :      5.01000
 Time :      6.01000
 Time :      7.01000
 Time :      8.01000
 Time :      9.01000
 Time :     10.01000
 Time :     11.01000
 Time :     12.01000
 Time :     13.01000
 Time :     14.01000
 Time :     15.01000
 Time :     16.01000
 Time :     17.01000
 Time :     18.00000
 Time :     19.00000
 Time :     20.00000
 Time :     21.00000
 Time :     22.00000
 Time :     23.00000
 Time :     24.00000
 Time :     25.00000
 Time :     26.00000
 Time :     27.00000
 Time :     28.00000
 Time :     29.00000
 Time :     30.00000
 Time :     31.00000
 Time :     32.00000
 Time :     33.00000
 Time :     34.00000
 Time :     35.00000
dtime = 12.08615452051163
mbcr = 0.333333333333333
agsout =

   8.632278872128881e-03   8.632278872128890e-03   8.632278872128887e-03

ans = 5.889471031415005e-21
ans = 7.828527790081352e-21
ans = 1.460437777780948e-20
nbcr = 3
lambda0 = 3.501084296647659
kmpl_prod = 0.180000000000000
 Time :      1.00000
 Time :      2.00000
 Time :      3.01000
 Time :      4.01000
 Time :      5.01000
 Time :      6.01000
 Time :      7.01000
 Time :      8.01000
 Time :      9.01000
 Time :     10.01000
 Time :     11.01000
 Time :     12.01000
 Time :     13.01000
 Time :     14.01000
 Time :     15.01000
 Time :     16.01000
 Time :     17.01000
 Time :     18.00000
 Time :     19.00000
 Time :     20.00000
 Time :     21.00000
 Time :     22.00000
 Time :     23.00000
 Time :     24.00000
 Time :     25.00000
 Time :     26.00000
 Time :     27.00000
 Time :     28.00000
 Time :     29.00000
 Time :     30.00000
 Time :     31.00000
 Time :     32.00000
 Time :     33.00000
 Time :     34.00000
 Time :     35.00000
dtime = 12.31761574745178
mbcr =

   0.333333333333333   0.455417322147367

agsout =

   8.632278872128881e-03   8.632278872128890e-03   8.632278872128887e-03
   1.046314845641543e-03   9.189775127966135e-03   9.189775127966135e-03

ans = 3.156521217502354e-21
ans = -1.008384865490425e-22
ans = -1.008384865490425e-22
nbcr = 3
lambda0 = 3.501084296647659
kmpl_prod = 0.180000000000000
 Time :      1.00000
 Time :      2.00000
 Time :      3.01000
 Time :      4.01000
 Time :      5.01000
 Time :      6.01000
 Time :      7.01000
 Time :      8.01000
 Time :      9.01000
 Time :     10.01000
 Time :     11.01000
 Time :     12.01000
 Time :     13.01000
 Time :     14.01000
 Time :     15.01000
 Time :     16.01000
 Time :     17.01000
 Time :     18.00000
 Time :     19.00000
 Time :     20.00000
 Time :     21.00000
 Time :     22.00000
 Time :     23.00000
 Time :     24.00000
 Time :     25.00000
 Time :     26.00000
 Time :     27.00000
 Time :     28.00000
 Time :     29.00000
 Time :     30.00000
 Time :     31.00000
 Time :     32.00000
 Time :     33.00000
 Time :     34.00000
 Time :     35.00000
dtime = 12.44056820869446
mbcr =

   0.333333333333333   0.455417322147367   0.481855378958998

agsout =

   8.632278872128881e-03   8.632278872128890e-03   8.632278872128887e-03
   1.046314845641543e-03   9.189775127966135e-03   9.189775127966135e-03
   2.505887509607197e-04   9.273749857554239e-03   9.273749857554237e-03

ans = 8.893845946170154e-21
ans = -3.186868406225393e-21
ans = 1.985233470127266e-22
nbcr = 3
lambda0 = 3.501084296647659
kmpl_prod = 0.180000000000000
 Time :      1.00000
 Time :      2.00000
 Time :      3.01000
 Time :      4.01000
 Time :      5.01000
 Time :      6.01000
 Time :      7.01000
 Time :      8.01000
 Time :      9.01000
 Time :     10.01000
 Time :     11.01000
 Time :     12.01000
 Time :     13.01000
 Time :     14.01000
 Time :     15.01000
 Time :     16.01000
 Time :     17.01000
 Time :     18.00000
 Time :     19.00000
 Time :     20.00000
 Time :     21.00000
 Time :     22.00000
 Time :     23.00000
 Time :     24.00000
 Time :     25.00000
 Time :     26.00000
 Time :     27.00000
 Time :     28.00000
 Time :     29.00000
 Time :     30.00000
 Time :     31.00000
 Time :     32.00000
 Time :     33.00000
 Time :     34.00000
 Time :     35.00000
dtime = 11.85570918023586
mbcr =

   0.333333333333333   0.455417322147367   0.481855378958998   0.430966855903626

agsout =

   8.632278872128881e-03   8.632278872128890e-03   8.632278872128887e-03
   1.046314845641543e-03   9.189775127966135e-03   9.189775127966135e-03
   2.505887509607197e-04   9.273749857554239e-03   9.273749857554237e-03
   1.873236796687763e-03   9.071315031783883e-03   9.071315031783883e-03

ans = 5.563099812148818e-21
ans = 5.610016462517061e-21
ans = 5.610016462517061e-21
nbcr = 3
lambda0 = 3.501084296647659
kmpl_prod = 0.180000000000000
 Time :      1.00000
 Time :      2.00000
 Time :      3.01000
 Time :      4.01000
 Time :      5.01000
 Time :      6.01000
 Time :      7.01000
 Time :      8.01000
 Time :      9.01000
 Time :     10.01000
 Time :     11.01000
 Time :     12.01000
 Time :     13.01000
 Time :     14.01000
 Time :     15.01000
 Time :     16.01000
 Time :     17.01000
 Time :     18.00000
 Time :     19.00000
 Time :     20.00000
 Time :     21.00000
 Time :     22.00000
 Time :     23.00000
 Time :     24.00000
 Time :     25.00000
 Time :     26.00000
 Time :     27.00000
 Time :     28.00000
 Time :     29.00000
 Time :     30.00000
 Time :     31.00000
 Time :     32.00000
 Time :     33.00000
 Time :     34.00000
 Time :     35.00000
dtime = 11.86913698911667
mbcr =

 Columns 1 through 4:

   0.333333333333333   0.455417322147367   0.481855378958998   0.430966855903626

 Column 5:

   0.439197781671490

agsout =

   8.632278872128881e-03   8.632278872128890e-03   8.632278872128887e-03
   1.046314845641543e-03   9.189775127966135e-03   9.189775127966135e-03
   2.505887509607197e-04   9.273749857554239e-03   9.273749857554237e-03
   1.873236796687763e-03   9.071315031783883e-03   9.071315031783883e-03
   1.918143328711538e-03   8.942167079665483e-03   8.942167079665483e-03

ans = 2.628366396387245e-21
ans = 1.044100973376816e-20
ans = 1.044100973376816e-20
nbcr = 3
lambda0 = 3.501084296647659
kmpl_prod = 0.180000000000000
 Time :      1.00000
 Time :      2.00000
 Time :      3.01000
 Time :      4.01000
 Time :      5.01000
 Time :      6.01000
 Time :      7.01000
 Time :      8.01000
 Time :      9.01000
 Time :     10.01000
 Time :     11.01000
 Time :     12.01000
 Time :     13.01000
 Time :     14.01000
 Time :     15.01000
 Time :     16.01000
 Time :     17.01000
 Time :     18.00000
 Time :     19.00000
 Time :     20.00000
 Time :     21.00000
 Time :     22.00000
 Time :     23.00000
 Time :     24.00000
 Time :     25.00000
 Time :     26.00000
 Time :     27.00000
 Time :     28.00000
 Time :     29.00000
 Time :     30.00000
 Time :     31.00000
 Time :     32.00000
 Time :     33.00000
 Time :     34.00000
 Time :     35.00000
dtime = 11.57729588449001
mbcr =

 Columns 1 through 4:

   0.333333333333333   0.455417322147367   0.481855378958998   0.430966855903626

 Columns 5 and 6:

   0.439197781671490   0.467207105445297

agsout =

   8.632278872128881e-03   8.632278872128890e-03   8.632278872128887e-03
   1.046314845641543e-03   9.189775127966135e-03   9.189775127966135e-03
   2.505887509607197e-04   9.273749857554239e-03   9.273749857554237e-03
   1.873236796687763e-03   9.071315031783883e-03   9.071315031783883e-03
   1.918143328711538e-03   8.942167079665483e-03   8.942167079665483e-03
   6.889077646355526e-04   9.202311143361262e-03   9.202311143361262e-03

ans = 1.985233470127266e-22
ans = -4.729224206512940e-21
ans = -4.727957586199968e-21
dkps =

 Columns 1 through 3:

   4.962530522764943e+01   2.092989978581526e-01   8.527150015374121e+01

 Columns 4 through 6:

   1.252760926577785e+01   9.295147065418528e-01   1.148637305074422e+02

nbcr = 4
lambda0 = 3.501084296647659
kmpl_prod = 0.180000000000000
 Time :      1.00000
 Time :      2.00000
 Time :      3.01000
 Time :      4.01000
 Time :      5.01000
 Time :      6.01000
 Time :      7.01000
 Time :      8.01000
 Time :      9.01000
 Time :     10.01000
 Time :     11.01000
 Time :     12.01000
 Time :     13.01000
 Time :     14.01000
 Time :     15.01000
 Time :     16.01000
 Time :     17.01000
 Time :     18.00000
 Time :     19.00000
 Time :     20.00000
 Time :     21.00000
 Time :     22.00000
 Time :     23.00000
 Time :     24.00000
 Time :     25.00000
 Time :     26.00000
 Time :     27.00000
 Time :     28.00000
 Time :     29.00000
 Time :     30.00000
 Time :     31.00000
 Time :     32.00000
 Time :     33.00000
 Time :     34.00000
 Time :     35.00000
dtime = 17.93161667883396
mbcr = 0.250000000000000
agsout =

 Columns 1 through 3:

   7.396322285675617e-03   7.396322285675630e-03   7.396322285675626e-03

 Column 4:

   7.396322285675627e-03

ans = -7.110858135812102e-21
ans = 2.121227132709813e-21
ans = 5.511349325075970e-21
ans = -1.265069349323287e-21
nbcr = 4
lambda0 = 3.501084296647659
kmpl_prod = 0.180000000000000
 Time :      1.00000
 Time :      2.00000
 Time :      3.01000
 Time :      4.01000
 Time :      5.01000
 Time :      6.01000
 Time :      7.01000
 Time :      8.01000
 Time :      9.01000
 Time :     10.01000
 Time :     11.01000
 Time :     12.01000
 Time :     13.01000
 Time :     14.01000
 Time :     15.01000
 Time :     16.01000
 Time :     17.01000
 Time :     18.00000
 Time :     19.00000
 Time :     20.00000
 Time :     21.00000
 Time :     22.00000
 Time :     23.00000
 Time :     24.00000
 Time :     25.00000
 Time :     26.00000
 Time :     27.00000
 Time :     28.00000
 Time :     29.00000
 Time :     30.00000
 Time :     31.00000
 Time :     32.00000
 Time :     33.00000
 Time :     34.00000
 Time :     35.00000
dtime = 17.91501045227051
mbcr =

   0.250000000000000   0.321858711967832

agsout =

 Columns 1 through 3:

   7.396322285675617e-03   7.396322285675630e-03   7.396322285675626e-03
   2.985404261144396e-03   7.543533106937036e-03   7.543533106937019e-03

 Column 4:

   7.396322285675627e-03
   7.543533106937019e-03

ans = 3.629668527882685e-21
ans = 7.476239322013260e-21
ans = 7.473680231993174e-21
ans = 4.085496744187688e-21
nbcr = 4
lambda0 = 3.501084296647659
kmpl_prod = 0.180000000000000
 Time :      1.00000
 Time :      2.00000
 Time :      3.01000
 Time :      4.01000
 Time :      5.01000
 Time :      6.01000
 Time :      7.01000
 Time :      8.01000
 Time :      9.01000
 Time :     10.01000
 Time :     11.01000
 Time :     12.01000
 Time :     13.01000
 Time :     14.01000
 Time :     15.01000
 Time :     16.01000
 Time :     17.01000
 Time :     18.00000
 Time :     19.00000
 Time :     20.00000
 Time :     21.00000
 Time :     22.00000
 Time :     23.00000
 Time :     24.00000
 Time :     25.00000
 Time :     26.00000
 Time :     27.00000
 Time :     28.00000
 Time :     29.00000
 Time :     30.00000
 Time :     31.00000
 Time :     32.00000
 Time :     33.00000
 Time :     34.00000
 Time :     35.00000
dtime = 19.08634789288044
mbcr =

   0.250000000000000   0.321858711967832   0.413566725674276

agsout =

 Columns 1 through 3:

   7.396322285675617e-03   7.396322285675630e-03   7.396322285675626e-03
   2.985404261144396e-03   7.543533106937036e-03   7.543533106937019e-03
   1.061300424733522e-04   8.228356681075608e-03   8.228356681075610e-03

 Column 4:

   7.396322285675627e-03
   7.543533106937019e-03
   8.228356681075610e-03

ans = -5.770411953169921e-21
ans = 1.135295050971374e-20
ans = 7.972263346209512e-21
ans = 1.192691045724897e-21
nbcr = 4
lambda0 = 3.501084296647659
kmpl_prod = 0.180000000000000
 Time :      1.00000
 Time :      2.00000
 Time :      3.01000
 Time :      4.01000
 Time :      5.01000
 Time :      6.01000
 Time :      7.01000
 Time :      8.01000
 Time :      9.01000
 Time :     10.01000
 Time :     11.01000
 Time :     12.01000
 Time :     13.01000
 Time :     14.01000
 Time :     15.01000
 Time :     16.01000
 Time :     17.01000
 Time :     18.00000
 Time :     19.00000
 Time :     20.00000
 Time :     21.00000
 Time :     22.00000
 Time :     23.00000
 Time :     24.00000
 Time :     25.00000
 Time :     26.00000
 Time :     27.00000
 Time :     28.00000
 Time :     29.00000
 Time :     30.00000
 Time :     31.00000
 Time :     32.00000
 Time :     33.00000
 Time :     34.00000
 Time :     35.00000
dtime = 18.16675923764706
mbcr =

   0.250000000000000   0.321858711967832   0.413566725674276   0.371337845756319

agsout =

 Columns 1 through 3:

   7.396322285675617e-03   7.396322285675630e-03   7.396322285675626e-03
   2.985404261144396e-03   7.543533106937036e-03   7.543533106937019e-03
   1.061300424733522e-04   8.228356681075608e-03   8.228356681075610e-03
   9.984176469212029e-04   8.030978874765501e-03   8.030978874765518e-03

 Column 4:

   7.396322285675627e-03
   7.543533106937019e-03
   8.228356681075610e-03
   8.030978874765518e-03

ans = -5.529702394916990e-22
ans = -2.191304840229539e-21
ans = -2.196371321481427e-21
ans = 1.201273044580134e-21
nbcr = 4
lambda0 = 3.501084296647659
kmpl_prod = 0.180000000000000
 Time :      1.00000
 Time :      2.00000
 Time :      3.01000
 Time :      4.01000
 Time :      5.01000
 Time :      6.01000
 Time :      7.01000
 Time :      8.01000
 Time :      9.01000
 Time :     10.01000
 Time :     11.01000
 Time :     12.01000
 Time :     13.01000
 Time :     14.01000
 Time :     15.01000
 Time :     16.01000
 Time :     17.01000
 Time :     18.00000
 Time :     19.00000
 Time :     20.00000
 Time :     21.00000
 Time :     22.00000
 Time :     23.00000
 Time :     24.00000
 Time :     25.00000
 Time :     26.00000
 Time :     27.00000
 Time :     28.00000
 Time :     29.00000
 Time :     30.00000
 Time :     31.00000
 Time :     32.00000
 Time :     33.00000
 Time :     34.00000
 Time :     35.00000
dtime = 18.06995831429958
mbcr =

 Columns 1 through 4:

   0.250000000000000   0.321858711967832   0.413566725674276   0.371337845756319

 Column 5:

   0.381124978043461

agsout =

 Columns 1 through 3:

   7.396322285675617e-03   7.396322285675630e-03   7.396322285675626e-03
   2.985404261144396e-03   7.543533106937036e-03   7.543533106937019e-03
   1.061300424733522e-04   8.228356681075608e-03   8.228356681075610e-03
   9.984176469212029e-04   8.030978874765501e-03   8.030978874765518e-03
   9.428105795987064e-04   7.949246796874952e-03   7.949246796874952e-03

 Column 4:

   7.396322285675627e-03
   7.543533106937019e-03
   8.228356681075610e-03
   8.030978874765518e-03
   7.949246796874952e-03

ans = 2.599001484641613e-21
ans = 5.071857925868889e-21
ans = 1.683622739275119e-21
ans = -1.706215109755473e-21
nbcr = 4
lambda0 = 3.501084296647659
kmpl_prod = 0.180000000000000
 Time :      1.00000
 Time :      2.00000
 Time :      3.01000
 Time :      4.01000
 Time :      5.01000
 Time :      6.01000
 Time :      7.01000
 Time :      8.01000
 Time :      9.01000
 Time :     10.01000
 Time :     11.01000
 Time :     12.01000
 Time :     13.01000
 Time :     14.01000
 Time :     15.01000
 Time :     16.01000
 Time :     17.01000
 Time :     18.00000
 Time :     19.00000
 Time :     20.00000
 Time :     21.00000
 Time :     22.00000
 Time :     23.00000
 Time :     24.00000
 Time :     25.00000
 Time :     26.00000
 Time :     27.00000
 Time :     28.00000
 Time :     29.00000
 Time :     30.00000
 Time :     31.00000
 Time :     32.00000
 Time :     33.00000
 Time :     34.00000
 Time :     35.00000
dtime = 18.79175081849098
mbcr =

 Columns 1 through 4:

   0.250000000000000   0.321858711967832   0.413566725674276   0.371337845756319

 Columns 5 and 6:

   0.381124978043461   0.412782689852872

agsout =

 Columns 1 through 3:

   7.396322285675617e-03   7.396322285675630e-03   7.396322285675626e-03
   2.985404261144396e-03   7.543533106937036e-03   7.543533106937019e-03
   1.061300424733522e-04   8.228356681075608e-03   8.228356681075610e-03
   9.984176469212029e-04   8.030978874765501e-03   8.030978874765518e-03
   9.428105795987064e-04   7.949246796874952e-03   7.949246796874952e-03
   1.644891589853088e-04   8.191793222533715e-03   8.191793222533720e-03

 Column 4:

   7.396322285675627e-03
   7.543533106937019e-03
   8.228356681075610e-03
   8.030978874765518e-03
   7.949246796874952e-03
   8.191793222533723e-03

ans = 2.223461486542538e-21
ans = -1.707869470980579e-21
ans = 1.679641932577207e-21
ans = -1.706887194003173e-21
dkps =

 Columns 1 through 3:

   6.019255551963211e-01   2.104203707981388e+01   1.403963246310990e+01

 Columns 4 through 6:

   3.860304194502447e+01   3.658013707081346e+00   5.494571507266741e-01

nbcr = 5
lambda0 = 3.501084296647659
kmpl_prod = 0.180000000000000
 Time :      1.00000
 Time :      2.00000
 Time :      3.01000
 Time :      4.01000
 Time :      5.01000
 Time :      6.01000
 Time :      7.01000
 Time :      8.01000
 Time :      9.01000
 Time :     10.01000
 Time :     11.01000
 Time :     12.01000
 Time :     13.01000
 Time :     14.01000
 Time :     15.01000
 Time :     16.01000
 Time :     17.01000
 Time :     18.00000
 Time :     19.00000
 Time :     20.00000
 Time :     21.00000
 Time :     22.00000
 Time :     23.00000
 Time :     24.00000
 Time :     25.00000
 Time :     26.00000
 Time :     27.00000
 Time :     28.00000
 Time :     29.00000
 Time :     30.00000
 Time :     31.00000
 Time :     32.00000
 Time :     33.00000
 Time :     34.00000
 Time :     35.00000
dtime = 22.93020151555538
mbcr = 0.200000000000000
agsout =

 Columns 1 through 3:

   6.654776675632307e-03   6.654776675632309e-03   6.654776675632313e-03

 Columns 4 and 5:

   6.654776675632314e-03   6.654776675632316e-03

ans = 1.163037913234578e-20
ans = -3.797948083748942e-21
ans = -3.794018975839315e-21
ans = -3.798930360726349e-21
ans = -3.797017505559820e-21
nbcr = 5
lambda0 = 3.501084296647659
kmpl_prod = 0.180000000000000
 Time :      1.00000
 Time :      2.00000
 Time :      3.01000
 Time :      4.01000
 Time :      5.01000
 Time :      6.01000
 Time :      7.01000
 Time :      8.01000
 Time :      9.01000
 Time :     10.01000
 Time :     11.01000
 Time :     12.01000
 Time :     13.01000
 Time :     14.01000
 Time :     15.01000
 Time :     16.01000
 Time :     17.01000
 Time :     18.00000
 Time :     19.00000
 Time :     20.00000
 Time :     21.00000
 Time :     22.00000
 Time :     23.00000
 Time :     24.00000
 Time :     25.00000
 Time :     26.00000
 Time :     27.00000
 Time :     28.00000
 Time :     29.00000
 Time :     30.00000
 Time :     31.00000
 Time :     32.00000
 Time :     33.00000
 Time :     34.00000
 Time :     35.00000
dtime = 24.40597303211689
mbcr =

   0.200000000000000   0.361480210192260

agsout =

 Columns 1 through 3:

   6.654776675632307e-03   6.654776675632309e-03   6.654776675632313e-03
   2.130628937851879e-04   7.576831737949713e-03   7.576831737949694e-03

 Columns 4 and 5:

   6.654776675632314e-03   6.654776675632316e-03
   7.576831737949703e-03   7.576831737949700e-03

ans = 3.202843331805323e-21
ans = 1.160813572868634e-20
ans = 8.233342227046561e-21
ans = 1.161919926937924e-20
ans = 1.498272243517299e-20
nbcr = 5
lambda0 = 3.501084296647659
kmpl_prod = 0.180000000000000
 Time :      1.00000
 Time :      2.00000
 Time :      3.01000
 Time :      4.01000
 Time :      5.01000
 Time :      6.01000
 Time :      7.01000
 Time :      8.01000
 Time :      9.01000
 Time :     10.01000
 Time :     11.01000
 Time :     12.01000
 Time :     13.01000
 Time :     14.01000
 Time :     15.01000
 Time :     16.01000
 Time :     17.01000
 Time :     18.00000
 Time :     19.00000
 Time :     20.00000
 Time :     21.00000
 Time :     22.00000
 Time :     23.00000
 Time :     24.00000
 Time :     25.00000
 Time :     26.00000
 Time :     27.00000
 Time :     28.00000
 Time :     29.00000
 Time :     30.00000
 Time :     31.00000
 Time :     32.00000
 Time :     33.00000
 Time :     34.00000
 Time :     35.00000
dtime = 23.24415072798729
mbcr =

   0.200000000000000   0.361480210192260   0.339967651780870

agsout =

 Columns 1 through 3:

   6.654776675632307e-03   6.654776675632309e-03   6.654776675632313e-03
   2.130628937851879e-04   7.576831737949713e-03   7.576831737949694e-03
   5.810802145828979e-04   7.380732035255825e-03   7.380732035255821e-03

 Columns 4 and 5:

   6.654776675632314e-03   6.654776675632316e-03
   7.576831737949703e-03   7.576831737949700e-03
   7.380732035255836e-03   7.380732035255837e-03

ans = -3.575074607454186e-21
ans = -3.083264034503126e-21
ans = -3.086831250894761e-21
ans = 3.046092605726524e-22
ans = 3.693723326567261e-21
nbcr = 5
lambda0 = 3.501084296647659
kmpl_prod = 0.180000000000000
 Time :      1.00000
 Time :      2.00000
 Time :      3.01000
 Time :      4.01000
 Time :      5.01000
 Time :      6.01000
 Time :      7.01000
 Time :      8.01000
 Time :      9.01000
 Time :     10.01000
 Time :     11.01000
 Time :     12.01000
 Time :     13.01000
 Time :     14.01000
 Time :     15.01000
 Time :     16.01000
 Time :     17.01000
 Time :     18.00000
 Time :     19.00000
 Time :     20.00000
 Time :     21.00000
 Time :     22.00000
 Time :     23.00000
 Time :     24.00000
 Time :     25.00000
 Time :     26.00000
 Time :     27.00000
 Time :     28.00000
 Time :     29.00000
 Time :     30.00000
 Time :     31.00000
 Time :     32.00000
 Time :     33.00000
 Time :     34.00000
 Time :     35.00000
dtime = 22.89991602301598
mbcr =

   0.200000000000000   0.361480210192260   0.339967651780870   0.339006526863832

agsout =

 Columns 1 through 3:

   6.654776675632307e-03   6.654776675632309e-03   6.654776675632313e-03
   2.130628937851879e-04   7.576831737949713e-03   7.576831737949694e-03
   5.810802145828979e-04   7.380732035255825e-03   7.380732035255821e-03
   6.768317393479486e-04   7.320588404212793e-03   7.320588404212857e-03

 Columns 4 and 5:

   6.654776675632314e-03   6.654776675632316e-03
   7.576831737949703e-03   7.576831737949700e-03
   7.380732035255836e-03   7.380732035255837e-03
   7.320588404212848e-03   7.320588404212844e-03

ans = -1.115866646334034e-21
ans = 3.170324793974332e-21
ans = -3.601337591902744e-21
ans = -2.166179229123241e-22
ans = 3.173168227329983e-21
nbcr = 5
lambda0 = 3.501084296647659
kmpl_prod = 0.180000000000000
 Time :      1.00000
 Time :      2.00000
 Time :      3.01000
 Time :      4.01000
 Time :      5.01000
 Time :      6.01000
 Time :      7.01000
 Time :      8.01000
 Time :      9.01000
 Time :     10.01000
 Time :     11.01000
 Time :     12.01000
 Time :     13.01000
 Time :     14.01000
 Time :     15.01000
 Time :     16.01000
 Time :     17.01000
 Time :     18.00000
 Time :     19.00000
 Time :     20.00000
 Time :     21.00000
 Time :     22.00000
 Time :     23.00000
 Time :     24.00000
 Time :     25.00000
 Time :     26.00000
 Time :     27.00000
 Time :     28.00000
 Time :     29.00000
 Time :     30.00000
 Time :     31.00000
 Time :     32.00000
 Time :     33.00000
 Time :     34.00000
 Time :     35.00000
dtime = 23.01613949239254
mbcr =

 Columns 1 through 4:

   0.200000000000000   0.361480210192260   0.339967651780870   0.339006526863832

 Column 5:

   0.322608081703033

agsout =

 Columns 1 through 3:

   6.654776675632307e-03   6.654776675632309e-03   6.654776675632313e-03
   2.130628937851879e-04   7.576831737949713e-03   7.576831737949694e-03
   5.810802145828979e-04   7.380732035255825e-03   7.380732035255821e-03
   6.768317393479486e-04   7.320588404212793e-03   7.320588404212857e-03
   9.719030913031953e-04   7.285142141809418e-03   7.285142141809400e-03

 Columns 4 and 5:

   6.654776675632314e-03   6.654776675632316e-03
   7.576831737949703e-03   7.576831737949700e-03
   7.380732035255836e-03   7.380732035255837e-03
   7.320588404212848e-03   7.320588404212844e-03
   7.285142141809398e-03   7.285142141809402e-03

ans = 9.793818452627848e-21
ans = 2.072449325963326e-21
ans = -1.319353077022079e-21
ans = 5.459495440426552e-21
ans = 2.073018012634456e-21
nbcr = 5
lambda0 = 3.501084296647659
kmpl_prod = 0.180000000000000
 Time :      1.00000
 Time :      2.00000
 Time :      3.01000
 Time :      4.01000
 Time :      5.01000
 Time :      6.01000
 Time :      7.01000
 Time :      8.01000
 Time :      9.01000
 Time :     10.01000
 Time :     11.01000
 Time :     12.01000
 Time :     13.01000
 Time :     14.01000
 Time :     15.01000
 Time :     16.01000
 Time :     17.01000
 Time :     18.00000
 Time :     19.00000
 Time :     20.00000
 Time :     21.00000
 Time :     22.00000
 Time :     23.00000
 Time :     24.00000
 Time :     25.00000
 Time :     26.00000
 Time :     27.00000
 Time :     28.00000
 Time :     29.00000
 Time :     30.00000
 Time :     31.00000
 Time :     32.00000
 Time :     33.00000
 Time :     34.00000
 Time :     35.00000
dtime = 22.97477982938290
mbcr =

 Columns 1 through 4:

   0.200000000000000   0.361480210192260   0.339967651780870   0.339006526863832

 Columns 5 and 6:

   0.322608081703033   0.356682438016013

agsout =

 Columns 1 through 3:

   6.654776675632307e-03   6.654776675632309e-03   6.654776675632313e-03
   2.130628937851879e-04   7.576831737949713e-03   7.576831737949694e-03
   5.810802145828979e-04   7.380732035255825e-03   7.380732035255821e-03
   6.768317393479486e-04   7.320588404212793e-03   7.320588404212857e-03
   9.719030913031953e-04   7.285142141809418e-03   7.285142141809400e-03
   3.523317465059213e-04   7.426897963343215e-03   7.426897963343226e-03

 Columns 4 and 5:

   6.654776675632314e-03   6.654776675632316e-03
   7.576831737949703e-03   7.576831737949700e-03
   7.380732035255836e-03   7.380732035255837e-03
   7.320588404212848e-03   7.320588404212844e-03
   7.285142141809398e-03   7.285142141809402e-03
   7.426897963343224e-03   7.426897963343234e-03

ans = 1.032321404466179e-21
ans = -3.557290224284296e-21
ans = -6.939735146590195e-21
ans = -3.538782058078422e-21
ans = -3.541470395069219e-21
dkps =

 Columns 1 through 3:

   4.784522834159056e+00   7.151357485135226e-01   3.969959882277448e+02

 Columns 4 through 6:

   8.778261196875525e+01   6.613023390022962e+00   1.377355810443644e+02

nbcr = 7
lambda0 = 3.501084296647659
kmpl_prod = 0.180000000000000
 Time :      1.00000
 Time :      2.00000
 Time :      3.01000
 Time :      4.01000
 Time :      5.01000
 Time :      6.01000
 Time :      7.01000
 Time :      8.01000
 Time :      9.01000
 Time :     10.01000
 Time :     11.01000
 Time :     12.01000
 Time :     13.01000
 Time :     14.01000
 Time :     15.01000
 Time :     16.01000
 Time :     17.01000
 Time :     18.00000
 Time :     19.00000
 Time :     20.00000
 Time :     21.00000
 Time :     22.00000
 Time :     23.00000
 Time :     24.00000
 Time :     25.00000
 Time :     26.00000
 Time :     27.00000
 Time :     28.00000
 Time :     29.00000
 Time :     30.00000
 Time :     31.00000
 Time :     32.00000
 Time :     33.00000
 Time :     34.00000
 Time :     35.00000
dtime = 32.39011801779270
mbcr = 0.142857142857143
agsout =

 Columns 1 through 3:

   5.805757013961514e-03   5.805757013961522e-03   5.805757013961515e-03

 Columns 4 through 6:

   5.805757013961535e-03   5.805757013961533e-03   5.805757013961519e-03

 Column 7:

   5.805757013961519e-03

ans = 8.293855658733643e-21
ans = 4.537085659853357e-21
ans = 1.163532929132403e-21
ans = -2.232353678127483e-21
ans = 4.546701634474286e-21
ans = -5.617486937424180e-21
ans = -2.230182329019532e-21
nbcr = 7
lambda0 = 3.501084296647659
kmpl_prod = 0.180000000000000
 Time :      1.00000
 Time :      2.00000
 Time :      3.01000
 Time :      4.01000
 Time :      5.01000
 Time :      6.01000
 Time :      7.01000
 Time :      8.01000
 Time :      9.01000
 Time :     10.01000
 Time :     11.01000
 Time :     12.01000
 Time :     13.01000
 Time :     14.01000
 Time :     15.01000
 Time :     16.01000
 Time :     17.01000
 Time :     18.00000
 Time :     19.00000
 Time :     20.00000
 Time :     21.00000
 Time :     22.00000
 Time :     23.00000
 Time :     24.00000
 Time :     25.00000
 Time :     26.00000
 Time :     27.00000
 Time :     28.00000
 Time :     29.00000
 Time :     30.00000
 Time :     31.00000
 Time :     32.00000
 Time :     33.00000
 Time :     34.00000
 Time :     35.00000
dtime = 32.15199820697308
mbcr =

   0.142857142857143   0.279155147375405

agsout =

 Columns 1 through 3:

   5.805757013961514e-03   5.805757013961522e-03   5.805757013961515e-03
   5.518608472272584e-04   6.617376160722826e-03   6.617376160722813e-03

 Columns 4 through 6:

   5.805757013961535e-03   5.805757013961533e-03   5.805757013961519e-03
   6.617376160722795e-03   6.617376160722803e-03   6.617376160722806e-03

 Column 7:

   5.805757013961519e-03
   6.617376160722804e-03

ans = 7.702705864093794e-21
ans = 5.163054588402860e-21
ans = -1.609383279298484e-21
ans = 5.166776901159349e-21
ans = -1.614242965397234e-21
ans = 5.171946779987806e-21
ans = 5.166983696312487e-21
nbcr = 7
lambda0 = 3.501084296647659
kmpl_prod = 0.180000000000000
 Time :      1.00000
 Time :      2.00000
 Time :      3.01000
 Time :      4.01000
 Time :      5.01000
 Time :      6.01000
 Time :      7.01000
 Time :      8.01000
 Time :      9.01000
 Time :     10.01000
 Time :     11.01000
 Time :     12.01000
 Time :     13.01000
 Time :     14.01000
 Time :     15.01000
 Time :     16.01000
 Time :     17.01000
 Time :     18.00000
 Time :     19.00000
 Time :     20.00000
 Time :     21.00000
 Time :     22.00000
 Time :     23.00000
 Time :     24.00000
 Time :     25.00000
 Time :     26.00000
 Time :     27.00000
 Time :     28.00000
 Time :     29.00000
 Time :     30.00000
 Time :     31.00000
 Time :     32.00000
 Time :     33.00000
 Time :     34.00000
 Time :     35.00000
dtime = 34.05391909182072
mbcr =

   0.142857142857143   0.279155147375405   0.322892984817319

agsout =

 Columns 1 through 3:

   5.805757013961514e-03   5.805757013961522e-03   5.805757013961515e-03
   5.518608472272584e-04   6.617376160722826e-03   6.617376160722813e-03
   8.980782651747623e-05   6.651657184991367e-03   6.651657184991376e-03

 Columns 4 through 6:

   5.805757013961535e-03   5.805757013961533e-03   5.805757013961519e-03
   6.617376160722795e-03   6.617376160722803e-03   6.617376160722806e-03
   6.651657184991374e-03   6.651657184991402e-03   6.651657184991392e-03

 Column 7:

   5.805757013961519e-03
   6.617376160722804e-03
   6.651657184991393e-03

ans = -3.811648262644352e-21
ans = -6.584047483192393e-21
ans = 1.899413481574890e-22
ans = 1.866326257072769e-22
ans = -3.196122489328330e-21
ans = -3.206979234868088e-21
ans = -6.600280902713746e-21
nbcr = 7
lambda0 = 3.501084296647659
kmpl_prod = 0.180000000000000
 Time :      1.00000
 Time :      2.00000
 Time :      3.01000
 Time :      4.01000
 Time :      5.01000
 Time :      6.01000
 Time :      7.01000
 Time :      8.01000
 Time :      9.01000
 Time :     10.01000
 Time :     11.01000
 Time :     12.01000
 Time :     13.01000
 Time :     14.01000
 Time :     15.01000
 Time :     16.01000
 Time :     17.01000
 Time :     18.00000
 Time :     19.00000
 Time :     20.00000
 Time :     21.00000
 Time :     22.00000
 Time :     23.00000
 Time :     24.00000
 Time :     25.00000
 Time :     26.00000
 Time :     27.00000
 Time :     28.00000
 Time :     29.00000
 Time :     30.00000
 Time :     31.00000
 Time :     32.00000
 Time :     33.00000
 Time :     34.00000
 Time :     35.00000
dtime = 31.92497268319130
mbcr =

   0.142857142857143   0.279155147375405   0.322892984817319   0.208705853425527

agsout =

 Columns 1 through 3:

   5.805757013961514e-03   5.805757013961522e-03   5.805757013961515e-03
   5.518608472272584e-04   6.617376160722826e-03   6.617376160722813e-03
   8.980782651747623e-05   6.651657184991367e-03   6.651657184991376e-03
   2.466016449434495e-03   6.134231022525596e-03   6.134231022525601e-03

 Columns 4 through 6:

   5.805757013961535e-03   5.805757013961533e-03   5.805757013961519e-03
   6.617376160722795e-03   6.617376160722803e-03   6.617376160722806e-03
   6.651657184991374e-03   6.651657184991402e-03   6.651657184991392e-03
   6.134231022525585e-03   6.134231022525599e-03   6.134231022525599e-03

 Column 7:

   5.805757013961519e-03
   6.617376160722804e-03
   6.651657184991393e-03
   6.134231022525599e-03

ans = 2.933079054536467e-21
ans = 2.427361507536860e-21
ans = -9.702828585247015e-22
ans = -9.637688112008464e-22
ans = -9.629416305882933e-22
ans = -9.487761625983227e-22
ans = -9.487761625983227e-22
nbcr = 7
lambda0 = 3.501084296647659
kmpl_prod = 0.180000000000000
 Time :      1.00000
 Time :      2.00000
 Time :      3.01000
 Time :      4.01000
 Time :      5.01000
 Time :      6.01000
 Time :      7.01000
 Time :      8.01000
 Time :      9.01000
 Time :     10.01000
 Time :     11.01000
 Time :     12.01000
 Time :     13.01000
 Time :     14.01000
 Time :     15.01000
 Time :     16.01000
 Time :     17.01000
 Time :     18.00000
 Time :     19.00000
 Time :     20.00000
 Time :     21.00000
 Time :     22.00000
 Time :     23.00000
 Time :     24.00000
 Time :     25.00000
 Time :     26.00000
 Time :     27.00000
 Time :     28.00000
 Time :     29.00000
 Time :     30.00000
 Time :     31.00000
 Time :     32.00000
 Time :     33.00000
 Time :     34.00000
 Time :     35.00000
dtime = 31.50552213191986
mbcr =

 Columns 1 through 4:

   0.142857142857143   0.279155147375405   0.322892984817319   0.208705853425527

 Column 5:

   0.202482084036595

agsout =

 Columns 1 through 3:

   5.805757013961514e-03   5.805757013961522e-03   5.805757013961515e-03
   5.518608472272584e-04   6.617376160722826e-03   6.617376160722813e-03
   8.980782651747623e-05   6.651657184991367e-03   6.651657184991376e-03
   2.466016449434495e-03   6.134231022525596e-03   6.134231022525601e-03
   2.253022006036783e-03   5.954231748983953e-03   5.954231748983949e-03

 Columns 4 through 6:

   5.805757013961535e-03   5.805757013961533e-03   5.805757013961519e-03
   6.617376160722795e-03   6.617376160722803e-03   6.617376160722806e-03
   6.651657184991374e-03   6.651657184991402e-03   6.651657184991392e-03
   6.134231022525585e-03   6.134231022525599e-03   6.134231022525599e-03
   5.954231748983956e-03   5.954231748983956e-03   5.954231748983949e-03

 Column 7:

   5.805757013961519e-03
   6.617376160722804e-03
   6.651657184991393e-03
   6.134231022525599e-03
   5.954231748983949e-03

ans = 1.264903913200776e-20
ans = -7.586797180759801e-21
ans = -7.968851226182730e-22
ans = -8.032957723655590e-22
ans = -1.096862171760629e-20
ans = -4.188015441355979e-21
ans = -4.188015441355979e-21
nbcr = 7
lambda0 = 3.501084296647659
kmpl_prod = 0.180000000000000
 Time :      1.00000
 Time :      2.00000
 Time :      3.01000
 Time :      4.01000
 Time :      5.01000
 Time :      6.01000
 Time :      7.01000
 Time :      8.01000
 Time :      9.01000
 Time :     10.01000
 Time :     11.01000
 Time :     12.01000
 Time :     13.01000
 Time :     14.01000
 Time :     15.01000
 Time :     16.01000
 Time :     17.01000
 Time :     18.00000
 Time :     19.00000
 Time :     20.00000
 Time :     21.00000
 Time :     22.00000
 Time :     23.00000
 Time :     24.00000
 Time :     25.00000
 Time :     26.00000
 Time :     27.00000
 Time :     28.00000
 Time :     29.00000
 Time :     30.00000
 Time :     31.00000
 Time :     32.00000
 Time :     33.00000
 Time :     34.00000
 Time :     35.00000
dtime = 31.65031112730503
mbcr =

 Columns 1 through 4:

   0.142857142857143   0.279155147375405   0.322892984817319   0.208705853425527

 Columns 5 and 6:

   0.202482084036595   0.286802697339212

agsout =

 Columns 1 through 3:

   5.805757013961514e-03   5.805757013961522e-03   5.805757013961515e-03
   5.518608472272584e-04   6.617376160722826e-03   6.617376160722813e-03
   8.980782651747623e-05   6.651657184991367e-03   6.651657184991376e-03
   2.466016449434495e-03   6.134231022525596e-03   6.134231022525601e-03
   2.253022006036783e-03   5.954231748983953e-03   5.954231748983949e-03
   4.732937695284611e-04   6.597199400992260e-03   6.597199400992255e-03

 Columns 4 through 6:

   5.805757013961535e-03   5.805757013961533e-03   5.805757013961519e-03
   6.617376160722795e-03   6.617376160722803e-03   6.617376160722806e-03
   6.651657184991374e-03   6.651657184991402e-03   6.651657184991392e-03
   6.134231022525585e-03   6.134231022525599e-03   6.134231022525599e-03
   5.954231748983956e-03   5.954231748983956e-03   5.954231748983949e-03
   6.597199400992258e-03   6.597199400992240e-03   6.597199400992244e-03

 Column 7:

   5.805757013961519e-03
   6.617376160722804e-03
   6.651657184991393e-03
   6.134231022525599e-03
   5.954231748983949e-03
   6.597199400992246e-03

ans = 2.233387653893175e-21
ans = 3.619535565378911e-21
ans = 1.040303697377315e-20
ans = 3.611056964100242e-21
ans = 1.040262338346688e-20
ans = 3.617674409000667e-21
ans = 2.174451035248772e-22
dkps =

 Columns 1 through 3:

   1.041419956970161e+02   1.326212030531164e+01   3.161700467730271e+01

 Columns 4 through 6:

   4.988635394281098e+01   2.373940772351921e+00   2.399392410455192e+01

nbcr = 10
lambda0 = 3.501084296647659
kmpl_prod = 0.180000000000000
 Time :      1.00000
 Time :      2.00000
 Time :      3.01000
 Time :      4.01000
 Time :      5.01000
 Time :      6.01000
 Time :      7.01000
 Time :      8.01000
 Time :      9.01000
 Time :     10.01000
 Time :     11.01000
 Time :     12.01000
 Time :     13.01000
 Time :     14.01000
 Time :     15.01000
 Time :     16.01000
 Time :     17.01000
 Time :     18.00000
 Time :     19.00000
 Time :     20.00000
 Time :     21.00000
 Time :     22.00000
 Time :     23.00000
 Time :     24.00000
 Time :     25.00000
 Time :     26.00000
 Time :     27.00000
 Time :     28.00000
 Time :     29.00000
 Time :     30.00000
 Time :     31.00000
 Time :     32.00000
 Time :     33.00000
 Time :     34.00000
 Time :     35.00000
dtime = 46.75873853266239
mbcr = 0.100000000000000
agsout =

 Columns 1 through 3:

   5.165803084021687e-03   5.165803084021710e-03   5.165803084021646e-03

 Columns 4 through 6:

   5.165803084021644e-03   5.165803084021664e-03   5.165803084021658e-03

 Columns 7 through 9:

   5.165803084021657e-03   5.165803084021666e-03   5.165803084021665e-03

 Column 10:

   5.165803084021660e-03

ans = -5.775788627151516e-21
ans = -1.210061838588510e-21
ans = -4.606155241001535e-21
ans = 5.546969790204034e-21
ans = -1.214301139227845e-21
ans = 2.169487951573453e-21
ans = -4.611738710136268e-21
ans = 2.169591349150022e-21
ans = -1.216369090759227e-21
ans = -4.619286733225814e-21
nbcr = 10
lambda0 = 3.501084296647659
kmpl_prod = 0.180000000000000
 Time :      1.00000
 Time :      2.00000
 Time :      3.01000
 Time :      4.01000
 Time :      5.01000
 Time :      6.01000
 Time :      7.01000
 Time :      8.01000
 Time :      9.01000
 Time :     10.01000
 Time :     11.01000
 Time :     12.01000
 Time :     13.01000
 Time :     14.01000
 Time :     15.01000
 Time :     16.01000
 Time :     17.01000
 Time :     18.00000
 Time :     19.00000
 Time :     20.00000
 Time :     21.00000
 Time :     22.00000
 Time :     23.00000
 Time :     24.00000
 Time :     25.00000
 Time :     26.00000
 Time :     27.00000
 Time :     28.00000
 Time :     29.00000
 Time :     30.00000
 Time :     31.00000
 Time :     32.00000
 Time :     33.00000
 Time :     34.00000
 Time :     35.00000
dtime = 46.63116931915283
mbcr =

   0.100000000000000   0.150804004023661

agsout =

 Columns 1 through 3:

   5.165803084021687e-03   5.165803084021710e-03   5.165803084021646e-03
   2.063545634332628e-03   5.290160372236814e-03   5.290160372236822e-03

 Columns 4 through 6:

   5.165803084021644e-03   5.165803084021664e-03   5.165803084021658e-03
   5.290160372236816e-03   5.290160372236822e-03   5.290160372236811e-03

 Columns 7 through 9:

   5.165803084021657e-03   5.165803084021666e-03   5.165803084021665e-03
   5.290160372236811e-03   5.290160372236827e-03   5.290160372236827e-03

 Column 10:

   5.165803084021660e-03
   5.290160372236828e-03

ans = -6.289054197240669e-21
ans = 6.402377941160434e-22
ans = 6.525421057277697e-22
ans = 1.081486952124799e-20
ans = 6.544032621060140e-22
ans = 4.036951581988482e-21
ans = 7.428598888609034e-21
ans = 1.081859183400448e-20
ans = 1.082365831525637e-20
ans = 7.432527996518661e-21
nbcr = 10
lambda0 = 3.501084296647659
kmpl_prod = 0.180000000000000
 Time :      1.00000
 Time :      2.00000
 Time :      3.01000
 Time :      4.01000
 Time :      5.01000
 Time :      6.01000
 Time :      7.01000
 Time :      8.01000
 Time :      9.01000
 Time :     10.01000
 Time :     11.01000
 Time :     12.01000
 Time :     13.01000
 Time :     14.01000
 Time :     15.01000
 Time :     16.01000
 Time :     17.01000
 Time :     18.00000
 Time :     19.00000
 Time :     20.00000
 Time :     21.00000
 Time :     22.00000
 Time :     23.00000
 Time :     24.00000
 Time :     25.00000
 Time :     26.00000
 Time :     27.00000
 Time :     28.00000
 Time :     29.00000
 Time :     30.00000
 Time :     31.00000
 Time :     32.00000
 Time :     33.00000
 Time :     34.00000
 Time :     35.00000
dtime = 46.43211588263512
mbcr =

   0.100000000000000   0.150804004023661   0.232043025865036

agsout =

 Columns 1 through 3:

   5.165803084021687e-03   5.165803084021710e-03   5.165803084021646e-03
   2.063545634332628e-03   5.290160372236814e-03   5.290160372236822e-03
   5.133831492397632e-04   5.927909123694540e-03   5.927909123694545e-03

 Columns 4 through 6:

   5.165803084021644e-03   5.165803084021664e-03   5.165803084021658e-03
   5.290160372236816e-03   5.290160372236822e-03   5.290160372236811e-03
   5.927909123694572e-03   5.927909123694520e-03   5.927909123694543e-03

 Columns 7 through 9:

   5.165803084021657e-03   5.165803084021666e-03   5.165803084021665e-03
   5.290160372236811e-03   5.290160372236827e-03   5.290160372236827e-03
   5.927909123694520e-03   5.927909123694522e-03   5.927909123694518e-03

 Column 10:

   5.165803084021660e-03
   5.290160372236828e-03
   5.927909123694518e-03

ans = 5.156643938655575e-21
ans = -3.447275202814743e-22
ans = 3.043404268735727e-21
ans = 6.428227335302716e-21
ans = 3.043611063888865e-21
ans = -3.449343154346125e-22
ans = 3.041336317204345e-21
ans = 6.419335143717771e-21
ans = -3.736788417208303e-21
ans = 3.040095546285515e-21
nbcr = 10
lambda0 = 3.501084296647659
kmpl_prod = 0.180000000000000
 Time :      1.00000
 Time :      2.00000
 Time :      3.01000
 Time :      4.01000
 Time :      5.01000
 Time :      6.01000
 Time :      7.01000
 Time :      8.01000
 Time :      9.01000
 Time :     10.01000
 Time :     11.01000
 Time :     12.01000
 Time :     13.01000
 Time :     14.01000
 Time :     15.01000
 Time :     16.01000
 Time :     17.01000
 Time :     18.00000
 Time :     19.00000
 Time :     20.00000
 Time :     21.00000
 Time :     22.00000
 Time :     23.00000
 Time :     24.00000
 Time :     25.00000
 Time :     26.00000
 Time :     27.00000
 Time :     28.00000
 Time :     29.00000
 Time :     30.00000
 Time :     31.00000
 Time :     32.00000
 Time :     33.00000
 Time :     34.00000
 Time :     35.00000
dtime = 46.24883383512497
mbcr =

   0.100000000000000   0.150804004023661   0.232043025865036   0.227544893706564

agsout =

 Columns 1 through 3:

   5.165803084021687e-03   5.165803084021710e-03   5.165803084021646e-03
   2.063545634332628e-03   5.290160372236814e-03   5.290160372236822e-03
   5.133831492397632e-04   5.927909123694540e-03   5.927909123694545e-03
   5.302109568210804e-04   5.911469436510382e-03   5.911469436510303e-03

 Columns 4 through 6:

   5.165803084021644e-03   5.165803084021664e-03   5.165803084021658e-03
   5.290160372236816e-03   5.290160372236822e-03   5.290160372236811e-03
   5.927909123694572e-03   5.927909123694520e-03   5.927909123694543e-03
   5.911469436510374e-03   5.911469436510393e-03   5.911469436510336e-03

 Columns 7 through 9:

   5.165803084021657e-03   5.165803084021666e-03   5.165803084021665e-03
   5.290160372236811e-03   5.290160372236827e-03   5.290160372236827e-03
   5.927909123694520e-03   5.927909123694522e-03   5.927909123694518e-03
   5.911469436510328e-03   5.911469436510325e-03   5.911469436510327e-03

 Column 10:

   5.165803084021660e-03
   5.290160372236828e-03
   5.927909123694518e-03
   5.911469436510327e-03

ans = 6.303116267654071e-22
ans = 1.820624528229214e-21
ans = 8.587582324372395e-21
ans = 1.813696890599082e-21
ans = 8.575691603066945e-21
ans = 5.201415089310007e-21
ans = -1.578984391787161e-21
ans = 8.588099312255241e-21
ans = -1.578467403904315e-21
ans = 5.185181669788654e-21
nbcr = 10
lambda0 = 3.501084296647659
kmpl_prod = 0.180000000000000
 Time :      1.00000
 Time :      2.00000
 Time :      3.01000
 Time :      4.01000
 Time :      5.01000
 Time :      6.01000
 Time :      7.01000
 Time :      8.01000
 Time :      9.01000
 Time :     10.01000
 Time :     11.01000
 Time :     12.01000
 Time :     13.01000
 Time :     14.01000
 Time :     15.01000
 Time :     16.01000
 Time :     17.01000
 Time :     18.00000
 Time :     19.00000
 Time :     20.00000
 Time :     21.00000
 Time :     22.00000
 Time :     23.00000
 Time :     24.00000
 Time :     25.00000
 Time :     26.00000
 Time :     27.00000
 Time :     28.00000
 Time :     29.00000
 Time :     30.00000
 Time :     31.00000
 Time :     32.00000
 Time :     33.00000
 Time :     34.00000
 Time :     35.00000
dtime = 46.02323658764362
mbcr =

 Columns 1 through 4:

   0.100000000000000   0.150804004023661   0.232043025865036   0.227544893706564

 Column 5:

   0.208931089366728

agsout =

 Columns 1 through 3:

   5.165803084021687e-03   5.165803084021710e-03   5.165803084021646e-03
   2.063545634332628e-03   5.290160372236814e-03   5.290160372236822e-03
   5.133831492397632e-04   5.927909123694540e-03   5.927909123694545e-03
   5.302109568210804e-04   5.911469436510382e-03   5.911469436510303e-03
   7.968197540730801e-04   5.777492395441941e-03   5.777492395442022e-03

 Columns 4 through 6:

   5.165803084021644e-03   5.165803084021664e-03   5.165803084021658e-03
   5.290160372236816e-03   5.290160372236822e-03   5.290160372236811e-03
   5.927909123694572e-03   5.927909123694520e-03   5.927909123694543e-03
   5.911469436510374e-03   5.911469436510393e-03   5.911469436510336e-03
   5.777492395442026e-03   5.777492395442008e-03   5.777492395442015e-03

 Columns 7 through 9:

   5.165803084021657e-03   5.165803084021666e-03   5.165803084021665e-03
   5.290160372236811e-03   5.290160372236827e-03   5.290160372236827e-03
   5.927909123694520e-03   5.927909123694522e-03   5.927909123694518e-03
   5.911469436510328e-03   5.911469436510325e-03   5.911469436510327e-03
   5.777492395442000e-03   5.777492395442010e-03   5.777492395442014e-03

 Column 10:

   5.165803084021660e-03
   5.290160372236828e-03
   5.927909123694518e-03
   5.911469436510327e-03
   5.777492395442009e-03

ans = -2.850464390857733e-21
ans = 1.519634182836481e-21
ans = 1.556133527365383e-21
ans = -1.870668955288672e-21
ans = 1.548688901852406e-21
ans = 1.524493868935230e-21
ans = 4.942197364851202e-21
ans = 4.912935850682139e-21
ans = 4.921414451960807e-21
ans = -1.842958404768146e-21
nbcr = 10
lambda0 = 3.501084296647659
kmpl_prod = 0.180000000000000
 Time :      1.00000
 Time :      2.00000
 Time :      3.01000
 Time :      4.01000
 Time :      5.01000
 Time :      6.01000
 Time :      7.01000
 Time :      8.01000
 Time :      9.01000
 Time :     10.01000
 Time :     11.01000
 Time :     12.01000
 Time :     13.01000
 Time :     14.01000
 Time :     15.01000
 Time :     16.01000
 Time :     17.01000
 Time :     18.00000
 Time :     19.00000
 Time :     20.00000
 Time :     21.00000
 Time :     22.00000
 Time :     23.00000
 Time :     24.00000
 Time :     25.00000
 Time :     26.00000
 Time :     27.00000
 Time :     28.00000
 Time :     29.00000
 Time :     30.00000
 Time :     31.00000
 Time :     32.00000
 Time :     33.00000
 Time :     34.00000
 Time :     35.00000
dtime = 48.08167442679405
mbcr =

 Columns 1 through 4:

   0.100000000000000   0.150804004023661   0.232043025865036   0.227544893706564

 Columns 5 and 6:

   0.208931089366728   0.266084015375212

agsout =

 Columns 1 through 3:

   5.165803084021687e-03   5.165803084021710e-03   5.165803084021646e-03
   2.063545634332628e-03   5.290160372236814e-03   5.290160372236822e-03
   5.133831492397632e-04   5.927909123694540e-03   5.927909123694545e-03
   5.302109568210804e-04   5.911469436510382e-03   5.911469436510303e-03
   7.968197540730801e-04   5.777492395441941e-03   5.777492395442022e-03
   1.970188690414987e-04   6.009957921535672e-03   6.009957921535727e-03

 Columns 4 through 6:

   5.165803084021644e-03   5.165803084021664e-03   5.165803084021658e-03
   5.290160372236816e-03   5.290160372236822e-03   5.290160372236811e-03
   5.927909123694572e-03   5.927909123694520e-03   5.927909123694543e-03
   5.911469436510374e-03   5.911469436510393e-03   5.911469436510336e-03
   5.777492395442026e-03   5.777492395442008e-03   5.777492395442015e-03
   6.009957921535696e-03   6.009957921535661e-03   6.009957921535670e-03

 Columns 7 through 9:

   5.165803084021657e-03   5.165803084021666e-03   5.165803084021665e-03
   5.290160372236811e-03   5.290160372236827e-03   5.290160372236827e-03
   5.927909123694520e-03   5.927909123694522e-03   5.927909123694518e-03
   5.911469436510328e-03   5.911469436510325e-03   5.911469436510327e-03
   5.777492395442000e-03   5.777492395442010e-03   5.777492395442014e-03
   6.009957921535693e-03   6.009957921535682e-03   6.009957921535673e-03

 Column 10:

   5.165803084021660e-03
   5.290160372236828e-03
   5.927909123694518e-03
   5.911469436510327e-03
   5.777492395442009e-03
   6.009957921535674e-03

ans = -7.940933880509066e-22
ans = -1.352440301524200e-22
ans = 3.262193540756003e-21
ans = 6.661905858348947e-21
ans = 6.687755252491229e-21
ans = 1.004672892491594e-20
ans = 3.288870115510838e-21
ans = 3.275014840250575e-21
ans = 3.271706117800363e-21
ans = 1.006058420017620e-20
dkps =

 Columns 1 through 3:

   4.306047241518060e+00   1.504126558872768e+01   2.002890644245395e+00

 Columns 4 through 6:

   9.903181042845756e-01   3.952267608947155e+01   8.950026445340599e-01

nbcr = 15
lambda0 = 3.501084296647659
kmpl_prod = 0.180000000000000
 Time :      1.00000
 Time :      2.00000
 Time :      3.01000
 Time :      4.01000
 Time :      5.01000
 Time :      6.01000
 Time :      7.01000
 Time :      8.01000
 Time :      9.01000
 Time :     10.01000
 Time :     11.01000
 Time :     12.01000
 Time :     13.01000
 Time :     14.01000
 Time :     15.01000
 Time :     16.01000
 Time :     17.01000
 Time :     18.00000
 Time :     19.00000
 Time :     20.00000
 Time :     21.00000
 Time :     22.00000
 Time :     23.00000
 Time :     24.00000
 Time :     25.00000
 Time :     26.00000
 Time :     27.00000
 Time :     28.00000
 Time :     29.00000
 Time :     30.00000
 Time :     31.00000
 Time :     32.00000
 Time :     33.00000
 Time :     34.00000
 Time :     35.00000
dtime = 72.53543436527252
mbcr = 6.666666666666667e-02
agsout =

 Columns 1 through 3:

   4.664289824553062e-03   4.664289824553062e-03   4.664289824553099e-03

 Columns 4 through 6:

   4.664289824553137e-03   4.664289824553130e-03   4.664289824553107e-03

 Columns 7 through 9:

   4.664289824553147e-03   4.664289824553143e-03   4.664289824553102e-03

 Columns 10 through 12:

   4.664289824553108e-03   4.664289824553121e-03   4.664289824553106e-03

 Columns 13 through 15:

   4.664289824553102e-03   4.664289824553101e-03   4.664289824553102e-03

ans = 8.060551951902476e-21
ans = 7.275053487403878e-22
ans = -6.043174760159282e-21
ans = -9.428204621879409e-21
ans = -9.440612331067705e-21
ans = 7.186131571554428e-22
ans = -2.656076946907772e-21
ans = -6.048758229294015e-21
ans = -6.036143724952581e-21
ans = -2.652561429304421e-21
ans = -2.666003114258408e-21
ans = -2.655249766295219e-21
ans = -6.028492304286466e-21
ans = -6.052066951744227e-21
ans = -9.440198740761428e-21
nbcr = 15
lambda0 = 3.501084296647659
kmpl_prod = 0.180000000000000
 Time :      1.00000
 Time :      2.00000
 Time :      3.01000
 Time :      4.01000
 Time :      5.01000
 Time :      6.01000
 Time :      7.01000
 Time :      8.01000
 Time :      9.01000
 Time :     10.01000
 Time :     11.01000
 Time :     12.01000
 Time :     13.01000
 Time :     14.01000
 Time :     15.01000
 Time :     16.01000
 Time :     17.01000
 Time :     18.00000
 Time :     19.00000
 Time :     20.00000
 Time :     21.00000
 Time :     22.00000
 Time :     23.00000
 Time :     24.00000
 Time :     25.00000
 Time :     26.00000
 Time :     27.00000
 Time :     28.00000
 Time :     29.00000
 Time :     30.00000
 Time :     31.00000
 Time :     32.00000
 Time :     33.00000
 Time :     34.00000
 Time :     35.00000
dtime = 73.35003465414047
mbcr =

   6.666666666666667e-02   2.091996760533358e-01

agsout =

 Columns 1 through 3:

   4.664289824553062e-03   4.664289824553062e-03   4.664289824553099e-03
   2.811933755834044e-04   5.576548765175673e-03   5.576548765175651e-03

 Columns 4 through 6:

   4.664289824553137e-03   4.664289824553130e-03   4.664289824553107e-03
   5.576548765175600e-03   5.576548765175658e-03   5.576548765175688e-03

 Columns 7 through 9:

   4.664289824553147e-03   4.664289824553143e-03   4.664289824553102e-03
   5.576548765175629e-03   5.576548765175659e-03   5.576548765175658e-03

 Columns 10 through 12:

   4.664289824553108e-03   4.664289824553121e-03   4.664289824553106e-03
   5.576548765175670e-03   5.576548765175672e-03   5.576548765175658e-03

 Columns 13 through 15:

   4.664289824553102e-03   4.664289824553101e-03   4.664289824553102e-03
   5.576548765175674e-03   5.576548765175655e-03   5.576548765175657e-03

ans = 3.695842976886928e-21
ans = 9.427791031573133e-21
ans = 9.438544379536322e-21
ans = 9.442266692292811e-21
ans = 9.441853101986534e-21
ans = 6.040900013474761e-21
ans = 9.466875315516263e-21
ans = 6.053721312969333e-21
ans = 1.282626257824725e-20
ans = 9.442266692292811e-21
ans = 9.442680282599087e-21
ans = 9.420346406060156e-21
ans = 9.448884137193235e-21
ans = 9.448056956580682e-21
ans = 6.042554374699867e-21
nbcr = 15
lambda0 = 3.501084296647659
kmpl_prod = 0.180000000000000
 Time :      1.00000
 Time :      2.00000
 Time :      3.01000
 Time :      4.01000
 Time :      5.01000
 Time :      6.01000
 Time :      7.01000
 Time :      8.01000
 Time :      9.01000
 Time :     10.01000
 Time :     11.01000
 Time :     12.01000
 Time :     13.01000
 Time :     14.01000
 Time :     15.01000
 Time :     16.01000
 Time :     17.01000
 Time :     18.00000
 Time :     19.00000
 Time :     20.00000
 Time :     21.00000
 Time :     22.00000
 Time :     23.00000
 Time :     24.00000
 Time :     25.00000
 Time :     26.00000
 Time :     27.00000
 Time :     28.00000
 Time :     29.00000
 Time :     30.00000
 Time :     31.00000
 Time :     32.00000
 Time :     33.00000
 Time :     34.00000
 Time :     35.00000
dtime = 71.52790613472462
mbcr =

   6.666666666666667e-02   2.091996760533358e-01   2.157587234515580e-01

agsout =

 Columns 1 through 3:

   4.664289824553062e-03   4.664289824553062e-03   4.664289824553099e-03
   2.811933755834044e-04   5.576548765175673e-03   5.576548765175651e-03
   2.431299299044493e-04   5.520009272369722e-03   5.520009272369658e-03

 Columns 4 through 6:

   4.664289824553137e-03   4.664289824553130e-03   4.664289824553107e-03
   5.576548765175600e-03   5.576548765175658e-03   5.576548765175688e-03
   5.520009272369716e-03   5.520009272369740e-03   5.520009272369668e-03

 Columns 7 through 9:

   4.664289824553147e-03   4.664289824553143e-03   4.664289824553102e-03
   5.576548765175629e-03   5.576548765175659e-03   5.576548765175658e-03
   5.520009272369738e-03   5.520009272369713e-03   5.520009272369694e-03

 Columns 10 through 12:

   4.664289824553108e-03   4.664289824553121e-03   4.664289824553106e-03
   5.576548765175670e-03   5.576548765175672e-03   5.576548765175658e-03
   5.520009272369705e-03   5.520009272369708e-03   5.520009272369709e-03

 Columns 13 through 15:

   4.664289824553102e-03   4.664289824553101e-03   4.664289824553102e-03
   5.576548765175674e-03   5.576548765175655e-03   5.576548765175657e-03
   5.520009272369716e-03   5.520009272369706e-03   5.520009272369703e-03

ans = 3.723967117713731e-21
ans = 2.814688829364815e-21
ans = 6.189792523734306e-21
ans = 1.297329393212855e-20
ans = 9.581026240048581e-21
ans = 6.192480860725103e-21
ans = 6.197237149247283e-21
ans = 6.196823558941007e-21
ans = 9.584334962498793e-21
ans = 2.819238322733857e-21
ans = 6.165183900510854e-21
ans = -5.941224749662121e-22
ans = 6.175730453320905e-21
ans = 2.783462761240938e-21
ans = 6.181727512761914e-21
nbcr = 15
lambda0 = 3.501084296647659
kmpl_prod = 0.180000000000000
 Time :      1.00000
 Time :      2.00000
 Time :      3.01000
 Time :      4.01000
 Time :      5.01000
 Time :      6.01000
 Time :      7.01000
 Time :      8.01000
 Time :      9.01000
 Time :     10.01000
 Time :     11.01000
 Time :     12.01000
 Time :     13.01000
 Time :     14.01000
 Time :     15.01000
 Time :     16.01000
 Time :     17.01000
 Time :     18.00000
 Time :     19.00000
 Time :     20.00000
 Time :     21.00000
 Time :     22.00000
 Time :     23.00000
 Time :     24.00000
 Time :     25.00000
 Time :     26.00000
 Time :     27.00000
 Time :     28.00000
 Time :     29.00000
 Time :     30.00000
 Time :     31.00000
 Time :     32.00000
 Time :     33.00000
 Time :     34.00000
 Time :     35.00000
dtime = 75.55488087236881
mbcr =

 Columns 1 through 3:

   6.666666666666667e-02   2.091996760533358e-01   2.157587234515580e-01

 Column 4:

   2.437411459020929e-01

agsout =

 Columns 1 through 3:

   4.664289824553062e-03   4.664289824553062e-03   4.664289824553099e-03
   2.811933755834044e-04   5.576548765175673e-03   5.576548765175651e-03
   2.431299299044493e-04   5.520009272369722e-03   5.520009272369658e-03
   8.850392652023054e-05   5.574946386124479e-03   5.574946386124515e-03

 Columns 4 through 6:

   4.664289824553137e-03   4.664289824553130e-03   4.664289824553107e-03
   5.576548765175600e-03   5.576548765175658e-03   5.576548765175688e-03
   5.520009272369716e-03   5.520009272369740e-03   5.520009272369668e-03
   5.574946386124485e-03   5.574946386124499e-03   5.574946386124469e-03

 Columns 7 through 9:

   4.664289824553147e-03   4.664289824553143e-03   4.664289824553102e-03
   5.576548765175629e-03   5.576548765175659e-03   5.576548765175658e-03
   5.520009272369738e-03   5.520009272369713e-03   5.520009272369694e-03
   5.574946386124472e-03   5.574946386124482e-03   5.574946386124487e-03

 Columns 10 through 12:

   4.664289824553108e-03   4.664289824553121e-03   4.664289824553106e-03
   5.576548765175670e-03   5.576548765175672e-03   5.576548765175658e-03
   5.520009272369705e-03   5.520009272369708e-03   5.520009272369709e-03
   5.574946386124478e-03   5.574946386124455e-03   5.574946386124480e-03

 Columns 13 through 15:

   4.664289824553102e-03   4.664289824553101e-03   4.664289824553102e-03
   5.576548765175674e-03   5.576548765175655e-03   5.576548765175657e-03
   5.520009272369716e-03   5.520009272369706e-03   5.520009272369703e-03
   5.574946386124488e-03   5.574946386124482e-03   5.574946386124481e-03

ans = 7.755645423297187e-21
ans = -5.803085587365766e-21
ans = -5.832036908805122e-21
ans = -2.409990714673246e-21
ans = -5.821076765688794e-21
ans = -2.426741122077445e-21
ans = -2.430049844527657e-21
ans = -2.429636254221381e-21
ans = -2.431083820293348e-21
ans = -2.443284734328505e-21
ans = 9.760731228125727e-22
ans = -2.397376210331812e-21
ans = -2.430256639680795e-21
ans = -2.429015868761966e-21
ans = -2.444111914941059e-21
nbcr = 15
lambda0 = 3.501084296647659
kmpl_prod = 0.180000000000000
 Time :      1.00000
 Time :      2.00000
 Time :      3.01000
 Time :      4.01000
 Time :      5.01000
 Time :      6.01000
 Time :      7.01000
 Time :      8.01000
 Time :      9.01000
 Time :     10.01000
 Time :     11.01000
 Time :     12.01000
 Time :     13.01000
 Time :     14.01000
 Time :     15.01000
 Time :     16.01000
 Time :     17.01000
 Time :     18.00000
 Time :     19.00000
 Time :     20.00000
 Time :     21.00000
 Time :     22.00000
 Time :     23.00000
 Time :     24.00000
 Time :     25.00000
 Time :     26.00000
 Time :     27.00000
 Time :     28.00000
 Time :     29.00000
 Time :     30.00000
 Time :     31.00000
 Time :     32.00000
 Time :     33.00000
 Time :     34.00000
 Time :     35.00000
dtime = 75.69655179977417
mbcr =

 Columns 1 through 3:

   6.666666666666667e-02   2.091996760533358e-01   2.157587234515580e-01

 Columns 4 and 5:

   2.437411459020929e-01   2.568469588082575e-01

agsout =

 Columns 1 through 3:

   4.664289824553062e-03   4.664289824553062e-03   4.664289824553099e-03
   2.811933755834044e-04   5.576548765175673e-03   5.576548765175651e-03
   2.431299299044493e-04   5.520009272369722e-03   5.520009272369658e-03
   8.850392652023054e-05   5.574946386124479e-03   5.574946386124515e-03
   2.890638417637542e-05   5.586483436456283e-03   5.586483436456347e-03

 Columns 4 through 6:

   4.664289824553137e-03   4.664289824553130e-03   4.664289824553107e-03
   5.576548765175600e-03   5.576548765175658e-03   5.576548765175688e-03
   5.520009272369716e-03   5.520009272369740e-03   5.520009272369668e-03
   5.574946386124485e-03   5.574946386124499e-03   5.574946386124469e-03
   5.586483436456347e-03   5.586483436456366e-03   5.586483436456356e-03

 Columns 7 through 9:

   4.664289824553147e-03   4.664289824553143e-03   4.664289824553102e-03
   5.576548765175629e-03   5.576548765175659e-03   5.576548765175658e-03
   5.520009272369738e-03   5.520009272369713e-03   5.520009272369694e-03
   5.574946386124472e-03   5.574946386124482e-03   5.574946386124487e-03
   5.586483436456329e-03   5.586483436456347e-03   5.586483436456322e-03

 Columns 10 through 12:

   4.664289824553108e-03   4.664289824553121e-03   4.664289824553106e-03
   5.576548765175670e-03   5.576548765175672e-03   5.576548765175658e-03
   5.520009272369705e-03   5.520009272369708e-03   5.520009272369709e-03
   5.574946386124478e-03   5.574946386124455e-03   5.574946386124480e-03
   5.586483436456340e-03   5.586483436456301e-03   5.586483436456318e-03

 Columns 13 through 15:

   4.664289824553102e-03   4.664289824553101e-03   4.664289824553102e-03
   5.576548765175674e-03   5.576548765175655e-03   5.576548765175657e-03
   5.520009272369716e-03   5.520009272369706e-03   5.520009272369703e-03
   5.574946386124488e-03   5.574946386124482e-03   5.574946386124481e-03
   5.586483436456325e-03   5.586483436456327e-03   5.586483436456327e-03

ans = 1.037615360386518e-20
ans = 1.038173707299991e-20
ans = 1.039600593856645e-20
ans = 1.036374589467688e-20
ans = 3.619328770225773e-21
ans = 7.020695449043822e-21
ans = 1.039269721611624e-20
ans = 1.036788179773965e-20
ans = 1.038628656636895e-20
ans = 6.997327596739199e-21
ans = 6.990710151838775e-21
ans = 1.038194386815305e-20
ans = 1.038215066330619e-20
ans = 1.376366500742297e-20
ans = 1.376366500742297e-20
nbcr = 15
lambda0 = 3.501084296647659
kmpl_prod = 0.180000000000000
 Time :      1.00000
 Time :      2.00000
 Time :      3.01000
 Time :      4.01000
 Time :      5.01000
 Time :      6.01000
 Time :      7.01000
 Time :      8.01000
 Time :      9.01000
 Time :     10.01000
 Time :     11.01000
 Time :     12.01000
 Time :     13.01000
 Time :     14.01000
 Time :     15.01000
 Time :     16.01000
 Time :     17.01000
 Time :     18.00000
 Time :     19.00000
 Time :     20.00000
 Time :     21.00000
 Time :     22.00000
 Time :     23.00000
 Time :     24.00000
 Time :     25.00000
 Time :     26.00000
 Time :     27.00000
 Time :     28.00000
 Time :     29.00000
 Time :     30.00000
 Time :     31.00000
 Time :     32.00000
 Time :     33.00000
 Time :     34.00000
 Time :     35.00000
dtime = 67.24578291177750
mbcr =

 Columns 1 through 3:

   6.666666666666667e-02   2.091996760533358e-01   2.157587234515580e-01

 Columns 4 through 6:

   2.437411459020929e-01   2.568469588082575e-01   2.197121067916470e-01

agsout =

 Columns 1 through 3:

   4.664289824553062e-03   4.664289824553062e-03   4.664289824553099e-03
   2.811933755834044e-04   5.576548765175673e-03   5.576548765175651e-03
   2.431299299044493e-04   5.520009272369722e-03   5.520009272369658e-03
   8.850392652023054e-05   5.574946386124479e-03   5.574946386124515e-03
   2.890638417637542e-05   5.586483436456283e-03   5.586483436456347e-03
   2.262013338595544e-04   5.559476273761084e-03   5.559476273761105e-03

 Columns 4 through 6:

   4.664289824553137e-03   4.664289824553130e-03   4.664289824553107e-03
   5.576548765175600e-03   5.576548765175658e-03   5.576548765175688e-03
   5.520009272369716e-03   5.520009272369740e-03   5.520009272369668e-03
   5.574946386124485e-03   5.574946386124499e-03   5.574946386124469e-03
   5.586483436456347e-03   5.586483436456366e-03   5.586483436456356e-03
   5.559476273761178e-03   5.559476273761172e-03   5.559476273761102e-03

 Columns 7 through 9:

   4.664289824553147e-03   4.664289824553143e-03   4.664289824553102e-03
   5.576548765175629e-03   5.576548765175659e-03   5.576548765175658e-03
   5.520009272369738e-03   5.520009272369713e-03   5.520009272369694e-03
   5.574946386124472e-03   5.574946386124482e-03   5.574946386124487e-03
   5.586483436456329e-03   5.586483436456347e-03   5.586483436456322e-03
   5.559476273761169e-03   5.559476273761189e-03   5.559476273761122e-03

 Columns 10 through 12:

   4.664289824553108e-03   4.664289824553121e-03   4.664289824553106e-03
   5.576548765175670e-03   5.576548765175672e-03   5.576548765175658e-03
   5.520009272369705e-03   5.520009272369708e-03   5.520009272369709e-03
   5.574946386124478e-03   5.574946386124455e-03   5.574946386124480e-03
   5.586483436456340e-03   5.586483436456301e-03   5.586483436456318e-03
   5.559476273761162e-03   5.559476273761170e-03   5.559476273761106e-03

 Columns 13 through 15:

   4.664289824553102e-03   4.664289824553101e-03   4.664289824553102e-03
   5.576548765175674e-03   5.576548765175655e-03   5.576548765175657e-03
   5.520009272369716e-03   5.520009272369706e-03   5.520009272369703e-03
   5.574946386124488e-03   5.574946386124482e-03   5.574946386124481e-03
   5.586483436456325e-03   5.586483436456327e-03   5.586483436456327e-03
   5.559476273761141e-03   5.559476273761120e-03   5.559476273761120e-03

ans = 3.474985753335269e-21
ans = 4.957293411030295e-21
ans = -1.809871180266025e-21
ans = -1.847094307830911e-21
ans = 1.555513141905969e-21
ans = -1.799945012915388e-21
ans = 1.579708174823145e-21
ans = -1.792913977708687e-21
ans = -1.803253735365600e-21
ans = 4.976318565119014e-21
ans = 4.993896153135766e-21
ans = 4.942817750310617e-21
ans = 4.947160448526520e-21
ans = -1.831584671345542e-21
ans = -1.811732336644269e-21
