warning: function /home/surgeon/flu/amcode/perelson21/1d2agt/4paper/2submit/run.m shadows a core library function
warning: called from
    driver at line 1 column 1

lambda0 = 3.501084296647659
kmpl_prod = 0.180000000000000
dkps =

 Columns 1 through 3:

   2.193231041269786e+00   3.828884208644009e+01   8.867774271177966e-01

 Columns 4 through 6:

   4.539334135945762e+01   1.237989546759548e+01   6.502421544866481e+00

nbcr = 2
lambda0 = 3.501084296647659
kmpl_prod = 0.180000000000000
 Time :      1.00000
 Time :      2.00000
 Time :      3.01000
 Time :      4.01000
 Time :      5.01000
 Time :      6.01000
 Time :      7.01000
 Time :      8.01000
 Time :      9.01000
 Time :     10.01000
 Time :     11.01000
 Time :     12.01000
 Time :     13.01000
 Time :     14.01000
 Time :     15.01000
 Time :     16.01000
 Time :     17.01000
 Time :     18.00000
 Time :     19.00000
 Time :     20.00000
 Time :     21.00000
 Time :     22.00000
 Time :     23.00000
 Time :     24.00000
 Time :     25.00000
 Time :     26.00000
 Time :     27.00000
 Time :     28.00000
 Time :     29.00000
 Time :     30.00000
 Time :     31.00000
 Time :     32.00000
 Time :     33.00000
 Time :     34.00000
 Time :     35.00000
dtime = 5.063842982053757
mbcr = 0.500000000000000
agsout =

   1.321377885238757e-02   1.321377885238757e-02

ans = -1.796204928700427e-21
ans = 6.174906503882619e-21
nbcr = 2
lambda0 = 3.501084296647659
kmpl_prod = 0.180000000000000
 Time :      1.00000
 Time :      2.00000
 Time :      3.01000
 Time :      4.01000
 Time :      5.01000
 Time :      6.01000
 Time :      7.01000
 Time :      8.01000
 Time :      9.01000
 Time :     10.01000
 Time :     11.01000
 Time :     12.01000
 Time :     13.01000
 Time :     14.01000
 Time :     15.01000
 Time :     16.01000
 Time :     17.01000
 Time :     18.00000
 Time :     19.00000
 Time :     20.00000
 Time :     21.00000
 Time :     22.00000
 Time :     23.00000
 Time :     24.00000
 Time :     25.00000
 Time :     26.00000
 Time :     27.00000
 Time :     28.00000
 Time :     29.00000
 Time :     30.00000
 Time :     31.00000
 Time :     32.00000
 Time :     33.00000
 Time :     34.00000
 Time :     35.00000
dtime = 5.167956277728081
mbcr =

   0.500000000000000   0.534031490777233

agsout =

   1.321377885238757e-02   1.321377885238757e-02
   2.028266444169613e-03   1.313810287490241e-02

ans = 4.368340814892539e-21
ans = 5.626304812000966e-21
nbcr = 2
lambda0 = 3.501084296647659
kmpl_prod = 0.180000000000000
 Time :      1.00000
 Time :      2.00000
 Time :      3.01000
 Time :      4.01000
 Time :      5.01000
 Time :      6.01000
 Time :      7.01000
 Time :      8.01000
 Time :      9.01000
 Time :     10.01000
 Time :     11.01000
 Time :     12.01000
 Time :     13.01000
 Time :     14.01000
 Time :     15.01000
 Time :     16.01000
 Time :     17.01000
 Time :     18.00000
 Time :     19.00000
 Time :     20.00000
 Time :     21.00000
 Time :     22.00000
 Time :     23.00000
 Time :     24.00000
 Time :     25.00000
 Time :     26.00000
 Time :     27.00000
 Time :     28.00000
 Time :     29.00000
 Time :     30.00000
 Time :     31.00000
 Time :     32.00000
 Time :     33.00000
 Time :     34.00000
 Time :     35.00000
dtime = 5.006319656968117
mbcr =

   0.500000000000000   0.534031490777233   0.547005747443574

agsout =

   1.321377885238757e-02   1.321377885238757e-02
   2.028266444169613e-03   1.313810287490241e-02
   3.319949259443257e-03   1.321765988980575e-02

ans = 5.994681296748361e-21
ans = 4.193721695112888e-21
nbcr = 2
lambda0 = 3.501084296647659
kmpl_prod = 0.180000000000000
 Time :      1.00000
 Time :      2.00000
 Time :      3.01000
 Time :      4.01000
 Time :      5.01000
 Time :      6.01000
 Time :      7.01000
 Time :      8.01000
 Time :      9.01000
 Time :     10.01000
 Time :     11.01000
 Time :     12.01000
 Time :     13.01000
 Time :     14.01000
 Time :     15.01000
 Time :     16.01000
 Time :     17.01000
 Time :     18.00000
 Time :     19.00000
 Time :     20.00000
 Time :     21.00000
 Time :     22.00000
 Time :     23.00000
 Time :     24.00000
 Time :     25.00000
 Time :     26.00000
 Time :     27.00000
 Time :     28.00000
 Time :     29.00000
 Time :     30.00000
 Time :     31.00000
 Time :     32.00000
 Time :     33.00000
 Time :     34.00000
 Time :     35.00000
dtime = 5.107827857136726
mbcr =

   0.500000000000000   0.534031490777233   0.547005747443574   0.528123107569659

agsout =

   1.321377885238757e-02   1.321377885238757e-02
   2.028266444169613e-03   1.313810287490241e-02
   3.319949259443257e-03   1.321765988980575e-02
   5.805261150893001e-04   1.299110172610989e-02

ans = 3.044024654195142e-21
ans = 1.535238492727896e-20
nbcr = 2
lambda0 = 3.501084296647659
kmpl_prod = 0.180000000000000
 Time :      1.00000
 Time :      2.00000
 Time :      3.01000
 Time :      4.01000
 Time :      5.01000
 Time :      6.01000
 Time :      7.01000
 Time :      8.01000
 Time :      9.01000
 Time :     10.01000
 Time :     11.01000
 Time :     12.01000
 Time :     13.01000
 Time :     14.01000
 Time :     15.01000
 Time :     16.01000
 Time :     17.01000
 Time :     18.00000
 Time :     19.00000
 Time :     20.00000
 Time :     21.00000
 Time :     22.00000
 Time :     23.00000
 Time :     24.00000
 Time :     25.00000
 Time :     26.00000
 Time :     27.00000
 Time :     28.00000
 Time :     29.00000
 Time :     30.00000
 Time :     31.00000
 Time :     32.00000
 Time :     33.00000
 Time :     34.00000
 Time :     35.00000
dtime = 5.044018104672432
mbcr =

 Columns 1 through 4:

   0.500000000000000   0.534031490777233   0.547005747443574   0.528123107569659

 Column 5:

   0.531738052710151

agsout =

   1.321377885238757e-02   1.321377885238757e-02
   2.028266444169613e-03   1.313810287490241e-02
   3.319949259443257e-03   1.321765988980575e-02
   5.805261150893001e-04   1.299110172610989e-02
   2.300495652617484e-03   1.315084342811213e-02

ans = 8.825810340787667e-21
ans = -4.150701840911595e-21
nbcr = 2
lambda0 = 3.501084296647659
kmpl_prod = 0.180000000000000
 Time :      1.00000
 Time :      2.00000
 Time :      3.01000
 Time :      4.01000
 Time :      5.01000
 Time :      6.01000
 Time :      7.01000
 Time :      8.01000
 Time :      9.01000
 Time :     10.01000
 Time :     11.01000
 Time :     12.01000
 Time :     13.01000
 Time :     14.01000
 Time :     15.01000
 Time :     16.01000
 Time :     17.01000
 Time :     18.00000
 Time :     19.00000
 Time :     20.00000
 Time :     21.00000
 Time :     22.00000
 Time :     23.00000
 Time :     24.00000
 Time :     25.00000
 Time :     26.00000
 Time :     27.00000
 Time :     28.00000
 Time :     29.00000
 Time :     30.00000
 Time :     31.00000
 Time :     32.00000
 Time :     33.00000
 Time :     34.00000
 Time :     35.00000
dtime = 5.068811774253845
mbcr =

 Columns 1 through 4:

   0.500000000000000   0.534031490777233   0.547005747443574   0.528123107569659

 Columns 5 and 6:

   0.531738052710151   0.541798044623556

agsout =

   1.321377885238757e-02   1.321377885238757e-02
   2.028266444169613e-03   1.313810287490241e-02
   3.319949259443257e-03   1.321765988980575e-02
   5.805261150893001e-04   1.299110172610989e-02
   2.300495652617484e-03   1.315084342811213e-02
   2.504029647175283e-03   1.315400888669697e-02

ans = 5.090469489651332e-21
ans = 7.501591115318303e-21
dkps =

 Columns 1 through 3:

   7.091016823765566e-01   3.485384999768763e+00   6.023956891497270e+00

 Columns 4 through 6:

   5.130357906579266e+00   1.174639420898862e+02   2.538003262365765e+00

nbcr = 3
lambda0 = 3.501084296647659
kmpl_prod = 0.180000000000000
 Time :      1.00000
 Time :      2.00000
 Time :      3.01000
 Time :      4.01000
 Time :      5.01000
 Time :      6.01000
 Time :      7.01000
 Time :      8.01000
 Time :      9.01000
 Time :     10.01000
 Time :     11.01000
 Time :     12.01000
 Time :     13.01000
 Time :     14.01000
 Time :     15.01000
 Time :     16.01000
 Time :     17.01000
 Time :     18.00000
 Time :     19.00000
 Time :     20.00000
 Time :     21.00000
 Time :     22.00000
 Time :     23.00000
 Time :     24.00000
 Time :     25.00000
 Time :     26.00000
 Time :     27.00000
 Time :     28.00000
 Time :     29.00000
 Time :     30.00000
 Time :     31.00000
 Time :     32.00000
 Time :     33.00000
 Time :     34.00000
 Time :     35.00000
dtime = 12.33987472951412
mbcr = 0.333333333333333
agsout =

   1.071449975371288e-02   1.071449975371288e-02   1.071449975371288e-02

ans = 9.405109803800414e-21
ans = -6.012116713097330e-22
ans = -5.993505149314887e-22
nbcr = 3
lambda0 = 3.501084296647659
kmpl_prod = 0.180000000000000
 Time :      1.00000
 Time :      2.00000
 Time :      3.01000
 Time :      4.01000
 Time :      5.01000
 Time :      6.01000
 Time :      7.01000
 Time :      8.01000
 Time :      9.01000
 Time :     10.01000
 Time :     11.01000
 Time :     12.01000
 Time :     13.01000
 Time :     14.01000
 Time :     15.01000
 Time :     16.01000
 Time :     17.01000
 Time :     18.00000
 Time :     19.00000
 Time :     20.00000
 Time :     21.00000
 Time :     22.00000
 Time :     23.00000
 Time :     24.00000
 Time :     25.00000
 Time :     26.00000
 Time :     27.00000
 Time :     28.00000
 Time :     29.00000
 Time :     30.00000
 Time :     31.00000
 Time :     32.00000
 Time :     33.00000
 Time :     34.00000
 Time :     35.00000
dtime = 11.90616153180599
mbcr =

   0.333333333333333   0.370716479659356

agsout =

   1.071449975371288e-02   1.071449975371288e-02   1.071449975371288e-02
   6.199750175682764e-04   1.062904505329083e-02   1.062904505329083e-02

ans = -4.248399626072350e-21
ans = -7.240402374556149e-21
ans = -3.851585576594177e-21
nbcr = 3
lambda0 = 3.501084296647659
kmpl_prod = 0.180000000000000
 Time :      1.00000
 Time :      2.00000
 Time :      3.01000
 Time :      4.01000
 Time :      5.01000
 Time :      6.01000
 Time :      7.01000
 Time :      8.01000
 Time :      9.01000
 Time :     10.01000
 Time :     11.01000
 Time :     12.01000
 Time :     13.01000
 Time :     14.01000
 Time :     15.01000
 Time :     16.01000
 Time :     17.01000
 Time :     18.00000
 Time :     19.00000
 Time :     20.00000
 Time :     21.00000
 Time :     22.00000
 Time :     23.00000
 Time :     24.00000
 Time :     25.00000
 Time :     26.00000
 Time :     27.00000
 Time :     28.00000
 Time :     29.00000
 Time :     30.00000
 Time :     31.00000
 Time :     32.00000
 Time :     33.00000
 Time :     34.00000
 Time :     35.00000
dtime = 12.57321685552597
mbcr =

   0.333333333333333   0.370716479659356   0.372244150146271

agsout =

   1.071449975371288e-02   1.071449975371288e-02   1.071449975371288e-02
   6.199750175682764e-04   1.062904505329083e-02   1.062904505329083e-02
   4.061426013260431e-04   1.057817607399302e-02   1.057817607399302e-02

ans = 8.629148150153185e-21
ans = -1.113520813815622e-21
ans = -4.501458732376756e-21
nbcr = 3
lambda0 = 3.501084296647659
kmpl_prod = 0.180000000000000
 Time :      1.00000
 Time :      2.00000
 Time :      3.01000
 Time :      4.01000
 Time :      5.01000
 Time :      6.01000
 Time :      7.01000
 Time :      8.01000
 Time :      9.01000
 Time :     10.01000
 Time :     11.01000
 Time :     12.01000
 Time :     13.01000
 Time :     14.01000
 Time :     15.01000
 Time :     16.01000
 Time :     17.01000
 Time :     18.00000
 Time :     19.00000
 Time :     20.00000
 Time :     21.00000
 Time :     22.00000
 Time :     23.00000
 Time :     24.00000
 Time :     25.00000
 Time :     26.00000
 Time :     27.00000
 Time :     28.00000
 Time :     29.00000
 Time :     30.00000
 Time :     31.00000
 Time :     32.00000
 Time :     33.00000
 Time :     34.00000
 Time :     35.00000
dtime = 12.47472614049911
mbcr =

   0.333333333333333   0.370716479659356   0.372244150146271   0.366530805472468

agsout =

   1.071449975371288e-02   1.071449975371288e-02   1.071449975371288e-02
   6.199750175682764e-04   1.062904505329083e-02   1.062904505329083e-02
   4.061426013260431e-04   1.057817607399302e-02   1.057817607399302e-02
   4.402154446281285e-04   1.058716332894192e-02   1.058716332894192e-02

ans = 6.882142696441190e-21
ans = -3.691442117534204e-21
ans = -3.691539052762238e-21
nbcr = 3
lambda0 = 3.501084296647659
kmpl_prod = 0.180000000000000
 Time :      1.00000
 Time :      2.00000
 Time :      3.01000
 Time :      4.01000
 Time :      5.01000
 Time :      6.01000
 Time :      7.01000
 Time :      8.01000
 Time :      9.01000
 Time :     10.01000
 Time :     11.01000
 Time :     12.01000
 Time :     13.01000
 Time :     14.01000
 Time :     15.01000
 Time :     16.01000
 Time :     17.01000
 Time :     18.00000
 Time :     19.00000
 Time :     20.00000
 Time :     21.00000
 Time :     22.00000
 Time :     23.00000
 Time :     24.00000
 Time :     25.00000
 Time :     26.00000
 Time :     27.00000
 Time :     28.00000
 Time :     29.00000
 Time :     30.00000
 Time :     31.00000
 Time :     32.00000
 Time :     33.00000
 Time :     34.00000
 Time :     35.00000
dtime = 12.26125918328762
mbcr =

 Columns 1 through 4:

   0.333333333333333   0.370716479659356   0.372244150146271   0.366530805472468

 Column 5:

   0.365067712463729

agsout =

   1.071449975371288e-02   1.071449975371288e-02   1.071449975371288e-02
   6.199750175682764e-04   1.062904505329083e-02   1.062904505329083e-02
   4.061426013260431e-04   1.057817607399302e-02   1.057817607399302e-02
   4.402154446281285e-04   1.058716332894192e-02   1.058716332894192e-02
   5.294378865262485e-04   1.058204110924735e-02   1.058204110924735e-02

ans = 6.723324018831009e-21
ans = 4.813667714827240e-21
ans = 4.814197627407157e-21
nbcr = 3
lambda0 = 3.501084296647659
kmpl_prod = 0.180000000000000
 Time :      1.00000
 Time :      2.00000
 Time :      3.01000
 Time :      4.01000
 Time :      5.01000
 Time :      6.01000
 Time :      7.01000
 Time :      8.01000
 Time :      9.01000
 Time :     10.01000
 Time :     11.01000
 Time :     12.01000
 Time :     13.01000
 Time :     14.01000
 Time :     15.01000
 Time :     16.01000
 Time :     17.01000
 Time :     18.00000
 Time :     19.00000
 Time :     20.00000
 Time :     21.00000
 Time :     22.00000
 Time :     23.00000
 Time :     24.00000
 Time :     25.00000
 Time :     26.00000
 Time :     27.00000
 Time :     28.00000
 Time :     29.00000
 Time :     30.00000
 Time :     31.00000
 Time :     32.00000
 Time :     33.00000
 Time :     34.00000
 Time :     35.00000
dtime = 11.86149269342422
mbcr =

 Columns 1 through 4:

   0.333333333333333   0.370716479659356   0.372244150146271   0.366530805472468

 Columns 5 and 6:

   0.365067712463729   0.369532665864052

agsout =

   1.071449975371288e-02   1.071449975371288e-02   1.071449975371288e-02
   6.199750175682764e-04   1.062904505329083e-02   1.062904505329083e-02
   4.061426013260431e-04   1.057817607399302e-02   1.057817607399302e-02
   4.402154446281285e-04   1.058716332894192e-02   1.058716332894192e-02
   5.294378865262485e-04   1.058204110924735e-02   1.058204110924735e-02
   3.040613738331889e-03   1.075942894978964e-02   1.075942894978964e-02

ans = -3.425561711735226e-22
ans = 4.888120432305548e-21
ans = -1.888950939295801e-21
dkps =

 Columns 1 through 3:

   5.226726276982553e+00   3.959842337077024e-01   1.495676687832233e+01

 Columns 4 through 6:

   3.340178821955340e+00   2.120690559521851e+01   4.750309721096706e+00

nbcr = 4
lambda0 = 3.501084296647659
kmpl_prod = 0.180000000000000
 Time :      1.00000
 Time :      2.00000
 Time :      3.01000
 Time :      4.01000
 Time :      5.01000
 Time :      6.01000
 Time :      7.01000
 Time :      8.01000
 Time :      9.01000
 Time :     10.01000
 Time :     11.01000
 Time :     12.01000
 Time :     13.01000
 Time :     14.01000
 Time :     15.01000
 Time :     16.01000
 Time :     17.01000
 Time :     18.00000
 Time :     19.00000
 Time :     20.00000
 Time :     21.00000
 Time :     22.00000
 Time :     23.00000
 Time :     24.00000
 Time :     25.00000
 Time :     26.00000
 Time :     27.00000
 Time :     28.00000
 Time :     29.00000
 Time :     30.00000
 Time :     31.00000
 Time :     32.00000
 Time :     33.00000
 Time :     34.00000
 Time :     35.00000
dtime = 17.93607249855995
mbcr = 0.250000000000000
agsout =

 Columns 1 through 3:

   9.250531836489721e-03   9.250531836489724e-03   9.250531836489724e-03

 Column 4:

   9.250531836489722e-03

ans = 4.000878752462928e-21
ans = 3.362915705031405e-21
ans = 3.363600713976176e-21
ans = -2.520315928872506e-23
nbcr = 4
lambda0 = 3.501084296647659
kmpl_prod = 0.180000000000000
 Time :      1.00000
 Time :      2.00000
 Time :      3.01000
 Time :      4.01000
 Time :      5.01000
 Time :      6.01000
 Time :      7.01000
 Time :      8.01000
 Time :      9.01000
 Time :     10.01000
 Time :     11.01000
 Time :     12.01000
 Time :     13.01000
 Time :     14.01000
 Time :     15.01000
 Time :     16.01000
 Time :     17.01000
 Time :     18.00000
 Time :     19.00000
 Time :     20.00000
 Time :     21.00000
 Time :     22.00000
 Time :     23.00000
 Time :     24.00000
 Time :     25.00000
 Time :     26.00000
 Time :     27.00000
 Time :     28.00000
 Time :     29.00000
 Time :     30.00000
 Time :     31.00000
 Time :     32.00000
 Time :     33.00000
 Time :     34.00000
 Time :     35.00000
dtime = 17.97271482646465
mbcr =

   0.250000000000000   0.288901222224369

agsout =

 Columns 1 through 3:

   9.250531836489721e-03   9.250531836489724e-03   9.250531836489724e-03
   1.487518972038223e-03   9.279464256282805e-03   9.279464256282809e-03

 Column 4:

   9.250531836489722e-03
   9.279464256282809e-03

ans = 1.117024699191609e-20
ans = 1.126234838324504e-20
ans = 7.873596208768421e-21
ans = 1.803889630461500e-20
nbcr = 4
lambda0 = 3.501084296647659
kmpl_prod = 0.180000000000000
 Time :      1.00000
 Time :      2.00000
 Time :      3.01000
 Time :      4.01000
 Time :      5.01000
 Time :      6.01000
 Time :      7.01000
 Time :      8.01000
 Time :      9.01000
 Time :     10.01000
 Time :     11.01000
 Time :     12.01000
 Time :     13.01000
 Time :     14.01000
 Time :     15.01000
 Time :     16.01000
 Time :     17.01000
 Time :     18.00000
 Time :     19.00000
 Time :     20.00000
 Time :     21.00000
 Time :     22.00000
 Time :     23.00000
 Time :     24.00000
 Time :     25.00000
 Time :     26.00000
 Time :     27.00000
 Time :     28.00000
 Time :     29.00000
 Time :     30.00000
 Time :     31.00000
 Time :     32.00000
 Time :     33.00000
 Time :     34.00000
 Time :     35.00000
dtime = 18.65863949060440
mbcr =

   0.250000000000000   0.288901222224369   0.289232458721488

agsout =

 Columns 1 through 3:

   9.250531836489721e-03   9.250531836489724e-03   9.250531836489724e-03
   1.487518972038223e-03   9.279464256282805e-03   9.279464256282809e-03
   1.462465116374071e-04   9.102553147329023e-03   9.102553147329025e-03

 Column 4:

   9.250531836489722e-03
   9.279464256282809e-03
   9.102553147329023e-03

ans = -4.235164736271502e-22
ans = 2.564182350731959e-21
ans = 2.564182350731959e-21
ans = 2.562864031630703e-21
nbcr = 4
lambda0 = 3.501084296647659
kmpl_prod = 0.180000000000000
 Time :      1.00000
 Time :      2.00000
 Time :      3.01000
 Time :      4.01000
 Time :      5.01000
 Time :      6.01000
 Time :      7.01000
 Time :      8.01000
 Time :      9.01000
 Time :     10.01000
 Time :     11.01000
 Time :     12.01000
 Time :     13.01000
 Time :     14.01000
 Time :     15.01000
 Time :     16.01000
 Time :     17.01000
 Time :     18.00000
 Time :     19.00000
 Time :     20.00000
 Time :     21.00000
 Time :     22.00000
 Time :     23.00000
 Time :     24.00000
 Time :     25.00000
 Time :     26.00000
 Time :     27.00000
 Time :     28.00000
 Time :     29.00000
 Time :     30.00000
 Time :     31.00000
 Time :     32.00000
 Time :     33.00000
 Time :     34.00000
 Time :     35.00000
dtime = 18.19397695362568
mbcr =

   0.250000000000000   0.288901222224369   0.289232458721488   0.281539438925907

agsout =

 Columns 1 through 3:

   9.250531836489721e-03   9.250531836489724e-03   9.250531836489724e-03
   1.487518972038223e-03   9.279464256282805e-03   9.279464256282809e-03
   1.462465116374071e-04   9.102553147329023e-03   9.102553147329025e-03
   4.175116046853691e-04   9.167545834186015e-03   9.167545834186015e-03

 Column 4:

   9.250531836489722e-03
   9.279464256282809e-03
   9.102553147329023e-03
   9.167545834186013e-03

ans = 5.356821646893407e-21
ans = 3.199599232840467e-21
ans = 6.585753543205784e-21
ans = 6.587046012912898e-21
nbcr = 4
lambda0 = 3.501084296647659
kmpl_prod = 0.180000000000000
 Time :      1.00000
 Time :      2.00000
 Time :      3.01000
 Time :      4.01000
 Time :      5.01000
 Time :      6.01000
 Time :      7.01000
 Time :      8.01000
 Time :      9.01000
 Time :     10.01000
 Time :     11.01000
 Time :     12.01000
 Time :     13.01000
 Time :     14.01000
 Time :     15.01000
 Time :     16.01000
 Time :     17.01000
 Time :     18.00000
 Time :     19.00000
 Time :     20.00000
 Time :     21.00000
 Time :     22.00000
 Time :     23.00000
 Time :     24.00000
 Time :     25.00000
 Time :     26.00000
 Time :     27.00000
 Time :     28.00000
 Time :     29.00000
 Time :     30.00000
 Time :     31.00000
 Time :     32.00000
 Time :     33.00000
 Time :     34.00000
 Time :     35.00000
dtime = 18.68174336850643
mbcr =

 Columns 1 through 4:

   0.250000000000000   0.288901222224369   0.289232458721488   0.281539438925907

 Column 5:

   0.285815013823847

agsout =

 Columns 1 through 3:

   9.250531836489721e-03   9.250531836489724e-03   9.250531836489724e-03
   1.487518972038223e-03   9.279464256282805e-03   9.279464256282809e-03
   1.462465116374071e-04   9.102553147329023e-03   9.102553147329025e-03
   4.175116046853691e-04   9.167545834186015e-03   9.167545834186015e-03
   3.868089910016713e-04   9.140549302936401e-03   9.140549302936399e-03

 Column 4:

   9.250531836489722e-03
   9.279464256282809e-03
   9.102553147329023e-03
   9.167545834186013e-03
   9.140549302936401e-03

ans = 5.664532834763134e-21
ans = 1.063515160847377e-20
ans = 3.856509886178282e-21
ans = 7.245300834746112e-21
nbcr = 4
lambda0 = 3.501084296647659
kmpl_prod = 0.180000000000000
 Time :      1.00000
 Time :      2.00000
 Time :      3.01000
 Time :      4.01000
 Time :      5.01000
 Time :      6.01000
 Time :      7.01000
 Time :      8.01000
 Time :      9.01000
 Time :     10.01000
 Time :     11.01000
 Time :     12.01000
 Time :     13.01000
 Time :     14.01000
 Time :     15.01000
 Time :     16.01000
 Time :     17.01000
 Time :     18.00000
 Time :     19.00000
 Time :     20.00000
 Time :     21.00000
 Time :     22.00000
 Time :     23.00000
 Time :     24.00000
 Time :     25.00000
 Time :     26.00000
 Time :     27.00000
 Time :     28.00000
 Time :     29.00000
 Time :     30.00000
 Time :     31.00000
 Time :     32.00000
 Time :     33.00000
 Time :     34.00000
 Time :     35.00000
dtime = 18.05705353617668
mbcr =

 Columns 1 through 4:

   0.250000000000000   0.288901222224369   0.289232458721488   0.281539438925907

 Columns 5 and 6:

   0.285815013823847   0.285682980479891

agsout =

 Columns 1 through 3:

   9.250531836489721e-03   9.250531836489724e-03   9.250531836489724e-03
   1.487518972038223e-03   9.279464256282805e-03   9.279464256282809e-03
   1.462465116374071e-04   9.102553147329023e-03   9.102553147329025e-03
   4.175116046853691e-04   9.167545834186015e-03   9.167545834186015e-03
   3.868089910016713e-04   9.140549302936401e-03   9.140549302936399e-03
   8.321202803155262e-04   9.229401101746115e-03   9.229401101746118e-03

 Column 4:

   9.250531836489722e-03
   9.279464256282809e-03
   9.102553147329023e-03
   9.167545834186013e-03
   9.140549302936401e-03
   9.229401101746117e-03

ans = 7.778806480448672e-21
ans = 9.702570091305592e-23
ans = 3.485222113415613e-21
ans = 9.595295105615121e-23
dkps =

 Columns 1 through 3:

   1.396172552982194e+01   4.507884082059926e+01   2.778065167906568e+00

 Columns 4 through 6:

   3.390422330852362e+00   3.571720091235987e+01   4.303761731940756e+02

nbcr = 5
lambda0 = 3.501084296647659
kmpl_prod = 0.180000000000000
 Time :      1.00000
 Time :      2.00000
 Time :      3.01000
 Time :      4.01000
 Time :      5.01000
 Time :      6.01000
 Time :      7.01000
 Time :      8.01000
 Time :      9.01000
 Time :     10.01000
 Time :     11.01000
 Time :     12.01000
 Time :     13.01000
 Time :     14.01000
 Time :     15.01000
 Time :     16.01000
 Time :     17.01000
 Time :     18.00000
 Time :     19.00000
 Time :     20.00000
 Time :     21.00000
 Time :     22.00000
 Time :     23.00000
 Time :     24.00000
 Time :     25.00000
 Time :     26.00000
 Time :     27.00000
 Time :     28.00000
 Time :     29.00000
 Time :     30.00000
 Time :     31.00000
 Time :     32.00000
 Time :     33.00000
 Time :     34.00000
 Time :     35.00000
dtime = 23.00649359822273
mbcr = 0.200000000000000
agsout =

 Columns 1 through 3:

   8.291247961309936e-03   8.291247961309929e-03   8.291247961309929e-03

 Columns 4 and 5:

   8.291247961309931e-03   8.291247961309931e-03

ans = 8.457844215172281e-21
ans = 9.887212313663913e-21
ans = 9.887212313663913e-21
ans = -2.772089027818334e-22
ans = 3.110948735629510e-21
nbcr = 5
lambda0 = 3.501084296647659
kmpl_prod = 0.180000000000000
 Time :      1.00000
 Time :      2.00000
 Time :      3.01000
 Time :      4.01000
 Time :      5.01000
 Time :      6.01000
 Time :      7.01000
 Time :      8.01000
 Time :      9.01000
 Time :     10.01000
 Time :     11.01000
 Time :     12.01000
 Time :     13.01000
 Time :     14.01000
 Time :     15.01000
 Time :     16.01000
 Time :     17.01000
 Time :     18.00000
 Time :     19.00000
 Time :     20.00000
 Time :     21.00000
 Time :     22.00000
 Time :     23.00000
 Time :     24.00000
 Time :     25.00000
 Time :     26.00000
 Time :     27.00000
 Time :     28.00000
 Time :     29.00000
 Time :     30.00000
 Time :     31.00000
 Time :     32.00000
 Time :     33.00000
 Time :     34.00000
 Time :     35.00000
dtime = 22.96617999672890
mbcr =

   0.200000000000000   0.239056962466736

agsout =

 Columns 1 through 3:

   8.291247961309936e-03   8.291247961309929e-03   8.291247961309929e-03
   1.853212996246080e-03   8.356281334476917e-03   8.356281334476917e-03

 Columns 4 and 5:

   8.291247961309931e-03   8.291247961309931e-03
   8.356281334476913e-03   8.356281334476915e-03

ans = 6.210472039048132e-21
ans = 1.683493492304407e-21
ans = -1.704638296712794e-21
ans = 1.683519341698550e-21
ans = -1.704664146106936e-21
nbcr = 5
lambda0 = 3.501084296647659
kmpl_prod = 0.180000000000000
 Time :      1.00000
 Time :      2.00000
 Time :      3.01000
 Time :      4.01000
 Time :      5.01000
 Time :      6.01000
 Time :      7.01000
 Time :      8.01000
 Time :      9.01000
 Time :     10.01000
 Time :     11.01000
 Time :     12.01000
 Time :     13.01000
 Time :     14.01000
 Time :     15.01000
 Time :     16.01000
 Time :     17.01000
 Time :     18.00000
 Time :     19.00000
 Time :     20.00000
 Time :     21.00000
 Time :     22.00000
 Time :     23.00000
 Time :     24.00000
 Time :     25.00000
 Time :     26.00000
 Time :     27.00000
 Time :     28.00000
 Time :     29.00000
 Time :     30.00000
 Time :     31.00000
 Time :     32.00000
 Time :     33.00000
 Time :     34.00000
 Time :     35.00000
dtime = 22.85921014845371
mbcr =

   0.200000000000000   0.239056962466736   0.239102300367315

agsout =

 Columns 1 through 3:

   8.291247961309936e-03   8.291247961309929e-03   8.291247961309929e-03
   1.853212996246080e-03   8.356281334476917e-03   8.356281334476917e-03
   1.945558355142449e-03   8.367463810758865e-03   8.367463810758868e-03

 Columns 4 and 5:

   8.291247961309931e-03   8.291247961309931e-03
   8.356281334476913e-03   8.356281334476915e-03
   8.367463810758865e-03   8.367463810758860e-03

ans = -7.266781681278348e-22
ans = 1.399853260259974e-20
ans = 1.060952193418170e-20
ans = 1.060729888628547e-20
ans = 1.061171913268380e-20
nbcr = 5
lambda0 = 3.501084296647659
kmpl_prod = 0.180000000000000
 Time :      1.00000
 Time :      2.00000
 Time :      3.01000
 Time :      4.01000
 Time :      5.01000
 Time :      6.01000
 Time :      7.01000
 Time :      8.01000
 Time :      9.01000
 Time :     10.01000
 Time :     11.01000
 Time :     12.01000
 Time :     13.01000
 Time :     14.01000
 Time :     15.01000
 Time :     16.01000
 Time :     17.01000
 Time :     18.00000
 Time :     19.00000
 Time :     20.00000
 Time :     21.00000
 Time :     22.00000
 Time :     23.00000
 Time :     24.00000
 Time :     25.00000
 Time :     26.00000
 Time :     27.00000
 Time :     28.00000
 Time :     29.00000
 Time :     30.00000
 Time :     31.00000
 Time :     32.00000
 Time :     33.00000
 Time :     34.00000
 Time :     35.00000
dtime = 23.04784320294857
mbcr =

   0.200000000000000   0.239056962466736   0.239102300367315   0.243159889476273

agsout =

 Columns 1 through 3:

   8.291247961309936e-03   8.291247961309929e-03   8.291247961309929e-03
   1.853212996246080e-03   8.356281334476917e-03   8.356281334476917e-03
   1.945558355142449e-03   8.367463810758865e-03   8.367463810758868e-03
   4.868065231310733e-04   8.258199608770665e-03   8.258199608770663e-03

 Columns 4 and 5:

   8.291247961309931e-03   8.291247961309931e-03
   8.356281334476913e-03   8.356281334476915e-03
   8.367463810758865e-03   8.367463810758860e-03
   8.258199608770665e-03   8.258199608770667e-03

ans = 1.866119461919630e-21
ans = -4.451162273724411e-21
ans = 2.323834683997020e-21
ans = 2.323860533391162e-21
ans = 5.710596455124680e-21
nbcr = 5
lambda0 = 3.501084296647659
kmpl_prod = 0.180000000000000
 Time :      1.00000
 Time :      2.00000
 Time :      3.01000
 Time :      4.01000
 Time :      5.01000
 Time :      6.01000
 Time :      7.01000
 Time :      8.01000
 Time :      9.01000
 Time :     10.01000
 Time :     11.01000
 Time :     12.01000
 Time :     13.01000
 Time :     14.01000
 Time :     15.01000
 Time :     16.01000
 Time :     17.01000
 Time :     18.00000
 Time :     19.00000
 Time :     20.00000
 Time :     21.00000
 Time :     22.00000
 Time :     23.00000
 Time :     24.00000
 Time :     25.00000
 Time :     26.00000
 Time :     27.00000
 Time :     28.00000
 Time :     29.00000
 Time :     30.00000
 Time :     31.00000
 Time :     32.00000
 Time :     33.00000
 Time :     34.00000
 Time :     35.00000
dtime = 23.47420379519463
mbcr =

 Columns 1 through 4:

   0.200000000000000   0.239056962466736   0.239102300367315   0.243159889476273

 Column 5:

   0.243341536796516

agsout =

 Columns 1 through 3:

   8.291247961309936e-03   8.291247961309929e-03   8.291247961309929e-03
   1.853212996246080e-03   8.356281334476917e-03   8.356281334476917e-03
   1.945558355142449e-03   8.367463810758865e-03   8.367463810758868e-03
   4.868065231310733e-04   8.258199608770665e-03   8.258199608770663e-03
   2.293022479151098e-04   8.215820455372849e-03   8.215820455372853e-03

 Columns 4 and 5:

   8.291247961309931e-03   8.291247961309931e-03
   8.356281334476913e-03   8.356281334476915e-03
   8.367463810758865e-03   8.367463810758860e-03
   8.258199608770665e-03   8.258199608770667e-03
   8.215820455372853e-03   8.215820455372853e-03

ans = 2.752857078576476e-21
ans = -1.851798897564806e-21
ans = 1.535066271139423e-21
ans = -1.853892698490331e-21
ans = 1.537211770853233e-21
nbcr = 5
lambda0 = 3.501084296647659
kmpl_prod = 0.180000000000000
 Time :      1.00000
 Time :      2.00000
 Time :      3.01000
 Time :      4.01000
 Time :      5.01000
 Time :      6.01000
 Time :      7.01000
 Time :      8.01000
 Time :      9.01000
 Time :     10.01000
 Time :     11.01000
 Time :     12.01000
 Time :     13.01000
 Time :     14.01000
 Time :     15.01000
 Time :     16.01000
 Time :     17.01000
 Time :     18.00000
 Time :     19.00000
 Time :     20.00000
 Time :     21.00000
 Time :     22.00000
 Time :     23.00000
 Time :     24.00000
 Time :     25.00000
 Time :     26.00000
 Time :     27.00000
 Time :     28.00000
 Time :     29.00000
 Time :     30.00000
 Time :     31.00000
 Time :     32.00000
 Time :     33.00000
 Time :     34.00000
 Time :     35.00000
dtime = 22.98581376671791
mbcr =

 Columns 1 through 4:

   0.200000000000000   0.239056962466736   0.239102300367315   0.243159889476273

 Columns 5 and 6:

   0.243341536796516   0.236313872309282

agsout =

 Columns 1 through 3:

   8.291247961309936e-03   8.291247961309929e-03   8.291247961309929e-03
   1.853212996246080e-03   8.356281334476917e-03   8.356281334476917e-03
   1.945558355142449e-03   8.367463810758865e-03   8.367463810758868e-03
   4.868065231310733e-04   8.258199608770665e-03   8.258199608770663e-03
   2.293022479151098e-04   8.215820455372849e-03   8.215820455372853e-03
   7.858467568817434e-04   8.289627311250122e-03   8.289627311250127e-03

 Columns 4 and 5:

   8.291247961309931e-03   8.291247961309931e-03
   8.356281334476913e-03   8.356281334476915e-03
   8.367463810758865e-03   8.367463810758860e-03
   8.258199608770665e-03   8.258199608770667e-03
   8.215820455372853e-03   8.215820455372853e-03
   8.289627311250122e-03   8.289627311250122e-03

ans = 5.767103230719709e-21
ans = -4.743260427532199e-21
ans = -1.355128638514998e-21
ans = -1.354740897602863e-21
ans = -4.742898536014207e-21
dkps =

 Columns 1 through 3:

   8.854084254090834e+00   3.481355880457078e+00   2.626640283598513e+01

 Columns 4 through 6:

   9.902927794893007e+00   1.334891564695054e+01   4.212554656027923e+00

nbcr = 7
lambda0 = 3.501084296647659
kmpl_prod = 0.180000000000000
 Time :      1.00000
 Time :      2.00000
 Time :      3.01000
 Time :      4.01000
 Time :      5.01000
 Time :      6.01000
 Time :      7.01000
 Time :      8.01000
 Time :      9.01000
 Time :     10.01000
 Time :     11.01000
 Time :     12.01000
 Time :     13.01000
 Time :     14.01000
 Time :     15.01000
 Time :     16.01000
 Time :     17.01000
 Time :     18.00000
 Time :     19.00000
 Time :     20.00000
 Time :     21.00000
 Time :     22.00000
 Time :     23.00000
 Time :     24.00000
 Time :     25.00000
 Time :     26.00000
 Time :     27.00000
 Time :     28.00000
 Time :     29.00000
 Time :     30.00000
 Time :     31.00000
 Time :     32.00000
 Time :     33.00000
 Time :     34.00000
 Time :     35.00000
dtime = 32.26830214262009
mbcr = 0.142857142857143
agsout =

 Columns 1 through 3:

   7.111159764089462e-03   7.111159764089466e-03   7.111159764089465e-03

 Columns 4 through 6:

   7.111159764089462e-03   7.111159764089463e-03   7.111159764089464e-03

 Column 7:

   7.111159764089462e-03

ans = -7.816834170406237e-21
ans = 1.101579686191595e-20
ans = 4.243953530279878e-21
ans = 4.239119693575271e-21
ans = 4.239533283881547e-21
ans = 7.627716771687033e-21
ans = 4.241730482383641e-21
nbcr = 7
lambda0 = 3.501084296647659
kmpl_prod = 0.180000000000000
 Time :      1.00000
 Time :      2.00000
 Time :      3.01000
 Time :      4.01000
 Time :      5.01000
 Time :      6.01000
 Time :      7.01000
 Time :      8.01000
 Time :      9.01000
 Time :     10.01000
 Time :     11.01000
 Time :     12.01000
 Time :     13.01000
 Time :     14.01000
 Time :     15.01000
 Time :     16.01000
 Time :     17.01000
 Time :     18.00000
 Time :     19.00000
 Time :     20.00000
 Time :     21.00000
 Time :     22.00000
 Time :     23.00000
 Time :     24.00000
 Time :     25.00000
 Time :     26.00000
 Time :     27.00000
 Time :     28.00000
 Time :     29.00000
 Time :     30.00000
 Time :     31.00000
 Time :     32.00000
 Time :     33.00000
 Time :     34.00000
 Time :     35.00000
dtime = 32.45577849447727
mbcr =

   0.142857142857143   0.179966046857426

agsout =

 Columns 1 through 3:

   7.111159764089462e-03   7.111159764089466e-03   7.111159764089465e-03
   1.124074117378065e-03   7.166990714183785e-03   7.166990714183787e-03

 Columns 4 through 6:

   7.111159764089462e-03   7.111159764089463e-03   7.111159764089464e-03
   7.166990714183787e-03   7.166990714183784e-03   7.166990714183782e-03

 Column 7:

   7.111159764089462e-03
   7.166990714183784e-03

ans = 2.463343864182916e-21
ans = 2.812801823592428e-21
ans = 2.814585431788246e-21
ans = 2.816317341195779e-21
ans = 6.203570250812142e-21
ans = 2.813241263292847e-21
ans = 2.814120142693685e-21
nbcr = 7
lambda0 = 3.501084296647659
kmpl_prod = 0.180000000000000
 Time :      1.00000
 Time :      2.00000
 Time :      3.01000
 Time :      4.01000
 Time :      5.01000
 Time :      6.01000
 Time :      7.01000
 Time :      8.01000
 Time :      9.01000
 Time :     10.01000
 Time :     11.01000
 Time :     12.01000
 Time :     13.01000
 Time :     14.01000
 Time :     15.01000
 Time :     16.01000
 Time :     17.01000
 Time :     18.00000
 Time :     19.00000
 Time :     20.00000
 Time :     21.00000
 Time :     22.00000
 Time :     23.00000
 Time :     24.00000
 Time :     25.00000
 Time :     26.00000
 Time :     27.00000
 Time :     28.00000
 Time :     29.00000
 Time :     30.00000
 Time :     31.00000
 Time :     32.00000
 Time :     33.00000
 Time :     34.00000
 Time :     35.00000
dtime = 32.37590566277504
mbcr =

   0.142857142857143   0.179966046857426   0.190178216492194

agsout =

 Columns 1 through 3:

   7.111159764089462e-03   7.111159764089466e-03   7.111159764089465e-03
   1.124074117378065e-03   7.166990714183785e-03   7.166990714183787e-03
   2.790210115800667e-04   7.093315008020490e-03   7.093315008020494e-03

 Columns 4 through 6:

   7.111159764089462e-03   7.111159764089463e-03   7.111159764089464e-03
   7.166990714183787e-03   7.166990714183784e-03   7.166990714183782e-03
   7.093315008020495e-03   7.093315008020494e-03   7.093315008020496e-03

 Column 7:

   7.111159764089462e-03
   7.166990714183784e-03
   7.093315008020494e-03

ans = 1.932293910923873e-21
ans = 6.918021655510678e-21
ans = 1.030475757724420e-20
ans = 6.914971427001889e-21
ans = 1.030620514331616e-20
ans = 3.528649095574647e-21
ans = 3.523324120381337e-21
nbcr = 7
lambda0 = 3.501084296647659
kmpl_prod = 0.180000000000000
 Time :      1.00000
 Time :      2.00000
 Time :      3.01000
 Time :      4.01000
 Time :      5.01000
 Time :      6.01000
 Time :      7.01000
 Time :      8.01000
 Time :      9.01000
 Time :     10.01000
 Time :     11.01000
 Time :     12.01000
 Time :     13.01000
 Time :     14.01000
 Time :     15.01000
 Time :     16.01000
 Time :     17.01000
 Time :     18.00000
 Time :     19.00000
 Time :     20.00000
 Time :     21.00000
 Time :     22.00000
 Time :     23.00000
 Time :     24.00000
 Time :     25.00000
 Time :     26.00000
 Time :     27.00000
 Time :     28.00000
 Time :     29.00000
 Time :     30.00000
 Time :     31.00000
 Time :     32.00000
 Time :     33.00000
 Time :     34.00000
 Time :     35.00000
dtime = 32.40102119743824
mbcr =

   0.142857142857143   0.179966046857426   0.190178216492194   0.180286845226415

agsout =

 Columns 1 through 3:

   7.111159764089462e-03   7.111159764089466e-03   7.111159764089465e-03
   1.124074117378065e-03   7.166990714183785e-03   7.166990714183787e-03
   2.790210115800667e-04   7.093315008020490e-03   7.093315008020494e-03
   5.749980077008076e-04   7.123106564223844e-03   7.123106564223843e-03

 Columns 4 through 6:

   7.111159764089462e-03   7.111159764089463e-03   7.111159764089464e-03
   7.166990714183787e-03   7.166990714183784e-03   7.166990714183782e-03
   7.093315008020495e-03   7.093315008020494e-03   7.093315008020496e-03
   7.123106564223842e-03   7.123106564223843e-03   7.123106564223846e-03

 Column 7:

   7.111159764089462e-03
   7.166990714183784e-03
   7.093315008020494e-03
   7.123106564223846e-03

ans = 8.093135113218823e-21
ans = -1.386871694521720e-21
ans = -1.386975092098289e-21
ans = -1.389353236359379e-21
ans = -8.163652260438968e-21
ans = -8.165616814393782e-21
ans = -1.388164164228834e-21
nbcr = 7
lambda0 = 3.501084296647659
kmpl_prod = 0.180000000000000
 Time :      1.00000
 Time :      2.00000
 Time :      3.01000
 Time :      4.01000
 Time :      5.01000
 Time :      6.01000
 Time :      7.01000
 Time :      8.01000
 Time :      9.01000
 Time :     10.01000
 Time :     11.01000
 Time :     12.01000
 Time :     13.01000
 Time :     14.01000
 Time :     15.01000
 Time :     16.01000
 Time :     17.01000
 Time :     18.00000
 Time :     19.00000
 Time :     20.00000
 Time :     21.00000
 Time :     22.00000
 Time :     23.00000
 Time :     24.00000
 Time :     25.00000
 Time :     26.00000
 Time :     27.00000
 Time :     28.00000
 Time :     29.00000
 Time :     30.00000
 Time :     31.00000
 Time :     32.00000
 Time :     33.00000
 Time :     34.00000
 Time :     35.00000
dtime = 32.32445754110813
mbcr =

 Columns 1 through 4:

   0.142857142857143   0.179966046857426   0.190178216492194   0.180286845226415

 Column 5:

   0.185030883111850

agsout =

 Columns 1 through 3:

   7.111159764089462e-03   7.111159764089466e-03   7.111159764089465e-03
   1.124074117378065e-03   7.166990714183785e-03   7.166990714183787e-03
   2.790210115800667e-04   7.093315008020490e-03   7.093315008020494e-03
   5.749980077008076e-04   7.123106564223844e-03   7.123106564223843e-03
   5.988693338624846e-04   7.115446514734120e-03   7.115446514734124e-03

 Columns 4 through 6:

   7.111159764089462e-03   7.111159764089463e-03   7.111159764089464e-03
   7.166990714183787e-03   7.166990714183784e-03   7.166990714183782e-03
   7.093315008020495e-03   7.093315008020494e-03   7.093315008020496e-03
   7.123106564223842e-03   7.123106564223843e-03   7.123106564223846e-03
   7.115446514734123e-03   7.115446514734120e-03   7.115446514734116e-03

 Column 7:

   7.111159764089462e-03
   7.166990714183784e-03
   7.093315008020494e-03
   7.123106564223846e-03
   7.115446514734118e-03

ans = 8.682087709356578e-21
ans = -3.766256726530504e-21
ans = -7.159816888317585e-21
ans = -3.769720545345570e-21
ans = -3.795208047969860e-22
ans = -7.154595310700844e-21
ans = -3.766411822895358e-21
nbcr = 7
lambda0 = 3.501084296647659
kmpl_prod = 0.180000000000000
 Time :      1.00000
 Time :      2.00000
 Time :      3.01000
 Time :      4.01000
 Time :      5.01000
 Time :      6.01000
 Time :      7.01000
 Time :      8.01000
 Time :      9.01000
 Time :     10.01000
 Time :     11.01000
 Time :     12.01000
 Time :     13.01000
 Time :     14.01000
 Time :     15.01000
 Time :     16.01000
 Time :     17.01000
 Time :     18.00000
 Time :     19.00000
 Time :     20.00000
 Time :     21.00000
 Time :     22.00000
 Time :     23.00000
 Time :     24.00000
 Time :     25.00000
 Time :     26.00000
 Time :     27.00000
 Time :     28.00000
 Time :     29.00000
 Time :     30.00000
 Time :     31.00000
 Time :     32.00000
 Time :     33.00000
 Time :     34.00000
 Time :     35.00000
dtime = 32.51679204404354
mbcr =

 Columns 1 through 4:

   0.142857142857143   0.179966046857426   0.190178216492194   0.180286845226415

 Columns 5 and 6:

   0.185030883111850   0.184713742493370

agsout =

 Columns 1 through 3:

   7.111159764089462e-03   7.111159764089466e-03   7.111159764089465e-03
   1.124074117378065e-03   7.166990714183785e-03   7.166990714183787e-03
   2.790210115800667e-04   7.093315008020490e-03   7.093315008020494e-03
   5.749980077008076e-04   7.123106564223844e-03   7.123106564223843e-03
   5.988693338624846e-04   7.115446514734120e-03   7.115446514734124e-03
   5.131412795495316e-04   7.125928230263239e-03   7.125928230263237e-03

 Columns 4 through 6:

   7.111159764089462e-03   7.111159764089463e-03   7.111159764089464e-03
   7.166990714183787e-03   7.166990714183784e-03   7.166990714183782e-03
   7.093315008020495e-03   7.093315008020494e-03   7.093315008020496e-03
   7.123106564223842e-03   7.123106564223843e-03   7.123106564223846e-03
   7.115446514734123e-03   7.115446514734120e-03   7.115446514734116e-03
   7.125928230263238e-03   7.125928230263236e-03   7.125928230263238e-03

 Column 7:

   7.111159764089462e-03
   7.166990714183784e-03
   7.093315008020494e-03
   7.123106564223846e-03
   7.115446514734118e-03
   7.125928230263239e-03

ans = 4.225238568920865e-21
ans = 8.381459255481837e-21
ans = 4.991518008874676e-21
ans = 4.990639129473839e-21
ans = 8.377943737878487e-21
ans = 1.176783328569736e-20
ans = 8.379598099103593e-21
dkps =

 Columns 1 through 3:

   7.720199815993194e+00   3.968136409550423e+02   9.893645314950048e+00

 Columns 4 through 6:

   7.009117681407085e-01   1.407924573726536e+01   4.892091456778068e+01

nbcr = 10
lambda0 = 3.501084296647659
kmpl_prod = 0.180000000000000
 Time :      1.00000
 Time :      2.00000
 Time :      3.01000
 Time :      4.01000
 Time :      5.01000
 Time :      6.01000
 Time :      7.01000
 Time :      8.01000
 Time :      9.01000
 Time :     10.01000
 Time :     11.01000
 Time :     12.01000
 Time :     13.01000
 Time :     14.01000
 Time :     15.01000
 Time :     16.01000
 Time :     17.01000
 Time :     18.00000
 Time :     19.00000
 Time :     20.00000
 Time :     21.00000
 Time :     22.00000
 Time :     23.00000
 Time :     24.00000
 Time :     25.00000
 Time :     26.00000
 Time :     27.00000
 Time :     28.00000
 Time :     29.00000
 Time :     30.00000
 Time :     31.00000
 Time :     32.00000
 Time :     33.00000
 Time :     34.00000
 Time :     35.00000
dtime = 46.81547731161118
mbcr = 0.100000000000000
agsout =

 Columns 1 through 3:

   6.159882263248384e-03   6.159882263248383e-03   6.159882263248378e-03

 Columns 4 through 6:

   6.159882263248376e-03   6.159882263248379e-03   6.159882263248380e-03

 Columns 7 through 9:

   6.159882263248376e-03   6.159882263248376e-03   6.159882263248376e-03

 Column 10:

   6.159882263248376e-03

ans = -3.717149340008704e-21
ans = -8.276976004358733e-23
ans = 6.688685830680351e-21
ans = -3.473072898168740e-21
ans = 3.304379751996207e-21
ans = -3.474778958182131e-21
ans = 6.693338721625962e-21
ans = -8.566489218752293e-23
ans = -8.499280793982359e-23
ans = 3.301381222275703e-21
nbcr = 10
lambda0 = 3.501084296647659
kmpl_prod = 0.180000000000000
 Time :      1.00000
 Time :      2.00000
 Time :      3.01000
 Time :      4.01000
 Time :      5.01000
 Time :      6.01000
 Time :      7.01000
 Time :      8.01000
 Time :      9.01000
 Time :     10.01000
 Time :     11.01000
 Time :     12.01000
 Time :     13.01000
 Time :     14.01000
 Time :     15.01000
 Time :     16.01000
 Time :     17.01000
 Time :     18.00000
 Time :     19.00000
 Time :     20.00000
 Time :     21.00000
 Time :     22.00000
 Time :     23.00000
 Time :     24.00000
 Time :     25.00000
 Time :     26.00000
 Time :     27.00000
 Time :     28.00000
 Time :     29.00000
 Time :     30.00000
 Time :     31.00000
 Time :     32.00000
 Time :     33.00000
 Time :     34.00000
 Time :     35.00000
dtime = 46.80096320807934
mbcr =

   0.100000000000000   0.137058964786083

agsout =

 Columns 1 through 3:

   6.159882263248384e-03   6.159882263248383e-03   6.159882263248378e-03
   6.995542724516412e-04   6.211317845472791e-03   6.211317845472793e-03

 Columns 4 through 6:

   6.159882263248376e-03   6.159882263248379e-03   6.159882263248380e-03
   6.211317845472798e-03   6.211317845472800e-03   6.211317845472796e-03

 Columns 7 through 9:

   6.159882263248376e-03   6.159882263248376e-03   6.159882263248376e-03
   6.211317845472791e-03   6.211317845472793e-03   6.211317845472795e-03

 Column 10:

   6.159882263248376e-03
   6.211317845472796e-03

ans = 6.524800671818282e-21
ans = 1.406248400370775e-20
ans = 1.066266828853823e-20
ans = 3.889971926895466e-21
ans = 7.279809775926058e-21
ans = 7.276087463169570e-21
ans = 7.283583787470831e-21
ans = 5.062345348824529e-22
ans = 7.282394715340287e-21
ans = 7.280636956538611e-21
nbcr = 10
lambda0 = 3.501084296647659
kmpl_prod = 0.180000000000000
 Time :      1.00000
 Time :      2.00000
 Time :      3.01000
 Time :      4.01000
 Time :      5.01000
 Time :      6.01000
 Time :      7.01000
 Time :      8.01000
 Time :      9.01000
 Time :     10.01000
 Time :     11.01000
 Time :     12.01000
 Time :     13.01000
 Time :     14.01000
 Time :     15.01000
 Time :     16.01000
 Time :     17.01000
 Time :     18.00000
 Time :     19.00000
 Time :     20.00000
 Time :     21.00000
 Time :     22.00000
 Time :     23.00000
 Time :     24.00000
 Time :     25.00000
 Time :     26.00000
 Time :     27.00000
 Time :     28.00000
 Time :     29.00000
 Time :     30.00000
 Time :     31.00000
 Time :     32.00000
 Time :     33.00000
 Time :     34.00000
 Time :     35.00000
dtime = 46.70638516545296
mbcr =

   0.100000000000000   0.137058964786083   0.113712746452566

agsout =

 Columns 1 through 3:

   6.159882263248384e-03   6.159882263248383e-03   6.159882263248378e-03
   6.995542724516412e-04   6.211317845472791e-03   6.211317845472793e-03
   3.659200675968563e-03   6.203726439207673e-03   6.203726439207685e-03

 Columns 4 through 6:

   6.159882263248376e-03   6.159882263248379e-03   6.159882263248380e-03
   6.211317845472798e-03   6.211317845472800e-03   6.211317845472796e-03
   6.203726439207686e-03   6.203726439207682e-03   6.203726439207680e-03

 Columns 7 through 9:

   6.159882263248376e-03   6.159882263248376e-03   6.159882263248376e-03
   6.211317845472791e-03   6.211317845472793e-03   6.211317845472795e-03
   6.203726439207679e-03   6.203726439207679e-03   6.203726439207681e-03

 Column 10:

   6.159882263248376e-03
   6.211317845472796e-03
   6.203726439207680e-03

ans = -3.898192034232712e-21
ans = -1.399227704921731e-21
ans = -4.783120193299598e-21
ans = 1.988904084095470e-21
ans = 5.379414017373762e-21
ans = -1.393902729728421e-21
ans = -1.394885006705827e-21
ans = 5.377707957360371e-21
ans = -1.395040103070681e-21
ans = 1.993091685946520e-21
nbcr = 10
lambda0 = 3.501084296647659
kmpl_prod = 0.180000000000000
 Time :      1.00000
 Time :      2.00000
 Time :      3.01000
 Time :      4.01000
 Time :      5.01000
 Time :      6.01000
 Time :      7.01000
 Time :      8.01000
 Time :      9.01000
 Time :     10.01000
 Time :     11.01000
 Time :     12.01000
 Time :     13.01000
 Time :     14.01000
 Time :     15.01000
 Time :     16.01000
 Time :     17.01000
 Time :     18.00000
 Time :     19.00000
 Time :     20.00000
 Time :     21.00000
 Time :     22.00000
 Time :     23.00000
 Time :     24.00000
 Time :     25.00000
 Time :     26.00000
 Time :     27.00000
 Time :     28.00000
 Time :     29.00000
 Time :     30.00000
 Time :     31.00000
 Time :     32.00000
 Time :     33.00000
 Time :     34.00000
 Time :     35.00000
dtime = 46.89888060092926
mbcr =

   0.100000000000000   0.137058964786083   0.113712746452566   0.136720098360008

agsout =

 Columns 1 through 3:

   6.159882263248384e-03   6.159882263248383e-03   6.159882263248378e-03
   6.995542724516412e-04   6.211317845472791e-03   6.211317845472793e-03
   3.659200675968563e-03   6.203726439207673e-03   6.203726439207685e-03
   7.561440605235991e-04   6.214254526708879e-03   6.214254526708885e-03

 Columns 4 through 6:

   6.159882263248376e-03   6.159882263248379e-03   6.159882263248380e-03
   6.211317845472798e-03   6.211317845472800e-03   6.211317845472796e-03
   6.203726439207686e-03   6.203726439207682e-03   6.203726439207680e-03
   6.214254526708891e-03   6.214254526708886e-03   6.214254526708885e-03

 Columns 7 through 9:

   6.159882263248376e-03   6.159882263248376e-03   6.159882263248376e-03
   6.211317845472791e-03   6.211317845472793e-03   6.211317845472795e-03
   6.203726439207679e-03   6.203726439207679e-03   6.203726439207681e-03
   6.214254526708879e-03   6.214254526708881e-03   6.214254526708880e-03

 Column 10:

   6.159882263248376e-03
   6.211317845472796e-03
   6.203726439207680e-03
   6.214254526708881e-03

ans = 4.195460066868956e-21
ans = 4.996687887703133e-22
ans = 3.884336758972449e-21
ans = 7.274950089827309e-21
ans = 5.005993669594354e-22
ans = 7.280171667444050e-21
ans = 3.886042818985839e-21
ans = 5.039080894096475e-22
ans = 3.884336758972449e-21
ans = 5.055624506347536e-22
nbcr = 10
lambda0 = 3.501084296647659
kmpl_prod = 0.180000000000000
 Time :      1.00000
 Time :      2.00000
 Time :      3.01000
 Time :      4.01000
 Time :      5.01000
 Time :      6.01000
 Time :      7.01000
 Time :      8.01000
 Time :      9.01000
 Time :     10.01000
 Time :     11.01000
 Time :     12.01000
 Time :     13.01000
 Time :     14.01000
 Time :     15.01000
 Time :     16.01000
 Time :     17.01000
 Time :     18.00000
 Time :     19.00000
 Time :     20.00000
 Time :     21.00000
 Time :     22.00000
 Time :     23.00000
 Time :     24.00000
 Time :     25.00000
 Time :     26.00000
 Time :     27.00000
 Time :     28.00000
 Time :     29.00000
 Time :     30.00000
 Time :     31.00000
 Time :     32.00000
 Time :     33.00000
 Time :     34.00000
 Time :     35.00000
dtime = 47.87283428013325
mbcr =

 Columns 1 through 4:

   0.100000000000000   0.137058964786083   0.113712746452566   0.136720098360008

 Column 5:

   0.147347918387923

agsout =

 Columns 1 through 3:

   6.159882263248384e-03   6.159882263248383e-03   6.159882263248378e-03
   6.995542724516412e-04   6.211317845472791e-03   6.211317845472793e-03
   3.659200675968563e-03   6.203726439207673e-03   6.203726439207685e-03
   7.561440605235991e-04   6.214254526708879e-03   6.214254526708885e-03
   8.125689379519360e-05   6.086801280370958e-03   6.086801280370958e-03

 Columns 4 through 6:

   6.159882263248376e-03   6.159882263248379e-03   6.159882263248380e-03
   6.211317845472798e-03   6.211317845472800e-03   6.211317845472796e-03
   6.203726439207686e-03   6.203726439207682e-03   6.203726439207680e-03
   6.214254526708891e-03   6.214254526708886e-03   6.214254526708885e-03
   6.086801280370951e-03   6.086801280370956e-03   6.086801280370953e-03

 Columns 7 through 9:

   6.159882263248376e-03   6.159882263248376e-03   6.159882263248376e-03
   6.211317845472791e-03   6.211317845472793e-03   6.211317845472795e-03
   6.203726439207679e-03   6.203726439207679e-03   6.203726439207681e-03
   6.214254526708879e-03   6.214254526708881e-03   6.214254526708880e-03
   6.086801280370949e-03   6.086801280370950e-03   6.086801280370950e-03

 Column 10:

   6.159882263248376e-03
   6.211317845472796e-03
   6.203726439207680e-03
   6.214254526708881e-03
   6.086801280370950e-03

ans = 1.355252715606881e-20
ans = 9.787252706515708e-21
ans = 1.656708350094175e-20
ans = 1.317471241128521e-20
ans = 6.398293736885954e-21
ans = 3.012126501823566e-21
ans = 6.389918533183854e-21
ans = 3.006181141170841e-21
ans = 6.407237627259183e-21
ans = 6.403670410867548e-21
nbcr = 10
lambda0 = 3.501084296647659
kmpl_prod = 0.180000000000000
 Time :      1.00000
 Time :      2.00000
 Time :      3.01000
 Time :      4.01000
 Time :      5.01000
 Time :      6.01000
 Time :      7.01000
 Time :      8.01000
 Time :      9.01000
 Time :     10.01000
 Time :     11.01000
 Time :     12.01000
 Time :     13.01000
 Time :     14.01000
 Time :     15.01000
 Time :     16.01000
 Time :     17.01000
 Time :     18.00000
 Time :     19.00000
 Time :     20.00000
 Time :     21.00000
 Time :     22.00000
 Time :     23.00000
 Time :     24.00000
 Time :     25.00000
 Time :     26.00000
 Time :     27.00000
 Time :     28.00000
 Time :     29.00000
 Time :     30.00000
 Time :     31.00000
 Time :     32.00000
 Time :     33.00000
 Time :     34.00000
 Time :     35.00000
dtime = 47.27720282971859
mbcr =

 Columns 1 through 4:

   0.100000000000000   0.137058964786083   0.113712746452566   0.136720098360008

 Columns 5 and 6:

   0.147347918387923   0.139247386237463

agsout =

 Columns 1 through 3:

   6.159882263248384e-03   6.159882263248383e-03   6.159882263248378e-03
   6.995542724516412e-04   6.211317845472791e-03   6.211317845472793e-03
   3.659200675968563e-03   6.203726439207673e-03   6.203726439207685e-03
   7.561440605235991e-04   6.214254526708879e-03   6.214254526708885e-03
   8.125689379519360e-05   6.086801280370958e-03   6.086801280370958e-03
   2.061615396005849e-04   6.123783208275327e-03   6.123783208275323e-03

 Columns 4 through 6:

   6.159882263248376e-03   6.159882263248379e-03   6.159882263248380e-03
   6.211317845472798e-03   6.211317845472800e-03   6.211317845472796e-03
   6.203726439207686e-03   6.203726439207682e-03   6.203726439207680e-03
   6.214254526708891e-03   6.214254526708886e-03   6.214254526708885e-03
   6.086801280370951e-03   6.086801280370956e-03   6.086801280370953e-03
   6.123783208275327e-03   6.123783208275323e-03   6.123783208275326e-03

 Columns 7 through 9:

   6.159882263248376e-03   6.159882263248376e-03   6.159882263248376e-03
   6.211317845472791e-03   6.211317845472793e-03   6.211317845472795e-03
   6.203726439207679e-03   6.203726439207679e-03   6.203726439207681e-03
   6.214254526708879e-03   6.214254526708881e-03   6.214254526708880e-03
   6.086801280370949e-03   6.086801280370950e-03   6.086801280370950e-03
   6.123783208275329e-03   6.123783208275331e-03   6.123783208275327e-03

 Column 10:

   6.159882263248376e-03
   6.211317845472796e-03
   6.203726439207680e-03
   6.214254526708881e-03
   6.086801280370950e-03
   6.123783208275327e-03

ans = 9.079134403382032e-21
ans = 5.530064286434982e-21
ans = 8.919850436677289e-21
ans = 5.524015528205688e-21
ans = 5.530167684011551e-21
ans = 1.230534558749198e-20
ans = 5.533579804038332e-21
ans = 5.533373008885194e-21
ans = 5.531718647660088e-21
ans = 5.533476406461763e-21
dkps =

 Columns 1 through 3:

   8.737635532271483e+00   4.784696538220231e+01   3.086192589731432e+01

 Columns 4 through 6:

   1.647256689746120e+01   7.602425362779906e+00   1.198486469361764e+01

nbcr = 15
lambda0 = 3.501084296647659
kmpl_prod = 0.180000000000000
 Time :      1.00000
 Time :      2.00000
 Time :      3.01000
 Time :      4.01000
 Time :      5.01000
 Time :      6.01000
 Time :      7.01000
 Time :      8.01000
 Time :      9.01000
 Time :     10.01000
 Time :     11.01000
 Time :     12.01000
 Time :     13.01000
 Time :     14.01000
 Time :     15.01000
 Time :     16.01000
 Time :     17.01000
 Time :     18.00000
 Time :     19.00000
 Time :     20.00000
 Time :     21.00000
 Time :     22.00000
 Time :     23.00000
 Time :     24.00000
 Time :     25.00000
 Time :     26.00000
 Time :     27.00000
 Time :     28.00000
 Time :     29.00000
 Time :     30.00000
 Time :     31.00000
 Time :     32.00000
 Time :     33.00000
 Time :     34.00000
 Time :     35.00000
dtime = 72.12835550308228
mbcr = 6.666666666666667e-02
agsout =

 Columns 1 through 3:

   5.374193411711694e-03   5.374193411711686e-03   5.374193411711701e-03

 Columns 4 through 6:

   5.374193411711700e-03   5.374193411711699e-03   5.374193411711701e-03

 Columns 7 through 9:

   5.374193411711701e-03   5.374193411711703e-03   5.374193411711701e-03

 Columns 10 through 12:

   5.374193411711701e-03   5.374193411711704e-03   5.374193411711703e-03

 Columns 13 through 15:

   5.374193411711707e-03   5.374193411711706e-03   5.374193411711701e-03

ans = 7.345997149627372e-21
ans = -5.689968638599139e-21
ans = -5.682937603392438e-21
ans = 4.477838848479246e-21
ans = -2.300182488356832e-21
ans = 1.086191541858694e-21
ans = -2.296356778023774e-21
ans = -9.074688307589559e-21
ans = -2.298528127131726e-21
ans = -2.300389283509970e-21
ans = -2.281157334268112e-21
ans = 1.089603661885476e-21
ans = 1.091258023110582e-21
ans = 1.091775010993427e-21
ans = -2.286740803402845e-21
nbcr = 15
lambda0 = 3.501084296647659
kmpl_prod = 0.180000000000000
 Time :      1.00000
 Time :      2.00000
 Time :      3.01000
 Time :      4.01000
 Time :      5.01000
 Time :      6.01000
 Time :      7.01000
 Time :      8.01000
 Time :      9.01000
 Time :     10.01000
 Time :     11.01000
 Time :     12.01000
 Time :     13.01000
 Time :     14.01000
 Time :     15.01000
 Time :     16.01000
 Time :     17.01000
 Time :     18.00000
 Time :     19.00000
 Time :     20.00000
 Time :     21.00000
 Time :     22.00000
 Time :     23.00000
 Time :     24.00000
 Time :     25.00000
 Time :     26.00000
 Time :     27.00000
 Time :     28.00000
 Time :     29.00000
 Time :     30.00000
 Time :     31.00000
 Time :     32.00000
 Time :     33.00000
 Time :     34.00000
 Time :     35.00000
dtime = 72.51425161957741
mbcr =

   6.666666666666667e-02   1.018203884595934e-01

agsout =

 Columns 1 through 3:

   5.374193411711694e-03   5.374193411711686e-03   5.374193411711701e-03
   5.511680752374005e-04   5.425117895452403e-03   5.425117895452395e-03

 Columns 4 through 6:

   5.374193411711700e-03   5.374193411711699e-03   5.374193411711701e-03
   5.425117895452404e-03   5.425117895452403e-03   5.425117895452411e-03

 Columns 7 through 9:

   5.374193411711701e-03   5.374193411711703e-03   5.374193411711701e-03
   5.425117895452407e-03   5.425117895452404e-03   5.425117895452410e-03

 Columns 10 through 12:

   5.374193411711701e-03   5.374193411711704e-03   5.374193411711703e-03
   5.425117895452403e-03   5.425117895452404e-03   5.425117895452406e-03

 Columns 13 through 15:

   5.374193411711707e-03   5.374193411711706e-03   5.374193411711701e-03
   5.425117895452406e-03   5.425117895452407e-03   5.425117895452410e-03

ans = -4.857204556911379e-21
ans = -7.475644785947988e-23
ans = 3.315029702382828e-21
ans = -8.323504913814841e-23
ans = 3.307895269599558e-21
ans = 1.007630063181471e-20
ans = -7.144772540926777e-23
ans = 6.701817322904630e-21
ans = -6.462348535570529e-23
ans = 3.316787461184503e-21
ans = -6.824240053562478e-23
ans = 3.310066618707509e-21
ans = 3.315133099959397e-21
ans = 3.323508303661496e-21
ans = 3.316890858761072e-21
nbcr = 15
lambda0 = 3.501084296647659
kmpl_prod = 0.180000000000000
 Time :      1.00000
 Time :      2.00000
 Time :      3.01000
 Time :      4.01000
 Time :      5.01000
 Time :      6.01000
 Time :      7.01000
 Time :      8.01000
 Time :      9.01000
 Time :     10.01000
 Time :     11.01000
 Time :     12.01000
 Time :     13.01000
 Time :     14.01000
 Time :     15.01000
 Time :     16.01000
 Time :     17.01000
 Time :     18.00000
 Time :     19.00000
 Time :     20.00000
 Time :     21.00000
 Time :     22.00000
 Time :     23.00000
 Time :     24.00000
 Time :     25.00000
 Time :     26.00000
 Time :     27.00000
 Time :     28.00000
 Time :     29.00000
 Time :     30.00000
 Time :     31.00000
 Time :     32.00000
 Time :     33.00000
 Time :     34.00000
 Time :     35.00000
dtime = 72.28003442287445
mbcr =

   6.666666666666667e-02   1.018203884595934e-01   9.989023110444048e-02

agsout =

 Columns 1 through 3:

   5.374193411711694e-03   5.374193411711686e-03   5.374193411711701e-03
   5.511680752374005e-04   5.425117895452403e-03   5.425117895452395e-03
   6.698725719009434e-04   5.449861970607142e-03   5.449861970607142e-03

 Columns 4 through 6:

   5.374193411711700e-03   5.374193411711699e-03   5.374193411711701e-03
   5.425117895452404e-03   5.425117895452403e-03   5.425117895452411e-03
   5.449861970607139e-03   5.449861970607143e-03   5.449861970607137e-03

 Columns 7 through 9:

   5.374193411711701e-03   5.374193411711703e-03   5.374193411711701e-03
   5.425117895452407e-03   5.425117895452404e-03   5.425117895452410e-03
   5.449861970607142e-03   5.449861970607147e-03   5.449861970607143e-03

 Columns 10 through 12:

   5.374193411711701e-03   5.374193411711704e-03   5.374193411711703e-03
   5.425117895452403e-03   5.425117895452404e-03   5.425117895452406e-03
   5.449861970607144e-03   5.449861970607138e-03   5.449861970607138e-03

 Columns 13 through 15:

   5.374193411711707e-03   5.374193411711706e-03   5.374193411711701e-03
   5.425117895452406e-03   5.425117895452407e-03   5.425117895452410e-03
   5.449861970607137e-03   5.449861970607137e-03   5.449861970607137e-03

ans = 4.338148722534354e-21
ans = 6.783398010817673e-21
ans = 3.386580825368664e-21
ans = 6.771197096782515e-21
ans = -5.790264287871194e-24
ans = 1.016635992100642e-20
ans = 3.387924993864063e-21
ans = -2.067951531382569e-24
ans = 3.388028391440632e-21
ans = 3.384409476260713e-21
ans = -7.651420666115506e-24
ans = -2.067951531382569e-24
ans = -3.397230775755285e-21
ans = 3.381204151387070e-21
ans = 1.015705413911520e-20
nbcr = 15
lambda0 = 3.501084296647659
kmpl_prod = 0.180000000000000
 Time :      1.00000
 Time :      2.00000
 Time :      3.01000
 Time :      4.01000
 Time :      5.01000
 Time :      6.01000
 Time :      7.01000
 Time :      8.01000
 Time :      9.01000
 Time :     10.01000
 Time :     11.01000
 Time :     12.01000
 Time :     13.01000
 Time :     14.01000
 Time :     15.01000
 Time :     16.01000
 Time :     17.01000
 Time :     18.00000
 Time :     19.00000
 Time :     20.00000
 Time :     21.00000
 Time :     22.00000
 Time :     23.00000
 Time :     24.00000
 Time :     25.00000
 Time :     26.00000
 Time :     27.00000
 Time :     28.00000
 Time :     29.00000
 Time :     30.00000
 Time :     31.00000
 Time :     32.00000
 Time :     33.00000
 Time :     34.00000
 Time :     35.00000
dtime = 72.00822941958904
mbcr =

 Columns 1 through 3:

   6.666666666666667e-02   1.018203884595934e-01   9.989023110444048e-02

 Column 4:

   1.027385311510538e-01

agsout =

 Columns 1 through 3:

   5.374193411711694e-03   5.374193411711686e-03   5.374193411711701e-03
   5.511680752374005e-04   5.425117895452403e-03   5.425117895452395e-03
   6.698725719009434e-04   5.449861970607142e-03   5.449861970607142e-03
   5.928307023044095e-04   5.444729958820929e-03   5.444729958820917e-03

 Columns 4 through 6:

   5.374193411711700e-03   5.374193411711699e-03   5.374193411711701e-03
   5.425117895452404e-03   5.425117895452403e-03   5.425117895452411e-03
   5.449861970607139e-03   5.449861970607143e-03   5.449861970607137e-03
   5.444729958820936e-03   5.444729958820940e-03   5.444729958820933e-03

 Columns 7 through 9:

   5.374193411711701e-03   5.374193411711703e-03   5.374193411711701e-03
   5.425117895452407e-03   5.425117895452404e-03   5.425117895452410e-03
   5.449861970607142e-03   5.449861970607147e-03   5.449861970607143e-03
   5.444729958820938e-03   5.444729958820942e-03   5.444729958820943e-03

 Columns 10 through 12:

   5.374193411711701e-03   5.374193411711704e-03   5.374193411711703e-03
   5.425117895452403e-03   5.425117895452404e-03   5.425117895452406e-03
   5.449861970607144e-03   5.449861970607138e-03   5.449861970607138e-03
   5.444729958820945e-03   5.444729958820940e-03   5.444729958820945e-03

 Columns 13 through 15:

   5.374193411711707e-03   5.374193411711706e-03   5.374193411711701e-03
   5.425117895452406e-03   5.425117895452407e-03   5.425117895452410e-03
   5.449861970607137e-03   5.449861970607137e-03   5.449861970607137e-03
   5.444729958820942e-03   5.444729958820940e-03   5.444729958820941e-03

ans = 6.078950321652200e-21
ans = -5.125004280225421e-21
ans = -5.128209605099064e-21
ans = -1.733253576028300e-21
ans = -8.514790430467729e-21
ans = -1.734907937253406e-21
ans = -8.514790430467729e-21
ans = -1.740284611235001e-21
ans = -1.731702612379763e-21
ans = -1.734701142100268e-21
ans = -1.738526852433326e-21
ans = -1.740077816081863e-21
ans = -1.731702612379763e-21
ans = 1.654568020259194e-21
ans = -5.130174159053878e-21
nbcr = 15
lambda0 = 3.501084296647659
kmpl_prod = 0.180000000000000
 Time :      1.00000
 Time :      2.00000
 Time :      3.01000
 Time :      4.01000
 Time :      5.01000
 Time :      6.01000
 Time :      7.01000
 Time :      8.01000
 Time :      9.01000
 Time :     10.01000
 Time :     11.01000
 Time :     12.01000
 Time :     13.01000
 Time :     14.01000
 Time :     15.01000
 Time :     16.01000
 Time :     17.01000
 Time :     18.00000
 Time :     19.00000
 Time :     20.00000
 Time :     21.00000
 Time :     22.00000
 Time :     23.00000
 Time :     24.00000
 Time :     25.00000
 Time :     26.00000
 Time :     27.00000
 Time :     28.00000
 Time :     29.00000
 Time :     30.00000
 Time :     31.00000
 Time :     32.00000
 Time :     33.00000
 Time :     34.00000
 Time :     35.00000
dtime = 72.07662574946880
mbcr =

 Columns 1 through 3:

   6.666666666666667e-02   1.018203884595934e-01   9.989023110444048e-02

 Columns 4 and 5:

   1.027385311510538e-01   1.066159913129018e-01

agsout =

 Columns 1 through 3:

   5.374193411711694e-03   5.374193411711686e-03   5.374193411711701e-03
   5.511680752374005e-04   5.425117895452403e-03   5.425117895452395e-03
   6.698725719009434e-04   5.449861970607142e-03   5.449861970607142e-03
   5.928307023044095e-04   5.444729958820929e-03   5.444729958820917e-03
   3.687188404875819e-04   5.415730242719431e-03   5.415730242719435e-03

 Columns 4 through 6:

   5.374193411711700e-03   5.374193411711699e-03   5.374193411711701e-03
   5.425117895452404e-03   5.425117895452403e-03   5.425117895452411e-03
   5.449861970607139e-03   5.449861970607143e-03   5.449861970607137e-03
   5.444729958820936e-03   5.444729958820940e-03   5.444729958820933e-03
   5.415730242719428e-03   5.415730242719435e-03   5.415730242719437e-03

 Columns 7 through 9:

   5.374193411711701e-03   5.374193411711703e-03   5.374193411711701e-03
   5.425117895452407e-03   5.425117895452404e-03   5.425117895452410e-03
   5.449861970607142e-03   5.449861970607147e-03   5.449861970607143e-03
   5.444729958820938e-03   5.444729958820942e-03   5.444729958820943e-03
   5.415730242719428e-03   5.415730242719430e-03   5.415730242719426e-03

 Columns 10 through 12:

   5.374193411711701e-03   5.374193411711704e-03   5.374193411711703e-03
   5.425117895452403e-03   5.425117895452404e-03   5.425117895452406e-03
   5.449861970607144e-03   5.449861970607138e-03   5.449861970607138e-03
   5.444729958820945e-03   5.444729958820940e-03   5.444729958820945e-03
   5.415730242719432e-03   5.415730242719431e-03   5.415730242719430e-03

 Columns 13 through 15:

   5.374193411711707e-03   5.374193411711706e-03   5.374193411711701e-03
   5.425117895452406e-03   5.425117895452407e-03   5.425117895452410e-03
   5.449861970607137e-03   5.449861970607137e-03   5.449861970607137e-03
   5.444729958820942e-03   5.444729958820940e-03   5.444729958820941e-03
   5.415730242719434e-03   5.415730242719433e-03   5.415730242719431e-03

ans = 4.384057246531047e-21
ans = 3.528028710115232e-21
ans = 1.369904152206726e-20
ans = 6.922777944032858e-21
ans = 3.523789409475898e-21
ans = 1.375187768369409e-22
ans = 1.030356850511365e-20
ans = 6.910163439691424e-21
ans = 6.912024596069668e-21
ans = 1.031111652820320e-20
ans = 1.031101313062663e-20
ans = 3.527201529502679e-21
ans = 1.030708402271700e-20
ans = 6.920399799771768e-21
ans = 6.917091077321556e-21
nbcr = 15
lambda0 = 3.501084296647659
kmpl_prod = 0.180000000000000
 Time :      1.00000
 Time :      2.00000
 Time :      3.01000
 Time :      4.01000
 Time :      5.01000
 Time :      6.01000
 Time :      7.01000
 Time :      8.01000
 Time :      9.01000
 Time :     10.01000
 Time :     11.01000
 Time :     12.01000
 Time :     13.01000
 Time :     14.01000
 Time :     15.01000
 Time :     16.01000
 Time :     17.01000
 Time :     18.00000
 Time :     19.00000
 Time :     20.00000
 Time :     21.00000
 Time :     22.00000
 Time :     23.00000
 Time :     24.00000
 Time :     25.00000
 Time :     26.00000
 Time :     27.00000
 Time :     28.00000
 Time :     29.00000
 Time :     30.00000
 Time :     31.00000
 Time :     32.00000
 Time :     33.00000
 Time :     34.00000
 Time :     35.00000
dtime = 69.70711536705494
mbcr =

 Columns 1 through 3:

   6.666666666666667e-02   1.018203884595934e-01   9.989023110444048e-02

 Columns 4 through 6:

   1.027385311510538e-01   1.066159913129018e-01   1.103277875758915e-01

agsout =

 Columns 1 through 3:

   5.374193411711694e-03   5.374193411711686e-03   5.374193411711701e-03
   5.511680752374005e-04   5.425117895452403e-03   5.425117895452395e-03
   6.698725719009434e-04   5.449861970607142e-03   5.449861970607142e-03
   5.928307023044095e-04   5.444729958820929e-03   5.444729958820917e-03
   3.687188404875819e-04   5.415730242719431e-03   5.415730242719435e-03
   1.994206017206689e-04   5.375601660862411e-03   5.375601660862398e-03

 Columns 4 through 6:

   5.374193411711700e-03   5.374193411711699e-03   5.374193411711701e-03
   5.425117895452404e-03   5.425117895452403e-03   5.425117895452411e-03
   5.449861970607139e-03   5.449861970607143e-03   5.449861970607137e-03
   5.444729958820936e-03   5.444729958820940e-03   5.444729958820933e-03
   5.415730242719428e-03   5.415730242719435e-03   5.415730242719437e-03
   5.375601660862421e-03   5.375601660862408e-03   5.375601660862414e-03

 Columns 7 through 9:

   5.374193411711701e-03   5.374193411711703e-03   5.374193411711701e-03
   5.425117895452407e-03   5.425117895452404e-03   5.425117895452410e-03
   5.449861970607142e-03   5.449861970607147e-03   5.449861970607143e-03
   5.444729958820938e-03   5.444729958820942e-03   5.444729958820943e-03
   5.415730242719428e-03   5.415730242719430e-03   5.415730242719426e-03
   5.375601660862397e-03   5.375601660862407e-03   5.375601660862411e-03

 Columns 10 through 12:

   5.374193411711701e-03   5.374193411711704e-03   5.374193411711703e-03
   5.425117895452403e-03   5.425117895452404e-03   5.425117895452406e-03
   5.449861970607144e-03   5.449861970607138e-03   5.449861970607138e-03
   5.444729958820945e-03   5.444729958820940e-03   5.444729958820945e-03
   5.415730242719432e-03   5.415730242719431e-03   5.415730242719430e-03
   5.375601660862413e-03   5.375601660862406e-03   5.375601660862407e-03

 Columns 13 through 15:

   5.374193411711707e-03   5.374193411711706e-03   5.374193411711701e-03
   5.425117895452406e-03   5.425117895452407e-03   5.425117895452410e-03
   5.449861970607137e-03   5.449861970607137e-03   5.449861970607137e-03
   5.444729958820942e-03   5.444729958820940e-03   5.444729958820941e-03
   5.415730242719434e-03   5.415730242719433e-03   5.415730242719431e-03
   5.375601660862410e-03   5.375601660862411e-03   5.375601660862408e-03

ans = 2.673447739771385e-21
ans = 7.810342741302256e-21
ans = 1.036043717222667e-21
ans = 7.816236403166697e-21
ans = 7.815822812860420e-21
ans = 7.807034018852044e-21
ans = 4.424278903816438e-21
ans = 7.810342741302256e-21
ans = 4.423865313510161e-21
ans = 7.808584982500581e-21
ans = 4.422417747438193e-21
ans = 4.423968711086730e-21
ans = 1.120188665034624e-20
ans = 1.034182560844423e-21
ans = 7.810342741302256e-21
