warning: function /home/surgeon/flu/amcode/perelson21/1d2agt/4paper/2submit/run.m shadows a core library function
warning: called from
    driver at line 1 column 1

lambda0 = 3.501084296647659
kmpl_prod = 0.180000000000000
dkps =

 Columns 1 through 3:

   2.012105822894246e+02   6.646384111114037e+01   6.004444419123843e+00

 Columns 4 through 6:

   2.548609200316055e+01   5.306538522760149e+01   2.525954370642564e-02

nbcr = 2
lambda0 = 3.501084296647659
kmpl_prod = 0.180000000000000
 Time :      1.00000
 Time :      2.00000
 Time :      3.01000
 Time :      4.01000
 Time :      5.01000
 Time :      6.01000
 Time :      7.01000
 Time :      8.01000
 Time :      9.01000
 Time :     10.01000
 Time :     11.01000
 Time :     12.01000
 Time :     13.01000
 Time :     14.01000
 Time :     15.01000
 Time :     16.01000
 Time :     17.01000
 Time :     18.00000
 Time :     19.00000
 Time :     20.00000
 Time :     21.00000
 Time :     22.00000
 Time :     23.00000
 Time :     24.00000
 Time :     25.00000
 Time :     26.00000
 Time :     27.00000
 Time :     28.00000
 Time :     29.00000
 Time :     30.00000
 Time :     31.00000
 Time :     32.00000
 Time :     33.00000
 Time :     34.00000
 Time :     35.00000
dtime = 5.211478471755981
mbcr = 0.500000000000000
agsout =

   1.071449970512459e-02   1.071449970512455e-02

ans = 5.852829515218320e-21
ans = 8.573849833734308e-21
nbcr = 2
lambda0 = 3.501084296647659
kmpl_prod = 0.180000000000000
 Time :      1.00000
 Time :      2.00000
 Time :      3.01000
 Time :      4.01000
 Time :      5.01000
 Time :      6.01000
 Time :      7.01000
 Time :      8.01000
 Time :      9.01000
 Time :     10.01000
 Time :     11.01000
 Time :     12.01000
 Time :     13.01000
 Time :     14.01000
 Time :     15.01000
 Time :     16.01000
 Time :     17.01000
 Time :     18.00000
 Time :     19.00000
 Time :     20.00000
 Time :     21.00000
 Time :     22.00000
 Time :     23.00000
 Time :     24.00000
 Time :     25.00000
 Time :     26.00000
 Time :     27.00000
 Time :     28.00000
 Time :     29.00000
 Time :     30.00000
 Time :     31.00000
 Time :     32.00000
 Time :     33.00000
 Time :     34.00000
 Time :     35.00000
dtime = 5.033899471163750
mbcr =

   0.500000000000000   0.506217137503726

agsout =

   1.071449970512459e-02   1.071449970512455e-02
   1.059012883806302e-02   1.059012883806307e-02

ans = 8.545767698172986e-21
ans = 3.269987133089901e-21
nbcr = 2
lambda0 = 3.501084296647659
kmpl_prod = 0.180000000000000
 Time :      1.00000
 Time :      2.00000
 Time :      3.01000
 Time :      4.01000
 Time :      5.01000
 Time :      6.01000
 Time :      7.01000
 Time :      8.01000
 Time :      9.01000
 Time :     10.01000
 Time :     11.01000
 Time :     12.01000
 Time :     13.01000
 Time :     14.01000
 Time :     15.01000
 Time :     16.01000
 Time :     17.01000
 Time :     18.00000
 Time :     19.00000
 Time :     20.00000
 Time :     21.00000
 Time :     22.00000
 Time :     23.00000
 Time :     24.00000
 Time :     25.00000
 Time :     26.00000
 Time :     27.00000
 Time :     28.00000
 Time :     29.00000
 Time :     30.00000
 Time :     31.00000
 Time :     32.00000
 Time :     33.00000
 Time :     34.00000
 Time :     35.00000
dtime = 5.102044343948364
mbcr =

   0.500000000000000   0.506217137503726   0.580683716899629

agsout =

   1.071449970512459e-02   1.071449970512455e-02
   1.059012883806302e-02   1.059012883806307e-02
   7.994809759236639e-03   7.994809759236656e-03

ans = -5.742856499014248e-21
ans = -5.369552473508481e-21
nbcr = 2
lambda0 = 3.501084296647659
kmpl_prod = 0.180000000000000
 Time :      1.00000
 Time :      2.00000
 Time :      3.01000
 Time :      4.01000
 Time :      5.01000
 Time :      6.01000
 Time :      7.01000
 Time :      8.01000
 Time :      9.01000
 Time :     10.01000
 Time :     11.01000
 Time :     12.01000
 Time :     13.01000
 Time :     14.01000
 Time :     15.01000
 Time :     16.01000
 Time :     17.01000
 Time :     18.00000
 Time :     19.00000
 Time :     20.00000
 Time :     21.00000
 Time :     22.00000
 Time :     23.00000
 Time :     24.00000
 Time :     25.00000
 Time :     26.00000
 Time :     27.00000
 Time :     28.00000
 Time :     29.00000
 Time :     30.00000
 Time :     31.00000
 Time :     32.00000
 Time :     33.00000
 Time :     34.00000
 Time :     35.00000
dtime = 5.182993412017822
mbcr =

   0.500000000000000   0.506217137503726   0.580683716899629   0.719638676627147

agsout =

   1.071449970512459e-02   1.071449970512455e-02
   1.059012883806302e-02   1.059012883806307e-02
   7.994809759236639e-03   7.994809759236656e-03
   2.902059011269929e-03   2.902059011269893e-03

ans = 2.944762980688779e-21
ans = 1.196695116877536e-20
nbcr = 2
lambda0 = 3.501084296647659
kmpl_prod = 0.180000000000000
 Time :      1.00000
 Time :      2.00000
 Time :      3.01000
 Time :      4.01000
 Time :      5.01000
 Time :      6.01000
 Time :      7.01000
 Time :      8.01000
 Time :      9.01000
 Time :     10.01000
 Time :     11.01000
 Time :     12.01000
 Time :     13.01000
 Time :     14.01000
 Time :     15.01000
 Time :     16.01000
 Time :     17.01000
 Time :     18.00000
 Time :     19.00000
 Time :     20.00000
 Time :     21.00000
 Time :     22.00000
 Time :     23.00000
 Time :     24.00000
 Time :     25.00000
 Time :     26.00000
 Time :     27.00000
 Time :     28.00000
 Time :     29.00000
 Time :     30.00000
 Time :     31.00000
 Time :     32.00000
 Time :     33.00000
 Time :     34.00000
 Time :     35.00000
dtime = 5.278778448700905
mbcr =

 Columns 1 through 4:

   0.500000000000000   0.506217137503726   0.580683716899629   0.719638676627147

 Column 5:

   0.700677111996444

agsout =

   1.071449970512459e-02   1.071449970512455e-02
   1.059012883806302e-02   1.059012883806307e-02
   7.994809759236639e-03   7.994809759236656e-03
   2.902059011269929e-03   2.902059011269893e-03
   3.627887274737687e-03   3.627887274737626e-03

ans = 1.204726523637543e-20
ans = 5.409993850644082e-21
nbcr = 2
lambda0 = 3.501084296647659
kmpl_prod = 0.180000000000000
 Time :      1.00000
 Time :      2.00000
 Time :      3.01000
 Time :      4.01000
 Time :      5.01000
 Time :      6.01000
 Time :      7.01000
 Time :      8.01000
 Time :      9.01000
 Time :     10.01000
 Time :     11.01000
 Time :     12.01000
 Time :     13.01000
 Time :     14.01000
 Time :     15.01000
 Time :     16.01000
 Time :     17.01000
 Time :     18.00000
 Time :     19.00000
 Time :     20.00000
 Time :     21.00000
 Time :     22.00000
 Time :     23.00000
 Time :     24.00000
 Time :     25.00000
 Time :     26.00000
 Time :     27.00000
 Time :     28.00000
 Time :     29.00000
 Time :     30.00000
 Time :     31.00000
 Time :     32.00000
 Time :     33.00000
 Time :     34.00000
 Time :     35.00000
dtime = 5.229362100362778
mbcr =

 Columns 1 through 4:

   0.500000000000000   0.506217137503726   0.580683716899629   0.719638676627147

 Columns 5 and 6:

   0.700677111996444   0.655580544862971

agsout =

   1.071449970512459e-02   1.071449970512455e-02
   1.059012883806302e-02   1.059012883806307e-02
   7.994809759236639e-03   7.994809759236656e-03
   2.902059011269929e-03   2.902059011269893e-03
   3.627887274737687e-03   3.627887274737626e-03
   5.450304277152708e-03   5.450304277152722e-03

ans = 6.352747104407253e-22
ans = 4.598581368517846e-21
dkps =

 Columns 1 through 3:

   9.344190971833102e-01   4.723816752428282e+01   1.826787031942791e+01

 Columns 4 through 6:

   7.569890971602986e+00   1.109581769501979e-01   2.520236350196628e+01

nbcr = 3
lambda0 = 3.501084296647659
kmpl_prod = 0.180000000000000
 Time :      1.00000
 Time :      2.00000
 Time :      3.01000
 Time :      4.01000
 Time :      5.01000
 Time :      6.01000
 Time :      7.01000
 Time :      8.01000
 Time :      9.01000
 Time :     10.01000
 Time :     11.01000
 Time :     12.01000
 Time :     13.01000
 Time :     14.01000
 Time :     15.01000
 Time :     16.01000
 Time :     17.01000
 Time :     18.00000
 Time :     19.00000
 Time :     20.00000
 Time :     21.00000
 Time :     22.00000
 Time :     23.00000
 Time :     24.00000
 Time :     25.00000
 Time :     26.00000
 Time :     27.00000
 Time :     28.00000
 Time :     29.00000
 Time :     30.00000
 Time :     31.00000
 Time :     32.00000
 Time :     33.00000
 Time :     34.00000
 Time :     35.00000
dtime = 12.03929297626019
mbcr = 0.333333333333333
agsout =

   8.291246921948960e-03   8.291246921948903e-03   8.291246921948933e-03

ans = 2.098235712207387e-21
ans = 9.380615887263468e-21
ans = -7.833400400877172e-22
nbcr = 3
lambda0 = 3.501084296647659
kmpl_prod = 0.180000000000000
 Time :      1.00000
 Time :      2.00000
 Time :      3.01000
 Time :      4.01000
 Time :      5.01000
 Time :      6.01000
 Time :      7.01000
 Time :      8.01000
 Time :      9.01000
 Time :     10.01000
 Time :     11.01000
 Time :     12.01000
 Time :     13.01000
 Time :     14.01000
 Time :     15.01000
 Time :     16.01000
 Time :     17.01000
 Time :     18.00000
 Time :     19.00000
 Time :     20.00000
 Time :     21.00000
 Time :     22.00000
 Time :     23.00000
 Time :     24.00000
 Time :     25.00000
 Time :     26.00000
 Time :     27.00000
 Time :     28.00000
 Time :     29.00000
 Time :     30.00000
 Time :     31.00000
 Time :     32.00000
 Time :     33.00000
 Time :     34.00000
 Time :     35.00000
dtime = 12.41278722882271
mbcr =

   0.333333333333333   0.647075450036039

agsout =

   8.291246921948960e-03   8.291246921948903e-03   8.291246921948933e-03
   1.202008573386756e-03   1.202008573386794e-03   1.202008573386791e-03

ans = 1.107760276331015e-20
ans = 1.299522714305827e-20
ans = 1.638418611268803e-20
nbcr = 3
lambda0 = 3.501084296647659
kmpl_prod = 0.180000000000000
 Time :      1.00000
 Time :      2.00000
 Time :      3.01000
 Time :      4.01000
 Time :      5.01000
 Time :      6.01000
 Time :      7.01000
 Time :      8.01000
 Time :      9.01000
 Time :     10.01000
 Time :     11.01000
 Time :     12.01000
 Time :     13.01000
 Time :     14.01000
 Time :     15.01000
 Time :     16.01000
 Time :     17.01000
 Time :     18.00000
 Time :     19.00000
 Time :     20.00000
 Time :     21.00000
 Time :     22.00000
 Time :     23.00000
 Time :     24.00000
 Time :     25.00000
 Time :     26.00000
 Time :     27.00000
 Time :     28.00000
 Time :     29.00000
 Time :     30.00000
 Time :     31.00000
 Time :     32.00000
 Time :     33.00000
 Time :     34.00000
 Time :     35.00000
dtime = 12.12036274373531
mbcr =

   0.333333333333333   0.647075450036039   0.582712763439395

agsout =

   8.291246921948960e-03   8.291246921948903e-03   8.291246921948933e-03
   1.202008573386756e-03   1.202008573386794e-03   1.202008573386791e-03
   3.227469397469078e-03   3.227469397469056e-03   3.227469397469056e-03

ans = 4.738090548703743e-21
ans = 5.200277715967747e-21
ans = 5.200277715967747e-21
nbcr = 3
lambda0 = 3.501084296647659
kmpl_prod = 0.180000000000000
 Time :      1.00000
 Time :      2.00000
 Time :      3.01000
 Time :      4.01000
 Time :      5.01000
 Time :      6.01000
 Time :      7.01000
 Time :      8.01000
 Time :      9.01000
 Time :     10.01000
 Time :     11.01000
 Time :     12.01000
 Time :     13.01000
 Time :     14.01000
 Time :     15.01000
 Time :     16.01000
 Time :     17.01000
 Time :     18.00000
 Time :     19.00000
 Time :     20.00000
 Time :     21.00000
 Time :     22.00000
 Time :     23.00000
 Time :     24.00000
 Time :     25.00000
 Time :     26.00000
 Time :     27.00000
 Time :     28.00000
 Time :     29.00000
 Time :     30.00000
 Time :     31.00000
 Time :     32.00000
 Time :     33.00000
 Time :     34.00000
 Time :     35.00000
dtime = 12.50210478901863
mbcr =

   0.333333333333333   0.647075450036039   0.582712763439395   0.581691785606352

agsout =

   8.291246921948960e-03   8.291246921948903e-03   8.291246921948933e-03
   1.202008573386756e-03   1.202008573386794e-03   1.202008573386791e-03
   3.227469397469078e-03   3.227469397469056e-03   3.227469397469056e-03
   3.315732573699819e-03   3.315732573699830e-03   3.315732573699832e-03

ans = 6.199718691084942e-22
ans = 7.069214761848886e-21
ans = 7.067586250017922e-21
nbcr = 3
lambda0 = 3.501084296647659
kmpl_prod = 0.180000000000000
 Time :      1.00000
 Time :      2.00000
 Time :      3.01000
 Time :      4.01000
 Time :      5.01000
 Time :      6.01000
 Time :      7.01000
 Time :      8.01000
 Time :      9.01000
 Time :     10.01000
 Time :     11.01000
 Time :     12.01000
 Time :     13.01000
 Time :     14.01000
 Time :     15.01000
 Time :     16.01000
 Time :     17.01000
 Time :     18.00000
 Time :     19.00000
 Time :     20.00000
 Time :     21.00000
 Time :     22.00000
 Time :     23.00000
 Time :     24.00000
 Time :     25.00000
 Time :     26.00000
 Time :     27.00000
 Time :     28.00000
 Time :     29.00000
 Time :     30.00000
 Time :     31.00000
 Time :     32.00000
 Time :     33.00000
 Time :     34.00000
 Time :     35.00000
dtime = 12.10255958139896
mbcr =

 Columns 1 through 4:

   0.333333333333333   0.647075450036039   0.582712763439395   0.581691785606352

 Column 5:

   0.628394122026809

agsout =

   8.291246921948960e-03   8.291246921948903e-03   8.291246921948933e-03
   1.202008573386756e-03   1.202008573386794e-03   1.202008573386791e-03
   3.227469397469078e-03   3.227469397469056e-03   3.227469397469056e-03
   3.315732573699819e-03   3.315732573699830e-03   3.315732573699832e-03
   1.986804604751187e-03   1.986804604751186e-03   1.986804604751157e-03

ans = -1.164670302474663e-21
ans = -1.022167762447090e-20
ans = -5.697206468958978e-23
nbcr = 3
lambda0 = 3.501084296647659
kmpl_prod = 0.180000000000000
 Time :      1.00000
 Time :      2.00000
 Time :      3.01000
 Time :      4.01000
 Time :      5.01000
 Time :      6.01000
 Time :      7.01000
 Time :      8.01000
 Time :      9.01000
 Time :     10.01000
 Time :     11.01000
 Time :     12.01000
 Time :     13.01000
 Time :     14.01000
 Time :     15.01000
 Time :     16.01000
 Time :     17.01000
 Time :     18.00000
 Time :     19.00000
 Time :     20.00000
 Time :     21.00000
 Time :     22.00000
 Time :     23.00000
 Time :     24.00000
 Time :     25.00000
 Time :     26.00000
 Time :     27.00000
 Time :     28.00000
 Time :     29.00000
 Time :     30.00000
 Time :     31.00000
 Time :     32.00000
 Time :     33.00000
 Time :     34.00000
 Time :     35.00000
dtime = 12.55831047892570
mbcr =

 Columns 1 through 4:

   0.333333333333333   0.647075450036039   0.582712763439395   0.581691785606352

 Columns 5 and 6:

   0.628394122026809   0.697468033558398

agsout =

   8.291246921948960e-03   8.291246921948903e-03   8.291246921948933e-03
   1.202008573386756e-03   1.202008573386794e-03   1.202008573386791e-03
   3.227469397469078e-03   3.227469397469056e-03   3.227469397469056e-03
   3.315732573699819e-03   3.315732573699830e-03   3.315732573699832e-03
   1.986804604751187e-03   1.986804604751186e-03   1.986804604751157e-03
   1.437586295107767e-04   1.437586295107771e-04   1.437586295107528e-04

ans = 6.352747104407253e-22
ans = 4.703693284984426e-21
ans = 1.315554427773514e-21
dkps =

 Columns 1 through 3:

   1.424456002038063e+01   8.340725197080518e+01   1.272314028591496e+01

 Columns 4 through 6:

   1.394962777531206e+00   4.698775381417907e+00   6.094232045446126e+00

nbcr = 4
lambda0 = 3.501084296647659
kmpl_prod = 0.180000000000000
 Time :      1.00000
 Time :      2.00000
 Time :      3.01000
 Time :      4.01000
 Time :      5.01000
 Time :      6.01000
 Time :      7.01000
 Time :      8.01000
 Time :      9.01000
 Time :     10.01000
 Time :     11.01000
 Time :     12.01000
 Time :     13.01000
 Time :     14.01000
 Time :     15.01000
 Time :     16.01000
 Time :     17.01000
 Time :     18.00000
 Time :     19.00000
 Time :     20.00000
 Time :     21.00000
 Time :     22.00000
 Time :     23.00000
 Time :     24.00000
 Time :     25.00000
 Time :     26.00000
 Time :     27.00000
 Time :     28.00000
 Time :     29.00000
 Time :     30.00000
 Time :     31.00000
 Time :     32.00000
 Time :     33.00000
 Time :     34.00000
 Time :     35.00000
dtime = 18.15896406769753
mbcr = 0.250000000000000
agsout =

 Columns 1 through 3:

   7.111158578391398e-03   7.111158578391355e-03   7.111158578391386e-03

 Column 4:

   7.111158578391386e-03

ans = 1.091438968869578e-20
ans = 1.579922724794526e-20
ans = 9.027228819944329e-21
ans = 9.027228819944329e-21
nbcr = 4
lambda0 = 3.501084296647659
kmpl_prod = 0.180000000000000
 Time :      1.00000
 Time :      2.00000
 Time :      3.01000
 Time :      4.01000
 Time :      5.01000
 Time :      6.01000
 Time :      7.01000
 Time :      8.01000
 Time :      9.01000
 Time :     10.01000
 Time :     11.01000
 Time :     12.01000
 Time :     13.01000
 Time :     14.01000
 Time :     15.01000
 Time :     16.01000
 Time :     17.01000
 Time :     18.00000
 Time :     19.00000
 Time :     20.00000
 Time :     21.00000
 Time :     22.00000
 Time :     23.00000
 Time :     24.00000
 Time :     25.00000
 Time :     26.00000
 Time :     27.00000
 Time :     28.00000
 Time :     29.00000
 Time :     30.00000
 Time :     31.00000
 Time :     32.00000
 Time :     33.00000
 Time :     34.00000
 Time :     35.00000
dtime = 18.38473230600357
mbcr =

   0.250000000000000   0.489630972167183

agsout =

 Columns 1 through 3:

   7.111158578391398e-03   7.111158578391355e-03   7.111158578391386e-03
   3.451870911673267e-03   3.451870911673274e-03   3.451870911673213e-03

 Column 4:

   7.111158578391386e-03
   3.451870911673205e-03

ans = 1.862293751586573e-21
ans = 1.284306468443973e-20
ans = 9.467444002187394e-21
ans = 9.461343545169815e-21
nbcr = 4
lambda0 = 3.501084296647659
kmpl_prod = 0.180000000000000
 Time :      1.00000
 Time :      2.00000
 Time :      3.01000
 Time :      4.01000
 Time :      5.01000
 Time :      6.01000
 Time :      7.01000
 Time :      8.01000
 Time :      9.01000
 Time :     10.01000
 Time :     11.01000
 Time :     12.01000
 Time :     13.01000
 Time :     14.01000
 Time :     15.01000
 Time :     16.01000
 Time :     17.01000
 Time :     18.00000
 Time :     19.00000
 Time :     20.00000
 Time :     21.00000
 Time :     22.00000
 Time :     23.00000
 Time :     24.00000
 Time :     25.00000
 Time :     26.00000
 Time :     27.00000
 Time :     28.00000
 Time :     29.00000
 Time :     30.00000
 Time :     31.00000
 Time :     32.00000
 Time :     33.00000
 Time :     34.00000
 Time :     35.00000
dtime = 18.26346963644028
mbcr =

   0.250000000000000   0.489630972167183   0.429290602417839

agsout =

 Columns 1 through 3:

   7.111158578391398e-03   7.111158578391355e-03   7.111158578391386e-03
   3.451870911673267e-03   3.451870911673274e-03   3.451870911673213e-03
   4.524964989124698e-03   4.524964989124720e-03   4.524964989124766e-03

 Column 4:

   7.111158578391386e-03
   3.451870911673205e-03
   4.524964989124693e-03

ans = 1.715469192858410e-21
ans = 1.366140480419610e-21
ans = 4.762078786467780e-21
ans = 1.366967661032163e-21
nbcr = 4
lambda0 = 3.501084296647659
kmpl_prod = 0.180000000000000
 Time :      1.00000
 Time :      2.00000
 Time :      3.01000
 Time :      4.01000
 Time :      5.01000
 Time :      6.01000
 Time :      7.01000
 Time :      8.01000
 Time :      9.01000
 Time :     10.01000
 Time :     11.01000
 Time :     12.01000
 Time :     13.01000
 Time :     14.01000
 Time :     15.01000
 Time :     16.01000
 Time :     17.01000
 Time :     18.00000
 Time :     19.00000
 Time :     20.00000
 Time :     21.00000
 Time :     22.00000
 Time :     23.00000
 Time :     24.00000
 Time :     25.00000
 Time :     26.00000
 Time :     27.00000
 Time :     28.00000
 Time :     29.00000
 Time :     30.00000
 Time :     31.00000
 Time :     32.00000
 Time :     33.00000
 Time :     34.00000
 Time :     35.00000
dtime = 18.34120005369186
mbcr =

   0.250000000000000   0.489630972167183   0.429290602417839   0.531798134242991

agsout =

 Columns 1 through 3:

   7.111158578391398e-03   7.111158578391355e-03   7.111158578391386e-03
   3.451870911673267e-03   3.451870911673274e-03   3.451870911673213e-03
   4.524964989124698e-03   4.524964989124720e-03   4.524964989124766e-03
   2.751181584531984e-03   2.751181584531925e-03   2.751181584531927e-03

 Column 4:

   7.111158578391386e-03
   3.451870911673205e-03
   4.524964989124693e-03
   2.751181584531925e-03

ans = -3.168101746078096e-21
ans = 1.102869570959295e-20
ans = 1.441481124586705e-20
ans = 1.102869570959295e-20
nbcr = 4
lambda0 = 3.501084296647659
kmpl_prod = 0.180000000000000
 Time :      1.00000
 Time :      2.00000
 Time :      3.01000
 Time :      4.01000
 Time :      5.01000
 Time :      6.01000
 Time :      7.01000
 Time :      8.01000
 Time :      9.01000
 Time :     10.01000
 Time :     11.01000
 Time :     12.01000
 Time :     13.01000
 Time :     14.01000
 Time :     15.01000
 Time :     16.01000
 Time :     17.01000
 Time :     18.00000
 Time :     19.00000
 Time :     20.00000
 Time :     21.00000
 Time :     22.00000
 Time :     23.00000
 Time :     24.00000
 Time :     25.00000
 Time :     26.00000
 Time :     27.00000
 Time :     28.00000
 Time :     29.00000
 Time :     30.00000
 Time :     31.00000
 Time :     32.00000
 Time :     33.00000
 Time :     34.00000
 Time :     35.00000
dtime = 19.01374720036983
mbcr =

 Columns 1 through 4:

   0.250000000000000   0.489630972167183   0.429290602417839   0.531798134242991

 Column 5:

   0.620745537793421

agsout =

 Columns 1 through 3:

   7.111158578391398e-03   7.111158578391355e-03   7.111158578391386e-03
   3.451870911673267e-03   3.451870911673274e-03   3.451870911673213e-03
   4.524964989124698e-03   4.524964989124720e-03   4.524964989124766e-03
   2.751181584531984e-03   2.751181584531925e-03   2.751181584531927e-03
   7.656023320041702e-04   7.656023320041879e-04   7.656023320041740e-04

 Column 4:

   7.111158578391386e-03
   3.451870911673205e-03
   4.524964989124693e-03
   2.751181584531925e-03
   7.656023320042105e-04

ans = -3.308722450212111e-21
ans = -3.626741083996072e-21
ans = -3.625513237774314e-21
ans = -2.385188220993726e-22
nbcr = 4
lambda0 = 3.501084296647659
kmpl_prod = 0.180000000000000
 Time :      1.00000
 Time :      2.00000
 Time :      3.01000
 Time :      4.01000
 Time :      5.01000
 Time :      6.01000
 Time :      7.01000
 Time :      8.01000
 Time :      9.01000
 Time :     10.01000
 Time :     11.01000
 Time :     12.01000
 Time :     13.01000
 Time :     14.01000
 Time :     15.01000
 Time :     16.01000
 Time :     17.01000
 Time :     18.00000
 Time :     19.00000
 Time :     20.00000
 Time :     21.00000
 Time :     22.00000
 Time :     23.00000
 Time :     24.00000
 Time :     25.00000
 Time :     26.00000
 Time :     27.00000
 Time :     28.00000
 Time :     29.00000
 Time :     30.00000
 Time :     31.00000
 Time :     32.00000
 Time :     33.00000
 Time :     34.00000
 Time :     35.00000
dtime = 18.75546053051949
mbcr =

 Columns 1 through 4:

   0.250000000000000   0.489630972167183   0.429290602417839   0.531798134242991

 Columns 5 and 6:

   0.620745537793421   0.616007985720004

agsout =

 Columns 1 through 3:

   7.111158578391398e-03   7.111158578391355e-03   7.111158578391386e-03
   3.451870911673267e-03   3.451870911673274e-03   3.451870911673213e-03
   4.524964989124698e-03   4.524964989124720e-03   4.524964989124766e-03
   2.751181584531984e-03   2.751181584531925e-03   2.751181584531927e-03
   7.656023320041702e-04   7.656023320041879e-04   7.656023320041740e-04
   8.094185345354313e-04   8.094185345354227e-04   8.094185345354010e-04

 Column 4:

   7.111158578391386e-03
   3.451870911673205e-03
   4.524964989124693e-03
   2.751181584531925e-03
   7.656023320042105e-04
   8.094185345354192e-04

ans = 8.318128239833246e-21
ans = 1.187766736140792e-20
ans = 8.490731106869800e-21
ans = 1.187854624080876e-20
dkps =

 Columns 1 through 3:

   3.118490285069139e+01   1.342429363821316e+01   3.520893025061777e+01

 Columns 4 through 6:

   3.558995752360340e+01   2.052928717899033e+01   7.177018049385016e+00

nbcr = 5
lambda0 = 3.501084296647659
kmpl_prod = 0.180000000000000
 Time :      1.00000
 Time :      2.00000
 Time :      3.01000
 Time :      4.01000
 Time :      5.01000
 Time :      6.01000
 Time :      7.01000
 Time :      8.01000
 Time :      9.01000
 Time :     10.01000
 Time :     11.01000
 Time :     12.01000
 Time :     13.01000
 Time :     14.01000
 Time :     15.01000
 Time :     16.01000
 Time :     17.01000
 Time :     18.00000
 Time :     19.00000
 Time :     20.00000
 Time :     21.00000
 Time :     22.00000
 Time :     23.00000
 Time :     24.00000
 Time :     25.00000
 Time :     26.00000
 Time :     27.00000
 Time :     28.00000
 Time :     29.00000
 Time :     30.00000
 Time :     31.00000
 Time :     32.00000
 Time :     33.00000
 Time :     34.00000
 Time :     35.00000
dtime = 22.98841886222363
mbcr = 0.200000000000000
agsout =

 Columns 1 through 3:

   6.412471217994505e-03   6.412471217994479e-03   6.412471217994676e-03

 Columns 4 and 5:

   6.412471217994509e-03   6.412471217994673e-03

ans = -7.692262708860312e-22
ans = 5.035461978916556e-22
ans = -2.879777603815081e-21
ans = 5.045284748690623e-22
ans = -2.880708182004203e-21
nbcr = 5
lambda0 = 3.501084296647659
kmpl_prod = 0.180000000000000
 Time :      1.00000
 Time :      2.00000
 Time :      3.01000
 Time :      4.01000
 Time :      5.01000
 Time :      6.01000
 Time :      7.01000
 Time :      8.01000
 Time :      9.01000
 Time :     10.01000
 Time :     11.01000
 Time :     12.01000
 Time :     13.01000
 Time :     14.01000
 Time :     15.01000
 Time :     16.01000
 Time :     17.01000
 Time :     18.00000
 Time :     19.00000
 Time :     20.00000
 Time :     21.00000
 Time :     22.00000
 Time :     23.00000
 Time :     24.00000
 Time :     25.00000
 Time :     26.00000
 Time :     27.00000
 Time :     28.00000
 Time :     29.00000
 Time :     30.00000
 Time :     31.00000
 Time :     32.00000
 Time :     33.00000
 Time :     34.00000
 Time :     35.00000
dtime = 23.12873192131519
mbcr =

   0.200000000000000   0.398847636222918

agsout =

 Columns 1 through 3:

   6.412471217994505e-03   6.412471217994479e-03   6.412471217994676e-03
   3.961049269030995e-03   3.961049269030979e-03   3.961049269030961e-03

 Columns 4 and 5:

   6.412471217994509e-03   6.412471217994673e-03
   3.961049269030972e-03   3.961049269031002e-03

ans = 8.445720849319551e-21
ans = 8.331466527210664e-21
ans = 8.331518225998948e-21
ans = 4.940904895144088e-21
ans = 8.329243479314428e-21
nbcr = 5
lambda0 = 3.501084296647659
kmpl_prod = 0.180000000000000
 Time :      1.00000
 Time :      2.00000
 Time :      3.01000
 Time :      4.01000
 Time :      5.01000
 Time :      6.01000
 Time :      7.01000
 Time :      8.01000
 Time :      9.01000
 Time :     10.01000
 Time :     11.01000
 Time :     12.01000
 Time :     13.01000
 Time :     14.01000
 Time :     15.01000
 Time :     16.01000
 Time :     17.01000
 Time :     18.00000
 Time :     19.00000
 Time :     20.00000
 Time :     21.00000
 Time :     22.00000
 Time :     23.00000
 Time :     24.00000
 Time :     25.00000
 Time :     26.00000
 Time :     27.00000
 Time :     28.00000
 Time :     29.00000
 Time :     30.00000
 Time :     31.00000
 Time :     32.00000
 Time :     33.00000
 Time :     34.00000
 Time :     35.00000
dtime = 23.35048690438271
mbcr =

   0.200000000000000   0.398847636222918   0.497326192545976

agsout =

 Columns 1 through 3:

   6.412471217994505e-03   6.412471217994479e-03   6.412471217994676e-03
   3.961049269030995e-03   3.961049269030979e-03   3.961049269030961e-03
   2.474873822762352e-03   2.474873822762378e-03   2.474873822762421e-03

 Columns 4 and 5:

   6.412471217994509e-03   6.412471217994673e-03
   3.961049269030972e-03   3.961049269031002e-03
   2.474873822762404e-03   2.474873822762340e-03

ans = 2.387243247828038e-21
ans = 5.167190491465626e-21
ans = 5.164140262956836e-21
ans = 1.776008473939635e-21
ans = 8.552892437433452e-21
nbcr = 5
lambda0 = 3.501084296647659
kmpl_prod = 0.180000000000000
 Time :      1.00000
 Time :      2.00000
 Time :      3.01000
 Time :      4.01000
 Time :      5.01000
 Time :      6.01000
 Time :      7.01000
 Time :      8.01000
 Time :      9.01000
 Time :     10.01000
 Time :     11.01000
 Time :     12.01000
 Time :     13.01000
 Time :     14.01000
 Time :     15.01000
 Time :     16.01000
 Time :     17.01000
 Time :     18.00000
 Time :     19.00000
 Time :     20.00000
 Time :     21.00000
 Time :     22.00000
 Time :     23.00000
 Time :     24.00000
 Time :     25.00000
 Time :     26.00000
 Time :     27.00000
 Time :     28.00000
 Time :     29.00000
 Time :     30.00000
 Time :     31.00000
 Time :     32.00000
 Time :     33.00000
 Time :     34.00000
 Time :     35.00000
dtime = 23.25472198426723
mbcr =

   0.200000000000000   0.398847636222918   0.497326192545976   0.465368541956260

agsout =

 Columns 1 through 3:

   6.412471217994505e-03   6.412471217994479e-03   6.412471217994676e-03
   3.961049269030995e-03   3.961049269030979e-03   3.961049269030961e-03
   2.474873822762352e-03   2.474873822762378e-03   2.474873822762421e-03
   3.000351448810096e-03   3.000351448810146e-03   3.000351448810106e-03

 Columns 4 and 5:

   6.412471217994509e-03   6.412471217994673e-03
   3.961049269030972e-03   3.961049269031002e-03
   2.474873822762404e-03   2.474873822762340e-03
   3.000351448810119e-03   3.000351448810119e-03

ans = 1.125110389679314e-20
ans = 5.529960888858413e-21
ans = -1.245940797657998e-21
ans = 5.533011117367202e-21
ans = 5.533011117367202e-21
nbcr = 5
lambda0 = 3.501084296647659
kmpl_prod = 0.180000000000000
 Time :      1.00000
 Time :      2.00000
 Time :      3.01000
 Time :      4.01000
 Time :      5.01000
 Time :      6.01000
 Time :      7.01000
 Time :      8.01000
 Time :      9.01000
 Time :     10.01000
 Time :     11.01000
 Time :     12.01000
 Time :     13.01000
 Time :     14.01000
 Time :     15.01000
 Time :     16.01000
 Time :     17.01000
 Time :     18.00000
 Time :     19.00000
 Time :     20.00000
 Time :     21.00000
 Time :     22.00000
 Time :     23.00000
 Time :     24.00000
 Time :     25.00000
 Time :     26.00000
 Time :     27.00000
 Time :     28.00000
 Time :     29.00000
 Time :     30.00000
 Time :     31.00000
 Time :     32.00000
 Time :     33.00000
 Time :     34.00000
 Time :     35.00000
dtime = 23.37534092366695
mbcr =

 Columns 1 through 4:

   0.200000000000000   0.398847636222918   0.497326192545976   0.465368541956260

 Column 5:

   0.451955309957318

agsout =

 Columns 1 through 3:

   6.412471217994505e-03   6.412471217994479e-03   6.412471217994676e-03
   3.961049269030995e-03   3.961049269030979e-03   3.961049269030961e-03
   2.474873822762352e-03   2.474873822762378e-03   2.474873822762421e-03
   3.000351448810096e-03   3.000351448810146e-03   3.000351448810106e-03
   3.252002442144215e-03   3.252002442144197e-03   3.252002442144211e-03

 Columns 4 and 5:

   6.412471217994509e-03   6.412471217994673e-03
   3.961049269030972e-03   3.961049269031002e-03
   2.474873822762404e-03   2.474873822762340e-03
   3.000351448810119e-03   3.000351448810119e-03
   3.252002442144233e-03   3.252002442144205e-03

ans = 3.942342799427730e-21
ans = 1.350268952416249e-21
ans = 1.350372349992818e-21
ans = -2.047530510010166e-21
ans = 1.348356097249720e-21
nbcr = 5
lambda0 = 3.501084296647659
kmpl_prod = 0.180000000000000
 Time :      1.00000
 Time :      2.00000
 Time :      3.01000
 Time :      4.01000
 Time :      5.01000
 Time :      6.01000
 Time :      7.01000
 Time :      8.01000
 Time :      9.01000
 Time :     10.01000
 Time :     11.01000
 Time :     12.01000
 Time :     13.01000
 Time :     14.01000
 Time :     15.01000
 Time :     16.01000
 Time :     17.01000
 Time :     18.00000
 Time :     19.00000
 Time :     20.00000
 Time :     21.00000
 Time :     22.00000
 Time :     23.00000
 Time :     24.00000
 Time :     25.00000
 Time :     26.00000
 Time :     27.00000
 Time :     28.00000
 Time :     29.00000
 Time :     30.00000
 Time :     31.00000
 Time :     32.00000
 Time :     33.00000
 Time :     34.00000
 Time :     35.00000
dtime = 22.80940152704716
mbcr =

 Columns 1 through 4:

   0.200000000000000   0.398847636222918   0.497326192545976   0.465368541956260

 Columns 5 and 6:

   0.451955309957318   0.474505706723750

agsout =

 Columns 1 through 3:

   6.412471217994505e-03   6.412471217994479e-03   6.412471217994676e-03
   3.961049269030995e-03   3.961049269030979e-03   3.961049269030961e-03
   2.474873822762352e-03   2.474873822762378e-03   2.474873822762421e-03
   3.000351448810096e-03   3.000351448810146e-03   3.000351448810106e-03
   3.252002442144215e-03   3.252002442144197e-03   3.252002442144211e-03
   2.940812839490552e-03   2.940812839490569e-03   2.940812839490571e-03

 Columns 4 and 5:

   6.412471217994509e-03   6.412471217994673e-03
   3.961049269030972e-03   3.961049269031002e-03
   2.474873822762404e-03   2.474873822762340e-03
   3.000351448810119e-03   3.000351448810119e-03
   3.252002442144233e-03   3.252002442144205e-03
   2.940812839490578e-03   2.940812839490579e-03

ans = 1.091051227957444e-21
ans = -4.892928419616012e-21
ans = -4.895513359030241e-21
ans = -4.894686178417688e-21
ans = -4.890550275354922e-21
dkps =

 Columns 1 through 3:

   4.469390464407335e+01   2.876394074925889e+01   9.617004744572663e+00

 Columns 4 through 6:

   3.276685430080839e+00   4.847162237318404e+00   1.838662298833560e+01

nbcr = 7
lambda0 = 3.501084296647659
kmpl_prod = 0.180000000000000
 Time :      1.00000
 Time :      2.00000
 Time :      3.01000
 Time :      4.01000
 Time :      5.01000
 Time :      6.01000
 Time :      7.01000
 Time :      8.01000
 Time :      9.01000
 Time :     10.01000
 Time :     11.01000
 Time :     12.01000
 Time :     13.01000
 Time :     14.01000
 Time :     15.01000
 Time :     16.01000
 Time :     17.01000
 Time :     18.00000
 Time :     19.00000
 Time :     20.00000
 Time :     21.00000
 Time :     22.00000
 Time :     23.00000
 Time :     24.00000
 Time :     25.00000
 Time :     26.00000
 Time :     27.00000
 Time :     28.00000
 Time :     29.00000
 Time :     30.00000
 Time :     31.00000
 Time :     32.00000
 Time :     33.00000
 Time :     34.00000
 Time :     35.00000
dtime = 32.71898366510868
mbcr = 0.142857142857143
agsout =

 Columns 1 through 3:

   5.620669024814049e-03   5.620669024814032e-03   5.620669024814062e-03

 Columns 4 through 6:

   5.620669024814092e-03   5.620669024814003e-03   5.620669024814083e-03

 Column 7:

   5.620669024814048e-03

ans = -1.833497526512070e-22
ans = 1.019251950787841e-20
ans = 6.802216369753254e-21
ans = 1.020110150673364e-20
ans = 1.020410003645415e-20
ans = 1.019830977216628e-20
ans = 3.424837928699242e-21
nbcr = 7
lambda0 = 3.501084296647659
kmpl_prod = 0.180000000000000
 Time :      1.00000
 Time :      2.00000
 Time :      3.01000
 Time :      4.01000
 Time :      5.01000
 Time :      6.01000
 Time :      7.01000
 Time :      8.01000
 Time :      9.01000
 Time :     10.01000
 Time :     11.01000
 Time :     12.01000
 Time :     13.01000
 Time :     14.01000
 Time :     15.01000
 Time :     16.01000
 Time :     17.01000
 Time :     18.00000
 Time :     19.00000
 Time :     20.00000
 Time :     21.00000
 Time :     22.00000
 Time :     23.00000
 Time :     24.00000
 Time :     25.00000
 Time :     26.00000
 Time :     27.00000
 Time :     28.00000
 Time :     29.00000
 Time :     30.00000
 Time :     31.00000
 Time :     32.00000
 Time :     33.00000
 Time :     34.00000
 Time :     35.00000
dtime = 32.70634040236473
mbcr =

   0.142857142857143   0.310727620298759

agsout =

 Columns 1 through 3:

   5.620669024814049e-03   5.620669024814032e-03   5.620669024814062e-03
   4.026817717778452e-03   4.026817717778527e-03   4.026817717778513e-03

 Columns 4 through 6:

   5.620669024814092e-03   5.620669024814003e-03   5.620669024814083e-03
   4.026817717778527e-03   4.026817717778530e-03   4.026817717778525e-03

 Column 7:

   5.620669024814048e-03
   4.026817717778444e-03

ans = -4.153273855628752e-21
ans = -3.858900955136443e-21
ans = -3.855799027839369e-21
ans = -3.858900955136443e-21
ans = -3.861279099397533e-21
ans = -1.063692229197252e-20
ans = -3.858797557559874e-21
nbcr = 7
lambda0 = 3.501084296647659
kmpl_prod = 0.180000000000000
 Time :      1.00000
 Time :      2.00000
 Time :      3.01000
 Time :      4.01000
 Time :      5.01000
 Time :      6.01000
 Time :      7.01000
 Time :      8.01000
 Time :      9.01000
 Time :     10.01000
 Time :     11.01000
 Time :     12.01000
 Time :     13.01000
 Time :     14.01000
 Time :     15.01000
 Time :     16.01000
 Time :     17.01000
 Time :     18.00000
 Time :     19.00000
 Time :     20.00000
 Time :     21.00000
 Time :     22.00000
 Time :     23.00000
 Time :     24.00000
 Time :     25.00000
 Time :     26.00000
 Time :     27.00000
 Time :     28.00000
 Time :     29.00000
 Time :     30.00000
 Time :     31.00000
 Time :     32.00000
 Time :     33.00000
 Time :     34.00000
 Time :     35.00000
dtime = 32.84965083003044
mbcr =

   0.142857142857143   0.310727620298759   0.398614232627723

agsout =

 Columns 1 through 3:

   5.620669024814049e-03   5.620669024814032e-03   5.620669024814062e-03
   4.026817717778452e-03   4.026817717778527e-03   4.026817717778513e-03
   3.074692145917764e-03   3.074692145917849e-03   3.074692145917826e-03

 Columns 4 through 6:

   5.620669024814092e-03   5.620669024814003e-03   5.620669024814083e-03
   4.026817717778527e-03   4.026817717778530e-03   4.026817717778525e-03
   3.074692145917845e-03   3.074692145917800e-03   3.074692145917744e-03

 Column 7:

   5.620669024814048e-03
   4.026817717778444e-03
   3.074692145917831e-03

ans = 1.054655281005110e-21
ans = -4.623422636288579e-21
ans = -8.010623847116658e-21
ans = -4.623836226594856e-21
ans = -4.622905648405733e-21
ans = -8.016207316251391e-21
ans = -4.622492058099457e-21
nbcr = 7
lambda0 = 3.501084296647659
kmpl_prod = 0.180000000000000
 Time :      1.00000
 Time :      2.00000
 Time :      3.01000
 Time :      4.01000
 Time :      5.01000
 Time :      6.01000
 Time :      7.01000
 Time :      8.01000
 Time :      9.01000
 Time :     10.01000
 Time :     11.01000
 Time :     12.01000
 Time :     13.01000
 Time :     14.01000
 Time :     15.01000
 Time :     16.01000
 Time :     17.01000
 Time :     18.00000
 Time :     19.00000
 Time :     20.00000
 Time :     21.00000
 Time :     22.00000
 Time :     23.00000
 Time :     24.00000
 Time :     25.00000
 Time :     26.00000
 Time :     27.00000
 Time :     28.00000
 Time :     29.00000
 Time :     30.00000
 Time :     31.00000
 Time :     32.00000
 Time :     33.00000
 Time :     34.00000
 Time :     35.00000
dtime = 32.82036110758781
mbcr =

   0.142857142857143   0.310727620298759   0.398614232627723   0.466237155391555

agsout =

 Columns 1 through 3:

   5.620669024814049e-03   5.620669024814032e-03   5.620669024814062e-03
   4.026817717778452e-03   4.026817717778527e-03   4.026817717778513e-03
   3.074692145917764e-03   3.074692145917849e-03   3.074692145917826e-03
   2.038505231025165e-03   2.038505231025171e-03   2.038505231025146e-03

 Columns 4 through 6:

   5.620669024814092e-03   5.620669024814003e-03   5.620669024814083e-03
   4.026817717778527e-03   4.026817717778530e-03   4.026817717778525e-03
   3.074692145917845e-03   3.074692145917800e-03   3.074692145917744e-03
   2.038505231025162e-03   2.038505231025131e-03   2.038505231025146e-03

 Column 7:

   5.620669024814048e-03
   4.026817717778444e-03
   3.074692145917831e-03
   2.038505231025146e-03

ans = -4.598297025182281e-21
ans = -9.496033432108758e-22
ans = -4.337890228592931e-21
ans = -9.530671620259416e-22
ans = -9.541011377916329e-22
ans = -9.521882826251040e-22
ans = -9.521882826251040e-22
nbcr = 7
lambda0 = 3.501084296647659
kmpl_prod = 0.180000000000000
 Time :      1.00000
 Time :      2.00000
 Time :      3.01000
 Time :      4.01000
 Time :      5.01000
 Time :      6.01000
 Time :      7.01000
 Time :      8.01000
 Time :      9.01000
 Time :     10.01000
 Time :     11.01000
 Time :     12.01000
 Time :     13.01000
 Time :     14.01000
 Time :     15.01000
 Time :     16.01000
 Time :     17.01000
 Time :     18.00000
 Time :     19.00000
 Time :     20.00000
 Time :     21.00000
 Time :     22.00000
 Time :     23.00000
 Time :     24.00000
 Time :     25.00000
 Time :     26.00000
 Time :     27.00000
 Time :     28.00000
 Time :     29.00000
 Time :     30.00000
 Time :     31.00000
 Time :     32.00000
 Time :     33.00000
 Time :     34.00000
 Time :     35.00000
dtime = 33.69349054992199
mbcr =

 Columns 1 through 4:

   0.142857142857143   0.310727620298759   0.398614232627723   0.466237155391555

 Column 5:

   0.525563859185642

agsout =

 Columns 1 through 3:

   5.620669024814049e-03   5.620669024814032e-03   5.620669024814062e-03
   4.026817717778452e-03   4.026817717778527e-03   4.026817717778513e-03
   3.074692145917764e-03   3.074692145917849e-03   3.074692145917826e-03
   2.038505231025165e-03   2.038505231025171e-03   2.038505231025146e-03
   9.902081454060043e-04   9.902081454060102e-04   9.902081454060952e-04

 Columns 4 through 6:

   5.620669024814092e-03   5.620669024814003e-03   5.620669024814083e-03
   4.026817717778527e-03   4.026817717778530e-03   4.026817717778525e-03
   3.074692145917845e-03   3.074692145917800e-03   3.074692145917744e-03
   2.038505231025162e-03   2.038505231025131e-03   2.038505231025146e-03
   9.902081454060611e-04   9.902081454060884e-04   9.902081454060334e-04

 Column 7:

   5.620669024814048e-03
   4.026817717778444e-03
   3.074692145917831e-03
   2.038505231025146e-03
   9.902081454060338e-04

ans = 5.677767724563982e-21
ans = 4.580073202311972e-21
ans = 7.966343834950929e-21
ans = 4.580564340800675e-21
ans = 1.189925160551673e-21
ans = 4.581520768383940e-21
ans = 4.581572467172224e-21
nbcr = 7
lambda0 = 3.501084296647659
kmpl_prod = 0.180000000000000
 Time :      1.00000
 Time :      2.00000
 Time :      3.01000
 Time :      4.01000
 Time :      5.01000
 Time :      6.01000
 Time :      7.01000
 Time :      8.01000
 Time :      9.01000
 Time :     10.01000
 Time :     11.01000
 Time :     12.01000
 Time :     13.01000
 Time :     14.01000
 Time :     15.01000
 Time :     16.01000
 Time :     17.01000
 Time :     18.00000
 Time :     19.00000
 Time :     20.00000
 Time :     21.00000
 Time :     22.00000
 Time :     23.00000
 Time :     24.00000
 Time :     25.00000
 Time :     26.00000
 Time :     27.00000
 Time :     28.00000
 Time :     29.00000
 Time :     30.00000
 Time :     31.00000
 Time :     32.00000
 Time :     33.00000
 Time :     34.00000
 Time :     35.00000
dtime = 33.24614837765694
mbcr =

 Columns 1 through 4:

   0.142857142857143   0.310727620298759   0.398614232627723   0.466237155391555

 Columns 5 and 6:

   0.525563859185642   0.529902789524759

agsout =

 Columns 1 through 3:

   5.620669024814049e-03   5.620669024814032e-03   5.620669024814062e-03
   4.026817717778452e-03   4.026817717778527e-03   4.026817717778513e-03
   3.074692145917764e-03   3.074692145917849e-03   3.074692145917826e-03
   2.038505231025165e-03   2.038505231025171e-03   2.038505231025146e-03
   9.902081454060043e-04   9.902081454060102e-04   9.902081454060952e-04
   8.718476355402570e-04   8.718476355402957e-04   8.718476355402998e-04

 Columns 4 through 6:

   5.620669024814092e-03   5.620669024814003e-03   5.620669024814083e-03
   4.026817717778527e-03   4.026817717778530e-03   4.026817717778525e-03
   3.074692145917845e-03   3.074692145917800e-03   3.074692145917744e-03
   2.038505231025162e-03   2.038505231025131e-03   2.038505231025146e-03
   9.902081454060611e-04   9.902081454060884e-04   9.902081454060334e-04
   8.718476355402373e-04   8.718476355402918e-04   8.718476355402928e-04

 Column 7:

   5.620669024814048e-03
   4.026817717778444e-03
   3.074692145917831e-03
   2.038505231025146e-03
   9.902081454060338e-04
   8.718476355402920e-04

ans = 8.003799607063096e-21
ans = 4.627390518289419e-21
ans = 4.628631289208249e-21
ans = 4.629161201788166e-21
ans = 4.626498714191511e-21
ans = 4.626498714191511e-21
ans = 4.626395316614942e-21
dkps =

 Columns 1 through 3:

   5.433479419012547e+01   1.444920763113151e+02   2.456650698380739e+01

 Columns 4 through 6:

   1.306547269303927e+02   1.436455459682213e+02   2.987495988096483e+01

nbcr = 10
lambda0 = 3.501084296647659
kmpl_prod = 0.180000000000000
 Time :      1.00000
 Time :      2.00000
 Time :      3.01000
 Time :      4.01000
 Time :      5.01000
 Time :      6.01000
 Time :      7.01000
 Time :      8.01000
 Time :      9.01000
 Time :     10.01000
 Time :     11.01000
 Time :     12.01000
 Time :     13.01000
 Time :     14.01000
 Time :     15.01000
 Time :     16.01000
 Time :     17.01000
 Time :     18.00000
 Time :     19.00000
 Time :     20.00000
 Time :     21.00000
 Time :     22.00000
 Time :     23.00000
 Time :     24.00000
 Time :     25.00000
 Time :     26.00000
 Time :     27.00000
 Time :     28.00000
 Time :     29.00000
 Time :     30.00000
 Time :     31.00000
 Time :     32.00000
 Time :     33.00000
 Time :     34.00000
 Time :     35.00000
dtime = 47.13525027036667
mbcr = 0.100000000000000
agsout =

 Columns 1 through 3:

   5.029430349229995e-03   5.029430349229977e-03   5.029430349229972e-03

 Columns 4 through 6:

   5.029430349229999e-03   5.029430349230004e-03   5.029430349229964e-03

 Columns 7 through 9:

   5.029430349230032e-03   5.029430349229953e-03   5.029430349229961e-03

 Column 10:

   5.029430349230035e-03

ans = 9.184651630270827e-21
ans = 1.573607717805566e-21
ans = -1.814524071211635e-21
ans = 1.566783477752004e-21
ans = -1.815868239707034e-21
ans = 1.600697882866678e-21
ans = -1.801185783834218e-21
ans = 1.588807161561228e-21
ans = 1.566576682598865e-21
ans = 1.574124705688412e-21
nbcr = 10
lambda0 = 3.501084296647659
kmpl_prod = 0.180000000000000
 Time :      1.00000
 Time :      2.00000
 Time :      3.01000
 Time :      4.01000
 Time :      5.01000
 Time :      6.01000
 Time :      7.01000
 Time :      8.01000
 Time :      9.01000
 Time :     10.01000
 Time :     11.01000
 Time :     12.01000
 Time :     13.01000
 Time :     14.01000
 Time :     15.01000
 Time :     16.01000
 Time :     17.01000
 Time :     18.00000
 Time :     19.00000
 Time :     20.00000
 Time :     21.00000
 Time :     22.00000
 Time :     23.00000
 Time :     24.00000
 Time :     25.00000
 Time :     26.00000
 Time :     27.00000
 Time :     28.00000
 Time :     29.00000
 Time :     30.00000
 Time :     31.00000
 Time :     32.00000
 Time :     33.00000
 Time :     34.00000
 Time :     35.00000
dtime = 46.81977219879627
mbcr =

   0.100000000000000   0.263819722083916

agsout =

 Columns 1 through 3:

   5.029430349229995e-03   5.029430349229977e-03   5.029430349229972e-03
   3.692988742626999e-03   3.692988742627022e-03   3.692988742627005e-03

 Columns 4 through 6:

   5.029430349229999e-03   5.029430349230004e-03   5.029430349229964e-03
   3.692988742627019e-03   3.692988742627006e-03   3.692988742626967e-03

 Columns 7 through 9:

   5.029430349230032e-03   5.029430349229953e-03   5.029430349229961e-03
   3.692988742626970e-03   3.692988742626972e-03   3.692988742626966e-03

 Column 10:

   5.029430349230035e-03
   3.692988742626966e-03

ans = 2.016252743098005e-22
ans = 8.514066647431745e-21
ans = 1.191843185597030e-20
ans = 5.142064880359327e-21
ans = 1.190674792981799e-20
ans = 8.529989874223391e-21
ans = 8.530196669376529e-21
ans = 8.535263150628416e-21
ans = 1.752071934963882e-21
ans = 1.752071934963882e-21
nbcr = 10
lambda0 = 3.501084296647659
kmpl_prod = 0.180000000000000
 Time :      1.00000
 Time :      2.00000
 Time :      3.01000
 Time :      4.01000
 Time :      5.01000
 Time :      6.01000
 Time :      7.01000
 Time :      8.01000
 Time :      9.01000
 Time :     10.01000
 Time :     11.01000
 Time :     12.01000
 Time :     13.01000
 Time :     14.01000
 Time :     15.01000
 Time :     16.01000
 Time :     17.01000
 Time :     18.00000
 Time :     19.00000
 Time :     20.00000
 Time :     21.00000
 Time :     22.00000
 Time :     23.00000
 Time :     24.00000
 Time :     25.00000
 Time :     26.00000
 Time :     27.00000
 Time :     28.00000
 Time :     29.00000
 Time :     30.00000
 Time :     31.00000
 Time :     32.00000
 Time :     33.00000
 Time :     34.00000
 Time :     35.00000
dtime = 46.62364572286606
mbcr =

   0.100000000000000   0.263819722083916   0.233111805213430

agsout =

 Columns 1 through 3:

   5.029430349229995e-03   5.029430349229977e-03   5.029430349229972e-03
   3.692988742626999e-03   3.692988742627022e-03   3.692988742627005e-03
   4.001779126725843e-03   4.001779126725749e-03   4.001779126725846e-03

 Columns 4 through 6:

   5.029430349229999e-03   5.029430349230004e-03   5.029430349229964e-03
   3.692988742627019e-03   3.692988742627006e-03   3.692988742626967e-03
   4.001779126725812e-03   4.001779126725769e-03   4.001779126725798e-03

 Columns 7 through 9:

   5.029430349230032e-03   5.029430349229953e-03   5.029430349229961e-03
   3.692988742626970e-03   3.692988742626972e-03   3.692988742626966e-03
   4.001779126725748e-03   4.001779126725791e-03   4.001779126725750e-03

 Column 10:

   5.029430349230035e-03
   3.692988742626966e-03
   4.001779126725810e-03

ans = 1.086336298465891e-20
ans = -6.273130970449024e-22
ans = 2.752443488270200e-21
ans = 2.758854138017486e-21
ans = -6.447872874850851e-22
ans = 6.140265084557694e-21
ans = -6.256587358197963e-22
ans = 2.755855608296981e-21
ans = -4.008930838738249e-21
ans = 2.753891054342167e-21
nbcr = 10
lambda0 = 3.501084296647659
kmpl_prod = 0.180000000000000
 Time :      1.00000
 Time :      2.00000
 Time :      3.01000
 Time :      4.01000
 Time :      5.01000
 Time :      6.01000
 Time :      7.01000
 Time :      8.01000
 Time :      9.01000
 Time :     10.01000
 Time :     11.01000
 Time :     12.01000
 Time :     13.01000
 Time :     14.01000
 Time :     15.01000
 Time :     16.01000
 Time :     17.01000
 Time :     18.00000
 Time :     19.00000
 Time :     20.00000
 Time :     21.00000
 Time :     22.00000
 Time :     23.00000
 Time :     24.00000
 Time :     25.00000
 Time :     26.00000
 Time :     27.00000
 Time :     28.00000
 Time :     29.00000
 Time :     30.00000
 Time :     31.00000
 Time :     32.00000
 Time :     33.00000
 Time :     34.00000
 Time :     35.00000
dtime = 46.84131704270840
mbcr =

   0.100000000000000   0.263819722083916   0.233111805213430   0.360884586779099

agsout =

 Columns 1 through 3:

   5.029430349229995e-03   5.029430349229977e-03   5.029430349229972e-03
   3.692988742626999e-03   3.692988742627022e-03   3.692988742627005e-03
   4.001779126725843e-03   4.001779126725749e-03   4.001779126725846e-03
   2.863773098496824e-03   2.863773098496820e-03   2.863773098496833e-03

 Columns 4 through 6:

   5.029430349229999e-03   5.029430349230004e-03   5.029430349229964e-03
   3.692988742627019e-03   3.692988742627006e-03   3.692988742626967e-03
   4.001779126725812e-03   4.001779126725769e-03   4.001779126725798e-03
   2.863773098496784e-03   2.863773098496860e-03   2.863773098496852e-03

 Columns 7 through 9:

   5.029430349230032e-03   5.029430349229953e-03   5.029430349229961e-03
   3.692988742626970e-03   3.692988742626972e-03   3.692988742626966e-03
   4.001779126725748e-03   4.001779126725791e-03   4.001779126725750e-03
   2.863773098496811e-03   2.863773098496840e-03   2.863773098496838e-03

 Column 10:

   5.029430349230035e-03
   3.692988742626966e-03
   4.001779126725810e-03
   2.863773098496840e-03

ans = 5.031326075853791e-21
ans = -1.448600047733490e-21
ans = -1.455010697480776e-21
ans = -4.840660944660318e-21
ans = -4.832699331264495e-21
ans = -4.834043499759894e-21
ans = -1.457285444165297e-21
ans = -8.227448565182121e-21
ans = -4.837145427056968e-21
ans = -4.839213378588350e-21
nbcr = 10
lambda0 = 3.501084296647659
kmpl_prod = 0.180000000000000
 Time :      1.00000
 Time :      2.00000
 Time :      3.01000
 Time :      4.01000
 Time :      5.01000
 Time :      6.01000
 Time :      7.01000
 Time :      8.01000
 Time :      9.01000
 Time :     10.01000
 Time :     11.01000
 Time :     12.01000
 Time :     13.01000
 Time :     14.01000
 Time :     15.01000
 Time :     16.01000
 Time :     17.01000
 Time :     18.00000
 Time :     19.00000
 Time :     20.00000
 Time :     21.00000
 Time :     22.00000
 Time :     23.00000
 Time :     24.00000
 Time :     25.00000
 Time :     26.00000
 Time :     27.00000
 Time :     28.00000
 Time :     29.00000
 Time :     30.00000
 Time :     31.00000
 Time :     32.00000
 Time :     33.00000
 Time :     34.00000
 Time :     35.00000
dtime = 47.14978449046612
mbcr =

 Columns 1 through 4:

   0.100000000000000   0.263819722083916   0.233111805213430   0.360884586779099

 Column 5:

   0.256308718870283

agsout =

 Columns 1 through 3:

   5.029430349229995e-03   5.029430349229977e-03   5.029430349229972e-03
   3.692988742626999e-03   3.692988742627022e-03   3.692988742627005e-03
   4.001779126725843e-03   4.001779126725749e-03   4.001779126725846e-03
   2.863773098496824e-03   2.863773098496820e-03   2.863773098496833e-03
   3.851323572270369e-03   3.851323572270404e-03   3.851323572270410e-03

 Columns 4 through 6:

   5.029430349229999e-03   5.029430349230004e-03   5.029430349229964e-03
   3.692988742627019e-03   3.692988742627006e-03   3.692988742626967e-03
   4.001779126725812e-03   4.001779126725769e-03   4.001779126725798e-03
   2.863773098496784e-03   2.863773098496860e-03   2.863773098496852e-03
   3.851323572270377e-03   3.851323572270448e-03   3.851323572270427e-03

 Columns 7 through 9:

   5.029430349230032e-03   5.029430349229953e-03   5.029430349229961e-03
   3.692988742626970e-03   3.692988742626972e-03   3.692988742626966e-03
   4.001779126725748e-03   4.001779126725791e-03   4.001779126725750e-03
   2.863773098496811e-03   2.863773098496840e-03   2.863773098496838e-03
   3.851323572270358e-03   3.851323572270417e-03   3.851323572270385e-03

 Column 10:

   5.029430349230035e-03
   3.692988742626966e-03
   4.001779126725810e-03
   2.863773098496840e-03
   3.851323572270417e-03

ans = -1.216575885912365e-21
ans = -1.766547595683560e-21
ans = -1.761274319278534e-21
ans = 5.013748487837039e-21
ans = 8.405809384763867e-21
ans = 5.022640679421984e-21
ans = -1.755587452567232e-21
ans = 8.409118107214079e-21
ans = 5.002478151991004e-21
ans = 8.409118107214079e-21
nbcr = 10
lambda0 = 3.501084296647659
kmpl_prod = 0.180000000000000
 Time :      1.00000
 Time :      2.00000
 Time :      3.01000
 Time :      4.01000
 Time :      5.01000
 Time :      6.01000
 Time :      7.01000
 Time :      8.01000
 Time :      9.01000
 Time :     10.01000
 Time :     11.01000
 Time :     12.01000
 Time :     13.01000
 Time :     14.01000
 Time :     15.01000
 Time :     16.01000
 Time :     17.01000
 Time :     18.00000
 Time :     19.00000
 Time :     20.00000
 Time :     21.00000
 Time :     22.00000
 Time :     23.00000
 Time :     24.00000
 Time :     25.00000
 Time :     26.00000
 Time :     27.00000
 Time :     28.00000
 Time :     29.00000
 Time :     30.00000
 Time :     31.00000
 Time :     32.00000
 Time :     33.00000
 Time :     34.00000
 Time :     35.00000
dtime = 45.68850696086884
mbcr =

 Columns 1 through 4:

   0.100000000000000   0.263819722083916   0.233111805213430   0.360884586779099

 Columns 5 and 6:

   0.256308718870283   0.223601200224963

agsout =

 Columns 1 through 3:

   5.029430349229995e-03   5.029430349229977e-03   5.029430349229972e-03
   3.692988742626999e-03   3.692988742627022e-03   3.692988742627005e-03
   4.001779126725843e-03   4.001779126725749e-03   4.001779126725846e-03
   2.863773098496824e-03   2.863773098496820e-03   2.863773098496833e-03
   3.851323572270369e-03   3.851323572270404e-03   3.851323572270410e-03
   4.056779367409795e-03   4.056779367409780e-03   4.056779367409815e-03

 Columns 4 through 6:

   5.029430349229999e-03   5.029430349230004e-03   5.029430349229964e-03
   3.692988742627019e-03   3.692988742627006e-03   3.692988742626967e-03
   4.001779126725812e-03   4.001779126725769e-03   4.001779126725798e-03
   2.863773098496784e-03   2.863773098496860e-03   2.863773098496852e-03
   3.851323572270377e-03   3.851323572270448e-03   3.851323572270427e-03
   4.056779367409766e-03   4.056779367409754e-03   4.056779367409789e-03

 Columns 7 through 9:

   5.029430349230032e-03   5.029430349229953e-03   5.029430349229961e-03
   3.692988742626970e-03   3.692988742626972e-03   3.692988742626966e-03
   4.001779126725748e-03   4.001779126725791e-03   4.001779126725750e-03
   2.863773098496811e-03   2.863773098496840e-03   2.863773098496838e-03
   3.851323572270358e-03   3.851323572270417e-03   3.851323572270385e-03
   4.056779367409782e-03   4.056779367409805e-03   4.056779367409844e-03

 Column 10:

   5.029430349230035e-03
   3.692988742626966e-03
   4.001779126725810e-03
   2.863773098496840e-03
   3.851323572270417e-03
   4.056779367409847e-03

ans = -2.502221352972909e-22
ans = 1.951319065012592e-21
ans = 1.940565717049403e-21
ans = 1.933431284266133e-21
ans = -1.456561661129313e-21
ans = 1.936740006716345e-21
ans = -1.454597107174499e-21
ans = -4.835077475525585e-21
ans = -1.453046143525962e-21
ans = -1.455217492633914e-21
dkps =

 Columns 1 through 3:

   3.430186230209191e+02   1.007782728385803e+01   9.074031655687939e+00

 Columns 4 through 6:

   2.785192972832440e+01   9.638415521759610e+00   1.838901092319173e+01

nbcr = 15
lambda0 = 3.501084296647659
kmpl_prod = 0.180000000000000
 Time :      1.00000
 Time :      2.00000
 Time :      3.01000
 Time :      4.01000
 Time :      5.01000
 Time :      6.01000
 Time :      7.01000
 Time :      8.01000
 Time :      9.01000
 Time :     10.01000
 Time :     11.01000
 Time :     12.01000
 Time :     13.01000
 Time :     14.01000
 Time :     15.01000
 Time :     16.01000
 Time :     17.01000
 Time :     18.00000
 Time :     19.00000
 Time :     20.00000
 Time :     21.00000
 Time :     22.00000
 Time :     23.00000
 Time :     24.00000
 Time :     25.00000
 Time :     26.00000
 Time :     27.00000
 Time :     28.00000
 Time :     29.00000
 Time :     30.00000
 Time :     31.00000
 Time :     32.00000
 Time :     33.00000
 Time :     34.00000
 Time :     35.00000
dtime = 72.97665104269981
mbcr = 6.666666666666668e-02
agsout =

 Columns 1 through 3:

   4.569552949878814e-03   4.569552949878831e-03   4.569552949878833e-03

 Columns 4 through 6:

   4.569552949878796e-03   4.569552949878840e-03   4.569552949878881e-03

 Columns 7 through 9:

   4.569552949878880e-03   4.569552949878877e-03   4.569552949878877e-03

 Columns 10 through 12:

   4.569552949878822e-03   4.569552949878877e-03   4.569552949878876e-03

 Columns 13 through 15:

   4.569552949878876e-03   4.569552949878882e-03   4.569552949878877e-03

ans = -5.826970427553234e-21
ans = 7.093694138101627e-21
ans = 3.702046831481075e-21
ans = 3.699358494490278e-21
ans = 7.090799005957691e-21
ans = 7.076530140391152e-21
ans = 3.023345138881316e-22
ans = 3.693361435049269e-21
ans = 3.688398351373950e-21
ans = 3.698738109030863e-21
ans = 7.081493224066470e-21
ans = 3.693361435049269e-21
ans = 3.688398351373950e-21
ans = 7.078184501616258e-21
ans = 7.081493224066470e-21
nbcr = 15
lambda0 = 3.501084296647659
kmpl_prod = 0.180000000000000
 Time :      1.00000
 Time :      2.00000
 Time :      3.01000
 Time :      4.01000
 Time :      5.01000
 Time :      6.01000
 Time :      7.01000
 Time :      8.01000
 Time :      9.01000
 Time :     10.01000
 Time :     11.01000
 Time :     12.01000
 Time :     13.01000
 Time :     14.01000
 Time :     15.01000
 Time :     16.01000
 Time :     17.01000
 Time :     18.00000
 Time :     19.00000
 Time :     20.00000
 Time :     21.00000
 Time :     22.00000
 Time :     23.00000
 Time :     24.00000
 Time :     25.00000
 Time :     26.00000
 Time :     27.00000
 Time :     28.00000
 Time :     29.00000
 Time :     30.00000
 Time :     31.00000
 Time :     32.00000
 Time :     33.00000
 Time :     34.00000
 Time :     35.00000
dtime = 71.87162786722183
mbcr =

   6.666666666666668e-02   8.742000379072559e-02

agsout =

 Columns 1 through 3:

   4.569552949878814e-03   4.569552949878831e-03   4.569552949878833e-03
   4.397441104757439e-03   4.397441104757452e-03   4.397441104757514e-03

 Columns 4 through 6:

   4.569552949878796e-03   4.569552949878840e-03   4.569552949878881e-03
   4.397441104757536e-03   4.397441104757450e-03   4.397441104757520e-03

 Columns 7 through 9:

   4.569552949878880e-03   4.569552949878877e-03   4.569552949878877e-03
   4.397441104757453e-03   4.397441104757429e-03   4.397441104757474e-03

 Columns 10 through 12:

   4.569552949878822e-03   4.569552949878877e-03   4.569552949878876e-03
   4.397441104757437e-03   4.397441104757434e-03   4.397441104757437e-03

 Columns 13 through 15:

   4.569552949878876e-03   4.569552949878882e-03   4.569552949878877e-03
   4.397441104757538e-03   4.397441104757429e-03   4.397441104757538e-03

ans = 1.918852225969886e-21
ans = 6.894343610476347e-21
ans = -3.268397395350151e-21
ans = 1.023636008034372e-22
ans = 3.506418616612284e-21
ans = 3.494217702577127e-21
ans = 1.060859135599258e-22
ans = 1.060859135599258e-22
ans = 3.461544068381283e-21
ans = 3.491529365586330e-21
ans = -3.298589487708336e-21
ans = 3.494838088036542e-21
ans = 3.494424497730265e-21
ans = 3.499180786252445e-21
ans = 3.494424497730265e-21
nbcr = 15
lambda0 = 3.501084296647659
kmpl_prod = 0.180000000000000
 Time :      1.00000
 Time :      2.00000
 Time :      3.01000
 Time :      4.01000
 Time :      5.01000
 Time :      6.01000
 Time :      7.01000
 Time :      8.01000
 Time :      9.01000
 Time :     10.01000
 Time :     11.01000
 Time :     12.01000
 Time :     13.01000
 Time :     14.01000
 Time :     15.01000
 Time :     16.01000
 Time :     17.01000
 Time :     18.00000
 Time :     19.00000
 Time :     20.00000
 Time :     21.00000
 Time :     22.00000
 Time :     23.00000
 Time :     24.00000
 Time :     25.00000
 Time :     26.00000
 Time :     27.00000
 Time :     28.00000
 Time :     29.00000
 Time :     30.00000
 Time :     31.00000
 Time :     32.00000
 Time :     33.00000
 Time :     34.00000
 Time :     35.00000
dtime = 71.44611217081547
mbcr =

   6.666666666666668e-02   8.742000379072559e-02   3.676681148453863e-01

agsout =

 Columns 1 through 3:

   4.569552949878814e-03   4.569552949878831e-03   4.569552949878833e-03
   4.397441104757439e-03   4.397441104757452e-03   4.397441104757514e-03
   2.102691876451102e-03   2.102691876451101e-03   2.102691876451130e-03

 Columns 4 through 6:

   4.569552949878796e-03   4.569552949878840e-03   4.569552949878881e-03
   4.397441104757536e-03   4.397441104757450e-03   4.397441104757520e-03
   2.102691876451113e-03   2.102691876451177e-03   2.102691876451119e-03

 Columns 7 through 9:

   4.569552949878880e-03   4.569552949878877e-03   4.569552949878877e-03
   4.397441104757453e-03   4.397441104757429e-03   4.397441104757474e-03
   2.102691876451106e-03   2.102691876451161e-03   2.102691876451075e-03

 Columns 10 through 12:

   4.569552949878822e-03   4.569552949878877e-03   4.569552949878876e-03
   4.397441104757437e-03   4.397441104757434e-03   4.397441104757437e-03
   2.102691876451141e-03   2.102691876451133e-03   2.102691876451153e-03

 Columns 13 through 15:

   4.569552949878876e-03   4.569552949878882e-03   4.569552949878877e-03
   4.397441104757538e-03   4.397441104757429e-03   4.397441104757538e-03
   2.102691876451161e-03   2.102691876451171e-03   2.102691876451183e-03

ans = 1.221332174434545e-20
ans = -2.965132303272897e-21
ans = 4.220689075551824e-22
ans = -2.967200254804279e-21
ans = -2.957584280183350e-21
ans = -2.964615315390051e-21
ans = 4.220689075551824e-22
ans = -2.971646350596752e-21
ans = -2.965752688732312e-21
ans = 4.218621124020441e-22
ans = -2.973300711821858e-21
ans = -2.961616785669546e-21
ans = -6.357503392929432e-21
ans = -6.353264092290098e-21
ans = -6.353470887443236e-21
nbcr = 15
lambda0 = 3.501084296647659
kmpl_prod = 0.180000000000000
 Time :      1.00000
 Time :      2.00000
 Time :      3.01000
 Time :      4.01000
 Time :      5.01000
 Time :      6.01000
 Time :      7.01000
 Time :      8.01000
 Time :      9.01000
 Time :     10.01000
 Time :     11.01000
 Time :     12.01000
 Time :     13.01000
 Time :     14.01000
 Time :     15.01000
 Time :     16.01000
 Time :     17.01000
 Time :     18.00000
 Time :     19.00000
 Time :     20.00000
 Time :     21.00000
 Time :     22.00000
 Time :     23.00000
 Time :     24.00000
 Time :     25.00000
 Time :     26.00000
 Time :     27.00000
 Time :     28.00000
 Time :     29.00000
 Time :     30.00000
 Time :     31.00000
 Time :     32.00000
 Time :     33.00000
 Time :     34.00000
 Time :     35.00000
dtime = 70.82676328718662
mbcr =

 Columns 1 through 3:

   6.666666666666668e-02   8.742000379072559e-02   3.676681148453863e-01

 Column 4:

   4.094160620182986e-01

agsout =

 Columns 1 through 3:

   4.569552949878814e-03   4.569552949878831e-03   4.569552949878833e-03
   4.397441104757439e-03   4.397441104757452e-03   4.397441104757514e-03
   2.102691876451102e-03   2.102691876451101e-03   2.102691876451130e-03
   1.538763954521797e-03   1.538763954521803e-03   1.538763954521802e-03

 Columns 4 through 6:

   4.569552949878796e-03   4.569552949878840e-03   4.569552949878881e-03
   4.397441104757536e-03   4.397441104757450e-03   4.397441104757520e-03
   2.102691876451113e-03   2.102691876451177e-03   2.102691876451119e-03
   1.538763954521825e-03   1.538763954521898e-03   1.538763954521868e-03

 Columns 7 through 9:

   4.569552949878880e-03   4.569552949878877e-03   4.569552949878877e-03
   4.397441104757453e-03   4.397441104757429e-03   4.397441104757474e-03
   2.102691876451106e-03   2.102691876451161e-03   2.102691876451075e-03
   1.538763954521899e-03   1.538763954521818e-03   1.538763954521884e-03

 Columns 10 through 12:

   4.569552949878822e-03   4.569552949878877e-03   4.569552949878876e-03
   4.397441104757437e-03   4.397441104757434e-03   4.397441104757437e-03
   2.102691876451141e-03   2.102691876451133e-03   2.102691876451153e-03
   1.538763954521851e-03   1.538763954521846e-03   1.538763954521830e-03

 Columns 13 through 15:

   4.569552949878876e-03   4.569552949878882e-03   4.569552949878877e-03
   4.397441104757538e-03   4.397441104757429e-03   4.397441104757538e-03
   2.102691876451161e-03   2.102691876451171e-03   2.102691876451183e-03
   1.538763954521866e-03   1.538763954521840e-03   1.538763954521835e-03

ans = 1.389332556844065e-20
ans = 2.028401958344878e-21
ans = 2.027367982579186e-21
ans = 2.025920416507218e-21
ans = 5.422840999532796e-21
ans = -4.750136366374046e-21
ans = 2.028246861980024e-21
ans = -1.368466925892415e-21
ans = 2.038948511154929e-21
ans = -1.368415227104131e-21
ans = -4.756598714909617e-21
ans = 2.020543742525624e-21
ans = -1.362263071298267e-21
ans = 2.022301501327299e-21
ans = -1.362418167663121e-21
nbcr = 15
lambda0 = 3.501084296647659
kmpl_prod = 0.180000000000000
 Time :      1.00000
 Time :      2.00000
 Time :      3.01000
 Time :      4.01000
 Time :      5.01000
 Time :      6.01000
 Time :      7.01000
 Time :      8.01000
 Time :      9.01000
 Time :     10.01000
 Time :     11.01000
 Time :     12.01000
 Time :     13.01000
 Time :     14.01000
 Time :     15.01000
 Time :     16.01000
 Time :     17.01000
 Time :     18.00000
 Time :     19.00000
 Time :     20.00000
 Time :     21.00000
 Time :     22.00000
 Time :     23.00000
 Time :     24.00000
 Time :     25.00000
 Time :     26.00000
 Time :     27.00000
 Time :     28.00000
 Time :     29.00000
 Time :     30.00000
 Time :     31.00000
 Time :     32.00000
 Time :     33.00000
 Time :     34.00000
 Time :     35.00000
dtime = 70.95860727131367
mbcr =

 Columns 1 through 3:

   6.666666666666668e-02   8.742000379072559e-02   3.676681148453863e-01

 Columns 4 and 5:

   4.094160620182986e-01   3.696104170520023e-01

agsout =

 Columns 1 through 3:

   4.569552949878814e-03   4.569552949878831e-03   4.569552949878833e-03
   4.397441104757439e-03   4.397441104757452e-03   4.397441104757514e-03
   2.102691876451102e-03   2.102691876451101e-03   2.102691876451130e-03
   1.538763954521797e-03   1.538763954521803e-03   1.538763954521802e-03
   2.058465937649342e-03   2.058465937649323e-03   2.058465937649265e-03

 Columns 4 through 6:

   4.569552949878796e-03   4.569552949878840e-03   4.569552949878881e-03
   4.397441104757536e-03   4.397441104757450e-03   4.397441104757520e-03
   2.102691876451113e-03   2.102691876451177e-03   2.102691876451119e-03
   1.538763954521825e-03   1.538763954521898e-03   1.538763954521868e-03
   2.058465937649265e-03   2.058465937649267e-03   2.058465937649367e-03

 Columns 7 through 9:

   4.569552949878880e-03   4.569552949878877e-03   4.569552949878877e-03
   4.397441104757453e-03   4.397441104757429e-03   4.397441104757474e-03
   2.102691876451106e-03   2.102691876451161e-03   2.102691876451075e-03
   1.538763954521899e-03   1.538763954521818e-03   1.538763954521884e-03
   2.058465937649360e-03   2.058465937649303e-03   2.058465937649342e-03

 Columns 10 through 12:

   4.569552949878822e-03   4.569552949878877e-03   4.569552949878876e-03
   4.397441104757437e-03   4.397441104757434e-03   4.397441104757437e-03
   2.102691876451141e-03   2.102691876451133e-03   2.102691876451153e-03
   1.538763954521851e-03   1.538763954521846e-03   1.538763954521830e-03
   2.058465937649270e-03   2.058465937649373e-03   2.058465937649307e-03

 Columns 13 through 15:

   4.569552949878876e-03   4.569552949878882e-03   4.569552949878877e-03
   4.397441104757538e-03   4.397441104757429e-03   4.397441104757538e-03
   2.102691876451161e-03   2.102691876451171e-03   2.102691876451183e-03
   1.538763954521866e-03   1.538763954521840e-03   1.538763954521835e-03
   2.058465937649367e-03   2.058465937649283e-03   2.058465937649263e-03

ans = -1.551790829149480e-21
ans = 2.258926855305749e-21
ans = 2.266578275971865e-21
ans = 2.260684614107425e-21
ans = 5.649333391007472e-21
ans = 9.035604023646429e-21
ans = 2.261408397143409e-21
ans = 2.261821987449685e-21
ans = 9.048632118294139e-21
ans = 5.651504740115423e-21
ans = 5.637442669702022e-21
ans = 5.650057174043456e-21
ans = 2.266061288089019e-21
ans = 9.033225879385339e-21
ans = 2.261821987449685e-21
nbcr = 15
lambda0 = 3.501084296647659
kmpl_prod = 0.180000000000000
 Time :      1.00000
 Time :      2.00000
 Time :      3.01000
 Time :      4.01000
 Time :      5.01000
 Time :      6.01000
 Time :      7.01000
 Time :      8.01000
 Time :      9.01000
 Time :     10.01000
 Time :     11.01000
 Time :     12.01000
 Time :     13.01000
 Time :     14.01000
 Time :     15.01000
 Time :     16.01000
 Time :     17.01000
 Time :     18.00000
 Time :     19.00000
 Time :     20.00000
 Time :     21.00000
 Time :     22.00000
 Time :     23.00000
 Time :     24.00000
 Time :     25.00000
 Time :     26.00000
 Time :     27.00000
 Time :     28.00000
 Time :     29.00000
 Time :     30.00000
 Time :     31.00000
 Time :     32.00000
 Time :     33.00000
 Time :     34.00000
 Time :     35.00000
dtime = 66.07478745281696
mbcr =

 Columns 1 through 3:

   6.666666666666668e-02   8.742000379072559e-02   3.676681148453863e-01

 Columns 4 through 6:

   4.094160620182986e-01   3.696104170520023e-01   4.005751206169445e-01

agsout =

 Columns 1 through 3:

   4.569552949878814e-03   4.569552949878831e-03   4.569552949878833e-03
   4.397441104757439e-03   4.397441104757452e-03   4.397441104757514e-03
   2.102691876451102e-03   2.102691876451101e-03   2.102691876451130e-03
   1.538763954521797e-03   1.538763954521803e-03   1.538763954521802e-03
   2.058465937649342e-03   2.058465937649323e-03   2.058465937649265e-03
   1.714710228462131e-03   1.714710228462106e-03   1.714710228462080e-03

 Columns 4 through 6:

   4.569552949878796e-03   4.569552949878840e-03   4.569552949878881e-03
   4.397441104757536e-03   4.397441104757450e-03   4.397441104757520e-03
   2.102691876451113e-03   2.102691876451177e-03   2.102691876451119e-03
   1.538763954521825e-03   1.538763954521898e-03   1.538763954521868e-03
   2.058465937649265e-03   2.058465937649267e-03   2.058465937649367e-03
   1.714710228462170e-03   1.714710228462130e-03   1.714710228462112e-03

 Columns 7 through 9:

   4.569552949878880e-03   4.569552949878877e-03   4.569552949878877e-03
   4.397441104757453e-03   4.397441104757429e-03   4.397441104757474e-03
   2.102691876451106e-03   2.102691876451161e-03   2.102691876451075e-03
   1.538763954521899e-03   1.538763954521818e-03   1.538763954521884e-03
   2.058465937649360e-03   2.058465937649303e-03   2.058465937649342e-03
   1.714710228462165e-03   1.714710228462162e-03   1.714710228462165e-03

 Columns 10 through 12:

   4.569552949878822e-03   4.569552949878877e-03   4.569552949878876e-03
   4.397441104757437e-03   4.397441104757434e-03   4.397441104757437e-03
   2.102691876451141e-03   2.102691876451133e-03   2.102691876451153e-03
   1.538763954521851e-03   1.538763954521846e-03   1.538763954521830e-03
   2.058465937649270e-03   2.058465937649373e-03   2.058465937649307e-03
   1.714710228462097e-03   1.714710228462163e-03   1.714710228462173e-03

 Columns 13 through 15:

   4.569552949878876e-03   4.569552949878882e-03   4.569552949878877e-03
   4.397441104757538e-03   4.397441104757429e-03   4.397441104757538e-03
   2.102691876451161e-03   2.102691876451171e-03   2.102691876451183e-03
   1.538763954521866e-03   1.538763954521840e-03   1.538763954521835e-03
   2.058465937649367e-03   2.058465937649283e-03   2.058465937649263e-03
   1.714710228462153e-03   1.714710228462150e-03   1.714710228462090e-03

ans = -1.511258979134382e-21
ans = -5.418860192834884e-21
ans = 1.347477217848882e-21
ans = 1.344788880858085e-21
ans = -8.817124944355860e-21
ans = -5.427131998960415e-21
ans = -8.812678848563388e-21
ans = -5.429923733527781e-21
ans = -8.815573980707323e-21
ans = -5.423823276510202e-21
ans = -8.813816221905648e-21
ans = -2.047065220915605e-21
ans = -8.813506029175941e-21
ans = -8.813506029175941e-21
ans = -2.041688546934011e-21
