warning: function /home/surgeon/flu/amcode/perelson21/1d2agt/4paper/2submit/run.m shadows a core library function
warning: called from
    driver at line 1 column 1

lambda0 = 3.501084296647659
kmpl_prod = 0.180000000000000
dkps =

 Columns 1 through 3:

   2.049607883820106e+00   1.208033742519151e+00   6.546407813161123e+00

 Columns 4 through 6:

   2.246985380070505e+01   2.388702358283257e+00   2.425082201734051e+01

nbcr = 2
lambda0 = 3.501084296647659
kmpl_prod = 0.180000000000000
 Time :      1.00000
 Time :      2.00000
 Time :      3.01000
 Time :      4.01000
 Time :      5.01000
 Time :      6.01000
 Time :      7.01000
 Time :      8.01000
 Time :      9.01000
 Time :     10.01000
 Time :     11.01000
 Time :     12.01000
 Time :     13.01000
 Time :     14.01000
 Time :     15.01000
 Time :     16.01000
 Time :     17.01000
 Time :     18.00000
 Time :     19.00000
 Time :     20.00000
 Time :     21.00000
 Time :     22.00000
 Time :     23.00000
 Time :     24.00000
 Time :     25.00000
 Time :     26.00000
 Time :     27.00000
 Time :     28.00000
 Time :     29.00000
 Time :     30.00000
 Time :     31.00000
 Time :     32.00000
 Time :     33.00000
 Time :     34.00000
 Time :     35.00000
dtime = 4.870462417602539
mbcr = 1.718473679371029e-04
agsout =

   8.424146104518748e-02   1.835955608105769e-02

ans = 5.055980954725282e-21
ans = -4.993691781363329e-21
nbcr = 2
lambda0 = 3.501084296647659
kmpl_prod = 0.180000000000000
 Time :      1.00000
 Time :      2.00000
 Time :      3.01000
 Time :      4.01000
 Time :      5.01000
 Time :      6.01000
 Time :      7.01000
 Time :      8.01000
 Time :      9.01000
 Time :     10.01000
 Time :     11.01000
 Time :     12.01000
 Time :     13.01000
 Time :     14.01000
 Time :     15.01000
 Time :     16.01000
 Time :     17.01000
 Time :     18.00000
 Time :     19.00000
 Time :     20.00000
 Time :     21.00000
 Time :     22.00000
 Time :     23.00000
 Time :     24.00000
 Time :     25.00000
 Time :     26.00000
 Time :     27.00000
 Time :     28.00000
 Time :     29.00000
 Time :     30.00000
 Time :     31.00000
 Time :     32.00000
 Time :     33.00000
 Time :     34.00000
 Time :     35.00000
dtime = 4.961580410599709
mbcr =

   1.718473679371029e-04   4.508505338266785e-03

agsout =

   8.424146104518748e-02   1.835955608105769e-02
   8.335082230771229e-02   1.839255379928523e-02

ans = 2.925014043564075e-21
ans = 5.928869547055677e-21
nbcr = 2
lambda0 = 3.501084296647659
kmpl_prod = 0.180000000000000
 Time :      1.00000
 Time :      2.00000
 Time :      3.01000
 Time :      4.01000
 Time :      5.01000
 Time :      6.01000
 Time :      7.01000
 Time :      8.01000
 Time :      9.01000
 Time :     10.01000
 Time :     11.01000
 Time :     12.01000
 Time :     13.01000
 Time :     14.01000
 Time :     15.01000
 Time :     16.01000
 Time :     17.01000
 Time :     18.00000
 Time :     19.00000
 Time :     20.00000
 Time :     21.00000
 Time :     22.00000
 Time :     23.00000
 Time :     24.00000
 Time :     25.00000
 Time :     26.00000
 Time :     27.00000
 Time :     28.00000
 Time :     29.00000
 Time :     30.00000
 Time :     31.00000
 Time :     32.00000
 Time :     33.00000
 Time :     34.00000
 Time :     35.00000
dtime = 4.990276694297791
mbcr =

   1.718473679371029e-04   4.508505338266785e-03   1.985003312873431e-01

agsout =

   8.424146104518748e-02   1.835955608105769e-02
   8.335082230771229e-02   1.839255379928523e-02
   2.954155459445302e-02   1.270540303460397e-02

ans = -6.297739593672476e-21
ans = 2.582962743369894e-21
nbcr = 2
lambda0 = 3.501084296647659
kmpl_prod = 0.180000000000000
 Time :      1.00000
 Time :      2.00000
 Time :      3.01000
 Time :      4.01000
 Time :      5.01000
 Time :      6.01000
 Time :      7.01000
 Time :      8.01000
 Time :      9.01000
 Time :     10.01000
 Time :     11.01000
 Time :     12.01000
 Time :     13.01000
 Time :     14.01000
 Time :     15.01000
 Time :     16.01000
 Time :     17.01000
 Time :     18.00000
 Time :     19.00000
 Time :     20.00000
 Time :     21.00000
 Time :     22.00000
 Time :     23.00000
 Time :     24.00000
 Time :     25.00000
 Time :     26.00000
 Time :     27.00000
 Time :     28.00000
 Time :     29.00000
 Time :     30.00000
 Time :     31.00000
 Time :     32.00000
 Time :     33.00000
 Time :     34.00000
 Time :     35.00000
dtime = 5.016096308827400
mbcr =

 Columns 1 through 3:

   1.718473679371029e-04   4.508505338266785e-03   1.985003312873431e-01

 Column 4:

   1.113105853407846e-01

agsout =

   8.424146104518748e-02   1.835955608105769e-02
   8.335082230771229e-02   1.839255379928523e-02
   2.954155459445302e-02   1.270540303460397e-02
   5.662678581059892e-02   1.552846520777570e-02

ans = -5.984651731821155e-21
ans = -1.790781402691949e-22
nbcr = 2
lambda0 = 3.501084296647659
kmpl_prod = 0.180000000000000
 Time :      1.00000
 Time :      2.00000
 Time :      3.01000
 Time :      4.01000
 Time :      5.01000
 Time :      6.01000
 Time :      7.01000
 Time :      8.01000
 Time :      9.01000
 Time :     10.01000
 Time :     11.01000
 Time :     12.01000
 Time :     13.01000
 Time :     14.01000
 Time :     15.01000
 Time :     16.01000
 Time :     17.01000
 Time :     18.00000
 Time :     19.00000
 Time :     20.00000
 Time :     21.00000
 Time :     22.00000
 Time :     23.00000
 Time :     24.00000
 Time :     25.00000
 Time :     26.00000
 Time :     27.00000
 Time :     28.00000
 Time :     29.00000
 Time :     30.00000
 Time :     31.00000
 Time :     32.00000
 Time :     33.00000
 Time :     34.00000
 Time :     35.00000
dtime = 5.093323811888695
mbcr =

 Columns 1 through 3:

   1.718473679371029e-04   4.508505338266785e-03   1.985003312873431e-01

 Columns 4 and 5:

   1.113105853407846e-01   1.356780261361300e-02

agsout =

   8.424146104518748e-02   1.835955608105769e-02
   8.335082230771229e-02   1.839255379928523e-02
   2.954155459445302e-02   1.270540303460397e-02
   5.662678581059892e-02   1.552846520777570e-02
   8.111308914326644e-02   1.815279679379400e-02

ans = 1.067197407042946e-20
ans = 3.070710114679213e-21
nbcr = 2
lambda0 = 3.501084296647659
kmpl_prod = 0.180000000000000
 Time :      1.00000
 Time :      2.00000
 Time :      3.01000
 Time :      4.01000
 Time :      5.01000
 Time :      6.01000
 Time :      7.01000
 Time :      8.01000
 Time :      9.01000
 Time :     10.01000
 Time :     11.01000
 Time :     12.01000
 Time :     13.01000
 Time :     14.01000
 Time :     15.01000
 Time :     16.01000
 Time :     17.01000
 Time :     18.00000
 Time :     19.00000
 Time :     20.00000
 Time :     21.00000
 Time :     22.00000
 Time :     23.00000
 Time :     24.00000
 Time :     25.00000
 Time :     26.00000
 Time :     27.00000
 Time :     28.00000
 Time :     29.00000
 Time :     30.00000
 Time :     31.00000
 Time :     32.00000
 Time :     33.00000
 Time :     34.00000
 Time :     35.00000
dtime = 5.070240050554276
mbcr =

 Columns 1 through 3:

   1.718473679371029e-04   4.508505338266785e-03   1.985003312873431e-01

 Columns 4 through 6:

   1.113105853407846e-01   1.356780261361300e-02   1.356711413135350e-01

agsout =

   8.424146104518748e-02   1.835955608105769e-02
   8.335082230771229e-02   1.839255379928523e-02
   2.954155459445302e-02   1.270540303460397e-02
   5.662678581059892e-02   1.552846520777570e-02
   8.111308914326644e-02   1.815279679379400e-02
   4.916300195769217e-02   1.475429712213700e-02

ans = -7.618333441613385e-21
ans = 4.689639090558302e-21
dkps =

 Columns 1 through 3:

   2.066547908957864e+02   4.745168789175843e+00   2.306001580543485e+00

 Columns 4 through 6:

   1.561885546139988e+01   2.359674474689142e+00   4.798556324885135e+00

nbcr = 3
lambda0 = 3.501084296647659
kmpl_prod = 0.180000000000000
 Time :      1.00000
 Time :      2.00000
 Time :      3.01000
 Time :      4.01000
 Time :      5.01000
 Time :      6.01000
 Time :      7.01000
 Time :      8.01000
 Time :      9.01000
 Time :     10.01000
 Time :     11.01000
 Time :     12.01000
 Time :     13.01000
 Time :     14.01000
 Time :     15.01000
 Time :     16.01000
 Time :     17.01000
 Time :     18.00000
 Time :     19.00000
 Time :     20.00000
 Time :     21.00000
 Time :     22.00000
 Time :     23.00000
 Time :     24.00000
 Time :     25.00000
 Time :     26.00000
 Time :     27.00000
 Time :     28.00000
 Time :     29.00000
 Time :     30.00000
 Time :     31.00000
 Time :     32.00000
 Time :     33.00000
 Time :     34.00000
 Time :     35.00000
dtime = 11.86286062002182
mbcr = 1.016001347435157e-04
agsout =

   4.616757064210100e-02   1.110262255817585e-02   1.110262255817585e-02

ans = 3.765570354434089e-22
ans = -9.957218935349748e-21
ans = -6.568951437013300e-21
nbcr = 3
lambda0 = 3.501084296647659
kmpl_prod = 0.180000000000000
 Time :      1.00000
 Time :      2.00000
 Time :      3.01000
 Time :      4.01000
 Time :      5.01000
 Time :      6.01000
 Time :      7.01000
 Time :      8.01000
 Time :      9.01000
 Time :     10.01000
 Time :     11.01000
 Time :     12.01000
 Time :     13.01000
 Time :     14.01000
 Time :     15.01000
 Time :     16.01000
 Time :     17.01000
 Time :     18.00000
 Time :     19.00000
 Time :     20.00000
 Time :     21.00000
 Time :     22.00000
 Time :     23.00000
 Time :     24.00000
 Time :     25.00000
 Time :     26.00000
 Time :     27.00000
 Time :     28.00000
 Time :     29.00000
 Time :     30.00000
 Time :     31.00000
 Time :     32.00000
 Time :     33.00000
 Time :     34.00000
 Time :     35.00000
dtime = 11.68173104524612
mbcr =

   1.016001347435157e-04   7.825035657964280e-05

agsout =

   4.616757064210100e-02   1.110262255817585e-02   1.110262255817585e-02
   4.624915507298755e-02   1.118210493840418e-02   1.118210493840419e-02

ans = 3.594999315410347e-21
ans = -1.101763216890005e-20
ans = -1.101781311465905e-20
nbcr = 3
lambda0 = 3.501084296647659
kmpl_prod = 0.180000000000000
 Time :      1.00000
 Time :      2.00000
 Time :      3.01000
 Time :      4.01000
 Time :      5.01000
 Time :      6.01000
 Time :      7.01000
 Time :      8.01000
 Time :      9.01000
 Time :     10.01000
 Time :     11.01000
 Time :     12.01000
 Time :     13.01000
 Time :     14.01000
 Time :     15.01000
 Time :     16.01000
 Time :     17.01000
 Time :     18.00000
 Time :     19.00000
 Time :     20.00000
 Time :     21.00000
 Time :     22.00000
 Time :     23.00000
 Time :     24.00000
 Time :     25.00000
 Time :     26.00000
 Time :     27.00000
 Time :     28.00000
 Time :     29.00000
 Time :     30.00000
 Time :     31.00000
 Time :     32.00000
 Time :     33.00000
 Time :     34.00000
 Time :     35.00000
dtime = 11.86589822173119
mbcr =

   1.016001347435157e-04   7.825035657964280e-05   1.516866147960631e-04

agsout =

   4.616757064210100e-02   1.110262255817585e-02   1.110262255817585e-02
   4.624915507298755e-02   1.118210493840418e-02   1.118210493840419e-02
   4.623061937120922e-02   1.118054142027857e-02   1.118054142027857e-02

ans = 8.346148983083480e-21
ans = 1.881490157911485e-20
ans = 8.650260642818894e-21
nbcr = 3
lambda0 = 3.501084296647659
kmpl_prod = 0.180000000000000
 Time :      1.00000
 Time :      2.00000
 Time :      3.01000
 Time :      4.01000
 Time :      5.01000
 Time :      6.01000
 Time :      7.01000
 Time :      8.01000
 Time :      9.01000
 Time :     10.01000
 Time :     11.01000
 Time :     12.01000
 Time :     13.01000
 Time :     14.01000
 Time :     15.01000
 Time :     16.01000
 Time :     17.01000
 Time :     18.00000
 Time :     19.00000
 Time :     20.00000
 Time :     21.00000
 Time :     22.00000
 Time :     23.00000
 Time :     24.00000
 Time :     25.00000
 Time :     26.00000
 Time :     27.00000
 Time :     28.00000
 Time :     29.00000
 Time :     30.00000
 Time :     31.00000
 Time :     32.00000
 Time :     33.00000
 Time :     34.00000
 Time :     35.00000
dtime = 11.88595443964005
mbcr =

 Columns 1 through 3:

   1.016001347435157e-04   7.825035657964280e-05   1.516866147960631e-04

 Column 4:

   6.309310687684751e-02

agsout =

   4.616757064210100e-02   1.110262255817585e-02   1.110262255817585e-02
   4.624915507298755e-02   1.118210493840418e-02   1.118210493840419e-02
   4.623061937120922e-02   1.118054142027857e-02   1.118054142027857e-02
   3.087859268766212e-02   9.837518480519187e-03   9.837518480519187e-03

ans = 5.849407701668735e-21
ans = 2.581831024582602e-21
ans = 5.969762480795201e-21
nbcr = 3
lambda0 = 3.501084296647659
kmpl_prod = 0.180000000000000
 Time :      1.00000
 Time :      2.00000
 Time :      3.01000
 Time :      4.01000
 Time :      5.01000
 Time :      6.01000
 Time :      7.01000
 Time :      8.01000
 Time :      9.01000
 Time :     10.01000
 Time :     11.01000
 Time :     12.01000
 Time :     13.01000
 Time :     14.01000
 Time :     15.01000
 Time :     16.01000
 Time :     17.01000
 Time :     18.00000
 Time :     19.00000
 Time :     20.00000
 Time :     21.00000
 Time :     22.00000
 Time :     23.00000
 Time :     24.00000
 Time :     25.00000
 Time :     26.00000
 Time :     27.00000
 Time :     28.00000
 Time :     29.00000
 Time :     30.00000
 Time :     31.00000
 Time :     32.00000
 Time :     33.00000
 Time :     34.00000
 Time :     35.00000
dtime = 11.79079301655293
mbcr =

 Columns 1 through 3:

   1.016001347435157e-04   7.825035657964280e-05   1.516866147960631e-04

 Columns 4 and 5:

   6.309310687684751e-02   1.806619654674961e-02

agsout =

   4.616757064210100e-02   1.110262255817585e-02   1.110262255817585e-02
   4.624915507298755e-02   1.118210493840418e-02   1.118210493840419e-02
   4.623061937120922e-02   1.118054142027857e-02   1.118054142027857e-02
   3.087859268766212e-02   9.837518480519187e-03   9.837518480519187e-03
   4.173339128866643e-02   1.078616467849493e-02   1.078616467849494e-02

ans = 6.441255429950427e-21
ans = -3.891581051680823e-21
ans = 2.884682526353579e-21
nbcr = 3
lambda0 = 3.501084296647659
kmpl_prod = 0.180000000000000
 Time :      1.00000
 Time :      2.00000
 Time :      3.01000
 Time :      4.01000
 Time :      5.01000
 Time :      6.01000
 Time :      7.01000
 Time :      8.01000
 Time :      9.01000
 Time :     10.01000
 Time :     11.01000
 Time :     12.01000
 Time :     13.01000
 Time :     14.01000
 Time :     15.01000
 Time :     16.01000
 Time :     17.01000
 Time :     18.00000
 Time :     19.00000
 Time :     20.00000
 Time :     21.00000
 Time :     22.00000
 Time :     23.00000
 Time :     24.00000
 Time :     25.00000
 Time :     26.00000
 Time :     27.00000
 Time :     28.00000
 Time :     29.00000
 Time :     30.00000
 Time :     31.00000
 Time :     32.00000
 Time :     33.00000
 Time :     34.00000
 Time :     35.00000
dtime = 11.63381338119507
mbcr =

 Columns 1 through 3:

   1.016001347435157e-04   7.825035657964280e-05   1.516866147960631e-04

 Columns 4 through 6:

   6.309310687684751e-02   1.806619654674961e-02   1.038053574229782e-01

agsout =

   4.616757064210100e-02   1.110262255817585e-02   1.110262255817585e-02
   4.624915507298755e-02   1.118210493840418e-02   1.118210493840419e-02
   4.623061937120922e-02   1.118054142027857e-02   1.118054142027857e-02
   3.087859268766212e-02   9.837518480519187e-03   9.837518480519187e-03
   4.173339128866643e-02   1.078616467849493e-02   1.078616467849494e-02
   2.019624012993642e-02   8.964642602123495e-03   8.964642602123494e-03

ans = -1.879354351720479e-21
ans = 9.045135987736395e-21
ans = 5.656790941217520e-21
dkps =

 Columns 1 through 3:

   2.132769474724331e+02   1.997245121794157e+02   1.124447734336959e+02

 Columns 4 through 6:

   1.240726162062277e+01   2.117002117405420e+01   1.140424773342509e+02

nbcr = 4
lambda0 = 3.501084296647659
kmpl_prod = 0.180000000000000
 Time :      1.00000
 Time :      2.00000
 Time :      3.01000
 Time :      4.01000
 Time :      5.01000
 Time :      6.01000
 Time :      7.01000
 Time :      8.01000
 Time :      9.01000
 Time :     10.01000
 Time :     11.01000
 Time :     12.01000
 Time :     13.01000
 Time :     14.01000
 Time :     15.01000
 Time :     16.01000
 Time :     17.01000
 Time :     18.00000
 Time :     19.00000
 Time :     20.00000
 Time :     21.00000
 Time :     22.00000
 Time :     23.00000
 Time :     24.00000
 Time :     25.00000
 Time :     26.00000
 Time :     27.00000
 Time :     28.00000
 Time :     29.00000
 Time :     30.00000
 Time :     31.00000
 Time :     32.00000
 Time :     33.00000
 Time :     34.00000
 Time :     35.00000
dtime = 17.91964732110500
mbcr = 8.086451474662353e-05
agsout =

 Columns 1 through 3:

   3.251561695585363e-02   8.631451910158832e-03   8.631451910158834e-03

 Column 4:

   8.631451910158832e-03

ans = 1.485317731290473e-20
ans = -1.935072720794168e-21
ans = -1.934827151549816e-21
ans = 1.457505164015506e-21
nbcr = 4
lambda0 = 3.501084296647659
kmpl_prod = 0.180000000000000
 Time :      1.00000
 Time :      2.00000
 Time :      3.01000
 Time :      4.01000
 Time :      5.01000
 Time :      6.01000
 Time :      7.01000
 Time :      8.01000
 Time :      9.01000
 Time :     10.01000
 Time :     11.01000
 Time :     12.01000
 Time :     13.01000
 Time :     14.01000
 Time :     15.01000
 Time :     16.01000
 Time :     17.01000
 Time :     18.00000
 Time :     19.00000
 Time :     20.00000
 Time :     21.00000
 Time :     22.00000
 Time :     23.00000
 Time :     24.00000
 Time :     25.00000
 Time :     26.00000
 Time :     27.00000
 Time :     28.00000
 Time :     29.00000
 Time :     30.00000
 Time :     31.00000
 Time :     32.00000
 Time :     33.00000
 Time :     34.00000
 Time :     35.00000
dtime = 17.82735250890255
mbcr =

   8.086451474662353e-05   6.239600212219581e-05

agsout =

 Columns 1 through 3:

   3.251561695585363e-02   8.631451910158832e-03   8.631451910158834e-03
   3.257214769022550e-02   8.686123859113926e-03   8.686123859113925e-03

 Column 4:

   8.631451910158832e-03
   8.686123859113930e-03

ans = 5.037587864392818e-21
ans = 6.491429103980596e-21
ans = 3.100919170702305e-21
ans = 6.489025110325364e-21
nbcr = 4
lambda0 = 3.501084296647659
kmpl_prod = 0.180000000000000
 Time :      1.00000
 Time :      2.00000
 Time :      3.01000
 Time :      4.01000
 Time :      5.01000
 Time :      6.01000
 Time :      7.01000
 Time :      8.01000
 Time :      9.01000
 Time :     10.01000
 Time :     11.01000
 Time :     12.01000
 Time :     13.01000
 Time :     14.01000
 Time :     15.01000
 Time :     16.01000
 Time :     17.01000
 Time :     18.00000
 Time :     19.00000
 Time :     20.00000
 Time :     21.00000
 Time :     22.00000
 Time :     23.00000
 Time :     24.00000
 Time :     25.00000
 Time :     26.00000
 Time :     27.00000
 Time :     28.00000
 Time :     29.00000
 Time :     30.00000
 Time :     31.00000
 Time :     32.00000
 Time :     33.00000
 Time :     34.00000
 Time :     35.00000
dtime = 17.89466254413128
mbcr =

   8.086451474662353e-05   6.239600212219581e-05   6.239823821971297e-05

agsout =

 Columns 1 through 3:

   3.251561695585363e-02   8.631451910158832e-03   8.631451910158834e-03
   3.257214769022550e-02   8.686123859113926e-03   8.686123859113925e-03
   3.257229540713434e-02   8.686277238187276e-03   8.686277238187261e-03

 Column 4:

   8.631451910158832e-03
   8.686123859113930e-03
   8.686277238187259e-03

ans = 6.522719189744653e-21
ans = -1.534717304318503e-21
ans = -1.534471735074151e-21
ans = -1.533618705067456e-21
nbcr = 4
lambda0 = 3.501084296647659
kmpl_prod = 0.180000000000000
 Time :      1.00000
 Time :      2.00000
 Time :      3.01000
 Time :      4.01000
 Time :      5.01000
 Time :      6.01000
 Time :      7.01000
 Time :      8.01000
 Time :      9.01000
 Time :     10.01000
 Time :     11.01000
 Time :     12.01000
 Time :     13.01000
 Time :     14.01000
 Time :     15.01000
 Time :     16.01000
 Time :     17.01000
 Time :     18.00000
 Time :     19.00000
 Time :     20.00000
 Time :     21.00000
 Time :     22.00000
 Time :     23.00000
 Time :     24.00000
 Time :     25.00000
 Time :     26.00000
 Time :     27.00000
 Time :     28.00000
 Time :     29.00000
 Time :     30.00000
 Time :     31.00000
 Time :     32.00000
 Time :     33.00000
 Time :     34.00000
 Time :     35.00000
dtime = 17.91124865412712
mbcr =

 Columns 1 through 3:

   8.086451474662353e-05   6.239600212219581e-05   6.239823821971297e-05

 Column 4:

   6.250506777741119e-05

agsout =

 Columns 1 through 3:

   3.251561695585363e-02   8.631451910158832e-03   8.631451910158834e-03
   3.257214769022550e-02   8.686123859113926e-03   8.686123859113925e-03
   3.257229540713434e-02   8.686277238187276e-03   8.686277238187261e-03
   3.257229229118998e-02   8.686277172266391e-03   8.686277172266377e-03

 Column 4:

   8.631451910158832e-03
   8.686123859113930e-03
   8.686277238187259e-03
   8.686277172266377e-03

ans = 2.394200029135452e-21
ans = -4.882562812564957e-22
ans = -3.876646564215120e-21
ans = -4.874549500380850e-22
nbcr = 4
lambda0 = 3.501084296647659
kmpl_prod = 0.180000000000000
 Time :      1.00000
 Time :      2.00000
 Time :      3.01000
 Time :      4.01000
 Time :      5.01000
 Time :      6.01000
 Time :      7.01000
 Time :      8.01000
 Time :      9.01000
 Time :     10.01000
 Time :     11.01000
 Time :     12.01000
 Time :     13.01000
 Time :     14.01000
 Time :     15.01000
 Time :     16.01000
 Time :     17.01000
 Time :     18.00000
 Time :     19.00000
 Time :     20.00000
 Time :     21.00000
 Time :     22.00000
 Time :     23.00000
 Time :     24.00000
 Time :     25.00000
 Time :     26.00000
 Time :     27.00000
 Time :     28.00000
 Time :     29.00000
 Time :     30.00000
 Time :     31.00000
 Time :     32.00000
 Time :     33.00000
 Time :     34.00000
 Time :     35.00000
dtime = 17.86092706024647
mbcr =

 Columns 1 through 3:

   8.086451474662353e-05   6.239600212219581e-05   6.239823821971297e-05

 Columns 4 and 5:

   6.250506777741119e-05   6.623260281137510e-05

agsout =

 Columns 1 through 3:

   3.251561695585363e-02   8.631451910158832e-03   8.631451910158834e-03
   3.257214769022550e-02   8.686123859113926e-03   8.686123859113925e-03
   3.257229540713434e-02   8.686277238187276e-03   8.686277238187261e-03
   3.257229229118998e-02   8.686277172266391e-03   8.686277172266377e-03
   3.257157646953907e-02   8.686226926769160e-03   8.686226926769149e-03

 Column 4:

   8.631451910158832e-03
   8.686123859113930e-03
   8.686277238187259e-03
   8.686277172266377e-03
   8.686226926769148e-03

ans = 7.879541569421146e-22
ans = 1.373625172493508e-20
ans = 1.034556084589779e-20
ans = 1.034642680060155e-20
nbcr = 4
lambda0 = 3.501084296647659
kmpl_prod = 0.180000000000000
 Time :      1.00000
 Time :      2.00000
 Time :      3.01000
 Time :      4.01000
 Time :      5.01000
 Time :      6.01000
 Time :      7.01000
 Time :      8.01000
 Time :      9.01000
 Time :     10.01000
 Time :     11.01000
 Time :     12.01000
 Time :     13.01000
 Time :     14.01000
 Time :     15.01000
 Time :     16.01000
 Time :     17.01000
 Time :     18.00000
 Time :     19.00000
 Time :     20.00000
 Time :     21.00000
 Time :     22.00000
 Time :     23.00000
 Time :     24.00000
 Time :     25.00000
 Time :     26.00000
 Time :     27.00000
 Time :     28.00000
 Time :     29.00000
 Time :     30.00000
 Time :     31.00000
 Time :     32.00000
 Time :     33.00000
 Time :     34.00000
 Time :     35.00000
dtime = 17.66541413962841
mbcr =

 Columns 1 through 3:

   8.086451474662353e-05   6.239600212219581e-05   6.239823821971297e-05

 Columns 4 through 6:

   6.250506777741119e-05   6.623260281137510e-05   1.136371399909204e-04

agsout =

 Columns 1 through 3:

   3.251561695585363e-02   8.631451910158832e-03   8.631451910158834e-03
   3.257214769022550e-02   8.686123859113926e-03   8.686123859113925e-03
   3.257229540713434e-02   8.686277238187276e-03   8.686277238187261e-03
   3.257229229118998e-02   8.686277172266391e-03   8.686277172266377e-03
   3.257157646953907e-02   8.686226926769160e-03   8.686226926769149e-03
   3.255789433863856e-02   8.685233163322027e-03   8.685233163322020e-03

 Column 4:

   8.631451910158832e-03
   8.686123859113930e-03
   8.686277238187259e-03
   8.686277172266377e-03
   8.686226926769148e-03
   8.685233163322021e-03

ans = 1.215748705299812e-21
ans = 4.459770121973791e-21
ans = 7.847074730378439e-21
ans = 7.846454344919025e-21
dkps =

 Columns 1 through 3:

   7.450482392349555e+01   5.142869404532364e+00   1.149884302036140e+01

 Columns 4 through 6:

   9.198680290901086e+01   3.763419771831497e+01   7.252899957829703e-01

nbcr = 5
lambda0 = 3.501084296647659
kmpl_prod = 0.180000000000000
 Time :      1.00000
 Time :      2.00000
 Time :      3.01000
 Time :      4.01000
 Time :      5.01000
 Time :      6.01000
 Time :      7.01000
 Time :      8.01000
 Time :      9.01000
 Time :     10.01000
 Time :     11.01000
 Time :     12.01000
 Time :     13.01000
 Time :     14.01000
 Time :     15.01000
 Time :     16.01000
 Time :     17.01000
 Time :     18.00000
 Time :     19.00000
 Time :     20.00000
 Time :     21.00000
 Time :     22.00000
 Time :     23.00000
 Time :     24.00000
 Time :     25.00000
 Time :     26.00000
 Time :     27.00000
 Time :     28.00000
 Time :     29.00000
 Time :     30.00000
 Time :     31.00000
 Time :     32.00000
 Time :     33.00000
 Time :     34.00000
 Time :     35.00000
dtime = 22.79979586601257
mbcr = 7.054979795831962e-05
agsout =

 Columns 1 through 3:

   2.550437965822603e-02   7.395864400809258e-03   7.395864400809281e-03

 Columns 4 and 5:

   7.395864400809266e-03   7.395864400809270e-03

ans = 2.925815005595582e-21
ans = 1.201076589184653e-20
ans = 1.540422265605704e-20
ans = 8.622065416158199e-21
ans = 1.201190326518879e-20
nbcr = 5
lambda0 = 3.501084296647659
kmpl_prod = 0.180000000000000
 Time :      1.00000
 Time :      2.00000
 Time :      3.01000
 Time :      4.01000
 Time :      5.01000
 Time :      6.01000
 Time :      7.01000
 Time :      8.01000
 Time :      9.01000
 Time :     10.01000
 Time :     11.01000
 Time :     12.01000
 Time :     13.01000
 Time :     14.01000
 Time :     15.01000
 Time :     16.01000
 Time :     17.01000
 Time :     18.00000
 Time :     19.00000
 Time :     20.00000
 Time :     21.00000
 Time :     22.00000
 Time :     23.00000
 Time :     24.00000
 Time :     25.00000
 Time :     26.00000
 Time :     27.00000
 Time :     28.00000
 Time :     29.00000
 Time :     30.00000
 Time :     31.00000
 Time :     32.00000
 Time :     33.00000
 Time :     34.00000
 Time :     35.00000
dtime = 22.66862578690052
mbcr =

   7.054979795831962e-05   5.470446155309210e-05

agsout =

 Columns 1 through 3:

   2.550437965822603e-02   7.395864400809258e-03   7.395864400809281e-03
   2.554645265678636e-02   7.436305682730663e-03   7.436305682730652e-03

 Columns 4 and 5:

   7.395864400809266e-03   7.395864400809270e-03
   7.436305682730663e-03   7.436305682730657e-03

ans = 6.028900214794225e-21
ans = 1.148705716652390e-20
ans = 1.148274031770213e-20
ans = 1.148372259467954e-20
ans = 1.148367089589126e-20
nbcr = 5
lambda0 = 3.501084296647659
kmpl_prod = 0.180000000000000
 Time :      1.00000
 Time :      2.00000
 Time :      3.01000
 Time :      4.01000
 Time :      5.01000
 Time :      6.01000
 Time :      7.01000
 Time :      8.01000
 Time :      9.01000
 Time :     10.01000
 Time :     11.01000
 Time :     12.01000
 Time :     13.01000
 Time :     14.01000
 Time :     15.01000
 Time :     16.01000
 Time :     17.01000
 Time :     18.00000
 Time :     19.00000
 Time :     20.00000
 Time :     21.00000
 Time :     22.00000
 Time :     23.00000
 Time :     24.00000
 Time :     25.00000
 Time :     26.00000
 Time :     27.00000
 Time :     28.00000
 Time :     29.00000
 Time :     30.00000
 Time :     31.00000
 Time :     32.00000
 Time :     33.00000
 Time :     34.00000
 Time :     35.00000
dtime = 22.70645499229431
mbcr =

   7.054979795831962e-05   5.470446155309210e-05   6.580014091682063e-05

agsout =

 Columns 1 through 3:

   2.550437965822603e-02   7.395864400809258e-03   7.395864400809281e-03
   2.554645265678636e-02   7.436305682730663e-03   7.436305682730652e-03
   2.554436240810020e-02   7.436426812290612e-03   7.436426812290610e-03

 Columns 4 and 5:

   7.395864400809266e-03   7.395864400809270e-03
   7.436305682730663e-03   7.436305682730657e-03
   7.436426812290616e-03   7.436426812290616e-03

ans = 9.643995364179181e-21
ans = 7.443539838423273e-21
ans = 1.083386882594257e-20
ans = 4.055175404858791e-21
ans = 4.055175404858791e-21
nbcr = 5
lambda0 = 3.501084296647659
kmpl_prod = 0.180000000000000
 Time :      1.00000
 Time :      2.00000
 Time :      3.01000
 Time :      4.01000
 Time :      5.01000
 Time :      6.01000
 Time :      7.01000
 Time :      8.01000
 Time :      9.01000
 Time :     10.01000
 Time :     11.01000
 Time :     12.01000
 Time :     13.01000
 Time :     14.01000
 Time :     15.01000
 Time :     16.01000
 Time :     17.01000
 Time :     18.00000
 Time :     19.00000
 Time :     20.00000
 Time :     21.00000
 Time :     22.00000
 Time :     23.00000
 Time :     24.00000
 Time :     25.00000
 Time :     26.00000
 Time :     27.00000
 Time :     28.00000
 Time :     29.00000
 Time :     30.00000
 Time :     31.00000
 Time :     32.00000
 Time :     33.00000
 Time :     34.00000
 Time :     35.00000
dtime = 22.72596806287766
mbcr =

 Columns 1 through 3:

   7.054979795831962e-05   5.470446155309210e-05   6.580014091682063e-05

 Column 4:

   1.295103662958480e-03

agsout =

 Columns 1 through 3:

   2.550437965822603e-02   7.395864400809258e-03   7.395864400809281e-03
   2.554645265678636e-02   7.436305682730663e-03   7.436305682730652e-03
   2.554436240810020e-02   7.436426812290612e-03   7.436426812290610e-03
   2.521747970478587e-02   7.413515487560572e-03   7.413515487560577e-03

 Columns 4 and 5:

   7.395864400809266e-03   7.395864400809270e-03
   7.436305682730663e-03   7.436305682730657e-03
   7.436426812290616e-03   7.436426812290616e-03
   7.413515487560576e-03   7.413515487560576e-03

ans = -1.877699990495373e-22
ans = 1.877544894130519e-21
ans = -8.288117093234057e-21
ans = -1.167935080954833e-20
ans = -1.167935080954833e-20
nbcr = 5
lambda0 = 3.501084296647659
kmpl_prod = 0.180000000000000
 Time :      1.00000
 Time :      2.00000
 Time :      3.01000
 Time :      4.01000
 Time :      5.01000
 Time :      6.01000
 Time :      7.01000
 Time :      8.01000
 Time :      9.01000
 Time :     10.01000
 Time :     11.01000
 Time :     12.01000
 Time :     13.01000
 Time :     14.01000
 Time :     15.01000
 Time :     16.01000
 Time :     17.01000
 Time :     18.00000
 Time :     19.00000
 Time :     20.00000
 Time :     21.00000
 Time :     22.00000
 Time :     23.00000
 Time :     24.00000
 Time :     25.00000
 Time :     26.00000
 Time :     27.00000
 Time :     28.00000
 Time :     29.00000
 Time :     30.00000
 Time :     31.00000
 Time :     32.00000
 Time :     33.00000
 Time :     34.00000
 Time :     35.00000
dtime = 22.52341434359550
mbcr =

 Columns 1 through 3:

   7.054979795831962e-05   5.470446155309210e-05   6.580014091682063e-05

 Columns 4 and 5:

   1.295103662958480e-03   1.172306071291844e-04

agsout =

 Columns 1 through 3:

   2.550437965822603e-02   7.395864400809258e-03   7.395864400809281e-03
   2.554645265678636e-02   7.436305682730663e-03   7.436305682730652e-03
   2.554436240810020e-02   7.436426812290612e-03   7.436426812290610e-03
   2.521747970478587e-02   7.413515487560572e-03   7.413515487560577e-03
   2.552677615350660e-02   7.435504154516158e-03   7.435504154516133e-03

 Columns 4 and 5:

   7.395864400809266e-03   7.395864400809270e-03
   7.436305682730663e-03   7.436305682730657e-03
   7.436426812290616e-03   7.436426812290616e-03
   7.413515487560576e-03   7.413515487560576e-03
   7.435504154516145e-03   7.435504154516145e-03

ans = 5.461905896430320e-21
ans = 1.026900786514542e-20
ans = 6.882918178265459e-21
ans = 6.877283010342441e-21
ans = 6.877283010342441e-21
nbcr = 5
lambda0 = 3.501084296647659
kmpl_prod = 0.180000000000000
 Time :      1.00000
 Time :      2.00000
 Time :      3.01000
 Time :      4.01000
 Time :      5.01000
 Time :      6.01000
 Time :      7.01000
 Time :      8.01000
 Time :      9.01000
 Time :     10.01000
 Time :     11.01000
 Time :     12.01000
 Time :     13.01000
 Time :     14.01000
 Time :     15.01000
 Time :     16.01000
 Time :     17.01000
 Time :     18.00000
 Time :     19.00000
 Time :     20.00000
 Time :     21.00000
 Time :     22.00000
 Time :     23.00000
 Time :     24.00000
 Time :     25.00000
 Time :     26.00000
 Time :     27.00000
 Time :     28.00000
 Time :     29.00000
 Time :     30.00000
 Time :     31.00000
 Time :     32.00000
 Time :     33.00000
 Time :     34.00000
 Time :     35.00000
dtime = 22.70150631666183
mbcr =

 Columns 1 through 3:

   7.054979795831962e-05   5.470446155309210e-05   6.580014091682063e-05

 Columns 4 through 6:

   1.295103662958480e-03   1.172306071291844e-04   1.127116020909592e-04

agsout =

 Columns 1 through 3:

   2.550437965822603e-02   7.395864400809258e-03   7.395864400809281e-03
   2.554645265678636e-02   7.436305682730663e-03   7.436305682730652e-03
   2.554436240810020e-02   7.436426812290612e-03   7.436426812290610e-03
   2.521747970478587e-02   7.413515487560572e-03   7.413515487560577e-03
   2.552677615350660e-02   7.435504154516158e-03   7.435504154516133e-03
   2.552868776418527e-02   7.435523278742808e-03   7.435523278742826e-03

 Columns 4 and 5:

   7.395864400809266e-03   7.395864400809270e-03
   7.436305682730663e-03   7.436305682730657e-03
   7.436426812290616e-03   7.436426812290616e-03
   7.413515487560576e-03   7.413515487560576e-03
   7.435504154516145e-03   7.435504154516145e-03
   7.435523278742833e-03   7.435523278742838e-03

ans = 8.739576761929014e-21
ans = 8.065683056639719e-21
ans = 1.145257407473809e-20
ans = 8.060125436899129e-21
ans = 1.483525164159127e-20
dkps =

 Columns 1 through 3:

   1.464663075353290e+02   2.446029223957250e+01   3.302765779329073e-01

 Columns 4 through 6:

   3.663990910995889e+00   2.573194884164028e+01   5.326897318576945e+00

nbcr = 7
lambda0 = 3.501084296647659
kmpl_prod = 0.180000000000000
 Time :      1.00000
 Time :      2.00000
 Time :      3.01000
 Time :      4.01000
 Time :      5.01000
 Time :      6.01000
 Time :      7.01000
 Time :      8.01000
 Time :      9.01000
 Time :     10.01000
 Time :     11.01000
 Time :     12.01000
 Time :     13.01000
 Time :     14.01000
 Time :     15.01000
 Time :     16.01000
 Time :     17.01000
 Time :     18.00000
 Time :     19.00000
 Time :     20.00000
 Time :     21.00000
 Time :     22.00000
 Time :     23.00000
 Time :     24.00000
 Time :     25.00000
 Time :     26.00000
 Time :     27.00000
 Time :     28.00000
 Time :     29.00000
 Time :     30.00000
 Time :     31.00000
 Time :     32.00000
 Time :     33.00000
 Time :     34.00000
 Time :     35.00000
dtime = 32.52073489129543
mbcr = 5.989004650738202e-05
agsout =

 Columns 1 through 3:

   1.836455120498745e-02   6.159693172691312e-03   6.159693172691340e-03

 Columns 4 through 6:

   6.159693172691325e-03   6.159693172691329e-03   6.159693172691320e-03

 Column 7:

   6.159693172691320e-03

ans = -5.247892565035095e-22
ans = 1.023144869545668e-20
ans = 1.700905644198649e-20
ans = 1.700905644198649e-20
ans = 1.022994943059643e-20
ans = 1.700538582801828e-20
ans = 1.023201738212781e-20
nbcr = 7
lambda0 = 3.501084296647659
kmpl_prod = 0.180000000000000
 Time :      1.00000
 Time :      2.00000
 Time :      3.01000
 Time :      4.01000
 Time :      5.01000
 Time :      6.01000
 Time :      7.01000
 Time :      8.01000
 Time :      9.01000
 Time :     10.01000
 Time :     11.01000
 Time :     12.01000
 Time :     13.01000
 Time :     14.01000
 Time :     15.01000
 Time :     16.01000
 Time :     17.01000
 Time :     18.00000
 Time :     19.00000
 Time :     20.00000
 Time :     21.00000
 Time :     22.00000
 Time :     23.00000
 Time :     24.00000
 Time :     25.00000
 Time :     26.00000
 Time :     27.00000
 Time :     28.00000
 Time :     29.00000
 Time :     30.00000
 Time :     31.00000
 Time :     32.00000
 Time :     33.00000
 Time :     34.00000
 Time :     35.00000
dtime = 32.19558075070381
mbcr =

   5.989004650738202e-05   4.639499334633950e-05

agsout =

 Columns 1 through 3:

   1.836455120498745e-02   6.159693172691312e-03   6.159693172691340e-03
   1.838904870179967e-02   6.182852813865205e-03   6.182852813865181e-03

 Columns 4 through 6:

   6.159693172691325e-03   6.159693172691329e-03   6.159693172691320e-03
   6.182852813865199e-03   6.182852813865172e-03   6.182852813865164e-03

 Column 7:

   6.159693172691320e-03
   6.182852813865163e-03

ans = 8.897253093217788e-21
ans = 1.122866662267764e-20
ans = 4.452713237372948e-21
ans = 7.845497917335760e-21
ans = 4.448939225828175e-21
ans = 1.461343799045635e-20
ans = 1.123171685118643e-20
nbcr = 7
lambda0 = 3.501084296647659
kmpl_prod = 0.180000000000000
 Time :      1.00000
 Time :      2.00000
 Time :      3.01000
 Time :      4.01000
 Time :      5.01000
 Time :      6.01000
 Time :      7.01000
 Time :      8.01000
 Time :      9.01000
 Time :     10.01000
 Time :     11.01000
 Time :     12.01000
 Time :     13.01000
 Time :     14.01000
 Time :     15.01000
 Time :     16.01000
 Time :     17.01000
 Time :     18.00000
 Time :     19.00000
 Time :     20.00000
 Time :     21.00000
 Time :     22.00000
 Time :     23.00000
 Time :     24.00000
 Time :     25.00000
 Time :     26.00000
 Time :     27.00000
 Time :     28.00000
 Time :     29.00000
 Time :     30.00000
 Time :     31.00000
 Time :     32.00000
 Time :     33.00000
 Time :     34.00000
 Time :     35.00000
dtime = 32.50482268631458
mbcr =

   5.989004650738202e-05   4.639499334633950e-05   4.707493139230772e-05

agsout =

 Columns 1 through 3:

   1.836455120498745e-02   6.159693172691312e-03   6.159693172691340e-03
   1.838904870179967e-02   6.182852813865205e-03   6.182852813865181e-03
   1.838952409076907e-02   6.183359549713874e-03   6.183359549713902e-03

 Columns 4 through 6:

   6.159693172691325e-03   6.159693172691329e-03   6.159693172691320e-03
   6.182852813865199e-03   6.182852813865172e-03   6.182852813865164e-03
   6.183359549713933e-03   6.183359549713922e-03   6.183359549713930e-03

 Column 7:

   6.159693172691320e-03
   6.182852813865163e-03
   6.183359549713932e-03

ans = 6.370163133710615e-22
ans = 4.796613577041869e-21
ans = 8.171613873834791e-21
ans = 1.156936163747292e-20
ans = 4.790358023659437e-21
ans = 8.171613873834791e-21
ans = 8.177662632064085e-21
nbcr = 7
lambda0 = 3.501084296647659
kmpl_prod = 0.180000000000000
 Time :      1.00000
 Time :      2.00000
 Time :      3.01000
 Time :      4.01000
 Time :      5.01000
 Time :      6.01000
 Time :      7.01000
 Time :      8.01000
 Time :      9.01000
 Time :     10.01000
 Time :     11.01000
 Time :     12.01000
 Time :     13.01000
 Time :     14.01000
 Time :     15.01000
 Time :     16.01000
 Time :     17.01000
 Time :     18.00000
 Time :     19.00000
 Time :     20.00000
 Time :     21.00000
 Time :     22.00000
 Time :     23.00000
 Time :     24.00000
 Time :     25.00000
 Time :     26.00000
 Time :     27.00000
 Time :     28.00000
 Time :     29.00000
 Time :     30.00000
 Time :     31.00000
 Time :     32.00000
 Time :     33.00000
 Time :     34.00000
 Time :     35.00000
dtime = 31.85867853462696
mbcr =

 Columns 1 through 3:

   5.989004650738202e-05   4.639499334633950e-05   4.707493139230772e-05

 Column 4:

   2.268248271819953e-03

agsout =

 Columns 1 through 3:

   1.836455120498745e-02   6.159693172691312e-03   6.159693172691340e-03
   1.838904870179967e-02   6.182852813865205e-03   6.182852813865181e-03
   1.838952409076907e-02   6.183359549713874e-03   6.183359549713902e-03
   1.782050845590815e-02   6.144790498845876e-03   6.144790498845844e-03

 Columns 4 through 6:

   6.159693172691325e-03   6.159693172691329e-03   6.159693172691320e-03
   6.182852813865199e-03   6.182852813865172e-03   6.182852813865164e-03
   6.183359549713933e-03   6.183359549713922e-03   6.183359549713930e-03
   6.144790498845876e-03   6.144790498845878e-03   6.144790498845874e-03

 Column 7:

   6.159693172691320e-03
   6.182852813865163e-03
   6.183359549713932e-03
   6.144790498845864e-03

ans = 2.144052147737448e-21
ans = 8.431141791023304e-21
ans = 1.181555126728402e-20
ans = 1.655757092389739e-21
ans = 8.425661719465140e-21
ans = 8.425661719465140e-21
ans = 5.037271436506516e-21
nbcr = 7
lambda0 = 3.501084296647659
kmpl_prod = 0.180000000000000
 Time :      1.00000
 Time :      2.00000
 Time :      3.01000
 Time :      4.01000
 Time :      5.01000
 Time :      6.01000
 Time :      7.01000
 Time :      8.01000
 Time :      9.01000
 Time :     10.01000
 Time :     11.01000
 Time :     12.01000
 Time :     13.01000
 Time :     14.01000
 Time :     15.01000
 Time :     16.01000
 Time :     17.01000
 Time :     18.00000
 Time :     19.00000
 Time :     20.00000
 Time :     21.00000
 Time :     22.00000
 Time :     23.00000
 Time :     24.00000
 Time :     25.00000
 Time :     26.00000
 Time :     27.00000
 Time :     28.00000
 Time :     29.00000
 Time :     30.00000
 Time :     31.00000
 Time :     32.00000
 Time :     33.00000
 Time :     34.00000
 Time :     35.00000
dtime = 31.66776224970818
mbcr =

 Columns 1 through 3:

   5.989004650738202e-05   4.639499334633950e-05   4.707493139230772e-05

 Columns 4 and 5:

   2.268248271819953e-03   7.910554299391653e-02

agsout =

 Columns 1 through 3:

   1.836455120498745e-02   6.159693172691312e-03   6.159693172691340e-03
   1.838904870179967e-02   6.182852813865205e-03   6.182852813865181e-03
   1.838952409076907e-02   6.183359549713874e-03   6.183359549713902e-03
   1.782050845590815e-02   6.144790498845876e-03   6.144790498845844e-03
   2.837055274149181e-03   5.333348523837756e-03   5.333348523837763e-03

 Columns 4 through 6:

   6.159693172691325e-03   6.159693172691329e-03   6.159693172691320e-03
   6.182852813865199e-03   6.182852813865172e-03   6.182852813865164e-03
   6.183359549713933e-03   6.183359549713922e-03   6.183359549713930e-03
   6.144790498845876e-03   6.144790498845878e-03   6.144790498845874e-03
   5.333348523837766e-03   5.333348523837758e-03   5.333348523837760e-03

 Column 7:

   6.159693172691320e-03
   6.182852813865163e-03
   6.183359549713932e-03
   6.144790498845864e-03
   5.333348523837763e-03

ans = -5.691002614364830e-22
ans = 2.214724391322447e-21
ans = 5.612368757384008e-21
ans = 2.213897210709894e-21
ans = 8.996933330009575e-21
ans = 8.986490174776093e-21
ans = 5.600271240925420e-21
nbcr = 7
lambda0 = 3.501084296647659
kmpl_prod = 0.180000000000000
 Time :      1.00000
 Time :      2.00000
 Time :      3.01000
 Time :      4.01000
 Time :      5.01000
 Time :      6.01000
 Time :      7.01000
 Time :      8.01000
 Time :      9.01000
 Time :     10.01000
 Time :     11.01000
 Time :     12.01000
 Time :     13.01000
 Time :     14.01000
 Time :     15.01000
 Time :     16.01000
 Time :     17.01000
 Time :     18.00000
 Time :     19.00000
 Time :     20.00000
 Time :     21.00000
 Time :     22.00000
 Time :     23.00000
 Time :     24.00000
 Time :     25.00000
 Time :     26.00000
 Time :     27.00000
 Time :     28.00000
 Time :     29.00000
 Time :     30.00000
 Time :     31.00000
 Time :     32.00000
 Time :     33.00000
 Time :     34.00000
 Time :     35.00000
dtime = 31.75261393189430
mbcr =

 Columns 1 through 3:

   5.989004650738202e-05   4.639499334633950e-05   4.707493139230772e-05

 Columns 4 through 6:

   2.268248271819953e-03   7.910554299391653e-02   8.119961301593447e-03

agsout =

 Columns 1 through 3:

   1.836455120498745e-02   6.159693172691312e-03   6.159693172691340e-03
   1.838904870179967e-02   6.182852813865205e-03   6.182852813865181e-03
   1.838952409076907e-02   6.183359549713874e-03   6.183359549713902e-03
   1.782050845590815e-02   6.144790498845876e-03   6.144790498845844e-03
   2.837055274149181e-03   5.333348523837756e-03   5.333348523837763e-03
   1.623756926245493e-02   6.052023298652075e-03   6.052023298652062e-03

 Columns 4 through 6:

   6.159693172691325e-03   6.159693172691329e-03   6.159693172691320e-03
   6.182852813865199e-03   6.182852813865172e-03   6.182852813865164e-03
   6.183359549713933e-03   6.183359549713922e-03   6.183359549713930e-03
   6.144790498845876e-03   6.144790498845878e-03   6.144790498845874e-03
   5.333348523837766e-03   5.333348523837758e-03   5.333348523837760e-03
   6.052023298652076e-03   6.052023298652077e-03   6.052023298652064e-03

 Column 7:

   6.159693172691320e-03
   6.182852813865163e-03
   6.183359549713932e-03
   6.144790498845864e-03
   5.333348523837763e-03
   6.052023298652078e-03

ans = -6.551270451419979e-22
ans = -1.515911870079992e-21
ans = -8.297190230577998e-21
ans = -1.509863111850698e-21
ans = -4.905646321534015e-21
ans = -8.291296568713557e-21
ans = -1.516583954327692e-21
dkps =

 Columns 1 through 3:

   2.725481207956771e+00   1.437082597420812e+00   1.950672451689975e+00

 Columns 4 through 6:

   1.137120316475993e+01   5.333206941961414e+02   2.088456622426431e+00

nbcr = 10
lambda0 = 3.501084296647659
kmpl_prod = 0.180000000000000
 Time :      1.00000
 Time :      2.00000
 Time :      3.01000
 Time :      4.01000
 Time :      5.01000
 Time :      6.01000
 Time :      7.01000
 Time :      8.01000
 Time :      9.01000
 Time :     10.01000
 Time :     11.01000
 Time :     12.01000
 Time :     13.01000
 Time :     14.01000
 Time :     15.01000
 Time :     16.01000
 Time :     17.01000
 Time :     18.00000
 Time :     19.00000
 Time :     20.00000
 Time :     21.00000
 Time :     22.00000
 Time :     23.00000
 Time :     24.00000
 Time :     25.00000
 Time :     26.00000
 Time :     27.00000
 Time :     28.00000
 Time :     29.00000
 Time :     30.00000
 Time :     31.00000
 Time :     32.00000
 Time :     33.00000
 Time :     34.00000
 Time :     35.00000
dtime = 47.02791832387447
mbcr = 5.221270471672276e-05
agsout =

 Columns 1 through 3:

   1.352833048523765e-02   5.332073814795330e-03   5.332073814795323e-03

 Columns 4 through 6:

   5.332073814795276e-03   5.332073814795324e-03   5.332073814795273e-03

 Columns 7 through 9:

   5.332073814795321e-03   5.332073814795288e-03   5.332073814795291e-03

 Column 10:

   5.332073814795284e-03

ans = -2.688789607630320e-22
ans = -1.414789040195385e-21
ans = 1.973135953668678e-21
ans = 1.968689857876206e-21
ans = 1.968172869993360e-21
ans = -1.411480317745173e-21
ans = -1.419855521447272e-21
ans = -1.420269111753549e-21
ans = 1.968276267569929e-21
ans = 5.356511454163700e-21
nbcr = 10
lambda0 = 3.501084296647659
kmpl_prod = 0.180000000000000
 Time :      1.00000
 Time :      2.00000
 Time :      3.01000
 Time :      4.01000
 Time :      5.01000
 Time :      6.01000
 Time :      7.01000
 Time :      8.01000
 Time :      9.01000
 Time :     10.01000
 Time :     11.01000
 Time :     12.01000
 Time :     13.01000
 Time :     14.01000
 Time :     15.01000
 Time :     16.01000
 Time :     17.01000
 Time :     18.00000
 Time :     19.00000
 Time :     20.00000
 Time :     21.00000
 Time :     22.00000
 Time :     23.00000
 Time :     24.00000
 Time :     25.00000
 Time :     26.00000
 Time :     27.00000
 Time :     28.00000
 Time :     29.00000
 Time :     30.00000
 Time :     31.00000
 Time :     32.00000
 Time :     33.00000
 Time :     34.00000
 Time :     35.00000
dtime = 46.20919413864613
mbcr =

   5.221270471672276e-05   4.821354822871601e-05

agsout =

 Columns 1 through 3:

   1.352833048523765e-02   5.332073814795330e-03   5.332073814795323e-03
   1.353617271411272e-02   5.339802294270628e-03   5.339802294270612e-03

 Columns 4 through 6:

   5.332073814795276e-03   5.332073814795324e-03   5.332073814795273e-03
   5.339802294270586e-03   5.339802294270592e-03   5.339802294270643e-03

 Columns 7 through 9:

   5.332073814795321e-03   5.332073814795288e-03   5.332073814795291e-03
   5.339802294270633e-03   5.339802294270633e-03   5.339802294270628e-03

 Column 10:

   5.332073814795284e-03
   5.339802294270629e-03

ans = 2.190994647499832e-21
ans = 2.719356263768078e-21
ans = 6.107591450361849e-21
ans = 6.102007981227116e-21
ans = 6.102214776380254e-21
ans = 6.096941499975229e-21
ans = 2.713979589786484e-21
ans = 2.701985470904465e-21
ans = 6.102214776380254e-21
ans = 6.096941499975229e-21
nbcr = 10
lambda0 = 3.501084296647659
kmpl_prod = 0.180000000000000
 Time :      1.00000
 Time :      2.00000
 Time :      3.01000
 Time :      4.01000
 Time :      5.01000
 Time :      6.01000
 Time :      7.01000
 Time :      8.01000
 Time :      9.01000
 Time :     10.01000
 Time :     11.01000
 Time :     12.01000
 Time :     13.01000
 Time :     14.01000
 Time :     15.01000
 Time :     16.01000
 Time :     17.01000
 Time :     18.00000
 Time :     19.00000
 Time :     20.00000
 Time :     21.00000
 Time :     22.00000
 Time :     23.00000
 Time :     24.00000
 Time :     25.00000
 Time :     26.00000
 Time :     27.00000
 Time :     28.00000
 Time :     29.00000
 Time :     30.00000
 Time :     31.00000
 Time :     32.00000
 Time :     33.00000
 Time :     34.00000
 Time :     35.00000
dtime = 46.08682505786419
mbcr =

   5.221270471672276e-05   4.821354822871601e-05   2.177534488909992e-02

agsout =

 Columns 1 through 3:

   1.352833048523765e-02   5.332073814795330e-03   5.332073814795323e-03
   1.353617271411272e-02   5.339802294270628e-03   5.339802294270612e-03
   8.451388720055273e-03   5.033468820261657e-03   5.033468820261611e-03

 Columns 4 through 6:

   5.332073814795276e-03   5.332073814795324e-03   5.332073814795273e-03
   5.339802294270586e-03   5.339802294270592e-03   5.339802294270643e-03
   5.033468820261625e-03   5.033468820261629e-03   5.033468820261601e-03

 Columns 7 through 9:

   5.332073814795321e-03   5.332073814795288e-03   5.332073814795291e-03
   5.339802294270633e-03   5.339802294270633e-03   5.339802294270628e-03
   5.033468820261618e-03   5.033468820261619e-03   5.033468820261620e-03

 Column 10:

   5.332073814795284e-03
   5.339802294270629e-03
   5.033468820261620e-03

ans = 7.232867276163674e-21
ans = 4.505032411116927e-22
ans = 3.836153488291235e-21
ans = 3.847320426560701e-21
ans = 3.828398670048550e-21
ans = 7.226456626416388e-21
ans = 3.846700041101286e-21
ans = 3.831707392498762e-21
ans = 4.536051684087666e-22
ans = 4.536051684087666e-22
nbcr = 10
lambda0 = 3.501084296647659
kmpl_prod = 0.180000000000000
 Time :      1.00000
 Time :      2.00000
 Time :      3.01000
 Time :      4.01000
 Time :      5.01000
 Time :      6.01000
 Time :      7.01000
 Time :      8.01000
 Time :      9.01000
 Time :     10.01000
 Time :     11.01000
 Time :     12.01000
 Time :     13.01000
 Time :     14.01000
 Time :     15.01000
 Time :     16.01000
 Time :     17.01000
 Time :     18.00000
 Time :     19.00000
 Time :     20.00000
 Time :     21.00000
 Time :     22.00000
 Time :     23.00000
 Time :     24.00000
 Time :     25.00000
 Time :     26.00000
 Time :     27.00000
 Time :     28.00000
 Time :     29.00000
 Time :     30.00000
 Time :     31.00000
 Time :     32.00000
 Time :     33.00000
 Time :     34.00000
 Time :     35.00000
dtime = 46.07296474277973
mbcr =

 Columns 1 through 3:

   5.221270471672276e-05   4.821354822871601e-05   2.177534488909992e-02

 Column 4:

   7.810183058311670e-02

agsout =

 Columns 1 through 3:

   1.352833048523765e-02   5.332073814795330e-03   5.332073814795323e-03
   1.353617271411272e-02   5.339802294270628e-03   5.339802294270612e-03
   8.451388720055273e-03   5.033468820261657e-03   5.033468820261611e-03
   1.028261924169714e-03   4.841679247233314e-03   4.841679247233322e-03

 Columns 4 through 6:

   5.332073814795276e-03   5.332073814795324e-03   5.332073814795273e-03
   5.339802294270586e-03   5.339802294270592e-03   5.339802294270643e-03
   5.033468820261625e-03   5.033468820261629e-03   5.033468820261601e-03
   4.841679247233311e-03   4.841679247233315e-03   4.841679247233298e-03

 Columns 7 through 9:

   5.332073814795321e-03   5.332073814795288e-03   5.332073814795291e-03
   5.339802294270633e-03   5.339802294270633e-03   5.339802294270628e-03
   5.033468820261618e-03   5.033468820261619e-03   5.033468820261620e-03
   4.841679247233282e-03   4.841679247233303e-03   4.841679247233306e-03

 Column 10:

   5.332073814795284e-03
   5.339802294270629e-03
   5.033468820261620e-03
   4.841679247233306e-03

ans = 1.958763690525570e-21
ans = -6.721876452759041e-22
ans = -6.794254756357431e-22
ans = 2.718322288002387e-21
ans = -4.051634037861299e-21
ans = -6.694993082851068e-22
ans = -6.746691871135632e-22
ans = -4.064558734932440e-21
ans = 2.726800889281056e-21
ans = 2.723492166830844e-21
nbcr = 10
lambda0 = 3.501084296647659
kmpl_prod = 0.180000000000000
 Time :      1.00000
 Time :      2.00000
 Time :      3.01000
 Time :      4.01000
 Time :      5.01000
 Time :      6.01000
 Time :      7.01000
 Time :      8.01000
 Time :      9.01000
 Time :     10.01000
 Time :     11.01000
 Time :     12.01000
 Time :     13.01000
 Time :     14.01000
 Time :     15.01000
 Time :     16.01000
 Time :     17.01000
 Time :     18.00000
 Time :     19.00000
 Time :     20.00000
 Time :     21.00000
 Time :     22.00000
 Time :     23.00000
 Time :     24.00000
 Time :     25.00000
 Time :     26.00000
 Time :     27.00000
 Time :     28.00000
 Time :     29.00000
 Time :     30.00000
 Time :     31.00000
 Time :     32.00000
 Time :     33.00000
 Time :     34.00000
 Time :     35.00000
dtime = 45.90803906321526
mbcr =

 Columns 1 through 3:

   5.221270471672276e-05   4.821354822871601e-05   2.177534488909992e-02

 Columns 4 and 5:

   7.810183058311670e-02   3.056444092941165e-02

agsout =

 Columns 1 through 3:

   1.352833048523765e-02   5.332073814795330e-03   5.332073814795323e-03
   1.353617271411272e-02   5.339802294270628e-03   5.339802294270612e-03
   8.451388720055273e-03   5.033468820261657e-03   5.033468820261611e-03
   1.028261924169714e-03   4.841679247233314e-03   4.841679247233322e-03
   6.400672646939717e-03   4.954869416138660e-03   4.954869416138720e-03

 Columns 4 through 6:

   5.332073814795276e-03   5.332073814795324e-03   5.332073814795273e-03
   5.339802294270586e-03   5.339802294270592e-03   5.339802294270643e-03
   5.033468820261625e-03   5.033468820261629e-03   5.033468820261601e-03
   4.841679247233311e-03   4.841679247233315e-03   4.841679247233298e-03
   4.954869416138629e-03   4.954869416138614e-03   4.954869416138628e-03

 Columns 7 through 9:

   5.332073814795321e-03   5.332073814795288e-03   5.332073814795291e-03
   5.339802294270633e-03   5.339802294270633e-03   5.339802294270628e-03
   5.033468820261618e-03   5.033468820261619e-03   5.033468820261620e-03
   4.841679247233282e-03   4.841679247233303e-03   4.841679247233306e-03
   4.954869416138714e-03   4.954869416138692e-03   4.954869416138612e-03

 Column 10:

   5.332073814795284e-03
   5.339802294270629e-03
   5.033468820261620e-03
   4.841679247233306e-03
   4.954869416138615e-03

ans = 6.174076092095799e-21
ans = 1.812766312409960e-21
ans = 1.806252265086105e-21
ans = 1.814317276058497e-21
ans = 5.188490392238866e-21
ans = -4.984176780938268e-21
ans = -1.578674199057453e-21
ans = -1.589737739750350e-21
ans = 1.791776604366427e-21
ans = 1.798807639573128e-21
nbcr = 10
lambda0 = 3.501084296647659
kmpl_prod = 0.180000000000000
 Time :      1.00000
 Time :      2.00000
 Time :      3.01000
 Time :      4.01000
 Time :      5.01000
 Time :      6.01000
 Time :      7.01000
 Time :      8.01000
 Time :      9.01000
 Time :     10.01000
 Time :     11.01000
 Time :     12.01000
 Time :     13.01000
 Time :     14.01000
 Time :     15.01000
 Time :     16.01000
 Time :     17.01000
 Time :     18.00000
 Time :     19.00000
 Time :     20.00000
 Time :     21.00000
 Time :     22.00000
 Time :     23.00000
 Time :     24.00000
 Time :     25.00000
 Time :     26.00000
 Time :     27.00000
 Time :     28.00000
 Time :     29.00000
 Time :     30.00000
 Time :     31.00000
 Time :     32.00000
 Time :     33.00000
 Time :     34.00000
 Time :     35.00000
dtime = 46.27185724675655
mbcr =

 Columns 1 through 3:

   5.221270471672276e-05   4.821354822871601e-05   2.177534488909992e-02

 Columns 4 through 6:

   7.810183058311670e-02   3.056444092941165e-02   4.603931176142689e-05

agsout =

 Columns 1 through 3:

   1.352833048523765e-02   5.332073814795330e-03   5.332073814795323e-03
   1.353617271411272e-02   5.339802294270628e-03   5.339802294270612e-03
   8.451388720055273e-03   5.033468820261657e-03   5.033468820261611e-03
   1.028261924169714e-03   4.841679247233314e-03   4.841679247233322e-03
   6.400672646939717e-03   4.954869416138660e-03   4.954869416138720e-03
   1.353738568610010e-02   5.340691270668149e-03   5.340691270668129e-03

 Columns 4 through 6:

   5.332073814795276e-03   5.332073814795324e-03   5.332073814795273e-03
   5.339802294270586e-03   5.339802294270592e-03   5.339802294270643e-03
   5.033468820261625e-03   5.033468820261629e-03   5.033468820261601e-03
   4.841679247233311e-03   4.841679247233315e-03   4.841679247233298e-03
   4.954869416138629e-03   4.954869416138614e-03   4.954869416138628e-03
   5.340691270668108e-03   5.340691270668085e-03   5.340691270668129e-03

 Columns 7 through 9:

   5.332073814795321e-03   5.332073814795288e-03   5.332073814795291e-03
   5.339802294270633e-03   5.339802294270633e-03   5.339802294270628e-03
   5.033468820261618e-03   5.033468820261619e-03   5.033468820261620e-03
   4.841679247233282e-03   4.841679247233303e-03   4.841679247233306e-03
   4.954869416138714e-03   4.954869416138692e-03   4.954869416138612e-03
   5.340691270668132e-03   5.340691270668136e-03   5.340691270668134e-03

 Column 10:

   5.332073814795284e-03
   5.339802294270629e-03
   5.033468820261620e-03
   4.841679247233306e-03
   4.954869416138615e-03
   5.340691270668135e-03

ans = -8.097702378046337e-21
ans = 1.591288703398887e-21
ans = 1.590771715516041e-21
ans = -1.806562457815812e-21
ans = -1.797153278348022e-21
ans = -5.188593789815435e-21
ans = -5.194590849256445e-21
ans = -5.188800584968573e-21
ans = -5.186939428590329e-21
ans = -5.181872947338442e-21
dkps =

 Columns 1 through 3:

   3.631058439228227e+01   7.286638114597185e+00   6.358521668581698e-01

 Columns 4 through 6:

   1.508299334293385e+01   3.477489917901885e+01   1.041024071491280e+01

nbcr = 15
lambda0 = 3.501084296647659
kmpl_prod = 0.180000000000000
 Time :      1.00000
 Time :      2.00000
 Time :      3.01000
 Time :      4.01000
 Time :      5.01000
 Time :      6.01000
 Time :      7.01000
 Time :      8.01000
 Time :      9.01000
 Time :     10.01000
 Time :     11.01000
 Time :     12.01000
 Time :     13.01000
 Time :     14.01000
 Time :     15.01000
 Time :     16.01000
 Time :     17.01000
 Time :     18.00000
 Time :     19.00000
 Time :     20.00000
 Time :     21.00000
 Time :     22.00000
 Time :     23.00000
 Time :     24.00000
 Time :     25.00000
 Time :     26.00000
 Time :     27.00000
 Time :     28.00000
 Time :     29.00000
 Time :     30.00000
 Time :     31.00000
 Time :     32.00000
 Time :     33.00000
 Time :     34.00000
 Time :     35.00000
dtime = 72.61568941175938
mbcr = 4.601583056215314e-05
agsout =

 Columns 1 through 3:

   1.003277977874561e-02   4.736198918091843e-03   4.736198918091818e-03

 Columns 4 through 6:

   4.736198918091864e-03   4.736198918091825e-03   4.736198918091832e-03

 Columns 7 through 9:

   4.736198918091827e-03   4.736198918091827e-03   4.736198918091829e-03

 Columns 10 through 12:

   4.736198918091844e-03   4.736198918091815e-03   4.736198918091814e-03

 Columns 13 through 15:

   4.736198918091833e-03   4.736198918091814e-03   4.736198918091811e-03

ans = 2.694176213370711e-21
ans = -9.578751493364060e-22
ans = -7.725039740632725e-21
ans = -9.642857990836920e-22
ans = -4.346627323813022e-21
ans = -9.735915809749136e-22
ans = -1.112040936000977e-20
ans = -4.343732191669087e-21
ans = -7.731657185533150e-21
ans = -4.341457444984566e-21
ans = -4.340630264372013e-21
ans = -7.728762053389214e-21
ans = -9.556004026518852e-22
ans = -4.343732191669087e-21
ans = -7.732070775839426e-21
nbcr = 15
lambda0 = 3.501084296647659
kmpl_prod = 0.180000000000000
 Time :      1.00000
 Time :      2.00000
 Time :      3.01000
 Time :      4.01000
 Time :      5.01000
 Time :      6.01000
 Time :      7.01000
 Time :      8.01000
 Time :      9.01000
 Time :     10.01000
 Time :     11.01000
 Time :     12.01000
 Time :     13.01000
 Time :     14.01000
 Time :     15.01000
 Time :     16.01000
 Time :     17.01000
 Time :     18.00000
 Time :     19.00000
 Time :     20.00000
 Time :     21.00000
 Time :     22.00000
 Time :     23.00000
 Time :     24.00000
 Time :     25.00000
 Time :     26.00000
 Time :     27.00000
 Time :     28.00000
 Time :     29.00000
 Time :     30.00000
 Time :     31.00000
 Time :     32.00000
 Time :     33.00000
 Time :     34.00000
 Time :     35.00000
dtime = 71.88489474356174
mbcr =

   4.601583056215314e-05   3.612220247933088e-05

agsout =

 Columns 1 through 3:

   1.003277977874561e-02   4.736198918091843e-03   4.736198918091818e-03
   1.002590759788187e-02   4.728467417979674e-03   4.728467417979661e-03

 Columns 4 through 6:

   4.736198918091864e-03   4.736198918091825e-03   4.736198918091832e-03
   4.728467417979719e-03   4.728467417979662e-03   4.728467417979673e-03

 Columns 7 through 9:

   4.736198918091827e-03   4.736198918091827e-03   4.736198918091829e-03
   4.728467417979682e-03   4.728467417979659e-03   4.728467417979695e-03

 Columns 10 through 12:

   4.736198918091844e-03   4.736198918091815e-03   4.736198918091814e-03
   4.728467417979685e-03   4.728467417979652e-03   4.728467417979692e-03

 Columns 13 through 15:

   4.736198918091833e-03   4.736198918091814e-03   4.736198918091811e-03
   4.728467417979702e-03   4.728467417979697e-03   4.728467417979695e-03

ans = 2.610805443869263e-21
ans = 8.189915244887527e-21
ans = 1.153978993057415e-20
ans = 1.157060240839175e-20
ans = 1.494032942877965e-20
ans = 8.186192932131038e-21
ans = 1.492440620198800e-20
ans = 4.770557387746449e-21
ans = 1.495914778771523e-20
ans = 1.492895569535704e-20
ans = 1.154165108695240e-20
ans = 4.794959215816763e-21
ans = 4.799508709185805e-21
ans = 1.495542547495874e-20
ans = 1.157411792599510e-20
nbcr = 15
lambda0 = 3.501084296647659
kmpl_prod = 0.180000000000000
 Time :      1.00000
 Time :      2.00000
 Time :      3.01000
 Time :      4.01000
 Time :      5.01000
 Time :      6.01000
 Time :      7.01000
 Time :      8.01000
 Time :      9.01000
 Time :     10.01000
 Time :     11.01000
 Time :     12.01000
 Time :     13.01000
 Time :     14.01000
 Time :     15.01000
 Time :     16.01000
 Time :     17.01000
 Time :     18.00000
 Time :     19.00000
 Time :     20.00000
 Time :     21.00000
 Time :     22.00000
 Time :     23.00000
 Time :     24.00000
 Time :     25.00000
 Time :     26.00000
 Time :     27.00000
 Time :     28.00000
 Time :     29.00000
 Time :     30.00000
 Time :     31.00000
 Time :     32.00000
 Time :     33.00000
 Time :     34.00000
 Time :     35.00000
dtime = 71.01555727422237
mbcr =

   4.601583056215314e-05   3.612220247933088e-05   3.808503852550393e-05

agsout =

 Columns 1 through 3:

   1.003277977874561e-02   4.736198918091843e-03   4.736198918091818e-03
   1.002590759788187e-02   4.728467417979674e-03   4.728467417979661e-03
   1.002674443275912e-02   4.729482166777325e-03   4.729482166777326e-03

 Columns 4 through 6:

   4.736198918091864e-03   4.736198918091825e-03   4.736198918091832e-03
   4.728467417979719e-03   4.728467417979662e-03   4.728467417979673e-03
   4.729482166777384e-03   4.729482166777322e-03   4.729482166777352e-03

 Columns 7 through 9:

   4.736198918091827e-03   4.736198918091827e-03   4.736198918091829e-03
   4.728467417979682e-03   4.728467417979659e-03   4.728467417979695e-03
   4.729482166777348e-03   4.729482166777352e-03   4.729482166777347e-03

 Columns 10 through 12:

   4.736198918091844e-03   4.736198918091815e-03   4.736198918091814e-03
   4.728467417979685e-03   4.728467417979652e-03   4.728467417979692e-03
   4.729482166777361e-03   4.729482166777361e-03   4.729482166777369e-03

 Columns 13 through 15:

   4.736198918091833e-03   4.736198918091814e-03   4.736198918091811e-03
   4.728467417979702e-03   4.728467417979697e-03   4.728467417979695e-03
   4.729482166777368e-03   4.729482166777363e-03   4.729482166777365e-03

ans = -1.385682622391175e-21
ans = -2.674274920383938e-21
ans = 4.110674054082271e-21
ans = -2.668898246402344e-21
ans = 7.192335426148576e-22
ans = 7.124093025612951e-22
ans = 7.117889171018803e-22
ans = 6.987608224541701e-22
ans = -6.071505696139223e-21
ans = 7.153044347052307e-22
ans = 7.140636637864011e-22
ans = -6.069851334914117e-21
ans = -2.679858389518671e-21
ans = 7.082733994985299e-22
ans = 7.140636637864011e-22
nbcr = 15
lambda0 = 3.501084296647659
kmpl_prod = 0.180000000000000
 Time :      1.00000
 Time :      2.00000
 Time :      3.01000
 Time :      4.01000
 Time :      5.01000
 Time :      6.01000
 Time :      7.01000
 Time :      8.01000
 Time :      9.01000
 Time :     10.01000
 Time :     11.01000
 Time :     12.01000
 Time :     13.01000
 Time :     14.01000
 Time :     15.01000
 Time :     16.01000
 Time :     17.01000
 Time :     18.00000
 Time :     19.00000
 Time :     20.00000
 Time :     21.00000
 Time :     22.00000
 Time :     23.00000
 Time :     24.00000
 Time :     25.00000
 Time :     26.00000
 Time :     27.00000
 Time :     28.00000
 Time :     29.00000
 Time :     30.00000
 Time :     31.00000
 Time :     32.00000
 Time :     33.00000
 Time :     34.00000
 Time :     35.00000
dtime = 70.50263509154320
mbcr =

 Columns 1 through 3:

   4.601583056215314e-05   3.612220247933088e-05   3.808503852550393e-05

 Column 4:

   1.434058066717627e-02

agsout =

 Columns 1 through 3:

   1.003277977874561e-02   4.736198918091843e-03   4.736198918091818e-03
   1.002590759788187e-02   4.728467417979674e-03   4.728467417979661e-03
   1.002674443275912e-02   4.729482166777325e-03   4.729482166777326e-03
   6.651377294408779e-03   4.535323423776451e-03   4.535323423776397e-03

 Columns 4 through 6:

   4.736198918091864e-03   4.736198918091825e-03   4.736198918091832e-03
   4.728467417979719e-03   4.728467417979662e-03   4.728467417979673e-03
   4.729482166777384e-03   4.729482166777322e-03   4.729482166777352e-03
   4.535323423776424e-03   4.535323423776444e-03   4.535323423776407e-03

 Columns 7 through 9:

   4.736198918091827e-03   4.736198918091827e-03   4.736198918091829e-03
   4.728467417979682e-03   4.728467417979659e-03   4.728467417979695e-03
   4.729482166777348e-03   4.729482166777352e-03   4.729482166777347e-03
   4.535323423776408e-03   4.535323423776421e-03   4.535323423776388e-03

 Columns 10 through 12:

   4.736198918091844e-03   4.736198918091815e-03   4.736198918091814e-03
   4.728467417979685e-03   4.728467417979652e-03   4.728467417979692e-03
   4.729482166777361e-03   4.729482166777361e-03   4.729482166777369e-03
   4.535323423776430e-03   4.535323423776438e-03   4.535323423776438e-03

 Columns 13 through 15:

   4.736198918091833e-03   4.736198918091814e-03   4.736198918091811e-03
   4.728467417979702e-03   4.728467417979697e-03   4.728467417979695e-03
   4.729482166777368e-03   4.729482166777363e-03   4.729482166777365e-03
   4.535323423776429e-03   4.535323423776429e-03   4.535323423776431e-03

ans = -1.799945012915388e-21
ans = -3.825710333057753e-23
ans = -3.447275202814743e-21
ans = -3.450170334958678e-21
ans = -3.442725709445701e-21
ans = -3.446448022202190e-21
ans = 3.338087361957743e-21
ans = -4.404736761844872e-23
ans = -3.447481997967881e-21
ans = -3.081247781760028e-23
ans = -3.448722768886711e-21
ans = 3.325059267310033e-21
ans = -5.335314950967029e-23
ans = -4.322018700589570e-23
ans = -3.449343154346125e-21
nbcr = 15
lambda0 = 3.501084296647659
kmpl_prod = 0.180000000000000
 Time :      1.00000
 Time :      2.00000
 Time :      3.01000
 Time :      4.01000
 Time :      5.01000
 Time :      6.01000
 Time :      7.01000
 Time :      8.01000
 Time :      9.01000
 Time :     10.01000
 Time :     11.01000
 Time :     12.01000
 Time :     13.01000
 Time :     14.01000
 Time :     15.01000
 Time :     16.01000
 Time :     17.01000
 Time :     18.00000
 Time :     19.00000
 Time :     20.00000
 Time :     21.00000
 Time :     22.00000
 Time :     23.00000
 Time :     24.00000
 Time :     25.00000
 Time :     26.00000
 Time :     27.00000
 Time :     28.00000
 Time :     29.00000
 Time :     30.00000
 Time :     31.00000
 Time :     32.00000
 Time :     33.00000
 Time :     34.00000
 Time :     35.00000
dtime = 70.57683505117893
mbcr =

 Columns 1 through 3:

   4.601583056215314e-05   3.612220247933088e-05   3.808503852550393e-05

 Columns 4 and 5:

   1.434058066717627e-02   1.917960915877035e-02

agsout =

 Columns 1 through 3:

   1.003277977874561e-02   4.736198918091843e-03   4.736198918091818e-03
   1.002590759788187e-02   4.728467417979674e-03   4.728467417979661e-03
   1.002674443275912e-02   4.729482166777325e-03   4.729482166777326e-03
   6.651377294408779e-03   4.535323423776451e-03   4.535323423776397e-03
   5.461017887009603e-03   4.506275621783516e-03   4.506275621783539e-03

 Columns 4 through 6:

   4.736198918091864e-03   4.736198918091825e-03   4.736198918091832e-03
   4.728467417979719e-03   4.728467417979662e-03   4.728467417979673e-03
   4.729482166777384e-03   4.729482166777322e-03   4.729482166777352e-03
   4.535323423776424e-03   4.535323423776444e-03   4.535323423776407e-03
   4.506275621783526e-03   4.506275621783564e-03   4.506275621783587e-03

 Columns 7 through 9:

   4.736198918091827e-03   4.736198918091827e-03   4.736198918091829e-03
   4.728467417979682e-03   4.728467417979659e-03   4.728467417979695e-03
   4.729482166777348e-03   4.729482166777352e-03   4.729482166777347e-03
   4.535323423776408e-03   4.535323423776421e-03   4.535323423776388e-03
   4.506275621783588e-03   4.506275621783582e-03   4.506275621783577e-03

 Columns 10 through 12:

   4.736198918091844e-03   4.736198918091815e-03   4.736198918091814e-03
   4.728467417979685e-03   4.728467417979652e-03   4.728467417979692e-03
   4.729482166777361e-03   4.729482166777361e-03   4.729482166777369e-03
   4.535323423776430e-03   4.535323423776438e-03   4.535323423776438e-03
   4.506275621783581e-03   4.506275621783585e-03   4.506275621783584e-03

 Columns 13 through 15:

   4.736198918091833e-03   4.736198918091814e-03   4.736198918091811e-03
   4.728467417979702e-03   4.728467417979697e-03   4.728467417979695e-03
   4.729482166777368e-03   4.729482166777363e-03   4.729482166777365e-03
   4.535323423776429e-03   4.535323423776429e-03   4.535323423776431e-03
   4.506275621783591e-03   4.506275621783583e-03   4.506275621783582e-03

ans = 4.673570460924606e-21
ans = 4.428104614149495e-21
ans = -2.349192939650599e-21
ans = 1.042247571816815e-21
ans = 7.800933561834466e-21
ans = 1.118720419447342e-20
ans = 7.834641171796002e-21
ans = 7.811480114644517e-21
ans = 7.802174332753295e-21
ans = 7.806723826122337e-21
ans = 4.412801772817264e-21
ans = 4.411974592204711e-21
ans = 1.120126626488682e-20
ans = 7.819751920770047e-21
ans = 7.804035489131540e-21
nbcr = 15
lambda0 = 3.501084296647659
kmpl_prod = 0.180000000000000
 Time :      1.00000
 Time :      2.00000
 Time :      3.01000
 Time :      4.01000
 Time :      5.01000
 Time :      6.01000
 Time :      7.01000
 Time :      8.01000
 Time :      9.01000
 Time :     10.01000
 Time :     11.01000
 Time :     12.01000
 Time :     13.01000
 Time :     14.01000
 Time :     15.01000
 Time :     16.01000
 Time :     17.01000
 Time :     18.00000
 Time :     19.00000
 Time :     20.00000
 Time :     21.00000
 Time :     22.00000
 Time :     23.00000
 Time :     24.00000
 Time :     25.00000
 Time :     26.00000
 Time :     27.00000
 Time :     28.00000
 Time :     29.00000
 Time :     30.00000
 Time :     31.00000
 Time :     32.00000
 Time :     33.00000
 Time :     34.00000
 Time :     35.00000
dtime = 71.22715339064598
mbcr =

 Columns 1 through 3:

   4.601583056215314e-05   3.612220247933088e-05   3.808503852550393e-05

 Columns 4 through 6:

   1.434058066717627e-02   1.917960915877035e-02   8.969598209020850e-04

agsout =

 Columns 1 through 3:

   1.003277977874561e-02   4.736198918091843e-03   4.736198918091818e-03
   1.002590759788187e-02   4.728467417979674e-03   4.728467417979661e-03
   1.002674443275912e-02   4.729482166777325e-03   4.729482166777326e-03
   6.651377294408779e-03   4.535323423776451e-03   4.535323423776397e-03
   5.461017887009603e-03   4.506275621783516e-03   4.506275621783539e-03
   9.772075577172556e-03   4.718672862648816e-03   4.718672862648841e-03

 Columns 4 through 6:

   4.736198918091864e-03   4.736198918091825e-03   4.736198918091832e-03
   4.728467417979719e-03   4.728467417979662e-03   4.728467417979673e-03
   4.729482166777384e-03   4.729482166777322e-03   4.729482166777352e-03
   4.535323423776424e-03   4.535323423776444e-03   4.535323423776407e-03
   4.506275621783526e-03   4.506275621783564e-03   4.506275621783587e-03
   4.718672862648849e-03   4.718672862648834e-03   4.718672862648835e-03

 Columns 7 through 9:

   4.736198918091827e-03   4.736198918091827e-03   4.736198918091829e-03
   4.728467417979682e-03   4.728467417979659e-03   4.728467417979695e-03
   4.729482166777348e-03   4.729482166777352e-03   4.729482166777347e-03
   4.535323423776408e-03   4.535323423776421e-03   4.535323423776388e-03
   4.506275621783588e-03   4.506275621783582e-03   4.506275621783577e-03
   4.718672862648830e-03   4.718672862648816e-03   4.718672862648811e-03

 Columns 10 through 12:

   4.736198918091844e-03   4.736198918091815e-03   4.736198918091814e-03
   4.728467417979685e-03   4.728467417979652e-03   4.728467417979692e-03
   4.729482166777361e-03   4.729482166777361e-03   4.729482166777369e-03
   4.535323423776430e-03   4.535323423776438e-03   4.535323423776438e-03
   4.506275621783581e-03   4.506275621783585e-03   4.506275621783584e-03
   4.718672862648825e-03   4.718672862648830e-03   4.718672862648823e-03

 Columns 13 through 15:

   4.736198918091833e-03   4.736198918091814e-03   4.736198918091811e-03
   4.728467417979702e-03   4.728467417979697e-03   4.728467417979695e-03
   4.729482166777368e-03   4.729482166777363e-03   4.729482166777365e-03
   4.535323423776429e-03   4.535323423776429e-03   4.535323423776431e-03
   4.506275621783591e-03   4.506275621783583e-03   4.506275621783582e-03
   4.718672862648836e-03   4.718672862648833e-03   4.718672862648834e-03

ans = 1.197757526976784e-20
ans = 1.986681036199234e-21
ans = 1.988748987730617e-21
ans = -1.374774178063132e-21
ans = 1.985233470127266e-21
ans = 5.349170226227292e-21
ans = 1.961658822669505e-21
ans = -1.420889497212963e-21
ans = 5.379775908891754e-21
ans = -1.446532096202107e-21
ans = 1.957522919606740e-21
ans = 1.949457908634348e-21
ans = 8.769975649440338e-21
ans = 1.979856796145672e-21
ans = 2.008808117585028e-21
