warning: function /home/surgeon/flu/amcode/perelson21/1d2agt/4paper/2submit/run.m shadows a core library function
warning: called from
    driver at line 1 column 1

lambda0 = 3.501084296647659
kmpl_prod = 0.180000000000000
dkps =

 Columns 1 through 3:

   2.190248495668478e+00   1.967694669140258e+00   6.889370525926549e+01

 Columns 4 through 6:

   9.885985981860182e+00   7.970236233127289e+00   1.886730897202126e+00

nbcr = 2
lambda0 = 3.501084296647659
kmpl_prod = 0.180000000000000
 Time :      1.00000
 Time :      2.00000
 Time :      3.01000
 Time :      4.01000
 Time :      5.01000
 Time :      6.01000
 Time :      7.01000
 Time :      8.01000
 Time :      9.01000
 Time :     10.01000
 Time :     11.01000
 Time :     12.01000
 Time :     13.01000
 Time :     14.01000
 Time :     15.01000
 Time :     16.01000
 Time :     17.01000
 Time :     18.00000
 Time :     19.00000
 Time :     20.00000
 Time :     21.00000
 Time :     22.00000
 Time :     23.00000
 Time :     24.00000
 Time :     25.00000
 Time :     26.00000
 Time :     27.00000
 Time :     28.00000
 Time :     29.00000
 Time :     30.00000
 Time :     31.00000
 Time :     32.00000
 Time :     33.00000
 Time :     34.00000
 Time :     35.00000
dtime = 4.968520626425743
mbcr = 4.621845811399619e-04
agsout =

   3.471328921842008e-01   1.835222705141552e-02

ans = 1.512780508804823e-21
ans = 5.010357370442998e-21
nbcr = 2
lambda0 = 3.501084296647659
kmpl_prod = 0.180000000000000
 Time :      1.00000
 Time :      2.00000
 Time :      3.01000
 Time :      4.01000
 Time :      5.01000
 Time :      6.01000
 Time :      7.01000
 Time :      8.01000
 Time :      9.01000
 Time :     10.01000
 Time :     11.01000
 Time :     12.01000
 Time :     13.01000
 Time :     14.01000
 Time :     15.01000
 Time :     16.01000
 Time :     17.01000
 Time :     18.00000
 Time :     19.00000
 Time :     20.00000
 Time :     21.00000
 Time :     22.00000
 Time :     23.00000
 Time :     24.00000
 Time :     25.00000
 Time :     26.00000
 Time :     27.00000
 Time :     28.00000
 Time :     29.00000
 Time :     30.00000
 Time :     31.00000
 Time :     32.00000
 Time :     33.00000
 Time :     34.00000
 Time :     35.00000
dtime = 5.001481622457504
mbcr =

   4.621845811399619e-04   4.789353995129948e-02

agsout =

   3.471328921842008e-01   1.835222705141552e-02
   3.066509090865095e-01   1.780989004235505e-02

ans = 6.427332300030540e-21
ans = 1.302013141872723e-20
nbcr = 2
lambda0 = 3.501084296647659
kmpl_prod = 0.180000000000000
 Time :      1.00000
 Time :      2.00000
 Time :      3.01000
 Time :      4.01000
 Time :      5.01000
 Time :      6.01000
 Time :      7.01000
 Time :      8.01000
 Time :      9.01000
 Time :     10.01000
 Time :     11.01000
 Time :     12.01000
 Time :     13.01000
 Time :     14.01000
 Time :     15.01000
 Time :     16.01000
 Time :     17.01000
 Time :     18.00000
 Time :     19.00000
 Time :     20.00000
 Time :     21.00000
 Time :     22.00000
 Time :     23.00000
 Time :     24.00000
 Time :     25.00000
 Time :     26.00000
 Time :     27.00000
 Time :     28.00000
 Time :     29.00000
 Time :     30.00000
 Time :     31.00000
 Time :     32.00000
 Time :     33.00000
 Time :     34.00000
 Time :     35.00000
dtime = 4.933014884591103
mbcr =

   4.621845811399619e-04   4.789353995129948e-02   1.623160778990057e-01

agsout =

   3.471328921842008e-01   1.835222705141552e-02
   3.066509090865095e-01   1.780989004235505e-02
   1.895398244482250e-01   1.589137789065586e-02

ans = -6.378053661272547e-21
ans = 5.102955554815622e-21
nbcr = 2
lambda0 = 3.501084296647659
kmpl_prod = 0.180000000000000
 Time :      1.00000
 Time :      2.00000
 Time :      3.01000
 Time :      4.01000
 Time :      5.01000
 Time :      6.01000
 Time :      7.01000
 Time :      8.01000
 Time :      9.01000
 Time :     10.01000
 Time :     11.01000
 Time :     12.01000
 Time :     13.01000
 Time :     14.01000
 Time :     15.01000
 Time :     16.01000
 Time :     17.01000
 Time :     18.00000
 Time :     19.00000
 Time :     20.00000
 Time :     21.00000
 Time :     22.00000
 Time :     23.00000
 Time :     24.00000
 Time :     25.00000
 Time :     26.00000
 Time :     27.00000
 Time :     28.00000
 Time :     29.00000
 Time :     30.00000
 Time :     31.00000
 Time :     32.00000
 Time :     33.00000
 Time :     34.00000
 Time :     35.00000
dtime = 4.901743680238724
mbcr =

 Columns 1 through 3:

   4.621845811399619e-04   4.789353995129948e-02   1.623160778990057e-01

 Column 4:

   1.914035283376740e-03

agsout =

   3.471328921842008e-01   1.835222705141552e-02
   3.066509090865095e-01   1.780989004235505e-02
   1.895398244482250e-01   1.589137789065586e-02
   3.460639374886725e-01   1.847633083575151e-02

ans = 3.529456889141593e-21
ans = 7.950808349071417e-21
nbcr = 2
lambda0 = 3.501084296647659
kmpl_prod = 0.180000000000000
 Time :      1.00000
 Time :      2.00000
 Time :      3.01000
 Time :      4.01000
 Time :      5.01000
 Time :      6.01000
 Time :      7.01000
 Time :      8.01000
 Time :      9.01000
 Time :     10.01000
 Time :     11.01000
 Time :     12.01000
 Time :     13.01000
 Time :     14.01000
 Time :     15.01000
 Time :     16.01000
 Time :     17.01000
 Time :     18.00000
 Time :     19.00000
 Time :     20.00000
 Time :     21.00000
 Time :     22.00000
 Time :     23.00000
 Time :     24.00000
 Time :     25.00000
 Time :     26.00000
 Time :     27.00000
 Time :     28.00000
 Time :     29.00000
 Time :     30.00000
 Time :     31.00000
 Time :     32.00000
 Time :     33.00000
 Time :     34.00000
 Time :     35.00000
dtime = 4.975722357630730
mbcr =

 Columns 1 through 3:

   4.621845811399619e-04   4.789353995129948e-02   1.623160778990057e-01

 Columns 4 and 5:

   1.914035283376740e-03   1.870829864539028e-02

agsout =

   3.471328921842008e-01   1.835222705141552e-02
   3.066509090865095e-01   1.780989004235505e-02
   1.895398244482250e-01   1.589137789065586e-02
   3.460639374886725e-01   1.847633083575151e-02
   3.316114424569799e-01   1.823055641726889e-02

ans = 3.076321856588789e-21
ans = 9.257227843293119e-21
nbcr = 2
lambda0 = 3.501084296647659
kmpl_prod = 0.180000000000000
 Time :      1.00000
 Time :      2.00000
 Time :      3.01000
 Time :      4.01000
 Time :      5.01000
 Time :      6.01000
 Time :      7.01000
 Time :      8.01000
 Time :      9.01000
 Time :     10.01000
 Time :     11.01000
 Time :     12.01000
 Time :     13.01000
 Time :     14.01000
 Time :     15.01000
 Time :     16.01000
 Time :     17.01000
 Time :     18.00000
 Time :     19.00000
 Time :     20.00000
 Time :     21.00000
 Time :     22.00000
 Time :     23.00000
 Time :     24.00000
 Time :     25.00000
 Time :     26.00000
 Time :     27.00000
 Time :     28.00000
 Time :     29.00000
 Time :     30.00000
 Time :     31.00000
 Time :     32.00000
 Time :     33.00000
 Time :     34.00000
 Time :     35.00000
dtime = 4.925280064344406
mbcr =

 Columns 1 through 3:

   4.621845811399619e-04   4.789353995129948e-02   1.623160778990057e-01

 Columns 4 through 6:

   1.914035283376740e-03   1.870829864539028e-02   4.144263511117026e-02

agsout =

   3.471328921842008e-01   1.835222705141552e-02
   3.066509090865095e-01   1.780989004235505e-02
   1.895398244482250e-01   1.589137789065586e-02
   3.460639374886725e-01   1.847633083575151e-02
   3.316114424569799e-01   1.823055641726889e-02
   3.122671129900232e-01   1.790257371224061e-02

ans = 1.018587621358384e-20
ans = 4.871699604676663e-21
dkps =

 Columns 1 through 3:

   1.264369968019437e+01   2.090698981492863e+01   9.231030353299303e+01

 Columns 4 through 6:

   5.686021953546597e+01   1.411183616612544e+01   6.131018893264002e-01

nbcr = 3
lambda0 = 3.501084296647659
kmpl_prod = 0.180000000000000
 Time :      1.00000
 Time :      2.00000
 Time :      3.01000
 Time :      4.01000
 Time :      5.01000
 Time :      6.01000
 Time :      7.01000
 Time :      8.01000
 Time :      9.01000
 Time :     10.01000
 Time :     11.01000
 Time :     12.01000
 Time :     13.01000
 Time :     14.01000
 Time :     15.01000
 Time :     16.01000
 Time :     17.01000
 Time :     18.00000
 Time :     19.00000
 Time :     20.00000
 Time :     21.00000
 Time :     22.00000
 Time :     23.00000
 Time :     24.00000
 Time :     25.00000
 Time :     26.00000
 Time :     27.00000
 Time :     28.00000
 Time :     29.00000
 Time :     30.00000
 Time :     31.00000
 Time :     32.00000
 Time :     33.00000
 Time :     34.00000
 Time :     35.00000
dtime = 11.19759567081928
mbcr = 1.517100831487178e-04
agsout =

   2.342275361542936e-01   1.320792251566348e-02   1.320792251566348e-02

ans = 1.186740046925510e-20
ans = 3.596578072206297e-21
ans = 3.596736399745418e-21
nbcr = 3
lambda0 = 3.501084296647659
kmpl_prod = 0.180000000000000
 Time :      1.00000
 Time :      2.00000
 Time :      3.01000
 Time :      4.01000
 Time :      5.01000
 Time :      6.01000
 Time :      7.01000
 Time :      8.01000
 Time :      9.01000
 Time :     10.01000
 Time :     11.01000
 Time :     12.01000
 Time :     13.01000
 Time :     14.01000
 Time :     15.01000
 Time :     16.01000
 Time :     17.01000
 Time :     18.00000
 Time :     19.00000
 Time :     20.00000
 Time :     21.00000
 Time :     22.00000
 Time :     23.00000
 Time :     24.00000
 Time :     25.00000
 Time :     26.00000
 Time :     27.00000
 Time :     28.00000
 Time :     29.00000
 Time :     30.00000
 Time :     31.00000
 Time :     32.00000
 Time :     33.00000
 Time :     34.00000
 Time :     35.00000
dtime = 11.57076805830002
mbcr =

   1.517100831487178e-04   4.885781638504086e-04

agsout =

   2.342275361542936e-01   1.320792251566348e-02   1.320792251566348e-02
   2.339325285542755e-01   1.330096682563652e-02   1.330096682563653e-02

ans = 2.643065008131401e-21
ans = -5.042703040450663e-21
ans = -5.042984152611960e-21
nbcr = 3
lambda0 = 3.501084296647659
kmpl_prod = 0.180000000000000
 Time :      1.00000
 Time :      2.00000
 Time :      3.01000
 Time :      4.01000
 Time :      5.01000
 Time :      6.01000
 Time :      7.01000
 Time :      8.01000
 Time :      9.01000
 Time :     10.01000
 Time :     11.01000
 Time :     12.01000
 Time :     13.01000
 Time :     14.01000
 Time :     15.01000
 Time :     16.01000
 Time :     17.01000
 Time :     18.00000
 Time :     19.00000
 Time :     20.00000
 Time :     21.00000
 Time :     22.00000
 Time :     23.00000
 Time :     24.00000
 Time :     25.00000
 Time :     26.00000
 Time :     27.00000
 Time :     28.00000
 Time :     29.00000
 Time :     30.00000
 Time :     31.00000
 Time :     32.00000
 Time :     33.00000
 Time :     34.00000
 Time :     35.00000
dtime = 11.13041639328003
mbcr =

   1.517100831487178e-04   4.885781638504086e-04   1.315192709753079e-03

agsout =

   2.342275361542936e-01   1.320792251566348e-02   1.320792251566348e-02
   2.339325285542755e-01   1.330096682563652e-02   1.330096682563653e-02
   2.328800275862858e-01   1.328623564831704e-02   1.328623564831704e-02

ans = -8.720192947496570e-21
ans = -5.640014684419179e-21
ans = -2.251679331423107e-21
nbcr = 3
lambda0 = 3.501084296647659
kmpl_prod = 0.180000000000000
 Time :      1.00000
 Time :      2.00000
 Time :      3.01000
 Time :      4.01000
 Time :      5.01000
 Time :      6.01000
 Time :      7.01000
 Time :      8.01000
 Time :      9.01000
 Time :     10.01000
 Time :     11.01000
 Time :     12.01000
 Time :     13.01000
 Time :     14.01000
 Time :     15.01000
 Time :     16.01000
 Time :     17.01000
 Time :     18.00000
 Time :     19.00000
 Time :     20.00000
 Time :     21.00000
 Time :     22.00000
 Time :     23.00000
 Time :     24.00000
 Time :     25.00000
 Time :     26.00000
 Time :     27.00000
 Time :     28.00000
 Time :     29.00000
 Time :     30.00000
 Time :     31.00000
 Time :     32.00000
 Time :     33.00000
 Time :     34.00000
 Time :     35.00000
dtime = 11.69408261775970
mbcr =

 Columns 1 through 3:

   1.517100831487178e-04   4.885781638504086e-04   1.315192709753079e-03

 Column 4:

   1.528033809560247e-04

agsout =

   2.342275361542936e-01   1.320792251566348e-02   1.320792251566348e-02
   2.339325285542755e-01   1.330096682563652e-02   1.330096682563653e-02
   2.328800275862858e-01   1.328623564831704e-02   1.328623564831704e-02
   2.343660536425617e-01   1.330698628008646e-02   1.330698628008646e-02

ans = 1.155096535067607e-20
ans = 1.790694160986719e-21
ans = 1.791033434284836e-21
nbcr = 3
lambda0 = 3.501084296647659
kmpl_prod = 0.180000000000000
 Time :      1.00000
 Time :      2.00000
 Time :      3.01000
 Time :      4.01000
 Time :      5.01000
 Time :      6.01000
 Time :      7.01000
 Time :      8.01000
 Time :      9.01000
 Time :     10.01000
 Time :     11.01000
 Time :     12.01000
 Time :     13.01000
 Time :     14.01000
 Time :     15.01000
 Time :     16.01000
 Time :     17.01000
 Time :     18.00000
 Time :     19.00000
 Time :     20.00000
 Time :     21.00000
 Time :     22.00000
 Time :     23.00000
 Time :     24.00000
 Time :     25.00000
 Time :     26.00000
 Time :     27.00000
 Time :     28.00000
 Time :     29.00000
 Time :     30.00000
 Time :     31.00000
 Time :     32.00000
 Time :     33.00000
 Time :     34.00000
 Time :     35.00000
dtime = 11.56517565250397
mbcr =

 Columns 1 through 3:

   1.517100831487178e-04   4.885781638504086e-04   1.315192709753079e-03

 Columns 4 and 5:

   1.528033809560247e-04   1.415323512610157e-04

agsout =

   2.342275361542936e-01   1.320792251566348e-02   1.320792251566348e-02
   2.339325285542755e-01   1.330096682563652e-02   1.330096682563653e-02
   2.328800275862858e-01   1.328623564831704e-02   1.328623564831704e-02
   2.343660536425617e-01   1.330698628008646e-02   1.330698628008646e-02
   2.343826630954687e-01   1.330720509777114e-02   1.330720509777114e-02

ans = -3.346756400569819e-21
ans = 4.716499842246401e-21
ans = 8.104861044636615e-21
nbcr = 3
lambda0 = 3.501084296647659
kmpl_prod = 0.180000000000000
 Time :      1.00000
 Time :      2.00000
 Time :      3.01000
 Time :      4.01000
 Time :      5.01000
 Time :      6.01000
 Time :      7.01000
 Time :      8.01000
 Time :      9.01000
 Time :     10.01000
 Time :     11.01000
 Time :     12.01000
 Time :     13.01000
 Time :     14.01000
 Time :     15.01000
 Time :     16.01000
 Time :     17.01000
 Time :     18.00000
 Time :     19.00000
 Time :     20.00000
 Time :     21.00000
 Time :     22.00000
 Time :     23.00000
 Time :     24.00000
 Time :     25.00000
 Time :     26.00000
 Time :     27.00000
 Time :     28.00000
 Time :     29.00000
 Time :     30.00000
 Time :     31.00000
 Time :     32.00000
 Time :     33.00000
 Time :     34.00000
 Time :     35.00000
dtime = 11.68844997882843
mbcr =

 Columns 1 through 3:

   1.517100831487178e-04   4.885781638504086e-04   1.315192709753079e-03

 Columns 4 through 6:

   1.528033809560247e-04   1.415323512610157e-04   1.062938024995989e-03

agsout =

   2.342275361542936e-01   1.320792251566348e-02   1.320792251566348e-02
   2.339325285542755e-01   1.330096682563652e-02   1.330096682563653e-02
   2.328800275862858e-01   1.328623564831704e-02   1.328623564831704e-02
   2.343660536425617e-01   1.330698628008646e-02   1.330698628008646e-02
   2.343826630954687e-01   1.330720509777114e-02   1.330720509777114e-02
   2.332199044501636e-01   1.329088840968048e-02   1.329088840968048e-02

ans = 1.760343741089412e-23
ans = 1.171414732523811e-20
ans = 1.510267008634171e-20
dkps =

 Columns 1 through 3:

   1.901685814753667e+01   1.049855257672691e+02   2.030184289349829e+01

 Columns 4 through 6:

   2.667512689210379e+00   2.753640878499250e+00   3.568160037130263e+01

nbcr = 4
lambda0 = 3.501084296647659
kmpl_prod = 0.180000000000000
 Time :      1.00000
 Time :      2.00000
 Time :      3.01000
 Time :      4.01000
 Time :      5.01000
 Time :      6.01000
 Time :      7.01000
 Time :      8.01000
 Time :      9.01000
 Time :     10.01000
 Time :     11.01000
 Time :     12.01000
 Time :     13.01000
 Time :     14.01000
 Time :     15.01000
 Time :     16.01000
 Time :     17.01000
 Time :     18.00000
 Time :     19.00000
 Time :     20.00000
 Time :     21.00000
 Time :     22.00000
 Time :     23.00000
 Time :     24.00000
 Time :     25.00000
 Time :     26.00000
 Time :     27.00000
 Time :     28.00000
 Time :     29.00000
 Time :     30.00000
 Time :     31.00000
 Time :     32.00000
 Time :     33.00000
 Time :     34.00000
 Time :     35.00000
dtime = 17.89610087871552
mbcr = 9.092981809483650e-05
agsout =

 Columns 1 through 3:

   1.771310603424347e-01   1.071125565214665e-02   1.071125565214665e-02

 Column 4:

   1.071125565214665e-02

ans = 1.139796435815883e-20
ans = -2.950204278155729e-21
ans = 4.385608210179584e-22
ans = -6.337780305198871e-21
nbcr = 4
lambda0 = 3.501084296647659
kmpl_prod = 0.180000000000000
 Time :      1.00000
 Time :      2.00000
 Time :      3.01000
 Time :      4.01000
 Time :      5.01000
 Time :      6.01000
 Time :      7.01000
 Time :      8.01000
 Time :      9.01000
 Time :     10.01000
 Time :     11.01000
 Time :     12.01000
 Time :     13.01000
 Time :     14.01000
 Time :     15.01000
 Time :     16.01000
 Time :     17.01000
 Time :     18.00000
 Time :     19.00000
 Time :     20.00000
 Time :     21.00000
 Time :     22.00000
 Time :     23.00000
 Time :     24.00000
 Time :     25.00000
 Time :     26.00000
 Time :     27.00000
 Time :     28.00000
 Time :     29.00000
 Time :     30.00000
 Time :     31.00000
 Time :     32.00000
 Time :     33.00000
 Time :     34.00000
 Time :     35.00000
dtime = 17.99227818846703
mbcr =

   9.092981809483650e-05   1.061382570518680e-04

agsout =

 Columns 1 through 3:

   1.771310603424347e-01   1.071125565214665e-02   1.071125565214665e-02
   1.772143245233332e-01   1.078667306550279e-02   1.078667306550279e-02

 Column 4:

   1.071125565214665e-02
   1.078667306550279e-02

ans = -4.290821713034103e-22
ans = 4.738794944694120e-21
ans = 4.736571896797883e-21
ans = 4.738038849915458e-21
nbcr = 4
lambda0 = 3.501084296647659
kmpl_prod = 0.180000000000000
 Time :      1.00000
 Time :      2.00000
 Time :      3.01000
 Time :      4.01000
 Time :      5.01000
 Time :      6.01000
 Time :      7.01000
 Time :      8.01000
 Time :      9.01000
 Time :     10.01000
 Time :     11.01000
 Time :     12.01000
 Time :     13.01000
 Time :     14.01000
 Time :     15.01000
 Time :     16.01000
 Time :     17.01000
 Time :     18.00000
 Time :     19.00000
 Time :     20.00000
 Time :     21.00000
 Time :     22.00000
 Time :     23.00000
 Time :     24.00000
 Time :     25.00000
 Time :     26.00000
 Time :     27.00000
 Time :     28.00000
 Time :     29.00000
 Time :     30.00000
 Time :     31.00000
 Time :     32.00000
 Time :     33.00000
 Time :     34.00000
 Time :     35.00000
dtime = 17.98289380967617
mbcr =

   9.092981809483650e-05   1.061382570518680e-04   7.573595697664750e-05

agsout =

 Columns 1 through 3:

   1.771310603424347e-01   1.071125565214665e-02   1.071125565214665e-02
   1.772143245233332e-01   1.078667306550279e-02   1.078667306550279e-02
   1.772635925263724e-01   1.078730163249085e-02   1.078730163249084e-02

 Column 4:

   1.071125565214665e-02
   1.078667306550279e-02
   1.078730163249084e-02

ans = 1.403767100871186e-21
ans = 3.230676666948025e-21
ans = -1.574809714633182e-22
ans = -3.546136210711901e-21
nbcr = 4
lambda0 = 3.501084296647659
kmpl_prod = 0.180000000000000
 Time :      1.00000
 Time :      2.00000
 Time :      3.01000
 Time :      4.01000
 Time :      5.01000
 Time :      6.01000
 Time :      7.01000
 Time :      8.01000
 Time :      9.01000
 Time :     10.01000
 Time :     11.01000
 Time :     12.01000
 Time :     13.01000
 Time :     14.01000
 Time :     15.01000
 Time :     16.01000
 Time :     17.01000
 Time :     18.00000
 Time :     19.00000
 Time :     20.00000
 Time :     21.00000
 Time :     22.00000
 Time :     23.00000
 Time :     24.00000
 Time :     25.00000
 Time :     26.00000
 Time :     27.00000
 Time :     28.00000
 Time :     29.00000
 Time :     30.00000
 Time :     31.00000
 Time :     32.00000
 Time :     33.00000
 Time :     34.00000
 Time :     35.00000
dtime = 17.82000996172428
mbcr =

 Columns 1 through 3:

   9.092981809483650e-05   1.061382570518680e-04   7.573595697664750e-05

 Column 4:

   1.435068561602325e-04

agsout =

 Columns 1 through 3:

   1.771310603424347e-01   1.071125565214665e-02   1.071125565214665e-02
   1.772143245233332e-01   1.078667306550279e-02   1.078667306550279e-02
   1.772635925263724e-01   1.078730163249085e-02   1.078730163249084e-02
   1.771561553911306e-01   1.078601959730339e-02   1.078601959730339e-02

 Column 4:

   1.071125565214665e-02
   1.078667306550279e-02
   1.078730163249084e-02
   1.078601959730339e-02

ans = 2.077077983101929e-21
ans = 1.226295258109864e-21
ans = 1.227258148041664e-21
ans = 1.226844557735387e-21
nbcr = 4
lambda0 = 3.501084296647659
kmpl_prod = 0.180000000000000
 Time :      1.00000
 Time :      2.00000
 Time :      3.01000
 Time :      4.01000
 Time :      5.01000
 Time :      6.01000
 Time :      7.01000
 Time :      8.01000
 Time :      9.01000
 Time :     10.01000
 Time :     11.01000
 Time :     12.01000
 Time :     13.01000
 Time :     14.01000
 Time :     15.01000
 Time :     16.01000
 Time :     17.01000
 Time :     18.00000
 Time :     19.00000
 Time :     20.00000
 Time :     21.00000
 Time :     22.00000
 Time :     23.00000
 Time :     24.00000
 Time :     25.00000
 Time :     26.00000
 Time :     27.00000
 Time :     28.00000
 Time :     29.00000
 Time :     30.00000
 Time :     31.00000
 Time :     32.00000
 Time :     33.00000
 Time :     34.00000
 Time :     35.00000
dtime = 18.02838742733002
mbcr =

 Columns 1 through 3:

   9.092981809483650e-05   1.061382570518680e-04   7.573595697664750e-05

 Columns 4 and 5:

   1.435068561602325e-04   3.914158917823177e-02

agsout =

 Columns 1 through 3:

   1.771310603424347e-01   1.071125565214665e-02   1.071125565214665e-02
   1.772143245233332e-01   1.078667306550279e-02   1.078667306550279e-02
   1.772635925263724e-01   1.078730163249085e-02   1.078730163249084e-02
   1.771561553911306e-01   1.078601959730339e-02   1.078601959730339e-02
   1.239151941976488e-01   1.013381830203730e-02   1.013381830203730e-02

 Column 4:

   1.071125565214665e-02
   1.078667306550279e-02
   1.078730163249084e-02
   1.078601959730339e-02
   1.013381830203730e-02

ans = -1.245423809775152e-22
ans = 9.247103766518581e-22
ans = 4.313805055600859e-21
ans = 9.247233013489292e-22
nbcr = 4
lambda0 = 3.501084296647659
kmpl_prod = 0.180000000000000
 Time :      1.00000
 Time :      2.00000
 Time :      3.01000
 Time :      4.01000
 Time :      5.01000
 Time :      6.01000
 Time :      7.01000
 Time :      8.01000
 Time :      9.01000
 Time :     10.01000
 Time :     11.01000
 Time :     12.01000
 Time :     13.01000
 Time :     14.01000
 Time :     15.01000
 Time :     16.01000
 Time :     17.01000
 Time :     18.00000
 Time :     19.00000
 Time :     20.00000
 Time :     21.00000
 Time :     22.00000
 Time :     23.00000
 Time :     24.00000
 Time :     25.00000
 Time :     26.00000
 Time :     27.00000
 Time :     28.00000
 Time :     29.00000
 Time :     30.00000
 Time :     31.00000
 Time :     32.00000
 Time :     33.00000
 Time :     34.00000
 Time :     35.00000
dtime = 17.95502230525017
mbcr =

 Columns 1 through 3:

   9.092981809483650e-05   1.061382570518680e-04   7.573595697664750e-05

 Columns 4 through 6:

   1.435068561602325e-04   3.914158917823177e-02   7.943093032548365e-02

agsout =

 Columns 1 through 3:

   1.771310603424347e-01   1.071125565214665e-02   1.071125565214665e-02
   1.772143245233332e-01   1.078667306550279e-02   1.078667306550279e-02
   1.772635925263724e-01   1.078730163249085e-02   1.078730163249084e-02
   1.771561553911306e-01   1.078601959730339e-02   1.078601959730339e-02
   1.239151941976488e-01   1.013381830203730e-02   1.013381830203730e-02
   6.670801589535306e-02   9.482242228448892e-03   9.482242228448890e-03

 Column 4:

   1.071125565214665e-02
   1.078667306550279e-02
   1.078730163249084e-02
   1.078601959730339e-02
   1.013381830203730e-02
   9.482242228448895e-03

ans = -1.477292875231423e-21
ans = -9.355735845401522e-22
ans = -9.352569294619092e-22
ans = -9.360905724229978e-22
dkps =

 Columns 1 through 3:

   5.186691828089616e+00   1.424092034759690e+01   2.939605942444466e+00

 Columns 4 through 6:

   8.128158567238685e+00   1.119928092594533e+01   2.308681138661939e+01

nbcr = 5
lambda0 = 3.501084296647659
kmpl_prod = 0.180000000000000
 Time :      1.00000
 Time :      2.00000
 Time :      3.01000
 Time :      4.01000
 Time :      5.01000
 Time :      6.01000
 Time :      7.01000
 Time :      8.01000
 Time :      9.01000
 Time :     10.01000
 Time :     11.01000
 Time :     12.01000
 Time :     13.01000
 Time :     14.01000
 Time :     15.01000
 Time :     16.01000
 Time :     17.01000
 Time :     18.00000
 Time :     19.00000
 Time :     20.00000
 Time :     21.00000
 Time :     22.00000
 Time :     23.00000
 Time :     24.00000
 Time :     25.00000
 Time :     26.00000
 Time :     27.00000
 Time :     28.00000
 Time :     29.00000
 Time :     30.00000
 Time :     31.00000
 Time :     32.00000
 Time :     33.00000
 Time :     34.00000
 Time :     35.00000
dtime = 22.96321280300617
mbcr = 6.849722413032245e-05
agsout =

 Columns 1 through 3:

   1.426884177664997e-01   9.248439177064404e-03   9.248439177064399e-03

 Columns 4 and 5:

   9.248439177064397e-03   9.248439177064397e-03

ans = 4.103525863564814e-21
ans = 1.244131340068038e-21
ans = 1.244131340068038e-21
ans = 1.244777574921595e-21
ans = 4.632922288635868e-21
nbcr = 5
lambda0 = 3.501084296647659
kmpl_prod = 0.180000000000000
 Time :      1.00000
 Time :      2.00000
 Time :      3.01000
 Time :      4.01000
 Time :      5.01000
 Time :      6.01000
 Time :      7.01000
 Time :      8.01000
 Time :      9.01000
 Time :     10.01000
 Time :     11.01000
 Time :     12.01000
 Time :     13.01000
 Time :     14.01000
 Time :     15.01000
 Time :     16.01000
 Time :     17.01000
 Time :     18.00000
 Time :     19.00000
 Time :     20.00000
 Time :     21.00000
 Time :     22.00000
 Time :     23.00000
 Time :     24.00000
 Time :     25.00000
 Time :     26.00000
 Time :     27.00000
 Time :     28.00000
 Time :     29.00000
 Time :     30.00000
 Time :     31.00000
 Time :     32.00000
 Time :     33.00000
 Time :     34.00000
 Time :     35.00000
dtime = 22.98855967819691
mbcr =

   6.849722413032245e-05   6.070869683968591e-04

agsout =

 Columns 1 through 3:

   1.426884177664997e-01   9.248439177064404e-03   9.248439177064399e-03
   1.419072976584729e-01   9.299864109260923e-03   9.299864109260923e-03

 Columns 4 and 5:

   9.248439177064397e-03   9.248439177064397e-03
   9.299864109260921e-03   9.299864109260918e-03

ans = 3.498663798369600e-21
ans = 1.459888478155424e-20
ans = 7.824120468380093e-21
ans = 1.120964146858892e-20
ans = 1.459843241715675e-20
nbcr = 5
lambda0 = 3.501084296647659
kmpl_prod = 0.180000000000000
 Time :      1.00000
 Time :      2.00000
 Time :      3.01000
 Time :      4.01000
 Time :      5.01000
 Time :      6.01000
 Time :      7.01000
 Time :      8.01000
 Time :      9.01000
 Time :     10.01000
 Time :     11.01000
 Time :     12.01000
 Time :     13.01000
 Time :     14.01000
 Time :     15.01000
 Time :     16.01000
 Time :     17.01000
 Time :     18.00000
 Time :     19.00000
 Time :     20.00000
 Time :     21.00000
 Time :     22.00000
 Time :     23.00000
 Time :     24.00000
 Time :     25.00000
 Time :     26.00000
 Time :     27.00000
 Time :     28.00000
 Time :     29.00000
 Time :     30.00000
 Time :     31.00000
 Time :     32.00000
 Time :     33.00000
 Time :     34.00000
 Time :     35.00000
dtime = 22.78222404420376
mbcr =

   6.849722413032245e-05   6.070869683968591e-04   4.556891085526388e-03

agsout =

 Columns 1 through 3:

   1.426884177664997e-01   9.248439177064404e-03   9.248439177064399e-03
   1.419072976584729e-01   9.299864109260923e-03   9.299864109260923e-03
   1.356139746461476e-01   9.229496282170452e-03   9.229496282170445e-03

 Columns 4 and 5:

   9.248439177064397e-03   9.248439177064397e-03
   9.299864109260921e-03   9.299864109260918e-03
   9.229496282170443e-03   9.229496282170442e-03

ans = 1.161361580024451e-20
ans = 8.338368315446653e-21
ans = -1.824101271741351e-21
ans = -1.825652235389888e-21
ans = 1.172750823083540e-20
nbcr = 5
lambda0 = 3.501084296647659
kmpl_prod = 0.180000000000000
 Time :      1.00000
 Time :      2.00000
 Time :      3.01000
 Time :      4.01000
 Time :      5.01000
 Time :      6.01000
 Time :      7.01000
 Time :      8.01000
 Time :      9.01000
 Time :     10.01000
 Time :     11.01000
 Time :     12.01000
 Time :     13.01000
 Time :     14.01000
 Time :     15.01000
 Time :     16.01000
 Time :     17.01000
 Time :     18.00000
 Time :     19.00000
 Time :     20.00000
 Time :     21.00000
 Time :     22.00000
 Time :     23.00000
 Time :     24.00000
 Time :     25.00000
 Time :     26.00000
 Time :     27.00000
 Time :     28.00000
 Time :     29.00000
 Time :     30.00000
 Time :     31.00000
 Time :     32.00000
 Time :     33.00000
 Time :     34.00000
 Time :     35.00000
dtime = 22.80824482440948
mbcr =

 Columns 1 through 3:

   6.849722413032245e-05   6.070869683968591e-04   4.556891085526388e-03

 Column 4:

   5.456223015497493e-02

agsout =

 Columns 1 through 3:

   1.426884177664997e-01   9.248439177064404e-03   9.248439177064399e-03
   1.419072976584729e-01   9.299864109260923e-03   9.299864109260923e-03
   1.356139746461476e-01   9.229496282170452e-03   9.229496282170445e-03
   6.208285297690116e-02   8.440197397409298e-03   8.440197397409300e-03

 Columns 4 and 5:

   9.248439177064397e-03   9.248439177064397e-03
   9.299864109260921e-03   9.299864109260918e-03
   9.229496282170443e-03   9.229496282170442e-03
   8.440197397409303e-03   8.440197397409300e-03

ans = 8.247766188977954e-21
ans = -2.301694677914155e-21
ans = -5.686323874025077e-21
ans = -2.300169563659761e-21
ans = -2.300389283509970e-21
nbcr = 5
lambda0 = 3.501084296647659
kmpl_prod = 0.180000000000000
 Time :      1.00000
 Time :      2.00000
 Time :      3.01000
 Time :      4.01000
 Time :      5.01000
 Time :      6.01000
 Time :      7.01000
 Time :      8.01000
 Time :      9.01000
 Time :     10.01000
 Time :     11.01000
 Time :     12.01000
 Time :     13.01000
 Time :     14.01000
 Time :     15.01000
 Time :     16.01000
 Time :     17.01000
 Time :     18.00000
 Time :     19.00000
 Time :     20.00000
 Time :     21.00000
 Time :     22.00000
 Time :     23.00000
 Time :     24.00000
 Time :     25.00000
 Time :     26.00000
 Time :     27.00000
 Time :     28.00000
 Time :     29.00000
 Time :     30.00000
 Time :     31.00000
 Time :     32.00000
 Time :     33.00000
 Time :     34.00000
 Time :     35.00000
dtime = 22.60781340301037
mbcr =

 Columns 1 through 3:

   6.849722413032245e-05   6.070869683968591e-04   4.556891085526388e-03

 Columns 4 and 5:

   5.456223015497493e-02   3.066424391882943e-02

agsout =

 Columns 1 through 3:

   1.426884177664997e-01   9.248439177064404e-03   9.248439177064399e-03
   1.419072976584729e-01   9.299864109260923e-03   9.299864109260923e-03
   1.356139746461476e-01   9.229496282170452e-03   9.229496282170445e-03
   6.208285297690116e-02   8.440197397409298e-03   8.440197397409300e-03
   9.709547501912769e-02   8.802235806137629e-03   8.802235806137631e-03

 Columns 4 and 5:

   9.248439177064397e-03   9.248439177064397e-03
   9.299864109260921e-03   9.299864109260918e-03
   9.229496282170443e-03   9.229496282170442e-03
   8.440197397409303e-03   8.440197397409300e-03
   8.802235806137631e-03   8.802235806137633e-03

ans = 4.663230703267694e-22
ans = -1.000397402700460e-21
ans = -9.984716228368601e-22
ans = -7.775148791177539e-21
ans = -7.775174640571682e-21
nbcr = 5
lambda0 = 3.501084296647659
kmpl_prod = 0.180000000000000
 Time :      1.00000
 Time :      2.00000
 Time :      3.01000
 Time :      4.01000
 Time :      5.01000
 Time :      6.01000
 Time :      7.01000
 Time :      8.01000
 Time :      9.01000
 Time :     10.01000
 Time :     11.01000
 Time :     12.01000
 Time :     13.01000
 Time :     14.01000
 Time :     15.01000
 Time :     16.01000
 Time :     17.01000
 Time :     18.00000
 Time :     19.00000
 Time :     20.00000
 Time :     21.00000
 Time :     22.00000
 Time :     23.00000
 Time :     24.00000
 Time :     25.00000
 Time :     26.00000
 Time :     27.00000
 Time :     28.00000
 Time :     29.00000
 Time :     30.00000
 Time :     31.00000
 Time :     32.00000
 Time :     33.00000
 Time :     34.00000
 Time :     35.00000
dtime = 22.71757945418358
mbcr =

 Columns 1 through 3:

   6.849722413032245e-05   6.070869683968591e-04   4.556891085526388e-03

 Columns 4 through 6:

   5.456223015497493e-02   3.066424391882943e-02   1.670896707187469e-02

agsout =

 Columns 1 through 3:

   1.426884177664997e-01   9.248439177064404e-03   9.248439177064399e-03
   1.419072976584729e-01   9.299864109260923e-03   9.299864109260923e-03
   1.356139746461476e-01   9.229496282170452e-03   9.229496282170445e-03
   6.208285297690116e-02   8.440197397409298e-03   8.440197397409300e-03
   9.709547501912769e-02   8.802235806137629e-03   8.802235806137631e-03
   1.173793500935367e-01   9.024758523073486e-03   9.024758523073490e-03

 Columns 4 and 5:

   9.248439177064397e-03   9.248439177064397e-03
   9.299864109260921e-03   9.299864109260918e-03
   9.229496282170443e-03   9.229496282170442e-03
   8.440197397409303e-03   8.440197397409300e-03
   8.802235806137631e-03   8.802235806137633e-03
   9.024758523073492e-03   9.024758523073490e-03

ans = 6.494091591577251e-21
ans = -6.359183603548681e-21
ans = -6.358550293392195e-21
ans = -2.971077663925622e-21
ans = -6.358808787333618e-21
dkps =

 Columns 1 through 3:

   6.970498097320737e+00   5.308489142376683e+00   1.193867927568572e+01

 Columns 4 through 6:

   3.902058107538635e+01   5.176869468575470e+01   6.655659500131696e-01

nbcr = 7
lambda0 = 3.501084296647659
kmpl_prod = 0.180000000000000
 Time :      1.00000
 Time :      2.00000
 Time :      3.01000
 Time :      4.01000
 Time :      5.01000
 Time :      6.01000
 Time :      7.01000
 Time :      8.01000
 Time :      9.01000
 Time :     10.01000
 Time :     11.01000
 Time :     12.01000
 Time :     13.01000
 Time :     14.01000
 Time :     15.01000
 Time :     16.01000
 Time :     17.01000
 Time :     18.00000
 Time :     19.00000
 Time :     20.00000
 Time :     21.00000
 Time :     22.00000
 Time :     23.00000
 Time :     24.00000
 Time :     25.00000
 Time :     26.00000
 Time :     27.00000
 Time :     28.00000
 Time :     29.00000
 Time :     30.00000
 Time :     31.00000
 Time :     32.00000
 Time :     33.00000
 Time :     34.00000
 Time :     35.00000
dtime = 32.48353935778141
mbcr = 5.037426307393833e-05
agsout =

 Columns 1 through 3:

   1.031687152394112e-01   7.613282653668159e-03   7.613282653668167e-03

 Columns 4 through 6:

   7.613282653668163e-03   7.613282653668174e-03   7.613282653668166e-03

 Column 7:

   7.613282653668169e-03

ans = 8.474317839683830e-21
ans = 3.015435224273778e-21
ans = 3.016908639739888e-21
ans = 6.405428169669223e-21
ans = 3.015900513368339e-21
ans = 6.404523440874244e-21
ans = 6.404420043297674e-21
nbcr = 7
lambda0 = 3.501084296647659
kmpl_prod = 0.180000000000000
 Time :      1.00000
 Time :      2.00000
 Time :      3.01000
 Time :      4.01000
 Time :      5.01000
 Time :      6.01000
 Time :      7.01000
 Time :      8.01000
 Time :      9.01000
 Time :     10.01000
 Time :     11.01000
 Time :     12.01000
 Time :     13.01000
 Time :     14.01000
 Time :     15.01000
 Time :     16.01000
 Time :     17.01000
 Time :     18.00000
 Time :     19.00000
 Time :     20.00000
 Time :     21.00000
 Time :     22.00000
 Time :     23.00000
 Time :     24.00000
 Time :     25.00000
 Time :     26.00000
 Time :     27.00000
 Time :     28.00000
 Time :     29.00000
 Time :     30.00000
 Time :     31.00000
 Time :     32.00000
 Time :     33.00000
 Time :     34.00000
 Time :     35.00000
dtime = 32.37232491374016
mbcr =

   5.037426307393833e-05   1.346838521780474e-04

agsout =

 Columns 1 through 3:

   1.031687152394112e-01   7.613282653668159e-03   7.613282653668167e-03
   1.030751196642686e-01   7.654837543867358e-03   7.654837543867349e-03

 Columns 4 through 6:

   7.613282653668163e-03   7.613282653668174e-03   7.613282653668166e-03
   7.654837543867353e-03   7.654837543867351e-03   7.654837543867349e-03

 Column 7:

   7.613282653668169e-03
   7.654837543867348e-03

ans = -5.407383061835711e-21
ans = 6.248496497831429e-21
ans = 2.857004287575731e-21
ans = 6.247229877518457e-21
ans = 2.859098088501256e-21
ans = 6.242602835966988e-21
ans = 2.859123937895398e-21
nbcr = 7
lambda0 = 3.501084296647659
kmpl_prod = 0.180000000000000
 Time :      1.00000
 Time :      2.00000
 Time :      3.01000
 Time :      4.01000
 Time :      5.01000
 Time :      6.01000
 Time :      7.01000
 Time :      8.01000
 Time :      9.01000
 Time :     10.01000
 Time :     11.01000
 Time :     12.01000
 Time :     13.01000
 Time :     14.01000
 Time :     15.01000
 Time :     16.01000
 Time :     17.01000
 Time :     18.00000
 Time :     19.00000
 Time :     20.00000
 Time :     21.00000
 Time :     22.00000
 Time :     23.00000
 Time :     24.00000
 Time :     25.00000
 Time :     26.00000
 Time :     27.00000
 Time :     28.00000
 Time :     29.00000
 Time :     30.00000
 Time :     31.00000
 Time :     32.00000
 Time :     33.00000
 Time :     34.00000
 Time :     35.00000
dtime = 32.23496899008751
mbcr =

   5.037426307393833e-05   1.346838521780474e-04   1.614010498340865e-02

agsout =

 Columns 1 through 3:

   1.031687152394112e-01   7.613282653668159e-03   7.613282653668167e-03
   1.030751196642686e-01   7.654837543867358e-03   7.654837543867349e-03
   7.614882200315237e-02   7.393528316948991e-03   7.393528316948995e-03

 Columns 4 through 6:

   7.613282653668163e-03   7.613282653668174e-03   7.613282653668166e-03
   7.654837543867353e-03   7.654837543867351e-03   7.654837543867349e-03
   7.393528316948995e-03   7.393528316948994e-03   7.393528316948996e-03

 Column 7:

   7.613282653668169e-03
   7.654837543867348e-03
   7.393528316948995e-03

ans = 1.412886524786513e-20
ans = 1.683467642910265e-21
ans = 1.683157450180558e-21
ans = 1.680624209554614e-21
ans = 1.680520811978045e-21
ans = 5.069970920096503e-21
ans = 8.457275528501151e-21
nbcr = 7
lambda0 = 3.501084296647659
kmpl_prod = 0.180000000000000
 Time :      1.00000
 Time :      2.00000
 Time :      3.01000
 Time :      4.01000
 Time :      5.01000
 Time :      6.01000
 Time :      7.01000
 Time :      8.01000
 Time :      9.01000
 Time :     10.01000
 Time :     11.01000
 Time :     12.01000
 Time :     13.01000
 Time :     14.01000
 Time :     15.01000
 Time :     16.01000
 Time :     17.01000
 Time :     18.00000
 Time :     19.00000
 Time :     20.00000
 Time :     21.00000
 Time :     22.00000
 Time :     23.00000
 Time :     24.00000
 Time :     25.00000
 Time :     26.00000
 Time :     27.00000
 Time :     28.00000
 Time :     29.00000
 Time :     30.00000
 Time :     31.00000
 Time :     32.00000
 Time :     33.00000
 Time :     34.00000
 Time :     35.00000
dtime = 31.85382038354874
mbcr =

 Columns 1 through 3:

   5.037426307393833e-05   1.346838521780474e-04   1.614010498340865e-02

 Column 4:

   9.867524761925534e-03

agsout =

 Columns 1 through 3:

   1.031687152394112e-01   7.613282653668159e-03   7.613282653668167e-03
   1.030751196642686e-01   7.654837543867358e-03   7.654837543867349e-03
   7.614882200315237e-02   7.393528316948991e-03   7.393528316948995e-03
   8.627744094319109e-02   7.491252666029196e-03   7.491252666029189e-03

 Columns 4 through 6:

   7.613282653668163e-03   7.613282653668174e-03   7.613282653668166e-03
   7.654837543867353e-03   7.654837543867351e-03   7.654837543867349e-03
   7.393528316948995e-03   7.393528316948994e-03   7.393528316948996e-03
   7.491252666029193e-03   7.491252666029195e-03   7.491252666029195e-03

 Column 7:

   7.613282653668169e-03
   7.654837543867348e-03
   7.393528316948995e-03
   7.491252666029193e-03

ans = -2.014365737325618e-21
ans = 8.853650138278905e-21
ans = 2.079221867228604e-21
ans = 5.468801222317773e-21
ans = -1.308754825423743e-21
ans = 5.467250258669236e-21
ans = 2.078911674498897e-21
nbcr = 7
lambda0 = 3.501084296647659
kmpl_prod = 0.180000000000000
 Time :      1.00000
 Time :      2.00000
 Time :      3.01000
 Time :      4.01000
 Time :      5.01000
 Time :      6.01000
 Time :      7.01000
 Time :      8.01000
 Time :      9.01000
 Time :     10.01000
 Time :     11.01000
 Time :     12.01000
 Time :     13.01000
 Time :     14.01000
 Time :     15.01000
 Time :     16.01000
 Time :     17.01000
 Time :     18.00000
 Time :     19.00000
 Time :     20.00000
 Time :     21.00000
 Time :     22.00000
 Time :     23.00000
 Time :     24.00000
 Time :     25.00000
 Time :     26.00000
 Time :     27.00000
 Time :     28.00000
 Time :     29.00000
 Time :     30.00000
 Time :     31.00000
 Time :     32.00000
 Time :     33.00000
 Time :     34.00000
 Time :     35.00000
dtime = 32.16359540820122
mbcr =

 Columns 1 through 3:

   5.037426307393833e-05   1.346838521780474e-04   1.614010498340865e-02

 Columns 4 and 5:

   9.867524761925534e-03   6.023559242242909e-04

agsout =

 Columns 1 through 3:

   1.031687152394112e-01   7.613282653668159e-03   7.613282653668167e-03
   1.030751196642686e-01   7.654837543867358e-03   7.654837543867349e-03
   7.614882200315237e-02   7.393528316948991e-03   7.393528316948995e-03
   8.627744094319109e-02   7.491252666029196e-03   7.491252666029189e-03
   1.021751115497481e-01   7.646623557032830e-03   7.646623557032830e-03

 Columns 4 through 6:

   7.613282653668163e-03   7.613282653668174e-03   7.613282653668166e-03
   7.654837543867353e-03   7.654837543867351e-03   7.654837543867349e-03
   7.393528316948995e-03   7.393528316948994e-03   7.393528316948996e-03
   7.491252666029193e-03   7.491252666029195e-03   7.491252666029195e-03
   7.646623557032833e-03   7.646623557032827e-03   7.646623557032834e-03

 Column 7:

   7.613282653668169e-03
   7.654837543867348e-03
   7.393528316948995e-03
   7.491252666029193e-03
   7.646623557032830e-03

ans = -4.180234773719152e-21
ans = 2.300725325633820e-21
ans = 2.302844975953487e-21
ans = -1.089164222185057e-21
ans = -1.087458162171666e-21
ans = 2.301113066545954e-21
ans = -4.475589951188868e-21
nbcr = 7
lambda0 = 3.501084296647659
kmpl_prod = 0.180000000000000
 Time :      1.00000
 Time :      2.00000
 Time :      3.01000
 Time :      4.01000
 Time :      5.01000
 Time :      6.01000
 Time :      7.01000
 Time :      8.01000
 Time :      9.01000
 Time :     10.01000
 Time :     11.01000
 Time :     12.01000
 Time :     13.01000
 Time :     14.01000
 Time :     15.01000
 Time :     16.01000
 Time :     17.01000
 Time :     18.00000
 Time :     19.00000
 Time :     20.00000
 Time :     21.00000
 Time :     22.00000
 Time :     23.00000
 Time :     24.00000
 Time :     25.00000
 Time :     26.00000
 Time :     27.00000
 Time :     28.00000
 Time :     29.00000
 Time :     30.00000
 Time :     31.00000
 Time :     32.00000
 Time :     33.00000
 Time :     34.00000
 Time :     35.00000
dtime = 32.12019391357899
mbcr =

 Columns 1 through 3:

   5.037426307393833e-05   1.346838521780474e-04   1.614010498340865e-02

 Columns 4 through 6:

   9.867524761925534e-03   6.023559242242909e-04   1.656912325973844e-04

agsout =

 Columns 1 through 3:

   1.031687152394112e-01   7.613282653668159e-03   7.613282653668167e-03
   1.030751196642686e-01   7.654837543867358e-03   7.654837543867349e-03
   7.614882200315237e-02   7.393528316948991e-03   7.393528316948995e-03
   8.627744094319109e-02   7.491252666029196e-03   7.491252666029189e-03
   1.021751115497481e-01   7.646623557032830e-03   7.646623557032830e-03
   1.029892075642545e-01   7.654429169129470e-03   7.654429169129474e-03

 Columns 4 through 6:

   7.613282653668163e-03   7.613282653668174e-03   7.613282653668166e-03
   7.654837543867353e-03   7.654837543867351e-03   7.654837543867349e-03
   7.393528316948995e-03   7.393528316948994e-03   7.393528316948996e-03
   7.491252666029193e-03   7.491252666029195e-03   7.491252666029195e-03
   7.646623557032833e-03   7.646623557032827e-03   7.646623557032834e-03
   7.654429169129471e-03   7.654429169129473e-03   7.654429169129473e-03

 Column 7:

   7.613282653668169e-03
   7.654837543867348e-03
   7.393528316948995e-03
   7.491252666029193e-03
   7.646623557032830e-03
   7.654429169129466e-03

ans = -9.640150266800516e-21
ans = -1.802400705358905e-21
ans = 4.970890192349135e-21
ans = -1.804158464160580e-21
ans = -5.192703843484058e-21
ans = -1.806200566297820e-21
ans = 1.581465933624820e-21
dkps =

 Columns 1 through 3:

   1.904562714229355e+01   1.009729008615881e+01   1.237971962307587e+01

 Columns 4 through 6:

   4.436768819894720e-01   1.607841476415986e+02   2.863639824168624e+00

nbcr = 10
lambda0 = 3.501084296647659
kmpl_prod = 0.180000000000000
 Time :      1.00000
 Time :      2.00000
 Time :      3.01000
 Time :      4.01000
 Time :      5.01000
 Time :      6.01000
 Time :      7.01000
 Time :      8.01000
 Time :      9.01000
 Time :     10.01000
 Time :     11.01000
 Time :     12.01000
 Time :     13.01000
 Time :     14.01000
 Time :     15.01000
 Time :     16.01000
 Time :     17.01000
 Time :     18.00000
 Time :     19.00000
 Time :     20.00000
 Time :     21.00000
 Time :     22.00000
 Time :     23.00000
 Time :     24.00000
 Time :     25.00000
 Time :     26.00000
 Time :     27.00000
 Time :     28.00000
 Time :     29.00000
 Time :     30.00000
 Time :     31.00000
 Time :     32.00000
 Time :     33.00000
 Time :     34.00000
 Time :     35.00000
dtime = 46.79472707211971
mbcr = 3.994266784673908e-05
agsout =

 Columns 1 through 3:

   7.342407135163377e-02   6.411901908563431e-03   6.411901908563424e-03

 Columns 4 through 6:

   6.411901908563422e-03   6.411901908563424e-03   6.411901908563426e-03

 Columns 7 through 9:

   6.411901908563425e-03   6.411901908563425e-03   6.411901908563422e-03

 Column 10:

   6.411901908563424e-03

ans = 5.132265759057477e-21
ans = -2.873108460126373e-21
ans = -6.259379092765330e-21
ans = -6.254674503031434e-21
ans = -2.868352171604193e-21
ans = -6.256845852139386e-21
ans = -6.262067429756127e-21
ans = -6.257724731540223e-21
ans = -2.872177881937250e-21
ans = -6.263670092192948e-21
nbcr = 10
lambda0 = 3.501084296647659
kmpl_prod = 0.180000000000000
 Time :      1.00000
 Time :      2.00000
 Time :      3.01000
 Time :      4.01000
 Time :      5.01000
 Time :      6.01000
 Time :      7.01000
 Time :      8.01000
 Time :      9.01000
 Time :     10.01000
 Time :     11.01000
 Time :     12.01000
 Time :     13.01000
 Time :     14.01000
 Time :     15.01000
 Time :     16.01000
 Time :     17.01000
 Time :     18.00000
 Time :     19.00000
 Time :     20.00000
 Time :     21.00000
 Time :     22.00000
 Time :     23.00000
 Time :     24.00000
 Time :     25.00000
 Time :     26.00000
 Time :     27.00000
 Time :     28.00000
 Time :     29.00000
 Time :     30.00000
 Time :     31.00000
 Time :     32.00000
 Time :     33.00000
 Time :     34.00000
 Time :     35.00000
dtime = 46.55424356460571
mbcr =

   3.994266784673908e-05   3.270197126797946e-05

agsout =

 Columns 1 through 3:

   7.342407135163377e-02   6.411901908563431e-03   6.411901908563424e-03
   7.347556808312111e-02   6.439037862702036e-03   6.439037862702040e-03

 Columns 4 through 6:

   6.411901908563422e-03   6.411901908563424e-03   6.411901908563426e-03
   6.439037862702031e-03   6.439037862702033e-03   6.439037862702029e-03

 Columns 7 through 9:

   6.411901908563425e-03   6.411901908563425e-03   6.411901908563422e-03
   6.439037862702031e-03   6.439037862702031e-03   6.439037862702032e-03

 Column 10:

   6.411901908563424e-03
   6.439037862702029e-03

ans = -1.083648607709947e-21
ans = -6.484372219379753e-21
ans = 2.922532501726416e-22
ans = -3.109371922586831e-21
ans = 3.676869521586493e-21
ans = 2.868248774027623e-22
ans = -6.488559821230803e-21
ans = 3.674181184595695e-21
ans = -3.100272935848748e-21
ans = -3.103840152240383e-21
nbcr = 10
lambda0 = 3.501084296647659
kmpl_prod = 0.180000000000000
 Time :      1.00000
 Time :      2.00000
 Time :      3.01000
 Time :      4.01000
 Time :      5.01000
 Time :      6.01000
 Time :      7.01000
 Time :      8.01000
 Time :      9.01000
 Time :     10.01000
 Time :     11.01000
 Time :     12.01000
 Time :     13.01000
 Time :     14.01000
 Time :     15.01000
 Time :     16.01000
 Time :     17.01000
 Time :     18.00000
 Time :     19.00000
 Time :     20.00000
 Time :     21.00000
 Time :     22.00000
 Time :     23.00000
 Time :     24.00000
 Time :     25.00000
 Time :     26.00000
 Time :     27.00000
 Time :     28.00000
 Time :     29.00000
 Time :     30.00000
 Time :     31.00000
 Time :     32.00000
 Time :     33.00000
 Time :     34.00000
 Time :     35.00000
dtime = 46.57498374581337
mbcr =

   3.994266784673908e-05   3.270197126797946e-05   1.870576154299994e-04

agsout =

 Columns 1 through 3:

   7.342407135163377e-02   6.411901908563431e-03   6.411901908563424e-03
   7.347556808312111e-02   6.439037862702036e-03   6.439037862702040e-03
   7.316662397024101e-02   6.436860359018919e-03   6.436860359018920e-03

 Columns 4 through 6:

   6.411901908563422e-03   6.411901908563424e-03   6.411901908563426e-03
   6.439037862702031e-03   6.439037862702033e-03   6.439037862702029e-03
   6.436860359018916e-03   6.436860359018912e-03   6.436860359018906e-03

 Columns 7 through 9:

   6.411901908563425e-03   6.411901908563425e-03   6.411901908563422e-03
   6.439037862702031e-03   6.439037862702031e-03   6.439037862702032e-03
   6.436860359018914e-03   6.436860359018914e-03   6.436860359018911e-03

 Column 10:

   6.411901908563424e-03
   6.439037862702029e-03
   6.436860359018913e-03

ans = 9.249326814414817e-21
ans = 1.004460927459627e-20
ans = 6.663560219574053e-21
ans = 6.658183545592458e-21
ans = 6.658235244380743e-21
ans = 3.269844961422118e-21
ans = 1.004900367160046e-20
ans = 1.004450587701970e-20
ans = 6.660044701970702e-21
ans = 1.004476437096112e-20
nbcr = 10
lambda0 = 3.501084296647659
kmpl_prod = 0.180000000000000
 Time :      1.00000
 Time :      2.00000
 Time :      3.01000
 Time :      4.01000
 Time :      5.01000
 Time :      6.01000
 Time :      7.01000
 Time :      8.01000
 Time :      9.01000
 Time :     10.01000
 Time :     11.01000
 Time :     12.01000
 Time :     13.01000
 Time :     14.01000
 Time :     15.01000
 Time :     16.01000
 Time :     17.01000
 Time :     18.00000
 Time :     19.00000
 Time :     20.00000
 Time :     21.00000
 Time :     22.00000
 Time :     23.00000
 Time :     24.00000
 Time :     25.00000
 Time :     26.00000
 Time :     27.00000
 Time :     28.00000
 Time :     29.00000
 Time :     30.00000
 Time :     31.00000
 Time :     32.00000
 Time :     33.00000
 Time :     34.00000
 Time :     35.00000
dtime = 46.43941819667816
mbcr =

 Columns 1 through 3:

   3.994266784673908e-05   3.270197126797946e-05   1.870576154299994e-04

 Column 4:

   4.152114816426200e-03

agsout =

 Columns 1 through 3:

   7.342407135163377e-02   6.411901908563431e-03   6.411901908563424e-03
   7.347556808312111e-02   6.439037862702036e-03   6.439037862702040e-03
   7.316662397024101e-02   6.436860359018919e-03   6.436860359018920e-03
   6.547125009328238e-02   6.371414676800398e-03   6.371414676800391e-03

 Columns 4 through 6:

   6.411901908563422e-03   6.411901908563424e-03   6.411901908563426e-03
   6.439037862702031e-03   6.439037862702033e-03   6.439037862702029e-03
   6.436860359018916e-03   6.436860359018912e-03   6.436860359018906e-03
   6.371414676800385e-03   6.371414676800385e-03   6.371414676800380e-03

 Columns 7 through 9:

   6.411901908563425e-03   6.411901908563425e-03   6.411901908563422e-03
   6.439037862702031e-03   6.439037862702031e-03   6.439037862702032e-03
   6.436860359018914e-03   6.436860359018914e-03   6.436860359018911e-03
   6.371414676800379e-03   6.371414676800383e-03   6.371414676800385e-03

 Column 10:

   6.411901908563424e-03
   6.439037862702029e-03
   6.436860359018913e-03
   6.371414676800385e-03

ans = -3.751264077927981e-22
ans = 1.530697723529378e-21
ans = 4.913918127659545e-21
ans = 4.920380476195116e-21
ans = 8.310218325225708e-21
ans = 4.922138234996791e-21
ans = 1.530697723529378e-21
ans = 1.526096531372051e-21
ans = 8.306030723374658e-21
ans = 8.306754506410642e-21
nbcr = 10
lambda0 = 3.501084296647659
kmpl_prod = 0.180000000000000
 Time :      1.00000
 Time :      2.00000
 Time :      3.01000
 Time :      4.01000
 Time :      5.01000
 Time :      6.01000
 Time :      7.01000
 Time :      8.01000
 Time :      9.01000
 Time :     10.01000
 Time :     11.01000
 Time :     12.01000
 Time :     13.01000
 Time :     14.01000
 Time :     15.01000
 Time :     16.01000
 Time :     17.01000
 Time :     18.00000
 Time :     19.00000
 Time :     20.00000
 Time :     21.00000
 Time :     22.00000
 Time :     23.00000
 Time :     24.00000
 Time :     25.00000
 Time :     26.00000
 Time :     27.00000
 Time :     28.00000
 Time :     29.00000
 Time :     30.00000
 Time :     31.00000
 Time :     32.00000
 Time :     33.00000
 Time :     34.00000
 Time :     35.00000
dtime = 46.32585011422634
mbcr =

 Columns 1 through 3:

   3.994266784673908e-05   3.270197126797946e-05   1.870576154299994e-04

 Columns 4 and 5:

   4.152114816426200e-03   6.468979659988884e-02

agsout =

 Columns 1 through 3:

   7.342407135163377e-02   6.411901908563431e-03   6.411901908563424e-03
   7.347556808312111e-02   6.439037862702036e-03   6.439037862702040e-03
   7.316662397024101e-02   6.436860359018919e-03   6.436860359018920e-03
   6.547125009328238e-02   6.371414676800398e-03   6.371414676800391e-03
   1.614609713959941e-03   6.081437424882175e-03   6.081437424882173e-03

 Columns 4 through 6:

   6.411901908563422e-03   6.411901908563424e-03   6.411901908563426e-03
   6.439037862702031e-03   6.439037862702033e-03   6.439037862702029e-03
   6.436860359018916e-03   6.436860359018912e-03   6.436860359018906e-03
   6.371414676800385e-03   6.371414676800385e-03   6.371414676800380e-03
   6.081437424882171e-03   6.081437424882168e-03   6.081437424882171e-03

 Columns 7 through 9:

   6.411901908563425e-03   6.411901908563425e-03   6.411901908563422e-03
   6.439037862702031e-03   6.439037862702031e-03   6.439037862702032e-03
   6.436860359018914e-03   6.436860359018914e-03   6.436860359018911e-03
   6.371414676800379e-03   6.371414676800383e-03   6.371414676800385e-03
   6.081437424882171e-03   6.081437424882171e-03   6.081437424882171e-03

 Column 10:

   6.411901908563424e-03
   6.439037862702029e-03
   6.436860359018913e-03
   6.371414676800385e-03
   6.081437424882171e-03

ans = -9.853375456731666e-21
ans = -7.601841528150609e-21
ans = -1.776587500368422e-20
ans = -7.599049793583242e-21
ans = -7.599256588736381e-21
ans = -7.600859251173202e-21
ans = -1.098630270319961e-20
ans = -7.594707095367339e-21
ans = -4.209160245764366e-21
ans = -1.098728498017701e-20
nbcr = 10
lambda0 = 3.501084296647659
kmpl_prod = 0.180000000000000
 Time :      1.00000
 Time :      2.00000
 Time :      3.01000
 Time :      4.01000
 Time :      5.01000
 Time :      6.01000
 Time :      7.01000
 Time :      8.01000
 Time :      9.01000
 Time :     10.01000
 Time :     11.01000
 Time :     12.01000
 Time :     13.01000
 Time :     14.01000
 Time :     15.01000
 Time :     16.01000
 Time :     17.01000
 Time :     18.00000
 Time :     19.00000
 Time :     20.00000
 Time :     21.00000
 Time :     22.00000
 Time :     23.00000
 Time :     24.00000
 Time :     25.00000
 Time :     26.00000
 Time :     27.00000
 Time :     28.00000
 Time :     29.00000
 Time :     30.00000
 Time :     31.00000
 Time :     32.00000
 Time :     33.00000
 Time :     34.00000
 Time :     35.00000
dtime = 46.32324501872063
mbcr =

 Columns 1 through 3:

   3.994266784673908e-05   3.270197126797946e-05   1.870576154299994e-04

 Columns 4 through 6:

   4.152114816426200e-03   6.468979659988884e-02   5.055317198828961e-04

agsout =

 Columns 1 through 3:

   7.342407135163377e-02   6.411901908563431e-03   6.411901908563424e-03
   7.347556808312111e-02   6.439037862702036e-03   6.439037862702040e-03
   7.316662397024101e-02   6.436860359018919e-03   6.436860359018920e-03
   6.547125009328238e-02   6.371414676800398e-03   6.371414676800391e-03
   1.614609713959941e-03   6.081437424882175e-03   6.081437424882173e-03
   7.248037750932859e-02   6.431122384518133e-03   6.431122384518134e-03

 Columns 4 through 6:

   6.411901908563422e-03   6.411901908563424e-03   6.411901908563426e-03
   6.439037862702031e-03   6.439037862702033e-03   6.439037862702029e-03
   6.436860359018916e-03   6.436860359018912e-03   6.436860359018906e-03
   6.371414676800385e-03   6.371414676800385e-03   6.371414676800380e-03
   6.081437424882171e-03   6.081437424882168e-03   6.081437424882171e-03
   6.431122384518128e-03   6.431122384518130e-03   6.431122384518127e-03

 Columns 7 through 9:

   6.411901908563425e-03   6.411901908563425e-03   6.411901908563422e-03
   6.439037862702031e-03   6.439037862702031e-03   6.439037862702032e-03
   6.436860359018914e-03   6.436860359018914e-03   6.436860359018911e-03
   6.371414676800379e-03   6.371414676800383e-03   6.371414676800385e-03
   6.081437424882171e-03   6.081437424882171e-03   6.081437424882171e-03
   6.431122384518129e-03   6.431122384518131e-03   6.431122384518132e-03

 Column 10:

   6.411901908563424e-03
   6.439037862702029e-03
   6.436860359018913e-03
   6.371414676800385e-03
   6.081437424882171e-03
   6.431122384518131e-03

ans = 2.807696568249328e-21
ans = -4.810106960784140e-21
ans = 1.962020714187497e-21
ans = -4.810106960784140e-21
ans = -1.418511352951873e-21
ans = -4.808400900770750e-21
ans = -4.806746539545644e-21
ans = -1.426266171194558e-21
ans = 1.969620436065328e-21
ans = 1.966001520885409e-21
dkps =

 Columns 1 through 3:

   1.362711765149700e+01   2.782754633430913e+01   2.971943402632579e-01

 Columns 4 through 6:

   2.676066442079354e+01   2.542500218417599e+01   1.932978605724971e+01

nbcr = 15
lambda0 = 3.501084296647659
kmpl_prod = 0.180000000000000
 Time :      1.00000
 Time :      2.00000
 Time :      3.01000
 Time :      4.01000
 Time :      5.01000
 Time :      6.01000
 Time :      7.01000
 Time :      8.01000
 Time :      9.01000
 Time :     10.01000
 Time :     11.01000
 Time :     12.01000
 Time :     13.01000
 Time :     14.01000
 Time :     15.01000
 Time :     16.01000
 Time :     17.01000
 Time :     18.00000
 Time :     19.00000
 Time :     20.00000
 Time :     21.00000
 Time :     22.00000
 Time :     23.00000
 Time :     24.00000
 Time :     25.00000
 Time :     26.00000
 Time :     27.00000
 Time :     28.00000
 Time :     29.00000
 Time :     30.00000
 Time :     31.00000
 Time :     32.00000
 Time :     33.00000
 Time :     34.00000
 Time :     35.00000
dtime = 72.70258292555809
mbcr = 3.279432181940982e-05
agsout =

 Columns 1 through 3:

   5.022660418808790e-02   5.488909553876570e-03   5.488909553876567e-03

 Columns 4 through 6:

   5.488909553876566e-03   5.488909553876562e-03   5.488909553876571e-03

 Columns 7 through 9:

   5.488909553876562e-03   5.488909553876570e-03   5.488909553876566e-03

 Columns 10 through 12:

   5.488909553876569e-03   5.488909553876566e-03   5.488909553876567e-03

 Columns 13 through 15:

   5.488909553876566e-03   5.488909553876568e-03   5.488909553876567e-03

ans = 2.142449952306282e-21
ans = -2.327686243724220e-21
ans = 1.062410099247795e-21
ans = 1.060652340446120e-21
ans = -2.328616821913342e-21
ans = 1.065201833815161e-21
ans = 1.060755738022689e-21
ans = 1.062513496824364e-21
ans = 1.062306701671226e-21
ans = 1.062513496824364e-21
ans = -2.328306629183635e-21
ans = -5.716438418200836e-21
ans = 1.059618364680428e-21
ans = 1.060548942869551e-21
ans = 1.059721762256998e-21
nbcr = 15
lambda0 = 3.501084296647659
kmpl_prod = 0.180000000000000
 Time :      1.00000
 Time :      2.00000
 Time :      3.01000
 Time :      4.01000
 Time :      5.01000
 Time :      6.01000
 Time :      7.01000
 Time :      8.01000
 Time :      9.01000
 Time :     10.01000
 Time :     11.01000
 Time :     12.01000
 Time :     13.01000
 Time :     14.01000
 Time :     15.01000
 Time :     16.01000
 Time :     17.01000
 Time :     18.00000
 Time :     19.00000
 Time :     20.00000
 Time :     21.00000
 Time :     22.00000
 Time :     23.00000
 Time :     24.00000
 Time :     25.00000
 Time :     26.00000
 Time :     27.00000
 Time :     28.00000
 Time :     29.00000
 Time :     30.00000
 Time :     31.00000
 Time :     32.00000
 Time :     33.00000
 Time :     34.00000
 Time :     35.00000
dtime = 71.89259938895702
mbcr =

   3.279432181940982e-05   2.714808591759374e-05

agsout =

 Columns 1 through 3:

   5.022660418808790e-02   5.488909553876570e-03   5.488909553876567e-03
   5.025389399133469e-02   5.500021929230521e-03   5.500021929230537e-03

 Columns 4 through 6:

   5.488909553876566e-03   5.488909553876562e-03   5.488909553876571e-03
   5.500021929230529e-03   5.500021929230521e-03   5.500021929230526e-03

 Columns 7 through 9:

   5.488909553876562e-03   5.488909553876570e-03   5.488909553876566e-03
   5.500021929230527e-03   5.500021929230521e-03   5.500021929230522e-03

 Columns 10 through 12:

   5.488909553876569e-03   5.488909553876566e-03   5.488909553876567e-03
   5.500021929230523e-03   5.500021929230526e-03   5.500021929230528e-03

 Columns 13 through 15:

   5.488909553876566e-03   5.488909553876568e-03   5.488909553876567e-03
   5.500021929230526e-03   5.500021929230524e-03   5.500021929230527e-03

ans = 7.020469266845077e-21
ans = 6.966101528615323e-21
ans = 1.873564087432608e-22
ans = 1.872530111666916e-22
ans = 6.968893263182689e-21
ans = 1.858054450947238e-22
ans = 3.579934293552935e-21
ans = 1.875632038963990e-22
ans = 3.584276991768838e-21
ans = 1.901481433106272e-22
ans = -3.193640947490671e-21
ans = 6.964757360119924e-21
ans = 1.857020475181547e-22
ans = 1.899413481574890e-22
ans = 1.963519979047749e-22
nbcr = 15
lambda0 = 3.501084296647659
kmpl_prod = 0.180000000000000
 Time :      1.00000
 Time :      2.00000
 Time :      3.01000
 Time :      4.01000
 Time :      5.01000
 Time :      6.01000
 Time :      7.01000
 Time :      8.01000
 Time :      9.01000
 Time :     10.01000
 Time :     11.01000
 Time :     12.01000
 Time :     13.01000
 Time :     14.01000
 Time :     15.01000
 Time :     16.01000
 Time :     17.01000
 Time :     18.00000
 Time :     19.00000
 Time :     20.00000
 Time :     21.00000
 Time :     22.00000
 Time :     23.00000
 Time :     24.00000
 Time :     25.00000
 Time :     26.00000
 Time :     27.00000
 Time :     28.00000
 Time :     29.00000
 Time :     30.00000
 Time :     31.00000
 Time :     32.00000
 Time :     33.00000
 Time :     34.00000
 Time :     35.00000
dtime = 72.00510129332542
mbcr =

   3.279432181940982e-05   2.714808591759374e-05   4.384831651311678e-05

agsout =

 Columns 1 through 3:

   5.022660418808790e-02   5.488909553876570e-03   5.488909553876567e-03
   5.025389399133469e-02   5.500021929230521e-03   5.500021929230537e-03
   5.021485584314262e-02   5.500449053444595e-03   5.500449053444603e-03

 Columns 4 through 6:

   5.488909553876566e-03   5.488909553876562e-03   5.488909553876571e-03
   5.500021929230529e-03   5.500021929230521e-03   5.500021929230526e-03
   5.500449053444593e-03   5.500449053444595e-03   5.500449053444598e-03

 Columns 7 through 9:

   5.488909553876562e-03   5.488909553876570e-03   5.488909553876566e-03
   5.500021929230527e-03   5.500021929230521e-03   5.500021929230522e-03
   5.500449053444594e-03   5.500449053444596e-03   5.500449053444591e-03

 Columns 10 through 12:

   5.488909553876569e-03   5.488909553876566e-03   5.488909553876567e-03
   5.500021929230523e-03   5.500021929230526e-03   5.500021929230528e-03
   5.500449053444596e-03   5.500449053444595e-03   5.500449053444600e-03

 Columns 13 through 15:

   5.488909553876566e-03   5.488909553876568e-03   5.488909553876567e-03
   5.500021929230526e-03   5.500021929230524e-03   5.500021929230527e-03
   5.500449053444597e-03   5.500449053444594e-03   5.500449053444596e-03

ans = 8.198187051013057e-21
ans = 5.909068103349122e-21
ans = 5.919511258582604e-21
ans = -8.624391861631005e-22
ans = -8.668852819555730e-22
ans = 2.524865422241548e-21
ans = 2.522590675557027e-21
ans = 2.516697013692587e-21
ans = 5.912273428222765e-21
ans = 2.522280482827320e-21
ans = -8.682294504509717e-22
ans = 5.910412271844521e-21
ans = 5.904622007556650e-21
ans = 2.532103252601387e-21
ans = -4.249226806684903e-21
nbcr = 15
lambda0 = 3.501084296647659
kmpl_prod = 0.180000000000000
 Time :      1.00000
 Time :      2.00000
 Time :      3.01000
 Time :      4.01000
 Time :      5.01000
 Time :      6.01000
 Time :      7.01000
 Time :      8.01000
 Time :      9.01000
 Time :     10.01000
 Time :     11.01000
 Time :     12.01000
 Time :     13.01000
 Time :     14.01000
 Time :     15.01000
 Time :     16.01000
 Time :     17.01000
 Time :     18.00000
 Time :     19.00000
 Time :     20.00000
 Time :     21.00000
 Time :     22.00000
 Time :     23.00000
 Time :     24.00000
 Time :     25.00000
 Time :     26.00000
 Time :     27.00000
 Time :     28.00000
 Time :     29.00000
 Time :     30.00000
 Time :     31.00000
 Time :     32.00000
 Time :     33.00000
 Time :     34.00000
 Time :     35.00000
dtime = 72.30916321277618
mbcr =

 Columns 1 through 3:

   3.279432181940982e-05   2.714808591759374e-05   4.384831651311678e-05

 Column 4:

   4.660193881835985e-02

agsout =

 Columns 1 through 3:

   5.022660418808790e-02   5.488909553876570e-03   5.488909553876567e-03
   5.025389399133469e-02   5.500021929230521e-03   5.500021929230537e-03
   5.021485584314262e-02   5.500449053444595e-03   5.500449053444603e-03
   1.030156638630538e-03   5.280231094031336e-03   5.280231094031341e-03

 Columns 4 through 6:

   5.488909553876566e-03   5.488909553876562e-03   5.488909553876571e-03
   5.500021929230529e-03   5.500021929230521e-03   5.500021929230526e-03
   5.500449053444593e-03   5.500449053444595e-03   5.500449053444598e-03
   5.280231094031342e-03   5.280231094031343e-03   5.280231094031348e-03

 Columns 7 through 9:

   5.488909553876562e-03   5.488909553876570e-03   5.488909553876566e-03
   5.500021929230527e-03   5.500021929230521e-03   5.500021929230522e-03
   5.500449053444594e-03   5.500449053444596e-03   5.500449053444591e-03
   5.280231094031344e-03   5.280231094031344e-03   5.280231094031339e-03

 Columns 10 through 12:

   5.488909553876569e-03   5.488909553876566e-03   5.488909553876567e-03
   5.500021929230523e-03   5.500021929230526e-03   5.500021929230528e-03
   5.500449053444596e-03   5.500449053444595e-03   5.500449053444600e-03
   5.280231094031345e-03   5.280231094031349e-03   5.280231094031347e-03

 Columns 13 through 15:

   5.488909553876566e-03   5.488909553876568e-03   5.488909553876567e-03
   5.500021929230526e-03   5.500021929230524e-03   5.500021929230527e-03
   5.500449053444597e-03   5.500449053444594e-03   5.500449053444596e-03
   5.280231094031348e-03   5.280231094031348e-03   5.280231094031350e-03

ans = 6.008639969585193e-21
ans = -5.135757628188611e-22
ans = -5.217441713678222e-22
ans = -5.285684114213847e-22
ans = -3.921973476843612e-21
ans = -7.293458256033183e-21
ans = -3.897881841503005e-21
ans = -5.204000028724235e-22
ans = -3.912564297375821e-21
ans = -3.913184682835236e-21
ans = -3.919802127735660e-21
ans = 2.866697810379087e-21
ans = -3.903775503367445e-21
ans = -5.336348926732720e-22
ans = -5.358062417812237e-22
nbcr = 15
lambda0 = 3.501084296647659
kmpl_prod = 0.180000000000000
 Time :      1.00000
 Time :      2.00000
 Time :      3.01000
 Time :      4.01000
 Time :      5.01000
 Time :      6.01000
 Time :      7.01000
 Time :      8.01000
 Time :      9.01000
 Time :     10.01000
 Time :     11.01000
 Time :     12.01000
 Time :     13.01000
 Time :     14.01000
 Time :     15.01000
 Time :     16.01000
 Time :     17.01000
 Time :     18.00000
 Time :     19.00000
 Time :     20.00000
 Time :     21.00000
 Time :     22.00000
 Time :     23.00000
 Time :     24.00000
 Time :     25.00000
 Time :     26.00000
 Time :     27.00000
 Time :     28.00000
 Time :     29.00000
 Time :     30.00000
 Time :     31.00000
 Time :     32.00000
 Time :     33.00000
 Time :     34.00000
 Time :     35.00000
dtime = 71.74150384962559
mbcr =

 Columns 1 through 3:

   3.279432181940982e-05   2.714808591759374e-05   4.384831651311678e-05

 Columns 4 and 5:

   4.660193881835985e-02   1.520304348178841e-02

agsout =

 Columns 1 through 3:

   5.022660418808790e-02   5.488909553876570e-03   5.488909553876567e-03
   5.025389399133469e-02   5.500021929230521e-03   5.500021929230537e-03
   5.021485584314262e-02   5.500449053444595e-03   5.500449053444603e-03
   1.030156638630538e-03   5.280231094031336e-03   5.280231094031341e-03
   2.256380829499875e-02   5.299214239076632e-03   5.299214239076626e-03

 Columns 4 through 6:

   5.488909553876566e-03   5.488909553876562e-03   5.488909553876571e-03
   5.500021929230529e-03   5.500021929230521e-03   5.500021929230526e-03
   5.500449053444593e-03   5.500449053444595e-03   5.500449053444598e-03
   5.280231094031342e-03   5.280231094031343e-03   5.280231094031348e-03
   5.299214239076634e-03   5.299214239076637e-03   5.299214239076627e-03

 Columns 7 through 9:

   5.488909553876562e-03   5.488909553876570e-03   5.488909553876566e-03
   5.500021929230527e-03   5.500021929230521e-03   5.500021929230522e-03
   5.500449053444594e-03   5.500449053444596e-03   5.500449053444591e-03
   5.280231094031344e-03   5.280231094031344e-03   5.280231094031339e-03
   5.299214239076632e-03   5.299214239076633e-03   5.299214239076627e-03

 Columns 10 through 12:

   5.488909553876569e-03   5.488909553876566e-03   5.488909553876567e-03
   5.500021929230523e-03   5.500021929230526e-03   5.500021929230528e-03
   5.500449053444596e-03   5.500449053444595e-03   5.500449053444600e-03
   5.280231094031345e-03   5.280231094031349e-03   5.280231094031347e-03
   5.299214239076632e-03   5.299214239076633e-03   5.299214239076633e-03

 Columns 13 through 15:

   5.488909553876566e-03   5.488909553876568e-03   5.488909553876567e-03
   5.500021929230526e-03   5.500021929230524e-03   5.500021929230527e-03
   5.500449053444597e-03   5.500449053444594e-03   5.500449053444596e-03
   5.280231094031348e-03   5.280231094031348e-03   5.280231094031350e-03
   5.299214239076634e-03   5.299214239076633e-03   5.299214239076635e-03

ans = 7.438421658383101e-21
ans = 7.879102129720727e-21
ans = 1.465743365928651e-20
ans = 7.881170081252109e-21
ans = 4.489522774631558e-21
ans = 7.879102129720727e-21
ans = 1.126723391873793e-20
ans = 7.877240973342483e-21
ans = 7.878998732144158e-21
ans = 1.126444218417056e-20
ans = 1.465991520112417e-20
ans = 1.126464897932370e-20
ans = 7.873622058162563e-21
ans = 1.126537276235968e-20
ans = 4.485076678839085e-21
nbcr = 15
lambda0 = 3.501084296647659
kmpl_prod = 0.180000000000000
 Time :      1.00000
 Time :      2.00000
 Time :      3.01000
 Time :      4.01000
 Time :      5.01000
 Time :      6.01000
 Time :      7.01000
 Time :      8.01000
 Time :      9.01000
 Time :     10.01000
 Time :     11.01000
 Time :     12.01000
 Time :     13.01000
 Time :     14.01000
 Time :     15.01000
 Time :     16.01000
 Time :     17.01000
 Time :     18.00000
 Time :     19.00000
 Time :     20.00000
 Time :     21.00000
 Time :     22.00000
 Time :     23.00000
 Time :     24.00000
 Time :     25.00000
 Time :     26.00000
 Time :     27.00000
 Time :     28.00000
 Time :     29.00000
 Time :     30.00000
 Time :     31.00000
 Time :     32.00000
 Time :     33.00000
 Time :     34.00000
 Time :     35.00000
dtime = 71.41387537121773
mbcr =

 Columns 1 through 3:

   3.279432181940982e-05   2.714808591759374e-05   4.384831651311678e-05

 Columns 4 through 6:

   4.660193881835985e-02   1.520304348178841e-02   1.268136228665745e-03

agsout =

 Columns 1 through 3:

   5.022660418808790e-02   5.488909553876570e-03   5.488909553876567e-03
   5.025389399133469e-02   5.500021929230521e-03   5.500021929230537e-03
   5.021485584314262e-02   5.500449053444595e-03   5.500449053444603e-03
   1.030156638630538e-03   5.280231094031336e-03   5.280231094031341e-03
   2.256380829499875e-02   5.299214239076632e-03   5.299214239076626e-03
   4.747581519111210e-02   5.480800420969955e-03   5.480800420969957e-03

 Columns 4 through 6:

   5.488909553876566e-03   5.488909553876562e-03   5.488909553876571e-03
   5.500021929230529e-03   5.500021929230521e-03   5.500021929230526e-03
   5.500449053444593e-03   5.500449053444595e-03   5.500449053444598e-03
   5.280231094031342e-03   5.280231094031343e-03   5.280231094031348e-03
   5.299214239076634e-03   5.299214239076637e-03   5.299214239076627e-03
   5.480800420969955e-03   5.480800420969959e-03   5.480800420969953e-03

 Columns 7 through 9:

   5.488909553876562e-03   5.488909553876570e-03   5.488909553876566e-03
   5.500021929230527e-03   5.500021929230521e-03   5.500021929230522e-03
   5.500449053444594e-03   5.500449053444596e-03   5.500449053444591e-03
   5.280231094031344e-03   5.280231094031344e-03   5.280231094031339e-03
   5.299214239076632e-03   5.299214239076633e-03   5.299214239076627e-03
   5.480800420969958e-03   5.480800420969961e-03   5.480800420969953e-03

 Columns 10 through 12:

   5.488909553876569e-03   5.488909553876566e-03   5.488909553876567e-03
   5.500021929230523e-03   5.500021929230526e-03   5.500021929230528e-03
   5.500449053444596e-03   5.500449053444595e-03   5.500449053444600e-03
   5.280231094031345e-03   5.280231094031349e-03   5.280231094031347e-03
   5.299214239076632e-03   5.299214239076633e-03   5.299214239076633e-03
   5.480800420969957e-03   5.480800420969958e-03   5.480800420969955e-03

 Columns 13 through 15:

   5.488909553876566e-03   5.488909553876568e-03   5.488909553876567e-03
   5.500021929230526e-03   5.500021929230524e-03   5.500021929230527e-03
   5.500449053444597e-03   5.500449053444594e-03   5.500449053444596e-03
   5.280231094031348e-03   5.280231094031348e-03   5.280231094031350e-03
   5.299214239076634e-03   5.299214239076633e-03   5.299214239076635e-03
   5.480800420969959e-03   5.480800420969957e-03   5.480800420969956e-03

ans = -2.091293534293050e-21
ans = -1.507743461531031e-21
ans = 1.881732495981569e-21
ans = 1.891762060908774e-21
ans = 5.253630865477417e-21
ans = -1.498024089333533e-21
ans = -1.498437679639810e-21
ans = -1.508260449413877e-21
ans = -4.886259275927304e-21
ans = -8.279974534079238e-21
ans = -1.496369728108427e-21
ans = -1.500609028747761e-21
ans = -1.506089100305925e-21
ans = -1.496369728108427e-21
ans = -1.501022619054038e-21
