warning: function /home/surgeon/flu/amcode/perelson21/1d2agt/4paper/2submit/run.m shadows a core library function
warning: called from
    driver at line 1 column 1

lambda0 = 3.501084296647659
kmpl_prod = 0.180000000000000
dkps =

 Columns 1 through 3:

   9.632541976928757e-01   1.112065743508960e+00   8.856931943844042e+00

 Columns 4 through 6:

   9.385598045790927e+01   1.087212558923437e+01   1.528595187873355e+01

nbcr = 2
lambda0 = 3.501084296647659
kmpl_prod = 0.180000000000000
 Time :      1.00000
 Time :      2.00000
 Time :      3.01000
 Time :      4.01000
 Time :      5.01000
 Time :      6.01000
 Time :      7.01000
 Time :      8.01000
 Time :      9.01000
 Time :     10.01000
 Time :     11.01000
 Time :     12.01000
 Time :     13.01000
 Time :     14.01000
 Time :     15.01000
 Time :     16.01000
 Time :     17.01000
 Time :     18.00000
 Time :     19.00000
 Time :     20.00000
 Time :     21.00000
 Time :     22.00000
 Time :     23.00000
 Time :     24.00000
 Time :     25.00000
 Time :     26.00000
 Time :     27.00000
 Time :     28.00000
 Time :     29.00000
 Time :     30.00000
 Time :     31.00000
 Time :     32.00000
 Time :     33.00000
 Time :     34.00000
 Time :     35.00000
dtime = 5.008975043892860
mbcr = 0.500000000000000
agsout =

   1.321377885238757e-02   1.321377885238757e-02

ans = 1.488067973036402e-20
ans = 6.174906503882619e-21
nbcr = 2
lambda0 = 3.501084296647659
kmpl_prod = 0.180000000000000
 Time :      1.00000
 Time :      2.00000
 Time :      3.01000
 Time :      4.01000
 Time :      5.01000
 Time :      6.01000
 Time :      7.01000
 Time :      8.01000
 Time :      9.01000
 Time :     10.01000
 Time :     11.01000
 Time :     12.01000
 Time :     13.01000
 Time :     14.01000
 Time :     15.01000
 Time :     16.01000
 Time :     17.01000
 Time :     18.00000
 Time :     19.00000
 Time :     20.00000
 Time :     21.00000
 Time :     22.00000
 Time :     23.00000
 Time :     24.00000
 Time :     25.00000
 Time :     26.00000
 Time :     27.00000
 Time :     28.00000
 Time :     29.00000
 Time :     30.00000
 Time :     31.00000
 Time :     32.00000
 Time :     33.00000
 Time :     34.00000
 Time :     35.00000
dtime = 5.121235549449921
mbcr =

   0.500000000000000   0.531981082834762

agsout =

   1.321377885238757e-02   1.321377885238757e-02
   1.256835945369822e-03   1.308362260109052e-02

ans = 8.017034496863944e-21
ans = -5.616740536168322e-21
nbcr = 2
lambda0 = 3.501084296647659
kmpl_prod = 0.180000000000000
 Time :      1.00000
 Time :      2.00000
 Time :      3.01000
 Time :      4.01000
 Time :      5.01000
 Time :      6.01000
 Time :      7.01000
 Time :      8.01000
 Time :      9.01000
 Time :     10.01000
 Time :     11.01000
 Time :     12.01000
 Time :     13.01000
 Time :     14.01000
 Time :     15.01000
 Time :     16.01000
 Time :     17.01000
 Time :     18.00000
 Time :     19.00000
 Time :     20.00000
 Time :     21.00000
 Time :     22.00000
 Time :     23.00000
 Time :     24.00000
 Time :     25.00000
 Time :     26.00000
 Time :     27.00000
 Time :     28.00000
 Time :     29.00000
 Time :     30.00000
 Time :     31.00000
 Time :     32.00000
 Time :     33.00000
 Time :     34.00000
 Time :     35.00000
dtime = 5.298754200339317
mbcr =

   0.500000000000000   0.531981082834762   0.527296122580994

agsout =

   1.321377885238757e-02   1.321377885238757e-02
   1.256835945369822e-03   1.308362260109052e-02
   4.183890515269297e-04   1.295399069619420e-02

ans = 1.030997915486094e-20
ans = 4.315394793340610e-21
nbcr = 2
lambda0 = 3.501084296647659
kmpl_prod = 0.180000000000000
 Time :      1.00000
 Time :      2.00000
 Time :      3.01000
 Time :      4.01000
 Time :      5.01000
 Time :      6.01000
 Time :      7.01000
 Time :      8.01000
 Time :      9.01000
 Time :     10.01000
 Time :     11.01000
 Time :     12.01000
 Time :     13.01000
 Time :     14.01000
 Time :     15.01000
 Time :     16.01000
 Time :     17.01000
 Time :     18.00000
 Time :     19.00000
 Time :     20.00000
 Time :     21.00000
 Time :     22.00000
 Time :     23.00000
 Time :     24.00000
 Time :     25.00000
 Time :     26.00000
 Time :     27.00000
 Time :     28.00000
 Time :     29.00000
 Time :     30.00000
 Time :     31.00000
 Time :     32.00000
 Time :     33.00000
 Time :     34.00000
 Time :     35.00000
dtime = 5.073529109358788
mbcr =

   0.500000000000000   0.531981082834762   0.527296122580994   0.529091952879677

agsout =

   1.321377885238757e-02   1.321377885238757e-02
   1.256835945369822e-03   1.308362260109052e-02
   4.183890515269297e-04   1.295399069619420e-02
   6.727823653984021e-04   1.301476531361284e-02

ans = 1.905824131322176e-21
ans = -6.084659806583377e-21
nbcr = 2
lambda0 = 3.501084296647659
kmpl_prod = 0.180000000000000
 Time :      1.00000
 Time :      2.00000
 Time :      3.01000
 Time :      4.01000
 Time :      5.01000
 Time :      6.01000
 Time :      7.01000
 Time :      8.01000
 Time :      9.01000
 Time :     10.01000
 Time :     11.01000
 Time :     12.01000
 Time :     13.01000
 Time :     14.01000
 Time :     15.01000
 Time :     16.01000
 Time :     17.01000
 Time :     18.00000
 Time :     19.00000
 Time :     20.00000
 Time :     21.00000
 Time :     22.00000
 Time :     23.00000
 Time :     24.00000
 Time :     25.00000
 Time :     26.00000
 Time :     27.00000
 Time :     28.00000
 Time :     29.00000
 Time :     30.00000
 Time :     31.00000
 Time :     32.00000
 Time :     33.00000
 Time :     34.00000
 Time :     35.00000
dtime = 5.020089447498322
mbcr =

 Columns 1 through 4:

   0.500000000000000   0.531981082834762   0.527296122580994   0.529091952879677

 Column 5:

   0.533874330286050

agsout =

   1.321377885238757e-02   1.321377885238757e-02
   1.256835945369822e-03   1.308362260109052e-02
   4.183890515269297e-04   1.295399069619420e-02
   6.727823653984021e-04   1.301476531361284e-02
   4.103696373144059e-03   1.321130459750553e-02

ans = 1.105268394735699e-21
ans = 1.240826171909521e-20
nbcr = 2
lambda0 = 3.501084296647659
kmpl_prod = 0.180000000000000
 Time :      1.00000
 Time :      2.00000
 Time :      3.01000
 Time :      4.01000
 Time :      5.01000
 Time :      6.01000
 Time :      7.01000
 Time :      8.01000
 Time :      9.01000
 Time :     10.01000
 Time :     11.01000
 Time :     12.01000
 Time :     13.01000
 Time :     14.01000
 Time :     15.01000
 Time :     16.01000
 Time :     17.01000
 Time :     18.00000
 Time :     19.00000
 Time :     20.00000
 Time :     21.00000
 Time :     22.00000
 Time :     23.00000
 Time :     24.00000
 Time :     25.00000
 Time :     26.00000
 Time :     27.00000
 Time :     28.00000
 Time :     29.00000
 Time :     30.00000
 Time :     31.00000
 Time :     32.00000
 Time :     33.00000
 Time :     34.00000
 Time :     35.00000
dtime = 5.061298236250877
mbcr =

 Columns 1 through 4:

   0.500000000000000   0.531981082834762   0.527296122580994   0.529091952879677

 Columns 5 and 6:

   0.533874330286050   0.542137186827055

agsout =

   1.321377885238757e-02   1.321377885238757e-02
   1.256835945369822e-03   1.308362260109052e-02
   4.183890515269297e-04   1.295399069619420e-02
   6.727823653984021e-04   1.301476531361284e-02
   4.103696373144059e-03   1.321130459750553e-02
   2.937467281446355e-03   1.318042367511914e-02

ans = 1.143597876369875e-20
ans = 1.850839238807274e-21
dkps =

 Columns 1 through 3:

   3.450080631528609e+00   3.641324015335200e+02   3.602487518837835e+02

 Columns 4 through 6:

   5.427220745496543e+00   2.216569272241959e+01   1.683042922168383e+01

nbcr = 3
lambda0 = 3.501084296647659
kmpl_prod = 0.180000000000000
 Time :      1.00000
 Time :      2.00000
 Time :      3.01000
 Time :      4.01000
 Time :      5.01000
 Time :      6.01000
 Time :      7.01000
 Time :      8.01000
 Time :      9.01000
 Time :     10.01000
 Time :     11.01000
 Time :     12.01000
 Time :     13.01000
 Time :     14.01000
 Time :     15.01000
 Time :     16.01000
 Time :     17.01000
 Time :     18.00000
 Time :     19.00000
 Time :     20.00000
 Time :     21.00000
 Time :     22.00000
 Time :     23.00000
 Time :     24.00000
 Time :     25.00000
 Time :     26.00000
 Time :     27.00000
 Time :     28.00000
 Time :     29.00000
 Time :     30.00000
 Time :     31.00000
 Time :     32.00000
 Time :     33.00000
 Time :     34.00000
 Time :     35.00000
dtime = 11.91042624413967
mbcr = 0.333333333333333
agsout =

   1.071449975371288e-02   1.071449975371288e-02   1.071449975371288e-02

ans = 3.604386204824400e-21
ans = -6.012116713097330e-22
ans = -5.993505149314887e-22
nbcr = 3
lambda0 = 3.501084296647659
kmpl_prod = 0.180000000000000
 Time :      1.00000
 Time :      2.00000
 Time :      3.01000
 Time :      4.01000
 Time :      5.01000
 Time :      6.01000
 Time :      7.01000
 Time :      8.01000
 Time :      9.01000
 Time :     10.01000
 Time :     11.01000
 Time :     12.01000
 Time :     13.01000
 Time :     14.01000
 Time :     15.01000
 Time :     16.01000
 Time :     17.01000
 Time :     18.00000
 Time :     19.00000
 Time :     20.00000
 Time :     21.00000
 Time :     22.00000
 Time :     23.00000
 Time :     24.00000
 Time :     25.00000
 Time :     26.00000
 Time :     27.00000
 Time :     28.00000
 Time :     29.00000
 Time :     30.00000
 Time :     31.00000
 Time :     32.00000
 Time :     33.00000
 Time :     34.00000
 Time :     35.00000
dtime = 12.45185360312462
mbcr =

   0.333333333333333   0.373567531117648

agsout =

   1.071449975371288e-02   1.071449975371288e-02   1.071449975371288e-02
   1.533357988411216e-03   1.070948672785993e-02   1.070948672785994e-02

ans = -2.192028623265523e-23
ans = -1.153238407915239e-21
ans = 2.235565465349662e-21
nbcr = 3
lambda0 = 3.501084296647659
kmpl_prod = 0.180000000000000
 Time :      1.00000
 Time :      2.00000
 Time :      3.01000
 Time :      4.01000
 Time :      5.01000
 Time :      6.01000
 Time :      7.01000
 Time :      8.01000
 Time :      9.01000
 Time :     10.01000
 Time :     11.01000
 Time :     12.01000
 Time :     13.01000
 Time :     14.01000
 Time :     15.01000
 Time :     16.01000
 Time :     17.01000
 Time :     18.00000
 Time :     19.00000
 Time :     20.00000
 Time :     21.00000
 Time :     22.00000
 Time :     23.00000
 Time :     24.00000
 Time :     25.00000
 Time :     26.00000
 Time :     27.00000
 Time :     28.00000
 Time :     29.00000
 Time :     30.00000
 Time :     31.00000
 Time :     32.00000
 Time :     33.00000
 Time :     34.00000
 Time :     35.00000
dtime = 11.15146838128567
mbcr =

   0.333333333333333   0.373567531117648   0.362750961893373

agsout =

   1.071449975371288e-02   1.071449975371288e-02   1.071449975371288e-02
   1.533357988411216e-03   1.070948672785993e-02   1.070948672785994e-02
   6.733511768830011e-03   1.077216773089232e-02   1.077216773089232e-02

ans = -3.701064554503669e-21
ans = -6.682656459496664e-21
ans = 9.450538498418341e-23
nbcr = 3
lambda0 = 3.501084296647659
kmpl_prod = 0.180000000000000
 Time :      1.00000
 Time :      2.00000
 Time :      3.01000
 Time :      4.01000
 Time :      5.01000
 Time :      6.01000
 Time :      7.01000
 Time :      8.01000
 Time :      9.01000
 Time :     10.01000
 Time :     11.01000
 Time :     12.01000
 Time :     13.01000
 Time :     14.01000
 Time :     15.01000
 Time :     16.01000
 Time :     17.01000
 Time :     18.00000
 Time :     19.00000
 Time :     20.00000
 Time :     21.00000
 Time :     22.00000
 Time :     23.00000
 Time :     24.00000
 Time :     25.00000
 Time :     26.00000
 Time :     27.00000
 Time :     28.00000
 Time :     29.00000
 Time :     30.00000
 Time :     31.00000
 Time :     32.00000
 Time :     33.00000
 Time :     34.00000
 Time :     35.00000
dtime = 11.87158115208149
mbcr =

   0.333333333333333   0.373567531117648   0.362750961893373   0.336491123426229

agsout =

   1.071449975371288e-02   1.071449975371288e-02   1.071449975371288e-02
   1.533357988411216e-03   1.070948672785993e-02   1.070948672785994e-02
   6.733511768830011e-03   1.077216773089232e-02   1.077216773089232e-02
   1.043711642687784e-02   1.078650533568602e-02   1.078650533568602e-02

ans = 2.950569400847989e-21
ans = 2.454529220780398e-22
ans = 7.020436955102400e-21
nbcr = 3
lambda0 = 3.501084296647659
kmpl_prod = 0.180000000000000
 Time :      1.00000
 Time :      2.00000
 Time :      3.01000
 Time :      4.01000
 Time :      5.01000
 Time :      6.01000
 Time :      7.01000
 Time :      8.01000
 Time :      9.01000
 Time :     10.01000
 Time :     11.01000
 Time :     12.01000
 Time :     13.01000
 Time :     14.01000
 Time :     15.01000
 Time :     16.01000
 Time :     17.01000
 Time :     18.00000
 Time :     19.00000
 Time :     20.00000
 Time :     21.00000
 Time :     22.00000
 Time :     23.00000
 Time :     24.00000
 Time :     25.00000
 Time :     26.00000
 Time :     27.00000
 Time :     28.00000
 Time :     29.00000
 Time :     30.00000
 Time :     31.00000
 Time :     32.00000
 Time :     33.00000
 Time :     34.00000
 Time :     35.00000
dtime = 12.59538531303406
mbcr =

 Columns 1 through 4:

   0.333333333333333   0.373567531117648   0.362750961893373   0.336491123426229

 Column 5:

   0.373334986782785

agsout =

   1.071449975371288e-02   1.071449975371288e-02   1.071449975371288e-02
   1.533357988411216e-03   1.070948672785993e-02   1.070948672785994e-02
   6.733511768830011e-03   1.077216773089232e-02   1.077216773089232e-02
   1.043711642687784e-02   1.078650533568602e-02   1.078650533568602e-02
   1.972712432213745e-03   1.072675917206487e-02   1.072675917206487e-02

ans = 4.461812224111031e-21
ans = -4.156401632319968e-21
ans = -7.545405838389471e-21
nbcr = 3
lambda0 = 3.501084296647659
kmpl_prod = 0.180000000000000
 Time :      1.00000
 Time :      2.00000
 Time :      3.01000
 Time :      4.01000
 Time :      5.01000
 Time :      6.01000
 Time :      7.01000
 Time :      8.01000
 Time :      9.01000
 Time :     10.01000
 Time :     11.01000
 Time :     12.01000
 Time :     13.01000
 Time :     14.01000
 Time :     15.01000
 Time :     16.01000
 Time :     17.01000
 Time :     18.00000
 Time :     19.00000
 Time :     20.00000
 Time :     21.00000
 Time :     22.00000
 Time :     23.00000
 Time :     24.00000
 Time :     25.00000
 Time :     26.00000
 Time :     27.00000
 Time :     28.00000
 Time :     29.00000
 Time :     30.00000
 Time :     31.00000
 Time :     32.00000
 Time :     33.00000
 Time :     34.00000
 Time :     35.00000
dtime = 11.14440746605396
mbcr =

 Columns 1 through 4:

   0.333333333333333   0.373567531117648   0.362750961893373   0.336491123426229

 Columns 5 and 6:

   0.373334986782785   0.378283628809428

agsout =

   1.071449975371288e-02   1.071449975371288e-02   1.071449975371288e-02
   1.533357988411216e-03   1.070948672785993e-02   1.070948672785994e-02
   6.733511768830011e-03   1.077216773089232e-02   1.077216773089232e-02
   1.043711642687784e-02   1.078650533568602e-02   1.078650533568602e-02
   1.972712432213745e-03   1.072675917206487e-02   1.072675917206487e-02
   1.943068657991573e-03   1.074087876996525e-02   1.074087876996525e-02

ans = 2.106829020172561e-21
ans = 1.678653193251265e-21
ans = 1.678879375450010e-21
dkps =

 Columns 1 through 3:

   6.024422065750919e+00   3.462402289049728e+03   9.548962655824205e+00

 Columns 4 through 6:

   2.662879854148168e+00   1.265256596000331e+01   7.486683135913918e+00

nbcr = 4
lambda0 = 3.501084296647659
kmpl_prod = 0.180000000000000
 Time :      1.00000
 Time :      2.00000
 Time :      3.01000
 Time :      4.01000
 Time :      5.01000
 Time :      6.01000
 Time :      7.01000
 Time :      8.01000
 Time :      9.01000
 Time :     10.01000
 Time :     11.01000
 Time :     12.01000
 Time :     13.01000
 Time :     14.01000
 Time :     15.01000
 Time :     16.01000
 Time :     17.01000
 Time :     18.00000
 Time :     19.00000
 Time :     20.00000
 Time :     21.00000
 Time :     22.00000
 Time :     23.00000
 Time :     24.00000
 Time :     25.00000
 Time :     26.00000
 Time :     27.00000
 Time :     28.00000
 Time :     29.00000
 Time :     30.00000
 Time :     31.00000
 Time :     32.00000
 Time :     33.00000
 Time :     34.00000
 Time :     35.00000
dtime = 18.17986518144608
mbcr = 0.250000000000000
agsout =

 Columns 1 through 3:

   9.250531836489721e-03   9.250531836489724e-03   9.250531836489724e-03

 Column 4:

   9.250531836489722e-03

ans = 2.395460123991016e-21
ans = 3.362915705031405e-21
ans = 3.363600713976176e-21
ans = -2.520315928872506e-23
nbcr = 4
lambda0 = 3.501084296647659
kmpl_prod = 0.180000000000000
 Time :      1.00000
 Time :      2.00000
 Time :      3.01000
 Time :      4.01000
 Time :      5.01000
 Time :      6.01000
 Time :      7.01000
 Time :      8.01000
 Time :      9.01000
 Time :     10.01000
 Time :     11.01000
 Time :     12.01000
 Time :     13.01000
 Time :     14.01000
 Time :     15.01000
 Time :     16.01000
 Time :     17.01000
 Time :     18.00000
 Time :     19.00000
 Time :     20.00000
 Time :     21.00000
 Time :     22.00000
 Time :     23.00000
 Time :     24.00000
 Time :     25.00000
 Time :     26.00000
 Time :     27.00000
 Time :     28.00000
 Time :     29.00000
 Time :     30.00000
 Time :     31.00000
 Time :     32.00000
 Time :     33.00000
 Time :     34.00000
 Time :     35.00000
dtime = 18.42858642339706
mbcr =

   0.250000000000000   0.289818280085791

agsout =

 Columns 1 through 3:

   9.250531836489721e-03   9.250531836489724e-03   9.250531836489724e-03
   1.545455717173964e-03   9.284923360494312e-03   9.284923360494310e-03

 Column 4:

   9.250531836489722e-03
   9.284923360494314e-03

ans = 1.407034221952700e-21
ans = 6.193928426797071e-21
ans = 6.194535887559415e-21
ans = 6.194122297253138e-21
nbcr = 4
lambda0 = 3.501084296647659
kmpl_prod = 0.180000000000000
 Time :      1.00000
 Time :      2.00000
 Time :      3.01000
 Time :      4.01000
 Time :      5.01000
 Time :      6.01000
 Time :      7.01000
 Time :      8.01000
 Time :      9.01000
 Time :     10.01000
 Time :     11.01000
 Time :     12.01000
 Time :     13.01000
 Time :     14.01000
 Time :     15.01000
 Time :     16.01000
 Time :     17.01000
 Time :     18.00000
 Time :     19.00000
 Time :     20.00000
 Time :     21.00000
 Time :     22.00000
 Time :     23.00000
 Time :     24.00000
 Time :     25.00000
 Time :     26.00000
 Time :     27.00000
 Time :     28.00000
 Time :     29.00000
 Time :     30.00000
 Time :     31.00000
 Time :     32.00000
 Time :     33.00000
 Time :     34.00000
 Time :     35.00000
dtime = 18.18253062665462
mbcr =

   0.250000000000000   0.289818280085791   0.249969227534365

agsout =

 Columns 1 through 3:

   9.250531836489721e-03   9.250531836489724e-03   9.250531836489724e-03
   1.545455717173964e-03   9.284923360494312e-03   9.284923360494310e-03
   9.312039819128110e-03   9.311404848663754e-03   9.311404848663754e-03

 Column 4:

   9.250531836489722e-03
   9.284923360494314e-03
   9.311404848663751e-03

ans = -2.799373063335513e-21
ans = 8.529175618307909e-21
ans = 8.528749103304561e-21
ans = 8.528749103304561e-21
nbcr = 4
lambda0 = 3.501084296647659
kmpl_prod = 0.180000000000000
 Time :      1.00000
 Time :      2.00000
 Time :      3.01000
 Time :      4.01000
 Time :      5.01000
 Time :      6.01000
 Time :      7.01000
 Time :      8.01000
 Time :      9.01000
 Time :     10.01000
 Time :     11.01000
 Time :     12.01000
 Time :     13.01000
 Time :     14.01000
 Time :     15.01000
 Time :     16.01000
 Time :     17.01000
 Time :     18.00000
 Time :     19.00000
 Time :     20.00000
 Time :     21.00000
 Time :     22.00000
 Time :     23.00000
 Time :     24.00000
 Time :     25.00000
 Time :     26.00000
 Time :     27.00000
 Time :     28.00000
 Time :     29.00000
 Time :     30.00000
 Time :     31.00000
 Time :     32.00000
 Time :     33.00000
 Time :     34.00000
 Time :     35.00000
dtime = 18.36619488894939
mbcr =

   0.250000000000000   0.289818280085791   0.249969227534365   0.288878813155965

agsout =

 Columns 1 through 3:

   9.250531836489721e-03   9.250531836489724e-03   9.250531836489724e-03
   1.545455717173964e-03   9.284923360494312e-03   9.284923360494310e-03
   9.312039819128110e-03   9.311404848663754e-03   9.311404848663754e-03
   2.143270236980907e-03   9.300584183937519e-03   9.300584183937513e-03

 Column 4:

   9.250531836489722e-03
   9.284923360494314e-03
   9.311404848663751e-03
   9.300584183937515e-03

ans = 2.969164808759093e-21
ans = 6.067990178535873e-21
ans = 2.679651594365533e-21
ans = 6.068817359148426e-21
nbcr = 4
lambda0 = 3.501084296647659
kmpl_prod = 0.180000000000000
 Time :      1.00000
 Time :      2.00000
 Time :      3.01000
 Time :      4.01000
 Time :      5.01000
 Time :      6.01000
 Time :      7.01000
 Time :      8.01000
 Time :      9.01000
 Time :     10.01000
 Time :     11.01000
 Time :     12.01000
 Time :     13.01000
 Time :     14.01000
 Time :     15.01000
 Time :     16.01000
 Time :     17.01000
 Time :     18.00000
 Time :     19.00000
 Time :     20.00000
 Time :     21.00000
 Time :     22.00000
 Time :     23.00000
 Time :     24.00000
 Time :     25.00000
 Time :     26.00000
 Time :     27.00000
 Time :     28.00000
 Time :     29.00000
 Time :     30.00000
 Time :     31.00000
 Time :     32.00000
 Time :     33.00000
 Time :     34.00000
 Time :     35.00000
dtime = 18.30707229673862
mbcr =

 Columns 1 through 4:

   0.250000000000000   0.289818280085791   0.249969227534365   0.288878813155965

 Column 5:

   0.293918877455985

agsout =

 Columns 1 through 3:

   9.250531836489721e-03   9.250531836489724e-03   9.250531836489724e-03
   1.545455717173964e-03   9.284923360494312e-03   9.284923360494310e-03
   9.312039819128110e-03   9.311404848663754e-03   9.311404848663754e-03
   2.143270236980907e-03   9.300584183937519e-03   9.300584183937513e-03
   5.206916868929835e-04   9.200030524034260e-03   9.200030524034262e-03

 Column 4:

   9.250531836489722e-03
   9.284923360494314e-03
   9.311404848663751e-03
   9.300584183937515e-03
   9.200030524034260e-03

ans = 1.041585827326772e-20
ans = 1.589527067188090e-20
ans = 1.928384190059852e-20
ans = 1.250713888286370e-20
nbcr = 4
lambda0 = 3.501084296647659
kmpl_prod = 0.180000000000000
 Time :      1.00000
 Time :      2.00000
 Time :      3.01000
 Time :      4.01000
 Time :      5.01000
 Time :      6.01000
 Time :      7.01000
 Time :      8.01000
 Time :      9.01000
 Time :     10.01000
 Time :     11.01000
 Time :     12.01000
 Time :     13.01000
 Time :     14.01000
 Time :     15.01000
 Time :     16.01000
 Time :     17.01000
 Time :     18.00000
 Time :     19.00000
 Time :     20.00000
 Time :     21.00000
 Time :     22.00000
 Time :     23.00000
 Time :     24.00000
 Time :     25.00000
 Time :     26.00000
 Time :     27.00000
 Time :     28.00000
 Time :     29.00000
 Time :     30.00000
 Time :     31.00000
 Time :     32.00000
 Time :     33.00000
 Time :     34.00000
 Time :     35.00000
dtime = 18.24377551674843
mbcr =

 Columns 1 through 4:

   0.250000000000000   0.289818280085791   0.249969227534365   0.288878813155965

 Columns 5 and 6:

   0.293918877455985   0.289530325921389

agsout =

 Columns 1 through 3:

   9.250531836489721e-03   9.250531836489724e-03   9.250531836489724e-03
   1.545455717173964e-03   9.284923360494312e-03   9.284923360494310e-03
   9.312039819128110e-03   9.311404848663754e-03   9.311404848663754e-03
   2.143270236980907e-03   9.300584183937519e-03   9.300584183937513e-03
   5.206916868929835e-04   9.200030524034260e-03   9.200030524034262e-03
   6.355550842409116e-04   9.214709329096073e-03   9.214709329096070e-03

 Column 4:

   9.250531836489722e-03
   9.284923360494314e-03
   9.311404848663751e-03
   9.300584183937515e-03
   9.200030524034260e-03
   9.214709329096071e-03

ans = 3.221041305281490e-21
ans = 3.436676951216407e-22
ans = 3.731657312471060e-21
ans = 3.428534392061588e-22
dkps =

 Columns 1 through 3:

   6.957104132135418e+00   3.985685913625516e+00   3.569300503484011e+00

 Columns 4 through 6:

   3.193878203775654e+01   2.124416475620713e+00   1.421981159146224e-01

nbcr = 5
lambda0 = 3.501084296647659
kmpl_prod = 0.180000000000000
 Time :      1.00000
 Time :      2.00000
 Time :      3.01000
 Time :      4.01000
 Time :      5.01000
 Time :      6.01000
 Time :      7.01000
 Time :      8.01000
 Time :      9.01000
 Time :     10.01000
 Time :     11.01000
 Time :     12.01000
 Time :     13.01000
 Time :     14.01000
 Time :     15.01000
 Time :     16.01000
 Time :     17.01000
 Time :     18.00000
 Time :     19.00000
 Time :     20.00000
 Time :     21.00000
 Time :     22.00000
 Time :     23.00000
 Time :     24.00000
 Time :     25.00000
 Time :     26.00000
 Time :     27.00000
 Time :     28.00000
 Time :     29.00000
 Time :     30.00000
 Time :     31.00000
 Time :     32.00000
 Time :     33.00000
 Time :     34.00000
 Time :     35.00000
dtime = 22.97232560813427
mbcr = 0.200000000000000
agsout =

 Columns 1 through 3:

   8.291247961309936e-03   8.291247961309929e-03   8.291247961309929e-03

 Columns 4 and 5:

   8.291247961309931e-03   8.291247961309931e-03

ans = -1.768004855278331e-21
ans = 9.887212313663913e-21
ans = 9.887212313663913e-21
ans = -2.772089027818334e-22
ans = 3.110948735629510e-21
nbcr = 5
lambda0 = 3.501084296647659
kmpl_prod = 0.180000000000000
 Time :      1.00000
 Time :      2.00000
 Time :      3.01000
 Time :      4.01000
 Time :      5.01000
 Time :      6.01000
 Time :      7.01000
 Time :      8.01000
 Time :      9.01000
 Time :     10.01000
 Time :     11.01000
 Time :     12.01000
 Time :     13.01000
 Time :     14.01000
 Time :     15.01000
 Time :     16.01000
 Time :     17.01000
 Time :     18.00000
 Time :     19.00000
 Time :     20.00000
 Time :     21.00000
 Time :     22.00000
 Time :     23.00000
 Time :     24.00000
 Time :     25.00000
 Time :     26.00000
 Time :     27.00000
 Time :     28.00000
 Time :     29.00000
 Time :     30.00000
 Time :     31.00000
 Time :     32.00000
 Time :     33.00000
 Time :     34.00000
 Time :     35.00000
dtime = 23.04410152137280
mbcr =

   0.200000000000000   0.239553212425316

agsout =

 Columns 1 through 3:

   8.291247961309936e-03   8.291247961309929e-03   8.291247961309929e-03
   1.295560821363263e-03   8.337143592352469e-03   8.337143592352473e-03

 Columns 4 and 5:

   8.291247961309931e-03   8.291247961309931e-03
   8.337143592352471e-03   8.337143592352473e-03

ans = -5.784060433277046e-21
ans = 7.174499344190401e-22
ans = 4.107287783449632e-21
ans = -2.668096915183933e-21
ans = 7.187165547320119e-22
nbcr = 5
lambda0 = 3.501084296647659
kmpl_prod = 0.180000000000000
 Time :      1.00000
 Time :      2.00000
 Time :      3.01000
 Time :      4.01000
 Time :      5.01000
 Time :      6.01000
 Time :      7.01000
 Time :      8.01000
 Time :      9.01000
 Time :     10.01000
 Time :     11.01000
 Time :     12.01000
 Time :     13.01000
 Time :     14.01000
 Time :     15.01000
 Time :     16.01000
 Time :     17.01000
 Time :     18.00000
 Time :     19.00000
 Time :     20.00000
 Time :     21.00000
 Time :     22.00000
 Time :     23.00000
 Time :     24.00000
 Time :     25.00000
 Time :     26.00000
 Time :     27.00000
 Time :     28.00000
 Time :     29.00000
 Time :     30.00000
 Time :     31.00000
 Time :     32.00000
 Time :     33.00000
 Time :     34.00000
 Time :     35.00000
dtime = 23.24518673121929
mbcr =

   0.200000000000000   0.239553212425316   0.246556645036098

agsout =

 Columns 1 through 3:

   8.291247961309936e-03   8.291247961309929e-03   8.291247961309929e-03
   1.295560821363263e-03   8.337143592352469e-03   8.337143592352473e-03
   4.254040049852710e-04   8.262465974808886e-03   8.262465974808888e-03

 Columns 4 and 5:

   8.291247961309931e-03   8.291247961309931e-03
   8.337143592352471e-03   8.337143592352473e-03
   8.262465974808885e-03   8.262465974808885e-03

ans = -7.768880313098036e-21
ans = 1.607392875949529e-21
ans = 1.610598200823172e-21
ans = 1.611632176588863e-21
ans = 8.386784230675148e-21
nbcr = 5
lambda0 = 3.501084296647659
kmpl_prod = 0.180000000000000
 Time :      1.00000
 Time :      2.00000
 Time :      3.01000
 Time :      4.01000
 Time :      5.01000
 Time :      6.01000
 Time :      7.01000
 Time :      8.01000
 Time :      9.01000
 Time :     10.01000
 Time :     11.01000
 Time :     12.01000
 Time :     13.01000
 Time :     14.01000
 Time :     15.01000
 Time :     16.01000
 Time :     17.01000
 Time :     18.00000
 Time :     19.00000
 Time :     20.00000
 Time :     21.00000
 Time :     22.00000
 Time :     23.00000
 Time :     24.00000
 Time :     25.00000
 Time :     26.00000
 Time :     27.00000
 Time :     28.00000
 Time :     29.00000
 Time :     30.00000
 Time :     31.00000
 Time :     32.00000
 Time :     33.00000
 Time :     34.00000
 Time :     35.00000
dtime = 23.53223003447056
mbcr =

   0.200000000000000   0.239553212425316   0.246556645036098   0.242188010521344

agsout =

 Columns 1 through 3:

   8.291247961309936e-03   8.291247961309929e-03   8.291247961309929e-03
   1.295560821363263e-03   8.337143592352469e-03   8.337143592352473e-03
   4.254040049852710e-04   8.262465974808886e-03   8.262465974808888e-03
   2.196670356804539e-04   8.213073053778197e-03   8.213073053778198e-03

 Columns 4 and 5:

   8.291247961309931e-03   8.291247961309931e-03
   8.337143592352471e-03   8.337143592352473e-03
   8.262465974808885e-03   8.262465974808885e-03
   8.213073053778198e-03   8.213073053778207e-03

ans = 3.838118042246048e-21
ans = 1.335638195331717e-21
ans = 4.725140002238459e-21
ans = 1.335224605025440e-21
ans = 1.333932135318326e-21
nbcr = 5
lambda0 = 3.501084296647659
kmpl_prod = 0.180000000000000
 Time :      1.00000
 Time :      2.00000
 Time :      3.01000
 Time :      4.01000
 Time :      5.01000
 Time :      6.01000
 Time :      7.01000
 Time :      8.01000
 Time :      9.01000
 Time :     10.01000
 Time :     11.01000
 Time :     12.01000
 Time :     13.01000
 Time :     14.01000
 Time :     15.01000
 Time :     16.01000
 Time :     17.01000
 Time :     18.00000
 Time :     19.00000
 Time :     20.00000
 Time :     21.00000
 Time :     22.00000
 Time :     23.00000
 Time :     24.00000
 Time :     25.00000
 Time :     26.00000
 Time :     27.00000
 Time :     28.00000
 Time :     29.00000
 Time :     30.00000
 Time :     31.00000
 Time :     32.00000
 Time :     33.00000
 Time :     34.00000
 Time :     35.00000
dtime = 23.21299016475677
mbcr =

 Columns 1 through 4:

   0.200000000000000   0.239553212425316   0.246556645036098   0.242188010521344

 Column 5:

   0.235644183806846

agsout =

 Columns 1 through 3:

   8.291247961309936e-03   8.291247961309929e-03   8.291247961309929e-03
   1.295560821363263e-03   8.337143592352469e-03   8.337143592352473e-03
   4.254040049852710e-04   8.262465974808886e-03   8.262465974808888e-03
   2.196670356804539e-04   8.213073053778197e-03   8.213073053778198e-03
   7.546254670910279e-04   8.282937864177267e-03   8.282937864177263e-03

 Columns 4 and 5:

   8.291247961309931e-03   8.291247961309931e-03
   8.337143592352471e-03   8.337143592352473e-03
   8.262465974808885e-03   8.262465974808885e-03
   8.213073053778198e-03   8.213073053778207e-03
   8.282937864177265e-03   8.282937864177267e-03

ans = 3.642903417683534e-21
ans = -6.584073332586535e-21
ans = -3.199948199661388e-21
ans = -6.585882790176495e-21
ans = -6.587640548978170e-21
nbcr = 5
lambda0 = 3.501084296647659
kmpl_prod = 0.180000000000000
 Time :      1.00000
 Time :      2.00000
 Time :      3.01000
 Time :      4.01000
 Time :      5.01000
 Time :      6.01000
 Time :      7.01000
 Time :      8.01000
 Time :      9.01000
 Time :     10.01000
 Time :     11.01000
 Time :     12.01000
 Time :     13.01000
 Time :     14.01000
 Time :     15.01000
 Time :     16.01000
 Time :     17.01000
 Time :     18.00000
 Time :     19.00000
 Time :     20.00000
 Time :     21.00000
 Time :     22.00000
 Time :     23.00000
 Time :     24.00000
 Time :     25.00000
 Time :     26.00000
 Time :     27.00000
 Time :     28.00000
 Time :     29.00000
 Time :     30.00000
 Time :     31.00000
 Time :     32.00000
 Time :     33.00000
 Time :     34.00000
 Time :     35.00000
dtime = 23.25057797133923
mbcr =

 Columns 1 through 4:

   0.200000000000000   0.239553212425316   0.246556645036098   0.242188010521344

 Columns 5 and 6:

   0.235644183806846   0.240266714131685

agsout =

 Columns 1 through 3:

   8.291247961309936e-03   8.291247961309929e-03   8.291247961309929e-03
   1.295560821363263e-03   8.337143592352469e-03   8.337143592352473e-03
   4.254040049852710e-04   8.262465974808886e-03   8.262465974808888e-03
   2.196670356804539e-04   8.213073053778197e-03   8.213073053778198e-03
   7.546254670910279e-04   8.282937864177267e-03   8.282937864177263e-03
   3.522920741919978e-04   8.211566432965136e-03   8.211566432965136e-03

 Columns 4 and 5:

   8.291247961309931e-03   8.291247961309931e-03
   8.337143592352471e-03   8.337143592352473e-03
   8.262465974808885e-03   8.262465974808885e-03
   8.213073053778198e-03   8.213073053778207e-03
   8.282937864177265e-03   8.282937864177267e-03
   8.211566432965136e-03   8.211566432965134e-03

ans = -1.799945012915388e-21
ans = 3.162673373308217e-21
ans = 3.167041920918262e-21
ans = -3.613590204726186e-21
ans = 3.161820343301521e-21
dkps =

 Columns 1 through 3:

   7.738744872221872e-01   2.054132682452839e+02   1.182476786140778e+01

 Columns 4 through 6:

   8.086066640312339e+01   1.492948516381194e+01   3.289288684577195e+01

nbcr = 7
lambda0 = 3.501084296647659
kmpl_prod = 0.180000000000000
 Time :      1.00000
 Time :      2.00000
 Time :      3.01000
 Time :      4.01000
 Time :      5.01000
 Time :      6.01000
 Time :      7.01000
 Time :      8.01000
 Time :      9.01000
 Time :     10.01000
 Time :     11.01000
 Time :     12.01000
 Time :     13.01000
 Time :     14.01000
 Time :     15.01000
 Time :     16.01000
 Time :     17.01000
 Time :     18.00000
 Time :     19.00000
 Time :     20.00000
 Time :     21.00000
 Time :     22.00000
 Time :     23.00000
 Time :     24.00000
 Time :     25.00000
 Time :     26.00000
 Time :     27.00000
 Time :     28.00000
 Time :     29.00000
 Time :     30.00000
 Time :     31.00000
 Time :     32.00000
 Time :     33.00000
 Time :     34.00000
 Time :     35.00000
dtime = 32.31657184660435
mbcr = 0.142857142857143
agsout =

 Columns 1 through 3:

   7.111159764089462e-03   7.111159764089466e-03   7.111159764089465e-03

 Columns 4 through 6:

   7.111159764089462e-03   7.111159764089463e-03   7.111159764089464e-03

 Column 7:

   7.111159764089462e-03

ans = 6.882401190382613e-24
ans = 1.101579686191595e-20
ans = 4.243953530279878e-21
ans = 4.239119693575271e-21
ans = 4.239533283881547e-21
ans = 7.627716771687033e-21
ans = 4.241730482383641e-21
nbcr = 7
lambda0 = 3.501084296647659
kmpl_prod = 0.180000000000000
 Time :      1.00000
 Time :      2.00000
 Time :      3.01000
 Time :      4.01000
 Time :      5.01000
 Time :      6.01000
 Time :      7.01000
 Time :      8.01000
 Time :      9.01000
 Time :     10.01000
 Time :     11.01000
 Time :     12.01000
 Time :     13.01000
 Time :     14.01000
 Time :     15.01000
 Time :     16.01000
 Time :     17.01000
 Time :     18.00000
 Time :     19.00000
 Time :     20.00000
 Time :     21.00000
 Time :     22.00000
 Time :     23.00000
 Time :     24.00000
 Time :     25.00000
 Time :     26.00000
 Time :     27.00000
 Time :     28.00000
 Time :     29.00000
 Time :     30.00000
 Time :     31.00000
 Time :     32.00000
 Time :     33.00000
 Time :     34.00000
 Time :     35.00000
dtime = 32.90880359709263
mbcr =

   0.142857142857143   0.185208763008243

agsout =

 Columns 1 through 3:

   7.111159764089462e-03   7.111159764089466e-03   7.111159764089465e-03
   2.500347684220197e-04   7.085045161744037e-03   7.085045161744036e-03

 Columns 4 through 6:

   7.111159764089462e-03   7.111159764089463e-03   7.111159764089464e-03
   7.085045161744040e-03   7.085045161744037e-03   7.085045161744036e-03

 Column 7:

   7.111159764089462e-03
   7.085045161744036e-03

ans = 7.755645423297187e-21
ans = 1.352647096677339e-21
ans = 1.348201000884866e-21
ans = -5.427028601383845e-21
ans = 1.352130108794493e-21
ans = 1.350424048781102e-21
ans = -2.033261644443627e-21
nbcr = 7
lambda0 = 3.501084296647659
kmpl_prod = 0.180000000000000
 Time :      1.00000
 Time :      2.00000
 Time :      3.01000
 Time :      4.01000
 Time :      5.01000
 Time :      6.01000
 Time :      7.01000
 Time :      8.01000
 Time :      9.01000
 Time :     10.01000
 Time :     11.01000
 Time :     12.01000
 Time :     13.01000
 Time :     14.01000
 Time :     15.01000
 Time :     16.01000
 Time :     17.01000
 Time :     18.00000
 Time :     19.00000
 Time :     20.00000
 Time :     21.00000
 Time :     22.00000
 Time :     23.00000
 Time :     24.00000
 Time :     25.00000
 Time :     26.00000
 Time :     27.00000
 Time :     28.00000
 Time :     29.00000
 Time :     30.00000
 Time :     31.00000
 Time :     32.00000
 Time :     33.00000
 Time :     34.00000
 Time :     35.00000
dtime = 32.67737254500389
mbcr =

   0.142857142857143   0.185208763008243   0.168362931327989

agsout =

 Columns 1 through 3:

   7.111159764089462e-03   7.111159764089466e-03   7.111159764089465e-03
   2.500347684220197e-04   7.085045161744037e-03   7.085045161744036e-03
   2.308017273430908e-03   7.183325309618781e-03   7.183325309618783e-03

 Columns 4 through 6:

   7.111159764089462e-03   7.111159764089463e-03   7.111159764089464e-03
   7.085045161744040e-03   7.085045161744037e-03   7.085045161744036e-03
   7.183325309618778e-03   7.183325309618780e-03   7.183325309618778e-03

 Column 7:

   7.111159764089462e-03
   7.085045161744036e-03
   7.183325309618778e-03

ans = -5.507471915954627e-21
ans = -1.589841137326919e-21
ans = 1.798342350478567e-21
ans = 5.185466013124219e-21
ans = -1.591573046734452e-21
ans = 5.182441634009572e-21
ans = -1.591547197340310e-21
nbcr = 7
lambda0 = 3.501084296647659
kmpl_prod = 0.180000000000000
 Time :      1.00000
 Time :      2.00000
 Time :      3.01000
 Time :      4.01000
 Time :      5.01000
 Time :      6.01000
 Time :      7.01000
 Time :      8.01000
 Time :      9.01000
 Time :     10.01000
 Time :     11.01000
 Time :     12.01000
 Time :     13.01000
 Time :     14.01000
 Time :     15.01000
 Time :     16.01000
 Time :     17.01000
 Time :     18.00000
 Time :     19.00000
 Time :     20.00000
 Time :     21.00000
 Time :     22.00000
 Time :     23.00000
 Time :     24.00000
 Time :     25.00000
 Time :     26.00000
 Time :     27.00000
 Time :     28.00000
 Time :     29.00000
 Time :     30.00000
 Time :     31.00000
 Time :     32.00000
 Time :     33.00000
 Time :     34.00000
 Time :     35.00000
dtime = 32.46163241565228
mbcr =

   0.142857142857143   0.185208763008243   0.168362931327989   0.185678222684225

agsout =

 Columns 1 through 3:

   7.111159764089462e-03   7.111159764089466e-03   7.111159764089465e-03
   2.500347684220197e-04   7.085045161744037e-03   7.085045161744036e-03
   2.308017273430908e-03   7.183325309618781e-03   7.183325309618783e-03
   9.186617014272604e-04   7.176273427398033e-03   7.176273427398038e-03

 Columns 4 through 6:

   7.111159764089462e-03   7.111159764089463e-03   7.111159764089464e-03
   7.085045161744040e-03   7.085045161744037e-03   7.085045161744036e-03
   7.183325309618778e-03   7.183325309618780e-03   7.183325309618778e-03
   7.176273427398040e-03   7.176273427398041e-03   7.176273427398040e-03

 Column 7:

   7.111159764089462e-03
   7.085045161744036e-03
   7.183325309618778e-03
   7.176273427398042e-03

ans = 8.625839427702973e-21
ans = 3.067211560740769e-21
ans = -7.092453367182798e-21
ans = -7.092763559912505e-21
ans = -7.093900933254765e-21
ans = -7.096796065398701e-21
ans = -3.705691596055137e-21
nbcr = 7
lambda0 = 3.501084296647659
kmpl_prod = 0.180000000000000
 Time :      1.00000
 Time :      2.00000
 Time :      3.01000
 Time :      4.01000
 Time :      5.01000
 Time :      6.01000
 Time :      7.01000
 Time :      8.01000
 Time :      9.01000
 Time :     10.01000
 Time :     11.01000
 Time :     12.01000
 Time :     13.01000
 Time :     14.01000
 Time :     15.01000
 Time :     16.01000
 Time :     17.01000
 Time :     18.00000
 Time :     19.00000
 Time :     20.00000
 Time :     21.00000
 Time :     22.00000
 Time :     23.00000
 Time :     24.00000
 Time :     25.00000
 Time :     26.00000
 Time :     27.00000
 Time :     28.00000
 Time :     29.00000
 Time :     30.00000
 Time :     31.00000
 Time :     32.00000
 Time :     33.00000
 Time :     34.00000
 Time :     35.00000
dtime = 32.17757642269135
mbcr =

 Columns 1 through 4:

   0.142857142857143   0.185208763008243   0.168362931327989   0.185678222684225

 Column 5:

   0.179353302248207

agsout =

 Columns 1 through 3:

   7.111159764089462e-03   7.111159764089466e-03   7.111159764089465e-03
   2.500347684220197e-04   7.085045161744037e-03   7.085045161744036e-03
   2.308017273430908e-03   7.183325309618781e-03   7.183325309618783e-03
   9.186617014272604e-04   7.176273427398033e-03   7.176273427398038e-03
   1.535239129168688e-03   7.194030564567548e-03   7.194030564567548e-03

 Columns 4 through 6:

   7.111159764089462e-03   7.111159764089463e-03   7.111159764089464e-03
   7.085045161744040e-03   7.085045161744037e-03   7.085045161744036e-03
   7.183325309618778e-03   7.183325309618780e-03   7.183325309618778e-03
   7.176273427398040e-03   7.176273427398041e-03   7.176273427398040e-03
   7.194030564567544e-03   7.194030564567543e-03   7.194030564567548e-03

 Column 7:

   7.111159764089462e-03
   7.085045161744036e-03
   7.183325309618778e-03
   7.176273427398042e-03
   7.194030564567549e-03

ans = 5.328283915760328e-21
ans = 3.921818380478758e-21
ans = 3.919595332582522e-21
ans = 3.922645561091311e-21
ans = 7.312121518603911e-21
ans = 1.069234339301357e-20
ans = 1.069883159094329e-20
nbcr = 7
lambda0 = 3.501084296647659
kmpl_prod = 0.180000000000000
 Time :      1.00000
 Time :      2.00000
 Time :      3.01000
 Time :      4.01000
 Time :      5.01000
 Time :      6.01000
 Time :      7.01000
 Time :      8.01000
 Time :      9.01000
 Time :     10.01000
 Time :     11.01000
 Time :     12.01000
 Time :     13.01000
 Time :     14.01000
 Time :     15.01000
 Time :     16.01000
 Time :     17.01000
 Time :     18.00000
 Time :     19.00000
 Time :     20.00000
 Time :     21.00000
 Time :     22.00000
 Time :     23.00000
 Time :     24.00000
 Time :     25.00000
 Time :     26.00000
 Time :     27.00000
 Time :     28.00000
 Time :     29.00000
 Time :     30.00000
 Time :     31.00000
 Time :     32.00000
 Time :     33.00000
 Time :     34.00000
 Time :     35.00000
dtime = 32.10432194173336
mbcr =

 Columns 1 through 4:

   0.142857142857143   0.185208763008243   0.168362931327989   0.185678222684225

 Columns 5 and 6:

   0.179353302248207   0.185042014789279

agsout =

 Columns 1 through 3:

   7.111159764089462e-03   7.111159764089466e-03   7.111159764089465e-03
   2.500347684220197e-04   7.085045161744037e-03   7.085045161744036e-03
   2.308017273430908e-03   7.183325309618781e-03   7.183325309618783e-03
   9.186617014272604e-04   7.176273427398033e-03   7.176273427398038e-03
   1.535239129168688e-03   7.194030564567548e-03   7.194030564567548e-03
   8.181543127320508e-04   7.161692005800310e-03   7.161692005800313e-03

 Columns 4 through 6:

   7.111159764089462e-03   7.111159764089463e-03   7.111159764089464e-03
   7.085045161744040e-03   7.085045161744037e-03   7.085045161744036e-03
   7.183325309618778e-03   7.183325309618780e-03   7.183325309618778e-03
   7.176273427398040e-03   7.176273427398041e-03   7.176273427398040e-03
   7.194030564567544e-03   7.194030564567543e-03   7.194030564567548e-03
   7.161692005800312e-03   7.161692005800313e-03   7.161692005800314e-03

 Column 7:

   7.111159764089462e-03
   7.085045161744036e-03
   7.183325309618778e-03
   7.176273427398042e-03
   7.194030564567549e-03
   7.161692005800314e-03

ans = -9.552281713762364e-21
ans = -3.619070276284350e-21
ans = -1.039579914341331e-20
ans = -3.620311047203179e-21
ans = -7.005340908923307e-21
ans = -1.039525630613633e-20
ans = -7.006219788324144e-21
dkps =

 Columns 1 through 3:

   1.595400525691111e+00   4.934329543927879e+00   2.160511845854672e+01

 Columns 4 through 6:

   5.820361492308062e+00   2.868608486970359e+01   1.197114075497163e+00

nbcr = 10
lambda0 = 3.501084296647659
kmpl_prod = 0.180000000000000
 Time :      1.00000
 Time :      2.00000
 Time :      3.01000
 Time :      4.01000
 Time :      5.01000
 Time :      6.01000
 Time :      7.01000
 Time :      8.01000
 Time :      9.01000
 Time :     10.01000
 Time :     11.01000
 Time :     12.01000
 Time :     13.01000
 Time :     14.01000
 Time :     15.01000
 Time :     16.01000
 Time :     17.01000
 Time :     18.00000
 Time :     19.00000
 Time :     20.00000
 Time :     21.00000
 Time :     22.00000
 Time :     23.00000
 Time :     24.00000
 Time :     25.00000
 Time :     26.00000
 Time :     27.00000
 Time :     28.00000
 Time :     29.00000
 Time :     30.00000
 Time :     31.00000
 Time :     32.00000
 Time :     33.00000
 Time :     34.00000
 Time :     35.00000
dtime = 47.13546149432659
mbcr = 0.100000000000000
agsout =

 Columns 1 through 3:

   6.159882263248384e-03   6.159882263248383e-03   6.159882263248378e-03

 Columns 4 through 6:

   6.159882263248376e-03   6.159882263248379e-03   6.159882263248380e-03

 Columns 7 through 9:

   6.159882263248376e-03   6.159882263248376e-03   6.159882263248376e-03

 Column 10:

   6.159882263248376e-03

ans = 6.782170164595914e-21
ans = -8.276976004358733e-23
ans = 6.688685830680351e-21
ans = -3.473072898168740e-21
ans = 3.304379751996207e-21
ans = -3.474778958182131e-21
ans = 6.693338721625962e-21
ans = -8.566489218752293e-23
ans = -8.499280793982359e-23
ans = 3.301381222275703e-21
nbcr = 10
lambda0 = 3.501084296647659
kmpl_prod = 0.180000000000000
 Time :      1.00000
 Time :      2.00000
 Time :      3.01000
 Time :      4.01000
 Time :      5.01000
 Time :      6.01000
 Time :      7.01000
 Time :      8.01000
 Time :      9.01000
 Time :     10.01000
 Time :     11.01000
 Time :     12.01000
 Time :     13.01000
 Time :     14.01000
 Time :     15.01000
 Time :     16.01000
 Time :     17.01000
 Time :     18.00000
 Time :     19.00000
 Time :     20.00000
 Time :     21.00000
 Time :     22.00000
 Time :     23.00000
 Time :     24.00000
 Time :     25.00000
 Time :     26.00000
 Time :     27.00000
 Time :     28.00000
 Time :     29.00000
 Time :     30.00000
 Time :     31.00000
 Time :     32.00000
 Time :     33.00000
 Time :     34.00000
 Time :     35.00000
dtime = 47.29250147938728
mbcr =

   0.100000000000000   0.141465988610029

agsout =

 Columns 1 through 3:

   6.159882263248384e-03   6.159882263248383e-03   6.159882263248378e-03
   2.720888840303047e-04   6.162740776129205e-03   6.162740776129199e-03

 Columns 4 through 6:

   6.159882263248376e-03   6.159882263248379e-03   6.159882263248380e-03
   6.162740776129218e-03   6.162740776129195e-03   6.162740776129202e-03

 Columns 7 through 9:

   6.159882263248376e-03   6.159882263248376e-03   6.159882263248376e-03
   6.162740776129197e-03   6.162740776129199e-03   6.162740776129200e-03

 Column 10:

   6.159882263248376e-03
   6.162740776129202e-03

ans = 4.499862532288471e-22
ans = 5.343276564362851e-21
ans = 8.723136547254522e-21
ans = 1.951836052895438e-21
ans = 8.728099630929841e-21
ans = 5.333195300647361e-21
ans = 5.332109626093386e-21
ans = 1.949974896517194e-21
ans = 5.334591167931045e-21
ans = 5.340174637065778e-21
nbcr = 10
lambda0 = 3.501084296647659
kmpl_prod = 0.180000000000000
 Time :      1.00000
 Time :      2.00000
 Time :      3.01000
 Time :      4.01000
 Time :      5.01000
 Time :      6.01000
 Time :      7.01000
 Time :      8.01000
 Time :      9.01000
 Time :     10.01000
 Time :     11.01000
 Time :     12.01000
 Time :     13.01000
 Time :     14.01000
 Time :     15.01000
 Time :     16.01000
 Time :     17.01000
 Time :     18.00000
 Time :     19.00000
 Time :     20.00000
 Time :     21.00000
 Time :     22.00000
 Time :     23.00000
 Time :     24.00000
 Time :     25.00000
 Time :     26.00000
 Time :     27.00000
 Time :     28.00000
 Time :     29.00000
 Time :     30.00000
 Time :     31.00000
 Time :     32.00000
 Time :     33.00000
 Time :     34.00000
 Time :     35.00000
dtime = 47.45576754212379
mbcr =

   0.100000000000000   0.141465988610029   0.144013956649535

agsout =

 Columns 1 through 3:

   6.159882263248384e-03   6.159882263248383e-03   6.159882263248378e-03
   2.720888840303047e-04   6.162740776129205e-03   6.162740776129199e-03
   1.907699269049041e-04   6.123903012465065e-03   6.123903012465055e-03

 Columns 4 through 6:

   6.159882263248376e-03   6.159882263248379e-03   6.159882263248380e-03
   6.162740776129218e-03   6.162740776129195e-03   6.162740776129202e-03
   6.123903012465052e-03   6.123903012465053e-03   6.123903012465057e-03

 Columns 7 through 9:

   6.159882263248376e-03   6.159882263248376e-03   6.159882263248376e-03
   6.162740776129197e-03   6.162740776129199e-03   6.162740776129200e-03
   6.123903012465059e-03   6.123903012465060e-03   6.123903012465058e-03

 Column 10:

   6.159882263248376e-03
   6.162740776129202e-03
   6.123903012465062e-03

ans = 9.105604182983729e-21
ans = 1.667198034237113e-20
ans = 1.328741576974556e-20
ans = 6.505878915306132e-21
ans = 1.328312477031794e-20
ans = 1.328405534850706e-20
ans = 9.910657714150963e-21
ans = 9.907348991700751e-21
ans = 9.895665065548439e-21
ans = 3.112370452307336e-21
nbcr = 10
lambda0 = 3.501084296647659
kmpl_prod = 0.180000000000000
 Time :      1.00000
 Time :      2.00000
 Time :      3.01000
 Time :      4.01000
 Time :      5.01000
 Time :      6.01000
 Time :      7.01000
 Time :      8.01000
 Time :      9.01000
 Time :     10.01000
 Time :     11.01000
 Time :     12.01000
 Time :     13.01000
 Time :     14.01000
 Time :     15.01000
 Time :     16.01000
 Time :     17.01000
 Time :     18.00000
 Time :     19.00000
 Time :     20.00000
 Time :     21.00000
 Time :     22.00000
 Time :     23.00000
 Time :     24.00000
 Time :     25.00000
 Time :     26.00000
 Time :     27.00000
 Time :     28.00000
 Time :     29.00000
 Time :     30.00000
 Time :     31.00000
 Time :     32.00000
 Time :     33.00000
 Time :     34.00000
 Time :     35.00000
dtime = 46.81163504719734
mbcr =

   0.100000000000000   0.141465988610029   0.144013956649535   0.136998340470610

agsout =

 Columns 1 through 3:

   6.159882263248384e-03   6.159882263248383e-03   6.159882263248378e-03
   2.720888840303047e-04   6.162740776129205e-03   6.162740776129199e-03
   1.907699269049041e-04   6.123903012465065e-03   6.123903012465055e-03
   4.814619334704827e-04   6.167215976093889e-03   6.167215976093887e-03

 Columns 4 through 6:

   6.159882263248376e-03   6.159882263248379e-03   6.159882263248380e-03
   6.162740776129218e-03   6.162740776129195e-03   6.162740776129202e-03
   6.123903012465052e-03   6.123903012465053e-03   6.123903012465057e-03
   6.167215976093889e-03   6.167215976093886e-03   6.167215976093885e-03

 Columns 7 through 9:

   6.159882263248376e-03   6.159882263248376e-03   6.159882263248376e-03
   6.162740776129197e-03   6.162740776129199e-03   6.162740776129200e-03
   6.123903012465059e-03   6.123903012465060e-03   6.123903012465058e-03
   6.167215976093888e-03   6.167215976093887e-03   6.167215976093886e-03

 Column 10:

   6.159882263248376e-03
   6.162740776129202e-03
   6.123903012465062e-03
   6.167215976093886e-03

ans = -1.460800961768647e-21
ans = 2.141984196206065e-21
ans = 2.142707979242049e-21
ans = 2.133505594927397e-21
ans = 2.145086123503139e-21
ans = 5.536888526488544e-21
ans = 8.919074954853021e-21
ans = 2.141622304688073e-21
ans = 2.139864545886398e-21
ans = 2.141880798629496e-21
nbcr = 10
lambda0 = 3.501084296647659
kmpl_prod = 0.180000000000000
 Time :      1.00000
 Time :      2.00000
 Time :      3.01000
 Time :      4.01000
 Time :      5.01000
 Time :      6.01000
 Time :      7.01000
 Time :      8.01000
 Time :      9.01000
 Time :     10.01000
 Time :     11.01000
 Time :     12.01000
 Time :     13.01000
 Time :     14.01000
 Time :     15.01000
 Time :     16.01000
 Time :     17.01000
 Time :     18.00000
 Time :     19.00000
 Time :     20.00000
 Time :     21.00000
 Time :     22.00000
 Time :     23.00000
 Time :     24.00000
 Time :     25.00000
 Time :     26.00000
 Time :     27.00000
 Time :     28.00000
 Time :     29.00000
 Time :     30.00000
 Time :     31.00000
 Time :     32.00000
 Time :     33.00000
 Time :     34.00000
 Time :     35.00000
dtime = 47.08559252321720
mbcr =

 Columns 1 through 4:

   0.100000000000000   0.141465988610029   0.144013956649535   0.136998340470610

 Column 5:

   0.143995570243431

agsout =

 Columns 1 through 3:

   6.159882263248384e-03   6.159882263248383e-03   6.159882263248378e-03
   2.720888840303047e-04   6.162740776129205e-03   6.162740776129199e-03
   1.907699269049041e-04   6.123903012465065e-03   6.123903012465055e-03
   4.814619334704827e-04   6.167215976093889e-03   6.167215976093887e-03
   3.137195927544752e-04   6.150325137935030e-03   6.150325137935027e-03

 Columns 4 through 6:

   6.159882263248376e-03   6.159882263248379e-03   6.159882263248380e-03
   6.162740776129218e-03   6.162740776129195e-03   6.162740776129202e-03
   6.123903012465052e-03   6.123903012465053e-03   6.123903012465057e-03
   6.167215976093889e-03   6.167215976093886e-03   6.167215976093885e-03
   6.150325137935024e-03   6.150325137935028e-03   6.150325137935024e-03

 Columns 7 through 9:

   6.159882263248376e-03   6.159882263248376e-03   6.159882263248376e-03
   6.162740776129197e-03   6.162740776129199e-03   6.162740776129200e-03
   6.123903012465059e-03   6.123903012465060e-03   6.123903012465058e-03
   6.167215976093888e-03   6.167215976093887e-03   6.167215976093886e-03
   6.150325137935022e-03   6.150325137935027e-03   6.150325137935029e-03

 Column 10:

   6.159882263248376e-03
   6.162740776129202e-03
   6.123903012465062e-03
   6.167215976093886e-03
   6.150325137935026e-03

ans = 2.038173029330660e-21
ans = 2.674895305843353e-21
ans = 9.458448413025880e-21
ans = -7.129262904441407e-22
ans = -7.120991098315877e-22
ans = -7.131847843855635e-22
ans = -4.105762669195237e-21
ans = 6.063182191225408e-21
ans = 2.674947004631638e-21
ans = 2.674947004631638e-21
nbcr = 10
lambda0 = 3.501084296647659
kmpl_prod = 0.180000000000000
 Time :      1.00000
 Time :      2.00000
 Time :      3.01000
 Time :      4.01000
 Time :      5.01000
 Time :      6.01000
 Time :      7.01000
 Time :      8.01000
 Time :      9.01000
 Time :     10.01000
 Time :     11.01000
 Time :     12.01000
 Time :     13.01000
 Time :     14.01000
 Time :     15.01000
 Time :     16.01000
 Time :     17.01000
 Time :     18.00000
 Time :     19.00000
 Time :     20.00000
 Time :     21.00000
 Time :     22.00000
 Time :     23.00000
 Time :     24.00000
 Time :     25.00000
 Time :     26.00000
 Time :     27.00000
 Time :     28.00000
 Time :     29.00000
 Time :     30.00000
 Time :     31.00000
 Time :     32.00000
 Time :     33.00000
 Time :     34.00000
 Time :     35.00000
dtime = 46.17615267634392
mbcr =

 Columns 1 through 4:

   0.100000000000000   0.141465988610029   0.144013956649535   0.136998340470610

 Columns 5 and 6:

   0.143995570243431   0.138326946335293

agsout =

 Columns 1 through 3:

   6.159882263248384e-03   6.159882263248383e-03   6.159882263248378e-03
   2.720888840303047e-04   6.162740776129205e-03   6.162740776129199e-03
   1.907699269049041e-04   6.123903012465065e-03   6.123903012465055e-03
   4.814619334704827e-04   6.167215976093889e-03   6.167215976093887e-03
   3.137195927544752e-04   6.150325137935030e-03   6.150325137935027e-03
   4.947135065978371e-04   6.193146151830969e-03   6.193146151830977e-03

 Columns 4 through 6:

   6.159882263248376e-03   6.159882263248379e-03   6.159882263248380e-03
   6.162740776129218e-03   6.162740776129195e-03   6.162740776129202e-03
   6.123903012465052e-03   6.123903012465053e-03   6.123903012465057e-03
   6.167215976093889e-03   6.167215976093886e-03   6.167215976093885e-03
   6.150325137935024e-03   6.150325137935028e-03   6.150325137935024e-03
   6.193146151830972e-03   6.193146151830974e-03   6.193146151830978e-03

 Columns 7 through 9:

   6.159882263248376e-03   6.159882263248376e-03   6.159882263248376e-03
   6.162740776129197e-03   6.162740776129199e-03   6.162740776129200e-03
   6.123903012465059e-03   6.123903012465060e-03   6.123903012465058e-03
   6.167215976093888e-03   6.167215976093887e-03   6.167215976093886e-03
   6.150325137935022e-03   6.150325137935027e-03   6.150325137935029e-03
   6.193146151830977e-03   6.193146151830973e-03   6.193146151830975e-03

 Column 10:

   6.159882263248376e-03
   6.162740776129202e-03
   6.123903012465062e-03
   6.167215976093886e-03
   6.150325137935026e-03
   6.193146151830974e-03

ans = 1.067724734683448e-20
ans = -2.645426996521152e-22
ans = -3.648383489241698e-21
ans = 3.127156305756721e-21
ans = -2.593211220353742e-22
ans = -2.547716286663325e-22
ans = -2.592694232470896e-22
ans = 3.127983486369274e-21
ans = -3.656500199002374e-21
ans = -3.646418935286884e-21
dkps =

 Columns 1 through 3:

   1.367371020033919e+00   8.949505490648052e+00   2.275541717278207e+01

 Columns 4 through 6:

   1.708934232636224e+01   3.465770613612387e+01   2.777574701117924e+01

nbcr = 15
lambda0 = 3.501084296647659
kmpl_prod = 0.180000000000000
 Time :      1.00000
 Time :      2.00000
 Time :      3.01000
 Time :      4.01000
 Time :      5.01000
 Time :      6.01000
 Time :      7.01000
 Time :      8.01000
 Time :      9.01000
 Time :     10.01000
 Time :     11.01000
 Time :     12.01000
 Time :     13.01000
 Time :     14.01000
 Time :     15.01000
 Time :     16.01000
 Time :     17.01000
 Time :     18.00000
 Time :     19.00000
 Time :     20.00000
 Time :     21.00000
 Time :     22.00000
 Time :     23.00000
 Time :     24.00000
 Time :     25.00000
 Time :     26.00000
 Time :     27.00000
 Time :     28.00000
 Time :     29.00000
 Time :     30.00000
 Time :     31.00000
 Time :     32.00000
 Time :     33.00000
 Time :     34.00000
 Time :     35.00000
dtime = 72.67954945564270
mbcr = 6.666666666666667e-02
agsout =

 Columns 1 through 3:

   5.374193411711694e-03   5.374193411711686e-03   5.374193411711701e-03

 Columns 4 through 6:

   5.374193411711700e-03   5.374193411711699e-03   5.374193411711701e-03

 Columns 7 through 9:

   5.374193411711701e-03   5.374193411711703e-03   5.374193411711701e-03

 Columns 10 through 12:

   5.374193411711701e-03   5.374193411711704e-03   5.374193411711703e-03

 Columns 13 through 15:

   5.374193411711707e-03   5.374193411711706e-03   5.374193411711701e-03

ans = 3.389837849030592e-21
ans = -5.689968638599139e-21
ans = -5.682937603392438e-21
ans = 4.477838848479246e-21
ans = -2.300182488356832e-21
ans = 1.086191541858694e-21
ans = -2.296356778023774e-21
ans = -9.074688307589559e-21
ans = -2.298528127131726e-21
ans = -2.300389283509970e-21
ans = -2.281157334268112e-21
ans = 1.089603661885476e-21
ans = 1.091258023110582e-21
ans = 1.091775010993427e-21
ans = -2.286740803402845e-21
nbcr = 15
lambda0 = 3.501084296647659
kmpl_prod = 0.180000000000000
 Time :      1.00000
 Time :      2.00000
 Time :      3.01000
 Time :      4.01000
 Time :      5.01000
 Time :      6.01000
 Time :      7.01000
 Time :      8.01000
 Time :      9.01000
 Time :     10.01000
 Time :     11.01000
 Time :     12.01000
 Time :     13.01000
 Time :     14.01000
 Time :     15.01000
 Time :     16.01000
 Time :     17.01000
 Time :     18.00000
 Time :     19.00000
 Time :     20.00000
 Time :     21.00000
 Time :     22.00000
 Time :     23.00000
 Time :     24.00000
 Time :     25.00000
 Time :     26.00000
 Time :     27.00000
 Time :     28.00000
 Time :     29.00000
 Time :     30.00000
 Time :     31.00000
 Time :     32.00000
 Time :     33.00000
 Time :     34.00000
 Time :     35.00000
dtime = 73.80739487707615
mbcr =

   6.666666666666667e-02   1.087936986902785e-01

agsout =

 Columns 1 through 3:

   5.374193411711694e-03   5.374193411711686e-03   5.374193411711701e-03
   1.684487518380780e-04   5.373197251760155e-03   5.373197251760153e-03

 Columns 4 through 6:

   5.374193411711700e-03   5.374193411711699e-03   5.374193411711701e-03
   5.373197251760151e-03   5.373197251760157e-03   5.373197251760157e-03

 Columns 7 through 9:

   5.374193411711701e-03   5.374193411711703e-03   5.374193411711701e-03
   5.373197251760155e-03   5.373197251760157e-03   5.373197251760160e-03

 Columns 10 through 12:

   5.374193411711701e-03   5.374193411711704e-03   5.374193411711703e-03
   5.373197251760153e-03   5.373197251760156e-03   5.373197251760152e-03

 Columns 13 through 15:

   5.374193411711707e-03   5.374193411711706e-03   5.374193411711701e-03
   5.373197251760153e-03   5.373197251760156e-03   5.373197251760156e-03

ans = -6.994639259748402e-21
ans = -1.142233028359162e-21
ans = 2.249414278261390e-21
ans = 2.238557532721631e-21
ans = 2.239074520604477e-21
ans = -1.152882978745782e-21
ans = 5.621829635640083e-21
ans = 2.238971123027908e-21
ans = 2.238867725451339e-21
ans = 2.235145412694850e-21
ans = 5.630204839342183e-21
ans = 2.238454135145062e-21
ans = 2.238660930298200e-21
ans = 5.631962598143858e-21
ans = 2.240418689099875e-21
nbcr = 15
lambda0 = 3.501084296647659
kmpl_prod = 0.180000000000000
 Time :      1.00000
 Time :      2.00000
 Time :      3.01000
 Time :      4.01000
 Time :      5.01000
 Time :      6.01000
 Time :      7.01000
 Time :      8.01000
 Time :      9.01000
 Time :     10.01000
 Time :     11.01000
 Time :     12.01000
 Time :     13.01000
 Time :     14.01000
 Time :     15.01000
 Time :     16.01000
 Time :     17.01000
 Time :     18.00000
 Time :     19.00000
 Time :     20.00000
 Time :     21.00000
 Time :     22.00000
 Time :     23.00000
 Time :     24.00000
 Time :     25.00000
 Time :     26.00000
 Time :     27.00000
 Time :     28.00000
 Time :     29.00000
 Time :     30.00000
 Time :     31.00000
 Time :     32.00000
 Time :     33.00000
 Time :     34.00000
 Time :     35.00000
dtime = 72.87014387547970
mbcr =

   6.666666666666667e-02   1.087936986902785e-01   1.114665146767328e-01

agsout =

 Columns 1 through 3:

   5.374193411711694e-03   5.374193411711686e-03   5.374193411711701e-03
   1.684487518380780e-04   5.373197251760155e-03   5.373197251760153e-03
   1.647381284300170e-04   5.359659485538136e-03   5.359659485538140e-03

 Columns 4 through 6:

   5.374193411711700e-03   5.374193411711699e-03   5.374193411711701e-03
   5.373197251760151e-03   5.373197251760157e-03   5.373197251760157e-03
   5.359659485538125e-03   5.359659485538125e-03   5.359659485538115e-03

 Columns 7 through 9:

   5.374193411711701e-03   5.374193411711703e-03   5.374193411711701e-03
   5.373197251760155e-03   5.373197251760157e-03   5.373197251760160e-03
   5.359659485538123e-03   5.359659485538115e-03   5.359659485538116e-03

 Columns 10 through 12:

   5.374193411711701e-03   5.374193411711704e-03   5.374193411711703e-03
   5.373197251760153e-03   5.373197251760156e-03   5.373197251760152e-03
   5.359659485538126e-03   5.359659485538125e-03   5.359659485538122e-03

 Columns 13 through 15:

   5.374193411711707e-03   5.374193411711706e-03   5.374193411711701e-03
   5.373197251760153e-03   5.373197251760156e-03   5.373197251760156e-03
   5.359659485538119e-03   5.359659485538120e-03   5.359659485538122e-03

ans = 2.249931266144235e-22
ans = 5.896763791737396e-21
ans = 2.497568462027298e-21
ans = 9.273832040061701e-21
ans = 2.501187377207217e-21
ans = 5.887561407422744e-21
ans = -4.282210633610455e-21
ans = 2.502531545702616e-21
ans = 2.497568462027298e-21
ans = 2.492398583198842e-21
ans = -8.930448688275625e-22
ans = -4.289138271240587e-21
ans = -8.996623137279867e-22
ans = 2.493949546847378e-21
ans = 5.881977938288011e-21
nbcr = 15
lambda0 = 3.501084296647659
kmpl_prod = 0.180000000000000
 Time :      1.00000
 Time :      2.00000
 Time :      3.01000
 Time :      4.01000
 Time :      5.01000
 Time :      6.01000
 Time :      7.01000
 Time :      8.01000
 Time :      9.01000
 Time :     10.01000
 Time :     11.01000
 Time :     12.01000
 Time :     13.01000
 Time :     14.01000
 Time :     15.01000
 Time :     16.01000
 Time :     17.01000
 Time :     18.00000
 Time :     19.00000
 Time :     20.00000
 Time :     21.00000
 Time :     22.00000
 Time :     23.00000
 Time :     24.00000
 Time :     25.00000
 Time :     26.00000
 Time :     27.00000
 Time :     28.00000
 Time :     29.00000
 Time :     30.00000
 Time :     31.00000
 Time :     32.00000
 Time :     33.00000
 Time :     34.00000
 Time :     35.00000
dtime = 72.64412418007851
mbcr =

 Columns 1 through 3:

   6.666666666666667e-02   1.087936986902785e-01   1.114665146767328e-01

 Column 4:

   1.041826040673096e-01

agsout =

 Columns 1 through 3:

   5.374193411711694e-03   5.374193411711686e-03   5.374193411711701e-03
   1.684487518380780e-04   5.373197251760155e-03   5.373197251760153e-03
   1.647381284300170e-04   5.359659485538136e-03   5.359659485538140e-03
   3.676329418942830e-04   5.389224999713986e-03   5.389224999713988e-03

 Columns 4 through 6:

   5.374193411711700e-03   5.374193411711699e-03   5.374193411711701e-03
   5.373197251760151e-03   5.373197251760157e-03   5.373197251760157e-03
   5.359659485538125e-03   5.359659485538125e-03   5.359659485538115e-03
   5.389224999713986e-03   5.389224999713985e-03   5.389224999713988e-03

 Columns 7 through 9:

   5.374193411711701e-03   5.374193411711703e-03   5.374193411711701e-03
   5.373197251760155e-03   5.373197251760157e-03   5.373197251760160e-03
   5.359659485538123e-03   5.359659485538115e-03   5.359659485538116e-03
   5.389224999713990e-03   5.389224999713991e-03   5.389224999713989e-03

 Columns 10 through 12:

   5.374193411711701e-03   5.374193411711704e-03   5.374193411711703e-03
   5.373197251760153e-03   5.373197251760156e-03   5.373197251760152e-03
   5.359659485538126e-03   5.359659485538125e-03   5.359659485538122e-03
   5.389224999713987e-03   5.389224999713988e-03   5.389224999713988e-03

 Columns 13 through 15:

   5.374193411711707e-03   5.374193411711706e-03   5.374193411711701e-03
   5.373197251760153e-03   5.373197251760156e-03   5.373197251760156e-03
   5.359659485538119e-03   5.359659485538120e-03   5.359659485538122e-03
   5.389224999713988e-03   5.389224999713993e-03   5.389224999713992e-03

ans = 1.184522637175936e-20
ans = 5.003512127756695e-21
ans = 5.014162078143316e-21
ans = 1.607108532613964e-21
ans = 5.005373284134940e-21
ans = 1.605764364118565e-21
ans = 1.601938653785507e-21
ans = 4.998445646504808e-21
ans = 4.996791285279702e-21
ans = 1.178184365732248e-20
ans = 8.393711868305279e-21
ans = 5.001754368955020e-21
ans = 5.003822320486403e-21
ans = 1.615690531469201e-21
ans = 5.003408730180126e-21
nbcr = 15
lambda0 = 3.501084296647659
kmpl_prod = 0.180000000000000
 Time :      1.00000
 Time :      2.00000
 Time :      3.01000
 Time :      4.01000
 Time :      5.01000
 Time :      6.01000
 Time :      7.01000
 Time :      8.01000
 Time :      9.01000
 Time :     10.01000
 Time :     11.01000
 Time :     12.01000
 Time :     13.01000
 Time :     14.01000
 Time :     15.01000
 Time :     16.01000
 Time :     17.01000
 Time :     18.00000
 Time :     19.00000
 Time :     20.00000
 Time :     21.00000
 Time :     22.00000
 Time :     23.00000
 Time :     24.00000
 Time :     25.00000
 Time :     26.00000
 Time :     27.00000
 Time :     28.00000
 Time :     29.00000
 Time :     30.00000
 Time :     31.00000
 Time :     32.00000
 Time :     33.00000
 Time :     34.00000
 Time :     35.00000
dtime = 72.02616333961487
mbcr =

 Columns 1 through 3:

   6.666666666666667e-02   1.087936986902785e-01   1.114665146767328e-01

 Columns 4 and 5:

   1.041826040673096e-01   1.074427746448953e-01

agsout =

 Columns 1 through 3:

   5.374193411711694e-03   5.374193411711686e-03   5.374193411711701e-03
   1.684487518380780e-04   5.373197251760155e-03   5.373197251760153e-03
   1.647381284300170e-04   5.359659485538136e-03   5.359659485538140e-03
   3.676329418942830e-04   5.389224999713986e-03   5.389224999713988e-03
   3.800032710758140e-04   5.411653480721224e-03   5.411653480721222e-03

 Columns 4 through 6:

   5.374193411711700e-03   5.374193411711699e-03   5.374193411711701e-03
   5.373197251760151e-03   5.373197251760157e-03   5.373197251760157e-03
   5.359659485538125e-03   5.359659485538125e-03   5.359659485538115e-03
   5.389224999713986e-03   5.389224999713985e-03   5.389224999713988e-03
   5.411653480721225e-03   5.411653480721229e-03   5.411653480721217e-03

 Columns 7 through 9:

   5.374193411711701e-03   5.374193411711703e-03   5.374193411711701e-03
   5.373197251760155e-03   5.373197251760157e-03   5.373197251760160e-03
   5.359659485538123e-03   5.359659485538115e-03   5.359659485538116e-03
   5.389224999713990e-03   5.389224999713991e-03   5.389224999713989e-03
   5.411653480721227e-03   5.411653480721220e-03   5.411653480721221e-03

 Columns 10 through 12:

   5.374193411711701e-03   5.374193411711704e-03   5.374193411711703e-03
   5.373197251760153e-03   5.373197251760156e-03   5.373197251760152e-03
   5.359659485538126e-03   5.359659485538125e-03   5.359659485538122e-03
   5.389224999713987e-03   5.389224999713988e-03   5.389224999713988e-03
   5.411653480721221e-03   5.411653480721220e-03   5.411653480721220e-03

 Columns 13 through 15:

   5.374193411711707e-03   5.374193411711706e-03   5.374193411711701e-03
   5.373197251760153e-03   5.373197251760156e-03   5.373197251760156e-03
   5.359659485538119e-03   5.359659485538120e-03   5.359659485538122e-03
   5.389224999713988e-03   5.389224999713993e-03   5.389224999713992e-03
   5.411653480721220e-03   5.411653480721220e-03   5.411653480721220e-03

ans = 8.083208945868186e-21
ans = 1.239447429849457e-20
ans = 8.993831402712501e-21
ans = 1.239064858816151e-20
ans = 1.239230294938661e-20
ans = 1.238909762451297e-20
ans = 1.238185979415313e-20
ans = 8.979665934722530e-21
ans = 5.597014217263493e-21
ans = 1.239447429849457e-20
ans = 8.995278968784469e-21
ans = 8.995382366361038e-21
ans = 8.983181452325881e-21
ans = 9.002516799144308e-21
ans = 1.238702967298159e-20
nbcr = 15
lambda0 = 3.501084296647659
kmpl_prod = 0.180000000000000
 Time :      1.00000
 Time :      2.00000
 Time :      3.01000
 Time :      4.01000
 Time :      5.01000
 Time :      6.01000
 Time :      7.01000
 Time :      8.01000
 Time :      9.01000
 Time :     10.01000
 Time :     11.01000
 Time :     12.01000
 Time :     13.01000
 Time :     14.01000
 Time :     15.01000
 Time :     16.01000
 Time :     17.01000
 Time :     18.00000
 Time :     19.00000
 Time :     20.00000
 Time :     21.00000
 Time :     22.00000
 Time :     23.00000
 Time :     24.00000
 Time :     25.00000
 Time :     26.00000
 Time :     27.00000
 Time :     28.00000
 Time :     29.00000
 Time :     30.00000
 Time :     31.00000
 Time :     32.00000
 Time :     33.00000
 Time :     34.00000
 Time :     35.00000
dtime = 68.90001855790615
mbcr =

 Columns 1 through 3:

   6.666666666666667e-02   1.087936986902785e-01   1.114665146767328e-01

 Columns 4 through 6:

   1.041826040673096e-01   1.074427746448953e-01   1.037609733496554e-01

agsout =

 Columns 1 through 3:

   5.374193411711694e-03   5.374193411711686e-03   5.374193411711701e-03
   1.684487518380780e-04   5.373197251760155e-03   5.373197251760153e-03
   1.647381284300170e-04   5.359659485538136e-03   5.359659485538140e-03
   3.676329418942830e-04   5.389224999713986e-03   5.389224999713988e-03
   3.800032710758140e-04   5.411653480721224e-03   5.411653480721222e-03
   4.650721554242049e-04   5.427402904029931e-03   5.427402904029936e-03

 Columns 4 through 6:

   5.374193411711700e-03   5.374193411711699e-03   5.374193411711701e-03
   5.373197251760151e-03   5.373197251760157e-03   5.373197251760157e-03
   5.359659485538125e-03   5.359659485538125e-03   5.359659485538115e-03
   5.389224999713986e-03   5.389224999713985e-03   5.389224999713988e-03
   5.411653480721225e-03   5.411653480721229e-03   5.411653480721217e-03
   5.427402904029936e-03   5.427402904029935e-03   5.427402904029936e-03

 Columns 7 through 9:

   5.374193411711701e-03   5.374193411711703e-03   5.374193411711701e-03
   5.373197251760155e-03   5.373197251760157e-03   5.373197251760160e-03
   5.359659485538123e-03   5.359659485538115e-03   5.359659485538116e-03
   5.389224999713990e-03   5.389224999713991e-03   5.389224999713989e-03
   5.411653480721227e-03   5.411653480721220e-03   5.411653480721221e-03
   5.427402904029941e-03   5.427402904029930e-03   5.427402904029931e-03

 Columns 10 through 12:

   5.374193411711701e-03   5.374193411711704e-03   5.374193411711703e-03
   5.373197251760153e-03   5.373197251760156e-03   5.373197251760152e-03
   5.359659485538126e-03   5.359659485538125e-03   5.359659485538122e-03
   5.389224999713987e-03   5.389224999713988e-03   5.389224999713988e-03
   5.411653480721221e-03   5.411653480721220e-03   5.411653480721220e-03
   5.427402904029933e-03   5.427402904029936e-03   5.427402904029935e-03

 Columns 13 through 15:

   5.374193411711707e-03   5.374193411711706e-03   5.374193411711701e-03
   5.373197251760153e-03   5.373197251760156e-03   5.373197251760156e-03
   5.359659485538119e-03   5.359659485538120e-03   5.359659485538122e-03
   5.389224999713988e-03   5.389224999713993e-03   5.389224999713992e-03
   5.411653480721220e-03   5.411653480721220e-03   5.411653480721220e-03
   5.427402904029935e-03   5.427402904029936e-03   5.427402904029934e-03

ans = 5.135137242729196e-21
ans = 8.630388921072014e-21
ans = 8.626666608315526e-21
ans = 1.201976148100805e-20
ans = 8.631629691990844e-21
ans = 8.633490848369088e-21
ans = 1.202358719134110e-20
ans = 8.624598656784143e-21
ans = 8.624288464054436e-21
ans = 5.240292578099999e-21
ans = 1.202441437195366e-20
ans = 1.202182943253943e-20
ans = 8.636385980513024e-21
ans = 1.202348379376453e-20
ans = 8.624391861631005e-21
