warning: function /home/surgeon/flu/amcode/perelson21/1d2agt/4paper/2submit/run.m shadows a core library function
warning: called from
    driver at line 1 column 1

lambda0 = 3.501084296647659
kmpl_prod = 0.180000000000000
dkps =

 Columns 1 through 3:

   1.602596372970834e+02   1.042140886775477e+01   5.467826596488067e+00

 Columns 4 through 6:

   1.623004493633950e+01   2.309617025022193e+00   2.587143952758854e+00

nbcr = 2
lambda0 = 3.501084296647659
kmpl_prod = 0.180000000000000
 Time :      1.00000
 Time :      2.00000
 Time :      3.01000
 Time :      4.01000
 Time :      5.01000
 Time :      6.01000
 Time :      7.01000
 Time :      8.01000
 Time :      9.01000
 Time :     10.01000
 Time :     11.01000
 Time :     12.01000
 Time :     13.01000
 Time :     14.01000
 Time :     15.01000
 Time :     16.01000
 Time :     17.01000
 Time :     18.00000
 Time :     19.00000
 Time :     20.00000
 Time :     21.00000
 Time :     22.00000
 Time :     23.00000
 Time :     24.00000
 Time :     25.00000
 Time :     26.00000
 Time :     27.00000
 Time :     28.00000
 Time :     29.00000
 Time :     30.00000
 Time :     31.00000
 Time :     32.00000
 Time :     33.00000
 Time :     34.00000
 Time :     35.00000
dtime = 4.902729392051697
mbcr = 4.621845811399619e-04
agsout =

   3.471328921842008e-01   1.835222705141552e-02

ans = 7.598312669331629e-21
ans = 5.010357370442998e-21
nbcr = 2
lambda0 = 3.501084296647659
kmpl_prod = 0.180000000000000
 Time :      1.00000
 Time :      2.00000
 Time :      3.01000
 Time :      4.01000
 Time :      5.01000
 Time :      6.01000
 Time :      7.01000
 Time :      8.01000
 Time :      9.01000
 Time :     10.01000
 Time :     11.01000
 Time :     12.01000
 Time :     13.01000
 Time :     14.01000
 Time :     15.01000
 Time :     16.01000
 Time :     17.01000
 Time :     18.00000
 Time :     19.00000
 Time :     20.00000
 Time :     21.00000
 Time :     22.00000
 Time :     23.00000
 Time :     24.00000
 Time :     25.00000
 Time :     26.00000
 Time :     27.00000
 Time :     28.00000
 Time :     29.00000
 Time :     30.00000
 Time :     31.00000
 Time :     32.00000
 Time :     33.00000
 Time :     34.00000
 Time :     35.00000
dtime = 4.904067143797874
mbcr =

   4.621845811399619e-04   3.538218764540709e-04

agsout =

   3.471328921842008e-01   1.835222705141552e-02
   3.474380166490229e-01   1.849973527445435e-02

ans = -2.060914387237018e-21
ans = 7.522139768074284e-21
nbcr = 2
lambda0 = 3.501084296647659
kmpl_prod = 0.180000000000000
 Time :      1.00000
 Time :      2.00000
 Time :      3.01000
 Time :      4.01000
 Time :      5.01000
 Time :      6.01000
 Time :      7.01000
 Time :      8.01000
 Time :      9.01000
 Time :     10.01000
 Time :     11.01000
 Time :     12.01000
 Time :     13.01000
 Time :     14.01000
 Time :     15.01000
 Time :     16.01000
 Time :     17.01000
 Time :     18.00000
 Time :     19.00000
 Time :     20.00000
 Time :     21.00000
 Time :     22.00000
 Time :     23.00000
 Time :     24.00000
 Time :     25.00000
 Time :     26.00000
 Time :     27.00000
 Time :     28.00000
 Time :     29.00000
 Time :     30.00000
 Time :     31.00000
 Time :     32.00000
 Time :     33.00000
 Time :     34.00000
 Time :     35.00000
dtime = 4.877865314483643
mbcr =

   4.621845811399619e-04   3.538218764540709e-04   1.959535994888574e-03

agsout =

   3.471328921842008e-01   1.835222705141552e-02
   3.474380166490229e-01   1.849973527445435e-02
   3.459871375933383e-01   1.847530085574398e-02

ans = -3.961729845034441e-21
ans = 4.224315260873846e-21
nbcr = 2
lambda0 = 3.501084296647659
kmpl_prod = 0.180000000000000
 Time :      1.00000
 Time :      2.00000
 Time :      3.01000
 Time :      4.01000
 Time :      5.01000
 Time :      6.01000
 Time :      7.01000
 Time :      8.01000
 Time :      9.01000
 Time :     10.01000
 Time :     11.01000
 Time :     12.01000
 Time :     13.01000
 Time :     14.01000
 Time :     15.01000
 Time :     16.01000
 Time :     17.01000
 Time :     18.00000
 Time :     19.00000
 Time :     20.00000
 Time :     21.00000
 Time :     22.00000
 Time :     23.00000
 Time :     24.00000
 Time :     25.00000
 Time :     26.00000
 Time :     27.00000
 Time :     28.00000
 Time :     29.00000
 Time :     30.00000
 Time :     31.00000
 Time :     32.00000
 Time :     33.00000
 Time :     34.00000
 Time :     35.00000
dtime = 4.911610856652260
mbcr =

 Columns 1 through 3:

   4.621845811399619e-04   3.538218764540709e-04   1.959535994888574e-03

 Column 4:

   4.288454260940635e-02

agsout =

   3.471328921842008e-01   1.835222705141552e-02
   3.474380166490229e-01   1.849973527445435e-02
   3.459871375933383e-01   1.847530085574398e-02
   3.109476334639357e-01   1.788136722335077e-02

ans = -3.326009232544762e-21
ans = 6.664284002610037e-21
nbcr = 2
lambda0 = 3.501084296647659
kmpl_prod = 0.180000000000000
 Time :      1.00000
 Time :      2.00000
 Time :      3.01000
 Time :      4.01000
 Time :      5.01000
 Time :      6.01000
 Time :      7.01000
 Time :      8.01000
 Time :      9.01000
 Time :     10.01000
 Time :     11.01000
 Time :     12.01000
 Time :     13.01000
 Time :     14.01000
 Time :     15.01000
 Time :     16.01000
 Time :     17.01000
 Time :     18.00000
 Time :     19.00000
 Time :     20.00000
 Time :     21.00000
 Time :     22.00000
 Time :     23.00000
 Time :     24.00000
 Time :     25.00000
 Time :     26.00000
 Time :     27.00000
 Time :     28.00000
 Time :     29.00000
 Time :     30.00000
 Time :     31.00000
 Time :     32.00000
 Time :     33.00000
 Time :     34.00000
 Time :     35.00000
dtime = 4.871246963739395
mbcr =

 Columns 1 through 3:

   4.621845811399619e-04   3.538218764540709e-04   1.959535994888574e-03

 Columns 4 and 5:

   4.288454260940635e-02   1.422587163099104e-02

agsout =

   3.471328921842008e-01   1.835222705141552e-02
   3.474380166490229e-01   1.849973527445435e-02
   3.459871375933383e-01   1.847530085574398e-02
   3.109476334639357e-01   1.788136722335077e-02
   3.354678777423051e-01   1.829561920345995e-02

ans = -1.595482767598472e-21
ans = 6.084927186254036e-21
nbcr = 2
lambda0 = 3.501084296647659
kmpl_prod = 0.180000000000000
 Time :      1.00000
 Time :      2.00000
 Time :      3.01000
 Time :      4.01000
 Time :      5.01000
 Time :      6.01000
 Time :      7.01000
 Time :      8.01000
 Time :      9.01000
 Time :     10.01000
 Time :     11.01000
 Time :     12.01000
 Time :     13.01000
 Time :     14.01000
 Time :     15.01000
 Time :     16.01000
 Time :     17.01000
 Time :     18.00000
 Time :     19.00000
 Time :     20.00000
 Time :     21.00000
 Time :     22.00000
 Time :     23.00000
 Time :     24.00000
 Time :     25.00000
 Time :     26.00000
 Time :     27.00000
 Time :     28.00000
 Time :     29.00000
 Time :     30.00000
 Time :     31.00000
 Time :     32.00000
 Time :     33.00000
 Time :     34.00000
 Time :     35.00000
dtime = 4.923590272665024
mbcr =

 Columns 1 through 3:

   4.621845811399619e-04   3.538218764540709e-04   1.959535994888574e-03

 Columns 4 through 6:

   4.288454260940635e-02   1.422587163099104e-02   1.487131871524410e-01

agsout =

   3.471328921842008e-01   1.835222705141552e-02
   3.474380166490229e-01   1.849973527445435e-02
   3.459871375933383e-01   1.847530085574398e-02
   3.109476334639357e-01   1.788136722335077e-02
   3.354678777423051e-01   1.829561920345995e-02
   2.064415023846294e-01   1.616245838011021e-02

ans = 1.220843620885256e-20
ans = 3.542064123340924e-21
dkps =

 Columns 1 through 3:

   4.291087265342970e+00   4.140694621362803e+01   3.824322929270268e+02

 Columns 4 through 6:

   4.542085712978162e+00   2.333916647672641e+00   8.095884952787381e+00

nbcr = 3
lambda0 = 3.501084296647659
kmpl_prod = 0.180000000000000
 Time :      1.00000
 Time :      2.00000
 Time :      3.01000
 Time :      4.01000
 Time :      5.01000
 Time :      6.01000
 Time :      7.01000
 Time :      8.01000
 Time :      9.01000
 Time :     10.01000
 Time :     11.01000
 Time :     12.01000
 Time :     13.01000
 Time :     14.01000
 Time :     15.01000
 Time :     16.01000
 Time :     17.01000
 Time :     18.00000
 Time :     19.00000
 Time :     20.00000
 Time :     21.00000
 Time :     22.00000
 Time :     23.00000
 Time :     24.00000
 Time :     25.00000
 Time :     26.00000
 Time :     27.00000
 Time :     28.00000
 Time :     29.00000
 Time :     30.00000
 Time :     31.00000
 Time :     32.00000
 Time :     33.00000
 Time :     34.00000
 Time :     35.00000
dtime = 11.49160936474800
mbcr = 1.517100831487178e-04
agsout =

   2.342275361542936e-01   1.320792251566348e-02   1.320792251566348e-02

ans = -7.815344094197809e-21
ans = 3.596578072206297e-21
ans = 3.596736399745418e-21
nbcr = 3
lambda0 = 3.501084296647659
kmpl_prod = 0.180000000000000
 Time :      1.00000
 Time :      2.00000
 Time :      3.01000
 Time :      4.01000
 Time :      5.01000
 Time :      6.01000
 Time :      7.01000
 Time :      8.01000
 Time :      9.01000
 Time :     10.01000
 Time :     11.01000
 Time :     12.01000
 Time :     13.01000
 Time :     14.01000
 Time :     15.01000
 Time :     16.01000
 Time :     17.01000
 Time :     18.00000
 Time :     19.00000
 Time :     20.00000
 Time :     21.00000
 Time :     22.00000
 Time :     23.00000
 Time :     24.00000
 Time :     25.00000
 Time :     26.00000
 Time :     27.00000
 Time :     28.00000
 Time :     29.00000
 Time :     30.00000
 Time :     31.00000
 Time :     32.00000
 Time :     33.00000
 Time :     34.00000
 Time :     35.00000
dtime = 11.27969138324261
mbcr =

   1.517100831487178e-04   4.518950122953808e-03

agsout =

   2.342275361542936e-01   1.320792251566348e-02   1.320792251566348e-02
   2.290008788962845e-01   1.323118355124443e-02   1.323118355124444e-02

ans = 1.477178491662343e-20
ans = 7.843090692506260e-21
ans = 4.454952441140523e-21
nbcr = 3
lambda0 = 3.501084296647659
kmpl_prod = 0.180000000000000
 Time :      1.00000
 Time :      2.00000
 Time :      3.01000
 Time :      4.01000
 Time :      5.01000
 Time :      6.01000
 Time :      7.01000
 Time :      8.01000
 Time :      9.01000
 Time :     10.01000
 Time :     11.01000
 Time :     12.01000
 Time :     13.01000
 Time :     14.01000
 Time :     15.01000
 Time :     16.01000
 Time :     17.01000
 Time :     18.00000
 Time :     19.00000
 Time :     20.00000
 Time :     21.00000
 Time :     22.00000
 Time :     23.00000
 Time :     24.00000
 Time :     25.00000
 Time :     26.00000
 Time :     27.00000
 Time :     28.00000
 Time :     29.00000
 Time :     30.00000
 Time :     31.00000
 Time :     32.00000
 Time :     33.00000
 Time :     34.00000
 Time :     35.00000
dtime = 11.22737824916840
mbcr =

   1.517100831487178e-04   4.518950122953808e-03   5.220515949935669e-04

agsout =

   2.342275361542936e-01   1.320792251566348e-02   1.320792251566348e-02
   2.290008788962845e-01   1.323118355124443e-02   1.323118355124444e-02
   2.338816876581362e-01   1.330028017072754e-02   1.330028017072754e-02

ans = 4.640547859907841e-21
ans = 1.908783886951467e-22
ans = 1.903161643725521e-22
nbcr = 3
lambda0 = 3.501084296647659
kmpl_prod = 0.180000000000000
 Time :      1.00000
 Time :      2.00000
 Time :      3.01000
 Time :      4.01000
 Time :      5.01000
 Time :      6.01000
 Time :      7.01000
 Time :      8.01000
 Time :      9.01000
 Time :     10.01000
 Time :     11.01000
 Time :     12.01000
 Time :     13.01000
 Time :     14.01000
 Time :     15.01000
 Time :     16.01000
 Time :     17.01000
 Time :     18.00000
 Time :     19.00000
 Time :     20.00000
 Time :     21.00000
 Time :     22.00000
 Time :     23.00000
 Time :     24.00000
 Time :     25.00000
 Time :     26.00000
 Time :     27.00000
 Time :     28.00000
 Time :     29.00000
 Time :     30.00000
 Time :     31.00000
 Time :     32.00000
 Time :     33.00000
 Time :     34.00000
 Time :     35.00000
dtime = 11.69082373380661
mbcr =

 Columns 1 through 3:

   1.517100831487178e-04   4.518950122953808e-03   5.220515949935669e-04

 Column 4:

   1.173464838350259e-04

agsout =

   2.342275361542936e-01   1.320792251566348e-02   1.320792251566348e-02
   2.290008788962845e-01   1.323118355124443e-02   1.323118355124444e-02
   2.338816876581362e-01   1.330028017072754e-02   1.330028017072754e-02
   2.344181199379399e-01   1.330767726116329e-02   1.330767726116329e-02

ans = -2.199211346957967e-21
ans = 8.716470634740081e-21
ans = 8.715236326169788e-21
nbcr = 3
lambda0 = 3.501084296647659
kmpl_prod = 0.180000000000000
 Time :      1.00000
 Time :      2.00000
 Time :      3.01000
 Time :      4.01000
 Time :      5.01000
 Time :      6.01000
 Time :      7.01000
 Time :      8.01000
 Time :      9.01000
 Time :     10.01000
 Time :     11.01000
 Time :     12.01000
 Time :     13.01000
 Time :     14.01000
 Time :     15.01000
 Time :     16.01000
 Time :     17.01000
 Time :     18.00000
 Time :     19.00000
 Time :     20.00000
 Time :     21.00000
 Time :     22.00000
 Time :     23.00000
 Time :     24.00000
 Time :     25.00000
 Time :     26.00000
 Time :     27.00000
 Time :     28.00000
 Time :     29.00000
 Time :     30.00000
 Time :     31.00000
 Time :     32.00000
 Time :     33.00000
 Time :     34.00000
 Time :     35.00000
dtime = 11.50035001337528
mbcr =

 Columns 1 through 3:

   1.517100831487178e-04   4.518950122953808e-03   5.220515949935669e-04

 Columns 4 and 5:

   1.173464838350259e-04   3.787718285362046e-03

agsout =

   2.342275361542936e-01   1.320792251566348e-02   1.320792251566348e-02
   2.290008788962845e-01   1.323118355124443e-02   1.323118355124444e-02
   2.338816876581362e-01   1.330028017072754e-02   1.330028017072754e-02
   2.344181199379399e-01   1.330767726116329e-02   1.330767726116329e-02
   2.298777612945801e-01   1.324368700647000e-02   1.324368700647000e-02

ans = -3.210559375956794e-22
ans = 8.158879816045450e-21
ans = 8.159044605933107e-21
nbcr = 3
lambda0 = 3.501084296647659
kmpl_prod = 0.180000000000000
 Time :      1.00000
 Time :      2.00000
 Time :      3.01000
 Time :      4.01000
 Time :      5.01000
 Time :      6.01000
 Time :      7.01000
 Time :      8.01000
 Time :      9.01000
 Time :     10.01000
 Time :     11.01000
 Time :     12.01000
 Time :     13.01000
 Time :     14.01000
 Time :     15.01000
 Time :     16.01000
 Time :     17.01000
 Time :     18.00000
 Time :     19.00000
 Time :     20.00000
 Time :     21.00000
 Time :     22.00000
 Time :     23.00000
 Time :     24.00000
 Time :     25.00000
 Time :     26.00000
 Time :     27.00000
 Time :     28.00000
 Time :     29.00000
 Time :     30.00000
 Time :     31.00000
 Time :     32.00000
 Time :     33.00000
 Time :     34.00000
 Time :     35.00000
dtime = 11.76745779812336
mbcr =

 Columns 1 through 3:

   1.517100831487178e-04   4.518950122953808e-03   5.220515949935669e-04

 Columns 4 through 6:

   1.173464838350259e-04   3.787718285362046e-03   8.454599705153437e-02

agsout =

   2.342275361542936e-01   1.320792251566348e-02   1.320792251566348e-02
   2.290008788962845e-01   1.323118355124443e-02   1.323118355124444e-02
   2.338816876581362e-01   1.330028017072754e-02   1.330028017072754e-02
   2.344181199379399e-01   1.330767726116329e-02   1.330767726116329e-02
   2.298777612945801e-01   1.324368700647000e-02   1.324368700647000e-02
   1.304019654610212e-01   1.188342996472303e-02   1.188342996472303e-02

ans = -4.447776003091772e-22
ans = 2.827788009846416e-21
ans = -3.948197687200957e-21
dkps =

 Columns 1 through 3:

   4.781956005811720e+00   1.059769378436241e+00   9.723595206730621e+00

 Columns 4 through 6:

   2.423727396744210e+01   5.896469568680971e+00   4.062258358279764e+00

nbcr = 4
lambda0 = 3.501084296647659
kmpl_prod = 0.180000000000000
 Time :      1.00000
 Time :      2.00000
 Time :      3.01000
 Time :      4.01000
 Time :      5.01000
 Time :      6.01000
 Time :      7.01000
 Time :      8.01000
 Time :      9.01000
 Time :     10.01000
 Time :     11.01000
 Time :     12.01000
 Time :     13.01000
 Time :     14.01000
 Time :     15.01000
 Time :     16.01000
 Time :     17.01000
 Time :     18.00000
 Time :     19.00000
 Time :     20.00000
 Time :     21.00000
 Time :     22.00000
 Time :     23.00000
 Time :     24.00000
 Time :     25.00000
 Time :     26.00000
 Time :     27.00000
 Time :     28.00000
 Time :     29.00000
 Time :     30.00000
 Time :     31.00000
 Time :     32.00000
 Time :     33.00000
 Time :     34.00000
 Time :     35.00000
dtime = 17.86149032413960
mbcr = 9.092981809483650e-05
agsout =

 Columns 1 through 3:

   1.771310603424347e-01   1.071125565214665e-02   1.071125565214665e-02

 Column 4:

   1.071125565214665e-02

ans = 8.304368334700981e-21
ans = -2.950204278155729e-21
ans = 4.385608210179584e-22
ans = -6.337780305198871e-21
nbcr = 4
lambda0 = 3.501084296647659
kmpl_prod = 0.180000000000000
 Time :      1.00000
 Time :      2.00000
 Time :      3.01000
 Time :      4.01000
 Time :      5.01000
 Time :      6.01000
 Time :      7.01000
 Time :      8.01000
 Time :      9.01000
 Time :     10.01000
 Time :     11.01000
 Time :     12.01000
 Time :     13.01000
 Time :     14.01000
 Time :     15.01000
 Time :     16.01000
 Time :     17.01000
 Time :     18.00000
 Time :     19.00000
 Time :     20.00000
 Time :     21.00000
 Time :     22.00000
 Time :     23.00000
 Time :     24.00000
 Time :     25.00000
 Time :     26.00000
 Time :     27.00000
 Time :     28.00000
 Time :     29.00000
 Time :     30.00000
 Time :     31.00000
 Time :     32.00000
 Time :     33.00000
 Time :     34.00000
 Time :     35.00000
dtime = 18.04224774241447
mbcr =

   9.092981809483650e-05   1.423548097738692e-03

agsout =

 Columns 1 through 3:

   1.771310603424347e-01   1.071125565214665e-02   1.071125565214665e-02
   1.752971784797669e-01   1.076294844572894e-02   1.076294844572894e-02

 Column 4:

   1.071125565214665e-02
   1.076294844572894e-02

ans = 5.293645727609670e-21
ans = -2.269764213799901e-21
ans = -2.269874073725006e-21
ans = -5.658316055471915e-21
nbcr = 4
lambda0 = 3.501084296647659
kmpl_prod = 0.180000000000000
 Time :      1.00000
 Time :      2.00000
 Time :      3.01000
 Time :      4.01000
 Time :      5.01000
 Time :      6.01000
 Time :      7.01000
 Time :      8.01000
 Time :      9.01000
 Time :     10.01000
 Time :     11.01000
 Time :     12.01000
 Time :     13.01000
 Time :     14.01000
 Time :     15.01000
 Time :     16.01000
 Time :     17.01000
 Time :     18.00000
 Time :     19.00000
 Time :     20.00000
 Time :     21.00000
 Time :     22.00000
 Time :     23.00000
 Time :     24.00000
 Time :     25.00000
 Time :     26.00000
 Time :     27.00000
 Time :     28.00000
 Time :     29.00000
 Time :     30.00000
 Time :     31.00000
 Time :     32.00000
 Time :     33.00000
 Time :     34.00000
 Time :     35.00000
dtime = 17.89121255278587
mbcr =

   9.092981809483650e-05   1.423548097738692e-03   1.006309424124961e-01

agsout =

 Columns 1 through 3:

   1.771310603424347e-01   1.071125565214665e-02   1.071125565214665e-02
   1.752971784797669e-01   1.076294844572894e-02   1.076294844572894e-02
   3.778789525063368e-02   9.198069801694034e-03   9.198069801694034e-03

 Column 4:

   1.071125565214665e-02
   1.076294844572894e-02
   9.198069801694039e-03

ans = 1.622101181216487e-21
ans = -1.705155284595640e-22
ans = -1.708515705834136e-22
ans = -3.558860574978439e-21
nbcr = 4
lambda0 = 3.501084296647659
kmpl_prod = 0.180000000000000
 Time :      1.00000
 Time :      2.00000
 Time :      3.01000
 Time :      4.01000
 Time :      5.01000
 Time :      6.01000
 Time :      7.01000
 Time :      8.01000
 Time :      9.01000
 Time :     10.01000
 Time :     11.01000
 Time :     12.01000
 Time :     13.01000
 Time :     14.01000
 Time :     15.01000
 Time :     16.01000
 Time :     17.01000
 Time :     18.00000
 Time :     19.00000
 Time :     20.00000
 Time :     21.00000
 Time :     22.00000
 Time :     23.00000
 Time :     24.00000
 Time :     25.00000
 Time :     26.00000
 Time :     27.00000
 Time :     28.00000
 Time :     29.00000
 Time :     30.00000
 Time :     31.00000
 Time :     32.00000
 Time :     33.00000
 Time :     34.00000
 Time :     35.00000
dtime = 17.96007156372070
mbcr =

 Columns 1 through 3:

   9.092981809483650e-05   1.423548097738692e-03   1.006309424124961e-01

 Column 4:

   3.520808665080741e-02

agsout =

 Columns 1 through 3:

   1.771310603424347e-01   1.071125565214665e-02   1.071125565214665e-02
   1.752971784797669e-01   1.076294844572894e-02   1.076294844572894e-02
   3.778789525063368e-02   9.198069801694034e-03   9.198069801694034e-03
   1.290416299722395e-01   1.019541616271476e-02   1.019541616271476e-02

 Column 4:

   1.071125565214665e-02
   1.076294844572894e-02
   9.198069801694039e-03
   1.019541616271476e-02

ans = 2.961926978399254e-21
ans = 1.955422656332680e-21
ans = 1.955177087088328e-21
ans = -1.433025787762765e-21
nbcr = 4
lambda0 = 3.501084296647659
kmpl_prod = 0.180000000000000
 Time :      1.00000
 Time :      2.00000
 Time :      3.01000
 Time :      4.01000
 Time :      5.01000
 Time :      6.01000
 Time :      7.01000
 Time :      8.01000
 Time :      9.01000
 Time :     10.01000
 Time :     11.01000
 Time :     12.01000
 Time :     13.01000
 Time :     14.01000
 Time :     15.01000
 Time :     16.01000
 Time :     17.01000
 Time :     18.00000
 Time :     19.00000
 Time :     20.00000
 Time :     21.00000
 Time :     22.00000
 Time :     23.00000
 Time :     24.00000
 Time :     25.00000
 Time :     26.00000
 Time :     27.00000
 Time :     28.00000
 Time :     29.00000
 Time :     30.00000
 Time :     31.00000
 Time :     32.00000
 Time :     33.00000
 Time :     34.00000
 Time :     35.00000
dtime = 18.07923205196857
mbcr =

 Columns 1 through 3:

   9.092981809483650e-05   1.423548097738692e-03   1.006309424124961e-01

 Columns 4 and 5:

   3.520808665080741e-02   4.164067111694736e-03

agsout =

 Columns 1 through 3:

   1.771310603424347e-01   1.071125565214665e-02   1.071125565214665e-02
   1.752971784797669e-01   1.076294844572894e-02   1.076294844572894e-02
   3.778789525063368e-02   9.198069801694034e-03   9.198069801694034e-03
   1.290416299722395e-01   1.019541616271476e-02   1.019541616271476e-02
   1.713338206599559e-01   1.071385729168393e-02   1.071385729168393e-02

 Column 4:

   1.071125565214665e-02
   1.076294844572894e-02
   9.198069801694039e-03
   1.019541616271476e-02
   1.071385729168392e-02

ans = -9.317504591465086e-21
ans = 6.080216941965172e-21
ans = 2.692085152947971e-21
ans = 2.691878357794833e-21
nbcr = 4
lambda0 = 3.501084296647659
kmpl_prod = 0.180000000000000
 Time :      1.00000
 Time :      2.00000
 Time :      3.01000
 Time :      4.01000
 Time :      5.01000
 Time :      6.01000
 Time :      7.01000
 Time :      8.01000
 Time :      9.01000
 Time :     10.01000
 Time :     11.01000
 Time :     12.01000
 Time :     13.01000
 Time :     14.01000
 Time :     15.01000
 Time :     16.01000
 Time :     17.01000
 Time :     18.00000
 Time :     19.00000
 Time :     20.00000
 Time :     21.00000
 Time :     22.00000
 Time :     23.00000
 Time :     24.00000
 Time :     25.00000
 Time :     26.00000
 Time :     27.00000
 Time :     28.00000
 Time :     29.00000
 Time :     30.00000
 Time :     31.00000
 Time :     32.00000
 Time :     33.00000
 Time :     34.00000
 Time :     35.00000
dtime = 18.06655861437321
mbcr =

 Columns 1 through 3:

   9.092981809483650e-05   1.423548097738692e-03   1.006309424124961e-01

 Columns 4 through 6:

   3.520808665080741e-02   4.164067111694736e-03   3.016446453117271e-02

agsout =

 Columns 1 through 3:

   1.771310603424347e-01   1.071125565214665e-02   1.071125565214665e-02
   1.752971784797669e-01   1.076294844572894e-02   1.076294844572894e-02
   3.778789525063368e-02   9.198069801694034e-03   9.198069801694034e-03
   1.290416299722395e-01   1.019541616271476e-02   1.019541616271476e-02
   1.713338206599559e-01   1.071385729168393e-02   1.071385729168393e-02
   1.356749730043612e-01   1.027691972677534e-02   1.027691972677535e-02

 Column 4:

   1.071125565214665e-02
   1.076294844572894e-02
   9.198069801694039e-03
   1.019541616271476e-02
   1.071385729168392e-02
   1.027691972677534e-02

ans = -6.750478807377476e-21
ans = 8.453818172034621e-21
ans = 5.068439343493572e-21
ans = 5.066015962792733e-21
dkps =

 Columns 1 through 3:

   5.169347873949993e+00   1.847458862401954e+01   8.181165862931602e+00

 Columns 4 through 6:

   1.294125218151893e+01   2.165632598606399e+00   7.750416002836386e+01

nbcr = 5
lambda0 = 3.501084296647659
kmpl_prod = 0.180000000000000
 Time :      1.00000
 Time :      2.00000
 Time :      3.01000
 Time :      4.01000
 Time :      5.01000
 Time :      6.01000
 Time :      7.01000
 Time :      8.01000
 Time :      9.01000
 Time :     10.01000
 Time :     11.01000
 Time :     12.01000
 Time :     13.01000
 Time :     14.01000
 Time :     15.01000
 Time :     16.01000
 Time :     17.01000
 Time :     18.00000
 Time :     19.00000
 Time :     20.00000
 Time :     21.00000
 Time :     22.00000
 Time :     23.00000
 Time :     24.00000
 Time :     25.00000
 Time :     26.00000
 Time :     27.00000
 Time :     28.00000
 Time :     29.00000
 Time :     30.00000
 Time :     31.00000
 Time :     32.00000
 Time :     33.00000
 Time :     34.00000
 Time :     35.00000
dtime = 23.03230315446854
mbcr = 6.849722413032245e-05
agsout =

 Columns 1 through 3:

   1.426884177664997e-01   9.248439177064404e-03   9.248439177064399e-03

 Columns 4 and 5:

   9.248439177064397e-03   9.248439177064397e-03

ans = 4.204471660440516e-21
ans = 1.244131340068038e-21
ans = 1.244131340068038e-21
ans = 1.244777574921595e-21
ans = 4.632922288635868e-21
nbcr = 5
lambda0 = 3.501084296647659
kmpl_prod = 0.180000000000000
 Time :      1.00000
 Time :      2.00000
 Time :      3.01000
 Time :      4.01000
 Time :      5.01000
 Time :      6.01000
 Time :      7.01000
 Time :      8.01000
 Time :      9.01000
 Time :     10.01000
 Time :     11.01000
 Time :     12.01000
 Time :     13.01000
 Time :     14.01000
 Time :     15.01000
 Time :     16.01000
 Time :     17.01000
 Time :     18.00000
 Time :     19.00000
 Time :     20.00000
 Time :     21.00000
 Time :     22.00000
 Time :     23.00000
 Time :     24.00000
 Time :     25.00000
 Time :     26.00000
 Time :     27.00000
 Time :     28.00000
 Time :     29.00000
 Time :     30.00000
 Time :     31.00000
 Time :     32.00000
 Time :     33.00000
 Time :     34.00000
 Time :     35.00000
dtime = 23.16721491515636
mbcr =

   6.849722413032245e-05   6.096619856748530e-04

agsout =

 Columns 1 through 3:

   1.426884177664997e-01   9.248439177064404e-03   9.248439177064399e-03
   1.419031916537506e-01   9.299817929686253e-03   9.299817929686257e-03

 Columns 4 and 5:

   9.248439177064397e-03   9.248439177064397e-03
   9.299817929686259e-03   9.299817929686259e-03

ans = 6.153380420910634e-21
ans = -5.813270248657825e-22
ans = 2.806378249148071e-21
ans = -5.814433471394228e-22
ans = 2.806429947936356e-21
nbcr = 5
lambda0 = 3.501084296647659
kmpl_prod = 0.180000000000000
 Time :      1.00000
 Time :      2.00000
 Time :      3.01000
 Time :      4.01000
 Time :      5.01000
 Time :      6.01000
 Time :      7.01000
 Time :      8.01000
 Time :      9.01000
 Time :     10.01000
 Time :     11.01000
 Time :     12.01000
 Time :     13.01000
 Time :     14.01000
 Time :     15.01000
 Time :     16.01000
 Time :     17.01000
 Time :     18.00000
 Time :     19.00000
 Time :     20.00000
 Time :     21.00000
 Time :     22.00000
 Time :     23.00000
 Time :     24.00000
 Time :     25.00000
 Time :     26.00000
 Time :     27.00000
 Time :     28.00000
 Time :     29.00000
 Time :     30.00000
 Time :     31.00000
 Time :     32.00000
 Time :     33.00000
 Time :     34.00000
 Time :     35.00000
dtime = 22.95028790831566
mbcr =

   6.849722413032245e-05   6.096619856748530e-04   2.142704905110825e-03

agsout =

 Columns 1 through 3:

   1.426884177664997e-01   9.248439177064404e-03   9.248439177064399e-03
   1.419031916537506e-01   9.299817929686253e-03   9.299817929686257e-03
   1.393874513158126e-01   9.272035753920188e-03   9.272035753920195e-03

 Columns 4 and 5:

   9.248439177064397e-03   9.248439177064397e-03
   9.299817929686259e-03   9.299817929686259e-03
   9.272035753920192e-03   9.272035753920198e-03

ans = 2.517084754604721e-23
ans = 1.978230869254122e-20
ans = 1.978130056616967e-20
ans = 1.300473972010263e-20
ans = 1.639504285822779e-20
nbcr = 5
lambda0 = 3.501084296647659
kmpl_prod = 0.180000000000000
 Time :      1.00000
 Time :      2.00000
 Time :      3.01000
 Time :      4.01000
 Time :      5.01000
 Time :      6.01000
 Time :      7.01000
 Time :      8.01000
 Time :      9.01000
 Time :     10.01000
 Time :     11.01000
 Time :     12.01000
 Time :     13.01000
 Time :     14.01000
 Time :     15.01000
 Time :     16.01000
 Time :     17.01000
 Time :     18.00000
 Time :     19.00000
 Time :     20.00000
 Time :     21.00000
 Time :     22.00000
 Time :     23.00000
 Time :     24.00000
 Time :     25.00000
 Time :     26.00000
 Time :     27.00000
 Time :     28.00000
 Time :     29.00000
 Time :     30.00000
 Time :     31.00000
 Time :     32.00000
 Time :     33.00000
 Time :     34.00000
 Time :     35.00000
dtime = 22.90597110986710
mbcr =

 Columns 1 through 3:

   6.849722413032245e-05   6.096619856748530e-04   2.142704905110825e-03

 Column 4:

   1.453117113582833e-02

agsout =

 Columns 1 through 3:

   1.426884177664997e-01   9.248439177064404e-03   9.248439177064399e-03
   1.419031916537506e-01   9.299817929686253e-03   9.299817929686257e-03
   1.393874513158126e-01   9.272035753920188e-03   9.272035753920195e-03
   1.205262150557315e-01   9.060347171134535e-03   9.060347171134528e-03

 Columns 4 and 5:

   9.248439177064397e-03   9.248439177064397e-03
   9.299817929686259e-03   9.299817929686259e-03
   9.272035753920192e-03   9.272035753920198e-03
   9.060347171134532e-03   9.060347171134532e-03

ans = -4.095061020020333e-21
ans = 2.878200790772402e-22
ans = 3.674904967631679e-21
ans = 7.063889786655576e-21
ans = 7.063902711352647e-21
nbcr = 5
lambda0 = 3.501084296647659
kmpl_prod = 0.180000000000000
 Time :      1.00000
 Time :      2.00000
 Time :      3.01000
 Time :      4.01000
 Time :      5.01000
 Time :      6.01000
 Time :      7.01000
 Time :      8.01000
 Time :      9.01000
 Time :     10.01000
 Time :     11.01000
 Time :     12.01000
 Time :     13.01000
 Time :     14.01000
 Time :     15.01000
 Time :     16.01000
 Time :     17.01000
 Time :     18.00000
 Time :     19.00000
 Time :     20.00000
 Time :     21.00000
 Time :     22.00000
 Time :     23.00000
 Time :     24.00000
 Time :     25.00000
 Time :     26.00000
 Time :     27.00000
 Time :     28.00000
 Time :     29.00000
 Time :     30.00000
 Time :     31.00000
 Time :     32.00000
 Time :     33.00000
 Time :     34.00000
 Time :     35.00000
dtime = 22.86685444414616
mbcr =

 Columns 1 through 3:

   6.849722413032245e-05   6.096619856748530e-04   2.142704905110825e-03

 Columns 4 and 5:

   1.453117113582833e-02   9.964812530464466e-03

agsout =

 Columns 1 through 3:

   1.426884177664997e-01   9.248439177064404e-03   9.248439177064399e-03
   1.419031916537506e-01   9.299817929686253e-03   9.299817929686257e-03
   1.393874513158126e-01   9.272035753920188e-03   9.272035753920195e-03
   1.205262150557315e-01   9.060347171134535e-03   9.060347171134528e-03
   1.273847581378533e-01   9.136639731292275e-03   9.136639731292273e-03

 Columns 4 and 5:

   9.248439177064397e-03   9.248439177064397e-03
   9.299817929686259e-03   9.299817929686259e-03
   9.272035753920192e-03   9.272035753920198e-03
   9.060347171134532e-03   9.060347171134532e-03
   9.136639731292272e-03   9.136639731292277e-03

ans = 5.536216442240845e-21
ans = 7.645436531371568e-21
ans = 8.691729533371650e-22
ans = 7.645720874707133e-21
ans = 4.254965372184490e-21
nbcr = 5
lambda0 = 3.501084296647659
kmpl_prod = 0.180000000000000
 Time :      1.00000
 Time :      2.00000
 Time :      3.01000
 Time :      4.01000
 Time :      5.01000
 Time :      6.01000
 Time :      7.01000
 Time :      8.01000
 Time :      9.01000
 Time :     10.01000
 Time :     11.01000
 Time :     12.01000
 Time :     13.01000
 Time :     14.01000
 Time :     15.01000
 Time :     16.01000
 Time :     17.01000
 Time :     18.00000
 Time :     19.00000
 Time :     20.00000
 Time :     21.00000
 Time :     22.00000
 Time :     23.00000
 Time :     24.00000
 Time :     25.00000
 Time :     26.00000
 Time :     27.00000
 Time :     28.00000
 Time :     29.00000
 Time :     30.00000
 Time :     31.00000
 Time :     32.00000
 Time :     33.00000
 Time :     34.00000
 Time :     35.00000
dtime = 22.86612018942833
mbcr =

 Columns 1 through 3:

   6.849722413032245e-05   6.096619856748530e-04   2.142704905110825e-03

 Columns 4 through 6:

   1.453117113582833e-02   9.964812530464466e-03   6.734604078982802e-02

agsout =

 Columns 1 through 3:

   1.426884177664997e-01   9.248439177064404e-03   9.248439177064399e-03
   1.419031916537506e-01   9.299817929686253e-03   9.299817929686257e-03
   1.393874513158126e-01   9.272035753920188e-03   9.272035753920195e-03
   1.205262150557315e-01   9.060347171134535e-03   9.060347171134528e-03
   1.273847581378533e-01   9.136639731292275e-03   9.136639731292273e-03
   4.393905515517808e-02   8.268059952549579e-03   8.268059952549580e-03

 Columns 4 and 5:

   9.248439177064397e-03   9.248439177064397e-03
   9.299817929686259e-03   9.299817929686259e-03
   9.272035753920192e-03   9.272035753920198e-03
   9.060347171134532e-03   9.060347171134532e-03
   9.136639731292272e-03   9.136639731292277e-03
   8.268059952549579e-03   8.268059952549579e-03

ans = 1.633681709792230e-22
ans = 6.940252134473040e-21
ans = 1.611063489917733e-22
ans = 1.618301320277572e-22
ans = 3.553218944706886e-21
dkps =

 Columns 1 through 3:

   2.533690567015133e+01   1.162119428046202e+00   2.932448355881806e+00

 Columns 4 through 6:

   1.606346663278134e+00   3.507900799197782e+02   1.173286368945345e+00

nbcr = 7
lambda0 = 3.501084296647659
kmpl_prod = 0.180000000000000
 Time :      1.00000
 Time :      2.00000
 Time :      3.01000
 Time :      4.01000
 Time :      5.01000
 Time :      6.01000
 Time :      7.01000
 Time :      8.01000
 Time :      9.01000
 Time :     10.01000
 Time :     11.01000
 Time :     12.01000
 Time :     13.01000
 Time :     14.01000
 Time :     15.01000
 Time :     16.01000
 Time :     17.01000
 Time :     18.00000
 Time :     19.00000
 Time :     20.00000
 Time :     21.00000
 Time :     22.00000
 Time :     23.00000
 Time :     24.00000
 Time :     25.00000
 Time :     26.00000
 Time :     27.00000
 Time :     28.00000
 Time :     29.00000
 Time :     30.00000
 Time :     31.00000
 Time :     32.00000
 Time :     33.00000
 Time :     34.00000
 Time :     35.00000
dtime = 32.58794434368610
mbcr = 5.037426307393833e-05
agsout =

 Columns 1 through 3:

   1.031687152394112e-01   7.613282653668159e-03   7.613282653668167e-03

 Columns 4 through 6:

   7.613282653668163e-03   7.613282653668174e-03   7.613282653668166e-03

 Column 7:

   7.613282653668169e-03

ans = 6.891195361266919e-21
ans = 3.015435224273778e-21
ans = 3.016908639739888e-21
ans = 6.405428169669223e-21
ans = 3.015900513368339e-21
ans = 6.404523440874244e-21
ans = 6.404420043297674e-21
nbcr = 7
lambda0 = 3.501084296647659
kmpl_prod = 0.180000000000000
 Time :      1.00000
 Time :      2.00000
 Time :      3.01000
 Time :      4.01000
 Time :      5.01000
 Time :      6.01000
 Time :      7.01000
 Time :      8.01000
 Time :      9.01000
 Time :     10.01000
 Time :     11.01000
 Time :     12.01000
 Time :     13.01000
 Time :     14.01000
 Time :     15.01000
 Time :     16.01000
 Time :     17.01000
 Time :     18.00000
 Time :     19.00000
 Time :     20.00000
 Time :     21.00000
 Time :     22.00000
 Time :     23.00000
 Time :     24.00000
 Time :     25.00000
 Time :     26.00000
 Time :     27.00000
 Time :     28.00000
 Time :     29.00000
 Time :     30.00000
 Time :     31.00000
 Time :     32.00000
 Time :     33.00000
 Time :     34.00000
 Time :     35.00000
dtime = 32.49423131346703
mbcr =

   5.037426307393833e-05   4.206642515191801e-05

agsout =

 Columns 1 through 3:

   1.031687152394112e-01   7.613282653668159e-03   7.613282653668167e-03
   1.032443283056152e-01   7.656470192414767e-03   7.656470192414768e-03

 Columns 4 through 6:

   7.613282653668163e-03   7.613282653668174e-03   7.613282653668166e-03
   7.656470192414768e-03   7.656470192414771e-03   7.656470192414769e-03

 Column 7:

   7.613282653668169e-03
   7.656470192414767e-03

ans = -9.827434781916319e-21
ans = 3.291144862195359e-21
ans = -9.396254770719549e-23
ans = -9.610804742100490e-23
ans = -3.482533776424816e-21
ans = -9.370405376577267e-23
ans = -1.025799602324081e-20
nbcr = 7
lambda0 = 3.501084296647659
kmpl_prod = 0.180000000000000
 Time :      1.00000
 Time :      2.00000
 Time :      3.01000
 Time :      4.01000
 Time :      5.01000
 Time :      6.01000
 Time :      7.01000
 Time :      8.01000
 Time :      9.01000
 Time :     10.01000
 Time :     11.01000
 Time :     12.01000
 Time :     13.01000
 Time :     14.01000
 Time :     15.01000
 Time :     16.01000
 Time :     17.01000
 Time :     18.00000
 Time :     19.00000
 Time :     20.00000
 Time :     21.00000
 Time :     22.00000
 Time :     23.00000
 Time :     24.00000
 Time :     25.00000
 Time :     26.00000
 Time :     27.00000
 Time :     28.00000
 Time :     29.00000
 Time :     30.00000
 Time :     31.00000
 Time :     32.00000
 Time :     33.00000
 Time :     34.00000
 Time :     35.00000
dtime = 32.16065838932991
mbcr =

   5.037426307393833e-05   4.206642515191801e-05   1.748078800010458e-02

agsout =

 Columns 1 through 3:

   1.031687152394112e-01   7.613282653668159e-03   7.613282653668167e-03
   1.032443283056152e-01   7.656470192414767e-03   7.656470192414768e-03
   7.487769740972870e-02   7.374328906964192e-03   7.374328906964193e-03

 Columns 4 through 6:

   7.613282653668163e-03   7.613282653668174e-03   7.613282653668166e-03
   7.656470192414768e-03   7.656470192414771e-03   7.656470192414769e-03
   7.374328906964191e-03   7.374328906964193e-03   7.374328906964188e-03

 Column 7:

   7.613282653668169e-03
   7.656470192414767e-03
   7.374328906964190e-03

ans = 2.183343226833717e-21
ans = -1.057240220419338e-22
ans = -1.059566665892144e-22
ans = -1.059825159833567e-22
ans = 3.286388573673179e-21
ans = -6.880695130369222e-21
ans = -3.494114305000558e-21
nbcr = 7
lambda0 = 3.501084296647659
kmpl_prod = 0.180000000000000
 Time :      1.00000
 Time :      2.00000
 Time :      3.01000
 Time :      4.01000
 Time :      5.01000
 Time :      6.01000
 Time :      7.01000
 Time :      8.01000
 Time :      9.01000
 Time :     10.01000
 Time :     11.01000
 Time :     12.01000
 Time :     13.01000
 Time :     14.01000
 Time :     15.01000
 Time :     16.01000
 Time :     17.01000
 Time :     18.00000
 Time :     19.00000
 Time :     20.00000
 Time :     21.00000
 Time :     22.00000
 Time :     23.00000
 Time :     24.00000
 Time :     25.00000
 Time :     26.00000
 Time :     27.00000
 Time :     28.00000
 Time :     29.00000
 Time :     30.00000
 Time :     31.00000
 Time :     32.00000
 Time :     33.00000
 Time :     34.00000
 Time :     35.00000
dtime = 32.18748383224010
mbcr =

 Columns 1 through 3:

   5.037426307393833e-05   4.206642515191801e-05   1.748078800010458e-02

 Column 4:

   5.743613256985013e-02

agsout =

 Columns 1 through 3:

   1.031687152394112e-01   7.613282653668159e-03   7.613282653668167e-03
   1.032443283056152e-01   7.656470192414767e-03   7.656470192414768e-03
   7.487769740972870e-02   7.374328906964192e-03   7.374328906964193e-03
   1.880396469298090e-02   6.909906362402958e-03   6.909906362402957e-03

 Columns 4 through 6:

   7.613282653668163e-03   7.613282653668174e-03   7.613282653668166e-03
   7.656470192414768e-03   7.656470192414771e-03   7.656470192414769e-03
   7.374328906964191e-03   7.374328906964193e-03   7.374328906964188e-03
   6.909906362402959e-03   6.909906362402962e-03   6.909906362402960e-03

 Column 7:

   7.613282653668169e-03
   7.656470192414767e-03
   7.374328906964190e-03
   6.909906362402959e-03

ans = 3.291351657348497e-21
ans = -5.988167249424506e-21
ans = 7.871140516324904e-22
ans = -1.276931636295180e-20
ans = -1.277205639873088e-20
ans = -1.277552021754595e-20
ans = 7.812979379504769e-22
nbcr = 7
lambda0 = 3.501084296647659
kmpl_prod = 0.180000000000000
 Time :      1.00000
 Time :      2.00000
 Time :      3.01000
 Time :      4.01000
 Time :      5.01000
 Time :      6.01000
 Time :      7.01000
 Time :      8.01000
 Time :      9.01000
 Time :     10.01000
 Time :     11.01000
 Time :     12.01000
 Time :     13.01000
 Time :     14.01000
 Time :     15.01000
 Time :     16.01000
 Time :     17.01000
 Time :     18.00000
 Time :     19.00000
 Time :     20.00000
 Time :     21.00000
 Time :     22.00000
 Time :     23.00000
 Time :     24.00000
 Time :     25.00000
 Time :     26.00000
 Time :     27.00000
 Time :     28.00000
 Time :     29.00000
 Time :     30.00000
 Time :     31.00000
 Time :     32.00000
 Time :     33.00000
 Time :     34.00000
 Time :     35.00000
dtime = 32.41911605000496
mbcr =

 Columns 1 through 3:

   5.037426307393833e-05   4.206642515191801e-05   1.748078800010458e-02

 Columns 4 and 5:

   5.743613256985013e-02   7.587305687961315e-02

agsout =

 Columns 1 through 3:

   1.031687152394112e-01   7.613282653668159e-03   7.613282653668167e-03
   1.032443283056152e-01   7.656470192414767e-03   7.656470192414768e-03
   7.487769740972870e-02   7.374328906964192e-03   7.374328906964193e-03
   1.880396469298090e-02   6.909906362402958e-03   6.909906362402957e-03
   6.271223614202079e-03   6.901135884127505e-03   6.901135884127508e-03

 Columns 4 through 6:

   7.613282653668163e-03   7.613282653668174e-03   7.613282653668166e-03
   7.656470192414768e-03   7.656470192414771e-03   7.656470192414769e-03
   7.374328906964191e-03   7.374328906964193e-03   7.374328906964188e-03
   6.909906362402959e-03   6.909906362402962e-03   6.909906362402960e-03
   6.901135884127504e-03   6.901135884127503e-03   6.901135884127504e-03

 Column 7:

   7.613282653668169e-03
   7.656470192414767e-03
   7.374328906964190e-03
   6.909906362402959e-03
   6.901135884127504e-03

ans = 9.098986738083304e-22
ans = -2.554747321870026e-21
ans = -2.552834466703497e-21
ans = 8.365380932325338e-22
ans = 8.373911232392291e-22
ans = 4.220714924945966e-21
ans = 8.356592138316962e-22
nbcr = 7
lambda0 = 3.501084296647659
kmpl_prod = 0.180000000000000
 Time :      1.00000
 Time :      2.00000
 Time :      3.01000
 Time :      4.01000
 Time :      5.01000
 Time :      6.01000
 Time :      7.01000
 Time :      8.01000
 Time :      9.01000
 Time :     10.01000
 Time :     11.01000
 Time :     12.01000
 Time :     13.01000
 Time :     14.01000
 Time :     15.01000
 Time :     16.01000
 Time :     17.01000
 Time :     18.00000
 Time :     19.00000
 Time :     20.00000
 Time :     21.00000
 Time :     22.00000
 Time :     23.00000
 Time :     24.00000
 Time :     25.00000
 Time :     26.00000
 Time :     27.00000
 Time :     28.00000
 Time :     29.00000
 Time :     30.00000
 Time :     31.00000
 Time :     32.00000
 Time :     33.00000
 Time :     34.00000
 Time :     35.00000
dtime = 32.48742185533047
mbcr =

 Columns 1 through 3:

   5.037426307393833e-05   4.206642515191801e-05   1.748078800010458e-02

 Columns 4 through 6:

   5.743613256985013e-02   7.587305687961315e-02   7.196061471260048e-05

agsout =

 Columns 1 through 3:

   1.031687152394112e-01   7.613282653668159e-03   7.613282653668167e-03
   1.032443283056152e-01   7.656470192414767e-03   7.656470192414768e-03
   7.487769740972870e-02   7.374328906964192e-03   7.374328906964193e-03
   1.880396469298090e-02   6.909906362402958e-03   6.909906362402957e-03
   6.271223614202079e-03   6.901135884127505e-03   6.901135884127508e-03
   1.031794121512996e-01   7.655953611324965e-03   7.655953611324959e-03

 Columns 4 through 6:

   7.613282653668163e-03   7.613282653668174e-03   7.613282653668166e-03
   7.656470192414768e-03   7.656470192414771e-03   7.656470192414769e-03
   7.374328906964191e-03   7.374328906964193e-03   7.374328906964188e-03
   6.909906362402959e-03   6.909906362402962e-03   6.909906362402960e-03
   6.901135884127504e-03   6.901135884127503e-03   6.901135884127504e-03
   7.655953611324965e-03   7.655953611324962e-03   7.655953611324962e-03

 Column 7:

   7.613282653668169e-03
   7.656470192414767e-03
   7.374328906964190e-03
   6.909906362402959e-03
   6.901135884127504e-03
   7.655953611324963e-03

ans = 7.799489226936766e-22
ans = -1.632001499172981e-21
ans = 5.140203723981083e-21
ans = 5.143383199460584e-21
ans = -1.629907698247456e-21
ans = 5.142892060971880e-21
ans = -1.632854529179677e-21
dkps =

 Columns 1 through 4:

   6.232194667336255   0.687301505435017   4.076734285135188   0.998525833838569

 Columns 5 and 6:

   6.957057537345388   2.976676640373576

nbcr = 10
lambda0 = 3.501084296647659
kmpl_prod = 0.180000000000000
 Time :      1.00000
 Time :      2.00000
 Time :      3.01000
 Time :      4.01000
 Time :      5.01000
 Time :      6.01000
 Time :      7.01000
 Time :      8.01000
 Time :      9.01000
 Time :     10.01000
 Time :     11.01000
 Time :     12.01000
 Time :     13.01000
 Time :     14.01000
 Time :     15.01000
 Time :     16.01000
 Time :     17.01000
 Time :     18.00000
 Time :     19.00000
 Time :     20.00000
 Time :     21.00000
 Time :     22.00000
 Time :     23.00000
 Time :     24.00000
 Time :     25.00000
 Time :     26.00000
 Time :     27.00000
 Time :     28.00000
 Time :     29.00000
 Time :     30.00000
 Time :     31.00000
 Time :     32.00000
 Time :     33.00000
 Time :     34.00000
 Time :     35.00000
dtime = 46.84248380362988
mbcr = 3.994266784673908e-05
agsout =

 Columns 1 through 3:

   7.342407135163377e-02   6.411901908563431e-03   6.411901908563424e-03

 Columns 4 through 6:

   6.411901908563422e-03   6.411901908563424e-03   6.411901908563426e-03

 Columns 7 through 9:

   6.411901908563425e-03   6.411901908563425e-03   6.411901908563422e-03

 Column 10:

   6.411901908563424e-03

ans = 1.525168199858787e-21
ans = -2.873108460126373e-21
ans = -6.259379092765330e-21
ans = -6.254674503031434e-21
ans = -2.868352171604193e-21
ans = -6.256845852139386e-21
ans = -6.262067429756127e-21
ans = -6.257724731540223e-21
ans = -2.872177881937250e-21
ans = -6.263670092192948e-21
nbcr = 10
lambda0 = 3.501084296647659
kmpl_prod = 0.180000000000000
 Time :      1.00000
 Time :      2.00000
 Time :      3.01000
 Time :      4.01000
 Time :      5.01000
 Time :      6.01000
 Time :      7.01000
 Time :      8.01000
 Time :      9.01000
 Time :     10.01000
 Time :     11.01000
 Time :     12.01000
 Time :     13.01000
 Time :     14.01000
 Time :     15.01000
 Time :     16.01000
 Time :     17.01000
 Time :     18.00000
 Time :     19.00000
 Time :     20.00000
 Time :     21.00000
 Time :     22.00000
 Time :     23.00000
 Time :     24.00000
 Time :     25.00000
 Time :     26.00000
 Time :     27.00000
 Time :     28.00000
 Time :     29.00000
 Time :     30.00000
 Time :     31.00000
 Time :     32.00000
 Time :     33.00000
 Time :     34.00000
 Time :     35.00000
dtime = 46.66731879115105
mbcr =

   3.994266784673908e-05   6.465131763392448e-05

agsout =

 Columns 1 through 3:

   7.342407135163377e-02   6.411901908563431e-03   6.411901908563424e-03
   7.341221413120162e-02   6.438505137497175e-03   6.438505137497172e-03

 Columns 4 through 6:

   6.411901908563422e-03   6.411901908563424e-03   6.411901908563426e-03
   6.438505137497174e-03   6.438505137497174e-03   6.438505137497171e-03

 Columns 7 through 9:

   6.411901908563425e-03   6.411901908563425e-03   6.411901908563422e-03
   6.438505137497171e-03   6.438505137497173e-03   6.438505137497171e-03

 Column 10:

   6.411901908563424e-03
   6.438505137497171e-03

ans = -2.114221946897254e-21
ans = 5.527065756714477e-21
ans = 5.532183936754649e-21
ans = 8.915042449366825e-21
ans = 1.230679315356395e-20
ans = 5.526962359137908e-21
ans = 8.909148787502385e-21
ans = 8.916851906956785e-21
ans = 1.569151282255437e-20
ans = 8.917679087569338e-21
nbcr = 10
lambda0 = 3.501084296647659
kmpl_prod = 0.180000000000000
 Time :      1.00000
 Time :      2.00000
 Time :      3.01000
 Time :      4.01000
 Time :      5.01000
 Time :      6.01000
 Time :      7.01000
 Time :      8.01000
 Time :      9.01000
 Time :     10.01000
 Time :     11.01000
 Time :     12.01000
 Time :     13.01000
 Time :     14.01000
 Time :     15.01000
 Time :     16.01000
 Time :     17.01000
 Time :     18.00000
 Time :     19.00000
 Time :     20.00000
 Time :     21.00000
 Time :     22.00000
 Time :     23.00000
 Time :     24.00000
 Time :     25.00000
 Time :     26.00000
 Time :     27.00000
 Time :     28.00000
 Time :     29.00000
 Time :     30.00000
 Time :     31.00000
 Time :     32.00000
 Time :     33.00000
 Time :     34.00000
 Time :     35.00000
dtime = 46.83672040700912
mbcr =

   3.994266784673908e-05   6.465131763392448e-05   5.446100915124687e-02

agsout =

 Columns 1 through 3:

   7.342407135163377e-02   6.411901908563431e-03   6.411901908563424e-03
   7.341221413120162e-02   6.438505137497175e-03   6.438505137497172e-03
   4.425745270566747e-03   5.969173734181859e-03   5.969173734181848e-03

 Columns 4 through 6:

   6.411901908563422e-03   6.411901908563424e-03   6.411901908563426e-03
   6.438505137497174e-03   6.438505137497174e-03   6.438505137497171e-03
   5.969173734181850e-03   5.969173734181850e-03   5.969173734181851e-03

 Columns 7 through 9:

   6.411901908563425e-03   6.411901908563425e-03   6.411901908563422e-03
   6.438505137497171e-03   6.438505137497173e-03   6.438505137497171e-03
   5.969173734181850e-03   5.969173734181852e-03   5.969173734181850e-03

 Column 10:

   6.411901908563424e-03
   6.438505137497171e-03
   5.969173734181849e-03

ans = 6.073160057364329e-21
ans = -4.280659669961918e-22
ans = -4.326671591535180e-22
ans = -4.270836900187851e-22
ans = 2.959186942620172e-21
ans = -4.317365809643959e-22
ans = -3.816973237837662e-21
ans = -4.317882797526804e-22
ans = -4.279625694196227e-22
ans = -3.816094358436824e-21
nbcr = 10
lambda0 = 3.501084296647659
kmpl_prod = 0.180000000000000
 Time :      1.00000
 Time :      2.00000
 Time :      3.01000
 Time :      4.01000
 Time :      5.01000
 Time :      6.01000
 Time :      7.01000
 Time :      8.01000
 Time :      9.01000
 Time :     10.01000
 Time :     11.01000
 Time :     12.01000
 Time :     13.01000
 Time :     14.01000
 Time :     15.01000
 Time :     16.01000
 Time :     17.01000
 Time :     18.00000
 Time :     19.00000
 Time :     20.00000
 Time :     21.00000
 Time :     22.00000
 Time :     23.00000
 Time :     24.00000
 Time :     25.00000
 Time :     26.00000
 Time :     27.00000
 Time :     28.00000
 Time :     29.00000
 Time :     30.00000
 Time :     31.00000
 Time :     32.00000
 Time :     33.00000
 Time :     34.00000
 Time :     35.00000
dtime = 46.60936295986176
mbcr =

 Columns 1 through 3:

   3.994266784673908e-05   6.465131763392448e-05   5.446100915124687e-02

 Column 4:

   5.007674223407244e-02

agsout =

 Columns 1 through 3:

   7.342407135163377e-02   6.411901908563431e-03   6.411901908563424e-03
   7.341221413120162e-02   6.438505137497175e-03   6.438505137497172e-03
   4.425745270566747e-03   5.969173734181859e-03   5.969173734181848e-03
   6.212000898559780e-03   5.966861136716340e-03   5.966861136716343e-03

 Columns 4 through 6:

   6.411901908563422e-03   6.411901908563424e-03   6.411901908563426e-03
   6.438505137497174e-03   6.438505137497174e-03   6.438505137497171e-03
   5.969173734181850e-03   5.969173734181850e-03   5.969173734181851e-03
   5.966861136716336e-03   5.966861136716338e-03   5.966861136716338e-03

 Columns 7 through 9:

   6.411901908563425e-03   6.411901908563425e-03   6.411901908563422e-03
   6.438505137497171e-03   6.438505137497173e-03   6.438505137497171e-03
   5.969173734181850e-03   5.969173734181852e-03   5.969173734181850e-03
   5.966861136716338e-03   5.966861136716338e-03   5.966861136716337e-03

 Column 10:

   6.411901908563424e-03
   6.438505137497171e-03
   5.969173734181849e-03
   5.966861136716340e-03

ans = -2.150256002331595e-21
ans = 5.729414814060262e-21
ans = 1.250976259636914e-20
ans = 1.589065655502651e-20
ans = 9.112635218190429e-21
ans = 2.336268242579458e-21
ans = 1.250510970542353e-20
ans = 9.119459458243992e-21
ans = 5.722693971583268e-21
ans = 9.112635218190429e-21
nbcr = 10
lambda0 = 3.501084296647659
kmpl_prod = 0.180000000000000
 Time :      1.00000
 Time :      2.00000
 Time :      3.01000
 Time :      4.01000
 Time :      5.01000
 Time :      6.01000
 Time :      7.01000
 Time :      8.01000
 Time :      9.01000
 Time :     10.01000
 Time :     11.01000
 Time :     12.01000
 Time :     13.01000
 Time :     14.01000
 Time :     15.01000
 Time :     16.01000
 Time :     17.01000
 Time :     18.00000
 Time :     19.00000
 Time :     20.00000
 Time :     21.00000
 Time :     22.00000
 Time :     23.00000
 Time :     24.00000
 Time :     25.00000
 Time :     26.00000
 Time :     27.00000
 Time :     28.00000
 Time :     29.00000
 Time :     30.00000
 Time :     31.00000
 Time :     32.00000
 Time :     33.00000
 Time :     34.00000
 Time :     35.00000
dtime = 46.77413776516914
mbcr =

 Columns 1 through 3:

   3.994266784673908e-05   6.465131763392448e-05   5.446100915124687e-02

 Columns 4 and 5:

   5.007674223407244e-02   6.502442840405093e-02

agsout =

 Columns 1 through 3:

   7.342407135163377e-02   6.411901908563431e-03   6.411901908563424e-03
   7.341221413120162e-02   6.438505137497175e-03   6.438505137497172e-03
   4.425745270566747e-03   5.969173734181859e-03   5.969173734181848e-03
   6.212000898559780e-03   5.966861136716340e-03   5.966861136716343e-03
   1.603788162064598e-03   6.072844716257650e-03   6.072844716257651e-03

 Columns 4 through 6:

   6.411901908563422e-03   6.411901908563424e-03   6.411901908563426e-03
   6.438505137497174e-03   6.438505137497174e-03   6.438505137497171e-03
   5.969173734181850e-03   5.969173734181850e-03   5.969173734181851e-03
   5.966861136716336e-03   5.966861136716338e-03   5.966861136716338e-03
   6.072844716257651e-03   6.072844716257650e-03   6.072844716257651e-03

 Columns 7 through 9:

   6.411901908563425e-03   6.411901908563425e-03   6.411901908563422e-03
   6.438505137497171e-03   6.438505137497173e-03   6.438505137497171e-03
   5.969173734181850e-03   5.969173734181852e-03   5.969173734181850e-03
   5.966861136716338e-03   5.966861136716338e-03   5.966861136716337e-03
   6.072844716257649e-03   6.072844716257648e-03   6.072844716257648e-03

 Column 10:

   6.411901908563424e-03
   6.438505137497171e-03
   5.969173734181849e-03
   5.966861136716340e-03
   6.072844716257646e-03

ans = 9.912932460835484e-21
ans = 4.332616952187905e-21
ans = 4.334323012201296e-21
ans = 7.721575921817660e-21
ans = 7.722299704853644e-21
ans = 4.335098494025564e-21
ans = 4.338717409205484e-21
ans = 4.334374710989580e-21
ans = 7.724109162443603e-21
ans = 7.720335150898830e-21
nbcr = 10
lambda0 = 3.501084296647659
kmpl_prod = 0.180000000000000
 Time :      1.00000
 Time :      2.00000
 Time :      3.01000
 Time :      4.01000
 Time :      5.01000
 Time :      6.01000
 Time :      7.01000
 Time :      8.01000
 Time :      9.01000
 Time :     10.01000
 Time :     11.01000
 Time :     12.01000
 Time :     13.01000
 Time :     14.01000
 Time :     15.01000
 Time :     16.01000
 Time :     17.01000
 Time :     18.00000
 Time :     19.00000
 Time :     20.00000
 Time :     21.00000
 Time :     22.00000
 Time :     23.00000
 Time :     24.00000
 Time :     25.00000
 Time :     26.00000
 Time :     27.00000
 Time :     28.00000
 Time :     29.00000
 Time :     30.00000
 Time :     31.00000
 Time :     32.00000
 Time :     33.00000
 Time :     34.00000
 Time :     35.00000
dtime = 46.66945114731789
mbcr =

 Columns 1 through 3:

   3.994266784673908e-05   6.465131763392448e-05   5.446100915124687e-02

 Columns 4 through 6:

   5.007674223407244e-02   6.502442840405093e-02   4.968232797744199e-02

agsout =

 Columns 1 through 3:

   7.342407135163377e-02   6.411901908563431e-03   6.411901908563424e-03
   7.341221413120162e-02   6.438505137497175e-03   6.438505137497172e-03
   4.425745270566747e-03   5.969173734181859e-03   5.969173734181848e-03
   6.212000898559780e-03   5.966861136716340e-03   5.966861136716343e-03
   1.603788162064598e-03   6.072844716257650e-03   6.072844716257651e-03
   6.521298442543642e-03   5.960114414723538e-03   5.960114414723544e-03

 Columns 4 through 6:

   6.411901908563422e-03   6.411901908563424e-03   6.411901908563426e-03
   6.438505137497174e-03   6.438505137497174e-03   6.438505137497171e-03
   5.969173734181850e-03   5.969173734181850e-03   5.969173734181851e-03
   5.966861136716336e-03   5.966861136716338e-03   5.966861136716338e-03
   6.072844716257651e-03   6.072844716257650e-03   6.072844716257651e-03
   5.960114414723547e-03   5.960114414723544e-03   5.960114414723540e-03

 Columns 7 through 9:

   6.411901908563425e-03   6.411901908563425e-03   6.411901908563422e-03
   6.438505137497171e-03   6.438505137497173e-03   6.438505137497171e-03
   5.969173734181850e-03   5.969173734181852e-03   5.969173734181850e-03
   5.966861136716338e-03   5.966861136716338e-03   5.966861136716337e-03
   6.072844716257649e-03   6.072844716257648e-03   6.072844716257648e-03
   5.960114414723545e-03   5.960114414723548e-03   5.960114414723547e-03

 Column 10:

   6.411901908563424e-03
   6.438505137497171e-03
   5.969173734181849e-03
   5.966861136716340e-03
   6.072844716257646e-03
   5.960114414723545e-03

ans = 1.367164116427644e-20
ans = 9.928442097320853e-21
ans = -2.333683303165229e-22
ans = 1.331538481420751e-20
ans = 9.921204266961014e-21
ans = 3.148456206529962e-21
ans = 6.536691393123732e-21
ans = 9.928390398532568e-21
ans = 3.153419290205280e-21
ans = 9.930044759757674e-21
dkps =

 Columns 1 through 3:

   3.232757749280506e+00   1.042056252431190e+01   1.930527963473512e+01

 Columns 4 through 6:

   6.747920066167258e-01   6.757422318770281e+01   3.714665221519705e+00

nbcr = 15
lambda0 = 3.501084296647659
kmpl_prod = 0.180000000000000
 Time :      1.00000
 Time :      2.00000
 Time :      3.01000
 Time :      4.01000
 Time :      5.01000
 Time :      6.01000
 Time :      7.01000
 Time :      8.01000
 Time :      9.01000
 Time :     10.01000
 Time :     11.01000
 Time :     12.01000
 Time :     13.01000
 Time :     14.01000
 Time :     15.01000
 Time :     16.01000
 Time :     17.01000
 Time :     18.00000
 Time :     19.00000
 Time :     20.00000
 Time :     21.00000
 Time :     22.00000
 Time :     23.00000
 Time :     24.00000
 Time :     25.00000
 Time :     26.00000
 Time :     27.00000
 Time :     28.00000
 Time :     29.00000
 Time :     30.00000
 Time :     31.00000
 Time :     32.00000
 Time :     33.00000
 Time :     34.00000
 Time :     35.00000
dtime = 72.59530127048492
mbcr = 3.279432181940982e-05
agsout =

 Columns 1 through 3:

   5.022660418808790e-02   5.488909553876570e-03   5.488909553876567e-03

 Columns 4 through 6:

   5.488909553876566e-03   5.488909553876562e-03   5.488909553876571e-03

 Columns 7 through 9:

   5.488909553876562e-03   5.488909553876570e-03   5.488909553876566e-03

 Columns 10 through 12:

   5.488909553876569e-03   5.488909553876566e-03   5.488909553876567e-03

 Columns 13 through 15:

   5.488909553876566e-03   5.488909553876568e-03   5.488909553876567e-03

ans = 3.523575659725019e-21
ans = -2.327686243724220e-21
ans = 1.062410099247795e-21
ans = 1.060652340446120e-21
ans = -2.328616821913342e-21
ans = 1.065201833815161e-21
ans = 1.060755738022689e-21
ans = 1.062513496824364e-21
ans = 1.062306701671226e-21
ans = 1.062513496824364e-21
ans = -2.328306629183635e-21
ans = -5.716438418200836e-21
ans = 1.059618364680428e-21
ans = 1.060548942869551e-21
ans = 1.059721762256998e-21
nbcr = 15
lambda0 = 3.501084296647659
kmpl_prod = 0.180000000000000
 Time :      1.00000
 Time :      2.00000
 Time :      3.01000
 Time :      4.01000
 Time :      5.01000
 Time :      6.01000
 Time :      7.01000
 Time :      8.01000
 Time :      9.01000
 Time :     10.01000
 Time :     11.01000
 Time :     12.01000
 Time :     13.01000
 Time :     14.01000
 Time :     15.01000
 Time :     16.01000
 Time :     17.01000
 Time :     18.00000
 Time :     19.00000
 Time :     20.00000
 Time :     21.00000
 Time :     22.00000
 Time :     23.00000
 Time :     24.00000
 Time :     25.00000
 Time :     26.00000
 Time :     27.00000
 Time :     28.00000
 Time :     29.00000
 Time :     30.00000
 Time :     31.00000
 Time :     32.00000
 Time :     33.00000
 Time :     34.00000
 Time :     35.00000
dtime = 72.69522026181221
mbcr =

   3.279432181940982e-05   6.371834220626180e-05

agsout =

 Columns 1 through 3:

   5.022660418808790e-02   5.488909553876570e-03   5.488909553876567e-03
   5.017835645398081e-02   5.499453986493294e-03   5.499453986493298e-03

 Columns 4 through 6:

   5.488909553876566e-03   5.488909553876562e-03   5.488909553876571e-03
   5.499453986493303e-03   5.499453986493302e-03   5.499453986493306e-03

 Columns 7 through 9:

   5.488909553876562e-03   5.488909553876570e-03   5.488909553876566e-03
   5.499453986493296e-03   5.499453986493302e-03   5.499453986493295e-03

 Columns 10 through 12:

   5.488909553876569e-03   5.488909553876566e-03   5.488909553876567e-03
   5.499453986493301e-03   5.499453986493303e-03   5.499453986493305e-03

 Columns 13 through 15:

   5.488909553876566e-03   5.488909553876568e-03   5.488909553876567e-03
   5.499453986493303e-03   5.499453986493303e-03   5.499453986493305e-03

ans = -3.757674727675266e-21
ans = 3.599993423407346e-21
ans = -3.180716250419530e-21
ans = -3.178544901311578e-21
ans = 2.161009350294785e-22
ans = -9.950775973859785e-21
ans = -3.173892010365967e-21
ans = -6.552718017491947e-21
ans = -6.558921872086095e-21
ans = -3.173685215212829e-21
ans = -6.560576233311201e-21
ans = -3.182784201950912e-21
ans = -3.176787142509903e-21
ans = 2.212708138579349e-22
ans = -3.171927456411154e-21
nbcr = 15
lambda0 = 3.501084296647659
kmpl_prod = 0.180000000000000
 Time :      1.00000
 Time :      2.00000
 Time :      3.01000
 Time :      4.01000
 Time :      5.01000
 Time :      6.01000
 Time :      7.01000
 Time :      8.01000
 Time :      9.01000
 Time :     10.01000
 Time :     11.01000
 Time :     12.01000
 Time :     13.01000
 Time :     14.01000
 Time :     15.01000
 Time :     16.01000
 Time :     17.01000
 Time :     18.00000
 Time :     19.00000
 Time :     20.00000
 Time :     21.00000
 Time :     22.00000
 Time :     23.00000
 Time :     24.00000
 Time :     25.00000
 Time :     26.00000
 Time :     27.00000
 Time :     28.00000
 Time :     29.00000
 Time :     30.00000
 Time :     31.00000
 Time :     32.00000
 Time :     33.00000
 Time :     34.00000
 Time :     35.00000
dtime = 72.00340144336224
mbcr =

   3.279432181940982e-05   6.371834220626180e-05   3.987797469252904e-03

agsout =

 Columns 1 through 3:

   5.022660418808790e-02   5.488909553876570e-03   5.488909553876567e-03
   5.017835645398081e-02   5.499453986493294e-03   5.499453986493298e-03
   4.208850994503428e-02   5.439432509450720e-03   5.439432509450718e-03

 Columns 4 through 6:

   5.488909553876566e-03   5.488909553876562e-03   5.488909553876571e-03
   5.499453986493303e-03   5.499453986493302e-03   5.499453986493306e-03
   5.439432509450717e-03   5.439432509450727e-03   5.439432509450730e-03

 Columns 7 through 9:

   5.488909553876562e-03   5.488909553876570e-03   5.488909553876566e-03
   5.499453986493296e-03   5.499453986493302e-03   5.499453986493295e-03
   5.439432509450726e-03   5.439432509450731e-03   5.439432509450731e-03

 Columns 10 through 12:

   5.488909553876569e-03   5.488909553876566e-03   5.488909553876567e-03
   5.499453986493301e-03   5.499453986493303e-03   5.499453986493305e-03
   5.439432509450730e-03   5.439432509450727e-03   5.439432509450726e-03

 Columns 13 through 15:

   5.488909553876566e-03   5.488909553876568e-03   5.488909553876567e-03
   5.499453986493303e-03   5.499453986493303e-03   5.499453986493305e-03
   5.439432509450728e-03   5.439432509450730e-03   5.439432509450732e-03

ans = 1.089293469155768e-22
ans = -1.871496135901225e-23
ans = -3.398678341827252e-21
ans = -3.394542438764487e-21
ans = -3.401263281241481e-21
ans = -3.618915179919496e-24
ans = 3.375207091946060e-21
ans = -3.411086051015548e-21
ans = -2.005912985441092e-23
ans = -3.397644366061561e-21
ans = -3.398988534556960e-21
ans = -6.793427575744878e-21
ans = -3.405605979457384e-21
ans = 3.369416827658189e-21
ans = 3.370450803423880e-21
nbcr = 15
lambda0 = 3.501084296647659
kmpl_prod = 0.180000000000000
 Time :      1.00000
 Time :      2.00000
 Time :      3.01000
 Time :      4.01000
 Time :      5.01000
 Time :      6.01000
 Time :      7.01000
 Time :      8.01000
 Time :      9.01000
 Time :     10.01000
 Time :     11.01000
 Time :     12.01000
 Time :     13.01000
 Time :     14.01000
 Time :     15.01000
 Time :     16.01000
 Time :     17.01000
 Time :     18.00000
 Time :     19.00000
 Time :     20.00000
 Time :     21.00000
 Time :     22.00000
 Time :     23.00000
 Time :     24.00000
 Time :     25.00000
 Time :     26.00000
 Time :     27.00000
 Time :     28.00000
 Time :     29.00000
 Time :     30.00000
 Time :     31.00000
 Time :     32.00000
 Time :     33.00000
 Time :     34.00000
 Time :     35.00000
dtime = 72.01811671257019
mbcr =

 Columns 1 through 3:

   3.279432181940982e-05   6.371834220626180e-05   3.987797469252904e-03

 Column 4:

   1.698883768830135e-03

agsout =

 Columns 1 through 3:

   5.022660418808790e-02   5.488909553876570e-03   5.488909553876567e-03
   5.017835645398081e-02   5.499453986493294e-03   5.499453986493298e-03
   4.208850994503428e-02   5.439432509450720e-03   5.439432509450718e-03
   4.658548509983940e-02   5.474016247701893e-03   5.474016247701904e-03

 Columns 4 through 6:

   5.488909553876566e-03   5.488909553876562e-03   5.488909553876571e-03
   5.499453986493303e-03   5.499453986493302e-03   5.499453986493306e-03
   5.439432509450717e-03   5.439432509450727e-03   5.439432509450730e-03
   5.474016247701896e-03   5.474016247701895e-03   5.474016247701888e-03

 Columns 7 through 9:

   5.488909553876562e-03   5.488909553876570e-03   5.488909553876566e-03
   5.499453986493296e-03   5.499453986493302e-03   5.499453986493295e-03
   5.439432509450726e-03   5.439432509450731e-03   5.439432509450731e-03
   5.474016247701894e-03   5.474016247701892e-03   5.474016247701899e-03

 Columns 10 through 12:

   5.488909553876569e-03   5.488909553876566e-03   5.488909553876567e-03
   5.499453986493301e-03   5.499453986493303e-03   5.499453986493305e-03
   5.439432509450730e-03   5.439432509450727e-03   5.439432509450726e-03
   5.474016247701895e-03   5.474016247701891e-03   5.474016247701893e-03

 Columns 13 through 15:

   5.488909553876566e-03   5.488909553876568e-03   5.488909553876567e-03
   5.499453986493303e-03   5.499453986493303e-03   5.499453986493305e-03
   5.439432509450728e-03   5.439432509450730e-03   5.439432509450732e-03
   5.474016247701892e-03   5.474016247701891e-03   5.474016247701889e-03

ans = 4.761871991314642e-21
ans = 7.983326886902408e-21
ans = 1.204685164606916e-21
ans = 1.201790032462980e-21
ans = -5.574163352841715e-21
ans = 1.201996827616118e-21
ans = 1.201583237309842e-21
ans = 4.595401893038345e-21
ans = 4.588060665101937e-21
ans = 4.598710615488557e-21
ans = 1.202720610652102e-21
ans = 1.202824008228671e-21
ans = 4.594367917272654e-21
ans = -2.186134961401083e-21
ans = 7.969575009218714e-21
nbcr = 15
lambda0 = 3.501084296647659
kmpl_prod = 0.180000000000000
 Time :      1.00000
 Time :      2.00000
 Time :      3.01000
 Time :      4.01000
 Time :      5.01000
 Time :      6.01000
 Time :      7.01000
 Time :      8.01000
 Time :      9.01000
 Time :     10.01000
 Time :     11.01000
 Time :     12.01000
 Time :     13.01000
 Time :     14.01000
 Time :     15.01000
 Time :     16.01000
 Time :     17.01000
 Time :     18.00000
 Time :     19.00000
 Time :     20.00000
 Time :     21.00000
 Time :     22.00000
 Time :     23.00000
 Time :     24.00000
 Time :     25.00000
 Time :     26.00000
 Time :     27.00000
 Time :     28.00000
 Time :     29.00000
 Time :     30.00000
 Time :     31.00000
 Time :     32.00000
 Time :     33.00000
 Time :     34.00000
 Time :     35.00000
dtime = 72.29834049940109
mbcr =

 Columns 1 through 3:

   3.279432181940982e-05   6.371834220626180e-05   3.987797469252904e-03

 Columns 4 and 5:

   1.698883768830135e-03   4.470140688715978e-02

agsout =

 Columns 1 through 3:

   5.022660418808790e-02   5.488909553876570e-03   5.488909553876567e-03
   5.017835645398081e-02   5.499453986493294e-03   5.499453986493298e-03
   4.208850994503428e-02   5.439432509450720e-03   5.439432509450718e-03
   4.658548509983940e-02   5.474016247701893e-03   5.474016247701904e-03
   1.235048088886181e-03   5.304035719989759e-03   5.304035719989747e-03

 Columns 4 through 6:

   5.488909553876566e-03   5.488909553876562e-03   5.488909553876571e-03
   5.499453986493303e-03   5.499453986493302e-03   5.499453986493306e-03
   5.439432509450717e-03   5.439432509450727e-03   5.439432509450730e-03
   5.474016247701896e-03   5.474016247701895e-03   5.474016247701888e-03
   5.304035719989744e-03   5.304035719989752e-03   5.304035719989751e-03

 Columns 7 through 9:

   5.488909553876562e-03   5.488909553876570e-03   5.488909553876566e-03
   5.499453986493296e-03   5.499453986493302e-03   5.499453986493295e-03
   5.439432509450726e-03   5.439432509450731e-03   5.439432509450731e-03
   5.474016247701894e-03   5.474016247701892e-03   5.474016247701899e-03
   5.304035719989757e-03   5.304035719989753e-03   5.304035719989757e-03

 Columns 10 through 12:

   5.488909553876569e-03   5.488909553876566e-03   5.488909553876567e-03
   5.499453986493301e-03   5.499453986493303e-03   5.499453986493305e-03
   5.439432509450730e-03   5.439432509450727e-03   5.439432509450726e-03
   5.474016247701895e-03   5.474016247701891e-03   5.474016247701893e-03
   5.304035719989754e-03   5.304035719989760e-03   5.304035719989762e-03

 Columns 13 through 15:

   5.488909553876566e-03   5.488909553876568e-03   5.488909553876567e-03
   5.499453986493303e-03   5.499453986493303e-03   5.499453986493305e-03
   5.439432509450728e-03   5.439432509450730e-03   5.439432509450732e-03
   5.474016247701892e-03   5.474016247701891e-03   5.474016247701889e-03
   5.304035719989757e-03   5.304035719989760e-03   5.304035719989760e-03

ans = 5.863056181775860e-21
ans = -5.707029238733045e-21
ans = 4.445992394895955e-21
ans = 4.434411866320212e-21
ans = 4.444441431247418e-21
ans = 4.437410396040717e-21
ans = 4.448577334310183e-21
ans = 4.446095792472524e-21
ans = 4.450128297958720e-21
ans = 4.461915621687600e-21
ans = 1.062616894400933e-21
ans = -2.338853181993686e-21
ans = 1.060445545292981e-21
ans = 7.834227581489725e-21
ans = 1.053828100392557e-21
nbcr = 15
lambda0 = 3.501084296647659
kmpl_prod = 0.180000000000000
 Time :      1.00000
 Time :      2.00000
 Time :      3.01000
 Time :      4.01000
 Time :      5.01000
 Time :      6.01000
 Time :      7.01000
 Time :      8.01000
 Time :      9.01000
 Time :     10.01000
 Time :     11.01000
 Time :     12.01000
 Time :     13.01000
 Time :     14.01000
 Time :     15.01000
 Time :     16.01000
 Time :     17.01000
 Time :     18.00000
 Time :     19.00000
 Time :     20.00000
 Time :     21.00000
 Time :     22.00000
 Time :     23.00000
 Time :     24.00000
 Time :     25.00000
 Time :     26.00000
 Time :     27.00000
 Time :     28.00000
 Time :     29.00000
 Time :     30.00000
 Time :     31.00000
 Time :     32.00000
 Time :     33.00000
 Time :     34.00000
 Time :     35.00000
dtime = 72.13050797581673
mbcr =

 Columns 1 through 3:

   3.279432181940982e-05   6.371834220626180e-05   3.987797469252904e-03

 Columns 4 through 6:

   1.698883768830135e-03   4.470140688715978e-02   2.250714521258581e-03

agsout =

 Columns 1 through 3:

   5.022660418808790e-02   5.488909553876570e-03   5.488909553876567e-03
   5.017835645398081e-02   5.499453986493294e-03   5.499453986493298e-03
   4.208850994503428e-02   5.439432509450720e-03   5.439432509450718e-03
   4.658548509983940e-02   5.474016247701893e-03   5.474016247701904e-03
   1.235048088886181e-03   5.304035719989759e-03   5.304035719989747e-03
   4.552968088113288e-02   5.465779014645154e-03   5.465779014645141e-03

 Columns 4 through 6:

   5.488909553876566e-03   5.488909553876562e-03   5.488909553876571e-03
   5.499453986493303e-03   5.499453986493302e-03   5.499453986493306e-03
   5.439432509450717e-03   5.439432509450727e-03   5.439432509450730e-03
   5.474016247701896e-03   5.474016247701895e-03   5.474016247701888e-03
   5.304035719989744e-03   5.304035719989752e-03   5.304035719989751e-03
   5.465779014645146e-03   5.465779014645162e-03   5.465779014645156e-03

 Columns 7 through 9:

   5.488909553876562e-03   5.488909553876570e-03   5.488909553876566e-03
   5.499453986493296e-03   5.499453986493302e-03   5.499453986493295e-03
   5.439432509450726e-03   5.439432509450731e-03   5.439432509450731e-03
   5.474016247701894e-03   5.474016247701892e-03   5.474016247701899e-03
   5.304035719989757e-03   5.304035719989753e-03   5.304035719989757e-03
   5.465779014645152e-03   5.465779014645144e-03   5.465779014645145e-03

 Columns 10 through 12:

   5.488909553876569e-03   5.488909553876566e-03   5.488909553876567e-03
   5.499453986493301e-03   5.499453986493303e-03   5.499453986493305e-03
   5.439432509450730e-03   5.439432509450727e-03   5.439432509450726e-03
   5.474016247701895e-03   5.474016247701891e-03   5.474016247701893e-03
   5.304035719989754e-03   5.304035719989760e-03   5.304035719989762e-03
   5.465779014645150e-03   5.465779014645152e-03   5.465779014645151e-03

 Columns 13 through 15:

   5.488909553876566e-03   5.488909553876568e-03   5.488909553876567e-03
   5.499453986493303e-03   5.499453986493303e-03   5.499453986493305e-03
   5.439432509450728e-03   5.439432509450730e-03   5.439432509450732e-03
   5.474016247701892e-03   5.474016247701891e-03   5.474016247701889e-03
   5.304035719989757e-03   5.304035719989760e-03   5.304035719989760e-03
   5.465779014645152e-03   5.465779014645152e-03   5.465779014645153e-03

ans = 5.250942528486620e-21
ans = 2.552679370338643e-21
ans = 9.313019721581400e-21
ans = 2.536445950817290e-21
ans = 2.526106193160377e-21
ans = 2.536652745970428e-21
ans = -8.515824406233420e-22
ans = -8.550979582266924e-22
ans = 2.545751732708512e-21
ans = -8.516858381999111e-22
ans = -8.507552600107890e-22
ans = -8.517892357764802e-22
ans = 5.924681137411061e-21
ans = 2.547612889086756e-21
ans = 2.537479926582982e-21
