warning: function /home/surgeon/flu/amcode/perelson21/1d2agt/4paper/2submit/run.m shadows a core library function
warning: called from
    driver at line 1 column 1

lambda0 = 3.501084296647659
kmpl_prod = 0.180000000000000
dkps =

 Columns 1 through 3:

   1.219237561909173e+00   1.075246792847674e+02   1.870809004928800e+02

 Columns 4 through 6:

   1.725908816847469e+01   1.492064497962691e+01   2.947317707343361e+00

nbcr = 2
lambda0 = 3.501084296647659
kmpl_prod = 0.180000000000000
 Time :      1.00000
 Time :      2.00000
 Time :      3.01000
 Time :      4.01000
 Time :      5.01000
 Time :      6.01000
 Time :      7.01000
 Time :      8.01000
 Time :      9.01000
 Time :     10.01000
 Time :     11.01000
 Time :     12.01000
 Time :     13.01000
 Time :     14.01000
 Time :     15.01000
 Time :     16.01000
 Time :     17.01000
 Time :     18.00000
 Time :     19.00000
 Time :     20.00000
 Time :     21.00000
 Time :     22.00000
 Time :     23.00000
 Time :     24.00000
 Time :     25.00000
 Time :     26.00000
 Time :     27.00000
 Time :     28.00000
 Time :     29.00000
 Time :     30.00000
 Time :     31.00000
 Time :     32.00000
 Time :     33.00000
 Time :     34.00000
 Time :     35.00000
dtime = 5.029966682195663
mbcr = 0.500000000000000
agsout =

   1.321377885238757e-02   1.321377885238757e-02

ans = 2.362086940566196e-21
ans = 6.174906503882619e-21
nbcr = 2
lambda0 = 3.501084296647659
kmpl_prod = 0.180000000000000
 Time :      1.00000
 Time :      2.00000
 Time :      3.01000
 Time :      4.01000
 Time :      5.01000
 Time :      6.01000
 Time :      7.01000
 Time :      8.01000
 Time :      9.01000
 Time :     10.01000
 Time :     11.01000
 Time :     12.01000
 Time :     13.01000
 Time :     14.01000
 Time :     15.01000
 Time :     16.01000
 Time :     17.01000
 Time :     18.00000
 Time :     19.00000
 Time :     20.00000
 Time :     21.00000
 Time :     22.00000
 Time :     23.00000
 Time :     24.00000
 Time :     25.00000
 Time :     26.00000
 Time :     27.00000
 Time :     28.00000
 Time :     29.00000
 Time :     30.00000
 Time :     31.00000
 Time :     32.00000
 Time :     33.00000
 Time :     34.00000
 Time :     35.00000
dtime = 5.170038342475891
mbcr =

   0.500000000000000   0.532871757013969

agsout =

   1.321377885238757e-02   1.321377885238757e-02
   1.396167044536496e-03   1.309875148419403e-02

ans = 6.779572300484615e-21
ans = 7.882514249747508e-21
nbcr = 2
lambda0 = 3.501084296647659
kmpl_prod = 0.180000000000000
 Time :      1.00000
 Time :      2.00000
 Time :      3.01000
 Time :      4.01000
 Time :      5.01000
 Time :      6.01000
 Time :      7.01000
 Time :      8.01000
 Time :      9.01000
 Time :     10.01000
 Time :     11.01000
 Time :     12.01000
 Time :     13.01000
 Time :     14.01000
 Time :     15.01000
 Time :     16.01000
 Time :     17.01000
 Time :     18.00000
 Time :     19.00000
 Time :     20.00000
 Time :     21.00000
 Time :     22.00000
 Time :     23.00000
 Time :     24.00000
 Time :     25.00000
 Time :     26.00000
 Time :     27.00000
 Time :     28.00000
 Time :     29.00000
 Time :     30.00000
 Time :     31.00000
 Time :     32.00000
 Time :     33.00000
 Time :     34.00000
 Time :     35.00000
dtime = 5.044742301106453
mbcr =

   0.500000000000000   0.532871757013969   0.540984249323618

agsout =

   1.321377885238757e-02   1.321377885238757e-02
   1.396167044536496e-03   1.309875148419403e-02
   4.902432552297688e-03   1.324821532468876e-02

ans = 5.271311851070738e-21
ans = -1.444832498537252e-21
nbcr = 2
lambda0 = 3.501084296647659
kmpl_prod = 0.180000000000000
 Time :      1.00000
 Time :      2.00000
 Time :      3.01000
 Time :      4.01000
 Time :      5.01000
 Time :      6.01000
 Time :      7.01000
 Time :      8.01000
 Time :      9.01000
 Time :     10.01000
 Time :     11.01000
 Time :     12.01000
 Time :     13.01000
 Time :     14.01000
 Time :     15.01000
 Time :     16.01000
 Time :     17.01000
 Time :     18.00000
 Time :     19.00000
 Time :     20.00000
 Time :     21.00000
 Time :     22.00000
 Time :     23.00000
 Time :     24.00000
 Time :     25.00000
 Time :     26.00000
 Time :     27.00000
 Time :     28.00000
 Time :     29.00000
 Time :     30.00000
 Time :     31.00000
 Time :     32.00000
 Time :     33.00000
 Time :     34.00000
 Time :     35.00000
dtime = 5.025812610983849
mbcr =

   0.500000000000000   0.532871757013969   0.540984249323618   0.513758744069274

agsout =

   1.321377885238757e-02   1.321377885238757e-02
   1.396167044536496e-03   1.309875148419403e-02
   4.902432552297688e-03   1.324821532468876e-02
   1.156949668888470e-02   1.329069772844955e-02

ans = -8.803815737546853e-21
ans = -1.034654312287519e-22
nbcr = 2
lambda0 = 3.501084296647659
kmpl_prod = 0.180000000000000
 Time :      1.00000
 Time :      2.00000
 Time :      3.01000
 Time :      4.01000
 Time :      5.01000
 Time :      6.01000
 Time :      7.01000
 Time :      8.01000
 Time :      9.01000
 Time :     10.01000
 Time :     11.01000
 Time :     12.01000
 Time :     13.01000
 Time :     14.01000
 Time :     15.01000
 Time :     16.01000
 Time :     17.01000
 Time :     18.00000
 Time :     19.00000
 Time :     20.00000
 Time :     21.00000
 Time :     22.00000
 Time :     23.00000
 Time :     24.00000
 Time :     25.00000
 Time :     26.00000
 Time :     27.00000
 Time :     28.00000
 Time :     29.00000
 Time :     30.00000
 Time :     31.00000
 Time :     32.00000
 Time :     33.00000
 Time :     34.00000
 Time :     35.00000
dtime = 5.005323886871338
mbcr =

 Columns 1 through 4:

   0.500000000000000   0.532871757013969   0.540984249323618   0.513758744069274

 Column 5:

   0.543220321697523

agsout =

   1.321377885238757e-02   1.321377885238757e-02
   1.396167044536496e-03   1.309875148419403e-02
   4.902432552297688e-03   1.324821532468876e-02
   1.156949668888470e-02   1.329069772844955e-02
   4.701653658789736e-03   1.323388681345952e-02

ans = 3.505177845693455e-21
ans = 4.615089437851961e-21
nbcr = 2
lambda0 = 3.501084296647659
kmpl_prod = 0.180000000000000
 Time :      1.00000
 Time :      2.00000
 Time :      3.01000
 Time :      4.01000
 Time :      5.01000
 Time :      6.01000
 Time :      7.01000
 Time :      8.01000
 Time :      9.01000
 Time :     10.01000
 Time :     11.01000
 Time :     12.01000
 Time :     13.01000
 Time :     14.01000
 Time :     15.01000
 Time :     16.01000
 Time :     17.01000
 Time :     18.00000
 Time :     19.00000
 Time :     20.00000
 Time :     21.00000
 Time :     22.00000
 Time :     23.00000
 Time :     24.00000
 Time :     25.00000
 Time :     26.00000
 Time :     27.00000
 Time :     28.00000
 Time :     29.00000
 Time :     30.00000
 Time :     31.00000
 Time :     32.00000
 Time :     33.00000
 Time :     34.00000
 Time :     35.00000
dtime = 5.156680941581726
mbcr =

 Columns 1 through 4:

   0.500000000000000   0.532871757013969   0.540984249323618   0.513758744069274

 Columns 5 and 6:

   0.543220321697523   0.543955453182896

agsout =

   1.321377885238757e-02   1.321377885238757e-02
   1.396167044536496e-03   1.309875148419403e-02
   4.902432552297688e-03   1.324821532468876e-02
   1.156949668888470e-02   1.329069772844955e-02
   4.701653658789736e-03   1.323388681345952e-02
   2.888615011423598e-03   1.319286728749517e-02

ans = -1.204995357336623e-21
ans = 1.682327038393737e-21
dkps =

 Columns 1 through 3:

   6.951662405770815e+00   2.188150281402414e+01   6.785422635198063e+01

 Columns 4 through 6:

   4.039897803982647e+01   6.673641073052261e+01   6.291666997632746e+01

nbcr = 3
lambda0 = 3.501084296647659
kmpl_prod = 0.180000000000000
 Time :      1.00000
 Time :      2.00000
 Time :      3.01000
 Time :      4.01000
 Time :      5.01000
 Time :      6.01000
 Time :      7.01000
 Time :      8.01000
 Time :      9.01000
 Time :     10.01000
 Time :     11.01000
 Time :     12.01000
 Time :     13.01000
 Time :     14.01000
 Time :     15.01000
 Time :     16.01000
 Time :     17.01000
 Time :     18.00000
 Time :     19.00000
 Time :     20.00000
 Time :     21.00000
 Time :     22.00000
 Time :     23.00000
 Time :     24.00000
 Time :     25.00000
 Time :     26.00000
 Time :     27.00000
 Time :     28.00000
 Time :     29.00000
 Time :     30.00000
 Time :     31.00000
 Time :     32.00000
 Time :     33.00000
 Time :     34.00000
 Time :     35.00000
dtime = 11.48972846567631
mbcr = 0.333333333333333
agsout =

   1.071449975371288e-02   1.071449975371288e-02   1.071449975371288e-02

ans = -1.480779312266363e-21
ans = -6.012116713097330e-22
ans = -5.993505149314887e-22
nbcr = 3
lambda0 = 3.501084296647659
kmpl_prod = 0.180000000000000
 Time :      1.00000
 Time :      2.00000
 Time :      3.01000
 Time :      4.01000
 Time :      5.01000
 Time :      6.01000
 Time :      7.01000
 Time :      8.01000
 Time :      9.01000
 Time :     10.01000
 Time :     11.01000
 Time :     12.01000
 Time :     13.01000
 Time :     14.01000
 Time :     15.01000
 Time :     16.01000
 Time :     17.01000
 Time :     18.00000
 Time :     19.00000
 Time :     20.00000
 Time :     21.00000
 Time :     22.00000
 Time :     23.00000
 Time :     24.00000
 Time :     25.00000
 Time :     26.00000
 Time :     27.00000
 Time :     28.00000
 Time :     29.00000
 Time :     30.00000
 Time :     31.00000
 Time :     32.00000
 Time :     33.00000
 Time :     34.00000
 Time :     35.00000
dtime = 12.20455057919025
mbcr =

   0.333333333333333   0.375291099707159

agsout =

   1.071449975371288e-02   1.071449975371288e-02   1.071449975371288e-02
   2.206292356893950e-03   1.074013743001423e-02   1.074013743001423e-02

ans = -1.732943383298593e-21
ans = -9.534225911953980e-22
ans = -9.545728892347295e-22
nbcr = 3
lambda0 = 3.501084296647659
kmpl_prod = 0.180000000000000
 Time :      1.00000
 Time :      2.00000
 Time :      3.01000
 Time :      4.01000
 Time :      5.01000
 Time :      6.01000
 Time :      7.01000
 Time :      8.01000
 Time :      9.01000
 Time :     10.01000
 Time :     11.01000
 Time :     12.01000
 Time :     13.01000
 Time :     14.01000
 Time :     15.01000
 Time :     16.01000
 Time :     17.01000
 Time :     18.00000
 Time :     19.00000
 Time :     20.00000
 Time :     21.00000
 Time :     22.00000
 Time :     23.00000
 Time :     24.00000
 Time :     25.00000
 Time :     26.00000
 Time :     27.00000
 Time :     28.00000
 Time :     29.00000
 Time :     30.00000
 Time :     31.00000
 Time :     32.00000
 Time :     33.00000
 Time :     34.00000
 Time :     35.00000
dtime = 11.60483546555042
mbcr =

   0.333333333333333   0.375291099707159   0.378093805486509

agsout =

   1.071449975371288e-02   1.071449975371288e-02   1.071449975371288e-02
   2.206292356893950e-03   1.074013743001423e-02   1.074013743001423e-02
   2.021604850563383e-03   1.074273035450509e-02   1.074273035450509e-02

ans = 5.833898065183366e-21
ans = -1.095174206323138e-22
ans = -3.498534551398888e-21
nbcr = 3
lambda0 = 3.501084296647659
kmpl_prod = 0.180000000000000
 Time :      1.00000
 Time :      2.00000
 Time :      3.01000
 Time :      4.01000
 Time :      5.01000
 Time :      6.01000
 Time :      7.01000
 Time :      8.01000
 Time :      9.01000
 Time :     10.01000
 Time :     11.01000
 Time :     12.01000
 Time :     13.01000
 Time :     14.01000
 Time :     15.01000
 Time :     16.01000
 Time :     17.01000
 Time :     18.00000
 Time :     19.00000
 Time :     20.00000
 Time :     21.00000
 Time :     22.00000
 Time :     23.00000
 Time :     24.00000
 Time :     25.00000
 Time :     26.00000
 Time :     27.00000
 Time :     28.00000
 Time :     29.00000
 Time :     30.00000
 Time :     31.00000
 Time :     32.00000
 Time :     33.00000
 Time :     34.00000
 Time :     35.00000
dtime = 11.58215403556824
mbcr =

   0.333333333333333   0.375291099707159   0.378093805486509   0.378574053689331

agsout =

   1.071449975371288e-02   1.071449975371288e-02   1.071449975371288e-02
   2.206292356893950e-03   1.074013743001423e-02   1.074013743001423e-02
   2.021604850563383e-03   1.074273035450509e-02   1.074273035450509e-02
   3.402255136790459e-03   1.077442788633567e-02   1.077442788633566e-02

ans = 6.816355988349082e-22
ans = -6.478052042511965e-22
ans = 2.738575288312865e-21
nbcr = 3
lambda0 = 3.501084296647659
kmpl_prod = 0.180000000000000
 Time :      1.00000
 Time :      2.00000
 Time :      3.01000
 Time :      4.01000
 Time :      5.01000
 Time :      6.01000
 Time :      7.01000
 Time :      8.01000
 Time :      9.01000
 Time :     10.01000
 Time :     11.01000
 Time :     12.01000
 Time :     13.01000
 Time :     14.01000
 Time :     15.01000
 Time :     16.01000
 Time :     17.01000
 Time :     18.00000
 Time :     19.00000
 Time :     20.00000
 Time :     21.00000
 Time :     22.00000
 Time :     23.00000
 Time :     24.00000
 Time :     25.00000
 Time :     26.00000
 Time :     27.00000
 Time :     28.00000
 Time :     29.00000
 Time :     30.00000
 Time :     31.00000
 Time :     32.00000
 Time :     33.00000
 Time :     34.00000
 Time :     35.00000
dtime = 12.11407631635666
mbcr =

 Columns 1 through 4:

   0.333333333333333   0.375291099707159   0.378093805486509   0.378574053689331

 Column 5:

   0.377950589779510

agsout =

   1.071449975371288e-02   1.071449975371288e-02   1.071449975371288e-02
   2.206292356893950e-03   1.074013743001423e-02   1.074013743001423e-02
   2.021604850563383e-03   1.074273035450509e-02   1.074273035450509e-02
   3.402255136790459e-03   1.077442788633567e-02   1.077442788633566e-02
   3.514604267069063e-03   1.076853250114380e-02   1.076853250114379e-02

ans = -1.049164869689290e-20
ans = 5.924274009453320e-21
ans = 2.534959610654109e-21
nbcr = 3
lambda0 = 3.501084296647659
kmpl_prod = 0.180000000000000
 Time :      1.00000
 Time :      2.00000
 Time :      3.01000
 Time :      4.01000
 Time :      5.01000
 Time :      6.01000
 Time :      7.01000
 Time :      8.01000
 Time :      9.01000
 Time :     10.01000
 Time :     11.01000
 Time :     12.01000
 Time :     13.01000
 Time :     14.01000
 Time :     15.01000
 Time :     16.01000
 Time :     17.01000
 Time :     18.00000
 Time :     19.00000
 Time :     20.00000
 Time :     21.00000
 Time :     22.00000
 Time :     23.00000
 Time :     24.00000
 Time :     25.00000
 Time :     26.00000
 Time :     27.00000
 Time :     28.00000
 Time :     29.00000
 Time :     30.00000
 Time :     31.00000
 Time :     32.00000
 Time :     33.00000
 Time :     34.00000
 Time :     35.00000
dtime = 11.85851544141769
mbcr =

 Columns 1 through 4:

   0.333333333333333   0.375291099707159   0.378093805486509   0.378574053689331

 Columns 5 and 6:

   0.377950589779510   0.377685453022800

agsout =

   1.071449975371288e-02   1.071449975371288e-02   1.071449975371288e-02
   2.206292356893950e-03   1.074013743001423e-02   1.074013743001423e-02
   2.021604850563383e-03   1.074273035450509e-02   1.074273035450509e-02
   3.402255136790459e-03   1.077442788633567e-02   1.077442788633566e-02
   3.514604267069063e-03   1.076853250114380e-02   1.076853250114379e-02
   3.941670059404762e-03   1.077534901702907e-02   1.077534901702907e-02

ans = 3.058965604009381e-21
ans = 1.195876337318079e-20
ans = 1.195752260226197e-20
dkps =

 Columns 1 through 3:

   1.365022167082250e+02   1.008986642120717e+00   3.852408930017544e+01

 Columns 4 through 6:

   6.240051183596616e+00   9.887714620147646e-01   6.085236050390616e+01

nbcr = 4
lambda0 = 3.501084296647659
kmpl_prod = 0.180000000000000
 Time :      1.00000
 Time :      2.00000
 Time :      3.01000
 Time :      4.01000
 Time :      5.01000
 Time :      6.01000
 Time :      7.01000
 Time :      8.01000
 Time :      9.01000
 Time :     10.01000
 Time :     11.01000
 Time :     12.01000
 Time :     13.01000
 Time :     14.01000
 Time :     15.01000
 Time :     16.01000
 Time :     17.01000
 Time :     18.00000
 Time :     19.00000
 Time :     20.00000
 Time :     21.00000
 Time :     22.00000
 Time :     23.00000
 Time :     24.00000
 Time :     25.00000
 Time :     26.00000
 Time :     27.00000
 Time :     28.00000
 Time :     29.00000
 Time :     30.00000
 Time :     31.00000
 Time :     32.00000
 Time :     33.00000
 Time :     34.00000
 Time :     35.00000
dtime = 18.14239807426929
mbcr = 0.250000000000000
agsout =

 Columns 1 through 3:

   9.250531836489721e-03   9.250531836489724e-03   9.250531836489724e-03

 Column 4:

   9.250531836489722e-03

ans = 4.768111388825735e-21
ans = 3.362915705031405e-21
ans = 3.363600713976176e-21
ans = -2.520315928872506e-23
nbcr = 4
lambda0 = 3.501084296647659
kmpl_prod = 0.180000000000000
 Time :      1.00000
 Time :      2.00000
 Time :      3.01000
 Time :      4.01000
 Time :      5.01000
 Time :      6.01000
 Time :      7.01000
 Time :      8.01000
 Time :      9.01000
 Time :     10.01000
 Time :     11.01000
 Time :     12.01000
 Time :     13.01000
 Time :     14.01000
 Time :     15.01000
 Time :     16.01000
 Time :     17.01000
 Time :     18.00000
 Time :     19.00000
 Time :     20.00000
 Time :     21.00000
 Time :     22.00000
 Time :     23.00000
 Time :     24.00000
 Time :     25.00000
 Time :     26.00000
 Time :     27.00000
 Time :     28.00000
 Time :     29.00000
 Time :     30.00000
 Time :     31.00000
 Time :     32.00000
 Time :     33.00000
 Time :     34.00000
 Time :     35.00000
dtime = 18.03779192268848
mbcr =

   0.250000000000000   0.267389412442639

agsout =

 Columns 1 through 3:

   9.250531836489721e-03   9.250531836489724e-03   9.250531836489724e-03
   7.126612559173437e-03   9.299237776191491e-03   9.299237776191486e-03

 Column 4:

   9.250531836489722e-03
   9.299237776191491e-03

ans = 7.657185081009235e-21
ans = -1.456341941279103e-21
ans = -1.458448666901699e-21
ans = -1.457867055533498e-21
nbcr = 4
lambda0 = 3.501084296647659
kmpl_prod = 0.180000000000000
 Time :      1.00000
 Time :      2.00000
 Time :      3.01000
 Time :      4.01000
 Time :      5.01000
 Time :      6.01000
 Time :      7.01000
 Time :      8.01000
 Time :      9.01000
 Time :     10.01000
 Time :     11.01000
 Time :     12.01000
 Time :     13.01000
 Time :     14.01000
 Time :     15.01000
 Time :     16.01000
 Time :     17.01000
 Time :     18.00000
 Time :     19.00000
 Time :     20.00000
 Time :     21.00000
 Time :     22.00000
 Time :     23.00000
 Time :     24.00000
 Time :     25.00000
 Time :     26.00000
 Time :     27.00000
 Time :     28.00000
 Time :     29.00000
 Time :     30.00000
 Time :     31.00000
 Time :     32.00000
 Time :     33.00000
 Time :     34.00000
 Time :     35.00000
dtime = 18.53649169206619
mbcr =

   0.250000000000000   0.267389412442639   0.285708661150015

agsout =

 Columns 1 through 3:

   9.250531836489721e-03   9.250531836489724e-03   9.250531836489724e-03
   7.126612559173437e-03   9.299237776191491e-03   9.299237776191486e-03
   4.939008930173389e-04   9.190715089000184e-03   9.190715089000179e-03

 Column 4:

   9.250531836489722e-03
   9.299237776191491e-03
   9.190715089000179e-03

ans = 7.067431153653068e-21
ans = 1.760054227875018e-20
ans = 1.082263726418775e-20
ans = 1.082302500509988e-20
nbcr = 4
lambda0 = 3.501084296647659
kmpl_prod = 0.180000000000000
 Time :      1.00000
 Time :      2.00000
 Time :      3.01000
 Time :      4.01000
 Time :      5.01000
 Time :      6.01000
 Time :      7.01000
 Time :      8.01000
 Time :      9.01000
 Time :     10.01000
 Time :     11.01000
 Time :     12.01000
 Time :     13.01000
 Time :     14.01000
 Time :     15.01000
 Time :     16.01000
 Time :     17.01000
 Time :     18.00000
 Time :     19.00000
 Time :     20.00000
 Time :     21.00000
 Time :     22.00000
 Time :     23.00000
 Time :     24.00000
 Time :     25.00000
 Time :     26.00000
 Time :     27.00000
 Time :     28.00000
 Time :     29.00000
 Time :     30.00000
 Time :     31.00000
 Time :     32.00000
 Time :     33.00000
 Time :     34.00000
 Time :     35.00000
dtime = 18.28490383923054
mbcr =

   0.250000000000000   0.267389412442639   0.285708661150015   0.293445162309171

agsout =

 Columns 1 through 3:

   9.250531836489721e-03   9.250531836489724e-03   9.250531836489724e-03
   7.126612559173437e-03   9.299237776191491e-03   9.299237776191486e-03
   4.939008930173389e-04   9.190715089000184e-03   9.190715089000179e-03
   1.160707304970870e-03   9.277048422848912e-03   9.277048422848912e-03

 Column 4:

   9.250531836489722e-03
   9.299237776191491e-03
   9.190715089000179e-03
   9.277048422848912e-03

ans = 1.100977395308080e-21
ans = 4.941874247424424e-21
ans = 4.940478380140740e-21
ans = 8.329954337653340e-21
nbcr = 4
lambda0 = 3.501084296647659
kmpl_prod = 0.180000000000000
 Time :      1.00000
 Time :      2.00000
 Time :      3.01000
 Time :      4.01000
 Time :      5.01000
 Time :      6.01000
 Time :      7.01000
 Time :      8.01000
 Time :      9.01000
 Time :     10.01000
 Time :     11.01000
 Time :     12.01000
 Time :     13.01000
 Time :     14.01000
 Time :     15.01000
 Time :     16.01000
 Time :     17.01000
 Time :     18.00000
 Time :     19.00000
 Time :     20.00000
 Time :     21.00000
 Time :     22.00000
 Time :     23.00000
 Time :     24.00000
 Time :     25.00000
 Time :     26.00000
 Time :     27.00000
 Time :     28.00000
 Time :     29.00000
 Time :     30.00000
 Time :     31.00000
 Time :     32.00000
 Time :     33.00000
 Time :     34.00000
 Time :     35.00000
dtime = 18.56167763471603
mbcr =

 Columns 1 through 4:

   0.250000000000000   0.267389412442639   0.285708661150015   0.293445162309171

 Column 5:

   0.292380406602560

agsout =

 Columns 1 through 3:

   9.250531836489721e-03   9.250531836489724e-03   9.250531836489724e-03
   7.126612559173437e-03   9.299237776191491e-03   9.299237776191486e-03
   4.939008930173389e-04   9.190715089000184e-03   9.190715089000179e-03
   1.160707304970870e-03   9.277048422848912e-03   9.277048422848912e-03
   7.343932761628358e-04   9.215208511977482e-03   9.215208511977485e-03

 Column 4:

   9.250531836489722e-03
   9.299237776191491e-03
   9.190715089000179e-03
   9.277048422848912e-03
   9.215208511977485e-03

ans = 5.310499532590438e-22
ans = 2.656658558275973e-21
ans = 6.046250838062214e-21
ans = 2.656891202823254e-21
nbcr = 4
lambda0 = 3.501084296647659
kmpl_prod = 0.180000000000000
 Time :      1.00000
 Time :      2.00000
 Time :      3.01000
 Time :      4.01000
 Time :      5.01000
 Time :      6.01000
 Time :      7.01000
 Time :      8.01000
 Time :      9.01000
 Time :     10.01000
 Time :     11.01000
 Time :     12.01000
 Time :     13.01000
 Time :     14.01000
 Time :     15.01000
 Time :     16.01000
 Time :     17.01000
 Time :     18.00000
 Time :     19.00000
 Time :     20.00000
 Time :     21.00000
 Time :     22.00000
 Time :     23.00000
 Time :     24.00000
 Time :     25.00000
 Time :     26.00000
 Time :     27.00000
 Time :     28.00000
 Time :     29.00000
 Time :     30.00000
 Time :     31.00000
 Time :     32.00000
 Time :     33.00000
 Time :     34.00000
 Time :     35.00000
dtime = 18.72656308114529
mbcr =

 Columns 1 through 4:

   0.250000000000000   0.267389412442639   0.285708661150015   0.293445162309171

 Columns 5 and 6:

   0.292380406602560   0.289585505343862

agsout =

 Columns 1 through 3:

   9.250531836489721e-03   9.250531836489724e-03   9.250531836489724e-03
   7.126612559173437e-03   9.299237776191491e-03   9.299237776191486e-03
   4.939008930173389e-04   9.190715089000184e-03   9.190715089000179e-03
   1.160707304970870e-03   9.277048422848912e-03   9.277048422848912e-03
   7.343932761628358e-04   9.215208511977482e-03   9.215208511977485e-03
   1.664907986787805e-04   9.113942637067617e-03   9.113942637067617e-03

 Column 4:

   9.250531836489722e-03
   9.299237776191491e-03
   9.190715089000179e-03
   9.277048422848912e-03
   9.215208511977485e-03
   9.113942637067622e-03

ans = 5.505714157152952e-21
ans = 2.267121113248853e-21
ans = 2.265143634596968e-21
ans = 2.267146962642995e-21
dkps =

 Columns 1 through 3:

   3.447799945428191e+02   2.595735252827703e+01   5.094579545582641e+00

 Columns 4 through 6:

   1.419883626698672e+00   8.560388691851688e-01   3.410612411294040e+00

nbcr = 5
lambda0 = 3.501084296647659
kmpl_prod = 0.180000000000000
 Time :      1.00000
 Time :      2.00000
 Time :      3.01000
 Time :      4.01000
 Time :      5.01000
 Time :      6.01000
 Time :      7.01000
 Time :      8.01000
 Time :      9.01000
 Time :     10.01000
 Time :     11.01000
 Time :     12.01000
 Time :     13.01000
 Time :     14.01000
 Time :     15.01000
 Time :     16.01000
 Time :     17.01000
 Time :     18.00000
 Time :     19.00000
 Time :     20.00000
 Time :     21.00000
 Time :     22.00000
 Time :     23.00000
 Time :     24.00000
 Time :     25.00000
 Time :     26.00000
 Time :     27.00000
 Time :     28.00000
 Time :     29.00000
 Time :     30.00000
 Time :     31.00000
 Time :     32.00000
 Time :     33.00000
 Time :     34.00000
 Time :     35.00000
dtime = 23.15284162759781
mbcr = 0.200000000000000
agsout =

 Columns 1 through 3:

   8.291247961309936e-03   8.291247961309929e-03   8.291247961309929e-03

 Columns 4 and 5:

   8.291247961309931e-03   8.291247961309931e-03

ans = 2.733056442663488e-22
ans = 9.887212313663913e-21
ans = 9.887212313663913e-21
ans = -2.772089027818334e-22
ans = 3.110948735629510e-21
nbcr = 5
lambda0 = 3.501084296647659
kmpl_prod = 0.180000000000000
 Time :      1.00000
 Time :      2.00000
 Time :      3.01000
 Time :      4.01000
 Time :      5.01000
 Time :      6.01000
 Time :      7.01000
 Time :      8.01000
 Time :      9.01000
 Time :     10.01000
 Time :     11.01000
 Time :     12.01000
 Time :     13.01000
 Time :     14.01000
 Time :     15.01000
 Time :     16.01000
 Time :     17.01000
 Time :     18.00000
 Time :     19.00000
 Time :     20.00000
 Time :     21.00000
 Time :     22.00000
 Time :     23.00000
 Time :     24.00000
 Time :     25.00000
 Time :     26.00000
 Time :     27.00000
 Time :     28.00000
 Time :     29.00000
 Time :     30.00000
 Time :     31.00000
 Time :     32.00000
 Time :     33.00000
 Time :     34.00000
 Time :     35.00000
dtime = 23.09631407260895
mbcr =

   0.200000000000000   0.202431624718935

agsout =

 Columns 1 through 3:

   8.291247961309936e-03   8.291247961309929e-03   8.291247961309929e-03
   8.023989065129872e-03   8.340153656978785e-03   8.340153656978782e-03

 Columns 4 and 5:

   8.291247961309931e-03   8.291247961309931e-03
   8.340153656978785e-03   8.340153656978785e-03

ans = -6.937770592635381e-21
ans = 7.353894139537839e-22
ans = -6.046069892303218e-21
ans = -2.652819923245844e-21
ans = -6.040900013474761e-21
nbcr = 5
lambda0 = 3.501084296647659
kmpl_prod = 0.180000000000000
 Time :      1.00000
 Time :      2.00000
 Time :      3.01000
 Time :      4.01000
 Time :      5.01000
 Time :      6.01000
 Time :      7.01000
 Time :      8.01000
 Time :      9.01000
 Time :     10.01000
 Time :     11.01000
 Time :     12.01000
 Time :     13.01000
 Time :     14.01000
 Time :     15.01000
 Time :     16.01000
 Time :     17.01000
 Time :     18.00000
 Time :     19.00000
 Time :     20.00000
 Time :     21.00000
 Time :     22.00000
 Time :     23.00000
 Time :     24.00000
 Time :     25.00000
 Time :     26.00000
 Time :     27.00000
 Time :     28.00000
 Time :     29.00000
 Time :     30.00000
 Time :     31.00000
 Time :     32.00000
 Time :     33.00000
 Time :     34.00000
 Time :     35.00000
dtime = 23.29712770879269
mbcr =

   0.200000000000000   0.202431624718935   0.237546548763611

agsout =

 Columns 1 through 3:

   8.291247961309936e-03   8.291247961309929e-03   8.291247961309929e-03
   8.023989065129872e-03   8.340153656978785e-03   8.340153656978782e-03
   2.485633872411220e-03   8.362947441874772e-03   8.362947441874772e-03

 Columns 4 and 5:

   8.291247961309931e-03   8.291247961309931e-03
   8.340153656978785e-03   8.340153656978785e-03
   8.362947441874775e-03   8.362947441874772e-03

ans = 3.246270313964357e-21
ans = 9.893338620075634e-22
ans = 4.376250729500077e-21
ans = 9.880930910887338e-22
ans = -2.396083740624698e-21
nbcr = 5
lambda0 = 3.501084296647659
kmpl_prod = 0.180000000000000
 Time :      1.00000
 Time :      2.00000
 Time :      3.01000
 Time :      4.01000
 Time :      5.01000
 Time :      6.01000
 Time :      7.01000
 Time :      8.01000
 Time :      9.01000
 Time :     10.01000
 Time :     11.01000
 Time :     12.01000
 Time :     13.01000
 Time :     14.01000
 Time :     15.01000
 Time :     16.01000
 Time :     17.01000
 Time :     18.00000
 Time :     19.00000
 Time :     20.00000
 Time :     21.00000
 Time :     22.00000
 Time :     23.00000
 Time :     24.00000
 Time :     25.00000
 Time :     26.00000
 Time :     27.00000
 Time :     28.00000
 Time :     29.00000
 Time :     30.00000
 Time :     31.00000
 Time :     32.00000
 Time :     33.00000
 Time :     34.00000
 Time :     35.00000
dtime = 23.35584796965122
mbcr =

   0.200000000000000   0.202431624718935   0.237546548763611   0.242175183821736

agsout =

 Columns 1 through 3:

   8.291247961309936e-03   8.291247961309929e-03   8.291247961309929e-03
   8.023989065129872e-03   8.340153656978785e-03   8.340153656978782e-03
   2.485633872411220e-03   8.362947441874772e-03   8.362947441874772e-03
   6.914511001194464e-04   8.292823703431295e-03   8.292823703431297e-03

 Columns 4 and 5:

   8.291247961309931e-03   8.291247961309931e-03
   8.340153656978785e-03   8.340153656978785e-03
   8.362947441874775e-03   8.362947441874772e-03
   8.292823703431295e-03   8.292823703431297e-03

ans = -3.202843331805323e-21
ans = 2.514344718825639e-21
ans = 5.904234266644516e-21
ans = 2.513801881548651e-21
ans = 2.515223598226477e-21
nbcr = 5
lambda0 = 3.501084296647659
kmpl_prod = 0.180000000000000
 Time :      1.00000
 Time :      2.00000
 Time :      3.01000
 Time :      4.01000
 Time :      5.01000
 Time :      6.01000
 Time :      7.01000
 Time :      8.01000
 Time :      9.01000
 Time :     10.01000
 Time :     11.01000
 Time :     12.01000
 Time :     13.01000
 Time :     14.01000
 Time :     15.01000
 Time :     16.01000
 Time :     17.01000
 Time :     18.00000
 Time :     19.00000
 Time :     20.00000
 Time :     21.00000
 Time :     22.00000
 Time :     23.00000
 Time :     24.00000
 Time :     25.00000
 Time :     26.00000
 Time :     27.00000
 Time :     28.00000
 Time :     29.00000
 Time :     30.00000
 Time :     31.00000
 Time :     32.00000
 Time :     33.00000
 Time :     34.00000
 Time :     35.00000
dtime = 23.87992478907108
mbcr =

 Columns 1 through 4:

   0.200000000000000   0.202431624718935   0.237546548763611   0.242175183821736

 Column 5:

   0.243199025826534

agsout =

 Columns 1 through 3:

   8.291247961309936e-03   8.291247961309929e-03   8.291247961309929e-03
   8.023989065129872e-03   8.340153656978785e-03   8.340153656978782e-03
   2.485633872411220e-03   8.362947441874772e-03   8.362947441874772e-03
   6.914511001194464e-04   8.292823703431295e-03   8.292823703431297e-03
   1.768751049017430e-04   8.193087609378421e-03   8.193087609378423e-03

 Columns 4 and 5:

   8.291247961309931e-03   8.291247961309931e-03
   8.340153656978785e-03   8.340153656978785e-03
   8.362947441874775e-03   8.362947441874772e-03
   8.292823703431295e-03   8.292823703431297e-03
   8.193087609378424e-03   8.193087609378424e-03

ans = 5.293955920339377e-21
ans = 5.500130688018219e-21
ans = 8.890433826143372e-21
ans = 8.885651688227050e-21
ans = 8.882575610324119e-21
nbcr = 5
lambda0 = 3.501084296647659
kmpl_prod = 0.180000000000000
 Time :      1.00000
 Time :      2.00000
 Time :      3.01000
 Time :      4.01000
 Time :      5.01000
 Time :      6.01000
 Time :      7.01000
 Time :      8.01000
 Time :      9.01000
 Time :     10.01000
 Time :     11.01000
 Time :     12.01000
 Time :     13.01000
 Time :     14.01000
 Time :     15.01000
 Time :     16.01000
 Time :     17.01000
 Time :     18.00000
 Time :     19.00000
 Time :     20.00000
 Time :     21.00000
 Time :     22.00000
 Time :     23.00000
 Time :     24.00000
 Time :     25.00000
 Time :     26.00000
 Time :     27.00000
 Time :     28.00000
 Time :     29.00000
 Time :     30.00000
 Time :     31.00000
 Time :     32.00000
 Time :     33.00000
 Time :     34.00000
 Time :     35.00000
dtime = 23.81459623575211
mbcr =

 Columns 1 through 4:

   0.200000000000000   0.202431624718935   0.237546548763611   0.242175183821736

 Columns 5 and 6:

   0.243199025826534   0.235679711168984

agsout =

 Columns 1 through 3:

   8.291247961309936e-03   8.291247961309929e-03   8.291247961309929e-03
   8.023989065129872e-03   8.340153656978785e-03   8.340153656978782e-03
   2.485633872411220e-03   8.362947441874772e-03   8.362947441874772e-03
   6.914511001194464e-04   8.292823703431295e-03   8.292823703431297e-03
   1.768751049017430e-04   8.193087609378421e-03   8.193087609378423e-03
   5.560444191881443e-05   8.139817230390577e-03   8.139817230390579e-03

 Columns 4 and 5:

   8.291247961309931e-03   8.291247961309931e-03
   8.340153656978785e-03   8.340153656978785e-03
   8.362947441874775e-03   8.362947441874772e-03
   8.292823703431295e-03   8.292823703431297e-03
   8.193087609378424e-03   8.193087609378424e-03
   8.139817230390579e-03   8.139817230390579e-03

ans = 6.776263578034403e-21
ans = 8.731124010044488e-21
ans = 1.953878155032678e-21
ans = 8.730167582461223e-21
ans = 1.954240046550670e-21
dkps =

 Columns 1 through 3:

   8.606167330475386e-01   1.037796772198673e+00   3.579653773748430e+00

 Columns 4 through 6:

   1.875105098685012e+01   4.688025116360250e+00   1.741145309760530e+01

nbcr = 7
lambda0 = 3.501084296647659
kmpl_prod = 0.180000000000000
 Time :      1.00000
 Time :      2.00000
 Time :      3.01000
 Time :      4.01000
 Time :      5.01000
 Time :      6.01000
 Time :      7.01000
 Time :      8.01000
 Time :      9.01000
 Time :     10.01000
 Time :     11.01000
 Time :     12.01000
 Time :     13.01000
 Time :     14.01000
 Time :     15.01000
 Time :     16.01000
 Time :     17.01000
 Time :     18.00000
 Time :     19.00000
 Time :     20.00000
 Time :     21.00000
 Time :     22.00000
 Time :     23.00000
 Time :     24.00000
 Time :     25.00000
 Time :     26.00000
 Time :     27.00000
 Time :     28.00000
 Time :     29.00000
 Time :     30.00000
 Time :     31.00000
 Time :     32.00000
 Time :     33.00000
 Time :     34.00000
 Time :     35.00000
dtime = 32.80615881085396
mbcr = 0.142857142857143
agsout =

 Columns 1 through 3:

   7.111159764089462e-03   7.111159764089466e-03   7.111159764089465e-03

 Columns 4 through 6:

   7.111159764089462e-03   7.111159764089463e-03   7.111159764089464e-03

 Column 7:

   7.111159764089462e-03

ans = -9.541899950839970e-21
ans = 1.101579686191595e-20
ans = 4.243953530279878e-21
ans = 4.239119693575271e-21
ans = 4.239533283881547e-21
ans = 7.627716771687033e-21
ans = 4.241730482383641e-21
nbcr = 7
lambda0 = 3.501084296647659
kmpl_prod = 0.180000000000000
 Time :      1.00000
 Time :      2.00000
 Time :      3.01000
 Time :      4.01000
 Time :      5.01000
 Time :      6.01000
 Time :      7.01000
 Time :      8.01000
 Time :      9.01000
 Time :     10.01000
 Time :     11.01000
 Time :     12.01000
 Time :     13.01000
 Time :     14.01000
 Time :     15.01000
 Time :     16.01000
 Time :     17.01000
 Time :     18.00000
 Time :     19.00000
 Time :     20.00000
 Time :     21.00000
 Time :     22.00000
 Time :     23.00000
 Time :     24.00000
 Time :     25.00000
 Time :     26.00000
 Time :     27.00000
 Time :     28.00000
 Time :     29.00000
 Time :     30.00000
 Time :     31.00000
 Time :     32.00000
 Time :     33.00000
 Time :     34.00000
 Time :     35.00000
dtime = 32.88309462368488
mbcr =

   0.142857142857143   0.184822976235203

agsout =

 Columns 1 through 3:

   7.111159764089462e-03   7.111159764089466e-03   7.111159764089465e-03
   2.722065481616271e-04   7.088996723024221e-03   7.088996723024229e-03

 Columns 4 through 6:

   7.111159764089462e-03   7.111159764089463e-03   7.111159764089464e-03
   7.088996723024220e-03   7.088996723024222e-03   7.088996723024223e-03

 Column 7:

   7.111159764089462e-03
   7.088996723024222e-03

ans = 2.144052147737448e-21
ans = 3.991456648298066e-21
ans = 3.997195213797653e-21
ans = 1.076989157544042e-20
ans = 7.383155653706902e-21
ans = 7.380932605810666e-21
ans = 7.380880907022381e-21
nbcr = 7
lambda0 = 3.501084296647659
kmpl_prod = 0.180000000000000
 Time :      1.00000
 Time :      2.00000
 Time :      3.01000
 Time :      4.01000
 Time :      5.01000
 Time :      6.01000
 Time :      7.01000
 Time :      8.01000
 Time :      9.01000
 Time :     10.01000
 Time :     11.01000
 Time :     12.01000
 Time :     13.01000
 Time :     14.01000
 Time :     15.01000
 Time :     16.01000
 Time :     17.01000
 Time :     18.00000
 Time :     19.00000
 Time :     20.00000
 Time :     21.00000
 Time :     22.00000
 Time :     23.00000
 Time :     24.00000
 Time :     25.00000
 Time :     26.00000
 Time :     27.00000
 Time :     28.00000
 Time :     29.00000
 Time :     30.00000
 Time :     31.00000
 Time :     32.00000
 Time :     33.00000
 Time :     34.00000
 Time :     35.00000
dtime = 33.54629762470722
mbcr =

   0.142857142857143   0.184822976235203   0.183987662826897

agsout =

 Columns 1 through 3:

   7.111159764089462e-03   7.111159764089466e-03   7.111159764089465e-03
   2.722065481616271e-04   7.088996723024221e-03   7.088996723024229e-03
   8.778144553169215e-05   7.003308545983741e-03   7.003308545983741e-03

 Columns 4 through 6:

   7.111159764089462e-03   7.111159764089463e-03   7.111159764089464e-03
   7.088996723024220e-03   7.088996723024222e-03   7.088996723024223e-03
   7.003308545983741e-03   7.003308545983738e-03   7.003308545983740e-03

 Column 7:

   7.111159764089462e-03
   7.088996723024222e-03
   7.003308545983739e-03

ans = 6.246867986000465e-21
ans = -4.075673974413621e-21
ans = 2.699917519373082e-21
ans = -6.887829563152492e-22
ans = 2.701416784233335e-21
ans = -6.848021496173378e-22
ans = 6.091047838110788e-21
nbcr = 7
lambda0 = 3.501084296647659
kmpl_prod = 0.180000000000000
 Time :      1.00000
 Time :      2.00000
 Time :      3.01000
 Time :      4.01000
 Time :      5.01000
 Time :      6.01000
 Time :      7.01000
 Time :      8.01000
 Time :      9.01000
 Time :     10.01000
 Time :     11.01000
 Time :     12.01000
 Time :     13.01000
 Time :     14.01000
 Time :     15.01000
 Time :     16.01000
 Time :     17.01000
 Time :     18.00000
 Time :     19.00000
 Time :     20.00000
 Time :     21.00000
 Time :     22.00000
 Time :     23.00000
 Time :     24.00000
 Time :     25.00000
 Time :     26.00000
 Time :     27.00000
 Time :     28.00000
 Time :     29.00000
 Time :     30.00000
 Time :     31.00000
 Time :     32.00000
 Time :     33.00000
 Time :     34.00000
 Time :     35.00000
dtime = 33.51825512945652
mbcr =

   0.142857142857143   0.184822976235203   0.183987662826897   0.181629156865850

agsout =

 Columns 1 through 3:

   7.111159764089462e-03   7.111159764089466e-03   7.111159764089465e-03
   2.722065481616271e-04   7.088996723024221e-03   7.088996723024229e-03
   8.778144553169215e-05   7.003308545983741e-03   7.003308545983741e-03
   1.031579994788745e-04   7.011712733402817e-03   7.011712733402814e-03

 Columns 4 through 6:

   7.111159764089462e-03   7.111159764089463e-03   7.111159764089464e-03
   7.088996723024220e-03   7.088996723024222e-03   7.088996723024223e-03
   7.003308545983741e-03   7.003308545983738e-03   7.003308545983740e-03
   7.011712733402816e-03   7.011712733402817e-03   7.011712733402816e-03

 Column 7:

   7.111159764089462e-03
   7.088996723024222e-03
   7.003308545983739e-03
   7.011712733402817e-03

ans = -3.388131789017201e-21
ans = 4.324603640003798e-21
ans = 4.322483989684131e-21
ans = 4.323776459391245e-21
ans = -5.841032497966636e-21
ans = -2.451401444089182e-21
ans = 9.379194170585643e-22
nbcr = 7
lambda0 = 3.501084296647659
kmpl_prod = 0.180000000000000
 Time :      1.00000
 Time :      2.00000
 Time :      3.01000
 Time :      4.01000
 Time :      5.01000
 Time :      6.01000
 Time :      7.01000
 Time :      8.01000
 Time :      9.01000
 Time :     10.01000
 Time :     11.01000
 Time :     12.01000
 Time :     13.01000
 Time :     14.01000
 Time :     15.01000
 Time :     16.01000
 Time :     17.01000
 Time :     18.00000
 Time :     19.00000
 Time :     20.00000
 Time :     21.00000
 Time :     22.00000
 Time :     23.00000
 Time :     24.00000
 Time :     25.00000
 Time :     26.00000
 Time :     27.00000
 Time :     28.00000
 Time :     29.00000
 Time :     30.00000
 Time :     31.00000
 Time :     32.00000
 Time :     33.00000
 Time :     34.00000
 Time :     35.00000
dtime = 32.71865174174309
mbcr =

 Columns 1 through 4:

   0.142857142857143   0.184822976235203   0.183987662826897   0.181629156865850

 Column 5:

   0.179467984404956

agsout =

 Columns 1 through 3:

   7.111159764089462e-03   7.111159764089466e-03   7.111159764089465e-03
   2.722065481616271e-04   7.088996723024221e-03   7.088996723024229e-03
   8.778144553169215e-05   7.003308545983741e-03   7.003308545983741e-03
   1.031579994788745e-04   7.011712733402817e-03   7.011712733402814e-03
   4.132913686915390e-04   7.073944189168261e-03   7.073944189168257e-03

 Columns 4 through 6:

   7.111159764089462e-03   7.111159764089463e-03   7.111159764089464e-03
   7.088996723024220e-03   7.088996723024222e-03   7.088996723024223e-03
   7.003308545983741e-03   7.003308545983738e-03   7.003308545983740e-03
   7.011712733402816e-03   7.011712733402817e-03   7.011712733402816e-03
   7.073944189168260e-03   7.073944189168256e-03   7.073944189168254e-03

 Column 7:

   7.111159764089462e-03
   7.088996723024222e-03
   7.003308545983739e-03
   7.011712733402817e-03
   7.073944189168254e-03

ans = 6.604210010623373e-21
ans = 1.301672091428758e-21
ans = 4.689545386504537e-21
ans = 1.301310199910766e-21
ans = 4.689390290139683e-21
ans = 4.687735928914577e-21
ans = -2.084805336363337e-21
nbcr = 7
lambda0 = 3.501084296647659
kmpl_prod = 0.180000000000000
 Time :      1.00000
 Time :      2.00000
 Time :      3.01000
 Time :      4.01000
 Time :      5.01000
 Time :      6.01000
 Time :      7.01000
 Time :      8.01000
 Time :      9.01000
 Time :     10.01000
 Time :     11.01000
 Time :     12.01000
 Time :     13.01000
 Time :     14.01000
 Time :     15.01000
 Time :     16.01000
 Time :     17.01000
 Time :     18.00000
 Time :     19.00000
 Time :     20.00000
 Time :     21.00000
 Time :     22.00000
 Time :     23.00000
 Time :     24.00000
 Time :     25.00000
 Time :     26.00000
 Time :     27.00000
 Time :     28.00000
 Time :     29.00000
 Time :     30.00000
 Time :     31.00000
 Time :     32.00000
 Time :     33.00000
 Time :     34.00000
 Time :     35.00000
dtime = 32.25841484963894
mbcr =

 Columns 1 through 4:

   0.142857142857143   0.184822976235203   0.183987662826897   0.181629156865850

 Columns 5 and 6:

   0.179467984404956   0.185096730223543

agsout =

 Columns 1 through 3:

   7.111159764089462e-03   7.111159764089466e-03   7.111159764089465e-03
   2.722065481616271e-04   7.088996723024221e-03   7.088996723024229e-03
   8.778144553169215e-05   7.003308545983741e-03   7.003308545983741e-03
   1.031579994788745e-04   7.011712733402817e-03   7.011712733402814e-03
   4.132913686915390e-04   7.073944189168261e-03   7.073944189168257e-03
   3.220708687402424e-04   7.070005358766270e-03   7.070005358766273e-03

 Columns 4 through 6:

   7.111159764089462e-03   7.111159764089463e-03   7.111159764089464e-03
   7.088996723024220e-03   7.088996723024222e-03   7.088996723024223e-03
   7.003308545983741e-03   7.003308545983738e-03   7.003308545983740e-03
   7.011712733402816e-03   7.011712733402817e-03   7.011712733402816e-03
   7.073944189168260e-03   7.073944189168256e-03   7.073944189168254e-03
   7.070005358766279e-03   7.070005358766276e-03   7.070005358766276e-03

 Column 7:

   7.111159764089462e-03
   7.088996723024222e-03
   7.003308545983739e-03
   7.011712733402817e-03
   7.073944189168254e-03
   7.070005358766272e-03

ans = 7.927698990708217e-21
ans = 1.123063117663246e-20
ans = 7.841465411849564e-21
ans = 1.122954550207848e-20
ans = 1.065150135026877e-21
ans = 1.064012761684616e-21
ans = 1.462103771233418e-20
dkps =

 Columns 1 through 3:

   1.562968027315088e+01   6.354437989564705e+01   2.230145358557084e+01

 Columns 4 through 6:

   2.403745089876708e+02   2.918689386309150e+00   1.638916126673921e+00

nbcr = 10
lambda0 = 3.501084296647659
kmpl_prod = 0.180000000000000
 Time :      1.00000
 Time :      2.00000
 Time :      3.01000
 Time :      4.01000
 Time :      5.01000
 Time :      6.01000
 Time :      7.01000
 Time :      8.01000
 Time :      9.01000
 Time :     10.01000
 Time :     11.01000
 Time :     12.01000
 Time :     13.01000
 Time :     14.01000
 Time :     15.01000
 Time :     16.01000
 Time :     17.01000
 Time :     18.00000
 Time :     19.00000
 Time :     20.00000
 Time :     21.00000
 Time :     22.00000
 Time :     23.00000
 Time :     24.00000
 Time :     25.00000
 Time :     26.00000
 Time :     27.00000
 Time :     28.00000
 Time :     29.00000
 Time :     30.00000
 Time :     31.00000
 Time :     32.00000
 Time :     33.00000
 Time :     34.00000
 Time :     35.00000
dtime = 46.98148928582668
mbcr = 0.100000000000000
agsout =

 Columns 1 through 3:

   6.159882263248384e-03   6.159882263248383e-03   6.159882263248378e-03

 Columns 4 through 6:

   6.159882263248376e-03   6.159882263248379e-03   6.159882263248380e-03

 Columns 7 through 9:

   6.159882263248376e-03   6.159882263248376e-03   6.159882263248376e-03

 Column 10:

   6.159882263248376e-03

ans = 4.048002197984308e-21
ans = -8.276976004358733e-23
ans = 6.688685830680351e-21
ans = -3.473072898168740e-21
ans = 3.304379751996207e-21
ans = -3.474778958182131e-21
ans = 6.693338721625962e-21
ans = -8.566489218752293e-23
ans = -8.499280793982359e-23
ans = 3.301381222275703e-21
nbcr = 10
lambda0 = 3.501084296647659
kmpl_prod = 0.180000000000000
 Time :      1.00000
 Time :      2.00000
 Time :      3.01000
 Time :      4.01000
 Time :      5.01000
 Time :      6.01000
 Time :      7.01000
 Time :      8.01000
 Time :      9.01000
 Time :     10.01000
 Time :     11.01000
 Time :     12.01000
 Time :     13.01000
 Time :     14.01000
 Time :     15.01000
 Time :     16.01000
 Time :     17.01000
 Time :     18.00000
 Time :     19.00000
 Time :     20.00000
 Time :     21.00000
 Time :     22.00000
 Time :     23.00000
 Time :     24.00000
 Time :     25.00000
 Time :     26.00000
 Time :     27.00000
 Time :     28.00000
 Time :     29.00000
 Time :     30.00000
 Time :     31.00000
 Time :     32.00000
 Time :     33.00000
 Time :     34.00000
 Time :     35.00000
dtime = 47.09075242280960
mbcr =

   0.100000000000000   0.134637769721729

agsout =

 Columns 1 through 3:

   6.159882263248384e-03   6.159882263248383e-03   6.159882263248378e-03
   1.015561074268533e-03   6.228092976597055e-03   6.228092976597044e-03

 Columns 4 through 6:

   6.159882263248376e-03   6.159882263248379e-03   6.159882263248380e-03
   6.228092976597050e-03   6.228092976597046e-03   6.228092976597046e-03

 Columns 7 through 9:

   6.159882263248376e-03   6.159882263248376e-03   6.159882263248376e-03
   6.228092976597044e-03   6.228092976597045e-03   6.228092976597042e-03

 Column 10:

   6.159882263248376e-03
   6.228092976597042e-03

ans = 1.029591708444754e-20
ans = 5.118800425631274e-21
ans = 5.114406028627086e-21
ans = -5.048334977199412e-21
ans = 1.528345428662430e-20
ans = 5.117146064406167e-21
ans = 5.117352859559306e-21
ans = 1.189325454607572e-20
ans = 5.117146064406167e-21
ans = 8.506053335247637e-21
nbcr = 10
lambda0 = 3.501084296647659
kmpl_prod = 0.180000000000000
 Time :      1.00000
 Time :      2.00000
 Time :      3.01000
 Time :      4.01000
 Time :      5.01000
 Time :      6.01000
 Time :      7.01000
 Time :      8.01000
 Time :      9.01000
 Time :     10.01000
 Time :     11.01000
 Time :     12.01000
 Time :     13.01000
 Time :     14.01000
 Time :     15.01000
 Time :     16.01000
 Time :     17.01000
 Time :     18.00000
 Time :     19.00000
 Time :     20.00000
 Time :     21.00000
 Time :     22.00000
 Time :     23.00000
 Time :     24.00000
 Time :     25.00000
 Time :     26.00000
 Time :     27.00000
 Time :     28.00000
 Time :     29.00000
 Time :     30.00000
 Time :     31.00000
 Time :     32.00000
 Time :     33.00000
 Time :     34.00000
 Time :     35.00000
dtime = 46.90161645412445
mbcr =

   0.100000000000000   0.134637769721729   0.134047809229813

agsout =

 Columns 1 through 3:

   6.159882263248384e-03   6.159882263248383e-03   6.159882263248378e-03
   1.015561074268533e-03   6.228092976597055e-03   6.228092976597044e-03
   1.093637676563864e-03   6.245116851069306e-03   6.245116851069304e-03

 Columns 4 through 6:

   6.159882263248376e-03   6.159882263248379e-03   6.159882263248380e-03
   6.228092976597050e-03   6.228092976597046e-03   6.228092976597046e-03
   6.245116851069301e-03   6.245116851069298e-03   6.245116851069302e-03

 Columns 7 through 9:

   6.159882263248376e-03   6.159882263248376e-03   6.159882263248376e-03
   6.228092976597044e-03   6.228092976597045e-03   6.228092976597042e-03
   6.245116851069300e-03   6.245116851069299e-03   6.245116851069301e-03

 Column 10:

   6.159882263248376e-03
   6.228092976597042e-03
   6.245116851069302e-03

ans = -3.223522847119149e-21
ans = -2.943212017040242e-22
ans = -3.681367316167250e-21
ans = 6.483028050884354e-21
ans = -3.684934532558885e-21
ans = -2.968027435416832e-22
ans = -2.949932859517235e-22
ans = 3.091432443052087e-21
ans = -2.942178041274550e-22
ans = -3.681367316167250e-21
nbcr = 10
lambda0 = 3.501084296647659
kmpl_prod = 0.180000000000000
 Time :      1.00000
 Time :      2.00000
 Time :      3.01000
 Time :      4.01000
 Time :      5.01000
 Time :      6.01000
 Time :      7.01000
 Time :      8.01000
 Time :      9.01000
 Time :     10.01000
 Time :     11.01000
 Time :     12.01000
 Time :     13.01000
 Time :     14.01000
 Time :     15.01000
 Time :     16.01000
 Time :     17.01000
 Time :     18.00000
 Time :     19.00000
 Time :     20.00000
 Time :     21.00000
 Time :     22.00000
 Time :     23.00000
 Time :     24.00000
 Time :     25.00000
 Time :     26.00000
 Time :     27.00000
 Time :     28.00000
 Time :     29.00000
 Time :     30.00000
 Time :     31.00000
 Time :     32.00000
 Time :     33.00000
 Time :     34.00000
 Time :     35.00000
dtime = 47.11170382797718
mbcr =

   0.100000000000000   0.134637769721729   0.134047809229813   0.137927720463252

agsout =

 Columns 1 through 3:

   6.159882263248384e-03   6.159882263248383e-03   6.159882263248378e-03
   1.015561074268533e-03   6.228092976597055e-03   6.228092976597044e-03
   1.093637676563864e-03   6.245116851069306e-03   6.245116851069304e-03
   7.802531129511280e-04   6.224760809272270e-03   6.224760809272269e-03

 Columns 4 through 6:

   6.159882263248376e-03   6.159882263248379e-03   6.159882263248380e-03
   6.228092976597050e-03   6.228092976597046e-03   6.228092976597046e-03
   6.245116851069301e-03   6.245116851069298e-03   6.245116851069302e-03
   6.224760809272274e-03   6.224760809272263e-03   6.224760809272264e-03

 Columns 7 through 9:

   6.159882263248376e-03   6.159882263248376e-03   6.159882263248376e-03
   6.228092976597044e-03   6.228092976597045e-03   6.228092976597042e-03
   6.245116851069300e-03   6.245116851069299e-03   6.245116851069301e-03
   6.224760809272263e-03   6.224760809272262e-03   6.224760809272263e-03

 Column 10:

   6.159882263248376e-03
   6.228092976597042e-03
   6.245116851069302e-03
   6.224760809272261e-03

ans = 5.548727549005710e-21
ans = 1.375704756252254e-22
ans = -3.250664710968545e-21
ans = 1.363297047063959e-22
ans = 3.519498410048279e-21
ans = 1.357610180352657e-22
ans = 1.375704756252254e-22
ans = 6.918797137334946e-21
ans = 1.358127168235502e-22
ans = -6.640605957575706e-21
nbcr = 10
lambda0 = 3.501084296647659
kmpl_prod = 0.180000000000000
 Time :      1.00000
 Time :      2.00000
 Time :      3.01000
 Time :      4.01000
 Time :      5.01000
 Time :      6.01000
 Time :      7.01000
 Time :      8.01000
 Time :      9.01000
 Time :     10.01000
 Time :     11.01000
 Time :     12.01000
 Time :     13.01000
 Time :     14.01000
 Time :     15.01000
 Time :     16.01000
 Time :     17.01000
 Time :     18.00000
 Time :     19.00000
 Time :     20.00000
 Time :     21.00000
 Time :     22.00000
 Time :     23.00000
 Time :     24.00000
 Time :     25.00000
 Time :     26.00000
 Time :     27.00000
 Time :     28.00000
 Time :     29.00000
 Time :     30.00000
 Time :     31.00000
 Time :     32.00000
 Time :     33.00000
 Time :     34.00000
 Time :     35.00000
dtime = 46.75890952348709
mbcr =

 Columns 1 through 4:

   0.100000000000000   0.134637769721729   0.134047809229813   0.137927720463252

 Column 5:

   0.121392180117722

agsout =

 Columns 1 through 3:

   6.159882263248384e-03   6.159882263248383e-03   6.159882263248378e-03
   1.015561074268533e-03   6.228092976597055e-03   6.228092976597044e-03
   1.093637676563864e-03   6.245116851069306e-03   6.245116851069304e-03
   7.802531129511280e-04   6.224760809272270e-03   6.224760809272269e-03
   2.551476012133019e-03   6.221830989087952e-03   6.221830989087962e-03

 Columns 4 through 6:

   6.159882263248376e-03   6.159882263248379e-03   6.159882263248380e-03
   6.228092976597050e-03   6.228092976597046e-03   6.228092976597046e-03
   6.245116851069301e-03   6.245116851069298e-03   6.245116851069302e-03
   6.224760809272274e-03   6.224760809272263e-03   6.224760809272264e-03
   6.221830989087951e-03   6.221830989087956e-03   6.221830989087958e-03

 Columns 7 through 9:

   6.159882263248376e-03   6.159882263248376e-03   6.159882263248376e-03
   6.228092976597044e-03   6.228092976597045e-03   6.228092976597042e-03
   6.245116851069300e-03   6.245116851069299e-03   6.245116851069301e-03
   6.224760809272263e-03   6.224760809272262e-03   6.224760809272263e-03
   6.221830989087960e-03   6.221830989087958e-03   6.221830989087955e-03

 Column 10:

   6.159882263248376e-03
   6.228092976597042e-03
   6.245116851069302e-03
   6.224760809272261e-03
   6.221830989087956e-03

ans = 2.832783405264412e-21
ans = -3.419254459564509e-21
ans = 3.362902780334334e-21
ans = -2.957170689877074e-23
ans = -3.431300277234812e-21
ans = 3.352563022677421e-21
ans = -2.605618929542037e-23
ans = -2.698676748454253e-23
ans = -2.884792386278684e-23
ans = 3.351839239641437e-21
nbcr = 10
lambda0 = 3.501084296647659
kmpl_prod = 0.180000000000000
 Time :      1.00000
 Time :      2.00000
 Time :      3.01000
 Time :      4.01000
 Time :      5.01000
 Time :      6.01000
 Time :      7.01000
 Time :      8.01000
 Time :      9.01000
 Time :     10.01000
 Time :     11.01000
 Time :     12.01000
 Time :     13.01000
 Time :     14.01000
 Time :     15.01000
 Time :     16.01000
 Time :     17.01000
 Time :     18.00000
 Time :     19.00000
 Time :     20.00000
 Time :     21.00000
 Time :     22.00000
 Time :     23.00000
 Time :     24.00000
 Time :     25.00000
 Time :     26.00000
 Time :     27.00000
 Time :     28.00000
 Time :     29.00000
 Time :     30.00000
 Time :     31.00000
 Time :     32.00000
 Time :     33.00000
 Time :     34.00000
 Time :     35.00000
dtime = 46.78464867174625
mbcr =

 Columns 1 through 4:

   0.100000000000000   0.134637769721729   0.134047809229813   0.137927720463252

 Columns 5 and 6:

   0.121392180117722   0.142750951586165

agsout =

 Columns 1 through 3:

   6.159882263248384e-03   6.159882263248383e-03   6.159882263248378e-03
   1.015561074268533e-03   6.228092976597055e-03   6.228092976597044e-03
   1.093637676563864e-03   6.245116851069306e-03   6.245116851069304e-03
   7.802531129511280e-04   6.224760809272270e-03   6.224760809272269e-03
   2.551476012133019e-03   6.221830989087952e-03   6.221830989087962e-03
   3.205622490435595e-04   6.165297278185868e-03   6.165297278185867e-03

 Columns 4 through 6:

   6.159882263248376e-03   6.159882263248379e-03   6.159882263248380e-03
   6.228092976597050e-03   6.228092976597046e-03   6.228092976597046e-03
   6.245116851069301e-03   6.245116851069298e-03   6.245116851069302e-03
   6.224760809272274e-03   6.224760809272263e-03   6.224760809272264e-03
   6.221830989087951e-03   6.221830989087956e-03   6.221830989087958e-03
   6.165297278185863e-03   6.165297278185867e-03   6.165297278185865e-03

 Columns 7 through 9:

   6.159882263248376e-03   6.159882263248376e-03   6.159882263248376e-03
   6.228092976597044e-03   6.228092976597045e-03   6.228092976597042e-03
   6.245116851069300e-03   6.245116851069299e-03   6.245116851069301e-03
   6.224760809272263e-03   6.224760809272262e-03   6.224760809272263e-03
   6.221830989087960e-03   6.221830989087958e-03   6.221830989087955e-03
   6.165297278185863e-03   6.165297278185863e-03   6.165297278185866e-03

 Column 10:

   6.159882263248376e-03
   6.228092976597042e-03
   6.245116851069302e-03
   6.224760809272261e-03
   6.221830989087956e-03
   6.165297278185863e-03

ans = -6.551270451419979e-21
ans = 6.872733516973400e-21
ans = 9.988205896577809e-23
ans = 6.878678877626124e-21
ans = 3.484601727956198e-21
ans = 9.414349346619146e-23
ans = 3.489926703149508e-21
ans = 9.067967465112566e-23
ans = 6.876972817612734e-21
ans = 3.487186667370426e-21
dkps =

 Columns 1 through 3:

   4.459893492992391e+01   3.370348368384767e+01   8.089949376802814e+01

 Columns 4 through 6:

   1.579440996230980e+01   4.794566945528334e+00   8.457218303895104e+00

nbcr = 15
lambda0 = 3.501084296647659
kmpl_prod = 0.180000000000000
 Time :      1.00000
 Time :      2.00000
 Time :      3.01000
 Time :      4.01000
 Time :      5.01000
 Time :      6.01000
 Time :      7.01000
 Time :      8.01000
 Time :      9.01000
 Time :     10.01000
 Time :     11.01000
 Time :     12.01000
 Time :     13.01000
 Time :     14.01000
 Time :     15.01000
 Time :     16.01000
 Time :     17.01000
 Time :     18.00000
 Time :     19.00000
 Time :     20.00000
 Time :     21.00000
 Time :     22.00000
 Time :     23.00000
 Time :     24.00000
 Time :     25.00000
 Time :     26.00000
 Time :     27.00000
 Time :     28.00000
 Time :     29.00000
 Time :     30.00000
 Time :     31.00000
 Time :     32.00000
 Time :     33.00000
 Time :     34.00000
 Time :     35.00000
dtime = 73.12223464250565
mbcr = 6.666666666666667e-02
agsout =

 Columns 1 through 3:

   5.374193411711694e-03   5.374193411711686e-03   5.374193411711701e-03

 Columns 4 through 6:

   5.374193411711700e-03   5.374193411711699e-03   5.374193411711701e-03

 Columns 7 through 9:

   5.374193411711701e-03   5.374193411711703e-03   5.374193411711701e-03

 Columns 10 through 12:

   5.374193411711701e-03   5.374193411711704e-03   5.374193411711703e-03

 Columns 13 through 15:

   5.374193411711707e-03   5.374193411711706e-03   5.374193411711701e-03

ans = -3.944100558229405e-22
ans = -5.689968638599139e-21
ans = -5.682937603392438e-21
ans = 4.477838848479246e-21
ans = -2.300182488356832e-21
ans = 1.086191541858694e-21
ans = -2.296356778023774e-21
ans = -9.074688307589559e-21
ans = -2.298528127131726e-21
ans = -2.300389283509970e-21
ans = -2.281157334268112e-21
ans = 1.089603661885476e-21
ans = 1.091258023110582e-21
ans = 1.091775010993427e-21
ans = -2.286740803402845e-21
nbcr = 15
lambda0 = 3.501084296647659
kmpl_prod = 0.180000000000000
 Time :      1.00000
 Time :      2.00000
 Time :      3.01000
 Time :      4.01000
 Time :      5.01000
 Time :      6.01000
 Time :      7.01000
 Time :      8.01000
 Time :      9.01000
 Time :     10.01000
 Time :     11.01000
 Time :     12.01000
 Time :     13.01000
 Time :     14.01000
 Time :     15.01000
 Time :     16.01000
 Time :     17.01000
 Time :     18.00000
 Time :     19.00000
 Time :     20.00000
 Time :     21.00000
 Time :     22.00000
 Time :     23.00000
 Time :     24.00000
 Time :     25.00000
 Time :     26.00000
 Time :     27.00000
 Time :     28.00000
 Time :     29.00000
 Time :     30.00000
 Time :     31.00000
 Time :     32.00000
 Time :     33.00000
 Time :     34.00000
 Time :     35.00000
dtime = 72.72854335606098
mbcr =

   6.666666666666667e-02   9.157068048510149e-02

agsout =

 Columns 1 through 3:

   5.374193411711694e-03   5.374193411711686e-03   5.374193411711701e-03
   1.400380366821768e-03   5.439375202128738e-03   5.439375202128740e-03

 Columns 4 through 6:

   5.374193411711700e-03   5.374193411711699e-03   5.374193411711701e-03
   5.439375202128741e-03   5.439375202128742e-03   5.439375202128748e-03

 Columns 7 through 9:

   5.374193411711701e-03   5.374193411711703e-03   5.374193411711701e-03
   5.439375202128748e-03   5.439375202128748e-03   5.439375202128742e-03

 Columns 10 through 12:

   5.374193411711701e-03   5.374193411711704e-03   5.374193411711703e-03
   5.439375202128747e-03   5.439375202128747e-03   5.439375202128748e-03

 Columns 13 through 15:

   5.374193411711707e-03   5.374193411711706e-03   5.374193411711701e-03
   5.439375202128750e-03   5.439375202128748e-03   5.439375202128748e-03

ans = 6.396174086566286e-22
ans = 2.767953124755569e-22
ans = 2.695574821157179e-22
ans = 3.660274210547147e-21
ans = 7.045821060150121e-21
ans = 2.677997233140427e-22
ans = 1.044325863105854e-20
ans = 3.659964017817440e-21
ans = 2.625264469090172e-22
ans = 3.662962547537945e-21
ans = 7.047992409258072e-21
ans = 2.709016506111166e-22
ans = 7.040444386168526e-21
ans = 3.665237294222466e-21
ans = 3.665237294222466e-21
nbcr = 15
lambda0 = 3.501084296647659
kmpl_prod = 0.180000000000000
 Time :      1.00000
 Time :      2.00000
 Time :      3.01000
 Time :      4.01000
 Time :      5.01000
 Time :      6.01000
 Time :      7.01000
 Time :      8.01000
 Time :      9.01000
 Time :     10.01000
 Time :     11.01000
 Time :     12.01000
 Time :     13.01000
 Time :     14.01000
 Time :     15.01000
 Time :     16.01000
 Time :     17.01000
 Time :     18.00000
 Time :     19.00000
 Time :     20.00000
 Time :     21.00000
 Time :     22.00000
 Time :     23.00000
 Time :     24.00000
 Time :     25.00000
 Time :     26.00000
 Time :     27.00000
 Time :     28.00000
 Time :     29.00000
 Time :     30.00000
 Time :     31.00000
 Time :     32.00000
 Time :     33.00000
 Time :     34.00000
 Time :     35.00000
dtime = 72.66973257064819
mbcr =

   6.666666666666667e-02   9.157068048510149e-02   1.004855983787728e-01

agsout =

 Columns 1 through 3:

   5.374193411711694e-03   5.374193411711686e-03   5.374193411711701e-03
   1.400380366821768e-03   5.439375202128738e-03   5.439375202128740e-03
   6.885515158790549e-04   5.449671265535430e-03   5.449671265535434e-03

 Columns 4 through 6:

   5.374193411711700e-03   5.374193411711699e-03   5.374193411711701e-03
   5.439375202128741e-03   5.439375202128742e-03   5.439375202128748e-03
   5.449671265535442e-03   5.449671265535447e-03   5.449671265535440e-03

 Columns 7 through 9:

   5.374193411711701e-03   5.374193411711703e-03   5.374193411711701e-03
   5.439375202128748e-03   5.439375202128748e-03   5.439375202128742e-03
   5.449671265535451e-03   5.449671265535441e-03   5.449671265535451e-03

 Columns 10 through 12:

   5.374193411711701e-03   5.374193411711704e-03   5.374193411711703e-03
   5.439375202128747e-03   5.439375202128747e-03   5.439375202128748e-03
   5.449671265535449e-03   5.449671265535446e-03   5.449671265535442e-03

 Columns 13 through 15:

   5.374193411711707e-03   5.374193411711706e-03   5.374193411711701e-03
   5.439375202128750e-03   5.439375202128748e-03   5.439375202128748e-03
   5.449671265535445e-03   5.449671265535443e-03   5.449671265535439e-03

ans = -2.444318710094197e-21
ans = 1.881835893558138e-23
ans = 3.410569063132702e-21
ans = 2.781394809709556e-23
ans = -3.360007648190398e-21
ans = 3.419668049870786e-21
ans = -3.360421238496675e-21
ans = -3.356698925740186e-21
ans = 3.419357857141078e-21
ans = 3.184645358329157e-23
ans = -3.358766877271569e-21
ans = 3.414291375889191e-21
ans = 3.419564652294216e-21
ans = 3.430111205104268e-21
ans = 2.595279171885124e-23
nbcr = 15
lambda0 = 3.501084296647659
kmpl_prod = 0.180000000000000
 Time :      1.00000
 Time :      2.00000
 Time :      3.01000
 Time :      4.01000
 Time :      5.01000
 Time :      6.01000
 Time :      7.01000
 Time :      8.01000
 Time :      9.01000
 Time :     10.01000
 Time :     11.01000
 Time :     12.01000
 Time :     13.01000
 Time :     14.01000
 Time :     15.01000
 Time :     16.01000
 Time :     17.01000
 Time :     18.00000
 Time :     19.00000
 Time :     20.00000
 Time :     21.00000
 Time :     22.00000
 Time :     23.00000
 Time :     24.00000
 Time :     25.00000
 Time :     26.00000
 Time :     27.00000
 Time :     28.00000
 Time :     29.00000
 Time :     30.00000
 Time :     31.00000
 Time :     32.00000
 Time :     33.00000
 Time :     34.00000
 Time :     35.00000
dtime = 72.46720902621746
mbcr =

 Columns 1 through 3:

   6.666666666666667e-02   9.157068048510149e-02   1.004855983787728e-01

 Column 4:

   9.694255769226928e-02

agsout =

 Columns 1 through 3:

   5.374193411711694e-03   5.374193411711686e-03   5.374193411711701e-03
   1.400380366821768e-03   5.439375202128738e-03   5.439375202128740e-03
   6.885515158790549e-04   5.449671265535430e-03   5.449671265535434e-03
   9.199293992611935e-04   5.455396973736970e-03   5.455396973736979e-03

 Columns 4 through 6:

   5.374193411711700e-03   5.374193411711699e-03   5.374193411711701e-03
   5.439375202128741e-03   5.439375202128742e-03   5.439375202128748e-03
   5.449671265535442e-03   5.449671265535447e-03   5.449671265535440e-03
   5.455396973736977e-03   5.455396973736986e-03   5.455396973736979e-03

 Columns 7 through 9:

   5.374193411711701e-03   5.374193411711703e-03   5.374193411711701e-03
   5.439375202128748e-03   5.439375202128748e-03   5.439375202128742e-03
   5.449671265535451e-03   5.449671265535441e-03   5.449671265535451e-03
   5.455396973736986e-03   5.455396973736979e-03   5.455396973736979e-03

 Columns 10 through 12:

   5.374193411711701e-03   5.374193411711704e-03   5.374193411711703e-03
   5.439375202128747e-03   5.439375202128747e-03   5.439375202128748e-03
   5.449671265535449e-03   5.449671265535446e-03   5.449671265535442e-03
   5.455396973736980e-03   5.455396973736980e-03   5.455396973736980e-03

 Columns 13 through 15:

   5.374193411711707e-03   5.374193411711706e-03   5.374193411711701e-03
   5.439375202128750e-03   5.439375202128748e-03   5.439375202128748e-03
   5.449671265535445e-03   5.449671265535443e-03   5.449671265535439e-03
   5.455396973736979e-03   5.455396973736979e-03   5.455396973736979e-03

ans = 5.714163671516315e-21
ans = -4.048428712987656e-21
ans = -4.060629627022813e-21
ans = -7.450105584535413e-21
ans = -1.083472185594926e-20
ans = -7.446383271778924e-21
ans = -7.436043514122011e-21
ans = -7.432941586824938e-21
ans = -6.566780087905348e-22
ans = -7.438111465653394e-21
ans = -4.053391796662974e-21
ans = -4.053598591816112e-21
ans = -4.056803916689755e-21
ans = -7.435940116545442e-21
ans = -4.053288399086405e-21
nbcr = 15
lambda0 = 3.501084296647659
kmpl_prod = 0.180000000000000
 Time :      1.00000
 Time :      2.00000
 Time :      3.01000
 Time :      4.01000
 Time :      5.01000
 Time :      6.01000
 Time :      7.01000
 Time :      8.01000
 Time :      9.01000
 Time :     10.01000
 Time :     11.01000
 Time :     12.01000
 Time :     13.01000
 Time :     14.01000
 Time :     15.01000
 Time :     16.01000
 Time :     17.01000
 Time :     18.00000
 Time :     19.00000
 Time :     20.00000
 Time :     21.00000
 Time :     22.00000
 Time :     23.00000
 Time :     24.00000
 Time :     25.00000
 Time :     26.00000
 Time :     27.00000
 Time :     28.00000
 Time :     29.00000
 Time :     30.00000
 Time :     31.00000
 Time :     32.00000
 Time :     33.00000
 Time :     34.00000
 Time :     35.00000
dtime = 72.54874147474766
mbcr =

 Columns 1 through 3:

   6.666666666666667e-02   9.157068048510149e-02   1.004855983787728e-01

 Columns 4 and 5:

   9.694255769226928e-02   1.057214963629936e-01

agsout =

 Columns 1 through 3:

   5.374193411711694e-03   5.374193411711686e-03   5.374193411711701e-03
   1.400380366821768e-03   5.439375202128738e-03   5.439375202128740e-03
   6.885515158790549e-04   5.449671265535430e-03   5.449671265535434e-03
   9.199293992611935e-04   5.455396973736970e-03   5.455396973736979e-03
   4.251975759995824e-04   5.426038024122596e-03   5.426038024122598e-03

 Columns 4 through 6:

   5.374193411711700e-03   5.374193411711699e-03   5.374193411711701e-03
   5.439375202128741e-03   5.439375202128742e-03   5.439375202128748e-03
   5.449671265535442e-03   5.449671265535447e-03   5.449671265535440e-03
   5.455396973736977e-03   5.455396973736986e-03   5.455396973736979e-03
   5.426038024122605e-03   5.426038024122580e-03   5.426038024122601e-03

 Columns 7 through 9:

   5.374193411711701e-03   5.374193411711703e-03   5.374193411711701e-03
   5.439375202128748e-03   5.439375202128748e-03   5.439375202128742e-03
   5.449671265535451e-03   5.449671265535441e-03   5.449671265535451e-03
   5.455396973736986e-03   5.455396973736979e-03   5.455396973736979e-03
   5.426038024122602e-03   5.426038024122605e-03   5.426038024122608e-03

 Columns 10 through 12:

   5.374193411711701e-03   5.374193411711704e-03   5.374193411711703e-03
   5.439375202128747e-03   5.439375202128747e-03   5.439375202128748e-03
   5.449671265535449e-03   5.449671265535446e-03   5.449671265535442e-03
   5.455396973736980e-03   5.455396973736980e-03   5.455396973736980e-03
   5.426038024122610e-03   5.426038024122603e-03   5.426038024122605e-03

 Columns 13 through 15:

   5.374193411711707e-03   5.374193411711706e-03   5.374193411711701e-03
   5.439375202128750e-03   5.439375202128748e-03   5.439375202128748e-03
   5.449671265535445e-03   5.449671265535443e-03   5.449671265535439e-03
   5.455396973736979e-03   5.455396973736979e-03   5.455396973736979e-03
   5.426038024122603e-03   5.426038024122603e-03   5.426038024122603e-03

ans = 5.241016361135983e-21
ans = -6.344371900705153e-21
ans = -9.727333810893898e-21
ans = -6.344268503128584e-21
ans = -2.954378955309707e-21
ans = -6.346439852236536e-21
ans = -6.339202021876697e-21
ans = -2.949312474057820e-21
ans = -6.339098624300128e-21
ans = -6.339098624300128e-21
ans = 4.369581585811369e-22
ans = -6.344165105552015e-21
ans = 4.371649537342751e-22
ans = 4.370615561577060e-22
ans = 4.371649537342751e-22
nbcr = 15
lambda0 = 3.501084296647659
kmpl_prod = 0.180000000000000
 Time :      1.00000
 Time :      2.00000
 Time :      3.01000
 Time :      4.01000
 Time :      5.01000
 Time :      6.01000
 Time :      7.01000
 Time :      8.01000
 Time :      9.01000
 Time :     10.01000
 Time :     11.01000
 Time :     12.01000
 Time :     13.01000
 Time :     14.01000
 Time :     15.01000
 Time :     16.01000
 Time :     17.01000
 Time :     18.00000
 Time :     19.00000
 Time :     20.00000
 Time :     21.00000
 Time :     22.00000
 Time :     23.00000
 Time :     24.00000
 Time :     25.00000
 Time :     26.00000
 Time :     27.00000
 Time :     28.00000
 Time :     29.00000
 Time :     30.00000
 Time :     31.00000
 Time :     32.00000
 Time :     33.00000
 Time :     34.00000
 Time :     35.00000
dtime = 67.10675731301308
mbcr =

 Columns 1 through 3:

   6.666666666666667e-02   9.157068048510149e-02   1.004855983787728e-01

 Columns 4 through 6:

   9.694255769226928e-02   1.057214963629936e-01   1.103298605959872e-01

agsout =

 Columns 1 through 3:

   5.374193411711694e-03   5.374193411711686e-03   5.374193411711701e-03
   1.400380366821768e-03   5.439375202128738e-03   5.439375202128740e-03
   6.885515158790549e-04   5.449671265535430e-03   5.449671265535434e-03
   9.199293992611935e-04   5.455396973736970e-03   5.455396973736979e-03
   4.251975759995824e-04   5.426038024122596e-03   5.426038024122598e-03
   1.750223517693974e-04   5.362687794119235e-03   5.362687794119249e-03

 Columns 4 through 6:

   5.374193411711700e-03   5.374193411711699e-03   5.374193411711701e-03
   5.439375202128741e-03   5.439375202128742e-03   5.439375202128748e-03
   5.449671265535442e-03   5.449671265535447e-03   5.449671265535440e-03
   5.455396973736977e-03   5.455396973736986e-03   5.455396973736979e-03
   5.426038024122605e-03   5.426038024122580e-03   5.426038024122601e-03
   5.362687794119241e-03   5.362687794119241e-03   5.362687794119242e-03

 Columns 7 through 9:

   5.374193411711701e-03   5.374193411711703e-03   5.374193411711701e-03
   5.439375202128748e-03   5.439375202128748e-03   5.439375202128742e-03
   5.449671265535451e-03   5.449671265535441e-03   5.449671265535451e-03
   5.455396973736986e-03   5.455396973736979e-03   5.455396973736979e-03
   5.426038024122602e-03   5.426038024122605e-03   5.426038024122608e-03
   5.362687794119243e-03   5.362687794119243e-03   5.362687794119231e-03

 Columns 10 through 12:

   5.374193411711701e-03   5.374193411711704e-03   5.374193411711703e-03
   5.439375202128747e-03   5.439375202128747e-03   5.439375202128748e-03
   5.449671265535449e-03   5.449671265535446e-03   5.449671265535442e-03
   5.455396973736980e-03   5.455396973736980e-03   5.455396973736980e-03
   5.426038024122610e-03   5.426038024122603e-03   5.426038024122605e-03
   5.362687794119238e-03   5.362687794119240e-03   5.362687794119240e-03

 Columns 13 through 15:

   5.374193411711707e-03   5.374193411711706e-03   5.374193411711701e-03
   5.439375202128750e-03   5.439375202128748e-03   5.439375202128748e-03
   5.449671265535445e-03   5.449671265535443e-03   5.449671265535439e-03
   5.455396973736979e-03   5.455396973736979e-03   5.455396973736979e-03
   5.426038024122603e-03   5.426038024122603e-03   5.426038024122603e-03
   5.362687794119240e-03   5.362687794119240e-03   5.362687794119237e-03

ans = 6.286572655403010e-21
ans = 1.111224095146080e-20
ans = 4.335873975849833e-21
ans = 1.111234434903737e-20
ans = 7.718939283615147e-21
ans = 7.724315957596742e-21
ans = 7.724109162443603e-21
ans = 4.334219614624727e-21
ans = 7.724315957596742e-21
ans = 7.722351403641928e-21
ans = 7.724315957596742e-21
ans = 1.111244774661394e-20
ans = -5.835242233678765e-21
ans = 7.728245065506368e-21
ans = 7.722558198795066e-21
