warning: function /home/surgeon/flu/amcode/perelson21/1d2agt/4paper/2submit/run.m shadows a core library function
warning: called from
    driver at line 1 column 1

lambda0 = 3.501084296647659
kmpl_prod = 0.180000000000000
dkps =

 Columns 1 through 3:

   2.913560319672658e+00   2.100953736153931e+01   2.648165787774459e+00

 Columns 4 through 6:

   1.397146155176320e+01   2.171181661195698e+01   2.310568238499944e+00

nbcr = 2
lambda0 = 3.501084296647659
kmpl_prod = 0.180000000000000
 Time :      1.00000
 Time :      2.00000
 Time :      3.01000
 Time :      4.01000
 Time :      5.01000
 Time :      6.01000
 Time :      7.01000
 Time :      8.01000
 Time :      9.01000
 Time :     10.01000
 Time :     11.01000
 Time :     12.01000
 Time :     13.01000
 Time :     14.01000
 Time :     15.01000
 Time :     16.01000
 Time :     17.01000
 Time :     18.00000
 Time :     19.00000
 Time :     20.00000
 Time :     21.00000
 Time :     22.00000
 Time :     23.00000
 Time :     24.00000
 Time :     25.00000
 Time :     26.00000
 Time :     27.00000
 Time :     28.00000
 Time :     29.00000
 Time :     30.00000
 Time :     31.00000
 Time :     32.00000
 Time :     33.00000
 Time :     34.00000
 Time :     35.00000
dtime = 4.983235895633698
mbcr = 0.500000000000000
agsout =

   1.836660953593613e-02   1.836660953593613e-02

ans = -2.083789334004510e-21
ans = 1.729191182180127e-21
nbcr = 2
lambda0 = 3.501084296647659
kmpl_prod = 0.180000000000000
 Time :      1.00000
 Time :      2.00000
 Time :      3.01000
 Time :      4.01000
 Time :      5.01000
 Time :      6.01000
 Time :      7.01000
 Time :      8.01000
 Time :      9.01000
 Time :     10.01000
 Time :     11.01000
 Time :     12.01000
 Time :     13.01000
 Time :     14.01000
 Time :     15.01000
 Time :     16.01000
 Time :     17.01000
 Time :     18.00000
 Time :     19.00000
 Time :     20.00000
 Time :     21.00000
 Time :     22.00000
 Time :     23.00000
 Time :     24.00000
 Time :     25.00000
 Time :     26.00000
 Time :     27.00000
 Time :     28.00000
 Time :     29.00000
 Time :     30.00000
 Time :     31.00000
 Time :     32.00000
 Time :     33.00000
 Time :     34.00000
 Time :     35.00000
dtime = 5.020813643932343
mbcr =

   0.500000000000000   0.527668446995177

agsout =

   1.836660953593613e-02   1.836660953593613e-02
   4.373211235543573e-03   1.851078362673238e-02

ans = 2.857081835758158e-21
ans = -2.308354128080061e-21
nbcr = 2
lambda0 = 3.501084296647659
kmpl_prod = 0.180000000000000
 Time :      1.00000
 Time :      2.00000
 Time :      3.01000
 Time :      4.01000
 Time :      5.01000
 Time :      6.01000
 Time :      7.01000
 Time :      8.01000
 Time :      9.01000
 Time :     10.01000
 Time :     11.01000
 Time :     12.01000
 Time :     13.01000
 Time :     14.01000
 Time :     15.01000
 Time :     16.01000
 Time :     17.01000
 Time :     18.00000
 Time :     19.00000
 Time :     20.00000
 Time :     21.00000
 Time :     22.00000
 Time :     23.00000
 Time :     24.00000
 Time :     25.00000
 Time :     26.00000
 Time :     27.00000
 Time :     28.00000
 Time :     29.00000
 Time :     30.00000
 Time :     31.00000
 Time :     32.00000
 Time :     33.00000
 Time :     34.00000
 Time :     35.00000
dtime = 4.966368153691292
mbcr =

   0.500000000000000   0.527668446995177   0.534493778210614

agsout =

   1.836660953593613e-02   1.836660953593613e-02
   4.373211235543573e-03   1.851078362673238e-02
   5.714409869766610e-03   1.851074983598669e-02

ans = -7.780822733191770e-21
ans = 4.993913116800672e-21
nbcr = 2
lambda0 = 3.501084296647659
kmpl_prod = 0.180000000000000
 Time :      1.00000
 Time :      2.00000
 Time :      3.01000
 Time :      4.01000
 Time :      5.01000
 Time :      6.01000
 Time :      7.01000
 Time :      8.01000
 Time :      9.01000
 Time :     10.01000
 Time :     11.01000
 Time :     12.01000
 Time :     13.01000
 Time :     14.01000
 Time :     15.01000
 Time :     16.01000
 Time :     17.01000
 Time :     18.00000
 Time :     19.00000
 Time :     20.00000
 Time :     21.00000
 Time :     22.00000
 Time :     23.00000
 Time :     24.00000
 Time :     25.00000
 Time :     26.00000
 Time :     27.00000
 Time :     28.00000
 Time :     29.00000
 Time :     30.00000
 Time :     31.00000
 Time :     32.00000
 Time :     33.00000
 Time :     34.00000
 Time :     35.00000
dtime = 4.985408484935760
mbcr =

   0.500000000000000   0.527668446995177   0.534493778210614   0.518622387058045

agsout =

   1.836660953593613e-02   1.836660953593613e-02
   4.373211235543573e-03   1.851078362673238e-02
   5.714409869766610e-03   1.851074983598669e-02
   2.250514599890108e-03   1.851075062069457e-02

ans = -6.394106135034904e-22
ans = 1.175149000625091e-20
nbcr = 2
lambda0 = 3.501084296647659
kmpl_prod = 0.180000000000000
 Time :      1.00000
 Time :      2.00000
 Time :      3.01000
 Time :      4.01000
 Time :      5.01000
 Time :      6.01000
 Time :      7.01000
 Time :      8.01000
 Time :      9.01000
 Time :     10.01000
 Time :     11.01000
 Time :     12.01000
 Time :     13.01000
 Time :     14.01000
 Time :     15.01000
 Time :     16.01000
 Time :     17.01000
 Time :     18.00000
 Time :     19.00000
 Time :     20.00000
 Time :     21.00000
 Time :     22.00000
 Time :     23.00000
 Time :     24.00000
 Time :     25.00000
 Time :     26.00000
 Time :     27.00000
 Time :     28.00000
 Time :     29.00000
 Time :     30.00000
 Time :     31.00000
 Time :     32.00000
 Time :     33.00000
 Time :     34.00000
 Time :     35.00000
dtime = 4.926446825265884
mbcr =

 Columns 1 through 4:

   0.500000000000000   0.527668446995177   0.534493778210614   0.518622387058045

 Column 5:

   0.528353967859891

agsout =

   1.836660953593613e-02   1.836660953593613e-02
   4.373211235543573e-03   1.851078362673238e-02
   5.714409869766610e-03   1.851074983598669e-02
   2.250514599890108e-03   1.851075062069457e-02
   3.182613775199753e-03   1.851075058705865e-02

ans = 1.435571953085780e-21
ans = 7.070473304226188e-21
nbcr = 2
lambda0 = 3.501084296647659
kmpl_prod = 0.180000000000000
 Time :      1.00000
 Time :      2.00000
 Time :      3.01000
 Time :      4.01000
 Time :      5.01000
 Time :      6.01000
 Time :      7.01000
 Time :      8.01000
 Time :      9.01000
 Time :     10.01000
 Time :     11.01000
 Time :     12.01000
 Time :     13.01000
 Time :     14.01000
 Time :     15.01000
 Time :     16.01000
 Time :     17.01000
 Time :     18.00000
 Time :     19.00000
 Time :     20.00000
 Time :     21.00000
 Time :     22.00000
 Time :     23.00000
 Time :     24.00000
 Time :     25.00000
 Time :     26.00000
 Time :     27.00000
 Time :     28.00000
 Time :     29.00000
 Time :     30.00000
 Time :     31.00000
 Time :     32.00000
 Time :     33.00000
 Time :     34.00000
 Time :     35.00000
dtime = 4.924183711409569
mbcr =

 Columns 1 through 4:

   0.500000000000000   0.527668446995177   0.534493778210614   0.518622387058045

 Columns 5 and 6:

   0.528353967859891   0.530393765360353

agsout =

   1.836660953593613e-02   1.836660953593613e-02
   4.373211235543573e-03   1.851078362673238e-02
   5.714409869766610e-03   1.851074983598669e-02
   2.250514599890108e-03   1.851075062069457e-02
   3.182613775199753e-03   1.851075058705865e-02
   5.011960161991181e-03   1.851074984764332e-02

ans = 4.995860707090580e-21
ans = 7.549191159044182e-21
dkps =

 Columns 1 through 3:

   3.807455796939448e+00   6.555972889047769e+01   1.734040912578605e+02

 Columns 4 through 6:

   7.972176913297356e+00   5.343082012818112e+00   1.708440721512859e+01

nbcr = 3
lambda0 = 3.501084296647659
kmpl_prod = 0.180000000000000
 Time :      1.00000
 Time :      2.00000
 Time :      3.01000
 Time :      4.01000
 Time :      5.01000
 Time :      6.01000
 Time :      7.01000
 Time :      8.01000
 Time :      9.01000
 Time :     10.01000
 Time :     11.01000
 Time :     12.01000
 Time :     13.01000
 Time :     14.01000
 Time :     15.01000
 Time :     16.01000
 Time :     17.01000
 Time :     18.00000
 Time :     19.00000
 Time :     20.00000
 Time :     21.00000
 Time :     22.00000
 Time :     23.00000
 Time :     24.00000
 Time :     25.00000
 Time :     26.00000
 Time :     27.00000
 Time :     28.00000
 Time :     29.00000
 Time :     30.00000
 Time :     31.00000
 Time :     32.00000
 Time :     33.00000
 Time :     34.00000
 Time :     35.00000
dtime = 12.23485618829727
mbcr = 0.333333333333333
agsout =

   1.836660966798283e-02   1.836660966798283e-02   1.836660966798283e-02

ans = 5.366366636654641e-21
ans = 7.022034770777819e-21
ans = 7.022034770777819e-21
nbcr = 3
lambda0 = 3.501084296647659
kmpl_prod = 0.180000000000000
 Time :      1.00000
 Time :      2.00000
 Time :      3.01000
 Time :      4.01000
 Time :      5.01000
 Time :      6.01000
 Time :      7.01000
 Time :      8.01000
 Time :      9.01000
 Time :     10.01000
 Time :     11.01000
 Time :     12.01000
 Time :     13.01000
 Time :     14.01000
 Time :     15.01000
 Time :     16.01000
 Time :     17.01000
 Time :     18.00000
 Time :     19.00000
 Time :     20.00000
 Time :     21.00000
 Time :     22.00000
 Time :     23.00000
 Time :     24.00000
 Time :     25.00000
 Time :     26.00000
 Time :     27.00000
 Time :     28.00000
 Time :     29.00000
 Time :     30.00000
 Time :     31.00000
 Time :     32.00000
 Time :     33.00000
 Time :     34.00000
 Time :     35.00000
dtime = 12.35863342881203
mbcr =

   0.333333333333333   0.360718897003045

agsout =

   1.836660966798283e-02   1.836660966798283e-02   1.836660966798283e-02
   4.996130296674064e-03   1.851078470770678e-02   1.851078470770678e-02

ans = 4.015496584850388e-21
ans = 8.847893801320845e-21
ans = 8.847893801320845e-21
nbcr = 3
lambda0 = 3.501084296647659
kmpl_prod = 0.180000000000000
 Time :      1.00000
 Time :      2.00000
 Time :      3.01000
 Time :      4.01000
 Time :      5.01000
 Time :      6.01000
 Time :      7.01000
 Time :      8.01000
 Time :      9.01000
 Time :     10.01000
 Time :     11.01000
 Time :     12.01000
 Time :     13.01000
 Time :     14.01000
 Time :     15.01000
 Time :     16.01000
 Time :     17.01000
 Time :     18.00000
 Time :     19.00000
 Time :     20.00000
 Time :     21.00000
 Time :     22.00000
 Time :     23.00000
 Time :     24.00000
 Time :     25.00000
 Time :     26.00000
 Time :     27.00000
 Time :     28.00000
 Time :     29.00000
 Time :     30.00000
 Time :     31.00000
 Time :     32.00000
 Time :     33.00000
 Time :     34.00000
 Time :     35.00000
dtime = 12.27077431976795
mbcr =

   0.333333333333333   0.360718897003045   0.368249142126901

agsout =

   1.836660966798283e-02   1.836660966798283e-02   1.836660966798283e-02
   4.996130296674064e-03   1.851078470770678e-02   1.851078470770678e-02
   9.141143987234715e-03   1.851075048995154e-02   1.851075048995154e-02

ans = 1.594731519581212e-21
ans = -2.522467890934851e-21
ans = -2.522467890934851e-21
nbcr = 3
lambda0 = 3.501084296647659
kmpl_prod = 0.180000000000000
 Time :      1.00000
 Time :      2.00000
 Time :      3.01000
 Time :      4.01000
 Time :      5.01000
 Time :      6.01000
 Time :      7.01000
 Time :      8.01000
 Time :      9.01000
 Time :     10.01000
 Time :     11.01000
 Time :     12.01000
 Time :     13.01000
 Time :     14.01000
 Time :     15.01000
 Time :     16.01000
 Time :     17.01000
 Time :     18.00000
 Time :     19.00000
 Time :     20.00000
 Time :     21.00000
 Time :     22.00000
 Time :     23.00000
 Time :     24.00000
 Time :     25.00000
 Time :     26.00000
 Time :     27.00000
 Time :     28.00000
 Time :     29.00000
 Time :     30.00000
 Time :     31.00000
 Time :     32.00000
 Time :     33.00000
 Time :     34.00000
 Time :     35.00000
dtime = 11.76384687423706
mbcr =

   0.333333333333333   0.360718897003045   0.368249142126901   0.342309681166496

agsout =

   1.836660966798283e-02   1.836660966798283e-02   1.836660966798283e-02
   4.996130296674064e-03   1.851078470770678e-02   1.851078470770678e-02
   9.141143987234715e-03   1.851075048995154e-02   1.851075048995154e-02
   1.700096315276237e-02   1.851074997080284e-02   1.851074997080284e-02

ans = 4.387741996886672e-21
ans = -1.737963820317164e-21
ans = -1.737963820317164e-21
nbcr = 3
lambda0 = 3.501084296647659
kmpl_prod = 0.180000000000000
 Time :      1.00000
 Time :      2.00000
 Time :      3.01000
 Time :      4.01000
 Time :      5.01000
 Time :      6.01000
 Time :      7.01000
 Time :      8.01000
 Time :      9.01000
 Time :     10.01000
 Time :     11.01000
 Time :     12.01000
 Time :     13.01000
 Time :     14.01000
 Time :     15.01000
 Time :     16.01000
 Time :     17.01000
 Time :     18.00000
 Time :     19.00000
 Time :     20.00000
 Time :     21.00000
 Time :     22.00000
 Time :     23.00000
 Time :     24.00000
 Time :     25.00000
 Time :     26.00000
 Time :     27.00000
 Time :     28.00000
 Time :     29.00000
 Time :     30.00000
 Time :     31.00000
 Time :     32.00000
 Time :     33.00000
 Time :     34.00000
 Time :     35.00000
dtime = 11.67148165404797
mbcr =

 Columns 1 through 4:

   0.333333333333333   0.360718897003045   0.368249142126901   0.342309681166496

 Column 5:

   0.364230129864749

agsout =

   1.836660966798283e-02   1.836660966798283e-02   1.836660966798283e-02
   4.996130296674064e-03   1.851078470770678e-02   1.851078470770678e-02
   9.141143987234715e-03   1.851075048995154e-02   1.851075048995154e-02
   1.700096315276237e-02   1.851074997080284e-02   1.851074997080284e-02
   6.212020535027857e-03   1.851075127430393e-02   1.851075127430393e-02

ans = -4.630401972706995e-21
ans = 1.338828172127588e-21
ans = 1.338828172127588e-21
nbcr = 3
lambda0 = 3.501084296647659
kmpl_prod = 0.180000000000000
 Time :      1.00000
 Time :      2.00000
 Time :      3.01000
 Time :      4.01000
 Time :      5.01000
 Time :      6.01000
 Time :      7.01000
 Time :      8.01000
 Time :      9.01000
 Time :     10.01000
 Time :     11.01000
 Time :     12.01000
 Time :     13.01000
 Time :     14.01000
 Time :     15.01000
 Time :     16.01000
 Time :     17.01000
 Time :     18.00000
 Time :     19.00000
 Time :     20.00000
 Time :     21.00000
 Time :     22.00000
 Time :     23.00000
 Time :     24.00000
 Time :     25.00000
 Time :     26.00000
 Time :     27.00000
 Time :     28.00000
 Time :     29.00000
 Time :     30.00000
 Time :     31.00000
 Time :     32.00000
 Time :     33.00000
 Time :     34.00000
 Time :     35.00000
dtime = 11.32898703217506
mbcr =

 Columns 1 through 4:

   0.333333333333333   0.360718897003045   0.368249142126901   0.342309681166496

 Columns 5 and 6:

   0.364230129864749   0.356947730872101

agsout =

   1.836660966798283e-02   1.836660966798283e-02   1.836660966798283e-02
   4.996130296674064e-03   1.851078470770678e-02   1.851078470770678e-02
   9.141143987234715e-03   1.851075048995154e-02   1.851075048995154e-02
   1.700096315276237e-02   1.851074997080284e-02   1.851074997080284e-02
   6.212020535027857e-03   1.851075127430393e-02   1.851075127430393e-02
   3.295428742922662e-03   1.851075161576831e-02   1.851075161576831e-02

ans = 4.931030426581736e-21
ans = -1.092201525996775e-20
ans = -1.092201525996775e-20
dkps =

 Columns 1 through 3:

   7.136167044699220e+00   3.310335808899343e-01   7.373188104630215e+01

 Columns 4 through 6:

   1.837473027923646e+00   6.405568650501533e+01   5.106012057754075e-01

nbcr = 4
lambda0 = 3.501084296647659
kmpl_prod = 0.180000000000000
 Time :      1.00000
 Time :      2.00000
 Time :      3.01000
 Time :      4.01000
 Time :      5.01000
 Time :      6.01000
 Time :      7.01000
 Time :      8.01000
 Time :      9.01000
 Time :     10.01000
 Time :     11.01000
 Time :     12.01000
 Time :     13.01000
 Time :     14.01000
 Time :     15.01000
 Time :     16.01000
 Time :     17.01000
 Time :     18.00000
 Time :     19.00000
 Time :     20.00000
 Time :     21.00000
 Time :     22.00000
 Time :     23.00000
 Time :     24.00000
 Time :     25.00000
 Time :     26.00000
 Time :     27.00000
 Time :     28.00000
 Time :     29.00000
 Time :     30.00000
 Time :     31.00000
 Time :     32.00000
 Time :     33.00000
 Time :     34.00000
 Time :     35.00000
dtime = 18.27851682901382
mbcr = 0.250000000000000
agsout =

 Columns 1 through 3:

   1.836661118562896e-02   1.836661118562896e-02   1.836661118562896e-02

 Column 4:

   1.836661118562896e-02

ans = 8.091712386799039e-21
ans = 3.817491841307641e-21
ans = 3.817491841307641e-21
ans = 3.817491841307641e-21
nbcr = 4
lambda0 = 3.501084296647659
kmpl_prod = 0.180000000000000
 Time :      1.00000
 Time :      2.00000
 Time :      3.01000
 Time :      4.01000
 Time :      5.01000
 Time :      6.01000
 Time :      7.01000
 Time :      8.01000
 Time :      9.01000
 Time :     10.01000
 Time :     11.01000
 Time :     12.01000
 Time :     13.01000
 Time :     14.01000
 Time :     15.01000
 Time :     16.01000
 Time :     17.01000
 Time :     18.00000
 Time :     19.00000
 Time :     20.00000
 Time :     21.00000
 Time :     22.00000
 Time :     23.00000
 Time :     24.00000
 Time :     25.00000
 Time :     26.00000
 Time :     27.00000
 Time :     28.00000
 Time :     29.00000
 Time :     30.00000
 Time :     31.00000
 Time :     32.00000
 Time :     33.00000
 Time :     34.00000
 Time :     35.00000
dtime = 18.36752258241177
mbcr =

   0.250000000000000   0.276073750477271

agsout =

 Columns 1 through 3:

   1.836661118562896e-02   1.836661118562896e-02   1.836661118562896e-02
   6.626622097324060e-03   1.851078512607538e-02   1.851078512607538e-02

 Column 4:

   1.836661118562896e-02
   1.851078512607538e-02

ans = 2.749961946432541e-21
ans = 7.546539172763897e-21
ans = 7.546539172763897e-21
ans = 7.546539172763897e-21
nbcr = 4
lambda0 = 3.501084296647659
kmpl_prod = 0.180000000000000
 Time :      1.00000
 Time :      2.00000
 Time :      3.01000
 Time :      4.01000
 Time :      5.01000
 Time :      6.01000
 Time :      7.01000
 Time :      8.01000
 Time :      9.01000
 Time :     10.01000
 Time :     11.01000
 Time :     12.01000
 Time :     13.01000
 Time :     14.01000
 Time :     15.01000
 Time :     16.01000
 Time :     17.01000
 Time :     18.00000
 Time :     19.00000
 Time :     20.00000
 Time :     21.00000
 Time :     22.00000
 Time :     23.00000
 Time :     24.00000
 Time :     25.00000
 Time :     26.00000
 Time :     27.00000
 Time :     28.00000
 Time :     29.00000
 Time :     30.00000
 Time :     31.00000
 Time :     32.00000
 Time :     33.00000
 Time :     34.00000
 Time :     35.00000
dtime = 18.49485039710999
mbcr =

   0.250000000000000   0.276073750477271   0.255018899971603

agsout =

 Columns 1 through 3:

   1.836661118562896e-02   1.836661118562896e-02   1.836661118562896e-02
   6.626622097324060e-03   1.851078512607538e-02   1.851078512607538e-02
   7.084948707268189e-04   1.851075246309349e-02   1.851075246309349e-02

 Column 4:

   1.836661118562896e-02
   1.851078512607538e-02
   1.851075246309349e-02

ans = 4.367513634279986e-21
ans = 3.576783898641844e-21
ans = 3.576783898641844e-21
ans = 3.576783898641844e-21
nbcr = 4
lambda0 = 3.501084296647659
kmpl_prod = 0.180000000000000
 Time :      1.00000
 Time :      2.00000
 Time :      3.01000
 Time :      4.01000
 Time :      5.01000
 Time :      6.01000
 Time :      7.01000
 Time :      8.01000
 Time :      9.01000
 Time :     10.01000
 Time :     11.01000
 Time :     12.01000
 Time :     13.01000
 Time :     14.01000
 Time :     15.01000
 Time :     16.01000
 Time :     17.01000
 Time :     18.00000
 Time :     19.00000
 Time :     20.00000
 Time :     21.00000
 Time :     22.00000
 Time :     23.00000
 Time :     24.00000
 Time :     25.00000
 Time :     26.00000
 Time :     27.00000
 Time :     28.00000
 Time :     29.00000
 Time :     30.00000
 Time :     31.00000
 Time :     32.00000
 Time :     33.00000
 Time :     34.00000
 Time :     35.00000
dtime = 18.36489737033844
mbcr =

   0.250000000000000   0.276073750477271   0.255018899971603   0.270338056597446

agsout =

 Columns 1 through 3:

   1.836661118562896e-02   1.836661118562896e-02   1.836661118562896e-02
   6.626622097324060e-03   1.851078512607538e-02   1.851078512607538e-02
   7.084948707268189e-04   1.851075246309349e-02   1.851075246309349e-02
   4.282933049481623e-03   1.851075200848419e-02   1.851075200848419e-02

 Column 4:

   1.836661118562896e-02
   1.851078512607538e-02
   1.851075246309349e-02
   1.851075200848419e-02

ans = 8.136613794166141e-21
ans = 3.417499931937102e-21
ans = 3.417499931937102e-21
ans = 3.417499931937102e-21
nbcr = 4
lambda0 = 3.501084296647659
kmpl_prod = 0.180000000000000
 Time :      1.00000
 Time :      2.00000
 Time :      3.01000
 Time :      4.01000
 Time :      5.01000
 Time :      6.01000
 Time :      7.01000
 Time :      8.01000
 Time :      9.01000
 Time :     10.01000
 Time :     11.01000
 Time :     12.01000
 Time :     13.01000
 Time :     14.01000
 Time :     15.01000
 Time :     16.01000
 Time :     17.01000
 Time :     18.00000
 Time :     19.00000
 Time :     20.00000
 Time :     21.00000
 Time :     22.00000
 Time :     23.00000
 Time :     24.00000
 Time :     25.00000
 Time :     26.00000
 Time :     27.00000
 Time :     28.00000
 Time :     29.00000
 Time :     30.00000
 Time :     31.00000
 Time :     32.00000
 Time :     33.00000
 Time :     34.00000
 Time :     35.00000
dtime = 18.64825934171677
mbcr =

 Columns 1 through 4:

   0.250000000000000   0.276073750477271   0.255018899971603   0.270338056597446

 Column 5:

   0.260247562786793

agsout =

 Columns 1 through 3:

   1.836661118562896e-02   1.836661118562896e-02   1.836661118562896e-02
   6.626622097324060e-03   1.851078512607538e-02   1.851078512607538e-02
   7.084948707268189e-04   1.851075246309349e-02   1.851075246309349e-02
   4.282933049481623e-03   1.851075200848419e-02   1.851075200848419e-02
   1.855470574318191e-03   1.851075229108100e-02   1.851075229108100e-02

 Column 4:

   1.836661118562896e-02
   1.851078512607538e-02
   1.851075246309349e-02
   1.851075200848419e-02
   1.851075229108100e-02

ans = 1.014950611602565e-20
ans = 7.400835023713089e-21
ans = 7.400835023713089e-21
ans = 7.400835023713089e-21
nbcr = 4
lambda0 = 3.501084296647659
kmpl_prod = 0.180000000000000
 Time :      1.00000
 Time :      2.00000
 Time :      3.01000
 Time :      4.01000
 Time :      5.01000
 Time :      6.01000
 Time :      7.01000
 Time :      8.01000
 Time :      9.01000
 Time :     10.01000
 Time :     11.01000
 Time :     12.01000
 Time :     13.01000
 Time :     14.01000
 Time :     15.01000
 Time :     16.01000
 Time :     17.01000
 Time :     18.00000
 Time :     19.00000
 Time :     20.00000
 Time :     21.00000
 Time :     22.00000
 Time :     23.00000
 Time :     24.00000
 Time :     25.00000
 Time :     26.00000
 Time :     27.00000
 Time :     28.00000
 Time :     29.00000
 Time :     30.00000
 Time :     31.00000
 Time :     32.00000
 Time :     33.00000
 Time :     34.00000
 Time :     35.00000
dtime = 18.17896999418736
mbcr =

 Columns 1 through 4:

   0.250000000000000   0.276073750477271   0.255018899971603   0.270338056597446

 Columns 5 and 6:

   0.260247562786793   0.277613598456548

agsout =

 Columns 1 through 3:

   1.836661118562896e-02   1.836661118562896e-02   1.836661118562896e-02
   6.626622097324060e-03   1.851078512607538e-02   1.851078512607538e-02
   7.084948707268189e-04   1.851075246309349e-02   1.851075246309349e-02
   4.282933049481623e-03   1.851075200848419e-02   1.851075200848419e-02
   1.855470574318191e-03   1.851075229108100e-02   1.851075229108100e-02
   5.832949451678113e-03   1.851075186244348e-02   1.851075186244348e-02

 Column 4:

   1.836661118562896e-02
   1.851078512607538e-02
   1.851075246309349e-02
   1.851075200848419e-02
   1.851075229108100e-02
   1.851075186244348e-02

ans = 7.021212436926668e-22
ans = 1.487151591819219e-20
ans = 1.487151591819219e-20
ans = 1.487151591819219e-20
dkps =

 Columns 1 through 3:

   1.147311926248755e+00   7.106036364762683e+01   2.186186078651675e+00

 Columns 4 through 6:

   1.132979855088385e+01   7.117558307595676e+00   7.335582516545006e+00

nbcr = 5
lambda0 = 3.501084296647659
kmpl_prod = 0.180000000000000
 Time :      1.00000
 Time :      2.00000
 Time :      3.01000
 Time :      4.01000
 Time :      5.01000
 Time :      6.01000
 Time :      7.01000
 Time :      8.01000
 Time :      9.01000
 Time :     10.01000
 Time :     11.01000
 Time :     12.01000
 Time :     13.01000
 Time :     14.01000
 Time :     15.01000
 Time :     16.01000
 Time :     17.01000
 Time :     18.00000
 Time :     19.00000
 Time :     20.00000
 Time :     21.00000
 Time :     22.00000
 Time :     23.00000
 Time :     24.00000
 Time :     25.00000
 Time :     26.00000
 Time :     27.00000
 Time :     28.00000
 Time :     29.00000
 Time :     30.00000
 Time :     31.00000
 Time :     32.00000
 Time :     33.00000
 Time :     34.00000
 Time :     35.00000
dtime = 22.94049113988876
mbcr = 0.200000000000000
agsout =

 Columns 1 through 3:

   1.836661171198899e-02   1.836661171198899e-02   1.836661171198899e-02

 Columns 4 and 5:

   1.836661171198899e-02   1.836661171198899e-02

ans = 3.987800978510850e-21
ans = 4.062207247859059e-21
ans = 4.062207247859059e-21
ans = 4.062207247859059e-21
ans = 4.062207247859059e-21
nbcr = 5
lambda0 = 3.501084296647659
kmpl_prod = 0.180000000000000
 Time :      1.00000
 Time :      2.00000
 Time :      3.01000
 Time :      4.01000
 Time :      5.01000
 Time :      6.01000
 Time :      7.01000
 Time :      8.01000
 Time :      9.01000
 Time :     10.01000
 Time :     11.01000
 Time :     12.01000
 Time :     13.01000
 Time :     14.01000
 Time :     15.01000
 Time :     16.01000
 Time :     17.01000
 Time :     18.00000
 Time :     19.00000
 Time :     20.00000
 Time :     21.00000
 Time :     22.00000
 Time :     23.00000
 Time :     24.00000
 Time :     25.00000
 Time :     26.00000
 Time :     27.00000
 Time :     28.00000
 Time :     29.00000
 Time :     30.00000
 Time :     31.00000
 Time :     32.00000
 Time :     33.00000
 Time :     34.00000
 Time :     35.00000
dtime = 23.20243902504444
mbcr =

   0.200000000000000   0.213587857787310

agsout =

 Columns 1 through 3:

   1.836661171198899e-02   1.836661171198899e-02   1.836661171198899e-02
   2.792833857814173e-03   1.851078567735820e-02   1.851078567735820e-02

 Columns 4 and 5:

   1.836661171198899e-02   1.836661171198899e-02
   1.851078567735820e-02   1.851078567735820e-02

ans = 9.202177519499295e-21
ans = 9.274294905775561e-21
ans = 9.274294905775561e-21
ans = 9.274294905775561e-21
ans = 9.274294905775561e-21
nbcr = 5
lambda0 = 3.501084296647659
kmpl_prod = 0.180000000000000
 Time :      1.00000
 Time :      2.00000
 Time :      3.01000
 Time :      4.01000
 Time :      5.01000
 Time :      6.01000
 Time :      7.01000
 Time :      8.01000
 Time :      9.01000
 Time :     10.01000
 Time :     11.01000
 Time :     12.01000
 Time :     13.01000
 Time :     14.01000
 Time :     15.01000
 Time :     16.01000
 Time :     17.01000
 Time :     18.00000
 Time :     19.00000
 Time :     20.00000
 Time :     21.00000
 Time :     22.00000
 Time :     23.00000
 Time :     24.00000
 Time :     25.00000
 Time :     26.00000
 Time :     27.00000
 Time :     28.00000
 Time :     29.00000
 Time :     30.00000
 Time :     31.00000
 Time :     32.00000
 Time :     33.00000
 Time :     34.00000
 Time :     35.00000
dtime = 22.99659624695778
mbcr =

   0.200000000000000   0.213587857787310   0.226079278396765

agsout =

 Columns 1 through 3:

   1.836661171198899e-02   1.836661171198899e-02   1.836661171198899e-02
   2.792833857814173e-03   1.851078567735820e-02   1.851078567735820e-02
   7.668719212182414e-03   1.851075211359108e-02   1.851075211359108e-02

 Columns 4 and 5:

   1.836661171198899e-02   1.836661171198899e-02
   1.851078567735820e-02   1.851078567735820e-02
   1.851075211359108e-02   1.851075211359108e-02

ans = 1.175940638320698e-21
ans = 4.853426506398771e-21
ans = 4.853426506398771e-21
ans = 4.853426506398771e-21
ans = 4.853426506398771e-21
nbcr = 5
lambda0 = 3.501084296647659
kmpl_prod = 0.180000000000000
 Time :      1.00000
 Time :      2.00000
 Time :      3.01000
 Time :      4.01000
 Time :      5.01000
 Time :      6.01000
 Time :      7.01000
 Time :      8.01000
 Time :      9.01000
 Time :     10.01000
 Time :     11.01000
 Time :     12.01000
 Time :     13.01000
 Time :     14.01000
 Time :     15.01000
 Time :     16.01000
 Time :     17.01000
 Time :     18.00000
 Time :     19.00000
 Time :     20.00000
 Time :     21.00000
 Time :     22.00000
 Time :     23.00000
 Time :     24.00000
 Time :     25.00000
 Time :     26.00000
 Time :     27.00000
 Time :     28.00000
 Time :     29.00000
 Time :     30.00000
 Time :     31.00000
 Time :     32.00000
 Time :     33.00000
 Time :     34.00000
 Time :     35.00000
dtime = 23.42471703886986
mbcr =

   0.200000000000000   0.213587857787310   0.226079278396765   0.210613403414904

agsout =

 Columns 1 through 3:

   1.836661171198899e-02   1.836661171198899e-02   1.836661171198899e-02
   2.792833857814173e-03   1.851078567735820e-02   1.851078567735820e-02
   7.668719212182414e-03   1.851075211359108e-02   1.851075211359108e-02
   2.471986591844113e-03   1.851075245218551e-02   1.851075245218551e-02

 Columns 4 and 5:

   1.836661171198899e-02   1.836661171198899e-02
   1.851078567735820e-02   1.851078567735820e-02
   1.851075211359108e-02   1.851075211359108e-02
   1.851075245218551e-02   1.851075245218551e-02

ans = 3.825710333057753e-21
ans = 2.762742856248765e-22
ans = 2.762742856248765e-22
ans = 2.762742856248765e-22
ans = 2.762742856248765e-22
nbcr = 5
lambda0 = 3.501084296647659
kmpl_prod = 0.180000000000000
 Time :      1.00000
 Time :      2.00000
 Time :      3.01000
 Time :      4.01000
 Time :      5.01000
 Time :      6.01000
 Time :      7.01000
 Time :      8.01000
 Time :      9.01000
 Time :     10.01000
 Time :     11.01000
 Time :     12.01000
 Time :     13.01000
 Time :     14.01000
 Time :     15.01000
 Time :     16.01000
 Time :     17.01000
 Time :     18.00000
 Time :     19.00000
 Time :     20.00000
 Time :     21.00000
 Time :     22.00000
 Time :     23.00000
 Time :     24.00000
 Time :     25.00000
 Time :     26.00000
 Time :     27.00000
 Time :     28.00000
 Time :     29.00000
 Time :     30.00000
 Time :     31.00000
 Time :     32.00000
 Time :     33.00000
 Time :     34.00000
 Time :     35.00000
dtime = 23.32157939672470
mbcr =

 Columns 1 through 4:

   0.200000000000000   0.213587857787310   0.226079278396765   0.210613403414904

 Column 5:

   0.218122579006574

agsout =

 Columns 1 through 3:

   1.836661171198899e-02   1.836661171198899e-02   1.836661171198899e-02
   2.792833857814173e-03   1.851078567735820e-02   1.851078567735820e-02
   7.668719212182414e-03   1.851075211359108e-02   1.851075211359108e-02
   2.471986591844113e-03   1.851075245218551e-02   1.851075245218551e-02
   3.176882425340732e-03   1.851075236030665e-02   1.851075236030665e-02

 Columns 4 and 5:

   1.836661171198899e-02   1.836661171198899e-02
   1.851078567735820e-02   1.851078567735820e-02
   1.851075211359108e-02   1.851075211359108e-02
   1.851075245218551e-02   1.851075245218551e-02
   1.851075236030665e-02   1.851075236030665e-02

ans = 6.057030035419545e-22
ans = 9.704088743211451e-22
ans = 9.704088743211451e-22
ans = 9.704088743211451e-22
ans = 9.704088743211451e-22
nbcr = 5
lambda0 = 3.501084296647659
kmpl_prod = 0.180000000000000
 Time :      1.00000
 Time :      2.00000
 Time :      3.01000
 Time :      4.01000
 Time :      5.01000
 Time :      6.01000
 Time :      7.01000
 Time :      8.01000
 Time :      9.01000
 Time :     10.01000
 Time :     11.01000
 Time :     12.01000
 Time :     13.01000
 Time :     14.01000
 Time :     15.01000
 Time :     16.01000
 Time :     17.01000
 Time :     18.00000
 Time :     19.00000
 Time :     20.00000
 Time :     21.00000
 Time :     22.00000
 Time :     23.00000
 Time :     24.00000
 Time :     25.00000
 Time :     26.00000
 Time :     27.00000
 Time :     28.00000
 Time :     29.00000
 Time :     30.00000
 Time :     31.00000
 Time :     32.00000
 Time :     33.00000
 Time :     34.00000
 Time :     35.00000
dtime = 23.07445742189884
mbcr =

 Columns 1 through 4:

   0.200000000000000   0.213587857787310   0.226079278396765   0.210613403414904

 Columns 5 and 6:

   0.218122579006574   0.215643577522602

agsout =

 Columns 1 through 3:

   1.836661171198899e-02   1.836661171198899e-02   1.836661171198899e-02
   2.792833857814173e-03   1.851078567735820e-02   1.851078567735820e-02
   7.668719212182414e-03   1.851075211359108e-02   1.851075211359108e-02
   2.471986591844113e-03   1.851075245218551e-02   1.851075245218551e-02
   3.176882425340732e-03   1.851075236030665e-02   1.851075236030665e-02
   2.748543479814826e-03   1.851075239989266e-02   1.851075239989266e-02

 Columns 4 and 5:

   1.836661171198899e-02   1.836661171198899e-02
   1.851078567735820e-02   1.851078567735820e-02
   1.851075211359108e-02   1.851075211359108e-02
   1.851075245218551e-02   1.851075245218551e-02
   1.851075236030665e-02   1.851075236030665e-02
   1.851075239989266e-02   1.851075239989266e-02

ans = 1.474449441875772e-21
ans = 3.522156858677099e-21
ans = 3.522156858677099e-21
ans = 3.522156858677099e-21
ans = 3.522156858677099e-21
dkps =

 Columns 1 through 3:

   8.410347713986368e+00   2.310531329219343e-01   1.381613526327137e+02

 Columns 4 through 6:

   4.538492851033559e+01   3.502069045761453e+00   1.061696419710671e+01

nbcr = 7
lambda0 = 3.501084296647659
kmpl_prod = 0.180000000000000
 Time :      1.00000
 Time :      2.00000
 Time :      3.01000
 Time :      4.01000
 Time :      5.01000
 Time :      6.01000
 Time :      7.01000
 Time :      8.01000
 Time :      9.01000
 Time :     10.01000
 Time :     11.01000
 Time :     12.01000
 Time :     13.01000
 Time :     14.01000
 Time :     15.01000
 Time :     16.01000
 Time :     17.01000
 Time :     18.00000
 Time :     19.00000
 Time :     20.00000
 Time :     21.00000
 Time :     22.00000
 Time :     23.00000
 Time :     24.00000
 Time :     25.00000
 Time :     26.00000
 Time :     27.00000
 Time :     28.00000
 Time :     29.00000
 Time :     30.00000
 Time :     31.00000
 Time :     32.00000
 Time :     33.00000
 Time :     34.00000
 Time :     35.00000
dtime = 32.68654569983482
mbcr = 0.142857142857143
agsout =

 Columns 1 through 3:

   1.836661218095545e-02   1.836661218095545e-02   1.836661218095545e-02

 Columns 4 through 6:

   1.836661218095545e-02   1.836661218095545e-02   1.836661218095545e-02

 Column 7:

   1.836661218095545e-02

ans = 2.508762511868354e-21
ans = 6.960414661904020e-21
ans = 6.960414661904020e-21
ans = 6.960414661904020e-21
ans = 6.960414661904020e-21
ans = 6.960414661904020e-21
ans = 6.960414661904020e-21
nbcr = 7
lambda0 = 3.501084296647659
kmpl_prod = 0.180000000000000
 Time :      1.00000
 Time :      2.00000
 Time :      3.01000
 Time :      4.01000
 Time :      5.01000
 Time :      6.01000
 Time :      7.01000
 Time :      8.01000
 Time :      9.01000
 Time :     10.01000
 Time :     11.01000
 Time :     12.01000
 Time :     13.01000
 Time :     14.01000
 Time :     15.01000
 Time :     16.01000
 Time :     17.01000
 Time :     18.00000
 Time :     19.00000
 Time :     20.00000
 Time :     21.00000
 Time :     22.00000
 Time :     23.00000
 Time :     24.00000
 Time :     25.00000
 Time :     26.00000
 Time :     27.00000
 Time :     28.00000
 Time :     29.00000
 Time :     30.00000
 Time :     31.00000
 Time :     32.00000
 Time :     33.00000
 Time :     34.00000
 Time :     35.00000
dtime = 32.64288268983364
mbcr =

   0.142857142857143   0.160516349550142

agsout =

 Columns 1 through 3:

   1.836661218095545e-02   1.836661218095545e-02   1.836661218095545e-02
   7.319416438669505e-03   1.851078581649467e-02   1.851078581649467e-02

 Columns 4 through 6:

   1.836661218095545e-02   1.836661218095545e-02   1.836661218095545e-02
   1.851078581649467e-02   1.851078581649467e-02   1.851078581649467e-02

 Column 7:

   1.836661218095545e-02
   1.851078581649467e-02

ans = 1.145438353232805e-20
ans = 1.978026335922971e-21
ans = 1.978026335922971e-21
ans = 1.978026335922971e-21
ans = 1.978026335922971e-21
ans = 1.978026335922971e-21
ans = 1.978026335922971e-21
nbcr = 7
lambda0 = 3.501084296647659
kmpl_prod = 0.180000000000000
 Time :      1.00000
 Time :      2.00000
 Time :      3.01000
 Time :      4.01000
 Time :      5.01000
 Time :      6.01000
 Time :      7.01000
 Time :      8.01000
 Time :      9.01000
 Time :     10.01000
 Time :     11.01000
 Time :     12.01000
 Time :     13.01000
 Time :     14.01000
 Time :     15.01000
 Time :     16.01000
 Time :     17.01000
 Time :     18.00000
 Time :     19.00000
 Time :     20.00000
 Time :     21.00000
 Time :     22.00000
 Time :     23.00000
 Time :     24.00000
 Time :     25.00000
 Time :     26.00000
 Time :     27.00000
 Time :     28.00000
 Time :     29.00000
 Time :     30.00000
 Time :     31.00000
 Time :     32.00000
 Time :     33.00000
 Time :     34.00000
 Time :     35.00000
dtime = 33.58325175940990
mbcr =

   0.142857142857143   0.160516349550142   0.144706003473217

agsout =

 Columns 1 through 3:

   1.836661218095545e-02   1.836661218095545e-02   1.836661218095545e-02
   7.319416438669505e-03   1.851078581649467e-02   1.851078581649467e-02
   6.201514788159497e-04   1.851075252783286e-02   1.851075252783286e-02

 Columns 4 through 6:

   1.836661218095545e-02   1.836661218095545e-02   1.836661218095545e-02
   1.851078581649467e-02   1.851078581649467e-02   1.851078581649467e-02
   1.851075252783286e-02   1.851075252783286e-02   1.851075252783286e-02

 Column 7:

   1.836661218095545e-02
   1.851078581649467e-02
   1.851075252783286e-02

ans = 4.129285617864714e-21
ans = -9.017601536213463e-22
ans = -9.017601536213463e-22
ans = -9.017601536213463e-22
ans = -9.017601536213463e-22
ans = -9.017601536213463e-22
ans = -9.017601536213463e-22
nbcr = 7
lambda0 = 3.501084296647659
kmpl_prod = 0.180000000000000
 Time :      1.00000
 Time :      2.00000
 Time :      3.01000
 Time :      4.01000
 Time :      5.01000
 Time :      6.01000
 Time :      7.01000
 Time :      8.01000
 Time :      9.01000
 Time :     10.01000
 Time :     11.01000
 Time :     12.01000
 Time :     13.01000
 Time :     14.01000
 Time :     15.01000
 Time :     16.01000
 Time :     17.01000
 Time :     18.00000
 Time :     19.00000
 Time :     20.00000
 Time :     21.00000
 Time :     22.00000
 Time :     23.00000
 Time :     24.00000
 Time :     25.00000
 Time :     26.00000
 Time :     27.00000
 Time :     28.00000
 Time :     29.00000
 Time :     30.00000
 Time :     31.00000
 Time :     32.00000
 Time :     33.00000
 Time :     34.00000
 Time :     35.00000
dtime = 32.34953284263611
mbcr =

   0.142857142857143   0.160516349550142   0.144706003473217   0.156004015058852

agsout =

 Columns 1 through 3:

   1.836661218095545e-02   1.836661218095545e-02   1.836661218095545e-02
   7.319416438669505e-03   1.851078581649467e-02   1.851078581649467e-02
   6.201514788159497e-04   1.851075252783286e-02   1.851075252783286e-02
   5.882021428906841e-03   1.851075256854749e-02   1.851075256854749e-02

 Columns 4 through 6:

   1.836661218095545e-02   1.836661218095545e-02   1.836661218095545e-02
   1.851078581649467e-02   1.851078581649467e-02   1.851078581649467e-02
   1.851075252783286e-02   1.851075252783286e-02   1.851075252783286e-02
   1.851075256854749e-02   1.851075256854749e-02   1.851075256854749e-02

 Column 7:

   1.836661218095545e-02
   1.851078581649467e-02
   1.851075252783286e-02
   1.851075256854749e-02

ans = -5.366088654693415e-21
ans = 1.409893003386123e-21
ans = 1.409893003386123e-21
ans = 1.409893003386123e-21
ans = 1.409893003386123e-21
ans = 1.409893003386123e-21
ans = 1.409893003386123e-21
nbcr = 7
lambda0 = 3.501084296647659
kmpl_prod = 0.180000000000000
 Time :      1.00000
 Time :      2.00000
 Time :      3.01000
 Time :      4.01000
 Time :      5.01000
 Time :      6.01000
 Time :      7.01000
 Time :      8.01000
 Time :      9.01000
 Time :     10.01000
 Time :     11.01000
 Time :     12.01000
 Time :     13.01000
 Time :     14.01000
 Time :     15.01000
 Time :     16.01000
 Time :     17.01000
 Time :     18.00000
 Time :     19.00000
 Time :     20.00000
 Time :     21.00000
 Time :     22.00000
 Time :     23.00000
 Time :     24.00000
 Time :     25.00000
 Time :     26.00000
 Time :     27.00000
 Time :     28.00000
 Time :     29.00000
 Time :     30.00000
 Time :     31.00000
 Time :     32.00000
 Time :     33.00000
 Time :     34.00000
 Time :     35.00000
dtime = 32.47649855911732
mbcr =

 Columns 1 through 4:

   0.142857142857143   0.160516349550142   0.144706003473217   0.156004015058852

 Column 5:

   0.160377091459641

agsout =

 Columns 1 through 3:

   1.836661218095545e-02   1.836661218095545e-02   1.836661218095545e-02
   7.319416438669505e-03   1.851078581649467e-02   1.851078581649467e-02
   6.201514788159497e-04   1.851075252783286e-02   1.851075252783286e-02
   5.882021428906841e-03   1.851075256854749e-02   1.851075256854749e-02
   1.049419584093395e-02   1.851075249922405e-02   1.851075249922405e-02

 Columns 4 through 6:

   1.836661218095545e-02   1.836661218095545e-02   1.836661218095545e-02
   1.851078581649467e-02   1.851078581649467e-02   1.851078581649467e-02
   1.851075252783286e-02   1.851075252783286e-02   1.851075252783286e-02
   1.851075256854749e-02   1.851075256854749e-02   1.851075256854749e-02
   1.851075249922405e-02   1.851075249922405e-02   1.851075249922405e-02

 Column 7:

   1.836661218095545e-02
   1.851078581649467e-02
   1.851075252783286e-02
   1.851075256854749e-02
   1.851075249922405e-02

ans = 5.230847855715263e-21
ans = -6.841303884870652e-21
ans = -6.841303884870652e-21
ans = -6.841303884870652e-21
ans = -6.841303884870652e-21
ans = -6.841303884870652e-21
ans = -6.841303884870652e-21
nbcr = 7
lambda0 = 3.501084296647659
kmpl_prod = 0.180000000000000
 Time :      1.00000
 Time :      2.00000
 Time :      3.01000
 Time :      4.01000
 Time :      5.01000
 Time :      6.01000
 Time :      7.01000
 Time :      8.01000
 Time :      9.01000
 Time :     10.01000
 Time :     11.01000
 Time :     12.01000
 Time :     13.01000
 Time :     14.01000
 Time :     15.01000
 Time :     16.01000
 Time :     17.01000
 Time :     18.00000
 Time :     19.00000
 Time :     20.00000
 Time :     21.00000
 Time :     22.00000
 Time :     23.00000
 Time :     24.00000
 Time :     25.00000
 Time :     26.00000
 Time :     27.00000
 Time :     28.00000
 Time :     29.00000
 Time :     30.00000
 Time :     31.00000
 Time :     32.00000
 Time :     33.00000
 Time :     34.00000
 Time :     35.00000
dtime = 32.16981142759323
mbcr =

 Columns 1 through 4:

   0.142857142857143   0.160516349550142   0.144706003473217   0.156004015058852

 Columns 5 and 6:

   0.160377091459641   0.155110045675733

agsout =

 Columns 1 through 3:

   1.836661218095545e-02   1.836661218095545e-02   1.836661218095545e-02
   7.319416438669505e-03   1.851078581649467e-02   1.851078581649467e-02
   6.201514788159497e-04   1.851075252783286e-02   1.851075252783286e-02
   5.882021428906841e-03   1.851075256854749e-02   1.851075256854749e-02
   1.049419584093395e-02   1.851075249922405e-02   1.851075249922405e-02
   3.339988748363030e-03   1.851075264945605e-02   1.851075264945605e-02

 Columns 4 through 6:

   1.836661218095545e-02   1.836661218095545e-02   1.836661218095545e-02
   1.851078581649467e-02   1.851078581649467e-02   1.851078581649467e-02
   1.851075252783286e-02   1.851075252783286e-02   1.851075252783286e-02
   1.851075256854749e-02   1.851075256854749e-02   1.851075256854749e-02
   1.851075249922405e-02   1.851075249922405e-02   1.851075249922405e-02
   1.851075264945605e-02   1.851075264945605e-02   1.851075264945605e-02

 Column 7:

   1.836661218095545e-02
   1.851078581649467e-02
   1.851075252783286e-02
   1.851075256854749e-02
   1.851075249922405e-02
   1.851075264945605e-02

ans = 9.970007923101643e-21
ans = -3.214856837732949e-22
ans = -3.214856837732949e-22
ans = -3.214856837732949e-22
ans = -3.214856837732949e-22
ans = -3.214856837732949e-22
ans = -3.214856837732949e-22
dkps =

 Columns 1 through 3:

   8.754905379437824e+00   9.062122314602055e+00   9.222019271658905e+00

 Columns 4 through 6:

   6.027397291939797e+00   1.419691092387911e+02   5.951514578910164e+01

nbcr = 10
lambda0 = 3.501084296647659
kmpl_prod = 0.180000000000000
 Time :      1.00000
 Time :      2.00000
 Time :      3.01000
 Time :      4.01000
 Time :      5.01000
 Time :      6.01000
 Time :      7.01000
 Time :      8.01000
 Time :      9.01000
 Time :     10.01000
 Time :     11.01000
 Time :     12.01000
 Time :     13.01000
 Time :     14.01000
 Time :     15.01000
 Time :     16.01000
 Time :     17.01000
 Time :     18.00000
 Time :     19.00000
 Time :     20.00000
 Time :     21.00000
 Time :     22.00000
 Time :     23.00000
 Time :     24.00000
 Time :     25.00000
 Time :     26.00000
 Time :     27.00000
 Time :     28.00000
 Time :     29.00000
 Time :     30.00000
 Time :     31.00000
 Time :     32.00000
 Time :     33.00000
 Time :     34.00000
 Time :     35.00000
dtime = 46.81068956851959
mbcr = 0.100000000000000
agsout =

 Columns 1 through 3:

   1.836661247719135e-02   1.836661247719135e-02   1.836661247719135e-02

 Columns 4 through 6:

   1.836661247719135e-02   1.836661247719135e-02   1.836661247719135e-02

 Columns 7 through 9:

   1.836661247719135e-02   1.836661247719135e-02   1.836661247719135e-02

 Column 10:

   1.836661247719135e-02

ans = 3.423774064571574e-21
ans = 4.476022928540751e-21
ans = 4.476022928540751e-21
ans = 4.476022928540751e-21
ans = 4.476022928540751e-21
ans = 4.476022928540751e-21
ans = 4.476022928540751e-21
ans = 4.476022928540751e-21
ans = 4.476022928540751e-21
ans = 4.476022928540751e-21
nbcr = 10
lambda0 = 3.501084296647659
kmpl_prod = 0.180000000000000
 Time :      1.00000
 Time :      2.00000
 Time :      3.01000
 Time :      4.01000
 Time :      5.01000
 Time :      6.01000
 Time :      7.01000
 Time :      8.01000
 Time :      9.01000
 Time :     10.01000
 Time :     11.01000
 Time :     12.01000
 Time :     13.01000
 Time :     14.01000
 Time :     15.01000
 Time :     16.01000
 Time :     17.01000
 Time :     18.00000
 Time :     19.00000
 Time :     20.00000
 Time :     21.00000
 Time :     22.00000
 Time :     23.00000
 Time :     24.00000
 Time :     25.00000
 Time :     26.00000
 Time :     27.00000
 Time :     28.00000
 Time :     29.00000
 Time :     30.00000
 Time :     31.00000
 Time :     32.00000
 Time :     33.00000
 Time :     34.00000
 Time :     35.00000
dtime = 46.82388603687286
mbcr =

   0.100000000000000   0.112945653778907

agsout =

 Columns 1 through 3:

   1.836661247719135e-02   1.836661247719135e-02   1.836661247719135e-02
   7.595662181936542e-03   1.851078608283373e-02   1.851078608283373e-02

 Columns 4 through 6:

   1.836661247719135e-02   1.836661247719135e-02   1.836661247719135e-02
   1.851078608283373e-02   1.851078608283373e-02   1.851078608283373e-02

 Columns 7 through 9:

   1.836661247719135e-02   1.836661247719135e-02   1.836661247719135e-02
   1.851078608283373e-02   1.851078608283373e-02   1.851078608283373e-02

 Column 10:

   1.836661247719135e-02
   1.851078608283373e-02

ans = 6.824262671782353e-21
ans = 1.341105907648306e-20
ans = 1.341105907648306e-20
ans = 1.341105907648306e-20
ans = 1.341105907648306e-20
ans = 1.341105907648306e-20
ans = 1.341105907648306e-20
ans = 1.341105907648306e-20
ans = 1.341105907648306e-20
ans = 1.341105907648306e-20
nbcr = 10
lambda0 = 3.501084296647659
kmpl_prod = 0.180000000000000
 Time :      1.00000
 Time :      2.00000
 Time :      3.01000
 Time :      4.01000
 Time :      5.01000
 Time :      6.01000
 Time :      7.01000
 Time :      8.01000
 Time :      9.01000
 Time :     10.01000
 Time :     11.01000
 Time :     12.01000
 Time :     13.01000
 Time :     14.01000
 Time :     15.01000
 Time :     16.01000
 Time :     17.01000
 Time :     18.00000
 Time :     19.00000
 Time :     20.00000
 Time :     21.00000
 Time :     22.00000
 Time :     23.00000
 Time :     24.00000
 Time :     25.00000
 Time :     26.00000
 Time :     27.00000
 Time :     28.00000
 Time :     29.00000
 Time :     30.00000
 Time :     31.00000
 Time :     32.00000
 Time :     33.00000
 Time :     34.00000
 Time :     35.00000
dtime = 46.94162830710411
mbcr =

   0.100000000000000   0.112945653778907   0.111807928976847

agsout =

 Columns 1 through 3:

   1.836661247719135e-02   1.836661247719135e-02   1.836661247719135e-02
   7.595662181936542e-03   1.851078608283373e-02   1.851078608283373e-02
   4.860047214487850e-03   1.851075282069522e-02   1.851075282069522e-02

 Columns 4 through 6:

   1.836661247719135e-02   1.836661247719135e-02   1.836661247719135e-02
   1.851078608283373e-02   1.851078608283373e-02   1.851078608283373e-02
   1.851075282069522e-02   1.851075282069522e-02   1.851075282069522e-02

 Columns 7 through 9:

   1.836661247719135e-02   1.836661247719135e-02   1.836661247719135e-02
   1.851078608283373e-02   1.851078608283373e-02   1.851078608283373e-02
   1.851075282069522e-02   1.851075282069522e-02   1.851075282069522e-02

 Column 10:

   1.836661247719135e-02
   1.851078608283373e-02
   1.851075282069522e-02

ans = 1.510038887730866e-20
ans = -5.720198697254971e-21
ans = -5.720198697254971e-21
ans = -5.720198697254971e-21
ans = -5.720198697254971e-21
ans = -5.720198697254971e-21
ans = -5.720198697254971e-21
ans = -5.720198697254971e-21
ans = -5.720198697254971e-21
ans = -5.720198697254971e-21
nbcr = 10
lambda0 = 3.501084296647659
kmpl_prod = 0.180000000000000
 Time :      1.00000
 Time :      2.00000
 Time :      3.01000
 Time :      4.01000
 Time :      5.01000
 Time :      6.01000
 Time :      7.01000
 Time :      8.01000
 Time :      9.01000
 Time :     10.01000
 Time :     11.01000
 Time :     12.01000
 Time :     13.01000
 Time :     14.01000
 Time :     15.01000
 Time :     16.01000
 Time :     17.01000
 Time :     18.00000
 Time :     19.00000
 Time :     20.00000
 Time :     21.00000
 Time :     22.00000
 Time :     23.00000
 Time :     24.00000
 Time :     25.00000
 Time :     26.00000
 Time :     27.00000
 Time :     28.00000
 Time :     29.00000
 Time :     30.00000
 Time :     31.00000
 Time :     32.00000
 Time :     33.00000
 Time :     34.00000
 Time :     35.00000
dtime = 47.07484021782875
mbcr =

   0.100000000000000   0.112945653778907   0.111807928976847   0.111070391911226

agsout =

 Columns 1 through 3:

   1.836661247719135e-02   1.836661247719135e-02   1.836661247719135e-02
   7.595662181936542e-03   1.851078608283373e-02   1.851078608283373e-02
   4.860047214487850e-03   1.851075282069522e-02   1.851075282069522e-02
   3.918904134571612e-03   1.851075284376672e-02   1.851075284376672e-02

 Columns 4 through 6:

   1.836661247719135e-02   1.836661247719135e-02   1.836661247719135e-02
   1.851078608283373e-02   1.851078608283373e-02   1.851078608283373e-02
   1.851075282069522e-02   1.851075282069522e-02   1.851075282069522e-02
   1.851075284376672e-02   1.851075284376672e-02   1.851075284376672e-02

 Columns 7 through 9:

   1.836661247719135e-02   1.836661247719135e-02   1.836661247719135e-02
   1.851078608283373e-02   1.851078608283373e-02   1.851078608283373e-02
   1.851075282069522e-02   1.851075282069522e-02   1.851075282069522e-02
   1.851075284376672e-02   1.851075284376672e-02   1.851075284376672e-02

 Column 10:

   1.836661247719135e-02
   1.851078608283373e-02
   1.851075282069522e-02
   1.851075284376672e-02

ans = 8.124567976495838e-21
ans = 1.080041809433532e-21
ans = 1.080041809433532e-21
ans = 1.080041809433532e-21
ans = 1.080041809433532e-21
ans = 1.080041809433532e-21
ans = 1.080041809433532e-21
ans = 1.080041809433532e-21
ans = 1.080041809433532e-21
ans = 1.080041809433532e-21
nbcr = 10
lambda0 = 3.501084296647659
kmpl_prod = 0.180000000000000
 Time :      1.00000
 Time :      2.00000
 Time :      3.01000
 Time :      4.01000
 Time :      5.01000
 Time :      6.01000
 Time :      7.01000
 Time :      8.01000
 Time :      9.01000
 Time :     10.01000
 Time :     11.01000
 Time :     12.01000
 Time :     13.01000
 Time :     14.01000
 Time :     15.01000
 Time :     16.01000
 Time :     17.01000
 Time :     18.00000
 Time :     19.00000
 Time :     20.00000
 Time :     21.00000
 Time :     22.00000
 Time :     23.00000
 Time :     24.00000
 Time :     25.00000
 Time :     26.00000
 Time :     27.00000
 Time :     28.00000
 Time :     29.00000
 Time :     30.00000
 Time :     31.00000
 Time :     32.00000
 Time :     33.00000
 Time :     34.00000
 Time :     35.00000
dtime = 47.00952172279358
mbcr =

 Columns 1 through 4:

   0.100000000000000   0.112945653778907   0.111807928976847   0.111070391911226

 Column 5:

   0.109370185185724

agsout =

 Columns 1 through 3:

   1.836661247719135e-02   1.836661247719135e-02   1.836661247719135e-02
   7.595662181936542e-03   1.851078608283373e-02   1.851078608283373e-02
   4.860047214487850e-03   1.851075282069522e-02   1.851075282069522e-02
   3.918904134571612e-03   1.851075284376672e-02   1.851075284376672e-02
   2.704670796657709e-03   1.851075287011290e-02   1.851075287011290e-02

 Columns 4 through 6:

   1.836661247719135e-02   1.836661247719135e-02   1.836661247719135e-02
   1.851078608283373e-02   1.851078608283373e-02   1.851078608283373e-02
   1.851075282069522e-02   1.851075282069522e-02   1.851075282069522e-02
   1.851075284376672e-02   1.851075284376672e-02   1.851075284376672e-02
   1.851075287011290e-02   1.851075287011290e-02   1.851075287011290e-02

 Columns 7 through 9:

   1.836661247719135e-02   1.836661247719135e-02   1.836661247719135e-02
   1.851078608283373e-02   1.851078608283373e-02   1.851078608283373e-02
   1.851075282069522e-02   1.851075282069522e-02   1.851075282069522e-02
   1.851075284376672e-02   1.851075284376672e-02   1.851075284376672e-02
   1.851075287011290e-02   1.851075287011290e-02   1.851075287011290e-02

 Column 10:

   1.836661247719135e-02
   1.851078608283373e-02
   1.851075282069522e-02
   1.851075284376672e-02
   1.851075287011290e-02

ans = -9.086579028895009e-22
ans = 5.723241655621658e-21
ans = 5.723241655621658e-21
ans = 5.723241655621658e-21
ans = 5.723241655621658e-21
ans = 5.723241655621658e-21
ans = 5.723241655621658e-21
ans = 5.723241655621658e-21
ans = 5.723241655621658e-21
ans = 5.723241655621658e-21
nbcr = 10
lambda0 = 3.501084296647659
kmpl_prod = 0.180000000000000
 Time :      1.00000
 Time :      2.00000
 Time :      3.01000
 Time :      4.01000
 Time :      5.01000
 Time :      6.01000
 Time :      7.01000
 Time :      8.01000
 Time :      9.01000
 Time :     10.01000
 Time :     11.01000
 Time :     12.01000
 Time :     13.01000
 Time :     14.01000
 Time :     15.01000
 Time :     16.01000
 Time :     17.01000
 Time :     18.00000
 Time :     19.00000
 Time :     20.00000
 Time :     21.00000
 Time :     22.00000
 Time :     23.00000
 Time :     24.00000
 Time :     25.00000
 Time :     26.00000
 Time :     27.00000
 Time :     28.00000
 Time :     29.00000
 Time :     30.00000
 Time :     31.00000
 Time :     32.00000
 Time :     33.00000
 Time :     34.00000
 Time :     35.00000
dtime = 46.58323153853416
mbcr =

 Columns 1 through 4:

   0.100000000000000   0.112945653778907   0.111807928976847   0.111070391911226

 Columns 5 and 6:

   0.109370185185724   0.113417686771896

agsout =

 Columns 1 through 3:

   1.836661247719135e-02   1.836661247719135e-02   1.836661247719135e-02
   7.595662181936542e-03   1.851078608283373e-02   1.851078608283373e-02
   4.860047214487850e-03   1.851075282069522e-02   1.851075282069522e-02
   3.918904134571612e-03   1.851075284376672e-02   1.851075284376672e-02
   2.704670796657709e-03   1.851075287011290e-02   1.851075287011290e-02
   9.845013503155486e-03   1.851075278672865e-02   1.851075278672865e-02

 Columns 4 through 6:

   1.836661247719135e-02   1.836661247719135e-02   1.836661247719135e-02
   1.851078608283373e-02   1.851078608283373e-02   1.851078608283373e-02
   1.851075282069522e-02   1.851075282069522e-02   1.851075282069522e-02
   1.851075284376672e-02   1.851075284376672e-02   1.851075284376672e-02
   1.851075287011290e-02   1.851075287011290e-02   1.851075287011290e-02
   1.851075278672865e-02   1.851075278672865e-02   1.851075278672865e-02

 Columns 7 through 9:

   1.836661247719135e-02   1.836661247719135e-02   1.836661247719135e-02
   1.851078608283373e-02   1.851078608283373e-02   1.851078608283373e-02
   1.851075282069522e-02   1.851075282069522e-02   1.851075282069522e-02
   1.851075284376672e-02   1.851075284376672e-02   1.851075284376672e-02
   1.851075287011290e-02   1.851075287011290e-02   1.851075287011290e-02
   1.851075278672865e-02   1.851075278672865e-02   1.851075278672865e-02

 Column 10:

   1.836661247719135e-02
   1.851078608283373e-02
   1.851075282069522e-02
   1.851075284376672e-02
   1.851075287011290e-02
   1.851075278672865e-02

ans = 2.607072957962541e-22
ans = 1.581093056114317e-20
ans = 1.581093056114317e-20
ans = 1.581093056114317e-20
ans = 1.581093056114317e-20
ans = 1.581093056114317e-20
ans = 1.581093056114317e-20
ans = 1.581093056114317e-20
ans = 1.581093056114317e-20
ans = 1.581093056114317e-20
dkps =

 Columns 1 through 3:

   1.308811305171711e+01   1.217591124878852e+01   1.018784434329755e+02

 Columns 4 through 6:

   2.374133405751723e+01   4.970297673528342e+00   3.452091180540755e+01

nbcr = 15
lambda0 = 3.501084296647659
kmpl_prod = 0.180000000000000
 Time :      1.00000
 Time :      2.00000
 Time :      3.01000
 Time :      4.01000
 Time :      5.01000
 Time :      6.01000
 Time :      7.01000
 Time :      8.01000
 Time :      9.01000
 Time :     10.01000
 Time :     11.01000
 Time :     12.01000
 Time :     13.01000
 Time :     14.01000
 Time :     15.01000
 Time :     16.01000
 Time :     17.01000
 Time :     18.00000
 Time :     19.00000
 Time :     20.00000
 Time :     21.00000
 Time :     22.00000
 Time :     23.00000
 Time :     24.00000
 Time :     25.00000
 Time :     26.00000
 Time :     27.00000
 Time :     28.00000
 Time :     29.00000
 Time :     30.00000
 Time :     31.00000
 Time :     32.00000
 Time :     33.00000
 Time :     34.00000
 Time :     35.00000
dtime = 72.56533764302731
mbcr = 6.666666666666667e-02
agsout =

 Columns 1 through 3:

   1.836661269080850e-02   1.836661269080850e-02   1.836661269080850e-02

 Columns 4 through 6:

   1.836661269080850e-02   1.836661269080850e-02   1.836661269080850e-02

 Columns 7 through 9:

   1.836661269080850e-02   1.836661269080850e-02   1.836661269080850e-02

 Columns 10 through 12:

   1.836661269080850e-02   1.836661269080850e-02   1.836661269080850e-02

 Columns 13 through 15:

   1.836661269080850e-02   1.836661269080850e-02   1.836661269080850e-02

ans = -3.658953670013582e-21
ans = 2.575165112068161e-21
ans = 2.575165112068161e-21
ans = 2.575165112068161e-21
ans = 2.575165112068161e-21
ans = 2.575165112068161e-21
ans = 2.575165112068161e-21
ans = 2.575165112068161e-21
ans = 2.575165112068161e-21
ans = 2.575165112068161e-21
ans = 2.575165112068161e-21
ans = 2.575165112068161e-21
ans = 2.575165112068161e-21
ans = 2.575165112068161e-21
ans = 2.575165112068161e-21
nbcr = 15
lambda0 = 3.501084296647659
kmpl_prod = 0.180000000000000
 Time :      1.00000
 Time :      2.00000
 Time :      3.01000
 Time :      4.01000
 Time :      5.01000
 Time :      6.01000
 Time :      7.01000
 Time :      8.01000
 Time :      9.01000
 Time :     10.01000
 Time :     11.01000
 Time :     12.01000
 Time :     13.01000
 Time :     14.01000
 Time :     15.01000
 Time :     16.01000
 Time :     17.01000
 Time :     18.00000
 Time :     19.00000
 Time :     20.00000
 Time :     21.00000
 Time :     22.00000
 Time :     23.00000
 Time :     24.00000
 Time :     25.00000
 Time :     26.00000
 Time :     27.00000
 Time :     28.00000
 Time :     29.00000
 Time :     30.00000
 Time :     31.00000
 Time :     32.00000
 Time :     33.00000
 Time :     34.00000
 Time :     35.00000
dtime = 72.59405404329300
mbcr =

   6.666666666666667e-02   7.580071768948014e-02

agsout =

 Columns 1 through 3:

   1.836661269080850e-02   1.836661269080850e-02   1.836661269080850e-02
   8.791094773451994e-03   1.851078627809320e-02   1.851078627809320e-02

 Columns 4 through 6:

   1.836661269080850e-02   1.836661269080850e-02   1.836661269080850e-02
   1.851078627809320e-02   1.851078627809320e-02   1.851078627809320e-02

 Columns 7 through 9:

   1.836661269080850e-02   1.836661269080850e-02   1.836661269080850e-02
   1.851078627809320e-02   1.851078627809320e-02   1.851078627809320e-02

 Columns 10 through 12:

   1.836661269080850e-02   1.836661269080850e-02   1.836661269080850e-02
   1.851078627809320e-02   1.851078627809320e-02   1.851078627809320e-02

 Columns 13 through 15:

   1.836661269080850e-02   1.836661269080850e-02   1.836661269080850e-02
   1.851078627809320e-02   1.851078627809320e-02   1.851078627809320e-02

ans = -4.410682122497597e-21
ans = 1.020805580155149e-20
ans = 1.020805580155149e-20
ans = 1.020805580155149e-20
ans = 1.020805580155149e-20
ans = 1.020805580155149e-20
ans = 1.020805580155149e-20
ans = 1.020805580155149e-20
ans = 1.020805580155149e-20
ans = 1.020805580155149e-20
ans = 1.020805580155149e-20
ans = 1.020805580155149e-20
ans = 1.020805580155149e-20
ans = 1.020805580155149e-20
ans = 1.020805580155149e-20
nbcr = 15
lambda0 = 3.501084296647659
kmpl_prod = 0.180000000000000
 Time :      1.00000
 Time :      2.00000
 Time :      3.01000
 Time :      4.01000
 Time :      5.01000
 Time :      6.01000
 Time :      7.01000
 Time :      8.01000
 Time :      9.01000
 Time :     10.01000
 Time :     11.01000
 Time :     12.01000
 Time :     13.01000
 Time :     14.01000
 Time :     15.01000
 Time :     16.01000
 Time :     17.01000
 Time :     18.00000
 Time :     19.00000
 Time :     20.00000
 Time :     21.00000
 Time :     22.00000
 Time :     23.00000
 Time :     24.00000
 Time :     25.00000
 Time :     26.00000
 Time :     27.00000
 Time :     28.00000
 Time :     29.00000
 Time :     30.00000
 Time :     31.00000
 Time :     32.00000
 Time :     33.00000
 Time :     34.00000
 Time :     35.00000
dtime = 72.97790832817554
mbcr =

   6.666666666666667e-02   7.580071768948014e-02   7.548214529333759e-02

agsout =

 Columns 1 through 3:

   1.836661269080850e-02   1.836661269080850e-02   1.836661269080850e-02
   8.791094773451994e-03   1.851078627809320e-02   1.851078627809320e-02
   5.700050372407411e-03   1.851075299975461e-02   1.851075299975461e-02

 Columns 4 through 6:

   1.836661269080850e-02   1.836661269080850e-02   1.836661269080850e-02
   1.851078627809320e-02   1.851078627809320e-02   1.851078627809320e-02
   1.851075299975461e-02   1.851075299975461e-02   1.851075299975461e-02

 Columns 7 through 9:

   1.836661269080850e-02   1.836661269080850e-02   1.836661269080850e-02
   1.851078627809320e-02   1.851078627809320e-02   1.851078627809320e-02
   1.851075299975461e-02   1.851075299975461e-02   1.851075299975461e-02

 Columns 10 through 12:

   1.836661269080850e-02   1.836661269080850e-02   1.836661269080850e-02
   1.851078627809320e-02   1.851078627809320e-02   1.851078627809320e-02
   1.851075299975461e-02   1.851075299975461e-02   1.851075299975461e-02

 Columns 13 through 15:

   1.836661269080850e-02   1.836661269080850e-02   1.836661269080850e-02
   1.851078627809320e-02   1.851078627809320e-02   1.851078627809320e-02
   1.851075299975461e-02   1.851075299975461e-02   1.851075299975461e-02

ans = 6.150087854331761e-22
ans = 1.045437548612686e-21
ans = 1.045437548612686e-21
ans = 1.045437548612686e-21
ans = 1.045437548612686e-21
ans = 1.045437548612686e-21
ans = 1.045437548612686e-21
ans = 1.045437548612686e-21
ans = 1.045437548612686e-21
ans = 1.045437548612686e-21
ans = 1.045437548612686e-21
ans = 1.045437548612686e-21
ans = 1.045437548612686e-21
ans = 1.045437548612686e-21
ans = 1.045437548612686e-21
nbcr = 15
lambda0 = 3.501084296647659
kmpl_prod = 0.180000000000000
 Time :      1.00000
 Time :      2.00000
 Time :      3.01000
 Time :      4.01000
 Time :      5.01000
 Time :      6.01000
 Time :      7.01000
 Time :      8.01000
 Time :      9.01000
 Time :     10.01000
 Time :     11.01000
 Time :     12.01000
 Time :     13.01000
 Time :     14.01000
 Time :     15.01000
 Time :     16.01000
 Time :     17.01000
 Time :     18.00000
 Time :     19.00000
 Time :     20.00000
 Time :     21.00000
 Time :     22.00000
 Time :     23.00000
 Time :     24.00000
 Time :     25.00000
 Time :     26.00000
 Time :     27.00000
 Time :     28.00000
 Time :     29.00000
 Time :     30.00000
 Time :     31.00000
 Time :     32.00000
 Time :     33.00000
 Time :     34.00000
 Time :     35.00000
dtime = 73.28821644186974
mbcr =

 Columns 1 through 3:

   6.666666666666667e-02   7.580071768948014e-02   7.548214529333759e-02

 Column 4:

   7.482074161594386e-02

agsout =

 Columns 1 through 3:

   1.836661269080850e-02   1.836661269080850e-02   1.836661269080850e-02
   8.791094773451994e-03   1.851078627809320e-02   1.851078627809320e-02
   5.700050372407411e-03   1.851075299975461e-02   1.851075299975461e-02
   1.209631011920370e-02   1.851075299464684e-02   1.851075299464684e-02

 Columns 4 through 6:

   1.836661269080850e-02   1.836661269080850e-02   1.836661269080850e-02
   1.851078627809320e-02   1.851078627809320e-02   1.851078627809320e-02
   1.851075299975461e-02   1.851075299975461e-02   1.851075299975461e-02
   1.851075299464684e-02   1.851075299464684e-02   1.851075299464684e-02

 Columns 7 through 9:

   1.836661269080850e-02   1.836661269080850e-02   1.836661269080850e-02
   1.851078627809320e-02   1.851078627809320e-02   1.851078627809320e-02
   1.851075299975461e-02   1.851075299975461e-02   1.851075299975461e-02
   1.851075299464684e-02   1.851075299464684e-02   1.851075299464684e-02

 Columns 10 through 12:

   1.836661269080850e-02   1.836661269080850e-02   1.836661269080850e-02
   1.851078627809320e-02   1.851078627809320e-02   1.851078627809320e-02
   1.851075299975461e-02   1.851075299975461e-02   1.851075299975461e-02
   1.851075299464684e-02   1.851075299464684e-02   1.851075299464684e-02

 Columns 13 through 15:

   1.836661269080850e-02   1.836661269080850e-02   1.836661269080850e-02
   1.851078627809320e-02   1.851078627809320e-02   1.851078627809320e-02
   1.851075299975461e-02   1.851075299975461e-02   1.851075299975461e-02
   1.851075299464684e-02   1.851075299464684e-02   1.851075299464684e-02

ans = 1.659456786926353e-21
ans = 3.806131032582108e-21
ans = 3.806131032582108e-21
ans = 3.806131032582108e-21
ans = 3.806131032582108e-21
ans = 3.806131032582108e-21
ans = 3.806131032582108e-21
ans = 3.806131032582108e-21
ans = 3.806131032582108e-21
ans = 3.806131032582108e-21
ans = 3.806131032582108e-21
ans = 3.806131032582108e-21
ans = 3.806131032582108e-21
ans = 3.806131032582108e-21
ans = 3.806131032582108e-21
nbcr = 15
lambda0 = 3.501084296647659
kmpl_prod = 0.180000000000000
 Time :      1.00000
 Time :      2.00000
 Time :      3.01000
 Time :      4.01000
 Time :      5.01000
 Time :      6.01000
 Time :      7.01000
 Time :      8.01000
 Time :      9.01000
 Time :     10.01000
 Time :     11.01000
 Time :     12.01000
 Time :     13.01000
 Time :     14.01000
 Time :     15.01000
 Time :     16.01000
 Time :     17.01000
 Time :     18.00000
 Time :     19.00000
 Time :     20.00000
 Time :     21.00000
 Time :     22.00000
 Time :     23.00000
 Time :     24.00000
 Time :     25.00000
 Time :     26.00000
 Time :     27.00000
 Time :     28.00000
 Time :     29.00000
 Time :     30.00000
 Time :     31.00000
 Time :     32.00000
 Time :     33.00000
 Time :     34.00000
 Time :     35.00000
dtime = 72.39764593541622
mbcr =

 Columns 1 through 3:

   6.666666666666667e-02   7.580071768948014e-02   7.548214529333759e-02

 Columns 4 and 5:

   7.482074161594386e-02   7.572172296633060e-02

agsout =

 Columns 1 through 3:

   1.836661269080850e-02   1.836661269080850e-02   1.836661269080850e-02
   8.791094773451994e-03   1.851078627809320e-02   1.851078627809320e-02
   5.700050372407411e-03   1.851075299975461e-02   1.851075299975461e-02
   1.209631011920370e-02   1.851075299464684e-02   1.851075299464684e-02
   9.072891043208686e-03   1.851075299688361e-02   1.851075299688361e-02

 Columns 4 through 6:

   1.836661269080850e-02   1.836661269080850e-02   1.836661269080850e-02
   1.851078627809320e-02   1.851078627809320e-02   1.851078627809320e-02
   1.851075299975461e-02   1.851075299975461e-02   1.851075299975461e-02
   1.851075299464684e-02   1.851075299464684e-02   1.851075299464684e-02
   1.851075299688361e-02   1.851075299688361e-02   1.851075299688361e-02

 Columns 7 through 9:

   1.836661269080850e-02   1.836661269080850e-02   1.836661269080850e-02
   1.851078627809320e-02   1.851078627809320e-02   1.851078627809320e-02
   1.851075299975461e-02   1.851075299975461e-02   1.851075299975461e-02
   1.851075299464684e-02   1.851075299464684e-02   1.851075299464684e-02
   1.851075299688361e-02   1.851075299688361e-02   1.851075299688361e-02

 Columns 10 through 12:

   1.836661269080850e-02   1.836661269080850e-02   1.836661269080850e-02
   1.851078627809320e-02   1.851078627809320e-02   1.851078627809320e-02
   1.851075299975461e-02   1.851075299975461e-02   1.851075299975461e-02
   1.851075299464684e-02   1.851075299464684e-02   1.851075299464684e-02
   1.851075299688361e-02   1.851075299688361e-02   1.851075299688361e-02

 Columns 13 through 15:

   1.836661269080850e-02   1.836661269080850e-02   1.836661269080850e-02
   1.851078627809320e-02   1.851078627809320e-02   1.851078627809320e-02
   1.851075299975461e-02   1.851075299975461e-02   1.851075299975461e-02
   1.851075299464684e-02   1.851075299464684e-02   1.851075299464684e-02
   1.851075299688361e-02   1.851075299688361e-02   1.851075299688361e-02

ans = 2.037966234177522e-21
ans = 1.233104957879221e-22
ans = 1.233104957879221e-22
ans = 1.233104957879221e-22
ans = 1.233104957879221e-22
ans = 1.233104957879221e-22
ans = 1.233104957879221e-22
ans = 1.233104957879221e-22
ans = 1.233104957879221e-22
ans = 1.233104957879221e-22
ans = 1.233104957879221e-22
ans = 1.233104957879221e-22
ans = 1.233104957879221e-22
ans = 1.233104957879221e-22
ans = 1.233104957879221e-22
nbcr = 15
lambda0 = 3.501084296647659
kmpl_prod = 0.180000000000000
 Time :      1.00000
 Time :      2.00000
 Time :      3.01000
 Time :      4.01000
 Time :      5.01000
 Time :      6.01000
 Time :      7.01000
 Time :      8.01000
 Time :      9.01000
 Time :     10.01000
 Time :     11.01000
 Time :     12.01000
 Time :     13.01000
 Time :     14.01000
 Time :     15.01000
 Time :     16.01000
 Time :     17.01000
 Time :     18.00000
 Time :     19.00000
 Time :     20.00000
 Time :     21.00000
 Time :     22.00000
 Time :     23.00000
 Time :     24.00000
 Time :     25.00000
 Time :     26.00000
 Time :     27.00000
 Time :     28.00000
 Time :     29.00000
 Time :     30.00000
 Time :     31.00000
 Time :     32.00000
 Time :     33.00000
 Time :     34.00000
 Time :     35.00000
dtime = 66.52492582798004
mbcr =

 Columns 1 through 3:

   6.666666666666667e-02   7.580071768948014e-02   7.548214529333759e-02

 Columns 4 through 6:

   7.482074161594386e-02   7.572172296633060e-02   7.341542146589893e-02

agsout =

 Columns 1 through 3:

   1.836661269080850e-02   1.836661269080850e-02   1.836661269080850e-02
   8.791094773451994e-03   1.851078627809320e-02   1.851078627809320e-02
   5.700050372407411e-03   1.851075299975461e-02   1.851075299975461e-02
   1.209631011920370e-02   1.851075299464684e-02   1.851075299464684e-02
   9.072891043208686e-03   1.851075299688361e-02   1.851075299688361e-02
   3.895481103765781e-03   1.851075302192348e-02   1.851075302192348e-02

 Columns 4 through 6:

   1.836661269080850e-02   1.836661269080850e-02   1.836661269080850e-02
   1.851078627809320e-02   1.851078627809320e-02   1.851078627809320e-02
   1.851075299975461e-02   1.851075299975461e-02   1.851075299975461e-02
   1.851075299464684e-02   1.851075299464684e-02   1.851075299464684e-02
   1.851075299688361e-02   1.851075299688361e-02   1.851075299688361e-02
   1.851075302192348e-02   1.851075302192348e-02   1.851075302192348e-02

 Columns 7 through 9:

   1.836661269080850e-02   1.836661269080850e-02   1.836661269080850e-02
   1.851078627809320e-02   1.851078627809320e-02   1.851078627809320e-02
   1.851075299975461e-02   1.851075299975461e-02   1.851075299975461e-02
   1.851075299464684e-02   1.851075299464684e-02   1.851075299464684e-02
   1.851075299688361e-02   1.851075299688361e-02   1.851075299688361e-02
   1.851075302192348e-02   1.851075302192348e-02   1.851075302192348e-02

 Columns 10 through 12:

   1.836661269080850e-02   1.836661269080850e-02   1.836661269080850e-02
   1.851078627809320e-02   1.851078627809320e-02   1.851078627809320e-02
   1.851075299975461e-02   1.851075299975461e-02   1.851075299975461e-02
   1.851075299464684e-02   1.851075299464684e-02   1.851075299464684e-02
   1.851075299688361e-02   1.851075299688361e-02   1.851075299688361e-02
   1.851075302192348e-02   1.851075302192348e-02   1.851075302192348e-02

 Columns 13 through 15:

   1.836661269080850e-02   1.836661269080850e-02   1.836661269080850e-02
   1.851078627809320e-02   1.851078627809320e-02   1.851078627809320e-02
   1.851075299975461e-02   1.851075299975461e-02   1.851075299975461e-02
   1.851075299464684e-02   1.851075299464684e-02   1.851075299464684e-02
   1.851075299688361e-02   1.851075299688361e-02   1.851075299688361e-02
   1.851075302192348e-02   1.851075302192348e-02   1.851075302192348e-02

ans = 7.456619631859268e-21
ans = 1.365199885590257e-20
ans = 1.365199885590257e-20
ans = 1.365199885590257e-20
ans = 1.365199885590257e-20
ans = 1.365199885590257e-20
ans = 1.365199885590257e-20
ans = 1.365199885590257e-20
ans = 1.365199885590257e-20
ans = 1.365199885590257e-20
ans = 1.365199885590257e-20
ans = 1.365199885590257e-20
ans = 1.365199885590257e-20
ans = 1.365199885590257e-20
ans = 1.365199885590257e-20
