warning: function /home/surgeon/flu/amcode/perelson21/1d2agt/4paper/2submit/run.m shadows a core library function
warning: called from
    driver at line 1 column 1

lambda0 = 3.501084296647659
kmpl_prod = 0.180000000000000
dkps =

 Columns 1 through 3:

   5.709796962347802e+00   9.955149170935956e+00   1.268101497052965e+01

 Columns 4 through 6:

   2.192734854049115e+01   1.599436246097718e+01   1.885729851837057e+00

nbcr = 2
lambda0 = 3.501084296647659
kmpl_prod = 0.180000000000000
 Time :      1.00000
 Time :      2.00000
 Time :      3.01000
 Time :      4.01000
 Time :      5.01000
 Time :      6.01000
 Time :      7.01000
 Time :      8.01000
 Time :      9.01000
 Time :     10.01000
 Time :     11.01000
 Time :     12.01000
 Time :     13.01000
 Time :     14.01000
 Time :     15.01000
 Time :     16.01000
 Time :     17.01000
 Time :     18.00000
 Time :     19.00000
 Time :     20.00000
 Time :     21.00000
 Time :     22.00000
 Time :     23.00000
 Time :     24.00000
 Time :     25.00000
 Time :     26.00000
 Time :     27.00000
 Time :     28.00000
 Time :     29.00000
 Time :     30.00000
 Time :     31.00000
 Time :     32.00000
 Time :     33.00000
 Time :     34.00000
 Time :     35.00000
dtime = 5.056299269199371
mbcr = 0.500000000000000
agsout =

   1.071449970512459e-02   1.071449970512455e-02

ans = 9.420940942125428e-22
ans = 8.573849833734308e-21
nbcr = 2
lambda0 = 3.501084296647659
kmpl_prod = 0.180000000000000
 Time :      1.00000
 Time :      2.00000
 Time :      3.01000
 Time :      4.01000
 Time :      5.01000
 Time :      6.01000
 Time :      7.01000
 Time :      8.01000
 Time :      9.01000
 Time :     10.01000
 Time :     11.01000
 Time :     12.01000
 Time :     13.01000
 Time :     14.01000
 Time :     15.01000
 Time :     16.01000
 Time :     17.01000
 Time :     18.00000
 Time :     19.00000
 Time :     20.00000
 Time :     21.00000
 Time :     22.00000
 Time :     23.00000
 Time :     24.00000
 Time :     25.00000
 Time :     26.00000
 Time :     27.00000
 Time :     28.00000
 Time :     29.00000
 Time :     30.00000
 Time :     31.00000
 Time :     32.00000
 Time :     33.00000
 Time :     34.00000
 Time :     35.00000
dtime = 5.071145296096802
mbcr =

   0.500000000000000   0.702290652558044

agsout =

   1.071449970512459e-02   1.071449970512455e-02
   3.560569980243515e-03   3.560569980243512e-03

ans = 8.024065532070645e-21
ans = 1.197798886007412e-20
nbcr = 2
lambda0 = 3.501084296647659
kmpl_prod = 0.180000000000000
 Time :      1.00000
 Time :      2.00000
 Time :      3.01000
 Time :      4.01000
 Time :      5.01000
 Time :      6.01000
 Time :      7.01000
 Time :      8.01000
 Time :      9.01000
 Time :     10.01000
 Time :     11.01000
 Time :     12.01000
 Time :     13.01000
 Time :     14.01000
 Time :     15.01000
 Time :     16.01000
 Time :     17.01000
 Time :     18.00000
 Time :     19.00000
 Time :     20.00000
 Time :     21.00000
 Time :     22.00000
 Time :     23.00000
 Time :     24.00000
 Time :     25.00000
 Time :     26.00000
 Time :     27.00000
 Time :     28.00000
 Time :     29.00000
 Time :     30.00000
 Time :     31.00000
 Time :     32.00000
 Time :     33.00000
 Time :     34.00000
 Time :     35.00000
dtime = 5.143444240093231
mbcr =

   0.500000000000000   0.702290652558044   0.722119565002921

agsout =

   1.071449970512459e-02   1.071449970512455e-02
   3.560569980243515e-03   3.560569980243512e-03
   2.791968589930718e-03   2.791968589930768e-03

ans = 3.920836103501351e-21
ans = 1.265420901083622e-20
nbcr = 2
lambda0 = 3.501084296647659
kmpl_prod = 0.180000000000000
 Time :      1.00000
 Time :      2.00000
 Time :      3.01000
 Time :      4.01000
 Time :      5.01000
 Time :      6.01000
 Time :      7.01000
 Time :      8.01000
 Time :      9.01000
 Time :     10.01000
 Time :     11.01000
 Time :     12.01000
 Time :     13.01000
 Time :     14.01000
 Time :     15.01000
 Time :     16.01000
 Time :     17.01000
 Time :     18.00000
 Time :     19.00000
 Time :     20.00000
 Time :     21.00000
 Time :     22.00000
 Time :     23.00000
 Time :     24.00000
 Time :     25.00000
 Time :     26.00000
 Time :     27.00000
 Time :     28.00000
 Time :     29.00000
 Time :     30.00000
 Time :     31.00000
 Time :     32.00000
 Time :     33.00000
 Time :     34.00000
 Time :     35.00000
dtime = 5.194620788097382
mbcr =

   0.500000000000000   0.702290652558044   0.722119565002921   0.723501946781617

agsout =

   1.071449970512459e-02   1.071449970512455e-02
   3.560569980243515e-03   3.560569980243512e-03
   2.791968589930718e-03   2.791968589930768e-03
   2.711319517328565e-03   2.711319517328567e-03

ans = 1.102135448165654e-20
ans = 3.175908263109065e-21
nbcr = 2
lambda0 = 3.501084296647659
kmpl_prod = 0.180000000000000
 Time :      1.00000
 Time :      2.00000
 Time :      3.01000
 Time :      4.01000
 Time :      5.01000
 Time :      6.01000
 Time :      7.01000
 Time :      8.01000
 Time :      9.01000
 Time :     10.01000
 Time :     11.01000
 Time :     12.01000
 Time :     13.01000
 Time :     14.01000
 Time :     15.01000
 Time :     16.01000
 Time :     17.01000
 Time :     18.00000
 Time :     19.00000
 Time :     20.00000
 Time :     21.00000
 Time :     22.00000
 Time :     23.00000
 Time :     24.00000
 Time :     25.00000
 Time :     26.00000
 Time :     27.00000
 Time :     28.00000
 Time :     29.00000
 Time :     30.00000
 Time :     31.00000
 Time :     32.00000
 Time :     33.00000
 Time :     34.00000
 Time :     35.00000
dtime = 5.133788287639618
mbcr =

 Columns 1 through 4:

   0.500000000000000   0.702290652558044   0.722119565002921   0.723501946781617

 Column 5:

   0.704349411281778

agsout =

   1.071449970512459e-02   1.071449970512455e-02
   3.560569980243515e-03   3.560569980243512e-03
   2.791968589930718e-03   2.791968589930768e-03
   2.711319517328565e-03   2.711319517328567e-03
   3.556452335979318e-03   3.556452335979321e-03

ans = -3.980599902758307e-21
ans = 2.501523419331067e-21
nbcr = 2
lambda0 = 3.501084296647659
kmpl_prod = 0.180000000000000
 Time :      1.00000
 Time :      2.00000
 Time :      3.01000
 Time :      4.01000
 Time :      5.01000
 Time :      6.01000
 Time :      7.01000
 Time :      8.01000
 Time :      9.01000
 Time :     10.01000
 Time :     11.01000
 Time :     12.01000
 Time :     13.01000
 Time :     14.01000
 Time :     15.01000
 Time :     16.01000
 Time :     17.01000
 Time :     18.00000
 Time :     19.00000
 Time :     20.00000
 Time :     21.00000
 Time :     22.00000
 Time :     23.00000
 Time :     24.00000
 Time :     25.00000
 Time :     26.00000
 Time :     27.00000
 Time :     28.00000
 Time :     29.00000
 Time :     30.00000
 Time :     31.00000
 Time :     32.00000
 Time :     33.00000
 Time :     34.00000
 Time :     35.00000
dtime = 5.230599269270897
mbcr =

 Columns 1 through 4:

   0.500000000000000   0.702290652558044   0.722119565002921   0.723501946781617

 Columns 5 and 6:

   0.704349411281778   0.708403341310925

agsout =

   1.071449970512459e-02   1.071449970512455e-02
   3.560569980243515e-03   3.560569980243512e-03
   2.791968589930718e-03   2.791968589930768e-03
   2.711319517328565e-03   2.711319517328567e-03
   3.556452335979318e-03   3.556452335979321e-03
   3.378953909292725e-03   3.378953909292633e-03

ans = 1.296595270419214e-20
ans = -7.372531552714424e-21
dkps =

 Columns 1 through 3:

   1.496103782803787e+00   2.674897471121950e+01   1.989796620807105e+00

 Columns 4 through 6:

   1.710385513090252e+01   1.089433057117929e+00   4.637636128663612e+00

nbcr = 3
lambda0 = 3.501084296647659
kmpl_prod = 0.180000000000000
 Time :      1.00000
 Time :      2.00000
 Time :      3.01000
 Time :      4.01000
 Time :      5.01000
 Time :      6.01000
 Time :      7.01000
 Time :      8.01000
 Time :      9.01000
 Time :     10.01000
 Time :     11.01000
 Time :     12.01000
 Time :     13.01000
 Time :     14.01000
 Time :     15.01000
 Time :     16.01000
 Time :     17.01000
 Time :     18.00000
 Time :     19.00000
 Time :     20.00000
 Time :     21.00000
 Time :     22.00000
 Time :     23.00000
 Time :     24.00000
 Time :     25.00000
 Time :     26.00000
 Time :     27.00000
 Time :     28.00000
 Time :     29.00000
 Time :     30.00000
 Time :     31.00000
 Time :     32.00000
 Time :     33.00000
 Time :     34.00000
 Time :     35.00000
dtime = 11.44250482320786
mbcr = 0.333333333333333
agsout =

   8.291246921948960e-03   8.291246921948903e-03   8.291246921948933e-03

ans = 1.191805703975524e-21
ans = 9.380615887263468e-21
ans = -7.833400400877172e-22
nbcr = 3
lambda0 = 3.501084296647659
kmpl_prod = 0.180000000000000
 Time :      1.00000
 Time :      2.00000
 Time :      3.01000
 Time :      4.01000
 Time :      5.01000
 Time :      6.01000
 Time :      7.01000
 Time :      8.01000
 Time :      9.01000
 Time :     10.01000
 Time :     11.01000
 Time :     12.01000
 Time :     13.01000
 Time :     14.01000
 Time :     15.01000
 Time :     16.01000
 Time :     17.01000
 Time :     18.00000
 Time :     19.00000
 Time :     20.00000
 Time :     21.00000
 Time :     22.00000
 Time :     23.00000
 Time :     24.00000
 Time :     25.00000
 Time :     26.00000
 Time :     27.00000
 Time :     28.00000
 Time :     29.00000
 Time :     30.00000
 Time :     31.00000
 Time :     32.00000
 Time :     33.00000
 Time :     34.00000
 Time :     35.00000
dtime = 12.06840164959431
mbcr =

   0.333333333333333   0.637042967194466

agsout =

   8.291246921948960e-03   8.291246921948903e-03   8.291246921948933e-03
   1.477526814108022e-03   1.477526814108049e-03   1.477526814108035e-03

ans = 1.036953615896475e-20
ans = 3.310208790375292e-21
ans = 6.698754169698770e-21
nbcr = 3
lambda0 = 3.501084296647659
kmpl_prod = 0.180000000000000
 Time :      1.00000
 Time :      2.00000
 Time :      3.01000
 Time :      4.01000
 Time :      5.01000
 Time :      6.01000
 Time :      7.01000
 Time :      8.01000
 Time :      9.01000
 Time :     10.01000
 Time :     11.01000
 Time :     12.01000
 Time :     13.01000
 Time :     14.01000
 Time :     15.01000
 Time :     16.01000
 Time :     17.01000
 Time :     18.00000
 Time :     19.00000
 Time :     20.00000
 Time :     21.00000
 Time :     22.00000
 Time :     23.00000
 Time :     24.00000
 Time :     25.00000
 Time :     26.00000
 Time :     27.00000
 Time :     28.00000
 Time :     29.00000
 Time :     30.00000
 Time :     31.00000
 Time :     32.00000
 Time :     33.00000
 Time :     34.00000
 Time :     35.00000
dtime = 12.27062344551086
mbcr =

   0.333333333333333   0.637042967194466   0.605278876169349

agsout =

   8.291246921948960e-03   8.291246921948903e-03   8.291246921948933e-03
   1.477526814108022e-03   1.477526814108049e-03   1.477526814108035e-03
   2.588403550187178e-03   2.588403550187200e-03   2.588403550187118e-03

ans = 8.485528916298665e-21
ans = -3.491219172856622e-21
ans = -6.879816250968385e-21
nbcr = 3
lambda0 = 3.501084296647659
kmpl_prod = 0.180000000000000
 Time :      1.00000
 Time :      2.00000
 Time :      3.01000
 Time :      4.01000
 Time :      5.01000
 Time :      6.01000
 Time :      7.01000
 Time :      8.01000
 Time :      9.01000
 Time :     10.01000
 Time :     11.01000
 Time :     12.01000
 Time :     13.01000
 Time :     14.01000
 Time :     15.01000
 Time :     16.01000
 Time :     17.01000
 Time :     18.00000
 Time :     19.00000
 Time :     20.00000
 Time :     21.00000
 Time :     22.00000
 Time :     23.00000
 Time :     24.00000
 Time :     25.00000
 Time :     26.00000
 Time :     27.00000
 Time :     28.00000
 Time :     29.00000
 Time :     30.00000
 Time :     31.00000
 Time :     32.00000
 Time :     33.00000
 Time :     34.00000
 Time :     35.00000
dtime = 11.83072440326214
mbcr =

   0.333333333333333   0.637042967194466   0.605278876169349   0.664572574055545

agsout =

   8.291246921948960e-03   8.291246921948903e-03   8.291246921948933e-03
   1.477526814108022e-03   1.477526814108049e-03   1.477526814108035e-03
   2.588403550187178e-03   2.588403550187200e-03   2.588403550187118e-03
   1.073078085002340e-03   1.073078085002436e-03   1.073078085002414e-03

ans = -7.543887186483612e-21
ans = -2.200339203482267e-21
ans = -5.587475790824991e-21
nbcr = 3
lambda0 = 3.501084296647659
kmpl_prod = 0.180000000000000
 Time :      1.00000
 Time :      2.00000
 Time :      3.01000
 Time :      4.01000
 Time :      5.01000
 Time :      6.01000
 Time :      7.01000
 Time :      8.01000
 Time :      9.01000
 Time :     10.01000
 Time :     11.01000
 Time :     12.01000
 Time :     13.01000
 Time :     14.01000
 Time :     15.01000
 Time :     16.01000
 Time :     17.01000
 Time :     18.00000
 Time :     19.00000
 Time :     20.00000
 Time :     21.00000
 Time :     22.00000
 Time :     23.00000
 Time :     24.00000
 Time :     25.00000
 Time :     26.00000
 Time :     27.00000
 Time :     28.00000
 Time :     29.00000
 Time :     30.00000
 Time :     31.00000
 Time :     32.00000
 Time :     33.00000
 Time :     34.00000
 Time :     35.00000
dtime = 12.19105236232281
mbcr =

 Columns 1 through 4:

   0.333333333333333   0.637042967194466   0.605278876169349   0.664572574055545

 Column 5:

   0.634442465789805

agsout =

   8.291246921948960e-03   8.291246921948903e-03   8.291246921948933e-03
   1.477526814108022e-03   1.477526814108049e-03   1.477526814108035e-03
   2.588403550187178e-03   2.588403550187200e-03   2.588403550187118e-03
   1.073078085002340e-03   1.073078085002436e-03   1.073078085002414e-03
   1.769265709125496e-03   1.769265709125471e-03   1.769265709125471e-03

ans = -2.870316725559006e-21
ans = 8.657220592191703e-22
ans = 8.657220592191703e-22
nbcr = 3
lambda0 = 3.501084296647659
kmpl_prod = 0.180000000000000
 Time :      1.00000
 Time :      2.00000
 Time :      3.01000
 Time :      4.01000
 Time :      5.01000
 Time :      6.01000
 Time :      7.01000
 Time :      8.01000
 Time :      9.01000
 Time :     10.01000
 Time :     11.01000
 Time :     12.01000
 Time :     13.01000
 Time :     14.01000
 Time :     15.01000
 Time :     16.01000
 Time :     17.01000
 Time :     18.00000
 Time :     19.00000
 Time :     20.00000
 Time :     21.00000
 Time :     22.00000
 Time :     23.00000
 Time :     24.00000
 Time :     25.00000
 Time :     26.00000
 Time :     27.00000
 Time :     28.00000
 Time :     29.00000
 Time :     30.00000
 Time :     31.00000
 Time :     32.00000
 Time :     33.00000
 Time :     34.00000
 Time :     35.00000
dtime = 12.54651211202145
mbcr =

 Columns 1 through 4:

   0.333333333333333   0.637042967194466   0.605278876169349   0.664572574055545

 Columns 5 and 6:

   0.634442465789805   0.681176854737651

agsout =

   8.291246921948960e-03   8.291246921948903e-03   8.291246921948933e-03
   1.477526814108022e-03   1.477526814108049e-03   1.477526814108035e-03
   2.588403550187178e-03   2.588403550187200e-03   2.588403550187118e-03
   1.073078085002340e-03   1.073078085002436e-03   1.073078085002414e-03
   1.769265709125496e-03   1.769265709125471e-03   1.769265709125471e-03
   6.038052589509732e-04   6.038052589510067e-04   6.038052589510680e-04

ans = -3.176373552203626e-22
ans = -5.823700479194236e-21
ans = 9.527666628190375e-22
dkps =

 Columns 1 through 3:

   1.215810255096002e+02   5.468404174750729e+01   9.301765347879186e-01

 Columns 4 through 6:

   3.425485092296887e+01   4.807252470009661e+00   3.675743990662443e+00

nbcr = 4
lambda0 = 3.501084296647659
kmpl_prod = 0.180000000000000
 Time :      1.00000
 Time :      2.00000
 Time :      3.01000
 Time :      4.01000
 Time :      5.01000
 Time :      6.01000
 Time :      7.01000
 Time :      8.01000
 Time :      9.01000
 Time :     10.01000
 Time :     11.01000
 Time :     12.01000
 Time :     13.01000
 Time :     14.01000
 Time :     15.01000
 Time :     16.01000
 Time :     17.01000
 Time :     18.00000
 Time :     19.00000
 Time :     20.00000
 Time :     21.00000
 Time :     22.00000
 Time :     23.00000
 Time :     24.00000
 Time :     25.00000
 Time :     26.00000
 Time :     27.00000
 Time :     28.00000
 Time :     29.00000
 Time :     30.00000
 Time :     31.00000
 Time :     32.00000
 Time :     33.00000
 Time :     34.00000
 Time :     35.00000
dtime = 17.89661385118961
mbcr = 0.250000000000000
agsout =

 Columns 1 through 3:

   7.111158578391398e-03   7.111158578391355e-03   7.111158578391386e-03

 Column 4:

   7.111158578391386e-03

ans = 1.775155443932940e-21
ans = 1.579922724794526e-20
ans = 9.027228819944329e-21
ans = 9.027228819944329e-21
nbcr = 4
lambda0 = 3.501084296647659
kmpl_prod = 0.180000000000000
 Time :      1.00000
 Time :      2.00000
 Time :      3.01000
 Time :      4.01000
 Time :      5.01000
 Time :      6.01000
 Time :      7.01000
 Time :      8.01000
 Time :      9.01000
 Time :     10.01000
 Time :     11.01000
 Time :     12.01000
 Time :     13.01000
 Time :     14.01000
 Time :     15.01000
 Time :     16.01000
 Time :     17.01000
 Time :     18.00000
 Time :     19.00000
 Time :     20.00000
 Time :     21.00000
 Time :     22.00000
 Time :     23.00000
 Time :     24.00000
 Time :     25.00000
 Time :     26.00000
 Time :     27.00000
 Time :     28.00000
 Time :     29.00000
 Time :     30.00000
 Time :     31.00000
 Time :     32.00000
 Time :     33.00000
 Time :     34.00000
 Time :     35.00000
dtime = 17.75138229131699
mbcr =

   0.250000000000000   0.323287551276205

agsout =

 Columns 1 through 3:

   7.111158578391398e-03   7.111158578391355e-03   7.111158578391386e-03
   6.039226523391053e-03   6.039226523391055e-03   6.039226523391053e-03

 Column 4:

   7.111158578391386e-03
   6.039226523391096e-03

ans = 5.538542887713650e-21
ans = 1.177336505604381e-20
ans = 1.177352015240867e-20
ans = 8.386680833098578e-21
nbcr = 4
lambda0 = 3.501084296647659
kmpl_prod = 0.180000000000000
 Time :      1.00000
 Time :      2.00000
 Time :      3.01000
 Time :      4.01000
 Time :      5.01000
 Time :      6.01000
 Time :      7.01000
 Time :      8.01000
 Time :      9.01000
 Time :     10.01000
 Time :     11.01000
 Time :     12.01000
 Time :     13.01000
 Time :     14.01000
 Time :     15.01000
 Time :     16.01000
 Time :     17.01000
 Time :     18.00000
 Time :     19.00000
 Time :     20.00000
 Time :     21.00000
 Time :     22.00000
 Time :     23.00000
 Time :     24.00000
 Time :     25.00000
 Time :     26.00000
 Time :     27.00000
 Time :     28.00000
 Time :     29.00000
 Time :     30.00000
 Time :     31.00000
 Time :     32.00000
 Time :     33.00000
 Time :     34.00000
 Time :     35.00000
dtime = 17.94203706085682
mbcr =

   0.250000000000000   0.323287551276205   0.424534906405489

agsout =

 Columns 1 through 3:

   7.111158578391398e-03   7.111158578391355e-03   7.111158578391386e-03
   6.039226523391053e-03   6.039226523391055e-03   6.039226523391053e-03
   4.665078061905577e-03   4.665078061905619e-03   4.665078061905594e-03

 Column 4:

   7.111158578391386e-03
   6.039226523391096e-03
   4.665078061905594e-03

ans = 1.799608970791539e-21
ans = -8.423645466722042e-21
ans = -1.657359754826560e-21
ans = -1.657359754826560e-21
nbcr = 4
lambda0 = 3.501084296647659
kmpl_prod = 0.180000000000000
 Time :      1.00000
 Time :      2.00000
 Time :      3.01000
 Time :      4.01000
 Time :      5.01000
 Time :      6.01000
 Time :      7.01000
 Time :      8.01000
 Time :      9.01000
 Time :     10.01000
 Time :     11.01000
 Time :     12.01000
 Time :     13.01000
 Time :     14.01000
 Time :     15.01000
 Time :     16.01000
 Time :     17.01000
 Time :     18.00000
 Time :     19.00000
 Time :     20.00000
 Time :     21.00000
 Time :     22.00000
 Time :     23.00000
 Time :     24.00000
 Time :     25.00000
 Time :     26.00000
 Time :     27.00000
 Time :     28.00000
 Time :     29.00000
 Time :     30.00000
 Time :     31.00000
 Time :     32.00000
 Time :     33.00000
 Time :     34.00000
 Time :     35.00000
dtime = 18.88506151735783
mbcr =

   0.250000000000000   0.323287551276205   0.424534906405489   0.615499332328614

agsout =

 Columns 1 through 3:

   7.111158578391398e-03   7.111158578391355e-03   7.111158578391386e-03
   6.039226523391053e-03   6.039226523391055e-03   6.039226523391053e-03
   4.665078061905577e-03   4.665078061905619e-03   4.665078061905594e-03
   8.140733698371708e-04   8.140733698371796e-04   8.140733698371684e-04

 Column 4:

   7.111158578391386e-03
   6.039226523391096e-03
   4.665078061905594e-03
   8.140733698371654e-04

ans = 6.723324018831009e-21
ans = 2.626363068341219e-21
ans = 2.625781456973017e-21
ans = 2.625813768715695e-21
nbcr = 4
lambda0 = 3.501084296647659
kmpl_prod = 0.180000000000000
 Time :      1.00000
 Time :      2.00000
 Time :      3.01000
 Time :      4.01000
 Time :      5.01000
 Time :      6.01000
 Time :      7.01000
 Time :      8.01000
 Time :      9.01000
 Time :     10.01000
 Time :     11.01000
 Time :     12.01000
 Time :     13.01000
 Time :     14.01000
 Time :     15.01000
 Time :     16.01000
 Time :     17.01000
 Time :     18.00000
 Time :     19.00000
 Time :     20.00000
 Time :     21.00000
 Time :     22.00000
 Time :     23.00000
 Time :     24.00000
 Time :     25.00000
 Time :     26.00000
 Time :     27.00000
 Time :     28.00000
 Time :     29.00000
 Time :     30.00000
 Time :     31.00000
 Time :     32.00000
 Time :     33.00000
 Time :     34.00000
 Time :     35.00000
dtime = 18.18233951926231
mbcr =

 Columns 1 through 4:

   0.250000000000000   0.323287551276205   0.424534906405489   0.615499332328614

 Column 5:

   0.555187736848845

agsout =

 Columns 1 through 3:

   7.111158578391398e-03   7.111158578391355e-03   7.111158578391386e-03
   6.039226523391053e-03   6.039226523391055e-03   6.039226523391053e-03
   4.665078061905577e-03   4.665078061905619e-03   4.665078061905594e-03
   8.140733698371708e-04   8.140733698371796e-04   8.140733698371684e-04
   2.118706700439488e-03   2.118706700439501e-03   2.118706700439418e-03

 Column 4:

   7.111158578391386e-03
   6.039226523391096e-03
   4.665078061905594e-03
   8.140733698371654e-04
   2.118706700439418e-03

ans = 4.582580593543773e-22
ans = 6.960440511298163e-21
ans = 3.574867812301047e-21
ans = 3.574867812301047e-21
nbcr = 4
lambda0 = 3.501084296647659
kmpl_prod = 0.180000000000000
 Time :      1.00000
 Time :      2.00000
 Time :      3.01000
 Time :      4.01000
 Time :      5.01000
 Time :      6.01000
 Time :      7.01000
 Time :      8.01000
 Time :      9.01000
 Time :     10.01000
 Time :     11.01000
 Time :     12.01000
 Time :     13.01000
 Time :     14.01000
 Time :     15.01000
 Time :     16.01000
 Time :     17.01000
 Time :     18.00000
 Time :     19.00000
 Time :     20.00000
 Time :     21.00000
 Time :     22.00000
 Time :     23.00000
 Time :     24.00000
 Time :     25.00000
 Time :     26.00000
 Time :     27.00000
 Time :     28.00000
 Time :     29.00000
 Time :     30.00000
 Time :     31.00000
 Time :     32.00000
 Time :     33.00000
 Time :     34.00000
 Time :     35.00000
dtime = 18.02291572093964
mbcr =

 Columns 1 through 4:

   0.250000000000000   0.323287551276205   0.424534906405489   0.615499332328614

 Columns 5 and 6:

   0.555187736848845   0.588749432068196

agsout =

 Columns 1 through 3:

   7.111158578391398e-03   7.111158578391355e-03   7.111158578391386e-03
   6.039226523391053e-03   6.039226523391055e-03   6.039226523391053e-03
   4.665078061905577e-03   4.665078061905619e-03   4.665078061905594e-03
   8.140733698371708e-04   8.140733698371796e-04   8.140733698371684e-04
   2.118706700439488e-03   2.118706700439501e-03   2.118706700439418e-03
   1.542608068379618e-03   1.542608068379658e-03   1.542608068379572e-03

 Column 4:

   7.111158578391386e-03
   6.039226523391096e-03
   4.665078061905594e-03
   8.140733698371654e-04
   2.118706700439418e-03
   1.542608068379607e-03

ans = 1.101804575920633e-21
ans = -1.516532255539407e-21
ans = -8.291684309625692e-21
ans = -8.293209423880086e-21
dkps =

 Columns 1 through 3:

   3.796658031618639e+01   1.532716043047861e+01   2.667702235703841e+01

 Columns 4 through 6:

   4.614992957051154e+00   1.034975594196981e+01   1.442122364483856e+02

nbcr = 5
lambda0 = 3.501084296647659
kmpl_prod = 0.180000000000000
 Time :      1.00000
 Time :      2.00000
 Time :      3.01000
 Time :      4.01000
 Time :      5.01000
 Time :      6.01000
 Time :      7.01000
 Time :      8.01000
 Time :      9.01000
 Time :     10.01000
 Time :     11.01000
 Time :     12.01000
 Time :     13.01000
 Time :     14.01000
 Time :     15.01000
 Time :     16.01000
 Time :     17.01000
 Time :     18.00000
 Time :     19.00000
 Time :     20.00000
 Time :     21.00000
 Time :     22.00000
 Time :     23.00000
 Time :     24.00000
 Time :     25.00000
 Time :     26.00000
 Time :     27.00000
 Time :     28.00000
 Time :     29.00000
 Time :     30.00000
 Time :     31.00000
 Time :     32.00000
 Time :     33.00000
 Time :     34.00000
 Time :     35.00000
dtime = 22.81791083514690
mbcr = 0.200000000000000
agsout =

 Columns 1 through 3:

   6.412471217994505e-03   6.412471217994479e-03   6.412471217994676e-03

 Columns 4 and 5:

   6.412471217994509e-03   6.412471217994673e-03

ans = 1.382251115318787e-21
ans = 5.035461978916556e-22
ans = -2.879777603815081e-21
ans = 5.045284748690623e-22
ans = -2.880708182004203e-21
nbcr = 5
lambda0 = 3.501084296647659
kmpl_prod = 0.180000000000000
 Time :      1.00000
 Time :      2.00000
 Time :      3.01000
 Time :      4.01000
 Time :      5.01000
 Time :      6.01000
 Time :      7.01000
 Time :      8.01000
 Time :      9.01000
 Time :     10.01000
 Time :     11.01000
 Time :     12.01000
 Time :     13.01000
 Time :     14.01000
 Time :     15.01000
 Time :     16.01000
 Time :     17.01000
 Time :     18.00000
 Time :     19.00000
 Time :     20.00000
 Time :     21.00000
 Time :     22.00000
 Time :     23.00000
 Time :     24.00000
 Time :     25.00000
 Time :     26.00000
 Time :     27.00000
 Time :     28.00000
 Time :     29.00000
 Time :     30.00000
 Time :     31.00000
 Time :     32.00000
 Time :     33.00000
 Time :     34.00000
 Time :     35.00000
dtime = 22.91673347353935
mbcr =

   0.200000000000000   0.379419332880576

agsout =

 Columns 1 through 3:

   6.412471217994505e-03   6.412471217994479e-03   6.412471217994676e-03
   4.219045765558863e-03   4.219045765558887e-03   4.219045765558867e-03

 Columns 4 and 5:

   6.412471217994509e-03   6.412471217994673e-03
   4.219045765558953e-03   4.219045765558953e-03

ans = 6.394209532611473e-21
ans = 4.221412858587808e-21
ans = 8.323504913814841e-22
ans = 4.222395135565214e-21
ans = 4.222395135565214e-21
nbcr = 5
lambda0 = 3.501084296647659
kmpl_prod = 0.180000000000000
 Time :      1.00000
 Time :      2.00000
 Time :      3.01000
 Time :      4.01000
 Time :      5.01000
 Time :      6.01000
 Time :      7.01000
 Time :      8.01000
 Time :      9.01000
 Time :     10.01000
 Time :     11.01000
 Time :     12.01000
 Time :     13.01000
 Time :     14.01000
 Time :     15.01000
 Time :     16.01000
 Time :     17.01000
 Time :     18.00000
 Time :     19.00000
 Time :     20.00000
 Time :     21.00000
 Time :     22.00000
 Time :     23.00000
 Time :     24.00000
 Time :     25.00000
 Time :     26.00000
 Time :     27.00000
 Time :     28.00000
 Time :     29.00000
 Time :     30.00000
 Time :     31.00000
 Time :     32.00000
 Time :     33.00000
 Time :     34.00000
 Time :     35.00000
dtime = 23.31278845667839
mbcr =

   0.200000000000000   0.379419332880576   0.489713458407723

agsout =

 Columns 1 through 3:

   6.412471217994505e-03   6.412471217994479e-03   6.412471217994676e-03
   4.219045765558863e-03   4.219045765558887e-03   4.219045765558867e-03
   2.615931881164197e-03   2.615931881164174e-03   2.615931881164172e-03

 Columns 4 and 5:

   6.412471217994509e-03   6.412471217994673e-03
   4.219045765558953e-03   4.219045765558953e-03
   2.615931881164152e-03   2.615931881164148e-03

ans = 3.967985398416874e-21
ans = -2.113911754167547e-21
ans = -2.117478970559182e-21
ans = -8.891881392215340e-21
ans = 1.272617372412833e-21
nbcr = 5
lambda0 = 3.501084296647659
kmpl_prod = 0.180000000000000
 Time :      1.00000
 Time :      2.00000
 Time :      3.01000
 Time :      4.01000
 Time :      5.01000
 Time :      6.01000
 Time :      7.01000
 Time :      8.01000
 Time :      9.01000
 Time :     10.01000
 Time :     11.01000
 Time :     12.01000
 Time :     13.01000
 Time :     14.01000
 Time :     15.01000
 Time :     16.01000
 Time :     17.01000
 Time :     18.00000
 Time :     19.00000
 Time :     20.00000
 Time :     21.00000
 Time :     22.00000
 Time :     23.00000
 Time :     24.00000
 Time :     25.00000
 Time :     26.00000
 Time :     27.00000
 Time :     28.00000
 Time :     29.00000
 Time :     30.00000
 Time :     31.00000
 Time :     32.00000
 Time :     33.00000
 Time :     34.00000
 Time :     35.00000
dtime = 22.87859246134758
mbcr =

   0.200000000000000   0.379419332880576   0.489713458407723   0.478023298316897

agsout =

 Columns 1 through 3:

   6.412471217994505e-03   6.412471217994479e-03   6.412471217994676e-03
   4.219045765558863e-03   4.219045765558887e-03   4.219045765558867e-03
   2.615931881164197e-03   2.615931881164174e-03   2.615931881164172e-03
   2.797303507845328e-03   2.797303507845304e-03   2.797303507845353e-03

 Columns 4 and 5:

   6.412471217994509e-03   6.412471217994673e-03
   4.219045765558953e-03   4.219045765558953e-03
   2.615931881164152e-03   2.615931881164148e-03
   2.797303507845324e-03   2.797303507845381e-03

ans = 8.594406564425958e-22
ans = 1.317543619432119e-21
ans = 1.320542149152624e-21
ans = 1.321472727341746e-21
ans = 4.699936842949734e-21
nbcr = 5
lambda0 = 3.501084296647659
kmpl_prod = 0.180000000000000
 Time :      1.00000
 Time :      2.00000
 Time :      3.01000
 Time :      4.01000
 Time :      5.01000
 Time :      6.01000
 Time :      7.01000
 Time :      8.01000
 Time :      9.01000
 Time :     10.01000
 Time :     11.01000
 Time :     12.01000
 Time :     13.01000
 Time :     14.01000
 Time :     15.01000
 Time :     16.01000
 Time :     17.01000
 Time :     18.00000
 Time :     19.00000
 Time :     20.00000
 Time :     21.00000
 Time :     22.00000
 Time :     23.00000
 Time :     24.00000
 Time :     25.00000
 Time :     26.00000
 Time :     27.00000
 Time :     28.00000
 Time :     29.00000
 Time :     30.00000
 Time :     31.00000
 Time :     32.00000
 Time :     33.00000
 Time :     34.00000
 Time :     35.00000
dtime = 23.07999953627586
mbcr =

 Columns 1 through 4:

   0.200000000000000   0.379419332880576   0.489713458407723   0.478023298316897

 Column 5:

   0.546866167740546

agsout =

 Columns 1 through 3:

   6.412471217994505e-03   6.412471217994479e-03   6.412471217994676e-03
   4.219045765558863e-03   4.219045765558887e-03   4.219045765558867e-03
   2.615931881164197e-03   2.615931881164174e-03   2.615931881164172e-03
   2.797303507845328e-03   2.797303507845304e-03   2.797303507845353e-03
   1.534402149834734e-03   1.534402149834705e-03   1.534402149834781e-03

 Columns 4 and 5:

   6.412471217994509e-03   6.412471217994673e-03
   4.219045765558953e-03   4.219045765558953e-03
   2.615931881164152e-03   2.615931881164148e-03
   2.797303507845324e-03   2.797303507845381e-03
   1.534402149834796e-03   1.534402149834720e-03

ans = 3.421219013519322e-21
ans = 8.825836190181809e-21
ans = 8.827826593530765e-21
ans = 1.221918955681575e-20
ans = 8.826198081699801e-21
nbcr = 5
lambda0 = 3.501084296647659
kmpl_prod = 0.180000000000000
 Time :      1.00000
 Time :      2.00000
 Time :      3.01000
 Time :      4.01000
 Time :      5.01000
 Time :      6.01000
 Time :      7.01000
 Time :      8.01000
 Time :      9.01000
 Time :     10.01000
 Time :     11.01000
 Time :     12.01000
 Time :     13.01000
 Time :     14.01000
 Time :     15.01000
 Time :     16.01000
 Time :     17.01000
 Time :     18.00000
 Time :     19.00000
 Time :     20.00000
 Time :     21.00000
 Time :     22.00000
 Time :     23.00000
 Time :     24.00000
 Time :     25.00000
 Time :     26.00000
 Time :     27.00000
 Time :     28.00000
 Time :     29.00000
 Time :     30.00000
 Time :     31.00000
 Time :     32.00000
 Time :     33.00000
 Time :     34.00000
 Time :     35.00000
dtime = 22.91255928575993
mbcr =

 Columns 1 through 4:

   0.200000000000000   0.379419332880576   0.489713458407723   0.478023298316897

 Columns 5 and 6:

   0.546866167740546   0.538316377087664

agsout =

 Columns 1 through 3:

   6.412471217994505e-03   6.412471217994479e-03   6.412471217994676e-03
   4.219045765558863e-03   4.219045765558887e-03   4.219045765558867e-03
   2.615931881164197e-03   2.615931881164174e-03   2.615931881164172e-03
   2.797303507845328e-03   2.797303507845304e-03   2.797303507845353e-03
   1.534402149834734e-03   1.534402149834705e-03   1.534402149834781e-03
   1.654520207501659e-03   1.654520207501671e-03   1.654520207501647e-03

 Columns 4 and 5:

   6.412471217994509e-03   6.412471217994673e-03
   4.219045765558953e-03   4.219045765558953e-03
   2.615931881164152e-03   2.615931881164148e-03
   2.797303507845324e-03   2.797303507845381e-03
   1.534402149834796e-03   1.534402149834720e-03
   1.654520207501692e-03   1.654520207501696e-03

ans = 1.000971259250419e-20
ans = -6.198994908048959e-21
ans = 5.825419463904697e-22
ans = 5.839378136741530e-22
ans = 3.970260145101395e-21
dkps =

 Columns 1 through 3:

   7.781237641231510e-01   1.359241169615139e+01   4.150437046897892e-01

 Columns 4 through 6:

   7.117925579790530e+00   4.415138275755612e+00   4.636605480240791e+01

nbcr = 7
lambda0 = 3.501084296647659
kmpl_prod = 0.180000000000000
 Time :      1.00000
 Time :      2.00000
 Time :      3.01000
 Time :      4.01000
 Time :      5.01000
 Time :      6.01000
 Time :      7.01000
 Time :      8.01000
 Time :      9.01000
 Time :     10.01000
 Time :     11.01000
 Time :     12.01000
 Time :     13.01000
 Time :     14.01000
 Time :     15.01000
 Time :     16.01000
 Time :     17.01000
 Time :     18.00000
 Time :     19.00000
 Time :     20.00000
 Time :     21.00000
 Time :     22.00000
 Time :     23.00000
 Time :     24.00000
 Time :     25.00000
 Time :     26.00000
 Time :     27.00000
 Time :     28.00000
 Time :     29.00000
 Time :     30.00000
 Time :     31.00000
 Time :     32.00000
 Time :     33.00000
 Time :     34.00000
 Time :     35.00000
dtime = 32.64771066606045
mbcr = 0.142857142857143
agsout =

 Columns 1 through 3:

   5.620669024814049e-03   5.620669024814032e-03   5.620669024814062e-03

 Columns 4 through 6:

   5.620669024814092e-03   5.620669024814003e-03   5.620669024814083e-03

 Column 7:

   5.620669024814048e-03

ans = 5.757396783219282e-21
ans = 1.019251950787841e-20
ans = 6.802216369753254e-21
ans = 1.020110150673364e-20
ans = 1.020410003645415e-20
ans = 1.019830977216628e-20
ans = 3.424837928699242e-21
nbcr = 7
lambda0 = 3.501084296647659
kmpl_prod = 0.180000000000000
 Time :      1.00000
 Time :      2.00000
 Time :      3.01000
 Time :      4.01000
 Time :      5.01000
 Time :      6.01000
 Time :      7.01000
 Time :      8.01000
 Time :      9.01000
 Time :     10.01000
 Time :     11.01000
 Time :     12.01000
 Time :     13.01000
 Time :     14.01000
 Time :     15.01000
 Time :     16.01000
 Time :     17.01000
 Time :     18.00000
 Time :     19.00000
 Time :     20.00000
 Time :     21.00000
 Time :     22.00000
 Time :     23.00000
 Time :     24.00000
 Time :     25.00000
 Time :     26.00000
 Time :     27.00000
 Time :     28.00000
 Time :     29.00000
 Time :     30.00000
 Time :     31.00000
 Time :     32.00000
 Time :     33.00000
 Time :     34.00000
 Time :     35.00000
dtime = 34.14510749280453
mbcr =

   0.142857142857143   0.517979604209662

agsout =

 Columns 1 through 3:

   5.620669024814049e-03   5.620669024814032e-03   5.620669024814062e-03
   7.634512015353251e-04   7.634512015352671e-04   7.634512015352974e-04

 Columns 4 through 6:

   5.620669024814092e-03   5.620669024814003e-03   5.620669024814083e-03
   7.634512015353300e-04   7.634512015352568e-04   7.634512015352407e-04

 Column 7:

   5.620669024814048e-03
   7.634512015352611e-04

ans = 6.842438027038645e-21
ans = -7.259143185309304e-21
ans = -3.871450835992521e-21
ans = -3.871786878116371e-21
ans = -1.064726204962943e-20
ans = -3.871101869171600e-21
ans = -7.260034989407212e-21
nbcr = 7
lambda0 = 3.501084296647659
kmpl_prod = 0.180000000000000
 Time :      1.00000
 Time :      2.00000
 Time :      3.01000
 Time :      4.01000
 Time :      5.01000
 Time :      6.01000
 Time :      7.01000
 Time :      8.01000
 Time :      9.01000
 Time :     10.01000
 Time :     11.01000
 Time :     12.01000
 Time :     13.01000
 Time :     14.01000
 Time :     15.01000
 Time :     16.01000
 Time :     17.01000
 Time :     18.00000
 Time :     19.00000
 Time :     20.00000
 Time :     21.00000
 Time :     22.00000
 Time :     23.00000
 Time :     24.00000
 Time :     25.00000
 Time :     26.00000
 Time :     27.00000
 Time :     28.00000
 Time :     29.00000
 Time :     30.00000
 Time :     31.00000
 Time :     32.00000
 Time :     33.00000
 Time :     34.00000
 Time :     35.00000
dtime = 32.42059461772442
mbcr =

   0.142857142857143   0.517979604209662   0.505625447625153

agsout =

 Columns 1 through 3:

   5.620669024814049e-03   5.620669024814032e-03   5.620669024814062e-03
   7.634512015353251e-04   7.634512015352671e-04   7.634512015352974e-04
   1.287011256824381e-03   1.287011256824378e-03   1.287011256824440e-03

 Columns 4 through 6:

   5.620669024814092e-03   5.620669024814003e-03   5.620669024814083e-03
   7.634512015353300e-04   7.634512015352568e-04   7.634512015352407e-04
   1.287011256824416e-03   1.287011256824382e-03   1.287011256824426e-03

 Column 7:

   5.620669024814048e-03
   7.634512015352611e-04
   1.287011256824426e-03

ans = 6.048344638987738e-21
ans = 1.783765877121734e-20
ans = 1.783734857848763e-20
ans = 1.105638041071933e-20
ans = 1.105842251285657e-20
ans = 1.105596682041306e-20
ans = 1.105609606738377e-20
nbcr = 7
lambda0 = 3.501084296647659
kmpl_prod = 0.180000000000000
 Time :      1.00000
 Time :      2.00000
 Time :      3.01000
 Time :      4.01000
 Time :      5.01000
 Time :      6.01000
 Time :      7.01000
 Time :      8.01000
 Time :      9.01000
 Time :     10.01000
 Time :     11.01000
 Time :     12.01000
 Time :     13.01000
 Time :     14.01000
 Time :     15.01000
 Time :     16.01000
 Time :     17.01000
 Time :     18.00000
 Time :     19.00000
 Time :     20.00000
 Time :     21.00000
 Time :     22.00000
 Time :     23.00000
 Time :     24.00000
 Time :     25.00000
 Time :     26.00000
 Time :     27.00000
 Time :     28.00000
 Time :     29.00000
 Time :     30.00000
 Time :     31.00000
 Time :     32.00000
 Time :     33.00000
 Time :     34.00000
 Time :     35.00000
dtime = 34.45561677217484
mbcr =

   0.142857142857143   0.517979604209662   0.505625447625153   0.568793200348848

agsout =

 Columns 1 through 3:

   5.620669024814049e-03   5.620669024814032e-03   5.620669024814062e-03
   7.634512015353251e-04   7.634512015352671e-04   7.634512015352974e-04
   1.287011256824381e-03   1.287011256824378e-03   1.287011256824440e-03
   2.589848040742390e-04   2.589848040742505e-04   2.589848040742235e-04

 Columns 4 through 6:

   5.620669024814092e-03   5.620669024814003e-03   5.620669024814083e-03
   7.634512015353300e-04   7.634512015352568e-04   7.634512015352407e-04
   1.287011256824416e-03   1.287011256824382e-03   1.287011256824426e-03
   2.589848040741993e-04   2.589848040742140e-04   2.589848040742501e-04

 Column 7:

   5.620669024814048e-03
   7.634512015352611e-04
   1.287011256824426e-03
   2.589848040742441e-04

ans = 9.952637130238029e-21
ans = 1.078255777857014e-21
ans = 7.854480581800203e-21
ans = 4.466431187726830e-21
ans = 1.078231544050005e-21
ans = 4.466364948654341e-21
ans = 7.854424036250517e-21
nbcr = 7
lambda0 = 3.501084296647659
kmpl_prod = 0.180000000000000
 Time :      1.00000
 Time :      2.00000
 Time :      3.01000
 Time :      4.01000
 Time :      5.01000
 Time :      6.01000
 Time :      7.01000
 Time :      8.01000
 Time :      9.01000
 Time :     10.01000
 Time :     11.01000
 Time :     12.01000
 Time :     13.01000
 Time :     14.01000
 Time :     15.01000
 Time :     16.01000
 Time :     17.01000
 Time :     18.00000
 Time :     19.00000
 Time :     20.00000
 Time :     21.00000
 Time :     22.00000
 Time :     23.00000
 Time :     24.00000
 Time :     25.00000
 Time :     26.00000
 Time :     27.00000
 Time :     28.00000
 Time :     29.00000
 Time :     30.00000
 Time :     31.00000
 Time :     32.00000
 Time :     33.00000
 Time :     34.00000
 Time :     35.00000
dtime = 34.50600877404213
mbcr =

 Columns 1 through 4:

   0.142857142857143   0.517979604209662   0.505625447625153   0.568793200348848

 Column 5:

   0.543912347938280

agsout =

 Columns 1 through 3:

   5.620669024814049e-03   5.620669024814032e-03   5.620669024814062e-03
   7.634512015353251e-04   7.634512015352671e-04   7.634512015352974e-04
   1.287011256824381e-03   1.287011256824378e-03   1.287011256824440e-03
   2.589848040742390e-04   2.589848040742505e-04   2.589848040742235e-04
   5.917947481281942e-04   5.917947481282328e-04   5.917947481282615e-04

 Columns 4 through 6:

   5.620669024814092e-03   5.620669024814003e-03   5.620669024814083e-03
   7.634512015353300e-04   7.634512015352568e-04   7.634512015352407e-04
   1.287011256824416e-03   1.287011256824382e-03   1.287011256824426e-03
   2.589848040741993e-04   2.589848040742140e-04   2.589848040742501e-04
   5.917947481282531e-04   5.917947481282282e-04   5.917947481281931e-04

 Column 7:

   5.620669024814048e-03
   7.634512015352611e-04
   1.287011256824426e-03
   2.589848040742441e-04
   5.917947481281931e-04

ans = 1.058791184067875e-22
ans = 7.348898744119843e-21
ans = 5.737143782908804e-22
ans = 7.349512667230722e-21
ans = 3.960288741311009e-21
ans = 5.719113830494562e-22
ans = 5.719113830494562e-22
nbcr = 7
lambda0 = 3.501084296647659
kmpl_prod = 0.180000000000000
 Time :      1.00000
 Time :      2.00000
 Time :      3.01000
 Time :      4.01000
 Time :      5.01000
 Time :      6.01000
 Time :      7.01000
 Time :      8.01000
 Time :      9.01000
 Time :     10.01000
 Time :     11.01000
 Time :     12.01000
 Time :     13.01000
 Time :     14.01000
 Time :     15.01000
 Time :     16.01000
 Time :     17.01000
 Time :     18.00000
 Time :     19.00000
 Time :     20.00000
 Time :     21.00000
 Time :     22.00000
 Time :     23.00000
 Time :     24.00000
 Time :     25.00000
 Time :     26.00000
 Time :     27.00000
 Time :     28.00000
 Time :     29.00000
 Time :     30.00000
 Time :     31.00000
 Time :     32.00000
 Time :     33.00000
 Time :     34.00000
 Time :     35.00000
dtime = 33.11491794884205
mbcr =

 Columns 1 through 4:

   0.142857142857143   0.517979604209662   0.505625447625153   0.568793200348848

 Columns 5 and 6:

   0.543912347938280   0.535320659567713

agsout =

 Columns 1 through 3:

   5.620669024814049e-03   5.620669024814032e-03   5.620669024814062e-03
   7.634512015353251e-04   7.634512015352671e-04   7.634512015352974e-04
   1.287011256824381e-03   1.287011256824378e-03   1.287011256824440e-03
   2.589848040742390e-04   2.589848040742505e-04   2.589848040742235e-04
   5.917947481281942e-04   5.917947481282328e-04   5.917947481282615e-04
   8.306670152653735e-04   8.306670152653225e-04   8.306670152653115e-04

 Columns 4 through 6:

   5.620669024814092e-03   5.620669024814003e-03   5.620669024814083e-03
   7.634512015353300e-04   7.634512015352568e-04   7.634512015352407e-04
   1.287011256824416e-03   1.287011256824382e-03   1.287011256824426e-03
   2.589848040741993e-04   2.589848040742140e-04   2.589848040742501e-04
   5.917947481282531e-04   5.917947481282282e-04   5.917947481281931e-04
   8.306670152653766e-04   8.306670152653536e-04   8.306670152653372e-04

 Column 7:

   5.620669024814048e-03
   7.634512015352611e-04
   1.287011256824426e-03
   2.589848040742441e-04
   5.917947481281931e-04
   8.306670152653233e-04

ans = 4.499862532288471e-21
ans = 2.205198889581016e-21
ans = 2.205328136551727e-21
ans = -1.182312513976771e-21
ans = -1.183708381260454e-21
ans = 2.204126139724111e-21
ans = 2.205198889581016e-21
dkps =

 Columns 1 through 3:

   2.276220325483301e+01   2.095423596241535e+02   6.131353957325246e+00

 Columns 4 through 6:

   2.081942034163327e+01   3.700226496352914e+01   1.531633091726162e+00

nbcr = 10
lambda0 = 3.501084296647659
kmpl_prod = 0.180000000000000
 Time :      1.00000
 Time :      2.00000
 Time :      3.01000
 Time :      4.01000
 Time :      5.01000
 Time :      6.01000
 Time :      7.01000
 Time :      8.01000
 Time :      9.01000
 Time :     10.01000
 Time :     11.01000
 Time :     12.01000
 Time :     13.01000
 Time :     14.01000
 Time :     15.01000
 Time :     16.01000
 Time :     17.01000
 Time :     18.00000
 Time :     19.00000
 Time :     20.00000
 Time :     21.00000
 Time :     22.00000
 Time :     23.00000
 Time :     24.00000
 Time :     25.00000
 Time :     26.00000
 Time :     27.00000
 Time :     28.00000
 Time :     29.00000
 Time :     30.00000
 Time :     31.00000
 Time :     32.00000
 Time :     33.00000
 Time :     34.00000
 Time :     35.00000
dtime = 46.65413238108158
mbcr = 0.100000000000000
agsout =

 Columns 1 through 3:

   5.029430349229995e-03   5.029430349229977e-03   5.029430349229972e-03

 Columns 4 through 6:

   5.029430349229999e-03   5.029430349230004e-03   5.029430349229964e-03

 Columns 7 through 9:

   5.029430349230032e-03   5.029430349229953e-03   5.029430349229961e-03

 Column 10:

   5.029430349230035e-03

ans = 6.304098544631478e-21
ans = 1.573607717805566e-21
ans = -1.814524071211635e-21
ans = 1.566783477752004e-21
ans = -1.815868239707034e-21
ans = 1.600697882866678e-21
ans = -1.801185783834218e-21
ans = 1.588807161561228e-21
ans = 1.566576682598865e-21
ans = 1.574124705688412e-21
nbcr = 10
lambda0 = 3.501084296647659
kmpl_prod = 0.180000000000000
 Time :      1.00000
 Time :      2.00000
 Time :      3.01000
 Time :      4.01000
 Time :      5.01000
 Time :      6.01000
 Time :      7.01000
 Time :      8.01000
 Time :      9.01000
 Time :     10.01000
 Time :     11.01000
 Time :     12.01000
 Time :     13.01000
 Time :     14.01000
 Time :     15.01000
 Time :     16.01000
 Time :     17.01000
 Time :     18.00000
 Time :     19.00000
 Time :     20.00000
 Time :     21.00000
 Time :     22.00000
 Time :     23.00000
 Time :     24.00000
 Time :     25.00000
 Time :     26.00000
 Time :     27.00000
 Time :     28.00000
 Time :     29.00000
 Time :     30.00000
 Time :     31.00000
 Time :     32.00000
 Time :     33.00000
 Time :     34.00000
 Time :     35.00000
dtime = 46.90906964242458
mbcr =

   0.100000000000000   0.327214512256966

agsout =

 Columns 1 through 3:

   5.029430349229995e-03   5.029430349229977e-03   5.029430349229972e-03
   3.099466161891437e-03   3.099466161891444e-03   3.099466161891449e-03

 Columns 4 through 6:

   5.029430349229999e-03   5.029430349230004e-03   5.029430349229964e-03
   3.099466161891422e-03   3.099466161891470e-03   3.099466161891404e-03

 Columns 7 through 9:

   5.029430349230032e-03   5.029430349229953e-03   5.029430349229961e-03
   3.099466161891404e-03   3.099466161891425e-03   3.099466161891425e-03

 Column 10:

   5.029430349230035e-03
   3.099466161891505e-03

ans = -3.418737471681663e-21
ans = 6.375908161558737e-21
ans = 2.993153046523131e-21
ans = 3.003182611450336e-21
ans = 9.782651514358382e-21
ans = 9.779652984637877e-21
ans = 9.770243805170086e-21
ans = 6.391314400467537e-21
ans = 3.002872418720629e-21
ans = 9.781410743439552e-21
nbcr = 10
lambda0 = 3.501084296647659
kmpl_prod = 0.180000000000000
 Time :      1.00000
 Time :      2.00000
 Time :      3.01000
 Time :      4.01000
 Time :      5.01000
 Time :      6.01000
 Time :      7.01000
 Time :      8.01000
 Time :      9.01000
 Time :     10.01000
 Time :     11.01000
 Time :     12.01000
 Time :     13.01000
 Time :     14.01000
 Time :     15.01000
 Time :     16.01000
 Time :     17.01000
 Time :     18.00000
 Time :     19.00000
 Time :     20.00000
 Time :     21.00000
 Time :     22.00000
 Time :     23.00000
 Time :     24.00000
 Time :     25.00000
 Time :     26.00000
 Time :     27.00000
 Time :     28.00000
 Time :     29.00000
 Time :     30.00000
 Time :     31.00000
 Time :     32.00000
 Time :     33.00000
 Time :     34.00000
 Time :     35.00000
dtime = 46.85668610036373
mbcr =

   0.100000000000000   0.327214512256966   0.195835574400391

agsout =

 Columns 1 through 3:

   5.029430349229995e-03   5.029430349229977e-03   5.029430349229972e-03
   3.099466161891437e-03   3.099466161891444e-03   3.099466161891449e-03
   4.345803651720039e-03   4.345803651720052e-03   4.345803651720045e-03

 Columns 4 through 6:

   5.029430349229999e-03   5.029430349230004e-03   5.029430349229964e-03
   3.099466161891422e-03   3.099466161891470e-03   3.099466161891404e-03
   4.345803651720058e-03   4.345803651720072e-03   4.345803651720053e-03

 Columns 7 through 9:

   5.029430349230032e-03   5.029430349229953e-03   5.029430349229961e-03
   3.099466161891404e-03   3.099466161891425e-03   3.099466161891425e-03
   4.345803651720118e-03   4.345803651720118e-03   4.345803651720099e-03

 Column 10:

   5.029430349230035e-03
   3.099466161891505e-03
   4.345803651720098e-03

ans = 2.576357415372974e-21
ans = 4.611014927100284e-21
ans = 1.226812245992709e-21
ans = -2.161836530907338e-21
ans = 4.630350273918711e-21
ans = 1.224537499308188e-21
ans = 1.233946678775979e-21
ans = -2.147671062917367e-21
ans = 4.631694442414109e-21
ans = 4.632004635143817e-21
nbcr = 10
lambda0 = 3.501084296647659
kmpl_prod = 0.180000000000000
 Time :      1.00000
 Time :      2.00000
 Time :      3.01000
 Time :      4.01000
 Time :      5.01000
 Time :      6.01000
 Time :      7.01000
 Time :      8.01000
 Time :      9.01000
 Time :     10.01000
 Time :     11.01000
 Time :     12.01000
 Time :     13.01000
 Time :     14.01000
 Time :     15.01000
 Time :     16.01000
 Time :     17.01000
 Time :     18.00000
 Time :     19.00000
 Time :     20.00000
 Time :     21.00000
 Time :     22.00000
 Time :     23.00000
 Time :     24.00000
 Time :     25.00000
 Time :     26.00000
 Time :     27.00000
 Time :     28.00000
 Time :     29.00000
 Time :     30.00000
 Time :     31.00000
 Time :     32.00000
 Time :     33.00000
 Time :     34.00000
 Time :     35.00000
dtime = 46.99682816863060
mbcr =

   0.100000000000000   0.327214512256966   0.195835574400391   0.434224587860158

agsout =

 Columns 1 through 3:

   5.029430349229995e-03   5.029430349229977e-03   5.029430349229972e-03
   3.099466161891437e-03   3.099466161891444e-03   3.099466161891449e-03
   4.345803651720039e-03   4.345803651720052e-03   4.345803651720045e-03
   1.763867163069771e-03   1.763867163069863e-03   1.763867163069787e-03

 Columns 4 through 6:

   5.029430349229999e-03   5.029430349230004e-03   5.029430349229964e-03
   3.099466161891422e-03   3.099466161891470e-03   3.099466161891404e-03
   4.345803651720058e-03   4.345803651720072e-03   4.345803651720053e-03
   1.763867163069840e-03   1.763867163069795e-03   1.763867163069834e-03

 Columns 7 through 9:

   5.029430349230032e-03   5.029430349229953e-03   5.029430349229961e-03
   3.099466161891404e-03   3.099466161891425e-03   3.099466161891425e-03
   4.345803651720118e-03   4.345803651720118e-03   4.345803651720099e-03
   1.763867163069813e-03   1.763867163069800e-03   1.763867163069819e-03

 Column 10:

   5.029430349230035e-03
   3.099466161891505e-03
   4.345803651720098e-03
   1.763867163069792e-03

ans = 1.703992061859237e-21
ans = 7.725349933362433e-22
ans = -2.615183205374682e-21
ans = 7.781701612592608e-22
ans = -2.616475675081796e-21
ans = -6.000006271941671e-21
ans = -2.613942434455852e-21
ans = -2.615648494469243e-21
ans = -2.616682470234934e-21
ans = -2.617664747212341e-21
nbcr = 10
lambda0 = 3.501084296647659
kmpl_prod = 0.180000000000000
 Time :      1.00000
 Time :      2.00000
 Time :      3.01000
 Time :      4.01000
 Time :      5.01000
 Time :      6.01000
 Time :      7.01000
 Time :      8.01000
 Time :      9.01000
 Time :     10.01000
 Time :     11.01000
 Time :     12.01000
 Time :     13.01000
 Time :     14.01000
 Time :     15.01000
 Time :     16.01000
 Time :     17.01000
 Time :     18.00000
 Time :     19.00000
 Time :     20.00000
 Time :     21.00000
 Time :     22.00000
 Time :     23.00000
 Time :     24.00000
 Time :     25.00000
 Time :     26.00000
 Time :     27.00000
 Time :     28.00000
 Time :     29.00000
 Time :     30.00000
 Time :     31.00000
 Time :     32.00000
 Time :     33.00000
 Time :     34.00000
 Time :     35.00000
dtime = 46.78216427564621
mbcr =

 Columns 1 through 4:

   0.100000000000000   0.327214512256966   0.195835574400391   0.434224587860158

 Column 5:

   0.409721398530516

agsout =

 Columns 1 through 3:

   5.029430349229995e-03   5.029430349229977e-03   5.029430349229972e-03
   3.099466161891437e-03   3.099466161891444e-03   3.099466161891449e-03
   4.345803651720039e-03   4.345803651720052e-03   4.345803651720045e-03
   1.763867163069771e-03   1.763867163069863e-03   1.763867163069787e-03
   2.135451766579400e-03   2.135451766579451e-03   2.135451766579497e-03

 Columns 4 through 6:

   5.029430349229999e-03   5.029430349230004e-03   5.029430349229964e-03
   3.099466161891422e-03   3.099466161891470e-03   3.099466161891404e-03
   4.345803651720058e-03   4.345803651720072e-03   4.345803651720053e-03
   1.763867163069840e-03   1.763867163069795e-03   1.763867163069834e-03
   2.135451766579491e-03   2.135451766579481e-03   2.135451766579439e-03

 Columns 7 through 9:

   5.029430349230032e-03   5.029430349229953e-03   5.029430349229961e-03
   3.099466161891404e-03   3.099466161891425e-03   3.099466161891425e-03
   4.345803651720118e-03   4.345803651720118e-03   4.345803651720099e-03
   1.763867163069813e-03   1.763867163069800e-03   1.763867163069819e-03
   2.135451766579481e-03   2.135451766579440e-03   2.135451766579461e-03

 Column 10:

   5.029430349230035e-03
   3.099466161891505e-03
   4.345803651720098e-03
   1.763867163069792e-03
   2.135451766579457e-03

ans = -5.923440366492231e-21
ans = -1.919369213852732e-21
ans = 1.470210141236438e-21
ans = -1.916060491402519e-21
ans = -1.923505116915497e-21
ans = 1.471450912155267e-21
ans = -1.915440105943105e-21
ans = -1.916784274438503e-21
ans = 1.467521804245640e-21
ans = 1.471761104884974e-21
nbcr = 10
lambda0 = 3.501084296647659
kmpl_prod = 0.180000000000000
 Time :      1.00000
 Time :      2.00000
 Time :      3.01000
 Time :      4.01000
 Time :      5.01000
 Time :      6.01000
 Time :      7.01000
 Time :      8.01000
 Time :      9.01000
 Time :     10.01000
 Time :     11.01000
 Time :     12.01000
 Time :     13.01000
 Time :     14.01000
 Time :     15.01000
 Time :     16.01000
 Time :     17.01000
 Time :     18.00000
 Time :     19.00000
 Time :     20.00000
 Time :     21.00000
 Time :     22.00000
 Time :     23.00000
 Time :     24.00000
 Time :     25.00000
 Time :     26.00000
 Time :     27.00000
 Time :     28.00000
 Time :     29.00000
 Time :     30.00000
 Time :     31.00000
 Time :     32.00000
 Time :     33.00000
 Time :     34.00000
 Time :     35.00000
dtime = 46.04951888322830
mbcr =

 Columns 1 through 4:

   0.100000000000000   0.327214512256966   0.195835574400391   0.434224587860158

 Columns 5 and 6:

   0.409721398530516   0.364519060687742

agsout =

 Columns 1 through 3:

   5.029430349229995e-03   5.029430349229977e-03   5.029430349229972e-03
   3.099466161891437e-03   3.099466161891444e-03   3.099466161891449e-03
   4.345803651720039e-03   4.345803651720052e-03   4.345803651720045e-03
   1.763867163069771e-03   1.763867163069863e-03   1.763867163069787e-03
   2.135451766579400e-03   2.135451766579451e-03   2.135451766579497e-03
   2.744224433654822e-03   2.744224433654846e-03   2.744224433654923e-03

 Columns 4 through 6:

   5.029430349229999e-03   5.029430349230004e-03   5.029430349229964e-03
   3.099466161891422e-03   3.099466161891470e-03   3.099466161891404e-03
   4.345803651720058e-03   4.345803651720072e-03   4.345803651720053e-03
   1.763867163069840e-03   1.763867163069795e-03   1.763867163069834e-03
   2.135451766579491e-03   2.135451766579481e-03   2.135451766579439e-03
   2.744224433654830e-03   2.744224433654924e-03   2.744224433654910e-03

 Columns 7 through 9:

   5.029430349230032e-03   5.029430349229953e-03   5.029430349229961e-03
   3.099466161891404e-03   3.099466161891425e-03   3.099466161891425e-03
   4.345803651720118e-03   4.345803651720118e-03   4.345803651720099e-03
   1.763867163069813e-03   1.763867163069800e-03   1.763867163069819e-03
   2.135451766579481e-03   2.135451766579440e-03   2.135451766579461e-03
   2.744224433654899e-03   2.744224433654816e-03   2.744224433654891e-03

 Column 10:

   5.029430349230035e-03
   3.099466161891505e-03
   4.345803651720098e-03
   1.763867163069792e-03
   2.135451766579457e-03
   2.744224433654901e-03

ans = 8.908735197196108e-22
ans = 6.455110705210690e-22
ans = -2.716357734047574e-21
ans = -2.725766913515364e-21
ans = 4.060112639139967e-21
ans = 6.720842476993350e-22
ans = -2.715840746164728e-21
ans = 4.053288399086405e-21
ans = -2.705294193354677e-21
ans = -2.711498047948825e-21
dkps =

 Columns 1 through 3:

   1.118131632923310e+01   5.803008944675347e+01   9.033333122848093e-01

 Columns 4 through 6:

   2.051694821973134e+01   9.059618266925048e-01   7.633218124621787e+00

nbcr = 15
lambda0 = 3.501084296647659
kmpl_prod = 0.180000000000000
 Time :      1.00000
 Time :      2.00000
 Time :      3.01000
 Time :      4.01000
 Time :      5.01000
 Time :      6.01000
 Time :      7.01000
 Time :      8.01000
 Time :      9.01000
 Time :     10.01000
 Time :     11.01000
 Time :     12.01000
 Time :     13.01000
 Time :     14.01000
 Time :     15.01000
 Time :     16.01000
 Time :     17.01000
 Time :     18.00000
 Time :     19.00000
 Time :     20.00000
 Time :     21.00000
 Time :     22.00000
 Time :     23.00000
 Time :     24.00000
 Time :     25.00000
 Time :     26.00000
 Time :     27.00000
 Time :     28.00000
 Time :     29.00000
 Time :     30.00000
 Time :     31.00000
 Time :     32.00000
 Time :     33.00000
 Time :     34.00000
 Time :     35.00000
dtime = 72.24982939660549
mbcr = 6.666666666666668e-02
agsout =

 Columns 1 through 3:

   4.569552949878814e-03   4.569552949878831e-03   4.569552949878833e-03

 Columns 4 through 6:

   4.569552949878796e-03   4.569552949878840e-03   4.569552949878881e-03

 Columns 7 through 9:

   4.569552949878880e-03   4.569552949878877e-03   4.569552949878877e-03

 Columns 10 through 12:

   4.569552949878822e-03   4.569552949878877e-03   4.569552949878876e-03

 Columns 13 through 15:

   4.569552949878876e-03   4.569552949878882e-03   4.569552949878877e-03

ans = 5.259472828553573e-21
ans = 7.093694138101627e-21
ans = 3.702046831481075e-21
ans = 3.699358494490278e-21
ans = 7.090799005957691e-21
ans = 7.076530140391152e-21
ans = 3.023345138881316e-22
ans = 3.693361435049269e-21
ans = 3.688398351373950e-21
ans = 3.698738109030863e-21
ans = 7.081493224066470e-21
ans = 3.693361435049269e-21
ans = 3.688398351373950e-21
ans = 7.078184501616258e-21
ans = 7.081493224066470e-21
nbcr = 15
lambda0 = 3.501084296647659
kmpl_prod = 0.180000000000000
 Time :      1.00000
 Time :      2.00000
 Time :      3.01000
 Time :      4.01000
 Time :      5.01000
 Time :      6.01000
 Time :      7.01000
 Time :      8.01000
 Time :      9.01000
 Time :     10.01000
 Time :     11.01000
 Time :     12.01000
 Time :     13.01000
 Time :     14.01000
 Time :     15.01000
 Time :     16.01000
 Time :     17.01000
 Time :     18.00000
 Time :     19.00000
 Time :     20.00000
 Time :     21.00000
 Time :     22.00000
 Time :     23.00000
 Time :     24.00000
 Time :     25.00000
 Time :     26.00000
 Time :     27.00000
 Time :     28.00000
 Time :     29.00000
 Time :     30.00000
 Time :     31.00000
 Time :     32.00000
 Time :     33.00000
 Time :     34.00000
 Time :     35.00000
dtime = 72.32875674962997
mbcr =

   6.666666666666668e-02   3.398415709295517e-01

agsout =

 Columns 1 through 3:

   4.569552949878814e-03   4.569552949878831e-03   4.569552949878833e-03
   2.285876467731859e-03   2.285876467731884e-03   2.285876467731862e-03

 Columns 4 through 6:

   4.569552949878796e-03   4.569552949878840e-03   4.569552949878881e-03
   2.285876467731786e-03   2.285876467731823e-03   2.285876467731855e-03

 Columns 7 through 9:

   4.569552949878880e-03   4.569552949878877e-03   4.569552949878877e-03
   2.285876467731821e-03   2.285876467731793e-03   2.285876467731859e-03

 Columns 10 through 12:

   4.569552949878822e-03   4.569552949878877e-03   4.569552949878876e-03
   2.285876467731855e-03   2.285876467731824e-03   2.285876467731871e-03

 Columns 13 through 15:

   4.569552949878876e-03   4.569552949878882e-03   4.569552949878877e-03
   2.285876467731790e-03   2.285876467731787e-03   2.285876467731849e-03

ans = 6.840783665813539e-21
ans = 4.812330008680377e-21
ans = 1.159552122434491e-20
ans = 1.417373979609613e-21
ans = 1.427610339689957e-21
ans = 1.159428045342608e-20
ans = -1.956385546264480e-21
ans = 1.158631884003026e-20
ans = 8.203977315300928e-21
ans = 8.193740955220585e-21
ans = -1.950388486823470e-21
ans = 8.209147194129385e-21
ans = 1.413444871699986e-21
ans = 1.414685642618816e-21
ans = 1.157918440724699e-20
nbcr = 15
lambda0 = 3.501084296647659
kmpl_prod = 0.180000000000000
 Time :      1.00000
 Time :      2.00000
 Time :      3.01000
 Time :      4.01000
 Time :      5.01000
 Time :      6.01000
 Time :      7.01000
 Time :      8.01000
 Time :      9.01000
 Time :     10.01000
 Time :     11.01000
 Time :     12.01000
 Time :     13.01000
 Time :     14.01000
 Time :     15.01000
 Time :     16.01000
 Time :     17.01000
 Time :     18.00000
 Time :     19.00000
 Time :     20.00000
 Time :     21.00000
 Time :     22.00000
 Time :     23.00000
 Time :     24.00000
 Time :     25.00000
 Time :     26.00000
 Time :     27.00000
 Time :     28.00000
 Time :     29.00000
 Time :     30.00000
 Time :     31.00000
 Time :     32.00000
 Time :     33.00000
 Time :     34.00000
 Time :     35.00000
dtime = 71.16098999977112
mbcr =

   6.666666666666668e-02   3.398415709295517e-01   3.007667092515149e-01

agsout =

 Columns 1 through 3:

   4.569552949878814e-03   4.569552949878831e-03   4.569552949878833e-03
   2.285876467731859e-03   2.285876467731884e-03   2.285876467731862e-03
   2.915596111251631e-03   2.915596111251640e-03   2.915596111251644e-03

 Columns 4 through 6:

   4.569552949878796e-03   4.569552949878840e-03   4.569552949878881e-03
   2.285876467731786e-03   2.285876467731823e-03   2.285876467731855e-03
   2.915596111251579e-03   2.915596111251667e-03   2.915596111251664e-03

 Columns 7 through 9:

   4.569552949878880e-03   4.569552949878877e-03   4.569552949878877e-03
   2.285876467731821e-03   2.285876467731793e-03   2.285876467731859e-03
   2.915596111251615e-03   2.915596111251661e-03   2.915596111251681e-03

 Columns 10 through 12:

   4.569552949878822e-03   4.569552949878877e-03   4.569552949878876e-03
   2.285876467731855e-03   2.285876467731824e-03   2.285876467731871e-03
   2.915596111251622e-03   2.915596111251603e-03   2.915596111251614e-03

 Columns 13 through 15:

   4.569552949878876e-03   4.569552949878882e-03   4.569552949878877e-03
   2.285876467731790e-03   2.285876467731787e-03   2.285876467731849e-03
   2.915596111251666e-03   2.915596111251606e-03   2.915596111251606e-03

ans = -8.459989714886091e-22
ans = -2.054303051275444e-21
ans = -5.455669730093494e-21
ans = -2.062988447707251e-21
ans = 1.331760786210375e-21
ans = -5.438919322689295e-21
ans = -5.449672670652485e-21
ans = -2.050787533672094e-21
ans = -5.453394983408973e-21
ans = 1.333621942588619e-21
ans = -5.449672670652485e-21
ans = 4.712861540020875e-21
ans = -2.057818568878795e-21
ans = -2.061747676788421e-21
ans = -2.061747676788421e-21
nbcr = 15
lambda0 = 3.501084296647659
kmpl_prod = 0.180000000000000
 Time :      1.00000
 Time :      2.00000
 Time :      3.01000
 Time :      4.01000
 Time :      5.01000
 Time :      6.01000
 Time :      7.01000
 Time :      8.01000
 Time :      9.01000
 Time :     10.01000
 Time :     11.01000
 Time :     12.01000
 Time :     13.01000
 Time :     14.01000
 Time :     15.01000
 Time :     16.01000
 Time :     17.01000
 Time :     18.00000
 Time :     19.00000
 Time :     20.00000
 Time :     21.00000
 Time :     22.00000
 Time :     23.00000
 Time :     24.00000
 Time :     25.00000
 Time :     26.00000
 Time :     27.00000
 Time :     28.00000
 Time :     29.00000
 Time :     30.00000
 Time :     31.00000
 Time :     32.00000
 Time :     33.00000
 Time :     34.00000
 Time :     35.00000
dtime = 78.48027236759663
mbcr =

 Columns 1 through 3:

   6.666666666666668e-02   3.398415709295517e-01   3.007667092515149e-01

 Column 4:

   4.757771727108542e-01

agsout =

 Columns 1 through 3:

   4.569552949878814e-03   4.569552949878831e-03   4.569552949878833e-03
   2.285876467731859e-03   2.285876467731884e-03   2.285876467731862e-03
   2.915596111251631e-03   2.915596111251640e-03   2.915596111251644e-03
   5.851458453543398e-04   5.851458453544077e-04   5.851458453544234e-04

 Columns 4 through 6:

   4.569552949878796e-03   4.569552949878840e-03   4.569552949878881e-03
   2.285876467731786e-03   2.285876467731823e-03   2.285876467731855e-03
   2.915596111251579e-03   2.915596111251667e-03   2.915596111251664e-03
   5.851458453544257e-04   5.851458453544335e-04   5.851458453544274e-04

 Columns 7 through 9:

   4.569552949878880e-03   4.569552949878877e-03   4.569552949878877e-03
   2.285876467731821e-03   2.285876467731793e-03   2.285876467731859e-03
   2.915596111251615e-03   2.915596111251661e-03   2.915596111251681e-03
   5.851458453543652e-04   5.851458453543707e-04   5.851458453544124e-04

 Columns 10 through 12:

   4.569552949878822e-03   4.569552949878877e-03   4.569552949878876e-03
   2.285876467731855e-03   2.285876467731824e-03   2.285876467731871e-03
   2.915596111251622e-03   2.915596111251603e-03   2.915596111251614e-03
   5.851458453543567e-04   5.851458453543651e-04   5.851458453543565e-04

 Columns 13 through 15:

   4.569552949878876e-03   4.569552949878882e-03   4.569552949878877e-03
   2.285876467731790e-03   2.285876467731787e-03   2.285876467731849e-03
   2.915596111251666e-03   2.915596111251606e-03   2.915596111251606e-03
   5.851458453543514e-04   5.851458453543589e-04   5.851458453543323e-04

ans = -5.293955920339377e-22
ans = -2.593495563689307e-21
ans = -2.593896229298512e-21
ans = 4.183194529348444e-21
ans = 7.942743338099025e-22
ans = -2.593689434145374e-21
ans = 4.181191201302417e-21
ans = 7.930594122852153e-22
ans = 4.182651692071456e-21
ans = 7.933179062266381e-22
ans = 4.181514318729195e-21
ans = 7.932920568324958e-22
ans = 4.181488469335053e-21
ans = 7.933179062266381e-22
ans = 7.949464180576019e-22
nbcr = 15
lambda0 = 3.501084296647659
kmpl_prod = 0.180000000000000
 Time :      1.00000
 Time :      2.00000
 Time :      3.01000
 Time :      4.01000
 Time :      5.01000
 Time :      6.01000
 Time :      7.01000
 Time :      8.01000
 Time :      9.01000
 Time :     10.01000
 Time :     11.01000
 Time :     12.01000
 Time :     13.01000
 Time :     14.01000
 Time :     15.01000
 Time :     16.01000
 Time :     17.01000
 Time :     18.00000
 Time :     19.00000
 Time :     20.00000
 Time :     21.00000
 Time :     22.00000
 Time :     23.00000
 Time :     24.00000
 Time :     25.00000
 Time :     26.00000
 Time :     27.00000
 Time :     28.00000
 Time :     29.00000
 Time :     30.00000
 Time :     31.00000
 Time :     32.00000
 Time :     33.00000
 Time :     34.00000
 Time :     35.00000
dtime = 74.29133914411068
mbcr =

 Columns 1 through 3:

   6.666666666666668e-02   3.398415709295517e-01   3.007667092515149e-01

 Columns 4 and 5:

   4.757771727108542e-01   4.124757302596441e-01

agsout =

 Columns 1 through 3:

   4.569552949878814e-03   4.569552949878831e-03   4.569552949878833e-03
   2.285876467731859e-03   2.285876467731884e-03   2.285876467731862e-03
   2.915596111251631e-03   2.915596111251640e-03   2.915596111251644e-03
   5.851458453543398e-04   5.851458453544077e-04   5.851458453544234e-04
   1.453651739714519e-03   1.453651739714517e-03   1.453651739714504e-03

 Columns 4 through 6:

   4.569552949878796e-03   4.569552949878840e-03   4.569552949878881e-03
   2.285876467731786e-03   2.285876467731823e-03   2.285876467731855e-03
   2.915596111251579e-03   2.915596111251667e-03   2.915596111251664e-03
   5.851458453544257e-04   5.851458453544335e-04   5.851458453544274e-04
   1.453651739714445e-03   1.453651739714507e-03   1.453651739714532e-03

 Columns 7 through 9:

   4.569552949878880e-03   4.569552949878877e-03   4.569552949878877e-03
   2.285876467731821e-03   2.285876467731793e-03   2.285876467731859e-03
   2.915596111251615e-03   2.915596111251661e-03   2.915596111251681e-03
   5.851458453543652e-04   5.851458453543707e-04   5.851458453544124e-04
   1.453651739714484e-03   1.453651739714475e-03   1.453651739714482e-03

 Columns 10 through 12:

   4.569552949878822e-03   4.569552949878877e-03   4.569552949878876e-03
   2.285876467731855e-03   2.285876467731824e-03   2.285876467731871e-03
   2.915596111251622e-03   2.915596111251603e-03   2.915596111251614e-03
   5.851458453543567e-04   5.851458453543651e-04   5.851458453543565e-04
   1.453651739714495e-03   1.453651739714516e-03   1.453651739714449e-03

 Columns 13 through 15:

   4.569552949878876e-03   4.569552949878882e-03   4.569552949878877e-03
   2.285876467731790e-03   2.285876467731787e-03   2.285876467731849e-03
   2.915596111251666e-03   2.915596111251606e-03   2.915596111251606e-03
   5.851458453543514e-04   5.851458453543589e-04   5.851458453543323e-04
   1.453651739714462e-03   1.453651739714460e-03   1.453651739714452e-03

ans = -5.677767724563982e-21
ans = -1.767012884778121e-21
ans = 1.625720096396407e-21
ans = -1.757552006522046e-21
ans = 1.625513301243269e-21
ans = 1.626650674585529e-21
ans = 1.630786577648294e-21
ans = -1.755122163472671e-21
ans = -1.755122163472671e-21
ans = 1.629855999459172e-21
ans = -1.766599294471844e-21
ans = 1.631303565531140e-21
ans = -1.755897645296939e-21
ans = 1.633888504945368e-21
ans = 1.631200167954571e-21
nbcr = 15
lambda0 = 3.501084296647659
kmpl_prod = 0.180000000000000
 Time :      1.00000
 Time :      2.00000
 Time :      3.01000
 Time :      4.01000
 Time :      5.01000
 Time :      6.01000
 Time :      7.01000
 Time :      8.01000
 Time :      9.01000
 Time :     10.01000
 Time :     11.01000
 Time :     12.01000
 Time :     13.01000
 Time :     14.01000
 Time :     15.01000
 Time :     16.01000
 Time :     17.01000
 Time :     18.00000
 Time :     19.00000
 Time :     20.00000
 Time :     21.00000
 Time :     22.00000
 Time :     23.00000
 Time :     24.00000
 Time :     25.00000
 Time :     26.00000
 Time :     27.00000
 Time :     28.00000
 Time :     29.00000
 Time :     30.00000
 Time :     31.00000
 Time :     32.00000
 Time :     33.00000
 Time :     34.00000
 Time :     35.00000
dtime = 64.20092917978764
mbcr =

 Columns 1 through 3:

   6.666666666666668e-02   3.398415709295517e-01   3.007667092515149e-01

 Columns 4 through 6:

   4.757771727108542e-01   4.124757302596441e-01   4.851126492386895e-01

agsout =

 Columns 1 through 3:

   4.569552949878814e-03   4.569552949878831e-03   4.569552949878833e-03
   2.285876467731859e-03   2.285876467731884e-03   2.285876467731862e-03
   2.915596111251631e-03   2.915596111251640e-03   2.915596111251644e-03
   5.851458453543398e-04   5.851458453544077e-04   5.851458453544234e-04
   1.453651739714519e-03   1.453651739714517e-03   1.453651739714504e-03
   4.920050450190020e-04   4.920050450189194e-04   4.920050450189652e-04

 Columns 4 through 6:

   4.569552949878796e-03   4.569552949878840e-03   4.569552949878881e-03
   2.285876467731786e-03   2.285876467731823e-03   2.285876467731855e-03
   2.915596111251579e-03   2.915596111251667e-03   2.915596111251664e-03
   5.851458453544257e-04   5.851458453544335e-04   5.851458453544274e-04
   1.453651739714445e-03   1.453651739714507e-03   1.453651739714532e-03
   4.920050450189656e-04   4.920050450189711e-04   4.920050450189926e-04

 Columns 7 through 9:

   4.569552949878880e-03   4.569552949878877e-03   4.569552949878877e-03
   2.285876467731821e-03   2.285876467731793e-03   2.285876467731859e-03
   2.915596111251615e-03   2.915596111251661e-03   2.915596111251681e-03
   5.851458453543652e-04   5.851458453543707e-04   5.851458453544124e-04
   1.453651739714484e-03   1.453651739714475e-03   1.453651739714482e-03
   4.920050450190174e-04   4.920050450189365e-04   4.920050450190016e-04

 Columns 10 through 12:

   4.569552949878822e-03   4.569552949878877e-03   4.569552949878876e-03
   2.285876467731855e-03   2.285876467731824e-03   2.285876467731871e-03
   2.915596111251622e-03   2.915596111251603e-03   2.915596111251614e-03
   5.851458453543567e-04   5.851458453543651e-04   5.851458453543565e-04
   1.453651739714495e-03   1.453651739714516e-03   1.453651739714449e-03
   4.920050450190018e-04   4.920050450190023e-04   4.920050450189461e-04

 Columns 13 through 15:

   4.569552949878876e-03   4.569552949878882e-03   4.569552949878877e-03
   2.285876467731790e-03   2.285876467731787e-03   2.285876467731849e-03
   2.915596111251666e-03   2.915596111251606e-03   2.915596111251606e-03
   5.851458453543514e-04   5.851458453543589e-04   5.851458453543323e-04
   1.453651739714462e-03   1.453651739714460e-03   1.453651739714452e-03
   4.920050450189958e-04   4.920050450190114e-04   4.920050450189689e-04

ans = -2.488159282559507e-21
ans = 1.681826206382230e-22
ans = 1.680662983645827e-22
ans = -3.220239974063079e-21
ans = -3.220298135199899e-21
ans = -3.219600201558058e-21
ans = -3.220905595962243e-21
ans = -3.220563091489858e-21
ans = -3.219483879284417e-21
ans = 1.686091356415707e-22
ans = 1.686285226871774e-22
ans = -3.220252898760150e-21
ans = -6.607686754135510e-21
ans = -3.219839308453874e-21
ans = -3.220220587017472e-21
