warning: function /home/surgeon/flu/amcode/perelson21/1d2agt/4paper/2submit/run.m shadows a core library function
warning: called from
    driver at line 1 column 1

lambda0 = 3.501084296647659
kmpl_prod = 0.180000000000000
dkps =

 Columns 1 through 3:

   1.134992575325778e+01   2.418550634531445e+00   1.441872339969090e+01

 Columns 4 through 6:

   7.452313879461663e+00   2.362366937044843e+01   1.291771744793866e+01

nbcr = 2
lambda0 = 3.501084296647659
kmpl_prod = 0.180000000000000
 Time :      1.00000
 Time :      2.00000
 Time :      3.01000
 Time :      4.01000
 Time :      5.01000
 Time :      6.01000
 Time :      7.01000
 Time :      8.01000
 Time :      9.01000
 Time :     10.01000
 Time :     11.01000
 Time :     12.01000
 Time :     13.01000
 Time :     14.01000
 Time :     15.01000
 Time :     16.01000
 Time :     17.01000
 Time :     18.00000
 Time :     19.00000
 Time :     20.00000
 Time :     21.00000
 Time :     22.00000
 Time :     23.00000
 Time :     24.00000
 Time :     25.00000
 Time :     26.00000
 Time :     27.00000
 Time :     28.00000
 Time :     29.00000
 Time :     30.00000
 Time :     31.00000
 Time :     32.00000
 Time :     33.00000
 Time :     34.00000
 Time :     35.00000
dtime = 4.940709471702576
mbcr = 2.078488834910772e-03
agsout =

   6.742080287639608e-01   1.836660915282758e-02

ans = 8.783685667008957e-21
ans = 1.135220895521928e-20
nbcr = 2
lambda0 = 3.501084296647659
kmpl_prod = 0.180000000000000
 Time :      1.00000
 Time :      2.00000
 Time :      3.01000
 Time :      4.01000
 Time :      5.01000
 Time :      6.01000
 Time :      7.01000
 Time :      8.01000
 Time :      9.01000
 Time :     10.01000
 Time :     11.01000
 Time :     12.01000
 Time :     13.01000
 Time :     14.01000
 Time :     15.01000
 Time :     16.01000
 Time :     17.01000
 Time :     18.00000
 Time :     19.00000
 Time :     20.00000
 Time :     21.00000
 Time :     22.00000
 Time :     23.00000
 Time :     24.00000
 Time :     25.00000
 Time :     26.00000
 Time :     27.00000
 Time :     28.00000
 Time :     29.00000
 Time :     30.00000
 Time :     31.00000
 Time :     32.00000
 Time :     33.00000
 Time :     34.00000
 Time :     35.00000
dtime = 4.939422011375427
mbcr =

   2.078488834910772e-03   3.795888272637039e-03

agsout =

   6.742080287639608e-01   1.836660915282758e-02
   6.724991470209341e-01   1.851078274171282e-02

ans = 4.048569067119913e-21
ans = 2.448179155550633e-21
nbcr = 2
lambda0 = 3.501084296647659
kmpl_prod = 0.180000000000000
 Time :      1.00000
 Time :      2.00000
 Time :      3.01000
 Time :      4.01000
 Time :      5.01000
 Time :      6.01000
 Time :      7.01000
 Time :      8.01000
 Time :      9.01000
 Time :     10.01000
 Time :     11.01000
 Time :     12.01000
 Time :     13.01000
 Time :     14.01000
 Time :     15.01000
 Time :     16.01000
 Time :     17.01000
 Time :     18.00000
 Time :     19.00000
 Time :     20.00000
 Time :     21.00000
 Time :     22.00000
 Time :     23.00000
 Time :     24.00000
 Time :     25.00000
 Time :     26.00000
 Time :     27.00000
 Time :     28.00000
 Time :     29.00000
 Time :     30.00000
 Time :     31.00000
 Time :     32.00000
 Time :     33.00000
 Time :     34.00000
 Time :     35.00000
dtime = 4.984181374311447
mbcr =

   2.078488834910772e-03   3.795888272637039e-03   1.046932745201243e-01

agsout =

   6.742080287639608e-01   1.836660915282758e-02
   6.724991470209341e-01   1.851078274171282e-02
   5.524330594074115e-01   1.851074945194449e-02

ans = 9.296243464783059e-21
ans = 5.317597614663195e-21
nbcr = 2
lambda0 = 3.501084296647659
kmpl_prod = 0.180000000000000
 Time :      1.00000
 Time :      2.00000
 Time :      3.01000
 Time :      4.01000
 Time :      5.01000
 Time :      6.01000
 Time :      7.01000
 Time :      8.01000
 Time :      9.01000
 Time :     10.01000
 Time :     11.01000
 Time :     12.01000
 Time :     13.01000
 Time :     14.01000
 Time :     15.01000
 Time :     16.01000
 Time :     17.01000
 Time :     18.00000
 Time :     19.00000
 Time :     20.00000
 Time :     21.00000
 Time :     22.00000
 Time :     23.00000
 Time :     24.00000
 Time :     25.00000
 Time :     26.00000
 Time :     27.00000
 Time :     28.00000
 Time :     29.00000
 Time :     30.00000
 Time :     31.00000
 Time :     32.00000
 Time :     33.00000
 Time :     34.00000
 Time :     35.00000
dtime = 5.062475055456161
mbcr =

 Columns 1 through 3:

   2.078488834910772e-03   3.795888272637039e-03   1.046932745201243e-01

 Column 4:

   2.485522904845482e-02

agsout =

   6.742080287639608e-01   1.836660915282758e-02
   6.724991470209341e-01   1.851078274171282e-02
   5.524330594074115e-01   1.851074945194449e-02
   6.487351101068267e-01   1.851074946046583e-02

ans = -1.309757297240324e-21
ans = 2.954600290747051e-21
nbcr = 2
lambda0 = 3.501084296647659
kmpl_prod = 0.180000000000000
 Time :      1.00000
 Time :      2.00000
 Time :      3.01000
 Time :      4.01000
 Time :      5.01000
 Time :      6.01000
 Time :      7.01000
 Time :      8.01000
 Time :      9.01000
 Time :     10.01000
 Time :     11.01000
 Time :     12.01000
 Time :     13.01000
 Time :     14.01000
 Time :     15.01000
 Time :     16.01000
 Time :     17.01000
 Time :     18.00000
 Time :     19.00000
 Time :     20.00000
 Time :     21.00000
 Time :     22.00000
 Time :     23.00000
 Time :     24.00000
 Time :     25.00000
 Time :     26.00000
 Time :     27.00000
 Time :     28.00000
 Time :     29.00000
 Time :     30.00000
 Time :     31.00000
 Time :     32.00000
 Time :     33.00000
 Time :     34.00000
 Time :     35.00000
dtime = 4.984463006258011
mbcr =

 Columns 1 through 3:

   2.078488834910772e-03   3.795888272637039e-03   1.046932745201243e-01

 Columns 4 and 5:

   2.485522904845482e-02   5.724033547623487e-02

agsout =

   6.742080287639608e-01   1.836660915282758e-02
   6.724991470209341e-01   1.851078274171282e-02
   5.524330594074115e-01   1.851074945194449e-02
   6.487351101068267e-01   1.851074946046583e-02
   6.119204257183809e-01   1.851074946046368e-02

ans = 1.942032670166977e-22
ans = 3.043519783215800e-21
nbcr = 2
lambda0 = 3.501084296647659
kmpl_prod = 0.180000000000000
 Time :      1.00000
 Time :      2.00000
 Time :      3.01000
 Time :      4.01000
 Time :      5.01000
 Time :      6.01000
 Time :      7.01000
 Time :      8.01000
 Time :      9.01000
 Time :     10.01000
 Time :     11.01000
 Time :     12.01000
 Time :     13.01000
 Time :     14.01000
 Time :     15.01000
 Time :     16.01000
 Time :     17.01000
 Time :     18.00000
 Time :     19.00000
 Time :     20.00000
 Time :     21.00000
 Time :     22.00000
 Time :     23.00000
 Time :     24.00000
 Time :     25.00000
 Time :     26.00000
 Time :     27.00000
 Time :     28.00000
 Time :     29.00000
 Time :     30.00000
 Time :     31.00000
 Time :     32.00000
 Time :     33.00000
 Time :     34.00000
 Time :     35.00000
dtime = 4.997066035866737
mbcr =

 Columns 1 through 3:

   2.078488834910772e-03   3.795888272637039e-03   1.046932745201243e-01

 Columns 4 through 6:

   2.485522904845482e-02   5.724033547623487e-02   9.765916118803531e-03

agsout =

   6.742080287639608e-01   1.836660915282758e-02
   6.724991470209341e-01   1.851078274171282e-02
   5.524330594074115e-01   1.851074945194449e-02
   6.487351101068267e-01   1.851074946046583e-02
   6.119204257183809e-01   1.851074946046368e-02
   6.657526955436204e-01   1.851074946046368e-02

ans = -3.716446559605460e-21
ans = 6.431652380026569e-21
dkps =

 Columns 1 through 3:

   1.602042841102410e+01   6.789653757533212e+00   2.846155383566024e+01

 Columns 4 through 6:

   6.947632408269935e+00   8.131595087756000e+01   2.905397208888805e+01

nbcr = 3
lambda0 = 3.501084296647659
kmpl_prod = 0.180000000000000
 Time :      1.00000
 Time :      2.00000
 Time :      3.01000
 Time :      4.01000
 Time :      5.01000
 Time :      6.01000
 Time :      7.01000
 Time :      8.01000
 Time :      9.01000
 Time :     10.01000
 Time :     11.01000
 Time :     12.01000
 Time :     13.01000
 Time :     14.01000
 Time :     15.01000
 Time :     16.01000
 Time :     17.01000
 Time :     18.00000
 Time :     19.00000
 Time :     20.00000
 Time :     21.00000
 Time :     22.00000
 Time :     23.00000
 Time :     24.00000
 Time :     25.00000
 Time :     26.00000
 Time :     27.00000
 Time :     28.00000
 Time :     29.00000
 Time :     30.00000
 Time :     31.00000
 Time :     32.00000
 Time :     33.00000
 Time :     34.00000
 Time :     35.00000
dtime = 12.20456063747406
mbcr = 1.040325567184357e-03
agsout =

   6.742080287639607e-01   1.836660953593613e-02   1.836660953593613e-02

ans = 2.134135852192179e-21
ans = 1.729191182180127e-21
ans = 1.729191182180127e-21
nbcr = 3
lambda0 = 3.501084296647659
kmpl_prod = 0.180000000000000
 Time :      1.00000
 Time :      2.00000
 Time :      3.01000
 Time :      4.01000
 Time :      5.01000
 Time :      6.01000
 Time :      7.01000
 Time :      8.01000
 Time :      9.01000
 Time :     10.01000
 Time :     11.01000
 Time :     12.01000
 Time :     13.01000
 Time :     14.01000
 Time :     15.01000
 Time :     16.01000
 Time :     17.01000
 Time :     18.00000
 Time :     19.00000
 Time :     20.00000
 Time :     21.00000
 Time :     22.00000
 Time :     23.00000
 Time :     24.00000
 Time :     25.00000
 Time :     26.00000
 Time :     27.00000
 Time :     28.00000
 Time :     29.00000
 Time :     30.00000
 Time :     31.00000
 Time :     32.00000
 Time :     33.00000
 Time :     34.00000
 Time :     35.00000
dtime = 12.24185675382614
mbcr =

   1.040325567184357e-03   1.303813789442690e-03

agsout =

   6.742080287639607e-01   1.836660953593613e-02   1.836660953593613e-02
   6.738794661943068e-01   1.851078312299398e-02   1.851078312299398e-02

ans = 2.706585602832734e-21
ans = 1.325407247468272e-20
ans = 1.325407247468272e-20
nbcr = 3
lambda0 = 3.501084296647659
kmpl_prod = 0.180000000000000
 Time :      1.00000
 Time :      2.00000
 Time :      3.01000
 Time :      4.01000
 Time :      5.01000
 Time :      6.01000
 Time :      7.01000
 Time :      8.01000
 Time :      9.01000
 Time :     10.01000
 Time :     11.01000
 Time :     12.01000
 Time :     13.01000
 Time :     14.01000
 Time :     15.01000
 Time :     16.01000
 Time :     17.01000
 Time :     18.00000
 Time :     19.00000
 Time :     20.00000
 Time :     21.00000
 Time :     22.00000
 Time :     23.00000
 Time :     24.00000
 Time :     25.00000
 Time :     26.00000
 Time :     27.00000
 Time :     28.00000
 Time :     29.00000
 Time :     30.00000
 Time :     31.00000
 Time :     32.00000
 Time :     33.00000
 Time :     34.00000
 Time :     35.00000
dtime = 12.23092339932919
mbcr =

   1.040325567184357e-03   1.303813789442690e-03   1.148539110911441e-02

agsout =

   6.742080287639607e-01   1.836660953593613e-02   1.836660953593613e-02
   6.738794661943068e-01   1.851078312299398e-02   1.851078312299398e-02
   6.511155123627059e-01   1.851074983324547e-02   1.851074983324547e-02

ans = 2.005480008089209e-21
ans = 5.603652664796657e-21
ans = 5.603652664796657e-21
nbcr = 3
lambda0 = 3.501084296647659
kmpl_prod = 0.180000000000000
 Time :      1.00000
 Time :      2.00000
 Time :      3.01000
 Time :      4.01000
 Time :      5.01000
 Time :      6.01000
 Time :      7.01000
 Time :      8.01000
 Time :      9.01000
 Time :     10.01000
 Time :     11.01000
 Time :     12.01000
 Time :     13.01000
 Time :     14.01000
 Time :     15.01000
 Time :     16.01000
 Time :     17.01000
 Time :     18.00000
 Time :     19.00000
 Time :     20.00000
 Time :     21.00000
 Time :     22.00000
 Time :     23.00000
 Time :     24.00000
 Time :     25.00000
 Time :     26.00000
 Time :     27.00000
 Time :     28.00000
 Time :     29.00000
 Time :     30.00000
 Time :     31.00000
 Time :     32.00000
 Time :     33.00000
 Time :     34.00000
 Time :     35.00000
dtime = 12.10843361914158
mbcr =

 Columns 1 through 3:

   1.040325567184357e-03   1.303813789442690e-03   1.148539110911441e-02

 Column 4:

   2.390488258276271e-03

agsout =

   6.742080287639607e-01   1.836660953593613e-02   1.836660953593613e-02
   6.738794661943068e-01   1.851078312299398e-02   1.851078312299398e-02
   6.511155123627059e-01   1.851074983324547e-02   1.851074983324547e-02
   6.714215887545014e-01   1.851074984176682e-02   1.851074984176682e-02

ans = -2.453381346121767e-21
ans = -6.924376567501844e-21
ans = -6.924376567501844e-21
nbcr = 3
lambda0 = 3.501084296647659
kmpl_prod = 0.180000000000000
 Time :      1.00000
 Time :      2.00000
 Time :      3.01000
 Time :      4.01000
 Time :      5.01000
 Time :      6.01000
 Time :      7.01000
 Time :      8.01000
 Time :      9.01000
 Time :     10.01000
 Time :     11.01000
 Time :     12.01000
 Time :     13.01000
 Time :     14.01000
 Time :     15.01000
 Time :     16.01000
 Time :     17.01000
 Time :     18.00000
 Time :     19.00000
 Time :     20.00000
 Time :     21.00000
 Time :     22.00000
 Time :     23.00000
 Time :     24.00000
 Time :     25.00000
 Time :     26.00000
 Time :     27.00000
 Time :     28.00000
 Time :     29.00000
 Time :     30.00000
 Time :     31.00000
 Time :     32.00000
 Time :     33.00000
 Time :     34.00000
 Time :     35.00000
dtime = 11.81174442172050
mbcr =

 Columns 1 through 3:

   1.040325567184357e-03   1.303813789442690e-03   1.148539110911441e-02

 Columns 4 and 5:

   2.390488258276271e-03   2.070071722950170e-02

agsout =

   6.742080287639607e-01   1.836660953593613e-02   1.836660953593613e-02
   6.738794661943068e-01   1.851078312299398e-02   1.851078312299398e-02
   6.511155123627059e-01   1.851074983324547e-02   1.851074983324547e-02
   6.714215887545014e-01   1.851074984176682e-02   1.851074984176682e-02
   6.309985031869885e-01   1.851074984176467e-02   1.851074984176467e-02

ans = 3.742259199140446e-21
ans = -3.446563536682263e-21
ans = -3.446563536682263e-21
nbcr = 3
lambda0 = 3.501084296647659
kmpl_prod = 0.180000000000000
 Time :      1.00000
 Time :      2.00000
 Time :      3.01000
 Time :      4.01000
 Time :      5.01000
 Time :      6.01000
 Time :      7.01000
 Time :      8.01000
 Time :      9.01000
 Time :     10.01000
 Time :     11.01000
 Time :     12.01000
 Time :     13.01000
 Time :     14.01000
 Time :     15.01000
 Time :     16.01000
 Time :     17.01000
 Time :     18.00000
 Time :     19.00000
 Time :     20.00000
 Time :     21.00000
 Time :     22.00000
 Time :     23.00000
 Time :     24.00000
 Time :     25.00000
 Time :     26.00000
 Time :     27.00000
 Time :     28.00000
 Time :     29.00000
 Time :     30.00000
 Time :     31.00000
 Time :     32.00000
 Time :     33.00000
 Time :     34.00000
 Time :     35.00000
dtime = 11.91349402070045
mbcr =

 Columns 1 through 3:

   1.040325567184357e-03   1.303813789442690e-03   1.148539110911441e-02

 Columns 4 through 6:

   2.390488258276271e-03   2.070071722950170e-02   9.385405414881863e-04

agsout =

   6.742080287639607e-01   1.836660953593613e-02   1.836660953593613e-02
   6.738794661943068e-01   1.851078312299398e-02   1.851078312299398e-02
   6.511155123627059e-01   1.851074983324547e-02   1.851074983324547e-02
   6.714215887545014e-01   1.851074984176682e-02   1.851074984176682e-02
   6.309985031869885e-01   1.851074984176467e-02   1.851074984176467e-02
   6.747423380542238e-01   1.851074984176466e-02   1.851074984176466e-02

ans = 4.651358207804598e-21
ans = -6.834777720643293e-21
ans = -6.834777720643293e-21
dkps =

 Columns 1 through 4:

   5.254686683941905   4.799551978388222   1.220761576341322   2.178973958471640

 Columns 5 and 6:

   4.055450925298230   3.433885345361828

nbcr = 4
lambda0 = 3.501084296647659
kmpl_prod = 0.180000000000000
 Time :      1.00000
 Time :      2.00000
 Time :      3.01000
 Time :      4.01000
 Time :      5.01000
 Time :      6.01000
 Time :      7.01000
 Time :      8.01000
 Time :      9.01000
 Time :     10.01000
 Time :     11.01000
 Time :     12.01000
 Time :     13.01000
 Time :     14.01000
 Time :     15.01000
 Time :     16.01000
 Time :     17.01000
 Time :     18.00000
 Time :     19.00000
 Time :     20.00000
 Time :     21.00000
 Time :     22.00000
 Time :     23.00000
 Time :     24.00000
 Time :     25.00000
 Time :     26.00000
 Time :     27.00000
 Time :     28.00000
 Time :     29.00000
 Time :     30.00000
 Time :     31.00000
 Time :     32.00000
 Time :     33.00000
 Time :     34.00000
 Time :     35.00000
dtime = 17.95663163065910
mbcr = 6.937909670208977e-04
agsout =

 Columns 1 through 3:

   6.742080287639606e-01   1.836660966798283e-02   1.836660966798283e-02

 Column 4:

   1.836660966798283e-02

ans = 8.103301037486661e-21
ans = 7.022034770777819e-21
ans = 7.022034770777819e-21
ans = 7.022034770777819e-21
nbcr = 4
lambda0 = 3.501084296647659
kmpl_prod = 0.180000000000000
 Time :      1.00000
 Time :      2.00000
 Time :      3.01000
 Time :      4.01000
 Time :      5.01000
 Time :      6.01000
 Time :      7.01000
 Time :      8.01000
 Time :      9.01000
 Time :     10.01000
 Time :     11.01000
 Time :     12.01000
 Time :     13.01000
 Time :     14.01000
 Time :     15.01000
 Time :     16.01000
 Time :     17.01000
 Time :     18.00000
 Time :     19.00000
 Time :     20.00000
 Time :     21.00000
 Time :     22.00000
 Time :     23.00000
 Time :     24.00000
 Time :     25.00000
 Time :     26.00000
 Time :     27.00000
 Time :     28.00000
 Time :     29.00000
 Time :     30.00000
 Time :     31.00000
 Time :     32.00000
 Time :     33.00000
 Time :     34.00000
 Time :     35.00000
dtime = 17.85146221518517
mbcr =

   6.937909670208977e-04   5.568299459458731e-03

agsout =

 Columns 1 through 3:

   6.742080287639606e-01   1.836660966798283e-02   1.836660966798283e-02
   6.580407653683190e-01   1.851078325711324e-02   1.851078325711324e-02

 Column 4:

   1.836660966798283e-02
   1.851078325711324e-02

ans = 8.132049760512895e-21
ans = 7.975001766401460e-21
ans = 7.975001766401460e-21
ans = 7.975001766401460e-21
nbcr = 4
lambda0 = 3.501084296647659
kmpl_prod = 0.180000000000000
 Time :      1.00000
 Time :      2.00000
 Time :      3.01000
 Time :      4.01000
 Time :      5.01000
 Time :      6.01000
 Time :      7.01000
 Time :      8.01000
 Time :      9.01000
 Time :     10.01000
 Time :     11.01000
 Time :     12.01000
 Time :     13.01000
 Time :     14.01000
 Time :     15.01000
 Time :     16.01000
 Time :     17.01000
 Time :     18.00000
 Time :     19.00000
 Time :     20.00000
 Time :     21.00000
 Time :     22.00000
 Time :     23.00000
 Time :     24.00000
 Time :     25.00000
 Time :     26.00000
 Time :     27.00000
 Time :     28.00000
 Time :     29.00000
 Time :     30.00000
 Time :     31.00000
 Time :     32.00000
 Time :     33.00000
 Time :     34.00000
 Time :     35.00000
dtime = 17.84712709486485
mbcr =

   6.937909670208977e-04   5.568299459458731e-03   2.186001619991183e-02

agsout =

 Columns 1 through 3:

   6.742080287639606e-01   1.836660966798283e-02   1.836660966798283e-02
   6.580407653683190e-01   1.851078325711324e-02   1.851078325711324e-02
   6.051357049067623e-01   1.851074996736901e-02   1.851074996736901e-02

 Column 4:

   1.836660966798283e-02
   1.851078325711324e-02
   1.851074996736901e-02

ans = 2.883383594297930e-21
ans = 7.027726484250523e-21
ans = 7.027726484250523e-21
ans = 7.027726484250523e-21
nbcr = 4
lambda0 = 3.501084296647659
kmpl_prod = 0.180000000000000
 Time :      1.00000
 Time :      2.00000
 Time :      3.01000
 Time :      4.01000
 Time :      5.01000
 Time :      6.01000
 Time :      7.01000
 Time :      8.01000
 Time :      9.01000
 Time :     10.01000
 Time :     11.01000
 Time :     12.01000
 Time :     13.01000
 Time :     14.01000
 Time :     15.01000
 Time :     16.01000
 Time :     17.01000
 Time :     18.00000
 Time :     19.00000
 Time :     20.00000
 Time :     21.00000
 Time :     22.00000
 Time :     23.00000
 Time :     24.00000
 Time :     25.00000
 Time :     26.00000
 Time :     27.00000
 Time :     28.00000
 Time :     29.00000
 Time :     30.00000
 Time :     31.00000
 Time :     32.00000
 Time :     33.00000
 Time :     34.00000
 Time :     35.00000
dtime = 17.82114654779434
mbcr =

 Columns 1 through 3:

   6.937909670208977e-04   5.568299459458731e-03   2.186001619991183e-02

 Column 4:

   8.171552512144842e-02

agsout =

 Columns 1 through 3:

   6.742080287639606e-01   1.836660966798283e-02   1.836660966798283e-02
   6.580407653683190e-01   1.851078325711324e-02   1.851078325711324e-02
   6.051357049067623e-01   1.851074996736901e-02   1.851074996736901e-02
   3.599652590958081e-01   1.851074997589035e-02   1.851074997589035e-02

 Column 4:

   1.836660966798283e-02
   1.851078325711324e-02
   1.851074996736901e-02
   1.851074997589035e-02

ans = 7.404558952056712e-22
ans = 1.276587677794374e-21
ans = 1.276587677794374e-21
ans = 1.276587677794374e-21
nbcr = 4
lambda0 = 3.501084296647659
kmpl_prod = 0.180000000000000
 Time :      1.00000
 Time :      2.00000
 Time :      3.01000
 Time :      4.01000
 Time :      5.01000
 Time :      6.01000
 Time :      7.01000
 Time :      8.01000
 Time :      9.01000
 Time :     10.01000
 Time :     11.01000
 Time :     12.01000
 Time :     13.01000
 Time :     14.01000
 Time :     15.01000
 Time :     16.01000
 Time :     17.01000
 Time :     18.00000
 Time :     19.00000
 Time :     20.00000
 Time :     21.00000
 Time :     22.00000
 Time :     23.00000
 Time :     24.00000
 Time :     25.00000
 Time :     26.00000
 Time :     27.00000
 Time :     28.00000
 Time :     29.00000
 Time :     30.00000
 Time :     31.00000
 Time :     32.00000
 Time :     33.00000
 Time :     34.00000
 Time :     35.00000
dtime = 18.11777539551258
mbcr =

 Columns 1 through 3:

   6.937909670208977e-04   5.568299459458731e-03   2.186001619991183e-02

 Columns 4 and 5:

   8.171552512144842e-02   7.742744896121337e-02

agsout =

 Columns 1 through 3:

   6.742080287639606e-01   1.836660966798283e-02   1.836660966798283e-02
   6.580407653683190e-01   1.851078325711324e-02   1.851078325711324e-02
   6.051357049067623e-01   1.851074996736901e-02   1.851074996736901e-02
   3.599652590958081e-01   1.851074997589035e-02   1.851074997589035e-02
   3.842432256004675e-01   1.851074997588821e-02   1.851074997588821e-02

 Column 4:

   1.836660966798283e-02
   1.851078325711324e-02
   1.851074996736901e-02
   1.851074997589035e-02
   1.851074997588821e-02

ans = 5.693322597489100e-21
ans = 4.753369156228965e-21
ans = 4.753369156228965e-21
ans = 4.753369156228965e-21
nbcr = 4
lambda0 = 3.501084296647659
kmpl_prod = 0.180000000000000
 Time :      1.00000
 Time :      2.00000
 Time :      3.01000
 Time :      4.01000
 Time :      5.01000
 Time :      6.01000
 Time :      7.01000
 Time :      8.01000
 Time :      9.01000
 Time :     10.01000
 Time :     11.01000
 Time :     12.01000
 Time :     13.01000
 Time :     14.01000
 Time :     15.01000
 Time :     16.01000
 Time :     17.01000
 Time :     18.00000
 Time :     19.00000
 Time :     20.00000
 Time :     21.00000
 Time :     22.00000
 Time :     23.00000
 Time :     24.00000
 Time :     25.00000
 Time :     26.00000
 Time :     27.00000
 Time :     28.00000
 Time :     29.00000
 Time :     30.00000
 Time :     31.00000
 Time :     32.00000
 Time :     33.00000
 Time :     34.00000
 Time :     35.00000
dtime = 17.79929995536804
mbcr =

 Columns 1 through 3:

   6.937909670208977e-04   5.568299459458731e-03   2.186001619991183e-02

 Columns 4 through 6:

   8.171552512144842e-02   7.742744896121337e-02   5.926685552471098e-02

agsout =

 Columns 1 through 3:

   6.742080287639606e-01   1.836660966798283e-02   1.836660966798283e-02
   6.580407653683190e-01   1.851078325711324e-02   1.851078325711324e-02
   6.051357049067623e-01   1.851074996736901e-02   1.851074996736901e-02
   3.599652590958081e-01   1.851074997589035e-02   1.851074997589035e-02
   3.842432256004675e-01   1.851074997588821e-02   1.851074997588821e-02
   4.707232899155656e-01   1.851074997588821e-02   1.851074997588821e-02

 Column 4:

   1.836660966798283e-02
   1.851078325711324e-02
   1.851074996736901e-02
   1.851074997589035e-02
   1.851074997588821e-02
   1.851074997588821e-02

ans = 2.327556996753508e-21
ans = 4.753370771816099e-21
ans = 4.753370771816099e-21
ans = 4.753370771816099e-21
dkps =

 Columns 1 through 3:

   9.975580235346533e+01   4.615923648652630e+01   2.929963127261594e-01

 Columns 4 through 6:

   3.443826389085851e+00   4.771050561825446e-01   1.964342573494110e+01

nbcr = 5
lambda0 = 3.501084296647659
kmpl_prod = 0.180000000000000
 Time :      1.00000
 Time :      2.00000
 Time :      3.01000
 Time :      4.01000
 Time :      5.01000
 Time :      6.01000
 Time :      7.01000
 Time :      8.01000
 Time :      9.01000
 Time :     10.01000
 Time :     11.01000
 Time :     12.01000
 Time :     13.01000
 Time :     14.01000
 Time :     15.01000
 Time :     16.01000
 Time :     17.01000
 Time :     18.00000
 Time :     19.00000
 Time :     20.00000
 Time :     21.00000
 Time :     22.00000
 Time :     23.00000
 Time :     24.00000
 Time :     25.00000
 Time :     26.00000
 Time :     27.00000
 Time :     28.00000
 Time :     29.00000
 Time :     30.00000
 Time :     31.00000
 Time :     32.00000
 Time :     33.00000
 Time :     34.00000
 Time :     35.00000
dtime = 22.92859219014645
mbcr = 5.204334879503112e-04
agsout =

 Columns 1 through 3:

   6.742080287639596e-01   1.836661118562896e-02   1.836661118562896e-02

 Columns 4 and 5:

   1.836661118562896e-02   1.836661118562896e-02

ans = 4.293552235150668e-21
ans = 3.817491841307641e-21
ans = 3.817491841307641e-21
ans = 3.817491841307641e-21
ans = 3.817491841307641e-21
nbcr = 5
lambda0 = 3.501084296647659
kmpl_prod = 0.180000000000000
 Time :      1.00000
 Time :      2.00000
 Time :      3.01000
 Time :      4.01000
 Time :      5.01000
 Time :      6.01000
 Time :      7.01000
 Time :      8.01000
 Time :      9.01000
 Time :     10.01000
 Time :     11.01000
 Time :     12.01000
 Time :     13.01000
 Time :     14.01000
 Time :     15.01000
 Time :     16.01000
 Time :     17.01000
 Time :     18.00000
 Time :     19.00000
 Time :     20.00000
 Time :     21.00000
 Time :     22.00000
 Time :     23.00000
 Time :     24.00000
 Time :     25.00000
 Time :     26.00000
 Time :     27.00000
 Time :     28.00000
 Time :     29.00000
 Time :     30.00000
 Time :     31.00000
 Time :     32.00000
 Time :     33.00000
 Time :     34.00000
 Time :     35.00000
dtime = 23.02139997482300
mbcr =

   5.204334879503112e-04   3.924008702031975e-04

agsout =

 Columns 1 through 3:

   6.742080287639596e-01   1.836661118562896e-02   1.836661118562896e-02
   6.751036714251049e-01   1.851078474944624e-02   1.851078474944624e-02

 Columns 4 and 5:

   1.836661118562896e-02   1.836661118562896e-02
   1.851078474944624e-02   1.851078474944624e-02

ans = -4.809034580114139e-21
ans = 3.046679063856127e-21
ans = 3.046679063856127e-21
ans = 3.046679063856127e-21
ans = 3.046679063856127e-21
nbcr = 5
lambda0 = 3.501084296647659
kmpl_prod = 0.180000000000000
 Time :      1.00000
 Time :      2.00000
 Time :      3.01000
 Time :      4.01000
 Time :      5.01000
 Time :      6.01000
 Time :      7.01000
 Time :      8.01000
 Time :      9.01000
 Time :     10.01000
 Time :     11.01000
 Time :     12.01000
 Time :     13.01000
 Time :     14.01000
 Time :     15.01000
 Time :     16.01000
 Time :     17.01000
 Time :     18.00000
 Time :     19.00000
 Time :     20.00000
 Time :     21.00000
 Time :     22.00000
 Time :     23.00000
 Time :     24.00000
 Time :     25.00000
 Time :     26.00000
 Time :     27.00000
 Time :     28.00000
 Time :     29.00000
 Time :     30.00000
 Time :     31.00000
 Time :     32.00000
 Time :     33.00000
 Time :     34.00000
 Time :     35.00000
dtime = 22.97461889684200
mbcr =

   5.204334879503112e-04   3.924008702031975e-04   3.996256768058524e-04

agsout =

 Columns 1 through 3:

   6.742080287639596e-01   1.836661118562896e-02   1.836661118562896e-02
   6.751036714251049e-01   1.851078474944624e-02   1.851078474944624e-02
   6.750645898106690e-01   1.851075145971649e-02   1.851075145971649e-02

 Columns 4 and 5:

   1.836661118562896e-02   1.836661118562896e-02
   1.851078474944624e-02   1.851078474944624e-02
   1.851075145971649e-02   1.851075145971649e-02

ans = 1.080764512045620e-20
ans = -4.592544727192056e-21
ans = -4.592544727192056e-21
ans = -4.592544727192056e-21
ans = -4.592544727192056e-21
nbcr = 5
lambda0 = 3.501084296647659
kmpl_prod = 0.180000000000000
 Time :      1.00000
 Time :      2.00000
 Time :      3.01000
 Time :      4.01000
 Time :      5.01000
 Time :      6.01000
 Time :      7.01000
 Time :      8.01000
 Time :      9.01000
 Time :     10.01000
 Time :     11.01000
 Time :     12.01000
 Time :     13.01000
 Time :     14.01000
 Time :     15.01000
 Time :     16.01000
 Time :     17.01000
 Time :     18.00000
 Time :     19.00000
 Time :     20.00000
 Time :     21.00000
 Time :     22.00000
 Time :     23.00000
 Time :     24.00000
 Time :     25.00000
 Time :     26.00000
 Time :     27.00000
 Time :     28.00000
 Time :     29.00000
 Time :     30.00000
 Time :     31.00000
 Time :     32.00000
 Time :     33.00000
 Time :     34.00000
 Time :     35.00000
dtime = 22.85617254674435
mbcr =

 Columns 1 through 3:

   5.204334879503112e-04   3.924008702031975e-04   3.996256768058524e-04

 Column 4:

   7.575124350890504e-02

agsout =

 Columns 1 through 3:

   6.742080287639596e-01   1.836661118562896e-02   1.836661118562896e-02
   6.751036714251049e-01   1.851078474944624e-02   1.851078474944624e-02
   6.750645898106690e-01   1.851075145971649e-02   1.851075145971649e-02
   2.600820396294439e-01   1.851075146823783e-02   1.851075146823783e-02

 Columns 4 and 5:

   1.836661118562896e-02   1.836661118562896e-02
   1.851078474944624e-02   1.851078474944624e-02
   1.851075145971649e-02   1.851075145971649e-02
   1.851075146823783e-02   1.851075146823783e-02

ans = 6.419529014173838e-21
ans = 6.596691875895804e-21
ans = 6.596691875895804e-21
ans = 6.596691875895804e-21
ans = 6.596691875895804e-21
nbcr = 5
lambda0 = 3.501084296647659
kmpl_prod = 0.180000000000000
 Time :      1.00000
 Time :      2.00000
 Time :      3.01000
 Time :      4.01000
 Time :      5.01000
 Time :      6.01000
 Time :      7.01000
 Time :      8.01000
 Time :      9.01000
 Time :     10.01000
 Time :     11.01000
 Time :     12.01000
 Time :     13.01000
 Time :     14.01000
 Time :     15.01000
 Time :     16.01000
 Time :     17.01000
 Time :     18.00000
 Time :     19.00000
 Time :     20.00000
 Time :     21.00000
 Time :     22.00000
 Time :     23.00000
 Time :     24.00000
 Time :     25.00000
 Time :     26.00000
 Time :     27.00000
 Time :     28.00000
 Time :     29.00000
 Time :     30.00000
 Time :     31.00000
 Time :     32.00000
 Time :     33.00000
 Time :     34.00000
 Time :     35.00000
dtime = 22.98347018659115
mbcr =

 Columns 1 through 3:

   5.204334879503112e-04   3.924008702031975e-04   3.996256768058524e-04

 Columns 4 and 5:

   7.575124350890504e-02   5.193800357083807e-02

agsout =

 Columns 1 through 3:

   6.742080287639596e-01   1.836661118562896e-02   1.836661118562896e-02
   6.751036714251049e-01   1.851078474944624e-02   1.851078474944624e-02
   6.750645898106690e-01   1.851075145971649e-02   1.851075145971649e-02
   2.600820396294439e-01   1.851075146823783e-02   1.851075146823783e-02
   4.307640973583863e-01   1.851075146823568e-02   1.851075146823568e-02

 Columns 4 and 5:

   1.836661118562896e-02   1.836661118562896e-02
   1.851078474944624e-02   1.851078474944624e-02
   1.851075145971649e-02   1.851075145971649e-02
   1.851075146823783e-02   1.851075146823783e-02
   1.851075146823568e-02   1.851075146823568e-02

ans = -2.567155031058321e-21
ans = 1.007389986933374e-20
ans = 1.007389986933374e-20
ans = 1.007389986933374e-20
ans = 1.007389986933374e-20
nbcr = 5
lambda0 = 3.501084296647659
kmpl_prod = 0.180000000000000
 Time :      1.00000
 Time :      2.00000
 Time :      3.01000
 Time :      4.01000
 Time :      5.01000
 Time :      6.01000
 Time :      7.01000
 Time :      8.01000
 Time :      9.01000
 Time :     10.01000
 Time :     11.01000
 Time :     12.01000
 Time :     13.01000
 Time :     14.01000
 Time :     15.01000
 Time :     16.01000
 Time :     17.01000
 Time :     18.00000
 Time :     19.00000
 Time :     20.00000
 Time :     21.00000
 Time :     22.00000
 Time :     23.00000
 Time :     24.00000
 Time :     25.00000
 Time :     26.00000
 Time :     27.00000
 Time :     28.00000
 Time :     29.00000
 Time :     30.00000
 Time :     31.00000
 Time :     32.00000
 Time :     33.00000
 Time :     34.00000
 Time :     35.00000
dtime = 22.86601960659027
mbcr =

 Columns 1 through 3:

   5.204334879503112e-04   3.924008702031975e-04   3.996256768058524e-04

 Columns 4 through 6:

   7.575124350890504e-02   5.193800357083807e-02   8.844000456109322e-02

agsout =

 Columns 1 through 3:

   6.742080287639596e-01   1.836661118562896e-02   1.836661118562896e-02
   6.751036714251049e-01   1.851078474944624e-02   1.851078474944624e-02
   6.750645898106690e-01   1.851075145971649e-02   1.851075145971649e-02
   2.600820396294439e-01   1.851075146823783e-02   1.851075146823783e-02
   4.307640973583863e-01   1.851075146823568e-02   1.851075146823568e-02
   1.639692260245235e-01   1.851075146823568e-02   1.851075146823568e-02

 Columns 4 and 5:

   1.836661118562896e-02   1.836661118562896e-02
   1.851078474944624e-02   1.851078474944624e-02
   1.851075145971649e-02   1.851075145971649e-02
   1.851075146823783e-02   1.851075146823783e-02
   1.851075146823568e-02   1.851075146823568e-02
   1.851075146823568e-02   1.851075146823568e-02

ans = 8.390713338584774e-21
ans = 6.685766464729407e-21
ans = 6.685766464729407e-21
ans = 6.685766464729407e-21
ans = 6.685766464729407e-21
dkps =

 Columns 1 through 3:

   6.412980233938995e-01   7.359310895529718e-01   1.448320344356879e+00

 Columns 4 through 6:

   3.074715215865044e+00   2.370106612725470e+01   8.473925718820540e+01

nbcr = 7
lambda0 = 3.501084296647659
kmpl_prod = 0.180000000000000
 Time :      1.00000
 Time :      2.00000
 Time :      3.01000
 Time :      4.01000
 Time :      5.01000
 Time :      6.01000
 Time :      7.01000
 Time :      8.01000
 Time :      9.01000
 Time :     10.01000
 Time :     11.01000
 Time :     12.01000
 Time :     13.01000
 Time :     14.01000
 Time :     15.01000
 Time :     16.01000
 Time :     17.01000
 Time :     18.00000
 Time :     19.00000
 Time :     20.00000
 Time :     21.00000
 Time :     22.00000
 Time :     23.00000
 Time :     24.00000
 Time :     25.00000
 Time :     26.00000
 Time :     27.00000
 Time :     28.00000
 Time :     29.00000
 Time :     30.00000
 Time :     31.00000
 Time :     32.00000
 Time :     33.00000
 Time :     34.00000
 Time :     35.00000
dtime = 32.28921331465244
mbcr = 3.470158557827639e-04
agsout =

 Columns 1 through 3:

   6.742080287639588e-01   1.836661199597198e-02   1.836661199597198e-02

 Columns 4 through 6:

   1.836661199597198e-02   1.836661199597198e-02   1.836661199597198e-02

 Column 7:

   1.836661199597198e-02

ans = 1.059121843951541e-20
ans = -4.832545042693208e-21
ans = -4.832545042693208e-21
ans = -4.832545042693208e-21
ans = -4.832545042693208e-21
ans = -4.832545042693208e-21
ans = -4.832545042693208e-21
nbcr = 7
lambda0 = 3.501084296647659
kmpl_prod = 0.180000000000000
 Time :      1.00000
 Time :      2.00000
 Time :      3.01000
 Time :      4.01000
 Time :      5.01000
 Time :      6.01000
 Time :      7.01000
 Time :      8.01000
 Time :      9.01000
 Time :     10.01000
 Time :     11.01000
 Time :     12.01000
 Time :     13.01000
 Time :     14.01000
 Time :     15.01000
 Time :     16.01000
 Time :     17.01000
 Time :     18.00000
 Time :     19.00000
 Time :     20.00000
 Time :     21.00000
 Time :     22.00000
 Time :     23.00000
 Time :     24.00000
 Time :     25.00000
 Time :     26.00000
 Time :     27.00000
 Time :     28.00000
 Time :     29.00000
 Time :     30.00000
 Time :     31.00000
 Time :     32.00000
 Time :     33.00000
 Time :     34.00000
 Time :     35.00000
dtime = 32.33599439263344
mbcr =

   3.470158557827639e-04   3.854857607838350e-02

agsout =

 Columns 1 through 3:

   6.742080287639588e-01   1.836661199597198e-02   1.836661199597198e-02
   3.968335349676484e-01   1.851078557607810e-02   1.851078557607810e-02

 Columns 4 through 6:

   1.836661199597198e-02   1.836661199597198e-02   1.836661199597198e-02
   1.851078557607810e-02   1.851078557607810e-02   1.851078557607810e-02

 Column 7:

   1.836661199597198e-02
   1.851078557607810e-02

ans = -1.022117356128513e-21
ans = 1.817596917940299e-21
ans = 1.817596917940299e-21
ans = 1.817596917940299e-21
ans = 1.817596917940299e-21
ans = 1.817596917940299e-21
ans = 1.817596917940299e-21
nbcr = 7
lambda0 = 3.501084296647659
kmpl_prod = 0.180000000000000
 Time :      1.00000
 Time :      2.00000
 Time :      3.01000
 Time :      4.01000
 Time :      5.01000
 Time :      6.01000
 Time :      7.01000
 Time :      8.01000
 Time :      9.01000
 Time :     10.01000
 Time :     11.01000
 Time :     12.01000
 Time :     13.01000
 Time :     14.01000
 Time :     15.01000
 Time :     16.01000
 Time :     17.01000
 Time :     18.00000
 Time :     19.00000
 Time :     20.00000
 Time :     21.00000
 Time :     22.00000
 Time :     23.00000
 Time :     24.00000
 Time :     25.00000
 Time :     26.00000
 Time :     27.00000
 Time :     28.00000
 Time :     29.00000
 Time :     30.00000
 Time :     31.00000
 Time :     32.00000
 Time :     33.00000
 Time :     34.00000
 Time :     35.00000
dtime = 32.21064805984497
mbcr =

   3.470158557827639e-04   3.854857607838350e-02   5.490648550637334e-02

agsout =

 Columns 1 through 3:

   6.742080287639588e-01   1.836661199597198e-02   1.836661199597198e-02
   3.968335349676484e-01   1.851078557607810e-02   1.851078557607810e-02
   2.289103167894311e-01   1.851075228635360e-02   1.851075228635360e-02

 Columns 4 through 6:

   1.836661199597198e-02   1.836661199597198e-02   1.836661199597198e-02
   1.851078557607810e-02   1.851078557607810e-02   1.851078557607810e-02
   1.851075228635360e-02   1.851075228635360e-02   1.851075228635360e-02

 Column 7:

   1.836661199597198e-02
   1.851078557607810e-02
   1.851075228635360e-02

ans = 7.686058854266164e-22
ans = 1.105476482358544e-20
ans = 1.105476482358544e-20
ans = 1.105476482358544e-20
ans = 1.105476482358544e-20
ans = 1.105476482358544e-20
ans = 1.105476482358544e-20
nbcr = 7
lambda0 = 3.501084296647659
kmpl_prod = 0.180000000000000
 Time :      1.00000
 Time :      2.00000
 Time :      3.01000
 Time :      4.01000
 Time :      5.01000
 Time :      6.01000
 Time :      7.01000
 Time :      8.01000
 Time :      9.01000
 Time :     10.01000
 Time :     11.01000
 Time :     12.01000
 Time :     13.01000
 Time :     14.01000
 Time :     15.01000
 Time :     16.01000
 Time :     17.01000
 Time :     18.00000
 Time :     19.00000
 Time :     20.00000
 Time :     21.00000
 Time :     22.00000
 Time :     23.00000
 Time :     24.00000
 Time :     25.00000
 Time :     26.00000
 Time :     27.00000
 Time :     28.00000
 Time :     29.00000
 Time :     30.00000
 Time :     31.00000
 Time :     32.00000
 Time :     33.00000
 Time :     34.00000
 Time :     35.00000
dtime = 32.36126080155373
mbcr =

 Columns 1 through 3:

   3.470158557827639e-04   3.854857607838350e-02   5.490648550637334e-02

 Column 4:

   5.260889273653040e-02

agsout =

 Columns 1 through 3:

   6.742080287639588e-01   1.836661199597198e-02   1.836661199597198e-02
   3.968335349676484e-01   1.851078557607810e-02   1.851078557607810e-02
   2.289103167894311e-01   1.851075228635360e-02   1.851075228635360e-02
   2.575180591809893e-01   1.851075229487495e-02   1.851075229487495e-02

 Columns 4 through 6:

   1.836661199597198e-02   1.836661199597198e-02   1.836661199597198e-02
   1.851078557607810e-02   1.851078557607810e-02   1.851078557607810e-02
   1.851075228635360e-02   1.851075228635360e-02   1.851075228635360e-02
   1.851075229487495e-02   1.851075229487495e-02   1.851075229487495e-02

 Column 7:

   1.836661199597198e-02
   1.851078557607810e-02
   1.851075228635360e-02
   1.851075229487495e-02

ans = 6.489128507901933e-21
ans = 8.691416917261241e-21
ans = 8.691416917261241e-21
ans = 8.691416917261241e-21
ans = 8.691416917261241e-21
ans = 8.691416917261241e-21
ans = 8.691416917261241e-21
nbcr = 7
lambda0 = 3.501084296647659
kmpl_prod = 0.180000000000000
 Time :      1.00000
 Time :      2.00000
 Time :      3.01000
 Time :      4.01000
 Time :      5.01000
 Time :      6.01000
 Time :      7.01000
 Time :      8.01000
 Time :      9.01000
 Time :     10.01000
 Time :     11.01000
 Time :     12.01000
 Time :     13.01000
 Time :     14.01000
 Time :     15.01000
 Time :     16.01000
 Time :     17.01000
 Time :     18.00000
 Time :     19.00000
 Time :     20.00000
 Time :     21.00000
 Time :     22.00000
 Time :     23.00000
 Time :     24.00000
 Time :     25.00000
 Time :     26.00000
 Time :     27.00000
 Time :     28.00000
 Time :     29.00000
 Time :     30.00000
 Time :     31.00000
 Time :     32.00000
 Time :     33.00000
 Time :     34.00000
 Time :     35.00000
dtime = 32.14960433542728
mbcr =

 Columns 1 through 3:

   3.470158557827639e-04   3.854857607838350e-02   5.490648550637334e-02

 Columns 4 and 5:

   5.260889273653040e-02   4.241264031355133e-02

agsout =

 Columns 1 through 3:

   6.742080287639588e-01   1.836661199597198e-02   1.836661199597198e-02
   3.968335349676484e-01   1.851078557607810e-02   1.851078557607810e-02
   2.289103167894311e-01   1.851075228635360e-02   1.851075228635360e-02
   2.575180591809893e-01   1.851075229487495e-02   1.851075229487495e-02
   3.664871945008335e-01   1.851075229487277e-02   1.851075229487277e-02

 Columns 4 through 6:

   1.836661199597198e-02   1.836661199597198e-02   1.836661199597198e-02
   1.851078557607810e-02   1.851078557607810e-02   1.851078557607810e-02
   1.851075228635360e-02   1.851075228635360e-02   1.851075228635360e-02
   1.851075229487495e-02   1.851075229487495e-02   1.851075229487495e-02
   1.851075229487277e-02   1.851075229487277e-02   1.851075229487277e-02

 Column 7:

   1.836661199597198e-02
   1.851078557607810e-02
   1.851075228635360e-02
   1.851075229487495e-02
   1.851075229487277e-02

ans = 3.780628989673613e-21
ans = -1.383357792505504e-21
ans = -1.383357792505504e-21
ans = -1.383357792505504e-21
ans = -1.383357792505504e-21
ans = -1.383357792505504e-21
ans = -1.383357792505504e-21
nbcr = 7
lambda0 = 3.501084296647659
kmpl_prod = 0.180000000000000
 Time :      1.00000
 Time :      2.00000
 Time :      3.01000
 Time :      4.01000
 Time :      5.01000
 Time :      6.01000
 Time :      7.01000
 Time :      8.01000
 Time :      9.01000
 Time :     10.01000
 Time :     11.01000
 Time :     12.01000
 Time :     13.01000
 Time :     14.01000
 Time :     15.01000
 Time :     16.01000
 Time :     17.01000
 Time :     18.00000
 Time :     19.00000
 Time :     20.00000
 Time :     21.00000
 Time :     22.00000
 Time :     23.00000
 Time :     24.00000
 Time :     25.00000
 Time :     26.00000
 Time :     27.00000
 Time :     28.00000
 Time :     29.00000
 Time :     30.00000
 Time :     31.00000
 Time :     32.00000
 Time :     33.00000
 Time :     34.00000
 Time :     35.00000
dtime = 32.21094980835915
mbcr =

 Columns 1 through 3:

   3.470158557827639e-04   3.854857607838350e-02   5.490648550637334e-02

 Columns 4 through 6:

   5.260889273653040e-02   4.241264031355133e-02   6.477343029613258e-03

agsout =

 Columns 1 through 3:

   6.742080287639588e-01   1.836661199597198e-02   1.836661199597198e-02
   3.968335349676484e-01   1.851078557607810e-02   1.851078557607810e-02
   2.289103167894311e-01   1.851075228635360e-02   1.851075228635360e-02
   2.575180591809893e-01   1.851075229487495e-02   1.851075229487495e-02
   3.664871945008335e-01   1.851075229487277e-02   1.851075229487277e-02
   6.344068947074580e-01   1.851075229487277e-02   1.851075229487277e-02

 Columns 4 through 6:

   1.836661199597198e-02   1.836661199597198e-02   1.836661199597198e-02
   1.851078557607810e-02   1.851078557607810e-02   1.851078557607810e-02
   1.851075228635360e-02   1.851075228635360e-02   1.851075228635360e-02
   1.851075229487495e-02   1.851075229487495e-02   1.851075229487495e-02
   1.851075229487277e-02   1.851075229487277e-02   1.851075229487277e-02
   1.851075229487277e-02   1.851075229487277e-02   1.851075229487277e-02

 Column 7:

   1.836661199597198e-02
   1.851078557607810e-02
   1.851075228635360e-02
   1.851075229487495e-02
   1.851075229487277e-02
   1.851075229487277e-02

ans = 1.199092971301660e-20
ans = 2.004677061283664e-21
ans = 2.004677061283664e-21
ans = 2.004677061283664e-21
ans = 2.004677061283664e-21
ans = 2.004677061283664e-21
ans = 2.004677061283664e-21
dkps =

 Columns 1 through 3:

   4.792771738820269e+01   3.402101399428000e+00   1.285891965333833e+00

 Columns 4 through 6:

   2.734062438680114e+00   9.455700446388533e+01   2.105115065913380e+01

nbcr = 10
lambda0 = 3.501084296647659
kmpl_prod = 0.180000000000000
 Time :      1.00000
 Time :      2.00000
 Time :      3.01000
 Time :      4.01000
 Time :      5.01000
 Time :      6.01000
 Time :      7.01000
 Time :      8.01000
 Time :      9.01000
 Time :     10.01000
 Time :     11.01000
 Time :     12.01000
 Time :     13.01000
 Time :     14.01000
 Time :     15.01000
 Time :     16.01000
 Time :     17.01000
 Time :     18.00000
 Time :     19.00000
 Time :     20.00000
 Time :     21.00000
 Time :     22.00000
 Time :     23.00000
 Time :     24.00000
 Time :     25.00000
 Time :     26.00000
 Time :     27.00000
 Time :     28.00000
 Time :     29.00000
 Time :     30.00000
 Time :     31.00000
 Time :     32.00000
 Time :     33.00000
 Time :     34.00000
 Time :     35.00000
dtime = 46.89661748707294
mbcr = 2.313706658656733e-04
agsout =

 Columns 1 through 3:

   6.742080287639582e-01   1.836661240313888e-02   1.836661240313888e-02

 Columns 4 through 6:

   1.836661240313888e-02   1.836661240313888e-02   1.836661240313888e-02

 Columns 7 through 9:

   1.836661240313888e-02   1.836661240313888e-02   1.836661240313888e-02

 Column 10:

   1.836661240313888e-02

ans = 5.651208443959422e-21
ans = 7.692352373946243e-21
ans = 7.692352373946243e-21
ans = 7.692352373946243e-21
ans = 7.692352373946243e-21
ans = 7.692352373946243e-21
ans = 7.692352373946243e-21
ans = 7.692352373946243e-21
ans = 7.692352373946243e-21
ans = 7.692352373946243e-21
nbcr = 10
lambda0 = 3.501084296647659
kmpl_prod = 0.180000000000000
 Time :      1.00000
 Time :      2.00000
 Time :      3.01000
 Time :      4.01000
 Time :      5.01000
 Time :      6.01000
 Time :      7.01000
 Time :      8.01000
 Time :      9.01000
 Time :     10.01000
 Time :     11.01000
 Time :     12.01000
 Time :     13.01000
 Time :     14.01000
 Time :     15.01000
 Time :     16.01000
 Time :     17.01000
 Time :     18.00000
 Time :     19.00000
 Time :     20.00000
 Time :     21.00000
 Time :     22.00000
 Time :     23.00000
 Time :     24.00000
 Time :     25.00000
 Time :     26.00000
 Time :     27.00000
 Time :     28.00000
 Time :     29.00000
 Time :     30.00000
 Time :     31.00000
 Time :     32.00000
 Time :     33.00000
 Time :     34.00000
 Time :     35.00000
dtime = 46.76550775766373
mbcr =

   2.313706658656733e-04   1.774440838864928e-04

agsout =

 Columns 1 through 3:

   6.742080287639582e-01   1.836661240313888e-02   1.836661240313888e-02
   6.750670630348644e-01   1.851078598180824e-02   1.851078598180824e-02

 Columns 4 through 6:

   1.836661240313888e-02   1.836661240313888e-02   1.836661240313888e-02
   1.851078598180824e-02   1.851078598180824e-02   1.851078598180824e-02

 Columns 7 through 9:

   1.836661240313888e-02   1.836661240313888e-02   1.836661240313888e-02
   1.851078598180824e-02   1.851078598180824e-02   1.851078598180824e-02

 Column 10:

   1.836661240313888e-02
   1.851078598180824e-02

ans = -8.736393906969395e-21
ans = 1.036859911842710e-20
ans = 1.036859911842710e-20
ans = 1.036859911842710e-20
ans = 1.036859911842710e-20
ans = 1.036859911842710e-20
ans = 1.036859911842710e-20
ans = 1.036859911842710e-20
ans = 1.036859911842710e-20
ans = 1.036859911842710e-20
nbcr = 10
lambda0 = 3.501084296647659
kmpl_prod = 0.180000000000000
 Time :      1.00000
 Time :      2.00000
 Time :      3.01000
 Time :      4.01000
 Time :      5.01000
 Time :      6.01000
 Time :      7.01000
 Time :      8.01000
 Time :      9.01000
 Time :     10.01000
 Time :     11.01000
 Time :     12.01000
 Time :     13.01000
 Time :     14.01000
 Time :     15.01000
 Time :     16.01000
 Time :     17.01000
 Time :     18.00000
 Time :     19.00000
 Time :     20.00000
 Time :     21.00000
 Time :     22.00000
 Time :     23.00000
 Time :     24.00000
 Time :     25.00000
 Time :     26.00000
 Time :     27.00000
 Time :     28.00000
 Time :     29.00000
 Time :     30.00000
 Time :     31.00000
 Time :     32.00000
 Time :     33.00000
 Time :     34.00000
 Time :     35.00000
dtime = 46.61487489938736
mbcr =

   2.313706658656733e-04   1.774440838864928e-04   4.981636433426672e-03

agsout =

 Columns 1 through 3:

   6.742080287639582e-01   1.836661240313888e-02   1.836661240313888e-02
   6.750670630348644e-01   1.851078598180824e-02   1.851078598180824e-02
   6.279396555500499e-01   1.851075269208375e-02   1.851075269208375e-02

 Columns 4 through 6:

   1.836661240313888e-02   1.836661240313888e-02   1.836661240313888e-02
   1.851078598180824e-02   1.851078598180824e-02   1.851078598180824e-02
   1.851075269208375e-02   1.851075269208375e-02   1.851075269208375e-02

 Columns 7 through 9:

   1.836661240313888e-02   1.836661240313888e-02   1.836661240313888e-02
   1.851078598180824e-02   1.851078598180824e-02   1.851078598180824e-02
   1.851075269208375e-02   1.851075269208375e-02   1.851075269208375e-02

 Column 10:

   1.836661240313888e-02
   1.851078598180824e-02
   1.851075269208375e-02

ans = 8.173691518888977e-21
ans = 9.359404035989025e-21
ans = 9.359404035989025e-21
ans = 9.359404035989025e-21
ans = 9.359404035989025e-21
ans = 9.359404035989025e-21
ans = 9.359404035989025e-21
ans = 9.359404035989025e-21
ans = 9.359404035989025e-21
ans = 9.359404035989025e-21
nbcr = 10
lambda0 = 3.501084296647659
kmpl_prod = 0.180000000000000
 Time :      1.00000
 Time :      2.00000
 Time :      3.01000
 Time :      4.01000
 Time :      5.01000
 Time :      6.01000
 Time :      7.01000
 Time :      8.01000
 Time :      9.01000
 Time :     10.01000
 Time :     11.01000
 Time :     12.01000
 Time :     13.01000
 Time :     14.01000
 Time :     15.01000
 Time :     16.01000
 Time :     17.01000
 Time :     18.00000
 Time :     19.00000
 Time :     20.00000
 Time :     21.00000
 Time :     22.00000
 Time :     23.00000
 Time :     24.00000
 Time :     25.00000
 Time :     26.00000
 Time :     27.00000
 Time :     28.00000
 Time :     29.00000
 Time :     30.00000
 Time :     31.00000
 Time :     32.00000
 Time :     33.00000
 Time :     34.00000
 Time :     35.00000
dtime = 46.94439433515072
mbcr =

 Columns 1 through 3:

   2.313706658656733e-04   1.774440838864928e-04   4.981636433426672e-03

 Column 4:

   2.690470619612691e-02

agsout =

 Columns 1 through 3:

   6.742080287639582e-01   1.836661240313888e-02   1.836661240313888e-02
   6.750670630348644e-01   1.851078598180824e-02   1.851078598180824e-02
   6.279396555500499e-01   1.851075269208375e-02   1.851075269208375e-02
   3.865410309057710e-01   1.851075270060511e-02   1.851075270060511e-02

 Columns 4 through 6:

   1.836661240313888e-02   1.836661240313888e-02   1.836661240313888e-02
   1.851078598180824e-02   1.851078598180824e-02   1.851078598180824e-02
   1.851075269208375e-02   1.851075269208375e-02   1.851075269208375e-02
   1.851075270060511e-02   1.851075270060511e-02   1.851075270060511e-02

 Columns 7 through 9:

   1.836661240313888e-02   1.836661240313888e-02   1.836661240313888e-02
   1.851078598180824e-02   1.851078598180824e-02   1.851078598180824e-02
   1.851075269208375e-02   1.851075269208375e-02   1.851075269208375e-02
   1.851075270060511e-02   1.851075270060511e-02   1.851075270060511e-02

 Column 10:

   1.836661240313888e-02
   1.851078598180824e-02
   1.851075269208375e-02
   1.851075270060511e-02

ans = 1.809677309809957e-21
ans = 3.608429211626966e-21
ans = 3.608429211626966e-21
ans = 3.608429211626966e-21
ans = 3.608429211626966e-21
ans = 3.608429211626966e-21
ans = 3.608429211626966e-21
ans = 3.608429211626966e-21
ans = 3.608429211626966e-21
ans = 3.608429211626966e-21
nbcr = 10
lambda0 = 3.501084296647659
kmpl_prod = 0.180000000000000
 Time :      1.00000
 Time :      2.00000
 Time :      3.01000
 Time :      4.01000
 Time :      5.01000
 Time :      6.01000
 Time :      7.01000
 Time :      8.01000
 Time :      9.01000
 Time :     10.01000
 Time :     11.01000
 Time :     12.01000
 Time :     13.01000
 Time :     14.01000
 Time :     15.01000
 Time :     16.01000
 Time :     17.01000
 Time :     18.00000
 Time :     19.00000
 Time :     20.00000
 Time :     21.00000
 Time :     22.00000
 Time :     23.00000
 Time :     24.00000
 Time :     25.00000
 Time :     26.00000
 Time :     27.00000
 Time :     28.00000
 Time :     29.00000
 Time :     30.00000
 Time :     31.00000
 Time :     32.00000
 Time :     33.00000
 Time :     34.00000
 Time :     35.00000
dtime = 46.63461931049824
mbcr =

 Columns 1 through 3:

   2.313706658656733e-04   1.774440838864928e-04   4.981636433426672e-03

 Columns 4 and 5:

   2.690470619612691e-02   2.425511173727430e-02

agsout =

 Columns 1 through 3:

   6.742080287639582e-01   1.836661240313888e-02   1.836661240313888e-02
   6.750670630348644e-01   1.851078598180824e-02   1.851078598180824e-02
   6.279396555500499e-01   1.851075269208375e-02   1.851075269208375e-02
   3.865410309057710e-01   1.851075270060511e-02   1.851075270060511e-02
   4.243366856109380e-01   1.851075270060295e-02   1.851075270060295e-02

 Columns 4 through 6:

   1.836661240313888e-02   1.836661240313888e-02   1.836661240313888e-02
   1.851078598180824e-02   1.851078598180824e-02   1.851078598180824e-02
   1.851075269208375e-02   1.851075269208375e-02   1.851075269208375e-02
   1.851075270060511e-02   1.851075270060511e-02   1.851075270060511e-02
   1.851075270060295e-02   1.851075270060295e-02   1.851075270060295e-02

 Columns 7 through 9:

   1.836661240313888e-02   1.836661240313888e-02   1.836661240313888e-02
   1.851078598180824e-02   1.851078598180824e-02   1.851078598180824e-02
   1.851075269208375e-02   1.851075269208375e-02   1.851075269208375e-02
   1.851075270060511e-02   1.851075270060511e-02   1.851075270060511e-02
   1.851075270060295e-02   1.851075270060295e-02   1.851075270060295e-02

 Column 10:

   1.836661240313888e-02
   1.851078598180824e-02
   1.851075269208375e-02
   1.851075270060511e-02
   1.851075270060295e-02

ans = 2.108328285032814e-21
ans = -6.466733239051913e-21
ans = -6.466733239051913e-21
ans = -6.466733239051913e-21
ans = -6.466733239051913e-21
ans = -6.466733239051913e-21
ans = -6.466733239051913e-21
ans = -6.466733239051913e-21
ans = -6.466733239051913e-21
ans = -6.466733239051913e-21
nbcr = 10
lambda0 = 3.501084296647659
kmpl_prod = 0.180000000000000
 Time :      1.00000
 Time :      2.00000
 Time :      3.01000
 Time :      4.01000
 Time :      5.01000
 Time :      6.01000
 Time :      7.01000
 Time :      8.01000
 Time :      9.01000
 Time :     10.01000
 Time :     11.01000
 Time :     12.01000
 Time :     13.01000
 Time :     14.01000
 Time :     15.01000
 Time :     16.01000
 Time :     17.01000
 Time :     18.00000
 Time :     19.00000
 Time :     20.00000
 Time :     21.00000
 Time :     22.00000
 Time :     23.00000
 Time :     24.00000
 Time :     25.00000
 Time :     26.00000
 Time :     27.00000
 Time :     28.00000
 Time :     29.00000
 Time :     30.00000
 Time :     31.00000
 Time :     32.00000
 Time :     33.00000
 Time :     34.00000
 Time :     35.00000
dtime = 46.67526483535767
mbcr =

 Columns 1 through 3:

   2.313706658656733e-04   1.774440838864928e-04   4.981636433426672e-03

 Columns 4 through 6:

   2.690470619612691e-02   2.425511173727430e-02   2.877021597609035e-04

agsout =

 Columns 1 through 3:

   6.742080287639582e-01   1.836661240313888e-02   1.836661240313888e-02
   6.750670630348644e-01   1.851078598180824e-02   1.851078598180824e-02
   6.279396555500499e-01   1.851075269208375e-02   1.851075269208375e-02
   3.865410309057710e-01   1.851075270060511e-02   1.851075270060511e-02
   4.243366856109380e-01   1.851075270060295e-02   1.851075270060295e-02
   6.739343329337049e-01   1.851075270060295e-02   1.851075270060295e-02

 Columns 4 through 6:

   1.836661240313888e-02   1.836661240313888e-02   1.836661240313888e-02
   1.851078598180824e-02   1.851078598180824e-02   1.851078598180824e-02
   1.851075269208375e-02   1.851075269208375e-02   1.851075269208375e-02
   1.851075270060511e-02   1.851075270060511e-02   1.851075270060511e-02
   1.851075270060295e-02   1.851075270060295e-02   1.851075270060295e-02
   1.851075270060295e-02   1.851075270060295e-02   1.851075270060295e-02

 Columns 7 through 9:

   1.836661240313888e-02   1.836661240313888e-02   1.836661240313888e-02
   1.851078598180824e-02   1.851078598180824e-02   1.851078598180824e-02
   1.851075269208375e-02   1.851075269208375e-02   1.851075269208375e-02
   1.851075270060511e-02   1.851075270060511e-02   1.851075270060511e-02
   1.851075270060295e-02   1.851075270060295e-02   1.851075270060295e-02
   1.851075270060295e-02   1.851075270060295e-02   1.851075270060295e-02

 Column 10:

   1.836661240313888e-02
   1.851078598180824e-02
   1.851075269208375e-02
   1.851075270060511e-02
   1.851075270060295e-02
   1.851075270060295e-02

ans = 8.733885048456310e-21
ans = -3.078615990318917e-21
ans = -3.078615990318917e-21
ans = -3.078615990318917e-21
ans = -3.078615990318917e-21
ans = -3.078615990318917e-21
ans = -3.078615990318917e-21
ans = -3.078615990318917e-21
ans = -3.078615990318917e-21
ans = -3.078615990318917e-21
dkps =

 Columns 1 through 3:

   2.566582467062937e+00   1.216160094468774e+01   3.933299690023712e+01

 Columns 4 through 6:

   3.704128828896395e+00   2.355566769253469e+00   4.076006918065878e+00

nbcr = 15
lambda0 = 3.501084296647659
kmpl_prod = 0.180000000000000
 Time :      1.00000
 Time :      2.00000
 Time :      3.01000
 Time :      4.01000
 Time :      5.01000
 Time :      6.01000
 Time :      7.01000
 Time :      8.01000
 Time :      9.01000
 Time :     10.01000
 Time :     11.01000
 Time :     12.01000
 Time :     13.01000
 Time :     14.01000
 Time :     15.01000
 Time :     16.01000
 Time :     17.01000
 Time :     18.00000
 Time :     19.00000
 Time :     20.00000
 Time :     21.00000
 Time :     22.00000
 Time :     23.00000
 Time :     24.00000
 Time :     25.00000
 Time :     26.00000
 Time :     27.00000
 Time :     28.00000
 Time :     29.00000
 Time :     30.00000
 Time :     31.00000
 Time :     32.00000
 Time :     33.00000
 Time :     34.00000
 Time :     35.00000
dtime = 73.20504449307919
mbcr = 1.487505762139635e-04
agsout =

 Columns 1 through 3:

   6.742080287639577e-01   1.836661265857083e-02   1.836661265857083e-02

 Columns 4 through 6:

   1.836661265857083e-02   1.836661265857083e-02   1.836661265857083e-02

 Columns 7 through 9:

   1.836661265857083e-02   1.836661265857083e-02   1.836661265857083e-02

 Columns 10 through 12:

   1.836661265857083e-02   1.836661265857083e-02   1.836661265857083e-02

 Columns 13 through 15:

   1.836661265857083e-02   1.836661265857083e-02   1.836661265857083e-02

ans = 1.102735476596093e-20
ans = 8.070876361481617e-21
ans = 8.070876361481617e-21
ans = 8.070876361481617e-21
ans = 8.070876361481617e-21
ans = 8.070876361481617e-21
ans = 8.070876361481617e-21
ans = 8.070876361481617e-21
ans = 8.070876361481617e-21
ans = 8.070876361481617e-21
ans = 8.070876361481617e-21
ans = 8.070876361481617e-21
ans = 8.070876361481617e-21
ans = 8.070876361481617e-21
ans = 8.070876361481617e-21
nbcr = 15
lambda0 = 3.501084296647659
kmpl_prod = 0.180000000000000
 Time :      1.00000
 Time :      2.00000
 Time :      3.01000
 Time :      4.01000
 Time :      5.01000
 Time :      6.01000
 Time :      7.01000
 Time :      8.01000
 Time :      9.01000
 Time :     10.01000
 Time :     11.01000
 Time :     12.01000
 Time :     13.01000
 Time :     14.01000
 Time :     15.01000
 Time :     16.01000
 Time :     17.01000
 Time :     18.00000
 Time :     19.00000
 Time :     20.00000
 Time :     21.00000
 Time :     22.00000
 Time :     23.00000
 Time :     24.00000
 Time :     25.00000
 Time :     26.00000
 Time :     27.00000
 Time :     28.00000
 Time :     29.00000
 Time :     30.00000
 Time :     31.00000
 Time :     32.00000
 Time :     33.00000
 Time :     34.00000
 Time :     35.00000
dtime = 72.24636934697628
mbcr =

   1.487505762139635e-04   4.565111787027054e-03

agsout =

 Columns 1 through 3:

   6.742080287639577e-01   1.836661265857083e-02   1.836661265857083e-02
   6.078823562196336e-01   1.851078624413358e-02   1.851078624413358e-02

 Columns 4 through 6:

   1.836661265857083e-02   1.836661265857083e-02   1.836661265857083e-02
   1.851078624413358e-02   1.851078624413358e-02   1.851078624413358e-02

 Columns 7 through 9:

   1.836661265857083e-02   1.836661265857083e-02   1.836661265857083e-02
   1.851078624413358e-02   1.851078624413358e-02   1.851078624413358e-02

 Columns 10 through 12:

   1.836661265857083e-02   1.836661265857083e-02   1.836661265857083e-02
   1.851078624413358e-02   1.851078624413358e-02   1.851078624413358e-02

 Columns 13 through 15:

   1.836661265857083e-02   1.836661265857083e-02   1.836661265857083e-02
   1.851078624413358e-02   1.851078624413358e-02   1.851078624413358e-02

ans = 2.082728499102718e-21
ans = 1.195706539110307e-20
ans = 1.195706539110307e-20
ans = 1.195706539110307e-20
ans = 1.195706539110307e-20
ans = 1.195706539110307e-20
ans = 1.195706539110307e-20
ans = 1.195706539110307e-20
ans = 1.195706539110307e-20
ans = 1.195706539110307e-20
ans = 1.195706539110307e-20
ans = 1.195706539110307e-20
ans = 1.195706539110307e-20
ans = 1.195706539110307e-20
ans = 1.195706539110307e-20
nbcr = 15
lambda0 = 3.501084296647659
kmpl_prod = 0.180000000000000
 Time :      1.00000
 Time :      2.00000
 Time :      3.01000
 Time :      4.01000
 Time :      5.01000
 Time :      6.01000
 Time :      7.01000
 Time :      8.01000
 Time :      9.01000
 Time :     10.01000
 Time :     11.01000
 Time :     12.01000
 Time :     13.01000
 Time :     14.01000
 Time :     15.01000
 Time :     16.01000
 Time :     17.01000
 Time :     18.00000
 Time :     19.00000
 Time :     20.00000
 Time :     21.00000
 Time :     22.00000
 Time :     23.00000
 Time :     24.00000
 Time :     25.00000
 Time :     26.00000
 Time :     27.00000
 Time :     28.00000
 Time :     29.00000
 Time :     30.00000
 Time :     31.00000
 Time :     32.00000
 Time :     33.00000
 Time :     34.00000
 Time :     35.00000
dtime = 72.81254008412361
mbcr =

   1.487505762139635e-04   4.565111787027054e-03   1.524543658945990e-03

agsout =

 Columns 1 through 3:

   6.742080287639577e-01   1.836661265857083e-02   1.836661265857083e-02
   6.078823562196336e-01   1.851078624413358e-02   1.851078624413358e-02
   6.531336973867853e-01   1.851075295440621e-02   1.851075295440621e-02

 Columns 4 through 6:

   1.836661265857083e-02   1.836661265857083e-02   1.836661265857083e-02
   1.851078624413358e-02   1.851078624413358e-02   1.851078624413358e-02
   1.851075295440621e-02   1.851075295440621e-02   1.851075295440621e-02

 Columns 7 through 9:

   1.836661265857083e-02   1.836661265857083e-02   1.836661265857083e-02
   1.851078624413358e-02   1.851078624413358e-02   1.851078624413358e-02
   1.851075295440621e-02   1.851075295440621e-02   1.851075295440621e-02

 Columns 10 through 12:

   1.836661265857083e-02   1.836661265857083e-02   1.836661265857083e-02
   1.851078624413358e-02   1.851078624413358e-02   1.851078624413358e-02
   1.851075295440621e-02   1.851075295440621e-02   1.851075295440621e-02

 Columns 13 through 15:

   1.836661265857083e-02   1.836661265857083e-02   1.836661265857083e-02
   1.851078624413358e-02   1.851078624413358e-02   1.851078624413358e-02
   1.851075295440621e-02   1.851075295440621e-02   1.851075295440621e-02

ans = 1.967456357099479e-21
ans = 7.513723366900270e-21
ans = 7.513723366900270e-21
ans = 7.513723366900270e-21
ans = 7.513723366900270e-21
ans = 7.513723366900270e-21
ans = 7.513723366900270e-21
ans = 7.513723366900270e-21
ans = 7.513723366900270e-21
ans = 7.513723366900270e-21
ans = 7.513723366900270e-21
ans = 7.513723366900270e-21
ans = 7.513723366900270e-21
ans = 7.513723366900270e-21
ans = 7.513723366900270e-21
nbcr = 15
lambda0 = 3.501084296647659
kmpl_prod = 0.180000000000000
 Time :      1.00000
 Time :      2.00000
 Time :      3.01000
 Time :      4.01000
 Time :      5.01000
 Time :      6.01000
 Time :      7.01000
 Time :      8.01000
 Time :      9.01000
 Time :     10.01000
 Time :     11.01000
 Time :     12.01000
 Time :     13.01000
 Time :     14.01000
 Time :     15.01000
 Time :     16.01000
 Time :     17.01000
 Time :     18.00000
 Time :     19.00000
 Time :     20.00000
 Time :     21.00000
 Time :     22.00000
 Time :     23.00000
 Time :     24.00000
 Time :     25.00000
 Time :     26.00000
 Time :     27.00000
 Time :     28.00000
 Time :     29.00000
 Time :     30.00000
 Time :     31.00000
 Time :     32.00000
 Time :     33.00000
 Time :     34.00000
 Time :     35.00000
dtime = 72.32723794877529
mbcr =

 Columns 1 through 3:

   1.487505762139635e-04   4.565111787027054e-03   1.524543658945990e-03

 Column 4:

   2.018573597435804e-04

agsout =

 Columns 1 through 3:

   6.742080287639577e-01   1.836661265857083e-02   1.836661265857083e-02
   6.078823562196336e-01   1.851078624413358e-02   1.851078624413358e-02
   6.531336973867853e-01   1.851075295440621e-02   1.851075295440621e-02
   6.736519463495290e-01   1.851075296292753e-02   1.851075296292753e-02

 Columns 4 through 6:

   1.836661265857083e-02   1.836661265857083e-02   1.836661265857083e-02
   1.851078624413358e-02   1.851078624413358e-02   1.851078624413358e-02
   1.851075295440621e-02   1.851075295440621e-02   1.851075295440621e-02
   1.851075296292753e-02   1.851075296292753e-02   1.851075296292753e-02

 Columns 7 through 9:

   1.836661265857083e-02   1.836661265857083e-02   1.836661265857083e-02
   1.851078624413358e-02   1.851078624413358e-02   1.851078624413358e-02
   1.851075295440621e-02   1.851075295440621e-02   1.851075295440621e-02
   1.851075296292753e-02   1.851075296292753e-02   1.851075296292753e-02

 Columns 10 through 12:

   1.836661265857083e-02   1.836661265857083e-02   1.836661265857083e-02
   1.851078624413358e-02   1.851078624413358e-02   1.851078624413358e-02
   1.851075295440621e-02   1.851075295440621e-02   1.851075295440621e-02
   1.851075296292753e-02   1.851075296292753e-02   1.851075296292753e-02

 Columns 13 through 15:

   1.836661265857083e-02   1.836661265857083e-02   1.836661265857083e-02
   1.851078624413358e-02   1.851078624413358e-02   1.851078624413358e-02
   1.851075295440621e-02   1.851075295440621e-02   1.851075295440621e-02
   1.851075296292753e-02   1.851075296292753e-02   1.851075296292753e-02

ans = -1.103465904365254e-21
ans = 5.150423120396521e-21
ans = 5.150423120396521e-21
ans = 5.150423120396521e-21
ans = 5.150423120396521e-21
ans = 5.150423120396521e-21
ans = 5.150423120396521e-21
ans = 5.150423120396521e-21
ans = 5.150423120396521e-21
ans = 5.150423120396521e-21
ans = 5.150423120396521e-21
ans = 5.150423120396521e-21
ans = 5.150423120396521e-21
ans = 5.150423120396521e-21
ans = 5.150423120396521e-21
nbcr = 15
lambda0 = 3.501084296647659
kmpl_prod = 0.180000000000000
 Time :      1.00000
 Time :      2.00000
 Time :      3.01000
 Time :      4.01000
 Time :      5.01000
 Time :      6.01000
 Time :      7.01000
 Time :      8.01000
 Time :      9.01000
 Time :     10.01000
 Time :     11.01000
 Time :     12.01000
 Time :     13.01000
 Time :     14.01000
 Time :     15.01000
 Time :     16.01000
 Time :     17.01000
 Time :     18.00000
 Time :     19.00000
 Time :     20.00000
 Time :     21.00000
 Time :     22.00000
 Time :     23.00000
 Time :     24.00000
 Time :     25.00000
 Time :     26.00000
 Time :     27.00000
 Time :     28.00000
 Time :     29.00000
 Time :     30.00000
 Time :     31.00000
 Time :     32.00000
 Time :     33.00000
 Time :     34.00000
 Time :     35.00000
dtime = 72.27426096796989
mbcr =

 Columns 1 through 3:

   1.487505762139635e-04   4.565111787027054e-03   1.524543658945990e-03

 Columns 4 and 5:

   2.018573597435804e-04   5.526044665163246e-03

agsout =

 Columns 1 through 3:

   6.742080287639577e-01   1.836661265857083e-02   1.836661265857083e-02
   6.078823562196336e-01   1.851078624413358e-02   1.851078624413358e-02
   6.531336973867853e-01   1.851075295440621e-02   1.851075295440621e-02
   6.736519463495290e-01   1.851075296292753e-02   1.851075296292753e-02
   5.941963620492813e-01   1.851075296292539e-02   1.851075296292539e-02

 Columns 4 through 6:

   1.836661265857083e-02   1.836661265857083e-02   1.836661265857083e-02
   1.851078624413358e-02   1.851078624413358e-02   1.851078624413358e-02
   1.851075295440621e-02   1.851075295440621e-02   1.851075295440621e-02
   1.851075296292753e-02   1.851075296292753e-02   1.851075296292753e-02
   1.851075296292539e-02   1.851075296292539e-02   1.851075296292539e-02

 Columns 7 through 9:

   1.836661265857083e-02   1.836661265857083e-02   1.836661265857083e-02
   1.851078624413358e-02   1.851078624413358e-02   1.851078624413358e-02
   1.851075295440621e-02   1.851075295440621e-02   1.851075295440621e-02
   1.851075296292753e-02   1.851075296292753e-02   1.851075296292753e-02
   1.851075296292539e-02   1.851075296292539e-02   1.851075296292539e-02

 Columns 10 through 12:

   1.836661265857083e-02   1.836661265857083e-02   1.836661265857083e-02
   1.851078624413358e-02   1.851078624413358e-02   1.851078624413358e-02
   1.851075295440621e-02   1.851075295440621e-02   1.851075295440621e-02
   1.851075296292753e-02   1.851075296292753e-02   1.851075296292753e-02
   1.851075296292539e-02   1.851075296292539e-02   1.851075296292539e-02

 Columns 13 through 15:

   1.836661265857083e-02   1.836661265857083e-02   1.836661265857083e-02
   1.851078624413358e-02   1.851078624413358e-02   1.851078624413358e-02
   1.851075295440621e-02   1.851075295440621e-02   1.851075295440621e-02
   1.851075296292753e-02   1.851075296292753e-02   1.851075296292753e-02
   1.851075296292539e-02   1.851075296292539e-02   1.851075296292539e-02

ans = -2.735938650110352e-21
ans = 1.851553328320454e-21
ans = 1.851553328320454e-21
ans = 1.851553328320454e-21
ans = 1.851553328320454e-21
ans = 1.851553328320454e-21
ans = 1.851553328320454e-21
ans = 1.851553328320454e-21
ans = 1.851553328320454e-21
ans = 1.851553328320454e-21
ans = 1.851553328320454e-21
ans = 1.851553328320454e-21
ans = 1.851553328320454e-21
ans = 1.851553328320454e-21
ans = 1.851553328320454e-21
nbcr = 15
lambda0 = 3.501084296647659
kmpl_prod = 0.180000000000000
 Time :      1.00000
 Time :      2.00000
 Time :      3.01000
 Time :      4.01000
 Time :      5.01000
 Time :      6.01000
 Time :      7.01000
 Time :      8.01000
 Time :      9.01000
 Time :     10.01000
 Time :     11.01000
 Time :     12.01000
 Time :     13.01000
 Time :     14.01000
 Time :     15.01000
 Time :     16.01000
 Time :     17.01000
 Time :     18.00000
 Time :     19.00000
 Time :     20.00000
 Time :     21.00000
 Time :     22.00000
 Time :     23.00000
 Time :     24.00000
 Time :     25.00000
 Time :     26.00000
 Time :     27.00000
 Time :     28.00000
 Time :     29.00000
 Time :     30.00000
 Time :     31.00000
 Time :     32.00000
 Time :     33.00000
 Time :     34.00000
 Time :     35.00000
dtime = 70.38193568587303
mbcr =

 Columns 1 through 3:

   1.487505762139635e-04   4.565111787027054e-03   1.524543658945990e-03

 Columns 4 through 6:

   2.018573597435804e-04   5.526044665163246e-03   1.381375576720977e-02

agsout =

 Columns 1 through 3:

   6.742080287639577e-01   1.836661265857083e-02   1.836661265857083e-02
   6.078823562196336e-01   1.851078624413358e-02   1.851078624413358e-02
   6.531336973867853e-01   1.851075295440621e-02   1.851075295440621e-02
   6.736519463495290e-01   1.851075296292753e-02   1.851075296292753e-02
   5.941963620492813e-01   1.851075296292539e-02   1.851075296292539e-02
   4.600039907958245e-01   1.851075296292539e-02   1.851075296292539e-02

 Columns 4 through 6:

   1.836661265857083e-02   1.836661265857083e-02   1.836661265857083e-02
   1.851078624413358e-02   1.851078624413358e-02   1.851078624413358e-02
   1.851075295440621e-02   1.851075295440621e-02   1.851075295440621e-02
   1.851075296292753e-02   1.851075296292753e-02   1.851075296292753e-02
   1.851075296292539e-02   1.851075296292539e-02   1.851075296292539e-02
   1.851075296292539e-02   1.851075296292539e-02   1.851075296292539e-02

 Columns 7 through 9:

   1.836661265857083e-02   1.836661265857083e-02   1.836661265857083e-02
   1.851078624413358e-02   1.851078624413358e-02   1.851078624413358e-02
   1.851075295440621e-02   1.851075295440621e-02   1.851075295440621e-02
   1.851075296292753e-02   1.851075296292753e-02   1.851075296292753e-02
   1.851075296292539e-02   1.851075296292539e-02   1.851075296292539e-02
   1.851075296292539e-02   1.851075296292539e-02   1.851075296292539e-02

 Columns 10 through 12:

   1.836661265857083e-02   1.836661265857083e-02   1.836661265857083e-02
   1.851078624413358e-02   1.851078624413358e-02   1.851078624413358e-02
   1.851075295440621e-02   1.851075295440621e-02   1.851075295440621e-02
   1.851075296292753e-02   1.851075296292753e-02   1.851075296292753e-02
   1.851075296292539e-02   1.851075296292539e-02   1.851075296292539e-02
   1.851075296292539e-02   1.851075296292539e-02   1.851075296292539e-02

 Columns 13 through 15:

   1.836661265857083e-02   1.836661265857083e-02   1.836661265857083e-02
   1.851078624413358e-02   1.851078624413358e-02   1.851078624413358e-02
   1.851075295440621e-02   1.851075295440621e-02   1.851075295440621e-02
   1.851075296292753e-02   1.851075296292753e-02   1.851075296292753e-02
   1.851075296292539e-02   1.851075296292539e-02   1.851075296292539e-02
   1.851075296292539e-02   1.851075296292539e-02   1.851075296292539e-02

ans = 5.120325539885668e-21
ans = -4.924696517223310e-21
ans = -4.924696517223310e-21
ans = -4.924696517223310e-21
ans = -4.924696517223310e-21
ans = -4.924696517223310e-21
ans = -4.924696517223310e-21
ans = -4.924696517223310e-21
ans = -4.924696517223310e-21
ans = -4.924696517223310e-21
ans = -4.924696517223310e-21
ans = -4.924696517223310e-21
ans = -4.924696517223310e-21
ans = -4.924696517223310e-21
ans = -4.924696517223310e-21
