warning: function /home/surgeon/flu/amcode/perelson21/1d2agt/4paper/2submit/run.m shadows a core library function
warning: called from
    driver at line 1 column 1

lambda0 = 3.501084296647659
kmpl_prod = 0.180000000000000
dkps =

 Columns 1 through 3:

   8.326904813700047e+00   7.054532443349638e+00   1.125231080734385e+02

 Columns 4 through 6:

   1.986550151560403e+01   2.001501141368356e+01   2.302041120127988e+00

nbcr = 2
lambda0 = 3.501084296647659
kmpl_prod = 0.180000000000000
 Time :      1.00000
 Time :      2.00000
 Time :      3.01000
 Time :      4.01000
 Time :      5.01000
 Time :      6.01000
 Time :      7.01000
 Time :      8.01000
 Time :      9.01000
 Time :     10.01000
 Time :     11.01000
 Time :     12.01000
 Time :     13.01000
 Time :     14.01000
 Time :     15.01000
 Time :     16.01000
 Time :     17.01000
 Time :     18.00000
 Time :     19.00000
 Time :     20.00000
 Time :     21.00000
 Time :     22.00000
 Time :     23.00000
 Time :     24.00000
 Time :     25.00000
 Time :     26.00000
 Time :     27.00000
 Time :     28.00000
 Time :     29.00000
 Time :     30.00000
 Time :     31.00000
 Time :     32.00000
 Time :     33.00000
 Time :     34.00000
 Time :     35.00000
dtime = 4.811007902026176
mbcr = 2.078488834910772e-03
agsout =

   6.742080287639608e-01   1.836660915282758e-02

ans = 5.918815558205985e-21
ans = 1.135220895521928e-20
nbcr = 2
lambda0 = 3.501084296647659
kmpl_prod = 0.180000000000000
 Time :      1.00000
 Time :      2.00000
 Time :      3.01000
 Time :      4.01000
 Time :      5.01000
 Time :      6.01000
 Time :      7.01000
 Time :      8.01000
 Time :      9.01000
 Time :     10.01000
 Time :     11.01000
 Time :     12.01000
 Time :     13.01000
 Time :     14.01000
 Time :     15.01000
 Time :     16.01000
 Time :     17.01000
 Time :     18.00000
 Time :     19.00000
 Time :     20.00000
 Time :     21.00000
 Time :     22.00000
 Time :     23.00000
 Time :     24.00000
 Time :     25.00000
 Time :     26.00000
 Time :     27.00000
 Time :     28.00000
 Time :     29.00000
 Time :     30.00000
 Time :     31.00000
 Time :     32.00000
 Time :     33.00000
 Time :     34.00000
 Time :     35.00000
dtime = 4.732452705502510
mbcr =

   2.078488834910772e-03   6.922708292044470e-03

agsout =

   6.742080287639608e-01   1.836660915282758e-02
   6.689334999227555e-01   1.851078274171282e-02

ans = 9.924351632646229e-21
ans = 2.448179155550633e-21
nbcr = 2
lambda0 = 3.501084296647659
kmpl_prod = 0.180000000000000
 Time :      1.00000
 Time :      2.00000
 Time :      3.01000
 Time :      4.01000
 Time :      5.01000
 Time :      6.01000
 Time :      7.01000
 Time :      8.01000
 Time :      9.01000
 Time :     10.01000
 Time :     11.01000
 Time :     12.01000
 Time :     13.01000
 Time :     14.01000
 Time :     15.01000
 Time :     16.01000
 Time :     17.01000
 Time :     18.00000
 Time :     19.00000
 Time :     20.00000
 Time :     21.00000
 Time :     22.00000
 Time :     23.00000
 Time :     24.00000
 Time :     25.00000
 Time :     26.00000
 Time :     27.00000
 Time :     28.00000
 Time :     29.00000
 Time :     30.00000
 Time :     31.00000
 Time :     32.00000
 Time :     33.00000
 Time :     34.00000
 Time :     35.00000
dtime = 4.836143553256989
mbcr =

   2.078488834910772e-03   6.922708292044470e-03   3.479556459560906e-02

agsout =

   6.742080287639608e-01   1.836660915282758e-02
   6.689334999227555e-01   1.851078274171282e-02
   6.374924816868709e-01   1.851074945194449e-02

ans = -1.987631001433963e-21
ans = 5.317597614663195e-21
nbcr = 2
lambda0 = 3.501084296647659
kmpl_prod = 0.180000000000000
 Time :      1.00000
 Time :      2.00000
 Time :      3.01000
 Time :      4.01000
 Time :      5.01000
 Time :      6.01000
 Time :      7.01000
 Time :      8.01000
 Time :      9.01000
 Time :     10.01000
 Time :     11.01000
 Time :     12.01000
 Time :     13.01000
 Time :     14.01000
 Time :     15.01000
 Time :     16.01000
 Time :     17.01000
 Time :     18.00000
 Time :     19.00000
 Time :     20.00000
 Time :     21.00000
 Time :     22.00000
 Time :     23.00000
 Time :     24.00000
 Time :     25.00000
 Time :     26.00000
 Time :     27.00000
 Time :     28.00000
 Time :     29.00000
 Time :     30.00000
 Time :     31.00000
 Time :     32.00000
 Time :     33.00000
 Time :     34.00000
 Time :     35.00000
dtime = 4.823490232229233
mbcr =

 Columns 1 through 3:

   2.078488834910772e-03   6.922708292044470e-03   3.479556459560906e-02

 Column 4:

   1.681204664869379e-03

agsout =

   6.742080287639608e-01   1.836660915282758e-02
   6.689334999227555e-01   1.851078274171282e-02
   6.374924816868709e-01   1.851074945194449e-02
   6.749684864031672e-01   1.851074946046583e-02

ans = 1.370999585916733e-21
ans = 2.954600290747051e-21
nbcr = 2
lambda0 = 3.501084296647659
kmpl_prod = 0.180000000000000
 Time :      1.00000
 Time :      2.00000
 Time :      3.01000
 Time :      4.01000
 Time :      5.01000
 Time :      6.01000
 Time :      7.01000
 Time :      8.01000
 Time :      9.01000
 Time :     10.01000
 Time :     11.01000
 Time :     12.01000
 Time :     13.01000
 Time :     14.01000
 Time :     15.01000
 Time :     16.01000
 Time :     17.01000
 Time :     18.00000
 Time :     19.00000
 Time :     20.00000
 Time :     21.00000
 Time :     22.00000
 Time :     23.00000
 Time :     24.00000
 Time :     25.00000
 Time :     26.00000
 Time :     27.00000
 Time :     28.00000
 Time :     29.00000
 Time :     30.00000
 Time :     31.00000
 Time :     32.00000
 Time :     33.00000
 Time :     34.00000
 Time :     35.00000
dtime = 4.914789274334908
mbcr =

 Columns 1 through 3:

   2.078488834910772e-03   6.922708292044470e-03   3.479556459560906e-02

 Columns 4 and 5:

   1.681204664869379e-03   2.074859835296745e-03

agsout =

   6.742080287639608e-01   1.836660915282758e-02
   6.689334999227555e-01   1.851078274171282e-02
   6.374924816868709e-01   1.851074945194449e-02
   6.749684864031672e-01   1.851074946046583e-02
   6.744944020341831e-01   1.851074946046368e-02

ans = 9.024068832484631e-21
ans = 3.043519783215800e-21
nbcr = 2
lambda0 = 3.501084296647659
kmpl_prod = 0.180000000000000
 Time :      1.00000
 Time :      2.00000
 Time :      3.01000
 Time :      4.01000
 Time :      5.01000
 Time :      6.01000
 Time :      7.01000
 Time :      8.01000
 Time :      9.01000
 Time :     10.01000
 Time :     11.01000
 Time :     12.01000
 Time :     13.01000
 Time :     14.01000
 Time :     15.01000
 Time :     16.01000
 Time :     17.01000
 Time :     18.00000
 Time :     19.00000
 Time :     20.00000
 Time :     21.00000
 Time :     22.00000
 Time :     23.00000
 Time :     24.00000
 Time :     25.00000
 Time :     26.00000
 Time :     27.00000
 Time :     28.00000
 Time :     29.00000
 Time :     30.00000
 Time :     31.00000
 Time :     32.00000
 Time :     33.00000
 Time :     34.00000
 Time :     35.00000
dtime = 4.819245636463165
mbcr =

 Columns 1 through 3:

   2.078488834910772e-03   6.922708292044470e-03   3.479556459560906e-02

 Columns 4 through 6:

   1.681204664869379e-03   2.074859835296745e-03   2.426608605522007e-03

agsout =

   6.742080287639608e-01   1.836660915282758e-02
   6.689334999227555e-01   1.851078274171282e-02
   6.374924816868709e-01   1.851074945194449e-02
   6.749684864031672e-01   1.851074946046583e-02
   6.744944020341831e-01   1.851074946046368e-02
   6.740902309093993e-01   1.851074946046368e-02

ans = 4.071310374539173e-21
ans = 6.431652380026569e-21
dkps =

 Columns 1 through 3:

   3.094103513542662e+01   7.914024663625727e+00   2.908685473297614e+00

 Columns 4 through 6:

   5.629347026194298e+00   9.932902386292946e+01   9.603084866223639e-01

nbcr = 3
lambda0 = 3.501084296647659
kmpl_prod = 0.180000000000000
 Time :      1.00000
 Time :      2.00000
 Time :      3.01000
 Time :      4.01000
 Time :      5.01000
 Time :      6.01000
 Time :      7.01000
 Time :      8.01000
 Time :      9.01000
 Time :     10.01000
 Time :     11.01000
 Time :     12.01000
 Time :     13.01000
 Time :     14.01000
 Time :     15.01000
 Time :     16.01000
 Time :     17.01000
 Time :     18.00000
 Time :     19.00000
 Time :     20.00000
 Time :     21.00000
 Time :     22.00000
 Time :     23.00000
 Time :     24.00000
 Time :     25.00000
 Time :     26.00000
 Time :     27.00000
 Time :     28.00000
 Time :     29.00000
 Time :     30.00000
 Time :     31.00000
 Time :     32.00000
 Time :     33.00000
 Time :     34.00000
 Time :     35.00000
dtime = 11.63522154092789
mbcr = 1.040325567184357e-03
agsout =

   6.742080287639607e-01   1.836660953593613e-02   1.836660953593613e-02

ans = 6.216780237851935e-21
ans = 1.729191182180127e-21
ans = 1.729191182180127e-21
nbcr = 3
lambda0 = 3.501084296647659
kmpl_prod = 0.180000000000000
 Time :      1.00000
 Time :      2.00000
 Time :      3.01000
 Time :      4.01000
 Time :      5.01000
 Time :      6.01000
 Time :      7.01000
 Time :      8.01000
 Time :      9.01000
 Time :     10.01000
 Time :     11.01000
 Time :     12.01000
 Time :     13.01000
 Time :     14.01000
 Time :     15.01000
 Time :     16.01000
 Time :     17.01000
 Time :     18.00000
 Time :     19.00000
 Time :     20.00000
 Time :     21.00000
 Time :     22.00000
 Time :     23.00000
 Time :     24.00000
 Time :     25.00000
 Time :     26.00000
 Time :     27.00000
 Time :     28.00000
 Time :     29.00000
 Time :     30.00000
 Time :     31.00000
 Time :     32.00000
 Time :     33.00000
 Time :     34.00000
 Time :     35.00000
dtime = 12.31852099299431
mbcr =

   1.040325567184357e-03   8.615963659101022e-04

agsout =

   6.742080287639607e-01   1.836660953593613e-02   1.836660953593613e-02
   6.749122146120377e-01   1.851078312299398e-02   1.851078312299398e-02

ans = 4.732061019747874e-21
ans = 1.325407247468272e-20
ans = 1.325407247468272e-20
nbcr = 3
lambda0 = 3.501084296647659
kmpl_prod = 0.180000000000000
 Time :      1.00000
 Time :      2.00000
 Time :      3.01000
 Time :      4.01000
 Time :      5.01000
 Time :      6.01000
 Time :      7.01000
 Time :      8.01000
 Time :      9.01000
 Time :     10.01000
 Time :     11.01000
 Time :     12.01000
 Time :     13.01000
 Time :     14.01000
 Time :     15.01000
 Time :     16.01000
 Time :     17.01000
 Time :     18.00000
 Time :     19.00000
 Time :     20.00000
 Time :     21.00000
 Time :     22.00000
 Time :     23.00000
 Time :     24.00000
 Time :     25.00000
 Time :     26.00000
 Time :     27.00000
 Time :     28.00000
 Time :     29.00000
 Time :     30.00000
 Time :     31.00000
 Time :     32.00000
 Time :     33.00000
 Time :     34.00000
 Time :     35.00000
dtime = 11.92485988140106
mbcr =

   1.040325567184357e-03   8.615963659101022e-04   4.806175845411230e-03

agsout =

   6.742080287639607e-01   1.836660953593613e-02   1.836660953593613e-02
   6.749122146120377e-01   1.851078312299398e-02   1.851078312299398e-02
   6.659402357020655e-01   1.851074983324547e-02   1.851074983324547e-02

ans = 6.973278370560857e-21
ans = 5.603652664796657e-21
ans = 5.603652664796657e-21
nbcr = 3
lambda0 = 3.501084296647659
kmpl_prod = 0.180000000000000
 Time :      1.00000
 Time :      2.00000
 Time :      3.01000
 Time :      4.01000
 Time :      5.01000
 Time :      6.01000
 Time :      7.01000
 Time :      8.01000
 Time :      9.01000
 Time :     10.01000
 Time :     11.01000
 Time :     12.01000
 Time :     13.01000
 Time :     14.01000
 Time :     15.01000
 Time :     16.01000
 Time :     17.01000
 Time :     18.00000
 Time :     19.00000
 Time :     20.00000
 Time :     21.00000
 Time :     22.00000
 Time :     23.00000
 Time :     24.00000
 Time :     25.00000
 Time :     26.00000
 Time :     27.00000
 Time :     28.00000
 Time :     29.00000
 Time :     30.00000
 Time :     31.00000
 Time :     32.00000
 Time :     33.00000
 Time :     34.00000
 Time :     35.00000
dtime = 11.69255375862122
mbcr =

 Columns 1 through 3:

   1.040325567184357e-03   8.615963659101022e-04   4.806175845411230e-03

 Column 4:

   6.093266256293300e-02

agsout =

   6.742080287639607e-01   1.836660953593613e-02   1.836660953593613e-02
   6.749122146120377e-01   1.851078312299398e-02   1.851078312299398e-02
   6.659402357020655e-01   1.851074983324547e-02   1.851074983324547e-02
   5.387114074230859e-01   1.851074984176682e-02   1.851074984176682e-02

ans = -4.016491786524866e-21
ans = -6.924376567501844e-21
ans = -6.924376567501844e-21
nbcr = 3
lambda0 = 3.501084296647659
kmpl_prod = 0.180000000000000
 Time :      1.00000
 Time :      2.00000
 Time :      3.01000
 Time :      4.01000
 Time :      5.01000
 Time :      6.01000
 Time :      7.01000
 Time :      8.01000
 Time :      9.01000
 Time :     10.01000
 Time :     11.01000
 Time :     12.01000
 Time :     13.01000
 Time :     14.01000
 Time :     15.01000
 Time :     16.01000
 Time :     17.01000
 Time :     18.00000
 Time :     19.00000
 Time :     20.00000
 Time :     21.00000
 Time :     22.00000
 Time :     23.00000
 Time :     24.00000
 Time :     25.00000
 Time :     26.00000
 Time :     27.00000
 Time :     28.00000
 Time :     29.00000
 Time :     30.00000
 Time :     31.00000
 Time :     32.00000
 Time :     33.00000
 Time :     34.00000
 Time :     35.00000
dtime = 12.63075023889542
mbcr =

 Columns 1 through 3:

   1.040325567184357e-03   8.615963659101022e-04   4.806175845411230e-03

 Columns 4 and 5:

   6.093266256293300e-02   4.993785810897293e-02

agsout =

   6.742080287639607e-01   1.836660953593613e-02   1.836660953593613e-02
   6.749122146120377e-01   1.851078312299398e-02   1.851078312299398e-02
   6.659402357020655e-01   1.851074983324547e-02   1.851074983324547e-02
   5.387114074230859e-01   1.851074984176682e-02   1.851074984176682e-02
   5.657943518199852e-01   1.851074984176467e-02   1.851074984176467e-02

ans = -4.441837104787583e-21
ans = -3.446563536682263e-21
ans = -3.446563536682263e-21
nbcr = 3
lambda0 = 3.501084296647659
kmpl_prod = 0.180000000000000
 Time :      1.00000
 Time :      2.00000
 Time :      3.01000
 Time :      4.01000
 Time :      5.01000
 Time :      6.01000
 Time :      7.01000
 Time :      8.01000
 Time :      9.01000
 Time :     10.01000
 Time :     11.01000
 Time :     12.01000
 Time :     13.01000
 Time :     14.01000
 Time :     15.01000
 Time :     16.01000
 Time :     17.01000
 Time :     18.00000
 Time :     19.00000
 Time :     20.00000
 Time :     21.00000
 Time :     22.00000
 Time :     23.00000
 Time :     24.00000
 Time :     25.00000
 Time :     26.00000
 Time :     27.00000
 Time :     28.00000
 Time :     29.00000
 Time :     30.00000
 Time :     31.00000
 Time :     32.00000
 Time :     33.00000
 Time :     34.00000
 Time :     35.00000
dtime = 11.94101348519325
mbcr =

 Columns 1 through 3:

   1.040325567184357e-03   8.615963659101022e-04   4.806175845411230e-03

 Columns 4 through 6:

   6.093266256293300e-02   4.993785810897293e-02   9.642907038701047e-04

agsout =

   6.742080287639607e-01   1.836660953593613e-02   1.836660953593613e-02
   6.749122146120377e-01   1.851078312299398e-02   1.851078312299398e-02
   6.659402357020655e-01   1.851074983324547e-02   1.851074983324547e-02
   5.387114074230859e-01   1.851074984176682e-02   1.851074984176682e-02
   5.657943518199852e-01   1.851074984176467e-02   1.851074984176467e-02
   6.746848139064147e-01   1.851074984176466e-02   1.851074984176466e-02

ans = 6.509292234401489e-21
ans = -6.834777720643293e-21
ans = -6.834777720643293e-21
dkps =

 Columns 1 through 3:

   1.089535638570492e+01   4.703692928465607e+01   3.194736493541405e+00

 Columns 4 through 6:

   1.353319715613210e+02   6.009748612363835e+01   1.483129983754986e+01

nbcr = 4
lambda0 = 3.501084296647659
kmpl_prod = 0.180000000000000
 Time :      1.00000
 Time :      2.00000
 Time :      3.01000
 Time :      4.01000
 Time :      5.01000
 Time :      6.01000
 Time :      7.01000
 Time :      8.01000
 Time :      9.01000
 Time :     10.01000
 Time :     11.01000
 Time :     12.01000
 Time :     13.01000
 Time :     14.01000
 Time :     15.01000
 Time :     16.01000
 Time :     17.01000
 Time :     18.00000
 Time :     19.00000
 Time :     20.00000
 Time :     21.00000
 Time :     22.00000
 Time :     23.00000
 Time :     24.00000
 Time :     25.00000
 Time :     26.00000
 Time :     27.00000
 Time :     28.00000
 Time :     29.00000
 Time :     30.00000
 Time :     31.00000
 Time :     32.00000
 Time :     33.00000
 Time :     34.00000
 Time :     35.00000
dtime = 18.05363371968269
mbcr = 6.937909670208977e-04
agsout =

 Columns 1 through 3:

   6.742080287639606e-01   1.836660966798283e-02   1.836660966798283e-02

 Column 4:

   1.836660966798283e-02

ans = -1.080609700932870e-21
ans = 7.022034770777819e-21
ans = 7.022034770777819e-21
ans = 7.022034770777819e-21
nbcr = 4
lambda0 = 3.501084296647659
kmpl_prod = 0.180000000000000
 Time :      1.00000
 Time :      2.00000
 Time :      3.01000
 Time :      4.01000
 Time :      5.01000
 Time :      6.01000
 Time :      7.01000
 Time :      8.01000
 Time :      9.01000
 Time :     10.01000
 Time :     11.01000
 Time :     12.01000
 Time :     13.01000
 Time :     14.01000
 Time :     15.01000
 Time :     16.01000
 Time :     17.01000
 Time :     18.00000
 Time :     19.00000
 Time :     20.00000
 Time :     21.00000
 Time :     22.00000
 Time :     23.00000
 Time :     24.00000
 Time :     25.00000
 Time :     26.00000
 Time :     27.00000
 Time :     28.00000
 Time :     29.00000
 Time :     30.00000
 Time :     31.00000
 Time :     32.00000
 Time :     33.00000
 Time :     34.00000
 Time :     35.00000
dtime = 17.91386380791664
mbcr =

   6.937909670208977e-04   1.315423883110957e-03

agsout =

 Columns 1 through 3:

   6.742080287639606e-01   1.836660966798283e-02   1.836660966798283e-02
   6.723369266825402e-01   1.851078325711324e-02   1.851078325711324e-02

 Column 4:

   1.836660966798283e-02
   1.851078325711324e-02

ans = -1.113125297890406e-21
ans = 7.975001766401460e-21
ans = 7.975001766401460e-21
ans = 7.975001766401460e-21
nbcr = 4
lambda0 = 3.501084296647659
kmpl_prod = 0.180000000000000
 Time :      1.00000
 Time :      2.00000
 Time :      3.01000
 Time :      4.01000
 Time :      5.01000
 Time :      6.01000
 Time :      7.01000
 Time :      8.01000
 Time :      9.01000
 Time :     10.01000
 Time :     11.01000
 Time :     12.01000
 Time :     13.01000
 Time :     14.01000
 Time :     15.01000
 Time :     16.01000
 Time :     17.01000
 Time :     18.00000
 Time :     19.00000
 Time :     20.00000
 Time :     21.00000
 Time :     22.00000
 Time :     23.00000
 Time :     24.00000
 Time :     25.00000
 Time :     26.00000
 Time :     27.00000
 Time :     28.00000
 Time :     29.00000
 Time :     30.00000
 Time :     31.00000
 Time :     32.00000
 Time :     33.00000
 Time :     34.00000
 Time :     35.00000
dtime = 17.88974404335022
mbcr =

   6.937909670208977e-04   1.315423883110957e-03   5.885335950260468e-04

agsout =

 Columns 1 through 3:

   6.742080287639606e-01   1.836660966798283e-02   1.836660966798283e-02
   6.723369266825402e-01   1.851078325711324e-02   1.851078325711324e-02
   6.748672314217915e-01   1.851074996736901e-02   1.851074996736901e-02

 Column 4:

   1.836660966798283e-02
   1.851078325711324e-02
   1.851074996736901e-02

ans = -1.134973908852302e-20
ans = 7.027726484250523e-21
ans = 7.027726484250523e-21
ans = 7.027726484250523e-21
nbcr = 4
lambda0 = 3.501084296647659
kmpl_prod = 0.180000000000000
 Time :      1.00000
 Time :      2.00000
 Time :      3.01000
 Time :      4.01000
 Time :      5.01000
 Time :      6.01000
 Time :      7.01000
 Time :      8.01000
 Time :      9.01000
 Time :     10.01000
 Time :     11.01000
 Time :     12.01000
 Time :     13.01000
 Time :     14.01000
 Time :     15.01000
 Time :     16.01000
 Time :     17.01000
 Time :     18.00000
 Time :     19.00000
 Time :     20.00000
 Time :     21.00000
 Time :     22.00000
 Time :     23.00000
 Time :     24.00000
 Time :     25.00000
 Time :     26.00000
 Time :     27.00000
 Time :     28.00000
 Time :     29.00000
 Time :     30.00000
 Time :     31.00000
 Time :     32.00000
 Time :     33.00000
 Time :     34.00000
 Time :     35.00000
dtime = 17.86789745092392
mbcr =

 Columns 1 through 3:

   6.937909670208977e-04   1.315423883110957e-03   5.885335950260468e-04

 Column 4:

   1.926551317034007e-02

agsout =

 Columns 1 through 3:

   6.742080287639606e-01   1.836660966798283e-02   1.836660966798283e-02
   6.723369266825402e-01   1.851078325711324e-02   1.851078325711324e-02
   6.748672314217915e-01   1.851074996736901e-02   1.851074996736901e-02
   6.135240038750683e-01   1.851074997589035e-02   1.851074997589035e-02

 Column 4:

   1.836660966798283e-02
   1.851078325711324e-02
   1.851074996736901e-02
   1.851074997589035e-02

ans = 6.406809496668702e-21
ans = 1.276587677794374e-21
ans = 1.276587677794374e-21
ans = 1.276587677794374e-21
nbcr = 4
lambda0 = 3.501084296647659
kmpl_prod = 0.180000000000000
 Time :      1.00000
 Time :      2.00000
 Time :      3.01000
 Time :      4.01000
 Time :      5.01000
 Time :      6.01000
 Time :      7.01000
 Time :      8.01000
 Time :      9.01000
 Time :     10.01000
 Time :     11.01000
 Time :     12.01000
 Time :     13.01000
 Time :     14.01000
 Time :     15.01000
 Time :     16.01000
 Time :     17.01000
 Time :     18.00000
 Time :     19.00000
 Time :     20.00000
 Time :     21.00000
 Time :     22.00000
 Time :     23.00000
 Time :     24.00000
 Time :     25.00000
 Time :     26.00000
 Time :     27.00000
 Time :     28.00000
 Time :     29.00000
 Time :     30.00000
 Time :     31.00000
 Time :     32.00000
 Time :     33.00000
 Time :     34.00000
 Time :     35.00000
dtime = 17.88696795701981
mbcr =

 Columns 1 through 3:

   6.937909670208977e-04   1.315423883110957e-03   5.885335950260468e-04

 Columns 4 and 5:

   1.926551317034007e-02   5.476955312408065e-04

agsout =

 Columns 1 through 3:

   6.742080287639606e-01   1.836660966798283e-02   1.836660966798283e-02
   6.723369266825402e-01   1.851078325711324e-02   1.851078325711324e-02
   6.748672314217915e-01   1.851074996736901e-02   1.851074996736901e-02
   6.135240038750683e-01   1.851074997589035e-02   1.851074997589035e-02
   6.750157309848602e-01   1.851074997588821e-02   1.851074997588821e-02

 Column 4:

   1.836660966798283e-02
   1.851078325711324e-02
   1.851074996736901e-02
   1.851074997589035e-02
   1.851074997588821e-02

ans = 2.651712848473232e-21
ans = 4.753369156228965e-21
ans = 4.753369156228965e-21
ans = 4.753369156228965e-21
nbcr = 4
lambda0 = 3.501084296647659
kmpl_prod = 0.180000000000000
 Time :      1.00000
 Time :      2.00000
 Time :      3.01000
 Time :      4.01000
 Time :      5.01000
 Time :      6.01000
 Time :      7.01000
 Time :      8.01000
 Time :      9.01000
 Time :     10.01000
 Time :     11.01000
 Time :     12.01000
 Time :     13.01000
 Time :     14.01000
 Time :     15.01000
 Time :     16.01000
 Time :     17.01000
 Time :     18.00000
 Time :     19.00000
 Time :     20.00000
 Time :     21.00000
 Time :     22.00000
 Time :     23.00000
 Time :     24.00000
 Time :     25.00000
 Time :     26.00000
 Time :     27.00000
 Time :     28.00000
 Time :     29.00000
 Time :     30.00000
 Time :     31.00000
 Time :     32.00000
 Time :     33.00000
 Time :     34.00000
 Time :     35.00000
dtime = 18.12372989952564
mbcr =

 Columns 1 through 3:

   6.937909670208977e-04   1.315423883110957e-03   5.885335950260468e-04

 Columns 4 through 6:

   1.926551317034007e-02   5.476955312408065e-04   5.315215689065166e-04

agsout =

 Columns 1 through 3:

   6.742080287639606e-01   1.836660966798283e-02   1.836660966798283e-02
   6.723369266825402e-01   1.851078325711324e-02   1.851078325711324e-02
   6.748672314217915e-01   1.851074996736901e-02   1.851074996736901e-02
   6.135240038750683e-01   1.851074997589035e-02   1.851074997589035e-02
   6.750157309848602e-01   1.851074997588821e-02   1.851074997588821e-02
   6.750708769304913e-01   1.851074997588821e-02   1.851074997588821e-02

 Column 4:

   1.836660966798283e-02
   1.851078325711324e-02
   1.851074996736901e-02
   1.851074997589035e-02
   1.851074997588821e-02
   1.851074997588821e-02

ans = 1.090163995150708e-20
ans = 4.753370771816099e-21
ans = 4.753370771816099e-21
ans = 4.753370771816099e-21
dkps =

 Columns 1 through 3:

   2.919164163157557e+00   2.418395173025738e+01   1.794202274957298e+01

 Columns 4 through 6:

   1.067357249131679e+01   2.441124764343509e+00   1.716197342721736e+00

nbcr = 5
lambda0 = 3.501084296647659
kmpl_prod = 0.180000000000000
 Time :      1.00000
 Time :      2.00000
 Time :      3.01000
 Time :      4.01000
 Time :      5.01000
 Time :      6.01000
 Time :      7.01000
 Time :      8.01000
 Time :      9.01000
 Time :     10.01000
 Time :     11.01000
 Time :     12.01000
 Time :     13.01000
 Time :     14.01000
 Time :     15.01000
 Time :     16.01000
 Time :     17.01000
 Time :     18.00000
 Time :     19.00000
 Time :     20.00000
 Time :     21.00000
 Time :     22.00000
 Time :     23.00000
 Time :     24.00000
 Time :     25.00000
 Time :     26.00000
 Time :     27.00000
 Time :     28.00000
 Time :     29.00000
 Time :     30.00000
 Time :     31.00000
 Time :     32.00000
 Time :     33.00000
 Time :     34.00000
 Time :     35.00000
dtime = 22.95796237885952
mbcr = 5.204334879503112e-04
agsout =

 Columns 1 through 3:

   6.742080287639596e-01   1.836661118562896e-02   1.836661118562896e-02

 Columns 4 and 5:

   1.836661118562896e-02   1.836661118562896e-02

ans = 1.028757370023891e-20
ans = 3.817491841307641e-21
ans = 3.817491841307641e-21
ans = 3.817491841307641e-21
ans = 3.817491841307641e-21
nbcr = 5
lambda0 = 3.501084296647659
kmpl_prod = 0.180000000000000
 Time :      1.00000
 Time :      2.00000
 Time :      3.01000
 Time :      4.01000
 Time :      5.01000
 Time :      6.01000
 Time :      7.01000
 Time :      8.01000
 Time :      9.01000
 Time :     10.01000
 Time :     11.01000
 Time :     12.01000
 Time :     13.01000
 Time :     14.01000
 Time :     15.01000
 Time :     16.01000
 Time :     17.01000
 Time :     18.00000
 Time :     19.00000
 Time :     20.00000
 Time :     21.00000
 Time :     22.00000
 Time :     23.00000
 Time :     24.00000
 Time :     25.00000
 Time :     26.00000
 Time :     27.00000
 Time :     28.00000
 Time :     29.00000
 Time :     30.00000
 Time :     31.00000
 Time :     32.00000
 Time :     33.00000
 Time :     34.00000
 Time :     35.00000
dtime = 22.77269884943962
mbcr =

   5.204334879503112e-04   1.371629787360598e-02

agsout =

 Columns 1 through 3:

   6.742080287639596e-01   1.836661118562896e-02   1.836661118562896e-02
   6.168682124853198e-01   1.851078474944624e-02   1.851078474944624e-02

 Columns 4 and 5:

   1.836661118562896e-02   1.836661118562896e-02
   1.851078474944624e-02   1.851078474944624e-02

ans = -8.058177038815654e-21
ans = 3.046679063856127e-21
ans = 3.046679063856127e-21
ans = 3.046679063856127e-21
ans = 3.046679063856127e-21
nbcr = 5
lambda0 = 3.501084296647659
kmpl_prod = 0.180000000000000
 Time :      1.00000
 Time :      2.00000
 Time :      3.01000
 Time :      4.01000
 Time :      5.01000
 Time :      6.01000
 Time :      7.01000
 Time :      8.01000
 Time :      9.01000
 Time :     10.01000
 Time :     11.01000
 Time :     12.01000
 Time :     13.01000
 Time :     14.01000
 Time :     15.01000
 Time :     16.01000
 Time :     17.01000
 Time :     18.00000
 Time :     19.00000
 Time :     20.00000
 Time :     21.00000
 Time :     22.00000
 Time :     23.00000
 Time :     24.00000
 Time :     25.00000
 Time :     26.00000
 Time :     27.00000
 Time :     28.00000
 Time :     29.00000
 Time :     30.00000
 Time :     31.00000
 Time :     32.00000
 Time :     33.00000
 Time :     34.00000
 Time :     35.00000
dtime = 22.88529127836227
mbcr =

   5.204334879503112e-04   1.371629787360598e-02   1.400766962074585e-03

agsout =

 Columns 1 through 3:

   6.742080287639596e-01   1.836661118562896e-02   1.836661118562896e-02
   6.168682124853198e-01   1.851078474944624e-02   1.851078474944624e-02
   6.704911798861833e-01   1.851075145971649e-02   1.851075145971649e-02

 Columns 4 and 5:

   1.836661118562896e-02   1.836661118562896e-02
   1.851078474944624e-02   1.851078474944624e-02
   1.851075145971649e-02   1.851075145971649e-02

ans = 3.844885029930554e-21
ans = -4.592544727192056e-21
ans = -4.592544727192056e-21
ans = -4.592544727192056e-21
ans = -4.592544727192056e-21
nbcr = 5
lambda0 = 3.501084296647659
kmpl_prod = 0.180000000000000
 Time :      1.00000
 Time :      2.00000
 Time :      3.01000
 Time :      4.01000
 Time :      5.01000
 Time :      6.01000
 Time :      7.01000
 Time :      8.01000
 Time :      9.01000
 Time :     10.01000
 Time :     11.01000
 Time :     12.01000
 Time :     13.01000
 Time :     14.01000
 Time :     15.01000
 Time :     16.01000
 Time :     17.01000
 Time :     18.00000
 Time :     19.00000
 Time :     20.00000
 Time :     21.00000
 Time :     22.00000
 Time :     23.00000
 Time :     24.00000
 Time :     25.00000
 Time :     26.00000
 Time :     27.00000
 Time :     28.00000
 Time :     29.00000
 Time :     30.00000
 Time :     31.00000
 Time :     32.00000
 Time :     33.00000
 Time :     34.00000
 Time :     35.00000
dtime = 22.80094251036644
mbcr =

 Columns 1 through 3:

   5.204334879503112e-04   1.371629787360598e-02   1.400766962074585e-03

 Column 4:

   1.694048214290970e-03

agsout =

 Columns 1 through 3:

   6.742080287639596e-01   1.836661118562896e-02   1.836661118562896e-02
   6.168682124853198e-01   1.851078474944624e-02   1.851078474944624e-02
   6.704911798861833e-01   1.851075145971649e-02   1.851075145971649e-02
   6.691744056180472e-01   1.851075146823783e-02   1.851075146823783e-02

 Columns 4 and 5:

   1.836661118562896e-02   1.836661118562896e-02
   1.851078474944624e-02   1.851078474944624e-02
   1.851075145971649e-02   1.851075145971649e-02
   1.851075146823783e-02   1.851075146823783e-02

ans = 2.508862223886774e-21
ans = 6.596691875895804e-21
ans = 6.596691875895804e-21
ans = 6.596691875895804e-21
ans = 6.596691875895804e-21
nbcr = 5
lambda0 = 3.501084296647659
kmpl_prod = 0.180000000000000
 Time :      1.00000
 Time :      2.00000
 Time :      3.01000
 Time :      4.01000
 Time :      5.01000
 Time :      6.01000
 Time :      7.01000
 Time :      8.01000
 Time :      9.01000
 Time :     10.01000
 Time :     11.01000
 Time :     12.01000
 Time :     13.01000
 Time :     14.01000
 Time :     15.01000
 Time :     16.01000
 Time :     17.01000
 Time :     18.00000
 Time :     19.00000
 Time :     20.00000
 Time :     21.00000
 Time :     22.00000
 Time :     23.00000
 Time :     24.00000
 Time :     25.00000
 Time :     26.00000
 Time :     27.00000
 Time :     28.00000
 Time :     29.00000
 Time :     30.00000
 Time :     31.00000
 Time :     32.00000
 Time :     33.00000
 Time :     34.00000
 Time :     35.00000
dtime = 22.82297015190125
mbcr =

 Columns 1 through 3:

   5.204334879503112e-04   1.371629787360598e-02   1.400766962074585e-03

 Columns 4 and 5:

   1.694048214290970e-03   4.886371739816817e-03

agsout =

 Columns 1 through 3:

   6.742080287639596e-01   1.836661118562896e-02   1.836661118562896e-02
   6.168682124853198e-01   1.851078474944624e-02   1.851078474944624e-02
   6.704911798861833e-01   1.851075145971649e-02   1.851075145971649e-02
   6.691744056180472e-01   1.851075146823783e-02   1.851075146823783e-02
   6.550124253854146e-01   1.851075146823568e-02   1.851075146823568e-02

 Columns 4 and 5:

   1.836661118562896e-02   1.836661118562896e-02
   1.851078474944624e-02   1.851078474944624e-02
   1.851075145971649e-02   1.851075145971649e-02
   1.851075146823783e-02   1.851075146823783e-02
   1.851075146823568e-02   1.851075146823568e-02

ans = 7.824601913345993e-21
ans = 1.007389986933374e-20
ans = 1.007389986933374e-20
ans = 1.007389986933374e-20
ans = 1.007389986933374e-20
nbcr = 5
lambda0 = 3.501084296647659
kmpl_prod = 0.180000000000000
 Time :      1.00000
 Time :      2.00000
 Time :      3.01000
 Time :      4.01000
 Time :      5.01000
 Time :      6.01000
 Time :      7.01000
 Time :      8.01000
 Time :      9.01000
 Time :     10.01000
 Time :     11.01000
 Time :     12.01000
 Time :     13.01000
 Time :     14.01000
 Time :     15.01000
 Time :     16.01000
 Time :     17.01000
 Time :     18.00000
 Time :     19.00000
 Time :     20.00000
 Time :     21.00000
 Time :     22.00000
 Time :     23.00000
 Time :     24.00000
 Time :     25.00000
 Time :     26.00000
 Time :     27.00000
 Time :     28.00000
 Time :     29.00000
 Time :     30.00000
 Time :     31.00000
 Time :     32.00000
 Time :     33.00000
 Time :     34.00000
 Time :     35.00000
dtime = 22.72929735481739
mbcr =

 Columns 1 through 3:

   5.204334879503112e-04   1.371629787360598e-02   1.400766962074585e-03

 Columns 4 through 6:

   1.694048214290970e-03   4.886371739816817e-03   4.075333912701309e-02

agsout =

 Columns 1 through 3:

   6.742080287639596e-01   1.836661118562896e-02   1.836661118562896e-02
   6.168682124853198e-01   1.851078474944624e-02   1.851078474944624e-02
   6.704911798861833e-01   1.851075145971649e-02   1.851075145971649e-02
   6.691744056180472e-01   1.851075146823783e-02   1.851075146823783e-02
   6.550124253854146e-01   1.851075146823568e-02   1.851075146823568e-02
   4.923908091505582e-01   1.851075146823568e-02   1.851075146823568e-02

 Columns 4 and 5:

   1.836661118562896e-02   1.836661118562896e-02
   1.851078474944624e-02   1.851078474944624e-02
   1.851075145971649e-02   1.851075145971649e-02
   1.851075146823783e-02   1.851075146823783e-02
   1.851075146823568e-02   1.851075146823568e-02
   1.851075146823568e-02   1.851075146823568e-02

ans = 5.531977141601511e-21
ans = 6.685766464729407e-21
ans = 6.685766464729407e-21
ans = 6.685766464729407e-21
ans = 6.685766464729407e-21
dkps =

 Columns 1 through 3:

   4.022216880375529e+00   6.930127901236207e+01   5.674389569324242e+01

 Columns 4 through 6:

   6.949638817432379e+00   8.747153554928868e+00   1.013530061288789e+02

nbcr = 7
lambda0 = 3.501084296647659
kmpl_prod = 0.180000000000000
 Time :      1.00000
 Time :      2.00000
 Time :      3.01000
 Time :      4.01000
 Time :      5.01000
 Time :      6.01000
 Time :      7.01000
 Time :      8.01000
 Time :      9.01000
 Time :     10.01000
 Time :     11.01000
 Time :     12.01000
 Time :     13.01000
 Time :     14.01000
 Time :     15.01000
 Time :     16.01000
 Time :     17.01000
 Time :     18.00000
 Time :     19.00000
 Time :     20.00000
 Time :     21.00000
 Time :     22.00000
 Time :     23.00000
 Time :     24.00000
 Time :     25.00000
 Time :     26.00000
 Time :     27.00000
 Time :     28.00000
 Time :     29.00000
 Time :     30.00000
 Time :     31.00000
 Time :     32.00000
 Time :     33.00000
 Time :     34.00000
 Time :     35.00000
dtime = 32.38113597035408
mbcr = 3.470158557827639e-04
agsout =

 Columns 1 through 3:

   6.742080287639588e-01   1.836661199597198e-02   1.836661199597198e-02

 Columns 4 through 6:

   1.836661199597198e-02   1.836661199597198e-02   1.836661199597198e-02

 Column 7:

   1.836661199597198e-02

ans = 3.105104626062831e-21
ans = -4.832545042693208e-21
ans = -4.832545042693208e-21
ans = -4.832545042693208e-21
ans = -4.832545042693208e-21
ans = -4.832545042693208e-21
ans = -4.832545042693208e-21
nbcr = 7
lambda0 = 3.501084296647659
kmpl_prod = 0.180000000000000
 Time :      1.00000
 Time :      2.00000
 Time :      3.01000
 Time :      4.01000
 Time :      5.01000
 Time :      6.01000
 Time :      7.01000
 Time :      8.01000
 Time :      9.01000
 Time :     10.01000
 Time :     11.01000
 Time :     12.01000
 Time :     13.01000
 Time :     14.01000
 Time :     15.01000
 Time :     16.01000
 Time :     17.01000
 Time :     18.00000
 Time :     19.00000
 Time :     20.00000
 Time :     21.00000
 Time :     22.00000
 Time :     23.00000
 Time :     24.00000
 Time :     25.00000
 Time :     26.00000
 Time :     27.00000
 Time :     28.00000
 Time :     29.00000
 Time :     30.00000
 Time :     31.00000
 Time :     32.00000
 Time :     33.00000
 Time :     34.00000
 Time :     35.00000
dtime = 32.25778117775917
mbcr =

   3.470158557827639e-04   4.900819234825352e-03

agsout =

 Columns 1 through 3:

   6.742080287639588e-01   1.836661199597198e-02   1.836661199597198e-02
   6.442937217151635e-01   1.851078557607810e-02   1.851078557607810e-02

 Columns 4 through 6:

   1.836661199597198e-02   1.836661199597198e-02   1.836661199597198e-02
   1.851078557607810e-02   1.851078557607810e-02   1.851078557607810e-02

 Column 7:

   1.836661199597198e-02
   1.851078557607810e-02

ans = 3.817365017717631e-21
ans = 1.817596917940299e-21
ans = 1.817596917940299e-21
ans = 1.817596917940299e-21
ans = 1.817596917940299e-21
ans = 1.817596917940299e-21
ans = 1.817596917940299e-21
nbcr = 7
lambda0 = 3.501084296647659
kmpl_prod = 0.180000000000000
 Time :      1.00000
 Time :      2.00000
 Time :      3.01000
 Time :      4.01000
 Time :      5.01000
 Time :      6.01000
 Time :      7.01000
 Time :      8.01000
 Time :      9.01000
 Time :     10.01000
 Time :     11.01000
 Time :     12.01000
 Time :     13.01000
 Time :     14.01000
 Time :     15.01000
 Time :     16.01000
 Time :     17.01000
 Time :     18.00000
 Time :     19.00000
 Time :     20.00000
 Time :     21.00000
 Time :     22.00000
 Time :     23.00000
 Time :     24.00000
 Time :     25.00000
 Time :     26.00000
 Time :     27.00000
 Time :     28.00000
 Time :     29.00000
 Time :     30.00000
 Time :     31.00000
 Time :     32.00000
 Time :     33.00000
 Time :     34.00000
 Time :     35.00000
dtime = 32.42232464253902
mbcr =

   3.470158557827639e-04   4.900819234825352e-03   3.047992594415385e-04

agsout =

 Columns 1 through 3:

   6.742080287639588e-01   1.836661199597198e-02   1.836661199597198e-02
   6.442937217151635e-01   1.851078557607810e-02   1.851078557607810e-02
   6.747970942987653e-01   1.851075228635360e-02   1.851075228635360e-02

 Columns 4 through 6:

   1.836661199597198e-02   1.836661199597198e-02   1.836661199597198e-02
   1.851078557607810e-02   1.851078557607810e-02   1.851078557607810e-02
   1.851075228635360e-02   1.851075228635360e-02   1.851075228635360e-02

 Column 7:

   1.836661199597198e-02
   1.851078557607810e-02
   1.851075228635360e-02

ans = -6.027666840235242e-21
ans = 1.105476482358544e-20
ans = 1.105476482358544e-20
ans = 1.105476482358544e-20
ans = 1.105476482358544e-20
ans = 1.105476482358544e-20
ans = 1.105476482358544e-20
nbcr = 7
lambda0 = 3.501084296647659
kmpl_prod = 0.180000000000000
 Time :      1.00000
 Time :      2.00000
 Time :      3.01000
 Time :      4.01000
 Time :      5.01000
 Time :      6.01000
 Time :      7.01000
 Time :      8.01000
 Time :      9.01000
 Time :     10.01000
 Time :     11.01000
 Time :     12.01000
 Time :     13.01000
 Time :     14.01000
 Time :     15.01000
 Time :     16.01000
 Time :     17.01000
 Time :     18.00000
 Time :     19.00000
 Time :     20.00000
 Time :     21.00000
 Time :     22.00000
 Time :     23.00000
 Time :     24.00000
 Time :     25.00000
 Time :     26.00000
 Time :     27.00000
 Time :     28.00000
 Time :     29.00000
 Time :     30.00000
 Time :     31.00000
 Time :     32.00000
 Time :     33.00000
 Time :     34.00000
 Time :     35.00000
dtime = 32.28789567947388
mbcr =

 Columns 1 through 3:

   3.470158557827639e-04   4.900819234825352e-03   3.047992594415385e-04

 Column 4:

   2.708921241842256e-04

agsout =

 Columns 1 through 3:

   6.742080287639588e-01   1.836661199597198e-02   1.836661199597198e-02
   6.442937217151635e-01   1.851078557607810e-02   1.851078557607810e-02
   6.747970942987653e-01   1.851075228635360e-02   1.851075228635360e-02
   6.750347436988003e-01   1.851075229487495e-02   1.851075229487495e-02

 Columns 4 through 6:

   1.836661199597198e-02   1.836661199597198e-02   1.836661199597198e-02
   1.851078557607810e-02   1.851078557607810e-02   1.851078557607810e-02
   1.851075228635360e-02   1.851075228635360e-02   1.851075228635360e-02
   1.851075229487495e-02   1.851075229487495e-02   1.851075229487495e-02

 Column 7:

   1.836661199597198e-02
   1.851078557607810e-02
   1.851075228635360e-02
   1.851075229487495e-02

ans = 1.786131522039553e-21
ans = 8.691416917261241e-21
ans = 8.691416917261241e-21
ans = 8.691416917261241e-21
ans = 8.691416917261241e-21
ans = 8.691416917261241e-21
ans = 8.691416917261241e-21
nbcr = 7
lambda0 = 3.501084296647659
kmpl_prod = 0.180000000000000
 Time :      1.00000
 Time :      2.00000
 Time :      3.01000
 Time :      4.01000
 Time :      5.01000
 Time :      6.01000
 Time :      7.01000
 Time :      8.01000
 Time :      9.01000
 Time :     10.01000
 Time :     11.01000
 Time :     12.01000
 Time :     13.01000
 Time :     14.01000
 Time :     15.01000
 Time :     16.01000
 Time :     17.01000
 Time :     18.00000
 Time :     19.00000
 Time :     20.00000
 Time :     21.00000
 Time :     22.00000
 Time :     23.00000
 Time :     24.00000
 Time :     25.00000
 Time :     26.00000
 Time :     27.00000
 Time :     28.00000
 Time :     29.00000
 Time :     30.00000
 Time :     31.00000
 Time :     32.00000
 Time :     33.00000
 Time :     34.00000
 Time :     35.00000
dtime = 32.17905499041080
mbcr =

 Columns 1 through 3:

   3.470158557827639e-04   4.900819234825352e-03   3.047992594415385e-04

 Columns 4 and 5:

   2.708921241842256e-04   1.986860188864254e-03

agsout =

 Columns 1 through 3:

   6.742080287639588e-01   1.836661199597198e-02   1.836661199597198e-02
   6.442937217151635e-01   1.851078557607810e-02   1.851078557607810e-02
   6.747970942987653e-01   1.851075228635360e-02   1.851075228635360e-02
   6.750347436988003e-01   1.851075229487495e-02   1.851075229487495e-02
   6.634016682743294e-01   1.851075229487277e-02   1.851075229487277e-02

 Columns 4 through 6:

   1.836661199597198e-02   1.836661199597198e-02   1.836661199597198e-02
   1.851078557607810e-02   1.851078557607810e-02   1.851078557607810e-02
   1.851075228635360e-02   1.851075228635360e-02   1.851075228635360e-02
   1.851075229487495e-02   1.851075229487495e-02   1.851075229487495e-02
   1.851075229487277e-02   1.851075229487277e-02   1.851075229487277e-02

 Column 7:

   1.836661199597198e-02
   1.851078557607810e-02
   1.851075228635360e-02
   1.851075229487495e-02
   1.851075229487277e-02

ans = 8.920687209838450e-21
ans = -1.383357792505504e-21
ans = -1.383357792505504e-21
ans = -1.383357792505504e-21
ans = -1.383357792505504e-21
ans = -1.383357792505504e-21
ans = -1.383357792505504e-21
nbcr = 7
lambda0 = 3.501084296647659
kmpl_prod = 0.180000000000000
 Time :      1.00000
 Time :      2.00000
 Time :      3.01000
 Time :      4.01000
 Time :      5.01000
 Time :      6.01000
 Time :      7.01000
 Time :      8.01000
 Time :      9.01000
 Time :     10.01000
 Time :     11.01000
 Time :     12.01000
 Time :     13.01000
 Time :     14.01000
 Time :     15.01000
 Time :     16.01000
 Time :     17.01000
 Time :     18.00000
 Time :     19.00000
 Time :     20.00000
 Time :     21.00000
 Time :     22.00000
 Time :     23.00000
 Time :     24.00000
 Time :     25.00000
 Time :     26.00000
 Time :     27.00000
 Time :     28.00000
 Time :     29.00000
 Time :     30.00000
 Time :     31.00000
 Time :     32.00000
 Time :     33.00000
 Time :     34.00000
 Time :     35.00000
dtime = 32.22487047314644
mbcr =

 Columns 1 through 3:

   3.470158557827639e-04   4.900819234825352e-03   3.047992594415385e-04

 Columns 4 through 6:

   2.708921241842256e-04   1.986860188864254e-03   4.292949927132105e-03

agsout =

 Columns 1 through 3:

   6.742080287639588e-01   1.836661199597198e-02   1.836661199597198e-02
   6.442937217151635e-01   1.851078557607810e-02   1.851078557607810e-02
   6.747970942987653e-01   1.851075228635360e-02   1.851075228635360e-02
   6.750347436988003e-01   1.851075229487495e-02   1.851075229487495e-02
   6.634016682743294e-01   1.851075229487277e-02   1.851075229487277e-02
   6.482897144328221e-01   1.851075229487277e-02   1.851075229487277e-02

 Columns 4 through 6:

   1.836661199597198e-02   1.836661199597198e-02   1.836661199597198e-02
   1.851078557607810e-02   1.851078557607810e-02   1.851078557607810e-02
   1.851075228635360e-02   1.851075228635360e-02   1.851075228635360e-02
   1.851075229487495e-02   1.851075229487495e-02   1.851075229487495e-02
   1.851075229487277e-02   1.851075229487277e-02   1.851075229487277e-02
   1.851075229487277e-02   1.851075229487277e-02   1.851075229487277e-02

 Column 7:

   1.836661199597198e-02
   1.851078557607810e-02
   1.851075228635360e-02
   1.851075229487495e-02
   1.851075229487277e-02
   1.851075229487277e-02

ans = 1.205734003774239e-20
ans = 2.004677061283664e-21
ans = 2.004677061283664e-21
ans = 2.004677061283664e-21
ans = 2.004677061283664e-21
ans = 2.004677061283664e-21
ans = 2.004677061283664e-21
dkps =

 Columns 1 through 3:

   4.238036340209919e+00   7.356552805580566e+00   3.799848392744174e+00

 Columns 4 through 6:

   1.558542955926952e+01   7.872152802713522e+00   1.891962569141593e+01

nbcr = 10
lambda0 = 3.501084296647659
kmpl_prod = 0.180000000000000
 Time :      1.00000
 Time :      2.00000
 Time :      3.01000
 Time :      4.01000
 Time :      5.01000
 Time :      6.01000
 Time :      7.01000
 Time :      8.01000
 Time :      9.01000
 Time :     10.01000
 Time :     11.01000
 Time :     12.01000
 Time :     13.01000
 Time :     14.01000
 Time :     15.01000
 Time :     16.01000
 Time :     17.01000
 Time :     18.00000
 Time :     19.00000
 Time :     20.00000
 Time :     21.00000
 Time :     22.00000
 Time :     23.00000
 Time :     24.00000
 Time :     25.00000
 Time :     26.00000
 Time :     27.00000
 Time :     28.00000
 Time :     29.00000
 Time :     30.00000
 Time :     31.00000
 Time :     32.00000
 Time :     33.00000
 Time :     34.00000
 Time :     35.00000
dtime = 47.05212861299515
mbcr = 2.313706658656733e-04
agsout =

 Columns 1 through 3:

   6.742080287639582e-01   1.836661240313888e-02   1.836661240313888e-02

 Columns 4 through 6:

   1.836661240313888e-02   1.836661240313888e-02   1.836661240313888e-02

 Columns 7 through 9:

   1.836661240313888e-02   1.836661240313888e-02   1.836661240313888e-02

 Column 10:

   1.836661240313888e-02

ans = 7.859601153272209e-21
ans = 7.692352373946243e-21
ans = 7.692352373946243e-21
ans = 7.692352373946243e-21
ans = 7.692352373946243e-21
ans = 7.692352373946243e-21
ans = 7.692352373946243e-21
ans = 7.692352373946243e-21
ans = 7.692352373946243e-21
ans = 7.692352373946243e-21
nbcr = 10
lambda0 = 3.501084296647659
kmpl_prod = 0.180000000000000
 Time :      1.00000
 Time :      2.00000
 Time :      3.01000
 Time :      4.01000
 Time :      5.01000
 Time :      6.01000
 Time :      7.01000
 Time :      8.01000
 Time :      9.01000
 Time :     10.01000
 Time :     11.01000
 Time :     12.01000
 Time :     13.01000
 Time :     14.01000
 Time :     15.01000
 Time :     16.01000
 Time :     17.01000
 Time :     18.00000
 Time :     19.00000
 Time :     20.00000
 Time :     21.00000
 Time :     22.00000
 Time :     23.00000
 Time :     24.00000
 Time :     25.00000
 Time :     26.00000
 Time :     27.00000
 Time :     28.00000
 Time :     29.00000
 Time :     30.00000
 Time :     31.00000
 Time :     32.00000
 Time :     33.00000
 Time :     34.00000
 Time :     35.00000
dtime = 46.90007753670216
mbcr =

   2.313706658656733e-04   2.707714794918839e-03

agsout =

 Columns 1 through 3:

   6.742080287639582e-01   1.836661240313888e-02   1.836661240313888e-02
   6.497540243358833e-01   1.851078598180824e-02   1.851078598180824e-02

 Columns 4 through 6:

   1.836661240313888e-02   1.836661240313888e-02   1.836661240313888e-02
   1.851078598180824e-02   1.851078598180824e-02   1.851078598180824e-02

 Columns 7 through 9:

   1.836661240313888e-02   1.836661240313888e-02   1.836661240313888e-02
   1.851078598180824e-02   1.851078598180824e-02   1.851078598180824e-02

 Column 10:

   1.836661240313888e-02
   1.851078598180824e-02

ans = 7.992766358628960e-21
ans = 1.036859911842710e-20
ans = 1.036859911842710e-20
ans = 1.036859911842710e-20
ans = 1.036859911842710e-20
ans = 1.036859911842710e-20
ans = 1.036859911842710e-20
ans = 1.036859911842710e-20
ans = 1.036859911842710e-20
ans = 1.036859911842710e-20
nbcr = 10
lambda0 = 3.501084296647659
kmpl_prod = 0.180000000000000
 Time :      1.00000
 Time :      2.00000
 Time :      3.01000
 Time :      4.01000
 Time :      5.01000
 Time :      6.01000
 Time :      7.01000
 Time :      8.01000
 Time :      9.01000
 Time :     10.01000
 Time :     11.01000
 Time :     12.01000
 Time :     13.01000
 Time :     14.01000
 Time :     15.01000
 Time :     16.01000
 Time :     17.01000
 Time :     18.00000
 Time :     19.00000
 Time :     20.00000
 Time :     21.00000
 Time :     22.00000
 Time :     23.00000
 Time :     24.00000
 Time :     25.00000
 Time :     26.00000
 Time :     27.00000
 Time :     28.00000
 Time :     29.00000
 Time :     30.00000
 Time :     31.00000
 Time :     32.00000
 Time :     33.00000
 Time :     34.00000
 Time :     35.00000
dtime = 47.04385064542294
mbcr =

   2.313706658656733e-04   2.707714794918839e-03   4.844871534151359e-03

agsout =

 Columns 1 through 3:

   6.742080287639582e-01   1.836661240313888e-02   1.836661240313888e-02
   6.497540243358833e-01   1.851078598180824e-02   1.851078598180824e-02
   6.293544995822531e-01   1.851075269208375e-02   1.851075269208375e-02

 Columns 4 through 6:

   1.836661240313888e-02   1.836661240313888e-02   1.836661240313888e-02
   1.851078598180824e-02   1.851078598180824e-02   1.851078598180824e-02
   1.851075269208375e-02   1.851075269208375e-02   1.851075269208375e-02

 Columns 7 through 9:

   1.836661240313888e-02   1.836661240313888e-02   1.836661240313888e-02
   1.851078598180824e-02   1.851078598180824e-02   1.851078598180824e-02
   1.851075269208375e-02   1.851075269208375e-02   1.851075269208375e-02

 Column 10:

   1.836661240313888e-02
   1.851078598180824e-02
   1.851075269208375e-02

ans = -9.108147117132476e-22
ans = 9.359404035989025e-21
ans = 9.359404035989025e-21
ans = 9.359404035989025e-21
ans = 9.359404035989025e-21
ans = 9.359404035989025e-21
ans = 9.359404035989025e-21
ans = 9.359404035989025e-21
ans = 9.359404035989025e-21
ans = 9.359404035989025e-21
nbcr = 10
lambda0 = 3.501084296647659
kmpl_prod = 0.180000000000000
 Time :      1.00000
 Time :      2.00000
 Time :      3.01000
 Time :      4.01000
 Time :      5.01000
 Time :      6.01000
 Time :      7.01000
 Time :      8.01000
 Time :      9.01000
 Time :     10.01000
 Time :     11.01000
 Time :     12.01000
 Time :     13.01000
 Time :     14.01000
 Time :     15.01000
 Time :     16.01000
 Time :     17.01000
 Time :     18.00000
 Time :     19.00000
 Time :     20.00000
 Time :     21.00000
 Time :     22.00000
 Time :     23.00000
 Time :     24.00000
 Time :     25.00000
 Time :     26.00000
 Time :     27.00000
 Time :     28.00000
 Time :     29.00000
 Time :     30.00000
 Time :     31.00000
 Time :     32.00000
 Time :     33.00000
 Time :     34.00000
 Time :     35.00000
dtime = 46.86082005500793
mbcr =

 Columns 1 through 3:

   2.313706658656733e-04   2.707714794918839e-03   4.844871534151359e-03

 Column 4:

   1.417726230804559e-02

agsout =

 Columns 1 through 3:

   6.742080287639582e-01   1.836661240313888e-02   1.836661240313888e-02
   6.497540243358833e-01   1.851078598180824e-02   1.851078598180824e-02
   6.293544995822531e-01   1.851075269208375e-02   1.851075269208375e-02
   5.394770662693109e-01   1.851075270060511e-02   1.851075270060511e-02

 Columns 4 through 6:

   1.836661240313888e-02   1.836661240313888e-02   1.836661240313888e-02
   1.851078598180824e-02   1.851078598180824e-02   1.851078598180824e-02
   1.851075269208375e-02   1.851075269208375e-02   1.851075269208375e-02
   1.851075270060511e-02   1.851075270060511e-02   1.851075270060511e-02

 Columns 7 through 9:

   1.836661240313888e-02   1.836661240313888e-02   1.836661240313888e-02
   1.851078598180824e-02   1.851078598180824e-02   1.851078598180824e-02
   1.851075269208375e-02   1.851075269208375e-02   1.851075269208375e-02
   1.851075270060511e-02   1.851075270060511e-02   1.851075270060511e-02

 Column 10:

   1.836661240313888e-02
   1.851078598180824e-02
   1.851075269208375e-02
   1.851075270060511e-02

ans = 2.327951200014178e-21
ans = 3.608429211626966e-21
ans = 3.608429211626966e-21
ans = 3.608429211626966e-21
ans = 3.608429211626966e-21
ans = 3.608429211626966e-21
ans = 3.608429211626966e-21
ans = 3.608429211626966e-21
ans = 3.608429211626966e-21
ans = 3.608429211626966e-21
nbcr = 10
lambda0 = 3.501084296647659
kmpl_prod = 0.180000000000000
 Time :      1.00000
 Time :      2.00000
 Time :      3.01000
 Time :      4.01000
 Time :      5.01000
 Time :      6.01000
 Time :      7.01000
 Time :      8.01000
 Time :      9.01000
 Time :     10.01000
 Time :     11.01000
 Time :     12.01000
 Time :     13.01000
 Time :     14.01000
 Time :     15.01000
 Time :     16.01000
 Time :     17.01000
 Time :     18.00000
 Time :     19.00000
 Time :     20.00000
 Time :     21.00000
 Time :     22.00000
 Time :     23.00000
 Time :     24.00000
 Time :     25.00000
 Time :     26.00000
 Time :     27.00000
 Time :     28.00000
 Time :     29.00000
 Time :     30.00000
 Time :     31.00000
 Time :     32.00000
 Time :     33.00000
 Time :     34.00000
 Time :     35.00000
dtime = 47.02862240374088
mbcr =

 Columns 1 through 3:

   2.313706658656733e-04   2.707714794918839e-03   4.844871534151359e-03

 Columns 4 and 5:

   1.417726230804559e-02   3.281712892419881e-03

agsout =

 Columns 1 through 3:

   6.742080287639582e-01   1.836661240313888e-02   1.836661240313888e-02
   6.497540243358833e-01   1.851078598180824e-02   1.851078598180824e-02
   6.293544995822531e-01   1.851075269208375e-02   1.851075269208375e-02
   5.394770662693109e-01   1.851075270060511e-02   1.851075270060511e-02
   6.443294513271247e-01   1.851075270060295e-02   1.851075270060295e-02

 Columns 4 through 6:

   1.836661240313888e-02   1.836661240313888e-02   1.836661240313888e-02
   1.851078598180824e-02   1.851078598180824e-02   1.851078598180824e-02
   1.851075269208375e-02   1.851075269208375e-02   1.851075269208375e-02
   1.851075270060511e-02   1.851075270060511e-02   1.851075270060511e-02
   1.851075270060295e-02   1.851075270060295e-02   1.851075270060295e-02

 Columns 7 through 9:

   1.836661240313888e-02   1.836661240313888e-02   1.836661240313888e-02
   1.851078598180824e-02   1.851078598180824e-02   1.851078598180824e-02
   1.851075269208375e-02   1.851075269208375e-02   1.851075269208375e-02
   1.851075270060511e-02   1.851075270060511e-02   1.851075270060511e-02
   1.851075270060295e-02   1.851075270060295e-02   1.851075270060295e-02

 Column 10:

   1.836661240313888e-02
   1.851078598180824e-02
   1.851075269208375e-02
   1.851075270060511e-02
   1.851075270060295e-02

ans = 3.769733470042641e-21
ans = -6.466733239051913e-21
ans = -6.466733239051913e-21
ans = -6.466733239051913e-21
ans = -6.466733239051913e-21
ans = -6.466733239051913e-21
ans = -6.466733239051913e-21
ans = -6.466733239051913e-21
ans = -6.466733239051913e-21
ans = -6.466733239051913e-21
nbcr = 10
lambda0 = 3.501084296647659
kmpl_prod = 0.180000000000000
 Time :      1.00000
 Time :      2.00000
 Time :      3.01000
 Time :      4.01000
 Time :      5.01000
 Time :      6.01000
 Time :      7.01000
 Time :      8.01000
 Time :      9.01000
 Time :     10.01000
 Time :     11.01000
 Time :     12.01000
 Time :     13.01000
 Time :     14.01000
 Time :     15.01000
 Time :     16.01000
 Time :     17.01000
 Time :     18.00000
 Time :     19.00000
 Time :     20.00000
 Time :     21.00000
 Time :     22.00000
 Time :     23.00000
 Time :     24.00000
 Time :     25.00000
 Time :     26.00000
 Time :     27.00000
 Time :     28.00000
 Time :     29.00000
 Time :     30.00000
 Time :     31.00000
 Time :     32.00000
 Time :     33.00000
 Time :     34.00000
 Time :     35.00000
dtime = 46.92514277994633
mbcr =

 Columns 1 through 3:

   2.313706658656733e-04   2.707714794918839e-03   4.844871534151359e-03

 Columns 4 through 6:

   1.417726230804559e-02   3.281712892419881e-03   6.802389937837305e-03

agsout =

 Columns 1 through 3:

   6.742080287639582e-01   1.836661240313888e-02   1.836661240313888e-02
   6.497540243358833e-01   1.851078598180824e-02   1.851078598180824e-02
   6.293544995822531e-01   1.851075269208375e-02   1.851075269208375e-02
   5.394770662693109e-01   1.851075270060511e-02   1.851075270060511e-02
   6.443294513271247e-01   1.851075270060295e-02   1.851075270060295e-02
   6.109933268828834e-01   1.851075270060295e-02   1.851075270060295e-02

 Columns 4 through 6:

   1.836661240313888e-02   1.836661240313888e-02   1.836661240313888e-02
   1.851078598180824e-02   1.851078598180824e-02   1.851078598180824e-02
   1.851075269208375e-02   1.851075269208375e-02   1.851075269208375e-02
   1.851075270060511e-02   1.851075270060511e-02   1.851075270060511e-02
   1.851075270060295e-02   1.851075270060295e-02   1.851075270060295e-02
   1.851075270060295e-02   1.851075270060295e-02   1.851075270060295e-02

 Columns 7 through 9:

   1.836661240313888e-02   1.836661240313888e-02   1.836661240313888e-02
   1.851078598180824e-02   1.851078598180824e-02   1.851078598180824e-02
   1.851075269208375e-02   1.851075269208375e-02   1.851075269208375e-02
   1.851075270060511e-02   1.851075270060511e-02   1.851075270060511e-02
   1.851075270060295e-02   1.851075270060295e-02   1.851075270060295e-02
   1.851075270060295e-02   1.851075270060295e-02   1.851075270060295e-02

 Column 10:

   1.836661240313888e-02
   1.851078598180824e-02
   1.851075269208375e-02
   1.851075270060511e-02
   1.851075270060295e-02
   1.851075270060295e-02

ans = 9.322899036905154e-22
ans = -3.078615990318917e-21
ans = -3.078615990318917e-21
ans = -3.078615990318917e-21
ans = -3.078615990318917e-21
ans = -3.078615990318917e-21
ans = -3.078615990318917e-21
ans = -3.078615990318917e-21
ans = -3.078615990318917e-21
ans = -3.078615990318917e-21
dkps =

 Columns 1 through 3:

   1.453370289521707e+02   7.709899352702231e+00   1.432999012168208e+00

 Columns 4 through 6:

   3.336658758113544e+01   1.232487405406498e+01   4.209837913945064e+01

nbcr = 15
lambda0 = 3.501084296647659
kmpl_prod = 0.180000000000000
 Time :      1.00000
 Time :      2.00000
 Time :      3.01000
 Time :      4.01000
 Time :      5.01000
 Time :      6.01000
 Time :      7.01000
 Time :      8.01000
 Time :      9.01000
 Time :     10.01000
 Time :     11.01000
 Time :     12.01000
 Time :     13.01000
 Time :     14.01000
 Time :     15.01000
 Time :     16.01000
 Time :     17.01000
 Time :     18.00000
 Time :     19.00000
 Time :     20.00000
 Time :     21.00000
 Time :     22.00000
 Time :     23.00000
 Time :     24.00000
 Time :     25.00000
 Time :     26.00000
 Time :     27.00000
 Time :     28.00000
 Time :     29.00000
 Time :     30.00000
 Time :     31.00000
 Time :     32.00000
 Time :     33.00000
 Time :     34.00000
 Time :     35.00000
dtime = 72.79902175068855
mbcr = 1.487505762139635e-04
agsout =

 Columns 1 through 3:

   6.742080287639577e-01   1.836661265857083e-02   1.836661265857083e-02

 Columns 4 through 6:

   1.836661265857083e-02   1.836661265857083e-02   1.836661265857083e-02

 Columns 7 through 9:

   1.836661265857083e-02   1.836661265857083e-02   1.836661265857083e-02

 Columns 10 through 12:

   1.836661265857083e-02   1.836661265857083e-02   1.836661265857083e-02

 Columns 13 through 15:

   1.836661265857083e-02   1.836661265857083e-02   1.836661265857083e-02

ans = 3.893513547906170e-21
ans = 8.070876361481617e-21
ans = 8.070876361481617e-21
ans = 8.070876361481617e-21
ans = 8.070876361481617e-21
ans = 8.070876361481617e-21
ans = 8.070876361481617e-21
ans = 8.070876361481617e-21
ans = 8.070876361481617e-21
ans = 8.070876361481617e-21
ans = 8.070876361481617e-21
ans = 8.070876361481617e-21
ans = 8.070876361481617e-21
ans = 8.070876361481617e-21
ans = 8.070876361481617e-21
nbcr = 15
lambda0 = 3.501084296647659
kmpl_prod = 0.180000000000000
 Time :      1.00000
 Time :      2.00000
 Time :      3.01000
 Time :      4.01000
 Time :      5.01000
 Time :      6.01000
 Time :      7.01000
 Time :      8.01000
 Time :      9.01000
 Time :     10.01000
 Time :     11.01000
 Time :     12.01000
 Time :     13.01000
 Time :     14.01000
 Time :     15.01000
 Time :     16.01000
 Time :     17.01000
 Time :     18.00000
 Time :     19.00000
 Time :     20.00000
 Time :     21.00000
 Time :     22.00000
 Time :     23.00000
 Time :     24.00000
 Time :     25.00000
 Time :     26.00000
 Time :     27.00000
 Time :     28.00000
 Time :     29.00000
 Time :     30.00000
 Time :     31.00000
 Time :     32.00000
 Time :     33.00000
 Time :     34.00000
 Time :     35.00000
dtime = 72.55063243210316
mbcr =

   1.487505762139635e-04   1.120191791907725e-04

agsout =

 Columns 1 through 3:

   6.742080287639577e-01   1.836661265857083e-02   1.836661265857083e-02
   6.751065770758312e-01   1.851078624413358e-02   1.851078624413358e-02

 Columns 4 through 6:

   1.836661265857083e-02   1.836661265857083e-02   1.836661265857083e-02
   1.851078624413358e-02   1.851078624413358e-02   1.851078624413358e-02

 Columns 7 through 9:

   1.836661265857083e-02   1.836661265857083e-02   1.836661265857083e-02
   1.851078624413358e-02   1.851078624413358e-02   1.851078624413358e-02

 Columns 10 through 12:

   1.836661265857083e-02   1.836661265857083e-02   1.836661265857083e-02
   1.851078624413358e-02   1.851078624413358e-02   1.851078624413358e-02

 Columns 13 through 15:

   1.836661265857083e-02   1.836661265857083e-02   1.836661265857083e-02
   1.851078624413358e-02   1.851078624413358e-02   1.851078624413358e-02

ans = 9.666385898286047e-21
ans = 1.195706539110307e-20
ans = 1.195706539110307e-20
ans = 1.195706539110307e-20
ans = 1.195706539110307e-20
ans = 1.195706539110307e-20
ans = 1.195706539110307e-20
ans = 1.195706539110307e-20
ans = 1.195706539110307e-20
ans = 1.195706539110307e-20
ans = 1.195706539110307e-20
ans = 1.195706539110307e-20
ans = 1.195706539110307e-20
ans = 1.195706539110307e-20
ans = 1.195706539110307e-20
nbcr = 15
lambda0 = 3.501084296647659
kmpl_prod = 0.180000000000000
 Time :      1.00000
 Time :      2.00000
 Time :      3.01000
 Time :      4.01000
 Time :      5.01000
 Time :      6.01000
 Time :      7.01000
 Time :      8.01000
 Time :      9.01000
 Time :     10.01000
 Time :     11.01000
 Time :     12.01000
 Time :     13.01000
 Time :     14.01000
 Time :     15.01000
 Time :     16.01000
 Time :     17.01000
 Time :     18.00000
 Time :     19.00000
 Time :     20.00000
 Time :     21.00000
 Time :     22.00000
 Time :     23.00000
 Time :     24.00000
 Time :     25.00000
 Time :     26.00000
 Time :     27.00000
 Time :     28.00000
 Time :     29.00000
 Time :     30.00000
 Time :     31.00000
 Time :     32.00000
 Time :     33.00000
 Time :     34.00000
 Time :     35.00000
dtime = 72.52250947058201
mbcr =

   1.487505762139635e-04   1.120191791907725e-04   6.211297962538213e-04

agsout =

 Columns 1 through 3:

   6.742080287639577e-01   1.836661265857083e-02   1.836661265857083e-02
   6.751065770758312e-01   1.851078624413358e-02   1.851078624413358e-02
   6.670007063780036e-01   1.851075295440621e-02   1.851075295440621e-02

 Columns 4 through 6:

   1.836661265857083e-02   1.836661265857083e-02   1.836661265857083e-02
   1.851078624413358e-02   1.851078624413358e-02   1.851078624413358e-02
   1.851075295440621e-02   1.851075295440621e-02   1.851075295440621e-02

 Columns 7 through 9:

   1.836661265857083e-02   1.836661265857083e-02   1.836661265857083e-02
   1.851078624413358e-02   1.851078624413358e-02   1.851078624413358e-02
   1.851075295440621e-02   1.851075295440621e-02   1.851075295440621e-02

 Columns 10 through 12:

   1.836661265857083e-02   1.836661265857083e-02   1.836661265857083e-02
   1.851078624413358e-02   1.851078624413358e-02   1.851078624413358e-02
   1.851075295440621e-02   1.851075295440621e-02   1.851075295440621e-02

 Columns 13 through 15:

   1.836661265857083e-02   1.836661265857083e-02   1.836661265857083e-02
   1.851078624413358e-02   1.851078624413358e-02   1.851078624413358e-02
   1.851075295440621e-02   1.851075295440621e-02   1.851075295440621e-02

ans = -4.079184443307178e-21
ans = 7.513723366900270e-21
ans = 7.513723366900270e-21
ans = 7.513723366900270e-21
ans = 7.513723366900270e-21
ans = 7.513723366900270e-21
ans = 7.513723366900270e-21
ans = 7.513723366900270e-21
ans = 7.513723366900270e-21
ans = 7.513723366900270e-21
ans = 7.513723366900270e-21
ans = 7.513723366900270e-21
ans = 7.513723366900270e-21
ans = 7.513723366900270e-21
ans = 7.513723366900270e-21
nbcr = 15
lambda0 = 3.501084296647659
kmpl_prod = 0.180000000000000
 Time :      1.00000
 Time :      2.00000
 Time :      3.01000
 Time :      4.01000
 Time :      5.01000
 Time :      6.01000
 Time :      7.01000
 Time :      8.01000
 Time :      9.01000
 Time :     10.01000
 Time :     11.01000
 Time :     12.01000
 Time :     13.01000
 Time :     14.01000
 Time :     15.01000
 Time :     16.01000
 Time :     17.01000
 Time :     18.00000
 Time :     19.00000
 Time :     20.00000
 Time :     21.00000
 Time :     22.00000
 Time :     23.00000
 Time :     24.00000
 Time :     25.00000
 Time :     26.00000
 Time :     27.00000
 Time :     28.00000
 Time :     29.00000
 Time :     30.00000
 Time :     31.00000
 Time :     32.00000
 Time :     33.00000
 Time :     34.00000
 Time :     35.00000
dtime = 72.41860739886761
mbcr =

 Columns 1 through 3:

   1.487505762139635e-04   1.120191791907725e-04   6.211297962538213e-04

 Column 4:

   1.499552446057461e-02

agsout =

 Columns 1 through 3:

   6.742080287639577e-01   1.836661265857083e-02   1.836661265857083e-02
   6.751065770758312e-01   1.851078624413358e-02   1.851078624413358e-02
   6.670007063780036e-01   1.851075295440621e-02   1.851075295440621e-02
   4.368103818694862e-01   1.851075296292753e-02   1.851075296292753e-02

 Columns 4 through 6:

   1.836661265857083e-02   1.836661265857083e-02   1.836661265857083e-02
   1.851078624413358e-02   1.851078624413358e-02   1.851078624413358e-02
   1.851075295440621e-02   1.851075295440621e-02   1.851075295440621e-02
   1.851075296292753e-02   1.851075296292753e-02   1.851075296292753e-02

 Columns 7 through 9:

   1.836661265857083e-02   1.836661265857083e-02   1.836661265857083e-02
   1.851078624413358e-02   1.851078624413358e-02   1.851078624413358e-02
   1.851075295440621e-02   1.851075295440621e-02   1.851075295440621e-02
   1.851075296292753e-02   1.851075296292753e-02   1.851075296292753e-02

 Columns 10 through 12:

   1.836661265857083e-02   1.836661265857083e-02   1.836661265857083e-02
   1.851078624413358e-02   1.851078624413358e-02   1.851078624413358e-02
   1.851075295440621e-02   1.851075295440621e-02   1.851075295440621e-02
   1.851075296292753e-02   1.851075296292753e-02   1.851075296292753e-02

 Columns 13 through 15:

   1.836661265857083e-02   1.836661265857083e-02   1.836661265857083e-02
   1.851078624413358e-02   1.851078624413358e-02   1.851078624413358e-02
   1.851075295440621e-02   1.851075295440621e-02   1.851075295440621e-02
   1.851075296292753e-02   1.851075296292753e-02   1.851075296292753e-02

ans = 2.127996442800823e-21
ans = 5.150423120396521e-21
ans = 5.150423120396521e-21
ans = 5.150423120396521e-21
ans = 5.150423120396521e-21
ans = 5.150423120396521e-21
ans = 5.150423120396521e-21
ans = 5.150423120396521e-21
ans = 5.150423120396521e-21
ans = 5.150423120396521e-21
ans = 5.150423120396521e-21
ans = 5.150423120396521e-21
ans = 5.150423120396521e-21
ans = 5.150423120396521e-21
ans = 5.150423120396521e-21
nbcr = 15
lambda0 = 3.501084296647659
kmpl_prod = 0.180000000000000
 Time :      1.00000
 Time :      2.00000
 Time :      3.01000
 Time :      4.01000
 Time :      5.01000
 Time :      6.01000
 Time :      7.01000
 Time :      8.01000
 Time :      9.01000
 Time :     10.01000
 Time :     11.01000
 Time :     12.01000
 Time :     13.01000
 Time :     14.01000
 Time :     15.01000
 Time :     16.01000
 Time :     17.01000
 Time :     18.00000
 Time :     19.00000
 Time :     20.00000
 Time :     21.00000
 Time :     22.00000
 Time :     23.00000
 Time :     24.00000
 Time :     25.00000
 Time :     26.00000
 Time :     27.00000
 Time :     28.00000
 Time :     29.00000
 Time :     30.00000
 Time :     31.00000
 Time :     32.00000
 Time :     33.00000
 Time :     34.00000
 Time :     35.00000
dtime = 72.57115133106709
mbcr =

 Columns 1 through 3:

   1.487505762139635e-04   1.120191791907725e-04   6.211297962538213e-04

 Columns 4 and 5:

   1.499552446057461e-02   6.592689658830213e-04

agsout =

 Columns 1 through 3:

   6.742080287639577e-01   1.836661265857083e-02   1.836661265857083e-02
   6.751065770758312e-01   1.851078624413358e-02   1.851078624413358e-02
   6.670007063780036e-01   1.851075295440621e-02   1.851075295440621e-02
   4.368103818694862e-01   1.851075296292753e-02   1.851075296292753e-02
   6.664560732849090e-01   1.851075296292539e-02   1.851075296292539e-02

 Columns 4 through 6:

   1.836661265857083e-02   1.836661265857083e-02   1.836661265857083e-02
   1.851078624413358e-02   1.851078624413358e-02   1.851078624413358e-02
   1.851075295440621e-02   1.851075295440621e-02   1.851075295440621e-02
   1.851075296292753e-02   1.851075296292753e-02   1.851075296292753e-02
   1.851075296292539e-02   1.851075296292539e-02   1.851075296292539e-02

 Columns 7 through 9:

   1.836661265857083e-02   1.836661265857083e-02   1.836661265857083e-02
   1.851078624413358e-02   1.851078624413358e-02   1.851078624413358e-02
   1.851075295440621e-02   1.851075295440621e-02   1.851075295440621e-02
   1.851075296292753e-02   1.851075296292753e-02   1.851075296292753e-02
   1.851075296292539e-02   1.851075296292539e-02   1.851075296292539e-02

 Columns 10 through 12:

   1.836661265857083e-02   1.836661265857083e-02   1.836661265857083e-02
   1.851078624413358e-02   1.851078624413358e-02   1.851078624413358e-02
   1.851075295440621e-02   1.851075295440621e-02   1.851075295440621e-02
   1.851075296292753e-02   1.851075296292753e-02   1.851075296292753e-02
   1.851075296292539e-02   1.851075296292539e-02   1.851075296292539e-02

 Columns 13 through 15:

   1.836661265857083e-02   1.836661265857083e-02   1.836661265857083e-02
   1.851078624413358e-02   1.851078624413358e-02   1.851078624413358e-02
   1.851075295440621e-02   1.851075295440621e-02   1.851075295440621e-02
   1.851075296292753e-02   1.851075296292753e-02   1.851075296292753e-02
   1.851075296292539e-02   1.851075296292539e-02   1.851075296292539e-02

ans = 3.191030966475867e-21
ans = 1.851553328320454e-21
ans = 1.851553328320454e-21
ans = 1.851553328320454e-21
ans = 1.851553328320454e-21
ans = 1.851553328320454e-21
ans = 1.851553328320454e-21
ans = 1.851553328320454e-21
ans = 1.851553328320454e-21
ans = 1.851553328320454e-21
ans = 1.851553328320454e-21
ans = 1.851553328320454e-21
ans = 1.851553328320454e-21
ans = 1.851553328320454e-21
ans = 1.851553328320454e-21
nbcr = 15
lambda0 = 3.501084296647659
kmpl_prod = 0.180000000000000
 Time :      1.00000
 Time :      2.00000
 Time :      3.01000
 Time :      4.01000
 Time :      5.01000
 Time :      6.01000
 Time :      7.01000
 Time :      8.01000
 Time :      9.01000
 Time :     10.01000
 Time :     11.01000
 Time :     12.01000
 Time :     13.01000
 Time :     14.01000
 Time :     15.01000
 Time :     16.01000
 Time :     17.01000
 Time :     18.00000
 Time :     19.00000
 Time :     20.00000
 Time :     21.00000
 Time :     22.00000
 Time :     23.00000
 Time :     24.00000
 Time :     25.00000
 Time :     26.00000
 Time :     27.00000
 Time :     28.00000
 Time :     29.00000
 Time :     30.00000
 Time :     31.00000
 Time :     32.00000
 Time :     33.00000
 Time :     34.00000
 Time :     35.00000
dtime = 72.18039706349373
mbcr =

 Columns 1 through 3:

   1.487505762139635e-04   1.120191791907725e-04   6.211297962538213e-04

 Columns 4 through 6:

   1.499552446057461e-02   6.592689658830213e-04   1.554970173403826e-03

agsout =

 Columns 1 through 3:

   6.742080287639577e-01   1.836661265857083e-02   1.836661265857083e-02
   6.751065770758312e-01   1.851078624413358e-02   1.851078624413358e-02
   6.670007063780036e-01   1.851075295440621e-02   1.851075295440621e-02
   4.368103818694862e-01   1.851075296292753e-02   1.851075296292753e-02
   6.664560732849090e-01   1.851075296292539e-02   1.851075296292539e-02
   6.526974745246955e-01   1.851075296292539e-02   1.851075296292539e-02

 Columns 4 through 6:

   1.836661265857083e-02   1.836661265857083e-02   1.836661265857083e-02
   1.851078624413358e-02   1.851078624413358e-02   1.851078624413358e-02
   1.851075295440621e-02   1.851075295440621e-02   1.851075295440621e-02
   1.851075296292753e-02   1.851075296292753e-02   1.851075296292753e-02
   1.851075296292539e-02   1.851075296292539e-02   1.851075296292539e-02
   1.851075296292539e-02   1.851075296292539e-02   1.851075296292539e-02

 Columns 7 through 9:

   1.836661265857083e-02   1.836661265857083e-02   1.836661265857083e-02
   1.851078624413358e-02   1.851078624413358e-02   1.851078624413358e-02
   1.851075295440621e-02   1.851075295440621e-02   1.851075295440621e-02
   1.851075296292753e-02   1.851075296292753e-02   1.851075296292753e-02
   1.851075296292539e-02   1.851075296292539e-02   1.851075296292539e-02
   1.851075296292539e-02   1.851075296292539e-02   1.851075296292539e-02

 Columns 10 through 12:

   1.836661265857083e-02   1.836661265857083e-02   1.836661265857083e-02
   1.851078624413358e-02   1.851078624413358e-02   1.851078624413358e-02
   1.851075295440621e-02   1.851075295440621e-02   1.851075295440621e-02
   1.851075296292753e-02   1.851075296292753e-02   1.851075296292753e-02
   1.851075296292539e-02   1.851075296292539e-02   1.851075296292539e-02
   1.851075296292539e-02   1.851075296292539e-02   1.851075296292539e-02

 Columns 13 through 15:

   1.836661265857083e-02   1.836661265857083e-02   1.836661265857083e-02
   1.851078624413358e-02   1.851078624413358e-02   1.851078624413358e-02
   1.851075295440621e-02   1.851075295440621e-02   1.851075295440621e-02
   1.851075296292753e-02   1.851075296292753e-02   1.851075296292753e-02
   1.851075296292539e-02   1.851075296292539e-02   1.851075296292539e-02
   1.851075296292539e-02   1.851075296292539e-02   1.851075296292539e-02

ans = -3.140541445161022e-21
ans = -4.924696517223310e-21
ans = -4.924696517223310e-21
ans = -4.924696517223310e-21
ans = -4.924696517223310e-21
ans = -4.924696517223310e-21
ans = -4.924696517223310e-21
ans = -4.924696517223310e-21
ans = -4.924696517223310e-21
ans = -4.924696517223310e-21
ans = -4.924696517223310e-21
ans = -4.924696517223310e-21
ans = -4.924696517223310e-21
ans = -4.924696517223310e-21
ans = -4.924696517223310e-21
