warning: function /home/surgeon/flu/amcode/perelson21/1d2agt/4paper/2submit/run.m shadows a core library function
warning: called from
    driver at line 1 column 1

lambda0 = 3.501084296647659
kmpl_prod = 0.180000000000000
dkps =

 Columns 1 through 3:

   1.343344610807677e+00   7.744564343516110e+00   5.419515112775171e+01

 Columns 4 through 6:

   3.331064885127978e+00   1.677005222727089e+01   4.500682532685340e+01

nbcr = 2
lambda0 = 3.501084296647659
kmpl_prod = 0.180000000000000
 Time :      1.00000
 Time :      2.00000
 Time :      3.01000
 Time :      4.01000
 Time :      5.01000
 Time :      6.01000
 Time :      7.01000
 Time :      8.01000
 Time :      9.01000
 Time :     10.01000
 Time :     11.01000
 Time :     12.01000
 Time :     13.01000
 Time :     14.01000
 Time :     15.01000
 Time :     16.01000
 Time :     17.01000
 Time :     18.00000
 Time :     19.00000
 Time :     20.00000
 Time :     21.00000
 Time :     22.00000
 Time :     23.00000
 Time :     24.00000
 Time :     25.00000
 Time :     26.00000
 Time :     27.00000
 Time :     28.00000
 Time :     29.00000
 Time :     30.00000
 Time :     31.00000
 Time :     32.00000
 Time :     33.00000
 Time :     34.00000
 Time :     35.00000
dtime = 5.027100071310997
mbcr = 0.500000000000000
agsout =

   1.110448042063631e-02   1.110448042063631e-02

ans = 1.179553575828222e-20
ans = -3.232570135068948e-21
nbcr = 2
lambda0 = 3.501084296647659
kmpl_prod = 0.180000000000000
 Time :      1.00000
 Time :      2.00000
 Time :      3.01000
 Time :      4.01000
 Time :      5.01000
 Time :      6.01000
 Time :      7.01000
 Time :      8.01000
 Time :      9.01000
 Time :     10.01000
 Time :     11.01000
 Time :     12.01000
 Time :     13.01000
 Time :     14.01000
 Time :     15.01000
 Time :     16.01000
 Time :     17.01000
 Time :     18.00000
 Time :     19.00000
 Time :     20.00000
 Time :     21.00000
 Time :     22.00000
 Time :     23.00000
 Time :     24.00000
 Time :     25.00000
 Time :     26.00000
 Time :     27.00000
 Time :     28.00000
 Time :     29.00000
 Time :     30.00000
 Time :     31.00000
 Time :     32.00000
 Time :     33.00000
 Time :     34.00000
 Time :     35.00000
dtime = 5.174725502729416
mbcr =

   0.500000000000000   0.604505656775058

agsout =

   1.110448042063631e-02   1.110448042063631e-02
   1.071309675148039e-03   1.135576274644333e-02

ans = 3.727275840163943e-21
ans = 1.151332015097245e-21
nbcr = 2
lambda0 = 3.501084296647659
kmpl_prod = 0.180000000000000
 Time :      1.00000
 Time :      2.00000
 Time :      3.01000
 Time :      4.01000
 Time :      5.01000
 Time :      6.01000
 Time :      7.01000
 Time :      8.01000
 Time :      9.01000
 Time :     10.01000
 Time :     11.01000
 Time :     12.01000
 Time :     13.01000
 Time :     14.01000
 Time :     15.01000
 Time :     16.01000
 Time :     17.01000
 Time :     18.00000
 Time :     19.00000
 Time :     20.00000
 Time :     21.00000
 Time :     22.00000
 Time :     23.00000
 Time :     24.00000
 Time :     25.00000
 Time :     26.00000
 Time :     27.00000
 Time :     28.00000
 Time :     29.00000
 Time :     30.00000
 Time :     31.00000
 Time :     32.00000
 Time :     33.00000
 Time :     34.00000
 Time :     35.00000
dtime = 5.062937736511230
mbcr =

   0.500000000000000   0.604505656775058   0.610688018712724

agsout =

   1.110448042063631e-02   1.110448042063631e-02
   1.071309675148039e-03   1.135576274644333e-02
   9.780159162612128e-04   1.127867241309089e-02

ans = 5.151680854980256e-21
ans = 6.192674731181171e-21
nbcr = 2
lambda0 = 3.501084296647659
kmpl_prod = 0.180000000000000
 Time :      1.00000
 Time :      2.00000
 Time :      3.01000
 Time :      4.01000
 Time :      5.01000
 Time :      6.01000
 Time :      7.01000
 Time :      8.01000
 Time :      9.01000
 Time :     10.01000
 Time :     11.01000
 Time :     12.01000
 Time :     13.01000
 Time :     14.01000
 Time :     15.01000
 Time :     16.01000
 Time :     17.01000
 Time :     18.00000
 Time :     19.00000
 Time :     20.00000
 Time :     21.00000
 Time :     22.00000
 Time :     23.00000
 Time :     24.00000
 Time :     25.00000
 Time :     26.00000
 Time :     27.00000
 Time :     28.00000
 Time :     29.00000
 Time :     30.00000
 Time :     31.00000
 Time :     32.00000
 Time :     33.00000
 Time :     34.00000
 Time :     35.00000
dtime = 5.073217302560806
mbcr =

   0.500000000000000   0.604505656775058   0.610688018712724   0.587527236488177

agsout =

   1.110448042063631e-02   1.110448042063631e-02
   1.071309675148039e-03   1.135576274644333e-02
   9.780159162612128e-04   1.127867241309089e-02
   2.548667619792565e-03   1.117147450060520e-02

ans = 1.041316993627693e-20
ans = 7.543938885271897e-21
nbcr = 2
lambda0 = 3.501084296647659
kmpl_prod = 0.180000000000000
 Time :      1.00000
 Time :      2.00000
 Time :      3.01000
 Time :      4.01000
 Time :      5.01000
 Time :      6.01000
 Time :      7.01000
 Time :      8.01000
 Time :      9.01000
 Time :     10.01000
 Time :     11.01000
 Time :     12.01000
 Time :     13.01000
 Time :     14.01000
 Time :     15.01000
 Time :     16.01000
 Time :     17.01000
 Time :     18.00000
 Time :     19.00000
 Time :     20.00000
 Time :     21.00000
 Time :     22.00000
 Time :     23.00000
 Time :     24.00000
 Time :     25.00000
 Time :     26.00000
 Time :     27.00000
 Time :     28.00000
 Time :     29.00000
 Time :     30.00000
 Time :     31.00000
 Time :     32.00000
 Time :     33.00000
 Time :     34.00000
 Time :     35.00000
dtime = 4.916096851229668
mbcr =

 Columns 1 through 4:

   0.500000000000000   0.604505656775058   0.610688018712724   0.587527236488177

 Column 5:

   0.607310420317422

agsout =

   1.110448042063631e-02   1.110448042063631e-02
   1.071309675148039e-03   1.135576274644333e-02
   9.780159162612128e-04   1.127867241309089e-02
   2.548667619792565e-03   1.117147450060520e-02
   1.068387729147708e-03   1.126741997361035e-02

ans = 5.446157153049134e-21
ans = -3.726720078189884e-21
nbcr = 2
lambda0 = 3.501084296647659
kmpl_prod = 0.180000000000000
 Time :      1.00000
 Time :      2.00000
 Time :      3.01000
 Time :      4.01000
 Time :      5.01000
 Time :      6.01000
 Time :      7.01000
 Time :      8.01000
 Time :      9.01000
 Time :     10.01000
 Time :     11.01000
 Time :     12.01000
 Time :     13.01000
 Time :     14.01000
 Time :     15.01000
 Time :     16.01000
 Time :     17.01000
 Time :     18.00000
 Time :     19.00000
 Time :     20.00000
 Time :     21.00000
 Time :     22.00000
 Time :     23.00000
 Time :     24.00000
 Time :     25.00000
 Time :     26.00000
 Time :     27.00000
 Time :     28.00000
 Time :     29.00000
 Time :     30.00000
 Time :     31.00000
 Time :     32.00000
 Time :     33.00000
 Time :     34.00000
 Time :     35.00000
dtime = 4.992207884788513
mbcr =

 Columns 1 through 4:

   0.500000000000000   0.604505656775058   0.610688018712724   0.587527236488177

 Columns 5 and 6:

   0.607310420317422   0.604882539061890

agsout =

   1.110448042063631e-02   1.110448042063631e-02
   1.071309675148039e-03   1.135576274644333e-02
   9.780159162612128e-04   1.127867241309089e-02
   2.548667619792565e-03   1.117147450060520e-02
   1.068387729147708e-03   1.126741997361035e-02
   1.325062342731390e-03   1.127310270586641e-02

ans = 3.876168350423488e-21
ans = 1.828922183748886e-21
dkps =

 Columns 1 through 3:

   1.399302328679317e+00   1.723825468165151e+01   5.375165598614215e+02

 Columns 4 through 6:

   1.456911692174073e-01   8.888319764170488e+00   1.931213749420672e+00

nbcr = 3
lambda0 = 3.501084296647659
kmpl_prod = 0.180000000000000
 Time :      1.00000
 Time :      2.00000
 Time :      3.01000
 Time :      4.01000
 Time :      5.01000
 Time :      6.01000
 Time :      7.01000
 Time :      8.01000
 Time :      9.01000
 Time :     10.01000
 Time :     11.01000
 Time :     12.01000
 Time :     13.01000
 Time :     14.01000
 Time :     15.01000
 Time :     16.01000
 Time :     17.01000
 Time :     18.00000
 Time :     19.00000
 Time :     20.00000
 Time :     21.00000
 Time :     22.00000
 Time :     23.00000
 Time :     24.00000
 Time :     25.00000
 Time :     26.00000
 Time :     27.00000
 Time :     28.00000
 Time :     29.00000
 Time :     30.00000
 Time :     31.00000
 Time :     32.00000
 Time :     33.00000
 Time :     34.00000
 Time :     35.00000
dtime = 11.16574108600616
mbcr = 0.333333333333333
agsout =

   8.632278872128881e-03   8.632278872128890e-03   8.632278872128887e-03

ans = -7.028863857592784e-21
ans = 7.828527790081352e-21
ans = 1.460437777780948e-20
nbcr = 3
lambda0 = 3.501084296647659
kmpl_prod = 0.180000000000000
 Time :      1.00000
 Time :      2.00000
 Time :      3.01000
 Time :      4.01000
 Time :      5.01000
 Time :      6.01000
 Time :      7.01000
 Time :      8.01000
 Time :      9.01000
 Time :     10.01000
 Time :     11.01000
 Time :     12.01000
 Time :     13.01000
 Time :     14.01000
 Time :     15.01000
 Time :     16.01000
 Time :     17.01000
 Time :     18.00000
 Time :     19.00000
 Time :     20.00000
 Time :     21.00000
 Time :     22.00000
 Time :     23.00000
 Time :     24.00000
 Time :     25.00000
 Time :     26.00000
 Time :     27.00000
 Time :     28.00000
 Time :     29.00000
 Time :     30.00000
 Time :     31.00000
 Time :     32.00000
 Time :     33.00000
 Time :     34.00000
 Time :     35.00000
dtime = 11.52802035212517
mbcr =

   0.333333333333333   0.465531219550124

agsout =

   8.632278872128881e-03   8.632278872128890e-03   8.632278872128887e-03
   6.391370223539417e-04   9.291768373512498e-03   9.291768373512498e-03

ans = -2.484850560109295e-21
ans = 9.390490355825820e-21
ans = 9.385475573362217e-21
nbcr = 3
lambda0 = 3.501084296647659
kmpl_prod = 0.180000000000000
 Time :      1.00000
 Time :      2.00000
 Time :      3.01000
 Time :      4.01000
 Time :      5.01000
 Time :      6.01000
 Time :      7.01000
 Time :      8.01000
 Time :      9.01000
 Time :     10.01000
 Time :     11.01000
 Time :     12.01000
 Time :     13.01000
 Time :     14.01000
 Time :     15.01000
 Time :     16.01000
 Time :     17.01000
 Time :     18.00000
 Time :     19.00000
 Time :     20.00000
 Time :     21.00000
 Time :     22.00000
 Time :     23.00000
 Time :     24.00000
 Time :     25.00000
 Time :     26.00000
 Time :     27.00000
 Time :     28.00000
 Time :     29.00000
 Time :     30.00000
 Time :     31.00000
 Time :     32.00000
 Time :     33.00000
 Time :     34.00000
 Time :     35.00000
dtime = 11.75030842423439
mbcr =

   0.333333333333333   0.465531219550124   0.463715795618085

agsout =

   8.632278872128881e-03   8.632278872128890e-03   8.632278872128887e-03
   6.391370223539417e-04   9.291768373512498e-03   9.291768373512498e-03
   8.639577391244596e-04   9.163944689875051e-03   9.163944689875051e-03

ans = 2.537790119312689e-21
ans = 7.072756128846379e-21
ans = 7.072756128846379e-21
nbcr = 3
lambda0 = 3.501084296647659
kmpl_prod = 0.180000000000000
 Time :      1.00000
 Time :      2.00000
 Time :      3.01000
 Time :      4.01000
 Time :      5.01000
 Time :      6.01000
 Time :      7.01000
 Time :      8.01000
 Time :      9.01000
 Time :     10.01000
 Time :     11.01000
 Time :     12.01000
 Time :     13.01000
 Time :     14.01000
 Time :     15.01000
 Time :     16.01000
 Time :     17.01000
 Time :     18.00000
 Time :     19.00000
 Time :     20.00000
 Time :     21.00000
 Time :     22.00000
 Time :     23.00000
 Time :     24.00000
 Time :     25.00000
 Time :     26.00000
 Time :     27.00000
 Time :     28.00000
 Time :     29.00000
 Time :     30.00000
 Time :     31.00000
 Time :     32.00000
 Time :     33.00000
 Time :     34.00000
 Time :     35.00000
dtime = 11.29046380519867
mbcr =

   0.333333333333333   0.465531219550124   0.463715795618085   0.363411601054112

agsout =

   8.632278872128881e-03   8.632278872128890e-03   8.632278872128887e-03
   6.391370223539417e-04   9.291768373512498e-03   9.291768373512498e-03
   8.639577391244596e-04   9.163944689875051e-03   9.163944689875051e-03
   6.414477468569942e-03   8.625859019446342e-03   8.625859019446349e-03

ans = 8.933550615572699e-22
ans = 1.782961960963909e-21
ans = 5.173833785760192e-21
nbcr = 3
lambda0 = 3.501084296647659
kmpl_prod = 0.180000000000000
 Time :      1.00000
 Time :      2.00000
 Time :      3.01000
 Time :      4.01000
 Time :      5.01000
 Time :      6.01000
 Time :      7.01000
 Time :      8.01000
 Time :      9.01000
 Time :     10.01000
 Time :     11.01000
 Time :     12.01000
 Time :     13.01000
 Time :     14.01000
 Time :     15.01000
 Time :     16.01000
 Time :     17.01000
 Time :     18.00000
 Time :     19.00000
 Time :     20.00000
 Time :     21.00000
 Time :     22.00000
 Time :     23.00000
 Time :     24.00000
 Time :     25.00000
 Time :     26.00000
 Time :     27.00000
 Time :     28.00000
 Time :     29.00000
 Time :     30.00000
 Time :     31.00000
 Time :     32.00000
 Time :     33.00000
 Time :     34.00000
 Time :     35.00000
dtime = 12.55584619939327
mbcr =

 Columns 1 through 4:

   0.333333333333333   0.465531219550124   0.463715795618085   0.363411601054112

 Column 5:

   0.483781667536718

agsout =

   8.632278872128881e-03   8.632278872128890e-03   8.632278872128887e-03
   6.391370223539417e-04   9.291768373512498e-03   9.291768373512498e-03
   8.639577391244596e-04   9.163944689875051e-03   9.163944689875051e-03
   6.414477468569942e-03   8.625859019446342e-03   8.625859019446349e-03
   1.439940444147428e-04   9.351075422431940e-03   9.351075422431940e-03

ans = -2.911675756186657e-21
ans = 2.241142472135859e-22
ans = 2.241142472135859e-22
nbcr = 3
lambda0 = 3.501084296647659
kmpl_prod = 0.180000000000000
 Time :      1.00000
 Time :      2.00000
 Time :      3.01000
 Time :      4.01000
 Time :      5.01000
 Time :      6.01000
 Time :      7.01000
 Time :      8.01000
 Time :      9.01000
 Time :     10.01000
 Time :     11.01000
 Time :     12.01000
 Time :     13.01000
 Time :     14.01000
 Time :     15.01000
 Time :     16.01000
 Time :     17.01000
 Time :     18.00000
 Time :     19.00000
 Time :     20.00000
 Time :     21.00000
 Time :     22.00000
 Time :     23.00000
 Time :     24.00000
 Time :     25.00000
 Time :     26.00000
 Time :     27.00000
 Time :     28.00000
 Time :     29.00000
 Time :     30.00000
 Time :     31.00000
 Time :     32.00000
 Time :     33.00000
 Time :     34.00000
 Time :     35.00000
dtime = 12.12036274373531
mbcr =

 Columns 1 through 4:

   0.333333333333333   0.465531219550124   0.463715795618085   0.363411601054112

 Columns 5 and 6:

   0.483781667536718   0.472484898036812

agsout =

   8.632278872128881e-03   8.632278872128890e-03   8.632278872128887e-03
   6.391370223539417e-04   9.291768373512498e-03   9.291768373512498e-03
   8.639577391244596e-04   9.163944689875051e-03   9.163944689875051e-03
   6.414477468569942e-03   8.625859019446342e-03   8.625859019446349e-03
   1.439940444147428e-04   9.351075422431940e-03   9.351075422431940e-03
   3.333586669753859e-04   9.286844972457284e-03   9.286844972457284e-03

ans = -1.009160347314694e-21
ans = -3.054002520334063e-21
ans = -3.055294990041177e-21
dkps =

 Columns 1 through 3:

   1.291712802192078e+01   3.409006337039504e+02   2.827237615137449e+02

 Columns 4 through 6:

   1.305749031123961e+01   2.954764557370427e+01   4.327265039438634e+00

nbcr = 4
lambda0 = 3.501084296647659
kmpl_prod = 0.180000000000000
 Time :      1.00000
 Time :      2.00000
 Time :      3.01000
 Time :      4.01000
 Time :      5.01000
 Time :      6.01000
 Time :      7.01000
 Time :      8.01000
 Time :      9.01000
 Time :     10.01000
 Time :     11.01000
 Time :     12.01000
 Time :     13.01000
 Time :     14.01000
 Time :     15.01000
 Time :     16.01000
 Time :     17.01000
 Time :     18.00000
 Time :     19.00000
 Time :     20.00000
 Time :     21.00000
 Time :     22.00000
 Time :     23.00000
 Time :     24.00000
 Time :     25.00000
 Time :     26.00000
 Time :     27.00000
 Time :     28.00000
 Time :     29.00000
 Time :     30.00000
 Time :     31.00000
 Time :     32.00000
 Time :     33.00000
 Time :     34.00000
 Time :     35.00000
dtime = 17.67302826046944
mbcr = 0.250000000000000
agsout =

 Columns 1 through 3:

   7.396322285675617e-03   7.396322285675630e-03   7.396322285675626e-03

 Column 4:

   7.396322285675627e-03

ans = -5.496324364730768e-21
ans = 2.121227132709813e-21
ans = 5.511349325075970e-21
ans = -1.265069349323287e-21
nbcr = 4
lambda0 = 3.501084296647659
kmpl_prod = 0.180000000000000
 Time :      1.00000
 Time :      2.00000
 Time :      3.01000
 Time :      4.01000
 Time :      5.01000
 Time :      6.01000
 Time :      7.01000
 Time :      8.01000
 Time :      9.01000
 Time :     10.01000
 Time :     11.01000
 Time :     12.01000
 Time :     13.01000
 Time :     14.01000
 Time :     15.01000
 Time :     16.01000
 Time :     17.01000
 Time :     18.00000
 Time :     19.00000
 Time :     20.00000
 Time :     21.00000
 Time :     22.00000
 Time :     23.00000
 Time :     24.00000
 Time :     25.00000
 Time :     26.00000
 Time :     27.00000
 Time :     28.00000
 Time :     29.00000
 Time :     30.00000
 Time :     31.00000
 Time :     32.00000
 Time :     33.00000
 Time :     34.00000
 Time :     35.00000
dtime = 17.97928288578987
mbcr =

   0.250000000000000   0.359030086975233

agsout =

 Columns 1 through 3:

   7.396322285675617e-03   7.396322285675630e-03   7.396322285675626e-03
   1.517776205391842e-03   7.888709124121741e-03   7.888709124121748e-03

 Column 4:

   7.396322285675627e-03
   7.888709124121748e-03

ans = 1.373243893929909e-20
ans = 2.572273211098493e-21
ans = 9.345124669106115e-21
ans = 5.957768361913182e-21
nbcr = 4
lambda0 = 3.501084296647659
kmpl_prod = 0.180000000000000
 Time :      1.00000
 Time :      2.00000
 Time :      3.01000
 Time :      4.01000
 Time :      5.01000
 Time :      6.01000
 Time :      7.01000
 Time :      8.01000
 Time :      9.01000
 Time :     10.01000
 Time :     11.01000
 Time :     12.01000
 Time :     13.01000
 Time :     14.01000
 Time :     15.01000
 Time :     16.01000
 Time :     17.01000
 Time :     18.00000
 Time :     19.00000
 Time :     20.00000
 Time :     21.00000
 Time :     22.00000
 Time :     23.00000
 Time :     24.00000
 Time :     25.00000
 Time :     26.00000
 Time :     27.00000
 Time :     28.00000
 Time :     29.00000
 Time :     30.00000
 Time :     31.00000
 Time :     32.00000
 Time :     33.00000
 Time :     34.00000
 Time :     35.00000
dtime = 17.63305664062500
mbcr =

   0.250000000000000   0.359030086975233   0.292226110671736

agsout =

 Columns 1 through 3:

   7.396322285675617e-03   7.396322285675630e-03   7.396322285675626e-03
   1.517776205391842e-03   7.888709124121741e-03   7.888709124121748e-03
   4.504354897299835e-03   7.398901611473073e-03   7.398901611473057e-03

 Column 4:

   7.396322285675627e-03
   7.888709124121748e-03
   7.398901611473060e-03

ans = 2.413092641970320e-21
ans = 9.193440424279203e-21
ans = -9.694039791238639e-22
ans = 5.804817496773299e-21
nbcr = 4
lambda0 = 3.501084296647659
kmpl_prod = 0.180000000000000
 Time :      1.00000
 Time :      2.00000
 Time :      3.01000
 Time :      4.01000
 Time :      5.01000
 Time :      6.01000
 Time :      7.01000
 Time :      8.01000
 Time :      9.01000
 Time :     10.01000
 Time :     11.01000
 Time :     12.01000
 Time :     13.01000
 Time :     14.01000
 Time :     15.01000
 Time :     16.01000
 Time :     17.01000
 Time :     18.00000
 Time :     19.00000
 Time :     20.00000
 Time :     21.00000
 Time :     22.00000
 Time :     23.00000
 Time :     24.00000
 Time :     25.00000
 Time :     26.00000
 Time :     27.00000
 Time :     28.00000
 Time :     29.00000
 Time :     30.00000
 Time :     31.00000
 Time :     32.00000
 Time :     33.00000
 Time :     34.00000
 Time :     35.00000
dtime = 17.58253388106823
mbcr =

   0.250000000000000   0.359030086975233   0.292226110671736   0.271018013537342

agsout =

 Columns 1 through 3:

   7.396322285675617e-03   7.396322285675630e-03   7.396322285675626e-03
   1.517776205391842e-03   7.888709124121741e-03   7.888709124121748e-03
   4.504354897299835e-03   7.398901611473073e-03   7.398901611473057e-03
   5.927686434694850e-03   7.380967153784048e-03   7.380967153784065e-03

 Column 4:

   7.396322285675627e-03
   7.888709124121748e-03
   7.398901611473060e-03
   7.380967153784065e-03

ans = -4.057992988820300e-21
ans = -2.374525345910035e-21
ans = -5.761726556738114e-21
ans = -5.761726556738114e-21
nbcr = 4
lambda0 = 3.501084296647659
kmpl_prod = 0.180000000000000
 Time :      1.00000
 Time :      2.00000
 Time :      3.01000
 Time :      4.01000
 Time :      5.01000
 Time :      6.01000
 Time :      7.01000
 Time :      8.01000
 Time :      9.01000
 Time :     10.01000
 Time :     11.01000
 Time :     12.01000
 Time :     13.01000
 Time :     14.01000
 Time :     15.01000
 Time :     16.01000
 Time :     17.01000
 Time :     18.00000
 Time :     19.00000
 Time :     20.00000
 Time :     21.00000
 Time :     22.00000
 Time :     23.00000
 Time :     24.00000
 Time :     25.00000
 Time :     26.00000
 Time :     27.00000
 Time :     28.00000
 Time :     29.00000
 Time :     30.00000
 Time :     31.00000
 Time :     32.00000
 Time :     33.00000
 Time :     34.00000
 Time :     35.00000
dtime = 18.14328320324421
mbcr =

 Columns 1 through 4:

   0.250000000000000   0.359030086975233   0.292226110671736   0.271018013537342

 Column 5:

   0.363854281301284

agsout =

 Columns 1 through 3:

   7.396322285675617e-03   7.396322285675630e-03   7.396322285675626e-03
   1.517776205391842e-03   7.888709124121741e-03   7.888709124121748e-03
   4.504354897299835e-03   7.398901611473073e-03   7.398901611473057e-03
   5.927686434694850e-03   7.380967153784048e-03   7.380967153784065e-03
   1.362399818744907e-03   7.923232236845627e-03   7.923232236845641e-03

 Column 4:

   7.396322285675627e-03
   7.888709124121748e-03
   7.398901611473060e-03
   7.380967153784065e-03
   7.923232236845643e-03

ans = -8.966637840074820e-21
ans = -1.496524824473281e-21
ans = -1.498334282063241e-21
ans = 5.279687054772837e-21
nbcr = 4
lambda0 = 3.501084296647659
kmpl_prod = 0.180000000000000
 Time :      1.00000
 Time :      2.00000
 Time :      3.01000
 Time :      4.01000
 Time :      5.01000
 Time :      6.01000
 Time :      7.01000
 Time :      8.01000
 Time :      9.01000
 Time :     10.01000
 Time :     11.01000
 Time :     12.01000
 Time :     13.01000
 Time :     14.01000
 Time :     15.01000
 Time :     16.01000
 Time :     17.01000
 Time :     18.00000
 Time :     19.00000
 Time :     20.00000
 Time :     21.00000
 Time :     22.00000
 Time :     23.00000
 Time :     24.00000
 Time :     25.00000
 Time :     26.00000
 Time :     27.00000
 Time :     28.00000
 Time :     29.00000
 Time :     30.00000
 Time :     31.00000
 Time :     32.00000
 Time :     33.00000
 Time :     34.00000
 Time :     35.00000
dtime = 17.74897836148739
mbcr =

 Columns 1 through 4:

   0.250000000000000   0.359030086975233   0.292226110671736   0.271018013537342

 Columns 5 and 6:

   0.363854281301284   0.368154009526675

agsout =

 Columns 1 through 3:

   7.396322285675617e-03   7.396322285675630e-03   7.396322285675626e-03
   1.517776205391842e-03   7.888709124121741e-03   7.888709124121748e-03
   4.504354897299835e-03   7.398901611473073e-03   7.398901611473057e-03
   5.927686434694850e-03   7.380967153784048e-03   7.380967153784065e-03
   1.362399818744907e-03   7.923232236845627e-03   7.923232236845641e-03
   1.213026036828288e-03   7.951209606470288e-03   7.951209606470260e-03

 Column 4:

   7.396322285675627e-03
   7.888709124121748e-03
   7.398901611473060e-03
   7.380967153784065e-03
   7.923232236845643e-03
   7.951209606470258e-03

ans = 2.859873570325524e-21
ans = 7.562240256324633e-21
ans = 7.564825195738861e-21
ans = 4.176900201874798e-21
dkps =

 Columns 1 through 3:

   1.441653026052351e+00   4.671455893248351e+01   1.541628431117132e+00

 Columns 4 through 6:

   1.095724517633697e+02   2.479404088811292e+01   1.240869865737368e+00

nbcr = 5
lambda0 = 3.501084296647659
kmpl_prod = 0.180000000000000
 Time :      1.00000
 Time :      2.00000
 Time :      3.01000
 Time :      4.01000
 Time :      5.01000
 Time :      6.01000
 Time :      7.01000
 Time :      8.01000
 Time :      9.01000
 Time :     10.01000
 Time :     11.01000
 Time :     12.01000
 Time :     13.01000
 Time :     14.01000
 Time :     15.01000
 Time :     16.01000
 Time :     17.01000
 Time :     18.00000
 Time :     19.00000
 Time :     20.00000
 Time :     21.00000
 Time :     22.00000
 Time :     23.00000
 Time :     24.00000
 Time :     25.00000
 Time :     26.00000
 Time :     27.00000
 Time :     28.00000
 Time :     29.00000
 Time :     30.00000
 Time :     31.00000
 Time :     32.00000
 Time :     33.00000
 Time :     34.00000
 Time :     35.00000
dtime = 22.91372604668140
mbcr = 0.200000000000000
agsout =

 Columns 1 through 3:

   6.654776675632307e-03   6.654776675632309e-03   6.654776675632313e-03

 Columns 4 and 5:

   6.654776675632314e-03   6.654776675632316e-03

ans = -4.312803391577846e-21
ans = -3.797948083748942e-21
ans = -3.794018975839315e-21
ans = -3.798930360726349e-21
ans = -3.797017505559820e-21
nbcr = 5
lambda0 = 3.501084296647659
kmpl_prod = 0.180000000000000
 Time :      1.00000
 Time :      2.00000
 Time :      3.01000
 Time :      4.01000
 Time :      5.01000
 Time :      6.01000
 Time :      7.01000
 Time :      8.01000
 Time :      9.01000
 Time :     10.01000
 Time :     11.01000
 Time :     12.01000
 Time :     13.01000
 Time :     14.01000
 Time :     15.01000
 Time :     16.01000
 Time :     17.01000
 Time :     18.00000
 Time :     19.00000
 Time :     20.00000
 Time :     21.00000
 Time :     22.00000
 Time :     23.00000
 Time :     24.00000
 Time :     25.00000
 Time :     26.00000
 Time :     27.00000
 Time :     28.00000
 Time :     29.00000
 Time :     30.00000
 Time :     31.00000
 Time :     32.00000
 Time :     33.00000
 Time :     34.00000
 Time :     35.00000
dtime = 23.53392988443375
mbcr =

   0.200000000000000   0.351332975252499

agsout =

 Columns 1 through 3:

   6.654776675632307e-03   6.654776675632309e-03   6.654776675632313e-03
   3.566406528348603e-04   7.537514377791668e-03   7.537514377791657e-03

 Columns 4 and 5:

   6.654776675632314e-03   6.654776675632316e-03
   7.537514377791659e-03   7.537514377791657e-03

ans = 9.039429733979486e-21
ans = -7.697846177995045e-21
ans = 2.459104563543582e-21
ans = -7.696502009499646e-21
ans = 1.264335226529646e-20
nbcr = 5
lambda0 = 3.501084296647659
kmpl_prod = 0.180000000000000
 Time :      1.00000
 Time :      2.00000
 Time :      3.01000
 Time :      4.01000
 Time :      5.01000
 Time :      6.01000
 Time :      7.01000
 Time :      8.01000
 Time :      9.01000
 Time :     10.01000
 Time :     11.01000
 Time :     12.01000
 Time :     13.01000
 Time :     14.01000
 Time :     15.01000
 Time :     16.01000
 Time :     17.01000
 Time :     18.00000
 Time :     19.00000
 Time :     20.00000
 Time :     21.00000
 Time :     22.00000
 Time :     23.00000
 Time :     24.00000
 Time :     25.00000
 Time :     26.00000
 Time :     27.00000
 Time :     28.00000
 Time :     29.00000
 Time :     30.00000
 Time :     31.00000
 Time :     32.00000
 Time :     33.00000
 Time :     34.00000
 Time :     35.00000
dtime = 23.07477928698063
mbcr =

   0.200000000000000   0.351332975252499   0.321279889514791

agsout =

 Columns 1 through 3:

   6.654776675632307e-03   6.654776675632309e-03   6.654776675632313e-03
   3.566406528348603e-04   7.537514377791668e-03   7.537514377791657e-03
   9.801494577478143e-04   7.307604453381135e-03   7.307604453381147e-03

 Columns 4 and 5:

   6.654776675632314e-03   6.654776675632316e-03
   7.537514377791659e-03   7.537514377791657e-03
   7.307604453381153e-03   7.307604453381160e-03

ans = 4.052771411203559e-21
ans = -5.803292382518904e-21
ans = 9.591159202552356e-22
ans = 9.756078337180116e-22
ans = 9.791750501096465e-22
nbcr = 5
lambda0 = 3.501084296647659
kmpl_prod = 0.180000000000000
 Time :      1.00000
 Time :      2.00000
 Time :      3.01000
 Time :      4.01000
 Time :      5.01000
 Time :      6.01000
 Time :      7.01000
 Time :      8.01000
 Time :      9.01000
 Time :     10.01000
 Time :     11.01000
 Time :     12.01000
 Time :     13.01000
 Time :     14.01000
 Time :     15.01000
 Time :     16.01000
 Time :     17.01000
 Time :     18.00000
 Time :     19.00000
 Time :     20.00000
 Time :     21.00000
 Time :     22.00000
 Time :     23.00000
 Time :     24.00000
 Time :     25.00000
 Time :     26.00000
 Time :     27.00000
 Time :     28.00000
 Time :     29.00000
 Time :     30.00000
 Time :     31.00000
 Time :     32.00000
 Time :     33.00000
 Time :     34.00000
 Time :     35.00000
dtime = 23.89997094869614
mbcr =

   0.200000000000000   0.351332975252499   0.321279889514791   0.361715177013560

agsout =

 Columns 1 through 3:

   6.654776675632307e-03   6.654776675632309e-03   6.654776675632313e-03
   3.566406528348603e-04   7.537514377791668e-03   7.537514377791657e-03
   9.801494577478143e-04   7.307604453381135e-03   7.307604453381147e-03
   2.670163199392753e-04   7.417941903814788e-03   7.417941903814773e-03

 Columns 4 and 5:

   6.654776675632314e-03   6.654776675632316e-03
   7.537514377791659e-03   7.537514377791657e-03
   7.307604453381153e-03   7.307604453381160e-03
   7.417941903814790e-03   7.417941903814794e-03

ans = -4.102815838263017e-21
ans = 8.196015701905106e-21
ans = -1.966104918461978e-21
ans = 4.814604755364898e-21
ans = 1.422440460861500e-21
nbcr = 5
lambda0 = 3.501084296647659
kmpl_prod = 0.180000000000000
 Time :      1.00000
 Time :      2.00000
 Time :      3.01000
 Time :      4.01000
 Time :      5.01000
 Time :      6.01000
 Time :      7.01000
 Time :      8.01000
 Time :      9.01000
 Time :     10.01000
 Time :     11.01000
 Time :     12.01000
 Time :     13.01000
 Time :     14.01000
 Time :     15.01000
 Time :     16.01000
 Time :     17.01000
 Time :     18.00000
 Time :     19.00000
 Time :     20.00000
 Time :     21.00000
 Time :     22.00000
 Time :     23.00000
 Time :     24.00000
 Time :     25.00000
 Time :     26.00000
 Time :     27.00000
 Time :     28.00000
 Time :     29.00000
 Time :     30.00000
 Time :     31.00000
 Time :     32.00000
 Time :     33.00000
 Time :     34.00000
 Time :     35.00000
dtime = 23.02264720201492
mbcr =

 Columns 1 through 4:

   0.200000000000000   0.351332975252499   0.321279889514791   0.361715177013560

 Column 5:

   0.306657894196972

agsout =

 Columns 1 through 3:

   6.654776675632307e-03   6.654776675632309e-03   6.654776675632313e-03
   3.566406528348603e-04   7.537514377791668e-03   7.537514377791657e-03
   9.801494577478143e-04   7.307604453381135e-03   7.307604453381147e-03
   2.670163199392753e-04   7.417941903814788e-03   7.417941903814773e-03
   1.329552955301973e-03   7.262739694883408e-03   7.262739694883444e-03

 Columns 4 and 5:

   6.654776675632314e-03   6.654776675632316e-03
   7.537514377791659e-03   7.537514377791657e-03
   7.307604453381153e-03   7.307604453381160e-03
   7.417941903814790e-03   7.417941903814794e-03
   7.262739694883420e-03   7.262739694883418e-03

ans = -7.920461160348378e-21
ans = 1.368647871651411e-20
ans = 1.030480927603248e-20
ans = 1.029762314446093e-20
ans = 6.914764631848750e-21
nbcr = 5
lambda0 = 3.501084296647659
kmpl_prod = 0.180000000000000
 Time :      1.00000
 Time :      2.00000
 Time :      3.01000
 Time :      4.01000
 Time :      5.01000
 Time :      6.01000
 Time :      7.01000
 Time :      8.01000
 Time :      9.01000
 Time :     10.01000
 Time :     11.01000
 Time :     12.01000
 Time :     13.01000
 Time :     14.01000
 Time :     15.01000
 Time :     16.01000
 Time :     17.01000
 Time :     18.00000
 Time :     19.00000
 Time :     20.00000
 Time :     21.00000
 Time :     22.00000
 Time :     23.00000
 Time :     24.00000
 Time :     25.00000
 Time :     26.00000
 Time :     27.00000
 Time :     28.00000
 Time :     29.00000
 Time :     30.00000
 Time :     31.00000
 Time :     32.00000
 Time :     33.00000
 Time :     34.00000
 Time :     35.00000
dtime = 22.86504395306110
mbcr =

 Columns 1 through 4:

   0.200000000000000   0.351332975252499   0.321279889514791   0.361715177013560

 Columns 5 and 6:

   0.306657894196972   0.314170655448473

agsout =

 Columns 1 through 3:

   6.654776675632307e-03   6.654776675632309e-03   6.654776675632313e-03
   3.566406528348603e-04   7.537514377791668e-03   7.537514377791657e-03
   9.801494577478143e-04   7.307604453381135e-03   7.307604453381147e-03
   2.670163199392753e-04   7.417941903814788e-03   7.417941903814773e-03
   1.329552955301973e-03   7.262739694883408e-03   7.262739694883444e-03
   1.177209631207568e-03   7.175360300179483e-03   7.175360300179473e-03

 Columns 4 and 5:

   6.654776675632314e-03   6.654776675632316e-03
   7.537514377791659e-03   7.537514377791657e-03
   7.307604453381153e-03   7.307604453381160e-03
   7.417941903814790e-03   7.417941903814794e-03
   7.262739694883420e-03   7.262739694883418e-03
   7.175360300179476e-03   7.175360300179473e-03

ans = 1.381391622963556e-21
ans = 5.889525961377557e-21
ans = 5.893196575345761e-21
ans = 9.271040305494334e-21
ans = 5.896918888102250e-21
dkps =

 Columns 1 through 3:

   5.215660771461931e+01   2.565209211389178e+00   9.015834265832076e+00

 Columns 4 through 6:

   2.619090729179603e+01   7.534083735735777e+00   6.047531660993020e+00

nbcr = 7
lambda0 = 3.501084296647659
kmpl_prod = 0.180000000000000
 Time :      1.00000
 Time :      2.00000
 Time :      3.01000
 Time :      4.01000
 Time :      5.01000
 Time :      6.01000
 Time :      7.01000
 Time :      8.01000
 Time :      9.01000
 Time :     10.01000
 Time :     11.01000
 Time :     12.01000
 Time :     13.01000
 Time :     14.01000
 Time :     15.01000
 Time :     16.01000
 Time :     17.01000
 Time :     18.00000
 Time :     19.00000
 Time :     20.00000
 Time :     21.00000
 Time :     22.00000
 Time :     23.00000
 Time :     24.00000
 Time :     25.00000
 Time :     26.00000
 Time :     27.00000
 Time :     28.00000
 Time :     29.00000
 Time :     30.00000
 Time :     31.00000
 Time :     32.00000
 Time :     33.00000
 Time :     34.00000
 Time :     35.00000
dtime = 32.43671804666519
mbcr = 0.142857142857143
agsout =

 Columns 1 through 3:

   5.805757013961514e-03   5.805757013961522e-03   5.805757013961515e-03

 Columns 4 through 6:

   5.805757013961535e-03   5.805757013961533e-03   5.805757013961519e-03

 Column 7:

   5.805757013961519e-03

ans = 1.062218813731142e-20
ans = 4.537085659853357e-21
ans = 1.163532929132403e-21
ans = -2.232353678127483e-21
ans = 4.546701634474286e-21
ans = -5.617486937424180e-21
ans = -2.230182329019532e-21
nbcr = 7
lambda0 = 3.501084296647659
kmpl_prod = 0.180000000000000
 Time :      1.00000
 Time :      2.00000
 Time :      3.01000
 Time :      4.01000
 Time :      5.01000
 Time :      6.01000
 Time :      7.01000
 Time :      8.01000
 Time :      9.01000
 Time :     10.01000
 Time :     11.01000
 Time :     12.01000
 Time :     13.01000
 Time :     14.01000
 Time :     15.01000
 Time :     16.01000
 Time :     17.01000
 Time :     18.00000
 Time :     19.00000
 Time :     20.00000
 Time :     21.00000
 Time :     22.00000
 Time :     23.00000
 Time :     24.00000
 Time :     25.00000
 Time :     26.00000
 Time :     27.00000
 Time :     28.00000
 Time :     29.00000
 Time :     30.00000
 Time :     31.00000
 Time :     32.00000
 Time :     33.00000
 Time :     34.00000
 Time :     35.00000
dtime = 32.18183107674122
mbcr =

   0.142857142857143   0.219539485625902

agsout =

 Columns 1 through 3:

   5.805757013961514e-03   5.805757013961522e-03   5.805757013961515e-03
   1.797187380345411e-03   6.099716376554393e-03   6.099716376554398e-03

 Columns 4 through 6:

   5.805757013961535e-03   5.805757013961533e-03   5.805757013961519e-03
   6.099716376554404e-03   6.099716376554410e-03   6.099716376554421e-03

 Column 7:

   5.805757013961519e-03
   6.099716376554420e-03

ans = 8.008762690738414e-21
ans = 4.684117013734657e-21
ans = 8.065734755428004e-21
ans = 4.675741810032558e-21
ans = 1.146472328998496e-20
ans = 8.067906104535955e-21
ans = 1.145645148385943e-20
nbcr = 7
lambda0 = 3.501084296647659
kmpl_prod = 0.180000000000000
 Time :      1.00000
 Time :      2.00000
 Time :      3.01000
 Time :      4.01000
 Time :      5.01000
 Time :      6.01000
 Time :      7.01000
 Time :      8.01000
 Time :      9.01000
 Time :     10.01000
 Time :     11.01000
 Time :     12.01000
 Time :     13.01000
 Time :     14.01000
 Time :     15.01000
 Time :     16.01000
 Time :     17.01000
 Time :     18.00000
 Time :     19.00000
 Time :     20.00000
 Time :     21.00000
 Time :     22.00000
 Time :     23.00000
 Time :     24.00000
 Time :     25.00000
 Time :     26.00000
 Time :     27.00000
 Time :     28.00000
 Time :     29.00000
 Time :     30.00000
 Time :     31.00000
 Time :     32.00000
 Time :     33.00000
 Time :     34.00000
 Time :     35.00000
dtime = 33.60535986721516
mbcr =

   0.142857142857143   0.219539485625902   0.302791316827865

agsout =

 Columns 1 through 3:

   5.805757013961514e-03   5.805757013961522e-03   5.805757013961515e-03
   1.797187380345411e-03   6.099716376554393e-03   6.099716376554398e-03
   2.709606373911124e-04   6.664049279197421e-03   6.664049279197407e-03

 Columns 4 through 6:

   5.805757013961535e-03   5.805757013961533e-03   5.805757013961519e-03
   6.099716376554404e-03   6.099716376554410e-03   6.099716376554421e-03
   6.664049279197404e-03   6.664049279197401e-03   6.664049279197397e-03

 Column 7:

   5.805757013961519e-03
   6.099716376554420e-03
   6.664049279197397e-03

ans = 2.895132143935597e-21
ans = 6.850399640434468e-21
ans = -3.312134570238892e-21
ans = -3.303242378653947e-21
ans = 8.644037401179139e-23
ans = 8.116709760676584e-23
ans = -6.703678479282875e-21
nbcr = 7
lambda0 = 3.501084296647659
kmpl_prod = 0.180000000000000
 Time :      1.00000
 Time :      2.00000
 Time :      3.01000
 Time :      4.01000
 Time :      5.01000
 Time :      6.01000
 Time :      7.01000
 Time :      8.01000
 Time :      9.01000
 Time :     10.01000
 Time :     11.01000
 Time :     12.01000
 Time :     13.01000
 Time :     14.01000
 Time :     15.01000
 Time :     16.01000
 Time :     17.01000
 Time :     18.00000
 Time :     19.00000
 Time :     20.00000
 Time :     21.00000
 Time :     22.00000
 Time :     23.00000
 Time :     24.00000
 Time :     25.00000
 Time :     26.00000
 Time :     27.00000
 Time :     28.00000
 Time :     29.00000
 Time :     30.00000
 Time :     31.00000
 Time :     32.00000
 Time :     33.00000
 Time :     34.00000
 Time :     35.00000
dtime = 33.41816514730453
mbcr =

   0.142857142857143   0.219539485625902   0.302791316827865   0.304945511810180

agsout =

 Columns 1 through 3:

   5.805757013961514e-03   5.805757013961522e-03   5.805757013961515e-03
   1.797187380345411e-03   6.099716376554393e-03   6.099716376554398e-03
   2.709606373911124e-04   6.664049279197421e-03   6.664049279197407e-03
   2.549915294420651e-04   6.654170492554892e-03   6.654170492554890e-03

 Columns 4 through 6:

   5.805757013961535e-03   5.805757013961533e-03   5.805757013961519e-03
   6.099716376554404e-03   6.099716376554410e-03   6.099716376554421e-03
   6.664049279197404e-03   6.664049279197401e-03   6.664049279197397e-03
   6.654170492554881e-03   6.654170492554894e-03   6.654170492554894e-03

 Column 7:

   5.805757013961519e-03
   6.099716376554420e-03
   6.664049279197397e-03
   6.654170492554894e-03

ans = 9.396771758602394e-22
ans = 3.322164135166097e-21
ans = 3.305723920491606e-21
ans = 3.323508303661496e-21
ans = 6.711329899948990e-21
ans = 6.711433297525559e-21
ans = 6.711433297525559e-21
nbcr = 7
lambda0 = 3.501084296647659
kmpl_prod = 0.180000000000000
 Time :      1.00000
 Time :      2.00000
 Time :      3.01000
 Time :      4.01000
 Time :      5.01000
 Time :      6.01000
 Time :      7.01000
 Time :      8.01000
 Time :      9.01000
 Time :     10.01000
 Time :     11.01000
 Time :     12.01000
 Time :     13.01000
 Time :     14.01000
 Time :     15.01000
 Time :     16.01000
 Time :     17.01000
 Time :     18.00000
 Time :     19.00000
 Time :     20.00000
 Time :     21.00000
 Time :     22.00000
 Time :     23.00000
 Time :     24.00000
 Time :     25.00000
 Time :     26.00000
 Time :     27.00000
 Time :     28.00000
 Time :     29.00000
 Time :     30.00000
 Time :     31.00000
 Time :     32.00000
 Time :     33.00000
 Time :     34.00000
 Time :     35.00000
dtime = 32.25042857229710
mbcr =

 Columns 1 through 4:

   0.142857142857143   0.219539485625902   0.302791316827865   0.304945511810180

 Column 5:

   0.282296408448372

agsout =

 Columns 1 through 3:

   5.805757013961514e-03   5.805757013961522e-03   5.805757013961515e-03
   1.797187380345411e-03   6.099716376554393e-03   6.099716376554398e-03
   2.709606373911124e-04   6.664049279197421e-03   6.664049279197407e-03
   2.549915294420651e-04   6.654170492554892e-03   6.654170492554890e-03
   5.254804456168637e-04   6.583753594974469e-03   6.583753594974475e-03

 Columns 4 through 6:

   5.805757013961535e-03   5.805757013961533e-03   5.805757013961519e-03
   6.099716376554404e-03   6.099716376554410e-03   6.099716376554421e-03
   6.664049279197404e-03   6.664049279197401e-03   6.664049279197397e-03
   6.654170492554881e-03   6.654170492554894e-03   6.654170492554894e-03
   6.583753594974462e-03   6.583753594974461e-03   6.583753594974455e-03

 Column 7:

   5.805757013961519e-03
   6.099716376554420e-03
   6.664049279197397e-03
   6.654170492554894e-03
   6.583753594974455e-03

ans = 1.188658540238701e-21
ans = 1.725705552938754e-21
ans = 1.718777915308622e-21
ans = 1.720225481380590e-21
ans = -5.050661422672218e-21
ans = 1.729117672965535e-21
ans = 1.729117672965535e-21
nbcr = 7
lambda0 = 3.501084296647659
kmpl_prod = 0.180000000000000
 Time :      1.00000
 Time :      2.00000
 Time :      3.01000
 Time :      4.01000
 Time :      5.01000
 Time :      6.01000
 Time :      7.01000
 Time :      8.01000
 Time :      9.01000
 Time :     10.01000
 Time :     11.01000
 Time :     12.01000
 Time :     13.01000
 Time :     14.01000
 Time :     15.01000
 Time :     16.01000
 Time :     17.01000
 Time :     18.00000
 Time :     19.00000
 Time :     20.00000
 Time :     21.00000
 Time :     22.00000
 Time :     23.00000
 Time :     24.00000
 Time :     25.00000
 Time :     26.00000
 Time :     27.00000
 Time :     28.00000
 Time :     29.00000
 Time :     30.00000
 Time :     31.00000
 Time :     32.00000
 Time :     33.00000
 Time :     34.00000
 Time :     35.00000
dtime = 32.13659897446632
mbcr =

 Columns 1 through 4:

   0.142857142857143   0.219539485625902   0.302791316827865   0.304945511810180

 Columns 5 and 6:

   0.282296408448372   0.296486753669852

agsout =

 Columns 1 through 3:

   5.805757013961514e-03   5.805757013961522e-03   5.805757013961515e-03
   1.797187380345411e-03   6.099716376554393e-03   6.099716376554398e-03
   2.709606373911124e-04   6.664049279197421e-03   6.664049279197407e-03
   2.549915294420651e-04   6.654170492554892e-03   6.654170492554890e-03
   5.254804456168637e-04   6.583753594974469e-03   6.583753594974475e-03
   3.758255056832949e-04   6.576281172637382e-03   6.576281172637412e-03

 Columns 4 through 6:

   5.805757013961535e-03   5.805757013961533e-03   5.805757013961519e-03
   6.099716376554404e-03   6.099716376554410e-03   6.099716376554421e-03
   6.664049279197404e-03   6.664049279197401e-03   6.664049279197397e-03
   6.654170492554881e-03   6.654170492554894e-03   6.654170492554894e-03
   6.583753594974462e-03   6.583753594974461e-03   6.583753594974455e-03
   6.576281172637376e-03   6.576281172637376e-03   6.576281172637380e-03

 Column 7:

   5.805757013961519e-03
   6.099716376554420e-03
   6.664049279197397e-03
   6.654170492554894e-03
   6.583753594974455e-03
   6.576281172637379e-03

ans = -3.613124915631625e-21
ans = -7.442557561445867e-22
ans = 2.645943984403997e-21
ans = 6.030870448547556e-21
ans = 6.022081654539180e-21
ans = 6.040693218321623e-21
ans = 9.417141081186513e-21
dkps =

 Columns 1 through 3:

   5.389561226729875e+00   1.145480353051167e+01   2.427599103243510e+01

 Columns 4 through 6:

   3.088828283947075e+01   1.798888554339160e+01   2.706005184185254e+01

nbcr = 10
lambda0 = 3.501084296647659
kmpl_prod = 0.180000000000000
 Time :      1.00000
 Time :      2.00000
 Time :      3.01000
 Time :      4.01000
 Time :      5.01000
 Time :      6.01000
 Time :      7.01000
 Time :      8.01000
 Time :      9.01000
 Time :     10.01000
 Time :     11.01000
 Time :     12.01000
 Time :     13.01000
 Time :     14.01000
 Time :     15.01000
 Time :     16.01000
 Time :     17.01000
 Time :     18.00000
 Time :     19.00000
 Time :     20.00000
 Time :     21.00000
 Time :     22.00000
 Time :     23.00000
 Time :     24.00000
 Time :     25.00000
 Time :     26.00000
 Time :     27.00000
 Time :     28.00000
 Time :     29.00000
 Time :     30.00000
 Time :     31.00000
 Time :     32.00000
 Time :     33.00000
 Time :     34.00000
 Time :     35.00000
dtime = 46.70226126909256
mbcr = 0.100000000000000
agsout =

 Columns 1 through 3:

   5.165803084021687e-03   5.165803084021710e-03   5.165803084021646e-03

 Columns 4 through 6:

   5.165803084021644e-03   5.165803084021664e-03   5.165803084021658e-03

 Columns 7 through 9:

   5.165803084021657e-03   5.165803084021666e-03   5.165803084021665e-03

 Column 10:

   5.165803084021660e-03

ans = 3.064549073144114e-21
ans = -1.210061838588510e-21
ans = -4.606155241001535e-21
ans = 5.546969790204034e-21
ans = -1.214301139227845e-21
ans = 2.169487951573453e-21
ans = -4.611738710136268e-21
ans = 2.169591349150022e-21
ans = -1.216369090759227e-21
ans = -4.619286733225814e-21
nbcr = 10
lambda0 = 3.501084296647659
kmpl_prod = 0.180000000000000
 Time :      1.00000
 Time :      2.00000
 Time :      3.01000
 Time :      4.01000
 Time :      5.01000
 Time :      6.01000
 Time :      7.01000
 Time :      8.01000
 Time :      9.01000
 Time :     10.01000
 Time :     11.01000
 Time :     12.01000
 Time :     13.01000
 Time :     14.01000
 Time :     15.01000
 Time :     16.01000
 Time :     17.01000
 Time :     18.00000
 Time :     19.00000
 Time :     20.00000
 Time :     21.00000
 Time :     22.00000
 Time :     23.00000
 Time :     24.00000
 Time :     25.00000
 Time :     26.00000
 Time :     27.00000
 Time :     28.00000
 Time :     29.00000
 Time :     30.00000
 Time :     31.00000
 Time :     32.00000
 Time :     33.00000
 Time :     34.00000
 Time :     35.00000
dtime = 47.11386635899544
mbcr =

   0.100000000000000   0.238270135080985

agsout =

 Columns 1 through 3:

   5.165803084021687e-03   5.165803084021710e-03   5.165803084021646e-03
   4.165408345043346e-04   6.021483140754448e-03   6.021483140754442e-03

 Columns 4 through 6:

   5.165803084021644e-03   5.165803084021664e-03   5.165803084021658e-03
   6.021483140754456e-03   6.021483140754439e-03   6.021483140754383e-03

 Columns 7 through 9:

   5.165803084021657e-03   5.165803084021666e-03   5.165803084021665e-03
   6.021483140754453e-03   6.021483140754452e-03   6.021483140754452e-03

 Column 10:

   5.165803084021660e-03
   6.021483140754455e-03

ans = 6.544653006519555e-21
ans = 8.364863944442492e-22
ans = -5.943499496346642e-21
ans = -2.567982211670874e-21
ans = -2.574599656571299e-21
ans = -2.557022068554547e-21
ans = -2.549784238194708e-21
ans = 7.607580093650196e-21
ans = 8.309029253095163e-22
ans = -2.566534645598907e-21
nbcr = 10
lambda0 = 3.501084296647659
kmpl_prod = 0.180000000000000
 Time :      1.00000
 Time :      2.00000
 Time :      3.01000
 Time :      4.01000
 Time :      5.01000
 Time :      6.01000
 Time :      7.01000
 Time :      8.01000
 Time :      9.01000
 Time :     10.01000
 Time :     11.01000
 Time :     12.01000
 Time :     13.01000
 Time :     14.01000
 Time :     15.01000
 Time :     16.01000
 Time :     17.01000
 Time :     18.00000
 Time :     19.00000
 Time :     20.00000
 Time :     21.00000
 Time :     22.00000
 Time :     23.00000
 Time :     24.00000
 Time :     25.00000
 Time :     26.00000
 Time :     27.00000
 Time :     28.00000
 Time :     29.00000
 Time :     30.00000
 Time :     31.00000
 Time :     32.00000
 Time :     33.00000
 Time :     34.00000
 Time :     35.00000
dtime = 46.89827710390091
mbcr =

   0.100000000000000   0.238270135080985   0.250767599048072

agsout =

 Columns 1 through 3:

   5.165803084021687e-03   5.165803084021710e-03   5.165803084021646e-03
   4.165408345043346e-04   6.021483140754448e-03   6.021483140754442e-03
   3.130893492513123e-04   5.995258172085809e-03   5.995258172085798e-03

 Columns 4 through 6:

   5.165803084021644e-03   5.165803084021664e-03   5.165803084021658e-03
   6.021483140754456e-03   6.021483140754439e-03   6.021483140754383e-03
   5.995258172085777e-03   5.995258172085785e-03   5.995258172085786e-03

 Columns 7 through 9:

   5.165803084021657e-03   5.165803084021666e-03   5.165803084021665e-03
   6.021483140754453e-03   6.021483140754452e-03   6.021483140754452e-03
   5.995258172085794e-03   5.995258172085788e-03   5.995258172085793e-03

 Column 10:

   5.165803084021660e-03
   6.021483140754455e-03
   5.995258172085804e-03

ans = 1.201066249426996e-20
ans = -4.956673025570880e-21
ans = 1.811939131797407e-21
ans = 5.205034004489927e-21
ans = -1.570402392931923e-21
ans = 1.808216819040918e-21
ans = 1.829930310120435e-21
ans = -1.576813042679209e-21
ans = -1.580328560282559e-21
ans = 1.811111951184854e-21
nbcr = 10
lambda0 = 3.501084296647659
kmpl_prod = 0.180000000000000
 Time :      1.00000
 Time :      2.00000
 Time :      3.01000
 Time :      4.01000
 Time :      5.01000
 Time :      6.01000
 Time :      7.01000
 Time :      8.01000
 Time :      9.01000
 Time :     10.01000
 Time :     11.01000
 Time :     12.01000
 Time :     13.01000
 Time :     14.01000
 Time :     15.01000
 Time :     16.01000
 Time :     17.01000
 Time :     18.00000
 Time :     19.00000
 Time :     20.00000
 Time :     21.00000
 Time :     22.00000
 Time :     23.00000
 Time :     24.00000
 Time :     25.00000
 Time :     26.00000
 Time :     27.00000
 Time :     28.00000
 Time :     29.00000
 Time :     30.00000
 Time :     31.00000
 Time :     32.00000
 Time :     33.00000
 Time :     34.00000
 Time :     35.00000
dtime = 46.75896987318993
mbcr =

   0.100000000000000   0.238270135080985   0.250767599048072   0.235926050278807

agsout =

 Columns 1 through 3:

   5.165803084021687e-03   5.165803084021710e-03   5.165803084021646e-03
   4.165408345043346e-04   6.021483140754448e-03   6.021483140754442e-03
   3.130893492513123e-04   5.995258172085809e-03   5.995258172085798e-03
   4.720641002860732e-04   5.934425501620822e-03   5.934425501620801e-03

 Columns 4 through 6:

   5.165803084021644e-03   5.165803084021664e-03   5.165803084021658e-03
   6.021483140754456e-03   6.021483140754439e-03   6.021483140754383e-03
   5.995258172085777e-03   5.995258172085785e-03   5.995258172085786e-03
   5.934425501620793e-03   5.934425501620822e-03   5.934425501620844e-03

 Columns 7 through 9:

   5.165803084021657e-03   5.165803084021666e-03   5.165803084021665e-03
   6.021483140754453e-03   6.021483140754452e-03   6.021483140754452e-03
   5.995258172085794e-03   5.995258172085788e-03   5.995258172085793e-03
   5.934425501620821e-03   5.934425501620815e-03   5.934425501620813e-03

 Column 10:

   5.165803084021660e-03
   6.021483140754455e-03
   5.995258172085804e-03
   5.934425501620810e-03

ans = 3.916700200438586e-21
ans = -1.542278252105120e-21
ans = 1.851023415740538e-21
ans = 1.861776763703727e-21
ans = -4.931030426581736e-21
ans = -4.925033367140727e-21
ans = 1.854952523650165e-21
ans = -1.540417095726876e-21
ans = -1.533592855673313e-21
ans = 5.240809565982845e-21
nbcr = 10
lambda0 = 3.501084296647659
kmpl_prod = 0.180000000000000
 Time :      1.00000
 Time :      2.00000
 Time :      3.01000
 Time :      4.01000
 Time :      5.01000
 Time :      6.01000
 Time :      7.01000
 Time :      8.01000
 Time :      9.01000
 Time :     10.01000
 Time :     11.01000
 Time :     12.01000
 Time :     13.01000
 Time :     14.01000
 Time :     15.01000
 Time :     16.01000
 Time :     17.01000
 Time :     18.00000
 Time :     19.00000
 Time :     20.00000
 Time :     21.00000
 Time :     22.00000
 Time :     23.00000
 Time :     24.00000
 Time :     25.00000
 Time :     26.00000
 Time :     27.00000
 Time :     28.00000
 Time :     29.00000
 Time :     30.00000
 Time :     31.00000
 Time :     32.00000
 Time :     33.00000
 Time :     34.00000
 Time :     35.00000
dtime = 46.20578438043594
mbcr =

 Columns 1 through 4:

   0.100000000000000   0.238270135080985   0.250767599048072   0.235926050278807

 Column 5:

   0.225475944329791

agsout =

 Columns 1 through 3:

   5.165803084021687e-03   5.165803084021710e-03   5.165803084021646e-03
   4.165408345043346e-04   6.021483140754448e-03   6.021483140754442e-03
   3.130893492513123e-04   5.995258172085809e-03   5.995258172085798e-03
   4.720641002860732e-04   5.934425501620822e-03   5.934425501620801e-03
   5.698140495440496e-04   5.869054182527420e-03   5.869054182527395e-03

 Columns 4 through 6:

   5.165803084021644e-03   5.165803084021664e-03   5.165803084021658e-03
   6.021483140754456e-03   6.021483140754439e-03   6.021483140754383e-03
   5.995258172085777e-03   5.995258172085785e-03   5.995258172085786e-03
   5.934425501620793e-03   5.934425501620822e-03   5.934425501620844e-03
   5.869054182527399e-03   5.869054182527412e-03   5.869054182527426e-03

 Columns 7 through 9:

   5.165803084021657e-03   5.165803084021666e-03   5.165803084021665e-03
   6.021483140754453e-03   6.021483140754452e-03   6.021483140754452e-03
   5.995258172085794e-03   5.995258172085788e-03   5.995258172085793e-03
   5.934425501620821e-03   5.934425501620815e-03   5.934425501620813e-03
   5.869054182527421e-03   5.869054182527407e-03   5.869054182527412e-03

 Column 10:

   5.165803084021660e-03
   6.021483140754455e-03
   5.995258172085804e-03
   5.934425501620810e-03
   5.869054182527416e-03

ans = 1.504227943927681e-21
ans = 4.261531118296629e-21
ans = 7.658658496475345e-21
ans = 4.253776300053945e-21
ans = 1.104265438242978e-20
ans = 8.696770165229395e-22
ans = 7.648525533971570e-21
ans = 7.640046932692902e-21
ans = 7.644079438179098e-21
ans = 7.642425076953992e-21
nbcr = 10
lambda0 = 3.501084296647659
kmpl_prod = 0.180000000000000
 Time :      1.00000
 Time :      2.00000
 Time :      3.01000
 Time :      4.01000
 Time :      5.01000
 Time :      6.01000
 Time :      7.01000
 Time :      8.01000
 Time :      9.01000
 Time :     10.01000
 Time :     11.01000
 Time :     12.01000
 Time :     13.01000
 Time :     14.01000
 Time :     15.01000
 Time :     16.01000
 Time :     17.01000
 Time :     18.00000
 Time :     19.00000
 Time :     20.00000
 Time :     21.00000
 Time :     22.00000
 Time :     23.00000
 Time :     24.00000
 Time :     25.00000
 Time :     26.00000
 Time :     27.00000
 Time :     28.00000
 Time :     29.00000
 Time :     30.00000
 Time :     31.00000
 Time :     32.00000
 Time :     33.00000
 Time :     34.00000
 Time :     35.00000
dtime = 46.33321277797222
mbcr =

 Columns 1 through 4:

   0.100000000000000   0.238270135080985   0.250767599048072   0.235926050278807

 Columns 5 and 6:

   0.225475944329791   0.237744314301791

agsout =

 Columns 1 through 3:

   5.165803084021687e-03   5.165803084021710e-03   5.165803084021646e-03
   4.165408345043346e-04   6.021483140754448e-03   6.021483140754442e-03
   3.130893492513123e-04   5.995258172085809e-03   5.995258172085798e-03
   4.720641002860732e-04   5.934425501620822e-03   5.934425501620801e-03
   5.698140495440496e-04   5.869054182527420e-03   5.869054182527395e-03
   4.404926222856730e-04   5.932062190629340e-03   5.932062190629357e-03

 Columns 4 through 6:

   5.165803084021644e-03   5.165803084021664e-03   5.165803084021658e-03
   6.021483140754456e-03   6.021483140754439e-03   6.021483140754383e-03
   5.995258172085777e-03   5.995258172085785e-03   5.995258172085786e-03
   5.934425501620793e-03   5.934425501620822e-03   5.934425501620844e-03
   5.869054182527399e-03   5.869054182527412e-03   5.869054182527426e-03
   5.932062190629364e-03   5.932062190629360e-03   5.932062190629351e-03

 Columns 7 through 9:

   5.165803084021657e-03   5.165803084021666e-03   5.165803084021665e-03
   6.021483140754453e-03   6.021483140754452e-03   6.021483140754452e-03
   5.995258172085794e-03   5.995258172085788e-03   5.995258172085793e-03
   5.934425501620821e-03   5.934425501620815e-03   5.934425501620813e-03
   5.869054182527421e-03   5.869054182527407e-03   5.869054182527412e-03
   5.932062190629347e-03   5.932062190629346e-03   5.932062190629348e-03

 Column 10:

   5.165803084021660e-03
   6.021483140754455e-03
   5.995258172085804e-03
   5.934425501620810e-03
   5.869054182527416e-03
   5.932062190629347e-03

ans = -1.773475233313691e-21
ans = 2.075189361742408e-21
ans = -1.291642526501553e-21
ans = 2.083047577561662e-21
ans = 2.091732973993469e-21
ans = -1.306324982374369e-21
ans = -1.288747394357617e-21
ans = 8.854761662227023e-21
ans = 5.470765776272587e-21
ans = 2.097730033434478e-21
dkps =

 Columns 1 through 3:

   7.711051677264611e+00   5.345233928017264e+00   4.693347803563795e+01

 Columns 4 through 6:

   3.539510443664992e+00   3.761327711331133e+00   5.293185768694097e+00

nbcr = 15
lambda0 = 3.501084296647659
kmpl_prod = 0.180000000000000
 Time :      1.00000
 Time :      2.00000
 Time :      3.01000
 Time :      4.01000
 Time :      5.01000
 Time :      6.01000
 Time :      7.01000
 Time :      8.01000
 Time :      9.01000
 Time :     10.01000
 Time :     11.01000
 Time :     12.01000
 Time :     13.01000
 Time :     14.01000
 Time :     15.01000
 Time :     16.01000
 Time :     17.01000
 Time :     18.00000
 Time :     19.00000
 Time :     20.00000
 Time :     21.00000
 Time :     22.00000
 Time :     23.00000
 Time :     24.00000
 Time :     25.00000
 Time :     26.00000
 Time :     27.00000
 Time :     28.00000
 Time :     29.00000
 Time :     30.00000
 Time :     31.00000
 Time :     32.00000
 Time :     33.00000
 Time :     34.00000
 Time :     35.00000
dtime = 72.15214334428310
mbcr = 6.666666666666667e-02
agsout =

 Columns 1 through 3:

   4.664289824553062e-03   4.664289824553062e-03   4.664289824553099e-03

 Columns 4 through 6:

   4.664289824553137e-03   4.664289824553130e-03   4.664289824553107e-03

 Columns 7 through 9:

   4.664289824553147e-03   4.664289824553143e-03   4.664289824553102e-03

 Columns 10 through 12:

   4.664289824553108e-03   4.664289824553121e-03   4.664289824553106e-03

 Columns 13 through 15:

   4.664289824553102e-03   4.664289824553101e-03   4.664289824553102e-03

ans = -2.765032143217491e-21
ans = 7.275053487403878e-22
ans = -6.043174760159282e-21
ans = -9.428204621879409e-21
ans = -9.440612331067705e-21
ans = 7.186131571554428e-22
ans = -2.656076946907772e-21
ans = -6.048758229294015e-21
ans = -6.036143724952581e-21
ans = -2.652561429304421e-21
ans = -2.666003114258408e-21
ans = -2.655249766295219e-21
ans = -6.028492304286466e-21
ans = -6.052066951744227e-21
ans = -9.440198740761428e-21
nbcr = 15
lambda0 = 3.501084296647659
kmpl_prod = 0.180000000000000
 Time :      1.00000
 Time :      2.00000
 Time :      3.01000
 Time :      4.01000
 Time :      5.01000
 Time :      6.01000
 Time :      7.01000
 Time :      8.01000
 Time :      9.01000
 Time :     10.01000
 Time :     11.01000
 Time :     12.01000
 Time :     13.01000
 Time :     14.01000
 Time :     15.01000
 Time :     16.01000
 Time :     17.01000
 Time :     18.00000
 Time :     19.00000
 Time :     20.00000
 Time :     21.00000
 Time :     22.00000
 Time :     23.00000
 Time :     24.00000
 Time :     25.00000
 Time :     26.00000
 Time :     27.00000
 Time :     28.00000
 Time :     29.00000
 Time :     30.00000
 Time :     31.00000
 Time :     32.00000
 Time :     33.00000
 Time :     34.00000
 Time :     35.00000
dtime = 71.35884650051594
mbcr =

   6.666666666666667e-02   1.996050953216098e-01

agsout =

 Columns 1 through 3:

   4.664289824553062e-03   4.664289824553062e-03   4.664289824553099e-03
   3.599138825295246e-04   5.507411963690423e-03   5.507411963690463e-03

 Columns 4 through 6:

   4.664289824553137e-03   4.664289824553130e-03   4.664289824553107e-03
   5.507411963690504e-03   5.507411963690502e-03   5.507411963690492e-03

 Columns 7 through 9:

   4.664289824553147e-03   4.664289824553143e-03   4.664289824553102e-03
   5.507411963690502e-03   5.507411963690482e-03   5.507411963690510e-03

 Columns 10 through 12:

   4.664289824553108e-03   4.664289824553121e-03   4.664289824553106e-03
   5.507411963690518e-03   5.507411963690530e-03   5.507411963690469e-03

 Columns 13 through 15:

   4.664289824553102e-03   4.664289824553101e-03   4.664289824553102e-03
   5.507411963690532e-03   5.507411963690524e-03   5.507411963690524e-03

ans = -8.751570880811033e-21
ans = 7.754818242684634e-22
ans = -2.609134447145388e-21
ans = -2.608927651992249e-21
ans = 7.829264497814407e-22
ans = -2.613270350208153e-21
ans = -2.598794689488475e-21
ans = 4.170644648492366e-21
ans = -5.987133273658814e-21
ans = -2.613477145361291e-21
ans = 4.147483591340881e-21
ans = -2.615958687198950e-21
ans = -2.605205339235761e-21
ans = -2.605412134388899e-21
ans = -2.605412134388899e-21
nbcr = 15
lambda0 = 3.501084296647659
kmpl_prod = 0.180000000000000
 Time :      1.00000
 Time :      2.00000
 Time :      3.01000
 Time :      4.01000
 Time :      5.01000
 Time :      6.01000
 Time :      7.01000
 Time :      8.01000
 Time :      9.01000
 Time :     10.01000
 Time :     11.01000
 Time :     12.01000
 Time :     13.01000
 Time :     14.01000
 Time :     15.01000
 Time :     16.01000
 Time :     17.01000
 Time :     18.00000
 Time :     19.00000
 Time :     20.00000
 Time :     21.00000
 Time :     22.00000
 Time :     23.00000
 Time :     24.00000
 Time :     25.00000
 Time :     26.00000
 Time :     27.00000
 Time :     28.00000
 Time :     29.00000
 Time :     30.00000
 Time :     31.00000
 Time :     32.00000
 Time :     33.00000
 Time :     34.00000
 Time :     35.00000
dtime = 75.95455683767796
mbcr =

   6.666666666666667e-02   1.996050953216098e-01   2.303667980758051e-01

agsout =

 Columns 1 through 3:

   4.664289824553062e-03   4.664289824553062e-03   4.664289824553099e-03
   3.599138825295246e-04   5.507411963690423e-03   5.507411963690463e-03
   1.627675486242115e-04   5.547563393933930e-03   5.547563393933941e-03

 Columns 4 through 6:

   4.664289824553137e-03   4.664289824553130e-03   4.664289824553107e-03
   5.507411963690504e-03   5.507411963690502e-03   5.507411963690492e-03
   5.547563393933955e-03   5.547563393933912e-03   5.547563393933929e-03

 Columns 7 through 9:

   4.664289824553147e-03   4.664289824553143e-03   4.664289824553102e-03
   5.507411963690502e-03   5.507411963690482e-03   5.507411963690510e-03
   5.547563393933974e-03   5.547563393933899e-03   5.547563393933919e-03

 Columns 10 through 12:

   4.664289824553108e-03   4.664289824553121e-03   4.664289824553106e-03
   5.507411963690518e-03   5.507411963690530e-03   5.507411963690469e-03
   5.547563393933890e-03   5.547563393933890e-03   5.547563393933883e-03

 Columns 13 through 15:

   4.664289824553102e-03   4.664289824553101e-03   4.664289824553102e-03
   5.507411963690532e-03   5.507411963690524e-03   5.507411963690524e-03
   5.547563393933879e-03   5.547563393933880e-03   5.547563393933880e-03

ans = 7.901229211106520e-21
ans = 1.117190135314119e-20
ans = 7.773429806467078e-21
ans = 1.117045378706922e-20
ans = 4.401841629700937e-21
ans = 4.395017389647374e-21
ans = 4.397912521791310e-21
ans = 1.120292062611193e-20
ans = 4.405150352151149e-21
ans = 7.787285081727341e-21
ans = 7.815202427401005e-21
ans = 4.380955319233973e-21
ans = 4.388606739900088e-21
ans = 7.800313176375051e-21
ans = 7.800313176375051e-21
nbcr = 15
lambda0 = 3.501084296647659
kmpl_prod = 0.180000000000000
 Time :      1.00000
 Time :      2.00000
 Time :      3.01000
 Time :      4.01000
 Time :      5.01000
 Time :      6.01000
 Time :      7.01000
 Time :      8.01000
 Time :      9.01000
 Time :     10.01000
 Time :     11.01000
 Time :     12.01000
 Time :     13.01000
 Time :     14.01000
 Time :     15.01000
 Time :     16.01000
 Time :     17.01000
 Time :     18.00000
 Time :     19.00000
 Time :     20.00000
 Time :     21.00000
 Time :     22.00000
 Time :     23.00000
 Time :     24.00000
 Time :     25.00000
 Time :     26.00000
 Time :     27.00000
 Time :     28.00000
 Time :     29.00000
 Time :     30.00000
 Time :     31.00000
 Time :     32.00000
 Time :     33.00000
 Time :     34.00000
 Time :     35.00000
dtime = 71.04838751256466
mbcr =

 Columns 1 through 3:

   6.666666666666667e-02   1.996050953216098e-01   2.303667980758051e-01

 Column 4:

   1.905168838783751e-01

agsout =

 Columns 1 through 3:

   4.664289824553062e-03   4.664289824553062e-03   4.664289824553099e-03
   3.599138825295246e-04   5.507411963690423e-03   5.507411963690463e-03
   1.627675486242115e-04   5.547563393933930e-03   5.547563393933941e-03
   4.910059580629765e-04   5.410242867006201e-03   5.410242867006187e-03

 Columns 4 through 6:

   4.664289824553137e-03   4.664289824553130e-03   4.664289824553107e-03
   5.507411963690504e-03   5.507411963690502e-03   5.507411963690492e-03
   5.547563393933955e-03   5.547563393933912e-03   5.547563393933929e-03
   5.410242867006212e-03   5.410242867006211e-03   5.410242867006204e-03

 Columns 7 through 9:

   4.664289824553147e-03   4.664289824553143e-03   4.664289824553102e-03
   5.507411963690502e-03   5.507411963690482e-03   5.507411963690510e-03
   5.547563393933974e-03   5.547563393933899e-03   5.547563393933919e-03
   5.410242867006167e-03   5.410242867006167e-03   5.410242867006225e-03

 Columns 10 through 12:

   4.664289824553108e-03   4.664289824553121e-03   4.664289824553106e-03
   5.507411963690518e-03   5.507411963690530e-03   5.507411963690469e-03
   5.547563393933890e-03   5.547563393933890e-03   5.547563393933883e-03
   5.410242867006223e-03   5.410242867006209e-03   5.410242867006232e-03

 Columns 13 through 15:

   4.664289824553102e-03   4.664289824553101e-03   4.664289824553102e-03
   5.507411963690532e-03   5.507411963690524e-03   5.507411963690524e-03
   5.547563393933879e-03   5.547563393933880e-03   5.547563393933880e-03
   5.410242867006224e-03   5.410242867006224e-03   5.410242867006222e-03

ans = 5.090055899345056e-21
ans = 1.218829953081572e-20
ans = 8.796859019348311e-21
ans = 8.799133766032832e-21
ans = 8.801408512717353e-21
ans = 1.218499080836551e-20
ans = 8.801822103023629e-21
ans = 8.800581332104800e-21
ans = 8.805130825473841e-21
ans = 5.412656338240737e-21
ans = 8.790241574447887e-21
ans = 8.801615307870491e-21
ans = 8.781349382862942e-21
ans = 8.806371596392671e-21
ans = 8.805958006086394e-21
nbcr = 15
lambda0 = 3.501084296647659
kmpl_prod = 0.180000000000000
 Time :      1.00000
 Time :      2.00000
 Time :      3.01000
 Time :      4.01000
 Time :      5.01000
 Time :      6.01000
 Time :      7.01000
 Time :      8.01000
 Time :      9.01000
 Time :     10.01000
 Time :     11.01000
 Time :     12.01000
 Time :     13.01000
 Time :     14.01000
 Time :     15.01000
 Time :     16.01000
 Time :     17.01000
 Time :     18.00000
 Time :     19.00000
 Time :     20.00000
 Time :     21.00000
 Time :     22.00000
 Time :     23.00000
 Time :     24.00000
 Time :     25.00000
 Time :     26.00000
 Time :     27.00000
 Time :     28.00000
 Time :     29.00000
 Time :     30.00000
 Time :     31.00000
 Time :     32.00000
 Time :     33.00000
 Time :     34.00000
 Time :     35.00000
dtime = 75.57246275246143
mbcr =

 Columns 1 through 3:

   6.666666666666667e-02   1.996050953216098e-01   2.303667980758051e-01

 Columns 4 and 5:

   1.905168838783751e-01   2.289319674583626e-01

agsout =

 Columns 1 through 3:

   4.664289824553062e-03   4.664289824553062e-03   4.664289824553099e-03
   3.599138825295246e-04   5.507411963690423e-03   5.507411963690463e-03
   1.627675486242115e-04   5.547563393933930e-03   5.547563393933941e-03
   4.910059580629765e-04   5.410242867006201e-03   5.410242867006187e-03
   1.850318670381458e-04   5.492826567810925e-03   5.492826567810932e-03

 Columns 4 through 6:

   4.664289824553137e-03   4.664289824553130e-03   4.664289824553107e-03
   5.507411963690504e-03   5.507411963690502e-03   5.507411963690492e-03
   5.547563393933955e-03   5.547563393933912e-03   5.547563393933929e-03
   5.410242867006212e-03   5.410242867006211e-03   5.410242867006204e-03
   5.492826567810898e-03   5.492826567810916e-03   5.492826567810910e-03

 Columns 7 through 9:

   4.664289824553147e-03   4.664289824553143e-03   4.664289824553102e-03
   5.507411963690502e-03   5.507411963690482e-03   5.507411963690510e-03
   5.547563393933974e-03   5.547563393933899e-03   5.547563393933919e-03
   5.410242867006167e-03   5.410242867006167e-03   5.410242867006225e-03
   5.492826567810910e-03   5.492826567810903e-03   5.492826567810927e-03

 Columns 10 through 12:

   4.664289824553108e-03   4.664289824553121e-03   4.664289824553106e-03
   5.507411963690518e-03   5.507411963690530e-03   5.507411963690469e-03
   5.547563393933890e-03   5.547563393933890e-03   5.547563393933883e-03
   5.410242867006223e-03   5.410242867006209e-03   5.410242867006232e-03
   5.492826567810885e-03   5.492826567810930e-03   5.492826567810877e-03

 Columns 13 through 15:

   4.664289824553102e-03   4.664289824553101e-03   4.664289824553102e-03
   5.507411963690532e-03   5.507411963690524e-03   5.507411963690524e-03
   5.547563393933879e-03   5.547563393933880e-03   5.547563393933880e-03
   5.410242867006224e-03   5.410242867006224e-03   5.410242867006222e-03
   5.492826567810871e-03   5.492826567810883e-03   5.492826567810883e-03

ans = 6.842438027038645e-21
ans = 1.848955464209155e-21
ans = 1.201583237309842e-20
ans = 8.613224923361539e-21
ans = 8.596060925651064e-21
ans = 8.617360826424304e-21
ans = 1.201893430039549e-20
ans = 1.811939131797407e-21
ans = 8.613845308820954e-21
ans = 8.600196828713829e-21
ans = 5.214546581534286e-21
ans = 5.184354489176101e-21
ans = 5.229229037407103e-21
ans = 5.247013420576993e-21
ans = 5.247013420576993e-21
nbcr = 15
lambda0 = 3.501084296647659
kmpl_prod = 0.180000000000000
 Time :      1.00000
 Time :      2.00000
 Time :      3.01000
 Time :      4.01000
 Time :      5.01000
 Time :      6.01000
 Time :      7.01000
 Time :      8.01000
 Time :      9.01000
 Time :     10.01000
 Time :     11.01000
 Time :     12.01000
 Time :     13.01000
 Time :     14.01000
 Time :     15.01000
 Time :     16.01000
 Time :     17.01000
 Time :     18.00000
 Time :     19.00000
 Time :     20.00000
 Time :     21.00000
 Time :     22.00000
 Time :     23.00000
 Time :     24.00000
 Time :     25.00000
 Time :     26.00000
 Time :     27.00000
 Time :     28.00000
 Time :     29.00000
 Time :     30.00000
 Time :     31.00000
 Time :     32.00000
 Time :     33.00000
 Time :     34.00000
 Time :     35.00000
dtime = 70.08821368217468
mbcr =

 Columns 1 through 3:

   6.666666666666667e-02   1.996050953216098e-01   2.303667980758051e-01

 Columns 4 through 6:

   1.905168838783751e-01   2.289319674583626e-01   2.445137456652987e-01

agsout =

 Columns 1 through 3:

   4.664289824553062e-03   4.664289824553062e-03   4.664289824553099e-03
   3.599138825295246e-04   5.507411963690423e-03   5.507411963690463e-03
   1.627675486242115e-04   5.547563393933930e-03   5.547563393933941e-03
   4.910059580629765e-04   5.410242867006201e-03   5.410242867006187e-03
   1.850318670381458e-04   5.492826567810925e-03   5.492826567810932e-03
   7.934312473687713e-05   5.629264423608464e-03   5.629264423608425e-03

 Columns 4 through 6:

   4.664289824553137e-03   4.664289824553130e-03   4.664289824553107e-03
   5.507411963690504e-03   5.507411963690502e-03   5.507411963690492e-03
   5.547563393933955e-03   5.547563393933912e-03   5.547563393933929e-03
   5.410242867006212e-03   5.410242867006211e-03   5.410242867006204e-03
   5.492826567810898e-03   5.492826567810916e-03   5.492826567810910e-03
   5.629264423608469e-03   5.629264423608463e-03   5.629264423608475e-03

 Columns 7 through 9:

   4.664289824553147e-03   4.664289824553143e-03   4.664289824553102e-03
   5.507411963690502e-03   5.507411963690482e-03   5.507411963690510e-03
   5.547563393933974e-03   5.547563393933899e-03   5.547563393933919e-03
   5.410242867006167e-03   5.410242867006167e-03   5.410242867006225e-03
   5.492826567810910e-03   5.492826567810903e-03   5.492826567810927e-03
   5.629264423608462e-03   5.629264423608429e-03   5.629264423608451e-03

 Columns 10 through 12:

   4.664289824553108e-03   4.664289824553121e-03   4.664289824553106e-03
   5.507411963690518e-03   5.507411963690530e-03   5.507411963690469e-03
   5.547563393933890e-03   5.547563393933890e-03   5.547563393933883e-03
   5.410242867006223e-03   5.410242867006209e-03   5.410242867006232e-03
   5.492826567810885e-03   5.492826567810930e-03   5.492826567810877e-03
   5.629264423608428e-03   5.629264423608445e-03   5.629264423608450e-03

 Columns 13 through 15:

   4.664289824553102e-03   4.664289824553101e-03   4.664289824553102e-03
   5.507411963690532e-03   5.507411963690524e-03   5.507411963690524e-03
   5.547563393933879e-03   5.547563393933880e-03   5.547563393933880e-03
   5.410242867006224e-03   5.410242867006224e-03   5.410242867006222e-03
   5.492826567810871e-03   5.492826567810883e-03   5.492826567810883e-03
   5.629264423608447e-03   5.629264423608444e-03   5.629264423608444e-03

ans = -2.223461486542538e-21
ans = -3.791175542483664e-21
ans = -3.823642381526370e-22
ans = 2.956343509264521e-21
ans = 2.965028905696328e-21
ans = 3.013212176377542e-21
ans = -4.100747886731635e-22
ans = 2.984467650091324e-21
ans = 6.353160694713529e-21
ans = -7.173723862366133e-21
ans = 2.970819169984199e-21
ans = 6.365775199054963e-21
ans = -4.020097777007714e-22
ans = -4.346834118966160e-22
ans = -4.346834118966160e-22
