warning: function /home/surgeon/flu/amcode/perelson21/1d2agt/4paper/2submit/run.m shadows a core library function
warning: called from
    driver at line 1 column 1

lambda0 = 3.501084296647659
kmpl_prod = 0.180000000000000
dkps =

 Columns 1 through 3:

   3.546134814731308e+01   8.536794089577296e-01   7.080596823866490e+00

 Columns 4 through 6:

   8.403257872348512e+01   3.696360648544424e+01   1.027310989058839e+00

nbcr = 2
lambda0 = 3.501084296647659
kmpl_prod = 0.180000000000000
 Time :      1.00000
 Time :      2.00000
 Time :      3.01000
 Time :      4.01000
 Time :      5.01000
 Time :      6.01000
 Time :      7.01000
 Time :      8.01000
 Time :      9.01000
 Time :     10.01000
 Time :     11.01000
 Time :     12.01000
 Time :     13.01000
 Time :     14.01000
 Time :     15.01000
 Time :     16.01000
 Time :     17.01000
 Time :     18.00000
 Time :     19.00000
 Time :     20.00000
 Time :     21.00000
 Time :     22.00000
 Time :     23.00000
 Time :     24.00000
 Time :     25.00000
 Time :     26.00000
 Time :     27.00000
 Time :     28.00000
 Time :     29.00000
 Time :     30.00000
 Time :     31.00000
 Time :     32.00000
 Time :     33.00000
 Time :     34.00000
 Time :     35.00000
dtime = 5.160915479063988
mbcr = 0.500000000000000
agsout =

   1.110448042063631e-02   1.110448042063631e-02

ans = 2.799477268705649e-21
ans = -3.232570135068948e-21
nbcr = 2
lambda0 = 3.501084296647659
kmpl_prod = 0.180000000000000
 Time :      1.00000
 Time :      2.00000
 Time :      3.01000
 Time :      4.01000
 Time :      5.01000
 Time :      6.01000
 Time :      7.01000
 Time :      8.01000
 Time :      9.01000
 Time :     10.01000
 Time :     11.01000
 Time :     12.01000
 Time :     13.01000
 Time :     14.01000
 Time :     15.01000
 Time :     16.01000
 Time :     17.01000
 Time :     18.00000
 Time :     19.00000
 Time :     20.00000
 Time :     21.00000
 Time :     22.00000
 Time :     23.00000
 Time :     24.00000
 Time :     25.00000
 Time :     26.00000
 Time :     27.00000
 Time :     28.00000
 Time :     29.00000
 Time :     30.00000
 Time :     31.00000
 Time :     32.00000
 Time :     33.00000
 Time :     34.00000
 Time :     35.00000
dtime = 5.067252740263939
mbcr =

   0.500000000000000   0.562980856143272

agsout =

   1.110448042063631e-02   1.110448042063631e-02
   5.335033686423686e-03   1.093302579420591e-02

ans = 4.544543210063405e-21
ans = 1.812902021729207e-21
nbcr = 2
lambda0 = 3.501084296647659
kmpl_prod = 0.180000000000000
 Time :      1.00000
 Time :      2.00000
 Time :      3.01000
 Time :      4.01000
 Time :      5.01000
 Time :      6.01000
 Time :      7.01000
 Time :      8.01000
 Time :      9.01000
 Time :     10.01000
 Time :     11.01000
 Time :     12.01000
 Time :     13.01000
 Time :     14.01000
 Time :     15.01000
 Time :     16.01000
 Time :     17.01000
 Time :     18.00000
 Time :     19.00000
 Time :     20.00000
 Time :     21.00000
 Time :     22.00000
 Time :     23.00000
 Time :     24.00000
 Time :     25.00000
 Time :     26.00000
 Time :     27.00000
 Time :     28.00000
 Time :     29.00000
 Time :     30.00000
 Time :     31.00000
 Time :     32.00000
 Time :     33.00000
 Time :     34.00000
 Time :     35.00000
dtime = 5.108119547367096
mbcr =

   0.500000000000000   0.562980856143272   0.611889388044061

agsout =

   1.110448042063631e-02   1.110448042063631e-02
   5.335033686423686e-03   1.093302579420591e-02
   5.622744849517458e-04   1.141426883122143e-02

ans = 3.321957340012959e-21
ans = 1.090481248816606e-20
nbcr = 2
lambda0 = 3.501084296647659
kmpl_prod = 0.180000000000000
 Time :      1.00000
 Time :      2.00000
 Time :      3.01000
 Time :      4.01000
 Time :      5.01000
 Time :      6.01000
 Time :      7.01000
 Time :      8.01000
 Time :      9.01000
 Time :     10.01000
 Time :     11.01000
 Time :     12.01000
 Time :     13.01000
 Time :     14.01000
 Time :     15.01000
 Time :     16.01000
 Time :     17.01000
 Time :     18.00000
 Time :     19.00000
 Time :     20.00000
 Time :     21.00000
 Time :     22.00000
 Time :     23.00000
 Time :     24.00000
 Time :     25.00000
 Time :     26.00000
 Time :     27.00000
 Time :     28.00000
 Time :     29.00000
 Time :     30.00000
 Time :     31.00000
 Time :     32.00000
 Time :     33.00000
 Time :     34.00000
 Time :     35.00000
dtime = 5.204246565699577
mbcr =

   0.500000000000000   0.562980856143272   0.611889388044061   0.612767649138348

agsout =

   1.110448042063631e-02   1.110448042063631e-02
   5.335033686423686e-03   1.093302579420591e-02
   5.622744849517458e-04   1.141426883122143e-02
   6.504360698707784e-04   1.135028300128191e-02

ans = 1.235807835154223e-21
ans = 6.532387468999042e-21
nbcr = 2
lambda0 = 3.501084296647659
kmpl_prod = 0.180000000000000
 Time :      1.00000
 Time :      2.00000
 Time :      3.01000
 Time :      4.01000
 Time :      5.01000
 Time :      6.01000
 Time :      7.01000
 Time :      8.01000
 Time :      9.01000
 Time :     10.01000
 Time :     11.01000
 Time :     12.01000
 Time :     13.01000
 Time :     14.01000
 Time :     15.01000
 Time :     16.01000
 Time :     17.01000
 Time :     18.00000
 Time :     19.00000
 Time :     20.00000
 Time :     21.00000
 Time :     22.00000
 Time :     23.00000
 Time :     24.00000
 Time :     25.00000
 Time :     26.00000
 Time :     27.00000
 Time :     28.00000
 Time :     29.00000
 Time :     30.00000
 Time :     31.00000
 Time :     32.00000
 Time :     33.00000
 Time :     34.00000
 Time :     35.00000
dtime = 5.165119841694832
mbcr =

 Columns 1 through 4:

   0.500000000000000   0.562980856143272   0.611889388044061   0.612767649138348

 Column 5:

   0.585068590810828

agsout =

   1.110448042063631e-02   1.110448042063631e-02
   5.335033686423686e-03   1.093302579420591e-02
   5.622744849517458e-04   1.141426883122143e-02
   6.504360698707784e-04   1.135028300128191e-02
   2.867573643614698e-03   1.112813536995118e-02

ans = -1.335069508660587e-21
ans = -1.219897533059649e-21
nbcr = 2
lambda0 = 3.501084296647659
kmpl_prod = 0.180000000000000
 Time :      1.00000
 Time :      2.00000
 Time :      3.01000
 Time :      4.01000
 Time :      5.01000
 Time :      6.01000
 Time :      7.01000
 Time :      8.01000
 Time :      9.01000
 Time :     10.01000
 Time :     11.01000
 Time :     12.01000
 Time :     13.01000
 Time :     14.01000
 Time :     15.01000
 Time :     16.01000
 Time :     17.01000
 Time :     18.00000
 Time :     19.00000
 Time :     20.00000
 Time :     21.00000
 Time :     22.00000
 Time :     23.00000
 Time :     24.00000
 Time :     25.00000
 Time :     26.00000
 Time :     27.00000
 Time :     28.00000
 Time :     29.00000
 Time :     30.00000
 Time :     31.00000
 Time :     32.00000
 Time :     33.00000
 Time :     34.00000
 Time :     35.00000
dtime = 5.013923719525337
mbcr =

 Columns 1 through 4:

   0.500000000000000   0.562980856143272   0.611889388044061   0.612767649138348

 Columns 5 and 6:

   0.585068590810828   0.582626320893110

agsout =

   1.110448042063631e-02   1.110448042063631e-02
   5.335033686423686e-03   1.093302579420591e-02
   5.622744849517458e-04   1.141426883122143e-02
   6.504360698707784e-04   1.135028300128191e-02
   2.867573643614698e-03   1.112813536995118e-02
   3.450705242774764e-03   1.103954132320253e-02

ans = -3.288042934898285e-22
ans = -1.867579952688669e-21
dkps =

 Columns 1 through 3:

   1.016241465677611e+01   1.296225130389969e+01   2.925694166073306e+00

 Columns 4 through 6:

   1.847473246239514e+01   1.468542238779746e+01   1.620000656981874e+01

nbcr = 3
lambda0 = 3.501084296647659
kmpl_prod = 0.180000000000000
 Time :      1.00000
 Time :      2.00000
 Time :      3.01000
 Time :      4.01000
 Time :      5.01000
 Time :      6.01000
 Time :      7.01000
 Time :      8.01000
 Time :      9.01000
 Time :     10.01000
 Time :     11.01000
 Time :     12.01000
 Time :     13.01000
 Time :     14.01000
 Time :     15.01000
 Time :     16.01000
 Time :     17.01000
 Time :     18.00000
 Time :     19.00000
 Time :     20.00000
 Time :     21.00000
 Time :     22.00000
 Time :     23.00000
 Time :     24.00000
 Time :     25.00000
 Time :     26.00000
 Time :     27.00000
 Time :     28.00000
 Time :     29.00000
 Time :     30.00000
 Time :     31.00000
 Time :     32.00000
 Time :     33.00000
 Time :     34.00000
 Time :     35.00000
dtime = 11.90323457121849
mbcr = 0.333333333333333
agsout =

   8.632278872128881e-03   8.632278872128890e-03   8.632278872128887e-03

ans = 5.451243021346628e-21
ans = 7.828527790081352e-21
ans = 1.460437777780948e-20
nbcr = 3
lambda0 = 3.501084296647659
kmpl_prod = 0.180000000000000
 Time :      1.00000
 Time :      2.00000
 Time :      3.01000
 Time :      4.01000
 Time :      5.01000
 Time :      6.01000
 Time :      7.01000
 Time :      8.01000
 Time :      9.01000
 Time :     10.01000
 Time :     11.01000
 Time :     12.01000
 Time :     13.01000
 Time :     14.01000
 Time :     15.01000
 Time :     16.01000
 Time :     17.01000
 Time :     18.00000
 Time :     19.00000
 Time :     20.00000
 Time :     21.00000
 Time :     22.00000
 Time :     23.00000
 Time :     24.00000
 Time :     25.00000
 Time :     26.00000
 Time :     27.00000
 Time :     28.00000
 Time :     29.00000
 Time :     30.00000
 Time :     31.00000
 Time :     32.00000
 Time :     33.00000
 Time :     34.00000
 Time :     35.00000
dtime = 11.76985166966915
mbcr =

   0.333333333333333   0.435486270505411

agsout =

   8.632278872128881e-03   8.632278872128890e-03   8.632278872128887e-03
   1.983989449469636e-03   8.992980359702264e-03   8.992980359702234e-03

ans = 5.047869688104851e-21
ans = 8.744591544392617e-22
ans = 8.748210459572536e-22
nbcr = 3
lambda0 = 3.501084296647659
kmpl_prod = 0.180000000000000
 Time :      1.00000
 Time :      2.00000
 Time :      3.01000
 Time :      4.01000
 Time :      5.01000
 Time :      6.01000
 Time :      7.01000
 Time :      8.01000
 Time :      9.01000
 Time :     10.01000
 Time :     11.01000
 Time :     12.01000
 Time :     13.01000
 Time :     14.01000
 Time :     15.01000
 Time :     16.01000
 Time :     17.01000
 Time :     18.00000
 Time :     19.00000
 Time :     20.00000
 Time :     21.00000
 Time :     22.00000
 Time :     23.00000
 Time :     24.00000
 Time :     25.00000
 Time :     26.00000
 Time :     27.00000
 Time :     28.00000
 Time :     29.00000
 Time :     30.00000
 Time :     31.00000
 Time :     32.00000
 Time :     33.00000
 Time :     34.00000
 Time :     35.00000
dtime = 11.46866641938686
mbcr =

   0.333333333333333   0.435486270505411   0.455189530872301

agsout =

   8.632278872128881e-03   8.632278872128890e-03   8.632278872128887e-03
   1.983989449469636e-03   8.992980359702264e-03   8.992980359702234e-03
   1.176395776245453e-03   9.120368041528442e-03   9.120368041528442e-03

ans = 5.461873584687642e-21
ans = 8.861792697433724e-21
ans = 8.861792697433724e-21
nbcr = 3
lambda0 = 3.501084296647659
kmpl_prod = 0.180000000000000
 Time :      1.00000
 Time :      2.00000
 Time :      3.01000
 Time :      4.01000
 Time :      5.01000
 Time :      6.01000
 Time :      7.01000
 Time :      8.01000
 Time :      9.01000
 Time :     10.01000
 Time :     11.01000
 Time :     12.01000
 Time :     13.01000
 Time :     14.01000
 Time :     15.01000
 Time :     16.01000
 Time :     17.01000
 Time :     18.00000
 Time :     19.00000
 Time :     20.00000
 Time :     21.00000
 Time :     22.00000
 Time :     23.00000
 Time :     24.00000
 Time :     25.00000
 Time :     26.00000
 Time :     27.00000
 Time :     28.00000
 Time :     29.00000
 Time :     30.00000
 Time :     31.00000
 Time :     32.00000
 Time :     33.00000
 Time :     34.00000
 Time :     35.00000
dtime = 11.98231279850006
mbcr =

   0.333333333333333   0.435486270505411   0.455189530872301   0.474798420103084

agsout =

   8.632278872128881e-03   8.632278872128890e-03   8.632278872128887e-03
   1.983989449469636e-03   8.992980359702264e-03   8.992980359702234e-03
   1.176395776245453e-03   9.120368041528442e-03   9.120368041528442e-03
   4.499481820104075e-04   9.247454015877369e-03   9.247454015877369e-03

ans = -5.095432573326650e-22
ans = 1.086579282770829e-20
ans = 1.086579282770829e-20
nbcr = 3
lambda0 = 3.501084296647659
kmpl_prod = 0.180000000000000
 Time :      1.00000
 Time :      2.00000
 Time :      3.01000
 Time :      4.01000
 Time :      5.01000
 Time :      6.01000
 Time :      7.01000
 Time :      8.01000
 Time :      9.01000
 Time :     10.01000
 Time :     11.01000
 Time :     12.01000
 Time :     13.01000
 Time :     14.01000
 Time :     15.01000
 Time :     16.01000
 Time :     17.01000
 Time :     18.00000
 Time :     19.00000
 Time :     20.00000
 Time :     21.00000
 Time :     22.00000
 Time :     23.00000
 Time :     24.00000
 Time :     25.00000
 Time :     26.00000
 Time :     27.00000
 Time :     28.00000
 Time :     29.00000
 Time :     30.00000
 Time :     31.00000
 Time :     32.00000
 Time :     33.00000
 Time :     34.00000
 Time :     35.00000
dtime = 12.19420060515404
mbcr =

 Columns 1 through 4:

   0.333333333333333   0.435486270505411   0.455189530872301   0.474798420103084

 Column 5:

   0.464020888298494

agsout =

   8.632278872128881e-03   8.632278872128890e-03   8.632278872128887e-03
   1.983989449469636e-03   8.992980359702264e-03   8.992980359702234e-03
   1.176395776245453e-03   9.120368041528442e-03   9.120368041528442e-03
   4.499481820104075e-04   9.247454015877369e-03   9.247454015877369e-03
   7.547055501981737e-04   9.211116057724796e-03   9.211116057724796e-03

ans = 1.644435057755419e-21
ans = 7.004901469222888e-21
ans = 7.004901469222888e-21
nbcr = 3
lambda0 = 3.501084296647659
kmpl_prod = 0.180000000000000
 Time :      1.00000
 Time :      2.00000
 Time :      3.01000
 Time :      4.01000
 Time :      5.01000
 Time :      6.01000
 Time :      7.01000
 Time :      8.01000
 Time :      9.01000
 Time :     10.01000
 Time :     11.01000
 Time :     12.01000
 Time :     13.01000
 Time :     14.01000
 Time :     15.01000
 Time :     16.01000
 Time :     17.01000
 Time :     18.00000
 Time :     19.00000
 Time :     20.00000
 Time :     21.00000
 Time :     22.00000
 Time :     23.00000
 Time :     24.00000
 Time :     25.00000
 Time :     26.00000
 Time :     27.00000
 Time :     28.00000
 Time :     29.00000
 Time :     30.00000
 Time :     31.00000
 Time :     32.00000
 Time :     33.00000
 Time :     34.00000
 Time :     35.00000
dtime = 12.08523921668530
mbcr =

 Columns 1 through 4:

   0.333333333333333   0.435486270505411   0.455189530872301   0.474798420103084

 Columns 5 and 6:

   0.464020888298494   0.460333694376781

agsout =

   8.632278872128881e-03   8.632278872128890e-03   8.632278872128887e-03
   1.983989449469636e-03   8.992980359702264e-03   8.992980359702234e-03
   1.176395776245453e-03   9.120368041528442e-03   9.120368041528442e-03
   4.499481820104075e-04   9.247454015877369e-03   9.247454015877369e-03
   7.547055501981737e-04   9.211116057724796e-03   9.211116057724796e-03
   9.497604297162120e-04   9.143447017153384e-03   9.143447017153384e-03

ans = 3.205324873642982e-21
ans = -1.983941000420152e-22
ans = -1.983941000420152e-22
dkps =

 Columns 1 through 3:

   6.881800541771039e-01   2.671454421658770e+01   4.806292084289013e+01

 Columns 4 through 6:

   5.237630789815073e-01   4.413941290210158e-01   6.929407917886623e+00

nbcr = 4
lambda0 = 3.501084296647659
kmpl_prod = 0.180000000000000
 Time :      1.00000
 Time :      2.00000
 Time :      3.01000
 Time :      4.01000
 Time :      5.01000
 Time :      6.01000
 Time :      7.01000
 Time :      8.01000
 Time :      9.01000
 Time :     10.01000
 Time :     11.01000
 Time :     12.01000
 Time :     13.01000
 Time :     14.01000
 Time :     15.01000
 Time :     16.01000
 Time :     17.01000
 Time :     18.00000
 Time :     19.00000
 Time :     20.00000
 Time :     21.00000
 Time :     22.00000
 Time :     23.00000
 Time :     24.00000
 Time :     25.00000
 Time :     26.00000
 Time :     27.00000
 Time :     28.00000
 Time :     29.00000
 Time :     30.00000
 Time :     31.00000
 Time :     32.00000
 Time :     33.00000
 Time :     34.00000
 Time :     35.00000
dtime = 17.94754900038242
mbcr = 0.250000000000000
agsout =

 Columns 1 through 3:

   7.396322285675617e-03   7.396322285675630e-03   7.396322285675626e-03

 Column 4:

   7.396322285675627e-03

ans = 2.952395014309287e-21
ans = 2.121227132709813e-21
ans = 5.511349325075970e-21
ans = -1.265069349323287e-21
nbcr = 4
lambda0 = 3.501084296647659
kmpl_prod = 0.180000000000000
 Time :      1.00000
 Time :      2.00000
 Time :      3.01000
 Time :      4.01000
 Time :      5.01000
 Time :      6.01000
 Time :      7.01000
 Time :      8.01000
 Time :      9.01000
 Time :     10.01000
 Time :     11.01000
 Time :     12.01000
 Time :     13.01000
 Time :     14.01000
 Time :     15.01000
 Time :     16.01000
 Time :     17.01000
 Time :     18.00000
 Time :     19.00000
 Time :     20.00000
 Time :     21.00000
 Time :     22.00000
 Time :     23.00000
 Time :     24.00000
 Time :     25.00000
 Time :     26.00000
 Time :     27.00000
 Time :     28.00000
 Time :     29.00000
 Time :     30.00000
 Time :     31.00000
 Time :     32.00000
 Time :     33.00000
 Time :     34.00000
 Time :     35.00000
dtime = 18.94246414303780
mbcr =

   0.250000000000000   0.403256041474477

agsout =

 Columns 1 through 3:

   7.396322285675617e-03   7.396322285675630e-03   7.396322285675626e-03
   2.928019669588776e-04   8.248428313559167e-03   8.248428313559120e-03

 Column 4:

   7.396322285675627e-03
   8.248428313559120e-03

ans = -3.957232050453684e-21
ans = 5.597841397876046e-21
ans = 8.987058861447223e-21
ans = 8.982716163231319e-21
nbcr = 4
lambda0 = 3.501084296647659
kmpl_prod = 0.180000000000000
 Time :      1.00000
 Time :      2.00000
 Time :      3.01000
 Time :      4.01000
 Time :      5.01000
 Time :      6.01000
 Time :      7.01000
 Time :      8.01000
 Time :      9.01000
 Time :     10.01000
 Time :     11.01000
 Time :     12.01000
 Time :     13.01000
 Time :     14.01000
 Time :     15.01000
 Time :     16.01000
 Time :     17.01000
 Time :     18.00000
 Time :     19.00000
 Time :     20.00000
 Time :     21.00000
 Time :     22.00000
 Time :     23.00000
 Time :     24.00000
 Time :     25.00000
 Time :     26.00000
 Time :     27.00000
 Time :     28.00000
 Time :     29.00000
 Time :     30.00000
 Time :     31.00000
 Time :     32.00000
 Time :     33.00000
 Time :     34.00000
 Time :     35.00000
dtime = 18.18175613880157
mbcr =

   0.250000000000000   0.403256041474477   0.383624727135778

agsout =

 Columns 1 through 3:

   7.396322285675617e-03   7.396322285675630e-03   7.396322285675626e-03
   2.928019669588776e-04   8.248428313559167e-03   8.248428313559120e-03
   7.395622297774846e-04   8.064619315436304e-03   8.064619315436315e-03

 Column 4:

   7.396322285675627e-03
   8.248428313559120e-03
   8.064619315436316e-03

ans = 2.054716641581721e-21
ans = 1.032833222470196e-20
ans = 1.032724655014798e-20
ans = 3.552844128491823e-21
nbcr = 4
lambda0 = 3.501084296647659
kmpl_prod = 0.180000000000000
 Time :      1.00000
 Time :      2.00000
 Time :      3.01000
 Time :      4.01000
 Time :      5.01000
 Time :      6.01000
 Time :      7.01000
 Time :      8.01000
 Time :      9.01000
 Time :     10.01000
 Time :     11.01000
 Time :     12.01000
 Time :     13.01000
 Time :     14.01000
 Time :     15.01000
 Time :     16.01000
 Time :     17.01000
 Time :     18.00000
 Time :     19.00000
 Time :     20.00000
 Time :     21.00000
 Time :     22.00000
 Time :     23.00000
 Time :     24.00000
 Time :     25.00000
 Time :     26.00000
 Time :     27.00000
 Time :     28.00000
 Time :     29.00000
 Time :     30.00000
 Time :     31.00000
 Time :     32.00000
 Time :     33.00000
 Time :     34.00000
 Time :     35.00000
dtime = 18.05305033922195
mbcr =

   0.250000000000000   0.403256041474477   0.383624727135778   0.356545024807389

agsout =

 Columns 1 through 3:

   7.396322285675617e-03   7.396322285675630e-03   7.396322285675626e-03
   2.928019669588776e-04   8.248428313559167e-03   8.248428313559120e-03
   7.395622297774846e-04   8.064619315436304e-03   8.064619315436315e-03
   1.596924522766885e-03   7.845524881307579e-03   7.845524881307568e-03

 Column 4:

   7.396322285675627e-03
   8.248428313559120e-03
   8.064619315436316e-03
   7.845524881307568e-03

ans = -4.774486495656076e-21
ans = 1.121620721470106e-20
ans = 1.058636087703022e-21
ans = 1.058584388914737e-21
nbcr = 4
lambda0 = 3.501084296647659
kmpl_prod = 0.180000000000000
 Time :      1.00000
 Time :      2.00000
 Time :      3.01000
 Time :      4.01000
 Time :      5.01000
 Time :      6.01000
 Time :      7.01000
 Time :      8.01000
 Time :      9.01000
 Time :     10.01000
 Time :     11.01000
 Time :     12.01000
 Time :     13.01000
 Time :     14.01000
 Time :     15.01000
 Time :     16.01000
 Time :     17.01000
 Time :     18.00000
 Time :     19.00000
 Time :     20.00000
 Time :     21.00000
 Time :     22.00000
 Time :     23.00000
 Time :     24.00000
 Time :     25.00000
 Time :     26.00000
 Time :     27.00000
 Time :     28.00000
 Time :     29.00000
 Time :     30.00000
 Time :     31.00000
 Time :     32.00000
 Time :     33.00000
 Time :     34.00000
 Time :     35.00000
dtime = 19.15584057569504
mbcr =

 Columns 1 through 4:

   0.250000000000000   0.403256041474477   0.383624727135778   0.356545024807389

 Column 5:

   0.409919895123196

agsout =

 Columns 1 through 3:

   7.396322285675617e-03   7.396322285675630e-03   7.396322285675626e-03
   2.928019669588776e-04   8.248428313559167e-03   8.248428313559120e-03
   7.395622297774846e-04   8.064619315436304e-03   8.064619315436315e-03
   1.596924522766885e-03   7.845524881307579e-03   7.845524881307568e-03
   1.807489586073971e-04   8.174265716244680e-03   8.174265716244697e-03

 Column 4:

   7.396322285675627e-03
   8.248428313559120e-03
   8.064619315436316e-03
   7.845524881307568e-03
   8.174265716244690e-03

ans = 9.264422860593910e-21
ans = -5.311843701085836e-21
ans = -8.696666767652826e-21
ans = -5.308379882270771e-21
nbcr = 4
lambda0 = 3.501084296647659
kmpl_prod = 0.180000000000000
 Time :      1.00000
 Time :      2.00000
 Time :      3.01000
 Time :      4.01000
 Time :      5.01000
 Time :      6.01000
 Time :      7.01000
 Time :      8.01000
 Time :      9.01000
 Time :     10.01000
 Time :     11.01000
 Time :     12.01000
 Time :     13.01000
 Time :     14.01000
 Time :     15.01000
 Time :     16.01000
 Time :     17.01000
 Time :     18.00000
 Time :     19.00000
 Time :     20.00000
 Time :     21.00000
 Time :     22.00000
 Time :     23.00000
 Time :     24.00000
 Time :     25.00000
 Time :     26.00000
 Time :     27.00000
 Time :     28.00000
 Time :     29.00000
 Time :     30.00000
 Time :     31.00000
 Time :     32.00000
 Time :     33.00000
 Time :     34.00000
 Time :     35.00000
dtime = 19.12190392613411
mbcr =

 Columns 1 through 4:

   0.250000000000000   0.403256041474477   0.383624727135778   0.356545024807389

 Columns 5 and 6:

   0.409919895123196   0.412033392639742

agsout =

 Columns 1 through 3:

   7.396322285675617e-03   7.396322285675630e-03   7.396322285675626e-03
   2.928019669588776e-04   8.248428313559167e-03   8.248428313559120e-03
   7.395622297774846e-04   8.064619315436304e-03   8.064619315436315e-03
   1.596924522766885e-03   7.845524881307579e-03   7.845524881307568e-03
   1.807489586073971e-04   8.174265716244680e-03   8.174265716244697e-03
   4.658717243732611e-05   8.221058422726316e-03   8.221058422726331e-03

 Column 4:

   7.396322285675627e-03
   8.248428313559120e-03
   8.064619315436316e-03
   7.845524881307568e-03
   8.174265716244690e-03
   8.221058422726342e-03

ans = 5.823351512373315e-21
ans = 8.885212248526631e-21
ans = 5.478934184821548e-21
ans = 1.564436352763884e-20
dkps =

 Columns 1 through 3:

   6.039459879343524e+01   2.660176066042823e+01   2.246391646933812e+01

 Columns 4 through 6:

   2.378276040308378e+01   1.382557780250506e+01   7.932998261967212e+00

nbcr = 5
lambda0 = 3.501084296647659
kmpl_prod = 0.180000000000000
 Time :      1.00000
 Time :      2.00000
 Time :      3.01000
 Time :      4.01000
 Time :      5.01000
 Time :      6.01000
 Time :      7.01000
 Time :      8.01000
 Time :      9.01000
 Time :     10.01000
 Time :     11.01000
 Time :     12.01000
 Time :     13.01000
 Time :     14.01000
 Time :     15.01000
 Time :     16.01000
 Time :     17.01000
 Time :     18.00000
 Time :     19.00000
 Time :     20.00000
 Time :     21.00000
 Time :     22.00000
 Time :     23.00000
 Time :     24.00000
 Time :     25.00000
 Time :     26.00000
 Time :     27.00000
 Time :     28.00000
 Time :     29.00000
 Time :     30.00000
 Time :     31.00000
 Time :     32.00000
 Time :     33.00000
 Time :     34.00000
 Time :     35.00000
dtime = 23.21999073028564
mbcr = 0.200000000000000
agsout =

 Columns 1 through 3:

   6.654776675632307e-03   6.654776675632309e-03   6.654776675632313e-03

 Columns 4 and 5:

   6.654776675632314e-03   6.654776675632316e-03

ans = 1.011561756030512e-20
ans = -3.797948083748942e-21
ans = -3.794018975839315e-21
ans = -3.798930360726349e-21
ans = -3.797017505559820e-21
nbcr = 5
lambda0 = 3.501084296647659
kmpl_prod = 0.180000000000000
 Time :      1.00000
 Time :      2.00000
 Time :      3.01000
 Time :      4.01000
 Time :      5.01000
 Time :      6.01000
 Time :      7.01000
 Time :      8.01000
 Time :      9.01000
 Time :     10.01000
 Time :     11.01000
 Time :     12.01000
 Time :     13.01000
 Time :     14.01000
 Time :     15.01000
 Time :     16.01000
 Time :     17.01000
 Time :     18.00000
 Time :     19.00000
 Time :     20.00000
 Time :     21.00000
 Time :     22.00000
 Time :     23.00000
 Time :     24.00000
 Time :     25.00000
 Time :     26.00000
 Time :     27.00000
 Time :     28.00000
 Time :     29.00000
 Time :     30.00000
 Time :     31.00000
 Time :     32.00000
 Time :     33.00000
 Time :     34.00000
 Time :     35.00000
dtime = 23.01244810223579
mbcr =

   0.200000000000000   0.271355999762006

agsout =

 Columns 1 through 3:

   6.654776675632307e-03   6.654776675632309e-03   6.654776675632313e-03
   2.511700053407204e-03   6.838321932733721e-03   6.838321932733716e-03

 Columns 4 and 5:

   6.654776675632314e-03   6.654776675632316e-03
   6.838321932733721e-03   6.838321932733725e-03

ans = -5.155403167736745e-21
ans = -4.704796529048483e-21
ans = -4.704021047224215e-21
ans = -4.700453830832580e-21
ans = -4.699678349008311e-21
nbcr = 5
lambda0 = 3.501084296647659
kmpl_prod = 0.180000000000000
 Time :      1.00000
 Time :      2.00000
 Time :      3.01000
 Time :      4.01000
 Time :      5.01000
 Time :      6.01000
 Time :      7.01000
 Time :      8.01000
 Time :      9.01000
 Time :     10.01000
 Time :     11.01000
 Time :     12.01000
 Time :     13.01000
 Time :     14.01000
 Time :     15.01000
 Time :     16.01000
 Time :     17.01000
 Time :     18.00000
 Time :     19.00000
 Time :     20.00000
 Time :     21.00000
 Time :     22.00000
 Time :     23.00000
 Time :     24.00000
 Time :     25.00000
 Time :     26.00000
 Time :     27.00000
 Time :     28.00000
 Time :     29.00000
 Time :     30.00000
 Time :     31.00000
 Time :     32.00000
 Time :     33.00000
 Time :     34.00000
 Time :     35.00000
dtime = 23.28758239746094
mbcr =

   0.200000000000000   0.271355999762006   0.311949904986240

agsout =

 Columns 1 through 3:

   6.654776675632307e-03   6.654776675632309e-03   6.654776675632313e-03
   2.511700053407204e-03   6.838321932733721e-03   6.838321932733716e-03
   1.253085831650417e-03   7.199333388272057e-03   7.199333388272060e-03

 Columns 4 and 5:

   6.654776675632314e-03   6.654776675632316e-03
   6.838321932733721e-03   6.838321932733725e-03
   7.199333388272052e-03   7.199333388272047e-03

ans = 2.225115847767644e-22
ans = 7.496324301261813e-22
ans = 4.138694797332505e-21
ans = 7.528636043939666e-21
ans = 4.141434833111587e-21
nbcr = 5
lambda0 = 3.501084296647659
kmpl_prod = 0.180000000000000
 Time :      1.00000
 Time :      2.00000
 Time :      3.01000
 Time :      4.01000
 Time :      5.01000
 Time :      6.01000
 Time :      7.01000
 Time :      8.01000
 Time :      9.01000
 Time :     10.01000
 Time :     11.01000
 Time :     12.01000
 Time :     13.01000
 Time :     14.01000
 Time :     15.01000
 Time :     16.01000
 Time :     17.01000
 Time :     18.00000
 Time :     19.00000
 Time :     20.00000
 Time :     21.00000
 Time :     22.00000
 Time :     23.00000
 Time :     24.00000
 Time :     25.00000
 Time :     26.00000
 Time :     27.00000
 Time :     28.00000
 Time :     29.00000
 Time :     30.00000
 Time :     31.00000
 Time :     32.00000
 Time :     33.00000
 Time :     34.00000
 Time :     35.00000
dtime = 23.07381369173527
mbcr =

   0.200000000000000   0.271355999762006   0.311949904986240   0.322227502394426

agsout =

 Columns 1 through 3:

   6.654776675632307e-03   6.654776675632309e-03   6.654776675632313e-03
   2.511700053407204e-03   6.838321932733721e-03   6.838321932733716e-03
   1.253085831650417e-03   7.199333388272057e-03   7.199333388272060e-03
   9.848926686761288e-04   7.281153727736819e-03   7.281153727736811e-03

 Columns 4 and 5:

   6.654776675632314e-03   6.654776675632316e-03
   6.838321932733721e-03   6.838321932733725e-03
   7.199333388272052e-03   7.199333388272047e-03
   7.281153727736824e-03   7.281153727736826e-03

ans = 9.879845236333363e-21
ans = 1.420377679208946e-20
ans = 1.082169376130155e-20
ans = 1.081362875032916e-20
ans = 1.081993600249988e-20
nbcr = 5
lambda0 = 3.501084296647659
kmpl_prod = 0.180000000000000
 Time :      1.00000
 Time :      2.00000
 Time :      3.01000
 Time :      4.01000
 Time :      5.01000
 Time :      6.01000
 Time :      7.01000
 Time :      8.01000
 Time :      9.01000
 Time :     10.01000
 Time :     11.01000
 Time :     12.01000
 Time :     13.01000
 Time :     14.01000
 Time :     15.01000
 Time :     16.01000
 Time :     17.01000
 Time :     18.00000
 Time :     19.00000
 Time :     20.00000
 Time :     21.00000
 Time :     22.00000
 Time :     23.00000
 Time :     24.00000
 Time :     25.00000
 Time :     26.00000
 Time :     27.00000
 Time :     28.00000
 Time :     29.00000
 Time :     30.00000
 Time :     31.00000
 Time :     32.00000
 Time :     33.00000
 Time :     34.00000
 Time :     35.00000
dtime = 22.92474992573261
mbcr =

 Columns 1 through 4:

   0.200000000000000   0.271355999762006   0.311949904986240   0.322227502394426

 Column 5:

   0.323806791602879

agsout =

 Columns 1 through 3:

   6.654776675632307e-03   6.654776675632309e-03   6.654776675632313e-03
   2.511700053407204e-03   6.838321932733721e-03   6.838321932733716e-03
   1.253085831650417e-03   7.199333388272057e-03   7.199333388272060e-03
   9.848926686761288e-04   7.281153727736819e-03   7.281153727736811e-03
   9.560906818010958e-04   7.281403544278668e-03   7.281403544278665e-03

 Columns 4 and 5:

   6.654776675632314e-03   6.654776675632316e-03
   6.838321932733721e-03   6.838321932733725e-03
   7.199333388272052e-03   7.199333388272047e-03
   7.281153727736824e-03   7.281153727736826e-03
   7.281403544278670e-03   7.281403544278660e-03

ans = 6.739040450469516e-21
ans = 9.264629655747048e-21
ans = 2.485057355262433e-21
ans = 9.259459776918592e-21
ans = 2.488417776500930e-21
nbcr = 5
lambda0 = 3.501084296647659
kmpl_prod = 0.180000000000000
 Time :      1.00000
 Time :      2.00000
 Time :      3.01000
 Time :      4.01000
 Time :      5.01000
 Time :      6.01000
 Time :      7.01000
 Time :      8.01000
 Time :      9.01000
 Time :     10.01000
 Time :     11.01000
 Time :     12.01000
 Time :     13.01000
 Time :     14.01000
 Time :     15.01000
 Time :     16.01000
 Time :     17.01000
 Time :     18.00000
 Time :     19.00000
 Time :     20.00000
 Time :     21.00000
 Time :     22.00000
 Time :     23.00000
 Time :     24.00000
 Time :     25.00000
 Time :     26.00000
 Time :     27.00000
 Time :     28.00000
 Time :     29.00000
 Time :     30.00000
 Time :     31.00000
 Time :     32.00000
 Time :     33.00000
 Time :     34.00000
 Time :     35.00000
dtime = 22.93750382959843
mbcr =

 Columns 1 through 4:

   0.200000000000000   0.271355999762006   0.311949904986240   0.322227502394426

 Columns 5 and 6:

   0.323806791602879   0.336936148799607

agsout =

 Columns 1 through 3:

   6.654776675632307e-03   6.654776675632309e-03   6.654776675632313e-03
   2.511700053407204e-03   6.838321932733721e-03   6.838321932733716e-03
   1.253085831650417e-03   7.199333388272057e-03   7.199333388272060e-03
   9.848926686761288e-04   7.281153727736819e-03   7.281153727736811e-03
   9.560906818010958e-04   7.281403544278668e-03   7.281403544278665e-03
   6.913696487786557e-04   7.349909524317180e-03   7.349909524317195e-03

 Columns 4 and 5:

   6.654776675632314e-03   6.654776675632316e-03
   6.838321932733721e-03   6.838321932733725e-03
   7.199333388272052e-03   7.199333388272047e-03
   7.281153727736824e-03   7.281153727736826e-03
   7.281403544278670e-03   7.281403544278660e-03
   7.349909524317183e-03   7.349909524317191e-03

ans = -2.346711397812940e-21
ans = 1.588636555559889e-20
ans = 1.250443762117583e-20
ans = 1.589189732594534e-20
ans = 9.113720892744405e-21
dkps =

 Columns 1 through 3:

   6.515089075969914e+01   8.996762409877631e+00   4.817860775952884e-01

 Columns 4 through 6:

   3.634087482673174e-01   6.189350475825675e+01   1.343103405898569e+01

nbcr = 7
lambda0 = 3.501084296647659
kmpl_prod = 0.180000000000000
 Time :      1.00000
 Time :      2.00000
 Time :      3.01000
 Time :      4.01000
 Time :      5.01000
 Time :      6.01000
 Time :      7.01000
 Time :      8.01000
 Time :      9.01000
 Time :     10.01000
 Time :     11.01000
 Time :     12.01000
 Time :     13.01000
 Time :     14.01000
 Time :     15.01000
 Time :     16.01000
 Time :     17.01000
 Time :     18.00000
 Time :     19.00000
 Time :     20.00000
 Time :     21.00000
 Time :     22.00000
 Time :     23.00000
 Time :     24.00000
 Time :     25.00000
 Time :     26.00000
 Time :     27.00000
 Time :     28.00000
 Time :     29.00000
 Time :     30.00000
 Time :     31.00000
 Time :     32.00000
 Time :     33.00000
 Time :     34.00000
 Time :     35.00000
dtime = 32.50459134578705
mbcr = 0.142857142857143
agsout =

 Columns 1 through 3:

   5.805757013961514e-03   5.805757013961522e-03   5.805757013961515e-03

 Columns 4 through 6:

   5.805757013961535e-03   5.805757013961533e-03   5.805757013961519e-03

 Column 7:

   5.805757013961519e-03

ans = -1.550550058230650e-21
ans = 4.537085659853357e-21
ans = 1.163532929132403e-21
ans = -2.232353678127483e-21
ans = 4.546701634474286e-21
ans = -5.617486937424180e-21
ans = -2.230182329019532e-21
nbcr = 7
lambda0 = 3.501084296647659
kmpl_prod = 0.180000000000000
 Time :      1.00000
 Time :      2.00000
 Time :      3.01000
 Time :      4.01000
 Time :      5.01000
 Time :      6.01000
 Time :      7.01000
 Time :      8.01000
 Time :      9.01000
 Time :     10.01000
 Time :     11.01000
 Time :     12.01000
 Time :     13.01000
 Time :     14.01000
 Time :     15.01000
 Time :     16.01000
 Time :     17.01000
 Time :     18.00000
 Time :     19.00000
 Time :     20.00000
 Time :     21.00000
 Time :     22.00000
 Time :     23.00000
 Time :     24.00000
 Time :     25.00000
 Time :     26.00000
 Time :     27.00000
 Time :     28.00000
 Time :     29.00000
 Time :     30.00000
 Time :     31.00000
 Time :     32.00000
 Time :     33.00000
 Time :     34.00000
 Time :     35.00000
dtime = 32.18711167573929
mbcr =

   0.142857142857143   0.214704986207517

agsout =

 Columns 1 through 3:

   5.805757013961514e-03   5.805757013961522e-03   5.805757013961515e-03
   1.907850342777618e-03   6.048187341441396e-03   6.048187341441413e-03

 Columns 4 through 6:

   5.805757013961535e-03   5.805757013961533e-03   5.805757013961519e-03
   6.048187341441441e-03   6.048187341441432e-03   6.048187341441427e-03

 Column 7:

   5.805757013961519e-03
   6.048187341441427e-03

ans = -1.240564123676403e-21
ans = -7.836812520903953e-21
ans = 9.117081313982902e-21
ans = -4.448680731886752e-21
ans = -4.448680731886752e-21
ans = -4.454677791327761e-21
ans = -4.454677791327761e-21
nbcr = 7
lambda0 = 3.501084296647659
kmpl_prod = 0.180000000000000
 Time :      1.00000
 Time :      2.00000
 Time :      3.01000
 Time :      4.01000
 Time :      5.01000
 Time :      6.01000
 Time :      7.01000
 Time :      8.01000
 Time :      9.01000
 Time :     10.01000
 Time :     11.01000
 Time :     12.01000
 Time :     13.01000
 Time :     14.01000
 Time :     15.01000
 Time :     16.01000
 Time :     17.01000
 Time :     18.00000
 Time :     19.00000
 Time :     20.00000
 Time :     21.00000
 Time :     22.00000
 Time :     23.00000
 Time :     24.00000
 Time :     25.00000
 Time :     26.00000
 Time :     27.00000
 Time :     28.00000
 Time :     29.00000
 Time :     30.00000
 Time :     31.00000
 Time :     32.00000
 Time :     33.00000
 Time :     34.00000
 Time :     35.00000
dtime = 32.35945031046867
mbcr =

   0.142857142857143   0.214704986207517   0.281846785263447

agsout =

 Columns 1 through 3:

   5.805757013961514e-03   5.805757013961522e-03   5.805757013961515e-03
   1.907850342777618e-03   6.048187341441396e-03   6.048187341441413e-03
   5.466604356381585e-04   6.568359830384846e-03   6.568359830384850e-03

 Columns 4 through 6:

   5.805757013961535e-03   5.805757013961533e-03   5.805757013961519e-03
   6.048187341441441e-03   6.048187341441432e-03   6.048187341441427e-03
   6.568359830384855e-03   6.568359830384845e-03   6.568359830384839e-03

 Column 7:

   5.805757013961519e-03
   6.048187341441427e-03
   6.568359830384840e-03

ans = 1.158052857574239e-21
ans = 5.470145390813172e-21
ans = 8.868513539910717e-21
ans = 5.467870644128651e-21
ans = 8.866238793226196e-21
ans = 2.081600011489694e-21
ans = 2.081703409066263e-21
nbcr = 7
lambda0 = 3.501084296647659
kmpl_prod = 0.180000000000000
 Time :      1.00000
 Time :      2.00000
 Time :      3.01000
 Time :      4.01000
 Time :      5.01000
 Time :      6.01000
 Time :      7.01000
 Time :      8.01000
 Time :      9.01000
 Time :     10.01000
 Time :     11.01000
 Time :     12.01000
 Time :     13.01000
 Time :     14.01000
 Time :     15.01000
 Time :     16.01000
 Time :     17.01000
 Time :     18.00000
 Time :     19.00000
 Time :     20.00000
 Time :     21.00000
 Time :     22.00000
 Time :     23.00000
 Time :     24.00000
 Time :     25.00000
 Time :     26.00000
 Time :     27.00000
 Time :     28.00000
 Time :     29.00000
 Time :     30.00000
 Time :     31.00000
 Time :     32.00000
 Time :     33.00000
 Time :     34.00000
 Time :     35.00000
dtime = 34.07087735831738
mbcr =

   0.142857142857143   0.214704986207517   0.281846785263447   0.323817285823899

agsout =

 Columns 1 through 3:

   5.805757013961514e-03   5.805757013961522e-03   5.805757013961515e-03
   1.907850342777618e-03   6.048187341441396e-03   6.048187341441413e-03
   5.466604356381585e-04   6.568359830384846e-03   6.568359830384850e-03
   6.905388085293464e-05   6.666350161950610e-03   6.666350161950616e-03

 Columns 4 through 6:

   5.805757013961535e-03   5.805757013961533e-03   5.805757013961519e-03
   6.048187341441441e-03   6.048187341441432e-03   6.048187341441427e-03
   6.568359830384855e-03   6.568359830384845e-03   6.568359830384839e-03
   6.666350161950589e-03   6.666350161950620e-03   6.666350161950615e-03

 Column 7:

   5.805757013961519e-03
   6.048187341441427e-03
   6.568359830384840e-03
   6.666350161950611e-03

ans = -2.964615315390051e-21
ans = 3.298382692555198e-23
ans = 3.329401965525936e-23
ans = 2.946830932220161e-23
ans = 2.584939414228211e-23
ans = 2.915811659249423e-23
ans = 3.414291375889191e-21
nbcr = 7
lambda0 = 3.501084296647659
kmpl_prod = 0.180000000000000
 Time :      1.00000
 Time :      2.00000
 Time :      3.01000
 Time :      4.01000
 Time :      5.01000
 Time :      6.01000
 Time :      7.01000
 Time :      8.01000
 Time :      9.01000
 Time :     10.01000
 Time :     11.01000
 Time :     12.01000
 Time :     13.01000
 Time :     14.01000
 Time :     15.01000
 Time :     16.01000
 Time :     17.01000
 Time :     18.00000
 Time :     19.00000
 Time :     20.00000
 Time :     21.00000
 Time :     22.00000
 Time :     23.00000
 Time :     24.00000
 Time :     25.00000
 Time :     26.00000
 Time :     27.00000
 Time :     28.00000
 Time :     29.00000
 Time :     30.00000
 Time :     31.00000
 Time :     32.00000
 Time :     33.00000
 Time :     34.00000
 Time :     35.00000
dtime = 33.65472592413425
mbcr =

 Columns 1 through 4:

   0.142857142857143   0.214704986207517   0.281846785263447   0.323817285823899

 Column 5:

   0.321347528675755

agsout =

 Columns 1 through 3:

   5.805757013961514e-03   5.805757013961522e-03   5.805757013961515e-03
   1.907850342777618e-03   6.048187341441396e-03   6.048187341441413e-03
   5.466604356381585e-04   6.568359830384846e-03   6.568359830384850e-03
   6.905388085293464e-05   6.666350161950610e-03   6.666350161950616e-03
   2.146472951147758e-05   6.685714449730810e-03   6.685714449730846e-03

 Columns 4 through 6:

   5.805757013961535e-03   5.805757013961533e-03   5.805757013961519e-03
   6.048187341441441e-03   6.048187341441432e-03   6.048187341441427e-03
   6.568359830384855e-03   6.568359830384845e-03   6.568359830384839e-03
   6.666350161950589e-03   6.666350161950620e-03   6.666350161950615e-03
   6.685714449730805e-03   6.685714449730799e-03   6.685714449730820e-03

 Column 7:

   5.805757013961519e-03
   6.048187341441427e-03
   6.568359830384840e-03
   6.666350161950611e-03
   6.685714449730823e-03

ans = 8.258571235729428e-21
ans = -1.265069349323287e-21
ans = -4.635726947900305e-21
ans = -4.646997283746340e-21
ans = 2.112515886883864e-21
ans = -4.635726947900305e-21
ans = -8.035646060646387e-21
nbcr = 7
lambda0 = 3.501084296647659
kmpl_prod = 0.180000000000000
 Time :      1.00000
 Time :      2.00000
 Time :      3.01000
 Time :      4.01000
 Time :      5.01000
 Time :      6.01000
 Time :      7.01000
 Time :      8.01000
 Time :      9.01000
 Time :     10.01000
 Time :     11.01000
 Time :     12.01000
 Time :     13.01000
 Time :     14.01000
 Time :     15.01000
 Time :     16.01000
 Time :     17.01000
 Time :     18.00000
 Time :     19.00000
 Time :     20.00000
 Time :     21.00000
 Time :     22.00000
 Time :     23.00000
 Time :     24.00000
 Time :     25.00000
 Time :     26.00000
 Time :     27.00000
 Time :     28.00000
 Time :     29.00000
 Time :     30.00000
 Time :     31.00000
 Time :     32.00000
 Time :     33.00000
 Time :     34.00000
 Time :     35.00000
dtime = 32.19963423907757
mbcr =

 Columns 1 through 4:

   0.142857142857143   0.214704986207517   0.281846785263447   0.323817285823899

 Columns 5 and 6:

   0.321347528675755   0.281671812907576

agsout =

 Columns 1 through 3:

   5.805757013961514e-03   5.805757013961522e-03   5.805757013961515e-03
   1.907850342777618e-03   6.048187341441396e-03   6.048187341441413e-03
   5.466604356381585e-04   6.568359830384846e-03   6.568359830384850e-03
   6.905388085293464e-05   6.666350161950610e-03   6.666350161950616e-03
   2.146472951147758e-05   6.685714449730810e-03   6.685714449730846e-03
   5.057678865012863e-04   6.554708829105959e-03   6.554708829105917e-03

 Columns 4 through 6:

   5.805757013961535e-03   5.805757013961533e-03   5.805757013961519e-03
   6.048187341441441e-03   6.048187341441432e-03   6.048187341441427e-03
   6.568359830384855e-03   6.568359830384845e-03   6.568359830384839e-03
   6.666350161950589e-03   6.666350161950620e-03   6.666350161950615e-03
   6.685714449730805e-03   6.685714449730799e-03   6.685714449730820e-03
   6.554708829105941e-03   6.554708829105954e-03   6.554708829105951e-03

 Column 7:

   5.805757013961519e-03
   6.048187341441427e-03
   6.568359830384840e-03
   6.666350161950611e-03
   6.685714449730823e-03
   6.554708829105952e-03

ans = -1.620446819991381e-21
ans = 6.728183704929758e-21
ans = 1.350393029508132e-20
ans = 3.338190759534312e-21
ans = 1.350610164418927e-20
ans = 1.350196574112650e-20
ans = 6.725805560668668e-21
dkps =

 Columns 1 through 3:

   3.813582966658101e+01   1.082752392046358e+00   6.991578936673125e+01

 Columns 4 through 6:

   1.062709734279434e+01   1.693229631913206e+02   7.517768959490070e+00

nbcr = 10
lambda0 = 3.501084296647659
kmpl_prod = 0.180000000000000
 Time :      1.00000
 Time :      2.00000
 Time :      3.01000
 Time :      4.01000
 Time :      5.01000
 Time :      6.01000
 Time :      7.01000
 Time :      8.01000
 Time :      9.01000
 Time :     10.01000
 Time :     11.01000
 Time :     12.01000
 Time :     13.01000
 Time :     14.01000
 Time :     15.01000
 Time :     16.01000
 Time :     17.01000
 Time :     18.00000
 Time :     19.00000
 Time :     20.00000
 Time :     21.00000
 Time :     22.00000
 Time :     23.00000
 Time :     24.00000
 Time :     25.00000
 Time :     26.00000
 Time :     27.00000
 Time :     28.00000
 Time :     29.00000
 Time :     30.00000
 Time :     31.00000
 Time :     32.00000
 Time :     33.00000
 Time :     34.00000
 Time :     35.00000
dtime = 46.64646796882153
mbcr = 0.100000000000000
agsout =

 Columns 1 through 3:

   5.165803084021687e-03   5.165803084021710e-03   5.165803084021646e-03

 Columns 4 through 6:

   5.165803084021644e-03   5.165803084021664e-03   5.165803084021658e-03

 Columns 7 through 9:

   5.165803084021657e-03   5.165803084021666e-03   5.165803084021665e-03

 Column 10:

   5.165803084021660e-03

ans = 4.618640498372257e-23
ans = -1.210061838588510e-21
ans = -4.606155241001535e-21
ans = 5.546969790204034e-21
ans = -1.214301139227845e-21
ans = 2.169487951573453e-21
ans = -4.611738710136268e-21
ans = 2.169591349150022e-21
ans = -1.216369090759227e-21
ans = -4.619286733225814e-21
nbcr = 10
lambda0 = 3.501084296647659
kmpl_prod = 0.180000000000000
 Time :      1.00000
 Time :      2.00000
 Time :      3.01000
 Time :      4.01000
 Time :      5.01000
 Time :      6.01000
 Time :      7.01000
 Time :      8.01000
 Time :      9.01000
 Time :     10.01000
 Time :     11.01000
 Time :     12.01000
 Time :     13.01000
 Time :     14.01000
 Time :     15.01000
 Time :     16.01000
 Time :     17.01000
 Time :     18.00000
 Time :     19.00000
 Time :     20.00000
 Time :     21.00000
 Time :     22.00000
 Time :     23.00000
 Time :     24.00000
 Time :     25.00000
 Time :     26.00000
 Time :     27.00000
 Time :     28.00000
 Time :     29.00000
 Time :     30.00000
 Time :     31.00000
 Time :     32.00000
 Time :     33.00000
 Time :     34.00000
 Time :     35.00000
dtime = 46.89608439803123
mbcr =

   0.100000000000000   0.188845431729141

agsout =

 Columns 1 through 3:

   5.165803084021687e-03   5.165803084021710e-03   5.165803084021646e-03
   1.129904501110414e-03   5.598819047801740e-03   5.598819047801796e-03

 Columns 4 through 6:

   5.165803084021644e-03   5.165803084021664e-03   5.165803084021658e-03
   5.598819047801730e-03   5.598819047801741e-03   5.598819047801767e-03

 Columns 7 through 9:

   5.165803084021657e-03   5.165803084021666e-03   5.165803084021665e-03
   5.598819047801745e-03   5.598819047801748e-03   5.598819047801747e-03

 Column 10:

   5.165803084021660e-03
   5.598819047801739e-03

ans = 1.686124960628092e-20
ans = -2.419089701411329e-21
ans = 9.668707384979202e-22
ans = 9.568411735707148e-22
ans = 7.749544966279609e-21
ans = 9.706964488309780e-22
ans = 9.789682549565083e-22
ans = 4.351176817182064e-21
ans = 9.594261129849430e-22
ans = 9.592193178318047e-22
nbcr = 10
lambda0 = 3.501084296647659
kmpl_prod = 0.180000000000000
 Time :      1.00000
 Time :      2.00000
 Time :      3.01000
 Time :      4.01000
 Time :      5.01000
 Time :      6.01000
 Time :      7.01000
 Time :      8.01000
 Time :      9.01000
 Time :     10.01000
 Time :     11.01000
 Time :     12.01000
 Time :     13.01000
 Time :     14.01000
 Time :     15.01000
 Time :     16.01000
 Time :     17.01000
 Time :     18.00000
 Time :     19.00000
 Time :     20.00000
 Time :     21.00000
 Time :     22.00000
 Time :     23.00000
 Time :     24.00000
 Time :     25.00000
 Time :     26.00000
 Time :     27.00000
 Time :     28.00000
 Time :     29.00000
 Time :     30.00000
 Time :     31.00000
 Time :     32.00000
 Time :     33.00000
 Time :     34.00000
 Time :     35.00000
dtime = 49.35892559587955
mbcr =

   0.100000000000000   0.188845431729141   0.275818518709742

agsout =

 Columns 1 through 3:

   5.165803084021687e-03   5.165803084021710e-03   5.165803084021646e-03
   1.129904501110414e-03   5.598819047801740e-03   5.598819047801796e-03
   1.153009361002776e-04   6.070573857315037e-03   6.070573857315039e-03

 Columns 4 through 6:

   5.165803084021644e-03   5.165803084021664e-03   5.165803084021658e-03
   5.598819047801730e-03   5.598819047801741e-03   5.598819047801767e-03
   6.070573857315044e-03   6.070573857315014e-03   6.070573857315022e-03

 Columns 7 through 9:

   5.165803084021657e-03   5.165803084021666e-03   5.165803084021665e-03
   5.598819047801745e-03   5.598819047801748e-03   5.598819047801747e-03
   6.070573857315040e-03   6.070573857315022e-03   6.070573857315004e-03

 Column 10:

   5.165803084021660e-03
   5.598819047801739e-03
   6.070573857315035e-03

ans = -1.032321404466179e-21
ans = -2.075602952048685e-21
ans = -2.061334086482145e-21
ans = -2.094421310984266e-21
ans = 1.311908451509102e-21
ans = 1.322041414012876e-21
ans = -2.080979626030279e-21
ans = -2.064022423472942e-21
ans = 4.696938313229229e-21
ans = -5.466629873209822e-21
nbcr = 10
lambda0 = 3.501084296647659
kmpl_prod = 0.180000000000000
 Time :      1.00000
 Time :      2.00000
 Time :      3.01000
 Time :      4.01000
 Time :      5.01000
 Time :      6.01000
 Time :      7.01000
 Time :      8.01000
 Time :      9.01000
 Time :     10.01000
 Time :     11.01000
 Time :     12.01000
 Time :     13.01000
 Time :     14.01000
 Time :     15.01000
 Time :     16.01000
 Time :     17.01000
 Time :     18.00000
 Time :     19.00000
 Time :     20.00000
 Time :     21.00000
 Time :     22.00000
 Time :     23.00000
 Time :     24.00000
 Time :     25.00000
 Time :     26.00000
 Time :     27.00000
 Time :     28.00000
 Time :     29.00000
 Time :     30.00000
 Time :     31.00000
 Time :     32.00000
 Time :     33.00000
 Time :     34.00000
 Time :     35.00000
dtime = 46.40903212130070
mbcr =

   0.100000000000000   0.188845431729141   0.275818518709742   0.228921071999878

agsout =

 Columns 1 through 3:

   5.165803084021687e-03   5.165803084021710e-03   5.165803084021646e-03
   1.129904501110414e-03   5.598819047801740e-03   5.598819047801796e-03
   1.153009361002776e-04   6.070573857315037e-03   6.070573857315039e-03
   5.509958752818575e-04   5.945558125304209e-03   5.945558125304260e-03

 Columns 4 through 6:

   5.165803084021644e-03   5.165803084021664e-03   5.165803084021658e-03
   5.598819047801730e-03   5.598819047801741e-03   5.598819047801767e-03
   6.070573857315044e-03   6.070573857315014e-03   6.070573857315022e-03
   5.945558125304178e-03   5.945558125304215e-03   5.945558125304192e-03

 Columns 7 through 9:

   5.165803084021657e-03   5.165803084021666e-03   5.165803084021665e-03
   5.598819047801745e-03   5.598819047801748e-03   5.598819047801747e-03
   6.070573857315040e-03   6.070573857315022e-03   6.070573857315004e-03
   5.945558125304207e-03   5.945558125304192e-03   5.945558125304180e-03

 Column 10:

   5.165803084021660e-03
   5.598819047801739e-03
   6.070573857315035e-03
   5.945558125304182e-03

ans = 3.086210865435346e-21
ans = 1.005872304379795e-20
ans = 1.005396675527577e-20
ans = 6.681758193050219e-21
ans = 1.006347933232013e-20
ans = 1.003597557695275e-20
ans = 6.668523303249371e-21
ans = 3.278116767547649e-21
ans = 3.274394454791160e-21
ans = 3.285354597907488e-21
nbcr = 10
lambda0 = 3.501084296647659
kmpl_prod = 0.180000000000000
 Time :      1.00000
 Time :      2.00000
 Time :      3.01000
 Time :      4.01000
 Time :      5.01000
 Time :      6.01000
 Time :      7.01000
 Time :      8.01000
 Time :      9.01000
 Time :     10.01000
 Time :     11.01000
 Time :     12.01000
 Time :     13.01000
 Time :     14.01000
 Time :     15.01000
 Time :     16.01000
 Time :     17.01000
 Time :     18.00000
 Time :     19.00000
 Time :     20.00000
 Time :     21.00000
 Time :     22.00000
 Time :     23.00000
 Time :     24.00000
 Time :     25.00000
 Time :     26.00000
 Time :     27.00000
 Time :     28.00000
 Time :     29.00000
 Time :     30.00000
 Time :     31.00000
 Time :     32.00000
 Time :     33.00000
 Time :     34.00000
 Time :     35.00000
dtime = 46.47923894226551
mbcr =

 Columns 1 through 4:

   0.100000000000000   0.188845431729141   0.275818518709742   0.228921071999878

 Column 5:

   0.241075996416607

agsout =

 Columns 1 through 3:

   5.165803084021687e-03   5.165803084021710e-03   5.165803084021646e-03
   1.129904501110414e-03   5.598819047801740e-03   5.598819047801796e-03
   1.153009361002776e-04   6.070573857315037e-03   6.070573857315039e-03
   5.509958752818575e-04   5.945558125304209e-03   5.945558125304260e-03
   4.334433105679576e-04   5.884848776042305e-03   5.884848776042245e-03

 Columns 4 through 6:

   5.165803084021644e-03   5.165803084021664e-03   5.165803084021658e-03
   5.598819047801730e-03   5.598819047801741e-03   5.598819047801767e-03
   6.070573857315044e-03   6.070573857315014e-03   6.070573857315022e-03
   5.945558125304178e-03   5.945558125304215e-03   5.945558125304192e-03
   5.884848776042296e-03   5.884848776042272e-03   5.884848776042292e-03

 Columns 7 through 9:

   5.165803084021657e-03   5.165803084021666e-03   5.165803084021665e-03
   5.598819047801745e-03   5.598819047801748e-03   5.598819047801747e-03
   6.070573857315040e-03   6.070573857315022e-03   6.070573857315004e-03
   5.945558125304207e-03   5.945558125304192e-03   5.945558125304180e-03
   5.884848776042308e-03   5.884848776042298e-03   5.884848776042296e-03

 Column 10:

   5.165803084021660e-03
   5.598819047801739e-03
   6.070573857315035e-03
   5.945558125304182e-03
   5.884848776042301e-03

ans = 7.280843751691750e-21
ans = 4.482284944271719e-21
ans = 7.866694420532431e-21
ans = 1.126206403990947e-20
ans = 4.471118006002253e-21
ans = 1.125151748709942e-20
ans = 4.476287884830709e-21
ans = 7.854493506497274e-21
ans = 7.859870180478869e-21
ans = 7.854079916190998e-21
nbcr = 10
lambda0 = 3.501084296647659
kmpl_prod = 0.180000000000000
 Time :      1.00000
 Time :      2.00000
 Time :      3.01000
 Time :      4.01000
 Time :      5.01000
 Time :      6.01000
 Time :      7.01000
 Time :      8.01000
 Time :      9.01000
 Time :     10.01000
 Time :     11.01000
 Time :     12.01000
 Time :     13.01000
 Time :     14.01000
 Time :     15.01000
 Time :     16.01000
 Time :     17.01000
 Time :     18.00000
 Time :     19.00000
 Time :     20.00000
 Time :     21.00000
 Time :     22.00000
 Time :     23.00000
 Time :     24.00000
 Time :     25.00000
 Time :     26.00000
 Time :     27.00000
 Time :     28.00000
 Time :     29.00000
 Time :     30.00000
 Time :     31.00000
 Time :     32.00000
 Time :     33.00000
 Time :     34.00000
 Time :     35.00000
dtime = 45.97599282860756
mbcr =

 Columns 1 through 4:

   0.100000000000000   0.188845431729141   0.275818518709742   0.228921071999878

 Columns 5 and 6:

   0.241075996416607   0.182187345269535

agsout =

 Columns 1 through 3:

   5.165803084021687e-03   5.165803084021710e-03   5.165803084021646e-03
   1.129904501110414e-03   5.598819047801740e-03   5.598819047801796e-03
   1.153009361002776e-04   6.070573857315037e-03   6.070573857315039e-03
   5.509958752818575e-04   5.945558125304209e-03   5.945558125304260e-03
   4.334433105679576e-04   5.884848776042305e-03   5.884848776042245e-03
   1.251861166009213e-03   5.578980273110168e-03   5.578980273110172e-03

 Columns 4 through 6:

   5.165803084021644e-03   5.165803084021664e-03   5.165803084021658e-03
   5.598819047801730e-03   5.598819047801741e-03   5.598819047801767e-03
   6.070573857315044e-03   6.070573857315014e-03   6.070573857315022e-03
   5.945558125304178e-03   5.945558125304215e-03   5.945558125304192e-03
   5.884848776042296e-03   5.884848776042272e-03   5.884848776042292e-03
   5.578980273110161e-03   5.578980273110171e-03   5.578980273110116e-03

 Columns 7 through 9:

   5.165803084021657e-03   5.165803084021666e-03   5.165803084021665e-03
   5.598819047801745e-03   5.598819047801748e-03   5.598819047801747e-03
   6.070573857315040e-03   6.070573857315022e-03   6.070573857315004e-03
   5.945558125304207e-03   5.945558125304192e-03   5.945558125304180e-03
   5.884848776042308e-03   5.884848776042298e-03   5.884848776042296e-03
   5.578980273110103e-03   5.578980273110113e-03   5.578980273110113e-03

 Column 10:

   5.165803084021660e-03
   5.598819047801739e-03
   6.070573857315035e-03
   5.945558125304182e-03
   5.884848776042301e-03
   5.578980273110114e-03

ans = 6.399069218710222e-21
ans = 6.534726839168919e-22
ans = 7.437180887464272e-21
ans = 7.442557561445867e-21
ans = 6.589527554750557e-22
ans = -2.727214479587332e-21
ans = 6.576085869796570e-22
ans = 7.434906140779751e-21
ans = 6.644328270332195e-22
ans = 6.589527554750557e-22
dkps =

 Columns 1 through 3:

   1.090347491145184e+00   1.330574310960072e+02   3.798540676786565e+00

 Columns 4 through 6:

   6.303947773064373e+00   1.525328117898205e+00   1.408515401911690e+01

nbcr = 15
lambda0 = 3.501084296647659
kmpl_prod = 0.180000000000000
 Time :      1.00000
 Time :      2.00000
 Time :      3.01000
 Time :      4.01000
 Time :      5.01000
 Time :      6.01000
 Time :      7.01000
 Time :      8.01000
 Time :      9.01000
 Time :     10.01000
 Time :     11.01000
 Time :     12.01000
 Time :     13.01000
 Time :     14.01000
 Time :     15.01000
 Time :     16.01000
 Time :     17.01000
 Time :     18.00000
 Time :     19.00000
 Time :     20.00000
 Time :     21.00000
 Time :     22.00000
 Time :     23.00000
 Time :     24.00000
 Time :     25.00000
 Time :     26.00000
 Time :     27.00000
 Time :     28.00000
 Time :     29.00000
 Time :     30.00000
 Time :     31.00000
 Time :     32.00000
 Time :     33.00000
 Time :     34.00000
 Time :     35.00000
dtime = 72.63664081692696
mbcr = 6.666666666666667e-02
agsout =

 Columns 1 through 3:

   4.664289824553062e-03   4.664289824553062e-03   4.664289824553099e-03

 Columns 4 through 6:

   4.664289824553137e-03   4.664289824553130e-03   4.664289824553107e-03

 Columns 7 through 9:

   4.664289824553147e-03   4.664289824553143e-03   4.664289824553102e-03

 Columns 10 through 12:

   4.664289824553108e-03   4.664289824553121e-03   4.664289824553106e-03

 Columns 13 through 15:

   4.664289824553102e-03   4.664289824553101e-03   4.664289824553102e-03

ans = 4.410010038249898e-21
ans = 7.275053487403878e-22
ans = -6.043174760159282e-21
ans = -9.428204621879409e-21
ans = -9.440612331067705e-21
ans = 7.186131571554428e-22
ans = -2.656076946907772e-21
ans = -6.048758229294015e-21
ans = -6.036143724952581e-21
ans = -2.652561429304421e-21
ans = -2.666003114258408e-21
ans = -2.655249766295219e-21
ans = -6.028492304286466e-21
ans = -6.052066951744227e-21
ans = -9.440198740761428e-21
nbcr = 15
lambda0 = 3.501084296647659
kmpl_prod = 0.180000000000000
 Time :      1.00000
 Time :      2.00000
 Time :      3.01000
 Time :      4.01000
 Time :      5.01000
 Time :      6.01000
 Time :      7.01000
 Time :      8.01000
 Time :      9.01000
 Time :     10.01000
 Time :     11.01000
 Time :     12.01000
 Time :     13.01000
 Time :     14.01000
 Time :     15.01000
 Time :     16.01000
 Time :     17.01000
 Time :     18.00000
 Time :     19.00000
 Time :     20.00000
 Time :     21.00000
 Time :     22.00000
 Time :     23.00000
 Time :     24.00000
 Time :     25.00000
 Time :     26.00000
 Time :     27.00000
 Time :     28.00000
 Time :     29.00000
 Time :     30.00000
 Time :     31.00000
 Time :     32.00000
 Time :     33.00000
 Time :     34.00000
 Time :     35.00000
dtime = 77.53261104226112
mbcr =

   6.666666666666667e-02   2.320017446366400e-01

agsout =

 Columns 1 through 3:

   4.664289824553062e-03   4.664289824553062e-03   4.664289824553099e-03
   1.204582626565221e-04   5.708626721749846e-03   5.708626721749789e-03

 Columns 4 through 6:

   4.664289824553137e-03   4.664289824553130e-03   4.664289824553107e-03
   5.708626721749825e-03   5.708626721749784e-03   5.708626721749790e-03

 Columns 7 through 9:

   4.664289824553147e-03   4.664289824553143e-03   4.664289824553102e-03
   5.708626721749803e-03   5.708626721749818e-03   5.708626721749779e-03

 Columns 10 through 12:

   4.664289824553108e-03   4.664289824553121e-03   4.664289824553106e-03
   5.708626721749790e-03   5.708626721749798e-03   5.708626721749801e-03

 Columns 13 through 15:

   4.664289824553102e-03   4.664289824553101e-03   4.664289824553102e-03
   5.708626721749797e-03   5.708626721749797e-03   5.708626721749797e-03

ans = -2.686682629572234e-21
ans = 9.723508100560840e-21
ans = -4.706657685426727e-22
ans = -3.851146136893759e-21
ans = 2.909401009502137e-21
ans = -7.225836240956973e-21
ans = -7.225629445803835e-21
ans = -7.224595470038144e-21
ans = -7.234108047082504e-21
ans = 6.318005518680025e-21
ans = 9.706550898003503e-21
ans = -3.849698570821791e-21
ans = -7.235142022848195e-21
ans = -1.062265342640598e-20
ans = -1.062265342640598e-20
nbcr = 15
lambda0 = 3.501084296647659
kmpl_prod = 0.180000000000000
 Time :      1.00000
 Time :      2.00000
 Time :      3.01000
 Time :      4.01000
 Time :      5.01000
 Time :      6.01000
 Time :      7.01000
 Time :      8.01000
 Time :      9.01000
 Time :     10.01000
 Time :     11.01000
 Time :     12.01000
 Time :     13.01000
 Time :     14.01000
 Time :     15.01000
 Time :     16.01000
 Time :     17.01000
 Time :     18.00000
 Time :     19.00000
 Time :     20.00000
 Time :     21.00000
 Time :     22.00000
 Time :     23.00000
 Time :     24.00000
 Time :     25.00000
 Time :     26.00000
 Time :     27.00000
 Time :     28.00000
 Time :     29.00000
 Time :     30.00000
 Time :     31.00000
 Time :     32.00000
 Time :     33.00000
 Time :     34.00000
 Time :     35.00000
dtime = 71.23876065015793
mbcr =

   6.666666666666667e-02   2.320017446366400e-01   1.667125381836100e-01

agsout =

 Columns 1 through 3:

   4.664289824553062e-03   4.664289824553062e-03   4.664289824553099e-03
   1.204582626565221e-04   5.708626721749846e-03   5.708626721749789e-03
   7.685877373000793e-04   5.260247748083892e-03   5.260247748083893e-03

 Columns 4 through 6:

   4.664289824553137e-03   4.664289824553130e-03   4.664289824553107e-03
   5.708626721749825e-03   5.708626721749784e-03   5.708626721749790e-03
   5.260247748083844e-03   5.260247748083861e-03   5.260247748083898e-03

 Columns 7 through 9:

   4.664289824553147e-03   4.664289824553143e-03   4.664289824553102e-03
   5.708626721749803e-03   5.708626721749818e-03   5.708626721749779e-03
   5.260247748083846e-03   5.260247748083838e-03   5.260247748083854e-03

 Columns 10 through 12:

   4.664289824553108e-03   4.664289824553121e-03   4.664289824553106e-03
   5.708626721749790e-03   5.708626721749798e-03   5.708626721749801e-03
   5.260247748083843e-03   5.260247748083853e-03   5.260247748083847e-03

 Columns 13 through 15:

   4.664289824553102e-03   4.664289824553101e-03   4.664289824553102e-03
   5.708626721749797e-03   5.708626721749797e-03   5.708626721749797e-03
   5.260247748083899e-03   5.260247748083841e-03   5.260247748083842e-03

ans = 3.685916809536291e-21
ans = 4.764767123458578e-21
ans = 1.371465455612920e-21
ans = 8.143179540278281e-21
ans = 1.342927724479840e-21
ans = 1.334035532894895e-21
ans = 8.123947591036423e-21
ans = -2.044170088771670e-21
ans = 8.150003780331843e-21
ans = 1.352026711217924e-21
ans = 1.369604299234676e-21
ans = 4.762699171927195e-21
ans = 4.749877872432623e-21
ans = 1.370638275000367e-21
ans = -2.018320694629388e-21
nbcr = 15
lambda0 = 3.501084296647659
kmpl_prod = 0.180000000000000
 Time :      1.00000
 Time :      2.00000
 Time :      3.01000
 Time :      4.01000
 Time :      5.01000
 Time :      6.01000
 Time :      7.01000
 Time :      8.01000
 Time :      9.01000
 Time :     10.01000
 Time :     11.01000
 Time :     12.01000
 Time :     13.01000
 Time :     14.01000
 Time :     15.01000
 Time :     16.01000
 Time :     17.01000
 Time :     18.00000
 Time :     19.00000
 Time :     20.00000
 Time :     21.00000
 Time :     22.00000
 Time :     23.00000
 Time :     24.00000
 Time :     25.00000
 Time :     26.00000
 Time :     27.00000
 Time :     28.00000
 Time :     29.00000
 Time :     30.00000
 Time :     31.00000
 Time :     32.00000
 Time :     33.00000
 Time :     34.00000
 Time :     35.00000
dtime = 71.31893523037434
mbcr =

 Columns 1 through 3:

   6.666666666666667e-02   2.320017446366400e-01   1.667125381836100e-01

 Column 4:

   2.244294939452054e-01

agsout =

 Columns 1 through 3:

   4.664289824553062e-03   4.664289824553062e-03   4.664289824553099e-03
   1.204582626565221e-04   5.708626721749846e-03   5.708626721749789e-03
   7.685877373000793e-04   5.260247748083892e-03   5.260247748083893e-03
   2.098286906406945e-04   5.483801126094250e-03   5.483801126094204e-03

 Columns 4 through 6:

   4.664289824553137e-03   4.664289824553130e-03   4.664289824553107e-03
   5.708626721749825e-03   5.708626721749784e-03   5.708626721749790e-03
   5.260247748083844e-03   5.260247748083861e-03   5.260247748083898e-03
   5.483801126094302e-03   5.483801126094302e-03   5.483801126094256e-03

 Columns 7 through 9:

   4.664289824553147e-03   4.664289824553143e-03   4.664289824553102e-03
   5.708626721749803e-03   5.708626721749818e-03   5.708626721749779e-03
   5.260247748083846e-03   5.260247748083838e-03   5.260247748083854e-03
   5.483801126094263e-03   5.483801126094347e-03   5.483801126094275e-03

 Columns 10 through 12:

   4.664289824553108e-03   4.664289824553121e-03   4.664289824553106e-03
   5.708626721749790e-03   5.708626721749798e-03   5.708626721749801e-03
   5.260247748083843e-03   5.260247748083853e-03   5.260247748083847e-03
   5.483801126094253e-03   5.483801126094303e-03   5.483801126094247e-03

 Columns 13 through 15:

   4.664289824553102e-03   4.664289824553101e-03   4.664289824553102e-03
   5.708626721749797e-03   5.708626721749797e-03   5.708626721749797e-03
   5.260247748083899e-03   5.260247748083841e-03   5.260247748083842e-03
   5.483801126094248e-03   5.483801126094243e-03   5.483801126094243e-03

ans = 8.893845946170154e-21
ans = -3.326300038228863e-21
ans = -3.342430060173647e-21
ans = -3.349874685686624e-21
ans = -3.353803793596251e-21
ans = -3.342843650479923e-21
ans = -6.745451100216802e-21
ans = 8.044331457078194e-23
ans = -3.339534928029711e-21
ans = -3.329401965525936e-21
ans = -3.318855412715885e-21
ans = -3.325886447922586e-21
ans = -3.345738782623859e-21
ans = -3.340362108642264e-21
ans = -3.340362108642264e-21
nbcr = 15
lambda0 = 3.501084296647659
kmpl_prod = 0.180000000000000
 Time :      1.00000
 Time :      2.00000
 Time :      3.01000
 Time :      4.01000
 Time :      5.01000
 Time :      6.01000
 Time :      7.01000
 Time :      8.01000
 Time :      9.01000
 Time :     10.01000
 Time :     11.01000
 Time :     12.01000
 Time :     13.01000
 Time :     14.01000
 Time :     15.01000
 Time :     16.01000
 Time :     17.01000
 Time :     18.00000
 Time :     19.00000
 Time :     20.00000
 Time :     21.00000
 Time :     22.00000
 Time :     23.00000
 Time :     24.00000
 Time :     25.00000
 Time :     26.00000
 Time :     27.00000
 Time :     28.00000
 Time :     29.00000
 Time :     30.00000
 Time :     31.00000
 Time :     32.00000
 Time :     33.00000
 Time :     34.00000
 Time :     35.00000
dtime = 75.13847798109055
mbcr =

 Columns 1 through 3:

   6.666666666666667e-02   2.320017446366400e-01   1.667125381836100e-01

 Columns 4 and 5:

   2.244294939452054e-01   2.354534625867745e-01

agsout =

 Columns 1 through 3:

   4.664289824553062e-03   4.664289824553062e-03   4.664289824553099e-03
   1.204582626565221e-04   5.708626721749846e-03   5.708626721749789e-03
   7.685877373000793e-04   5.260247748083892e-03   5.260247748083893e-03
   2.098286906406945e-04   5.483801126094250e-03   5.483801126094204e-03
   1.196632630011101e-04   5.624410668547927e-03   5.624410668547821e-03

 Columns 4 through 6:

   4.664289824553137e-03   4.664289824553130e-03   4.664289824553107e-03
   5.708626721749825e-03   5.708626721749784e-03   5.708626721749790e-03
   5.260247748083844e-03   5.260247748083861e-03   5.260247748083898e-03
   5.483801126094302e-03   5.483801126094302e-03   5.483801126094256e-03
   5.624410668547824e-03   5.624410668547849e-03   5.624410668547845e-03

 Columns 7 through 9:

   4.664289824553147e-03   4.664289824553143e-03   4.664289824553102e-03
   5.708626721749803e-03   5.708626721749818e-03   5.708626721749779e-03
   5.260247748083846e-03   5.260247748083838e-03   5.260247748083854e-03
   5.483801126094263e-03   5.483801126094347e-03   5.483801126094275e-03
   5.624410668547821e-03   5.624410668547859e-03   5.624410668547828e-03

 Columns 10 through 12:

   4.664289824553108e-03   4.664289824553121e-03   4.664289824553106e-03
   5.708626721749790e-03   5.708626721749798e-03   5.708626721749801e-03
   5.260247748083843e-03   5.260247748083853e-03   5.260247748083847e-03
   5.483801126094253e-03   5.483801126094303e-03   5.483801126094247e-03
   5.624410668547827e-03   5.624410668547833e-03   5.624410668547833e-03

 Columns 13 through 15:

   4.664289824553102e-03   4.664289824553101e-03   4.664289824553102e-03
   5.708626721749797e-03   5.708626721749797e-03   5.708626721749797e-03
   5.260247748083899e-03   5.260247748083841e-03   5.260247748083842e-03
   5.483801126094248e-03   5.483801126094243e-03   5.483801126094243e-03
   5.624410668547848e-03   5.624410668547849e-03   5.624410668547849e-03

ans = 1.145479712263433e-20
ans = 2.591143268822359e-21
ans = 5.958388747372597e-21
ans = 2.579149149940340e-21
ans = -8.122913615270732e-22
ans = 5.967901324416956e-21
ans = 2.590109293056668e-21
ans = 5.971623637173445e-21
ans = 2.601689821632410e-21
ans = 2.572945295346193e-21
ans = -7.932662074383535e-22
ans = -7.835468352408555e-22
ans = 9.406491130799892e-21
ans = 2.576874403255819e-21
ans = 2.576874403255819e-21
nbcr = 15
lambda0 = 3.501084296647659
kmpl_prod = 0.180000000000000
 Time :      1.00000
 Time :      2.00000
 Time :      3.01000
 Time :      4.01000
 Time :      5.01000
 Time :      6.01000
 Time :      7.01000
 Time :      8.01000
 Time :      9.01000
 Time :     10.01000
 Time :     11.01000
 Time :     12.01000
 Time :     13.01000
 Time :     14.01000
 Time :     15.01000
 Time :     16.01000
 Time :     17.01000
 Time :     18.00000
 Time :     19.00000
 Time :     20.00000
 Time :     21.00000
 Time :     22.00000
 Time :     23.00000
 Time :     24.00000
 Time :     25.00000
 Time :     26.00000
 Time :     27.00000
 Time :     28.00000
 Time :     29.00000
 Time :     30.00000
 Time :     31.00000
 Time :     32.00000
 Time :     33.00000
 Time :     34.00000
 Time :     35.00000
dtime = 66.63426943123341
mbcr =

 Columns 1 through 3:

   6.666666666666667e-02   2.320017446366400e-01   1.667125381836100e-01

 Columns 4 through 6:

   2.244294939452054e-01   2.354534625867745e-01   2.484807022371548e-01

agsout =

 Columns 1 through 3:

   4.664289824553062e-03   4.664289824553062e-03   4.664289824553099e-03
   1.204582626565221e-04   5.708626721749846e-03   5.708626721749789e-03
   7.685877373000793e-04   5.260247748083892e-03   5.260247748083893e-03
   2.098286906406945e-04   5.483801126094250e-03   5.483801126094204e-03
   1.196632630011101e-04   5.624410668547927e-03   5.624410668547821e-03
   5.683600344990737e-05   5.582683506642657e-03   5.582683506642656e-03

 Columns 4 through 6:

   4.664289824553137e-03   4.664289824553130e-03   4.664289824553107e-03
   5.708626721749825e-03   5.708626721749784e-03   5.708626721749790e-03
   5.260247748083844e-03   5.260247748083861e-03   5.260247748083898e-03
   5.483801126094302e-03   5.483801126094302e-03   5.483801126094256e-03
   5.624410668547824e-03   5.624410668547849e-03   5.624410668547845e-03
   5.582683506642675e-03   5.582683506642683e-03   5.582683506642688e-03

 Columns 7 through 9:

   4.664289824553147e-03   4.664289824553143e-03   4.664289824553102e-03
   5.708626721749803e-03   5.708626721749818e-03   5.708626721749779e-03
   5.260247748083846e-03   5.260247748083838e-03   5.260247748083854e-03
   5.483801126094263e-03   5.483801126094347e-03   5.483801126094275e-03
   5.624410668547821e-03   5.624410668547859e-03   5.624410668547828e-03
   5.582683506642701e-03   5.582683506642725e-03   5.582683506642688e-03

 Columns 10 through 12:

   4.664289824553108e-03   4.664289824553121e-03   4.664289824553106e-03
   5.708626721749790e-03   5.708626721749798e-03   5.708626721749801e-03
   5.260247748083843e-03   5.260247748083853e-03   5.260247748083847e-03
   5.483801126094253e-03   5.483801126094303e-03   5.483801126094247e-03
   5.624410668547827e-03   5.624410668547833e-03   5.624410668547833e-03
   5.582683506642695e-03   5.582683506642656e-03   5.582683506642691e-03

 Columns 13 through 15:

   4.664289824553102e-03   4.664289824553101e-03   4.664289824553102e-03
   5.708626721749797e-03   5.708626721749797e-03   5.708626721749797e-03
   5.260247748083899e-03   5.260247748083841e-03   5.260247748083842e-03
   5.483801126094248e-03   5.483801126094243e-03   5.483801126094243e-03
   5.624410668547848e-03   5.624410668547849e-03   5.624410668547849e-03
   5.582683506642689e-03   5.582683506642689e-03   5.582683506642687e-03

ans = 1.667596114906904e-21
ans = 5.482139509695191e-22
ans = 5.544178055636668e-22
ans = -2.832266417381567e-21
ans = 3.956818460147408e-21
ans = 3.953509737697196e-21
ans = 3.960747568057035e-21
ans = 5.176082683050571e-22
ans = 3.960954363210173e-21
ans = -2.841778994425927e-21
ans = 3.939654462436933e-21
ans = 5.449052285193070e-22
ans = 3.943169980040283e-21
ans = 5.624828165360588e-22
ans = 3.943169980040283e-21
