warning: function /home/surgeon/flu/amcode/perelson21/1d2agt/4paper/2submit/run.m shadows a core library function
warning: called from
    driver at line 1 column 1

lambda0 = 3.501084296647659
kmpl_prod = 0.180000000000000
dkps =

 Columns 1 through 3:

   1.213973153349475e+00   9.120716403591853e+00   2.797061321007316e+01

 Columns 4 through 6:

   3.397362579950842e-01   9.311660766360825e+00   1.959960870345202e+00

nbcr = 2
lambda0 = 3.501084296647659
kmpl_prod = 0.180000000000000
 Time :      1.00000
 Time :      2.00000
 Time :      3.01000
 Time :      4.01000
 Time :      5.01000
 Time :      6.01000
 Time :      7.01000
 Time :      8.01000
 Time :      9.01000
 Time :     10.01000
 Time :     11.01000
 Time :     12.01000
 Time :     13.01000
 Time :     14.01000
 Time :     15.01000
 Time :     16.01000
 Time :     17.01000
 Time :     18.00000
 Time :     19.00000
 Time :     20.00000
 Time :     21.00000
 Time :     22.00000
 Time :     23.00000
 Time :     24.00000
 Time :     25.00000
 Time :     26.00000
 Time :     27.00000
 Time :     28.00000
 Time :     29.00000
 Time :     30.00000
 Time :     31.00000
 Time :     32.00000
 Time :     33.00000
 Time :     34.00000
 Time :     35.00000
dtime = 5.083114653825760
mbcr = 1.571002165138252e-04
agsout =

   1.836434324935496e-02   1.836434324935494e-02

ans = -1.074346208454287e-21
ans = 1.078619284962140e-21
nbcr = 2
lambda0 = 3.501084296647659
kmpl_prod = 0.180000000000000
 Time :      1.00000
 Time :      2.00000
 Time :      3.01000
 Time :      4.01000
 Time :      5.01000
 Time :      6.01000
 Time :      7.01000
 Time :      8.01000
 Time :      9.01000
 Time :     10.01000
 Time :     11.01000
 Time :     12.01000
 Time :     13.01000
 Time :     14.01000
 Time :     15.01000
 Time :     16.01000
 Time :     17.01000
 Time :     18.00000
 Time :     19.00000
 Time :     20.00000
 Time :     21.00000
 Time :     22.00000
 Time :     23.00000
 Time :     24.00000
 Time :     25.00000
 Time :     26.00000
 Time :     27.00000
 Time :     28.00000
 Time :     29.00000
 Time :     30.00000
 Time :     31.00000
 Time :     32.00000
 Time :     33.00000
 Time :     34.00000
 Time :     35.00000
dtime = 4.942218214273453
mbcr =

   1.571002165138252e-04   9.231203118895467e-04

agsout =

   1.836434324935496e-02   1.836434324935494e-02
   1.848928623696583e-02   1.848928623696579e-02

ans = -1.989369373190032e-21
ans = 7.974423386207526e-21
nbcr = 2
lambda0 = 3.501084296647659
kmpl_prod = 0.180000000000000
 Time :      1.00000
 Time :      2.00000
 Time :      3.01000
 Time :      4.01000
 Time :      5.01000
 Time :      6.01000
 Time :      7.01000
 Time :      8.01000
 Time :      9.01000
 Time :     10.01000
 Time :     11.01000
 Time :     12.01000
 Time :     13.01000
 Time :     14.01000
 Time :     15.01000
 Time :     16.01000
 Time :     17.01000
 Time :     18.00000
 Time :     19.00000
 Time :     20.00000
 Time :     21.00000
 Time :     22.00000
 Time :     23.00000
 Time :     24.00000
 Time :     25.00000
 Time :     26.00000
 Time :     27.00000
 Time :     28.00000
 Time :     29.00000
 Time :     30.00000
 Time :     31.00000
 Time :     32.00000
 Time :     33.00000
 Time :     34.00000
 Time :     35.00000
dtime = 5.044339969754219
mbcr =

   1.571002165138252e-04   9.231203118895467e-04   3.558075577772130e-02

agsout =

   1.836434324935496e-02   1.836434324935494e-02
   1.848928623696583e-02   1.848928623696579e-02
   1.759337854068415e-02   1.759337854068416e-02

ans = 9.319016781022410e-21
ans = 1.181239764119866e-21
nbcr = 2
lambda0 = 3.501084296647659
kmpl_prod = 0.180000000000000
 Time :      1.00000
 Time :      2.00000
 Time :      3.01000
 Time :      4.01000
 Time :      5.01000
 Time :      6.01000
 Time :      7.01000
 Time :      8.01000
 Time :      9.01000
 Time :     10.01000
 Time :     11.01000
 Time :     12.01000
 Time :     13.01000
 Time :     14.01000
 Time :     15.01000
 Time :     16.01000
 Time :     17.01000
 Time :     18.00000
 Time :     19.00000
 Time :     20.00000
 Time :     21.00000
 Time :     22.00000
 Time :     23.00000
 Time :     24.00000
 Time :     25.00000
 Time :     26.00000
 Time :     27.00000
 Time :     28.00000
 Time :     29.00000
 Time :     30.00000
 Time :     31.00000
 Time :     32.00000
 Time :     33.00000
 Time :     34.00000
 Time :     35.00000
dtime = 5.091563612222672
mbcr =

 Columns 1 through 3:

   1.571002165138252e-04   9.231203118895467e-04   3.558075577772130e-02

 Column 4:

   5.060732214959929e-03

agsout =

   1.836434324935496e-02   1.836434324935494e-02
   1.848928623696583e-02   1.848928623696579e-02
   1.759337854068415e-02   1.759337854068416e-02
   1.838321602171143e-02   1.838321602171140e-02

ans = -1.230844751478905e-21
ans = 7.278860618484896e-21
nbcr = 2
lambda0 = 3.501084296647659
kmpl_prod = 0.180000000000000
 Time :      1.00000
 Time :      2.00000
 Time :      3.01000
 Time :      4.01000
 Time :      5.01000
 Time :      6.01000
 Time :      7.01000
 Time :      8.01000
 Time :      9.01000
 Time :     10.01000
 Time :     11.01000
 Time :     12.01000
 Time :     13.01000
 Time :     14.01000
 Time :     15.01000
 Time :     16.01000
 Time :     17.01000
 Time :     18.00000
 Time :     19.00000
 Time :     20.00000
 Time :     21.00000
 Time :     22.00000
 Time :     23.00000
 Time :     24.00000
 Time :     25.00000
 Time :     26.00000
 Time :     27.00000
 Time :     28.00000
 Time :     29.00000
 Time :     30.00000
 Time :     31.00000
 Time :     32.00000
 Time :     33.00000
 Time :     34.00000
 Time :     35.00000
dtime = 5.066246911883354
mbcr =

 Columns 1 through 3:

   1.571002165138252e-04   9.231203118895467e-04   3.558075577772130e-02

 Columns 4 and 5:

   5.060732214959929e-03   2.687577734199622e-01

agsout =

   1.836434324935496e-02   1.836434324935494e-02
   1.848928623696583e-02   1.848928623696579e-02
   1.759337854068415e-02   1.759337854068416e-02
   1.838321602171143e-02   1.838321602171140e-02
   8.608421318055550e-03   8.608421318055557e-03

ans = -4.685150989500349e-21
ans = 7.582364817457966e-21
nbcr = 2
lambda0 = 3.501084296647659
kmpl_prod = 0.180000000000000
 Time :      1.00000
 Time :      2.00000
 Time :      3.01000
 Time :      4.01000
 Time :      5.01000
 Time :      6.01000
 Time :      7.01000
 Time :      8.01000
 Time :      9.01000
 Time :     10.01000
 Time :     11.01000
 Time :     12.01000
 Time :     13.01000
 Time :     14.01000
 Time :     15.01000
 Time :     16.01000
 Time :     17.01000
 Time :     18.00000
 Time :     19.00000
 Time :     20.00000
 Time :     21.00000
 Time :     22.00000
 Time :     23.00000
 Time :     24.00000
 Time :     25.00000
 Time :     26.00000
 Time :     27.00000
 Time :     28.00000
 Time :     29.00000
 Time :     30.00000
 Time :     31.00000
 Time :     32.00000
 Time :     33.00000
 Time :     34.00000
 Time :     35.00000
dtime = 5.107023194432259
mbcr =

 Columns 1 through 3:

   1.571002165138252e-04   9.231203118895467e-04   3.558075577772130e-02

 Columns 4 through 6:

   5.060732214959929e-03   2.687577734199622e-01   9.544049742724828e-02

agsout =

   1.836434324935496e-02   1.836434324935494e-02
   1.848928623696583e-02   1.848928623696579e-02
   1.759337854068415e-02   1.759337854068416e-02
   1.838321602171143e-02   1.838321602171140e-02
   8.608421318055550e-03   8.608421318055557e-03
   1.589730019711069e-02   1.589730019711076e-02

ans = 4.731473103803318e-22
ans = 7.682971467253295e-21
dkps =

 Columns 1 through 3:

   1.187529383020880e+02   2.649451699383268e+01   1.333557087316076e+01

 Columns 4 through 6:

   1.890816825066105e+01   1.517144015198507e+00   4.941129059385094e+01

nbcr = 3
lambda0 = 3.501084296647659
kmpl_prod = 0.180000000000000
 Time :      1.00000
 Time :      2.00000
 Time :      3.01000
 Time :      4.01000
 Time :      5.01000
 Time :      6.01000
 Time :      7.01000
 Time :      8.01000
 Time :      9.01000
 Time :     10.01000
 Time :     11.01000
 Time :     12.01000
 Time :     13.01000
 Time :     14.01000
 Time :     15.01000
 Time :     16.01000
 Time :     17.01000
 Time :     18.00000
 Time :     19.00000
 Time :     20.00000
 Time :     21.00000
 Time :     22.00000
 Time :     23.00000
 Time :     24.00000
 Time :     25.00000
 Time :     26.00000
 Time :     27.00000
 Time :     28.00000
 Time :     29.00000
 Time :     30.00000
 Time :     31.00000
 Time :     32.00000
 Time :     33.00000
 Time :     34.00000
 Time :     35.00000
dtime = 12.09378875792027
mbcr = 1.003998599568629e-04
agsout =

   1.071404485318486e-02   1.071404485318483e-02   1.071404485318485e-02

ans = -5.889914333378415e-22
ans = 8.388580763568036e-22
ans = 8.388322269626613e-22
nbcr = 3
lambda0 = 3.501084296647659
kmpl_prod = 0.180000000000000
 Time :      1.00000
 Time :      2.00000
 Time :      3.01000
 Time :      4.01000
 Time :      5.01000
 Time :      6.01000
 Time :      7.01000
 Time :      8.01000
 Time :      9.01000
 Time :     10.01000
 Time :     11.01000
 Time :     12.01000
 Time :     13.01000
 Time :     14.01000
 Time :     15.01000
 Time :     16.01000
 Time :     17.01000
 Time :     18.00000
 Time :     19.00000
 Time :     20.00000
 Time :     21.00000
 Time :     22.00000
 Time :     23.00000
 Time :     24.00000
 Time :     25.00000
 Time :     26.00000
 Time :     27.00000
 Time :     28.00000
 Time :     29.00000
 Time :     30.00000
 Time :     31.00000
 Time :     32.00000
 Time :     33.00000
 Time :     34.00000
 Time :     35.00000
dtime = 11.48008257150650
mbcr =

   1.003998599568629e-04   7.748543483408681e-05

agsout =

   1.071404485318486e-02   1.071404485318483e-02   1.071404485318485e-02
   1.078951682352003e-02   1.078951682352003e-02   1.078951682351999e-02

ans = 6.164091612147048e-21
ans = 2.060545679960805e-21
ans = 2.062212965882983e-21
nbcr = 3
lambda0 = 3.501084296647659
kmpl_prod = 0.180000000000000
 Time :      1.00000
 Time :      2.00000
 Time :      3.01000
 Time :      4.01000
 Time :      5.01000
 Time :      6.01000
 Time :      7.01000
 Time :      8.01000
 Time :      9.01000
 Time :     10.01000
 Time :     11.01000
 Time :     12.01000
 Time :     13.01000
 Time :     14.01000
 Time :     15.01000
 Time :     16.01000
 Time :     17.01000
 Time :     18.00000
 Time :     19.00000
 Time :     20.00000
 Time :     21.00000
 Time :     22.00000
 Time :     23.00000
 Time :     24.00000
 Time :     25.00000
 Time :     26.00000
 Time :     27.00000
 Time :     28.00000
 Time :     29.00000
 Time :     30.00000
 Time :     31.00000
 Time :     32.00000
 Time :     33.00000
 Time :     34.00000
 Time :     35.00000
dtime = 11.94408126175404
mbcr =

   1.003998599568629e-04   7.748543483408681e-05   7.839250123931044e-05

agsout =

   1.071404485318486e-02   1.071404485318483e-02   1.071404485318485e-02
   1.078951682352003e-02   1.078951682352003e-02   1.078951682351999e-02
   1.078956141296501e-02   1.078956141296503e-02   1.078956141296507e-02

ans = -3.001359017472955e-22
ans = 3.412565928830194e-21
ans = 6.801660607779195e-21
nbcr = 3
lambda0 = 3.501084296647659
kmpl_prod = 0.180000000000000
 Time :      1.00000
 Time :      2.00000
 Time :      3.01000
 Time :      4.01000
 Time :      5.01000
 Time :      6.01000
 Time :      7.01000
 Time :      8.01000
 Time :      9.01000
 Time :     10.01000
 Time :     11.01000
 Time :     12.01000
 Time :     13.01000
 Time :     14.01000
 Time :     15.01000
 Time :     16.01000
 Time :     17.01000
 Time :     18.00000
 Time :     19.00000
 Time :     20.00000
 Time :     21.00000
 Time :     22.00000
 Time :     23.00000
 Time :     24.00000
 Time :     25.00000
 Time :     26.00000
 Time :     27.00000
 Time :     28.00000
 Time :     29.00000
 Time :     30.00000
 Time :     31.00000
 Time :     32.00000
 Time :     33.00000
 Time :     34.00000
 Time :     35.00000
dtime = 11.43172234296799
mbcr =

 Columns 1 through 3:

   1.003998599568629e-04   7.748543483408681e-05   7.839250123931044e-05

 Column 4:

   8.393176839402681e-05

agsout =

   1.071404485318486e-02   1.071404485318483e-02   1.071404485318485e-02
   1.078951682352003e-02   1.078951682352003e-02   1.078951682351999e-02
   1.078956141296501e-02   1.078956141296503e-02   1.078956141296507e-02
   1.078947202381750e-02   1.078947202381744e-02   1.078947202381744e-02

ans = 9.826537323263441e-21
ans = 9.032611956274460e-21
ans = 9.033981974164000e-21
nbcr = 3
lambda0 = 3.501084296647659
kmpl_prod = 0.180000000000000
 Time :      1.00000
 Time :      2.00000
 Time :      3.01000
 Time :      4.01000
 Time :      5.01000
 Time :      6.01000
 Time :      7.01000
 Time :      8.01000
 Time :      9.01000
 Time :     10.01000
 Time :     11.01000
 Time :     12.01000
 Time :     13.01000
 Time :     14.01000
 Time :     15.01000
 Time :     16.01000
 Time :     17.01000
 Time :     18.00000
 Time :     19.00000
 Time :     20.00000
 Time :     21.00000
 Time :     22.00000
 Time :     23.00000
 Time :     24.00000
 Time :     25.00000
 Time :     26.00000
 Time :     27.00000
 Time :     28.00000
 Time :     29.00000
 Time :     30.00000
 Time :     31.00000
 Time :     32.00000
 Time :     33.00000
 Time :     34.00000
 Time :     35.00000
dtime = 11.33208498358727
mbcr =

 Columns 1 through 3:

   1.003998599568629e-04   7.748543483408681e-05   7.839250123931044e-05

 Columns 4 and 5:

   8.393176839402681e-05   2.579441209910757e-04

agsout =

   1.071404485318486e-02   1.071404485318483e-02   1.071404485318485e-02
   1.078951682352003e-02   1.078951682352003e-02   1.078951682351999e-02
   1.078956141296501e-02   1.078956141296503e-02   1.078956141296507e-02
   1.078947202381750e-02   1.078947202381744e-02   1.078947202381744e-02
   1.078619749892424e-02   1.078619749892421e-02   1.078619749892426e-02

ans = -7.043442915889031e-21
ans = 2.991530997040702e-21
ans = 6.379333206282590e-21
nbcr = 3
lambda0 = 3.501084296647659
kmpl_prod = 0.180000000000000
 Time :      1.00000
 Time :      2.00000
 Time :      3.01000
 Time :      4.01000
 Time :      5.01000
 Time :      6.01000
 Time :      7.01000
 Time :      8.01000
 Time :      9.01000
 Time :     10.01000
 Time :     11.01000
 Time :     12.01000
 Time :     13.01000
 Time :     14.01000
 Time :     15.01000
 Time :     16.01000
 Time :     17.01000
 Time :     18.00000
 Time :     19.00000
 Time :     20.00000
 Time :     21.00000
 Time :     22.00000
 Time :     23.00000
 Time :     24.00000
 Time :     25.00000
 Time :     26.00000
 Time :     27.00000
 Time :     28.00000
 Time :     29.00000
 Time :     30.00000
 Time :     31.00000
 Time :     32.00000
 Time :     33.00000
 Time :     34.00000
 Time :     35.00000
dtime = 11.53570488095284
mbcr =

 Columns 1 through 3:

   1.003998599568629e-04   7.748543483408681e-05   7.839250123931044e-05

 Columns 4 through 6:

   8.393176839402681e-05   2.579441209910757e-04   1.024979445067019e-01

agsout =

   1.071404485318486e-02   1.071404485318483e-02   1.071404485318485e-02
   1.078951682352003e-02   1.078951682352003e-02   1.078951682351999e-02
   1.078956141296501e-02   1.078956141296503e-02   1.078956141296507e-02
   1.078947202381750e-02   1.078947202381744e-02   1.078947202381744e-02
   1.078619749892424e-02   1.078619749892421e-02   1.078619749892426e-02
   8.566620683836807e-03   8.566620683836847e-03   8.566620683836840e-03

ans = 1.588186776101813e-22
ans = -6.468965980470953e-21
ans = 3.068193837718176e-22
dkps =

 Columns 1 through 3:

   3.496566257317629e+01   1.658038523532823e+01   5.000655116649291e+01

 Columns 4 through 6:

   4.738005300697152e+00   2.928066165454125e+01   4.892781926558010e+01

nbcr = 4
lambda0 = 3.501084296647659
kmpl_prod = 0.180000000000000
 Time :      1.00000
 Time :      2.00000
 Time :      3.01000
 Time :      4.01000
 Time :      5.01000
 Time :      6.01000
 Time :      7.01000
 Time :      8.01000
 Time :      9.01000
 Time :     10.01000
 Time :     11.01000
 Time :     12.01000
 Time :     13.01000
 Time :     14.01000
 Time :     15.01000
 Time :     16.01000
 Time :     17.01000
 Time :     18.00000
 Time :     19.00000
 Time :     20.00000
 Time :     21.00000
 Time :     22.00000
 Time :     23.00000
 Time :     24.00000
 Time :     25.00000
 Time :     26.00000
 Time :     27.00000
 Time :     28.00000
 Time :     29.00000
 Time :     30.00000
 Time :     31.00000
 Time :     32.00000
 Time :     33.00000
 Time :     34.00000
 Time :     35.00000
dtime = 17.91815869510174
mbcr = 8.208159070119471e-05
agsout =

 Columns 1 through 3:

   8.291090270728722e-03   8.291090270728749e-03   8.291090270728751e-03

 Column 4:

   8.291090270728753e-03

ans = -8.832761079420547e-21
ans = -6.202639672623020e-21
ans = -2.814585431788246e-21
ans = 3.960850965633604e-21
nbcr = 4
lambda0 = 3.501084296647659
kmpl_prod = 0.180000000000000
 Time :      1.00000
 Time :      2.00000
 Time :      3.01000
 Time :      4.01000
 Time :      5.01000
 Time :      6.01000
 Time :      7.01000
 Time :      8.01000
 Time :      9.01000
 Time :     10.01000
 Time :     11.01000
 Time :     12.01000
 Time :     13.01000
 Time :     14.01000
 Time :     15.01000
 Time :     16.01000
 Time :     17.01000
 Time :     18.00000
 Time :     19.00000
 Time :     20.00000
 Time :     21.00000
 Time :     22.00000
 Time :     23.00000
 Time :     24.00000
 Time :     25.00000
 Time :     26.00000
 Time :     27.00000
 Time :     28.00000
 Time :     29.00000
 Time :     30.00000
 Time :     31.00000
 Time :     32.00000
 Time :     33.00000
 Time :     34.00000
 Time :     35.00000
dtime = 18.25459823012352
mbcr =

   8.208159070119471e-05   6.398188954935976e-05

agsout =

 Columns 1 through 3:

   8.291090270728722e-03   8.291090270728749e-03   8.291090270728751e-03
   8.341897000847325e-03   8.341897000847363e-03   8.341897000847365e-03

 Column 4:

   8.291090270728753e-03
   8.341897000847361e-03

ans = 1.933683992386133e-20
ans = 1.102714474594441e-20
ans = 8.655669628543166e-22
ans = 8.664199928610119e-22
nbcr = 4
lambda0 = 3.501084296647659
kmpl_prod = 0.180000000000000
 Time :      1.00000
 Time :      2.00000
 Time :      3.01000
 Time :      4.01000
 Time :      5.01000
 Time :      6.01000
 Time :      7.01000
 Time :      8.01000
 Time :      9.01000
 Time :     10.01000
 Time :     11.01000
 Time :     12.01000
 Time :     13.01000
 Time :     14.01000
 Time :     15.01000
 Time :     16.01000
 Time :     17.01000
 Time :     18.00000
 Time :     19.00000
 Time :     20.00000
 Time :     21.00000
 Time :     22.00000
 Time :     23.00000
 Time :     24.00000
 Time :     25.00000
 Time :     26.00000
 Time :     27.00000
 Time :     28.00000
 Time :     29.00000
 Time :     30.00000
 Time :     31.00000
 Time :     32.00000
 Time :     33.00000
 Time :     34.00000
 Time :     35.00000
dtime = 18.17698851227760
mbcr =

   8.208159070119471e-05   6.398188954935976e-05   6.509353361892648e-05

agsout =

 Columns 1 through 3:

   8.291090270728722e-03   8.291090270728749e-03   8.291090270728751e-03
   8.341897000847325e-03   8.341897000847363e-03   8.341897000847365e-03
   8.342071150828039e-03   8.342071150827995e-03   8.342071150827966e-03

 Column 4:

   8.291090270728753e-03
   8.341897000847361e-03
   8.342071150828061e-03

ans = -2.934869125080820e-21
ans = 4.697067560199941e-21
ans = 1.147227131307451e-20
ans = 4.697274355353079e-21
nbcr = 4
lambda0 = 3.501084296647659
kmpl_prod = 0.180000000000000
 Time :      1.00000
 Time :      2.00000
 Time :      3.01000
 Time :      4.01000
 Time :      5.01000
 Time :      6.01000
 Time :      7.01000
 Time :      8.01000
 Time :      9.01000
 Time :     10.01000
 Time :     11.01000
 Time :     12.01000
 Time :     13.01000
 Time :     14.01000
 Time :     15.01000
 Time :     16.01000
 Time :     17.01000
 Time :     18.00000
 Time :     19.00000
 Time :     20.00000
 Time :     21.00000
 Time :     22.00000
 Time :     23.00000
 Time :     24.00000
 Time :     25.00000
 Time :     26.00000
 Time :     27.00000
 Time :     28.00000
 Time :     29.00000
 Time :     30.00000
 Time :     31.00000
 Time :     32.00000
 Time :     33.00000
 Time :     34.00000
 Time :     35.00000
dtime = 17.75728650391102
mbcr =

 Columns 1 through 3:

   8.208159070119471e-05   6.398188954935976e-05   6.509353361892648e-05

 Column 4:

   6.567071378147482e-05

agsout =

 Columns 1 through 3:

   8.291090270728722e-03   8.291090270728749e-03   8.291090270728751e-03
   8.341897000847325e-03   8.341897000847363e-03   8.341897000847365e-03
   8.342071150828039e-03   8.342071150827995e-03   8.342071150827966e-03
   8.342054300432342e-03   8.342054300432339e-03   8.342054300432436e-03

 Column 4:

   8.291090270728753e-03
   8.341897000847361e-03
   8.342071150828061e-03
   8.342054300432439e-03

ans = 1.707657505948613e-20
ans = 4.699652499614169e-21
ans = 1.147917310131050e-20
ans = 8.091144709869867e-21
nbcr = 4
lambda0 = 3.501084296647659
kmpl_prod = 0.180000000000000
 Time :      1.00000
 Time :      2.00000
 Time :      3.01000
 Time :      4.01000
 Time :      5.01000
 Time :      6.01000
 Time :      7.01000
 Time :      8.01000
 Time :      9.01000
 Time :     10.01000
 Time :     11.01000
 Time :     12.01000
 Time :     13.01000
 Time :     14.01000
 Time :     15.01000
 Time :     16.01000
 Time :     17.01000
 Time :     18.00000
 Time :     19.00000
 Time :     20.00000
 Time :     21.00000
 Time :     22.00000
 Time :     23.00000
 Time :     24.00000
 Time :     25.00000
 Time :     26.00000
 Time :     27.00000
 Time :     28.00000
 Time :     29.00000
 Time :     30.00000
 Time :     31.00000
 Time :     32.00000
 Time :     33.00000
 Time :     34.00000
 Time :     35.00000
dtime = 17.80427880585194
mbcr =

 Columns 1 through 3:

   8.208159070119471e-05   6.398188954935976e-05   6.509353361892648e-05

 Columns 4 and 5:

   6.567071378147482e-05   5.422836119424764e-04

agsout =

 Columns 1 through 3:

   8.291090270728722e-03   8.291090270728749e-03   8.291090270728751e-03
   8.341897000847325e-03   8.341897000847363e-03   8.341897000847365e-03
   8.342071150828039e-03   8.342071150827995e-03   8.342071150827966e-03
   8.342054300432342e-03   8.342054300432339e-03   8.342054300432436e-03
   8.334161167859936e-03   8.334161167859875e-03   8.334161167859892e-03

 Column 4:

   8.291090270728753e-03
   8.341897000847361e-03
   8.342071150828061e-03
   8.342054300432439e-03
   8.334161167859863e-03

ans = 2.916638839861976e-21
ans = -4.196830084758497e-21
ans = -8.086207475588691e-22
ans = -4.196158000510798e-21
nbcr = 4
lambda0 = 3.501084296647659
kmpl_prod = 0.180000000000000
 Time :      1.00000
 Time :      2.00000
 Time :      3.01000
 Time :      4.01000
 Time :      5.01000
 Time :      6.01000
 Time :      7.01000
 Time :      8.01000
 Time :      9.01000
 Time :     10.01000
 Time :     11.01000
 Time :     12.01000
 Time :     13.01000
 Time :     14.01000
 Time :     15.01000
 Time :     16.01000
 Time :     17.01000
 Time :     18.00000
 Time :     19.00000
 Time :     20.00000
 Time :     21.00000
 Time :     22.00000
 Time :     23.00000
 Time :     24.00000
 Time :     25.00000
 Time :     26.00000
 Time :     27.00000
 Time :     28.00000
 Time :     29.00000
 Time :     30.00000
 Time :     31.00000
 Time :     32.00000
 Time :     33.00000
 Time :     34.00000
 Time :     35.00000
dtime = 17.84512549638748
mbcr =

 Columns 1 through 3:

   8.208159070119471e-05   6.398188954935976e-05   6.509353361892648e-05

 Columns 4 through 6:

   6.567071378147482e-05   5.422836119424764e-04   1.858906744183085e-03

agsout =

 Columns 1 through 3:

   8.291090270728722e-03   8.291090270728749e-03   8.291090270728751e-03
   8.341897000847325e-03   8.341897000847363e-03   8.341897000847365e-03
   8.342071150828039e-03   8.342071150827995e-03   8.342071150827966e-03
   8.342054300432342e-03   8.342054300432339e-03   8.342054300432436e-03
   8.334161167859936e-03   8.334161167859875e-03   8.334161167859892e-03
   8.314226414261617e-03   8.314226414261713e-03   8.314226414261624e-03

 Column 4:

   8.291090270728753e-03
   8.341897000847361e-03
   8.342071150828061e-03
   8.342054300432439e-03
   8.334161167859863e-03
   8.314226414261624e-03

ans = 5.821697151148209e-21
ans = 1.234378363658155e-20
ans = 1.234210342596230e-20
ans = 1.573276845560545e-20
dkps =

 Columns 1 through 3:

   1.338993441678742e+00   2.630487542671472e+00   1.049595611427114e+03

 Columns 4 through 6:

   3.420413692941626e+00   3.190283508258412e+01   3.125534197605995e+00

nbcr = 5
lambda0 = 3.501084296647659
kmpl_prod = 0.180000000000000
 Time :      1.00000
 Time :      2.00000
 Time :      3.01000
 Time :      4.01000
 Time :      5.01000
 Time :      6.01000
 Time :      7.01000
 Time :      8.01000
 Time :      9.01000
 Time :     10.01000
 Time :     11.01000
 Time :     12.01000
 Time :     13.01000
 Time :     14.01000
 Time :     15.01000
 Time :     16.01000
 Time :     17.01000
 Time :     18.00000
 Time :     19.00000
 Time :     20.00000
 Time :     21.00000
 Time :     22.00000
 Time :     23.00000
 Time :     24.00000
 Time :     25.00000
 Time :     26.00000
 Time :     27.00000
 Time :     28.00000
 Time :     29.00000
 Time :     30.00000
 Time :     31.00000
 Time :     32.00000
 Time :     33.00000
 Time :     34.00000
 Time :     35.00000
dtime = 23.20192605257034
mbcr = 7.266866758178456e-05
agsout =

 Columns 1 through 3:

   7.111100327758936e-03   7.111100327758897e-03   7.111100327758857e-03

 Columns 4 and 5:

   7.111100327758871e-03   7.111100327758850e-03

ans = 4.729381795678254e-21
ans = 7.144798390320919e-21
ans = 3.761164395884475e-21
ans = 3.761603835584893e-22
ans = -6.402274543583865e-21
nbcr = 5
lambda0 = 3.501084296647659
kmpl_prod = 0.180000000000000
 Time :      1.00000
 Time :      2.00000
 Time :      3.01000
 Time :      4.01000
 Time :      5.01000
 Time :      6.01000
 Time :      7.01000
 Time :      8.01000
 Time :      9.01000
 Time :     10.01000
 Time :     11.01000
 Time :     12.01000
 Time :     13.01000
 Time :     14.01000
 Time :     15.01000
 Time :     16.01000
 Time :     17.01000
 Time :     18.00000
 Time :     19.00000
 Time :     20.00000
 Time :     21.00000
 Time :     22.00000
 Time :     23.00000
 Time :     24.00000
 Time :     25.00000
 Time :     26.00000
 Time :     27.00000
 Time :     28.00000
 Time :     29.00000
 Time :     30.00000
 Time :     31.00000
 Time :     32.00000
 Time :     33.00000
 Time :     34.00000
 Time :     35.00000
dtime = 22.88732305169106
mbcr =

   7.266866758178456e-05   8.077800495012326e-05

agsout =

 Columns 1 through 3:

   7.111100327758936e-03   7.111100327758897e-03   7.111100327758857e-03
   7.147671157106517e-03   7.147671157106505e-03   7.147671157106517e-03

 Columns 4 and 5:

   7.111100327758871e-03   7.111100327758850e-03
   7.147671157106540e-03   7.147671157106569e-03

ans = 1.109910945923653e-20
ans = -1.935964524892077e-21
ans = -1.934258464878686e-21
ans = -1.936791705504630e-21
ans = -5.323734422391286e-21
nbcr = 5
lambda0 = 3.501084296647659
kmpl_prod = 0.180000000000000
 Time :      1.00000
 Time :      2.00000
 Time :      3.01000
 Time :      4.01000
 Time :      5.01000
 Time :      6.01000
 Time :      7.01000
 Time :      8.01000
 Time :      9.01000
 Time :     10.01000
 Time :     11.01000
 Time :     12.01000
 Time :     13.01000
 Time :     14.01000
 Time :     15.01000
 Time :     16.01000
 Time :     17.01000
 Time :     18.00000
 Time :     19.00000
 Time :     20.00000
 Time :     21.00000
 Time :     22.00000
 Time :     23.00000
 Time :     24.00000
 Time :     25.00000
 Time :     26.00000
 Time :     27.00000
 Time :     28.00000
 Time :     29.00000
 Time :     30.00000
 Time :     31.00000
 Time :     32.00000
 Time :     33.00000
 Time :     34.00000
 Time :     35.00000
dtime = 23.00393879413605
mbcr =

   7.266866758178456e-05   8.077800495012326e-05   2.884487046575994e-02

agsout =

 Columns 1 through 3:

   7.111100327758936e-03   7.111100327758897e-03   7.111100327758857e-03
   7.147671157106517e-03   7.147671157106505e-03   7.147671157106517e-03
   6.684163547043025e-03   6.684163547043079e-03   6.684163547043054e-03

 Columns 4 and 5:

   7.111100327758871e-03   7.111100327758850e-03
   7.147671157106540e-03   7.147671157106569e-03
   6.684163547043109e-03   6.684163547043074e-03

ans = 1.363193649487390e-20
ans = 9.937153343146802e-21
ans = 3.157736139027041e-21
ans = -2.304214993843028e-22
ans = 9.933973867667301e-21
nbcr = 5
lambda0 = 3.501084296647659
kmpl_prod = 0.180000000000000
 Time :      1.00000
 Time :      2.00000
 Time :      3.01000
 Time :      4.01000
 Time :      5.01000
 Time :      6.01000
 Time :      7.01000
 Time :      8.01000
 Time :      9.01000
 Time :     10.01000
 Time :     11.01000
 Time :     12.01000
 Time :     13.01000
 Time :     14.01000
 Time :     15.01000
 Time :     16.01000
 Time :     17.01000
 Time :     18.00000
 Time :     19.00000
 Time :     20.00000
 Time :     21.00000
 Time :     22.00000
 Time :     23.00000
 Time :     24.00000
 Time :     25.00000
 Time :     26.00000
 Time :     27.00000
 Time :     28.00000
 Time :     29.00000
 Time :     30.00000
 Time :     31.00000
 Time :     32.00000
 Time :     33.00000
 Time :     34.00000
 Time :     35.00000
dtime = 22.76795133948326
mbcr =

 Columns 1 through 3:

   7.266866758178456e-05   8.077800495012326e-05   2.884487046575994e-02

 Column 4:

   6.174302639502310e-05

agsout =

 Columns 1 through 3:

   7.111100327758936e-03   7.111100327758897e-03   7.111100327758857e-03
   7.147671157106517e-03   7.147671157106505e-03   7.147671157106517e-03
   6.684163547043025e-03   6.684163547043079e-03   6.684163547043054e-03
   7.148122665775461e-03   7.148122665775538e-03   7.148122665775460e-03

 Columns 4 and 5:

   7.111100327758871e-03   7.111100327758850e-03
   7.147671157106540e-03   7.147671157106569e-03
   6.684163547043109e-03   6.684163547043074e-03
   7.148122665775455e-03   7.148122665775460e-03

ans = 3.771083217362361e-21
ans = 6.161177244418800e-21
ans = 1.293165055816533e-20
ans = 9.543518769148130e-21
ans = 1.293165055816533e-20
nbcr = 5
lambda0 = 3.501084296647659
kmpl_prod = 0.180000000000000
 Time :      1.00000
 Time :      2.00000
 Time :      3.01000
 Time :      4.01000
 Time :      5.01000
 Time :      6.01000
 Time :      7.01000
 Time :      8.01000
 Time :      9.01000
 Time :     10.01000
 Time :     11.01000
 Time :     12.01000
 Time :     13.01000
 Time :     14.01000
 Time :     15.01000
 Time :     16.01000
 Time :     17.01000
 Time :     18.00000
 Time :     19.00000
 Time :     20.00000
 Time :     21.00000
 Time :     22.00000
 Time :     23.00000
 Time :     24.00000
 Time :     25.00000
 Time :     26.00000
 Time :     27.00000
 Time :     28.00000
 Time :     29.00000
 Time :     30.00000
 Time :     31.00000
 Time :     32.00000
 Time :     33.00000
 Time :     34.00000
 Time :     35.00000
dtime = 22.78580479323864
mbcr =

 Columns 1 through 3:

   7.266866758178456e-05   8.077800495012326e-05   2.884487046575994e-02

 Columns 4 and 5:

   6.174302639502310e-05   6.844091868598818e-05

agsout =

 Columns 1 through 3:

   7.111100327758936e-03   7.111100327758897e-03   7.111100327758857e-03
   7.147671157106517e-03   7.147671157106505e-03   7.147671157106517e-03
   6.684163547043025e-03   6.684163547043079e-03   6.684163547043054e-03
   7.148122665775461e-03   7.148122665775538e-03   7.148122665775460e-03
   7.148059228474064e-03   7.148059228474018e-03   7.148059228474002e-03

 Columns 4 and 5:

   7.111100327758871e-03   7.111100327758850e-03
   7.147671157106540e-03   7.147671157106569e-03
   6.684163547043109e-03   6.684163547043074e-03
   7.148122665775455e-03   7.148122665775460e-03
   7.148059228474017e-03   7.148059228473994e-03

ans = 5.754281931225137e-21
ans = 1.114755122385916e-21
ans = 7.891225495573457e-21
ans = 1.121579362439479e-21
ans = 1.114083038138217e-21
nbcr = 5
lambda0 = 3.501084296647659
kmpl_prod = 0.180000000000000
 Time :      1.00000
 Time :      2.00000
 Time :      3.01000
 Time :      4.01000
 Time :      5.01000
 Time :      6.01000
 Time :      7.01000
 Time :      8.01000
 Time :      9.01000
 Time :     10.01000
 Time :     11.01000
 Time :     12.01000
 Time :     13.01000
 Time :     14.01000
 Time :     15.01000
 Time :     16.01000
 Time :     17.01000
 Time :     18.00000
 Time :     19.00000
 Time :     20.00000
 Time :     21.00000
 Time :     22.00000
 Time :     23.00000
 Time :     24.00000
 Time :     25.00000
 Time :     26.00000
 Time :     27.00000
 Time :     28.00000
 Time :     29.00000
 Time :     30.00000
 Time :     31.00000
 Time :     32.00000
 Time :     33.00000
 Time :     34.00000
 Time :     35.00000
dtime = 22.74807617068291
mbcr =

 Columns 1 through 3:

   7.266866758178456e-05   8.077800495012326e-05   2.884487046575994e-02

 Columns 4 through 6:

   6.174302639502310e-05   6.844091868598818e-05   2.245651404642628e-04

agsout =

 Columns 1 through 3:

   7.111100327758936e-03   7.111100327758897e-03   7.111100327758857e-03
   7.147671157106517e-03   7.147671157106505e-03   7.147671157106517e-03
   6.684163547043025e-03   6.684163547043079e-03   6.684163547043054e-03
   7.148122665775461e-03   7.148122665775538e-03   7.148122665775460e-03
   7.148059228474064e-03   7.148059228474018e-03   7.148059228474002e-03
   7.145868980618496e-03   7.145868980618561e-03   7.145868980618562e-03

 Columns 4 and 5:

   7.111100327758871e-03   7.111100327758850e-03
   7.147671157106540e-03   7.147671157106569e-03
   6.684163547043109e-03   6.684163547043074e-03
   7.148122665775455e-03   7.148122665775460e-03
   7.148059228474017e-03   7.148059228473994e-03
   7.145868980618584e-03   7.145868980618537e-03

ans = 9.201557134039880e-21
ans = -1.011279997634361e-21
ans = -4.400626708176250e-21
ans = -1.014692117661142e-21
ans = -1.015183256149845e-21
dkps =

 Columns 1 through 3:

   4.745277394598274e+00   1.607529350094392e+01   2.560834330273062e+00

 Columns 4 through 6:

   4.590535090828238e+00   3.006668048658159e+01   2.173558033668507e+02

nbcr = 7
lambda0 = 3.501084296647659
kmpl_prod = 0.180000000000000
 Time :      1.00000
 Time :      2.00000
 Time :      3.01000
 Time :      4.01000
 Time :      5.01000
 Time :      6.01000
 Time :      7.01000
 Time :      8.01000
 Time :      9.01000
 Time :     10.01000
 Time :     11.01000
 Time :     12.01000
 Time :     13.01000
 Time :     14.01000
 Time :     15.01000
 Time :     16.01000
 Time :     17.01000
 Time :     18.00000
 Time :     19.00000
 Time :     20.00000
 Time :     21.00000
 Time :     22.00000
 Time :     23.00000
 Time :     24.00000
 Time :     25.00000
 Time :     26.00000
 Time :     27.00000
 Time :     28.00000
 Time :     29.00000
 Time :     30.00000
 Time :     31.00000
 Time :     32.00000
 Time :     33.00000
 Time :     34.00000
 Time :     35.00000
dtime = 32.29927159845829
mbcr = 6.269623841547388e-05
agsout =

 Columns 1 through 3:

   5.949902971037140e-03   5.949902971037159e-03   5.949902971037083e-03

 Columns 4 through 6:

   5.949902971037069e-03   5.949902971037154e-03   5.949902971037087e-03

 Column 7:

   5.949902971037084e-03

ans = 3.806544263167812e-21
ans = -1.026686236543161e-21
ans = -1.024101297128933e-21
ans = -4.398998196345286e-21
ans = -4.417041073456599e-21
ans = 2.371061527094969e-21
ans = -4.400083870899262e-21
nbcr = 7
lambda0 = 3.501084296647659
kmpl_prod = 0.180000000000000
 Time :      1.00000
 Time :      2.00000
 Time :      3.01000
 Time :      4.01000
 Time :      5.01000
 Time :      6.01000
 Time :      7.01000
 Time :      8.01000
 Time :      9.01000
 Time :     10.01000
 Time :     11.01000
 Time :     12.01000
 Time :     13.01000
 Time :     14.01000
 Time :     15.01000
 Time :     16.01000
 Time :     17.01000
 Time :     18.00000
 Time :     19.00000
 Time :     20.00000
 Time :     21.00000
 Time :     22.00000
 Time :     23.00000
 Time :     24.00000
 Time :     25.00000
 Time :     26.00000
 Time :     27.00000
 Time :     28.00000
 Time :     29.00000
 Time :     30.00000
 Time :     31.00000
 Time :     32.00000
 Time :     33.00000
 Time :     34.00000
 Time :     35.00000
dtime = 32.30519592761993
mbcr =

   6.269623841547388e-05   5.211544072975902e-05

agsout =

 Columns 1 through 3:

   5.949902971037140e-03   5.949902971037159e-03   5.949902971037083e-03
   5.969536959384413e-03   5.969536959384471e-03   5.969536959384428e-03

 Columns 4 through 6:

   5.949902971037069e-03   5.949902971037154e-03   5.949902971037087e-03
   5.969536959384471e-03   5.969536959384413e-03   5.969536959384421e-03

 Column 7:

   5.949902971037084e-03
   5.969536959384473e-03

ans = 4.148685588168497e-21
ans = 9.955170370863973e-21
ans = -2.189443683851295e-22
ans = 3.159106156916582e-21
ans = 6.561817004230030e-21
ans = -2.170315132186006e-22
ans = 3.162569975731648e-21
nbcr = 7
lambda0 = 3.501084296647659
kmpl_prod = 0.180000000000000
 Time :      1.00000
 Time :      2.00000
 Time :      3.01000
 Time :      4.01000
 Time :      5.01000
 Time :      6.01000
 Time :      7.01000
 Time :      8.01000
 Time :      9.01000
 Time :     10.01000
 Time :     11.01000
 Time :     12.01000
 Time :     13.01000
 Time :     14.01000
 Time :     15.01000
 Time :     16.01000
 Time :     17.01000
 Time :     18.00000
 Time :     19.00000
 Time :     20.00000
 Time :     21.00000
 Time :     22.00000
 Time :     23.00000
 Time :     24.00000
 Time :     25.00000
 Time :     26.00000
 Time :     27.00000
 Time :     28.00000
 Time :     29.00000
 Time :     30.00000
 Time :     31.00000
 Time :     32.00000
 Time :     33.00000
 Time :     34.00000
 Time :     35.00000
dtime = 32.37330056726933
mbcr =

   6.269623841547388e-05   5.211544072975902e-05   7.354541105773928e-05

agsout =

 Columns 1 through 3:

   5.949902971037140e-03   5.949902971037159e-03   5.949902971037083e-03
   5.969536959384413e-03   5.969536959384471e-03   5.969536959384428e-03
   5.969796184990923e-03   5.969796184990992e-03   5.969796184990896e-03

 Columns 4 through 6:

   5.949902971037069e-03   5.949902971037154e-03   5.949902971037087e-03
   5.969536959384471e-03   5.969536959384413e-03   5.969536959384421e-03
   5.969796184990893e-03   5.969796184990895e-03   5.969796184990994e-03

 Column 7:

   5.949902971037084e-03
   5.969536959384473e-03
   5.969796184990888e-03

ans = 6.716706573930585e-22
ans = 7.797676538172538e-21
ans = 4.406080930340271e-21
ans = 1.015932888579972e-21
ans = 4.402617111525205e-21
ans = 1.118601512234288e-20
ans = 4.407993785506800e-21
nbcr = 7
lambda0 = 3.501084296647659
kmpl_prod = 0.180000000000000
 Time :      1.00000
 Time :      2.00000
 Time :      3.01000
 Time :      4.01000
 Time :      5.01000
 Time :      6.01000
 Time :      7.01000
 Time :      8.01000
 Time :      9.01000
 Time :     10.01000
 Time :     11.01000
 Time :     12.01000
 Time :     13.01000
 Time :     14.01000
 Time :     15.01000
 Time :     16.01000
 Time :     17.01000
 Time :     18.00000
 Time :     19.00000
 Time :     20.00000
 Time :     21.00000
 Time :     22.00000
 Time :     23.00000
 Time :     24.00000
 Time :     25.00000
 Time :     26.00000
 Time :     27.00000
 Time :     28.00000
 Time :     29.00000
 Time :     30.00000
 Time :     31.00000
 Time :     32.00000
 Time :     33.00000
 Time :     34.00000
 Time :     35.00000
dtime = 32.28092528879642
mbcr =

 Columns 1 through 3:

   6.269623841547388e-05   5.211544072975902e-05   7.354541105773928e-05

 Column 4:

   3.082785998953059e-02

agsout =

 Columns 1 through 3:

   5.949902971037140e-03   5.949902971037159e-03   5.949902971037083e-03
   5.969536959384413e-03   5.969536959384471e-03   5.969536959384428e-03
   5.969796184990923e-03   5.969796184990992e-03   5.969796184990896e-03
   5.525104882400661e-03   5.525104882400669e-03   5.525104882400626e-03

 Columns 4 through 6:

   5.949902971037069e-03   5.949902971037154e-03   5.949902971037087e-03
   5.969536959384471e-03   5.969536959384413e-03   5.969536959384421e-03
   5.969796184990893e-03   5.969796184990895e-03   5.969796184990994e-03
   5.525104882400654e-03   5.525104882400657e-03   5.525104882400717e-03

 Column 7:

   5.949902971037084e-03
   5.969536959384473e-03
   5.969796184990888e-03
   5.525104882400647e-03

ans = -7.146840492458159e-22
ans = -6.321314241130237e-21
ans = -6.326225626017271e-21
ans = -2.930390717545670e-21
ans = -9.710014716818569e-21
ans = 4.532949756790592e-22
ans = -2.929615235721401e-21
nbcr = 7
lambda0 = 3.501084296647659
kmpl_prod = 0.180000000000000
 Time :      1.00000
 Time :      2.00000
 Time :      3.01000
 Time :      4.01000
 Time :      5.01000
 Time :      6.01000
 Time :      7.01000
 Time :      8.01000
 Time :      9.01000
 Time :     10.01000
 Time :     11.01000
 Time :     12.01000
 Time :     13.01000
 Time :     14.01000
 Time :     15.01000
 Time :     16.01000
 Time :     17.01000
 Time :     18.00000
 Time :     19.00000
 Time :     20.00000
 Time :     21.00000
 Time :     22.00000
 Time :     23.00000
 Time :     24.00000
 Time :     25.00000
 Time :     26.00000
 Time :     27.00000
 Time :     28.00000
 Time :     29.00000
 Time :     30.00000
 Time :     31.00000
 Time :     32.00000
 Time :     33.00000
 Time :     34.00000
 Time :     35.00000
dtime = 32.05015808343887
mbcr =

 Columns 1 through 3:

   6.269623841547388e-05   5.211544072975902e-05   7.354541105773928e-05

 Columns 4 and 5:

   3.082785998953059e-02   5.232543269001075e-02

agsout =

 Columns 1 through 3:

   5.949902971037140e-03   5.949902971037159e-03   5.949902971037083e-03
   5.969536959384413e-03   5.969536959384471e-03   5.969536959384428e-03
   5.969796184990923e-03   5.969796184990992e-03   5.969796184990896e-03
   5.525104882400661e-03   5.525104882400669e-03   5.525104882400626e-03
   5.205626572120712e-03   5.205626572120744e-03   5.205626572120764e-03

 Columns 4 through 6:

   5.949902971037069e-03   5.949902971037154e-03   5.949902971037087e-03
   5.969536959384471e-03   5.969536959384413e-03   5.969536959384421e-03
   5.969796184990893e-03   5.969796184990895e-03   5.969796184990994e-03
   5.525104882400654e-03   5.525104882400657e-03   5.525104882400717e-03
   5.205626572120799e-03   5.205626572120747e-03   5.205626572120763e-03

 Column 7:

   5.949902971037084e-03
   5.969536959384473e-03
   5.969796184990888e-03
   5.525104882400647e-03
   5.205626572120718e-03

ans = -8.424007358240034e-21
ans = 2.729902816578130e-21
ans = 9.516040863174884e-21
ans = 9.510715887981574e-21
ans = 1.289703821940882e-20
ans = 6.124445255342617e-21
ans = 2.733470032969765e-21
nbcr = 7
lambda0 = 3.501084296647659
kmpl_prod = 0.180000000000000
 Time :      1.00000
 Time :      2.00000
 Time :      3.01000
 Time :      4.01000
 Time :      5.01000
 Time :      6.01000
 Time :      7.01000
 Time :      8.01000
 Time :      9.01000
 Time :     10.01000
 Time :     11.01000
 Time :     12.01000
 Time :     13.01000
 Time :     14.01000
 Time :     15.01000
 Time :     16.01000
 Time :     17.01000
 Time :     18.00000
 Time :     19.00000
 Time :     20.00000
 Time :     21.00000
 Time :     22.00000
 Time :     23.00000
 Time :     24.00000
 Time :     25.00000
 Time :     26.00000
 Time :     27.00000
 Time :     28.00000
 Time :     29.00000
 Time :     30.00000
 Time :     31.00000
 Time :     32.00000
 Time :     33.00000
 Time :     34.00000
 Time :     35.00000
dtime = 32.02195465564728
mbcr =

 Columns 1 through 3:

   6.269623841547388e-05   5.211544072975902e-05   7.354541105773928e-05

 Columns 4 through 6:

   3.082785998953059e-02   5.232543269001075e-02   2.112273763879839e-03

agsout =

 Columns 1 through 3:

   5.949902971037140e-03   5.949902971037159e-03   5.949902971037083e-03
   5.969536959384413e-03   5.969536959384471e-03   5.969536959384428e-03
   5.969796184990923e-03   5.969796184990992e-03   5.969796184990896e-03
   5.525104882400661e-03   5.525104882400669e-03   5.525104882400626e-03
   5.205626572120712e-03   5.205626572120744e-03   5.205626572120764e-03
   5.945180595835035e-03   5.945180595835011e-03   5.945180595834950e-03

 Columns 4 through 6:

   5.949902971037069e-03   5.949902971037154e-03   5.949902971037087e-03
   5.969536959384471e-03   5.969536959384413e-03   5.969536959384421e-03
   5.969796184990893e-03   5.969796184990895e-03   5.969796184990994e-03
   5.525104882400654e-03   5.525104882400657e-03   5.525104882400717e-03
   5.205626572120799e-03   5.205626572120747e-03   5.205626572120763e-03
   5.945180595834974e-03   5.945180595834965e-03   5.945180595834934e-03

 Column 7:

   5.949902971037084e-03
   5.969536959384473e-03
   5.969796184990888e-03
   5.525104882400647e-03
   5.205626572120718e-03
   5.945180595834975e-03

ans = -1.301982284158466e-21
ans = 1.127219700241325e-20
ans = 1.466048388779530e-20
ans = 7.889441887377640e-21
ans = 1.466146616477271e-20
ans = 1.466032879143045e-20
ans = 1.466131106840785e-20
dkps =

 Columns 1 through 3:

   2.790439412113111e+01   6.884317879557776e-01   5.332636904392430e+00

 Columns 4 through 6:

   1.311561789364111e+00   5.547279185773678e+00   5.569056815883348e+00

nbcr = 10
lambda0 = 3.501084296647659
kmpl_prod = 0.180000000000000
 Time :      1.00000
 Time :      2.00000
 Time :      3.01000
 Time :      4.01000
 Time :      5.01000
 Time :      6.01000
 Time :      7.01000
 Time :      8.01000
 Time :      9.01000
 Time :     10.01000
 Time :     11.01000
 Time :     12.01000
 Time :     13.01000
 Time :     14.01000
 Time :     15.01000
 Time :     16.01000
 Time :     17.01000
 Time :     18.00000
 Time :     19.00000
 Time :     20.00000
 Time :     21.00000
 Time :     22.00000
 Time :     23.00000
 Time :     24.00000
 Time :     25.00000
 Time :     26.00000
 Time :     27.00000
 Time :     28.00000
 Time :     29.00000
 Time :     30.00000
 Time :     31.00000
 Time :     32.00000
 Time :     33.00000
 Time :     34.00000
 Time :     35.00000
dtime = 46.87310121953487
mbcr = 5.532716356491374e-05
agsout =

 Columns 1 through 3:

   5.182678749025805e-03   5.182678749025849e-03   5.182678749025806e-03

 Columns 4 through 6:

   5.182678749025835e-03   5.182678749025827e-03   5.182678749025845e-03

 Columns 7 through 9:

   5.182678749025842e-03   5.182678749025831e-03   5.182678749025833e-03

 Column 10:

   5.182678749025830e-03

ans = 1.069399627749107e-21
ans = 3.675473654302809e-21
ans = 7.060193323293229e-21
ans = 3.666167872411588e-21
ans = 2.834127573759811e-22
ans = 3.661101391159700e-21
ans = 2.871350701324697e-22
ans = 3.662962547537945e-21
ans = 3.664616908763051e-21
ans = 3.662962547537945e-21
nbcr = 10
lambda0 = 3.501084296647659
kmpl_prod = 0.180000000000000
 Time :      1.00000
 Time :      2.00000
 Time :      3.01000
 Time :      4.01000
 Time :      5.01000
 Time :      6.01000
 Time :      7.01000
 Time :      8.01000
 Time :      9.01000
 Time :     10.01000
 Time :     11.01000
 Time :     12.01000
 Time :     13.01000
 Time :     14.01000
 Time :     15.01000
 Time :     16.01000
 Time :     17.01000
 Time :     18.00000
 Time :     19.00000
 Time :     20.00000
 Time :     21.00000
 Time :     22.00000
 Time :     23.00000
 Time :     24.00000
 Time :     25.00000
 Time :     26.00000
 Time :     27.00000
 Time :     28.00000
 Time :     29.00000
 Time :     30.00000
 Time :     31.00000
 Time :     32.00000
 Time :     33.00000
 Time :     34.00000
 Time :     35.00000
dtime = 46.43648117780685
mbcr =

   5.532716356491374e-05   4.351931414529230e-05

agsout =

 Columns 1 through 3:

   5.182678749025805e-03   5.182678749025849e-03   5.182678749025806e-03
   5.187041100155762e-03   5.187041100155837e-03   5.187041100155864e-03

 Columns 4 through 6:

   5.182678749025835e-03   5.182678749025827e-03   5.182678749025845e-03
   5.187041100155780e-03   5.187041100155830e-03   5.187041100155866e-03

 Columns 7 through 9:

   5.182678749025842e-03   5.182678749025831e-03   5.182678749025833e-03
   5.187041100155826e-03   5.187041100155772e-03   5.187041100155827e-03

 Column 10:

   5.182678749025830e-03
   5.187041100155824e-03

ans = 3.595810668317698e-21
ans = 5.297368040366158e-21
ans = 1.907685287700420e-21
ans = 1.907788685276989e-21
ans = 5.300986955546078e-21
ans = 1.915129913213397e-21
ans = 5.302537919194615e-21
ans = -1.476827586136862e-21
ans = 5.302537919194615e-21
ans = 1.905927528898745e-21
nbcr = 10
lambda0 = 3.501084296647659
kmpl_prod = 0.180000000000000
 Time :      1.00000
 Time :      2.00000
 Time :      3.01000
 Time :      4.01000
 Time :      5.01000
 Time :      6.01000
 Time :      7.01000
 Time :      8.01000
 Time :      9.01000
 Time :     10.01000
 Time :     11.01000
 Time :     12.01000
 Time :     13.01000
 Time :     14.01000
 Time :     15.01000
 Time :     16.01000
 Time :     17.01000
 Time :     18.00000
 Time :     19.00000
 Time :     20.00000
 Time :     21.00000
 Time :     22.00000
 Time :     23.00000
 Time :     24.00000
 Time :     25.00000
 Time :     26.00000
 Time :     27.00000
 Time :     28.00000
 Time :     29.00000
 Time :     30.00000
 Time :     31.00000
 Time :     32.00000
 Time :     33.00000
 Time :     34.00000
 Time :     35.00000
dtime = 46.05702236294746
mbcr =

   5.532716356491374e-05   4.351931414529230e-05   1.000423357665868e-04

agsout =

 Columns 1 through 3:

   5.182678749025805e-03   5.182678749025849e-03   5.182678749025806e-03
   5.187041100155762e-03   5.187041100155837e-03   5.187041100155864e-03
   5.187395676677105e-03   5.187395676677187e-03   5.187395676677086e-03

 Columns 4 through 6:

   5.182678749025835e-03   5.182678749025827e-03   5.182678749025845e-03
   5.187041100155780e-03   5.187041100155830e-03   5.187041100155866e-03
   5.187395676677138e-03   5.187395676677085e-03   5.187395676677180e-03

 Columns 7 through 9:

   5.182678749025842e-03   5.182678749025831e-03   5.182678749025833e-03
   5.187041100155826e-03   5.187041100155772e-03   5.187041100155827e-03
   5.187395676677172e-03   5.187395676677090e-03   5.187395676677149e-03

 Column 10:

   5.182678749025830e-03
   5.187041100155824e-03
   5.187395676677128e-03

ans = -1.826414792517085e-21
ans = -4.163200022979388e-21
ans = -4.163096625402819e-21
ans = -7.676236084492097e-22
ans = -4.162993227826250e-21
ans = -4.163096625402819e-21
ans = -7.717595115119748e-22
ans = -7.627639223504606e-22
ans = 2.618543626613178e-21
ans = -7.678304036023479e-22
nbcr = 10
lambda0 = 3.501084296647659
kmpl_prod = 0.180000000000000
 Time :      1.00000
 Time :      2.00000
 Time :      3.01000
 Time :      4.01000
 Time :      5.01000
 Time :      6.01000
 Time :      7.01000
 Time :      8.01000
 Time :      9.01000
 Time :     10.01000
 Time :     11.01000
 Time :     12.01000
 Time :     13.01000
 Time :     14.01000
 Time :     15.01000
 Time :     16.01000
 Time :     17.01000
 Time :     18.00000
 Time :     19.00000
 Time :     20.00000
 Time :     21.00000
 Time :     22.00000
 Time :     23.00000
 Time :     24.00000
 Time :     25.00000
 Time :     26.00000
 Time :     27.00000
 Time :     28.00000
 Time :     29.00000
 Time :     30.00000
 Time :     31.00000
 Time :     32.00000
 Time :     33.00000
 Time :     34.00000
 Time :     35.00000
dtime = 46.29006274044514
mbcr =

 Columns 1 through 3:

   5.532716356491374e-05   4.351931414529230e-05   1.000423357665868e-04

 Column 4:

   3.223655231232625e-02

agsout =

 Columns 1 through 3:

   5.182678749025805e-03   5.182678749025849e-03   5.182678749025806e-03
   5.187041100155762e-03   5.187041100155837e-03   5.187041100155864e-03
   5.187395676677105e-03   5.187395676677187e-03   5.187395676677086e-03
   4.757997184789798e-03   4.757997184789783e-03   4.757997184789826e-03

 Columns 4 through 6:

   5.182678749025835e-03   5.182678749025827e-03   5.182678749025845e-03
   5.187041100155780e-03   5.187041100155830e-03   5.187041100155866e-03
   5.187395676677138e-03   5.187395676677085e-03   5.187395676677180e-03
   4.757997184789848e-03   4.757997184789798e-03   4.757997184789812e-03

 Columns 7 through 9:

   5.182678749025842e-03   5.182678749025831e-03   5.182678749025833e-03
   5.187041100155826e-03   5.187041100155772e-03   5.187041100155827e-03
   5.187395676677172e-03   5.187395676677090e-03   5.187395676677149e-03
   4.757997184789753e-03   4.757997184789748e-03   4.757997184789742e-03

 Column 10:

   5.182678749025830e-03
   5.187041100155824e-03
   5.187395676677128e-03
   4.757997184789751e-03

ans = 4.473392752686774e-21
ans = 9.077480042156926e-21
ans = 9.097022184128491e-21
ans = 9.097022184128491e-21
ans = 5.697723456841824e-21
ans = 9.099296930813012e-21
ans = 5.704547696895386e-21
ans = 2.316519305454754e-21
ans = 9.094954232597108e-21
ans = 9.093093076218864e-21
nbcr = 10
lambda0 = 3.501084296647659
kmpl_prod = 0.180000000000000
 Time :      1.00000
 Time :      2.00000
 Time :      3.01000
 Time :      4.01000
 Time :      5.01000
 Time :      6.01000
 Time :      7.01000
 Time :      8.01000
 Time :      9.01000
 Time :     10.01000
 Time :     11.01000
 Time :     12.01000
 Time :     13.01000
 Time :     14.01000
 Time :     15.01000
 Time :     16.01000
 Time :     17.01000
 Time :     18.00000
 Time :     19.00000
 Time :     20.00000
 Time :     21.00000
 Time :     22.00000
 Time :     23.00000
 Time :     24.00000
 Time :     25.00000
 Time :     26.00000
 Time :     27.00000
 Time :     28.00000
 Time :     29.00000
 Time :     30.00000
 Time :     31.00000
 Time :     32.00000
 Time :     33.00000
 Time :     34.00000
 Time :     35.00000
dtime = 46.41092307865620
mbcr =

 Columns 1 through 3:

   5.532716356491374e-05   4.351931414529230e-05   1.000423357665868e-04

 Columns 4 and 5:

   3.223655231232625e-02   1.151918019400979e-01

agsout =

 Columns 1 through 3:

   5.182678749025805e-03   5.182678749025849e-03   5.182678749025806e-03
   5.187041100155762e-03   5.187041100155837e-03   5.187041100155864e-03
   5.187395676677105e-03   5.187395676677187e-03   5.187395676677086e-03
   4.757997184789798e-03   4.757997184789783e-03   4.757997184789826e-03
   3.392148426013336e-03   3.392148426013369e-03   3.392148426013371e-03

 Columns 4 through 6:

   5.182678749025835e-03   5.182678749025827e-03   5.182678749025845e-03
   5.187041100155780e-03   5.187041100155830e-03   5.187041100155866e-03
   5.187395676677138e-03   5.187395676677085e-03   5.187395676677180e-03
   4.757997184789848e-03   4.757997184789798e-03   4.757997184789812e-03
   3.392148426013302e-03   3.392148426013313e-03   3.392148426013288e-03

 Columns 7 through 9:

   5.182678749025842e-03   5.182678749025831e-03   5.182678749025833e-03
   5.187041100155826e-03   5.187041100155772e-03   5.187041100155827e-03
   5.187395676677172e-03   5.187395676677090e-03   5.187395676677149e-03
   4.757997184789753e-03   4.757997184789748e-03   4.757997184789742e-03
   3.392148426013300e-03   3.392148426013296e-03   3.392148426013298e-03

 Column 10:

   5.182678749025830e-03
   5.187041100155824e-03
   5.187395676677128e-03
   4.757997184789751e-03
   3.392148426013357e-03

ans = 5.929230630780102e-21
ans = -8.532988403943895e-21
ans = -5.130174159053878e-21
ans = -1.748039429477686e-21
ans = -5.135550833035472e-21
ans = -5.132759098468106e-21
ans = -1.746385068252580e-21
ans = 1.640402552269223e-21
ans = -5.138032374873131e-21
ans = 5.030292100088100e-21
nbcr = 10
lambda0 = 3.501084296647659
kmpl_prod = 0.180000000000000
 Time :      1.00000
 Time :      2.00000
 Time :      3.01000
 Time :      4.01000
 Time :      5.01000
 Time :      6.01000
 Time :      7.01000
 Time :      8.01000
 Time :      9.01000
 Time :     10.01000
 Time :     11.01000
 Time :     12.01000
 Time :     13.01000
 Time :     14.01000
 Time :     15.01000
 Time :     16.01000
 Time :     17.01000
 Time :     18.00000
 Time :     19.00000
 Time :     20.00000
 Time :     21.00000
 Time :     22.00000
 Time :     23.00000
 Time :     24.00000
 Time :     25.00000
 Time :     26.00000
 Time :     27.00000
 Time :     28.00000
 Time :     29.00000
 Time :     30.00000
 Time :     31.00000
 Time :     32.00000
 Time :     33.00000
 Time :     34.00000
 Time :     35.00000
dtime = 46.79076410830021
mbcr =

 Columns 1 through 3:

   5.532716356491374e-05   4.351931414529230e-05   1.000423357665868e-04

 Columns 4 through 6:

   3.223655231232625e-02   1.151918019400979e-01   5.500147329796155e-02

agsout =

 Columns 1 through 3:

   5.182678749025805e-03   5.182678749025849e-03   5.182678749025806e-03
   5.187041100155762e-03   5.187041100155837e-03   5.187041100155864e-03
   5.187395676677105e-03   5.187395676677187e-03   5.187395676677086e-03
   4.757997184789798e-03   4.757997184789783e-03   4.757997184789826e-03
   3.392148426013336e-03   3.392148426013369e-03   3.392148426013371e-03
   4.439108148788856e-03   4.439108148789049e-03   4.439108148788867e-03

 Columns 4 through 6:

   5.182678749025835e-03   5.182678749025827e-03   5.182678749025845e-03
   5.187041100155780e-03   5.187041100155830e-03   5.187041100155866e-03
   5.187395676677138e-03   5.187395676677085e-03   5.187395676677180e-03
   4.757997184789848e-03   4.757997184789798e-03   4.757997184789812e-03
   3.392148426013302e-03   3.392148426013313e-03   3.392148426013288e-03
   4.439108148788860e-03   4.439108148789016e-03   4.439108148789027e-03

 Columns 7 through 9:

   5.182678749025842e-03   5.182678749025831e-03   5.182678749025833e-03
   5.187041100155826e-03   5.187041100155772e-03   5.187041100155827e-03
   5.187395676677172e-03   5.187395676677090e-03   5.187395676677149e-03
   4.757997184789753e-03   4.757997184789748e-03   4.757997184789742e-03
   3.392148426013300e-03   3.392148426013296e-03   3.392148426013298e-03
   4.439108148789052e-03   4.439108148789049e-03   4.439108148789027e-03

 Column 10:

   5.182678749025830e-03
   5.187041100155824e-03
   5.187395676677128e-03
   4.757997184789751e-03
   3.392148426013357e-03
   4.439108148788882e-03

ans = 8.337980574534519e-22
ans = -8.143489733007988e-21
ans = -8.164582838628091e-21
ans = -1.377876105360206e-21
ans = -8.136768890530995e-21
ans = -8.140077612981207e-21
ans = 2.014081393990053e-21
ans = -4.755874931873633e-21
ans = -4.757012305215893e-21
ans = -4.774589893232645e-21
dkps =

 Columns 1 through 3:

   2.306141857756543e+01   4.020920241121120e+00   2.511821103688042e+00

 Columns 4 through 6:

   3.691834567856003e+00   5.943686142944901e-01   1.086347415375042e+01

nbcr = 15
lambda0 = 3.501084296647659
kmpl_prod = 0.180000000000000
 Time :      1.00000
 Time :      2.00000
 Time :      3.01000
 Time :      4.01000
 Time :      5.01000
 Time :      6.01000
 Time :      7.01000
 Time :      8.01000
 Time :      9.01000
 Time :     10.01000
 Time :     11.01000
 Time :     12.01000
 Time :     13.01000
 Time :     14.01000
 Time :     15.01000
 Time :     16.01000
 Time :     17.01000
 Time :     18.00000
 Time :     19.00000
 Time :     20.00000
 Time :     21.00000
 Time :     22.00000
 Time :     23.00000
 Time :     24.00000
 Time :     25.00000
 Time :     26.00000
 Time :     27.00000
 Time :     28.00000
 Time :     29.00000
 Time :     30.00000
 Time :     31.00000
 Time :     32.00000
 Time :     33.00000
 Time :     34.00000
 Time :     35.00000
dtime = 72.51005731523037
mbcr = 4.923333966405576e-05
agsout =

 Columns 1 through 3:

   4.635345153328662e-03   4.635345153328671e-03   4.635345153328638e-03

 Columns 4 through 6:

   4.635345153328734e-03   4.635345153328654e-03   4.635345153328732e-03

 Columns 7 through 9:

   4.635345153328728e-03   4.635345153328660e-03   4.635345153328740e-03

 Columns 10 through 12:

   4.635345153328637e-03   4.635345153328732e-03   4.635345153328672e-03

 Columns 13 through 15:

   4.635345153328670e-03   4.635345153328734e-03   4.635345153328671e-03

ans = -4.280642731540561e-21
ans = -9.367820437163038e-23
ans = 3.279357538466478e-21
ans = 3.278530357853925e-21
ans = 3.282252670610414e-21
ans = 3.285147802754349e-21
ans = -1.062927087130641e-22
ans = -1.062927087130641e-22
ans = -3.497733220180478e-21
ans = -3.511588495440741e-21
ans = -1.062927087130641e-22
ans = 6.675140748149795e-21
ans = -9.740051712811901e-23
ans = -1.005024444251929e-22
ans = -3.489461414054947e-21
nbcr = 15
lambda0 = 3.501084296647659
kmpl_prod = 0.180000000000000
 Time :      1.00000
 Time :      2.00000
 Time :      3.01000
 Time :      4.01000
 Time :      5.01000
 Time :      6.01000
 Time :      7.01000
 Time :      8.01000
 Time :      9.01000
 Time :     10.01000
 Time :     11.01000
 Time :     12.01000
 Time :     13.01000
 Time :     14.01000
 Time :     15.01000
 Time :     16.01000
 Time :     17.01000
 Time :     18.00000
 Time :     19.00000
 Time :     20.00000
 Time :     21.00000
 Time :     22.00000
 Time :     23.00000
 Time :     24.00000
 Time :     25.00000
 Time :     26.00000
 Time :     27.00000
 Time :     28.00000
 Time :     29.00000
 Time :     30.00000
 Time :     31.00000
 Time :     32.00000
 Time :     33.00000
 Time :     34.00000
 Time :     35.00000
dtime = 71.85367383062840
mbcr =

   4.923333966405576e-05   3.893177809349600e-05

agsout =

 Columns 1 through 3:

   4.635345153328662e-03   4.635345153328671e-03   4.635345153328638e-03
   4.624281537286569e-03   4.624281537286580e-03   4.624281537286625e-03

 Columns 4 through 6:

   4.635345153328734e-03   4.635345153328654e-03   4.635345153328732e-03
   4.624281537286566e-03   4.624281537286615e-03   4.624281537286610e-03

 Columns 7 through 9:

   4.635345153328728e-03   4.635345153328660e-03   4.635345153328740e-03
   4.624281537286603e-03   4.624281537286551e-03   4.624281537286639e-03

 Columns 10 through 12:

   4.635345153328637e-03   4.635345153328732e-03   4.635345153328672e-03
   4.624281537286626e-03   4.624281537286589e-03   4.624281537286601e-03

 Columns 13 through 15:

   4.635345153328670e-03   4.635345153328734e-03   4.635345153328671e-03
   4.624281537286585e-03   4.624281537286586e-03   4.624281537286590e-03

ans = 2.608102541350712e-21
ans = -7.912809739682263e-21
ans = -4.508961519026554e-21
ans = -7.901229211106520e-21
ans = -7.890269067990193e-21
ans = -7.896059332278064e-21
ans = -4.517026529998946e-21
ans = -4.516819734845808e-21
ans = -4.518680891224052e-21
ans = -1.116073441487173e-21
ans = -7.908673836619498e-21
ans = -4.507513952954586e-21
ans = -7.905158319016147e-21
ans = -7.904744728709871e-21
ans = -1.119795754243661e-21
nbcr = 15
lambda0 = 3.501084296647659
kmpl_prod = 0.180000000000000
 Time :      1.00000
 Time :      2.00000
 Time :      3.01000
 Time :      4.01000
 Time :      5.01000
 Time :      6.01000
 Time :      7.01000
 Time :      8.01000
 Time :      9.01000
 Time :     10.01000
 Time :     11.01000
 Time :     12.01000
 Time :     13.01000
 Time :     14.01000
 Time :     15.01000
 Time :     16.01000
 Time :     17.01000
 Time :     18.00000
 Time :     19.00000
 Time :     20.00000
 Time :     21.00000
 Time :     22.00000
 Time :     23.00000
 Time :     24.00000
 Time :     25.00000
 Time :     26.00000
 Time :     27.00000
 Time :     28.00000
 Time :     29.00000
 Time :     30.00000
 Time :     31.00000
 Time :     32.00000
 Time :     33.00000
 Time :     34.00000
 Time :     35.00000
dtime = 71.59429080784321
mbcr =

   4.923333966405576e-05   3.893177809349600e-05   4.264797744012582e-05

agsout =

 Columns 1 through 3:

   4.635345153328662e-03   4.635345153328671e-03   4.635345153328638e-03
   4.624281537286569e-03   4.624281537286580e-03   4.624281537286625e-03
   4.625341554064235e-03   4.625341554064179e-03   4.625341554064151e-03

 Columns 4 through 6:

   4.635345153328734e-03   4.635345153328654e-03   4.635345153328732e-03
   4.624281537286566e-03   4.624281537286615e-03   4.624281537286610e-03
   4.625341554064245e-03   4.625341554064222e-03   4.625341554064183e-03

 Columns 7 through 9:

   4.635345153328728e-03   4.635345153328660e-03   4.635345153328740e-03
   4.624281537286603e-03   4.624281537286551e-03   4.624281537286639e-03
   4.625341554064246e-03   4.625341554064215e-03   4.625341554064160e-03

 Columns 10 through 12:

   4.635345153328637e-03   4.635345153328732e-03   4.635345153328672e-03
   4.624281537286626e-03   4.624281537286589e-03   4.624281537286601e-03
   4.625341554064157e-03   4.625341554064195e-03   4.625341554064247e-03

 Columns 13 through 15:

   4.635345153328670e-03   4.635345153328734e-03   4.635345153328671e-03
   4.624281537286585e-03   4.624281537286586e-03   4.624281537286590e-03
   4.625341554064240e-03   4.625341554064240e-03   4.625341554064176e-03

ans = -5.219509665209605e-22
ans = -9.032191903619647e-21
ans = -5.664946425069410e-21
ans = -5.644680500061861e-21
ans = -5.669909508744728e-21
ans = -2.273712708755135e-21
ans = -5.644060114602446e-21
ans = -1.242962947452807e-20
ans = -5.642405753377340e-21
ans = 1.137786932566690e-21
ans = -9.040256914592039e-21
ans = -5.637029079395745e-21
ans = 1.132203463431957e-21
ans = 1.132203463431957e-21
ans = -9.045633588573634e-21
nbcr = 15
lambda0 = 3.501084296647659
kmpl_prod = 0.180000000000000
 Time :      1.00000
 Time :      2.00000
 Time :      3.01000
 Time :      4.01000
 Time :      5.01000
 Time :      6.01000
 Time :      7.01000
 Time :      8.01000
 Time :      9.01000
 Time :     10.01000
 Time :     11.01000
 Time :     12.01000
 Time :     13.01000
 Time :     14.01000
 Time :     15.01000
 Time :     16.01000
 Time :     17.01000
 Time :     18.00000
 Time :     19.00000
 Time :     20.00000
 Time :     21.00000
 Time :     22.00000
 Time :     23.00000
 Time :     24.00000
 Time :     25.00000
 Time :     26.00000
 Time :     27.00000
 Time :     28.00000
 Time :     29.00000
 Time :     30.00000
 Time :     31.00000
 Time :     32.00000
 Time :     33.00000
 Time :     34.00000
 Time :     35.00000
dtime = 71.24770246446133
mbcr =

 Columns 1 through 3:

   4.923333966405576e-05   3.893177809349600e-05   4.264797744012582e-05

 Column 4:

   5.126904238920046e-03

agsout =

 Columns 1 through 3:

   4.635345153328662e-03   4.635345153328671e-03   4.635345153328638e-03
   4.624281537286569e-03   4.624281537286580e-03   4.624281537286625e-03
   4.625341554064235e-03   4.625341554064179e-03   4.625341554064151e-03
   4.560623564191001e-03   4.560623564190999e-03   4.560623564190965e-03

 Columns 4 through 6:

   4.635345153328734e-03   4.635345153328654e-03   4.635345153328732e-03
   4.624281537286566e-03   4.624281537286615e-03   4.624281537286610e-03
   4.625341554064245e-03   4.625341554064222e-03   4.625341554064183e-03
   4.560623564190952e-03   4.560623564190965e-03   4.560623564191032e-03

 Columns 7 through 9:

   4.635345153328728e-03   4.635345153328660e-03   4.635345153328740e-03
   4.624281537286603e-03   4.624281537286551e-03   4.624281537286639e-03
   4.625341554064246e-03   4.625341554064215e-03   4.625341554064160e-03
   4.560623564190959e-03   4.560623564190929e-03   4.560623564190932e-03

 Columns 10 through 12:

   4.635345153328637e-03   4.635345153328732e-03   4.635345153328672e-03
   4.624281537286626e-03   4.624281537286589e-03   4.624281537286601e-03
   4.625341554064157e-03   4.625341554064195e-03   4.625341554064247e-03
   4.560623564190961e-03   4.560623564190954e-03   4.560623564191030e-03

 Columns 13 through 15:

   4.635345153328670e-03   4.635345153328734e-03   4.635345153328671e-03
   4.624281537286585e-03   4.624281537286586e-03   4.624281537286590e-03
   4.625341554064240e-03   4.625341554064240e-03   4.625341554064176e-03
   4.560623564191025e-03   4.560623564190937e-03   4.560623564191034e-03

ans = 2.329340604949326e-21
ans = -5.530529575529543e-21
ans = -5.524325720935395e-21
ans = -2.129369691864631e-21
ans = -2.132264824008567e-21
ans = 1.272617372412833e-21
ans = 4.636760923665997e-21
ans = -2.136607522224470e-21
ans = -5.517915071188109e-21
ans = 1.260002868071399e-21
ans = -2.134539570693088e-21
ans = 1.264759156593579e-21
ans = 1.264759156593579e-21
ans = 1.257934916540017e-21
ans = -2.128749306405217e-21
nbcr = 15
lambda0 = 3.501084296647659
kmpl_prod = 0.180000000000000
 Time :      1.00000
 Time :      2.00000
 Time :      3.01000
 Time :      4.01000
 Time :      5.01000
 Time :      6.01000
 Time :      7.01000
 Time :      8.01000
 Time :      9.01000
 Time :     10.01000
 Time :     11.01000
 Time :     12.01000
 Time :     13.01000
 Time :     14.01000
 Time :     15.01000
 Time :     16.01000
 Time :     17.01000
 Time :     18.00000
 Time :     19.00000
 Time :     20.00000
 Time :     21.00000
 Time :     22.00000
 Time :     23.00000
 Time :     24.00000
 Time :     25.00000
 Time :     26.00000
 Time :     27.00000
 Time :     28.00000
 Time :     29.00000
 Time :     30.00000
 Time :     31.00000
 Time :     32.00000
 Time :     33.00000
 Time :     34.00000
 Time :     35.00000
dtime = 71.23408354818821
mbcr =

 Columns 1 through 3:

   4.923333966405576e-05   3.893177809349600e-05   4.264797744012582e-05

 Columns 4 and 5:

   5.126904238920046e-03   6.601602964380346e-02

agsout =

 Columns 1 through 3:

   4.635345153328662e-03   4.635345153328671e-03   4.635345153328638e-03
   4.624281537286569e-03   4.624281537286580e-03   4.624281537286625e-03
   4.625341554064235e-03   4.625341554064179e-03   4.625341554064151e-03
   4.560623564191001e-03   4.560623564190999e-03   4.560623564190965e-03
   3.757130917962409e-03   3.757130917962418e-03   3.757130917962353e-03

 Columns 4 through 6:

   4.635345153328734e-03   4.635345153328654e-03   4.635345153328732e-03
   4.624281537286566e-03   4.624281537286615e-03   4.624281537286610e-03
   4.625341554064245e-03   4.625341554064222e-03   4.625341554064183e-03
   4.560623564190952e-03   4.560623564190965e-03   4.560623564191032e-03
   3.757130917962356e-03   3.757130917962377e-03   3.757130917962358e-03

 Columns 7 through 9:

   4.635345153328728e-03   4.635345153328660e-03   4.635345153328740e-03
   4.624281537286603e-03   4.624281537286551e-03   4.624281537286639e-03
   4.625341554064246e-03   4.625341554064215e-03   4.625341554064160e-03
   4.560623564190959e-03   4.560623564190929e-03   4.560623564190932e-03
   3.757130917962399e-03   3.757130917962438e-03   3.757130917962351e-03

 Columns 10 through 12:

   4.635345153328637e-03   4.635345153328732e-03   4.635345153328672e-03
   4.624281537286626e-03   4.624281537286589e-03   4.624281537286601e-03
   4.625341554064157e-03   4.625341554064195e-03   4.625341554064247e-03
   4.560623564190961e-03   4.560623564190954e-03   4.560623564191030e-03
   3.757130917962384e-03   3.757130917962384e-03   3.757130917962384e-03

 Columns 13 through 15:

   4.635345153328670e-03   4.635345153328734e-03   4.635345153328671e-03
   4.624281537286585e-03   4.624281537286586e-03   4.624281537286590e-03
   4.625341554064240e-03   4.625341554064240e-03   4.625341554064176e-03
   4.560623564191025e-03   4.560623564190937e-03   4.560623564191034e-03
   3.757130917962340e-03   3.757130917962406e-03   3.757130917962408e-03

ans = 1.694065894508601e-21
ans = 4.696938313229229e-21
ans = 4.700247035679442e-21
ans = 4.693422795625879e-21
ans = 4.712034359408322e-21
ans = 8.090239981074887e-21
ans = 1.327004497688195e-21
ans = 1.315423969112452e-21
ans = 1.326797702535056e-21
ans = 1.336930665038831e-21
ans = 1.336930665038831e-21
ans = 1.336930665038831e-21
ans = 4.697972288994921e-21
ans = 1.323695775237983e-21
ans = 4.722580912218373e-21
nbcr = 15
lambda0 = 3.501084296647659
kmpl_prod = 0.180000000000000
 Time :      1.00000
 Time :      2.00000
 Time :      3.01000
 Time :      4.01000
 Time :      5.01000
 Time :      6.01000
 Time :      7.01000
 Time :      8.01000
 Time :      9.01000
 Time :     10.01000
 Time :     11.01000
 Time :     12.01000
 Time :     13.01000
 Time :     14.01000
 Time :     15.01000
 Time :     16.01000
 Time :     17.01000
 Time :     18.00000
 Time :     19.00000
 Time :     20.00000
 Time :     21.00000
 Time :     22.00000
 Time :     23.00000
 Time :     24.00000
 Time :     25.00000
 Time :     26.00000
 Time :     27.00000
 Time :     28.00000
 Time :     29.00000
 Time :     30.00000
 Time :     31.00000
 Time :     32.00000
 Time :     33.00000
 Time :     34.00000
 Time :     35.00000
dtime = 70.75413241982460
mbcr =

 Columns 1 through 3:

   4.923333966405576e-05   3.893177809349600e-05   4.264797744012582e-05

 Columns 4 through 6:

   5.126904238920046e-03   6.601602964380346e-02   1.458732657565652e-01

agsout =

 Columns 1 through 3:

   4.635345153328662e-03   4.635345153328671e-03   4.635345153328638e-03
   4.624281537286569e-03   4.624281537286580e-03   4.624281537286625e-03
   4.625341554064235e-03   4.625341554064179e-03   4.625341554064151e-03
   4.560623564191001e-03   4.560623564190999e-03   4.560623564190965e-03
   3.757130917962409e-03   3.757130917962418e-03   3.757130917962353e-03
   2.291541092309222e-03   2.291541092309149e-03   2.291541092309144e-03

 Columns 4 through 6:

   4.635345153328734e-03   4.635345153328654e-03   4.635345153328732e-03
   4.624281537286566e-03   4.624281537286615e-03   4.624281537286610e-03
   4.625341554064245e-03   4.625341554064222e-03   4.625341554064183e-03
   4.560623564190952e-03   4.560623564190965e-03   4.560623564191032e-03
   3.757130917962356e-03   3.757130917962377e-03   3.757130917962358e-03
   2.291541092309154e-03   2.291541092309195e-03   2.291541092309143e-03

 Columns 7 through 9:

   4.635345153328728e-03   4.635345153328660e-03   4.635345153328740e-03
   4.624281537286603e-03   4.624281537286551e-03   4.624281537286639e-03
   4.625341554064246e-03   4.625341554064215e-03   4.625341554064160e-03
   4.560623564190959e-03   4.560623564190929e-03   4.560623564190932e-03
   3.757130917962399e-03   3.757130917962438e-03   3.757130917962351e-03
   2.291541092309174e-03   2.291541092309136e-03   2.291541092309203e-03

 Columns 10 through 12:

   4.635345153328637e-03   4.635345153328732e-03   4.635345153328672e-03
   4.624281537286626e-03   4.624281537286589e-03   4.624281537286601e-03
   4.625341554064157e-03   4.625341554064195e-03   4.625341554064247e-03
   4.560623564190961e-03   4.560623564190954e-03   4.560623564191030e-03
   3.757130917962384e-03   3.757130917962384e-03   3.757130917962384e-03
   2.291541092309203e-03   2.291541092309153e-03   2.291541092309211e-03

 Columns 13 through 15:

   4.635345153328670e-03   4.635345153328734e-03   4.635345153328671e-03
   4.624281537286585e-03   4.624281537286586e-03   4.624281537286590e-03
   4.625341554064240e-03   4.625341554064240e-03   4.625341554064176e-03
   4.560623564191025e-03   4.560623564190937e-03   4.560623564191034e-03
   3.757130917962340e-03   3.757130917962406e-03   3.757130917962408e-03
   2.291541092309196e-03   2.291541092309128e-03   2.291541092309203e-03

ans = 9.740878893424454e-21
ans = 6.701610527751492e-21
ans = 6.697681419841865e-21
ans = 1.008808795554359e-20
ans = 6.695199878004206e-21
ans = 1.009553258105656e-20
ans = 1.009708354470510e-20
ans = 1.348500853856916e-20
ans = 3.307068088987005e-21
ans = 6.700783347138939e-21
ans = 1.008457243794024e-20
ans = 3.314512714499982e-21
ans = 6.707607587192501e-21
ans = 6.693131926472823e-21
ans = 6.696854239229312e-21
