warning: function /home/surgeon/flu/amcode/perelson21/1d2agt/4paper/2submit/run.m shadows a core library function
warning: called from
    driver at line 1 column 1

lambda0 = 3.501084296647659
kmpl_prod = 0.180000000000000
dkps =

 Columns 1 through 3:

   3.198652129213310e-01   3.609488784514391e+00   2.974759989581728e+01

 Columns 4 through 6:

   2.008734342755228e+00   4.530745534070133e+00   1.269006249332196e+02

nbcr = 2
lambda0 = 3.501084296647659
kmpl_prod = 0.180000000000000
 Time :      1.00000
 Time :      2.00000
 Time :      3.01000
 Time :      4.01000
 Time :      5.01000
 Time :      6.01000
 Time :      7.01000
 Time :      8.01000
 Time :      9.01000
 Time :     10.01000
 Time :     11.01000
 Time :     12.01000
 Time :     13.01000
 Time :     14.01000
 Time :     15.01000
 Time :     16.01000
 Time :     17.01000
 Time :     18.00000
 Time :     19.00000
 Time :     20.00000
 Time :     21.00000
 Time :     22.00000
 Time :     23.00000
 Time :     24.00000
 Time :     25.00000
 Time :     26.00000
 Time :     27.00000
 Time :     28.00000
 Time :     29.00000
 Time :     30.00000
 Time :     31.00000
 Time :     32.00000
 Time :     33.00000
 Time :     34.00000
 Time :     35.00000
dtime = 5.013883486390114
mbcr = 1.718473679371029e-04
agsout =

   8.424146104518748e-02   1.835955608105769e-02

ans = 4.452649421681159e-21
ans = -4.993691781363329e-21
nbcr = 2
lambda0 = 3.501084296647659
kmpl_prod = 0.180000000000000
 Time :      1.00000
 Time :      2.00000
 Time :      3.01000
 Time :      4.01000
 Time :      5.01000
 Time :      6.01000
 Time :      7.01000
 Time :      8.01000
 Time :      9.01000
 Time :     10.01000
 Time :     11.01000
 Time :     12.01000
 Time :     13.01000
 Time :     14.01000
 Time :     15.01000
 Time :     16.01000
 Time :     17.01000
 Time :     18.00000
 Time :     19.00000
 Time :     20.00000
 Time :     21.00000
 Time :     22.00000
 Time :     23.00000
 Time :     24.00000
 Time :     25.00000
 Time :     26.00000
 Time :     27.00000
 Time :     28.00000
 Time :     29.00000
 Time :     30.00000
 Time :     31.00000
 Time :     32.00000
 Time :     33.00000
 Time :     34.00000
 Time :     35.00000
dtime = 4.916348308324814
mbcr =

   1.718473679371029e-04   7.362083618818395e-02

agsout =

   8.424146104518748e-02   1.835955608105769e-02
   6.722304551039525e-02   1.663006866689660e-02

ans = 1.395040103070681e-21
ans = -9.103655784900254e-22
nbcr = 2
lambda0 = 3.501084296647659
kmpl_prod = 0.180000000000000
 Time :      1.00000
 Time :      2.00000
 Time :      3.01000
 Time :      4.01000
 Time :      5.01000
 Time :      6.01000
 Time :      7.01000
 Time :      8.01000
 Time :      9.01000
 Time :     10.01000
 Time :     11.01000
 Time :     12.01000
 Time :     13.01000
 Time :     14.01000
 Time :     15.01000
 Time :     16.01000
 Time :     17.01000
 Time :     18.00000
 Time :     19.00000
 Time :     20.00000
 Time :     21.00000
 Time :     22.00000
 Time :     23.00000
 Time :     24.00000
 Time :     25.00000
 Time :     26.00000
 Time :     27.00000
 Time :     28.00000
 Time :     29.00000
 Time :     30.00000
 Time :     31.00000
 Time :     32.00000
 Time :     33.00000
 Time :     34.00000
 Time :     35.00000
dtime = 5.103985592722893
mbcr =

   1.718473679371029e-04   7.362083618818395e-02   1.619519875205400e-01

agsout =

   8.424146104518748e-02   1.835955608105769e-02
   6.722304551039525e-02   1.663006866689660e-02
   4.156115923007476e-02   1.394098305157844e-02

ans = -5.947428604256269e-22
ans = 3.273382289451776e-21
nbcr = 2
lambda0 = 3.501084296647659
kmpl_prod = 0.180000000000000
 Time :      1.00000
 Time :      2.00000
 Time :      3.01000
 Time :      4.01000
 Time :      5.01000
 Time :      6.01000
 Time :      7.01000
 Time :      8.01000
 Time :      9.01000
 Time :     10.01000
 Time :     11.01000
 Time :     12.01000
 Time :     13.01000
 Time :     14.01000
 Time :     15.01000
 Time :     16.01000
 Time :     17.01000
 Time :     18.00000
 Time :     19.00000
 Time :     20.00000
 Time :     21.00000
 Time :     22.00000
 Time :     23.00000
 Time :     24.00000
 Time :     25.00000
 Time :     26.00000
 Time :     27.00000
 Time :     28.00000
 Time :     29.00000
 Time :     30.00000
 Time :     31.00000
 Time :     32.00000
 Time :     33.00000
 Time :     34.00000
 Time :     35.00000
dtime = 4.954962059855461
mbcr =

 Columns 1 through 3:

   1.718473679371029e-04   7.362083618818395e-02   1.619519875205400e-01

 Column 4:

   1.370500276295177e-02

agsout =

   8.424146104518748e-02   1.835955608105769e-02
   6.722304551039525e-02   1.663006866689660e-02
   4.156115923007476e-02   1.394098305157844e-02
   8.110718584257541e-02   1.815109369522816e-02

ans = 1.504514872202660e-20
ans = -2.990720780093055e-21
nbcr = 2
lambda0 = 3.501084296647659
kmpl_prod = 0.180000000000000
 Time :      1.00000
 Time :      2.00000
 Time :      3.01000
 Time :      4.01000
 Time :      5.01000
 Time :      6.01000
 Time :      7.01000
 Time :      8.01000
 Time :      9.01000
 Time :     10.01000
 Time :     11.01000
 Time :     12.01000
 Time :     13.01000
 Time :     14.01000
 Time :     15.01000
 Time :     16.01000
 Time :     17.01000
 Time :     18.00000
 Time :     19.00000
 Time :     20.00000
 Time :     21.00000
 Time :     22.00000
 Time :     23.00000
 Time :     24.00000
 Time :     25.00000
 Time :     26.00000
 Time :     27.00000
 Time :     28.00000
 Time :     29.00000
 Time :     30.00000
 Time :     31.00000
 Time :     32.00000
 Time :     33.00000
 Time :     34.00000
 Time :     35.00000
dtime = 5.070290341973305
mbcr =

 Columns 1 through 3:

   1.718473679371029e-04   7.362083618818395e-02   1.619519875205400e-01

 Columns 4 and 5:

   1.370500276295177e-02   1.533611987613232e-01

agsout =

   8.424146104518748e-02   1.835955608105769e-02
   6.722304551039525e-02   1.663006866689660e-02
   4.156115923007476e-02   1.394098305157844e-02
   8.110718584257541e-02   1.815109369522816e-02
   4.378239715662102e-02   1.418885219849637e-02

ans = 5.777856578682898e-22
ans = -5.748081307805257e-22
nbcr = 2
lambda0 = 3.501084296647659
kmpl_prod = 0.180000000000000
 Time :      1.00000
 Time :      2.00000
 Time :      3.01000
 Time :      4.01000
 Time :      5.01000
 Time :      6.01000
 Time :      7.01000
 Time :      8.01000
 Time :      9.01000
 Time :     10.01000
 Time :     11.01000
 Time :     12.01000
 Time :     13.01000
 Time :     14.01000
 Time :     15.01000
 Time :     16.01000
 Time :     17.01000
 Time :     18.00000
 Time :     19.00000
 Time :     20.00000
 Time :     21.00000
 Time :     22.00000
 Time :     23.00000
 Time :     24.00000
 Time :     25.00000
 Time :     26.00000
 Time :     27.00000
 Time :     28.00000
 Time :     29.00000
 Time :     30.00000
 Time :     31.00000
 Time :     32.00000
 Time :     33.00000
 Time :     34.00000
 Time :     35.00000
dtime = 4.972956329584122
mbcr =

 Columns 1 through 3:

   1.718473679371029e-04   7.362083618818395e-02   1.619519875205400e-01

 Columns 4 through 6:

   1.370500276295177e-02   1.533611987613232e-01   1.154773830347769e-01

agsout =

   8.424146104518748e-02   1.835955608105769e-02
   6.722304551039525e-02   1.663006866689660e-02
   4.156115923007476e-02   1.394098305157844e-02
   8.110718584257541e-02   1.815109369522816e-02
   4.378239715662102e-02   1.418885219849637e-02
   5.524803376058778e-02   1.538904004364268e-02

ans = 6.644121475179057e-21
ans = 1.265837561005453e-21
dkps =

 Columns 1 through 3:

   7.391559713136657e-01   1.011571780687376e+00   2.692270630604327e+01

 Columns 4 through 6:

   9.477279372349178e+00   1.727800598090681e+02   9.343409415213580e+00

nbcr = 3
lambda0 = 3.501084296647659
kmpl_prod = 0.180000000000000
 Time :      1.00000
 Time :      2.00000
 Time :      3.01000
 Time :      4.01000
 Time :      5.01000
 Time :      6.01000
 Time :      7.01000
 Time :      8.01000
 Time :      9.01000
 Time :     10.01000
 Time :     11.01000
 Time :     12.01000
 Time :     13.01000
 Time :     14.01000
 Time :     15.01000
 Time :     16.01000
 Time :     17.01000
 Time :     18.00000
 Time :     19.00000
 Time :     20.00000
 Time :     21.00000
 Time :     22.00000
 Time :     23.00000
 Time :     24.00000
 Time :     25.00000
 Time :     26.00000
 Time :     27.00000
 Time :     28.00000
 Time :     29.00000
 Time :     30.00000
 Time :     31.00000
 Time :     32.00000
 Time :     33.00000
 Time :     34.00000
 Time :     35.00000
dtime = 11.14377379417419
mbcr = 1.016001347435157e-04
agsout =

   4.616757064210100e-02   1.110262255817585e-02   1.110262255817585e-02

ans = -1.197670270125424e-20
ans = -9.957218935349748e-21
ans = -6.568951437013300e-21
nbcr = 3
lambda0 = 3.501084296647659
kmpl_prod = 0.180000000000000
 Time :      1.00000
 Time :      2.00000
 Time :      3.01000
 Time :      4.01000
 Time :      5.01000
 Time :      6.01000
 Time :      7.01000
 Time :      8.01000
 Time :      9.01000
 Time :     10.01000
 Time :     11.01000
 Time :     12.01000
 Time :     13.01000
 Time :     14.01000
 Time :     15.01000
 Time :     16.01000
 Time :     17.01000
 Time :     18.00000
 Time :     19.00000
 Time :     20.00000
 Time :     21.00000
 Time :     22.00000
 Time :     23.00000
 Time :     24.00000
 Time :     25.00000
 Time :     26.00000
 Time :     27.00000
 Time :     28.00000
 Time :     29.00000
 Time :     30.00000
 Time :     31.00000
 Time :     32.00000
 Time :     33.00000
 Time :     34.00000
 Time :     35.00000
dtime = 11.69885024428368
mbcr =

   1.016001347435157e-04   3.374826297710370e-03

agsout =

   4.616757064210100e-02   1.110262255817585e-02   1.110262255817585e-02
   4.544349965451613e-02   1.110906936885648e-02   1.110906936885648e-02

ans = 6.215435122723450e-21
ans = -6.645304084961066e-21
ans = -3.258031788299095e-21
nbcr = 3
lambda0 = 3.501084296647659
kmpl_prod = 0.180000000000000
 Time :      1.00000
 Time :      2.00000
 Time :      3.01000
 Time :      4.01000
 Time :      5.01000
 Time :      6.01000
 Time :      7.01000
 Time :      8.01000
 Time :      9.01000
 Time :     10.01000
 Time :     11.01000
 Time :     12.01000
 Time :     13.01000
 Time :     14.01000
 Time :     15.01000
 Time :     16.01000
 Time :     17.01000
 Time :     18.00000
 Time :     19.00000
 Time :     20.00000
 Time :     21.00000
 Time :     22.00000
 Time :     23.00000
 Time :     24.00000
 Time :     25.00000
 Time :     26.00000
 Time :     27.00000
 Time :     28.00000
 Time :     29.00000
 Time :     30.00000
 Time :     31.00000
 Time :     32.00000
 Time :     33.00000
 Time :     34.00000
 Time :     35.00000
dtime = 11.79109476506710
mbcr =

   1.016001347435157e-04   3.374826297710370e-03   1.647511891517858e-01

agsout =

   4.616757064210100e-02   1.110262255817585e-02   1.110262255817585e-02
   4.544349965451613e-02   1.110906936885648e-02   1.110906936885648e-02
   7.038379973014721e-03   8.008184332044536e-03   8.008184332044536e-03

ans = 9.406697925953031e-21
ans = -2.254177029132105e-21
ans = 1.134717317012294e-21
nbcr = 3
lambda0 = 3.501084296647659
kmpl_prod = 0.180000000000000
 Time :      1.00000
 Time :      2.00000
 Time :      3.01000
 Time :      4.01000
 Time :      5.01000
 Time :      6.01000
 Time :      7.01000
 Time :      8.01000
 Time :      9.01000
 Time :     10.01000
 Time :     11.01000
 Time :     12.01000
 Time :     13.01000
 Time :     14.01000
 Time :     15.01000
 Time :     16.01000
 Time :     17.01000
 Time :     18.00000
 Time :     19.00000
 Time :     20.00000
 Time :     21.00000
 Time :     22.00000
 Time :     23.00000
 Time :     24.00000
 Time :     25.00000
 Time :     26.00000
 Time :     27.00000
 Time :     28.00000
 Time :     29.00000
 Time :     30.00000
 Time :     31.00000
 Time :     32.00000
 Time :     33.00000
 Time :     34.00000
 Time :     35.00000
dtime = 11.85574941337109
mbcr =

 Columns 1 through 3:

   1.016001347435157e-04   3.374826297710370e-03   1.647511891517858e-01

 Column 4:

   1.866454412160300e-02

agsout =

   4.616757064210100e-02   1.110262255817585e-02   1.110262255817585e-02
   4.544349965451613e-02   1.110906936885648e-02   1.110906936885648e-02
   7.038379973014721e-03   8.008184332044536e-03   8.008184332044536e-03
   4.161364624238400e-02   1.077512105688397e-02   1.077512105688398e-02

ans = 1.204767882668171e-20
ans = 1.644707122628767e-20
ans = 1.644634098090315e-20
nbcr = 3
lambda0 = 3.501084296647659
kmpl_prod = 0.180000000000000
 Time :      1.00000
 Time :      2.00000
 Time :      3.01000
 Time :      4.01000
 Time :      5.01000
 Time :      6.01000
 Time :      7.01000
 Time :      8.01000
 Time :      9.01000
 Time :     10.01000
 Time :     11.01000
 Time :     12.01000
 Time :     13.01000
 Time :     14.01000
 Time :     15.01000
 Time :     16.01000
 Time :     17.01000
 Time :     18.00000
 Time :     19.00000
 Time :     20.00000
 Time :     21.00000
 Time :     22.00000
 Time :     23.00000
 Time :     24.00000
 Time :     25.00000
 Time :     26.00000
 Time :     27.00000
 Time :     28.00000
 Time :     29.00000
 Time :     30.00000
 Time :     31.00000
 Time :     32.00000
 Time :     33.00000
 Time :     34.00000
 Time :     35.00000
dtime = 12.05418929457664
mbcr =

 Columns 1 through 3:

   1.016001347435157e-04   3.374826297710370e-03   1.647511891517858e-01

 Columns 4 and 5:

   1.866454412160300e-02   1.811855783134756e-02

agsout =

   4.616757064210100e-02   1.110262255817585e-02   1.110262255817585e-02
   4.544349965451613e-02   1.110906936885648e-02   1.110906936885648e-02
   7.038379973014721e-03   8.008184332044536e-03   8.008184332044536e-03
   4.161364624238400e-02   1.077512105688397e-02   1.077512105688398e-02
   4.163705143622171e-02   1.078191693876910e-02   1.078191693876909e-02

ans = 9.983501306843914e-21
ans = 8.665040033919743e-21
ans = 8.665040033919743e-21
nbcr = 3
lambda0 = 3.501084296647659
kmpl_prod = 0.180000000000000
 Time :      1.00000
 Time :      2.00000
 Time :      3.01000
 Time :      4.01000
 Time :      5.01000
 Time :      6.01000
 Time :      7.01000
 Time :      8.01000
 Time :      9.01000
 Time :     10.01000
 Time :     11.01000
 Time :     12.01000
 Time :     13.01000
 Time :     14.01000
 Time :     15.01000
 Time :     16.01000
 Time :     17.01000
 Time :     18.00000
 Time :     19.00000
 Time :     20.00000
 Time :     21.00000
 Time :     22.00000
 Time :     23.00000
 Time :     24.00000
 Time :     25.00000
 Time :     26.00000
 Time :     27.00000
 Time :     28.00000
 Time :     29.00000
 Time :     30.00000
 Time :     31.00000
 Time :     32.00000
 Time :     33.00000
 Time :     34.00000
 Time :     35.00000
dtime = 11.78026199340820
mbcr =

 Columns 1 through 3:

   1.016001347435157e-04   3.374826297710370e-03   1.647511891517858e-01

 Columns 4 through 6:

   1.866454412160300e-02   1.811855783134756e-02   1.008538048066553e-04

agsout =

   4.616757064210100e-02   1.110262255817585e-02   1.110262255817585e-02
   4.544349965451613e-02   1.110906936885648e-02   1.110906936885648e-02
   7.038379973014721e-03   8.008184332044536e-03   8.008184332044536e-03
   4.161364624238400e-02   1.077512105688397e-02   1.077512105688398e-02
   4.163705143622171e-02   1.078191693876910e-02   1.078191693876909e-02
   4.624254270026068e-02   1.118162269805873e-02   1.118162269805873e-02

ans = 1.571770472116903e-20
ans = -3.599890025830776e-21
ans = -6.987827944391911e-21
dkps =

 Columns 1 through 3:

   1.735982904185345e+00   6.420649078578633e+00   1.776641093381006e+00

 Columns 4 through 6:

   4.672721037747652e+00   1.782227072356455e+01   1.267801641196102e+02

nbcr = 4
lambda0 = 3.501084296647659
kmpl_prod = 0.180000000000000
 Time :      1.00000
 Time :      2.00000
 Time :      3.01000
 Time :      4.01000
 Time :      5.01000
 Time :      6.01000
 Time :      7.01000
 Time :      8.01000
 Time :      9.01000
 Time :     10.01000
 Time :     11.01000
 Time :     12.01000
 Time :     13.01000
 Time :     14.01000
 Time :     15.01000
 Time :     16.01000
 Time :     17.01000
 Time :     18.00000
 Time :     19.00000
 Time :     20.00000
 Time :     21.00000
 Time :     22.00000
 Time :     23.00000
 Time :     24.00000
 Time :     25.00000
 Time :     26.00000
 Time :     27.00000
 Time :     28.00000
 Time :     29.00000
 Time :     30.00000
 Time :     31.00000
 Time :     32.00000
 Time :     33.00000
 Time :     34.00000
 Time :     35.00000
dtime = 17.74775125086308
mbcr = 8.086451474662353e-05
agsout =

 Columns 1 through 3:

   3.251561695585363e-02   8.631451910158832e-03   8.631451910158834e-03

 Column 4:

   8.631451910158832e-03

ans = 2.705175277306380e-21
ans = -1.935072720794168e-21
ans = -1.934827151549816e-21
ans = 1.457505164015506e-21
nbcr = 4
lambda0 = 3.501084296647659
kmpl_prod = 0.180000000000000
 Time :      1.00000
 Time :      2.00000
 Time :      3.01000
 Time :      4.01000
 Time :      5.01000
 Time :      6.01000
 Time :      7.01000
 Time :      8.01000
 Time :      9.01000
 Time :     10.01000
 Time :     11.01000
 Time :     12.01000
 Time :     13.01000
 Time :     14.01000
 Time :     15.01000
 Time :     16.01000
 Time :     17.01000
 Time :     18.00000
 Time :     19.00000
 Time :     20.00000
 Time :     21.00000
 Time :     22.00000
 Time :     23.00000
 Time :     24.00000
 Time :     25.00000
 Time :     26.00000
 Time :     27.00000
 Time :     28.00000
 Time :     29.00000
 Time :     30.00000
 Time :     31.00000
 Time :     32.00000
 Time :     33.00000
 Time :     34.00000
 Time :     35.00000
dtime = 17.81109832227230
mbcr =

   8.086451474662353e-05   2.516905687625353e-04

agsout =

 Columns 1 through 3:

   3.251561695585363e-02   8.631451910158832e-03   8.631451910158834e-03
   3.252541974352983e-02   8.682472256438142e-03   8.682472256438136e-03

 Column 4:

   8.631451910158832e-03
   8.682472256438138e-03

ans = 9.550213762230981e-21
ans = 2.693545643717010e-21
ans = -6.948317145445432e-22
ans = -6.952711542449620e-22
nbcr = 4
lambda0 = 3.501084296647659
kmpl_prod = 0.180000000000000
 Time :      1.00000
 Time :      2.00000
 Time :      3.01000
 Time :      4.01000
 Time :      5.01000
 Time :      6.01000
 Time :      7.01000
 Time :      8.01000
 Time :      9.01000
 Time :     10.01000
 Time :     11.01000
 Time :     12.01000
 Time :     13.01000
 Time :     14.01000
 Time :     15.01000
 Time :     16.01000
 Time :     17.01000
 Time :     18.00000
 Time :     19.00000
 Time :     20.00000
 Time :     21.00000
 Time :     22.00000
 Time :     23.00000
 Time :     24.00000
 Time :     25.00000
 Time :     26.00000
 Time :     27.00000
 Time :     28.00000
 Time :     29.00000
 Time :     30.00000
 Time :     31.00000
 Time :     32.00000
 Time :     33.00000
 Time :     34.00000
 Time :     35.00000
dtime = 17.91991889476776
mbcr =

   8.086451474662353e-05   2.516905687625353e-04   3.418437631829387e-02

agsout =

 Columns 1 through 3:

   3.251561695585363e-02   8.631451910158832e-03   8.631451910158834e-03
   3.252541974352983e-02   8.682472256438142e-03   8.682472256438136e-03
   2.414209174492878e-02   8.036256894143001e-03   8.036256894143013e-03

 Column 4:

   8.631451910158832e-03
   8.682472256438138e-03
   8.036256894143015e-03

ans = -6.501639614666798e-22
ans = 3.811338069914644e-21
ans = 3.814336599635149e-21
ans = 4.227926905911663e-22
nbcr = 4
lambda0 = 3.501084296647659
kmpl_prod = 0.180000000000000
 Time :      1.00000
 Time :      2.00000
 Time :      3.01000
 Time :      4.01000
 Time :      5.01000
 Time :      6.01000
 Time :      7.01000
 Time :      8.01000
 Time :      9.01000
 Time :     10.01000
 Time :     11.01000
 Time :     12.01000
 Time :     13.01000
 Time :     14.01000
 Time :     15.01000
 Time :     16.01000
 Time :     17.01000
 Time :     18.00000
 Time :     19.00000
 Time :     20.00000
 Time :     21.00000
 Time :     22.00000
 Time :     23.00000
 Time :     24.00000
 Time :     25.00000
 Time :     26.00000
 Time :     27.00000
 Time :     28.00000
 Time :     29.00000
 Time :     30.00000
 Time :     31.00000
 Time :     32.00000
 Time :     33.00000
 Time :     34.00000
 Time :     35.00000
dtime = 17.83609315752983
mbcr =

 Columns 1 through 3:

   8.086451474662353e-05   2.516905687625353e-04   3.418437631829387e-02

 Column 4:

   1.108323095847369e-01

agsout =

 Columns 1 through 3:

   3.251561695585363e-02   8.631451910158832e-03   8.631451910158834e-03
   3.252541974352983e-02   8.682472256438142e-03   8.682472256438136e-03
   2.414209174492878e-02   8.036256894143001e-03   8.036256894143013e-03
   7.148971113940215e-03   6.868586789671205e-03   6.868586789671198e-03

 Column 4:

   8.631451910158832e-03
   8.682472256438138e-03
   8.036256894143015e-03
   6.868586789671201e-03

ans = -3.963849495354109e-21
ans = 2.813112016322136e-21
ans = -3.963177411106409e-21
ans = -5.745674082975757e-22
nbcr = 4
lambda0 = 3.501084296647659
kmpl_prod = 0.180000000000000
 Time :      1.00000
 Time :      2.00000
 Time :      3.01000
 Time :      4.01000
 Time :      5.01000
 Time :      6.01000
 Time :      7.01000
 Time :      8.01000
 Time :      9.01000
 Time :     10.01000
 Time :     11.01000
 Time :     12.01000
 Time :     13.01000
 Time :     14.01000
 Time :     15.01000
 Time :     16.01000
 Time :     17.01000
 Time :     18.00000
 Time :     19.00000
 Time :     20.00000
 Time :     21.00000
 Time :     22.00000
 Time :     23.00000
 Time :     24.00000
 Time :     25.00000
 Time :     26.00000
 Time :     27.00000
 Time :     28.00000
 Time :     29.00000
 Time :     30.00000
 Time :     31.00000
 Time :     32.00000
 Time :     33.00000
 Time :     34.00000
 Time :     35.00000
dtime = 17.94241927564144
mbcr =

 Columns 1 through 3:

   8.086451474662353e-05   2.516905687625353e-04   3.418437631829387e-02

 Columns 4 and 5:

   1.108323095847369e-01   8.170197586108777e-02

agsout =

 Columns 1 through 3:

   3.251561695585363e-02   8.631451910158832e-03   8.631451910158834e-03
   3.252541974352983e-02   8.682472256438142e-03   8.682472256438136e-03
   2.414209174492878e-02   8.036256894143001e-03   8.036256894143013e-03
   7.148971113940215e-03   6.868586789671205e-03   6.868586789671198e-03
   1.293629676006508e-02   7.225406935886369e-03   7.225406935886367e-03

 Column 4:

   8.631451910158832e-03
   8.682472256438138e-03
   8.036256894143015e-03
   6.868586789671201e-03
   7.225406935886363e-03

ans = 4.800129094645220e-21
ans = 2.235946743913261e-21
ans = 2.235235885574348e-21
ans = 5.623367674591549e-21
nbcr = 4
lambda0 = 3.501084296647659
kmpl_prod = 0.180000000000000
 Time :      1.00000
 Time :      2.00000
 Time :      3.01000
 Time :      4.01000
 Time :      5.01000
 Time :      6.01000
 Time :      7.01000
 Time :      8.01000
 Time :      9.01000
 Time :     10.01000
 Time :     11.01000
 Time :     12.01000
 Time :     13.01000
 Time :     14.01000
 Time :     15.01000
 Time :     16.01000
 Time :     17.01000
 Time :     18.00000
 Time :     19.00000
 Time :     20.00000
 Time :     21.00000
 Time :     22.00000
 Time :     23.00000
 Time :     24.00000
 Time :     25.00000
 Time :     26.00000
 Time :     27.00000
 Time :     28.00000
 Time :     29.00000
 Time :     30.00000
 Time :     31.00000
 Time :     32.00000
 Time :     33.00000
 Time :     34.00000
 Time :     35.00000
dtime = 17.77858994901180
mbcr =

 Columns 1 through 3:

   8.086451474662353e-05   2.516905687625353e-04   3.418437631829387e-02

 Columns 4 through 6:

   1.108323095847369e-01   8.170197586108777e-02   1.278346476804600e-02

agsout =

 Columns 1 through 3:

   3.251561695585363e-02   8.631451910158832e-03   8.631451910158834e-03
   3.252541974352983e-02   8.682472256438142e-03   8.682472256438136e-03
   2.414209174492878e-02   8.036256894143001e-03   8.036256894143013e-03
   7.148971113940215e-03   6.868586789671205e-03   6.868586789671198e-03
   1.293629676006508e-02   7.225406935886369e-03   7.225406935886367e-03
   2.929555019984462e-02   8.435156342866830e-03   8.435156342866821e-03

 Column 4:

   8.631451910158832e-03
   8.682472256438138e-03
   8.036256894143015e-03
   6.868586789671201e-03
   7.225406935886363e-03
   8.435156342866814e-03

ans = 9.791336910790189e-21
ans = 1.139955696735227e-20
ans = 8.010417051963520e-21
ans = 8.008930711800339e-21
dkps =

 Columns 1 through 3:

   3.193903914781225e+00   4.494001758426036e+00   2.455965734810850e+01

 Columns 4 through 6:

   3.987040946456921e+01   1.214716038393234e+02   2.454236530897499e+00

nbcr = 5
lambda0 = 3.501084296647659
kmpl_prod = 0.180000000000000
 Time :      1.00000
 Time :      2.00000
 Time :      3.01000
 Time :      4.01000
 Time :      5.01000
 Time :      6.01000
 Time :      7.01000
 Time :      8.01000
 Time :      9.01000
 Time :     10.01000
 Time :     11.01000
 Time :     12.01000
 Time :     13.01000
 Time :     14.01000
 Time :     15.01000
 Time :     16.01000
 Time :     17.01000
 Time :     18.00000
 Time :     19.00000
 Time :     20.00000
 Time :     21.00000
 Time :     22.00000
 Time :     23.00000
 Time :     24.00000
 Time :     25.00000
 Time :     26.00000
 Time :     27.00000
 Time :     28.00000
 Time :     29.00000
 Time :     30.00000
 Time :     31.00000
 Time :     32.00000
 Time :     33.00000
 Time :     34.00000
 Time :     35.00000
dtime = 23.00395891070366
mbcr = 7.054979795831962e-05
agsout =

 Columns 1 through 3:

   2.550437965822603e-02   7.395864400809258e-03   7.395864400809281e-03

 Columns 4 and 5:

   7.395864400809266e-03   7.395864400809270e-03

ans = 1.300723674254670e-20
ans = 1.201076589184653e-20
ans = 1.540422265605704e-20
ans = 8.622065416158199e-21
ans = 1.201190326518879e-20
nbcr = 5
lambda0 = 3.501084296647659
kmpl_prod = 0.180000000000000
 Time :      1.00000
 Time :      2.00000
 Time :      3.01000
 Time :      4.01000
 Time :      5.01000
 Time :      6.01000
 Time :      7.01000
 Time :      8.01000
 Time :      9.01000
 Time :     10.01000
 Time :     11.01000
 Time :     12.01000
 Time :     13.01000
 Time :     14.01000
 Time :     15.01000
 Time :     16.01000
 Time :     17.01000
 Time :     18.00000
 Time :     19.00000
 Time :     20.00000
 Time :     21.00000
 Time :     22.00000
 Time :     23.00000
 Time :     24.00000
 Time :     25.00000
 Time :     26.00000
 Time :     27.00000
 Time :     28.00000
 Time :     29.00000
 Time :     30.00000
 Time :     31.00000
 Time :     32.00000
 Time :     33.00000
 Time :     34.00000
 Time :     35.00000
dtime = 22.96014502644539
mbcr =

   7.054979795831962e-05   8.078493108336739e-05

agsout =

 Columns 1 through 3:

   2.550437965822603e-02   7.395864400809258e-03   7.395864400809281e-03
   2.554051118726716e-02   7.435897148593141e-03   7.435897148593103e-03

 Columns 4 and 5:

   7.395864400809266e-03   7.395864400809270e-03
   7.435897148593110e-03   7.435897148593110e-03

ans = 5.416378650997225e-21
ans = 1.176266340686891e-20
ans = 8.375384647858401e-21
ans = 1.515079519588611e-20
ans = 1.176723874963209e-20
nbcr = 5
lambda0 = 3.501084296647659
kmpl_prod = 0.180000000000000
 Time :      1.00000
 Time :      2.00000
 Time :      3.01000
 Time :      4.01000
 Time :      5.01000
 Time :      6.01000
 Time :      7.01000
 Time :      8.01000
 Time :      9.01000
 Time :     10.01000
 Time :     11.01000
 Time :     12.01000
 Time :     13.01000
 Time :     14.01000
 Time :     15.01000
 Time :     16.01000
 Time :     17.01000
 Time :     18.00000
 Time :     19.00000
 Time :     20.00000
 Time :     21.00000
 Time :     22.00000
 Time :     23.00000
 Time :     24.00000
 Time :     25.00000
 Time :     26.00000
 Time :     27.00000
 Time :     28.00000
 Time :     29.00000
 Time :     30.00000
 Time :     31.00000
 Time :     32.00000
 Time :     33.00000
 Time :     34.00000
 Time :     35.00000
dtime = 22.90748991072178
mbcr =

   7.054979795831962e-05   8.078493108336739e-05   1.654566042328388e-02

agsout =

 Columns 1 through 3:

   2.550437965822603e-02   7.395864400809258e-03   7.395864400809281e-03
   2.554051118726716e-02   7.435897148593141e-03   7.435897148593103e-03
   2.144025407472269e-02   7.141693936847219e-03   7.141693936847236e-03

 Columns 4 and 5:

   7.395864400809266e-03   7.395864400809270e-03
   7.435897148593110e-03   7.435897148593110e-03
   7.141693936847232e-03   7.141693936847232e-03

ans = 7.801967537600157e-21
ans = 2.269628504480654e-21
ans = 5.654348173471074e-21
ans = 2.267922444467264e-21
ans = 2.267922444467264e-21
nbcr = 5
lambda0 = 3.501084296647659
kmpl_prod = 0.180000000000000
 Time :      1.00000
 Time :      2.00000
 Time :      3.01000
 Time :      4.01000
 Time :      5.01000
 Time :      6.01000
 Time :      7.01000
 Time :      8.01000
 Time :      9.01000
 Time :     10.01000
 Time :     11.01000
 Time :     12.01000
 Time :     13.01000
 Time :     14.01000
 Time :     15.01000
 Time :     16.01000
 Time :     17.01000
 Time :     18.00000
 Time :     19.00000
 Time :     20.00000
 Time :     21.00000
 Time :     22.00000
 Time :     23.00000
 Time :     24.00000
 Time :     25.00000
 Time :     26.00000
 Time :     27.00000
 Time :     28.00000
 Time :     29.00000
 Time :     30.00000
 Time :     31.00000
 Time :     32.00000
 Time :     33.00000
 Time :     34.00000
 Time :     35.00000
dtime = 22.88590483367443
mbcr =

 Columns 1 through 3:

   7.054979795831962e-05   8.078493108336739e-05   1.654566042328388e-02

 Column 4:

   3.640919457479940e-03

agsout =

 Columns 1 through 3:

   2.550437965822603e-02   7.395864400809258e-03   7.395864400809281e-03
   2.554051118726716e-02   7.435897148593141e-03   7.435897148593103e-03
   2.144025407472269e-02   7.141693936847219e-03   7.141693936847236e-03
   2.456278460475131e-02   7.369862678583825e-03   7.369862678583838e-03

 Columns 4 and 5:

   7.395864400809266e-03   7.395864400809270e-03
   7.435897148593110e-03   7.435897148593110e-03
   7.141693936847232e-03   7.141693936847232e-03
   7.369862678583851e-03   7.369862678583849e-03

ans = 8.581481867354816e-22
ans = -2.895907625759865e-22
ans = -2.865146846730550e-22
ans = -3.675060063996533e-21
ans = -2.865663834613395e-22
nbcr = 5
lambda0 = 3.501084296647659
kmpl_prod = 0.180000000000000
 Time :      1.00000
 Time :      2.00000
 Time :      3.01000
 Time :      4.01000
 Time :      5.01000
 Time :      6.01000
 Time :      7.01000
 Time :      8.01000
 Time :      9.01000
 Time :     10.01000
 Time :     11.01000
 Time :     12.01000
 Time :     13.01000
 Time :     14.01000
 Time :     15.01000
 Time :     16.01000
 Time :     17.01000
 Time :     18.00000
 Time :     19.00000
 Time :     20.00000
 Time :     21.00000
 Time :     22.00000
 Time :     23.00000
 Time :     24.00000
 Time :     25.00000
 Time :     26.00000
 Time :     27.00000
 Time :     28.00000
 Time :     29.00000
 Time :     30.00000
 Time :     31.00000
 Time :     32.00000
 Time :     33.00000
 Time :     34.00000
 Time :     35.00000
dtime = 22.69572280347347
mbcr =

 Columns 1 through 3:

   7.054979795831962e-05   8.078493108336739e-05   1.654566042328388e-02

 Columns 4 and 5:

   3.640919457479940e-03   4.187280446760109e-04

agsout =

 Columns 1 through 3:

   2.550437965822603e-02   7.395864400809258e-03   7.395864400809281e-03
   2.554051118726716e-02   7.435897148593141e-03   7.435897148593103e-03
   2.144025407472269e-02   7.141693936847219e-03   7.141693936847236e-03
   2.456278460475131e-02   7.369862678583825e-03   7.369862678583838e-03
   2.543549326971521e-02   7.429734587744744e-03   7.429734587744716e-03

 Columns 4 and 5:

   7.395864400809266e-03   7.395864400809270e-03
   7.435897148593110e-03   7.435897148593110e-03
   7.141693936847232e-03   7.141693936847232e-03
   7.369862678583851e-03   7.369862678583849e-03
   7.429734587744739e-03   7.429734587744739e-03

ans = 4.965668614732394e-21
ans = -2.355939631521734e-21
ans = -2.358136830023828e-21
ans = -5.744691805998350e-21
ans = -5.744691805998350e-21
nbcr = 5
lambda0 = 3.501084296647659
kmpl_prod = 0.180000000000000
 Time :      1.00000
 Time :      2.00000
 Time :      3.01000
 Time :      4.01000
 Time :      5.01000
 Time :      6.01000
 Time :      7.01000
 Time :      8.01000
 Time :      9.01000
 Time :     10.01000
 Time :     11.01000
 Time :     12.01000
 Time :     13.01000
 Time :     14.01000
 Time :     15.01000
 Time :     16.01000
 Time :     17.01000
 Time :     18.00000
 Time :     19.00000
 Time :     20.00000
 Time :     21.00000
 Time :     22.00000
 Time :     23.00000
 Time :     24.00000
 Time :     25.00000
 Time :     26.00000
 Time :     27.00000
 Time :     28.00000
 Time :     29.00000
 Time :     30.00000
 Time :     31.00000
 Time :     32.00000
 Time :     33.00000
 Time :     34.00000
 Time :     35.00000
dtime = 22.61913903057575
mbcr =

 Columns 1 through 3:

   7.054979795831962e-05   8.078493108336739e-05   1.654566042328388e-02

 Columns 4 through 6:

   3.640919457479940e-03   4.187280446760109e-04   7.300098043289746e-05

agsout =

 Columns 1 through 3:

   2.550437965822603e-02   7.395864400809258e-03   7.395864400809281e-03
   2.554051118726716e-02   7.435897148593141e-03   7.435897148593103e-03
   2.144025407472269e-02   7.141693936847219e-03   7.141693936847236e-03
   2.456278460475131e-02   7.369862678583825e-03   7.369862678583838e-03
   2.543549326971521e-02   7.429734587744744e-03   7.429734587744716e-03
   2.554142458461435e-02   7.436316348809866e-03   7.436316348809881e-03

 Columns 4 and 5:

   7.395864400809266e-03   7.395864400809270e-03
   7.435897148593110e-03   7.435897148593110e-03
   7.141693936847232e-03   7.141693936847232e-03
   7.369862678583851e-03   7.369862678583849e-03
   7.429734587744739e-03   7.429734587744739e-03
   7.436316348809881e-03   7.436316348809881e-03

ans = 1.107510829677542e-21
ans = 2.896424613642711e-21
ans = 6.282436752340245e-21
ans = 2.896398764248569e-21
ans = 2.895571583636016e-21
dkps =

 Columns 1 through 3:

   1.543922477812560e+01   8.313188631181578e+00   4.048223374743670e+01

 Columns 4 through 6:

   3.950919681102011e+01   2.720693533518422e+01   2.850222510853083e+00

nbcr = 7
lambda0 = 3.501084296647659
kmpl_prod = 0.180000000000000
 Time :      1.00000
 Time :      2.00000
 Time :      3.01000
 Time :      4.01000
 Time :      5.01000
 Time :      6.01000
 Time :      7.01000
 Time :      8.01000
 Time :      9.01000
 Time :     10.01000
 Time :     11.01000
 Time :     12.01000
 Time :     13.01000
 Time :     14.01000
 Time :     15.01000
 Time :     16.01000
 Time :     17.01000
 Time :     18.00000
 Time :     19.00000
 Time :     20.00000
 Time :     21.00000
 Time :     22.00000
 Time :     23.00000
 Time :     24.00000
 Time :     25.00000
 Time :     26.00000
 Time :     27.00000
 Time :     28.00000
 Time :     29.00000
 Time :     30.00000
 Time :     31.00000
 Time :     32.00000
 Time :     33.00000
 Time :     34.00000
 Time :     35.00000
dtime = 32.50783011317253
mbcr = 5.989004650738202e-05
agsout =

 Columns 1 through 3:

   1.836455120498745e-02   6.159693172691312e-03   6.159693172691340e-03

 Columns 4 through 6:

   6.159693172691325e-03   6.159693172691329e-03   6.159693172691320e-03

 Column 7:

   6.159693172691320e-03

ans = -4.776283356715101e-21
ans = 1.023144869545668e-20
ans = 1.700905644198649e-20
ans = 1.700905644198649e-20
ans = 1.022994943059643e-20
ans = 1.700538582801828e-20
ans = 1.023201738212781e-20
nbcr = 7
lambda0 = 3.501084296647659
kmpl_prod = 0.180000000000000
 Time :      1.00000
 Time :      2.00000
 Time :      3.01000
 Time :      4.01000
 Time :      5.01000
 Time :      6.01000
 Time :      7.01000
 Time :      8.01000
 Time :      9.01000
 Time :     10.01000
 Time :     11.01000
 Time :     12.01000
 Time :     13.01000
 Time :     14.01000
 Time :     15.01000
 Time :     16.01000
 Time :     17.01000
 Time :     18.00000
 Time :     19.00000
 Time :     20.00000
 Time :     21.00000
 Time :     22.00000
 Time :     23.00000
 Time :     24.00000
 Time :     25.00000
 Time :     26.00000
 Time :     27.00000
 Time :     28.00000
 Time :     29.00000
 Time :     30.00000
 Time :     31.00000
 Time :     32.00000
 Time :     33.00000
 Time :     34.00000
 Time :     35.00000
dtime = 32.37439692020416
mbcr =

   5.989004650738202e-05   4.757571848495745e-05

agsout =

 Columns 1 through 3:

   1.836455120498745e-02   6.159693172691312e-03   6.159693172691340e-03
   1.838898111683781e-02   6.182849522608755e-03   6.182849522608707e-03

 Columns 4 through 6:

   6.159693172691325e-03   6.159693172691329e-03   6.159693172691320e-03
   6.182849522608695e-03   6.182849522608721e-03   6.182849522608706e-03

 Column 7:

   6.159693172691320e-03
   6.182849522608702e-03

ans = 8.293459839885840e-21
ans = -7.013457618683983e-22
ans = 2.690663436270145e-21
ans = -4.088857165426185e-21
ans = 9.455915172399936e-21
ans = 2.682339931356330e-21
ans = 2.691594014459267e-21
nbcr = 7
lambda0 = 3.501084296647659
kmpl_prod = 0.180000000000000
 Time :      1.00000
 Time :      2.00000
 Time :      3.01000
 Time :      4.01000
 Time :      5.01000
 Time :      6.01000
 Time :      7.01000
 Time :      8.01000
 Time :      9.01000
 Time :     10.01000
 Time :     11.01000
 Time :     12.01000
 Time :     13.01000
 Time :     14.01000
 Time :     15.01000
 Time :     16.01000
 Time :     17.01000
 Time :     18.00000
 Time :     19.00000
 Time :     20.00000
 Time :     21.00000
 Time :     22.00000
 Time :     23.00000
 Time :     24.00000
 Time :     25.00000
 Time :     26.00000
 Time :     27.00000
 Time :     28.00000
 Time :     29.00000
 Time :     30.00000
 Time :     31.00000
 Time :     32.00000
 Time :     33.00000
 Time :     34.00000
 Time :     35.00000
dtime = 32.12116956710815
mbcr =

   5.989004650738202e-05   4.757571848495745e-05   8.462814834605003e-05

agsout =

 Columns 1 through 3:

   1.836455120498745e-02   6.159693172691312e-03   6.159693172691340e-03
   1.838898111683781e-02   6.182849522608755e-03   6.182849522608707e-03
   1.837971427780823e-02   6.182745074092490e-03   6.182745074092478e-03

 Columns 4 through 6:

   6.159693172691325e-03   6.159693172691329e-03   6.159693172691320e-03
   6.182849522608695e-03   6.182849522608721e-03   6.182849522608706e-03
   6.182745074092486e-03   6.182745074092484e-03   6.182745074092491e-03

 Column 7:

   6.159693172691320e-03
   6.182849522608702e-03
   6.182745074092494e-03

ans = -9.833212929300686e-21
ans = 6.791566419366634e-21
ans = 3.407312039470775e-21
ans = 1.357703238171569e-20
ans = 1.019091684544159e-20
ans = 6.798080466690489e-21
ans = 1.357031153923870e-20
nbcr = 7
lambda0 = 3.501084296647659
kmpl_prod = 0.180000000000000
 Time :      1.00000
 Time :      2.00000
 Time :      3.01000
 Time :      4.01000
 Time :      5.01000
 Time :      6.01000
 Time :      7.01000
 Time :      8.01000
 Time :      9.01000
 Time :     10.01000
 Time :     11.01000
 Time :     12.01000
 Time :     13.01000
 Time :     14.01000
 Time :     15.01000
 Time :     16.01000
 Time :     17.01000
 Time :     18.00000
 Time :     19.00000
 Time :     20.00000
 Time :     21.00000
 Time :     22.00000
 Time :     23.00000
 Time :     24.00000
 Time :     25.00000
 Time :     26.00000
 Time :     27.00000
 Time :     28.00000
 Time :     29.00000
 Time :     30.00000
 Time :     31.00000
 Time :     32.00000
 Time :     33.00000
 Time :     34.00000
 Time :     35.00000
dtime = 32.39899948239326
mbcr =

 Columns 1 through 3:

   5.989004650738202e-05   4.757571848495745e-05   8.462814834605003e-05

 Column 4:

   2.873727323506779e-04

agsout =

 Columns 1 through 3:

   1.836455120498745e-02   6.159693172691312e-03   6.159693172691340e-03
   1.838898111683781e-02   6.182849522608755e-03   6.182849522608707e-03
   1.837971427780823e-02   6.182745074092490e-03   6.182745074092478e-03
   1.831737430640715e-02   6.179418367741241e-03   6.179418367741225e-03

 Columns 4 through 6:

   6.159693172691325e-03   6.159693172691329e-03   6.159693172691320e-03
   6.182849522608695e-03   6.182849522608721e-03   6.182849522608706e-03
   6.182745074092486e-03   6.182745074092484e-03   6.182745074092491e-03
   6.179418367741203e-03   6.179418367741218e-03   6.179418367741222e-03

 Column 7:

   6.159693172691320e-03
   6.182849522608702e-03
   6.182745074092494e-03
   6.179418367741218e-03

ans = 1.098154641467743e-20
ans = 5.256732792774491e-22
ans = 3.914632248907203e-21
ans = 7.298679833649924e-21
ans = 7.301161375487583e-21
ans = -2.862303413374899e-21
ans = -2.862355112163183e-21
nbcr = 7
lambda0 = 3.501084296647659
kmpl_prod = 0.180000000000000
 Time :      1.00000
 Time :      2.00000
 Time :      3.01000
 Time :      4.01000
 Time :      5.01000
 Time :      6.01000
 Time :      7.01000
 Time :      8.01000
 Time :      9.01000
 Time :     10.01000
 Time :     11.01000
 Time :     12.01000
 Time :     13.01000
 Time :     14.01000
 Time :     15.01000
 Time :     16.01000
 Time :     17.01000
 Time :     18.00000
 Time :     19.00000
 Time :     20.00000
 Time :     21.00000
 Time :     22.00000
 Time :     23.00000
 Time :     24.00000
 Time :     25.00000
 Time :     26.00000
 Time :     27.00000
 Time :     28.00000
 Time :     29.00000
 Time :     30.00000
 Time :     31.00000
 Time :     32.00000
 Time :     33.00000
 Time :     34.00000
 Time :     35.00000
dtime = 32.46734552085400
mbcr =

 Columns 1 through 3:

   5.989004650738202e-05   4.757571848495745e-05   8.462814834605003e-05

 Columns 4 and 5:

   2.873727323506779e-04   2.431790567094874e-04

agsout =

 Columns 1 through 3:

   1.836455120498745e-02   6.159693172691312e-03   6.159693172691340e-03
   1.838898111683781e-02   6.182849522608755e-03   6.182849522608707e-03
   1.837971427780823e-02   6.182745074092490e-03   6.182745074092478e-03
   1.831737430640715e-02   6.179418367741241e-03   6.179418367741225e-03
   1.832876552267350e-02   6.180236701406784e-03   6.180236701406784e-03

 Columns 4 through 6:

   6.159693172691325e-03   6.159693172691329e-03   6.159693172691320e-03
   6.182849522608695e-03   6.182849522608721e-03   6.182849522608706e-03
   6.182745074092486e-03   6.182745074092484e-03   6.182745074092491e-03
   6.179418367741203e-03   6.179418367741218e-03   6.179418367741222e-03
   6.180236701406795e-03   6.180236701406794e-03   6.180236701406786e-03

 Column 7:

   6.159693172691320e-03
   6.182849522608702e-03
   6.182745074092494e-03
   6.179418367741218e-03
   6.180236701406787e-03

ans = 7.462823486453416e-21
ans = 6.842851617344921e-22
ans = 6.714121634516357e-22
ans = 6.773575241043605e-22
ans = 6.748242834784169e-22
ans = 6.806145477662881e-22
ans = -2.707517241250913e-21
nbcr = 7
lambda0 = 3.501084296647659
kmpl_prod = 0.180000000000000
 Time :      1.00000
 Time :      2.00000
 Time :      3.01000
 Time :      4.01000
 Time :      5.01000
 Time :      6.01000
 Time :      7.01000
 Time :      8.01000
 Time :      9.01000
 Time :     10.01000
 Time :     11.01000
 Time :     12.01000
 Time :     13.01000
 Time :     14.01000
 Time :     15.01000
 Time :     16.01000
 Time :     17.01000
 Time :     18.00000
 Time :     19.00000
 Time :     20.00000
 Time :     21.00000
 Time :     22.00000
 Time :     23.00000
 Time :     24.00000
 Time :     25.00000
 Time :     26.00000
 Time :     27.00000
 Time :     28.00000
 Time :     29.00000
 Time :     30.00000
 Time :     31.00000
 Time :     32.00000
 Time :     33.00000
 Time :     34.00000
 Time :     35.00000
dtime = 32.15323537588120
mbcr =

 Columns 1 through 3:

   5.989004650738202e-05   4.757571848495745e-05   8.462814834605003e-05

 Columns 4 through 6:

   2.873727323506779e-04   2.431790567094874e-04   4.876467091718865e-04

agsout =

 Columns 1 through 3:

   1.836455120498745e-02   6.159693172691312e-03   6.159693172691340e-03
   1.838898111683781e-02   6.182849522608755e-03   6.182849522608707e-03
   1.837971427780823e-02   6.182745074092490e-03   6.182745074092478e-03
   1.831737430640715e-02   6.179418367741241e-03   6.179418367741225e-03
   1.832876552267350e-02   6.180236701406784e-03   6.180236701406784e-03
   1.825719935461690e-02   6.176088196812122e-03   6.176088196812095e-03

 Columns 4 through 6:

   6.159693172691325e-03   6.159693172691329e-03   6.159693172691320e-03
   6.182849522608695e-03   6.182849522608721e-03   6.182849522608706e-03
   6.182745074092486e-03   6.182745074092484e-03   6.182745074092491e-03
   6.179418367741203e-03   6.179418367741218e-03   6.179418367741222e-03
   6.180236701406795e-03   6.180236701406794e-03   6.180236701406786e-03
   6.176088196812153e-03   6.176088196812110e-03   6.176088196812140e-03

 Column 7:

   6.159693172691320e-03
   6.182849522608702e-03
   6.182745074092494e-03
   6.179418367741218e-03
   6.180236701406787e-03
   6.176088196812141e-03

ans = 6.918952233699800e-21
ans = 4.923534102280474e-21
ans = 4.923740897433613e-21
ans = 8.308460566424033e-21
ans = 1.534781927803858e-21
ans = 1.532196988389630e-21
ans = 4.930565137487175e-21
dkps =

 Columns 1 through 3:

   3.638674727937121e+02   9.077409574760363e+00   2.661837070802305e+00

 Columns 4 through 6:

   1.369526779075002e+01   9.854684783024197e-01   4.267574487705863e+01

nbcr = 10
lambda0 = 3.501084296647659
kmpl_prod = 0.180000000000000
 Time :      1.00000
 Time :      2.00000
 Time :      3.01000
 Time :      4.01000
 Time :      5.01000
 Time :      6.01000
 Time :      7.01000
 Time :      8.01000
 Time :      9.01000
 Time :     10.01000
 Time :     11.01000
 Time :     12.01000
 Time :     13.01000
 Time :     14.01000
 Time :     15.01000
 Time :     16.01000
 Time :     17.01000
 Time :     18.00000
 Time :     19.00000
 Time :     20.00000
 Time :     21.00000
 Time :     22.00000
 Time :     23.00000
 Time :     24.00000
 Time :     25.00000
 Time :     26.00000
 Time :     27.00000
 Time :     28.00000
 Time :     29.00000
 Time :     30.00000
 Time :     31.00000
 Time :     32.00000
 Time :     33.00000
 Time :     34.00000
 Time :     35.00000
dtime = 47.13742285966873
mbcr = 5.221270471672276e-05
agsout =

 Columns 1 through 3:

   1.352833048523765e-02   5.332073814795330e-03   5.332073814795323e-03

 Columns 4 through 6:

   5.332073814795276e-03   5.332073814795324e-03   5.332073814795273e-03

 Columns 7 through 9:

   5.332073814795321e-03   5.332073814795288e-03   5.332073814795291e-03

 Column 10:

   5.332073814795284e-03

ans = -8.008531421964552e-21
ans = -1.414789040195385e-21
ans = 1.973135953668678e-21
ans = 1.968689857876206e-21
ans = 1.968172869993360e-21
ans = -1.411480317745173e-21
ans = -1.419855521447272e-21
ans = -1.420269111753549e-21
ans = 1.968276267569929e-21
ans = 5.356511454163700e-21
nbcr = 10
lambda0 = 3.501084296647659
kmpl_prod = 0.180000000000000
 Time :      1.00000
 Time :      2.00000
 Time :      3.01000
 Time :      4.01000
 Time :      5.01000
 Time :      6.01000
 Time :      7.01000
 Time :      8.01000
 Time :      9.01000
 Time :     10.01000
 Time :     11.01000
 Time :     12.01000
 Time :     13.01000
 Time :     14.01000
 Time :     15.01000
 Time :     16.01000
 Time :     17.01000
 Time :     18.00000
 Time :     19.00000
 Time :     20.00000
 Time :     21.00000
 Time :     22.00000
 Time :     23.00000
 Time :     24.00000
 Time :     25.00000
 Time :     26.00000
 Time :     27.00000
 Time :     28.00000
 Time :     29.00000
 Time :     30.00000
 Time :     31.00000
 Time :     32.00000
 Time :     33.00000
 Time :     34.00000
 Time :     35.00000
dtime = 46.72350436449051
mbcr =

   5.221270471672276e-05   4.048599506421787e-05

agsout =

 Columns 1 through 3:

   1.352833048523765e-02   5.332073814795330e-03   5.332073814795323e-03
   1.353719144114160e-02   5.339850003912729e-03   5.339850003912733e-03

 Columns 4 through 6:

   5.332073814795276e-03   5.332073814795324e-03   5.332073814795273e-03
   5.339850003912719e-03   5.339850003912712e-03   5.339850003912743e-03

 Columns 7 through 9:

   5.332073814795321e-03   5.332073814795288e-03   5.332073814795291e-03
   5.339850003912745e-03   5.339850003912734e-03   5.339850003912742e-03

 Column 10:

   5.332073814795284e-03
   5.339850003912741e-03

ans = 8.113777927567894e-21
ans = 1.438467085229715e-21
ans = 4.836318246444415e-21
ans = 1.435054965202934e-21
ans = 1.440224844031390e-21
ans = -1.947079764373258e-21
ans = 4.819671236616785e-21
ans = 4.826288681517209e-21
ans = 4.826598874246916e-21
ans = 4.821015405112184e-21
nbcr = 10
lambda0 = 3.501084296647659
kmpl_prod = 0.180000000000000
 Time :      1.00000
 Time :      2.00000
 Time :      3.01000
 Time :      4.01000
 Time :      5.01000
 Time :      6.01000
 Time :      7.01000
 Time :      8.01000
 Time :      9.01000
 Time :     10.01000
 Time :     11.01000
 Time :     12.01000
 Time :     13.01000
 Time :     14.01000
 Time :     15.01000
 Time :     16.01000
 Time :     17.01000
 Time :     18.00000
 Time :     19.00000
 Time :     20.00000
 Time :     21.00000
 Time :     22.00000
 Time :     23.00000
 Time :     24.00000
 Time :     25.00000
 Time :     26.00000
 Time :     27.00000
 Time :     28.00000
 Time :     29.00000
 Time :     30.00000
 Time :     31.00000
 Time :     32.00000
 Time :     33.00000
 Time :     34.00000
 Time :     35.00000
dtime = 45.90116925537586
mbcr =

   5.221270471672276e-05   4.048599506421787e-05   4.217384279664860e-05

agsout =

 Columns 1 through 3:

   1.352833048523765e-02   5.332073814795330e-03   5.332073814795323e-03
   1.353719144114160e-02   5.339850003912729e-03   5.339850003912733e-03
   1.353787014399937e-02   5.340609823416493e-03   5.340609823416565e-03

 Columns 4 through 6:

   5.332073814795276e-03   5.332073814795324e-03   5.332073814795273e-03
   5.339850003912719e-03   5.339850003912712e-03   5.339850003912743e-03
   5.340609823416520e-03   5.340609823416560e-03   5.340609823416516e-03

 Columns 7 through 9:

   5.332073814795321e-03   5.332073814795288e-03   5.332073814795291e-03
   5.339850003912745e-03   5.339850003912734e-03   5.339850003912742e-03
   5.340609823416517e-03   5.340609823416543e-03   5.340609823416548e-03

 Column 10:

   5.332073814795284e-03
   5.339850003912741e-03
   5.340609823416548e-03

ans = 7.618074947671962e-22
ans = 9.054732575311717e-21
ans = 9.055249563194563e-21
ans = 9.047081154645602e-21
ans = 1.244834443588708e-20
ans = 1.244513911101344e-20
ans = 1.245920118142684e-20
ans = 9.056800526843100e-21
ans = 9.051734045591213e-21
ans = 9.053388406816319e-21
nbcr = 10
lambda0 = 3.501084296647659
kmpl_prod = 0.180000000000000
 Time :      1.00000
 Time :      2.00000
 Time :      3.01000
 Time :      4.01000
 Time :      5.01000
 Time :      6.01000
 Time :      7.01000
 Time :      8.01000
 Time :      9.01000
 Time :     10.01000
 Time :     11.01000
 Time :     12.01000
 Time :     13.01000
 Time :     14.01000
 Time :     15.01000
 Time :     16.01000
 Time :     17.01000
 Time :     18.00000
 Time :     19.00000
 Time :     20.00000
 Time :     21.00000
 Time :     22.00000
 Time :     23.00000
 Time :     24.00000
 Time :     25.00000
 Time :     26.00000
 Time :     27.00000
 Time :     28.00000
 Time :     29.00000
 Time :     30.00000
 Time :     31.00000
 Time :     32.00000
 Time :     33.00000
 Time :     34.00000
 Time :     35.00000
dtime = 46.05588577687740
mbcr =

 Columns 1 through 3:

   5.221270471672276e-05   4.048599506421787e-05   4.217384279664860e-05

 Column 4:

   4.540857834226960e-04

agsout =

 Columns 1 through 3:

   1.352833048523765e-02   5.332073814795330e-03   5.332073814795323e-03
   1.353719144114160e-02   5.339850003912729e-03   5.339850003912733e-03
   1.353787014399937e-02   5.340609823416493e-03   5.340609823416565e-03
   1.343304968550854e-02   5.334259089006515e-03   5.334259089006513e-03

 Columns 4 through 6:

   5.332073814795276e-03   5.332073814795324e-03   5.332073814795273e-03
   5.339850003912719e-03   5.339850003912712e-03   5.339850003912743e-03
   5.340609823416520e-03   5.340609823416560e-03   5.340609823416516e-03
   5.334259089006516e-03   5.334259089006525e-03   5.334259089006528e-03

 Columns 7 through 9:

   5.332073814795321e-03   5.332073814795288e-03   5.332073814795291e-03
   5.339850003912745e-03   5.339850003912734e-03   5.339850003912742e-03
   5.340609823416517e-03   5.340609823416543e-03   5.340609823416548e-03
   5.334259089006488e-03   5.334259089006478e-03   5.334259089006507e-03

 Column 10:

   5.332073814795284e-03
   5.339850003912741e-03
   5.340609823416548e-03
   5.334259089006506e-03

ans = 1.195110549016614e-20
ans = 4.925653752600142e-21
ans = 4.932788185383411e-21
ans = 4.929272667780061e-21
ans = 8.320919974400613e-21
ans = 8.320609781670905e-21
ans = 1.170750079976928e-20
ans = 8.319369010752076e-21
ans = 4.927411511401817e-21
ans = 8.317301059220693e-21
nbcr = 10
lambda0 = 3.501084296647659
kmpl_prod = 0.180000000000000
 Time :      1.00000
 Time :      2.00000
 Time :      3.01000
 Time :      4.01000
 Time :      5.01000
 Time :      6.01000
 Time :      7.01000
 Time :      8.01000
 Time :      9.01000
 Time :     10.01000
 Time :     11.01000
 Time :     12.01000
 Time :     13.01000
 Time :     14.01000
 Time :     15.01000
 Time :     16.01000
 Time :     17.01000
 Time :     18.00000
 Time :     19.00000
 Time :     20.00000
 Time :     21.00000
 Time :     22.00000
 Time :     23.00000
 Time :     24.00000
 Time :     25.00000
 Time :     26.00000
 Time :     27.00000
 Time :     28.00000
 Time :     29.00000
 Time :     30.00000
 Time :     31.00000
 Time :     32.00000
 Time :     33.00000
 Time :     34.00000
 Time :     35.00000
dtime = 46.16937339305878
mbcr =

 Columns 1 through 3:

   5.221270471672276e-05   4.048599506421787e-05   4.217384279664860e-05

 Columns 4 and 5:

   4.540857834226960e-04   1.074265527248742e-02

agsout =

 Columns 1 through 3:

   1.352833048523765e-02   5.332073814795330e-03   5.332073814795323e-03
   1.353719144114160e-02   5.339850003912729e-03   5.339850003912733e-03
   1.353787014399937e-02   5.340609823416493e-03   5.340609823416565e-03
   1.343304968550854e-02   5.334259089006515e-03   5.334259089006513e-03
   1.075588808127408e-02   5.186646611382349e-03   5.186646611382352e-03

 Columns 4 through 6:

   5.332073814795276e-03   5.332073814795324e-03   5.332073814795273e-03
   5.339850003912719e-03   5.339850003912712e-03   5.339850003912743e-03
   5.340609823416520e-03   5.340609823416560e-03   5.340609823416516e-03
   5.334259089006516e-03   5.334259089006525e-03   5.334259089006528e-03
   5.186646611382351e-03   5.186646611382339e-03   5.186646611382345e-03

 Columns 7 through 9:

   5.332073814795321e-03   5.332073814795288e-03   5.332073814795291e-03
   5.339850003912745e-03   5.339850003912734e-03   5.339850003912742e-03
   5.340609823416517e-03   5.340609823416543e-03   5.340609823416548e-03
   5.334259089006488e-03   5.334259089006478e-03   5.334259089006507e-03
   5.186646611382343e-03   5.186646611382344e-03   5.186646611382361e-03

 Column 10:

   5.332073814795284e-03
   5.339850003912741e-03
   5.340609823416548e-03
   5.334259089006506e-03
   5.186646611382358e-03

ans = 6.054962083888163e-22
ans = 7.251375442369548e-21
ans = 4.730439128037627e-22
ans = 3.866759170955697e-21
ans = 7.254580767243191e-21
ans = 4.748016716054379e-22
ans = 3.864898014577453e-21
ans = 7.249721081144442e-21
ans = 4.800749480104634e-22
ans = 4.765594304071131e-22
nbcr = 10
lambda0 = 3.501084296647659
kmpl_prod = 0.180000000000000
 Time :      1.00000
 Time :      2.00000
 Time :      3.01000
 Time :      4.01000
 Time :      5.01000
 Time :      6.01000
 Time :      7.01000
 Time :      8.01000
 Time :      9.01000
 Time :     10.01000
 Time :     11.01000
 Time :     12.01000
 Time :     13.01000
 Time :     14.01000
 Time :     15.01000
 Time :     16.01000
 Time :     17.01000
 Time :     18.00000
 Time :     19.00000
 Time :     20.00000
 Time :     21.00000
 Time :     22.00000
 Time :     23.00000
 Time :     24.00000
 Time :     25.00000
 Time :     26.00000
 Time :     27.00000
 Time :     28.00000
 Time :     29.00000
 Time :     30.00000
 Time :     31.00000
 Time :     32.00000
 Time :     33.00000
 Time :     34.00000
 Time :     35.00000
dtime = 46.36221081018448
mbcr =

 Columns 1 through 3:

   5.221270471672276e-05   4.048599506421787e-05   4.217384279664860e-05

 Columns 4 through 6:

   4.540857834226960e-04   1.074265527248742e-02   7.816902720793617e-02

agsout =

 Columns 1 through 3:

   1.352833048523765e-02   5.332073814795330e-03   5.332073814795323e-03
   1.353719144114160e-02   5.339850003912729e-03   5.339850003912733e-03
   1.353787014399937e-02   5.340609823416493e-03   5.340609823416565e-03
   1.343304968550854e-02   5.334259089006515e-03   5.334259089006513e-03
   1.075588808127408e-02   5.186646611382349e-03   5.186646611382352e-03
   1.020780839995461e-03   4.856001876527488e-03   4.856001876527479e-03

 Columns 4 through 6:

   5.332073814795276e-03   5.332073814795324e-03   5.332073814795273e-03
   5.339850003912719e-03   5.339850003912712e-03   5.339850003912743e-03
   5.340609823416520e-03   5.340609823416560e-03   5.340609823416516e-03
   5.334259089006516e-03   5.334259089006525e-03   5.334259089006528e-03
   5.186646611382351e-03   5.186646611382339e-03   5.186646611382345e-03
   4.856001876527477e-03   4.856001876527508e-03   4.856001876527473e-03

 Columns 7 through 9:

   5.332073814795321e-03   5.332073814795288e-03   5.332073814795291e-03
   5.339850003912745e-03   5.339850003912734e-03   5.339850003912742e-03
   5.340609823416517e-03   5.340609823416543e-03   5.340609823416548e-03
   5.334259089006488e-03   5.334259089006478e-03   5.334259089006507e-03
   5.186646611382343e-03   5.186646611382344e-03   5.186646611382361e-03
   4.856001876527512e-03   4.856001876527509e-03   4.856001876527497e-03

 Column 10:

   5.332073814795284e-03
   5.339850003912741e-03
   5.340609823416548e-03
   5.334259089006506e-03
   5.186646611382358e-03
   4.856001876527499e-03

ans = 4.235164736271502e-21
ans = -6.139748096674848e-22
ans = 9.551351135573241e-21
ans = 9.554349665293746e-21
ans = -3.989905684649529e-21
ans = 6.170250381762741e-21
ans = -6.105626896407036e-22
ans = 2.771158449629212e-21
ans = 2.782635580628385e-21
ans = 2.786357893384874e-21
dkps =

 Columns 1 through 3:

   5.748864004745391e+00   9.176274077604639e+01   5.901674825167550e+00

 Columns 4 through 6:

   1.206383130903818e+01   2.974634127709600e+01   4.479610897503859e+01

nbcr = 15
lambda0 = 3.501084296647659
kmpl_prod = 0.180000000000000
 Time :      1.00000
 Time :      2.00000
 Time :      3.01000
 Time :      4.01000
 Time :      5.01000
 Time :      6.01000
 Time :      7.01000
 Time :      8.01000
 Time :      9.01000
 Time :     10.01000
 Time :     11.01000
 Time :     12.01000
 Time :     13.01000
 Time :     14.01000
 Time :     15.01000
 Time :     16.01000
 Time :     17.01000
 Time :     18.00000
 Time :     19.00000
 Time :     20.00000
 Time :     21.00000
 Time :     22.00000
 Time :     23.00000
 Time :     24.00000
 Time :     25.00000
 Time :     26.00000
 Time :     27.00000
 Time :     28.00000
 Time :     29.00000
 Time :     30.00000
 Time :     31.00000
 Time :     32.00000
 Time :     33.00000
 Time :     34.00000
 Time :     35.00000
dtime = 72.71891757845879
mbcr = 4.601583056215314e-05
agsout =

 Columns 1 through 3:

   1.003277977874561e-02   4.736198918091843e-03   4.736198918091818e-03

 Columns 4 through 6:

   4.736198918091864e-03   4.736198918091825e-03   4.736198918091832e-03

 Columns 7 through 9:

   4.736198918091827e-03   4.736198918091827e-03   4.736198918091829e-03

 Columns 10 through 12:

   4.736198918091844e-03   4.736198918091815e-03   4.736198918091814e-03

 Columns 13 through 15:

   4.736198918091833e-03   4.736198918091814e-03   4.736198918091811e-03

ans = -2.649382818416473e-21
ans = -9.578751493364060e-22
ans = -7.725039740632725e-21
ans = -9.642857990836920e-22
ans = -4.346627323813022e-21
ans = -9.735915809749136e-22
ans = -1.112040936000977e-20
ans = -4.343732191669087e-21
ans = -7.731657185533150e-21
ans = -4.341457444984566e-21
ans = -4.340630264372013e-21
ans = -7.728762053389214e-21
ans = -9.556004026518852e-22
ans = -4.343732191669087e-21
ans = -7.732070775839426e-21
nbcr = 15
lambda0 = 3.501084296647659
kmpl_prod = 0.180000000000000
 Time :      1.00000
 Time :      2.00000
 Time :      3.01000
 Time :      4.01000
 Time :      5.01000
 Time :      6.01000
 Time :      7.01000
 Time :      8.01000
 Time :      9.01000
 Time :     10.01000
 Time :     11.01000
 Time :     12.01000
 Time :     13.01000
 Time :     14.01000
 Time :     15.01000
 Time :     16.01000
 Time :     17.01000
 Time :     18.00000
 Time :     19.00000
 Time :     20.00000
 Time :     21.00000
 Time :     22.00000
 Time :     23.00000
 Time :     24.00000
 Time :     25.00000
 Time :     26.00000
 Time :     27.00000
 Time :     28.00000
 Time :     29.00000
 Time :     30.00000
 Time :     31.00000
 Time :     32.00000
 Time :     33.00000
 Time :     34.00000
 Time :     35.00000
dtime = 71.76594547927380
mbcr =

   4.601583056215314e-05   3.818509339325832e-05

agsout =

 Columns 1 through 3:

   1.003277977874561e-02   4.736198918091843e-03   4.736198918091818e-03
   1.002580566885030e-02   4.728464201600506e-03   4.728464201600423e-03

 Columns 4 through 6:

   4.736198918091864e-03   4.736198918091825e-03   4.736198918091832e-03
   4.728464201600515e-03   4.728464201600444e-03   4.728464201600438e-03

 Columns 7 through 9:

   4.736198918091827e-03   4.736198918091827e-03   4.736198918091829e-03
   4.728464201600489e-03   4.728464201600466e-03   4.728464201600485e-03

 Columns 10 through 12:

   4.736198918091844e-03   4.736198918091815e-03   4.736198918091814e-03
   4.728464201600432e-03   4.728464201600430e-03   4.728464201600425e-03

 Columns 13 through 15:

   4.736198918091833e-03   4.736198918091814e-03   4.736198918091811e-03
   4.728464201600472e-03   4.728464201600419e-03   4.728464201600420e-03

ans = 4.937441076329022e-21
ans = 1.427817134843095e-20
ans = 7.498185457640058e-21
ans = 1.766588954714187e-20
ans = 1.087494351323465e-20
ans = 1.088300852420705e-20
ans = 1.424487732877569e-20
ans = 7.475024400488573e-21
ans = 7.509765986215800e-21
ans = 1.088135416298194e-20
ans = 1.425976657980164e-20
ans = 1.088383570481960e-20
ans = 1.426865877138659e-20
ans = 4.111708029847962e-21
ans = 4.104470199488123e-21
nbcr = 15
lambda0 = 3.501084296647659
kmpl_prod = 0.180000000000000
 Time :      1.00000
 Time :      2.00000
 Time :      3.01000
 Time :      4.01000
 Time :      5.01000
 Time :      6.01000
 Time :      7.01000
 Time :      8.01000
 Time :      9.01000
 Time :     10.01000
 Time :     11.01000
 Time :     12.01000
 Time :     13.01000
 Time :     14.01000
 Time :     15.01000
 Time :     16.01000
 Time :     17.01000
 Time :     18.00000
 Time :     19.00000
 Time :     20.00000
 Time :     21.00000
 Time :     22.00000
 Time :     23.00000
 Time :     24.00000
 Time :     25.00000
 Time :     26.00000
 Time :     27.00000
 Time :     28.00000
 Time :     29.00000
 Time :     30.00000
 Time :     31.00000
 Time :     32.00000
 Time :     33.00000
 Time :     34.00000
 Time :     35.00000
dtime = 70.58703415095806
mbcr =

   4.601583056215314e-05   3.818509339325832e-05   3.611256907220912e-05

agsout =

 Columns 1 through 3:

   1.003277977874561e-02   4.736198918091843e-03   4.736198918091818e-03
   1.002580566885030e-02   4.728464201600506e-03   4.728464201600423e-03
   1.002684814255537e-02   4.729488095132447e-03   4.729488095132425e-03

 Columns 4 through 6:

   4.736198918091864e-03   4.736198918091825e-03   4.736198918091832e-03
   4.728464201600515e-03   4.728464201600444e-03   4.728464201600438e-03
   4.729488095132482e-03   4.729488095132395e-03   4.729488095132416e-03

 Columns 7 through 9:

   4.736198918091827e-03   4.736198918091827e-03   4.736198918091829e-03
   4.728464201600489e-03   4.728464201600466e-03   4.728464201600485e-03
   4.729488095132392e-03   4.729488095132413e-03   4.729488095132398e-03

 Columns 10 through 12:

   4.736198918091844e-03   4.736198918091815e-03   4.736198918091814e-03
   4.728464201600432e-03   4.728464201600430e-03   4.728464201600425e-03
   4.729488095132437e-03   4.729488095132428e-03   4.729488095132423e-03

 Columns 13 through 15:

   4.736198918091833e-03   4.736198918091814e-03   4.736198918091811e-03
   4.728464201600472e-03   4.728464201600419e-03   4.728464201600420e-03
   4.729488095132431e-03   4.729488095132427e-03   4.729488095132428e-03

ans = 6.639303794345789e-22
ans = 1.754036488918695e-21
ans = 1.761067524125396e-21
ans = 1.194076573250923e-20
ans = 5.162847793249722e-21
ans = 8.544568932519638e-21
ans = 1.783608195817466e-21
ans = 1.776163570304489e-21
ans = 1.781953834592360e-21
ans = 8.540846619763149e-21
ans = 8.548291245276126e-21
ans = 8.553874714410859e-21
ans = 5.145063410079832e-21
ans = -1.609486676875054e-21
ans = 5.160366251412063e-21
nbcr = 15
lambda0 = 3.501084296647659
kmpl_prod = 0.180000000000000
 Time :      1.00000
 Time :      2.00000
 Time :      3.01000
 Time :      4.01000
 Time :      5.01000
 Time :      6.01000
 Time :      7.01000
 Time :      8.01000
 Time :      9.01000
 Time :     10.01000
 Time :     11.01000
 Time :     12.01000
 Time :     13.01000
 Time :     14.01000
 Time :     15.01000
 Time :     16.01000
 Time :     17.01000
 Time :     18.00000
 Time :     19.00000
 Time :     20.00000
 Time :     21.00000
 Time :     22.00000
 Time :     23.00000
 Time :     24.00000
 Time :     25.00000
 Time :     26.00000
 Time :     27.00000
 Time :     28.00000
 Time :     29.00000
 Time :     30.00000
 Time :     31.00000
 Time :     32.00000
 Time :     33.00000
 Time :     34.00000
 Time :     35.00000
dtime = 70.76199799776077
mbcr =

 Columns 1 through 3:

   4.601583056215314e-05   3.818509339325832e-05   3.611256907220912e-05

 Column 4:

   6.314139548847987e-05

agsout =

 Columns 1 through 3:

   1.003277977874561e-02   4.736198918091843e-03   4.736198918091818e-03
   1.002580566885030e-02   4.728464201600506e-03   4.728464201600423e-03
   1.002684814255537e-02   4.729488095132447e-03   4.729488095132425e-03
   1.001998557180841e-02   4.729149753610606e-03   4.729149753610691e-03

 Columns 4 through 6:

   4.736198918091864e-03   4.736198918091825e-03   4.736198918091832e-03
   4.728464201600515e-03   4.728464201600444e-03   4.728464201600438e-03
   4.729488095132482e-03   4.729488095132395e-03   4.729488095132416e-03
   4.729149753610619e-03   4.729149753610662e-03   4.729149753610666e-03

 Columns 7 through 9:

   4.736198918091827e-03   4.736198918091827e-03   4.736198918091829e-03
   4.728464201600489e-03   4.728464201600466e-03   4.728464201600485e-03
   4.729488095132392e-03   4.729488095132413e-03   4.729488095132398e-03
   4.729149753610702e-03   4.729149753610678e-03   4.729149753610679e-03

 Columns 10 through 12:

   4.736198918091844e-03   4.736198918091815e-03   4.736198918091814e-03
   4.728464201600432e-03   4.728464201600430e-03   4.728464201600425e-03
   4.729488095132437e-03   4.729488095132428e-03   4.729488095132423e-03
   4.729149753610671e-03   4.729149753610664e-03   4.729149753610681e-03

 Columns 13 through 15:

   4.736198918091833e-03   4.736198918091814e-03   4.736198918091811e-03
   4.728464201600472e-03   4.728464201600419e-03   4.728464201600420e-03
   4.729488095132431e-03   4.729488095132427e-03   4.729488095132428e-03
   4.729149753610682e-03   4.729149753610690e-03   4.729149753610688e-03

ans = 1.889280519071115e-21
ans = 1.923815309645204e-21
ans = 1.948423932868657e-21
ans = 5.310913122896714e-21
ans = 1.928158007861108e-21
ans = -1.459560190849817e-21
ans = -1.464936864831412e-21
ans = -1.463282503606306e-21
ans = 1.210661544532611e-20
ans = 1.928158007861108e-21
ans = 1.931673525464458e-21
ans = -4.853068653848613e-21
ans = 8.711039030795934e-21
ans = 8.725721486668751e-21
ans = 5.329524686679157e-21
nbcr = 15
lambda0 = 3.501084296647659
kmpl_prod = 0.180000000000000
 Time :      1.00000
 Time :      2.00000
 Time :      3.01000
 Time :      4.01000
 Time :      5.01000
 Time :      6.01000
 Time :      7.01000
 Time :      8.01000
 Time :      9.01000
 Time :     10.01000
 Time :     11.01000
 Time :     12.01000
 Time :     13.01000
 Time :     14.01000
 Time :     15.01000
 Time :     16.01000
 Time :     17.01000
 Time :     18.00000
 Time :     19.00000
 Time :     20.00000
 Time :     21.00000
 Time :     22.00000
 Time :     23.00000
 Time :     24.00000
 Time :     25.00000
 Time :     26.00000
 Time :     27.00000
 Time :     28.00000
 Time :     29.00000
 Time :     30.00000
 Time :     31.00000
 Time :     32.00000
 Time :     33.00000
 Time :     34.00000
 Time :     35.00000
dtime = 70.76472379267216
mbcr =

 Columns 1 through 3:

   4.601583056215314e-05   3.818509339325832e-05   3.611256907220912e-05

 Columns 4 and 5:

   6.314139548847987e-05   2.858110115507845e-03

agsout =

 Columns 1 through 3:

   1.003277977874561e-02   4.736198918091843e-03   4.736198918091818e-03
   1.002580566885030e-02   4.728464201600506e-03   4.728464201600423e-03
   1.002684814255537e-02   4.729488095132447e-03   4.729488095132425e-03
   1.001998557180841e-02   4.729149753610606e-03   4.729149753610691e-03
   9.260405376402063e-03   4.691350769378938e-03   4.691350769378961e-03

 Columns 4 through 6:

   4.736198918091864e-03   4.736198918091825e-03   4.736198918091832e-03
   4.728464201600515e-03   4.728464201600444e-03   4.728464201600438e-03
   4.729488095132482e-03   4.729488095132395e-03   4.729488095132416e-03
   4.729149753610619e-03   4.729149753610662e-03   4.729149753610666e-03
   4.691350769379013e-03   4.691350769378961e-03   4.691350769378952e-03

 Columns 7 through 9:

   4.736198918091827e-03   4.736198918091827e-03   4.736198918091829e-03
   4.728464201600489e-03   4.728464201600466e-03   4.728464201600485e-03
   4.729488095132392e-03   4.729488095132413e-03   4.729488095132398e-03
   4.729149753610702e-03   4.729149753610678e-03   4.729149753610679e-03
   4.691350769378991e-03   4.691350769378959e-03   4.691350769378982e-03

 Columns 10 through 12:

   4.736198918091844e-03   4.736198918091815e-03   4.736198918091814e-03
   4.728464201600432e-03   4.728464201600430e-03   4.728464201600425e-03
   4.729488095132437e-03   4.729488095132428e-03   4.729488095132423e-03
   4.729149753610671e-03   4.729149753610664e-03   4.729149753610681e-03
   4.691350769378960e-03   4.691350769378968e-03   4.691350769378976e-03

 Columns 13 through 15:

   4.736198918091833e-03   4.736198918091814e-03   4.736198918091811e-03
   4.728464201600472e-03   4.728464201600419e-03   4.728464201600420e-03
   4.729488095132431e-03   4.729488095132427e-03   4.729488095132428e-03
   4.729149753610682e-03   4.729149753610690e-03   4.729149753610688e-03
   4.691350769378973e-03   4.691350769378977e-03   4.691350769378976e-03

ans = -6.514874504467646e-21
ans = 1.821865299148043e-22
ans = 3.578590125057536e-21
ans = 3.574040631688494e-21
ans = 6.971271407443779e-21
ans = 3.593479376083490e-21
ans = 3.568663957706900e-21
ans = 1.035733524492960e-20
ans = 3.584587184498545e-21
ans = 6.968376275299843e-21
ans = 6.956795746724101e-21
ans = 1.034864984849779e-20
ans = 6.974166539587715e-21
ans = 6.958243312796069e-21
ans = 3.577969739598121e-21
nbcr = 15
lambda0 = 3.501084296647659
kmpl_prod = 0.180000000000000
 Time :      1.00000
 Time :      2.00000
 Time :      3.01000
 Time :      4.01000
 Time :      5.01000
 Time :      6.01000
 Time :      7.01000
 Time :      8.01000
 Time :      9.01000
 Time :     10.01000
 Time :     11.01000
 Time :     12.01000
 Time :     13.01000
 Time :     14.01000
 Time :     15.01000
 Time :     16.01000
 Time :     17.01000
 Time :     18.00000
 Time :     19.00000
 Time :     20.00000
 Time :     21.00000
 Time :     22.00000
 Time :     23.00000
 Time :     24.00000
 Time :     25.00000
 Time :     26.00000
 Time :     27.00000
 Time :     28.00000
 Time :     29.00000
 Time :     30.00000
 Time :     31.00000
 Time :     32.00000
 Time :     33.00000
 Time :     34.00000
 Time :     35.00000
dtime = 70.89246399700642
mbcr =

 Columns 1 through 3:

   4.601583056215314e-05   3.818509339325832e-05   3.611256907220912e-05

 Columns 4 through 6:

   6.314139548847987e-05   2.858110115507845e-03   9.028044301803026e-04

agsout =

 Columns 1 through 3:

   1.003277977874561e-02   4.736198918091843e-03   4.736198918091818e-03
   1.002580566885030e-02   4.728464201600506e-03   4.728464201600423e-03
   1.002684814255537e-02   4.729488095132447e-03   4.729488095132425e-03
   1.001998557180841e-02   4.729149753610606e-03   4.729149753610691e-03
   9.260405376402063e-03   4.691350769378938e-03   4.691350769378961e-03
   9.770282228193362e-03   4.718423318376081e-03   4.718423318376134e-03

 Columns 4 through 6:

   4.736198918091864e-03   4.736198918091825e-03   4.736198918091832e-03
   4.728464201600515e-03   4.728464201600444e-03   4.728464201600438e-03
   4.729488095132482e-03   4.729488095132395e-03   4.729488095132416e-03
   4.729149753610619e-03   4.729149753610662e-03   4.729149753610666e-03
   4.691350769379013e-03   4.691350769378961e-03   4.691350769378952e-03
   4.718423318376077e-03   4.718423318376081e-03   4.718423318376086e-03

 Columns 7 through 9:

   4.736198918091827e-03   4.736198918091827e-03   4.736198918091829e-03
   4.728464201600489e-03   4.728464201600466e-03   4.728464201600485e-03
   4.729488095132392e-03   4.729488095132413e-03   4.729488095132398e-03
   4.729149753610702e-03   4.729149753610678e-03   4.729149753610679e-03
   4.691350769378991e-03   4.691350769378959e-03   4.691350769378982e-03
   4.718423318376090e-03   4.718423318376092e-03   4.718423318376101e-03

 Columns 10 through 12:

   4.736198918091844e-03   4.736198918091815e-03   4.736198918091814e-03
   4.728464201600432e-03   4.728464201600430e-03   4.728464201600425e-03
   4.729488095132437e-03   4.729488095132428e-03   4.729488095132423e-03
   4.729149753610671e-03   4.729149753610664e-03   4.729149753610681e-03
   4.691350769378960e-03   4.691350769378968e-03   4.691350769378976e-03
   4.718423318376066e-03   4.718423318376077e-03   4.718423318376074e-03

 Columns 13 through 15:

   4.736198918091833e-03   4.736198918091814e-03   4.736198918091811e-03
   4.728464201600472e-03   4.728464201600419e-03   4.728464201600420e-03
   4.729488095132431e-03   4.729488095132427e-03   4.729488095132428e-03
   4.729149753610682e-03   4.729149753610690e-03   4.729149753610688e-03
   4.691350769378973e-03   4.691350769378977e-03   4.691350769378976e-03
   4.718423318376087e-03   4.718423318376087e-03   4.718423318376089e-03

ans = 3.432799542095065e-21
ans = -1.009573937620970e-21
ans = 5.765035279188326e-21
ans = 5.756556677909658e-21
ans = -1.004197263639376e-21
ans = -4.383643656224770e-21
ans = 2.384141320530964e-21
ans = 2.395308258800430e-21
ans = -9.928235302167715e-22
ans = -4.400807653935245e-21
ans = 5.779097349601728e-21
ans = 5.770411953169921e-21
ans = -1.003990468486237e-21
ans = -9.988205896577809e-22
ans = -1.000681746036025e-21
