warning: function /home/surgeon/flu/amcode/perelson21/1d2agt/4paper/2submit/run.m shadows a core library function
warning: called from
    driver at line 1 column 1

lambda0 = 3.501084296647659
kmpl_prod = 0.180000000000000
dkps =

 Columns 1 through 3:

   6.271073340929224e+01   2.449287982228752e+01   6.206952827418214e-01

 Columns 4 through 6:

   9.650595621068064e+00   2.969833777993979e+01   1.726805384681016e+00

nbcr = 2
lambda0 = 3.501084296647659
kmpl_prod = 0.180000000000000
 Time :      1.00000
 Time :      2.00000
 Time :      3.01000
 Time :      4.01000
 Time :      5.01000
 Time :      6.01000
 Time :      7.01000
 Time :      8.01000
 Time :      9.01000
 Time :     10.01000
 Time :     11.01000
 Time :     12.01000
 Time :     13.01000
 Time :     14.01000
 Time :     15.01000
 Time :     16.01000
 Time :     17.01000
 Time :     18.00000
 Time :     19.00000
 Time :     20.00000
 Time :     21.00000
 Time :     22.00000
 Time :     23.00000
 Time :     24.00000
 Time :     25.00000
 Time :     26.00000
 Time :     27.00000
 Time :     28.00000
 Time :     29.00000
 Time :     30.00000
 Time :     31.00000
 Time :     32.00000
 Time :     33.00000
 Time :     34.00000
 Time :     35.00000
dtime = 5.053593590855598
mbcr = 0.500000000000000
agsout =

   1.110448042063631e-02   1.110448042063631e-02

ans = 6.777119839215366e-21
ans = -3.232570135068948e-21
nbcr = 2
lambda0 = 3.501084296647659
kmpl_prod = 0.180000000000000
 Time :      1.00000
 Time :      2.00000
 Time :      3.01000
 Time :      4.01000
 Time :      5.01000
 Time :      6.01000
 Time :      7.01000
 Time :      8.01000
 Time :      9.01000
 Time :     10.01000
 Time :     11.01000
 Time :     12.01000
 Time :     13.01000
 Time :     14.01000
 Time :     15.01000
 Time :     16.01000
 Time :     17.01000
 Time :     18.00000
 Time :     19.00000
 Time :     20.00000
 Time :     21.00000
 Time :     22.00000
 Time :     23.00000
 Time :     24.00000
 Time :     25.00000
 Time :     26.00000
 Time :     27.00000
 Time :     28.00000
 Time :     29.00000
 Time :     30.00000
 Time :     31.00000
 Time :     32.00000
 Time :     33.00000
 Time :     34.00000
 Time :     35.00000
dtime = 4.956671968102455
mbcr =

   0.500000000000000   0.546367231959369

agsout =

   1.110448042063631e-02   1.110448042063631e-02
   6.965456040127778e-03   1.091659789396314e-02

ans = 1.171507467225297e-20
ans = 4.896004497518944e-22
nbcr = 2
lambda0 = 3.501084296647659
kmpl_prod = 0.180000000000000
 Time :      1.00000
 Time :      2.00000
 Time :      3.01000
 Time :      4.01000
 Time :      5.01000
 Time :      6.01000
 Time :      7.01000
 Time :      8.01000
 Time :      9.01000
 Time :     10.01000
 Time :     11.01000
 Time :     12.01000
 Time :     13.01000
 Time :     14.01000
 Time :     15.01000
 Time :     16.01000
 Time :     17.01000
 Time :     18.00000
 Time :     19.00000
 Time :     20.00000
 Time :     21.00000
 Time :     22.00000
 Time :     23.00000
 Time :     24.00000
 Time :     25.00000
 Time :     26.00000
 Time :     27.00000
 Time :     28.00000
 Time :     29.00000
 Time :     30.00000
 Time :     31.00000
 Time :     32.00000
 Time :     33.00000
 Time :     34.00000
 Time :     35.00000
dtime = 4.999630898237228
mbcr =

   0.500000000000000   0.546367231959369   0.579201711439893

agsout =

   1.110448042063631e-02   1.110448042063631e-02
   6.965456040127778e-03   1.091659789396314e-02
   3.633230514367864e-03   1.104968795682980e-02

ans = 3.407673930988767e-21
ans = 2.436460494274943e-21
nbcr = 2
lambda0 = 3.501084296647659
kmpl_prod = 0.180000000000000
 Time :      1.00000
 Time :      2.00000
 Time :      3.01000
 Time :      4.01000
 Time :      5.01000
 Time :      6.01000
 Time :      7.01000
 Time :      8.01000
 Time :      9.01000
 Time :     10.01000
 Time :     11.01000
 Time :     12.01000
 Time :     13.01000
 Time :     14.01000
 Time :     15.01000
 Time :     16.01000
 Time :     17.01000
 Time :     18.00000
 Time :     19.00000
 Time :     20.00000
 Time :     21.00000
 Time :     22.00000
 Time :     23.00000
 Time :     24.00000
 Time :     25.00000
 Time :     26.00000
 Time :     27.00000
 Time :     28.00000
 Time :     29.00000
 Time :     30.00000
 Time :     31.00000
 Time :     32.00000
 Time :     33.00000
 Time :     34.00000
 Time :     35.00000
dtime = 5.379673093557358
mbcr =

   0.500000000000000   0.546367231959369   0.579201711439893   0.615129887537483

agsout =

   1.110448042063631e-02   1.110448042063631e-02
   6.965456040127778e-03   1.091659789396314e-02
   3.633230514367864e-03   1.104968795682980e-02
   4.165218168528012e-04   1.142025355555965e-02

ans = -3.414601568618898e-21
ans = 1.090302887997024e-20
nbcr = 2
lambda0 = 3.501084296647659
kmpl_prod = 0.180000000000000
 Time :      1.00000
 Time :      2.00000
 Time :      3.01000
 Time :      4.01000
 Time :      5.01000
 Time :      6.01000
 Time :      7.01000
 Time :      8.01000
 Time :      9.01000
 Time :     10.01000
 Time :     11.01000
 Time :     12.01000
 Time :     13.01000
 Time :     14.01000
 Time :     15.01000
 Time :     16.01000
 Time :     17.01000
 Time :     18.00000
 Time :     19.00000
 Time :     20.00000
 Time :     21.00000
 Time :     22.00000
 Time :     23.00000
 Time :     24.00000
 Time :     25.00000
 Time :     26.00000
 Time :     27.00000
 Time :     28.00000
 Time :     29.00000
 Time :     30.00000
 Time :     31.00000
 Time :     32.00000
 Time :     33.00000
 Time :     34.00000
 Time :     35.00000
dtime = 5.118811503052711
mbcr =

 Columns 1 through 4:

   0.500000000000000   0.546367231959369   0.579201711439893   0.615129887537483

 Column 5:

   0.606152537290712

agsout =

   1.110448042063631e-02   1.110448042063631e-02
   6.965456040127778e-03   1.091659789396314e-02
   3.633230514367864e-03   1.104968795682980e-02
   4.165218168528012e-04   1.142025355555965e-02
   7.549194075398676e-04   1.134993117424621e-02

ans = -4.963083675318166e-24
ans = 3.403137362316796e-21
nbcr = 2
lambda0 = 3.501084296647659
kmpl_prod = 0.180000000000000
 Time :      1.00000
 Time :      2.00000
 Time :      3.01000
 Time :      4.01000
 Time :      5.01000
 Time :      6.01000
 Time :      7.01000
 Time :      8.01000
 Time :      9.01000
 Time :     10.01000
 Time :     11.01000
 Time :     12.01000
 Time :     13.01000
 Time :     14.01000
 Time :     15.01000
 Time :     16.01000
 Time :     17.01000
 Time :     18.00000
 Time :     19.00000
 Time :     20.00000
 Time :     21.00000
 Time :     22.00000
 Time :     23.00000
 Time :     24.00000
 Time :     25.00000
 Time :     26.00000
 Time :     27.00000
 Time :     28.00000
 Time :     29.00000
 Time :     30.00000
 Time :     31.00000
 Time :     32.00000
 Time :     33.00000
 Time :     34.00000
 Time :     35.00000
dtime = 5.089028924703598
mbcr =

 Columns 1 through 4:

   0.500000000000000   0.546367231959369   0.579201711439893   0.615129887537483

 Columns 5 and 6:

   0.606152537290712   0.595389436842227

agsout =

   1.110448042063631e-02   1.110448042063631e-02
   6.965456040127778e-03   1.091659789396314e-02
   3.633230514367864e-03   1.104968795682980e-02
   4.165218168528012e-04   1.142025355555965e-02
   7.549194075398676e-04   1.134993117424621e-02
   1.990428892656873e-03   1.117491179849274e-02

ans = -2.850671186010872e-21
ans = -5.480847039988077e-22
dkps =

 Columns 1 through 3:

   4.697403622346908e+00   5.715752563911803e+00   1.160634597894077e+01

 Columns 4 through 6:

   2.411807663168672e+01   1.250157714404091e+00   3.169722636319688e+01

nbcr = 3
lambda0 = 3.501084296647659
kmpl_prod = 0.180000000000000
 Time :      1.00000
 Time :      2.00000
 Time :      3.01000
 Time :      4.01000
 Time :      5.01000
 Time :      6.01000
 Time :      7.01000
 Time :      8.01000
 Time :      9.01000
 Time :     10.01000
 Time :     11.01000
 Time :     12.01000
 Time :     13.01000
 Time :     14.01000
 Time :     15.01000
 Time :     16.01000
 Time :     17.01000
 Time :     18.00000
 Time :     19.00000
 Time :     20.00000
 Time :     21.00000
 Time :     22.00000
 Time :     23.00000
 Time :     24.00000
 Time :     25.00000
 Time :     26.00000
 Time :     27.00000
 Time :     28.00000
 Time :     29.00000
 Time :     30.00000
 Time :     31.00000
 Time :     32.00000
 Time :     33.00000
 Time :     34.00000
 Time :     35.00000
dtime = 11.20679900050163
mbcr = 0.333333333333333
agsout =

   8.632278872128881e-03   8.632278872128890e-03   8.632278872128887e-03

ans = 2.204223074952145e-21
ans = 7.828527790081352e-21
ans = 1.460437777780948e-20
nbcr = 3
lambda0 = 3.501084296647659
kmpl_prod = 0.180000000000000
 Time :      1.00000
 Time :      2.00000
 Time :      3.01000
 Time :      4.01000
 Time :      5.01000
 Time :      6.01000
 Time :      7.01000
 Time :      8.01000
 Time :      9.01000
 Time :     10.01000
 Time :     11.01000
 Time :     12.01000
 Time :     13.01000
 Time :     14.01000
 Time :     15.01000
 Time :     16.01000
 Time :     17.01000
 Time :     18.00000
 Time :     19.00000
 Time :     20.00000
 Time :     21.00000
 Time :     22.00000
 Time :     23.00000
 Time :     24.00000
 Time :     25.00000
 Time :     26.00000
 Time :     27.00000
 Time :     28.00000
 Time :     29.00000
 Time :     30.00000
 Time :     31.00000
 Time :     32.00000
 Time :     33.00000
 Time :     34.00000
 Time :     35.00000
dtime = 11.79732084274292
mbcr =

   0.333333333333333   0.447599438064399

agsout =

   8.632278872128881e-03   8.632278872128890e-03   8.632278872128887e-03
   1.351619078967599e-03   9.124369455977496e-03   9.124369455977487e-03

ans = 3.268190600197012e-21
ans = 9.592606768624324e-21
ans = 1.637011111757756e-20
nbcr = 3
lambda0 = 3.501084296647659
kmpl_prod = 0.180000000000000
 Time :      1.00000
 Time :      2.00000
 Time :      3.01000
 Time :      4.01000
 Time :      5.01000
 Time :      6.01000
 Time :      7.01000
 Time :      8.01000
 Time :      9.01000
 Time :     10.01000
 Time :     11.01000
 Time :     12.01000
 Time :     13.01000
 Time :     14.01000
 Time :     15.01000
 Time :     16.01000
 Time :     17.01000
 Time :     18.00000
 Time :     19.00000
 Time :     20.00000
 Time :     21.00000
 Time :     22.00000
 Time :     23.00000
 Time :     24.00000
 Time :     25.00000
 Time :     26.00000
 Time :     27.00000
 Time :     28.00000
 Time :     29.00000
 Time :     30.00000
 Time :     31.00000
 Time :     32.00000
 Time :     33.00000
 Time :     34.00000
 Time :     35.00000
dtime = 11.83812730014324
mbcr =

   0.333333333333333   0.447599438064399   0.469384799321619

agsout =

   8.632278872128881e-03   8.632278872128890e-03   8.632278872128887e-03
   1.351619078967599e-03   9.124369455977496e-03   9.124369455977487e-03
   6.849232650516742e-04   9.191667164788983e-03   9.191667164788983e-03

ans = 5.545418826555498e-21
ans = 7.899264657151707e-21
ans = 7.899264657151707e-21
nbcr = 3
lambda0 = 3.501084296647659
kmpl_prod = 0.180000000000000
 Time :      1.00000
 Time :      2.00000
 Time :      3.01000
 Time :      4.01000
 Time :      5.01000
 Time :      6.01000
 Time :      7.01000
 Time :      8.01000
 Time :      9.01000
 Time :     10.01000
 Time :     11.01000
 Time :     12.01000
 Time :     13.01000
 Time :     14.01000
 Time :     15.01000
 Time :     16.01000
 Time :     17.01000
 Time :     18.00000
 Time :     19.00000
 Time :     20.00000
 Time :     21.00000
 Time :     22.00000
 Time :     23.00000
 Time :     24.00000
 Time :     25.00000
 Time :     26.00000
 Time :     27.00000
 Time :     28.00000
 Time :     29.00000
 Time :     30.00000
 Time :     31.00000
 Time :     32.00000
 Time :     33.00000
 Time :     34.00000
 Time :     35.00000
dtime = 11.82003244757652
mbcr =

   0.333333333333333   0.447599438064399   0.469384799321619   0.463665771429051

agsout =

   8.632278872128881e-03   8.632278872128890e-03   8.632278872128887e-03
   1.351619078967599e-03   9.124369455977496e-03   9.124369455977487e-03
   6.849232650516742e-04   9.191667164788983e-03   9.191667164788983e-03
   7.481985692042609e-04   9.207374006441395e-03   9.207374006441395e-03

ans = 5.350204201992983e-21
ans = 1.095127677413681e-20
ans = 1.095127677413681e-20
nbcr = 3
lambda0 = 3.501084296647659
kmpl_prod = 0.180000000000000
 Time :      1.00000
 Time :      2.00000
 Time :      3.01000
 Time :      4.01000
 Time :      5.01000
 Time :      6.01000
 Time :      7.01000
 Time :      8.01000
 Time :      9.01000
 Time :     10.01000
 Time :     11.01000
 Time :     12.01000
 Time :     13.01000
 Time :     14.01000
 Time :     15.01000
 Time :     16.01000
 Time :     17.01000
 Time :     18.00000
 Time :     19.00000
 Time :     20.00000
 Time :     21.00000
 Time :     22.00000
 Time :     23.00000
 Time :     24.00000
 Time :     25.00000
 Time :     26.00000
 Time :     27.00000
 Time :     28.00000
 Time :     29.00000
 Time :     30.00000
 Time :     31.00000
 Time :     32.00000
 Time :     33.00000
 Time :     34.00000
 Time :     35.00000
dtime = 11.53176203370094
mbcr =

 Columns 1 through 4:

   0.333333333333333   0.447599438064399   0.469384799321619   0.463665771429051

 Column 5:

   0.450957970285080

agsout =

   8.632278872128881e-03   8.632278872128890e-03   8.632278872128887e-03
   1.351619078967599e-03   9.124369455977496e-03   9.124369455977487e-03
   6.849232650516742e-04   9.191667164788983e-03   9.191667164788983e-03
   7.481985692042609e-04   9.207374006441395e-03   9.207374006441395e-03
   1.280813761288216e-03   9.093469527281512e-03   9.093469527281512e-03

ans = -5.012714512071348e-22
ans = -5.222430646747683e-21
ans = -8.611880754866140e-21
nbcr = 3
lambda0 = 3.501084296647659
kmpl_prod = 0.180000000000000
 Time :      1.00000
 Time :      2.00000
 Time :      3.01000
 Time :      4.01000
 Time :      5.01000
 Time :      6.01000
 Time :      7.01000
 Time :      8.01000
 Time :      9.01000
 Time :     10.01000
 Time :     11.01000
 Time :     12.01000
 Time :     13.01000
 Time :     14.01000
 Time :     15.01000
 Time :     16.01000
 Time :     17.01000
 Time :     18.00000
 Time :     19.00000
 Time :     20.00000
 Time :     21.00000
 Time :     22.00000
 Time :     23.00000
 Time :     24.00000
 Time :     25.00000
 Time :     26.00000
 Time :     27.00000
 Time :     28.00000
 Time :     29.00000
 Time :     30.00000
 Time :     31.00000
 Time :     32.00000
 Time :     33.00000
 Time :     34.00000
 Time :     35.00000
dtime = 12.29237951338291
mbcr =

 Columns 1 through 4:

   0.333333333333333   0.447599438064399   0.469384799321619   0.463665771429051

 Columns 5 and 6:

   0.450957970285080   0.477605404958032

agsout =

   8.632278872128881e-03   8.632278872128890e-03   8.632278872128887e-03
   1.351619078967599e-03   9.124369455977496e-03   9.124369455977487e-03
   6.849232650516742e-04   9.191667164788983e-03   9.191667164788983e-03
   7.481985692042609e-04   9.207374006441395e-03   9.207374006441395e-03
   1.280813761288216e-03   9.093469527281512e-03   9.093469527281512e-03
   3.251181401562259e-04   9.264819003033834e-03   9.264819003033834e-03

ans = 2.355810384551023e-21
ans = 1.127865935094882e-20
ans = 1.128088239884505e-20
dkps =

 Columns 1 through 3:

   1.413248729140586e+02   1.541623068655278e+01   5.292577055988085e+01

 Columns 4 through 6:

   7.638146453807305e+00   9.290968909026446e+01   7.619416219501544e+01

nbcr = 4
lambda0 = 3.501084296647659
kmpl_prod = 0.180000000000000
 Time :      1.00000
 Time :      2.00000
 Time :      3.01000
 Time :      4.01000
 Time :      5.01000
 Time :      6.01000
 Time :      7.01000
 Time :      8.01000
 Time :      9.01000
 Time :     10.01000
 Time :     11.01000
 Time :     12.01000
 Time :     13.01000
 Time :     14.01000
 Time :     15.01000
 Time :     16.01000
 Time :     17.01000
 Time :     18.00000
 Time :     19.00000
 Time :     20.00000
 Time :     21.00000
 Time :     22.00000
 Time :     23.00000
 Time :     24.00000
 Time :     25.00000
 Time :     26.00000
 Time :     27.00000
 Time :     28.00000
 Time :     29.00000
 Time :     30.00000
 Time :     31.00000
 Time :     32.00000
 Time :     33.00000
 Time :     34.00000
 Time :     35.00000
dtime = 17.59975366294384
mbcr = 0.250000000000000
agsout =

 Columns 1 through 3:

   7.396322285675617e-03   7.396322285675630e-03   7.396322285675626e-03

 Column 4:

   7.396322285675627e-03

ans = 9.601111219297135e-21
ans = 2.121227132709813e-21
ans = 5.511349325075970e-21
ans = -1.265069349323287e-21
nbcr = 4
lambda0 = 3.501084296647659
kmpl_prod = 0.180000000000000
 Time :      1.00000
 Time :      2.00000
 Time :      3.01000
 Time :      4.01000
 Time :      5.01000
 Time :      6.01000
 Time :      7.01000
 Time :      8.01000
 Time :      9.01000
 Time :     10.01000
 Time :     11.01000
 Time :     12.01000
 Time :     13.01000
 Time :     14.01000
 Time :     15.01000
 Time :     16.01000
 Time :     17.01000
 Time :     18.00000
 Time :     19.00000
 Time :     20.00000
 Time :     21.00000
 Time :     22.00000
 Time :     23.00000
 Time :     24.00000
 Time :     25.00000
 Time :     26.00000
 Time :     27.00000
 Time :     28.00000
 Time :     29.00000
 Time :     30.00000
 Time :     31.00000
 Time :     32.00000
 Time :     33.00000
 Time :     34.00000
 Time :     35.00000
dtime = 17.93606244027615
mbcr =

   0.250000000000000   0.285947545127973

agsout =

 Columns 1 through 3:

   7.396322285675617e-03   7.396322285675630e-03   7.396322285675626e-03
   4.926032747392419e-03   7.364132062470667e-03   7.364132062470660e-03

 Column 4:

   7.396322285675627e-03
   7.364132062470660e-03

ans = 1.306632590164662e-20
ans = 3.055579333376742e-21
ans = -3.723424280436743e-21
ans = -3.723346732254316e-21
nbcr = 4
lambda0 = 3.501084296647659
kmpl_prod = 0.180000000000000
 Time :      1.00000
 Time :      2.00000
 Time :      3.01000
 Time :      4.01000
 Time :      5.01000
 Time :      6.01000
 Time :      7.01000
 Time :      8.01000
 Time :      9.01000
 Time :     10.01000
 Time :     11.01000
 Time :     12.01000
 Time :     13.01000
 Time :     14.01000
 Time :     15.01000
 Time :     16.01000
 Time :     17.01000
 Time :     18.00000
 Time :     19.00000
 Time :     20.00000
 Time :     21.00000
 Time :     22.00000
 Time :     23.00000
 Time :     24.00000
 Time :     25.00000
 Time :     26.00000
 Time :     27.00000
 Time :     28.00000
 Time :     29.00000
 Time :     30.00000
 Time :     31.00000
 Time :     32.00000
 Time :     33.00000
 Time :     34.00000
 Time :     35.00000
dtime = 18.28112192451954
mbcr =

   0.250000000000000   0.285947545127973   0.364722756504204

agsout =

 Columns 1 through 3:

   7.396322285675617e-03   7.396322285675630e-03   7.396322285675626e-03
   4.926032747392419e-03   7.364132062470667e-03   7.364132062470660e-03
   1.347187129554797e-03   7.917742100494878e-03   7.917742100494849e-03

 Column 4:

   7.396322285675627e-03
   7.364132062470660e-03
   7.917742100494854e-03

ans = -3.315339895112535e-21
ans = 1.928416501802530e-20
ans = 1.250774634362605e-20
ans = 1.250604028361266e-20
nbcr = 4
lambda0 = 3.501084296647659
kmpl_prod = 0.180000000000000
 Time :      1.00000
 Time :      2.00000
 Time :      3.01000
 Time :      4.01000
 Time :      5.01000
 Time :      6.01000
 Time :      7.01000
 Time :      8.01000
 Time :      9.01000
 Time :     10.01000
 Time :     11.01000
 Time :     12.01000
 Time :     13.01000
 Time :     14.01000
 Time :     15.01000
 Time :     16.01000
 Time :     17.01000
 Time :     18.00000
 Time :     19.00000
 Time :     20.00000
 Time :     21.00000
 Time :     22.00000
 Time :     23.00000
 Time :     24.00000
 Time :     25.00000
 Time :     26.00000
 Time :     27.00000
 Time :     28.00000
 Time :     29.00000
 Time :     30.00000
 Time :     31.00000
 Time :     32.00000
 Time :     33.00000
 Time :     34.00000
 Time :     35.00000
dtime = 17.90056675672531
mbcr =

   0.250000000000000   0.285947545127973   0.364722756504204   0.353077547417191

agsout =

 Columns 1 through 3:

   7.396322285675617e-03   7.396322285675630e-03   7.396322285675626e-03
   4.926032747392419e-03   7.364132062470667e-03   7.364132062470660e-03
   1.347187129554797e-03   7.917742100494878e-03   7.917742100494849e-03
   1.678675415368364e-03   7.842993531593815e-03   7.842993531593789e-03

 Column 4:

   7.396322285675627e-03
   7.364132062470660e-03
   7.917742100494854e-03
   7.842993531593786e-03

ans = -2.832059622228429e-22
ans = 1.027099826849438e-21
ans = 1.028082103826844e-21
ans = 4.417919952857436e-21
nbcr = 4
lambda0 = 3.501084296647659
kmpl_prod = 0.180000000000000
 Time :      1.00000
 Time :      2.00000
 Time :      3.01000
 Time :      4.01000
 Time :      5.01000
 Time :      6.01000
 Time :      7.01000
 Time :      8.01000
 Time :      9.01000
 Time :     10.01000
 Time :     11.01000
 Time :     12.01000
 Time :     13.01000
 Time :     14.01000
 Time :     15.01000
 Time :     16.01000
 Time :     17.01000
 Time :     18.00000
 Time :     19.00000
 Time :     20.00000
 Time :     21.00000
 Time :     22.00000
 Time :     23.00000
 Time :     24.00000
 Time :     25.00000
 Time :     26.00000
 Time :     27.00000
 Time :     28.00000
 Time :     29.00000
 Time :     30.00000
 Time :     31.00000
 Time :     32.00000
 Time :     33.00000
 Time :     34.00000
 Time :     35.00000
dtime = 18.11696067452431
mbcr =

 Columns 1 through 4:

   0.250000000000000   0.285947545127973   0.364722756504204   0.353077547417191

 Column 5:

   0.386774415655638

agsout =

 Columns 1 through 3:

   7.396322285675617e-03   7.396322285675630e-03   7.396322285675626e-03
   4.926032747392419e-03   7.364132062470667e-03   7.364132062470660e-03
   1.347187129554797e-03   7.917742100494878e-03   7.917742100494849e-03
   1.678675415368364e-03   7.842993531593815e-03   7.842993531593789e-03
   7.545129269648868e-04   8.035272962469659e-03   8.035272962469638e-03

 Column 4:

   7.396322285675627e-03
   7.364132062470660e-03
   7.917742100494854e-03
   7.842993531593786e-03
   8.035272962469637e-03

ans = 2.785944303078597e-21
ans = -6.074659322224582e-21
ans = 6.991227139721621e-22
ans = 6.971581600173486e-22
nbcr = 4
lambda0 = 3.501084296647659
kmpl_prod = 0.180000000000000
 Time :      1.00000
 Time :      2.00000
 Time :      3.01000
 Time :      4.01000
 Time :      5.01000
 Time :      6.01000
 Time :      7.01000
 Time :      8.01000
 Time :      9.01000
 Time :     10.01000
 Time :     11.01000
 Time :     12.01000
 Time :     13.01000
 Time :     14.01000
 Time :     15.01000
 Time :     16.01000
 Time :     17.01000
 Time :     18.00000
 Time :     19.00000
 Time :     20.00000
 Time :     21.00000
 Time :     22.00000
 Time :     23.00000
 Time :     24.00000
 Time :     25.00000
 Time :     26.00000
 Time :     27.00000
 Time :     28.00000
 Time :     29.00000
 Time :     30.00000
 Time :     31.00000
 Time :     32.00000
 Time :     33.00000
 Time :     34.00000
 Time :     35.00000
dtime = 18.08349676430225
mbcr =

 Columns 1 through 4:

   0.250000000000000   0.285947545127973   0.364722756504204   0.353077547417191

 Columns 5 and 6:

   0.386774415655638   0.343432996137633

agsout =

 Columns 1 through 3:

   7.396322285675617e-03   7.396322285675630e-03   7.396322285675626e-03
   4.926032747392419e-03   7.364132062470667e-03   7.364132062470660e-03
   1.347187129554797e-03   7.917742100494878e-03   7.917742100494849e-03
   1.678675415368364e-03   7.842993531593815e-03   7.842993531593789e-03
   7.545129269648868e-04   8.035272962469659e-03   8.035272962469638e-03
   2.009969429734668e-03   7.811710096084013e-03   7.811710096084003e-03

 Column 4:

   7.396322285675627e-03
   7.364132062470660e-03
   7.917742100494854e-03
   7.842993531593786e-03
   8.035272962469637e-03
   7.811710096084003e-03

ans = -1.733718865122861e-21
ans = -7.624847488937240e-21
ans = -4.236974193861461e-21
ans = -4.236974193861461e-21
dkps =

 Columns 1 through 3:

   4.919629421324146e+01   6.479001686106582e+00   4.966157831245059e+00

 Columns 4 through 6:

   3.741298814729414e+01   9.908565126971157e+00   1.278319983043100e+00

nbcr = 5
lambda0 = 3.501084296647659
kmpl_prod = 0.180000000000000
 Time :      1.00000
 Time :      2.00000
 Time :      3.01000
 Time :      4.01000
 Time :      5.01000
 Time :      6.01000
 Time :      7.01000
 Time :      8.01000
 Time :      9.01000
 Time :     10.01000
 Time :     11.01000
 Time :     12.01000
 Time :     13.01000
 Time :     14.01000
 Time :     15.01000
 Time :     16.01000
 Time :     17.01000
 Time :     18.00000
 Time :     19.00000
 Time :     20.00000
 Time :     21.00000
 Time :     22.00000
 Time :     23.00000
 Time :     24.00000
 Time :     25.00000
 Time :     26.00000
 Time :     27.00000
 Time :     28.00000
 Time :     29.00000
 Time :     30.00000
 Time :     31.00000
 Time :     32.00000
 Time :     33.00000
 Time :     34.00000
 Time :     35.00000
dtime = 22.72614911198616
mbcr = 0.200000000000000
agsout =

 Columns 1 through 3:

   6.654776675632307e-03   6.654776675632309e-03   6.654776675632313e-03

 Columns 4 and 5:

   6.654776675632314e-03   6.654776675632316e-03

ans = -4.160098095682314e-21
ans = -3.797948083748942e-21
ans = -3.794018975839315e-21
ans = -3.798930360726349e-21
ans = -3.797017505559820e-21
nbcr = 5
lambda0 = 3.501084296647659
kmpl_prod = 0.180000000000000
 Time :      1.00000
 Time :      2.00000
 Time :      3.01000
 Time :      4.01000
 Time :      5.01000
 Time :      6.01000
 Time :      7.01000
 Time :      8.01000
 Time :      9.01000
 Time :     10.01000
 Time :     11.01000
 Time :     12.01000
 Time :     13.01000
 Time :     14.01000
 Time :     15.01000
 Time :     16.01000
 Time :     17.01000
 Time :     18.00000
 Time :     19.00000
 Time :     20.00000
 Time :     21.00000
 Time :     22.00000
 Time :     23.00000
 Time :     24.00000
 Time :     25.00000
 Time :     26.00000
 Time :     27.00000
 Time :     28.00000
 Time :     29.00000
 Time :     30.00000
 Time :     31.00000
 Time :     32.00000
 Time :     33.00000
 Time :     34.00000
 Time :     35.00000
dtime = 22.74932339787483
mbcr =

   0.200000000000000   0.274961896473157

agsout =

 Columns 1 through 3:

   6.654776675632307e-03   6.654776675632309e-03   6.654776675632313e-03
   2.397052136824318e-03   6.877951879834977e-03   6.877951879834976e-03

 Columns 4 and 5:

   6.654776675632314e-03   6.654776675632316e-03
   6.877951879834949e-03   6.877951879834947e-03

ans = 8.415218564231658e-21
ans = 1.713814831633304e-21
ans = 1.714331819516150e-21
ans = 5.101636427920798e-21
ans = 5.101481331555944e-21
nbcr = 5
lambda0 = 3.501084296647659
kmpl_prod = 0.180000000000000
 Time :      1.00000
 Time :      2.00000
 Time :      3.01000
 Time :      4.01000
 Time :      5.01000
 Time :      6.01000
 Time :      7.01000
 Time :      8.01000
 Time :      9.01000
 Time :     10.01000
 Time :     11.01000
 Time :     12.01000
 Time :     13.01000
 Time :     14.01000
 Time :     15.01000
 Time :     16.01000
 Time :     17.01000
 Time :     18.00000
 Time :     19.00000
 Time :     20.00000
 Time :     21.00000
 Time :     22.00000
 Time :     23.00000
 Time :     24.00000
 Time :     25.00000
 Time :     26.00000
 Time :     27.00000
 Time :     28.00000
 Time :     29.00000
 Time :     30.00000
 Time :     31.00000
 Time :     32.00000
 Time :     33.00000
 Time :     34.00000
 Time :     35.00000
dtime = 22.95393906533718
mbcr =

   0.200000000000000   0.274961896473157   0.340651909636801

agsout =

 Columns 1 through 3:

   6.654776675632307e-03   6.654776675632309e-03   6.654776675632313e-03
   2.397052136824318e-03   6.877951879834977e-03   6.877951879834976e-03
   6.014136916061060e-04   7.397020018437128e-03   7.397020018437147e-03

 Columns 4 and 5:

   6.654776675632314e-03   6.654776675632316e-03
   6.877951879834949e-03   6.877951879834947e-03
   7.397020018437152e-03   7.397020018437153e-03

ans = -1.780092678214116e-21
ans = 1.347373820272313e-21
ans = -5.421341734672543e-21
ans = -5.425115746217317e-21
ans = 1.350941036663948e-21
nbcr = 5
lambda0 = 3.501084296647659
kmpl_prod = 0.180000000000000
 Time :      1.00000
 Time :      2.00000
 Time :      3.01000
 Time :      4.01000
 Time :      5.01000
 Time :      6.01000
 Time :      7.01000
 Time :      8.01000
 Time :      9.01000
 Time :     10.01000
 Time :     11.01000
 Time :     12.01000
 Time :     13.01000
 Time :     14.01000
 Time :     15.01000
 Time :     16.01000
 Time :     17.01000
 Time :     18.00000
 Time :     19.00000
 Time :     20.00000
 Time :     21.00000
 Time :     22.00000
 Time :     23.00000
 Time :     24.00000
 Time :     25.00000
 Time :     26.00000
 Time :     27.00000
 Time :     28.00000
 Time :     29.00000
 Time :     30.00000
 Time :     31.00000
 Time :     32.00000
 Time :     33.00000
 Time :     34.00000
 Time :     35.00000
dtime = 23.03450591862202
mbcr =

   0.200000000000000   0.274961896473157   0.340651909636801   0.356990829062970

agsout =

 Columns 1 through 3:

   6.654776675632307e-03   6.654776675632309e-03   6.654776675632313e-03
   2.397052136824318e-03   6.877951879834977e-03   6.877951879834976e-03
   6.014136916061060e-04   7.397020018437128e-03   7.397020018437147e-03
   3.290901066985431e-04   7.443309599399951e-03   7.443309599399942e-03

 Columns 4 and 5:

   6.654776675632314e-03   6.654776675632316e-03
   6.877951879834949e-03   6.877951879834947e-03
   7.397020018437152e-03   7.397020018437153e-03
   7.443309599399944e-03   7.443309599399952e-03

ans = 8.255262513279216e-21
ans = 5.017987788476373e-21
ans = 5.022433884268846e-21
ans = 8.396296807719507e-21
ans = 8.415115166655089e-21
nbcr = 5
lambda0 = 3.501084296647659
kmpl_prod = 0.180000000000000
 Time :      1.00000
 Time :      2.00000
 Time :      3.01000
 Time :      4.01000
 Time :      5.01000
 Time :      6.01000
 Time :      7.01000
 Time :      8.01000
 Time :      9.01000
 Time :     10.01000
 Time :     11.01000
 Time :     12.01000
 Time :     13.01000
 Time :     14.01000
 Time :     15.01000
 Time :     16.01000
 Time :     17.01000
 Time :     18.00000
 Time :     19.00000
 Time :     20.00000
 Time :     21.00000
 Time :     22.00000
 Time :     23.00000
 Time :     24.00000
 Time :     25.00000
 Time :     26.00000
 Time :     27.00000
 Time :     28.00000
 Time :     29.00000
 Time :     30.00000
 Time :     31.00000
 Time :     32.00000
 Time :     33.00000
 Time :     34.00000
 Time :     35.00000
dtime = 22.99270369112492
mbcr =

 Columns 1 through 4:

   0.200000000000000   0.274961896473157   0.340651909636801   0.356990829062970

 Column 5:

   0.331275502748395

agsout =

 Columns 1 through 3:

   6.654776675632307e-03   6.654776675632309e-03   6.654776675632313e-03
   2.397052136824318e-03   6.877951879834977e-03   6.877951879834976e-03
   6.014136916061060e-04   7.397020018437128e-03   7.397020018437147e-03
   3.290901066985431e-04   7.443309599399951e-03   7.443309599399942e-03
   7.757272142756099e-04   7.346773446956241e-03   7.346773446956254e-03

 Columns 4 and 5:

   6.654776675632314e-03   6.654776675632316e-03
   6.877951879834949e-03   6.877951879834947e-03
   7.397020018437152e-03   7.397020018437153e-03
   7.443309599399944e-03   7.443309599399952e-03
   7.346773446956231e-03   7.346773446956237e-03

ans = 5.790264287871194e-21
ans = 8.483667759920421e-21
ans = -1.683002353815704e-21
ans = -1.684036329581395e-21
ans = -1.684036329581395e-21
nbcr = 5
lambda0 = 3.501084296647659
kmpl_prod = 0.180000000000000
 Time :      1.00000
 Time :      2.00000
 Time :      3.01000
 Time :      4.01000
 Time :      5.01000
 Time :      6.01000
 Time :      7.01000
 Time :      8.01000
 Time :      9.01000
 Time :     10.01000
 Time :     11.01000
 Time :     12.01000
 Time :     13.01000
 Time :     14.01000
 Time :     15.01000
 Time :     16.01000
 Time :     17.01000
 Time :     18.00000
 Time :     19.00000
 Time :     20.00000
 Time :     21.00000
 Time :     22.00000
 Time :     23.00000
 Time :     24.00000
 Time :     25.00000
 Time :     26.00000
 Time :     27.00000
 Time :     28.00000
 Time :     29.00000
 Time :     30.00000
 Time :     31.00000
 Time :     32.00000
 Time :     33.00000
 Time :     34.00000
 Time :     35.00000
dtime = 22.85852618515491
mbcr =

 Columns 1 through 4:

   0.200000000000000   0.274961896473157   0.340651909636801   0.356990829062970

 Columns 5 and 6:

   0.331275502748395   0.340679792503982

agsout =

 Columns 1 through 3:

   6.654776675632307e-03   6.654776675632309e-03   6.654776675632313e-03
   2.397052136824318e-03   6.877951879834977e-03   6.877951879834976e-03
   6.014136916061060e-04   7.397020018437128e-03   7.397020018437147e-03
   3.290901066985431e-04   7.443309599399951e-03   7.443309599399942e-03
   7.757272142756099e-04   7.346773446956241e-03   7.346773446956254e-03
   6.259090999106035e-04   7.349910132681087e-03   7.349910132681097e-03

 Columns 4 and 5:

   6.654776675632314e-03   6.654776675632316e-03
   6.877951879834949e-03   6.877951879834947e-03
   7.397020018437152e-03   7.397020018437153e-03
   7.443309599399944e-03   7.443309599399952e-03
   7.346773446956231e-03   7.346773446956237e-03
   7.349910132681101e-03   7.349910132681101e-03

ans = -6.319659879905131e-22
ans = -4.869715663676243e-21
ans = -8.260328994531103e-21
ans = -4.880934300733993e-21
ans = -4.880365614062863e-21
dkps =

 Columns 1 through 3:

   5.422953799745901e+01   6.348939878966647e+02   1.441053887051164e+01

 Columns 4 through 6:

   6.960308762747589e+01   4.739566519220543e+01   2.979605454659868e+01

nbcr = 7
lambda0 = 3.501084296647659
kmpl_prod = 0.180000000000000
 Time :      1.00000
 Time :      2.00000
 Time :      3.01000
 Time :      4.01000
 Time :      5.01000
 Time :      6.01000
 Time :      7.01000
 Time :      8.01000
 Time :      9.01000
 Time :     10.01000
 Time :     11.01000
 Time :     12.01000
 Time :     13.01000
 Time :     14.01000
 Time :     15.01000
 Time :     16.01000
 Time :     17.01000
 Time :     18.00000
 Time :     19.00000
 Time :     20.00000
 Time :     21.00000
 Time :     22.00000
 Time :     23.00000
 Time :     24.00000
 Time :     25.00000
 Time :     26.00000
 Time :     27.00000
 Time :     28.00000
 Time :     29.00000
 Time :     30.00000
 Time :     31.00000
 Time :     32.00000
 Time :     33.00000
 Time :     34.00000
 Time :     35.00000
dtime = 32.07214549183846
mbcr = 0.142857142857143
agsout =

 Columns 1 through 3:

   5.805757013961514e-03   5.805757013961522e-03   5.805757013961515e-03

 Columns 4 through 6:

   5.805757013961535e-03   5.805757013961533e-03   5.805757013961519e-03

 Column 7:

   5.805757013961519e-03

ans = -3.859573039384143e-21
ans = 4.537085659853357e-21
ans = 1.163532929132403e-21
ans = -2.232353678127483e-21
ans = 4.546701634474286e-21
ans = -5.617486937424180e-21
ans = -2.230182329019532e-21
nbcr = 7
lambda0 = 3.501084296647659
kmpl_prod = 0.180000000000000
 Time :      1.00000
 Time :      2.00000
 Time :      3.01000
 Time :      4.01000
 Time :      5.01000
 Time :      6.01000
 Time :      7.01000
 Time :      8.01000
 Time :      9.01000
 Time :     10.01000
 Time :     11.01000
 Time :     12.01000
 Time :     13.01000
 Time :     14.01000
 Time :     15.01000
 Time :     16.01000
 Time :     17.01000
 Time :     18.00000
 Time :     19.00000
 Time :     20.00000
 Time :     21.00000
 Time :     22.00000
 Time :     23.00000
 Time :     24.00000
 Time :     25.00000
 Time :     26.00000
 Time :     27.00000
 Time :     28.00000
 Time :     29.00000
 Time :     30.00000
 Time :     31.00000
 Time :     32.00000
 Time :     33.00000
 Time :     34.00000
 Time :     35.00000
dtime = 32.35099129378796
mbcr =

   0.142857142857143   0.218859633605005

agsout =

 Columns 1 through 3:

   5.805757013961514e-03   5.805757013961522e-03   5.805757013961515e-03
   1.811542851957763e-03   6.092428985109754e-03   6.092428985109774e-03

 Columns 4 through 6:

   5.805757013961535e-03   5.805757013961533e-03   5.805757013961519e-03
   6.092428985109762e-03   6.092428985109771e-03   6.092428985109771e-03

 Column 7:

   5.805757013961519e-03
   6.092428985109769e-03

ans = 7.338746394570462e-21
ans = -7.253443393900931e-21
ans = -4.703555758129654e-22
ans = -3.865415002460298e-21
ans = -7.251995827828963e-21
ans = -4.729405152271936e-22
ans = -3.859417943019289e-21
nbcr = 7
lambda0 = 3.501084296647659
kmpl_prod = 0.180000000000000
 Time :      1.00000
 Time :      2.00000
 Time :      3.01000
 Time :      4.01000
 Time :      5.01000
 Time :      6.01000
 Time :      7.01000
 Time :      8.01000
 Time :      9.01000
 Time :     10.01000
 Time :     11.01000
 Time :     12.01000
 Time :     13.01000
 Time :     14.01000
 Time :     15.01000
 Time :     16.01000
 Time :     17.01000
 Time :     18.00000
 Time :     19.00000
 Time :     20.00000
 Time :     21.00000
 Time :     22.00000
 Time :     23.00000
 Time :     24.00000
 Time :     25.00000
 Time :     26.00000
 Time :     27.00000
 Time :     28.00000
 Time :     29.00000
 Time :     30.00000
 Time :     31.00000
 Time :     32.00000
 Time :     33.00000
 Time :     34.00000
 Time :     35.00000
dtime = 32.10139498114586
mbcr =

   0.142857142857143   0.218859633605005   0.150820314720400

agsout =

 Columns 1 through 3:

   5.805757013961514e-03   5.805757013961522e-03   5.805757013961515e-03
   1.811542851957763e-03   6.092428985109754e-03   6.092428985109774e-03
   5.197338118248366e-03   5.809091969332039e-03   5.809091969332036e-03

 Columns 4 through 6:

   5.805757013961535e-03   5.805757013961533e-03   5.805757013961519e-03
   6.092428985109762e-03   6.092428985109771e-03   6.092428985109771e-03
   5.809091969332009e-03   5.809091969332040e-03   5.809091969332035e-03

 Column 7:

   5.805757013961519e-03
   6.092428985109769e-03
   5.809091969332035e-03

ans = -1.333932135318326e-21
ans = 1.032347253860321e-20
ans = -3.223574545907433e-21
ans = 3.548398032699350e-21
ans = 3.543538346600601e-21
ans = 3.549121815735334e-21
ans = 1.593356654930270e-22
nbcr = 7
lambda0 = 3.501084296647659
kmpl_prod = 0.180000000000000
 Time :      1.00000
 Time :      2.00000
 Time :      3.01000
 Time :      4.01000
 Time :      5.01000
 Time :      6.01000
 Time :      7.01000
 Time :      8.01000
 Time :      9.01000
 Time :     10.01000
 Time :     11.01000
 Time :     12.01000
 Time :     13.01000
 Time :     14.01000
 Time :     15.01000
 Time :     16.01000
 Time :     17.01000
 Time :     18.00000
 Time :     19.00000
 Time :     20.00000
 Time :     21.00000
 Time :     22.00000
 Time :     23.00000
 Time :     24.00000
 Time :     25.00000
 Time :     26.00000
 Time :     27.00000
 Time :     28.00000
 Time :     29.00000
 Time :     30.00000
 Time :     31.00000
 Time :     32.00000
 Time :     33.00000
 Time :     34.00000
 Time :     35.00000
dtime = 32.31676295399666
mbcr =

   0.142857142857143   0.218859633605005   0.150820314720400   0.261567740118800

agsout =

 Columns 1 through 3:

   5.805757013961514e-03   5.805757013961522e-03   5.805757013961515e-03
   1.811542851957763e-03   6.092428985109754e-03   6.092428985109774e-03
   5.197338118248366e-03   5.809091969332039e-03   5.809091969332036e-03
   8.676032799807114e-04   6.463743356479962e-03   6.463743356479955e-03

 Columns 4 through 6:

   5.805757013961535e-03   5.805757013961533e-03   5.805757013961519e-03
   6.092428985109762e-03   6.092428985109771e-03   6.092428985109771e-03
   5.809091969332009e-03   5.809091969332040e-03   5.809091969332035e-03
   6.463743356479948e-03   6.463743356479959e-03   6.463743356479946e-03

 Column 7:

   5.805757013961519e-03
   6.092428985109769e-03
   5.809091969332035e-03
   6.463743356479945e-03

ans = 9.385191230026652e-21
ans = 6.377562522783843e-21
ans = 2.989740926496349e-21
ans = 9.764453540882215e-21
ans = 9.765901106954183e-21
ans = 9.764143348152508e-21
ans = 6.377976113090120e-21
nbcr = 7
lambda0 = 3.501084296647659
kmpl_prod = 0.180000000000000
 Time :      1.00000
 Time :      2.00000
 Time :      3.01000
 Time :      4.01000
 Time :      5.01000
 Time :      6.01000
 Time :      7.01000
 Time :      8.01000
 Time :      9.01000
 Time :     10.01000
 Time :     11.01000
 Time :     12.01000
 Time :     13.01000
 Time :     14.01000
 Time :     15.01000
 Time :     16.01000
 Time :     17.01000
 Time :     18.00000
 Time :     19.00000
 Time :     20.00000
 Time :     21.00000
 Time :     22.00000
 Time :     23.00000
 Time :     24.00000
 Time :     25.00000
 Time :     26.00000
 Time :     27.00000
 Time :     28.00000
 Time :     29.00000
 Time :     30.00000
 Time :     31.00000
 Time :     32.00000
 Time :     33.00000
 Time :     34.00000
 Time :     35.00000
dtime = 32.46653079986572
mbcr =

 Columns 1 through 4:

   0.142857142857143   0.218859633605005   0.150820314720400   0.261567740118800

 Column 5:

   0.245836746821131

agsout =

 Columns 1 through 3:

   5.805757013961514e-03   5.805757013961522e-03   5.805757013961515e-03
   1.811542851957763e-03   6.092428985109754e-03   6.092428985109774e-03
   5.197338118248366e-03   5.809091969332039e-03   5.809091969332036e-03
   8.676032799807114e-04   6.463743356479962e-03   6.463743356479955e-03
   1.105243532097025e-03   6.347706312126010e-03   6.347706312126022e-03

 Columns 4 through 6:

   5.805757013961535e-03   5.805757013961533e-03   5.805757013961519e-03
   6.092428985109762e-03   6.092428985109771e-03   6.092428985109771e-03
   5.809091969332009e-03   5.809091969332040e-03   5.809091969332035e-03
   6.463743356479948e-03   6.463743356479959e-03   6.463743356479946e-03
   6.347706312126006e-03   6.347706312126008e-03   6.347706312126014e-03

 Column 7:

   5.805757013961519e-03
   6.092428985109769e-03
   5.809091969332035e-03
   6.463743356479945e-03
   6.347706312126014e-03

ans = 1.599353714371279e-21
ans = 2.888101108728896e-21
ans = 2.894615156052751e-21
ans = -3.883819771089603e-21
ans = 2.899578239728069e-21
ans = 2.901542793682883e-21
ans = 2.883861808089562e-21
nbcr = 7
lambda0 = 3.501084296647659
kmpl_prod = 0.180000000000000
 Time :      1.00000
 Time :      2.00000
 Time :      3.01000
 Time :      4.01000
 Time :      5.01000
 Time :      6.01000
 Time :      7.01000
 Time :      8.01000
 Time :      9.01000
 Time :     10.01000
 Time :     11.01000
 Time :     12.01000
 Time :     13.01000
 Time :     14.01000
 Time :     15.01000
 Time :     16.01000
 Time :     17.01000
 Time :     18.00000
 Time :     19.00000
 Time :     20.00000
 Time :     21.00000
 Time :     22.00000
 Time :     23.00000
 Time :     24.00000
 Time :     25.00000
 Time :     26.00000
 Time :     27.00000
 Time :     28.00000
 Time :     29.00000
 Time :     30.00000
 Time :     31.00000
 Time :     32.00000
 Time :     33.00000
 Time :     34.00000
 Time :     35.00000
dtime = 32.41049610078335
mbcr =

 Columns 1 through 4:

   0.142857142857143   0.218859633605005   0.150820314720400   0.261567740118800

 Columns 5 and 6:

   0.245836746821131   0.244664988530974

agsout =

 Columns 1 through 3:

   5.805757013961514e-03   5.805757013961522e-03   5.805757013961515e-03
   1.811542851957763e-03   6.092428985109754e-03   6.092428985109774e-03
   5.197338118248366e-03   5.809091969332039e-03   5.809091969332036e-03
   8.676032799807114e-04   6.463743356479962e-03   6.463743356479955e-03
   1.105243532097025e-03   6.347706312126010e-03   6.347706312126022e-03
   1.169511427180209e-03   6.323961858060109e-03   6.323961858060102e-03

 Columns 4 through 6:

   5.805757013961535e-03   5.805757013961533e-03   5.805757013961519e-03
   6.092428985109762e-03   6.092428985109771e-03   6.092428985109771e-03
   5.809091969332009e-03   5.809091969332040e-03   5.809091969332035e-03
   6.463743356479948e-03   6.463743356479959e-03   6.463743356479946e-03
   6.347706312126006e-03   6.347706312126008e-03   6.347706312126014e-03
   6.323961858060099e-03   6.323961858060102e-03   6.323961858060099e-03

 Column 7:

   5.805757013961519e-03
   6.092428985109769e-03
   5.809091969332035e-03
   6.463743356479945e-03
   6.347706312126014e-03
   6.323961858060079e-03

ans = 3.199948199661388e-21
ans = 4.110053668622856e-21
ans = 7.299868905780469e-22
ans = 4.106227958289799e-21
ans = -2.654525983259235e-21
ans = 7.494463144883569e-21
ans = 4.102092055227033e-21
dkps =

 Columns 1 through 3:

   1.224860799341554e+01   2.551989960667814e+00   8.700098538675297e-01

 Columns 4 through 6:

   2.666969453880791e+01   3.305641344744556e+01   8.494186556430025e+02

nbcr = 10
lambda0 = 3.501084296647659
kmpl_prod = 0.180000000000000
 Time :      1.00000
 Time :      2.00000
 Time :      3.01000
 Time :      4.01000
 Time :      5.01000
 Time :      6.01000
 Time :      7.01000
 Time :      8.01000
 Time :      9.01000
 Time :     10.01000
 Time :     11.01000
 Time :     12.01000
 Time :     13.01000
 Time :     14.01000
 Time :     15.01000
 Time :     16.01000
 Time :     17.01000
 Time :     18.00000
 Time :     19.00000
 Time :     20.00000
 Time :     21.00000
 Time :     22.00000
 Time :     23.00000
 Time :     24.00000
 Time :     25.00000
 Time :     26.00000
 Time :     27.00000
 Time :     28.00000
 Time :     29.00000
 Time :     30.00000
 Time :     31.00000
 Time :     32.00000
 Time :     33.00000
 Time :     34.00000
 Time :     35.00000
dtime = 46.90828509628773
mbcr = 0.100000000000000
agsout =

 Columns 1 through 3:

   5.165803084021687e-03   5.165803084021710e-03   5.165803084021646e-03

 Columns 4 through 6:

   5.165803084021644e-03   5.165803084021664e-03   5.165803084021658e-03

 Columns 7 through 9:

   5.165803084021657e-03   5.165803084021666e-03   5.165803084021665e-03

 Column 10:

   5.165803084021660e-03

ans = -2.183756817139993e-22
ans = -1.210061838588510e-21
ans = -4.606155241001535e-21
ans = 5.546969790204034e-21
ans = -1.214301139227845e-21
ans = 2.169487951573453e-21
ans = -4.611738710136268e-21
ans = 2.169591349150022e-21
ans = -1.216369090759227e-21
ans = -4.619286733225814e-21
nbcr = 10
lambda0 = 3.501084296647659
kmpl_prod = 0.180000000000000
 Time :      1.00000
 Time :      2.00000
 Time :      3.01000
 Time :      4.01000
 Time :      5.01000
 Time :      6.01000
 Time :      7.01000
 Time :      8.01000
 Time :      9.01000
 Time :     10.01000
 Time :     11.01000
 Time :     12.01000
 Time :     13.01000
 Time :     14.01000
 Time :     15.01000
 Time :     16.01000
 Time :     17.01000
 Time :     18.00000
 Time :     19.00000
 Time :     20.00000
 Time :     21.00000
 Time :     22.00000
 Time :     23.00000
 Time :     24.00000
 Time :     25.00000
 Time :     26.00000
 Time :     27.00000
 Time :     28.00000
 Time :     29.00000
 Time :     30.00000
 Time :     31.00000
 Time :     32.00000
 Time :     33.00000
 Time :     34.00000
 Time :     35.00000
dtime = 46.92747630178928
mbcr =

   0.100000000000000   0.220904183705116

agsout =

 Columns 1 through 3:

   5.165803084021687e-03   5.165803084021710e-03   5.165803084021646e-03
   6.394979436108558e-04   5.886836888508000e-03   5.886836888508050e-03

 Columns 4 through 6:

   5.165803084021644e-03   5.165803084021664e-03   5.165803084021658e-03
   5.886836888508021e-03   5.886836888508042e-03   5.886836888507998e-03

 Columns 7 through 9:

   5.165803084021657e-03   5.165803084021666e-03   5.165803084021665e-03
   5.886836888508035e-03   5.886836888508051e-03   5.886836888507987e-03

 Column 10:

   5.165803084021660e-03
   5.886836888508041e-03

ans = 9.692902417896378e-21
ans = 4.847898775020157e-21
ans = 4.842211908308855e-21
ans = 4.849139545938986e-21
ans = 4.831768753075373e-21
ans = 1.455941275669898e-21
ans = 4.852861858695475e-21
ans = 1.163140018341440e-20
ans = 1.446842288931815e-21
ans = 8.244405767739458e-21
nbcr = 10
lambda0 = 3.501084296647659
kmpl_prod = 0.180000000000000
 Time :      1.00000
 Time :      2.00000
 Time :      3.01000
 Time :      4.01000
 Time :      5.01000
 Time :      6.01000
 Time :      7.01000
 Time :      8.01000
 Time :      9.01000
 Time :     10.01000
 Time :     11.01000
 Time :     12.01000
 Time :     13.01000
 Time :     14.01000
 Time :     15.01000
 Time :     16.01000
 Time :     17.01000
 Time :     18.00000
 Time :     19.00000
 Time :     20.00000
 Time :     21.00000
 Time :     22.00000
 Time :     23.00000
 Time :     24.00000
 Time :     25.00000
 Time :     26.00000
 Time :     27.00000
 Time :     28.00000
 Time :     29.00000
 Time :     30.00000
 Time :     31.00000
 Time :     32.00000
 Time :     33.00000
 Time :     34.00000
 Time :     35.00000
dtime = 49.21844154596329
mbcr =

   0.100000000000000   0.220904183705116   0.270698222944692

agsout =

 Columns 1 through 3:

   5.165803084021687e-03   5.165803084021710e-03   5.165803084021646e-03
   6.394979436108558e-04   5.886836888508000e-03   5.886836888508050e-03
   1.614745742680864e-04   6.033595429757842e-03   6.033595429757839e-03

 Columns 4 through 6:

   5.165803084021644e-03   5.165803084021664e-03   5.165803084021658e-03
   5.886836888508021e-03   5.886836888508042e-03   5.886836888507998e-03
   6.033595429757871e-03   6.033595429757877e-03   6.033595429757886e-03

 Columns 7 through 9:

   5.165803084021657e-03   5.165803084021666e-03   5.165803084021665e-03
   5.886836888508035e-03   5.886836888508051e-03   5.886836888507987e-03
   6.033595429757918e-03   6.033595429757919e-03   6.033595429757872e-03

 Column 10:

   5.165803084021660e-03
   5.886836888508041e-03
   6.033595429757873e-03

ans = 1.246726619239923e-20
ans = 7.885099189161736e-21
ans = 1.118761778477970e-21
ans = 1.136546161647860e-21
ans = 7.898540874115723e-21
ans = -2.269163215386093e-21
ans = 1.125792813684671e-21
ans = 1.127240379756638e-21
ans = 1.122070500928182e-21
ans = 4.510202289945383e-21
nbcr = 10
lambda0 = 3.501084296647659
kmpl_prod = 0.180000000000000
 Time :      1.00000
 Time :      2.00000
 Time :      3.01000
 Time :      4.01000
 Time :      5.01000
 Time :      6.01000
 Time :      7.01000
 Time :      8.01000
 Time :      9.01000
 Time :     10.01000
 Time :     11.01000
 Time :     12.01000
 Time :     13.01000
 Time :     14.01000
 Time :     15.01000
 Time :     16.01000
 Time :     17.01000
 Time :     18.00000
 Time :     19.00000
 Time :     20.00000
 Time :     21.00000
 Time :     22.00000
 Time :     23.00000
 Time :     24.00000
 Time :     25.00000
 Time :     26.00000
 Time :     27.00000
 Time :     28.00000
 Time :     29.00000
 Time :     30.00000
 Time :     31.00000
 Time :     32.00000
 Time :     33.00000
 Time :     34.00000
 Time :     35.00000
dtime = 49.69575740396976
mbcr =

   0.100000000000000   0.220904183705116   0.270698222944692   0.287152852823806

agsout =

 Columns 1 through 3:

   5.165803084021687e-03   5.165803084021710e-03   5.165803084021646e-03
   6.394979436108558e-04   5.886836888508000e-03   5.886836888508050e-03
   1.614745742680864e-04   6.033595429757842e-03   6.033595429757839e-03
   4.009921809565615e-05   6.073887860858532e-03   6.073887860858494e-03

 Columns 4 through 6:

   5.165803084021644e-03   5.165803084021664e-03   5.165803084021658e-03
   5.886836888508021e-03   5.886836888508042e-03   5.886836888507998e-03
   6.033595429757871e-03   6.033595429757877e-03   6.033595429757886e-03
   6.073887860858523e-03   6.073887860858509e-03   6.073887860858529e-03

 Columns 7 through 9:

   5.165803084021657e-03   5.165803084021666e-03   5.165803084021665e-03
   5.886836888508035e-03   5.886836888508051e-03   5.886836888507987e-03
   6.033595429757918e-03   6.033595429757919e-03   6.033595429757872e-03
   6.073887860858529e-03   6.073887860858525e-03   6.073887860858523e-03

 Column 10:

   5.165803084021660e-03
   5.886836888508041e-03
   6.033595429757873e-03
   6.073887860858529e-03

ans = -1.164670302474663e-21
ans = -2.206297488832063e-21
ans = 1.181007119572585e-21
ans = -2.190374262040417e-21
ans = 1.190933286923222e-21
ans = 7.970298792254698e-21
ans = 4.569966089202340e-21
ans = 4.588370857831645e-21
ans = -2.206297488832063e-21
ans = -2.199473248778501e-21
nbcr = 10
lambda0 = 3.501084296647659
kmpl_prod = 0.180000000000000
 Time :      1.00000
 Time :      2.00000
 Time :      3.01000
 Time :      4.01000
 Time :      5.01000
 Time :      6.01000
 Time :      7.01000
 Time :      8.01000
 Time :      9.01000
 Time :     10.01000
 Time :     11.01000
 Time :     12.01000
 Time :     13.01000
 Time :     14.01000
 Time :     15.01000
 Time :     16.01000
 Time :     17.01000
 Time :     18.00000
 Time :     19.00000
 Time :     20.00000
 Time :     21.00000
 Time :     22.00000
 Time :     23.00000
 Time :     24.00000
 Time :     25.00000
 Time :     26.00000
 Time :     27.00000
 Time :     28.00000
 Time :     29.00000
 Time :     30.00000
 Time :     31.00000
 Time :     32.00000
 Time :     33.00000
 Time :     34.00000
 Time :     35.00000
dtime = 48.67619946599007
mbcr =

 Columns 1 through 4:

   0.100000000000000   0.220904183705116   0.270698222944692   0.287152852823806

 Column 5:

   0.254059501711032

agsout =

 Columns 1 through 3:

   5.165803084021687e-03   5.165803084021710e-03   5.165803084021646e-03
   6.394979436108558e-04   5.886836888508000e-03   5.886836888508050e-03
   1.614745742680864e-04   6.033595429757842e-03   6.033595429757839e-03
   4.009921809565615e-05   6.073887860858532e-03   6.073887860858494e-03
   2.661374530478111e-04   6.028719972390679e-03   6.028719972390695e-03

 Columns 4 through 6:

   5.165803084021644e-03   5.165803084021664e-03   5.165803084021658e-03
   5.886836888508021e-03   5.886836888508042e-03   5.886836888507998e-03
   6.033595429757871e-03   6.033595429757877e-03   6.033595429757886e-03
   6.073887860858523e-03   6.073887860858509e-03   6.073887860858529e-03
   6.028719972390711e-03   6.028719972390725e-03   6.028719972390701e-03

 Columns 7 through 9:

   5.165803084021657e-03   5.165803084021666e-03   5.165803084021665e-03
   5.886836888508035e-03   5.886836888508051e-03   5.886836888507987e-03
   6.033595429757918e-03   6.033595429757919e-03   6.033595429757872e-03
   6.073887860858529e-03   6.073887860858525e-03   6.073887860858523e-03
   6.028719972390717e-03   6.028719972390706e-03   6.028719972390707e-03

 Column 10:

   5.165803084021660e-03
   5.886836888508041e-03
   6.033595429757873e-03
   6.073887860858529e-03
   6.028719972390701e-03

ans = 8.569591146049367e-21
ans = -2.002604262990880e-21
ans = 1.384286755107492e-21
ans = 1.357610180352657e-21
ans = 1.378289695666482e-21
ans = -2.008601322431889e-21
ans = -5.379569113738615e-21
ans = 1.401657547971105e-21
ans = -1.991850915027691e-21
ans = -2.003845033909710e-21
nbcr = 10
lambda0 = 3.501084296647659
kmpl_prod = 0.180000000000000
 Time :      1.00000
 Time :      2.00000
 Time :      3.01000
 Time :      4.01000
 Time :      5.01000
 Time :      6.01000
 Time :      7.01000
 Time :      8.01000
 Time :      9.01000
 Time :     10.01000
 Time :     11.01000
 Time :     12.01000
 Time :     13.01000
 Time :     14.01000
 Time :     15.01000
 Time :     16.01000
 Time :     17.01000
 Time :     18.00000
 Time :     19.00000
 Time :     20.00000
 Time :     21.00000
 Time :     22.00000
 Time :     23.00000
 Time :     24.00000
 Time :     25.00000
 Time :     26.00000
 Time :     27.00000
 Time :     28.00000
 Time :     29.00000
 Time :     30.00000
 Time :     31.00000
 Time :     32.00000
 Time :     33.00000
 Time :     34.00000
 Time :     35.00000
dtime = 45.79533599317074
mbcr =

 Columns 1 through 4:

   0.100000000000000   0.220904183705116   0.270698222944692   0.287152852823806

 Columns 5 and 6:

   0.254059501711032   0.223928058659926

agsout =

 Columns 1 through 3:

   5.165803084021687e-03   5.165803084021710e-03   5.165803084021646e-03
   6.394979436108558e-04   5.886836888508000e-03   5.886836888508050e-03
   1.614745742680864e-04   6.033595429757842e-03   6.033595429757839e-03
   4.009921809565615e-05   6.073887860858532e-03   6.073887860858494e-03
   2.661374530478111e-04   6.028719972390679e-03   6.028719972390695e-03
   6.218310328348005e-04   5.792725056313494e-03   5.792725056313581e-03

 Columns 4 through 6:

   5.165803084021644e-03   5.165803084021664e-03   5.165803084021658e-03
   5.886836888508021e-03   5.886836888508042e-03   5.886836888507998e-03
   6.033595429757871e-03   6.033595429757877e-03   6.033595429757886e-03
   6.073887860858523e-03   6.073887860858509e-03   6.073887860858529e-03
   6.028719972390711e-03   6.028719972390725e-03   6.028719972390701e-03
   5.792725056313486e-03   5.792725056313490e-03   5.792725056313485e-03

 Columns 7 through 9:

   5.165803084021657e-03   5.165803084021666e-03   5.165803084021665e-03
   5.886836888508035e-03   5.886836888508051e-03   5.886836888507987e-03
   6.033595429757918e-03   6.033595429757919e-03   6.033595429757872e-03
   6.073887860858529e-03   6.073887860858525e-03   6.073887860858523e-03
   6.028719972390717e-03   6.028719972390706e-03   6.028719972390707e-03
   5.792725056313498e-03   5.792725056313491e-03   5.792725056313490e-03

 Column 10:

   5.165803084021660e-03
   5.886836888508041e-03
   6.033595429757873e-03
   6.073887860858529e-03
   6.028719972390701e-03
   5.792725056313492e-03

ans = 1.323488980084844e-20
ans = 4.781207338133069e-21
ans = 1.403311909196211e-21
ans = 4.771384568359002e-21
ans = 4.796510179465300e-21
ans = 8.164479441051521e-21
ans = 8.157758598574528e-21
ans = 1.403932294655626e-21
ans = 4.755151148837649e-21
ans = 4.774693290809214e-21
dkps =

 Columns 1 through 3:

   5.924213561108584e+01   1.472438036161922e+01   1.437295466100568e+02

 Columns 4 through 6:

   1.166843858827325e+01   3.706667127139581e+00   6.657043081024035e+00

nbcr = 15
lambda0 = 3.501084296647659
kmpl_prod = 0.180000000000000
 Time :      1.00000
 Time :      2.00000
 Time :      3.01000
 Time :      4.01000
 Time :      5.01000
 Time :      6.01000
 Time :      7.01000
 Time :      8.01000
 Time :      9.01000
 Time :     10.01000
 Time :     11.01000
 Time :     12.01000
 Time :     13.01000
 Time :     14.01000
 Time :     15.01000
 Time :     16.01000
 Time :     17.01000
 Time :     18.00000
 Time :     19.00000
 Time :     20.00000
 Time :     21.00000
 Time :     22.00000
 Time :     23.00000
 Time :     24.00000
 Time :     25.00000
 Time :     26.00000
 Time :     27.00000
 Time :     28.00000
 Time :     29.00000
 Time :     30.00000
 Time :     31.00000
 Time :     32.00000
 Time :     33.00000
 Time :     34.00000
 Time :     35.00000
dtime = 72.30385243892670
mbcr = 6.666666666666667e-02
agsout =

 Columns 1 through 3:

   4.664289824553062e-03   4.664289824553062e-03   4.664289824553099e-03

 Columns 4 through 6:

   4.664289824553137e-03   4.664289824553130e-03   4.664289824553107e-03

 Columns 7 through 9:

   4.664289824553147e-03   4.664289824553143e-03   4.664289824553102e-03

 Columns 10 through 12:

   4.664289824553108e-03   4.664289824553121e-03   4.664289824553106e-03

 Columns 13 through 15:

   4.664289824553102e-03   4.664289824553101e-03   4.664289824553102e-03

ans = 5.444812984553736e-21
ans = 7.275053487403878e-22
ans = -6.043174760159282e-21
ans = -9.428204621879409e-21
ans = -9.440612331067705e-21
ans = 7.186131571554428e-22
ans = -2.656076946907772e-21
ans = -6.048758229294015e-21
ans = -6.036143724952581e-21
ans = -2.652561429304421e-21
ans = -2.666003114258408e-21
ans = -2.655249766295219e-21
ans = -6.028492304286466e-21
ans = -6.052066951744227e-21
ans = -9.440198740761428e-21
nbcr = 15
lambda0 = 3.501084296647659
kmpl_prod = 0.180000000000000
 Time :      1.00000
 Time :      2.00000
 Time :      3.01000
 Time :      4.01000
 Time :      5.01000
 Time :      6.01000
 Time :      7.01000
 Time :      8.01000
 Time :      9.01000
 Time :     10.01000
 Time :     11.01000
 Time :     12.01000
 Time :     13.01000
 Time :     14.01000
 Time :     15.01000
 Time :     16.01000
 Time :     17.01000
 Time :     18.00000
 Time :     19.00000
 Time :     20.00000
 Time :     21.00000
 Time :     22.00000
 Time :     23.00000
 Time :     24.00000
 Time :     25.00000
 Time :     26.00000
 Time :     27.00000
 Time :     28.00000
 Time :     29.00000
 Time :     30.00000
 Time :     31.00000
 Time :     32.00000
 Time :     33.00000
 Time :     34.00000
 Time :     35.00000
dtime = 72.23225757479668
mbcr =

   6.666666666666667e-02   1.414813572260525e-01

agsout =

 Columns 1 through 3:

   4.664289824553062e-03   4.664289824553062e-03   4.664289824553099e-03
   1.064188414434238e-03   5.014735035743624e-03   5.014735035743651e-03

 Columns 4 through 6:

   4.664289824553137e-03   4.664289824553130e-03   4.664289824553107e-03
   5.014735035743611e-03   5.014735035743631e-03   5.014735035743620e-03

 Columns 7 through 9:

   4.664289824553147e-03   4.664289824553143e-03   4.664289824553102e-03
   5.014735035743678e-03   5.014735035743685e-03   5.014735035743624e-03

 Columns 10 through 12:

   4.664289824553108e-03   4.664289824553121e-03   4.664289824553106e-03
   5.014735035743662e-03   5.014735035743613e-03   5.014735035743666e-03

 Columns 13 through 15:

   4.664289824553102e-03   4.664289824553101e-03   4.664289824553102e-03
   5.014735035743666e-03   5.014735035743673e-03   5.014735035743673e-03

ans = -1.301568693852189e-21
ans = -7.233280866469951e-21
ans = -4.524677950665061e-22
ans = -4.748016716054379e-22
ans = -4.623939624171425e-22
ans = -3.839152018011740e-21
ans = -1.061500200573987e-20
ans = -3.839358813164878e-21
ans = -3.835636500408389e-21
ans = -7.234728432541918e-21
ans = -4.522609999133679e-22
ans = -3.855902425415939e-21
ans = -4.590852399669304e-22
ans = -3.850939341740620e-21
ans = -3.850732546587482e-21
nbcr = 15
lambda0 = 3.501084296647659
kmpl_prod = 0.180000000000000
 Time :      1.00000
 Time :      2.00000
 Time :      3.01000
 Time :      4.01000
 Time :      5.01000
 Time :      6.01000
 Time :      7.01000
 Time :      8.01000
 Time :      9.01000
 Time :     10.01000
 Time :     11.01000
 Time :     12.01000
 Time :     13.01000
 Time :     14.01000
 Time :     15.01000
 Time :     16.01000
 Time :     17.01000
 Time :     18.00000
 Time :     19.00000
 Time :     20.00000
 Time :     21.00000
 Time :     22.00000
 Time :     23.00000
 Time :     24.00000
 Time :     25.00000
 Time :     26.00000
 Time :     27.00000
 Time :     28.00000
 Time :     29.00000
 Time :     30.00000
 Time :     31.00000
 Time :     32.00000
 Time :     33.00000
 Time :     34.00000
 Time :     35.00000
dtime = 72.02723957598209
mbcr =

   6.666666666666667e-02   1.414813572260525e-01   2.007058267641297e-01

agsout =

 Columns 1 through 3:

   4.664289824553062e-03   4.664289824553062e-03   4.664289824553099e-03
   1.064188414434238e-03   5.014735035743624e-03   5.014735035743651e-03
   3.585771513183694e-04   5.461368137930034e-03   5.461368137930088e-03

 Columns 4 through 6:

   4.664289824553137e-03   4.664289824553130e-03   4.664289824553107e-03
   5.014735035743611e-03   5.014735035743631e-03   5.014735035743620e-03
   5.461368137930076e-03   5.461368137930101e-03   5.461368137930103e-03

 Columns 7 through 9:

   4.664289824553147e-03   4.664289824553143e-03   4.664289824553102e-03
   5.014735035743678e-03   5.014735035743685e-03   5.014735035743624e-03
   5.461368137930091e-03   5.461368137930085e-03   5.461368137930088e-03

 Columns 10 through 12:

   4.664289824553108e-03   4.664289824553121e-03   4.664289824553106e-03
   5.014735035743662e-03   5.014735035743613e-03   5.014735035743666e-03
   5.461368137930072e-03   5.461368137930058e-03   5.461368137930049e-03

 Columns 13 through 15:

   4.664289824553102e-03   4.664289824553101e-03   4.664289824553102e-03
   5.014735035743666e-03   5.014735035743673e-03   5.014735035743673e-03
   5.461368137930071e-03   5.461368137930063e-03   5.461368137930063e-03

ans = 8.251953790829004e-21
ans = 1.388009067863980e-21
ans = 1.405173065574456e-21
ans = 8.182057029068273e-21
ans = 1.411790510474880e-21
ans = 4.797440757654422e-21
ans = 4.800749480104634e-21
ans = 1.398969210980308e-21
ans = 1.404966270421318e-21
ans = -1.975927688236045e-21
ans = 1.398348825520893e-21
ans = 4.800129094645220e-21
ans = -1.986267445892958e-21
ans = -1.996400408396732e-21
ans = -1.996400408396732e-21
nbcr = 15
lambda0 = 3.501084296647659
kmpl_prod = 0.180000000000000
 Time :      1.00000
 Time :      2.00000
 Time :      3.01000
 Time :      4.01000
 Time :      5.01000
 Time :      6.01000
 Time :      7.01000
 Time :      8.01000
 Time :      9.01000
 Time :     10.01000
 Time :     11.01000
 Time :     12.01000
 Time :     13.01000
 Time :     14.01000
 Time :     15.01000
 Time :     16.01000
 Time :     17.01000
 Time :     18.00000
 Time :     19.00000
 Time :     20.00000
 Time :     21.00000
 Time :     22.00000
 Time :     23.00000
 Time :     24.00000
 Time :     25.00000
 Time :     26.00000
 Time :     27.00000
 Time :     28.00000
 Time :     29.00000
 Time :     30.00000
 Time :     31.00000
 Time :     32.00000
 Time :     33.00000
 Time :     34.00000
 Time :     35.00000
dtime = 71.65839225053787
mbcr =

 Columns 1 through 3:

   6.666666666666667e-02   1.414813572260525e-01   2.007058267641297e-01

 Column 4:

   1.490872603316596e-01

agsout =

 Columns 1 through 3:

   4.664289824553062e-03   4.664289824553062e-03   4.664289824553099e-03
   1.064188414434238e-03   5.014735035743624e-03   5.014735035743651e-03
   3.585771513183694e-04   5.461368137930034e-03   5.461368137930088e-03
   9.413600649590748e-04   5.111163423279189e-03   5.111163423279191e-03

 Columns 4 through 6:

   4.664289824553137e-03   4.664289824553130e-03   4.664289824553107e-03
   5.014735035743611e-03   5.014735035743631e-03   5.014735035743620e-03
   5.461368137930076e-03   5.461368137930101e-03   5.461368137930103e-03
   5.111163423279176e-03   5.111163423279177e-03   5.111163423279197e-03

 Columns 7 through 9:

   4.664289824553147e-03   4.664289824553143e-03   4.664289824553102e-03
   5.014735035743678e-03   5.014735035743685e-03   5.014735035743624e-03
   5.461368137930091e-03   5.461368137930085e-03   5.461368137930088e-03
   5.111163423279157e-03   5.111163423279149e-03   5.111163423279160e-03

 Columns 10 through 12:

   4.664289824553108e-03   4.664289824553121e-03   4.664289824553106e-03
   5.014735035743662e-03   5.014735035743613e-03   5.014735035743666e-03
   5.461368137930072e-03   5.461368137930058e-03   5.461368137930049e-03
   5.111163423279184e-03   5.111163423279182e-03   5.111163423279184e-03

 Columns 13 through 15:

   4.664289824553102e-03   4.664289824553101e-03   4.664289824553102e-03
   5.014735035743666e-03   5.014735035743673e-03   5.014735035743673e-03
   5.461368137930071e-03   5.461368137930063e-03   5.461368137930063e-03
   5.111163423279181e-03   5.111163423279187e-03   5.111163423279185e-03

ans = 9.141586539629785e-21
ans = 1.464523274525135e-21
ans = 1.489338692901726e-21
ans = 1.466177635750242e-21
ans = 1.470520333966145e-21
ans = 4.863615206658664e-21
ans = 1.473415466110081e-21
ans = 4.863408411505526e-21
ans = 1.473622261263219e-21
ans = 4.862994821199250e-21
ans = 4.867544314568291e-21
ans = 1.483341633460717e-21
ans = 4.854723015073719e-21
ans = 4.855136605379996e-21
ans = 1.461214552074923e-21
nbcr = 15
lambda0 = 3.501084296647659
kmpl_prod = 0.180000000000000
 Time :      1.00000
 Time :      2.00000
 Time :      3.01000
 Time :      4.01000
 Time :      5.01000
 Time :      6.01000
 Time :      7.01000
 Time :      8.01000
 Time :      9.01000
 Time :     10.01000
 Time :     11.01000
 Time :     12.01000
 Time :     13.01000
 Time :     14.01000
 Time :     15.01000
 Time :     16.01000
 Time :     17.01000
 Time :     18.00000
 Time :     19.00000
 Time :     20.00000
 Time :     21.00000
 Time :     22.00000
 Time :     23.00000
 Time :     24.00000
 Time :     25.00000
 Time :     26.00000
 Time :     27.00000
 Time :     28.00000
 Time :     29.00000
 Time :     30.00000
 Time :     31.00000
 Time :     32.00000
 Time :     33.00000
 Time :     34.00000
 Time :     35.00000
dtime = 71.45923823118210
mbcr =

 Columns 1 through 3:

   6.666666666666667e-02   1.414813572260525e-01   2.007058267641297e-01

 Columns 4 and 5:

   1.490872603316596e-01   2.017400976047613e-01

agsout =

 Columns 1 through 3:

   4.664289824553062e-03   4.664289824553062e-03   4.664289824553099e-03
   1.064188414434238e-03   5.014735035743624e-03   5.014735035743651e-03
   3.585771513183694e-04   5.461368137930034e-03   5.461368137930088e-03
   9.413600649590748e-04   5.111163423279189e-03   5.111163423279191e-03
   3.571892355930737e-04   5.437295345902479e-03   5.437295345902481e-03

 Columns 4 through 6:

   4.664289824553137e-03   4.664289824553130e-03   4.664289824553107e-03
   5.014735035743611e-03   5.014735035743631e-03   5.014735035743620e-03
   5.461368137930076e-03   5.461368137930101e-03   5.461368137930103e-03
   5.111163423279176e-03   5.111163423279177e-03   5.111163423279197e-03
   5.437295345902445e-03   5.437295345902453e-03   5.437295345902470e-03

 Columns 7 through 9:

   4.664289824553147e-03   4.664289824553143e-03   4.664289824553102e-03
   5.014735035743678e-03   5.014735035743685e-03   5.014735035743624e-03
   5.461368137930091e-03   5.461368137930085e-03   5.461368137930088e-03
   5.111163423279157e-03   5.111163423279149e-03   5.111163423279160e-03
   5.437295345902453e-03   5.437295345902446e-03   5.437295345902473e-03

 Columns 10 through 12:

   4.664289824553108e-03   4.664289824553121e-03   4.664289824553106e-03
   5.014735035743662e-03   5.014735035743613e-03   5.014735035743666e-03
   5.461368137930072e-03   5.461368137930058e-03   5.461368137930049e-03
   5.111163423279184e-03   5.111163423279182e-03   5.111163423279184e-03
   5.437295345902460e-03   5.437295345902446e-03   5.437295345902441e-03

 Columns 13 through 15:

   4.664289824553102e-03   4.664289824553101e-03   4.664289824553102e-03
   5.014735035743666e-03   5.014735035743673e-03   5.014735035743673e-03
   5.461368137930071e-03   5.461368137930063e-03   5.461368137930063e-03
   5.111163423279181e-03   5.111163423279187e-03   5.111163423279185e-03
   5.437295345902442e-03   5.437295345902449e-03   5.437295345902449e-03

ans = 3.485739101298459e-21
ans = -4.593127146353824e-21
ans = 5.601460313055965e-21
ans = -1.179559553500617e-21
ans = 5.571681811004056e-21
ans = 8.976564007425456e-21
ans = -7.938865928977683e-21
ans = 8.983801837785295e-21
ans = 8.986283379622954e-21
ans = 1.577102555893603e-20
ans = 8.989178511766890e-21
ans = -4.554663247870109e-21
ans = 8.989592102073167e-21
ans = 5.592568121471020e-21
ans = -7.964094937660550e-21
nbcr = 15
lambda0 = 3.501084296647659
kmpl_prod = 0.180000000000000
 Time :      1.00000
 Time :      2.00000
 Time :      3.01000
 Time :      4.01000
 Time :      5.01000
 Time :      6.01000
 Time :      7.01000
 Time :      8.01000
 Time :      9.01000
 Time :     10.01000
 Time :     11.01000
 Time :     12.01000
 Time :     13.01000
 Time :     14.01000
 Time :     15.01000
 Time :     16.01000
 Time :     17.01000
 Time :     18.00000
 Time :     19.00000
 Time :     20.00000
 Time :     21.00000
 Time :     22.00000
 Time :     23.00000
 Time :     24.00000
 Time :     25.00000
 Time :     26.00000
 Time :     27.00000
 Time :     28.00000
 Time :     29.00000
 Time :     30.00000
 Time :     31.00000
 Time :     32.00000
 Time :     33.00000
 Time :     34.00000
 Time :     35.00000
dtime = 70.66262215375900
mbcr =

 Columns 1 through 3:

   6.666666666666667e-02   1.414813572260525e-01   2.007058267641297e-01

 Columns 4 through 6:

   1.490872603316596e-01   2.017400976047613e-01   2.363729880535559e-01

agsout =

 Columns 1 through 3:

   4.664289824553062e-03   4.664289824553062e-03   4.664289824553099e-03
   1.064188414434238e-03   5.014735035743624e-03   5.014735035743651e-03
   3.585771513183694e-04   5.461368137930034e-03   5.461368137930088e-03
   9.413600649590748e-04   5.111163423279189e-03   5.111163423279191e-03
   3.571892355930737e-04   5.437295345902479e-03   5.437295345902481e-03
   1.279580956175233e-04   5.573165200351710e-03   5.573165200351736e-03

 Columns 4 through 6:

   4.664289824553137e-03   4.664289824553130e-03   4.664289824553107e-03
   5.014735035743611e-03   5.014735035743631e-03   5.014735035743620e-03
   5.461368137930076e-03   5.461368137930101e-03   5.461368137930103e-03
   5.111163423279176e-03   5.111163423279177e-03   5.111163423279197e-03
   5.437295345902445e-03   5.437295345902453e-03   5.437295345902470e-03
   5.573165200351763e-03   5.573165200351739e-03   5.573165200351762e-03

 Columns 7 through 9:

   4.664289824553147e-03   4.664289824553143e-03   4.664289824553102e-03
   5.014735035743678e-03   5.014735035743685e-03   5.014735035743624e-03
   5.461368137930091e-03   5.461368137930085e-03   5.461368137930088e-03
   5.111163423279157e-03   5.111163423279149e-03   5.111163423279160e-03
   5.437295345902453e-03   5.437295345902446e-03   5.437295345902473e-03
   5.573165200351754e-03   5.573165200351730e-03   5.573165200351753e-03

 Columns 10 through 12:

   4.664289824553108e-03   4.664289824553121e-03   4.664289824553106e-03
   5.014735035743662e-03   5.014735035743613e-03   5.014735035743666e-03
   5.461368137930072e-03   5.461368137930058e-03   5.461368137930049e-03
   5.111163423279184e-03   5.111163423279182e-03   5.111163423279184e-03
   5.437295345902460e-03   5.437295345902446e-03   5.437295345902441e-03
   5.573165200351713e-03   5.573165200351710e-03   5.573165200351715e-03

 Columns 13 through 15:

   4.664289824553102e-03   4.664289824553101e-03   4.664289824553102e-03
   5.014735035743666e-03   5.014735035743673e-03   5.014735035743673e-03
   5.461368137930071e-03   5.461368137930063e-03   5.461368137930063e-03
   5.111163423279181e-03   5.111163423279187e-03   5.111163423279185e-03
   5.437295345902442e-03   5.437295345902449e-03   5.437295345902449e-03
   5.573165200351714e-03   5.573165200351711e-03   5.573165200351711e-03

ans = 6.630679790225070e-21
ans = 2.154185110241222e-21
ans = -4.622285262946319e-21
ans = 2.161629735754200e-21
ans = -1.139110421546774e-20
ans = -1.234360269082256e-21
ans = -1.238496172145021e-21
ans = -8.003592811909958e-21
ans = -1.258968892305708e-21
ans = 2.146533689575107e-21
ans = 1.234029396837234e-20
ans = 5.544798441096083e-21
ans = 8.955470901805354e-21
ans = -8.035232470340111e-21
ans = -1.244906821892307e-21
