warning: function /home/surgeon/flu/amcode/perelson21/1d2agt/4paper/2submit/run.m shadows a core library function
warning: called from
    driver at line 1 column 1

lambda0 = 3.501084296647659
kmpl_prod = 0.180000000000000
dkps =

 Columns 1 through 3:

   4.117224951112715e+01   2.313150036379674e+01   1.123917201103518e+01

 Columns 4 through 6:

   4.106438448033441e+00   3.754160592065839e+00   7.307426515994578e+01

nbcr = 2
lambda0 = 3.501084296647659
kmpl_prod = 0.180000000000000
 Time :      1.00000
 Time :      2.00000
 Time :      3.01000
 Time :      4.01000
 Time :      5.01000
 Time :      6.01000
 Time :      7.01000
 Time :      8.01000
 Time :      9.01000
 Time :     10.01000
 Time :     11.01000
 Time :     12.01000
 Time :     13.01000
 Time :     14.01000
 Time :     15.01000
 Time :     16.01000
 Time :     17.01000
 Time :     18.00000
 Time :     19.00000
 Time :     20.00000
 Time :     21.00000
 Time :     22.00000
 Time :     23.00000
 Time :     24.00000
 Time :     25.00000
 Time :     26.00000
 Time :     27.00000
 Time :     28.00000
 Time :     29.00000
 Time :     30.00000
 Time :     31.00000
 Time :     32.00000
 Time :     33.00000
 Time :     34.00000
 Time :     35.00000
dtime = 5.081384629011154
mbcr = 0.500000000000000
agsout =

   1.110448042063631e-02   1.110448042063631e-02

ans = 4.699846370070236e-21
ans = -3.232570135068948e-21
nbcr = 2
lambda0 = 3.501084296647659
kmpl_prod = 0.180000000000000
 Time :      1.00000
 Time :      2.00000
 Time :      3.01000
 Time :      4.01000
 Time :      5.01000
 Time :      6.01000
 Time :      7.01000
 Time :      8.01000
 Time :      9.01000
 Time :     10.01000
 Time :     11.01000
 Time :     12.01000
 Time :     13.01000
 Time :     14.01000
 Time :     15.01000
 Time :     16.01000
 Time :     17.01000
 Time :     18.00000
 Time :     19.00000
 Time :     20.00000
 Time :     21.00000
 Time :     22.00000
 Time :     23.00000
 Time :     24.00000
 Time :     25.00000
 Time :     26.00000
 Time :     27.00000
 Time :     28.00000
 Time :     29.00000
 Time :     30.00000
 Time :     31.00000
 Time :     32.00000
 Time :     33.00000
 Time :     34.00000
 Time :     35.00000
dtime = 5.046844482421875
mbcr =

   0.500000000000000   0.552566131104529

agsout =

   1.110448042063631e-02   1.110448042063631e-02
   6.319444743785680e-03   1.092751043586077e-02

ans = 6.187569475838070e-22
ans = 8.220398142929813e-21
nbcr = 2
lambda0 = 3.501084296647659
kmpl_prod = 0.180000000000000
 Time :      1.00000
 Time :      2.00000
 Time :      3.01000
 Time :      4.01000
 Time :      5.01000
 Time :      6.01000
 Time :      7.01000
 Time :      8.01000
 Time :      9.01000
 Time :     10.01000
 Time :     11.01000
 Time :     12.01000
 Time :     13.01000
 Time :     14.01000
 Time :     15.01000
 Time :     16.01000
 Time :     17.01000
 Time :     18.00000
 Time :     19.00000
 Time :     20.00000
 Time :     21.00000
 Time :     22.00000
 Time :     23.00000
 Time :     24.00000
 Time :     25.00000
 Time :     26.00000
 Time :     27.00000
 Time :     28.00000
 Time :     29.00000
 Time :     30.00000
 Time :     31.00000
 Time :     32.00000
 Time :     33.00000
 Time :     34.00000
 Time :     35.00000
dtime = 5.182399973273277
mbcr =

   0.500000000000000   0.552566131104529   0.580175653017087

agsout =

   1.110448042063631e-02   1.110448042063631e-02
   6.319444743785680e-03   1.092751043586077e-02
   3.528331551841290e-03   1.105864248618196e-02

ans = 8.682811492392562e-21
ans = 1.321495991796474e-20
nbcr = 2
lambda0 = 3.501084296647659
kmpl_prod = 0.180000000000000
 Time :      1.00000
 Time :      2.00000
 Time :      3.01000
 Time :      4.01000
 Time :      5.01000
 Time :      6.01000
 Time :      7.01000
 Time :      8.01000
 Time :      9.01000
 Time :     10.01000
 Time :     11.01000
 Time :     12.01000
 Time :     13.01000
 Time :     14.01000
 Time :     15.01000
 Time :     16.01000
 Time :     17.01000
 Time :     18.00000
 Time :     19.00000
 Time :     20.00000
 Time :     21.00000
 Time :     22.00000
 Time :     23.00000
 Time :     24.00000
 Time :     25.00000
 Time :     26.00000
 Time :     27.00000
 Time :     28.00000
 Time :     29.00000
 Time :     30.00000
 Time :     31.00000
 Time :     32.00000
 Time :     33.00000
 Time :     34.00000
 Time :     35.00000
dtime = 5.311286821961403
mbcr =

   0.500000000000000   0.552566131104529   0.580175653017087   0.595837562326233

agsout =

   1.110448042063631e-02   1.110448042063631e-02
   6.319444743785680e-03   1.092751043586077e-02
   3.528331551841290e-03   1.105864248618196e-02
   2.029196600612168e-03   1.119091548110143e-02

ans = -6.431949648059205e-21
ans = 7.323947616424005e-21
nbcr = 2
lambda0 = 3.501084296647659
kmpl_prod = 0.180000000000000
 Time :      1.00000
 Time :      2.00000
 Time :      3.01000
 Time :      4.01000
 Time :      5.01000
 Time :      6.01000
 Time :      7.01000
 Time :      8.01000
 Time :      9.01000
 Time :     10.01000
 Time :     11.01000
 Time :     12.01000
 Time :     13.01000
 Time :     14.01000
 Time :     15.01000
 Time :     16.01000
 Time :     17.01000
 Time :     18.00000
 Time :     19.00000
 Time :     20.00000
 Time :     21.00000
 Time :     22.00000
 Time :     23.00000
 Time :     24.00000
 Time :     25.00000
 Time :     26.00000
 Time :     27.00000
 Time :     28.00000
 Time :     29.00000
 Time :     30.00000
 Time :     31.00000
 Time :     32.00000
 Time :     33.00000
 Time :     34.00000
 Time :     35.00000
dtime = 5.359707400202751
mbcr =

 Columns 1 through 4:

   0.500000000000000   0.552566131104529   0.580175653017087   0.595837562326233

 Column 5:

   0.609353179405477

agsout =

   1.110448042063631e-02   1.110448042063631e-02
   6.319444743785680e-03   1.092751043586077e-02
   3.528331551841290e-03   1.105864248618196e-02
   2.029196600612168e-03   1.119091548110143e-02
   9.620347986902522e-04   1.129575600963042e-02

ans = 9.628382330117242e-22
ans = 3.810110223692886e-21
nbcr = 2
lambda0 = 3.501084296647659
kmpl_prod = 0.180000000000000
 Time :      1.00000
 Time :      2.00000
 Time :      3.01000
 Time :      4.01000
 Time :      5.01000
 Time :      6.01000
 Time :      7.01000
 Time :      8.01000
 Time :      9.01000
 Time :     10.01000
 Time :     11.01000
 Time :     12.01000
 Time :     13.01000
 Time :     14.01000
 Time :     15.01000
 Time :     16.01000
 Time :     17.01000
 Time :     18.00000
 Time :     19.00000
 Time :     20.00000
 Time :     21.00000
 Time :     22.00000
 Time :     23.00000
 Time :     24.00000
 Time :     25.00000
 Time :     26.00000
 Time :     27.00000
 Time :     28.00000
 Time :     29.00000
 Time :     30.00000
 Time :     31.00000
 Time :     32.00000
 Time :     33.00000
 Time :     34.00000
 Time :     35.00000
dtime = 5.265803262591362
mbcr =

 Columns 1 through 4:

   0.500000000000000   0.552566131104529   0.580175653017087   0.595837562326233

 Columns 5 and 6:

   0.609353179405477   0.615158989422036

agsout =

   1.110448042063631e-02   1.110448042063631e-02
   6.319444743785680e-03   1.092751043586077e-02
   3.528331551841290e-03   1.105864248618196e-02
   2.029196600612168e-03   1.119091548110143e-02
   9.620347986902522e-04   1.129575600963042e-02
   5.730098482352364e-04   1.136857648082168e-02

ans = 2.977850205190900e-21
ans = 7.666465013506314e-21
dkps =

 Columns 1 through 3:

   5.492228017358281e+00   1.757734473769524e+00   3.431316405447488e-01

 Columns 4 through 6:

   1.562176436511286e+01   8.535766412381967e+00   9.572758212245394e+01

nbcr = 3
lambda0 = 3.501084296647659
kmpl_prod = 0.180000000000000
 Time :      1.00000
 Time :      2.00000
 Time :      3.01000
 Time :      4.01000
 Time :      5.01000
 Time :      6.01000
 Time :      7.01000
 Time :      8.01000
 Time :      9.01000
 Time :     10.01000
 Time :     11.01000
 Time :     12.01000
 Time :     13.01000
 Time :     14.01000
 Time :     15.01000
 Time :     16.01000
 Time :     17.01000
 Time :     18.00000
 Time :     19.00000
 Time :     20.00000
 Time :     21.00000
 Time :     22.00000
 Time :     23.00000
 Time :     24.00000
 Time :     25.00000
 Time :     26.00000
 Time :     27.00000
 Time :     28.00000
 Time :     29.00000
 Time :     30.00000
 Time :     31.00000
 Time :     32.00000
 Time :     33.00000
 Time :     34.00000
 Time :     35.00000
dtime = 11.92351207137108
mbcr = 0.333333333333333
agsout =

   8.632278872128881e-03   8.632278872128890e-03   8.632278872128887e-03

ans = 1.076026267612242e-21
ans = 7.828527790081352e-21
ans = 1.460437777780948e-20
nbcr = 3
lambda0 = 3.501084296647659
kmpl_prod = 0.180000000000000
 Time :      1.00000
 Time :      2.00000
 Time :      3.01000
 Time :      4.01000
 Time :      5.01000
 Time :      6.01000
 Time :      7.01000
 Time :      8.01000
 Time :      9.01000
 Time :     10.01000
 Time :     11.01000
 Time :     12.01000
 Time :     13.01000
 Time :     14.01000
 Time :     15.01000
 Time :     16.01000
 Time :     17.01000
 Time :     18.00000
 Time :     19.00000
 Time :     20.00000
 Time :     21.00000
 Time :     22.00000
 Time :     23.00000
 Time :     24.00000
 Time :     25.00000
 Time :     26.00000
 Time :     27.00000
 Time :     28.00000
 Time :     29.00000
 Time :     30.00000
 Time :     31.00000
 Time :     32.00000
 Time :     33.00000
 Time :     34.00000
 Time :     35.00000
dtime = 12.71848864853382
mbcr =

   0.333333333333333   0.447038596235861

agsout =

   8.632278872128881e-03   8.632278872128890e-03   8.632278872128887e-03
   1.399797883357110e-03   9.112823546967965e-03   9.112823546967965e-03

ans = 1.841800351910571e-20
ans = 1.181389690605891e-20
ans = 1.181389690605891e-20
nbcr = 3
lambda0 = 3.501084296647659
kmpl_prod = 0.180000000000000
 Time :      1.00000
 Time :      2.00000
 Time :      3.01000
 Time :      4.01000
 Time :      5.01000
 Time :      6.01000
 Time :      7.01000
 Time :      8.01000
 Time :      9.01000
 Time :     10.01000
 Time :     11.01000
 Time :     12.01000
 Time :     13.01000
 Time :     14.01000
 Time :     15.01000
 Time :     16.01000
 Time :     17.01000
 Time :     18.00000
 Time :     19.00000
 Time :     20.00000
 Time :     21.00000
 Time :     22.00000
 Time :     23.00000
 Time :     24.00000
 Time :     25.00000
 Time :     26.00000
 Time :     27.00000
 Time :     28.00000
 Time :     29.00000
 Time :     30.00000
 Time :     31.00000
 Time :     32.00000
 Time :     33.00000
 Time :     34.00000
 Time :     35.00000
dtime = 12.24907860159874
mbcr =

   0.333333333333333   0.447038596235861   0.480035217888359

agsout =

   8.632278872128881e-03   8.632278872128890e-03   8.632278872128887e-03
   1.399797883357110e-03   9.112823546967965e-03   9.112823546967965e-03
   3.650649751599688e-04   9.247498521154397e-03   9.247498521154402e-03

ans = -6.140988867593677e-21
ans = 1.126309801567516e-20
ans = 1.126405444325843e-20
nbcr = 3
lambda0 = 3.501084296647659
kmpl_prod = 0.180000000000000
 Time :      1.00000
 Time :      2.00000
 Time :      3.01000
 Time :      4.01000
 Time :      5.01000
 Time :      6.01000
 Time :      7.01000
 Time :      8.01000
 Time :      9.01000
 Time :     10.01000
 Time :     11.01000
 Time :     12.01000
 Time :     13.01000
 Time :     14.01000
 Time :     15.01000
 Time :     16.01000
 Time :     17.01000
 Time :     18.00000
 Time :     19.00000
 Time :     20.00000
 Time :     21.00000
 Time :     22.00000
 Time :     23.00000
 Time :     24.00000
 Time :     25.00000
 Time :     26.00000
 Time :     27.00000
 Time :     28.00000
 Time :     29.00000
 Time :     30.00000
 Time :     31.00000
 Time :     32.00000
 Time :     33.00000
 Time :     34.00000
 Time :     35.00000
dtime = 12.70870193839073
mbcr =

   0.333333333333333   0.447038596235861   0.480035217888359   0.481396099479315

agsout =

   8.632278872128881e-03   8.632278872128890e-03   8.632278872128887e-03
   1.399797883357110e-03   9.112823546967965e-03   9.112823546967965e-03
   3.650649751599688e-04   9.247498521154397e-03   9.247498521154402e-03
   6.064565038088334e-05   9.384496200559736e-03   9.384496200559736e-03

ans = 1.694065894508601e-21
ans = -7.180858295149402e-21
ans = -7.180858295149402e-21
nbcr = 3
lambda0 = 3.501084296647659
kmpl_prod = 0.180000000000000
 Time :      1.00000
 Time :      2.00000
 Time :      3.01000
 Time :      4.01000
 Time :      5.01000
 Time :      6.01000
 Time :      7.01000
 Time :      8.01000
 Time :      9.01000
 Time :     10.01000
 Time :     11.01000
 Time :     12.01000
 Time :     13.01000
 Time :     14.01000
 Time :     15.01000
 Time :     16.01000
 Time :     17.01000
 Time :     18.00000
 Time :     19.00000
 Time :     20.00000
 Time :     21.00000
 Time :     22.00000
 Time :     23.00000
 Time :     24.00000
 Time :     25.00000
 Time :     26.00000
 Time :     27.00000
 Time :     28.00000
 Time :     29.00000
 Time :     30.00000
 Time :     31.00000
 Time :     32.00000
 Time :     33.00000
 Time :     34.00000
 Time :     35.00000
dtime = 12.30710484087467
mbcr =

 Columns 1 through 4:

   0.333333333333333   0.447038596235861   0.480035217888359   0.481396099479315

 Column 5:

   0.464497531820891

agsout =

   8.632278872128881e-03   8.632278872128890e-03   8.632278872128887e-03
   1.399797883357110e-03   9.112823546967965e-03   9.112823546967965e-03
   3.650649751599688e-04   9.247498521154397e-03   9.247498521154402e-03
   6.064565038088334e-05   9.384496200559736e-03   9.384496200559736e-03
   3.702269663374343e-04   9.288206840841546e-03   9.288206840841546e-03

ans = 1.149781051448708e-21
ans = 9.373507303874340e-22
ans = 9.373507303874340e-22
nbcr = 3
lambda0 = 3.501084296647659
kmpl_prod = 0.180000000000000
 Time :      1.00000
 Time :      2.00000
 Time :      3.01000
 Time :      4.01000
 Time :      5.01000
 Time :      6.01000
 Time :      7.01000
 Time :      8.01000
 Time :      9.01000
 Time :     10.01000
 Time :     11.01000
 Time :     12.01000
 Time :     13.01000
 Time :     14.01000
 Time :     15.01000
 Time :     16.01000
 Time :     17.01000
 Time :     18.00000
 Time :     19.00000
 Time :     20.00000
 Time :     21.00000
 Time :     22.00000
 Time :     23.00000
 Time :     24.00000
 Time :     25.00000
 Time :     26.00000
 Time :     27.00000
 Time :     28.00000
 Time :     29.00000
 Time :     30.00000
 Time :     31.00000
 Time :     32.00000
 Time :     33.00000
 Time :     34.00000
 Time :     35.00000
dtime = 11.64171919226646
mbcr =

 Columns 1 through 4:

   0.333333333333333   0.447038596235861   0.480035217888359   0.481396099479315

 Columns 5 and 6:

   0.464497531820891   0.465381209745807

agsout =

   8.632278872128881e-03   8.632278872128890e-03   8.632278872128887e-03
   1.399797883357110e-03   9.112823546967965e-03   9.112823546967965e-03
   3.650649751599688e-04   9.247498521154397e-03   9.247498521154402e-03
   6.064565038088334e-05   9.384496200559736e-03   9.384496200559736e-03
   3.702269663374343e-04   9.288206840841546e-03   9.288206840841546e-03
   7.192557017450842e-04   9.125071253769896e-03   9.125071253769892e-03

ans = 8.821054052265487e-21
ans = 4.334271313413011e-21
ans = 7.721989512123936e-21
dkps =

 Columns 1 through 3:

   1.739425795935339e+01   4.687517070766265e+00   5.666134651155462e+01

 Columns 4 through 6:

   1.445934677613659e+01   2.508334771254201e+00   2.393557083963351e+00

nbcr = 4
lambda0 = 3.501084296647659
kmpl_prod = 0.180000000000000
 Time :      1.00000
 Time :      2.00000
 Time :      3.01000
 Time :      4.01000
 Time :      5.01000
 Time :      6.01000
 Time :      7.01000
 Time :      8.01000
 Time :      9.01000
 Time :     10.01000
 Time :     11.01000
 Time :     12.01000
 Time :     13.01000
 Time :     14.01000
 Time :     15.01000
 Time :     16.01000
 Time :     17.01000
 Time :     18.00000
 Time :     19.00000
 Time :     20.00000
 Time :     21.00000
 Time :     22.00000
 Time :     23.00000
 Time :     24.00000
 Time :     25.00000
 Time :     26.00000
 Time :     27.00000
 Time :     28.00000
 Time :     29.00000
 Time :     30.00000
 Time :     31.00000
 Time :     32.00000
 Time :     33.00000
 Time :     34.00000
 Time :     35.00000
dtime = 17.91792735457420
mbcr = 0.250000000000000
agsout =

 Columns 1 through 3:

   7.396322285675617e-03   7.396322285675630e-03   7.396322285675626e-03

 Column 4:

   7.396322285675627e-03

ans = -6.272294096313667e-21
ans = 2.121227132709813e-21
ans = 5.511349325075970e-21
ans = -1.265069349323287e-21
nbcr = 4
lambda0 = 3.501084296647659
kmpl_prod = 0.180000000000000
 Time :      1.00000
 Time :      2.00000
 Time :      3.01000
 Time :      4.01000
 Time :      5.01000
 Time :      6.01000
 Time :      7.01000
 Time :      8.01000
 Time :      9.01000
 Time :     10.01000
 Time :     11.01000
 Time :     12.01000
 Time :     13.01000
 Time :     14.01000
 Time :     15.01000
 Time :     16.01000
 Time :     17.01000
 Time :     18.00000
 Time :     19.00000
 Time :     20.00000
 Time :     21.00000
 Time :     22.00000
 Time :     23.00000
 Time :     24.00000
 Time :     25.00000
 Time :     26.00000
 Time :     27.00000
 Time :     28.00000
 Time :     29.00000
 Time :     30.00000
 Time :     31.00000
 Time :     32.00000
 Time :     33.00000
 Time :     34.00000
 Time :     35.00000
dtime = 18.00307072699070
mbcr =

   0.250000000000000   0.352926719675189

agsout =

 Columns 1 through 3:

   7.396322285675617e-03   7.396322285675630e-03   7.396322285675626e-03
   1.748013651035635e-03   7.816263786068374e-03   7.816263786068360e-03

 Column 4:

   7.396322285675627e-03
   7.816263786068358e-03

ans = 2.845501307182415e-21
ans = 1.047918928891632e-20
ans = 1.386814825854607e-20
ans = 1.047779342163263e-20
nbcr = 4
lambda0 = 3.501084296647659
kmpl_prod = 0.180000000000000
 Time :      1.00000
 Time :      2.00000
 Time :      3.01000
 Time :      4.01000
 Time :      5.01000
 Time :      6.01000
 Time :      7.01000
 Time :      8.01000
 Time :      9.01000
 Time :     10.01000
 Time :     11.01000
 Time :     12.01000
 Time :     13.01000
 Time :     14.01000
 Time :     15.01000
 Time :     16.01000
 Time :     17.01000
 Time :     18.00000
 Time :     19.00000
 Time :     20.00000
 Time :     21.00000
 Time :     22.00000
 Time :     23.00000
 Time :     24.00000
 Time :     25.00000
 Time :     26.00000
 Time :     27.00000
 Time :     28.00000
 Time :     29.00000
 Time :     30.00000
 Time :     31.00000
 Time :     32.00000
 Time :     33.00000
 Time :     34.00000
 Time :     35.00000
dtime = 17.95256808400154
mbcr =

   0.250000000000000   0.352926719675189   0.393471271168971

agsout =

 Columns 1 through 3:

   7.396322285675617e-03   7.396322285675630e-03   7.396322285675626e-03
   1.748013651035635e-03   7.816263786068374e-03   7.816263786068360e-03
   5.574809152819747e-04   8.105614405185564e-03   8.105614405185561e-03

 Column 4:

   7.396322285675627e-03
   7.816263786068358e-03
   8.105614405185561e-03

ans = -9.674704444420212e-21
ans = 4.054891061523226e-21
ans = 7.443022850540428e-21
ans = 7.445504392378087e-21
nbcr = 4
lambda0 = 3.501084296647659
kmpl_prod = 0.180000000000000
 Time :      1.00000
 Time :      2.00000
 Time :      3.01000
 Time :      4.01000
 Time :      5.01000
 Time :      6.01000
 Time :      7.01000
 Time :      8.01000
 Time :      9.01000
 Time :     10.01000
 Time :     11.01000
 Time :     12.01000
 Time :     13.01000
 Time :     14.01000
 Time :     15.01000
 Time :     16.01000
 Time :     17.01000
 Time :     18.00000
 Time :     19.00000
 Time :     20.00000
 Time :     21.00000
 Time :     22.00000
 Time :     23.00000
 Time :     24.00000
 Time :     25.00000
 Time :     26.00000
 Time :     27.00000
 Time :     28.00000
 Time :     29.00000
 Time :     30.00000
 Time :     31.00000
 Time :     32.00000
 Time :     33.00000
 Time :     34.00000
 Time :     35.00000
dtime = 17.94246956706047
mbcr =

   0.250000000000000   0.352926719675189   0.393471271168971   0.363034847384502

agsout =

 Columns 1 through 3:

   7.396322285675617e-03   7.396322285675630e-03   7.396322285675626e-03
   1.748013651035635e-03   7.816263786068374e-03   7.816263786068360e-03
   5.574809152819747e-04   8.105614405185564e-03   8.105614405185561e-03
   1.329426339253671e-03   7.947821288014941e-03   7.947821288014932e-03

 Column 4:

   7.396322285675627e-03
   7.816263786068358e-03
   8.105614405185561e-03
   7.947821288014932e-03

ans = 4.982108829406886e-21
ans = 1.173924385577600e-20
ans = 4.967219578380931e-21
ans = 1.174337975883876e-20
nbcr = 4
lambda0 = 3.501084296647659
kmpl_prod = 0.180000000000000
 Time :      1.00000
 Time :      2.00000
 Time :      3.01000
 Time :      4.01000
 Time :      5.01000
 Time :      6.01000
 Time :      7.01000
 Time :      8.01000
 Time :      9.01000
 Time :     10.01000
 Time :     11.01000
 Time :     12.01000
 Time :     13.01000
 Time :     14.01000
 Time :     15.01000
 Time :     16.01000
 Time :     17.01000
 Time :     18.00000
 Time :     19.00000
 Time :     20.00000
 Time :     21.00000
 Time :     22.00000
 Time :     23.00000
 Time :     24.00000
 Time :     25.00000
 Time :     26.00000
 Time :     27.00000
 Time :     28.00000
 Time :     29.00000
 Time :     30.00000
 Time :     31.00000
 Time :     32.00000
 Time :     33.00000
 Time :     34.00000
 Time :     35.00000
dtime = 17.74989366531372
mbcr =

 Columns 1 through 4:

   0.250000000000000   0.352926719675189   0.393471271168971   0.363034847384502

 Column 5:

   0.378022540717728

agsout =

 Columns 1 through 3:

   7.396322285675617e-03   7.396322285675630e-03   7.396322285675626e-03
   1.748013651035635e-03   7.816263786068374e-03   7.816263786068360e-03
   5.574809152819747e-04   8.105614405185564e-03   8.105614405185561e-03
   1.329426339253671e-03   7.947821288014941e-03   7.947821288014932e-03
   9.935217213610373e-04   7.968216921487555e-03   7.968216921487551e-03

 Column 4:

   7.396322285675627e-03
   7.816263786068358e-03
   8.105614405185561e-03
   7.947821288014932e-03
   7.968216921487551e-03

ans = 9.924512989411226e-21
ans = 4.884915107431905e-21
ans = -1.901895023412549e-21
ans = -1.901895023412549e-21
nbcr = 4
lambda0 = 3.501084296647659
kmpl_prod = 0.180000000000000
 Time :      1.00000
 Time :      2.00000
 Time :      3.01000
 Time :      4.01000
 Time :      5.01000
 Time :      6.01000
 Time :      7.01000
 Time :      8.01000
 Time :      9.01000
 Time :     10.01000
 Time :     11.01000
 Time :     12.01000
 Time :     13.01000
 Time :     14.01000
 Time :     15.01000
 Time :     16.01000
 Time :     17.01000
 Time :     18.00000
 Time :     19.00000
 Time :     20.00000
 Time :     21.00000
 Time :     22.00000
 Time :     23.00000
 Time :     24.00000
 Time :     25.00000
 Time :     26.00000
 Time :     27.00000
 Time :     28.00000
 Time :     29.00000
 Time :     30.00000
 Time :     31.00000
 Time :     32.00000
 Time :     33.00000
 Time :     34.00000
 Time :     35.00000
dtime = 18.36079359054565
mbcr =

 Columns 1 through 4:

   0.250000000000000   0.352926719675189   0.393471271168971   0.363034847384502

 Columns 5 and 6:

   0.378022540717728   0.404827730633630

agsout =

 Columns 1 through 3:

   7.396322285675617e-03   7.396322285675630e-03   7.396322285675626e-03
   1.748013651035635e-03   7.816263786068374e-03   7.816263786068360e-03
   5.574809152819747e-04   8.105614405185564e-03   8.105614405185561e-03
   1.329426339253671e-03   7.947821288014941e-03   7.947821288014932e-03
   9.935217213610373e-04   7.968216921487555e-03   7.968216921487551e-03
   3.113650520851341e-04   8.154441982129513e-03   8.154441982129498e-03

 Column 4:

   7.396322285675627e-03
   7.816263786068358e-03
   8.105614405185561e-03
   7.947821288014932e-03
   7.968216921487551e-03
   8.154441982129498e-03

ans = 6.538035561619131e-21
ans = 7.542336222835075e-21
ans = 7.539647885844278e-21
ans = 1.432314929423852e-20
dkps =

 Columns 1 through 3:

   8.869666361510168e+01   1.326917670038523e+02   1.724598270883419e+01

 Columns 4 through 6:

   3.464653683251656e+02   4.501220277670112e+00   5.316637710488945e+01

nbcr = 5
lambda0 = 3.501084296647659
kmpl_prod = 0.180000000000000
 Time :      1.00000
 Time :      2.00000
 Time :      3.01000
 Time :      4.01000
 Time :      5.01000
 Time :      6.01000
 Time :      7.01000
 Time :      8.01000
 Time :      9.01000
 Time :     10.01000
 Time :     11.01000
 Time :     12.01000
 Time :     13.01000
 Time :     14.01000
 Time :     15.01000
 Time :     16.01000
 Time :     17.01000
 Time :     18.00000
 Time :     19.00000
 Time :     20.00000
 Time :     21.00000
 Time :     22.00000
 Time :     23.00000
 Time :     24.00000
 Time :     25.00000
 Time :     26.00000
 Time :     27.00000
 Time :     28.00000
 Time :     29.00000
 Time :     30.00000
 Time :     31.00000
 Time :     32.00000
 Time :     33.00000
 Time :     34.00000
 Time :     35.00000
dtime = 22.90504574775696
mbcr = 0.200000000000000
agsout =

 Columns 1 through 3:

   6.654776675632307e-03   6.654776675632309e-03   6.654776675632313e-03

 Columns 4 and 5:

   6.654776675632314e-03   6.654776675632316e-03

ans = 1.065113945875078e-20
ans = -3.797948083748942e-21
ans = -3.794018975839315e-21
ans = -3.798930360726349e-21
ans = -3.797017505559820e-21
nbcr = 5
lambda0 = 3.501084296647659
kmpl_prod = 0.180000000000000
 Time :      1.00000
 Time :      2.00000
 Time :      3.01000
 Time :      4.01000
 Time :      5.01000
 Time :      6.01000
 Time :      7.01000
 Time :      8.01000
 Time :      9.01000
 Time :     10.01000
 Time :     11.01000
 Time :     12.01000
 Time :     13.01000
 Time :     14.01000
 Time :     15.01000
 Time :     16.01000
 Time :     17.01000
 Time :     18.00000
 Time :     19.00000
 Time :     20.00000
 Time :     21.00000
 Time :     22.00000
 Time :     23.00000
 Time :     24.00000
 Time :     25.00000
 Time :     26.00000
 Time :     27.00000
 Time :     28.00000
 Time :     29.00000
 Time :     30.00000
 Time :     31.00000
 Time :     32.00000
 Time :     33.00000
 Time :     34.00000
 Time :     35.00000
dtime = 22.65959344804287
mbcr =

   0.200000000000000   0.249126241534879

agsout =

 Columns 1 through 3:

   6.654776675632307e-03   6.654776675632309e-03   6.654776675632313e-03
   3.494556416946045e-03   6.700572207190770e-03   6.700572207190792e-03

 Columns 4 and 5:

   6.654776675632314e-03   6.654776675632316e-03
   6.700572207190779e-03   6.700572207190774e-03

ans = -6.107746546726703e-21
ans = 8.102647690263183e-21
ans = 4.708208649075264e-21
ans = 4.709035829687817e-21
ans = 1.320955739458901e-21
nbcr = 5
lambda0 = 3.501084296647659
kmpl_prod = 0.180000000000000
 Time :      1.00000
 Time :      2.00000
 Time :      3.01000
 Time :      4.01000
 Time :      5.01000
 Time :      6.01000
 Time :      7.01000
 Time :      8.01000
 Time :      9.01000
 Time :     10.01000
 Time :     11.01000
 Time :     12.01000
 Time :     13.01000
 Time :     14.01000
 Time :     15.01000
 Time :     16.01000
 Time :     17.01000
 Time :     18.00000
 Time :     19.00000
 Time :     20.00000
 Time :     21.00000
 Time :     22.00000
 Time :     23.00000
 Time :     24.00000
 Time :     25.00000
 Time :     26.00000
 Time :     27.00000
 Time :     28.00000
 Time :     29.00000
 Time :     30.00000
 Time :     31.00000
 Time :     32.00000
 Time :     33.00000
 Time :     34.00000
 Time :     35.00000
dtime = 22.78910391032696
mbcr =

   0.200000000000000   0.249126241534879   0.259233895181656

agsout =

 Columns 1 through 3:

   6.654776675632307e-03   6.654776675632309e-03   6.654776675632313e-03
   3.494556416946045e-03   6.700572207190770e-03   6.700572207190792e-03
   3.000287583639648e-03   6.758238587482601e-03   6.758238587482614e-03

 Columns 4 and 5:

   6.654776675632314e-03   6.654776675632316e-03
   6.700572207190779e-03   6.700572207190774e-03
   6.758238587482618e-03   6.758238587482620e-03

ans = 1.171843509349146e-20
ans = 4.964014253507288e-21
ans = 8.352146042524490e-21
ans = 1.173691741030319e-20
ans = -1.820779624594068e-21
nbcr = 5
lambda0 = 3.501084296647659
kmpl_prod = 0.180000000000000
 Time :      1.00000
 Time :      2.00000
 Time :      3.01000
 Time :      4.01000
 Time :      5.01000
 Time :      6.01000
 Time :      7.01000
 Time :      8.01000
 Time :      9.01000
 Time :     10.01000
 Time :     11.01000
 Time :     12.01000
 Time :     13.01000
 Time :     14.01000
 Time :     15.01000
 Time :     16.01000
 Time :     17.01000
 Time :     18.00000
 Time :     19.00000
 Time :     20.00000
 Time :     21.00000
 Time :     22.00000
 Time :     23.00000
 Time :     24.00000
 Time :     25.00000
 Time :     26.00000
 Time :     27.00000
 Time :     28.00000
 Time :     29.00000
 Time :     30.00000
 Time :     31.00000
 Time :     32.00000
 Time :     33.00000
 Time :     34.00000
 Time :     35.00000
dtime = 23.05851504206657
mbcr =

   0.200000000000000   0.249126241534879   0.259233895181656   0.319347049528260

agsout =

 Columns 1 through 3:

   6.654776675632307e-03   6.654776675632309e-03   6.654776675632313e-03
   3.494556416946045e-03   6.700572207190770e-03   6.700572207190792e-03
   3.000287583639648e-03   6.758238587482601e-03   6.758238587482614e-03
   1.082273713266305e-03   7.243579100770382e-03   7.243579100770382e-03

 Columns 4 and 5:

   6.654776675632314e-03   6.654776675632316e-03
   6.700572207190779e-03   6.700572207190774e-03
   6.758238587482618e-03   6.758238587482620e-03
   7.243579100770382e-03   7.243579100770373e-03

ans = -6.385834328909374e-22
ans = -7.757454880887147e-21
ans = -9.837245434786882e-22
ans = -9.831558568075580e-22
ans = -4.371132549459906e-21
nbcr = 5
lambda0 = 3.501084296647659
kmpl_prod = 0.180000000000000
 Time :      1.00000
 Time :      2.00000
 Time :      3.01000
 Time :      4.01000
 Time :      5.01000
 Time :      6.01000
 Time :      7.01000
 Time :      8.01000
 Time :      9.01000
 Time :     10.01000
 Time :     11.01000
 Time :     12.01000
 Time :     13.01000
 Time :     14.01000
 Time :     15.01000
 Time :     16.01000
 Time :     17.01000
 Time :     18.00000
 Time :     19.00000
 Time :     20.00000
 Time :     21.00000
 Time :     22.00000
 Time :     23.00000
 Time :     24.00000
 Time :     25.00000
 Time :     26.00000
 Time :     27.00000
 Time :     28.00000
 Time :     29.00000
 Time :     30.00000
 Time :     31.00000
 Time :     32.00000
 Time :     33.00000
 Time :     34.00000
 Time :     35.00000
dtime = 22.51754030585289
mbcr =

 Columns 1 through 4:

   0.200000000000000   0.249126241534879   0.259233895181656   0.319347049528260

 Column 5:

   0.247195124772853

agsout =

 Columns 1 through 3:

   6.654776675632307e-03   6.654776675632309e-03   6.654776675632313e-03
   3.494556416946045e-03   6.700572207190770e-03   6.700572207190792e-03
   3.000287583639648e-03   6.758238587482601e-03   6.758238587482614e-03
   1.082273713266305e-03   7.243579100770382e-03   7.243579100770382e-03
   3.567671096636067e-03   6.712944122774085e-03   6.712944122774078e-03

 Columns 4 and 5:

   6.654776675632314e-03   6.654776675632316e-03
   6.700572207190779e-03   6.700572207190774e-03
   6.758238587482618e-03   6.758238587482620e-03
   7.243579100770382e-03   7.243579100770373e-03
   6.712944122774088e-03   6.712944122774088e-03

ans = 8.936135554986927e-21
ans = -1.870462160135534e-22
ans = -1.852884572118782e-22
ans = 6.593611759025037e-21
ans = 6.591905699011647e-21
nbcr = 5
lambda0 = 3.501084296647659
kmpl_prod = 0.180000000000000
 Time :      1.00000
 Time :      2.00000
 Time :      3.01000
 Time :      4.01000
 Time :      5.01000
 Time :      6.01000
 Time :      7.01000
 Time :      8.01000
 Time :      9.01000
 Time :     10.01000
 Time :     11.01000
 Time :     12.01000
 Time :     13.01000
 Time :     14.01000
 Time :     15.01000
 Time :     16.01000
 Time :     17.01000
 Time :     18.00000
 Time :     19.00000
 Time :     20.00000
 Time :     21.00000
 Time :     22.00000
 Time :     23.00000
 Time :     24.00000
 Time :     25.00000
 Time :     26.00000
 Time :     27.00000
 Time :     28.00000
 Time :     29.00000
 Time :     30.00000
 Time :     31.00000
 Time :     32.00000
 Time :     33.00000
 Time :     34.00000
 Time :     35.00000
dtime = 22.82153181731701
mbcr =

 Columns 1 through 4:

   0.200000000000000   0.249126241534879   0.259233895181656   0.319347049528260

 Columns 5 and 6:

   0.247195124772853   0.337944964247048

agsout =

 Columns 1 through 3:

   6.654776675632307e-03   6.654776675632309e-03   6.654776675632313e-03
   3.494556416946045e-03   6.700572207190770e-03   6.700572207190792e-03
   3.000287583639648e-03   6.758238587482601e-03   6.758238587482614e-03
   1.082273713266305e-03   7.243579100770382e-03   7.243579100770382e-03
   3.567671096636067e-03   6.712944122774085e-03   6.712944122774078e-03
   6.371613662185736e-04   7.387559715116714e-03   7.387559715116774e-03

 Columns 4 and 5:

   6.654776675632314e-03   6.654776675632316e-03
   6.700572207190779e-03   6.700572207190774e-03
   6.758238587482618e-03   6.758238587482620e-03
   7.243579100770382e-03   7.243579100770373e-03
   6.712944122774088e-03   6.712944122774088e-03
   7.387559715116759e-03   7.387559715116755e-03

ans = 8.033578109115005e-21
ans = -1.139131101062088e-21
ans = 2.251895820099049e-21
ans = 2.248173507342560e-21
ans = 2.249155784319967e-21
dkps =

 Columns 1 through 3:

   6.747932147963167e-01   1.134528735305116e+00   5.350256241569382e+01

 Columns 4 through 6:

   3.646264702176785e-01   1.111471024241475e+01   9.570431540085045e+01

nbcr = 7
lambda0 = 3.501084296647659
kmpl_prod = 0.180000000000000
 Time :      1.00000
 Time :      2.00000
 Time :      3.01000
 Time :      4.01000
 Time :      5.01000
 Time :      6.01000
 Time :      7.01000
 Time :      8.01000
 Time :      9.01000
 Time :     10.01000
 Time :     11.01000
 Time :     12.01000
 Time :     13.01000
 Time :     14.01000
 Time :     15.01000
 Time :     16.01000
 Time :     17.01000
 Time :     18.00000
 Time :     19.00000
 Time :     20.00000
 Time :     21.00000
 Time :     22.00000
 Time :     23.00000
 Time :     24.00000
 Time :     25.00000
 Time :     26.00000
 Time :     27.00000
 Time :     28.00000
 Time :     29.00000
 Time :     30.00000
 Time :     31.00000
 Time :     32.00000
 Time :     33.00000
 Time :     34.00000
 Time :     35.00000
dtime = 32.32757560908794
mbcr = 0.142857142857143
agsout =

 Columns 1 through 3:

   5.805757013961514e-03   5.805757013961522e-03   5.805757013961515e-03

 Columns 4 through 6:

   5.805757013961535e-03   5.805757013961533e-03   5.805757013961519e-03

 Column 7:

   5.805757013961519e-03

ans = 7.730597360373316e-21
ans = 4.537085659853357e-21
ans = 1.163532929132403e-21
ans = -2.232353678127483e-21
ans = 4.546701634474286e-21
ans = -5.617486937424180e-21
ans = -2.230182329019532e-21
nbcr = 7
lambda0 = 3.501084296647659
kmpl_prod = 0.180000000000000
 Time :      1.00000
 Time :      2.00000
 Time :      3.01000
 Time :      4.01000
 Time :      5.01000
 Time :      6.01000
 Time :      7.01000
 Time :      8.01000
 Time :      9.01000
 Time :     10.01000
 Time :     11.01000
 Time :     12.01000
 Time :     13.01000
 Time :     14.01000
 Time :     15.01000
 Time :     16.01000
 Time :     17.01000
 Time :     18.00000
 Time :     19.00000
 Time :     20.00000
 Time :     21.00000
 Time :     22.00000
 Time :     23.00000
 Time :     24.00000
 Time :     25.00000
 Time :     26.00000
 Time :     27.00000
 Time :     28.00000
 Time :     29.00000
 Time :     30.00000
 Time :     31.00000
 Time :     32.00000
 Time :     33.00000
 Time :     34.00000
 Time :     35.00000
dtime = 34.30592939257622
mbcr =

   0.142857142857143   0.310811526174779

agsout =

 Columns 1 through 3:

   5.805757013961514e-03   5.805757013961522e-03   5.805757013961515e-03
   1.580815013571841e-04   6.789335298952807e-03   6.789335298952803e-03

 Columns 4 through 6:

   5.805757013961535e-03   5.805757013961533e-03   5.805757013961519e-03
   6.789335298952831e-03   6.789335298952770e-03   6.789335298952766e-03

 Column 7:

   5.805757013961519e-03
   6.789335298952768e-03

ans = 7.993873439712459e-21
ans = 8.872029057514067e-21
ans = 8.863033468352553e-21
ans = 1.226398655686433e-20
ans = 8.872339250243775e-21
ans = 5.475211872065059e-21
ans = 2.088734444272964e-21
nbcr = 7
lambda0 = 3.501084296647659
kmpl_prod = 0.180000000000000
 Time :      1.00000
 Time :      2.00000
 Time :      3.01000
 Time :      4.01000
 Time :      5.01000
 Time :      6.01000
 Time :      7.01000
 Time :      8.01000
 Time :      9.01000
 Time :     10.01000
 Time :     11.01000
 Time :     12.01000
 Time :     13.01000
 Time :     14.01000
 Time :     15.01000
 Time :     16.01000
 Time :     17.01000
 Time :     18.00000
 Time :     19.00000
 Time :     20.00000
 Time :     21.00000
 Time :     22.00000
 Time :     23.00000
 Time :     24.00000
 Time :     25.00000
 Time :     26.00000
 Time :     27.00000
 Time :     28.00000
 Time :     29.00000
 Time :     30.00000
 Time :     31.00000
 Time :     32.00000
 Time :     33.00000
 Time :     34.00000
 Time :     35.00000
dtime = 34.24690738320351
mbcr =

   0.142857142857143   0.310811526174779   0.319929123705363

agsout =

 Columns 1 through 3:

   5.805757013961514e-03   5.805757013961522e-03   5.805757013961515e-03
   1.580815013571841e-04   6.789335298952807e-03   6.789335298952803e-03
   7.020916873509795e-05   6.669203571238048e-03   6.669203571238074e-03

 Columns 4 through 6:

   5.805757013961535e-03   5.805757013961533e-03   5.805757013961519e-03
   6.789335298952831e-03   6.789335298952770e-03   6.789335298952766e-03
   6.669203571238120e-03   6.669203571238107e-03   6.669203571238101e-03

 Column 7:

   5.805757013961519e-03
   6.789335298952768e-03
   6.669203571238104e-03

ans = 8.946785505373547e-21
ans = -6.237975794415520e-22
ans = -4.014721103026120e-21
ans = -4.020718162467129e-21
ans = -7.397683013214865e-21
ans = -7.405541229034119e-21
ans = -7.405334433880980e-21
nbcr = 7
lambda0 = 3.501084296647659
kmpl_prod = 0.180000000000000
 Time :      1.00000
 Time :      2.00000
 Time :      3.01000
 Time :      4.01000
 Time :      5.01000
 Time :      6.01000
 Time :      7.01000
 Time :      8.01000
 Time :      9.01000
 Time :     10.01000
 Time :     11.01000
 Time :     12.01000
 Time :     13.01000
 Time :     14.01000
 Time :     15.01000
 Time :     16.01000
 Time :     17.01000
 Time :     18.00000
 Time :     19.00000
 Time :     20.00000
 Time :     21.00000
 Time :     22.00000
 Time :     23.00000
 Time :     24.00000
 Time :     25.00000
 Time :     26.00000
 Time :     27.00000
 Time :     28.00000
 Time :     29.00000
 Time :     30.00000
 Time :     31.00000
 Time :     32.00000
 Time :     33.00000
 Time :     34.00000
 Time :     35.00000
dtime = 32.34727978706360
mbcr =

   0.142857142857143   0.310811526174779   0.319929123705363   0.277067216233979

agsout =

 Columns 1 through 3:

   5.805757013961514e-03   5.805757013961522e-03   5.805757013961515e-03
   1.580815013571841e-04   6.789335298952807e-03   6.789335298952803e-03
   7.020916873509795e-05   6.669203571238048e-03   6.669203571238074e-03
   5.999499779454114e-04   6.564182217715311e-03   6.564182217715311e-03

 Columns 4 through 6:

   5.805757013961535e-03   5.805757013961533e-03   5.805757013961519e-03
   6.789335298952831e-03   6.789335298952770e-03   6.789335298952766e-03
   6.669203571238120e-03   6.669203571238107e-03   6.669203571238101e-03
   6.564182217715291e-03   6.564182217715309e-03   6.564182217715281e-03

 Column 7:

   5.805757013961519e-03
   6.789335298952768e-03
   6.669203571238104e-03
   6.564182217715281e-03

ans = 2.565914260139492e-21
ans = 3.181646828608652e-21
ans = -3.589446870597294e-21
ans = 3.184955551058864e-21
ans = -2.016252743098005e-22
ans = -2.082427192102247e-22
ans = -2.082427192102247e-22
nbcr = 7
lambda0 = 3.501084296647659
kmpl_prod = 0.180000000000000
 Time :      1.00000
 Time :      2.00000
 Time :      3.01000
 Time :      4.01000
 Time :      5.01000
 Time :      6.01000
 Time :      7.01000
 Time :      8.01000
 Time :      9.01000
 Time :     10.01000
 Time :     11.01000
 Time :     12.01000
 Time :     13.01000
 Time :     14.01000
 Time :     15.01000
 Time :     16.01000
 Time :     17.01000
 Time :     18.00000
 Time :     19.00000
 Time :     20.00000
 Time :     21.00000
 Time :     22.00000
 Time :     23.00000
 Time :     24.00000
 Time :     25.00000
 Time :     26.00000
 Time :     27.00000
 Time :     28.00000
 Time :     29.00000
 Time :     30.00000
 Time :     31.00000
 Time :     32.00000
 Time :     33.00000
 Time :     34.00000
 Time :     35.00000
dtime = 33.99844765663147
mbcr =

 Columns 1 through 4:

   0.142857142857143   0.310811526174779   0.319929123705363   0.277067216233979

 Column 5:

   0.316170288861224

agsout =

 Columns 1 through 3:

   5.805757013961514e-03   5.805757013961522e-03   5.805757013961515e-03
   1.580815013571841e-04   6.789335298952807e-03   6.789335298952803e-03
   7.020916873509795e-05   6.669203571238048e-03   6.669203571238074e-03
   5.999499779454114e-04   6.564182217715311e-03   6.564182217715311e-03
   9.669006036744318e-05   6.628191657554617e-03   6.628191657554613e-03

 Columns 4 through 6:

   5.805757013961535e-03   5.805757013961533e-03   5.805757013961519e-03
   6.789335298952831e-03   6.789335298952770e-03   6.789335298952766e-03
   6.669203571238120e-03   6.669203571238107e-03   6.669203571238101e-03
   6.564182217715291e-03   6.564182217715309e-03   6.564182217715281e-03
   6.628191657554586e-03   6.628191657554605e-03   6.628191657554593e-03

 Column 7:

   5.805757013961519e-03
   6.789335298952768e-03
   6.669203571238104e-03
   6.564182217715281e-03
   6.628191657554592e-03

ans = 2.488159282559507e-21
ans = 2.072294229598473e-21
ans = 5.477590016326149e-21
ans = 2.086149504858736e-21
ans = 2.076740325390945e-21
ans = 2.070122880490521e-21
ans = 5.466526475633253e-21
nbcr = 7
lambda0 = 3.501084296647659
kmpl_prod = 0.180000000000000
 Time :      1.00000
 Time :      2.00000
 Time :      3.01000
 Time :      4.01000
 Time :      5.01000
 Time :      6.01000
 Time :      7.01000
 Time :      8.01000
 Time :      9.01000
 Time :     10.01000
 Time :     11.01000
 Time :     12.01000
 Time :     13.01000
 Time :     14.01000
 Time :     15.01000
 Time :     16.01000
 Time :     17.01000
 Time :     18.00000
 Time :     19.00000
 Time :     20.00000
 Time :     21.00000
 Time :     22.00000
 Time :     23.00000
 Time :     24.00000
 Time :     25.00000
 Time :     26.00000
 Time :     27.00000
 Time :     28.00000
 Time :     29.00000
 Time :     30.00000
 Time :     31.00000
 Time :     32.00000
 Time :     33.00000
 Time :     34.00000
 Time :     35.00000
dtime = 33.34282860159874
mbcr =

 Columns 1 through 4:

   0.142857142857143   0.310811526174779   0.319929123705363   0.277067216233979

 Columns 5 and 6:

   0.316170288861224   0.304332166900146

agsout =

 Columns 1 through 3:

   5.805757013961514e-03   5.805757013961522e-03   5.805757013961515e-03
   1.580815013571841e-04   6.789335298952807e-03   6.789335298952803e-03
   7.020916873509795e-05   6.669203571238048e-03   6.669203571238074e-03
   5.999499779454114e-04   6.564182217715311e-03   6.564182217715311e-03
   9.669006036744318e-05   6.628191657554617e-03   6.628191657554613e-03
   2.328455856722545e-04   6.645048551566851e-03   6.645048551566843e-03

 Columns 4 through 6:

   5.805757013961535e-03   5.805757013961533e-03   5.805757013961519e-03
   6.789335298952831e-03   6.789335298952770e-03   6.789335298952766e-03
   6.669203571238120e-03   6.669203571238107e-03   6.669203571238101e-03
   6.564182217715291e-03   6.564182217715309e-03   6.564182217715281e-03
   6.628191657554586e-03   6.628191657554605e-03   6.628191657554593e-03
   6.645048551566859e-03   6.645048551566890e-03   6.645048551566899e-03

 Column 7:

   5.805757013961519e-03
   6.789335298952768e-03
   6.669203571238104e-03
   6.564182217715281e-03
   6.628191657554592e-03
   6.645048551566848e-03

ans = 2.680065184671810e-21
ans = 1.298694241223567e-20
ans = -3.969846554795118e-21
ans = -5.763380917963220e-22
ans = 1.297918759399299e-20
ans = -3.970466940254533e-21
ans = 9.592193178318047e-21
dkps =

 Columns 1 through 3:

   1.109411272512063e+01   9.661553725568838e+01   1.333316824437863e+01

 Columns 4 through 6:

   2.175872620216777e+01   1.514277430845689e+00   4.277015298864257e+01

nbcr = 10
lambda0 = 3.501084296647659
kmpl_prod = 0.180000000000000
 Time :      1.00000
 Time :      2.00000
 Time :      3.01000
 Time :      4.01000
 Time :      5.01000
 Time :      6.01000
 Time :      7.01000
 Time :      8.01000
 Time :      9.01000
 Time :     10.01000
 Time :     11.01000
 Time :     12.01000
 Time :     13.01000
 Time :     14.01000
 Time :     15.01000
 Time :     16.01000
 Time :     17.01000
 Time :     18.00000
 Time :     19.00000
 Time :     20.00000
 Time :     21.00000
 Time :     22.00000
 Time :     23.00000
 Time :     24.00000
 Time :     25.00000
 Time :     26.00000
 Time :     27.00000
 Time :     28.00000
 Time :     29.00000
 Time :     30.00000
 Time :     31.00000
 Time :     32.00000
 Time :     33.00000
 Time :     34.00000
 Time :     35.00000
dtime = 46.92845195531845
mbcr = 0.100000000000000
agsout =

 Columns 1 through 3:

   5.165803084021687e-03   5.165803084021710e-03   5.165803084021646e-03

 Columns 4 through 6:

   5.165803084021644e-03   5.165803084021664e-03   5.165803084021658e-03

 Columns 7 through 9:

   5.165803084021657e-03   5.165803084021666e-03   5.165803084021665e-03

 Column 10:

   5.165803084021660e-03

ans = 1.129075686740740e-20
ans = -1.210061838588510e-21
ans = -4.606155241001535e-21
ans = 5.546969790204034e-21
ans = -1.214301139227845e-21
ans = 2.169487951573453e-21
ans = -4.611738710136268e-21
ans = 2.169591349150022e-21
ans = -1.216369090759227e-21
ans = -4.619286733225814e-21
nbcr = 10
lambda0 = 3.501084296647659
kmpl_prod = 0.180000000000000
 Time :      1.00000
 Time :      2.00000
 Time :      3.01000
 Time :      4.01000
 Time :      5.01000
 Time :      6.01000
 Time :      7.01000
 Time :      8.01000
 Time :      9.01000
 Time :     10.01000
 Time :     11.01000
 Time :     12.01000
 Time :     13.01000
 Time :     14.01000
 Time :     15.01000
 Time :     16.01000
 Time :     17.01000
 Time :     18.00000
 Time :     19.00000
 Time :     20.00000
 Time :     21.00000
 Time :     22.00000
 Time :     23.00000
 Time :     24.00000
 Time :     25.00000
 Time :     26.00000
 Time :     27.00000
 Time :     28.00000
 Time :     29.00000
 Time :     30.00000
 Time :     31.00000
 Time :     32.00000
 Time :     33.00000
 Time :     34.00000
 Time :     35.00000
dtime = 46.80209979414940
mbcr =

   0.100000000000000   0.222222695299483

agsout =

 Columns 1 through 3:

   5.165803084021687e-03   5.165803084021710e-03   5.165803084021646e-03
   6.249053940857155e-04   5.897515823127933e-03   5.897515823127953e-03

 Columns 4 through 6:

   5.165803084021644e-03   5.165803084021664e-03   5.165803084021658e-03
   5.897515823127988e-03   5.897515823127987e-03   5.897515823127963e-03

 Columns 7 through 9:

   5.165803084021657e-03   5.165803084021666e-03   5.165803084021665e-03
   5.897515823127940e-03   5.897515823127966e-03   5.897515823127953e-03

 Column 10:

   5.165803084021660e-03
   5.897515823127947e-03

ans = 8.948439866598653e-21
ans = -3.407156943105921e-21
ans = -3.389269162359462e-21
ans = 1.355325093910479e-20
ans = 3.386684222945234e-21
ans = 3.401056486088342e-21
ans = 6.785465962349055e-21
ans = 6.784225191430226e-21
ans = 6.782157239898843e-21
ans = 6.760547146395895e-21
nbcr = 10
lambda0 = 3.501084296647659
kmpl_prod = 0.180000000000000
 Time :      1.00000
 Time :      2.00000
 Time :      3.01000
 Time :      4.01000
 Time :      5.01000
 Time :      6.01000
 Time :      7.01000
 Time :      8.01000
 Time :      9.01000
 Time :     10.01000
 Time :     11.01000
 Time :     12.01000
 Time :     13.01000
 Time :     14.01000
 Time :     15.01000
 Time :     16.01000
 Time :     17.01000
 Time :     18.00000
 Time :     19.00000
 Time :     20.00000
 Time :     21.00000
 Time :     22.00000
 Time :     23.00000
 Time :     24.00000
 Time :     25.00000
 Time :     26.00000
 Time :     27.00000
 Time :     28.00000
 Time :     29.00000
 Time :     30.00000
 Time :     31.00000
 Time :     32.00000
 Time :     33.00000
 Time :     34.00000
 Time :     35.00000
dtime = 46.76002599298954
mbcr =

   0.100000000000000   0.222222695299483   0.186315144724478

agsout =

 Columns 1 through 3:

   5.165803084021687e-03   5.165803084021710e-03   5.165803084021646e-03
   6.249053940857155e-04   5.897515823127933e-03   5.897515823127953e-03
   1.169734439736198e-03   5.625773770278814e-03   5.625773770278847e-03

 Columns 4 through 6:

   5.165803084021644e-03   5.165803084021664e-03   5.165803084021658e-03
   5.897515823127988e-03   5.897515823127987e-03   5.897515823127963e-03
   5.625773770278836e-03   5.625773770278931e-03   5.625773770278823e-03

 Columns 7 through 9:

   5.165803084021657e-03   5.165803084021666e-03   5.165803084021665e-03
   5.897515823127940e-03   5.897515823127966e-03   5.897515823127953e-03
   5.625773770278817e-03   5.625773770278811e-03   5.625773770278826e-03

 Column 10:

   5.165803084021660e-03
   5.897515823127947e-03
   5.625773770278804e-03

ans = 1.334449123201172e-21
ans = 5.553794030257597e-21
ans = -1.225468077497311e-21
ans = 5.556482367248394e-21
ans = 2.159354989069679e-21
ans = -1.227122438722417e-21
ans = 5.551105693266800e-21
ans = -1.230637956325767e-21
ans = -1.224020511425343e-21
ans = -7.995941391243842e-21
nbcr = 10
lambda0 = 3.501084296647659
kmpl_prod = 0.180000000000000
 Time :      1.00000
 Time :      2.00000
 Time :      3.01000
 Time :      4.01000
 Time :      5.01000
 Time :      6.01000
 Time :      7.01000
 Time :      8.01000
 Time :      9.01000
 Time :     10.01000
 Time :     11.01000
 Time :     12.01000
 Time :     13.01000
 Time :     14.01000
 Time :     15.01000
 Time :     16.01000
 Time :     17.01000
 Time :     18.00000
 Time :     19.00000
 Time :     20.00000
 Time :     21.00000
 Time :     22.00000
 Time :     23.00000
 Time :     24.00000
 Time :     25.00000
 Time :     26.00000
 Time :     27.00000
 Time :     28.00000
 Time :     29.00000
 Time :     30.00000
 Time :     31.00000
 Time :     32.00000
 Time :     33.00000
 Time :     34.00000
 Time :     35.00000
dtime = 46.55921235680580
mbcr =

   0.100000000000000   0.222222695299483   0.186315144724478   0.233277408367079

agsout =

 Columns 1 through 3:

   5.165803084021687e-03   5.165803084021710e-03   5.165803084021646e-03
   6.249053940857155e-04   5.897515823127933e-03   5.897515823127953e-03
   1.169734439736198e-03   5.625773770278814e-03   5.625773770278847e-03
   4.880655591904196e-04   5.907545367795451e-03   5.907545367795424e-03

 Columns 4 through 6:

   5.165803084021644e-03   5.165803084021664e-03   5.165803084021658e-03
   5.897515823127988e-03   5.897515823127987e-03   5.897515823127963e-03
   5.625773770278836e-03   5.625773770278931e-03   5.625773770278823e-03
   5.907545367795451e-03   5.907545367795438e-03   5.907545367795437e-03

 Columns 7 through 9:

   5.165803084021657e-03   5.165803084021666e-03   5.165803084021665e-03
   5.897515823127940e-03   5.897515823127966e-03   5.897515823127953e-03
   5.625773770278817e-03   5.625773770278811e-03   5.625773770278826e-03
   5.907545367795431e-03   5.907545367795421e-03   5.907545367795425e-03

 Column 10:

   5.165803084021660e-03
   5.897515823127947e-03
   5.625773770278804e-03
   5.907545367795425e-03

ans = -5.158298299880681e-21
ans = 9.952740527814598e-21
ans = 6.558921872086095e-21
ans = 6.551477246573117e-21
ans = 9.952223539931752e-21
ans = 1.333497865496736e-20
ans = 6.551477246573117e-21
ans = 3.189815237157613e-21
ans = 9.955532262381965e-21
ans = 6.572673749769789e-21
nbcr = 10
lambda0 = 3.501084296647659
kmpl_prod = 0.180000000000000
 Time :      1.00000
 Time :      2.00000
 Time :      3.01000
 Time :      4.01000
 Time :      5.01000
 Time :      6.01000
 Time :      7.01000
 Time :      8.01000
 Time :      9.01000
 Time :     10.01000
 Time :     11.01000
 Time :     12.01000
 Time :     13.01000
 Time :     14.01000
 Time :     15.01000
 Time :     16.01000
 Time :     17.01000
 Time :     18.00000
 Time :     19.00000
 Time :     20.00000
 Time :     21.00000
 Time :     22.00000
 Time :     23.00000
 Time :     24.00000
 Time :     25.00000
 Time :     26.00000
 Time :     27.00000
 Time :     28.00000
 Time :     29.00000
 Time :     30.00000
 Time :     31.00000
 Time :     32.00000
 Time :     33.00000
 Time :     34.00000
 Time :     35.00000
dtime = 46.65255323052406
mbcr =

 Columns 1 through 4:

   0.100000000000000   0.222222695299483   0.186315144724478   0.233277408367079

 Column 5:

   0.234257840034494

agsout =

 Columns 1 through 3:

   5.165803084021687e-03   5.165803084021710e-03   5.165803084021646e-03
   6.249053940857155e-04   5.897515823127933e-03   5.897515823127953e-03
   1.169734439736198e-03   5.625773770278814e-03   5.625773770278847e-03
   4.880655591904196e-04   5.907545367795451e-03   5.907545367795424e-03
   4.771366709776851e-04   5.944976053974127e-03   5.944976053974110e-03

 Columns 4 through 6:

   5.165803084021644e-03   5.165803084021664e-03   5.165803084021658e-03
   5.897515823127988e-03   5.897515823127987e-03   5.897515823127963e-03
   5.625773770278836e-03   5.625773770278931e-03   5.625773770278823e-03
   5.907545367795451e-03   5.907545367795438e-03   5.907545367795437e-03
   5.944976053974119e-03   5.944976053974113e-03   5.944976053974133e-03

 Columns 7 through 9:

   5.165803084021657e-03   5.165803084021666e-03   5.165803084021665e-03
   5.897515823127940e-03   5.897515823127966e-03   5.897515823127953e-03
   5.625773770278817e-03   5.625773770278811e-03   5.625773770278826e-03
   5.907545367795431e-03   5.907545367795421e-03   5.907545367795425e-03
   5.944976053974129e-03   5.944976053974129e-03   5.944976053974134e-03

 Column 10:

   5.165803084021660e-03
   5.897515823127947e-03
   5.625773770278804e-03
   5.907545367795425e-03
   5.944976053974133e-03

ans = -3.650348043196511e-21
ans = 9.736122604902274e-21
ans = 1.313004465820735e-20
ans = 9.734054653370891e-21
ans = 9.734468243677168e-21
ans = 9.735915809749136e-21
ans = 9.743153640108975e-21
ans = 1.312797670667596e-20
ans = 9.734468243677168e-21
ans = 9.733020677605200e-21
nbcr = 10
lambda0 = 3.501084296647659
kmpl_prod = 0.180000000000000
 Time :      1.00000
 Time :      2.00000
 Time :      3.01000
 Time :      4.01000
 Time :      5.01000
 Time :      6.01000
 Time :      7.01000
 Time :      8.01000
 Time :      9.01000
 Time :     10.01000
 Time :     11.01000
 Time :     12.01000
 Time :     13.01000
 Time :     14.01000
 Time :     15.01000
 Time :     16.01000
 Time :     17.01000
 Time :     18.00000
 Time :     19.00000
 Time :     20.00000
 Time :     21.00000
 Time :     22.00000
 Time :     23.00000
 Time :     24.00000
 Time :     25.00000
 Time :     26.00000
 Time :     27.00000
 Time :     28.00000
 Time :     29.00000
 Time :     30.00000
 Time :     31.00000
 Time :     32.00000
 Time :     33.00000
 Time :     34.00000
 Time :     35.00000
dtime = 48.41703772544861
mbcr =

 Columns 1 through 4:

   0.100000000000000   0.222222695299483   0.186315144724478   0.233277408367079

 Columns 5 and 6:

   0.234257840034494   0.275235780441187

agsout =

 Columns 1 through 3:

   5.165803084021687e-03   5.165803084021710e-03   5.165803084021646e-03
   6.249053940857155e-04   5.897515823127933e-03   5.897515823127953e-03
   1.169734439736198e-03   5.625773770278814e-03   5.625773770278847e-03
   4.880655591904196e-04   5.907545367795451e-03   5.907545367795424e-03
   4.771366709776851e-04   5.944976053974127e-03   5.944976053974110e-03
   1.240756076654294e-04   6.031282288149877e-03   6.031282288149859e-03

 Columns 4 through 6:

   5.165803084021644e-03   5.165803084021664e-03   5.165803084021658e-03
   5.897515823127988e-03   5.897515823127987e-03   5.897515823127963e-03
   5.625773770278836e-03   5.625773770278931e-03   5.625773770278823e-03
   5.907545367795451e-03   5.907545367795438e-03   5.907545367795437e-03
   5.944976053974119e-03   5.944976053974113e-03   5.944976053974133e-03
   6.031282288149861e-03   6.031282288149850e-03   6.031282288149867e-03

 Columns 7 through 9:

   5.165803084021657e-03   5.165803084021666e-03   5.165803084021665e-03
   5.897515823127940e-03   5.897515823127966e-03   5.897515823127953e-03
   5.625773770278817e-03   5.625773770278811e-03   5.625773770278826e-03
   5.907545367795431e-03   5.907545367795421e-03   5.907545367795425e-03
   5.944976053974129e-03   5.944976053974129e-03   5.944976053974134e-03
   6.031282288149844e-03   6.031282288149794e-03   6.031282288149784e-03

 Column 10:

   5.165803084021660e-03
   5.897515823127947e-03
   5.625773770278804e-03
   5.907545367795425e-03
   5.944976053974133e-03
   6.031282288149782e-03

ans = -1.535247216898419e-21
ans = 7.440696405067622e-21
ans = 1.759847432721880e-20
ans = 1.083461845837269e-20
ans = 1.422502499407442e-20
ans = 1.422192306677734e-20
ans = 1.422854051167777e-20
ans = 7.449381801499429e-21
ans = 1.422171627162420e-20
ans = 1.423391718565936e-20
dkps =

 Columns 1 through 3:

   3.128370054952548e+00   1.104462905091408e+01   2.916389873806039e+01

 Columns 4 through 6:

   2.824858617091533e-01   1.095893757393781e+01   1.552689283132629e+01

nbcr = 15
lambda0 = 3.501084296647659
kmpl_prod = 0.180000000000000
 Time :      1.00000
 Time :      2.00000
 Time :      3.01000
 Time :      4.01000
 Time :      5.01000
 Time :      6.01000
 Time :      7.01000
 Time :      8.01000
 Time :      9.01000
 Time :     10.01000
 Time :     11.01000
 Time :     12.01000
 Time :     13.01000
 Time :     14.01000
 Time :     15.01000
 Time :     16.01000
 Time :     17.01000
 Time :     18.00000
 Time :     19.00000
 Time :     20.00000
 Time :     21.00000
 Time :     22.00000
 Time :     23.00000
 Time :     24.00000
 Time :     25.00000
 Time :     26.00000
 Time :     27.00000
 Time :     28.00000
 Time :     29.00000
 Time :     30.00000
 Time :     31.00000
 Time :     32.00000
 Time :     33.00000
 Time :     34.00000
 Time :     35.00000
dtime = 72.24981933832169
mbcr = 6.666666666666667e-02
agsout =

 Columns 1 through 3:

   4.664289824553062e-03   4.664289824553062e-03   4.664289824553099e-03

 Columns 4 through 6:

   4.664289824553137e-03   4.664289824553130e-03   4.664289824553107e-03

 Columns 7 through 9:

   4.664289824553147e-03   4.664289824553143e-03   4.664289824553102e-03

 Columns 10 through 12:

   4.664289824553108e-03   4.664289824553121e-03   4.664289824553106e-03

 Columns 13 through 15:

   4.664289824553102e-03   4.664289824553101e-03   4.664289824553102e-03

ans = 7.984360862668100e-22
ans = 7.275053487403878e-22
ans = -6.043174760159282e-21
ans = -9.428204621879409e-21
ans = -9.440612331067705e-21
ans = 7.186131571554428e-22
ans = -2.656076946907772e-21
ans = -6.048758229294015e-21
ans = -6.036143724952581e-21
ans = -2.652561429304421e-21
ans = -2.666003114258408e-21
ans = -2.655249766295219e-21
ans = -6.028492304286466e-21
ans = -6.052066951744227e-21
ans = -9.440198740761428e-21
nbcr = 15
lambda0 = 3.501084296647659
kmpl_prod = 0.180000000000000
 Time :      1.00000
 Time :      2.00000
 Time :      3.01000
 Time :      4.01000
 Time :      5.01000
 Time :      6.01000
 Time :      7.01000
 Time :      8.01000
 Time :      9.01000
 Time :     10.01000
 Time :     11.01000
 Time :     12.01000
 Time :     13.01000
 Time :     14.01000
 Time :     15.01000
 Time :     16.01000
 Time :     17.01000
 Time :     18.00000
 Time :     19.00000
 Time :     20.00000
 Time :     21.00000
 Time :     22.00000
 Time :     23.00000
 Time :     24.00000
 Time :     25.00000
 Time :     26.00000
 Time :     27.00000
 Time :     28.00000
 Time :     29.00000
 Time :     30.00000
 Time :     31.00000
 Time :     32.00000
 Time :     33.00000
 Time :     34.00000
 Time :     35.00000
dtime = 76.16588138043880
mbcr =

   6.666666666666667e-02   2.171669240876454e-01

agsout =

 Columns 1 through 3:

   4.664289824553062e-03   4.664289824553062e-03   4.664289824553099e-03
   2.145446007260521e-04   5.633349044650664e-03   5.633349044650657e-03

 Columns 4 through 6:

   4.664289824553137e-03   4.664289824553130e-03   4.664289824553107e-03
   5.633349044650649e-03   5.633349044650684e-03   5.633349044650676e-03

 Columns 7 through 9:

   4.664289824553147e-03   4.664289824553143e-03   4.664289824553102e-03
   5.633349044650631e-03   5.633349044650657e-03   5.633349044650595e-03

 Columns 10 through 12:

   4.664289824553108e-03   4.664289824553121e-03   4.664289824553106e-03
   5.633349044650655e-03   5.633349044650635e-03   5.633349044650624e-03

 Columns 13 through 15:

   4.664289824553102e-03   4.664289824553101e-03   4.664289824553102e-03
   5.633349044650677e-03   5.633349044650688e-03   5.633349044650688e-03

ans = 6.101284198191132e-21
ans = 1.150815027214400e-20
ans = 4.746569149982411e-21
ans = 8.129944650477433e-21
ans = 8.119811687973658e-21
ans = 8.088792415002919e-21
ans = 4.742846837225922e-21
ans = 1.148622998591134e-20
ans = 8.116709760676584e-21
ans = 4.746155559676135e-21
ans = 1.147320189126363e-20
ans = 1.150752988668458e-20
ans = 8.108851544857330e-21
ans = 8.119191302514243e-21
ans = 8.119191302514243e-21
nbcr = 15
lambda0 = 3.501084296647659
kmpl_prod = 0.180000000000000
 Time :      1.00000
 Time :      2.00000
 Time :      3.01000
 Time :      4.01000
 Time :      5.01000
 Time :      6.01000
 Time :      7.01000
 Time :      8.01000
 Time :      9.01000
 Time :     10.01000
 Time :     11.01000
 Time :     12.01000
 Time :     13.01000
 Time :     14.01000
 Time :     15.01000
 Time :     16.01000
 Time :     17.01000
 Time :     18.00000
 Time :     19.00000
 Time :     20.00000
 Time :     21.00000
 Time :     22.00000
 Time :     23.00000
 Time :     24.00000
 Time :     25.00000
 Time :     26.00000
 Time :     27.00000
 Time :     28.00000
 Time :     29.00000
 Time :     30.00000
 Time :     31.00000
 Time :     32.00000
 Time :     33.00000
 Time :     34.00000
 Time :     35.00000
dtime = 74.85033832490444
mbcr =

   6.666666666666667e-02   2.171669240876454e-01   2.216152971264778e-01

agsout =

 Columns 1 through 3:

   4.664289824553062e-03   4.664289824553062e-03   4.664289824553099e-03
   2.145446007260521e-04   5.633349044650664e-03   5.633349044650657e-03
   2.181838417460603e-04   5.522079859199984e-03   5.522079859199981e-03

 Columns 4 through 6:

   4.664289824553137e-03   4.664289824553130e-03   4.664289824553107e-03
   5.633349044650649e-03   5.633349044650684e-03   5.633349044650676e-03
   5.522079859200061e-03   5.522079859199996e-03   5.522079859200069e-03

 Columns 7 through 9:

   4.664289824553147e-03   4.664289824553143e-03   4.664289824553102e-03
   5.633349044650631e-03   5.633349044650657e-03   5.633349044650595e-03
   5.522079859200047e-03   5.522079859199983e-03   5.522079859200035e-03

 Columns 10 through 12:

   4.664289824553108e-03   4.664289824553121e-03   4.664289824553106e-03
   5.633349044650655e-03   5.633349044650635e-03   5.633349044650624e-03
   5.522079859200038e-03   5.522079859200056e-03   5.522079859200064e-03

 Columns 13 through 15:

   4.664289824553102e-03   4.664289824553101e-03   4.664289824553102e-03
   5.633349044650677e-03   5.633349044650688e-03   5.633349044650688e-03
   5.522079859200056e-03   5.522079859200056e-03   5.522079859200055e-03

ans = -8.496799252144700e-21
ans = -2.298528127131726e-21
ans = -2.302250439888214e-21
ans = -2.298941717438002e-21
ans = 4.470704415695976e-21
ans = 1.098702648623559e-21
ans = -2.295012609528375e-21
ans = 1.090017252191752e-21
ans = -2.287154393709122e-21
ans = -2.277641816664762e-21
ans = 1.107594840208504e-21
ans = -5.686453120995789e-21
ans = -2.276401045745932e-21
ans = 1.107801635361642e-21
ans = 1.107801635361642e-21
nbcr = 15
lambda0 = 3.501084296647659
kmpl_prod = 0.180000000000000
 Time :      1.00000
 Time :      2.00000
 Time :      3.01000
 Time :      4.01000
 Time :      5.01000
 Time :      6.01000
 Time :      7.01000
 Time :      8.01000
 Time :      9.01000
 Time :     10.01000
 Time :     11.01000
 Time :     12.01000
 Time :     13.01000
 Time :     14.01000
 Time :     15.01000
 Time :     16.01000
 Time :     17.01000
 Time :     18.00000
 Time :     19.00000
 Time :     20.00000
 Time :     21.00000
 Time :     22.00000
 Time :     23.00000
 Time :     24.00000
 Time :     25.00000
 Time :     26.00000
 Time :     27.00000
 Time :     28.00000
 Time :     29.00000
 Time :     30.00000
 Time :     31.00000
 Time :     32.00000
 Time :     33.00000
 Time :     34.00000
 Time :     35.00000
dtime = 71.37879207730293
mbcr =

 Columns 1 through 3:

   6.666666666666667e-02   2.171669240876454e-01   2.216152971264778e-01

 Column 4:

   1.994576320368041e-01

agsout =

 Columns 1 through 3:

   4.664289824553062e-03   4.664289824553062e-03   4.664289824553099e-03
   2.145446007260521e-04   5.633349044650664e-03   5.633349044650657e-03
   2.181838417460603e-04   5.522079859199984e-03   5.522079859199981e-03
   3.873571537916937e-04   5.434880923766575e-03   5.434880923766535e-03

 Columns 4 through 6:

   4.664289824553137e-03   4.664289824553130e-03   4.664289824553107e-03
   5.633349044650649e-03   5.633349044650684e-03   5.633349044650676e-03
   5.522079859200061e-03   5.522079859199996e-03   5.522079859200069e-03
   5.434880923766562e-03   5.434880923766532e-03   5.434880923766532e-03

 Columns 7 through 9:

   4.664289824553147e-03   4.664289824553143e-03   4.664289824553102e-03
   5.633349044650631e-03   5.633349044650657e-03   5.633349044650595e-03
   5.522079859200047e-03   5.522079859199983e-03   5.522079859200035e-03
   5.434880923766532e-03   5.434880923766531e-03   5.434880923766526e-03

 Columns 10 through 12:

   4.664289824553108e-03   4.664289824553121e-03   4.664289824553106e-03
   5.633349044650655e-03   5.633349044650635e-03   5.633349044650624e-03
   5.522079859200038e-03   5.522079859200056e-03   5.522079859200064e-03
   5.434880923766566e-03   5.434880923766544e-03   5.434880923766530e-03

 Columns 13 through 15:

   4.664289824553102e-03   4.664289824553101e-03   4.664289824553102e-03
   5.633349044650677e-03   5.633349044650688e-03   5.633349044650688e-03
   5.522079859200056e-03   5.522079859200056e-03   5.522079859200055e-03
   5.434880923766539e-03   5.434880923766544e-03   5.434880923766544e-03

ans = 7.775497757998460e-21
ans = 2.439769216725155e-21
ans = 5.831623318498845e-21
ans = 5.831209728192569e-21
ans = 5.841963076155758e-21
ans = 5.801844816446936e-21
ans = 9.226579347569609e-21
ans = 5.841549485849481e-21
ans = 5.831416523345707e-21
ans = 5.838447558552408e-21
ans = 5.835345631255334e-21
ans = 2.453417696832280e-21
ans = 5.845065003452832e-21
ans = 5.820249585076241e-21
ans = 2.432531386365316e-21
nbcr = 15
lambda0 = 3.501084296647659
kmpl_prod = 0.180000000000000
 Time :      1.00000
 Time :      2.00000
 Time :      3.01000
 Time :      4.01000
 Time :      5.01000
 Time :      6.01000
 Time :      7.01000
 Time :      8.01000
 Time :      9.01000
 Time :     10.01000
 Time :     11.01000
 Time :     12.01000
 Time :     13.01000
 Time :     14.01000
 Time :     15.01000
 Time :     16.01000
 Time :     17.01000
 Time :     18.00000
 Time :     19.00000
 Time :     20.00000
 Time :     21.00000
 Time :     22.00000
 Time :     23.00000
 Time :     24.00000
 Time :     25.00000
 Time :     26.00000
 Time :     27.00000
 Time :     28.00000
 Time :     29.00000
 Time :     30.00000
 Time :     31.00000
 Time :     32.00000
 Time :     33.00000
 Time :     34.00000
 Time :     35.00000
dtime = 76.77514180541039
mbcr =

 Columns 1 through 3:

   6.666666666666667e-02   2.171669240876454e-01   2.216152971264778e-01

 Columns 4 and 5:

   1.994576320368041e-01   2.522167149872595e-01

agsout =

 Columns 1 through 3:

   4.664289824553062e-03   4.664289824553062e-03   4.664289824553099e-03
   2.145446007260521e-04   5.633349044650664e-03   5.633349044650657e-03
   2.181838417460603e-04   5.522079859199984e-03   5.522079859199981e-03
   3.873571537916937e-04   5.434880923766575e-03   5.434880923766535e-03
   3.681256679230256e-05   5.579669937754769e-03   5.579669937754768e-03

 Columns 4 through 6:

   4.664289824553137e-03   4.664289824553130e-03   4.664289824553107e-03
   5.633349044650649e-03   5.633349044650684e-03   5.633349044650676e-03
   5.522079859200061e-03   5.522079859199996e-03   5.522079859200069e-03
   5.434880923766562e-03   5.434880923766532e-03   5.434880923766532e-03
   5.579669937754778e-03   5.579669937754793e-03   5.579669937754771e-03

 Columns 7 through 9:

   4.664289824553147e-03   4.664289824553143e-03   4.664289824553102e-03
   5.633349044650631e-03   5.633349044650657e-03   5.633349044650595e-03
   5.522079859200047e-03   5.522079859199983e-03   5.522079859200035e-03
   5.434880923766532e-03   5.434880923766531e-03   5.434880923766526e-03
   5.579669937754765e-03   5.579669937754800e-03   5.579669937754775e-03

 Columns 10 through 12:

   4.664289824553108e-03   4.664289824553121e-03   4.664289824553106e-03
   5.633349044650655e-03   5.633349044650635e-03   5.633349044650624e-03
   5.522079859200038e-03   5.522079859200056e-03   5.522079859200064e-03
   5.434880923766566e-03   5.434880923766544e-03   5.434880923766530e-03
   5.579669937754798e-03   5.579669937754792e-03   5.579669937754789e-03

 Columns 13 through 15:

   4.664289824553102e-03   4.664289824553101e-03   4.664289824553102e-03
   5.633349044650677e-03   5.633349044650688e-03   5.633349044650688e-03
   5.522079859200056e-03   5.522079859200056e-03   5.522079859200055e-03
   5.434880923766539e-03   5.434880923766544e-03   5.434880923766544e-03
   5.579669937754777e-03   5.579669937754778e-03   5.579669937754782e-03

ans = -7.411538288475128e-22
ans = 4.715343081858534e-21
ans = 8.086104078012122e-21
ans = 1.292262911960967e-21
ans = 8.093962293831376e-21
ans = 4.697558698688644e-21
ans = 8.079486633111698e-21
ans = 4.694249976238432e-21
ans = 1.299707537473945e-21
ans = 8.087344848930952e-21
ans = 8.096650630822173e-21
ans = 1.147030675911970e-20
ans = 4.712241154561460e-21
ans = 8.086310873165260e-21
ans = 1.147464945733560e-20
nbcr = 15
lambda0 = 3.501084296647659
kmpl_prod = 0.180000000000000
 Time :      1.00000
 Time :      2.00000
 Time :      3.01000
 Time :      4.01000
 Time :      5.01000
 Time :      6.01000
 Time :      7.01000
 Time :      8.01000
 Time :      9.01000
 Time :     10.01000
 Time :     11.01000
 Time :     12.01000
 Time :     13.01000
 Time :     14.01000
 Time :     15.01000
 Time :     16.01000
 Time :     17.01000
 Time :     18.00000
 Time :     19.00000
 Time :     20.00000
 Time :     21.00000
 Time :     22.00000
 Time :     23.00000
 Time :     24.00000
 Time :     25.00000
 Time :     26.00000
 Time :     27.00000
 Time :     28.00000
 Time :     29.00000
 Time :     30.00000
 Time :     31.00000
 Time :     32.00000
 Time :     33.00000
 Time :     34.00000
 Time :     35.00000
dtime = 61.71312332153320
mbcr =

 Columns 1 through 3:

   6.666666666666667e-02   2.171669240876454e-01   2.216152971264778e-01

 Columns 4 through 6:

   1.994576320368041e-01   2.522167149872595e-01   2.335580346269543e-01

agsout =

 Columns 1 through 3:

   4.664289824553062e-03   4.664289824553062e-03   4.664289824553099e-03
   2.145446007260521e-04   5.633349044650664e-03   5.633349044650657e-03
   2.181838417460603e-04   5.522079859199984e-03   5.522079859199981e-03
   3.873571537916937e-04   5.434880923766575e-03   5.434880923766535e-03
   3.681256679230256e-05   5.579669937754769e-03   5.579669937754768e-03
   1.354629292813277e-04   5.556683517577456e-03   5.556683517577482e-03

 Columns 4 through 6:

   4.664289824553137e-03   4.664289824553130e-03   4.664289824553107e-03
   5.633349044650649e-03   5.633349044650684e-03   5.633349044650676e-03
   5.522079859200061e-03   5.522079859199996e-03   5.522079859200069e-03
   5.434880923766562e-03   5.434880923766532e-03   5.434880923766532e-03
   5.579669937754778e-03   5.579669937754793e-03   5.579669937754771e-03
   5.556683517577436e-03   5.556683517577423e-03   5.556683517577473e-03

 Columns 7 through 9:

   4.664289824553147e-03   4.664289824553143e-03   4.664289824553102e-03
   5.633349044650631e-03   5.633349044650657e-03   5.633349044650595e-03
   5.522079859200047e-03   5.522079859199983e-03   5.522079859200035e-03
   5.434880923766532e-03   5.434880923766531e-03   5.434880923766526e-03
   5.579669937754765e-03   5.579669937754800e-03   5.579669937754775e-03
   5.556683517577467e-03   5.556683517577464e-03   5.556683517577484e-03

 Columns 10 through 12:

   4.664289824553108e-03   4.664289824553121e-03   4.664289824553106e-03
   5.633349044650655e-03   5.633349044650635e-03   5.633349044650624e-03
   5.522079859200038e-03   5.522079859200056e-03   5.522079859200064e-03
   5.434880923766566e-03   5.434880923766544e-03   5.434880923766530e-03
   5.579669937754798e-03   5.579669937754792e-03   5.579669937754789e-03
   5.556683517577418e-03   5.556683517577482e-03   5.556683517577494e-03

 Columns 13 through 15:

   4.664289824553102e-03   4.664289824553101e-03   4.664289824553102e-03
   5.633349044650677e-03   5.633349044650688e-03   5.633349044650688e-03
   5.522079859200056e-03   5.522079859200056e-03   5.522079859200055e-03
   5.434880923766539e-03   5.434880923766544e-03   5.434880923766544e-03
   5.579669937754777e-03   5.579669937754778e-03   5.579669937754782e-03
   5.556683517577483e-03   5.556683517577494e-03   5.556683517577493e-03

ans = 7.267608861890901e-21
ans = 1.956902534147325e-21
ans = 1.939738536436850e-21
ans = 1.960831642056952e-21
ans = 1.949871498940624e-21
ans = 1.946769571643551e-21
ans = -1.434537977320088e-21
ans = -1.426266171194558e-21
ans = -1.424405014816314e-21
ans = -1.431022459716738e-21
ans = -1.441155422220512e-21
ans = -4.840040559200903e-21
ans = -1.459353395696679e-21
ans = -1.441775807679927e-21
ans = -1.441775807679927e-21
