warning: function /home/surgeon/flu/amcode/perelson21/1d2agt/4paper/2submit/run.m shadows a core library function
warning: called from
    driver at line 1 column 1

lambda0 = 3.501084296647659
kmpl_prod = 0.180000000000000
dkps =

 Columns 1 through 3:

   3.408529725755562e-01   7.974973742720472e+01   6.506632312263935e+00

 Columns 4 through 6:

   8.732258777942214e+00   4.875414679225604e+00   5.758745486902643e-01

nbcr = 2
lambda0 = 3.501084296647659
kmpl_prod = 0.180000000000000
 Time :      1.00000
 Time :      2.00000
 Time :      3.01000
 Time :      4.01000
 Time :      5.01000
 Time :      6.01000
 Time :      7.01000
 Time :      8.01000
 Time :      9.01000
 Time :     10.01000
 Time :     11.01000
 Time :     12.01000
 Time :     13.01000
 Time :     14.01000
 Time :     15.01000
 Time :     16.01000
 Time :     17.01000
 Time :     18.00000
 Time :     19.00000
 Time :     20.00000
 Time :     21.00000
 Time :     22.00000
 Time :     23.00000
 Time :     24.00000
 Time :     25.00000
 Time :     26.00000
 Time :     27.00000
 Time :     28.00000
 Time :     29.00000
 Time :     30.00000
 Time :     31.00000
 Time :     32.00000
 Time :     33.00000
 Time :     34.00000
 Time :     35.00000
dtime = 4.999258741736412
mbcr = 4.621845811399619e-04
agsout =

   3.471328921842008e-01   1.835222705141552e-02

ans = -6.215156231994462e-21
ans = 5.010357370442998e-21
nbcr = 2
lambda0 = 3.501084296647659
kmpl_prod = 0.180000000000000
 Time :      1.00000
 Time :      2.00000
 Time :      3.01000
 Time :      4.01000
 Time :      5.01000
 Time :      6.01000
 Time :      7.01000
 Time :      8.01000
 Time :      9.01000
 Time :     10.01000
 Time :     11.01000
 Time :     12.01000
 Time :     13.01000
 Time :     14.01000
 Time :     15.01000
 Time :     16.01000
 Time :     17.01000
 Time :     18.00000
 Time :     19.00000
 Time :     20.00000
 Time :     21.00000
 Time :     22.00000
 Time :     23.00000
 Time :     24.00000
 Time :     25.00000
 Time :     26.00000
 Time :     27.00000
 Time :     28.00000
 Time :     29.00000
 Time :     30.00000
 Time :     31.00000
 Time :     32.00000
 Time :     33.00000
 Time :     34.00000
 Time :     35.00000
dtime = 4.979635030031204
mbcr =

   4.621845811399619e-04   2.144564106958813e-01

agsout =

   3.471328921842008e-01   1.835222705141552e-02
   1.198262180350806e-01   1.478067073377113e-02

ans = 1.099191202172848e-20
ans = 3.812925384273694e-21
nbcr = 2
lambda0 = 3.501084296647659
kmpl_prod = 0.180000000000000
 Time :      1.00000
 Time :      2.00000
 Time :      3.01000
 Time :      4.01000
 Time :      5.01000
 Time :      6.01000
 Time :      7.01000
 Time :      8.01000
 Time :      9.01000
 Time :     10.01000
 Time :     11.01000
 Time :     12.01000
 Time :     13.01000
 Time :     14.01000
 Time :     15.01000
 Time :     16.01000
 Time :     17.01000
 Time :     18.00000
 Time :     19.00000
 Time :     20.00000
 Time :     21.00000
 Time :     22.00000
 Time :     23.00000
 Time :     24.00000
 Time :     25.00000
 Time :     26.00000
 Time :     27.00000
 Time :     28.00000
 Time :     29.00000
 Time :     30.00000
 Time :     31.00000
 Time :     32.00000
 Time :     33.00000
 Time :     34.00000
 Time :     35.00000
dtime = 4.923006892204285
mbcr =

   4.621845811399619e-04   2.144564106958813e-01   1.992848986628349e-03

agsout =

   3.471328921842008e-01   1.835222705141552e-02
   1.198262180350806e-01   1.478067073377113e-02
   3.459922556848976e-01   1.847513331994546e-02

ans = 1.016362715536944e-20
ans = 2.733920781780121e-22
nbcr = 2
lambda0 = 3.501084296647659
kmpl_prod = 0.180000000000000
 Time :      1.00000
 Time :      2.00000
 Time :      3.01000
 Time :      4.01000
 Time :      5.01000
 Time :      6.01000
 Time :      7.01000
 Time :      8.01000
 Time :      9.01000
 Time :     10.01000
 Time :     11.01000
 Time :     12.01000
 Time :     13.01000
 Time :     14.01000
 Time :     15.01000
 Time :     16.01000
 Time :     17.01000
 Time :     18.00000
 Time :     19.00000
 Time :     20.00000
 Time :     21.00000
 Time :     22.00000
 Time :     23.00000
 Time :     24.00000
 Time :     25.00000
 Time :     26.00000
 Time :     27.00000
 Time :     28.00000
 Time :     29.00000
 Time :     30.00000
 Time :     31.00000
 Time :     32.00000
 Time :     33.00000
 Time :     34.00000
 Time :     35.00000
dtime = 4.876477271318436
mbcr =

 Columns 1 through 3:

   4.621845811399619e-04   2.144564106958813e-01   1.992848986628349e-03

 Column 4:

   4.502241169843171e-02

agsout =

   3.471328921842008e-01   1.835222705141552e-02
   1.198262180350806e-01   1.478067073377113e-02
   3.459922556848976e-01   1.847513331994546e-02
   3.092021754136081e-01   1.785129983660372e-02

ans = 9.093584214707567e-21
ans = 9.858353888484756e-21
nbcr = 2
lambda0 = 3.501084296647659
kmpl_prod = 0.180000000000000
 Time :      1.00000
 Time :      2.00000
 Time :      3.01000
 Time :      4.01000
 Time :      5.01000
 Time :      6.01000
 Time :      7.01000
 Time :      8.01000
 Time :      9.01000
 Time :     10.01000
 Time :     11.01000
 Time :     12.01000
 Time :     13.01000
 Time :     14.01000
 Time :     15.01000
 Time :     16.01000
 Time :     17.01000
 Time :     18.00000
 Time :     19.00000
 Time :     20.00000
 Time :     21.00000
 Time :     22.00000
 Time :     23.00000
 Time :     24.00000
 Time :     25.00000
 Time :     26.00000
 Time :     27.00000
 Time :     28.00000
 Time :     29.00000
 Time :     30.00000
 Time :     31.00000
 Time :     32.00000
 Time :     33.00000
 Time :     34.00000
 Time :     35.00000
dtime = 5.165884271264076
mbcr =

 Columns 1 through 3:

   4.621845811399619e-04   2.144564106958813e-01   1.992848986628349e-03

 Columns 4 and 5:

   4.502241169843171e-02   4.082864784848704e-02

agsout =

   3.471328921842008e-01   1.835222705141552e-02
   1.198262180350806e-01   1.478067073377113e-02
   3.459922556848976e-01   1.847513331994546e-02
   3.092021754136081e-01   1.785129983660372e-02
   3.127919437254369e-01   1.791127135080284e-02

ans = -3.085797275129070e-21
ans = -4.857110852857613e-21
nbcr = 2
lambda0 = 3.501084296647659
kmpl_prod = 0.180000000000000
 Time :      1.00000
 Time :      2.00000
 Time :      3.01000
 Time :      4.01000
 Time :      5.01000
 Time :      6.01000
 Time :      7.01000
 Time :      8.01000
 Time :      9.01000
 Time :     10.01000
 Time :     11.01000
 Time :     12.01000
 Time :     13.01000
 Time :     14.01000
 Time :     15.01000
 Time :     16.01000
 Time :     17.01000
 Time :     18.00000
 Time :     19.00000
 Time :     20.00000
 Time :     21.00000
 Time :     22.00000
 Time :     23.00000
 Time :     24.00000
 Time :     25.00000
 Time :     26.00000
 Time :     27.00000
 Time :     28.00000
 Time :     29.00000
 Time :     30.00000
 Time :     31.00000
 Time :     32.00000
 Time :     33.00000
 Time :     34.00000
 Time :     35.00000
dtime = 5.076295137405396
mbcr =

 Columns 1 through 3:

   4.621845811399619e-04   2.144564106958813e-01   1.992848986628349e-03

 Columns 4 through 6:

   4.502241169843171e-02   4.082864784848704e-02   8.976953944582933e-02

agsout =

   3.471328921842008e-01   1.835222705141552e-02
   1.198262180350806e-01   1.478067073377113e-02
   3.459922556848976e-01   1.847513331994546e-02
   3.092021754136081e-01   1.785129983660372e-02
   3.127919437254369e-01   1.791127135080284e-02
   2.691175135200956e-01   1.718325594914357e-02

ans = 2.682417479538757e-21
ans = -1.604647185615478e-21
dkps =

 Columns 1 through 3:

   1.532465939970156e+00   2.383804658013462e+00   1.970248529416424e+00

 Columns 4 through 6:

   1.390330573810344e+02   1.328820226610354e+01   1.148006166140510e+01

nbcr = 3
lambda0 = 3.501084296647659
kmpl_prod = 0.180000000000000
 Time :      1.00000
 Time :      2.00000
 Time :      3.01000
 Time :      4.01000
 Time :      5.01000
 Time :      6.01000
 Time :      7.01000
 Time :      8.01000
 Time :      9.01000
 Time :     10.01000
 Time :     11.01000
 Time :     12.01000
 Time :     13.01000
 Time :     14.01000
 Time :     15.01000
 Time :     16.01000
 Time :     17.01000
 Time :     18.00000
 Time :     19.00000
 Time :     20.00000
 Time :     21.00000
 Time :     22.00000
 Time :     23.00000
 Time :     24.00000
 Time :     25.00000
 Time :     26.00000
 Time :     27.00000
 Time :     28.00000
 Time :     29.00000
 Time :     30.00000
 Time :     31.00000
 Time :     32.00000
 Time :     33.00000
 Time :     34.00000
 Time :     35.00000
dtime = 11.72304041683674
mbcr = 1.517100831487178e-04
agsout =

   2.342275361542936e-01   1.320792251566348e-02   1.320792251566348e-02

ans = 8.823270360134149e-21
ans = 3.596578072206297e-21
ans = 3.596736399745418e-21
nbcr = 3
lambda0 = 3.501084296647659
kmpl_prod = 0.180000000000000
 Time :      1.00000
 Time :      2.00000
 Time :      3.01000
 Time :      4.01000
 Time :      5.01000
 Time :      6.01000
 Time :      7.01000
 Time :      8.01000
 Time :      9.01000
 Time :     10.01000
 Time :     11.01000
 Time :     12.01000
 Time :     13.01000
 Time :     14.01000
 Time :     15.01000
 Time :     16.01000
 Time :     17.01000
 Time :     18.00000
 Time :     19.00000
 Time :     20.00000
 Time :     21.00000
 Time :     22.00000
 Time :     23.00000
 Time :     24.00000
 Time :     25.00000
 Time :     26.00000
 Time :     27.00000
 Time :     28.00000
 Time :     29.00000
 Time :     30.00000
 Time :     31.00000
 Time :     32.00000
 Time :     33.00000
 Time :     34.00000
 Time :     35.00000
dtime = 11.60701811313629
mbcr =

   1.517100831487178e-04   3.559183505789631e-02

agsout =

   2.342275361542936e-01   1.320792251566348e-02   1.320792251566348e-02
   1.927120122397668e-01   1.271945586812025e-02   1.271945586812025e-02

ans = 8.931430965253032e-21
ans = 5.923327275392859e-21
ans = -8.532044901057702e-22
nbcr = 3
lambda0 = 3.501084296647659
kmpl_prod = 0.180000000000000
 Time :      1.00000
 Time :      2.00000
 Time :      3.01000
 Time :      4.01000
 Time :      5.01000
 Time :      6.01000
 Time :      7.01000
 Time :      8.01000
 Time :      9.01000
 Time :     10.01000
 Time :     11.01000
 Time :     12.01000
 Time :     13.01000
 Time :     14.01000
 Time :     15.01000
 Time :     16.01000
 Time :     17.01000
 Time :     18.00000
 Time :     19.00000
 Time :     20.00000
 Time :     21.00000
 Time :     22.00000
 Time :     23.00000
 Time :     24.00000
 Time :     25.00000
 Time :     26.00000
 Time :     27.00000
 Time :     28.00000
 Time :     29.00000
 Time :     30.00000
 Time :     31.00000
 Time :     32.00000
 Time :     33.00000
 Time :     34.00000
 Time :     35.00000
dtime = 11.47587820887566
mbcr =

   1.517100831487178e-04   3.559183505789631e-02   1.029062523417973e-01

agsout =

   2.342275361542936e-01   1.320792251566348e-02   1.320792251566348e-02
   1.927120122397668e-01   1.271945586812025e-02   1.271945586812025e-02
   1.051332262074133e-01   1.155299609145311e-02   1.155299609145311e-02

ans = 9.214895421417297e-21
ans = -5.675247408635109e-21
ans = -5.675476822008122e-21
nbcr = 3
lambda0 = 3.501084296647659
kmpl_prod = 0.180000000000000
 Time :      1.00000
 Time :      2.00000
 Time :      3.01000
 Time :      4.01000
 Time :      5.01000
 Time :      6.01000
 Time :      7.01000
 Time :      8.01000
 Time :      9.01000
 Time :     10.01000
 Time :     11.01000
 Time :     12.01000
 Time :     13.01000
 Time :     14.01000
 Time :     15.01000
 Time :     16.01000
 Time :     17.01000
 Time :     18.00000
 Time :     19.00000
 Time :     20.00000
 Time :     21.00000
 Time :     22.00000
 Time :     23.00000
 Time :     24.00000
 Time :     25.00000
 Time :     26.00000
 Time :     27.00000
 Time :     28.00000
 Time :     29.00000
 Time :     30.00000
 Time :     31.00000
 Time :     32.00000
 Time :     33.00000
 Time :     34.00000
 Time :     35.00000
dtime = 11.72214522957802
mbcr =

 Columns 1 through 3:

   1.517100831487178e-04   3.559183505789631e-02   1.029062523417973e-01

 Column 4:

   1.279070926539164e-01

agsout =

   2.342275361542936e-01   1.320792251566348e-02   1.320792251566348e-02
   1.927120122397668e-01   1.271945586812025e-02   1.271945586812025e-02
   1.051332262074133e-01   1.155299609145311e-02   1.155299609145311e-02
   6.993836008324858e-02   1.111000584337716e-02   1.111000584337716e-02

ans = 2.958204665642765e-22
ans = 2.894259726883295e-22
ans = 2.891545540498355e-22
nbcr = 3
lambda0 = 3.501084296647659
kmpl_prod = 0.180000000000000
 Time :      1.00000
 Time :      2.00000
 Time :      3.01000
 Time :      4.01000
 Time :      5.01000
 Time :      6.01000
 Time :      7.01000
 Time :      8.01000
 Time :      9.01000
 Time :     10.01000
 Time :     11.01000
 Time :     12.01000
 Time :     13.01000
 Time :     14.01000
 Time :     15.01000
 Time :     16.01000
 Time :     17.01000
 Time :     18.00000
 Time :     19.00000
 Time :     20.00000
 Time :     21.00000
 Time :     22.00000
 Time :     23.00000
 Time :     24.00000
 Time :     25.00000
 Time :     26.00000
 Time :     27.00000
 Time :     28.00000
 Time :     29.00000
 Time :     30.00000
 Time :     31.00000
 Time :     32.00000
 Time :     33.00000
 Time :     34.00000
 Time :     35.00000
dtime = 11.46344617009163
mbcr =

 Columns 1 through 3:

   1.517100831487178e-04   3.559183505789631e-02   1.029062523417973e-01

 Columns 4 and 5:

   1.279070926539164e-01   5.143067810928236e-04

agsout =

   2.342275361542936e-01   1.320792251566348e-02   1.320792251566348e-02
   1.927120122397668e-01   1.271945586812025e-02   1.271945586812025e-02
   1.051332262074133e-01   1.155299609145311e-02   1.155299609145311e-02
   6.993836008324858e-02   1.111000584337716e-02   1.111000584337716e-02
   2.339133998615726e-01   1.330053099586430e-02   1.330053099586431e-02

ans = 1.523153012393456e-20
ans = 6.321789223747602e-21
ans = 6.322580861443209e-21
nbcr = 3
lambda0 = 3.501084296647659
kmpl_prod = 0.180000000000000
 Time :      1.00000
 Time :      2.00000
 Time :      3.01000
 Time :      4.01000
 Time :      5.01000
 Time :      6.01000
 Time :      7.01000
 Time :      8.01000
 Time :      9.01000
 Time :     10.01000
 Time :     11.01000
 Time :     12.01000
 Time :     13.01000
 Time :     14.01000
 Time :     15.01000
 Time :     16.01000
 Time :     17.01000
 Time :     18.00000
 Time :     19.00000
 Time :     20.00000
 Time :     21.00000
 Time :     22.00000
 Time :     23.00000
 Time :     24.00000
 Time :     25.00000
 Time :     26.00000
 Time :     27.00000
 Time :     28.00000
 Time :     29.00000
 Time :     30.00000
 Time :     31.00000
 Time :     32.00000
 Time :     33.00000
 Time :     34.00000
 Time :     35.00000
dtime = 11.55664622783661
mbcr =

 Columns 1 through 3:

   1.517100831487178e-04   3.559183505789631e-02   1.029062523417973e-01

 Columns 4 through 6:

   1.279070926539164e-01   5.143067810928236e-04   5.163274257743922e-03

agsout =

   2.342275361542936e-01   1.320792251566348e-02   1.320792251566348e-02
   1.927120122397668e-01   1.271945586812025e-02   1.271945586812025e-02
   1.051332262074133e-01   1.155299609145311e-02   1.155299609145311e-02
   6.993836008324858e-02   1.111000584337716e-02   1.111000584337716e-02
   2.339133998615726e-01   1.330053099586430e-02   1.330053099586431e-02
   2.281610913056420e-01   1.321957647483977e-02   1.321957647483977e-02

ans = -3.451197848375834e-21
ans = -2.146721097682638e-21
ans = 4.629603872662852e-21
dkps =

 Columns 1 through 3:

   2.277871931855579e+01   6.142144719141556e+01   5.207480720024476e+01

 Columns 4 through 6:

   1.671360398634543e+01   2.172032118971396e+02   3.740744284758002e+00

nbcr = 4
lambda0 = 3.501084296647659
kmpl_prod = 0.180000000000000
 Time :      1.00000
 Time :      2.00000
 Time :      3.01000
 Time :      4.01000
 Time :      5.01000
 Time :      6.01000
 Time :      7.01000
 Time :      8.01000
 Time :      9.01000
 Time :     10.01000
 Time :     11.01000
 Time :     12.01000
 Time :     13.01000
 Time :     14.01000
 Time :     15.01000
 Time :     16.01000
 Time :     17.01000
 Time :     18.00000
 Time :     19.00000
 Time :     20.00000
 Time :     21.00000
 Time :     22.00000
 Time :     23.00000
 Time :     24.00000
 Time :     25.00000
 Time :     26.00000
 Time :     27.00000
 Time :     28.00000
 Time :     29.00000
 Time :     30.00000
 Time :     31.00000
 Time :     32.00000
 Time :     33.00000
 Time :     34.00000
 Time :     35.00000
dtime = 18.07747185230255
mbcr = 9.092981809483650e-05
agsout =

 Columns 1 through 3:

   1.771310603424347e-01   1.071125565214665e-02   1.071125565214665e-02

 Column 4:

   1.071125565214665e-02

ans = -1.335014351506094e-21
ans = -2.950204278155729e-21
ans = 4.385608210179584e-22
ans = -6.337780305198871e-21
nbcr = 4
lambda0 = 3.501084296647659
kmpl_prod = 0.180000000000000
 Time :      1.00000
 Time :      2.00000
 Time :      3.01000
 Time :      4.01000
 Time :      5.01000
 Time :      6.01000
 Time :      7.01000
 Time :      8.01000
 Time :      9.01000
 Time :     10.01000
 Time :     11.01000
 Time :     12.01000
 Time :     13.01000
 Time :     14.01000
 Time :     15.01000
 Time :     16.01000
 Time :     17.01000
 Time :     18.00000
 Time :     19.00000
 Time :     20.00000
 Time :     21.00000
 Time :     22.00000
 Time :     23.00000
 Time :     24.00000
 Time :     25.00000
 Time :     26.00000
 Time :     27.00000
 Time :     28.00000
 Time :     29.00000
 Time :     30.00000
 Time :     31.00000
 Time :     32.00000
 Time :     33.00000
 Time :     34.00000
 Time :     35.00000
dtime = 18.20152066648006
mbcr =

   9.092981809483650e-05   9.423453483006554e-05

agsout =

 Columns 1 through 3:

   1.771310603424347e-01   1.071125565214665e-02   1.071125565214665e-02
   1.772331536258843e-01   1.078689757816901e-02   1.078689757816901e-02

 Column 4:

   1.071125565214665e-02
   1.078689757816901e-02

ans = -2.444357484185410e-21
ans = -1.523078614605940e-21
ans = -1.523524516654894e-21
ans = -1.522845970058660e-21
nbcr = 4
lambda0 = 3.501084296647659
kmpl_prod = 0.180000000000000
 Time :      1.00000
 Time :      2.00000
 Time :      3.01000
 Time :      4.01000
 Time :      5.01000
 Time :      6.01000
 Time :      7.01000
 Time :      8.01000
 Time :      9.01000
 Time :     10.01000
 Time :     11.01000
 Time :     12.01000
 Time :     13.01000
 Time :     14.01000
 Time :     15.01000
 Time :     16.01000
 Time :     17.01000
 Time :     18.00000
 Time :     19.00000
 Time :     20.00000
 Time :     21.00000
 Time :     22.00000
 Time :     23.00000
 Time :     24.00000
 Time :     25.00000
 Time :     26.00000
 Time :     27.00000
 Time :     28.00000
 Time :     29.00000
 Time :     30.00000
 Time :     31.00000
 Time :     32.00000
 Time :     33.00000
 Time :     34.00000
 Time :     35.00000
dtime = 18.12445409595966
mbcr =

   9.092981809483650e-05   9.423453483006554e-05   8.945154295380409e-05

agsout =

 Columns 1 through 3:

   1.771310603424347e-01   1.071125565214665e-02   1.071125565214665e-02
   1.772331536258843e-01   1.078689757816901e-02   1.078689757816901e-02
   1.772408902474504e-01   1.078703534791490e-02   1.078703534791490e-02

 Column 4:

   1.071125565214665e-02
   1.078689757816901e-02
   1.078703534791490e-02

ans = 5.725487321737769e-22
ans = 1.060032601221559e-20
ans = 7.213758111543992e-21
ans = 7.213758111543992e-21
nbcr = 4
lambda0 = 3.501084296647659
kmpl_prod = 0.180000000000000
 Time :      1.00000
 Time :      2.00000
 Time :      3.01000
 Time :      4.01000
 Time :      5.01000
 Time :      6.01000
 Time :      7.01000
 Time :      8.01000
 Time :      9.01000
 Time :     10.01000
 Time :     11.01000
 Time :     12.01000
 Time :     13.01000
 Time :     14.01000
 Time :     15.01000
 Time :     16.01000
 Time :     17.01000
 Time :     18.00000
 Time :     19.00000
 Time :     20.00000
 Time :     21.00000
 Time :     22.00000
 Time :     23.00000
 Time :     24.00000
 Time :     25.00000
 Time :     26.00000
 Time :     27.00000
 Time :     28.00000
 Time :     29.00000
 Time :     30.00000
 Time :     31.00000
 Time :     32.00000
 Time :     33.00000
 Time :     34.00000
 Time :     35.00000
dtime = 17.84361675381660
mbcr =

 Columns 1 through 3:

   9.092981809483650e-05   9.423453483006554e-05   8.945154295380409e-05

 Column 4:

   9.398799749540871e-05

agsout =

 Columns 1 through 3:

   1.771310603424347e-01   1.071125565214665e-02   1.071125565214665e-02
   1.772331536258843e-01   1.078689757816901e-02   1.078689757816901e-02
   1.772408902474504e-01   1.078703534791490e-02   1.078703534791490e-02
   1.772334706136592e-01   1.078694787187919e-02   1.078694787187920e-02

 Column 4:

   1.071125565214665e-02
   1.078689757816901e-02
   1.078703534791490e-02
   1.078694787187919e-02

ans = 1.051299302631232e-20
ans = -3.478223389951590e-21
ans = -3.477906734873347e-21
ans = -6.866258243740758e-21
nbcr = 4
lambda0 = 3.501084296647659
kmpl_prod = 0.180000000000000
 Time :      1.00000
 Time :      2.00000
 Time :      3.01000
 Time :      4.01000
 Time :      5.01000
 Time :      6.01000
 Time :      7.01000
 Time :      8.01000
 Time :      9.01000
 Time :     10.01000
 Time :     11.01000
 Time :     12.01000
 Time :     13.01000
 Time :     14.01000
 Time :     15.01000
 Time :     16.01000
 Time :     17.01000
 Time :     18.00000
 Time :     19.00000
 Time :     20.00000
 Time :     21.00000
 Time :     22.00000
 Time :     23.00000
 Time :     24.00000
 Time :     25.00000
 Time :     26.00000
 Time :     27.00000
 Time :     28.00000
 Time :     29.00000
 Time :     30.00000
 Time :     31.00000
 Time :     32.00000
 Time :     33.00000
 Time :     34.00000
 Time :     35.00000
dtime = 18.12876909971237
mbcr =

 Columns 1 through 3:

   9.092981809483650e-05   9.423453483006554e-05   8.945154295380409e-05

 Columns 4 and 5:

   9.398799749540871e-05   6.674130591718569e-04

agsout =

 Columns 1 through 3:

   1.771310603424347e-01   1.071125565214665e-02   1.071125565214665e-02
   1.772331536258843e-01   1.078689757816901e-02   1.078689757816901e-02
   1.772408902474504e-01   1.078703534791490e-02   1.078703534791490e-02
   1.772334706136592e-01   1.078694787187919e-02   1.078694787187920e-02
   1.763791479137604e-01   1.077646308966603e-02   1.077646308966603e-02

 Column 4:

   1.071125565214665e-02
   1.078689757816901e-02
   1.078703534791490e-02
   1.078694787187919e-02
   1.077646308966603e-02

ans = -2.498201772183784e-21
ans = -1.266445829561363e-21
ans = 5.510373510447099e-21
ans = 8.898311429008233e-21
nbcr = 4
lambda0 = 3.501084296647659
kmpl_prod = 0.180000000000000
 Time :      1.00000
 Time :      2.00000
 Time :      3.01000
 Time :      4.01000
 Time :      5.01000
 Time :      6.01000
 Time :      7.01000
 Time :      8.01000
 Time :      9.01000
 Time :     10.01000
 Time :     11.01000
 Time :     12.01000
 Time :     13.01000
 Time :     14.01000
 Time :     15.01000
 Time :     16.01000
 Time :     17.01000
 Time :     18.00000
 Time :     19.00000
 Time :     20.00000
 Time :     21.00000
 Time :     22.00000
 Time :     23.00000
 Time :     24.00000
 Time :     25.00000
 Time :     26.00000
 Time :     27.00000
 Time :     28.00000
 Time :     29.00000
 Time :     30.00000
 Time :     31.00000
 Time :     32.00000
 Time :     33.00000
 Time :     34.00000
 Time :     35.00000
dtime = 18.04695501923561
mbcr =

 Columns 1 through 3:

   9.092981809483650e-05   9.423453483006554e-05   8.945154295380409e-05

 Columns 4 through 6:

   9.398799749540871e-05   6.674130591718569e-04   7.425341305265958e-05

agsout =

 Columns 1 through 3:

   1.771310603424347e-01   1.071125565214665e-02   1.071125565214665e-02
   1.772331536258843e-01   1.078689757816901e-02   1.078689757816901e-02
   1.772408902474504e-01   1.078703534791490e-02   1.078703534791490e-02
   1.772334706136592e-01   1.078694787187919e-02   1.078694787187920e-02
   1.763791479137604e-01   1.077646308966603e-02   1.077646308966603e-02
   1.772663619993702e-01   1.078733471299788e-02   1.078733471299788e-02

 Column 4:

   1.071125565214665e-02
   1.078689757816901e-02
   1.078703534791490e-02
   1.078694787187919e-02
   1.077646308966603e-02
   1.078733471299788e-02

ans = 4.829421304969827e-21
ans = -6.916561164741639e-21
ans = 3.248448125420844e-21
ans = -6.915940779282224e-21
dkps =

 Columns 1 through 3:

   2.541075359249473e-01   2.132746465616821e+01   8.648896407257292e+00

 Columns 4 through 6:

   4.090099508280667e-01   4.980696778332549e+00   8.970748177374377e+00

nbcr = 5
lambda0 = 3.501084296647659
kmpl_prod = 0.180000000000000
 Time :      1.00000
 Time :      2.00000
 Time :      3.01000
 Time :      4.01000
 Time :      5.01000
 Time :      6.01000
 Time :      7.01000
 Time :      8.01000
 Time :      9.01000
 Time :     10.01000
 Time :     11.01000
 Time :     12.01000
 Time :     13.01000
 Time :     14.01000
 Time :     15.01000
 Time :     16.01000
 Time :     17.01000
 Time :     18.00000
 Time :     19.00000
 Time :     20.00000
 Time :     21.00000
 Time :     22.00000
 Time :     23.00000
 Time :     24.00000
 Time :     25.00000
 Time :     26.00000
 Time :     27.00000
 Time :     28.00000
 Time :     29.00000
 Time :     30.00000
 Time :     31.00000
 Time :     32.00000
 Time :     33.00000
 Time :     34.00000
 Time :     35.00000
dtime = 23.22270646691322
mbcr = 6.849722413032245e-05
agsout =

 Columns 1 through 3:

   1.426884177664997e-01   9.248439177064404e-03   9.248439177064399e-03

 Columns 4 and 5:

   9.248439177064397e-03   9.248439177064397e-03

ans = 8.560620598488428e-22
ans = 1.244131340068038e-21
ans = 1.244131340068038e-21
ans = 1.244777574921595e-21
ans = 4.632922288635868e-21
nbcr = 5
lambda0 = 3.501084296647659
kmpl_prod = 0.180000000000000
 Time :      1.00000
 Time :      2.00000
 Time :      3.01000
 Time :      4.01000
 Time :      5.01000
 Time :      6.01000
 Time :      7.01000
 Time :      8.01000
 Time :      9.01000
 Time :     10.01000
 Time :     11.01000
 Time :     12.01000
 Time :     13.01000
 Time :     14.01000
 Time :     15.01000
 Time :     16.01000
 Time :     17.01000
 Time :     18.00000
 Time :     19.00000
 Time :     20.00000
 Time :     21.00000
 Time :     22.00000
 Time :     23.00000
 Time :     24.00000
 Time :     25.00000
 Time :     26.00000
 Time :     27.00000
 Time :     28.00000
 Time :     29.00000
 Time :     30.00000
 Time :     31.00000
 Time :     32.00000
 Time :     33.00000
 Time :     34.00000
 Time :     35.00000
dtime = 22.99622409045696
mbcr =

   6.849722413032245e-05   5.597186085150849e-02

agsout =

 Columns 1 through 3:

   1.426884177664997e-01   9.248439177064404e-03   9.248439177064399e-03
   6.282277159889182e-02   8.426535792010014e-03   8.426535792010014e-03

 Columns 4 and 5:

   9.248439177064397e-03   9.248439177064397e-03
   8.426535792010014e-03   8.426535792010015e-03

ans = 1.436233697575822e-20
ans = 8.496075469108716e-21
ans = 5.109274923889843e-21
ans = 1.720910490325361e-21
ans = 1.721143134872641e-21
nbcr = 5
lambda0 = 3.501084296647659
kmpl_prod = 0.180000000000000
 Time :      1.00000
 Time :      2.00000
 Time :      3.01000
 Time :      4.01000
 Time :      5.01000
 Time :      6.01000
 Time :      7.01000
 Time :      8.01000
 Time :      9.01000
 Time :     10.01000
 Time :     11.01000
 Time :     12.01000
 Time :     13.01000
 Time :     14.01000
 Time :     15.01000
 Time :     16.01000
 Time :     17.01000
 Time :     18.00000
 Time :     19.00000
 Time :     20.00000
 Time :     21.00000
 Time :     22.00000
 Time :     23.00000
 Time :     24.00000
 Time :     25.00000
 Time :     26.00000
 Time :     27.00000
 Time :     28.00000
 Time :     29.00000
 Time :     30.00000
 Time :     31.00000
 Time :     32.00000
 Time :     33.00000
 Time :     34.00000
 Time :     35.00000
dtime = 23.12907390296459
mbcr =

   6.849722413032245e-05   5.597186085150849e-02   1.185807071282146e-02

agsout =

 Columns 1 through 3:

   1.426884177664997e-01   9.248439177064404e-03   9.248439177064399e-03
   6.282277159889182e-02   8.426535792010014e-03   8.426535792010014e-03
   1.246172584484360e-01   9.105216824630379e-03   9.105216824630375e-03

 Columns 4 and 5:

   9.248439177064397e-03   9.248439177064397e-03
   8.426535792010014e-03   8.426535792010015e-03
   9.105216824630375e-03   9.105216824630375e-03

ans = 4.473838654735728e-21
ans = -2.702592931666809e-21
ans = -6.090789344169366e-21
ans = -1.286698829871841e-20
ans = -6.089897540071457e-21
nbcr = 5
lambda0 = 3.501084296647659
kmpl_prod = 0.180000000000000
 Time :      1.00000
 Time :      2.00000
 Time :      3.01000
 Time :      4.01000
 Time :      5.01000
 Time :      6.01000
 Time :      7.01000
 Time :      8.01000
 Time :      9.01000
 Time :     10.01000
 Time :     11.01000
 Time :     12.01000
 Time :     13.01000
 Time :     14.01000
 Time :     15.01000
 Time :     16.01000
 Time :     17.01000
 Time :     18.00000
 Time :     19.00000
 Time :     20.00000
 Time :     21.00000
 Time :     22.00000
 Time :     23.00000
 Time :     24.00000
 Time :     25.00000
 Time :     26.00000
 Time :     27.00000
 Time :     28.00000
 Time :     29.00000
 Time :     30.00000
 Time :     31.00000
 Time :     32.00000
 Time :     33.00000
 Time :     34.00000
 Time :     35.00000
dtime = 22.98072427511215
mbcr =

 Columns 1 through 3:

   6.849722413032245e-05   5.597186085150849e-02   1.185807071282146e-02

 Column 4:

   1.662349366905221e-02

agsout =

 Columns 1 through 3:

   1.426884177664997e-01   9.248439177064404e-03   9.248439177064399e-03
   6.282277159889182e-02   8.426535792010014e-03   8.426535792010014e-03
   1.246172584484360e-01   9.105216824630379e-03   9.105216824630375e-03
   1.173976507698677e-01   9.025963695842512e-03   9.025963695842514e-03

 Columns 4 and 5:

   9.248439177064397e-03   9.248439177064397e-03
   8.426535792010014e-03   8.426535792010015e-03
   9.105216824630375e-03   9.105216824630375e-03
   9.025963695842510e-03   9.025963695842508e-03

ans = 2.351260891181981e-22
ans = -1.996723525823511e-21
ans = 8.168098356231441e-21
ans = 4.779333257057754e-21
ans = 8.167633067136880e-21
nbcr = 5
lambda0 = 3.501084296647659
kmpl_prod = 0.180000000000000
 Time :      1.00000
 Time :      2.00000
 Time :      3.01000
 Time :      4.01000
 Time :      5.01000
 Time :      6.01000
 Time :      7.01000
 Time :      8.01000
 Time :      9.01000
 Time :     10.01000
 Time :     11.01000
 Time :     12.01000
 Time :     13.01000
 Time :     14.01000
 Time :     15.01000
 Time :     16.01000
 Time :     17.01000
 Time :     18.00000
 Time :     19.00000
 Time :     20.00000
 Time :     21.00000
 Time :     22.00000
 Time :     23.00000
 Time :     24.00000
 Time :     25.00000
 Time :     26.00000
 Time :     27.00000
 Time :     28.00000
 Time :     29.00000
 Time :     30.00000
 Time :     31.00000
 Time :     32.00000
 Time :     33.00000
 Time :     34.00000
 Time :     35.00000
dtime = 23.07748496532440
mbcr =

 Columns 1 through 3:

   6.849722413032245e-05   5.597186085150849e-02   1.185807071282146e-02

 Columns 4 and 5:

   1.662349366905221e-02   1.138473083104650e-01

agsout =

 Columns 1 through 3:

   1.426884177664997e-01   9.248439177064404e-03   9.248439177064399e-03
   6.282277159889182e-02   8.426535792010014e-03   8.426535792010014e-03
   1.246172584484360e-01   9.105216824630379e-03   9.105216824630375e-03
   1.173976507698677e-01   9.025963695842512e-03   9.025963695842514e-03
   5.431601757569835e-03   8.123471274089968e-03   8.123471274089970e-03

 Columns 4 and 5:

   9.248439177064397e-03   9.248439177064397e-03
   8.426535792010014e-03   8.426535792010015e-03
   9.105216824630375e-03   9.105216824630375e-03
   9.025963695842510e-03   9.025963695842508e-03
   8.123471274089971e-03   8.123471274089971e-03

ans = 1.171287747375087e-21
ans = 7.139589737401249e-21
ans = 1.052792832157159e-20
ans = 7.139331243459826e-21
ans = 7.141528441961920e-21
nbcr = 5
lambda0 = 3.501084296647659
kmpl_prod = 0.180000000000000
 Time :      1.00000
 Time :      2.00000
 Time :      3.01000
 Time :      4.01000
 Time :      5.01000
 Time :      6.01000
 Time :      7.01000
 Time :      8.01000
 Time :      9.01000
 Time :     10.01000
 Time :     11.01000
 Time :     12.01000
 Time :     13.01000
 Time :     14.01000
 Time :     15.01000
 Time :     16.01000
 Time :     17.01000
 Time :     18.00000
 Time :     19.00000
 Time :     20.00000
 Time :     21.00000
 Time :     22.00000
 Time :     23.00000
 Time :     24.00000
 Time :     25.00000
 Time :     26.00000
 Time :     27.00000
 Time :     28.00000
 Time :     29.00000
 Time :     30.00000
 Time :     31.00000
 Time :     32.00000
 Time :     33.00000
 Time :     34.00000
 Time :     35.00000
dtime = 23.05770032107830
mbcr =

 Columns 1 through 3:

   6.849722413032245e-05   5.597186085150849e-02   1.185807071282146e-02

 Columns 4 through 6:

   1.662349366905221e-02   1.138473083104650e-01   8.398057142214241e-02

agsout =

 Columns 1 through 3:

   1.426884177664997e-01   9.248439177064404e-03   9.248439177064399e-03
   6.282277159889182e-02   8.426535792010014e-03   8.426535792010014e-03
   1.246172584484360e-01   9.105216824630379e-03   9.105216824630375e-03
   1.173976507698677e-01   9.025963695842512e-03   9.025963695842514e-03
   5.431601757569835e-03   8.123471274089968e-03   8.123471274089970e-03
   2.490396630626287e-02   8.101820273404618e-03   8.101820273404616e-03

 Columns 4 and 5:

   9.248439177064397e-03   9.248439177064397e-03
   8.426535792010014e-03   8.426535792010015e-03
   9.105216824630375e-03   9.105216824630375e-03
   9.025963695842510e-03   9.025963695842508e-03
   8.123471274089971e-03   8.123471274089971e-03
   8.101820273404618e-03   8.101820273404619e-03

ans = 9.941676987121701e-21
ans = -2.322697310654759e-21
ans = 1.065163059723948e-21
ans = 1.065628348818509e-21
ans = -5.709123039658570e-21
dkps =

 Columns 1 through 3:

   8.943510464881168e+00   2.063091959702135e+01   8.856794276460620e+01

 Columns 4 through 6:

   2.622412498706489e+01   1.461735687273892e+02   1.023668395410077e+01

nbcr = 7
lambda0 = 3.501084296647659
kmpl_prod = 0.180000000000000
 Time :      1.00000
 Time :      2.00000
 Time :      3.01000
 Time :      4.01000
 Time :      5.01000
 Time :      6.01000
 Time :      7.01000
 Time :      8.01000
 Time :      9.01000
 Time :     10.01000
 Time :     11.01000
 Time :     12.01000
 Time :     13.01000
 Time :     14.01000
 Time :     15.01000
 Time :     16.01000
 Time :     17.01000
 Time :     18.00000
 Time :     19.00000
 Time :     20.00000
 Time :     21.00000
 Time :     22.00000
 Time :     23.00000
 Time :     24.00000
 Time :     25.00000
 Time :     26.00000
 Time :     27.00000
 Time :     28.00000
 Time :     29.00000
 Time :     30.00000
 Time :     31.00000
 Time :     32.00000
 Time :     33.00000
 Time :     34.00000
 Time :     35.00000
dtime = 32.97523856163025
mbcr = 5.037426307393833e-05
agsout =

 Columns 1 through 3:

   1.031687152394112e-01   7.613282653668159e-03   7.613282653668167e-03

 Columns 4 through 6:

   7.613282653668163e-03   7.613282653668174e-03   7.613282653668166e-03

 Column 7:

   7.613282653668169e-03

ans = 1.229608158367430e-21
ans = 3.015435224273778e-21
ans = 3.016908639739888e-21
ans = 6.405428169669223e-21
ans = 3.015900513368339e-21
ans = 6.404523440874244e-21
ans = 6.404420043297674e-21
nbcr = 7
lambda0 = 3.501084296647659
kmpl_prod = 0.180000000000000
 Time :      1.00000
 Time :      2.00000
 Time :      3.01000
 Time :      4.01000
 Time :      5.01000
 Time :      6.01000
 Time :      7.01000
 Time :      8.01000
 Time :      9.01000
 Time :     10.01000
 Time :     11.01000
 Time :     12.01000
 Time :     13.01000
 Time :     14.01000
 Time :     15.01000
 Time :     16.01000
 Time :     17.01000
 Time :     18.00000
 Time :     19.00000
 Time :     20.00000
 Time :     21.00000
 Time :     22.00000
 Time :     23.00000
 Time :     24.00000
 Time :     25.00000
 Time :     26.00000
 Time :     27.00000
 Time :     28.00000
 Time :     29.00000
 Time :     30.00000
 Time :     31.00000
 Time :     32.00000
 Time :     33.00000
 Time :     34.00000
 Time :     35.00000
dtime = 32.41641037166119
mbcr =

   5.037426307393833e-05   7.831015497315597e-05

agsout =

 Columns 1 through 3:

   1.031687152394112e-01   7.613282653668159e-03   7.613282653668167e-03
   1.031763447307117e-01   7.655826901646281e-03   7.655826901646269e-03

 Columns 4 through 6:

   7.613282653668163e-03   7.613282653668174e-03   7.613282653668166e-03
   7.655826901646270e-03   7.655826901646271e-03   7.655826901646273e-03

 Column 7:

   7.613282653668169e-03
   7.655826901646275e-03

ans = 3.824081821226789e-21
ans = 6.290501763312637e-21
ans = -3.874772483139804e-21
ans = 6.291277245136906e-21
ans = -3.879968211362403e-21
ans = 9.680262064160802e-21
ans = 2.902447522477863e-21
nbcr = 7
lambda0 = 3.501084296647659
kmpl_prod = 0.180000000000000
 Time :      1.00000
 Time :      2.00000
 Time :      3.01000
 Time :      4.01000
 Time :      5.01000
 Time :      6.01000
 Time :      7.01000
 Time :      8.01000
 Time :      9.01000
 Time :     10.01000
 Time :     11.01000
 Time :     12.01000
 Time :     13.01000
 Time :     14.01000
 Time :     15.01000
 Time :     16.01000
 Time :     17.01000
 Time :     18.00000
 Time :     19.00000
 Time :     20.00000
 Time :     21.00000
 Time :     22.00000
 Time :     23.00000
 Time :     24.00000
 Time :     25.00000
 Time :     26.00000
 Time :     27.00000
 Time :     28.00000
 Time :     29.00000
 Time :     30.00000
 Time :     31.00000
 Time :     32.00000
 Time :     33.00000
 Time :     34.00000
 Time :     35.00000
dtime = 32.24230147898197
mbcr =

   5.037426307393833e-05   7.831015497315597e-05   5.634539910798574e-04

agsout =

 Columns 1 through 3:

   1.031687152394112e-01   7.613282653668159e-03   7.613282653668167e-03
   1.031763447307117e-01   7.655826901646281e-03   7.655826901646269e-03
   1.022570751606929e-01   7.647356535408039e-03   7.647356535408044e-03

 Columns 4 through 6:

   7.613282653668163e-03   7.613282653668174e-03   7.613282653668166e-03
   7.655826901646270e-03   7.655826901646271e-03   7.655826901646273e-03
   7.647356535408044e-03   7.647356535408044e-03   7.647356535408043e-03

 Column 7:

   7.613282653668169e-03
   7.655826901646275e-03
   7.647356535408043e-03

ans = 7.310234512831524e-21
ans = 2.334277839230502e-21
ans = 2.339163374723393e-21
ans = -1.049924841877073e-21
ans = -1.048994263687951e-21
ans = -1.051217311584187e-21
ans = 2.340378296248080e-21
nbcr = 7
lambda0 = 3.501084296647659
kmpl_prod = 0.180000000000000
 Time :      1.00000
 Time :      2.00000
 Time :      3.01000
 Time :      4.01000
 Time :      5.01000
 Time :      6.01000
 Time :      7.01000
 Time :      8.01000
 Time :      9.01000
 Time :     10.01000
 Time :     11.01000
 Time :     12.01000
 Time :     13.01000
 Time :     14.01000
 Time :     15.01000
 Time :     16.01000
 Time :     17.01000
 Time :     18.00000
 Time :     19.00000
 Time :     20.00000
 Time :     21.00000
 Time :     22.00000
 Time :     23.00000
 Time :     24.00000
 Time :     25.00000
 Time :     26.00000
 Time :     27.00000
 Time :     28.00000
 Time :     29.00000
 Time :     30.00000
 Time :     31.00000
 Time :     32.00000
 Time :     33.00000
 Time :     34.00000
 Time :     35.00000
dtime = 32.45046772062778
mbcr =

 Columns 1 through 3:

   5.037426307393833e-05   7.831015497315597e-05   5.634539910798574e-04

 Column 4:

   6.171860912811970e-05

agsout =

 Columns 1 through 3:

   1.031687152394112e-01   7.613282653668159e-03   7.613282653668167e-03
   1.031763447307117e-01   7.655826901646281e-03   7.655826901646269e-03
   1.022570751606929e-01   7.647356535408039e-03   7.647356535408044e-03
   1.031986956883644e-01   7.656347555556190e-03   7.656347555556196e-03

 Columns 4 through 6:

   7.613282653668163e-03   7.613282653668174e-03   7.613282653668166e-03
   7.655826901646270e-03   7.655826901646271e-03   7.655826901646273e-03
   7.647356535408044e-03   7.647356535408044e-03   7.647356535408043e-03
   7.656347555556193e-03   7.656347555556187e-03   7.656347555556190e-03

 Column 7:

   7.613282653668169e-03
   7.655826901646275e-03
   7.647356535408043e-03
   7.656347555556190e-03

ans = -3.352359458698551e-21
ans = 6.118241400748469e-21
ans = 6.117362521347632e-21
ans = 1.628759985147539e-20
ans = 1.289445327999459e-20
ans = 6.118810087419599e-21
ans = 6.120076707732571e-21
nbcr = 7
lambda0 = 3.501084296647659
kmpl_prod = 0.180000000000000
 Time :      1.00000
 Time :      2.00000
 Time :      3.01000
 Time :      4.01000
 Time :      5.01000
 Time :      6.01000
 Time :      7.01000
 Time :      8.01000
 Time :      9.01000
 Time :     10.01000
 Time :     11.01000
 Time :     12.01000
 Time :     13.01000
 Time :     14.01000
 Time :     15.01000
 Time :     16.01000
 Time :     17.01000
 Time :     18.00000
 Time :     19.00000
 Time :     20.00000
 Time :     21.00000
 Time :     22.00000
 Time :     23.00000
 Time :     24.00000
 Time :     25.00000
 Time :     26.00000
 Time :     27.00000
 Time :     28.00000
 Time :     29.00000
 Time :     30.00000
 Time :     31.00000
 Time :     32.00000
 Time :     33.00000
 Time :     34.00000
 Time :     35.00000
dtime = 32.25562870502472
mbcr =

 Columns 1 through 3:

   5.037426307393833e-05   7.831015497315597e-05   5.634539910798574e-04

 Columns 4 and 5:

   6.171860912811970e-05   1.501766512436568e-04

agsout =

 Columns 1 through 3:

   1.031687152394112e-01   7.613282653668159e-03   7.613282653668167e-03
   1.031763447307117e-01   7.655826901646281e-03   7.655826901646269e-03
   1.022570751606929e-01   7.647356535408039e-03   7.647356535408044e-03
   1.031986956883644e-01   7.656347555556190e-03   7.656347555556196e-03
   1.030280948742816e-01   7.654735046041673e-03   7.654735046041672e-03

 Columns 4 through 6:

   7.613282653668163e-03   7.613282653668174e-03   7.613282653668166e-03
   7.655826901646270e-03   7.655826901646271e-03   7.655826901646273e-03
   7.647356535408044e-03   7.647356535408044e-03   7.647356535408043e-03
   7.656347555556193e-03   7.656347555556187e-03   7.656347555556190e-03
   7.654735046041672e-03   7.654735046041671e-03   7.654735046041670e-03

 Column 7:

   7.613282653668169e-03
   7.655826901646275e-03
   7.647356535408043e-03
   7.656347555556190e-03
   7.654735046041669e-03

ans = 2.876972944550644e-22
ans = 6.581410844989880e-21
ans = 6.583297850762267e-21
ans = 6.581488393172307e-21
ans = 1.335563232088704e-20
ans = 9.968301863088252e-21
ans = 6.583194453185698e-21
nbcr = 7
lambda0 = 3.501084296647659
kmpl_prod = 0.180000000000000
 Time :      1.00000
 Time :      2.00000
 Time :      3.01000
 Time :      4.01000
 Time :      5.01000
 Time :      6.01000
 Time :      7.01000
 Time :      8.01000
 Time :      9.01000
 Time :     10.01000
 Time :     11.01000
 Time :     12.01000
 Time :     13.01000
 Time :     14.01000
 Time :     15.01000
 Time :     16.01000
 Time :     17.01000
 Time :     18.00000
 Time :     19.00000
 Time :     20.00000
 Time :     21.00000
 Time :     22.00000
 Time :     23.00000
 Time :     24.00000
 Time :     25.00000
 Time :     26.00000
 Time :     27.00000
 Time :     28.00000
 Time :     29.00000
 Time :     30.00000
 Time :     31.00000
 Time :     32.00000
 Time :     33.00000
 Time :     34.00000
 Time :     35.00000
dtime = 32.30969198048115
mbcr =

 Columns 1 through 3:

   5.037426307393833e-05   7.831015497315597e-05   5.634539910798574e-04

 Columns 4 through 6:

   6.171860912811970e-05   1.501766512436568e-04   4.492944500906002e-05

agsout =

 Columns 1 through 3:

   1.031687152394112e-01   7.613282653668159e-03   7.613282653668167e-03
   1.031763447307117e-01   7.655826901646281e-03   7.655826901646269e-03
   1.022570751606929e-01   7.647356535408039e-03   7.647356535408044e-03
   1.031986956883644e-01   7.656347555556190e-03   7.656347555556196e-03
   1.030280948742816e-01   7.654735046041673e-03   7.654735046041672e-03
   1.032371045771540e-01   7.656669563524538e-03   7.656669563524530e-03

 Columns 4 through 6:

   7.613282653668163e-03   7.613282653668174e-03   7.613282653668166e-03
   7.655826901646270e-03   7.655826901646271e-03   7.655826901646273e-03
   7.647356535408044e-03   7.647356535408044e-03   7.647356535408043e-03
   7.656347555556193e-03   7.656347555556187e-03   7.656347555556190e-03
   7.654735046041672e-03   7.654735046041671e-03   7.654735046041670e-03
   7.656669563524538e-03   7.656669563524537e-03   7.656669563524535e-03

 Column 7:

   7.613282653668169e-03
   7.655826901646275e-03
   7.647356535408043e-03
   7.656347555556190e-03
   7.654735046041669e-03
   7.656669563524537e-03

ans = -6.257992919004450e-22
ans = 8.159232014040638e-21
ans = 4.769885303498750e-21
ans = -2.007308852724775e-21
ans = 8.152381924592933e-21
ans = -2.004413720580840e-21
ans = 4.768437737426782e-21
dkps =

 Columns 1 through 3:

   1.532209532160149e+00   1.216024755386828e+00   1.169655588036419e+01

 Columns 4 through 6:

   1.091532517938378e+01   1.310426994183304e+00   5.305683763882756e+00

nbcr = 10
lambda0 = 3.501084296647659
kmpl_prod = 0.180000000000000
 Time :      1.00000
 Time :      2.00000
 Time :      3.01000
 Time :      4.01000
 Time :      5.01000
 Time :      6.01000
 Time :      7.01000
 Time :      8.01000
 Time :      9.01000
 Time :     10.01000
 Time :     11.01000
 Time :     12.01000
 Time :     13.01000
 Time :     14.01000
 Time :     15.01000
 Time :     16.01000
 Time :     17.01000
 Time :     18.00000
 Time :     19.00000
 Time :     20.00000
 Time :     21.00000
 Time :     22.00000
 Time :     23.00000
 Time :     24.00000
 Time :     25.00000
 Time :     26.00000
 Time :     27.00000
 Time :     28.00000
 Time :     29.00000
 Time :     30.00000
 Time :     31.00000
 Time :     32.00000
 Time :     33.00000
 Time :     34.00000
 Time :     35.00000
dtime = 47.45025560259819
mbcr = 3.994266784673908e-05
agsout =

 Columns 1 through 3:

   7.342407135163377e-02   6.411901908563431e-03   6.411901908563424e-03

 Columns 4 through 6:

   6.411901908563422e-03   6.411901908563424e-03   6.411901908563426e-03

 Columns 7 through 9:

   6.411901908563425e-03   6.411901908563425e-03   6.411901908563422e-03

 Column 10:

   6.411901908563424e-03

ans = 9.095747649962918e-21
ans = -2.873108460126373e-21
ans = -6.259379092765330e-21
ans = -6.254674503031434e-21
ans = -2.868352171604193e-21
ans = -6.256845852139386e-21
ans = -6.262067429756127e-21
ans = -6.257724731540223e-21
ans = -2.872177881937250e-21
ans = -6.263670092192948e-21
nbcr = 10
lambda0 = 3.501084296647659
kmpl_prod = 0.180000000000000
 Time :      1.00000
 Time :      2.00000
 Time :      3.01000
 Time :      4.01000
 Time :      5.01000
 Time :      6.01000
 Time :      7.01000
 Time :      8.01000
 Time :      9.01000
 Time :     10.01000
 Time :     11.01000
 Time :     12.01000
 Time :     13.01000
 Time :     14.01000
 Time :     15.01000
 Time :     16.01000
 Time :     17.01000
 Time :     18.00000
 Time :     19.00000
 Time :     20.00000
 Time :     21.00000
 Time :     22.00000
 Time :     23.00000
 Time :     24.00000
 Time :     25.00000
 Time :     26.00000
 Time :     27.00000
 Time :     28.00000
 Time :     29.00000
 Time :     30.00000
 Time :     31.00000
 Time :     32.00000
 Time :     33.00000
 Time :     34.00000
 Time :     35.00000
dtime = 47.16055691242218
mbcr =

   3.994266784673908e-05   7.278646806715415e-04

agsout =

 Columns 1 through 3:

   7.342407135163377e-02   6.411901908563431e-03   6.411901908563424e-03
   7.215272222183242e-02   6.427346909051748e-03   6.427346909051754e-03

 Columns 4 through 6:

   6.411901908563422e-03   6.411901908563424e-03   6.411901908563426e-03
   6.427346909051754e-03   6.427346909051753e-03   6.427346909051751e-03

 Columns 7 through 9:

   6.411901908563425e-03   6.411901908563425e-03   6.411901908563422e-03
   6.427346909051754e-03   6.427346909051753e-03   6.427346909051754e-03

 Column 10:

   6.411901908563424e-03
   6.427346909051750e-03

ans = 7.379691834891836e-21
ans = 2.923307983550684e-21
ans = 6.309630314977926e-21
ans = 2.921550224749009e-21
ans = 6.310612591955333e-21
ans = 2.921653622325578e-21
ans = 9.700347043409356e-21
ans = 2.924858947199221e-21
ans = 6.313249230157845e-21
ans = -4.655475885025009e-22
nbcr = 10
lambda0 = 3.501084296647659
kmpl_prod = 0.180000000000000
 Time :      1.00000
 Time :      2.00000
 Time :      3.01000
 Time :      4.01000
 Time :      5.01000
 Time :      6.01000
 Time :      7.01000
 Time :      8.01000
 Time :      9.01000
 Time :     10.01000
 Time :     11.01000
 Time :     12.01000
 Time :     13.01000
 Time :     14.01000
 Time :     15.01000
 Time :     16.01000
 Time :     17.01000
 Time :     18.00000
 Time :     19.00000
 Time :     20.00000
 Time :     21.00000
 Time :     22.00000
 Time :     23.00000
 Time :     24.00000
 Time :     25.00000
 Time :     26.00000
 Time :     27.00000
 Time :     28.00000
 Time :     29.00000
 Time :     30.00000
 Time :     31.00000
 Time :     32.00000
 Time :     33.00000
 Time :     34.00000
 Time :     35.00000
dtime = 47.08131775259972
mbcr =

   3.994266784673908e-05   7.278646806715415e-04   5.538908459876840e-02

agsout =

 Columns 1 through 3:

   7.342407135163377e-02   6.411901908563431e-03   6.411901908563424e-03
   7.215272222183242e-02   6.427346909051748e-03   6.427346909051754e-03
   3.896823914350859e-03   5.997665304083245e-03   5.997665304083240e-03

 Columns 4 through 6:

   6.411901908563422e-03   6.411901908563424e-03   6.411901908563426e-03
   6.427346909051754e-03   6.427346909051753e-03   6.427346909051751e-03
   5.997665304083240e-03   5.997665304083236e-03   5.997665304083241e-03

 Columns 7 through 9:

   6.411901908563425e-03   6.411901908563425e-03   6.411901908563422e-03
   6.427346909051754e-03   6.427346909051753e-03   6.427346909051754e-03
   5.997665304083241e-03   5.997665304083240e-03   5.997665304083242e-03

 Column 10:

   6.411901908563424e-03
   6.427346909051750e-03
   5.997665304083243e-03

ans = 2.398823776403780e-21
ans = 5.808152068617653e-21
ans = 5.810581911667027e-21
ans = 9.194991387927740e-21
ans = 5.806290912239409e-21
ans = 1.258312317694494e-20
ans = 9.197007640670838e-21
ans = 5.806962996487108e-21
ans = 5.806394309815978e-21
ans = 9.194060809738618e-21
nbcr = 10
lambda0 = 3.501084296647659
kmpl_prod = 0.180000000000000
 Time :      1.00000
 Time :      2.00000
 Time :      3.01000
 Time :      4.01000
 Time :      5.01000
 Time :      6.01000
 Time :      7.01000
 Time :      8.01000
 Time :      9.01000
 Time :     10.01000
 Time :     11.01000
 Time :     12.01000
 Time :     13.01000
 Time :     14.01000
 Time :     15.01000
 Time :     16.01000
 Time :     17.01000
 Time :     18.00000
 Time :     19.00000
 Time :     20.00000
 Time :     21.00000
 Time :     22.00000
 Time :     23.00000
 Time :     24.00000
 Time :     25.00000
 Time :     26.00000
 Time :     27.00000
 Time :     28.00000
 Time :     29.00000
 Time :     30.00000
 Time :     31.00000
 Time :     32.00000
 Time :     33.00000
 Time :     34.00000
 Time :     35.00000
dtime = 47.11007438600063
mbcr =

 Columns 1 through 3:

   3.994266784673908e-05   7.278646806715415e-04   5.538908459876840e-02

 Column 4:

   2.681103936535214e-02

agsout =

 Columns 1 through 3:

   7.342407135163377e-02   6.411901908563431e-03   6.411901908563424e-03
   7.215272222183242e-02   6.427346909051748e-03   6.427346909051754e-03
   3.896823914350859e-03   5.997665304083245e-03   5.997665304083240e-03
   2.853721835823089e-02   6.068993377274103e-03   6.068993377274129e-03

 Columns 4 through 6:

   6.411901908563422e-03   6.411901908563424e-03   6.411901908563426e-03
   6.427346909051754e-03   6.427346909051753e-03   6.427346909051751e-03
   5.997665304083240e-03   5.997665304083236e-03   5.997665304083241e-03
   6.068993377274108e-03   6.068993377274112e-03   6.068993377274109e-03

 Columns 7 through 9:

   6.411901908563425e-03   6.411901908563425e-03   6.411901908563422e-03
   6.427346909051754e-03   6.427346909051753e-03   6.427346909051754e-03
   5.997665304083241e-03   5.997665304083240e-03   5.997665304083242e-03
   6.068993377274118e-03   6.068993377274109e-03   6.068993377274108e-03

 Column 10:

   6.411901908563424e-03
   6.427346909051750e-03
   5.997665304083243e-03
   6.068993377274109e-03

ans = -7.157180250115072e-21
ans = -1.851385307258530e-21
ans = -1.849472452092001e-21
ans = -5.241429951442260e-21
ans = -1.851333608470245e-21
ans = -5.239620493852300e-21
ans = -5.241274855077406e-21
ans = -5.241378252653975e-21
ans = -1.852212487871083e-21
ans = -1.851281909681961e-21
nbcr = 10
lambda0 = 3.501084296647659
kmpl_prod = 0.180000000000000
 Time :      1.00000
 Time :      2.00000
 Time :      3.01000
 Time :      4.01000
 Time :      5.01000
 Time :      6.01000
 Time :      7.01000
 Time :      8.01000
 Time :      9.01000
 Time :     10.01000
 Time :     11.01000
 Time :     12.01000
 Time :     13.01000
 Time :     14.01000
 Time :     15.01000
 Time :     16.01000
 Time :     17.01000
 Time :     18.00000
 Time :     19.00000
 Time :     20.00000
 Time :     21.00000
 Time :     22.00000
 Time :     23.00000
 Time :     24.00000
 Time :     25.00000
 Time :     26.00000
 Time :     27.00000
 Time :     28.00000
 Time :     29.00000
 Time :     30.00000
 Time :     31.00000
 Time :     32.00000
 Time :     33.00000
 Time :     34.00000
 Time :     35.00000
dtime = 46.98792658746243
mbcr =

 Columns 1 through 3:

   3.994266784673908e-05   7.278646806715415e-04   5.538908459876840e-02

 Columns 4 and 5:

   2.681103936535214e-02   1.210417971923509e-02

agsout =

 Columns 1 through 3:

   7.342407135163377e-02   6.411901908563431e-03   6.411901908563424e-03
   7.215272222183242e-02   6.427346909051748e-03   6.427346909051754e-03
   3.896823914350859e-03   5.997665304083245e-03   5.997665304083240e-03
   2.853721835823089e-02   6.068993377274103e-03   6.068993377274129e-03
   5.125356473812370e-02   6.251572818357411e-03   6.251572818357412e-03

 Columns 4 through 6:

   6.411901908563422e-03   6.411901908563424e-03   6.411901908563426e-03
   6.427346909051754e-03   6.427346909051753e-03   6.427346909051751e-03
   5.997665304083240e-03   5.997665304083236e-03   5.997665304083241e-03
   6.068993377274108e-03   6.068993377274112e-03   6.068993377274109e-03
   6.251572818357407e-03   6.251572818357404e-03   6.251572818357401e-03

 Columns 7 through 9:

   6.411901908563425e-03   6.411901908563425e-03   6.411901908563422e-03
   6.427346909051754e-03   6.427346909051753e-03   6.427346909051754e-03
   5.997665304083241e-03   5.997665304083240e-03   5.997665304083242e-03
   6.068993377274118e-03   6.068993377274109e-03   6.068993377274108e-03
   6.251572818357406e-03   6.251572818357401e-03   6.251572818357403e-03

 Column 10:

   6.411901908563424e-03
   6.427346909051750e-03
   5.997665304083243e-03
   6.068993377274109e-03
   6.251572818357404e-03

ans = -4.338975903146907e-21
ans = -3.138013051296480e-21
ans = 3.640990562517005e-21
ans = 3.641662646764704e-21
ans = 2.554954117023164e-22
ans = 2.579769535399755e-22
ans = 2.545131347249097e-22
ans = 3.648590284394836e-21
ans = -3.136306991283089e-21
ans = 2.589075317290977e-22
nbcr = 10
lambda0 = 3.501084296647659
kmpl_prod = 0.180000000000000
 Time :      1.00000
 Time :      2.00000
 Time :      3.01000
 Time :      4.01000
 Time :      5.01000
 Time :      6.01000
 Time :      7.01000
 Time :      8.01000
 Time :      9.01000
 Time :     10.01000
 Time :     11.01000
 Time :     12.01000
 Time :     13.01000
 Time :     14.01000
 Time :     15.01000
 Time :     16.01000
 Time :     17.01000
 Time :     18.00000
 Time :     19.00000
 Time :     20.00000
 Time :     21.00000
 Time :     22.00000
 Time :     23.00000
 Time :     24.00000
 Time :     25.00000
 Time :     26.00000
 Time :     27.00000
 Time :     28.00000
 Time :     29.00000
 Time :     30.00000
 Time :     31.00000
 Time :     32.00000
 Time :     33.00000
 Time :     34.00000
 Time :     35.00000
dtime = 47.08278626203537
mbcr =

 Columns 1 through 3:

   3.994266784673908e-05   7.278646806715415e-04   5.538908459876840e-02

 Columns 4 through 6:

   2.681103936535214e-02   1.210417971923509e-02   5.349371511284409e-02

agsout =

 Columns 1 through 3:

   7.342407135163377e-02   6.411901908563431e-03   6.411901908563424e-03
   7.215272222183242e-02   6.427346909051748e-03   6.427346909051754e-03
   3.896823914350859e-03   5.997665304083245e-03   5.997665304083240e-03
   2.853721835823089e-02   6.068993377274103e-03   6.068993377274129e-03
   5.125356473812370e-02   6.251572818357411e-03   6.251572818357412e-03
   4.553693010837405e-03   5.990566326239632e-03   5.990566326239632e-03

 Columns 4 through 6:

   6.411901908563422e-03   6.411901908563424e-03   6.411901908563426e-03
   6.427346909051754e-03   6.427346909051753e-03   6.427346909051751e-03
   5.997665304083240e-03   5.997665304083236e-03   5.997665304083241e-03
   6.068993377274108e-03   6.068993377274112e-03   6.068993377274109e-03
   6.251572818357407e-03   6.251572818357404e-03   6.251572818357401e-03
   5.990566326239636e-03   5.990566326239639e-03   5.990566326239634e-03

 Columns 7 through 9:

   6.411901908563425e-03   6.411901908563425e-03   6.411901908563422e-03
   6.427346909051754e-03   6.427346909051753e-03   6.427346909051754e-03
   5.997665304083241e-03   5.997665304083240e-03   5.997665304083242e-03
   6.068993377274118e-03   6.068993377274109e-03   6.068993377274108e-03
   6.251572818357406e-03   6.251572818357401e-03   6.251572818357403e-03
   5.990566326239633e-03   5.990566326239634e-03   5.990566326239634e-03

 Column 10:

   6.411901908563424e-03
   6.427346909051750e-03
   5.997665304083243e-03
   6.068993377274109e-03
   6.251572818357404e-03
   5.990566326239634e-03

ans = 4.989553454919863e-21
ans = 6.355383742609765e-21
ans = 6.359002657789685e-21
ans = 6.363965741465003e-21
ans = 6.358847561424831e-21
ans = 6.359829838402238e-21
ans = 1.313609341643664e-20
ans = 9.745480085581780e-21
ans = 6.358899260213116e-21
ans = 9.743774025568389e-21
dkps =

 Columns 1 through 3:

   2.627350504074353e+01   3.016908841639104e+01   4.922464492573583e+00

 Columns 4 through 6:

   2.180521659309533e+01   9.607541099024330e+00   4.019316104964215e+01

nbcr = 15
lambda0 = 3.501084296647659
kmpl_prod = 0.180000000000000
 Time :      1.00000
 Time :      2.00000
 Time :      3.01000
 Time :      4.01000
 Time :      5.01000
 Time :      6.01000
 Time :      7.01000
 Time :      8.01000
 Time :      9.01000
 Time :     10.01000
 Time :     11.01000
 Time :     12.01000
 Time :     13.01000
 Time :     14.01000
 Time :     15.01000
 Time :     16.01000
 Time :     17.01000
 Time :     18.00000
 Time :     19.00000
 Time :     20.00000
 Time :     21.00000
 Time :     22.00000
 Time :     23.00000
 Time :     24.00000
 Time :     25.00000
 Time :     26.00000
 Time :     27.00000
 Time :     28.00000
 Time :     29.00000
 Time :     30.00000
 Time :     31.00000
 Time :     32.00000
 Time :     33.00000
 Time :     34.00000
 Time :     35.00000
dtime = 73.58459383249283
mbcr = 3.279432181940982e-05
agsout =

 Columns 1 through 3:

   5.022660418808790e-02   5.488909553876570e-03   5.488909553876567e-03

 Columns 4 through 6:

   5.488909553876566e-03   5.488909553876562e-03   5.488909553876571e-03

 Columns 7 through 9:

   5.488909553876562e-03   5.488909553876570e-03   5.488909553876566e-03

 Columns 10 through 12:

   5.488909553876569e-03   5.488909553876566e-03   5.488909553876567e-03

 Columns 13 through 15:

   5.488909553876566e-03   5.488909553876568e-03   5.488909553876567e-03

ans = -3.104555301982620e-21
ans = -2.327686243724220e-21
ans = 1.062410099247795e-21
ans = 1.060652340446120e-21
ans = -2.328616821913342e-21
ans = 1.065201833815161e-21
ans = 1.060755738022689e-21
ans = 1.062513496824364e-21
ans = 1.062306701671226e-21
ans = 1.062513496824364e-21
ans = -2.328306629183635e-21
ans = -5.716438418200836e-21
ans = 1.059618364680428e-21
ans = 1.060548942869551e-21
ans = 1.059721762256998e-21
nbcr = 15
lambda0 = 3.501084296647659
kmpl_prod = 0.180000000000000
 Time :      1.00000
 Time :      2.00000
 Time :      3.01000
 Time :      4.01000
 Time :      5.01000
 Time :      6.01000
 Time :      7.01000
 Time :      8.01000
 Time :      9.01000
 Time :     10.01000
 Time :     11.01000
 Time :     12.01000
 Time :     13.01000
 Time :     14.01000
 Time :     15.01000
 Time :     16.01000
 Time :     17.01000
 Time :     18.00000
 Time :     19.00000
 Time :     20.00000
 Time :     21.00000
 Time :     22.00000
 Time :     23.00000
 Time :     24.00000
 Time :     25.00000
 Time :     26.00000
 Time :     27.00000
 Time :     28.00000
 Time :     29.00000
 Time :     30.00000
 Time :     31.00000
 Time :     32.00000
 Time :     33.00000
 Time :     34.00000
 Time :     35.00000
dtime = 72.94942326843739
mbcr =

   3.279432181940982e-05   2.591333165420617e-05

agsout =

 Columns 1 through 3:

   5.022660418808790e-02   5.488909553876570e-03   5.488909553876567e-03
   5.025623593621512e-02   5.500037748826983e-03   5.500037748826974e-03

 Columns 4 through 6:

   5.488909553876566e-03   5.488909553876562e-03   5.488909553876571e-03
   5.500037748826971e-03   5.500037748826977e-03   5.500037748826976e-03

 Columns 7 through 9:

   5.488909553876562e-03   5.488909553876570e-03   5.488909553876566e-03
   5.500037748826971e-03   5.500037748826975e-03   5.500037748826977e-03

 Columns 10 through 12:

   5.488909553876569e-03   5.488909553876566e-03   5.488909553876567e-03
   5.500037748826975e-03   5.500037748826976e-03   5.500037748826973e-03

 Columns 13 through 15:

   5.488909553876566e-03   5.488909553876568e-03   5.488909553876567e-03
   5.500037748826962e-03   5.500037748826965e-03   5.500037748826963e-03

ans = -3.145538860062935e-21
ans = 4.731266308650180e-21
ans = 4.749154089396639e-21
ans = 1.150721969395488e-20
ans = 1.150887405517998e-20
ans = 1.150752988668458e-20
ans = 4.733747850487839e-21
ans = 4.732920669875286e-21
ans = 8.112160267307542e-21
ans = 1.150628911576575e-20
ans = 4.728474574082814e-21
ans = 4.723821683137203e-21
ans = 4.721236743722975e-21
ans = 4.733851248064408e-21
ans = 1.338585026263937e-21
nbcr = 15
lambda0 = 3.501084296647659
kmpl_prod = 0.180000000000000
 Time :      1.00000
 Time :      2.00000
 Time :      3.01000
 Time :      4.01000
 Time :      5.01000
 Time :      6.01000
 Time :      7.01000
 Time :      8.01000
 Time :      9.01000
 Time :     10.01000
 Time :     11.01000
 Time :     12.01000
 Time :     13.01000
 Time :     14.01000
 Time :     15.01000
 Time :     16.01000
 Time :     17.01000
 Time :     18.00000
 Time :     19.00000
 Time :     20.00000
 Time :     21.00000
 Time :     22.00000
 Time :     23.00000
 Time :     24.00000
 Time :     25.00000
 Time :     26.00000
 Time :     27.00000
 Time :     28.00000
 Time :     29.00000
 Time :     30.00000
 Time :     31.00000
 Time :     32.00000
 Time :     33.00000
 Time :     34.00000
 Time :     35.00000
dtime = 72.77075797319412
mbcr =

   3.279432181940982e-05   2.591333165420617e-05   2.749173898399068e-05

agsout =

 Columns 1 through 3:

   5.022660418808790e-02   5.488909553876570e-03   5.488909553876567e-03
   5.025623593621512e-02   5.500037748826983e-03   5.500037748826974e-03
   5.025300692589747e-02   5.500716893811130e-03   5.500716893811137e-03

 Columns 4 through 6:

   5.488909553876566e-03   5.488909553876562e-03   5.488909553876571e-03
   5.500037748826971e-03   5.500037748826977e-03   5.500037748826976e-03
   5.500716893811134e-03   5.500716893811138e-03   5.500716893811135e-03

 Columns 7 through 9:

   5.488909553876562e-03   5.488909553876570e-03   5.488909553876566e-03
   5.500037748826971e-03   5.500037748826975e-03   5.500037748826977e-03
   5.500716893811142e-03   5.500716893811131e-03   5.500716893811135e-03

 Columns 10 through 12:

   5.488909553876569e-03   5.488909553876566e-03   5.488909553876567e-03
   5.500037748826975e-03   5.500037748826976e-03   5.500037748826973e-03
   5.500716893811136e-03   5.500716893811135e-03   5.500716893811135e-03

 Columns 13 through 15:

   5.488909553876566e-03   5.488909553876568e-03   5.488909553876567e-03
   5.500037748826962e-03   5.500037748826965e-03   5.500037748826963e-03
   5.500716893811135e-03   5.500716893811135e-03   5.500716893811135e-03

ans = -1.327986774665601e-21
ans = 8.198083653436488e-21
ans = 1.419235135987857e-21
ans = 4.810055261995856e-21
ans = 4.800439287374927e-21
ans = 8.197980255859919e-21
ans = 1.424405014816314e-21
ans = 1.419131738411288e-21
ans = 8.198083653436488e-21
ans = 8.192189991572048e-21
ans = 8.192086593995479e-21
ans = 8.199738014661594e-21
ans = 8.202633146805530e-21
ans = 8.196532689787951e-21
ans = 8.200875388003855e-21
nbcr = 15
lambda0 = 3.501084296647659
kmpl_prod = 0.180000000000000
 Time :      1.00000
 Time :      2.00000
 Time :      3.01000
 Time :      4.01000
 Time :      5.01000
 Time :      6.01000
 Time :      7.01000
 Time :      8.01000
 Time :      9.01000
 Time :     10.01000
 Time :     11.01000
 Time :     12.01000
 Time :     13.01000
 Time :     14.01000
 Time :     15.01000
 Time :     16.01000
 Time :     17.01000
 Time :     18.00000
 Time :     19.00000
 Time :     20.00000
 Time :     21.00000
 Time :     22.00000
 Time :     23.00000
 Time :     24.00000
 Time :     25.00000
 Time :     26.00000
 Time :     27.00000
 Time :     28.00000
 Time :     29.00000
 Time :     30.00000
 Time :     31.00000
 Time :     32.00000
 Time :     33.00000
 Time :     34.00000
 Time :     35.00000
dtime = 72.53645025193691
mbcr =

 Columns 1 through 3:

   3.279432181940982e-05   2.591333165420617e-05   2.749173898399068e-05

 Column 4:

   1.244563561298766e-03

agsout =

 Columns 1 through 3:

   5.022660418808790e-02   5.488909553876570e-03   5.488909553876567e-03
   5.025623593621512e-02   5.500037748826983e-03   5.500037748826974e-03
   5.025300692589747e-02   5.500716893811130e-03   5.500716893811137e-03
   4.774408374466901e-02   5.481371199696994e-03   5.481371199697011e-03

 Columns 4 through 6:

   5.488909553876566e-03   5.488909553876562e-03   5.488909553876571e-03
   5.500037748826971e-03   5.500037748826977e-03   5.500037748826976e-03
   5.500716893811134e-03   5.500716893811138e-03   5.500716893811135e-03
   5.481371199697001e-03   5.481371199697003e-03   5.481371199697001e-03

 Columns 7 through 9:

   5.488909553876562e-03   5.488909553876570e-03   5.488909553876566e-03
   5.500037748826971e-03   5.500037748826975e-03   5.500037748826977e-03
   5.500716893811142e-03   5.500716893811131e-03   5.500716893811135e-03
   5.481371199696998e-03   5.481371199696998e-03   5.481371199697000e-03

 Columns 10 through 12:

   5.488909553876569e-03   5.488909553876566e-03   5.488909553876567e-03
   5.500037748826975e-03   5.500037748826976e-03   5.500037748826973e-03
   5.500716893811136e-03   5.500716893811135e-03   5.500716893811135e-03
   5.481371199696999e-03   5.481371199697009e-03   5.481371199697005e-03

 Columns 13 through 15:

   5.488909553876566e-03   5.488909553876568e-03   5.488909553876567e-03
   5.500037748826962e-03   5.500037748826965e-03   5.500037748826963e-03
   5.500716893811135e-03   5.500716893811135e-03   5.500716893811135e-03
   5.481371199697004e-03   5.481371199697005e-03   5.481371199697004e-03

ans = 7.134846373576140e-21
ans = 1.554065575834001e-22
ans = -3.220627714975213e-21
ans = 1.541657866645705e-22
ans = 1.598526533758726e-22
ans = -3.230967472632126e-21
ans = -6.605037191235926e-21
ans = -3.238101905415396e-21
ans = 1.511672569440658e-22
ans = 1.682278570779720e-22
ans = 1.603696412587182e-22
ans = -3.233345616893216e-21
ans = 3.547777647239936e-21
ans = 1.530284133223101e-22
ans = 3.542917961141187e-21
nbcr = 15
lambda0 = 3.501084296647659
kmpl_prod = 0.180000000000000
 Time :      1.00000
 Time :      2.00000
 Time :      3.01000
 Time :      4.01000
 Time :      5.01000
 Time :      6.01000
 Time :      7.01000
 Time :      8.01000
 Time :      9.01000
 Time :     10.01000
 Time :     11.01000
 Time :     12.01000
 Time :     13.01000
 Time :     14.01000
 Time :     15.01000
 Time :     16.01000
 Time :     17.01000
 Time :     18.00000
 Time :     19.00000
 Time :     20.00000
 Time :     21.00000
 Time :     22.00000
 Time :     23.00000
 Time :     24.00000
 Time :     25.00000
 Time :     26.00000
 Time :     27.00000
 Time :     28.00000
 Time :     29.00000
 Time :     30.00000
 Time :     31.00000
 Time :     32.00000
 Time :     33.00000
 Time :     34.00000
 Time :     35.00000
dtime = 72.44852073490620
mbcr =

 Columns 1 through 3:

   3.279432181940982e-05   2.591333165420617e-05   2.749173898399068e-05

 Columns 4 and 5:

   1.244563561298766e-03   1.613017655882074e-03

agsout =

 Columns 1 through 3:

   5.022660418808790e-02   5.488909553876570e-03   5.488909553876567e-03
   5.025623593621512e-02   5.500037748826983e-03   5.500037748826974e-03
   5.025300692589747e-02   5.500716893811130e-03   5.500716893811137e-03
   4.774408374466901e-02   5.481371199696994e-03   5.481371199697011e-03
   4.678272575738374e-02   5.475423870924768e-03   5.475423870924761e-03

 Columns 4 through 6:

   5.488909553876566e-03   5.488909553876562e-03   5.488909553876571e-03
   5.500037748826971e-03   5.500037748826977e-03   5.500037748826976e-03
   5.500716893811134e-03   5.500716893811138e-03   5.500716893811135e-03
   5.481371199697001e-03   5.481371199697003e-03   5.481371199697001e-03
   5.475423870924763e-03   5.475423870924756e-03   5.475423870924761e-03

 Columns 7 through 9:

   5.488909553876562e-03   5.488909553876570e-03   5.488909553876566e-03
   5.500037748826971e-03   5.500037748826975e-03   5.500037748826977e-03
   5.500716893811142e-03   5.500716893811131e-03   5.500716893811135e-03
   5.481371199696998e-03   5.481371199696998e-03   5.481371199697000e-03
   5.475423870924756e-03   5.475423870924752e-03   5.475423870924760e-03

 Columns 10 through 12:

   5.488909553876569e-03   5.488909553876566e-03   5.488909553876567e-03
   5.500037748826975e-03   5.500037748826976e-03   5.500037748826973e-03
   5.500716893811136e-03   5.500716893811135e-03   5.500716893811135e-03
   5.481371199696999e-03   5.481371199697009e-03   5.481371199697005e-03
   5.475423870924760e-03   5.475423870924758e-03   5.475423870924756e-03

 Columns 13 through 15:

   5.488909553876566e-03   5.488909553876568e-03   5.488909553876567e-03
   5.500037748826962e-03   5.500037748826965e-03   5.500037748826963e-03
   5.500716893811135e-03   5.500716893811135e-03   5.500716893811135e-03
   5.481371199697004e-03   5.481371199697005e-03   5.481371199697004e-03
   5.475423870924754e-03   5.475423870924755e-03   5.475423870924753e-03

ans = 3.432592746941927e-21
ans = -1.550860250960358e-21
ans = 1.825070624021686e-21
ans = -1.557167503131075e-21
ans = -4.939922618166681e-21
ans = -1.557167503131075e-21
ans = -1.560372828004718e-21
ans = 1.827138575553069e-21
ans = -1.555409744329399e-21
ans = -1.555926732212245e-21
ans = -1.555616539482538e-21
ans = -4.948194424292212e-21
ans = 1.832101659228387e-21
ans = -1.557270900707644e-21
ans = -1.558098081320197e-21
nbcr = 15
lambda0 = 3.501084296647659
kmpl_prod = 0.180000000000000
 Time :      1.00000
 Time :      2.00000
 Time :      3.01000
 Time :      4.01000
 Time :      5.01000
 Time :      6.01000
 Time :      7.01000
 Time :      8.01000
 Time :      9.01000
 Time :     10.01000
 Time :     11.01000
 Time :     12.01000
 Time :     13.01000
 Time :     14.01000
 Time :     15.01000
 Time :     16.01000
 Time :     17.01000
 Time :     18.00000
 Time :     19.00000
 Time :     20.00000
 Time :     21.00000
 Time :     22.00000
 Time :     23.00000
 Time :     24.00000
 Time :     25.00000
 Time :     26.00000
 Time :     27.00000
 Time :     28.00000
 Time :     29.00000
 Time :     30.00000
 Time :     31.00000
 Time :     32.00000
 Time :     33.00000
 Time :     34.00000
 Time :     35.00000
dtime = 68.79785656929016
mbcr =

 Columns 1 through 3:

   3.279432181940982e-05   2.591333165420617e-05   2.749173898399068e-05

 Columns 4 through 6:

   1.244563561298766e-03   1.613017655882074e-03   4.827628428118972e-03

agsout =

 Columns 1 through 3:

   5.022660418808790e-02   5.488909553876570e-03   5.488909553876567e-03
   5.025623593621512e-02   5.500037748826983e-03   5.500037748826974e-03
   5.025300692589747e-02   5.500716893811130e-03   5.500716893811137e-03
   4.774408374466901e-02   5.481371199696994e-03   5.481371199697011e-03
   4.678272575738374e-02   5.475423870924768e-03   5.475423870924761e-03
   4.024434446515238e-02   5.427055384856842e-03   5.427055384856841e-03

 Columns 4 through 6:

   5.488909553876566e-03   5.488909553876562e-03   5.488909553876571e-03
   5.500037748826971e-03   5.500037748826977e-03   5.500037748826976e-03
   5.500716893811134e-03   5.500716893811138e-03   5.500716893811135e-03
   5.481371199697001e-03   5.481371199697003e-03   5.481371199697001e-03
   5.475423870924763e-03   5.475423870924756e-03   5.475423870924761e-03
   5.427055384856834e-03   5.427055384856847e-03   5.427055384856843e-03

 Columns 7 through 9:

   5.488909553876562e-03   5.488909553876570e-03   5.488909553876566e-03
   5.500037748826971e-03   5.500037748826975e-03   5.500037748826977e-03
   5.500716893811142e-03   5.500716893811131e-03   5.500716893811135e-03
   5.481371199696998e-03   5.481371199696998e-03   5.481371199697000e-03
   5.475423870924756e-03   5.475423870924752e-03   5.475423870924760e-03
   5.427055384856843e-03   5.427055384856846e-03   5.427055384856841e-03

 Columns 10 through 12:

   5.488909553876569e-03   5.488909553876566e-03   5.488909553876567e-03
   5.500037748826975e-03   5.500037748826976e-03   5.500037748826973e-03
   5.500716893811136e-03   5.500716893811135e-03   5.500716893811135e-03
   5.481371199696999e-03   5.481371199697009e-03   5.481371199697005e-03
   5.475423870924760e-03   5.475423870924758e-03   5.475423870924756e-03
   5.427055384856844e-03   5.427055384856837e-03   5.427055384856840e-03

 Columns 13 through 15:

   5.488909553876566e-03   5.488909553876568e-03   5.488909553876567e-03
   5.500037748826962e-03   5.500037748826965e-03   5.500037748826963e-03
   5.500716893811135e-03   5.500716893811135e-03   5.500716893811135e-03
   5.481371199697004e-03   5.481371199697005e-03   5.481371199697004e-03
   5.475423870924754e-03   5.475423870924755e-03   5.475423870924753e-03
   5.427055384856837e-03   5.427055384856837e-03   5.427055384856837e-03

ans = 9.633293715004276e-21
ans = -5.861608615703892e-22
ans = 6.196616763787869e-21
ans = -5.854370785344053e-22
ans = 6.179245970924255e-21
ans = 2.800006373491999e-21
ans = 2.797318036501201e-21
ans = 2.801764132293674e-21
ans = 2.798455409843462e-21
ans = -3.987630937965008e-21
ans = 2.798352012266893e-21
ans = -5.926749088942443e-22
ans = -5.949496555787652e-22
ans = 6.186277006130956e-21
ans = 6.181210524879068e-21
