warning: function /home/surgeon/flu/amcode/perelson21/1d2agt/4paper/2submit/run.m shadows a core library function
warning: called from
    driver at line 1 column 1

lambda0 = 3.501084296647659
kmpl_prod = 0.180000000000000
dkps =

 Columns 1 through 3:

   1.200983161641233e+00   3.107502501482254e+01   1.440819383118457e+01

 Columns 4 through 6:

   9.151132064367151e-01   7.146545777917135e+01   2.180046106621929e+01

nbcr = 2
lambda0 = 3.501084296647659
kmpl_prod = 0.180000000000000
 Time :      1.00000
 Time :      2.00000
 Time :      3.01000
 Time :      4.01000
 Time :      5.01000
 Time :      6.01000
 Time :      7.01000
 Time :      8.01000
 Time :      9.01000
 Time :     10.01000
 Time :     11.01000
 Time :     12.01000
 Time :     13.01000
 Time :     14.01000
 Time :     15.01000
 Time :     16.01000
 Time :     17.01000
 Time :     18.00000
 Time :     19.00000
 Time :     20.00000
 Time :     21.00000
 Time :     22.00000
 Time :     23.00000
 Time :     24.00000
 Time :     25.00000
 Time :     26.00000
 Time :     27.00000
 Time :     28.00000
 Time :     29.00000
 Time :     30.00000
 Time :     31.00000
 Time :     32.00000
 Time :     33.00000
 Time :     34.00000
 Time :     35.00000
dtime = 4.960403591394424
mbcr = 0.500000000000000
agsout =

   1.836660953593613e-02   1.836660953593613e-02

ans = 3.554147099515307e-21
ans = 1.729191182180127e-21
nbcr = 2
lambda0 = 3.501084296647659
kmpl_prod = 0.180000000000000
 Time :      1.00000
 Time :      2.00000
 Time :      3.01000
 Time :      4.01000
 Time :      5.01000
 Time :      6.01000
 Time :      7.01000
 Time :      8.01000
 Time :      9.01000
 Time :     10.01000
 Time :     11.01000
 Time :     12.01000
 Time :     13.01000
 Time :     14.01000
 Time :     15.01000
 Time :     16.01000
 Time :     17.01000
 Time :     18.00000
 Time :     19.00000
 Time :     20.00000
 Time :     21.00000
 Time :     22.00000
 Time :     23.00000
 Time :     24.00000
 Time :     25.00000
 Time :     26.00000
 Time :     27.00000
 Time :     28.00000
 Time :     29.00000
 Time :     30.00000
 Time :     31.00000
 Time :     32.00000
 Time :     33.00000
 Time :     34.00000
 Time :     35.00000
dtime = 4.907547309994698
mbcr =

   0.500000000000000   0.521206194149828

agsout =

   1.836660953593613e-02   1.836660953593613e-02
   2.832405151650742e-03   1.851078400340390e-02

ans = -4.418798832258274e-21
ans = -2.405430719987834e-21
nbcr = 2
lambda0 = 3.501084296647659
kmpl_prod = 0.180000000000000
 Time :      1.00000
 Time :      2.00000
 Time :      3.01000
 Time :      4.01000
 Time :      5.01000
 Time :      6.01000
 Time :      7.01000
 Time :      8.01000
 Time :      9.01000
 Time :     10.01000
 Time :     11.01000
 Time :     12.01000
 Time :     13.01000
 Time :     14.01000
 Time :     15.01000
 Time :     16.01000
 Time :     17.01000
 Time :     18.00000
 Time :     19.00000
 Time :     20.00000
 Time :     21.00000
 Time :     22.00000
 Time :     23.00000
 Time :     24.00000
 Time :     25.00000
 Time :     26.00000
 Time :     27.00000
 Time :     28.00000
 Time :     29.00000
 Time :     30.00000
 Time :     31.00000
 Time :     32.00000
 Time :     33.00000
 Time :     34.00000
 Time :     35.00000
dtime = 4.939874634146690
mbcr =

   0.500000000000000   0.521206194149828   0.536150527323901

agsout =

   1.836660953593613e-02   1.836660953593613e-02
   2.832405151650742e-03   1.851078400340390e-02
   5.349821021984419e-03   1.851074983001496e-02

ans = -2.018682586147379e-21
ans = -8.896626371627583e-22
nbcr = 2
lambda0 = 3.501084296647659
kmpl_prod = 0.180000000000000
 Time :      1.00000
 Time :      2.00000
 Time :      3.01000
 Time :      4.01000
 Time :      5.01000
 Time :      6.01000
 Time :      7.01000
 Time :      8.01000
 Time :      9.01000
 Time :     10.01000
 Time :     11.01000
 Time :     12.01000
 Time :     13.01000
 Time :     14.01000
 Time :     15.01000
 Time :     16.01000
 Time :     17.01000
 Time :     18.00000
 Time :     19.00000
 Time :     20.00000
 Time :     21.00000
 Time :     22.00000
 Time :     23.00000
 Time :     24.00000
 Time :     25.00000
 Time :     26.00000
 Time :     27.00000
 Time :     28.00000
 Time :     29.00000
 Time :     30.00000
 Time :     31.00000
 Time :     32.00000
 Time :     33.00000
 Time :     34.00000
 Time :     35.00000
dtime = 4.956571385264397
mbcr =

   0.500000000000000   0.521206194149828   0.536150527323901   0.531727983434813

agsout =

   1.836660953593613e-02   1.836660953593613e-02
   2.832405151650742e-03   1.851078400340390e-02
   5.349821021984419e-03   1.851074983001496e-02
   4.969909725675155e-03   1.851074984762300e-02

ans = 1.566059694716020e-21
ans = 1.497515179386357e-21
nbcr = 2
lambda0 = 3.501084296647659
kmpl_prod = 0.180000000000000
 Time :      1.00000
 Time :      2.00000
 Time :      3.01000
 Time :      4.01000
 Time :      5.01000
 Time :      6.01000
 Time :      7.01000
 Time :      8.01000
 Time :      9.01000
 Time :     10.01000
 Time :     11.01000
 Time :     12.01000
 Time :     13.01000
 Time :     14.01000
 Time :     15.01000
 Time :     16.01000
 Time :     17.01000
 Time :     18.00000
 Time :     19.00000
 Time :     20.00000
 Time :     21.00000
 Time :     22.00000
 Time :     23.00000
 Time :     24.00000
 Time :     25.00000
 Time :     26.00000
 Time :     27.00000
 Time :     28.00000
 Time :     29.00000
 Time :     30.00000
 Time :     31.00000
 Time :     32.00000
 Time :     33.00000
 Time :     34.00000
 Time :     35.00000
dtime = 5.002326518297195
mbcr =

 Columns 1 through 4:

   0.500000000000000   0.521206194149828   0.536150527323901   0.531727983434813

 Column 5:

   0.511377767067266

agsout =

   1.836660953593613e-02   1.836660953593613e-02
   2.832405151650742e-03   1.851078400340390e-02
   5.349821021984419e-03   1.851074983001496e-02
   4.969909725675155e-03   1.851074984762300e-02
   1.146686134635056e-03   1.851075035959476e-02

ans = -2.805796637779870e-21
ans = 5.819300427635079e-21
nbcr = 2
lambda0 = 3.501084296647659
kmpl_prod = 0.180000000000000
 Time :      1.00000
 Time :      2.00000
 Time :      3.01000
 Time :      4.01000
 Time :      5.01000
 Time :      6.01000
 Time :      7.01000
 Time :      8.01000
 Time :      9.01000
 Time :     10.01000
 Time :     11.01000
 Time :     12.01000
 Time :     13.01000
 Time :     14.01000
 Time :     15.01000
 Time :     16.01000
 Time :     17.01000
 Time :     18.00000
 Time :     19.00000
 Time :     20.00000
 Time :     21.00000
 Time :     22.00000
 Time :     23.00000
 Time :     24.00000
 Time :     25.00000
 Time :     26.00000
 Time :     27.00000
 Time :     28.00000
 Time :     29.00000
 Time :     30.00000
 Time :     31.00000
 Time :     32.00000
 Time :     33.00000
 Time :     34.00000
 Time :     35.00000
dtime = 4.883689060807228
mbcr =

 Columns 1 through 4:

   0.500000000000000   0.521206194149828   0.536150527323901   0.531727983434813

 Columns 5 and 6:

   0.511377767067266   0.531794990157706

agsout =

   1.836660953593613e-02   1.836660953593613e-02
   2.832405151650742e-03   1.851078400340390e-02
   5.349821021984419e-03   1.851074983001496e-02
   4.969909725675155e-03   1.851074984762300e-02
   1.146686134635056e-03   1.851075035959476e-02
   4.998288250427479e-03   1.851074984449721e-02

ans = 4.330187109138531e-21
ans = 9.857144621515037e-21
dkps =

 Columns 1 through 3:

   9.712404361008761e+01   2.029430197109254e+01   9.605954928409341e+00

 Columns 4 through 6:

   2.200968715315086e+01   2.281248381394913e+00   1.546656258890512e+00

nbcr = 3
lambda0 = 3.501084296647659
kmpl_prod = 0.180000000000000
 Time :      1.00000
 Time :      2.00000
 Time :      3.01000
 Time :      4.01000
 Time :      5.01000
 Time :      6.01000
 Time :      7.01000
 Time :      8.01000
 Time :      9.01000
 Time :     10.01000
 Time :     11.01000
 Time :     12.01000
 Time :     13.01000
 Time :     14.01000
 Time :     15.01000
 Time :     16.01000
 Time :     17.01000
 Time :     18.00000
 Time :     19.00000
 Time :     20.00000
 Time :     21.00000
 Time :     22.00000
 Time :     23.00000
 Time :     24.00000
 Time :     25.00000
 Time :     26.00000
 Time :     27.00000
 Time :     28.00000
 Time :     29.00000
 Time :     30.00000
 Time :     31.00000
 Time :     32.00000
 Time :     33.00000
 Time :     34.00000
 Time :     35.00000
dtime = 12.04931102693081
mbcr = 0.333333333333333
agsout =

   1.836660966798283e-02   1.836660966798283e-02   1.836660966798283e-02

ans = 1.330377237778587e-20
ans = 7.022034770777819e-21
ans = 7.022034770777819e-21
nbcr = 3
lambda0 = 3.501084296647659
kmpl_prod = 0.180000000000000
 Time :      1.00000
 Time :      2.00000
 Time :      3.01000
 Time :      4.01000
 Time :      5.01000
 Time :      6.01000
 Time :      7.01000
 Time :      8.01000
 Time :      9.01000
 Time :     10.01000
 Time :     11.01000
 Time :     12.01000
 Time :     13.01000
 Time :     14.01000
 Time :     15.01000
 Time :     16.01000
 Time :     17.01000
 Time :     18.00000
 Time :     19.00000
 Time :     20.00000
 Time :     21.00000
 Time :     22.00000
 Time :     23.00000
 Time :     24.00000
 Time :     25.00000
 Time :     26.00000
 Time :     27.00000
 Time :     28.00000
 Time :     29.00000
 Time :     30.00000
 Time :     31.00000
 Time :     32.00000
 Time :     33.00000
 Time :     34.00000
 Time :     35.00000
dtime = 12.04935126006603
mbcr =

   0.333333333333333   0.336586033746671

agsout =

   1.836660966798283e-02   1.836660966798283e-02   1.836660966798283e-02
   1.797870787685279e-02   1.851078325200522e-02   1.851078325200522e-02

ans = 1.802423889034276e-20
ans = 9.123325558255397e-21
ans = 9.123325558255397e-21
nbcr = 3
lambda0 = 3.501084296647659
kmpl_prod = 0.180000000000000
 Time :      1.00000
 Time :      2.00000
 Time :      3.01000
 Time :      4.01000
 Time :      5.01000
 Time :      6.01000
 Time :      7.01000
 Time :      8.01000
 Time :      9.01000
 Time :     10.01000
 Time :     11.01000
 Time :     12.01000
 Time :     13.01000
 Time :     14.01000
 Time :     15.01000
 Time :     16.01000
 Time :     17.01000
 Time :     18.00000
 Time :     19.00000
 Time :     20.00000
 Time :     21.00000
 Time :     22.00000
 Time :     23.00000
 Time :     24.00000
 Time :     25.00000
 Time :     26.00000
 Time :     27.00000
 Time :     28.00000
 Time :     29.00000
 Time :     30.00000
 Time :     31.00000
 Time :     32.00000
 Time :     33.00000
 Time :     34.00000
 Time :     35.00000
dtime = 11.97394430637360
mbcr =

   0.333333333333333   0.336586033746671   0.362955252533981

agsout =

   1.836660966798283e-02   1.836660966798283e-02   1.836660966798283e-02
   1.797870787685279e-02   1.851078325200522e-02   1.851078325200522e-02
   1.079333809274730e-02   1.851075008448987e-02   1.851075008448987e-02

ans = 4.933201775689688e-21
ans = -7.340307051741802e-22
ans = -7.340307051741802e-22
nbcr = 3
lambda0 = 3.501084296647659
kmpl_prod = 0.180000000000000
 Time :      1.00000
 Time :      2.00000
 Time :      3.01000
 Time :      4.01000
 Time :      5.01000
 Time :      6.01000
 Time :      7.01000
 Time :      8.01000
 Time :      9.01000
 Time :     10.01000
 Time :     11.01000
 Time :     12.01000
 Time :     13.01000
 Time :     14.01000
 Time :     15.01000
 Time :     16.01000
 Time :     17.01000
 Time :     18.00000
 Time :     19.00000
 Time :     20.00000
 Time :     21.00000
 Time :     22.00000
 Time :     23.00000
 Time :     24.00000
 Time :     25.00000
 Time :     26.00000
 Time :     27.00000
 Time :     28.00000
 Time :     29.00000
 Time :     30.00000
 Time :     31.00000
 Time :     32.00000
 Time :     33.00000
 Time :     34.00000
 Time :     35.00000
dtime = 11.74576207995415
mbcr =

   0.333333333333333   0.336586033746671   0.362955252533981   0.361641786724054

agsout =

   1.836660966798283e-02   1.836660966798283e-02   1.836660966798283e-02
   1.797870787685279e-02   1.851078325200522e-02   1.851078325200522e-02
   1.079333809274730e-02   1.851075008448987e-02   1.851075008448987e-02
   5.829318563887116e-03   1.851075135045936e-02   1.851075135045936e-02

ans = 2.650131586255047e-21
ans = 6.344857384638888e-21
ans = 6.344857384638888e-21
nbcr = 3
lambda0 = 3.501084296647659
kmpl_prod = 0.180000000000000
 Time :      1.00000
 Time :      2.00000
 Time :      3.01000
 Time :      4.01000
 Time :      5.01000
 Time :      6.01000
 Time :      7.01000
 Time :      8.01000
 Time :      9.01000
 Time :     10.01000
 Time :     11.01000
 Time :     12.01000
 Time :     13.01000
 Time :     14.01000
 Time :     15.01000
 Time :     16.01000
 Time :     17.01000
 Time :     18.00000
 Time :     19.00000
 Time :     20.00000
 Time :     21.00000
 Time :     22.00000
 Time :     23.00000
 Time :     24.00000
 Time :     25.00000
 Time :     26.00000
 Time :     27.00000
 Time :     28.00000
 Time :     29.00000
 Time :     30.00000
 Time :     31.00000
 Time :     32.00000
 Time :     33.00000
 Time :     34.00000
 Time :     35.00000
dtime = 11.88884116709232
mbcr =

 Columns 1 through 4:

   0.333333333333333   0.336586033746671   0.362955252533981   0.361641786724054

 Column 5:

   0.365405874207874

agsout =

   1.836660966798283e-02   1.836660966798283e-02   1.836660966798283e-02
   1.797870787685279e-02   1.851078325200522e-02   1.851078325200522e-02
   1.079333809274730e-02   1.851075008448987e-02   1.851075008448987e-02
   5.829318563887116e-03   1.851075135045936e-02   1.851075135045936e-02
   6.421802758454820e-03   1.851075122728093e-02   1.851075122728093e-02

ans = 1.479360826762805e-21
ans = 3.290789433025902e-21
ans = 3.290789433025902e-21
nbcr = 3
lambda0 = 3.501084296647659
kmpl_prod = 0.180000000000000
 Time :      1.00000
 Time :      2.00000
 Time :      3.01000
 Time :      4.01000
 Time :      5.01000
 Time :      6.01000
 Time :      7.01000
 Time :      8.01000
 Time :      9.01000
 Time :     10.01000
 Time :     11.01000
 Time :     12.01000
 Time :     13.01000
 Time :     14.01000
 Time :     15.01000
 Time :     16.01000
 Time :     17.01000
 Time :     18.00000
 Time :     19.00000
 Time :     20.00000
 Time :     21.00000
 Time :     22.00000
 Time :     23.00000
 Time :     24.00000
 Time :     25.00000
 Time :     26.00000
 Time :     27.00000
 Time :     28.00000
 Time :     29.00000
 Time :     30.00000
 Time :     31.00000
 Time :     32.00000
 Time :     33.00000
 Time :     34.00000
 Time :     35.00000
dtime = 12.10717633366585
mbcr =

 Columns 1 through 4:

   0.333333333333333   0.336586033746671   0.362955252533981   0.361641786724054

 Columns 5 and 6:

   0.365405874207874   0.349214317460394

agsout =

   1.836660966798283e-02   1.836660966798283e-02   1.836660966798283e-02
   1.797870787685279e-02   1.851078325200522e-02   1.851078325200522e-02
   1.079333809274730e-02   1.851075008448987e-02   1.851075008448987e-02
   5.829318563887116e-03   1.851075135045936e-02   1.851075135045936e-02
   6.421802758454820e-03   1.851075122728093e-02   1.851075122728093e-02
   2.260814635879096e-03   1.851075174977662e-02   1.851075174977662e-02

ans = 6.001195344072216e-21
ans = 1.295899598599360e-21
ans = 1.295899598599360e-21
dkps =

 Columns 1 through 3:

   7.009815700429677e+00   4.610250759648666e+01   1.198683279478260e+01

 Columns 4 through 6:

   1.052918513424629e+01   1.382012366054211e+00   2.393943591952227e+00

nbcr = 4
lambda0 = 3.501084296647659
kmpl_prod = 0.180000000000000
 Time :      1.00000
 Time :      2.00000
 Time :      3.01000
 Time :      4.01000
 Time :      5.01000
 Time :      6.01000
 Time :      7.01000
 Time :      8.01000
 Time :      9.01000
 Time :     10.01000
 Time :     11.01000
 Time :     12.01000
 Time :     13.01000
 Time :     14.01000
 Time :     15.01000
 Time :     16.01000
 Time :     17.01000
 Time :     18.00000
 Time :     19.00000
 Time :     20.00000
 Time :     21.00000
 Time :     22.00000
 Time :     23.00000
 Time :     24.00000
 Time :     25.00000
 Time :     26.00000
 Time :     27.00000
 Time :     28.00000
 Time :     29.00000
 Time :     30.00000
 Time :     31.00000
 Time :     32.00000
 Time :     33.00000
 Time :     34.00000
 Time :     35.00000
dtime = 18.09849366545677
mbcr = 0.250000000000000
agsout =

 Columns 1 through 3:

   1.836661118562896e-02   1.836661118562896e-02   1.836661118562896e-02

 Column 4:

   1.836661118562896e-02

ans = 8.573169772525135e-21
ans = 3.817491841307641e-21
ans = 3.817491841307641e-21
ans = 3.817491841307641e-21
nbcr = 4
lambda0 = 3.501084296647659
kmpl_prod = 0.180000000000000
 Time :      1.00000
 Time :      2.00000
 Time :      3.01000
 Time :      4.01000
 Time :      5.01000
 Time :      6.01000
 Time :      7.01000
 Time :      8.01000
 Time :      9.01000
 Time :     10.01000
 Time :     11.01000
 Time :     12.01000
 Time :     13.01000
 Time :     14.01000
 Time :     15.01000
 Time :     16.01000
 Time :     17.01000
 Time :     18.00000
 Time :     19.00000
 Time :     20.00000
 Time :     21.00000
 Time :     22.00000
 Time :     23.00000
 Time :     24.00000
 Time :     25.00000
 Time :     26.00000
 Time :     27.00000
 Time :     28.00000
 Time :     29.00000
 Time :     30.00000
 Time :     31.00000
 Time :     32.00000
 Time :     33.00000
 Time :     34.00000
 Time :     35.00000
dtime = 18.25669035315514
mbcr =

   0.250000000000000   0.275955690489325

agsout =

 Columns 1 through 3:

   1.836661118562896e-02   1.836661118562896e-02   1.836661118562896e-02
   6.574666207742528e-03   1.851078513112588e-02   1.851078513112588e-02

 Column 4:

   1.836661118562896e-02
   1.851078513112588e-02

ans = 1.138836417968866e-20
ans = 3.118420826123764e-21
ans = 3.118420826123764e-21
ans = 3.118420826123764e-21
nbcr = 4
lambda0 = 3.501084296647659
kmpl_prod = 0.180000000000000
 Time :      1.00000
 Time :      2.00000
 Time :      3.01000
 Time :      4.01000
 Time :      5.01000
 Time :      6.01000
 Time :      7.01000
 Time :      8.01000
 Time :      9.01000
 Time :     10.01000
 Time :     11.01000
 Time :     12.01000
 Time :     13.01000
 Time :     14.01000
 Time :     15.01000
 Time :     16.01000
 Time :     17.01000
 Time :     18.00000
 Time :     19.00000
 Time :     20.00000
 Time :     21.00000
 Time :     22.00000
 Time :     23.00000
 Time :     24.00000
 Time :     25.00000
 Time :     26.00000
 Time :     27.00000
 Time :     28.00000
 Time :     29.00000
 Time :     30.00000
 Time :     31.00000
 Time :     32.00000
 Time :     33.00000
 Time :     34.00000
 Time :     35.00000
dtime = 18.39761696755886
mbcr =

   0.250000000000000   0.275955690489325   0.278367528044101

agsout =

 Columns 1 through 3:

   1.836661118562896e-02   1.836661118562896e-02   1.836661118562896e-02
   6.574666207742528e-03   1.851078513112588e-02   1.851078513112588e-02
   9.355018812821995e-03   1.851075165734007e-02   1.851075165734007e-02

 Column 4:

   1.836661118562896e-02
   1.851078513112588e-02
   1.851075165734007e-02

ans = -1.263875107313913e-20
ans = 3.590393604657756e-21
ans = 3.590393604657756e-21
ans = 3.590393604657756e-21
nbcr = 4
lambda0 = 3.501084296647659
kmpl_prod = 0.180000000000000
 Time :      1.00000
 Time :      2.00000
 Time :      3.01000
 Time :      4.01000
 Time :      5.01000
 Time :      6.01000
 Time :      7.01000
 Time :      8.01000
 Time :      9.01000
 Time :     10.01000
 Time :     11.01000
 Time :     12.01000
 Time :     13.01000
 Time :     14.01000
 Time :     15.01000
 Time :     16.01000
 Time :     17.01000
 Time :     18.00000
 Time :     19.00000
 Time :     20.00000
 Time :     21.00000
 Time :     22.00000
 Time :     23.00000
 Time :     24.00000
 Time :     25.00000
 Time :     26.00000
 Time :     27.00000
 Time :     28.00000
 Time :     29.00000
 Time :     30.00000
 Time :     31.00000
 Time :     32.00000
 Time :     33.00000
 Time :     34.00000
 Time :     35.00000
dtime = 18.33143346011639
mbcr =

   0.250000000000000   0.275955690489325   0.278367528044101   0.274705357465394

agsout =

 Columns 1 through 3:

   1.836661118562896e-02   1.836661118562896e-02   1.836661118562896e-02
   6.574666207742528e-03   1.851078513112588e-02   1.851078513112588e-02
   9.355018812821995e-03   1.851075165734007e-02   1.851075165734007e-02
   5.912722268565926e-03   1.851075190250276e-02   1.851075190250276e-02

 Column 4:

   1.836661118562896e-02
   1.851078513112588e-02
   1.851075165734007e-02
   1.851075190250276e-02

ans = -4.113258993496499e-21
ans = 4.780225061155662e-21
ans = 4.780225061155662e-21
ans = 4.780225061155662e-21
nbcr = 4
lambda0 = 3.501084296647659
kmpl_prod = 0.180000000000000
 Time :      1.00000
 Time :      2.00000
 Time :      3.01000
 Time :      4.01000
 Time :      5.01000
 Time :      6.01000
 Time :      7.01000
 Time :      8.01000
 Time :      9.01000
 Time :     10.01000
 Time :     11.01000
 Time :     12.01000
 Time :     13.01000
 Time :     14.01000
 Time :     15.01000
 Time :     16.01000
 Time :     17.01000
 Time :     18.00000
 Time :     19.00000
 Time :     20.00000
 Time :     21.00000
 Time :     22.00000
 Time :     23.00000
 Time :     24.00000
 Time :     25.00000
 Time :     26.00000
 Time :     27.00000
 Time :     28.00000
 Time :     29.00000
 Time :     30.00000
 Time :     31.00000
 Time :     32.00000
 Time :     33.00000
 Time :     34.00000
 Time :     35.00000
dtime = 18.27093288302422
mbcr =

 Columns 1 through 4:

   0.250000000000000   0.275955690489325   0.278367528044101   0.274705357465394

 Column 5:

   0.273754022538286

agsout =

 Columns 1 through 3:

   1.836661118562896e-02   1.836661118562896e-02   1.836661118562896e-02
   6.574666207742528e-03   1.851078513112588e-02   1.851078513112588e-02
   9.355018812821995e-03   1.851075165734007e-02   1.851075165734007e-02
   5.912722268565926e-03   1.851075190250276e-02   1.851075190250276e-02
   4.612708197191902e-03   1.851075197993743e-02   1.851075197993743e-02

 Column 4:

   1.836661118562896e-02
   1.851078513112588e-02
   1.851075165734007e-02
   1.851075190250276e-02
   1.851075197993743e-02

ans = -4.412491580087557e-21
ans = -4.720267391442639e-21
ans = -4.720267391442639e-21
ans = -4.720267391442639e-21
nbcr = 4
lambda0 = 3.501084296647659
kmpl_prod = 0.180000000000000
 Time :      1.00000
 Time :      2.00000
 Time :      3.01000
 Time :      4.01000
 Time :      5.01000
 Time :      6.01000
 Time :      7.01000
 Time :      8.01000
 Time :      9.01000
 Time :     10.01000
 Time :     11.01000
 Time :     12.01000
 Time :     13.01000
 Time :     14.01000
 Time :     15.01000
 Time :     16.01000
 Time :     17.01000
 Time :     18.00000
 Time :     19.00000
 Time :     20.00000
 Time :     21.00000
 Time :     22.00000
 Time :     23.00000
 Time :     24.00000
 Time :     25.00000
 Time :     26.00000
 Time :     27.00000
 Time :     28.00000
 Time :     29.00000
 Time :     30.00000
 Time :     31.00000
 Time :     32.00000
 Time :     33.00000
 Time :     34.00000
 Time :     35.00000
dtime = 17.86007210612297
mbcr =

 Columns 1 through 4:

   0.250000000000000   0.275955690489325   0.278367528044101   0.274705357465394

 Columns 5 and 6:

   0.273754022538286   0.260683085234722

agsout =

 Columns 1 through 3:

   1.836661118562896e-02   1.836661118562896e-02   1.836661118562896e-02
   6.574666207742528e-03   1.851078513112588e-02   1.851078513112588e-02
   9.355018812821995e-03   1.851075165734007e-02   1.851075165734007e-02
   5.912722268565926e-03   1.851075190250276e-02   1.851075190250276e-02
   4.612708197191902e-03   1.851075197993743e-02   1.851075197993743e-02
   1.369723048347445e-03   1.851075233382180e-02   1.851075233382180e-02

 Column 4:

   1.836661118562896e-02
   1.851078513112588e-02
   1.851075165734007e-02
   1.851075190250276e-02
   1.851075197993743e-02
   1.851075233382180e-02

ans = 4.539567201691016e-21
ans = 1.546983649632582e-20
ans = 1.546983649632582e-20
ans = 1.546983649632582e-20
dkps =

 Columns 1 through 3:

   1.893409278484332e+00   7.929339350433998e-02   2.391187942492744e+01

 Columns 4 through 6:

   1.821565793275512e+01   2.480136431501134e+00   2.641287849293444e+01

nbcr = 5
lambda0 = 3.501084296647659
kmpl_prod = 0.180000000000000
 Time :      1.00000
 Time :      2.00000
 Time :      3.01000
 Time :      4.01000
 Time :      5.01000
 Time :      6.01000
 Time :      7.01000
 Time :      8.01000
 Time :      9.01000
 Time :     10.01000
 Time :     11.01000
 Time :     12.01000
 Time :     13.01000
 Time :     14.01000
 Time :     15.01000
 Time :     16.01000
 Time :     17.01000
 Time :     18.00000
 Time :     19.00000
 Time :     20.00000
 Time :     21.00000
 Time :     22.00000
 Time :     23.00000
 Time :     24.00000
 Time :     25.00000
 Time :     26.00000
 Time :     27.00000
 Time :     28.00000
 Time :     29.00000
 Time :     30.00000
 Time :     31.00000
 Time :     32.00000
 Time :     33.00000
 Time :     34.00000
 Time :     35.00000
dtime = 23.15340489149094
mbcr = 0.200000000000000
agsout =

 Columns 1 through 3:

   1.836661171198899e-02   1.836661171198899e-02   1.836661171198899e-02

 Columns 4 and 5:

   1.836661171198899e-02   1.836661171198899e-02

ans = 1.074870158507938e-20
ans = 4.062207247859059e-21
ans = 4.062207247859059e-21
ans = 4.062207247859059e-21
ans = 4.062207247859059e-21
nbcr = 5
lambda0 = 3.501084296647659
kmpl_prod = 0.180000000000000
 Time :      1.00000
 Time :      2.00000
 Time :      3.01000
 Time :      4.01000
 Time :      5.01000
 Time :      6.01000
 Time :      7.01000
 Time :      8.01000
 Time :      9.01000
 Time :     10.01000
 Time :     11.01000
 Time :     12.01000
 Time :     13.01000
 Time :     14.01000
 Time :     15.01000
 Time :     16.01000
 Time :     17.01000
 Time :     18.00000
 Time :     19.00000
 Time :     20.00000
 Time :     21.00000
 Time :     22.00000
 Time :     23.00000
 Time :     24.00000
 Time :     25.00000
 Time :     26.00000
 Time :     27.00000
 Time :     28.00000
 Time :     29.00000
 Time :     30.00000
 Time :     31.00000
 Time :     32.00000
 Time :     33.00000
 Time :     34.00000
 Time :     35.00000
dtime = 23.15965108573437
mbcr =

   0.200000000000000   0.216622408693951

agsout =

 Columns 1 through 3:

   1.836661171198899e-02   1.836661171198899e-02   1.836661171198899e-02
   3.576176257130667e-03   1.851078561751776e-02   1.851078561751776e-02

 Columns 4 and 5:

   1.836661171198899e-02   1.836661171198899e-02
   1.851078561751776e-02   1.851078561751776e-02

ans = 8.099752558119247e-21
ans = 9.593953360500423e-21
ans = 9.593953360500423e-21
ans = 9.593953360500423e-21
ans = 9.593953360500423e-21
nbcr = 5
lambda0 = 3.501084296647659
kmpl_prod = 0.180000000000000
 Time :      1.00000
 Time :      2.00000
 Time :      3.01000
 Time :      4.01000
 Time :      5.01000
 Time :      6.01000
 Time :      7.01000
 Time :      8.01000
 Time :      9.01000
 Time :     10.01000
 Time :     11.01000
 Time :     12.01000
 Time :     13.01000
 Time :     14.01000
 Time :     15.01000
 Time :     16.01000
 Time :     17.01000
 Time :     18.00000
 Time :     19.00000
 Time :     20.00000
 Time :     21.00000
 Time :     22.00000
 Time :     23.00000
 Time :     24.00000
 Time :     25.00000
 Time :     26.00000
 Time :     27.00000
 Time :     28.00000
 Time :     29.00000
 Time :     30.00000
 Time :     31.00000
 Time :     32.00000
 Time :     33.00000
 Time :     34.00000
 Time :     35.00000
dtime = 24.38105866312981
mbcr =

   0.200000000000000   0.216622408693951   0.194700570052945

agsout =

 Columns 1 through 3:

   1.836661171198899e-02   1.836661171198899e-02   1.836661171198899e-02
   3.576176257130667e-03   1.851078561751776e-02   1.851078561751776e-02
   1.984371984931141e-04   1.851075234544220e-02   1.851075234544220e-02

 Columns 4 and 5:

   1.836661171198899e-02   1.836661171198899e-02
   1.851078561751776e-02   1.851078561751776e-02
   1.851075234544220e-02   1.851075234544220e-02

ans = 2.541098841762901e-21
ans = 9.973400656082817e-21
ans = 9.973400656082817e-21
ans = 9.973400656082817e-21
ans = 9.973400656082817e-21
nbcr = 5
lambda0 = 3.501084296647659
kmpl_prod = 0.180000000000000
 Time :      1.00000
 Time :      2.00000
 Time :      3.01000
 Time :      4.01000
 Time :      5.01000
 Time :      6.01000
 Time :      7.01000
 Time :      8.01000
 Time :      9.01000
 Time :     10.01000
 Time :     11.01000
 Time :     12.01000
 Time :     13.01000
 Time :     14.01000
 Time :     15.01000
 Time :     16.01000
 Time :     17.01000
 Time :     18.00000
 Time :     19.00000
 Time :     20.00000
 Time :     21.00000
 Time :     22.00000
 Time :     23.00000
 Time :     24.00000
 Time :     25.00000
 Time :     26.00000
 Time :     27.00000
 Time :     28.00000
 Time :     29.00000
 Time :     30.00000
 Time :     31.00000
 Time :     32.00000
 Time :     33.00000
 Time :     34.00000
 Time :     35.00000
dtime = 23.18637594580650
mbcr =

   0.200000000000000   0.216622408693951   0.194700570052945   0.200670939167186

agsout =

 Columns 1 through 3:

   1.836661171198899e-02   1.836661171198899e-02   1.836661171198899e-02
   3.576176257130667e-03   1.851078561751776e-02   1.851078561751776e-02
   1.984371984931141e-04   1.851075234544220e-02   1.851075234544220e-02
   1.676525540918661e-03   1.851075254908468e-02   1.851075254908468e-02

 Columns 4 and 5:

   1.836661171198899e-02   1.836661171198899e-02
   1.851078561751776e-02   1.851078561751776e-02
   1.851075234544220e-02   1.851075234544220e-02
   1.851075254908468e-02   1.851075254908468e-02

ans = 1.176188792504464e-20
ans = 4.539565586103882e-21
ans = 4.539565586103882e-21
ans = 4.539565586103882e-21
ans = 4.539565586103882e-21
nbcr = 5
lambda0 = 3.501084296647659
kmpl_prod = 0.180000000000000
 Time :      1.00000
 Time :      2.00000
 Time :      3.01000
 Time :      4.01000
 Time :      5.01000
 Time :      6.01000
 Time :      7.01000
 Time :      8.01000
 Time :      9.01000
 Time :     10.01000
 Time :     11.01000
 Time :     12.01000
 Time :     13.01000
 Time :     14.01000
 Time :     15.01000
 Time :     16.01000
 Time :     17.01000
 Time :     18.00000
 Time :     19.00000
 Time :     20.00000
 Time :     21.00000
 Time :     22.00000
 Time :     23.00000
 Time :     24.00000
 Time :     25.00000
 Time :     26.00000
 Time :     27.00000
 Time :     28.00000
 Time :     29.00000
 Time :     30.00000
 Time :     31.00000
 Time :     32.00000
 Time :     33.00000
 Time :     34.00000
 Time :     35.00000
dtime = 23.12721312046051
mbcr =

 Columns 1 through 4:

   0.200000000000000   0.216622408693951   0.194700570052945   0.200670939167186

 Column 5:

   0.218488804445175

agsout =

 Columns 1 through 3:

   1.836661171198899e-02   1.836661171198899e-02   1.836661171198899e-02
   3.576176257130667e-03   1.851078561751776e-02   1.851078561751776e-02
   1.984371984931141e-04   1.851075234544220e-02   1.851075234544220e-02
   1.676525540918661e-03   1.851075254908468e-02   1.851075254908468e-02
   4.455023665129521e-03   1.851075230844072e-02   1.851075230844072e-02

 Columns 4 and 5:

   1.836661171198899e-02   1.836661171198899e-02
   1.851078561751776e-02   1.851078561751776e-02
   1.851075234544220e-02   1.851075234544220e-02
   1.851075254908468e-02   1.851075254908468e-02
   1.851075230844072e-02   1.851075230844072e-02

ans = 1.007319870451763e-20
ans = 8.863911539959824e-21
ans = 8.863911539959824e-21
ans = 8.863911539959824e-21
ans = 8.863911539959824e-21
nbcr = 5
lambda0 = 3.501084296647659
kmpl_prod = 0.180000000000000
 Time :      1.00000
 Time :      2.00000
 Time :      3.01000
 Time :      4.01000
 Time :      5.01000
 Time :      6.01000
 Time :      7.01000
 Time :      8.01000
 Time :      9.01000
 Time :     10.01000
 Time :     11.01000
 Time :     12.01000
 Time :     13.01000
 Time :     14.01000
 Time :     15.01000
 Time :     16.01000
 Time :     17.01000
 Time :     18.00000
 Time :     19.00000
 Time :     20.00000
 Time :     21.00000
 Time :     22.00000
 Time :     23.00000
 Time :     24.00000
 Time :     25.00000
 Time :     26.00000
 Time :     27.00000
 Time :     28.00000
 Time :     29.00000
 Time :     30.00000
 Time :     31.00000
 Time :     32.00000
 Time :     33.00000
 Time :     34.00000
 Time :     35.00000
dtime = 23.03778491914272
mbcr =

 Columns 1 through 4:

   0.200000000000000   0.216622408693951   0.194700570052945   0.200670939167186

 Columns 5 and 6:

   0.218488804445175   0.211651669576942

agsout =

 Columns 1 through 3:

   1.836661171198899e-02   1.836661171198899e-02   1.836661171198899e-02
   3.576176257130667e-03   1.851078561751776e-02   1.851078561751776e-02
   1.984371984931141e-04   1.851075234544220e-02   1.851075234544220e-02
   1.676525540918661e-03   1.851075254908468e-02   1.851075254908468e-02
   4.455023665129521e-03   1.851075230844072e-02   1.851075230844072e-02
   1.852383456795559e-03   1.851075248679718e-02   1.851075248679718e-02

 Columns 4 and 5:

   1.836661171198899e-02   1.836661171198899e-02
   1.851078561751776e-02   1.851078561751776e-02
   1.851075234544220e-02   1.851075234544220e-02
   1.851075254908468e-02   1.851075254908468e-02
   1.851075230844072e-02   1.851075230844072e-02
   1.851075248679718e-02   1.851075248679718e-02

ans = 6.877179612765872e-21
ans = -3.820278729113606e-21
ans = -3.820278729113606e-21
ans = -3.820278729113606e-21
ans = -3.820278729113606e-21
dkps =

 Columns 1 through 3:

   3.077245113866121e+01   5.013874437748026e+01   1.698725597246481e+01

 Columns 4 through 6:

   4.377585977016845e+00   8.413068648290807e+00   1.579749047543835e+01

nbcr = 7
lambda0 = 3.501084296647659
kmpl_prod = 0.180000000000000
 Time :      1.00000
 Time :      2.00000
 Time :      3.01000
 Time :      4.01000
 Time :      5.01000
 Time :      6.01000
 Time :      7.01000
 Time :      8.01000
 Time :      9.01000
 Time :     10.01000
 Time :     11.01000
 Time :     12.01000
 Time :     13.01000
 Time :     14.01000
 Time :     15.01000
 Time :     16.01000
 Time :     17.01000
 Time :     18.00000
 Time :     19.00000
 Time :     20.00000
 Time :     21.00000
 Time :     22.00000
 Time :     23.00000
 Time :     24.00000
 Time :     25.00000
 Time :     26.00000
 Time :     27.00000
 Time :     28.00000
 Time :     29.00000
 Time :     30.00000
 Time :     31.00000
 Time :     32.00000
 Time :     33.00000
 Time :     34.00000
 Time :     35.00000
dtime = 32.42850042879581
mbcr = 0.142857142857143
agsout =

 Columns 1 through 3:

   1.836661218095545e-02   1.836661218095545e-02   1.836661218095545e-02

 Columns 4 through 6:

   1.836661218095545e-02   1.836661218095545e-02   1.836661218095545e-02

 Column 7:

   1.836661218095545e-02

ans = 2.574483334297658e-21
ans = 6.960414661904020e-21
ans = 6.960414661904020e-21
ans = 6.960414661904020e-21
ans = 6.960414661904020e-21
ans = 6.960414661904020e-21
ans = 6.960414661904020e-21
nbcr = 7
lambda0 = 3.501084296647659
kmpl_prod = 0.180000000000000
 Time :      1.00000
 Time :      2.00000
 Time :      3.01000
 Time :      4.01000
 Time :      5.01000
 Time :      6.01000
 Time :      7.01000
 Time :      8.01000
 Time :      9.01000
 Time :     10.01000
 Time :     11.01000
 Time :     12.01000
 Time :     13.01000
 Time :     14.01000
 Time :     15.01000
 Time :     16.01000
 Time :     17.01000
 Time :     18.00000
 Time :     19.00000
 Time :     20.00000
 Time :     21.00000
 Time :     22.00000
 Time :     23.00000
 Time :     24.00000
 Time :     25.00000
 Time :     26.00000
 Time :     27.00000
 Time :     28.00000
 Time :     29.00000
 Time :     30.00000
 Time :     31.00000
 Time :     32.00000
 Time :     33.00000
 Time :     34.00000
 Time :     35.00000
dtime = 32.49958232045174
mbcr =

   0.142857142857143   0.157936021456044

agsout =

 Columns 1 through 3:

   1.836661218095545e-02   1.836661218095545e-02   1.836661218095545e-02
   1.250963647779097e-02   1.851078576819960e-02   1.851078576819960e-02

 Columns 4 through 6:

   1.836661218095545e-02   1.836661218095545e-02   1.836661218095545e-02
   1.851078576819960e-02   1.851078576819960e-02   1.851078576819960e-02

 Column 7:

   1.836661218095545e-02
   1.851078576819960e-02

ans = 1.730894818812817e-21
ans = -4.722822442494890e-21
ans = -4.722822442494890e-21
ans = -4.722822442494890e-21
ans = -4.722822442494890e-21
ans = -4.722822442494890e-21
ans = -4.722822442494890e-21
nbcr = 7
lambda0 = 3.501084296647659
kmpl_prod = 0.180000000000000
 Time :      1.00000
 Time :      2.00000
 Time :      3.01000
 Time :      4.01000
 Time :      5.01000
 Time :      6.01000
 Time :      7.01000
 Time :      8.01000
 Time :      9.01000
 Time :     10.01000
 Time :     11.01000
 Time :     12.01000
 Time :     13.01000
 Time :     14.01000
 Time :     15.01000
 Time :     16.01000
 Time :     17.01000
 Time :     18.00000
 Time :     19.00000
 Time :     20.00000
 Time :     21.00000
 Time :     22.00000
 Time :     23.00000
 Time :     24.00000
 Time :     25.00000
 Time :     26.00000
 Time :     27.00000
 Time :     28.00000
 Time :     29.00000
 Time :     30.00000
 Time :     31.00000
 Time :     32.00000
 Time :     33.00000
 Time :     34.00000
 Time :     35.00000
dtime = 32.59872682392597
mbcr =

   0.142857142857143   0.157936021456044   0.158945553701229

agsout =

 Columns 1 through 3:

   1.836661218095545e-02   1.836661218095545e-02   1.836661218095545e-02
   1.250963647779097e-02   1.851078576819960e-02   1.851078576819960e-02
   1.200104079490149e-02   1.851075247847486e-02   1.851075247847486e-02

 Columns 4 through 6:

   1.836661218095545e-02   1.836661218095545e-02   1.836661218095545e-02
   1.851078576819960e-02   1.851078576819960e-02   1.851078576819960e-02
   1.851075247847486e-02   1.851075247847486e-02   1.851075247847486e-02

 Column 7:

   1.836661218095545e-02
   1.851078576819960e-02
   1.851075247847486e-02

ans = 7.305765798819177e-21
ans = 1.111915727998100e-21
ans = 1.111915727998100e-21
ans = 1.111915727998100e-21
ans = 1.111915727998100e-21
ans = 1.111915727998100e-21
ans = 1.111915727998100e-21
nbcr = 7
lambda0 = 3.501084296647659
kmpl_prod = 0.180000000000000
 Time :      1.00000
 Time :      2.00000
 Time :      3.01000
 Time :      4.01000
 Time :      5.01000
 Time :      6.01000
 Time :      7.01000
 Time :      8.01000
 Time :      9.01000
 Time :     10.01000
 Time :     11.01000
 Time :     12.01000
 Time :     13.01000
 Time :     14.01000
 Time :     15.01000
 Time :     16.01000
 Time :     17.01000
 Time :     18.00000
 Time :     19.00000
 Time :     20.00000
 Time :     21.00000
 Time :     22.00000
 Time :     23.00000
 Time :     24.00000
 Time :     25.00000
 Time :     26.00000
 Time :     27.00000
 Time :     28.00000
 Time :     29.00000
 Time :     30.00000
 Time :     31.00000
 Time :     32.00000
 Time :     33.00000
 Time :     34.00000
 Time :     35.00000
dtime = 32.26501308381557
mbcr =

   0.142857142857143   0.157936021456044   0.158945553701229   0.161196851106661

agsout =

 Columns 1 through 3:

   1.836661218095545e-02   1.836661218095545e-02   1.836661218095545e-02
   1.250963647779097e-02   1.851078576819960e-02   1.851078576819960e-02
   1.200104079490149e-02   1.851075247847486e-02   1.851075247847486e-02
   7.341528286346294e-03   1.851075253122610e-02   1.851075253122610e-02

 Columns 4 through 6:

   1.836661218095545e-02   1.836661218095545e-02   1.836661218095545e-02
   1.851078576819960e-02   1.851078576819960e-02   1.851078576819960e-02
   1.851075247847486e-02   1.851075247847486e-02   1.851075247847486e-02
   1.851075253122610e-02   1.851075253122610e-02   1.851075253122610e-02

 Column 7:

   1.836661218095545e-02
   1.851078576819960e-02
   1.851075247847486e-02
   1.851075253122610e-02

ans = 7.354346503935329e-21
ans = 1.959686190779022e-21
ans = 1.959686190779022e-21
ans = 1.959686190779022e-21
ans = 1.959686190779022e-21
ans = 1.959686190779022e-21
ans = 1.959686190779022e-21
nbcr = 7
lambda0 = 3.501084296647659
kmpl_prod = 0.180000000000000
 Time :      1.00000
 Time :      2.00000
 Time :      3.01000
 Time :      4.01000
 Time :      5.01000
 Time :      6.01000
 Time :      7.01000
 Time :      8.01000
 Time :      9.01000
 Time :     10.01000
 Time :     11.01000
 Time :     12.01000
 Time :     13.01000
 Time :     14.01000
 Time :     15.01000
 Time :     16.01000
 Time :     17.01000
 Time :     18.00000
 Time :     19.00000
 Time :     20.00000
 Time :     21.00000
 Time :     22.00000
 Time :     23.00000
 Time :     24.00000
 Time :     25.00000
 Time :     26.00000
 Time :     27.00000
 Time :     28.00000
 Time :     29.00000
 Time :     30.00000
 Time :     31.00000
 Time :     32.00000
 Time :     33.00000
 Time :     34.00000
 Time :     35.00000
dtime = 32.66627825796604
mbcr =

 Columns 1 through 4:

   0.142857142857143   0.157936021456044   0.158945553701229   0.161196851106661

 Column 5:

   0.155211752645884

agsout =

 Columns 1 through 3:

   1.836661218095545e-02   1.836661218095545e-02   1.836661218095545e-02
   1.250963647779097e-02   1.851078576819960e-02   1.851078576819960e-02
   1.200104079490149e-02   1.851075247847486e-02   1.851075247847486e-02
   7.341528286346294e-03   1.851075253122610e-02   1.851075253122610e-02
   3.339318006543039e-03   1.851075265011960e-02   1.851075265011960e-02

 Columns 4 through 6:

   1.836661218095545e-02   1.836661218095545e-02   1.836661218095545e-02
   1.851078576819960e-02   1.851078576819960e-02   1.851078576819960e-02
   1.851075247847486e-02   1.851075247847486e-02   1.851075247847486e-02
   1.851075253122610e-02   1.851075253122610e-02   1.851075253122610e-02
   1.851075265011960e-02   1.851075265011960e-02   1.851075265011960e-02

 Column 7:

   1.836661218095545e-02
   1.851078576819960e-02
   1.851075247847486e-02
   1.851075253122610e-02
   1.851075265011960e-02

ans = 6.810177983149077e-21
ans = 5.412500434082316e-21
ans = 5.412500434082316e-21
ans = 5.412500434082316e-21
ans = 5.412500434082316e-21
ans = 5.412500434082316e-21
ans = 5.412500434082316e-21
nbcr = 7
lambda0 = 3.501084296647659
kmpl_prod = 0.180000000000000
 Time :      1.00000
 Time :      2.00000
 Time :      3.01000
 Time :      4.01000
 Time :      5.01000
 Time :      6.01000
 Time :      7.01000
 Time :      8.01000
 Time :      9.01000
 Time :     10.01000
 Time :     11.01000
 Time :     12.01000
 Time :     13.01000
 Time :     14.01000
 Time :     15.01000
 Time :     16.01000
 Time :     17.01000
 Time :     18.00000
 Time :     19.00000
 Time :     20.00000
 Time :     21.00000
 Time :     22.00000
 Time :     23.00000
 Time :     24.00000
 Time :     25.00000
 Time :     26.00000
 Time :     27.00000
 Time :     28.00000
 Time :     29.00000
 Time :     30.00000
 Time :     31.00000
 Time :     32.00000
 Time :     33.00000
 Time :     34.00000
 Time :     35.00000
dtime = 32.52965658903122
mbcr =

 Columns 1 through 4:

   0.142857142857143   0.157936021456044   0.158945553701229   0.161196851106661

 Columns 5 and 6:

   0.155211752645884   0.157123953738459

agsout =

 Columns 1 through 3:

   1.836661218095545e-02   1.836661218095545e-02   1.836661218095545e-02
   1.250963647779097e-02   1.851078576819960e-02   1.851078576819960e-02
   1.200104079490149e-02   1.851075247847486e-02   1.851075247847486e-02
   7.341528286346294e-03   1.851075253122610e-02   1.851075253122610e-02
   3.339318006543039e-03   1.851075265011960e-02   1.851075265011960e-02
   3.025748117339153e-03   1.851075265011648e-02   1.851075265011648e-02

 Columns 4 through 6:

   1.836661218095545e-02   1.836661218095545e-02   1.836661218095545e-02
   1.851078576819960e-02   1.851078576819960e-02   1.851078576819960e-02
   1.851075247847486e-02   1.851075247847486e-02   1.851075247847486e-02
   1.851075253122610e-02   1.851075253122610e-02   1.851075253122610e-02
   1.851075265011960e-02   1.851075265011960e-02   1.851075265011960e-02
   1.851075265011648e-02   1.851075265011648e-02   1.851075265011648e-02

 Column 7:

   1.836661218095545e-02
   1.851078576819960e-02
   1.851075247847486e-02
   1.851075253122610e-02
   1.851075265011960e-02
   1.851075265011648e-02

ans = -3.862933460622639e-21
ans = 5.554292438888403e-21
ans = 5.554292438888403e-21
ans = 5.554292438888403e-21
ans = 5.554292438888403e-21
ans = 5.554292438888403e-21
ans = 5.554292438888403e-21
dkps =

 Columns 1 through 3:

   5.093605613510667e+00   6.457281493618361e+00   7.972959202706393e+00

 Columns 4 through 6:

   1.783957143691454e+02   8.377422003209745e+00   2.485305582031308e+01

nbcr = 10
lambda0 = 3.501084296647659
kmpl_prod = 0.180000000000000
 Time :      1.00000
 Time :      2.00000
 Time :      3.01000
 Time :      4.01000
 Time :      5.01000
 Time :      6.01000
 Time :      7.01000
 Time :      8.01000
 Time :      9.01000
 Time :     10.01000
 Time :     11.01000
 Time :     12.01000
 Time :     13.01000
 Time :     14.01000
 Time :     15.01000
 Time :     16.01000
 Time :     17.01000
 Time :     18.00000
 Time :     19.00000
 Time :     20.00000
 Time :     21.00000
 Time :     22.00000
 Time :     23.00000
 Time :     24.00000
 Time :     25.00000
 Time :     26.00000
 Time :     27.00000
 Time :     28.00000
 Time :     29.00000
 Time :     30.00000
 Time :     31.00000
 Time :     32.00000
 Time :     33.00000
 Time :     34.00000
 Time :     35.00000
dtime = 47.10704684257507
mbcr = 0.100000000000000
agsout =

 Columns 1 through 3:

   1.836661247719135e-02   1.836661247719135e-02   1.836661247719135e-02

 Columns 4 through 6:

   1.836661247719135e-02   1.836661247719135e-02   1.836661247719135e-02

 Columns 7 through 9:

   1.836661247719135e-02   1.836661247719135e-02   1.836661247719135e-02

 Column 10:

   1.836661247719135e-02

ans = 6.797743616773072e-21
ans = 4.476022928540751e-21
ans = 4.476022928540751e-21
ans = 4.476022928540751e-21
ans = 4.476022928540751e-21
ans = 4.476022928540751e-21
ans = 4.476022928540751e-21
ans = 4.476022928540751e-21
ans = 4.476022928540751e-21
ans = 4.476022928540751e-21
nbcr = 10
lambda0 = 3.501084296647659
kmpl_prod = 0.180000000000000
 Time :      1.00000
 Time :      2.00000
 Time :      3.01000
 Time :      4.01000
 Time :      5.01000
 Time :      6.01000
 Time :      7.01000
 Time :      8.01000
 Time :      9.01000
 Time :     10.01000
 Time :     11.01000
 Time :     12.01000
 Time :     13.01000
 Time :     14.01000
 Time :     15.01000
 Time :     16.01000
 Time :     17.01000
 Time :     18.00000
 Time :     19.00000
 Time :     20.00000
 Time :     21.00000
 Time :     22.00000
 Time :     23.00000
 Time :     24.00000
 Time :     25.00000
 Time :     26.00000
 Time :     27.00000
 Time :     28.00000
 Time :     29.00000
 Time :     30.00000
 Time :     31.00000
 Time :     32.00000
 Time :     33.00000
 Time :     34.00000
 Time :     35.00000
dtime = 47.05706723034382
mbcr =

   0.100000000000000   0.111514838541682

agsout =

 Columns 1 through 3:

   1.836661247719135e-02   1.836661247719135e-02   1.836661247719135e-02
   5.962451313702448e-03   1.851078609661113e-02   1.851078609661113e-02

 Columns 4 through 6:

   1.836661247719135e-02   1.836661247719135e-02   1.836661247719135e-02
   1.851078609661113e-02   1.851078609661113e-02   1.851078609661113e-02

 Columns 7 through 9:

   1.836661247719135e-02   1.836661247719135e-02   1.836661247719135e-02
   1.851078609661113e-02   1.851078609661113e-02   1.851078609661113e-02

 Column 10:

   1.836661247719135e-02
   1.851078609661113e-02

ans = 1.726894625069299e-21
ans = 4.650307621783686e-21
ans = 4.650307621783686e-21
ans = 4.650307621783686e-21
ans = 4.650307621783686e-21
ans = 4.650307621783686e-21
ans = 4.650307621783686e-21
ans = 4.650307621783686e-21
ans = 4.650307621783686e-21
ans = 4.650307621783686e-21
nbcr = 10
lambda0 = 3.501084296647659
kmpl_prod = 0.180000000000000
 Time :      1.00000
 Time :      2.00000
 Time :      3.01000
 Time :      4.01000
 Time :      5.01000
 Time :      6.01000
 Time :      7.01000
 Time :      8.01000
 Time :      9.01000
 Time :     10.01000
 Time :     11.01000
 Time :     12.01000
 Time :     13.01000
 Time :     14.01000
 Time :     15.01000
 Time :     16.01000
 Time :     17.01000
 Time :     18.00000
 Time :     19.00000
 Time :     20.00000
 Time :     21.00000
 Time :     22.00000
 Time :     23.00000
 Time :     24.00000
 Time :     25.00000
 Time :     26.00000
 Time :     27.00000
 Time :     28.00000
 Time :     29.00000
 Time :     30.00000
 Time :     31.00000
 Time :     32.00000
 Time :     33.00000
 Time :     34.00000
 Time :     35.00000
dtime = 46.87389582395554
mbcr =

   0.100000000000000   0.111514838541682   0.110761941716443

agsout =

 Columns 1 through 3:

   1.836661247719135e-02   1.836661247719135e-02   1.836661247719135e-02
   5.962451313702448e-03   1.851078609661113e-02   1.851078609661113e-02
   3.581579513786236e-03   1.851075284194832e-02   1.851075284194832e-02

 Columns 4 through 6:

   1.836661247719135e-02   1.836661247719135e-02   1.836661247719135e-02
   1.851078609661113e-02   1.851078609661113e-02   1.851078609661113e-02
   1.851075284194832e-02   1.851075284194832e-02   1.851075284194832e-02

 Columns 7 through 9:

   1.836661247719135e-02   1.836661247719135e-02   1.836661247719135e-02
   1.851078609661113e-02   1.851078609661113e-02   1.851078609661113e-02
   1.851075284194832e-02   1.851075284194832e-02   1.851075284194832e-02

 Column 10:

   1.836661247719135e-02
   1.851078609661113e-02
   1.851075284194832e-02

ans = -2.410714497709230e-21
ans = 3.764990106217532e-21
ans = 3.764990106217532e-21
ans = 3.764990106217532e-21
ans = 3.764990106217532e-21
ans = 3.764990106217532e-21
ans = 3.764990106217532e-21
ans = 3.764990106217532e-21
ans = 3.764990106217532e-21
ans = 3.764990106217532e-21
nbcr = 10
lambda0 = 3.501084296647659
kmpl_prod = 0.180000000000000
 Time :      1.00000
 Time :      2.00000
 Time :      3.01000
 Time :      4.01000
 Time :      5.01000
 Time :      6.01000
 Time :      7.01000
 Time :      8.01000
 Time :      9.01000
 Time :     10.01000
 Time :     11.01000
 Time :     12.01000
 Time :     13.01000
 Time :     14.01000
 Time :     15.01000
 Time :     16.01000
 Time :     17.01000
 Time :     18.00000
 Time :     19.00000
 Time :     20.00000
 Time :     21.00000
 Time :     22.00000
 Time :     23.00000
 Time :     24.00000
 Time :     25.00000
 Time :     26.00000
 Time :     27.00000
 Time :     28.00000
 Time :     29.00000
 Time :     30.00000
 Time :     31.00000
 Time :     32.00000
 Time :     33.00000
 Time :     34.00000
 Time :     35.00000
dtime = 47.00547829270363
mbcr =

   0.100000000000000   0.111514838541682   0.110761941716443   0.110187957920441

agsout =

 Columns 1 through 3:

   1.836661247719135e-02   1.836661247719135e-02   1.836661247719135e-02
   5.962451313702448e-03   1.851078609661113e-02   1.851078609661113e-02
   3.581579513786236e-03   1.851075284194832e-02   1.851075284194832e-02
   2.984866484640833e-03   1.851075286044315e-02   1.851075286044315e-02

 Columns 4 through 6:

   1.836661247719135e-02   1.836661247719135e-02   1.836661247719135e-02
   1.851078609661113e-02   1.851078609661113e-02   1.851078609661113e-02
   1.851075284194832e-02   1.851075284194832e-02   1.851075284194832e-02
   1.851075286044315e-02   1.851075286044315e-02   1.851075286044315e-02

 Columns 7 through 9:

   1.836661247719135e-02   1.836661247719135e-02   1.836661247719135e-02
   1.851078609661113e-02   1.851078609661113e-02   1.851078609661113e-02
   1.851075284194832e-02   1.851075284194832e-02   1.851075284194832e-02
   1.851075286044315e-02   1.851075286044315e-02   1.851075286044315e-02

 Column 10:

   1.836661247719135e-02
   1.851078609661113e-02
   1.851075284194832e-02
   1.851075286044315e-02

ans = 4.269492731692452e-21
ans = 4.773968699979663e-21
ans = 4.773968699979663e-21
ans = 4.773968699979663e-21
ans = 4.773968699979663e-21
ans = 4.773968699979663e-21
ans = 4.773968699979663e-21
ans = 4.773968699979663e-21
ans = 4.773968699979663e-21
ans = 4.773968699979663e-21
nbcr = 10
lambda0 = 3.501084296647659
kmpl_prod = 0.180000000000000
 Time :      1.00000
 Time :      2.00000
 Time :      3.01000
 Time :      4.01000
 Time :      5.01000
 Time :      6.01000
 Time :      7.01000
 Time :      8.01000
 Time :      9.01000
 Time :     10.01000
 Time :     11.01000
 Time :     12.01000
 Time :     13.01000
 Time :     14.01000
 Time :     15.01000
 Time :     16.01000
 Time :     17.01000
 Time :     18.00000
 Time :     19.00000
 Time :     20.00000
 Time :     21.00000
 Time :     22.00000
 Time :     23.00000
 Time :     24.00000
 Time :     25.00000
 Time :     26.00000
 Time :     27.00000
 Time :     28.00000
 Time :     29.00000
 Time :     30.00000
 Time :     31.00000
 Time :     32.00000
 Time :     33.00000
 Time :     34.00000
 Time :     35.00000
dtime = 46.82858325541019
mbcr =

 Columns 1 through 4:

   0.100000000000000   0.111514838541682   0.110761941716443   0.110187957920441

 Column 5:

   0.112235218518434

agsout =

 Columns 1 through 3:

   1.836661247719135e-02   1.836661247719135e-02   1.836661247719135e-02
   5.962451313702448e-03   1.851078609661113e-02   1.851078609661113e-02
   3.581579513786236e-03   1.851075284194832e-02   1.851075284194832e-02
   2.984866484640833e-03   1.851075286044315e-02   1.851075286044315e-02
   1.167029759873782e-02   1.851075278292848e-02   1.851075278292848e-02

 Columns 4 through 6:

   1.836661247719135e-02   1.836661247719135e-02   1.836661247719135e-02
   1.851078609661113e-02   1.851078609661113e-02   1.851078609661113e-02
   1.851075284194832e-02   1.851075284194832e-02   1.851075284194832e-02
   1.851075286044315e-02   1.851075286044315e-02   1.851075286044315e-02
   1.851075278292848e-02   1.851075278292848e-02   1.851075278292848e-02

 Columns 7 through 9:

   1.836661247719135e-02   1.836661247719135e-02   1.836661247719135e-02
   1.851078609661113e-02   1.851078609661113e-02   1.851078609661113e-02
   1.851075284194832e-02   1.851075284194832e-02   1.851075284194832e-02
   1.851075286044315e-02   1.851075286044315e-02   1.851075286044315e-02
   1.851075278292848e-02   1.851075278292848e-02   1.851075278292848e-02

 Column 10:

   1.836661247719135e-02
   1.851078609661113e-02
   1.851075284194832e-02
   1.851075286044315e-02
   1.851075278292848e-02

ans = 5.946792870719082e-21
ans = -1.814357665736844e-21
ans = -1.814357665736844e-21
ans = -1.814357665736844e-21
ans = -1.814357665736844e-21
ans = -1.814357665736844e-21
ans = -1.814357665736844e-21
ans = -1.814357665736844e-21
ans = -1.814357665736844e-21
ans = -1.814357665736844e-21
nbcr = 10
lambda0 = 3.501084296647659
kmpl_prod = 0.180000000000000
 Time :      1.00000
 Time :      2.00000
 Time :      3.01000
 Time :      4.01000
 Time :      5.01000
 Time :      6.01000
 Time :      7.01000
 Time :      8.01000
 Time :      9.01000
 Time :     10.01000
 Time :     11.01000
 Time :     12.01000
 Time :     13.01000
 Time :     14.01000
 Time :     15.01000
 Time :     16.01000
 Time :     17.01000
 Time :     18.00000
 Time :     19.00000
 Time :     20.00000
 Time :     21.00000
 Time :     22.00000
 Time :     23.00000
 Time :     24.00000
 Time :     25.00000
 Time :     26.00000
 Time :     27.00000
 Time :     28.00000
 Time :     29.00000
 Time :     30.00000
 Time :     31.00000
 Time :     32.00000
 Time :     33.00000
 Time :     34.00000
 Time :     35.00000
dtime = 46.58419713377953
mbcr =

 Columns 1 through 4:

   0.100000000000000   0.111514838541682   0.110761941716443   0.110187957920441

 Columns 5 and 6:

   0.112235218518434   0.111646274046509

agsout =

 Columns 1 through 3:

   1.836661247719135e-02   1.836661247719135e-02   1.836661247719135e-02
   5.962451313702448e-03   1.851078609661113e-02   1.851078609661113e-02
   3.581579513786236e-03   1.851075284194832e-02   1.851075284194832e-02
   2.984866484640833e-03   1.851075286044315e-02   1.851075286044315e-02
   1.167029759873782e-02   1.851075278292848e-02   1.851075278292848e-02
   5.577243200390025e-03   1.851075282240579e-02   1.851075282240579e-02

 Columns 4 through 6:

   1.836661247719135e-02   1.836661247719135e-02   1.836661247719135e-02
   1.851078609661113e-02   1.851078609661113e-02   1.851078609661113e-02
   1.851075284194832e-02   1.851075284194832e-02   1.851075284194832e-02
   1.851075286044315e-02   1.851075286044315e-02   1.851075286044315e-02
   1.851075278292848e-02   1.851075278292848e-02   1.851075278292848e-02
   1.851075282240579e-02   1.851075282240579e-02   1.851075282240579e-02

 Columns 7 through 9:

   1.836661247719135e-02   1.836661247719135e-02   1.836661247719135e-02
   1.851078609661113e-02   1.851078609661113e-02   1.851078609661113e-02
   1.851075284194832e-02   1.851075284194832e-02   1.851075284194832e-02
   1.851075286044315e-02   1.851075286044315e-02   1.851075286044315e-02
   1.851075278292848e-02   1.851075278292848e-02   1.851075278292848e-02
   1.851075282240579e-02   1.851075282240579e-02   1.851075282240579e-02

 Column 10:

   1.836661247719135e-02
   1.851078609661113e-02
   1.851075284194832e-02
   1.851075286044315e-02
   1.851075278292848e-02
   1.851075282240579e-02

ans = 1.245568566382349e-20
ans = 1.485291404793255e-20
ans = 1.485291404793255e-20
ans = 1.485291404793255e-20
ans = 1.485291404793255e-20
ans = 1.485291404793255e-20
ans = 1.485291404793255e-20
ans = 1.485291404793255e-20
ans = 1.485291404793255e-20
ans = 1.485291404793255e-20
dkps =

 Columns 1 through 3:

   8.164727952767795e+00   1.909842220334117e+01   2.126473729061171e+01

 Columns 4 through 6:

   2.121610111582004e+00   2.334137251781844e+01   3.661755000214133e+00

nbcr = 15
lambda0 = 3.501084296647659
kmpl_prod = 0.180000000000000
 Time :      1.00000
 Time :      2.00000
 Time :      3.01000
 Time :      4.01000
 Time :      5.01000
 Time :      6.01000
 Time :      7.01000
 Time :      8.01000
 Time :      9.01000
 Time :     10.01000
 Time :     11.01000
 Time :     12.01000
 Time :     13.01000
 Time :     14.01000
 Time :     15.01000
 Time :     16.01000
 Time :     17.01000
 Time :     18.00000
 Time :     19.00000
 Time :     20.00000
 Time :     21.00000
 Time :     22.00000
 Time :     23.00000
 Time :     24.00000
 Time :     25.00000
 Time :     26.00000
 Time :     27.00000
 Time :     28.00000
 Time :     29.00000
 Time :     30.00000
 Time :     31.00000
 Time :     32.00000
 Time :     33.00000
 Time :     34.00000
 Time :     35.00000
dtime = 72.55478650331497
mbcr = 6.666666666666667e-02
agsout =

 Columns 1 through 3:

   1.836661269080850e-02   1.836661269080850e-02   1.836661269080850e-02

 Columns 4 through 6:

   1.836661269080850e-02   1.836661269080850e-02   1.836661269080850e-02

 Columns 7 through 9:

   1.836661269080850e-02   1.836661269080850e-02   1.836661269080850e-02

 Columns 10 through 12:

   1.836661269080850e-02   1.836661269080850e-02   1.836661269080850e-02

 Columns 13 through 15:

   1.836661269080850e-02   1.836661269080850e-02   1.836661269080850e-02

ans = -1.897468769049564e-21
ans = 2.575165112068161e-21
ans = 2.575165112068161e-21
ans = 2.575165112068161e-21
ans = 2.575165112068161e-21
ans = 2.575165112068161e-21
ans = 2.575165112068161e-21
ans = 2.575165112068161e-21
ans = 2.575165112068161e-21
ans = 2.575165112068161e-21
ans = 2.575165112068161e-21
ans = 2.575165112068161e-21
ans = 2.575165112068161e-21
ans = 2.575165112068161e-21
ans = 2.575165112068161e-21
nbcr = 15
lambda0 = 3.501084296647659
kmpl_prod = 0.180000000000000
 Time :      1.00000
 Time :      2.00000
 Time :      3.01000
 Time :      4.01000
 Time :      5.01000
 Time :      6.01000
 Time :      7.01000
 Time :      8.01000
 Time :      9.01000
 Time :     10.01000
 Time :     11.01000
 Time :     12.01000
 Time :     13.01000
 Time :     14.01000
 Time :     15.01000
 Time :     16.01000
 Time :     17.01000
 Time :     18.00000
 Time :     19.00000
 Time :     20.00000
 Time :     21.00000
 Time :     22.00000
 Time :     23.00000
 Time :     24.00000
 Time :     25.00000
 Time :     26.00000
 Time :     27.00000
 Time :     28.00000
 Time :     29.00000
 Time :     30.00000
 Time :     31.00000
 Time :     32.00000
 Time :     33.00000
 Time :     34.00000
 Time :     35.00000
dtime = 72.76685535907745
mbcr =

   6.666666666666667e-02   7.574813707352222e-02

agsout =

 Columns 1 through 3:

   1.836661269080850e-02   1.836661269080850e-02   1.836661269080850e-02
   7.153306196511476e-03   1.851078628452007e-02   1.851078628452007e-02

 Columns 4 through 6:

   1.836661269080850e-02   1.836661269080850e-02   1.836661269080850e-02
   1.851078628452007e-02   1.851078628452007e-02   1.851078628452007e-02

 Columns 7 through 9:

   1.836661269080850e-02   1.836661269080850e-02   1.836661269080850e-02
   1.851078628452007e-02   1.851078628452007e-02   1.851078628452007e-02

 Columns 10 through 12:

   1.836661269080850e-02   1.836661269080850e-02   1.836661269080850e-02
   1.851078628452007e-02   1.851078628452007e-02   1.851078628452007e-02

 Columns 13 through 15:

   1.836661269080850e-02   1.836661269080850e-02   1.836661269080850e-02
   1.851078628452007e-02   1.851078628452007e-02   1.851078628452007e-02

ans = 1.731062839874742e-21
ans = 9.701439988105434e-21
ans = 9.701439988105434e-21
ans = 9.701439988105434e-21
ans = 9.701439988105434e-21
ans = 9.701439988105434e-21
ans = 9.701439988105434e-21
ans = 9.701439988105434e-21
ans = 9.701439988105434e-21
ans = 9.701439988105434e-21
ans = 9.701439988105434e-21
ans = 9.701439988105434e-21
ans = 9.701439988105434e-21
ans = 9.701439988105434e-21
ans = 9.701439988105434e-21
nbcr = 15
lambda0 = 3.501084296647659
kmpl_prod = 0.180000000000000
 Time :      1.00000
 Time :      2.00000
 Time :      3.01000
 Time :      4.01000
 Time :      5.01000
 Time :      6.01000
 Time :      7.01000
 Time :      8.01000
 Time :      9.01000
 Time :     10.01000
 Time :     11.01000
 Time :     12.01000
 Time :     13.01000
 Time :     14.01000
 Time :     15.01000
 Time :     16.01000
 Time :     17.01000
 Time :     18.00000
 Time :     19.00000
 Time :     20.00000
 Time :     21.00000
 Time :     22.00000
 Time :     23.00000
 Time :     24.00000
 Time :     25.00000
 Time :     26.00000
 Time :     27.00000
 Time :     28.00000
 Time :     29.00000
 Time :     30.00000
 Time :     31.00000
 Time :     32.00000
 Time :     33.00000
 Time :     34.00000
 Time :     35.00000
dtime = 73.03800657391548
mbcr =

   6.666666666666667e-02   7.574813707352222e-02   7.617269281960287e-02

agsout =

 Columns 1 through 3:

   1.836661269080850e-02   1.836661269080850e-02   1.836661269080850e-02
   7.153306196511476e-03   1.851078628452007e-02   1.851078628452007e-02
   6.633316489547242e-03   1.851075299448570e-02   1.851075299448570e-02

 Columns 4 through 6:

   1.836661269080850e-02   1.836661269080850e-02   1.836661269080850e-02
   1.851078628452007e-02   1.851078628452007e-02   1.851078628452007e-02
   1.851075299448570e-02   1.851075299448570e-02   1.851075299448570e-02

 Columns 7 through 9:

   1.836661269080850e-02   1.836661269080850e-02   1.836661269080850e-02
   1.851078628452007e-02   1.851078628452007e-02   1.851078628452007e-02
   1.851075299448570e-02   1.851075299448570e-02   1.851075299448570e-02

 Columns 10 through 12:

   1.836661269080850e-02   1.836661269080850e-02   1.836661269080850e-02
   1.851078628452007e-02   1.851078628452007e-02   1.851078628452007e-02
   1.851075299448570e-02   1.851075299448570e-02   1.851075299448570e-02

 Columns 13 through 15:

   1.836661269080850e-02   1.836661269080850e-02   1.836661269080850e-02
   1.851078628452007e-02   1.851078628452007e-02   1.851078628452007e-02
   1.851075299448570e-02   1.851075299448570e-02   1.851075299448570e-02

ans = -1.708644952804848e-22
ans = -4.510998774402392e-21
ans = -4.510998774402392e-21
ans = -4.510998774402392e-21
ans = -4.510998774402392e-21
ans = -4.510998774402392e-21
ans = -4.510998774402392e-21
ans = -4.510998774402392e-21
ans = -4.510998774402392e-21
ans = -4.510998774402392e-21
ans = -4.510998774402392e-21
ans = -4.510998774402392e-21
ans = -4.510998774402392e-21
ans = -4.510998774402392e-21
ans = -4.510998774402392e-21
nbcr = 15
lambda0 = 3.501084296647659
kmpl_prod = 0.180000000000000
 Time :      1.00000
 Time :      2.00000
 Time :      3.01000
 Time :      4.01000
 Time :      5.01000
 Time :      6.01000
 Time :      7.01000
 Time :      8.01000
 Time :      9.01000
 Time :     10.01000
 Time :     11.01000
 Time :     12.01000
 Time :     13.01000
 Time :     14.01000
 Time :     15.01000
 Time :     16.01000
 Time :     17.01000
 Time :     18.00000
 Time :     19.00000
 Time :     20.00000
 Time :     21.00000
 Time :     22.00000
 Time :     23.00000
 Time :     24.00000
 Time :     25.00000
 Time :     26.00000
 Time :     27.00000
 Time :     28.00000
 Time :     29.00000
 Time :     30.00000
 Time :     31.00000
 Time :     32.00000
 Time :     33.00000
 Time :     34.00000
 Time :     35.00000
dtime = 73.16831164062023
mbcr =

 Columns 1 through 3:

   6.666666666666667e-02   7.574813707352222e-02   7.617269281960287e-02

 Column 4:

   7.595773781902454e-02

agsout =

 Columns 1 through 3:

   1.836661269080850e-02   1.836661269080850e-02   1.836661269080850e-02
   7.153306196511476e-03   1.851078628452007e-02   1.851078628452007e-02
   6.633316489547242e-03   1.851075299448570e-02   1.851075299448570e-02
   6.568175961062783e-03   1.851075300300674e-02   1.851075300300674e-02

 Columns 4 through 6:

   1.836661269080850e-02   1.836661269080850e-02   1.836661269080850e-02
   1.851078628452007e-02   1.851078628452007e-02   1.851078628452007e-02
   1.851075299448570e-02   1.851075299448570e-02   1.851075299448570e-02
   1.851075300300674e-02   1.851075300300674e-02   1.851075300300674e-02

 Columns 7 through 9:

   1.836661269080850e-02   1.836661269080850e-02   1.836661269080850e-02
   1.851078628452007e-02   1.851078628452007e-02   1.851078628452007e-02
   1.851075299448570e-02   1.851075299448570e-02   1.851075299448570e-02
   1.851075300300674e-02   1.851075300300674e-02   1.851075300300674e-02

 Columns 10 through 12:

   1.836661269080850e-02   1.836661269080850e-02   1.836661269080850e-02
   1.851078628452007e-02   1.851078628452007e-02   1.851078628452007e-02
   1.851075299448570e-02   1.851075299448570e-02   1.851075299448570e-02
   1.851075300300674e-02   1.851075300300674e-02   1.851075300300674e-02

 Columns 13 through 15:

   1.836661269080850e-02   1.836661269080850e-02   1.836661269080850e-02
   1.851078628452007e-02   1.851078628452007e-02   1.851078628452007e-02
   1.851075299448570e-02   1.851075299448570e-02   1.851075299448570e-02
   1.851075300300674e-02   1.851075300300674e-02   1.851075300300674e-02

ans = 2.402390992795415e-21
ans = 3.302081579298245e-21
ans = 3.302081579298245e-21
ans = 3.302081579298245e-21
ans = 3.302081579298245e-21
ans = 3.302081579298245e-21
ans = 3.302081579298245e-21
ans = 3.302081579298245e-21
ans = 3.302081579298245e-21
ans = 3.302081579298245e-21
ans = 3.302081579298245e-21
ans = 3.302081579298245e-21
ans = 3.302081579298245e-21
ans = 3.302081579298245e-21
ans = 3.302081579298245e-21
nbcr = 15
lambda0 = 3.501084296647659
kmpl_prod = 0.180000000000000
 Time :      1.00000
 Time :      2.00000
 Time :      3.01000
 Time :      4.01000
 Time :      5.01000
 Time :      6.01000
 Time :      7.01000
 Time :      8.01000
 Time :      9.01000
 Time :     10.01000
 Time :     11.01000
 Time :     12.01000
 Time :     13.01000
 Time :     14.01000
 Time :     15.01000
 Time :     16.01000
 Time :     17.01000
 Time :     18.00000
 Time :     19.00000
 Time :     20.00000
 Time :     21.00000
 Time :     22.00000
 Time :     23.00000
 Time :     24.00000
 Time :     25.00000
 Time :     26.00000
 Time :     27.00000
 Time :     28.00000
 Time :     29.00000
 Time :     30.00000
 Time :     31.00000
 Time :     32.00000
 Time :     33.00000
 Time :     34.00000
 Time :     35.00000
dtime = 73.29679615795612
mbcr =

 Columns 1 through 3:

   6.666666666666667e-02   7.574813707352222e-02   7.617269281960287e-02

 Columns 4 and 5:

   7.595773781902454e-02   7.103033132150503e-02

agsout =

 Columns 1 through 3:

   1.836661269080850e-02   1.836661269080850e-02   1.836661269080850e-02
   7.153306196511476e-03   1.851078628452007e-02   1.851078628452007e-02
   6.633316489547242e-03   1.851075299448570e-02   1.851075299448570e-02
   6.568175961062783e-03   1.851075300300674e-02   1.851075300300674e-02
   2.234969502185969e-03   1.851075303780469e-02   1.851075303780469e-02

 Columns 4 through 6:

   1.836661269080850e-02   1.836661269080850e-02   1.836661269080850e-02
   1.851078628452007e-02   1.851078628452007e-02   1.851078628452007e-02
   1.851075299448570e-02   1.851075299448570e-02   1.851075299448570e-02
   1.851075300300674e-02   1.851075300300674e-02   1.851075300300674e-02
   1.851075303780469e-02   1.851075303780469e-02   1.851075303780469e-02

 Columns 7 through 9:

   1.836661269080850e-02   1.836661269080850e-02   1.836661269080850e-02
   1.851078628452007e-02   1.851078628452007e-02   1.851078628452007e-02
   1.851075299448570e-02   1.851075299448570e-02   1.851075299448570e-02
   1.851075300300674e-02   1.851075300300674e-02   1.851075300300674e-02
   1.851075303780469e-02   1.851075303780469e-02   1.851075303780469e-02

 Columns 10 through 12:

   1.836661269080850e-02   1.836661269080850e-02   1.836661269080850e-02
   1.851078628452007e-02   1.851078628452007e-02   1.851078628452007e-02
   1.851075299448570e-02   1.851075299448570e-02   1.851075299448570e-02
   1.851075300300674e-02   1.851075300300674e-02   1.851075300300674e-02
   1.851075303780469e-02   1.851075303780469e-02   1.851075303780469e-02

 Columns 13 through 15:

   1.836661269080850e-02   1.836661269080850e-02   1.836661269080850e-02
   1.851078628452007e-02   1.851078628452007e-02   1.851078628452007e-02
   1.851075299448570e-02   1.851075299448570e-02   1.851075299448570e-02
   1.851075300300674e-02   1.851075300300674e-02   1.851075300300674e-02
   1.851075303780469e-02   1.851075303780469e-02   1.851075303780469e-02

ans = 1.454183516868223e-21
ans = 5.723862848874640e-21
ans = 5.723862848874640e-21
ans = 5.723862848874640e-21
ans = 5.723862848874640e-21
ans = 5.723862848874640e-21
ans = 5.723862848874640e-21
ans = 5.723862848874640e-21
ans = 5.723862848874640e-21
ans = 5.723862848874640e-21
ans = 5.723862848874640e-21
ans = 5.723862848874640e-21
ans = 5.723862848874640e-21
ans = 5.723862848874640e-21
ans = 5.723862848874640e-21
nbcr = 15
lambda0 = 3.501084296647659
kmpl_prod = 0.180000000000000
 Time :      1.00000
 Time :      2.00000
 Time :      3.01000
 Time :      4.01000
 Time :      5.01000
 Time :      6.01000
 Time :      7.01000
 Time :      8.01000
 Time :      9.01000
 Time :     10.01000
 Time :     11.01000
 Time :     12.01000
 Time :     13.01000
 Time :     14.01000
 Time :     15.01000
 Time :     16.01000
 Time :     17.01000
 Time :     18.00000
 Time :     19.00000
 Time :     20.00000
 Time :     21.00000
 Time :     22.00000
 Time :     23.00000
 Time :     24.00000
 Time :     25.00000
 Time :     26.00000
 Time :     27.00000
 Time :     28.00000
 Time :     29.00000
 Time :     30.00000
 Time :     31.00000
 Time :     32.00000
 Time :     33.00000
 Time :     34.00000
 Time :     35.00000
dtime = 70.21100521087646
mbcr =

 Columns 1 through 3:

   6.666666666666667e-02   7.574813707352222e-02   7.617269281960287e-02

 Columns 4 through 6:

   7.595773781902454e-02   7.103033132150503e-02   7.479483310808503e-02

agsout =

 Columns 1 through 3:

   1.836661269080850e-02   1.836661269080850e-02   1.836661269080850e-02
   7.153306196511476e-03   1.851078628452007e-02   1.851078628452007e-02
   6.633316489547242e-03   1.851075299448570e-02   1.851075299448570e-02
   6.568175961062783e-03   1.851075300300674e-02   1.851075300300674e-02
   2.234969502185969e-03   1.851075303780469e-02   1.851075303780469e-02
   4.259851244782112e-03   1.851075301525057e-02   1.851075301525057e-02

 Columns 4 through 6:

   1.836661269080850e-02   1.836661269080850e-02   1.836661269080850e-02
   1.851078628452007e-02   1.851078628452007e-02   1.851078628452007e-02
   1.851075299448570e-02   1.851075299448570e-02   1.851075299448570e-02
   1.851075300300674e-02   1.851075300300674e-02   1.851075300300674e-02
   1.851075303780469e-02   1.851075303780469e-02   1.851075303780469e-02
   1.851075301525057e-02   1.851075301525057e-02   1.851075301525057e-02

 Columns 7 through 9:

   1.836661269080850e-02   1.836661269080850e-02   1.836661269080850e-02
   1.851078628452007e-02   1.851078628452007e-02   1.851078628452007e-02
   1.851075299448570e-02   1.851075299448570e-02   1.851075299448570e-02
   1.851075300300674e-02   1.851075300300674e-02   1.851075300300674e-02
   1.851075303780469e-02   1.851075303780469e-02   1.851075303780469e-02
   1.851075301525057e-02   1.851075301525057e-02   1.851075301525057e-02

 Columns 10 through 12:

   1.836661269080850e-02   1.836661269080850e-02   1.836661269080850e-02
   1.851078628452007e-02   1.851078628452007e-02   1.851078628452007e-02
   1.851075299448570e-02   1.851075299448570e-02   1.851075299448570e-02
   1.851075300300674e-02   1.851075300300674e-02   1.851075300300674e-02
   1.851075303780469e-02   1.851075303780469e-02   1.851075303780469e-02
   1.851075301525057e-02   1.851075301525057e-02   1.851075301525057e-02

 Columns 13 through 15:

   1.836661269080850e-02   1.836661269080850e-02   1.836661269080850e-02
   1.851078628452007e-02   1.851078628452007e-02   1.851078628452007e-02
   1.851075299448570e-02   1.851075299448570e-02   1.851075299448570e-02
   1.851075300300674e-02   1.851075300300674e-02   1.851075300300674e-02
   1.851075303780469e-02   1.851075303780469e-02   1.851075303780469e-02
   1.851075301525057e-02   1.851075301525057e-02   1.851075301525057e-02

ans = 7.277638426818107e-21
ans = 8.791875740833819e-21
ans = 8.791875740833819e-21
ans = 8.791875740833819e-21
ans = 8.791875740833819e-21
ans = 8.791875740833819e-21
ans = 8.791875740833819e-21
ans = 8.791875740833819e-21
ans = 8.791875740833819e-21
ans = 8.791875740833819e-21
ans = 8.791875740833819e-21
ans = 8.791875740833819e-21
ans = 8.791875740833819e-21
ans = 8.791875740833819e-21
ans = 8.791875740833819e-21
