warning: function /home/surgeon/flu/amcode/perelson21/1d2agt/4paper/2submit/run.m shadows a core library function
warning: called from
    driver at line 1 column 1

lambda0 = 3.501084296647659
kmpl_prod = 0.180000000000000
dkps =

 Columns 1 through 3:

   1.207213566170418e+00   2.581071402964894e+00   1.936221329565437e+00

 Columns 4 through 6:

   1.644579520197817e+02   1.189176137062826e+01   3.826113582876224e+00

nbcr = 2
lambda0 = 3.501084296647659
kmpl_prod = 0.180000000000000
 Time :      1.00000
 Time :      2.00000
 Time :      3.01000
 Time :      4.01000
 Time :      5.01000
 Time :      6.01000
 Time :      7.01000
 Time :      8.01000
 Time :      9.01000
 Time :     10.01000
 Time :     11.01000
 Time :     12.01000
 Time :     13.01000
 Time :     14.01000
 Time :     15.01000
 Time :     16.01000
 Time :     17.01000
 Time :     18.00000
 Time :     19.00000
 Time :     20.00000
 Time :     21.00000
 Time :     22.00000
 Time :     23.00000
 Time :     24.00000
 Time :     25.00000
 Time :     26.00000
 Time :     27.00000
 Time :     28.00000
 Time :     29.00000
 Time :     30.00000
 Time :     31.00000
 Time :     32.00000
 Time :     33.00000
 Time :     34.00000
 Time :     35.00000
dtime = 5.099922046065331
mbcr = 0.500000000000000
agsout =

   1.110448042063631e-02   1.110448042063631e-02

ans = 9.175539718835673e-21
ans = -3.232570135068948e-21
nbcr = 2
lambda0 = 3.501084296647659
kmpl_prod = 0.180000000000000
 Time :      1.00000
 Time :      2.00000
 Time :      3.01000
 Time :      4.01000
 Time :      5.01000
 Time :      6.01000
 Time :      7.01000
 Time :      8.01000
 Time :      9.01000
 Time :     10.01000
 Time :     11.01000
 Time :     12.01000
 Time :     13.01000
 Time :     14.01000
 Time :     15.01000
 Time :     16.01000
 Time :     17.01000
 Time :     18.00000
 Time :     19.00000
 Time :     20.00000
 Time :     21.00000
 Time :     22.00000
 Time :     23.00000
 Time :     24.00000
 Time :     25.00000
 Time :     26.00000
 Time :     27.00000
 Time :     28.00000
 Time :     29.00000
 Time :     30.00000
 Time :     31.00000
 Time :     32.00000
 Time :     33.00000
 Time :     34.00000
 Time :     35.00000
dtime = 5.113752186298370
mbcr =

   0.500000000000000   0.604608104624846

agsout =

   1.110448042063631e-02   1.110448042063631e-02
   1.030513676542511e-03   1.136218052137758e-02

ans = 1.676860537767498e-20
ans = 5.250179971359422e-21
nbcr = 2
lambda0 = 3.501084296647659
kmpl_prod = 0.180000000000000
 Time :      1.00000
 Time :      2.00000
 Time :      3.01000
 Time :      4.01000
 Time :      5.01000
 Time :      6.01000
 Time :      7.01000
 Time :      8.01000
 Time :      9.01000
 Time :     10.01000
 Time :     11.01000
 Time :     12.01000
 Time :     13.01000
 Time :     14.01000
 Time :     15.01000
 Time :     16.01000
 Time :     17.01000
 Time :     18.00000
 Time :     19.00000
 Time :     20.00000
 Time :     21.00000
 Time :     22.00000
 Time :     23.00000
 Time :     24.00000
 Time :     25.00000
 Time :     26.00000
 Time :     27.00000
 Time :     28.00000
 Time :     29.00000
 Time :     30.00000
 Time :     31.00000
 Time :     32.00000
 Time :     33.00000
 Time :     34.00000
 Time :     35.00000
dtime = 5.155373364686966
mbcr =

   0.500000000000000   0.604608104624846   0.614521132226074

agsout =

   1.110448042063631e-02   1.110448042063631e-02
   1.030513676542511e-03   1.136218052137758e-02
   5.574804893174880e-04   1.134716061787981e-02

ans = 2.766091968377325e-21
ans = -1.047585471707196e-21
nbcr = 2
lambda0 = 3.501084296647659
kmpl_prod = 0.180000000000000
 Time :      1.00000
 Time :      2.00000
 Time :      3.01000
 Time :      4.01000
 Time :      5.01000
 Time :      6.01000
 Time :      7.01000
 Time :      8.01000
 Time :      9.01000
 Time :     10.01000
 Time :     11.01000
 Time :     12.01000
 Time :     13.01000
 Time :     14.01000
 Time :     15.01000
 Time :     16.01000
 Time :     17.01000
 Time :     18.00000
 Time :     19.00000
 Time :     20.00000
 Time :     21.00000
 Time :     22.00000
 Time :     23.00000
 Time :     24.00000
 Time :     25.00000
 Time :     26.00000
 Time :     27.00000
 Time :     28.00000
 Time :     29.00000
 Time :     30.00000
 Time :     31.00000
 Time :     32.00000
 Time :     33.00000
 Time :     34.00000
 Time :     35.00000
dtime = 5.273618549108505
mbcr =

   0.500000000000000   0.604608104624846   0.614521132226074   0.617453182686977

agsout =

   1.110448042063631e-02   1.110448042063631e-02
   1.030513676542511e-03   1.136218052137758e-02
   5.574804893174880e-04   1.134716061787981e-02
   2.886973398690671e-04   1.144882038081164e-02

ans = 5.929230630780102e-21
ans = 1.356007517915835e-21
nbcr = 2
lambda0 = 3.501084296647659
kmpl_prod = 0.180000000000000
 Time :      1.00000
 Time :      2.00000
 Time :      3.01000
 Time :      4.01000
 Time :      5.01000
 Time :      6.01000
 Time :      7.01000
 Time :      8.01000
 Time :      9.01000
 Time :     10.01000
 Time :     11.01000
 Time :     12.01000
 Time :     13.01000
 Time :     14.01000
 Time :     15.01000
 Time :     16.01000
 Time :     17.01000
 Time :     18.00000
 Time :     19.00000
 Time :     20.00000
 Time :     21.00000
 Time :     22.00000
 Time :     23.00000
 Time :     24.00000
 Time :     25.00000
 Time :     26.00000
 Time :     27.00000
 Time :     28.00000
 Time :     29.00000
 Time :     30.00000
 Time :     31.00000
 Time :     32.00000
 Time :     33.00000
 Time :     34.00000
 Time :     35.00000
dtime = 5.090034753084183
mbcr =

 Columns 1 through 4:

   0.500000000000000   0.604608104624846   0.614521132226074   0.617453182686977

 Column 5:

   0.578468423401213

agsout =

   1.110448042063631e-02   1.110448042063631e-02
   1.030513676542511e-03   1.136218052137758e-02
   5.574804893174880e-04   1.134716061787981e-02
   2.886973398690671e-04   1.144882038081164e-02
   2.963590386210049e-03   1.117474216784463e-02

ans = 6.098389066047197e-22
ans = 4.727905887411683e-21
nbcr = 2
lambda0 = 3.501084296647659
kmpl_prod = 0.180000000000000
 Time :      1.00000
 Time :      2.00000
 Time :      3.01000
 Time :      4.01000
 Time :      5.01000
 Time :      6.01000
 Time :      7.01000
 Time :      8.01000
 Time :      9.01000
 Time :     10.01000
 Time :     11.01000
 Time :     12.01000
 Time :     13.01000
 Time :     14.01000
 Time :     15.01000
 Time :     16.01000
 Time :     17.01000
 Time :     18.00000
 Time :     19.00000
 Time :     20.00000
 Time :     21.00000
 Time :     22.00000
 Time :     23.00000
 Time :     24.00000
 Time :     25.00000
 Time :     26.00000
 Time :     27.00000
 Time :     28.00000
 Time :     29.00000
 Time :     30.00000
 Time :     31.00000
 Time :     32.00000
 Time :     33.00000
 Time :     34.00000
 Time :     35.00000
dtime = 5.178859457373619
mbcr =

 Columns 1 through 4:

   0.500000000000000   0.604608104624846   0.614521132226074   0.617453182686977

 Columns 5 and 6:

   0.578468423401213   0.594898951193244

agsout =

   1.110448042063631e-02   1.110448042063631e-02
   1.030513676542511e-03   1.136218052137758e-02
   5.574804893174880e-04   1.134716061787981e-02
   2.886973398690671e-04   1.144882038081164e-02
   2.963590386210049e-03   1.117474216784463e-02
   2.287256936320389e-03   1.112990209916243e-02

ans = 6.280368800808863e-21
ans = 2.931967530588349e-22
dkps =

 Columns 1 through 3:

   1.731385413571208e+00   1.500498201177270e+01   1.919392918335647e+01

 Columns 4 through 6:

   5.164049313109091e+00   2.454528472251689e+00   1.050712321920838e+02

nbcr = 3
lambda0 = 3.501084296647659
kmpl_prod = 0.180000000000000
 Time :      1.00000
 Time :      2.00000
 Time :      3.01000
 Time :      4.01000
 Time :      5.01000
 Time :      6.01000
 Time :      7.01000
 Time :      8.01000
 Time :      9.01000
 Time :     10.01000
 Time :     11.01000
 Time :     12.01000
 Time :     13.01000
 Time :     14.01000
 Time :     15.01000
 Time :     16.01000
 Time :     17.01000
 Time :     18.00000
 Time :     19.00000
 Time :     20.00000
 Time :     21.00000
 Time :     22.00000
 Time :     23.00000
 Time :     24.00000
 Time :     25.00000
 Time :     26.00000
 Time :     27.00000
 Time :     28.00000
 Time :     29.00000
 Time :     30.00000
 Time :     31.00000
 Time :     32.00000
 Time :     33.00000
 Time :     34.00000
 Time :     35.00000
dtime = 12.16761656105518
mbcr = 0.333333333333333
agsout =

   8.632278872128881e-03   8.632278872128890e-03   8.632278872128887e-03

ans = 2.241846868126237e-21
ans = 7.828527790081352e-21
ans = 1.460437777780948e-20
nbcr = 3
lambda0 = 3.501084296647659
kmpl_prod = 0.180000000000000
 Time :      1.00000
 Time :      2.00000
 Time :      3.01000
 Time :      4.01000
 Time :      5.01000
 Time :      6.01000
 Time :      7.01000
 Time :      8.01000
 Time :      9.01000
 Time :     10.01000
 Time :     11.01000
 Time :     12.01000
 Time :     13.01000
 Time :     14.01000
 Time :     15.01000
 Time :     16.01000
 Time :     17.01000
 Time :     18.00000
 Time :     19.00000
 Time :     20.00000
 Time :     21.00000
 Time :     22.00000
 Time :     23.00000
 Time :     24.00000
 Time :     25.00000
 Time :     26.00000
 Time :     27.00000
 Time :     28.00000
 Time :     29.00000
 Time :     30.00000
 Time :     31.00000
 Time :     32.00000
 Time :     33.00000
 Time :     34.00000
 Time :     35.00000
dtime = 12.31856122612953
mbcr =

   0.333333333333333   0.463569123610991

agsout =

   8.632278872128881e-03   8.632278872128890e-03   8.632278872128887e-03
   7.212964465016707e-04   9.269102221953615e-03   9.269102221953615e-03

ans = 2.104347478334902e-21
ans = 6.510945396558019e-21
ans = 9.899620022852208e-21
nbcr = 3
lambda0 = 3.501084296647659
kmpl_prod = 0.180000000000000
 Time :      1.00000
 Time :      2.00000
 Time :      3.01000
 Time :      4.01000
 Time :      5.01000
 Time :      6.01000
 Time :      7.01000
 Time :      8.01000
 Time :      9.01000
 Time :     10.01000
 Time :     11.01000
 Time :     12.01000
 Time :     13.01000
 Time :     14.01000
 Time :     15.01000
 Time :     16.01000
 Time :     17.01000
 Time :     18.00000
 Time :     19.00000
 Time :     20.00000
 Time :     21.00000
 Time :     22.00000
 Time :     23.00000
 Time :     24.00000
 Time :     25.00000
 Time :     26.00000
 Time :     27.00000
 Time :     28.00000
 Time :     29.00000
 Time :     30.00000
 Time :     31.00000
 Time :     32.00000
 Time :     33.00000
 Time :     34.00000
 Time :     35.00000
dtime = 12.25148253142834
mbcr =

   0.333333333333333   0.463569123610991   0.464426238005322

agsout =

   8.632278872128881e-03   8.632278872128890e-03   8.632278872128887e-03
   7.212964465016707e-04   9.269102221953615e-03   9.269102221953615e-03
   8.283458130516879e-04   9.176582321152892e-03   9.176582321152892e-03

ans = -3.071321614409392e-21
ans = 4.761639346767362e-21
ans = 4.761639346767362e-21
nbcr = 3
lambda0 = 3.501084296647659
kmpl_prod = 0.180000000000000
 Time :      1.00000
 Time :      2.00000
 Time :      3.01000
 Time :      4.01000
 Time :      5.01000
 Time :      6.01000
 Time :      7.01000
 Time :      8.01000
 Time :      9.01000
 Time :     10.01000
 Time :     11.01000
 Time :     12.01000
 Time :     13.01000
 Time :     14.01000
 Time :     15.01000
 Time :     16.01000
 Time :     17.01000
 Time :     18.00000
 Time :     19.00000
 Time :     20.00000
 Time :     21.00000
 Time :     22.00000
 Time :     23.00000
 Time :     24.00000
 Time :     25.00000
 Time :     26.00000
 Time :     27.00000
 Time :     28.00000
 Time :     29.00000
 Time :     30.00000
 Time :     31.00000
 Time :     32.00000
 Time :     33.00000
 Time :     34.00000
 Time :     35.00000
dtime = 11.76889613270760
mbcr =

   0.333333333333333   0.463569123610991   0.464426238005322   0.455403496187530

agsout =

   8.632278872128881e-03   8.632278872128890e-03   8.632278872128887e-03
   7.212964465016707e-04   9.269102221953615e-03   9.269102221953615e-03
   8.283458130516879e-04   9.176582321152892e-03   9.176582321152892e-03
   1.143672568373274e-03   9.110524365623755e-03   9.110524365623750e-03

ans = -5.737324728667800e-21
ans = -1.707016440973884e-21
ans = -1.708308910680998e-21
nbcr = 3
lambda0 = 3.501084296647659
kmpl_prod = 0.180000000000000
 Time :      1.00000
 Time :      2.00000
 Time :      3.01000
 Time :      4.01000
 Time :      5.01000
 Time :      6.01000
 Time :      7.01000
 Time :      8.01000
 Time :      9.01000
 Time :     10.01000
 Time :     11.01000
 Time :     12.01000
 Time :     13.01000
 Time :     14.01000
 Time :     15.01000
 Time :     16.01000
 Time :     17.01000
 Time :     18.00000
 Time :     19.00000
 Time :     20.00000
 Time :     21.00000
 Time :     22.00000
 Time :     23.00000
 Time :     24.00000
 Time :     25.00000
 Time :     26.00000
 Time :     27.00000
 Time :     28.00000
 Time :     29.00000
 Time :     30.00000
 Time :     31.00000
 Time :     32.00000
 Time :     33.00000
 Time :     34.00000
 Time :     35.00000
dtime = 11.80911920964718
mbcr =

 Columns 1 through 4:

   0.333333333333333   0.463569123610991   0.464426238005322   0.455403496187530

 Column 5:

   0.468966083787333

agsout =

   8.632278872128881e-03   8.632278872128890e-03   8.632278872128887e-03
   7.212964465016707e-04   9.269102221953615e-03   9.269102221953615e-03
   8.283458130516879e-04   9.176582321152892e-03   9.176582321152892e-03
   1.143672568373274e-03   9.110524365623755e-03   9.110524365623750e-03
   6.275326467673524e-04   9.211995816501771e-03   9.211995816501771e-03

ans = 5.743942173568224e-21
ans = 1.096252126058871e-20
ans = 7.572967754893680e-21
nbcr = 3
lambda0 = 3.501084296647659
kmpl_prod = 0.180000000000000
 Time :      1.00000
 Time :      2.00000
 Time :      3.01000
 Time :      4.01000
 Time :      5.01000
 Time :      6.01000
 Time :      7.01000
 Time :      8.01000
 Time :      9.01000
 Time :     10.01000
 Time :     11.01000
 Time :     12.01000
 Time :     13.01000
 Time :     14.01000
 Time :     15.01000
 Time :     16.01000
 Time :     17.01000
 Time :     18.00000
 Time :     19.00000
 Time :     20.00000
 Time :     21.00000
 Time :     22.00000
 Time :     23.00000
 Time :     24.00000
 Time :     25.00000
 Time :     26.00000
 Time :     27.00000
 Time :     28.00000
 Time :     29.00000
 Time :     30.00000
 Time :     31.00000
 Time :     32.00000
 Time :     33.00000
 Time :     34.00000
 Time :     35.00000
dtime = 12.75730356574059
mbcr =

 Columns 1 through 4:

   0.333333333333333   0.463569123610991   0.464426238005322   0.455403496187530

 Columns 5 and 6:

   0.468966083787333   0.477661227581723

agsout =

   8.632278872128881e-03   8.632278872128890e-03   8.632278872128887e-03
   7.212964465016707e-04   9.269102221953615e-03   9.269102221953615e-03
   8.283458130516879e-04   9.176582321152892e-03   9.176582321152892e-03
   1.143672568373274e-03   9.110524365623755e-03   9.110524365623750e-03
   6.275326467673524e-04   9.211995816501771e-03   9.211995816501771e-03
   3.114040409786784e-04   9.277277778038814e-03   9.277277778038814e-03

ans = 1.879354351720479e-21
ans = -2.481024849776237e-22
ans = -7.023952472705750e-21
dkps =

 Columns 1 through 3:

   1.287784716311366e+01   3.697736111266759e+01   3.655457908064612e+00

 Columns 4 through 6:

   1.929829282759773e+01   9.936997193774283e+01   1.117724503817346e+00

nbcr = 4
lambda0 = 3.501084296647659
kmpl_prod = 0.180000000000000
 Time :      1.00000
 Time :      2.00000
 Time :      3.01000
 Time :      4.01000
 Time :      5.01000
 Time :      6.01000
 Time :      7.01000
 Time :      8.01000
 Time :      9.01000
 Time :     10.01000
 Time :     11.01000
 Time :     12.01000
 Time :     13.01000
 Time :     14.01000
 Time :     15.01000
 Time :     16.01000
 Time :     17.01000
 Time :     18.00000
 Time :     19.00000
 Time :     20.00000
 Time :     21.00000
 Time :     22.00000
 Time :     23.00000
 Time :     24.00000
 Time :     25.00000
 Time :     26.00000
 Time :     27.00000
 Time :     28.00000
 Time :     29.00000
 Time :     30.00000
 Time :     31.00000
 Time :     32.00000
 Time :     33.00000
 Time :     34.00000
 Time :     35.00000
dtime = 18.06046329438686
mbcr = 0.250000000000000
agsout =

 Columns 1 through 3:

   7.396322285675617e-03   7.396322285675630e-03   7.396322285675626e-03

 Column 4:

   7.396322285675627e-03

ans = -5.730222607627208e-21
ans = 2.121227132709813e-21
ans = 5.511349325075970e-21
ans = -1.265069349323287e-21
nbcr = 4
lambda0 = 3.501084296647659
kmpl_prod = 0.180000000000000
 Time :      1.00000
 Time :      2.00000
 Time :      3.01000
 Time :      4.01000
 Time :      5.01000
 Time :      6.01000
 Time :      7.01000
 Time :      8.01000
 Time :      9.01000
 Time :     10.01000
 Time :     11.01000
 Time :     12.01000
 Time :     13.01000
 Time :     14.01000
 Time :     15.01000
 Time :     16.01000
 Time :     17.01000
 Time :     18.00000
 Time :     19.00000
 Time :     20.00000
 Time :     21.00000
 Time :     22.00000
 Time :     23.00000
 Time :     24.00000
 Time :     25.00000
 Time :     26.00000
 Time :     27.00000
 Time :     28.00000
 Time :     29.00000
 Time :     30.00000
 Time :     31.00000
 Time :     32.00000
 Time :     33.00000
 Time :     34.00000
 Time :     35.00000
dtime = 18.30303892493248
mbcr =

   0.250000000000000   0.359064269002796

agsout =

 Columns 1 through 3:

   7.396322285675617e-03   7.396322285675630e-03   7.396322285675626e-03
   1.516487597059734e-03   7.889158799701156e-03   7.889158799701144e-03

 Column 4:

   7.396322285675627e-03
   7.889158799701108e-03

ans = -3.223109256812872e-21
ans = 1.415486973837226e-20
ans = 7.380519015504389e-21
ans = 7.375969522135348e-21
nbcr = 4
lambda0 = 3.501084296647659
kmpl_prod = 0.180000000000000
 Time :      1.00000
 Time :      2.00000
 Time :      3.01000
 Time :      4.01000
 Time :      5.01000
 Time :      6.01000
 Time :      7.01000
 Time :      8.01000
 Time :      9.01000
 Time :     10.01000
 Time :     11.01000
 Time :     12.01000
 Time :     13.01000
 Time :     14.01000
 Time :     15.01000
 Time :     16.01000
 Time :     17.01000
 Time :     18.00000
 Time :     19.00000
 Time :     20.00000
 Time :     21.00000
 Time :     22.00000
 Time :     23.00000
 Time :     24.00000
 Time :     25.00000
 Time :     26.00000
 Time :     27.00000
 Time :     28.00000
 Time :     29.00000
 Time :     30.00000
 Time :     31.00000
 Time :     32.00000
 Time :     33.00000
 Time :     34.00000
 Time :     35.00000
dtime = 18.41213107109070
mbcr =

   0.250000000000000   0.359064269002796   0.362234184150302

agsout =

 Columns 1 through 3:

   7.396322285675617e-03   7.396322285675630e-03   7.396322285675626e-03
   1.516487597059734e-03   7.889158799701156e-03   7.889158799701144e-03
   1.406353860449100e-03   7.889222786837635e-03   7.889222786837645e-03

 Column 4:

   7.396322285675627e-03
   7.889158799701108e-03
   7.889222786837640e-03

ans = -7.281877727457441e-21
ans = 6.935599243527430e-21
ans = 1.032037061130613e-20
ans = 3.546588575109391e-21
nbcr = 4
lambda0 = 3.501084296647659
kmpl_prod = 0.180000000000000
 Time :      1.00000
 Time :      2.00000
 Time :      3.01000
 Time :      4.01000
 Time :      5.01000
 Time :      6.01000
 Time :      7.01000
 Time :      8.01000
 Time :      9.01000
 Time :     10.01000
 Time :     11.01000
 Time :     12.01000
 Time :     13.01000
 Time :     14.01000
 Time :     15.01000
 Time :     16.01000
 Time :     17.01000
 Time :     18.00000
 Time :     19.00000
 Time :     20.00000
 Time :     21.00000
 Time :     22.00000
 Time :     23.00000
 Time :     24.00000
 Time :     25.00000
 Time :     26.00000
 Time :     27.00000
 Time :     28.00000
 Time :     29.00000
 Time :     30.00000
 Time :     31.00000
 Time :     32.00000
 Time :     33.00000
 Time :     34.00000
 Time :     35.00000
dtime = 18.19855347275734
mbcr =

   0.250000000000000   0.359064269002796   0.362234184150302   0.399028401247328

agsout =

 Columns 1 through 3:

   7.396322285675617e-03   7.396322285675630e-03   7.396322285675626e-03
   1.516487597059734e-03   7.889158799701156e-03   7.889158799701144e-03
   1.406353860449100e-03   7.889222786837635e-03   7.889222786837645e-03
   4.518568801160383e-04   8.115304377884007e-03   8.115304377884009e-03

 Column 4:

   7.396322285675627e-03
   7.889158799701108e-03
   7.889222786837640e-03
   8.115304377884007e-03

ans = -3.010937429693021e-22
ans = 1.511708758592457e-20
ans = 4.953571098273806e-21
ans = 4.957862097701425e-21
nbcr = 4
lambda0 = 3.501084296647659
kmpl_prod = 0.180000000000000
 Time :      1.00000
 Time :      2.00000
 Time :      3.01000
 Time :      4.01000
 Time :      5.01000
 Time :      6.01000
 Time :      7.01000
 Time :      8.01000
 Time :      9.01000
 Time :     10.01000
 Time :     11.01000
 Time :     12.01000
 Time :     13.01000
 Time :     14.01000
 Time :     15.01000
 Time :     16.01000
 Time :     17.01000
 Time :     18.00000
 Time :     19.00000
 Time :     20.00000
 Time :     21.00000
 Time :     22.00000
 Time :     23.00000
 Time :     24.00000
 Time :     25.00000
 Time :     26.00000
 Time :     27.00000
 Time :     28.00000
 Time :     29.00000
 Time :     30.00000
 Time :     31.00000
 Time :     32.00000
 Time :     33.00000
 Time :     34.00000
 Time :     35.00000
dtime = 18.39830093085766
mbcr =

 Columns 1 through 4:

   0.250000000000000   0.359064269002796   0.362234184150302   0.399028401247328

 Column 5:

   0.389573257011391

agsout =

 Columns 1 through 3:

   7.396322285675617e-03   7.396322285675630e-03   7.396322285675626e-03
   1.516487597059734e-03   7.889158799701156e-03   7.889158799701144e-03
   1.406353860449100e-03   7.889222786837635e-03   7.889222786837645e-03
   4.518568801160383e-04   8.115304377884007e-03   8.115304377884009e-03
   6.269223726411351e-04   8.104463364766305e-03   8.104463364766301e-03

 Column 4:

   7.396322285675627e-03
   7.889158799701108e-03
   7.889222786837640e-03
   8.115304377884007e-03
   8.104463364766301e-03

ans = 4.410527026132744e-21
ans = 1.962692798435196e-21
ans = 1.212600249093282e-20
ans = 1.212600249093282e-20
nbcr = 4
lambda0 = 3.501084296647659
kmpl_prod = 0.180000000000000
 Time :      1.00000
 Time :      2.00000
 Time :      3.01000
 Time :      4.01000
 Time :      5.01000
 Time :      6.01000
 Time :      7.01000
 Time :      8.01000
 Time :      9.01000
 Time :     10.01000
 Time :     11.01000
 Time :     12.01000
 Time :     13.01000
 Time :     14.01000
 Time :     15.01000
 Time :     16.01000
 Time :     17.01000
 Time :     18.00000
 Time :     19.00000
 Time :     20.00000
 Time :     21.00000
 Time :     22.00000
 Time :     23.00000
 Time :     24.00000
 Time :     25.00000
 Time :     26.00000
 Time :     27.00000
 Time :     28.00000
 Time :     29.00000
 Time :     30.00000
 Time :     31.00000
 Time :     32.00000
 Time :     33.00000
 Time :     34.00000
 Time :     35.00000
dtime = 17.99840368330479
mbcr =

 Columns 1 through 4:

   0.250000000000000   0.359064269002796   0.362234184150302   0.399028401247328

 Columns 5 and 6:

   0.389573257011391   0.341297812272742

agsout =

 Columns 1 through 3:

   7.396322285675617e-03   7.396322285675630e-03   7.396322285675626e-03
   1.516487597059734e-03   7.889158799701156e-03   7.889158799701144e-03
   1.406353860449100e-03   7.889222786837635e-03   7.889222786837645e-03
   4.518568801160383e-04   8.115304377884007e-03   8.115304377884009e-03
   6.269223726411351e-04   8.104463364766305e-03   8.104463364766301e-03
   2.113553132530423e-03   7.771710903870511e-03   7.771710903870470e-03

 Column 4:

   7.396322285675627e-03
   7.889158799701108e-03
   7.889222786837640e-03
   8.115304377884007e-03
   8.104463364766301e-03
   7.771710903870467e-03

ans = 6.092392006606187e-21
ans = 2.108948670492229e-21
ans = 5.502250338337886e-21
ans = 5.500182386806504e-21
dkps =

 Columns 1 through 3:

   7.747671479118857e+00   6.939450337361634e+00   1.732582498591437e+00

 Columns 4 through 6:

   5.521186136930877e+00   5.996092331384091e+00   2.193685510481547e+01

nbcr = 5
lambda0 = 3.501084296647659
kmpl_prod = 0.180000000000000
 Time :      1.00000
 Time :      2.00000
 Time :      3.01000
 Time :      4.01000
 Time :      5.01000
 Time :      6.01000
 Time :      7.01000
 Time :      8.01000
 Time :      9.01000
 Time :     10.01000
 Time :     11.01000
 Time :     12.01000
 Time :     13.01000
 Time :     14.01000
 Time :     15.01000
 Time :     16.01000
 Time :     17.01000
 Time :     18.00000
 Time :     19.00000
 Time :     20.00000
 Time :     21.00000
 Time :     22.00000
 Time :     23.00000
 Time :     24.00000
 Time :     25.00000
 Time :     26.00000
 Time :     27.00000
 Time :     28.00000
 Time :     29.00000
 Time :     30.00000
 Time :     31.00000
 Time :     32.00000
 Time :     33.00000
 Time :     34.00000
 Time :     35.00000
dtime = 23.07967767119408
mbcr = 0.200000000000000
agsout =

 Columns 1 through 3:

   6.654776675632307e-03   6.654776675632309e-03   6.654776675632313e-03

 Columns 4 and 5:

   6.654776675632314e-03   6.654776675632316e-03

ans = 1.131367881766307e-20
ans = -3.797948083748942e-21
ans = -3.794018975839315e-21
ans = -3.798930360726349e-21
ans = -3.797017505559820e-21
nbcr = 5
lambda0 = 3.501084296647659
kmpl_prod = 0.180000000000000
 Time :      1.00000
 Time :      2.00000
 Time :      3.01000
 Time :      4.01000
 Time :      5.01000
 Time :      6.01000
 Time :      7.01000
 Time :      8.01000
 Time :      9.01000
 Time :     10.01000
 Time :     11.01000
 Time :     12.01000
 Time :     13.01000
 Time :     14.01000
 Time :     15.01000
 Time :     16.01000
 Time :     17.01000
 Time :     18.00000
 Time :     19.00000
 Time :     20.00000
 Time :     21.00000
 Time :     22.00000
 Time :     23.00000
 Time :     24.00000
 Time :     25.00000
 Time :     26.00000
 Time :     27.00000
 Time :     28.00000
 Time :     29.00000
 Time :     30.00000
 Time :     31.00000
 Time :     32.00000
 Time :     33.00000
 Time :     34.00000
 Time :     35.00000
dtime = 23.34335558116436
mbcr =

   0.200000000000000   0.324882711128839

agsout =

 Columns 1 through 3:

   6.654776675632307e-03   6.654776675632309e-03   6.654776675632313e-03
   9.164504708798871e-04   7.326388888206766e-03   7.326388888206762e-03

 Columns 4 and 5:

   6.654776675632314e-03   6.654776675632316e-03
   7.326388888206724e-03   7.326388888206723e-03

ans = 7.279189390466644e-21
ans = 5.548003765969726e-21
ans = 2.157700627844573e-21
ans = 2.161371241812777e-21
ans = 2.157131941173442e-21
nbcr = 5
lambda0 = 3.501084296647659
kmpl_prod = 0.180000000000000
 Time :      1.00000
 Time :      2.00000
 Time :      3.01000
 Time :      4.01000
 Time :      5.01000
 Time :      6.01000
 Time :      7.01000
 Time :      8.01000
 Time :      9.01000
 Time :     10.01000
 Time :     11.01000
 Time :     12.01000
 Time :     13.01000
 Time :     14.01000
 Time :     15.01000
 Time :     16.01000
 Time :     17.01000
 Time :     18.00000
 Time :     19.00000
 Time :     20.00000
 Time :     21.00000
 Time :     22.00000
 Time :     23.00000
 Time :     24.00000
 Time :     25.00000
 Time :     26.00000
 Time :     27.00000
 Time :     28.00000
 Time :     29.00000
 Time :     30.00000
 Time :     31.00000
 Time :     32.00000
 Time :     33.00000
 Time :     34.00000
 Time :     35.00000
dtime = 23.37331920862198
mbcr =

   0.200000000000000   0.324882711128839   0.352189944596811

agsout =

 Columns 1 through 3:

   6.654776675632307e-03   6.654776675632309e-03   6.654776675632313e-03
   9.164504708798871e-04   7.326388888206766e-03   7.326388888206762e-03
   4.230275707224142e-04   7.430143256614273e-03   7.430143256614272e-03

 Columns 4 and 5:

   6.654776675632314e-03   6.654776675632316e-03
   7.326388888206724e-03   7.326388888206723e-03
   7.430143256614270e-03   7.430143256614265e-03

ans = 8.112987447920095e-21
ans = -3.567733379517777e-22
ans = 6.419490240082625e-21
ans = -3.746766283347223e-21
ans = 3.033167908655383e-21
nbcr = 5
lambda0 = 3.501084296647659
kmpl_prod = 0.180000000000000
 Time :      1.00000
 Time :      2.00000
 Time :      3.01000
 Time :      4.01000
 Time :      5.01000
 Time :      6.01000
 Time :      7.01000
 Time :      8.01000
 Time :      9.01000
 Time :     10.01000
 Time :     11.01000
 Time :     12.01000
 Time :     13.01000
 Time :     14.01000
 Time :     15.01000
 Time :     16.01000
 Time :     17.01000
 Time :     18.00000
 Time :     19.00000
 Time :     20.00000
 Time :     21.00000
 Time :     22.00000
 Time :     23.00000
 Time :     24.00000
 Time :     25.00000
 Time :     26.00000
 Time :     27.00000
 Time :     28.00000
 Time :     29.00000
 Time :     30.00000
 Time :     31.00000
 Time :     32.00000
 Time :     33.00000
 Time :     34.00000
 Time :     35.00000
dtime = 24.49968606233597
mbcr =

   0.200000000000000   0.324882711128839   0.352189944596811   0.369533373880400

agsout =

 Columns 1 through 3:

   6.654776675632307e-03   6.654776675632309e-03   6.654776675632313e-03
   9.164504708798871e-04   7.326388888206766e-03   7.326388888206762e-03
   4.230275707224142e-04   7.430143256614273e-03   7.430143256614272e-03
   1.423461234037041e-04   7.492608541072968e-03   7.492608541073024e-03

 Columns 4 and 5:

   6.654776675632314e-03   6.654776675632316e-03
   7.326388888206724e-03   7.326388888206723e-03
   7.430143256614270e-03   7.430143256614265e-03
   7.492608541072979e-03   7.492608541072976e-03

ans = 3.335192229813808e-21
ans = -5.370470127000532e-22
ans = 6.252141262405491e-21
ans = 1.302002963673779e-20
ans = 1.302344175676458e-20
nbcr = 5
lambda0 = 3.501084296647659
kmpl_prod = 0.180000000000000
 Time :      1.00000
 Time :      2.00000
 Time :      3.01000
 Time :      4.01000
 Time :      5.01000
 Time :      6.01000
 Time :      7.01000
 Time :      8.01000
 Time :      9.01000
 Time :     10.01000
 Time :     11.01000
 Time :     12.01000
 Time :     13.01000
 Time :     14.01000
 Time :     15.01000
 Time :     16.01000
 Time :     17.01000
 Time :     18.00000
 Time :     19.00000
 Time :     20.00000
 Time :     21.00000
 Time :     22.00000
 Time :     23.00000
 Time :     24.00000
 Time :     25.00000
 Time :     26.00000
 Time :     27.00000
 Time :     28.00000
 Time :     29.00000
 Time :     30.00000
 Time :     31.00000
 Time :     32.00000
 Time :     33.00000
 Time :     34.00000
 Time :     35.00000
dtime = 24.35027025640011
mbcr =

 Columns 1 through 4:

   0.200000000000000   0.324882711128839   0.352189944596811   0.369533373880400

 Column 5:

   0.361417859440372

agsout =

 Columns 1 through 3:

   6.654776675632307e-03   6.654776675632309e-03   6.654776675632313e-03
   9.164504708798871e-04   7.326388888206766e-03   7.326388888206762e-03
   4.230275707224142e-04   7.430143256614273e-03   7.430143256614272e-03
   1.423461234037041e-04   7.492608541072968e-03   7.492608541073024e-03
   1.896107467584669e-04   7.489365401159064e-03   7.489365401159048e-03

 Columns 4 and 5:

   6.654776675632314e-03   6.654776675632316e-03
   7.326388888206724e-03   7.326388888206723e-03
   7.430143256614270e-03   7.430143256614265e-03
   7.492608541072979e-03   7.492608541072976e-03
   7.489365401159051e-03   7.489365401159055e-03

ans = 5.333660589741922e-21
ans = 8.423697165510326e-21
ans = 1.182299589279699e-20
ans = 1.181182895452753e-20
ans = 1.182454685644553e-20
nbcr = 5
lambda0 = 3.501084296647659
kmpl_prod = 0.180000000000000
 Time :      1.00000
 Time :      2.00000
 Time :      3.01000
 Time :      4.01000
 Time :      5.01000
 Time :      6.01000
 Time :      7.01000
 Time :      8.01000
 Time :      9.01000
 Time :     10.01000
 Time :     11.01000
 Time :     12.01000
 Time :     13.01000
 Time :     14.01000
 Time :     15.01000
 Time :     16.01000
 Time :     17.01000
 Time :     18.00000
 Time :     19.00000
 Time :     20.00000
 Time :     21.00000
 Time :     22.00000
 Time :     23.00000
 Time :     24.00000
 Time :     25.00000
 Time :     26.00000
 Time :     27.00000
 Time :     28.00000
 Time :     29.00000
 Time :     30.00000
 Time :     31.00000
 Time :     32.00000
 Time :     33.00000
 Time :     34.00000
 Time :     35.00000
dtime = 23.55172298848629
mbcr =

 Columns 1 through 4:

   0.200000000000000   0.324882711128839   0.352189944596811   0.369533373880400

 Columns 5 and 6:

   0.361417859440372   0.355776612701398

agsout =

 Columns 1 through 3:

   6.654776675632307e-03   6.654776675632309e-03   6.654776675632313e-03
   9.164504708798871e-04   7.326388888206766e-03   7.326388888206762e-03
   4.230275707224142e-04   7.430143256614273e-03   7.430143256614272e-03
   1.423461234037041e-04   7.492608541072968e-03   7.492608541073024e-03
   1.896107467584669e-04   7.489365401159064e-03   7.489365401159048e-03
   2.868911558152494e-04   7.430654972106663e-03   7.430654972106660e-03

 Columns 4 and 5:

   6.654776675632314e-03   6.654776675632316e-03
   7.326388888206724e-03   7.326388888206723e-03
   7.430143256614270e-03   7.430143256614265e-03
   7.492608541072979e-03   7.492608541072976e-03
   7.489365401159051e-03   7.489365401159055e-03
   7.430654972106654e-03   7.430654972106657e-03

ans = 8.523269031746397e-21
ans = 1.025983133022491e-20
ans = 1.026624197997220e-20
ans = 3.485532306145320e-21
ans = 6.886278599503955e-21
dkps =

 Columns 1 through 3:

   1.024844747652612e+01   2.522206394415789e+00   5.505226317696623e-01

 Columns 4 through 6:

   2.879509537451831e+01   9.016017717814588e+00   1.047207274937821e+02

nbcr = 7
lambda0 = 3.501084296647659
kmpl_prod = 0.180000000000000
 Time :      1.00000
 Time :      2.00000
 Time :      3.01000
 Time :      4.01000
 Time :      5.01000
 Time :      6.01000
 Time :      7.01000
 Time :      8.01000
 Time :      9.01000
 Time :     10.01000
 Time :     11.01000
 Time :     12.01000
 Time :     13.01000
 Time :     14.01000
 Time :     15.01000
 Time :     16.01000
 Time :     17.01000
 Time :     18.00000
 Time :     19.00000
 Time :     20.00000
 Time :     21.00000
 Time :     22.00000
 Time :     23.00000
 Time :     24.00000
 Time :     25.00000
 Time :     26.00000
 Time :     27.00000
 Time :     28.00000
 Time :     29.00000
 Time :     30.00000
 Time :     31.00000
 Time :     32.00000
 Time :     33.00000
 Time :     34.00000
 Time :     35.00000
dtime = 32.43713043630123
mbcr = 0.142857142857143
agsout =

 Columns 1 through 3:

   5.805757013961514e-03   5.805757013961522e-03   5.805757013961515e-03

 Columns 4 through 6:

   5.805757013961535e-03   5.805757013961533e-03   5.805757013961519e-03

 Column 7:

   5.805757013961519e-03

ans = 3.829277549449388e-21
ans = 4.537085659853357e-21
ans = 1.163532929132403e-21
ans = -2.232353678127483e-21
ans = 4.546701634474286e-21
ans = -5.617486937424180e-21
ans = -2.230182329019532e-21
nbcr = 7
lambda0 = 3.501084296647659
kmpl_prod = 0.180000000000000
 Time :      1.00000
 Time :      2.00000
 Time :      3.01000
 Time :      4.01000
 Time :      5.01000
 Time :      6.01000
 Time :      7.01000
 Time :      8.01000
 Time :      9.01000
 Time :     10.01000
 Time :     11.01000
 Time :     12.01000
 Time :     13.01000
 Time :     14.01000
 Time :     15.01000
 Time :     16.01000
 Time :     17.01000
 Time :     18.00000
 Time :     19.00000
 Time :     20.00000
 Time :     21.00000
 Time :     22.00000
 Time :     23.00000
 Time :     24.00000
 Time :     25.00000
 Time :     26.00000
 Time :     27.00000
 Time :     28.00000
 Time :     29.00000
 Time :     30.00000
 Time :     31.00000
 Time :     32.00000
 Time :     33.00000
 Time :     34.00000
 Time :     35.00000
dtime = 32.71356225013733
mbcr =

   0.142857142857143   0.263490579301105

agsout =

 Columns 1 through 3:

   5.805757013961514e-03   5.805757013961522e-03   5.805757013961515e-03
   8.314530357387186e-04   6.490757305410592e-03   6.490757305410582e-03

 Columns 4 through 6:

   5.805757013961535e-03   5.805757013961533e-03   5.805757013961519e-03
   6.490757305410564e-03   6.490757305410558e-03   6.490757305410586e-03

 Column 7:

   5.805757013961519e-03
   6.490757305410540e-03

ans = -8.371067799036640e-22
ans = 4.187601851049703e-23
ans = 3.980806697911446e-23
ans = 3.417393303186265e-21
ans = 6.817622608662054e-21
ans = 3.426595687500917e-21
ans = 3.422563182014721e-21
nbcr = 7
lambda0 = 3.501084296647659
kmpl_prod = 0.180000000000000
 Time :      1.00000
 Time :      2.00000
 Time :      3.01000
 Time :      4.01000
 Time :      5.01000
 Time :      6.01000
 Time :      7.01000
 Time :      8.01000
 Time :      9.01000
 Time :     10.01000
 Time :     11.01000
 Time :     12.01000
 Time :     13.01000
 Time :     14.01000
 Time :     15.01000
 Time :     16.01000
 Time :     17.01000
 Time :     18.00000
 Time :     19.00000
 Time :     20.00000
 Time :     21.00000
 Time :     22.00000
 Time :     23.00000
 Time :     24.00000
 Time :     25.00000
 Time :     26.00000
 Time :     27.00000
 Time :     28.00000
 Time :     29.00000
 Time :     30.00000
 Time :     31.00000
 Time :     32.00000
 Time :     33.00000
 Time :     34.00000
 Time :     35.00000
dtime = 34.13807675242424
mbcr =

   0.142857142857143   0.263490579301105   0.310385624148457

agsout =

 Columns 1 through 3:

   5.805757013961514e-03   5.805757013961522e-03   5.805757013961515e-03
   8.314530357387186e-04   6.490757305410592e-03   6.490757305410582e-03
   2.144748388016507e-04   6.642049191803260e-03   6.642049191803283e-03

 Columns 4 through 6:

   5.805757013961535e-03   5.805757013961533e-03   5.805757013961519e-03
   6.490757305410564e-03   6.490757305410558e-03   6.490757305410586e-03
   6.642049191803277e-03   6.642049191803263e-03   6.642049191803293e-03

 Column 7:

   5.805757013961519e-03
   6.490757305410540e-03
   6.642049191803293e-03

ans = 8.840906386966760e-21
ans = 6.488094532136242e-21
ans = 6.482821255731216e-21
ans = 6.470206751389782e-21
ans = 9.876226321153443e-21
ans = 6.491299857009885e-21
ans = 6.491299857009885e-21
nbcr = 7
lambda0 = 3.501084296647659
kmpl_prod = 0.180000000000000
 Time :      1.00000
 Time :      2.00000
 Time :      3.01000
 Time :      4.01000
 Time :      5.01000
 Time :      6.01000
 Time :      7.01000
 Time :      8.01000
 Time :      9.01000
 Time :     10.01000
 Time :     11.01000
 Time :     12.01000
 Time :     13.01000
 Time :     14.01000
 Time :     15.01000
 Time :     16.01000
 Time :     17.01000
 Time :     18.00000
 Time :     19.00000
 Time :     20.00000
 Time :     21.00000
 Time :     22.00000
 Time :     23.00000
 Time :     24.00000
 Time :     25.00000
 Time :     26.00000
 Time :     27.00000
 Time :     28.00000
 Time :     29.00000
 Time :     30.00000
 Time :     31.00000
 Time :     32.00000
 Time :     33.00000
 Time :     34.00000
 Time :     35.00000
dtime = 34.77100431919098
mbcr =

   0.142857142857143   0.263490579301105   0.310385624148457   0.324934579462227

agsout =

 Columns 1 through 3:

   5.805757013961514e-03   5.805757013961522e-03   5.805757013961515e-03
   8.314530357387186e-04   6.490757305410592e-03   6.490757305410582e-03
   2.144748388016507e-04   6.642049191803260e-03   6.642049191803283e-03
   4.188403012345817e-05   6.688899747441334e-03   6.688899747441359e-03

 Columns 4 through 6:

   5.805757013961535e-03   5.805757013961533e-03   5.805757013961519e-03
   6.490757305410564e-03   6.490757305410558e-03   6.490757305410586e-03
   6.642049191803277e-03   6.642049191803263e-03   6.642049191803293e-03
   6.688899747441354e-03   6.688899747441320e-03   6.688899747441357e-03

 Column 7:

   5.805757013961519e-03
   6.490757305410540e-03
   6.642049191803293e-03
   6.688899747441356e-03

ans = 5.188076801932590e-21
ans = -2.443491529481644e-21
ans = 4.339906481336029e-21
ans = 9.483625722920462e-22
ans = 9.462946207606637e-22
ans = 9.501203310937214e-22
ans = 9.483625722920462e-22
nbcr = 7
lambda0 = 3.501084296647659
kmpl_prod = 0.180000000000000
 Time :      1.00000
 Time :      2.00000
 Time :      3.01000
 Time :      4.01000
 Time :      5.01000
 Time :      6.01000
 Time :      7.01000
 Time :      8.01000
 Time :      9.01000
 Time :     10.01000
 Time :     11.01000
 Time :     12.01000
 Time :     13.01000
 Time :     14.01000
 Time :     15.01000
 Time :     16.01000
 Time :     17.01000
 Time :     18.00000
 Time :     19.00000
 Time :     20.00000
 Time :     21.00000
 Time :     22.00000
 Time :     23.00000
 Time :     24.00000
 Time :     25.00000
 Time :     26.00000
 Time :     27.00000
 Time :     28.00000
 Time :     29.00000
 Time :     30.00000
 Time :     31.00000
 Time :     32.00000
 Time :     33.00000
 Time :     34.00000
 Time :     35.00000
dtime = 34.21292044222355
mbcr =

 Columns 1 through 4:

   0.142857142857143   0.263490579301105   0.310385624148457   0.324934579462227

 Column 5:

   0.293270279051414

agsout =

 Columns 1 through 3:

   5.805757013961514e-03   5.805757013961522e-03   5.805757013961515e-03
   8.314530357387186e-04   6.490757305410592e-03   6.490757305410582e-03
   2.144748388016507e-04   6.642049191803260e-03   6.642049191803283e-03
   4.188403012345817e-05   6.688899747441334e-03   6.688899747441359e-03
   3.311422353217717e-04   6.633781549483022e-03   6.633781549483062e-03

 Columns 4 through 6:

   5.805757013961535e-03   5.805757013961533e-03   5.805757013961519e-03
   6.490757305410564e-03   6.490757305410558e-03   6.490757305410586e-03
   6.642049191803277e-03   6.642049191803263e-03   6.642049191803293e-03
   6.688899747441354e-03   6.688899747441320e-03   6.688899747441357e-03
   6.633781549483028e-03   6.633781549483027e-03   6.633781549483023e-03

 Column 7:

   5.805757013961519e-03
   6.490757305410540e-03
   6.642049191803293e-03
   6.688899747441356e-03
   6.633781549483023e-03

ans = 9.830214399580181e-21
ans = 4.393776618728545e-21
ans = 1.005644829711343e-21
ans = 9.977866138920896e-22
ans = 4.388296547170381e-21
ans = 9.861026877397781e-22
ans = 9.861026877397781e-22
nbcr = 7
lambda0 = 3.501084296647659
kmpl_prod = 0.180000000000000
 Time :      1.00000
 Time :      2.00000
 Time :      3.01000
 Time :      4.01000
 Time :      5.01000
 Time :      6.01000
 Time :      7.01000
 Time :      8.01000
 Time :      9.01000
 Time :     10.01000
 Time :     11.01000
 Time :     12.01000
 Time :     13.01000
 Time :     14.01000
 Time :     15.01000
 Time :     16.01000
 Time :     17.01000
 Time :     18.00000
 Time :     19.00000
 Time :     20.00000
 Time :     21.00000
 Time :     22.00000
 Time :     23.00000
 Time :     24.00000
 Time :     25.00000
 Time :     26.00000
 Time :     27.00000
 Time :     28.00000
 Time :     29.00000
 Time :     30.00000
 Time :     31.00000
 Time :     32.00000
 Time :     33.00000
 Time :     34.00000
 Time :     35.00000
dtime = 31.35218359529972
mbcr =

 Columns 1 through 4:

   0.142857142857143   0.263490579301105   0.310385624148457   0.324934579462227

 Columns 5 and 6:

   0.293270279051414   0.292403622160226

agsout =

 Columns 1 through 3:

   5.805757013961514e-03   5.805757013961522e-03   5.805757013961515e-03
   8.314530357387186e-04   6.490757305410592e-03   6.490757305410582e-03
   2.144748388016507e-04   6.642049191803260e-03   6.642049191803283e-03
   4.188403012345817e-05   6.688899747441334e-03   6.688899747441359e-03
   3.311422353217717e-04   6.633781549483022e-03   6.633781549483062e-03
   4.605357901188138e-04   6.487733191640017e-03   6.487733191640071e-03

 Columns 4 through 6:

   5.805757013961535e-03   5.805757013961533e-03   5.805757013961519e-03
   6.490757305410564e-03   6.490757305410558e-03   6.490757305410586e-03
   6.642049191803277e-03   6.642049191803263e-03   6.642049191803293e-03
   6.688899747441354e-03   6.688899747441320e-03   6.688899747441357e-03
   6.633781549483028e-03   6.633781549483027e-03   6.633781549483023e-03
   6.487733191640071e-03   6.487733191640067e-03   6.487733191640061e-03

 Column 7:

   5.805757013961519e-03
   6.490757305410540e-03
   6.642049191803293e-03
   6.688899747441356e-03
   6.633781549483023e-03
   6.487733191640060e-03

ans = 6.313042435004707e-21
ans = 8.493076939388212e-22
ans = 8.436208272275191e-22
ans = 7.633946475675323e-21
ans = 8.511688503170655e-22
ans = 7.630844548378249e-21
ans = 4.244573915739292e-21
dkps =

 Columns 1 through 3:

   2.308689786971314e+02   1.259851392879961e+00   5.395558026567774e+01

 Columns 4 through 6:

   6.229773659020614e+00   1.286877971392966e+01   1.266659354108658e+01

nbcr = 10
lambda0 = 3.501084296647659
kmpl_prod = 0.180000000000000
 Time :      1.00000
 Time :      2.00000
 Time :      3.01000
 Time :      4.01000
 Time :      5.01000
 Time :      6.01000
 Time :      7.01000
 Time :      8.01000
 Time :      9.01000
 Time :     10.01000
 Time :     11.01000
 Time :     12.01000
 Time :     13.01000
 Time :     14.01000
 Time :     15.01000
 Time :     16.01000
 Time :     17.01000
 Time :     18.00000
 Time :     19.00000
 Time :     20.00000
 Time :     21.00000
 Time :     22.00000
 Time :     23.00000
 Time :     24.00000
 Time :     25.00000
 Time :     26.00000
 Time :     27.00000
 Time :     28.00000
 Time :     29.00000
 Time :     30.00000
 Time :     31.00000
 Time :     32.00000
 Time :     33.00000
 Time :     34.00000
 Time :     35.00000
dtime = 47.15728797018528
mbcr = 0.100000000000000
agsout =

 Columns 1 through 3:

   5.165803084021687e-03   5.165803084021710e-03   5.165803084021646e-03

 Columns 4 through 6:

   5.165803084021644e-03   5.165803084021664e-03   5.165803084021658e-03

 Columns 7 through 9:

   5.165803084021657e-03   5.165803084021666e-03   5.165803084021665e-03

 Column 10:

   5.165803084021660e-03

ans = -1.244958520680591e-21
ans = -1.210061838588510e-21
ans = -4.606155241001535e-21
ans = 5.546969790204034e-21
ans = -1.214301139227845e-21
ans = 2.169487951573453e-21
ans = -4.611738710136268e-21
ans = 2.169591349150022e-21
ans = -1.216369090759227e-21
ans = -4.619286733225814e-21
nbcr = 10
lambda0 = 3.501084296647659
kmpl_prod = 0.180000000000000
 Time :      1.00000
 Time :      2.00000
 Time :      3.01000
 Time :      4.01000
 Time :      5.01000
 Time :      6.01000
 Time :      7.01000
 Time :      8.01000
 Time :      9.01000
 Time :     10.01000
 Time :     11.01000
 Time :     12.01000
 Time :     13.01000
 Time :     14.01000
 Time :     15.01000
 Time :     16.01000
 Time :     17.01000
 Time :     18.00000
 Time :     19.00000
 Time :     20.00000
 Time :     21.00000
 Time :     22.00000
 Time :     23.00000
 Time :     24.00000
 Time :     25.00000
 Time :     26.00000
 Time :     27.00000
 Time :     28.00000
 Time :     29.00000
 Time :     30.00000
 Time :     31.00000
 Time :     32.00000
 Time :     33.00000
 Time :     34.00000
 Time :     35.00000
dtime = 46.64497934281826
mbcr =

   0.100000000000000   0.120687464745905

agsout =

 Columns 1 through 3:

   5.165803084021687e-03   5.165803084021710e-03   5.165803084021646e-03
   3.542882268806692e-03   5.156182527104199e-03   5.156182527104211e-03

 Columns 4 through 6:

   5.165803084021644e-03   5.165803084021664e-03   5.165803084021658e-03
   5.156182527104208e-03   5.156182527104211e-03   5.156182527104199e-03

 Columns 7 through 9:

   5.165803084021657e-03   5.165803084021666e-03   5.165803084021665e-03
   5.156182527104218e-03   5.156182527104216e-03   5.156182527104218e-03

 Column 10:

   5.165803084021660e-03
   5.156182527104218e-03

ans = -4.854206027190874e-21
ans = 6.222362760353582e-21
ans = 9.610804742100490e-21
ans = 6.222672953083289e-21
ans = 6.214194351804620e-21
ans = 6.220811796705045e-21
ans = 6.217503074254833e-21
ans = 2.822650442760638e-21
ans = 1.299397344744237e-20
ans = 1.299221568864070e-20
nbcr = 10
lambda0 = 3.501084296647659
kmpl_prod = 0.180000000000000
 Time :      1.00000
 Time :      2.00000
 Time :      3.01000
 Time :      4.01000
 Time :      5.01000
 Time :      6.01000
 Time :      7.01000
 Time :      8.01000
 Time :      9.01000
 Time :     10.01000
 Time :     11.01000
 Time :     12.01000
 Time :     13.01000
 Time :     14.01000
 Time :     15.01000
 Time :     16.01000
 Time :     17.01000
 Time :     18.00000
 Time :     19.00000
 Time :     20.00000
 Time :     21.00000
 Time :     22.00000
 Time :     23.00000
 Time :     24.00000
 Time :     25.00000
 Time :     26.00000
 Time :     27.00000
 Time :     28.00000
 Time :     29.00000
 Time :     30.00000
 Time :     31.00000
 Time :     32.00000
 Time :     33.00000
 Time :     34.00000
 Time :     35.00000
dtime = 49.31160137057304
mbcr =

   0.100000000000000   0.120687464745905   0.267005633466315

agsout =

 Columns 1 through 3:

   5.165803084021687e-03   5.165803084021710e-03   5.165803084021646e-03
   3.542882268806692e-03   5.156182527104199e-03   5.156182527104211e-03
   1.488811393622254e-04   6.140495199632151e-03   6.140495199632133e-03

 Columns 4 through 6:

   5.165803084021644e-03   5.165803084021664e-03   5.165803084021658e-03
   5.156182527104208e-03   5.156182527104211e-03   5.156182527104199e-03
   6.140495199632104e-03   6.140495199632142e-03   6.140495199632133e-03

 Columns 7 through 9:

   5.165803084021657e-03   5.165803084021666e-03   5.165803084021665e-03
   5.156182527104218e-03   5.156182527104216e-03   5.156182527104218e-03
   6.140495199632141e-03   6.140495199632149e-03   6.140495199632141e-03

 Column 10:

   5.165803084021660e-03
   5.156182527104218e-03
   6.140495199632134e-03

ans = 4.685150989500349e-21
ans = -1.671111632510254e-21
ans = -1.644641852908557e-21
ans = -1.643814672296004e-21
ans = 1.742455960342953e-21
ans = -1.649811731737014e-21
ans = -1.631820553413985e-21
ans = 1.723224011101095e-21
ans = 1.723637601407371e-21
ans = 1.723224011101095e-21
nbcr = 10
lambda0 = 3.501084296647659
kmpl_prod = 0.180000000000000
 Time :      1.00000
 Time :      2.00000
 Time :      3.01000
 Time :      4.01000
 Time :      5.01000
 Time :      6.01000
 Time :      7.01000
 Time :      8.01000
 Time :      9.01000
 Time :     10.01000
 Time :     11.01000
 Time :     12.01000
 Time :     13.01000
 Time :     14.01000
 Time :     15.01000
 Time :     16.01000
 Time :     17.01000
 Time :     18.00000
 Time :     19.00000
 Time :     20.00000
 Time :     21.00000
 Time :     22.00000
 Time :     23.00000
 Time :     24.00000
 Time :     25.00000
 Time :     26.00000
 Time :     27.00000
 Time :     28.00000
 Time :     29.00000
 Time :     30.00000
 Time :     31.00000
 Time :     32.00000
 Time :     33.00000
 Time :     34.00000
 Time :     35.00000
dtime = 46.82737626135349
mbcr =

   0.100000000000000   0.120687464745905   0.267005633466315   0.226896773190197

agsout =

 Columns 1 through 3:

   5.165803084021687e-03   5.165803084021710e-03   5.165803084021646e-03
   3.542882268806692e-03   5.156182527104199e-03   5.156182527104211e-03
   1.488811393622254e-04   6.140495199632151e-03   6.140495199632133e-03
   5.860455730828582e-04   5.907490372109019e-03   5.907490372109006e-03

 Columns 4 through 6:

   5.165803084021644e-03   5.165803084021664e-03   5.165803084021658e-03
   5.156182527104208e-03   5.156182527104211e-03   5.156182527104199e-03
   6.140495199632104e-03   6.140495199632142e-03   6.140495199632133e-03
   5.907490372109039e-03   5.907490372109062e-03   5.907490372109036e-03

 Columns 7 through 9:

   5.165803084021657e-03   5.165803084021666e-03   5.165803084021665e-03
   5.156182527104218e-03   5.156182527104216e-03   5.156182527104218e-03
   6.140495199632141e-03   6.140495199632149e-03   6.140495199632141e-03
   5.907490372109045e-03   5.907490372109047e-03   5.907490372109084e-03

 Column 10:

   5.165803084021660e-03
   5.156182527104218e-03
   6.140495199632134e-03
   5.907490372109084e-03

ans = -2.286327213096568e-21
ans = 6.652600076457725e-22
ans = 4.049462688753347e-21
ans = 7.441730380833313e-21
ans = 6.611241045830074e-22
ans = -2.716254336471005e-21
ans = 4.049255893600209e-21
ans = 6.718774525461967e-22
ans = 4.051737435437868e-21
ans = 4.062904373707334e-21
nbcr = 10
lambda0 = 3.501084296647659
kmpl_prod = 0.180000000000000
 Time :      1.00000
 Time :      2.00000
 Time :      3.01000
 Time :      4.01000
 Time :      5.01000
 Time :      6.01000
 Time :      7.01000
 Time :      8.01000
 Time :      9.01000
 Time :     10.01000
 Time :     11.01000
 Time :     12.01000
 Time :     13.01000
 Time :     14.01000
 Time :     15.01000
 Time :     16.01000
 Time :     17.01000
 Time :     18.00000
 Time :     19.00000
 Time :     20.00000
 Time :     21.00000
 Time :     22.00000
 Time :     23.00000
 Time :     24.00000
 Time :     25.00000
 Time :     26.00000
 Time :     27.00000
 Time :     28.00000
 Time :     29.00000
 Time :     30.00000
 Time :     31.00000
 Time :     32.00000
 Time :     33.00000
 Time :     34.00000
 Time :     35.00000
dtime = 47.18219228088856
mbcr =

 Columns 1 through 4:

   0.100000000000000   0.120687464745905   0.267005633466315   0.226896773190197

 Column 5:

   0.253108367756559

agsout =

 Columns 1 through 3:

   5.165803084021687e-03   5.165803084021710e-03   5.165803084021646e-03
   3.542882268806692e-03   5.156182527104199e-03   5.156182527104211e-03
   1.488811393622254e-04   6.140495199632151e-03   6.140495199632133e-03
   5.860455730828582e-04   5.907490372109019e-03   5.907490372109006e-03
   3.175275848607616e-04   5.941183395212065e-03   5.941183395212038e-03

 Columns 4 through 6:

   5.165803084021644e-03   5.165803084021664e-03   5.165803084021658e-03
   5.156182527104208e-03   5.156182527104211e-03   5.156182527104199e-03
   6.140495199632104e-03   6.140495199632142e-03   6.140495199632133e-03
   5.907490372109039e-03   5.907490372109062e-03   5.907490372109036e-03
   5.941183395212052e-03   5.941183395212071e-03   5.941183395212076e-03

 Columns 7 through 9:

   5.165803084021657e-03   5.165803084021666e-03   5.165803084021665e-03
   5.156182527104218e-03   5.156182527104216e-03   5.156182527104218e-03
   6.140495199632141e-03   6.140495199632149e-03   6.140495199632141e-03
   5.907490372109045e-03   5.907490372109047e-03   5.907490372109084e-03
   5.941183395212055e-03   5.941183395212059e-03   5.941183395212053e-03

 Column 10:

   5.165803084021660e-03
   5.156182527104218e-03
   6.140495199632134e-03
   5.907490372109084e-03
   5.941183395212051e-03

ans = -1.548482106699268e-21
ans = -4.268251960773623e-22
ans = 6.353987875326082e-21
ans = 2.959238641408457e-21
ans = -4.214485220957676e-22
ans = 2.959238641408457e-21
ans = -4.417144471033168e-22
ans = -4.156582578078964e-22
ans = -4.239300639334267e-22
ans = 2.959652231714733e-21
nbcr = 10
lambda0 = 3.501084296647659
kmpl_prod = 0.180000000000000
 Time :      1.00000
 Time :      2.00000
 Time :      3.01000
 Time :      4.01000
 Time :      5.01000
 Time :      6.01000
 Time :      7.01000
 Time :      8.01000
 Time :      9.01000
 Time :     10.01000
 Time :     11.01000
 Time :     12.01000
 Time :     13.01000
 Time :     14.01000
 Time :     15.01000
 Time :     16.01000
 Time :     17.01000
 Time :     18.00000
 Time :     19.00000
 Time :     20.00000
 Time :     21.00000
 Time :     22.00000
 Time :     23.00000
 Time :     24.00000
 Time :     25.00000
 Time :     26.00000
 Time :     27.00000
 Time :     28.00000
 Time :     29.00000
 Time :     30.00000
 Time :     31.00000
 Time :     32.00000
 Time :     33.00000
 Time :     34.00000
 Time :     35.00000
dtime = 46.22179716825485
mbcr =

 Columns 1 through 4:

   0.100000000000000   0.120687464745905   0.267005633466315   0.226896773190197

 Columns 5 and 6:

   0.253108367756559   0.253960101471835

agsout =

 Columns 1 through 3:

   5.165803084021687e-03   5.165803084021710e-03   5.165803084021646e-03
   3.542882268806692e-03   5.156182527104199e-03   5.156182527104211e-03
   1.488811393622254e-04   6.140495199632151e-03   6.140495199632133e-03
   5.860455730828582e-04   5.907490372109019e-03   5.907490372109006e-03
   3.175275848607616e-04   5.941183395212065e-03   5.941183395212038e-03
   2.683454281725938e-04   6.058062554415497e-03   6.058062554415490e-03

 Columns 4 through 6:

   5.165803084021644e-03   5.165803084021664e-03   5.165803084021658e-03
   5.156182527104208e-03   5.156182527104211e-03   5.156182527104199e-03
   6.140495199632104e-03   6.140495199632142e-03   6.140495199632133e-03
   5.907490372109039e-03   5.907490372109062e-03   5.907490372109036e-03
   5.941183395212052e-03   5.941183395212071e-03   5.941183395212076e-03
   6.058062554415516e-03   6.058062554415509e-03   6.058062554415497e-03

 Columns 7 through 9:

   5.165803084021657e-03   5.165803084021666e-03   5.165803084021665e-03
   5.156182527104218e-03   5.156182527104216e-03   5.156182527104218e-03
   6.140495199632141e-03   6.140495199632149e-03   6.140495199632141e-03
   5.907490372109045e-03   5.907490372109047e-03   5.907490372109084e-03
   5.941183395212055e-03   5.941183395212059e-03   5.941183395212053e-03
   6.058062554415495e-03   6.058062554415510e-03   6.058062554415490e-03

 Column 10:

   5.165803084021660e-03
   5.156182527104218e-03
   6.140495199632134e-03
   5.907490372109084e-03
   5.941183395212051e-03
   6.058062554415494e-03

ans = 1.125958249807181e-20
ans = 7.901436006259659e-21
ans = 7.911775763916571e-21
ans = 1.469093447409491e-20
ans = 7.907433065700668e-21
ans = 4.518060505764637e-21
ans = 4.518060505764637e-21
ans = 4.523643974899370e-21
ans = 4.518474096070914e-21
ans = 7.922322316726623e-21
dkps =

 Columns 1 through 3:

   2.692207957687780e+01   1.945319873961296e+00   3.049739733376595e+01

 Columns 4 through 6:

   4.316995757784365e+00   6.399554497123421e+02   1.596884233886083e+01

nbcr = 15
lambda0 = 3.501084296647659
kmpl_prod = 0.180000000000000
 Time :      1.00000
 Time :      2.00000
 Time :      3.01000
 Time :      4.01000
 Time :      5.01000
 Time :      6.01000
 Time :      7.01000
 Time :      8.01000
 Time :      9.01000
 Time :     10.01000
 Time :     11.01000
 Time :     12.01000
 Time :     13.01000
 Time :     14.01000
 Time :     15.01000
 Time :     16.01000
 Time :     17.01000
 Time :     18.00000
 Time :     19.00000
 Time :     20.00000
 Time :     21.00000
 Time :     22.00000
 Time :     23.00000
 Time :     24.00000
 Time :     25.00000
 Time :     26.00000
 Time :     27.00000
 Time :     28.00000
 Time :     29.00000
 Time :     30.00000
 Time :     31.00000
 Time :     32.00000
 Time :     33.00000
 Time :     34.00000
 Time :     35.00000
dtime = 72.75839634239674
mbcr = 6.666666666666667e-02
agsout =

 Columns 1 through 3:

   4.664289824553062e-03   4.664289824553062e-03   4.664289824553099e-03

 Columns 4 through 6:

   4.664289824553137e-03   4.664289824553130e-03   4.664289824553107e-03

 Columns 7 through 9:

   4.664289824553147e-03   4.664289824553143e-03   4.664289824553102e-03

 Columns 10 through 12:

   4.664289824553108e-03   4.664289824553121e-03   4.664289824553106e-03

 Columns 13 through 15:

   4.664289824553102e-03   4.664289824553101e-03   4.664289824553102e-03

ans = -3.088330515755013e-21
ans = 7.275053487403878e-22
ans = -6.043174760159282e-21
ans = -9.428204621879409e-21
ans = -9.440612331067705e-21
ans = 7.186131571554428e-22
ans = -2.656076946907772e-21
ans = -6.048758229294015e-21
ans = -6.036143724952581e-21
ans = -2.652561429304421e-21
ans = -2.666003114258408e-21
ans = -2.655249766295219e-21
ans = -6.028492304286466e-21
ans = -6.052066951744227e-21
ans = -9.440198740761428e-21
nbcr = 15
lambda0 = 3.501084296647659
kmpl_prod = 0.180000000000000
 Time :      1.00000
 Time :      2.00000
 Time :      3.01000
 Time :      4.01000
 Time :      5.01000
 Time :      6.01000
 Time :      7.01000
 Time :      8.01000
 Time :      9.01000
 Time :     10.01000
 Time :     11.01000
 Time :     12.01000
 Time :     13.01000
 Time :     14.01000
 Time :     15.01000
 Time :     16.01000
 Time :     17.01000
 Time :     18.00000
 Time :     19.00000
 Time :     20.00000
 Time :     21.00000
 Time :     22.00000
 Time :     23.00000
 Time :     24.00000
 Time :     25.00000
 Time :     26.00000
 Time :     27.00000
 Time :     28.00000
 Time :     29.00000
 Time :     30.00000
 Time :     31.00000
 Time :     32.00000
 Time :     33.00000
 Time :     34.00000
 Time :     35.00000
dtime = 72.17145524919033
mbcr =

   6.666666666666667e-02   1.667750345765776e-01

agsout =

 Columns 1 through 3:

   4.664289824553062e-03   4.664289824553062e-03   4.664289824553099e-03
   7.135010400449331e-04   5.242062698146954e-03   5.242062698146911e-03

 Columns 4 through 6:

   4.664289824553137e-03   4.664289824553130e-03   4.664289824553107e-03
   5.242062698146922e-03   5.242062698146914e-03   5.242062698146869e-03

 Columns 7 through 9:

   4.664289824553147e-03   4.664289824553143e-03   4.664289824553102e-03
   5.242062698146881e-03   5.242062698146913e-03   5.242062698146907e-03

 Columns 10 through 12:

   4.664289824553108e-03   4.664289824553121e-03   4.664289824553106e-03
   5.242062698146898e-03   5.242062698146878e-03   5.242062698146884e-03

 Columns 13 through 15:

   4.664289824553102e-03   4.664289824553101e-03   4.664289824553102e-03
   5.242062698146890e-03   5.242062698146888e-03   5.242062698146888e-03

ans = 4.972182662056249e-21
ans = 2.592797630047465e-21
ans = 2.584939414228211e-21
ans = -8.253194561747834e-22
ans = 2.580803511165446e-21
ans = 5.968728505029509e-21
ans = 5.980102238452114e-21
ans = 2.572118114733640e-21
ans = 2.585353004534488e-21
ans = 2.594658786425710e-21
ans = 2.589282112444115e-21
ans = -8.040195554015429e-22
ans = 5.964592601966744e-21
ans = 2.585559799687626e-21
ans = 2.583698643309382e-21
nbcr = 15
lambda0 = 3.501084296647659
kmpl_prod = 0.180000000000000
 Time :      1.00000
 Time :      2.00000
 Time :      3.01000
 Time :      4.01000
 Time :      5.01000
 Time :      6.01000
 Time :      7.01000
 Time :      8.01000
 Time :      9.01000
 Time :     10.01000
 Time :     11.01000
 Time :     12.01000
 Time :     13.01000
 Time :     14.01000
 Time :     15.01000
 Time :     16.01000
 Time :     17.01000
 Time :     18.00000
 Time :     19.00000
 Time :     20.00000
 Time :     21.00000
 Time :     22.00000
 Time :     23.00000
 Time :     24.00000
 Time :     25.00000
 Time :     26.00000
 Time :     27.00000
 Time :     28.00000
 Time :     29.00000
 Time :     30.00000
 Time :     31.00000
 Time :     32.00000
 Time :     33.00000
 Time :     34.00000
 Time :     35.00000
dtime = 76.29912346601486
mbcr =

   6.666666666666667e-02   1.667750345765776e-01   2.392756387111966e-01

agsout =

 Columns 1 through 3:

   4.664289824553062e-03   4.664289824553062e-03   4.664289824553099e-03
   7.135010400449331e-04   5.242062698146954e-03   5.242062698146911e-03
   1.171306227170049e-04   5.566381167205274e-03   5.566381167205301e-03

 Columns 4 through 6:

   4.664289824553137e-03   4.664289824553130e-03   4.664289824553107e-03
   5.242062698146922e-03   5.242062698146914e-03   5.242062698146869e-03
   5.566381167205283e-03   5.566381167205320e-03   5.566381167205255e-03

 Columns 7 through 9:

   4.664289824553147e-03   4.664289824553143e-03   4.664289824553102e-03
   5.242062698146881e-03   5.242062698146913e-03   5.242062698146907e-03
   5.566381167205299e-03   5.566381167205330e-03   5.566381167205267e-03

 Columns 10 through 12:

   4.664289824553108e-03   4.664289824553121e-03   4.664289824553106e-03
   5.242062698146898e-03   5.242062698146878e-03   5.242062698146884e-03
   5.566381167205282e-03   5.566381167205275e-03   5.566381167205289e-03

 Columns 13 through 15:

   4.664289824553102e-03   4.664289824553101e-03   4.664289824553102e-03
   5.242062698146890e-03   5.242062698146888e-03   5.242062698146888e-03
   5.566381167205280e-03   5.566381167205281e-03   5.566381167205281e-03

ans = 8.814436607365063e-21
ans = 2.023490573457844e-21
ans = 5.438712527536157e-21
ans = 5.424030071663341e-21
ans = 2.016873128557420e-21
ans = 2.065676784698048e-21
ans = 8.821260847418625e-21
ans = 8.797065814501449e-21
ans = 8.832220990534953e-21
ans = 5.438919322689295e-21
ans = 2.037345848718107e-21
ans = 2.043963293618531e-21
ans = 5.422168915285096e-21
ans = 2.041274956627734e-21
ans = 8.834082146913197e-21
nbcr = 15
lambda0 = 3.501084296647659
kmpl_prod = 0.180000000000000
 Time :      1.00000
 Time :      2.00000
 Time :      3.01000
 Time :      4.01000
 Time :      5.01000
 Time :      6.01000
 Time :      7.01000
 Time :      8.01000
 Time :      9.01000
 Time :     10.01000
 Time :     11.01000
 Time :     12.01000
 Time :     13.01000
 Time :     14.01000
 Time :     15.01000
 Time :     16.01000
 Time :     17.01000
 Time :     18.00000
 Time :     19.00000
 Time :     20.00000
 Time :     21.00000
 Time :     22.00000
 Time :     23.00000
 Time :     24.00000
 Time :     25.00000
 Time :     26.00000
 Time :     27.00000
 Time :     28.00000
 Time :     29.00000
 Time :     30.00000
 Time :     31.00000
 Time :     32.00000
 Time :     33.00000
 Time :     34.00000
 Time :     35.00000
dtime = 73.90207350254059
mbcr =

 Columns 1 through 3:

   6.666666666666667e-02   1.667750345765776e-01   2.392756387111966e-01

 Column 4:

   2.123478537294522e-01

agsout =

 Columns 1 through 3:

   4.664289824553062e-03   4.664289824553062e-03   4.664289824553099e-03
   7.135010400449331e-04   5.242062698146954e-03   5.242062698146911e-03
   1.171306227170049e-04   5.566381167205274e-03   5.566381167205301e-03
   2.695278076766021e-04   5.556887095305323e-03   5.556887095305312e-03

 Columns 4 through 6:

   4.664289824553137e-03   4.664289824553130e-03   4.664289824553107e-03
   5.242062698146922e-03   5.242062698146914e-03   5.242062698146869e-03
   5.566381167205283e-03   5.566381167205320e-03   5.566381167205255e-03
   5.556887095305294e-03   5.556887095305315e-03   5.556887095305336e-03

 Columns 7 through 9:

   4.664289824553147e-03   4.664289824553143e-03   4.664289824553102e-03
   5.242062698146881e-03   5.242062698146913e-03   5.242062698146907e-03
   5.566381167205299e-03   5.566381167205330e-03   5.566381167205267e-03
   5.556887095305304e-03   5.556887095305294e-03   5.556887095305289e-03

 Columns 10 through 12:

   4.664289824553108e-03   4.664289824553121e-03   4.664289824553106e-03
   5.242062698146898e-03   5.242062698146878e-03   5.242062698146884e-03
   5.566381167205282e-03   5.566381167205275e-03   5.566381167205289e-03
   5.556887095305305e-03   5.556887095305322e-03   5.556887095305305e-03

 Columns 13 through 15:

   4.664289824553102e-03   4.664289824553101e-03   4.664289824553102e-03
   5.242062698146890e-03   5.242062698146888e-03   5.242062698146888e-03
   5.566381167205280e-03   5.566381167205281e-03   5.566381167205281e-03
   5.556887095305266e-03   5.556887095305275e-03   5.556887095305271e-03

ans = 4.975491384506461e-21
ans = 5.794400190933959e-21
ans = 5.762760532503806e-21
ans = 2.440182807031432e-21
ans = 9.183152365410575e-21
ans = 5.805153538897148e-21
ans = 5.805980719509701e-21
ans = 2.429636254221381e-21
ans = -9.814497967941673e-22
ans = 2.407302377682449e-21
ans = 2.450936154994621e-21
ans = 2.421364448095850e-21
ans = 2.431497410599625e-21
ans = -9.754527373531579e-22
ans = 2.425500351158615e-21
nbcr = 15
lambda0 = 3.501084296647659
kmpl_prod = 0.180000000000000
 Time :      1.00000
 Time :      2.00000
 Time :      3.01000
 Time :      4.01000
 Time :      5.01000
 Time :      6.01000
 Time :      7.01000
 Time :      8.01000
 Time :      9.01000
 Time :     10.01000
 Time :     11.01000
 Time :     12.01000
 Time :     13.01000
 Time :     14.01000
 Time :     15.01000
 Time :     16.01000
 Time :     17.01000
 Time :     18.00000
 Time :     19.00000
 Time :     20.00000
 Time :     21.00000
 Time :     22.00000
 Time :     23.00000
 Time :     24.00000
 Time :     25.00000
 Time :     26.00000
 Time :     27.00000
 Time :     28.00000
 Time :     29.00000
 Time :     30.00000
 Time :     31.00000
 Time :     32.00000
 Time :     33.00000
 Time :     34.00000
 Time :     35.00000
dtime = 76.30257345736027
mbcr =

 Columns 1 through 3:

   6.666666666666667e-02   1.667750345765776e-01   2.392756387111966e-01

 Columns 4 and 5:

   2.123478537294522e-01   2.292246935515791e-01

agsout =

 Columns 1 through 3:

   4.664289824553062e-03   4.664289824553062e-03   4.664289824553099e-03
   7.135010400449331e-04   5.242062698146954e-03   5.242062698146911e-03
   1.171306227170049e-04   5.566381167205274e-03   5.566381167205301e-03
   2.695278076766021e-04   5.556887095305323e-03   5.556887095305312e-03
   1.870904718606807e-04   5.480675526931088e-03   5.480675526931123e-03

 Columns 4 through 6:

   4.664289824553137e-03   4.664289824553130e-03   4.664289824553107e-03
   5.242062698146922e-03   5.242062698146914e-03   5.242062698146869e-03
   5.566381167205283e-03   5.566381167205320e-03   5.566381167205255e-03
   5.556887095305294e-03   5.556887095305315e-03   5.556887095305336e-03
   5.480675526931161e-03   5.480675526931160e-03   5.480675526931145e-03

 Columns 7 through 9:

   4.664289824553147e-03   4.664289824553143e-03   4.664289824553102e-03
   5.242062698146881e-03   5.242062698146913e-03   5.242062698146907e-03
   5.566381167205299e-03   5.566381167205330e-03   5.566381167205267e-03
   5.556887095305304e-03   5.556887095305294e-03   5.556887095305289e-03
   5.480675526931126e-03   5.480675526931138e-03   5.480675526931148e-03

 Columns 10 through 12:

   4.664289824553108e-03   4.664289824553121e-03   4.664289824553106e-03
   5.242062698146898e-03   5.242062698146878e-03   5.242062698146884e-03
   5.566381167205282e-03   5.566381167205275e-03   5.566381167205289e-03
   5.556887095305305e-03   5.556887095305322e-03   5.556887095305305e-03
   5.480675526931131e-03   5.480675526931146e-03   5.480675526931130e-03

 Columns 13 through 15:

   4.664289824553102e-03   4.664289824553101e-03   4.664289824553102e-03
   5.242062698146890e-03   5.242062698146888e-03   5.242062698146888e-03
   5.566381167205280e-03   5.566381167205281e-03   5.566381167205281e-03
   5.556887095305266e-03   5.556887095305275e-03   5.556887095305271e-03
   5.480675526931136e-03   5.480675526931132e-03   5.480675526931132e-03

ans = 9.449711317805788e-21
ans = 5.924267547104784e-21
ans = 9.329976924138737e-21
ans = 2.502428148126047e-21
ans = 9.319223576175548e-21
ans = 5.884769672855377e-21
ans = 1.267923122436595e-20
ans = 9.319430371328686e-21
ans = 9.301439193005658e-21
ans = 5.904828802709788e-21
ans = 5.915788945826116e-21
ans = 5.898211357809364e-21
ans = 5.891180322602663e-21
ans = 5.887251214693036e-21
ans = 5.887251214693036e-21
nbcr = 15
lambda0 = 3.501084296647659
kmpl_prod = 0.180000000000000
 Time :      1.00000
 Time :      2.00000
 Time :      3.01000
 Time :      4.01000
 Time :      5.01000
 Time :      6.01000
 Time :      7.01000
 Time :      8.01000
 Time :      9.01000
 Time :     10.01000
 Time :     11.01000
 Time :     12.01000
 Time :     13.01000
 Time :     14.01000
 Time :     15.01000
 Time :     16.01000
 Time :     17.01000
 Time :     18.00000
 Time :     19.00000
 Time :     20.00000
 Time :     21.00000
 Time :     22.00000
 Time :     23.00000
 Time :     24.00000
 Time :     25.00000
 Time :     26.00000
 Time :     27.00000
 Time :     28.00000
 Time :     29.00000
 Time :     30.00000
 Time :     31.00000
 Time :     32.00000
 Time :     33.00000
 Time :     34.00000
 Time :     35.00000
dtime = 57.73109905421734
mbcr =

 Columns 1 through 3:

   6.666666666666667e-02   1.667750345765776e-01   2.392756387111966e-01

 Columns 4 through 6:

   2.123478537294522e-01   2.292246935515791e-01   1.079383114095966e-01

agsout =

 Columns 1 through 3:

   4.664289824553062e-03   4.664289824553062e-03   4.664289824553099e-03
   7.135010400449331e-04   5.242062698146954e-03   5.242062698146911e-03
   1.171306227170049e-04   5.566381167205274e-03   5.566381167205301e-03
   2.695278076766021e-04   5.556887095305323e-03   5.556887095305312e-03
   1.870904718606807e-04   5.480675526931088e-03   5.480675526931123e-03
   2.126880221033335e-03   4.803504622849195e-03   4.803504622849129e-03

 Columns 4 through 6:

   4.664289824553137e-03   4.664289824553130e-03   4.664289824553107e-03
   5.242062698146922e-03   5.242062698146914e-03   5.242062698146869e-03
   5.566381167205283e-03   5.566381167205320e-03   5.566381167205255e-03
   5.556887095305294e-03   5.556887095305315e-03   5.556887095305336e-03
   5.480675526931161e-03   5.480675526931160e-03   5.480675526931145e-03
   4.803504622849146e-03   4.803504622849117e-03   4.803504622849175e-03

 Columns 7 through 9:

   4.664289824553147e-03   4.664289824553143e-03   4.664289824553102e-03
   5.242062698146881e-03   5.242062698146913e-03   5.242062698146907e-03
   5.566381167205299e-03   5.566381167205330e-03   5.566381167205267e-03
   5.556887095305304e-03   5.556887095305294e-03   5.556887095305289e-03
   5.480675526931126e-03   5.480675526931138e-03   5.480675526931148e-03
   4.803504622849179e-03   4.803504622849154e-03   4.803504622849157e-03

 Columns 10 through 12:

   4.664289824553108e-03   4.664289824553121e-03   4.664289824553106e-03
   5.242062698146898e-03   5.242062698146878e-03   5.242062698146884e-03
   5.566381167205282e-03   5.566381167205275e-03   5.566381167205289e-03
   5.556887095305305e-03   5.556887095305322e-03   5.556887095305305e-03
   5.480675526931131e-03   5.480675526931146e-03   5.480675526931130e-03
   4.803504622849163e-03   4.803504622849155e-03   4.803504622849153e-03

 Columns 13 through 15:

   4.664289824553102e-03   4.664289824553101e-03   4.664289824553102e-03
   5.242062698146890e-03   5.242062698146888e-03   5.242062698146888e-03
   5.566381167205280e-03   5.566381167205281e-03   5.566381167205281e-03
   5.556887095305266e-03   5.556887095305275e-03   5.556887095305271e-03
   5.480675526931136e-03   5.480675526931132e-03   5.480675526931132e-03
   4.803504622849164e-03   4.803504622849166e-03   4.803504622849167e-03

ans = 1.787278809785670e-21
ans = 1.044542998016650e-20
ans = 1.042950675337485e-20
ans = 7.051921517167699e-21
ans = 7.036411880682330e-21
ans = 1.041213596051124e-20
ans = 7.031035206700735e-21
ans = 3.642489827377257e-21
ans = 1.041482429750203e-20
ans = 3.643523803142949e-21
ans = 2.539444480537795e-22
ans = 3.646005344980608e-21
ans = 2.464998225408022e-22
ans = 3.639594695233322e-21
ans = 1.041709904418655e-20
