warning: function /home/surgeon/flu/amcode/perelson21/1d2agt/4paper/2submit/run.m shadows a core library function
warning: called from
    driver at line 1 column 1

lambda0 = 3.501084296647659
kmpl_prod = 0.180000000000000
dkps =

 Columns 1 through 3:

   5.526663763286212e+00   2.581846205268170e+01   1.350546144537315e+02

 Columns 4 through 6:

   2.567135025175949e+00   6.698766892292953e+01   5.381142808329571e+00

nbcr = 2
lambda0 = 3.501084296647659
kmpl_prod = 0.180000000000000
 Time :      1.00000
 Time :      2.00000
 Time :      3.01000
 Time :      4.01000
 Time :      5.01000
 Time :      6.01000
 Time :      7.01000
 Time :      8.01000
 Time :      9.01000
 Time :     10.01000
 Time :     11.01000
 Time :     12.01000
 Time :     13.01000
 Time :     14.01000
 Time :     15.01000
 Time :     16.01000
 Time :     17.01000
 Time :     18.00000
 Time :     19.00000
 Time :     20.00000
 Time :     21.00000
 Time :     22.00000
 Time :     23.00000
 Time :     24.00000
 Time :     25.00000
 Time :     26.00000
 Time :     27.00000
 Time :     28.00000
 Time :     29.00000
 Time :     30.00000
 Time :     31.00000
 Time :     32.00000
 Time :     33.00000
 Time :     34.00000
 Time :     35.00000
dtime = 5.121155083179474
mbcr = 0.500000000000000
agsout =

   1.110448042063631e-02   1.110448042063631e-02

ans = -3.007728873645110e-21
ans = -3.232570135068948e-21
nbcr = 2
lambda0 = 3.501084296647659
kmpl_prod = 0.180000000000000
 Time :      1.00000
 Time :      2.00000
 Time :      3.01000
 Time :      4.01000
 Time :      5.01000
 Time :      6.01000
 Time :      7.01000
 Time :      8.01000
 Time :      9.01000
 Time :     10.01000
 Time :     11.01000
 Time :     12.01000
 Time :     13.01000
 Time :     14.01000
 Time :     15.01000
 Time :     16.01000
 Time :     17.01000
 Time :     18.00000
 Time :     19.00000
 Time :     20.00000
 Time :     21.00000
 Time :     22.00000
 Time :     23.00000
 Time :     24.00000
 Time :     25.00000
 Time :     26.00000
 Time :     27.00000
 Time :     28.00000
 Time :     29.00000
 Time :     30.00000
 Time :     31.00000
 Time :     32.00000
 Time :     33.00000
 Time :     34.00000
 Time :     35.00000
dtime = 4.991453513503075
mbcr =

   0.500000000000000   0.590727081492265

agsout =

   1.110448042063631e-02   1.110448042063631e-02
   2.326224861251038e-03   1.119171977998869e-02

ans = 3.323198110931789e-21
ans = -3.323198110931789e-22
nbcr = 2
lambda0 = 3.501084296647659
kmpl_prod = 0.180000000000000
 Time :      1.00000
 Time :      2.00000
 Time :      3.01000
 Time :      4.01000
 Time :      5.01000
 Time :      6.01000
 Time :      7.01000
 Time :      8.01000
 Time :      9.01000
 Time :     10.01000
 Time :     11.01000
 Time :     12.01000
 Time :     13.01000
 Time :     14.01000
 Time :     15.01000
 Time :     16.01000
 Time :     17.01000
 Time :     18.00000
 Time :     19.00000
 Time :     20.00000
 Time :     21.00000
 Time :     22.00000
 Time :     23.00000
 Time :     24.00000
 Time :     25.00000
 Time :     26.00000
 Time :     27.00000
 Time :     28.00000
 Time :     29.00000
 Time :     30.00000
 Time :     31.00000
 Time :     32.00000
 Time :     33.00000
 Time :     34.00000
 Time :     35.00000
dtime = 5.090587958693504
mbcr =

   0.500000000000000   0.590727081492265   0.592355274605979

agsout =

   1.110448042063631e-02   1.110448042063631e-02
   2.326224861251038e-03   1.119171977998869e-02
   2.455828849088373e-03   1.114629862462089e-02

ans = 7.306486350680893e-21
ans = 3.965917446885491e-21
nbcr = 2
lambda0 = 3.501084296647659
kmpl_prod = 0.180000000000000
 Time :      1.00000
 Time :      2.00000
 Time :      3.01000
 Time :      4.01000
 Time :      5.01000
 Time :      6.01000
 Time :      7.01000
 Time :      8.01000
 Time :      9.01000
 Time :     10.01000
 Time :     11.01000
 Time :     12.01000
 Time :     13.01000
 Time :     14.01000
 Time :     15.01000
 Time :     16.01000
 Time :     17.01000
 Time :     18.00000
 Time :     19.00000
 Time :     20.00000
 Time :     21.00000
 Time :     22.00000
 Time :     23.00000
 Time :     24.00000
 Time :     25.00000
 Time :     26.00000
 Time :     27.00000
 Time :     28.00000
 Time :     29.00000
 Time :     30.00000
 Time :     31.00000
 Time :     32.00000
 Time :     33.00000
 Time :     34.00000
 Time :     35.00000
dtime = 4.958472400903702
mbcr =

   0.500000000000000   0.590727081492265   0.592355274605979   0.559674174974386

agsout =

   1.110448042063631e-02   1.110448042063631e-02
   2.326224861251038e-03   1.119171977998869e-02
   2.455828849088373e-03   1.114629862462089e-02
   5.577678838315748e-03   1.093716571010948e-02

ans = -2.895649131818443e-22
ans = -3.700599265409108e-22
nbcr = 2
lambda0 = 3.501084296647659
kmpl_prod = 0.180000000000000
 Time :      1.00000
 Time :      2.00000
 Time :      3.01000
 Time :      4.01000
 Time :      5.01000
 Time :      6.01000
 Time :      7.01000
 Time :      8.01000
 Time :      9.01000
 Time :     10.01000
 Time :     11.01000
 Time :     12.01000
 Time :     13.01000
 Time :     14.01000
 Time :     15.01000
 Time :     16.01000
 Time :     17.01000
 Time :     18.00000
 Time :     19.00000
 Time :     20.00000
 Time :     21.00000
 Time :     22.00000
 Time :     23.00000
 Time :     24.00000
 Time :     25.00000
 Time :     26.00000
 Time :     27.00000
 Time :     28.00000
 Time :     29.00000
 Time :     30.00000
 Time :     31.00000
 Time :     32.00000
 Time :     33.00000
 Time :     34.00000
 Time :     35.00000
dtime = 5.144721642136574
mbcr =

 Columns 1 through 4:

   0.500000000000000   0.590727081492265   0.592355274605979   0.559674174974386

 Column 5:

   0.602475544397578

agsout =

   1.110448042063631e-02   1.110448042063631e-02
   2.326224861251038e-03   1.119171977998869e-02
   2.455828849088373e-03   1.114629862462089e-02
   5.577678838315748e-03   1.093716571010948e-02
   1.186858484221208e-03   1.129850239372130e-02

ans = -2.928219368437718e-21
ans = 1.064799875736249e-20
nbcr = 2
lambda0 = 3.501084296647659
kmpl_prod = 0.180000000000000
 Time :      1.00000
 Time :      2.00000
 Time :      3.01000
 Time :      4.01000
 Time :      5.01000
 Time :      6.01000
 Time :      7.01000
 Time :      8.01000
 Time :      9.01000
 Time :     10.01000
 Time :     11.01000
 Time :     12.01000
 Time :     13.01000
 Time :     14.01000
 Time :     15.01000
 Time :     16.01000
 Time :     17.01000
 Time :     18.00000
 Time :     19.00000
 Time :     20.00000
 Time :     21.00000
 Time :     22.00000
 Time :     23.00000
 Time :     24.00000
 Time :     25.00000
 Time :     26.00000
 Time :     27.00000
 Time :     28.00000
 Time :     29.00000
 Time :     30.00000
 Time :     31.00000
 Time :     32.00000
 Time :     33.00000
 Time :     34.00000
 Time :     35.00000
dtime = 5.098936334252357
mbcr =

 Columns 1 through 4:

   0.500000000000000   0.590727081492265   0.592355274605979   0.559674174974386

 Columns 5 and 6:

   0.602475544397578   0.586767879070614

agsout =

   1.110448042063631e-02   1.110448042063631e-02
   2.326224861251038e-03   1.119171977998869e-02
   2.455828849088373e-03   1.114629862462089e-02
   5.577678838315748e-03   1.093716571010948e-02
   1.186858484221208e-03   1.129850239372130e-02
   2.863878121774784e-03   1.112380125730942e-02

ans = 2.806623818392423e-21
ans = 6.742310398828515e-21
dkps =

 Columns 1 through 3:

   1.383658948598464e+02   1.367087590765929e+02   2.978732354171570e+00

 Columns 4 through 6:

   1.333792541862565e+02   3.619321376211751e+00   1.112918249725085e+01

nbcr = 3
lambda0 = 3.501084296647659
kmpl_prod = 0.180000000000000
 Time :      1.00000
 Time :      2.00000
 Time :      3.01000
 Time :      4.01000
 Time :      5.01000
 Time :      6.01000
 Time :      7.01000
 Time :      8.01000
 Time :      9.01000
 Time :     10.01000
 Time :     11.01000
 Time :     12.01000
 Time :     13.01000
 Time :     14.01000
 Time :     15.01000
 Time :     16.01000
 Time :     17.01000
 Time :     18.00000
 Time :     19.00000
 Time :     20.00000
 Time :     21.00000
 Time :     22.00000
 Time :     23.00000
 Time :     24.00000
 Time :     25.00000
 Time :     26.00000
 Time :     27.00000
 Time :     28.00000
 Time :     29.00000
 Time :     30.00000
 Time :     31.00000
 Time :     32.00000
 Time :     33.00000
 Time :     34.00000
 Time :     35.00000
dtime = 11.52300126850605
mbcr = 0.333333333333333
agsout =

   8.632278872128881e-03   8.632278872128890e-03   8.632278872128887e-03

ans = 2.000568623202175e-21
ans = 7.828527790081352e-21
ans = 1.460437777780948e-20
nbcr = 3
lambda0 = 3.501084296647659
kmpl_prod = 0.180000000000000
 Time :      1.00000
 Time :      2.00000
 Time :      3.01000
 Time :      4.01000
 Time :      5.01000
 Time :      6.01000
 Time :      7.01000
 Time :      8.01000
 Time :      9.01000
 Time :     10.01000
 Time :     11.01000
 Time :     12.01000
 Time :     13.01000
 Time :     14.01000
 Time :     15.01000
 Time :     16.01000
 Time :     17.01000
 Time :     18.00000
 Time :     19.00000
 Time :     20.00000
 Time :     21.00000
 Time :     22.00000
 Time :     23.00000
 Time :     24.00000
 Time :     25.00000
 Time :     26.00000
 Time :     27.00000
 Time :     28.00000
 Time :     29.00000
 Time :     30.00000
 Time :     31.00000
 Time :     32.00000
 Time :     33.00000
 Time :     34.00000
 Time :     35.00000
dtime = 11.43055558204651
mbcr =

   0.333333333333333   0.363359085566228

agsout =

   8.632278872128881e-03   8.632278872128890e-03   8.632278872128887e-03
   6.486112266081956e-03   8.575153404899125e-03   8.575153404899127e-03

ans = 2.243792035035443e-21
ans = 9.955997551476526e-21
ans = 9.957251247092426e-21
nbcr = 3
lambda0 = 3.501084296647659
kmpl_prod = 0.180000000000000
 Time :      1.00000
 Time :      2.00000
 Time :      3.01000
 Time :      4.01000
 Time :      5.01000
 Time :      6.01000
 Time :      7.01000
 Time :      8.01000
 Time :      9.01000
 Time :     10.01000
 Time :     11.01000
 Time :     12.01000
 Time :     13.01000
 Time :     14.01000
 Time :     15.01000
 Time :     16.01000
 Time :     17.01000
 Time :     18.00000
 Time :     19.00000
 Time :     20.00000
 Time :     21.00000
 Time :     22.00000
 Time :     23.00000
 Time :     24.00000
 Time :     25.00000
 Time :     26.00000
 Time :     27.00000
 Time :     28.00000
 Time :     29.00000
 Time :     30.00000
 Time :     31.00000
 Time :     32.00000
 Time :     33.00000
 Time :     34.00000
 Time :     35.00000
dtime = 11.39008104801178
mbcr =

   0.333333333333333   0.363359085566228   0.379704261097275

agsout =

   8.632278872128881e-03   8.632278872128890e-03   8.632278872128887e-03
   6.486112266081956e-03   8.575153404899125e-03   8.575153404899127e-03
   5.312320601560980e-03   8.573947243278323e-03   8.573947243278323e-03

ans = 1.758741078652591e-21
ans = 9.864516545606989e-21
ans = 6.475648048856733e-21
nbcr = 3
lambda0 = 3.501084296647659
kmpl_prod = 0.180000000000000
 Time :      1.00000
 Time :      2.00000
 Time :      3.01000
 Time :      4.01000
 Time :      5.01000
 Time :      6.01000
 Time :      7.01000
 Time :      8.01000
 Time :      9.01000
 Time :     10.01000
 Time :     11.01000
 Time :     12.01000
 Time :     13.01000
 Time :     14.01000
 Time :     15.01000
 Time :     16.01000
 Time :     17.01000
 Time :     18.00000
 Time :     19.00000
 Time :     20.00000
 Time :     21.00000
 Time :     22.00000
 Time :     23.00000
 Time :     24.00000
 Time :     25.00000
 Time :     26.00000
 Time :     27.00000
 Time :     28.00000
 Time :     29.00000
 Time :     30.00000
 Time :     31.00000
 Time :     32.00000
 Time :     33.00000
 Time :     34.00000
 Time :     35.00000
dtime = 11.54990717768669
mbcr =

   0.333333333333333   0.363359085566228   0.379704261097275   0.461361741956785

agsout =

   8.632278872128881e-03   8.632278872128890e-03   8.632278872128887e-03
   6.486112266081956e-03   8.575153404899125e-03   8.575153404899127e-03
   5.312320601560980e-03   8.573947243278323e-03   8.573947243278323e-03
   7.837230488189575e-04   9.224193531504372e-03   9.224193531504376e-03

ans = 4.307956630176168e-21
ans = 2.785013724889475e-21
ans = 6.170793219039729e-21
nbcr = 3
lambda0 = 3.501084296647659
kmpl_prod = 0.180000000000000
 Time :      1.00000
 Time :      2.00000
 Time :      3.01000
 Time :      4.01000
 Time :      5.01000
 Time :      6.01000
 Time :      7.01000
 Time :      8.01000
 Time :      9.01000
 Time :     10.01000
 Time :     11.01000
 Time :     12.01000
 Time :     13.01000
 Time :     14.01000
 Time :     15.01000
 Time :     16.01000
 Time :     17.01000
 Time :     18.00000
 Time :     19.00000
 Time :     20.00000
 Time :     21.00000
 Time :     22.00000
 Time :     23.00000
 Time :     24.00000
 Time :     25.00000
 Time :     26.00000
 Time :     27.00000
 Time :     28.00000
 Time :     29.00000
 Time :     30.00000
 Time :     31.00000
 Time :     32.00000
 Time :     33.00000
 Time :     34.00000
 Time :     35.00000
dtime = 11.52198538184166
mbcr =

 Columns 1 through 4:

   0.333333333333333   0.363359085566228   0.379704261097275   0.461361741956785

 Column 5:

   0.420779792195467

agsout =

   8.632278872128881e-03   8.632278872128890e-03   8.632278872128887e-03
   6.486112266081956e-03   8.575153404899125e-03   8.575153404899127e-03
   5.312320601560980e-03   8.573947243278323e-03   8.573947243278323e-03
   7.837230488189575e-04   9.224193531504372e-03   9.224193531504376e-03
   2.654592361364007e-03   8.893843155762877e-03   8.893843155762877e-03

ans = 8.168150055019725e-21
ans = -3.052580803656237e-21
ans = -3.052580803656237e-21
nbcr = 3
lambda0 = 3.501084296647659
kmpl_prod = 0.180000000000000
 Time :      1.00000
 Time :      2.00000
 Time :      3.01000
 Time :      4.01000
 Time :      5.01000
 Time :      6.01000
 Time :      7.01000
 Time :      8.01000
 Time :      9.01000
 Time :     10.01000
 Time :     11.01000
 Time :     12.01000
 Time :     13.01000
 Time :     14.01000
 Time :     15.01000
 Time :     16.01000
 Time :     17.01000
 Time :     18.00000
 Time :     19.00000
 Time :     20.00000
 Time :     21.00000
 Time :     22.00000
 Time :     23.00000
 Time :     24.00000
 Time :     25.00000
 Time :     26.00000
 Time :     27.00000
 Time :     28.00000
 Time :     29.00000
 Time :     30.00000
 Time :     31.00000
 Time :     32.00000
 Time :     33.00000
 Time :     34.00000
 Time :     35.00000
dtime = 11.87536306679249
mbcr =

 Columns 1 through 4:

   0.333333333333333   0.363359085566228   0.379704261097275   0.461361741956785

 Columns 5 and 6:

   0.420779792195467   0.464912519809919

agsout =

   8.632278872128881e-03   8.632278872128890e-03   8.632278872128887e-03
   6.486112266081956e-03   8.575153404899125e-03   8.575153404899127e-03
   5.312320601560980e-03   8.573947243278323e-03   8.573947243278323e-03
   7.837230488189575e-04   9.224193531504372e-03   9.224193531504376e-03
   2.654592361364007e-03   8.893843155762877e-03   8.893843155762877e-03
   8.087459272953006e-04   9.158809109823104e-03   9.158809109823104e-03

ans = 1.124965633072118e-22
ans = 1.379791545466149e-20
ans = 3.633054798515324e-21
dkps =

 Columns 1 through 3:

   4.261939378830441e+00   7.312084817711859e-01   1.064771524081431e+01

 Columns 4 through 6:

   6.223616162445697e+00   1.558136362677079e+01   1.114952227696837e+01

nbcr = 4
lambda0 = 3.501084296647659
kmpl_prod = 0.180000000000000
 Time :      1.00000
 Time :      2.00000
 Time :      3.01000
 Time :      4.01000
 Time :      5.01000
 Time :      6.01000
 Time :      7.01000
 Time :      8.01000
 Time :      9.01000
 Time :     10.01000
 Time :     11.01000
 Time :     12.01000
 Time :     13.01000
 Time :     14.01000
 Time :     15.01000
 Time :     16.01000
 Time :     17.01000
 Time :     18.00000
 Time :     19.00000
 Time :     20.00000
 Time :     21.00000
 Time :     22.00000
 Time :     23.00000
 Time :     24.00000
 Time :     25.00000
 Time :     26.00000
 Time :     27.00000
 Time :     28.00000
 Time :     29.00000
 Time :     30.00000
 Time :     31.00000
 Time :     32.00000
 Time :     33.00000
 Time :     34.00000
 Time :     35.00000
dtime = 17.67002083361149
mbcr = 0.250000000000000
agsout =

 Columns 1 through 3:

   7.396322285675617e-03   7.396322285675630e-03   7.396322285675626e-03

 Column 4:

   7.396322285675627e-03

ans = 4.508208655422160e-21
ans = 2.121227132709813e-21
ans = 5.511349325075970e-21
ans = -1.265069349323287e-21
nbcr = 4
lambda0 = 3.501084296647659
kmpl_prod = 0.180000000000000
 Time :      1.00000
 Time :      2.00000
 Time :      3.01000
 Time :      4.01000
 Time :      5.01000
 Time :      6.01000
 Time :      7.01000
 Time :      8.01000
 Time :      9.01000
 Time :     10.01000
 Time :     11.01000
 Time :     12.01000
 Time :     13.01000
 Time :     14.01000
 Time :     15.01000
 Time :     16.01000
 Time :     17.01000
 Time :     18.00000
 Time :     19.00000
 Time :     20.00000
 Time :     21.00000
 Time :     22.00000
 Time :     23.00000
 Time :     24.00000
 Time :     25.00000
 Time :     26.00000
 Time :     27.00000
 Time :     28.00000
 Time :     29.00000
 Time :     30.00000
 Time :     31.00000
 Time :     32.00000
 Time :     33.00000
 Time :     34.00000
 Time :     35.00000
dtime = 18.31314750015736
mbcr =

   0.250000000000000   0.377293595784583

agsout =

 Columns 1 through 3:

   7.396322285675617e-03   7.396322285675630e-03   7.396322285675626e-03
   9.077623815044561e-04   8.062875787612287e-03   8.062875787612295e-03

 Column 4:

   7.396322285675627e-03
   8.062875787612299e-03

ans = 6.587666398372312e-21
ans = 1.023734235732112e-20
ans = 6.848590182844508e-21
ans = 1.024008239310021e-20
nbcr = 4
lambda0 = 3.501084296647659
kmpl_prod = 0.180000000000000
 Time :      1.00000
 Time :      2.00000
 Time :      3.01000
 Time :      4.01000
 Time :      5.01000
 Time :      6.01000
 Time :      7.01000
 Time :      8.01000
 Time :      9.01000
 Time :     10.01000
 Time :     11.01000
 Time :     12.01000
 Time :     13.01000
 Time :     14.01000
 Time :     15.01000
 Time :     16.01000
 Time :     17.01000
 Time :     18.00000
 Time :     19.00000
 Time :     20.00000
 Time :     21.00000
 Time :     22.00000
 Time :     23.00000
 Time :     24.00000
 Time :     25.00000
 Time :     26.00000
 Time :     27.00000
 Time :     28.00000
 Time :     29.00000
 Time :     30.00000
 Time :     31.00000
 Time :     32.00000
 Time :     33.00000
 Time :     34.00000
 Time :     35.00000
dtime = 19.00133527815342
mbcr =

   0.250000000000000   0.377293595784583   0.415882645275808

agsout =

 Columns 1 through 3:

   7.396322285675617e-03   7.396322285675630e-03   7.396322285675626e-03
   9.077623815044561e-04   8.062875787612287e-03   8.062875787612295e-03
   1.474699577867238e-04   8.164798494810107e-03   8.164798494810109e-03

 Column 4:

   7.396322285675627e-03
   8.062875787612299e-03
   8.164798494810110e-03

ans = 1.355252715606881e-20
ans = -9.149703249390462e-21
ans = -2.373439671356059e-21
ans = -5.758883123382463e-21
nbcr = 4
lambda0 = 3.501084296647659
kmpl_prod = 0.180000000000000
 Time :      1.00000
 Time :      2.00000
 Time :      3.01000
 Time :      4.01000
 Time :      5.01000
 Time :      6.01000
 Time :      7.01000
 Time :      8.01000
 Time :      9.01000
 Time :     10.01000
 Time :     11.01000
 Time :     12.01000
 Time :     13.01000
 Time :     14.01000
 Time :     15.01000
 Time :     16.01000
 Time :     17.01000
 Time :     18.00000
 Time :     19.00000
 Time :     20.00000
 Time :     21.00000
 Time :     22.00000
 Time :     23.00000
 Time :     24.00000
 Time :     25.00000
 Time :     26.00000
 Time :     27.00000
 Time :     28.00000
 Time :     29.00000
 Time :     30.00000
 Time :     31.00000
 Time :     32.00000
 Time :     33.00000
 Time :     34.00000
 Time :     35.00000
dtime = 18.93396489322186
mbcr =

   0.250000000000000   0.377293595784583   0.415882645275808   0.397256417992227

agsout =

 Columns 1 through 3:

   7.396322285675617e-03   7.396322285675630e-03   7.396322285675626e-03
   9.077623815044561e-04   8.062875787612287e-03   8.062875787612295e-03
   1.474699577867238e-04   8.164798494810107e-03   8.164798494810109e-03
   3.202465359715173e-04   8.182382046674378e-03   8.182382046674399e-03

 Column 4:

   7.396322285675627e-03
   8.062875787612299e-03
   8.164798494810110e-03
   8.182382046674390e-03

ans = -3.341809674714232e-21
ans = -4.285932946366944e-21
ans = -8.986800367505800e-22
ans = -7.675770795397536e-21
nbcr = 4
lambda0 = 3.501084296647659
kmpl_prod = 0.180000000000000
 Time :      1.00000
 Time :      2.00000
 Time :      3.01000
 Time :      4.01000
 Time :      5.01000
 Time :      6.01000
 Time :      7.01000
 Time :      8.01000
 Time :      9.01000
 Time :     10.01000
 Time :     11.01000
 Time :     12.01000
 Time :     13.01000
 Time :     14.01000
 Time :     15.01000
 Time :     16.01000
 Time :     17.01000
 Time :     18.00000
 Time :     19.00000
 Time :     20.00000
 Time :     21.00000
 Time :     22.00000
 Time :     23.00000
 Time :     24.00000
 Time :     25.00000
 Time :     26.00000
 Time :     27.00000
 Time :     28.00000
 Time :     29.00000
 Time :     30.00000
 Time :     31.00000
 Time :     32.00000
 Time :     33.00000
 Time :     34.00000
 Time :     35.00000
dtime = 18.11773516237736
mbcr =

 Columns 1 through 4:

   0.250000000000000   0.377293595784583   0.415882645275808   0.397256417992227

 Column 5:

   0.395543808382961

agsout =

 Columns 1 through 3:

   7.396322285675617e-03   7.396322285675630e-03   7.396322285675626e-03
   9.077623815044561e-04   8.062875787612287e-03   8.062875787612295e-03
   1.474699577867238e-04   8.164798494810107e-03   8.164798494810109e-03
   3.202465359715173e-04   8.182382046674378e-03   8.182382046674399e-03
   4.609442071876202e-04   8.065109053825296e-03   8.065109053825334e-03

 Column 4:

   7.396322285675627e-03
   8.062875787612299e-03
   8.164798494810110e-03
   8.182382046674390e-03
   8.065109053825327e-03

ans = 1.046218038757069e-20
ans = 2.051304521554940e-21
ans = 8.835426315408596e-21
ans = 5.443779008788044e-21
nbcr = 4
lambda0 = 3.501084296647659
kmpl_prod = 0.180000000000000
 Time :      1.00000
 Time :      2.00000
 Time :      3.01000
 Time :      4.01000
 Time :      5.01000
 Time :      6.01000
 Time :      7.01000
 Time :      8.01000
 Time :      9.01000
 Time :     10.01000
 Time :     11.01000
 Time :     12.01000
 Time :     13.01000
 Time :     14.01000
 Time :     15.01000
 Time :     16.01000
 Time :     17.01000
 Time :     18.00000
 Time :     19.00000
 Time :     20.00000
 Time :     21.00000
 Time :     22.00000
 Time :     23.00000
 Time :     24.00000
 Time :     25.00000
 Time :     26.00000
 Time :     27.00000
 Time :     28.00000
 Time :     29.00000
 Time :     30.00000
 Time :     31.00000
 Time :     32.00000
 Time :     33.00000
 Time :     34.00000
 Time :     35.00000
dtime = 18.14375594258308
mbcr =

 Columns 1 through 4:

   0.250000000000000   0.377293595784583   0.415882645275808   0.397256417992227

 Columns 5 and 6:

   0.395543808382961   0.391387321873971

agsout =

 Columns 1 through 3:

   7.396322285675617e-03   7.396322285675630e-03   7.396322285675626e-03
   9.077623815044561e-04   8.062875787612287e-03   8.062875787612295e-03
   1.474699577867238e-04   8.164798494810107e-03   8.164798494810109e-03
   3.202465359715173e-04   8.182382046674378e-03   8.182382046674399e-03
   4.609442071876202e-04   8.065109053825296e-03   8.065109053825334e-03
   5.886050158179537e-04   8.107334369141451e-03   8.107334369141444e-03

 Column 4:

   7.396322285675627e-03
   8.062875787612299e-03
   8.164798494810110e-03
   8.182382046674390e-03
   8.065109053825327e-03
   8.107334369141437e-03

ans = 8.152692117322641e-21
ans = 6.697578022265296e-22
ans = 4.060681325811097e-21
ans = -2.718425685578956e-21
dkps =

 Columns 1 through 3:

   2.406232823891142e+01   5.796165338261900e+01   1.687705709977817e+00

 Columns 4 through 6:

   1.630237608696886e+00   3.407056200839208e-01   1.019832528305272e+01

nbcr = 5
lambda0 = 3.501084296647659
kmpl_prod = 0.180000000000000
 Time :      1.00000
 Time :      2.00000
 Time :      3.01000
 Time :      4.01000
 Time :      5.01000
 Time :      6.01000
 Time :      7.01000
 Time :      8.01000
 Time :      9.01000
 Time :     10.01000
 Time :     11.01000
 Time :     12.01000
 Time :     13.01000
 Time :     14.01000
 Time :     15.01000
 Time :     16.01000
 Time :     17.01000
 Time :     18.00000
 Time :     19.00000
 Time :     20.00000
 Time :     21.00000
 Time :     22.00000
 Time :     23.00000
 Time :     24.00000
 Time :     25.00000
 Time :     26.00000
 Time :     27.00000
 Time :     28.00000
 Time :     29.00000
 Time :     30.00000
 Time :     31.00000
 Time :     32.00000
 Time :     33.00000
 Time :     34.00000
 Time :     35.00000
dtime = 23.06536473333836
mbcr = 0.200000000000000
agsout =

 Columns 1 through 3:

   6.654776675632307e-03   6.654776675632309e-03   6.654776675632313e-03

 Columns 4 and 5:

   6.654776675632314e-03   6.654776675632316e-03

ans = 8.820356118623646e-21
ans = -3.797948083748942e-21
ans = -3.794018975839315e-21
ans = -3.798930360726349e-21
ans = -3.797017505559820e-21
nbcr = 5
lambda0 = 3.501084296647659
kmpl_prod = 0.180000000000000
 Time :      1.00000
 Time :      2.00000
 Time :      3.01000
 Time :      4.01000
 Time :      5.01000
 Time :      6.01000
 Time :      7.01000
 Time :      8.01000
 Time :      9.01000
 Time :     10.01000
 Time :     11.01000
 Time :     12.01000
 Time :     13.01000
 Time :     14.01000
 Time :     15.01000
 Time :     16.01000
 Time :     17.01000
 Time :     18.00000
 Time :     19.00000
 Time :     20.00000
 Time :     21.00000
 Time :     22.00000
 Time :     23.00000
 Time :     24.00000
 Time :     25.00000
 Time :     26.00000
 Time :     27.00000
 Time :     28.00000
 Time :     29.00000
 Time :     30.00000
 Time :     31.00000
 Time :     32.00000
 Time :     33.00000
 Time :     34.00000
 Time :     35.00000
dtime = 23.23550060391426
mbcr =

   0.200000000000000   0.296886761676214

agsout =

 Columns 1 through 3:

   6.654776675632307e-03   6.654776675632309e-03   6.654776675632313e-03
   1.684648909573314e-03   7.078386810715123e-03   7.078386810715125e-03

 Columns 4 and 5:

   6.654776675632314e-03   6.654776675632316e-03
   7.078386810715133e-03   7.078386810715129e-03

ans = 3.127569896062998e-21
ans = -2.052235099744062e-21
ans = 8.108696448492477e-21
ans = 1.333363448647196e-21
ans = -2.056732894324819e-21
nbcr = 5
lambda0 = 3.501084296647659
kmpl_prod = 0.180000000000000
 Time :      1.00000
 Time :      2.00000
 Time :      3.01000
 Time :      4.01000
 Time :      5.01000
 Time :      6.01000
 Time :      7.01000
 Time :      8.01000
 Time :      9.01000
 Time :     10.01000
 Time :     11.01000
 Time :     12.01000
 Time :     13.01000
 Time :     14.01000
 Time :     15.01000
 Time :     16.01000
 Time :     17.01000
 Time :     18.00000
 Time :     19.00000
 Time :     20.00000
 Time :     21.00000
 Time :     22.00000
 Time :     23.00000
 Time :     24.00000
 Time :     25.00000
 Time :     26.00000
 Time :     27.00000
 Time :     28.00000
 Time :     29.00000
 Time :     30.00000
 Time :     31.00000
 Time :     32.00000
 Time :     33.00000
 Time :     34.00000
 Time :     35.00000
dtime = 22.78254590928555
mbcr =

   0.200000000000000   0.296886761676214   0.297761928981587

agsout =

 Columns 1 through 3:

   6.654776675632307e-03   6.654776675632309e-03   6.654776675632313e-03
   1.684648909573314e-03   7.078386810715123e-03   7.078386810715125e-03
   1.601601509195302e-03   7.088638855300427e-03   7.088638855300370e-03

 Columns 4 and 5:

   6.654776675632314e-03   6.654776675632316e-03
   7.078386810715133e-03   7.078386810715129e-03
   7.088638855300373e-03   7.088638855300366e-03

ans = 9.916034388132558e-21
ans = -4.412336483722703e-21
ans = 2.358395323965251e-21
ans = -4.411509303110150e-21
ans = -1.021568056502989e-21
nbcr = 5
lambda0 = 3.501084296647659
kmpl_prod = 0.180000000000000
 Time :      1.00000
 Time :      2.00000
 Time :      3.01000
 Time :      4.01000
 Time :      5.01000
 Time :      6.01000
 Time :      7.01000
 Time :      8.01000
 Time :      9.01000
 Time :     10.01000
 Time :     11.01000
 Time :     12.01000
 Time :     13.01000
 Time :     14.01000
 Time :     15.01000
 Time :     16.01000
 Time :     17.01000
 Time :     18.00000
 Time :     19.00000
 Time :     20.00000
 Time :     21.00000
 Time :     22.00000
 Time :     23.00000
 Time :     24.00000
 Time :     25.00000
 Time :     26.00000
 Time :     27.00000
 Time :     28.00000
 Time :     29.00000
 Time :     30.00000
 Time :     31.00000
 Time :     32.00000
 Time :     33.00000
 Time :     34.00000
 Time :     35.00000
dtime = 24.10424463450909
mbcr =

   0.200000000000000   0.296886761676214   0.297761928981587   0.360630482800247

agsout =

 Columns 1 through 3:

   6.654776675632307e-03   6.654776675632309e-03   6.654776675632313e-03
   1.684648909573314e-03   7.078386810715123e-03   7.078386810715125e-03
   1.601601509195302e-03   7.088638855300427e-03   7.088638855300370e-03
   2.768763583375011e-04   7.455143537938544e-03   7.455143537938527e-03

 Columns 4 and 5:

   6.654776675632314e-03   6.654776675632316e-03
   7.078386810715133e-03   7.078386810715129e-03
   7.088638855300373e-03   7.088638855300366e-03
   7.455143537938539e-03   7.455143537938531e-03

ans = -1.747005453711994e-21
ans = 1.646296214133663e-21
ans = 1.648364165665046e-21
ans = -5.138756157909115e-21
ans = 1.645572431097679e-21
nbcr = 5
lambda0 = 3.501084296647659
kmpl_prod = 0.180000000000000
 Time :      1.00000
 Time :      2.00000
 Time :      3.01000
 Time :      4.01000
 Time :      5.01000
 Time :      6.01000
 Time :      7.01000
 Time :      8.01000
 Time :      9.01000
 Time :     10.01000
 Time :     11.01000
 Time :     12.01000
 Time :     13.01000
 Time :     14.01000
 Time :     15.01000
 Time :     16.01000
 Time :     17.01000
 Time :     18.00000
 Time :     19.00000
 Time :     20.00000
 Time :     21.00000
 Time :     22.00000
 Time :     23.00000
 Time :     24.00000
 Time :     25.00000
 Time :     26.00000
 Time :     27.00000
 Time :     28.00000
 Time :     29.00000
 Time :     30.00000
 Time :     31.00000
 Time :     32.00000
 Time :     33.00000
 Time :     34.00000
 Time :     35.00000
dtime = 24.30600374937057
mbcr =

 Columns 1 through 4:

   0.200000000000000   0.296886761676214   0.297761928981587   0.360630482800247

 Column 5:

   0.373230279674849

agsout =

 Columns 1 through 3:

   6.654776675632307e-03   6.654776675632309e-03   6.654776675632313e-03
   1.684648909573314e-03   7.078386810715123e-03   7.078386810715125e-03
   1.601601509195302e-03   7.088638855300427e-03   7.088638855300370e-03
   2.768763583375011e-04   7.455143537938544e-03   7.455143537938527e-03
   1.019935808852859e-04   7.497940570834411e-03   7.497940570834390e-03

 Columns 4 and 5:

   6.654776675632314e-03   6.654776675632316e-03
   7.078386810715133e-03   7.078386810715129e-03
   7.088638855300373e-03   7.088638855300366e-03
   7.455143537938539e-03   7.455143537938531e-03
   7.497940570834388e-03   7.497940570834426e-03

ans = 7.517417406881916e-21
ans = 1.272689750716431e-20
ans = 1.272917225384884e-20
ans = 1.272751789262373e-20
ans = 1.272648391685804e-20
nbcr = 5
lambda0 = 3.501084296647659
kmpl_prod = 0.180000000000000
 Time :      1.00000
 Time :      2.00000
 Time :      3.01000
 Time :      4.01000
 Time :      5.01000
 Time :      6.01000
 Time :      7.01000
 Time :      8.01000
 Time :      9.01000
 Time :     10.01000
 Time :     11.01000
 Time :     12.01000
 Time :     13.01000
 Time :     14.01000
 Time :     15.01000
 Time :     16.01000
 Time :     17.01000
 Time :     18.00000
 Time :     19.00000
 Time :     20.00000
 Time :     21.00000
 Time :     22.00000
 Time :     23.00000
 Time :     24.00000
 Time :     25.00000
 Time :     26.00000
 Time :     27.00000
 Time :     28.00000
 Time :     29.00000
 Time :     30.00000
 Time :     31.00000
 Time :     32.00000
 Time :     33.00000
 Time :     34.00000
 Time :     35.00000
dtime = 23.97159598767757
mbcr =

 Columns 1 through 4:

   0.200000000000000   0.296886761676214   0.297761928981587   0.360630482800247

 Columns 5 and 6:

   0.373230279674849   0.368620708614986

agsout =

 Columns 1 through 3:

   6.654776675632307e-03   6.654776675632309e-03   6.654776675632313e-03
   1.684648909573314e-03   7.078386810715123e-03   7.078386810715125e-03
   1.601601509195302e-03   7.088638855300427e-03   7.088638855300370e-03
   2.768763583375011e-04   7.455143537938544e-03   7.455143537938527e-03
   1.019935808852859e-04   7.497940570834411e-03   7.497940570834390e-03
   2.759207658735182e-05   7.524754039958162e-03   7.524754039958164e-03

 Columns 4 and 5:

   6.654776675632314e-03   6.654776675632316e-03
   7.078386810715133e-03   7.078386810715129e-03
   7.088638855300373e-03   7.088638855300366e-03
   7.455143537938539e-03   7.455143537938531e-03
   7.497940570834388e-03   7.497940570834426e-03
   7.524754039958159e-03   7.524754039958156e-03

ans = 3.388131789017201e-21
ans = 7.080252453147640e-21
ans = 3.086417660588485e-22
ans = 1.048141233681255e-20
ans = 3.151558133827035e-22
dkps =

 Columns 1 through 3:

   3.704696246165908e+01   1.764592306551905e+01   5.110622393275141e+01

 Columns 4 through 6:

   3.690797643033495e+01   4.624601330064809e+00   3.301208192819297e+00

nbcr = 7
lambda0 = 3.501084296647659
kmpl_prod = 0.180000000000000
 Time :      1.00000
 Time :      2.00000
 Time :      3.01000
 Time :      4.01000
 Time :      5.01000
 Time :      6.01000
 Time :      7.01000
 Time :      8.01000
 Time :      9.01000
 Time :     10.01000
 Time :     11.01000
 Time :     12.01000
 Time :     13.01000
 Time :     14.01000
 Time :     15.01000
 Time :     16.01000
 Time :     17.01000
 Time :     18.00000
 Time :     19.00000
 Time :     20.00000
 Time :     21.00000
 Time :     22.00000
 Time :     23.00000
 Time :     24.00000
 Time :     25.00000
 Time :     26.00000
 Time :     27.00000
 Time :     28.00000
 Time :     29.00000
 Time :     30.00000
 Time :     31.00000
 Time :     32.00000
 Time :     33.00000
 Time :     34.00000
 Time :     35.00000
dtime = 32.60661251842976
mbcr = 0.142857142857143
agsout =

 Columns 1 through 3:

   5.805757013961514e-03   5.805757013961522e-03   5.805757013961515e-03

 Columns 4 through 6:

   5.805757013961535e-03   5.805757013961533e-03   5.805757013961519e-03

 Column 7:

   5.805757013961519e-03

ans = 2.127353439121533e-21
ans = 4.537085659853357e-21
ans = 1.163532929132403e-21
ans = -2.232353678127483e-21
ans = 4.546701634474286e-21
ans = -5.617486937424180e-21
ans = -2.230182329019532e-21
nbcr = 7
lambda0 = 3.501084296647659
kmpl_prod = 0.180000000000000
 Time :      1.00000
 Time :      2.00000
 Time :      3.01000
 Time :      4.01000
 Time :      5.01000
 Time :      6.01000
 Time :      7.01000
 Time :      8.01000
 Time :      9.01000
 Time :     10.01000
 Time :     11.01000
 Time :     12.01000
 Time :     13.01000
 Time :     14.01000
 Time :     15.01000
 Time :     16.01000
 Time :     17.01000
 Time :     18.00000
 Time :     19.00000
 Time :     20.00000
 Time :     21.00000
 Time :     22.00000
 Time :     23.00000
 Time :     24.00000
 Time :     25.00000
 Time :     26.00000
 Time :     27.00000
 Time :     28.00000
 Time :     29.00000
 Time :     30.00000
 Time :     31.00000
 Time :     32.00000
 Time :     33.00000
 Time :     34.00000
 Time :     35.00000
dtime = 32.38797560334206
mbcr =

   0.142857142857143   0.232277175910406

agsout =

 Columns 1 through 3:

   5.805757013961514e-03   5.805757013961522e-03   5.805757013961515e-03
   1.463180588360448e-03   6.200367314114471e-03   6.200367314114499e-03

 Columns 4 through 6:

   5.805757013961535e-03   5.805757013961533e-03   5.805757013961519e-03
   6.200367314114487e-03   6.200367314114492e-03   6.200367314114488e-03

 Column 7:

   5.805757013961519e-03
   6.200367314114488e-03

ans = -3.186713309860539e-21
ans = 6.809557597689662e-21
ans = 3.414601568618898e-21
ans = 6.806869260698865e-21
ans = 1.018869379754535e-20
ans = 1.357196590046380e-20
ans = 1.357196590046380e-20
nbcr = 7
lambda0 = 3.501084296647659
kmpl_prod = 0.180000000000000
 Time :      1.00000
 Time :      2.00000
 Time :      3.01000
 Time :      4.01000
 Time :      5.01000
 Time :      6.01000
 Time :      7.01000
 Time :      8.01000
 Time :      9.01000
 Time :     10.01000
 Time :     11.01000
 Time :     12.01000
 Time :     13.01000
 Time :     14.01000
 Time :     15.01000
 Time :     16.01000
 Time :     17.01000
 Time :     18.00000
 Time :     19.00000
 Time :     20.00000
 Time :     21.00000
 Time :     22.00000
 Time :     23.00000
 Time :     24.00000
 Time :     25.00000
 Time :     26.00000
 Time :     27.00000
 Time :     28.00000
 Time :     29.00000
 Time :     30.00000
 Time :     31.00000
 Time :     32.00000
 Time :     33.00000
 Time :     34.00000
 Time :     35.00000
dtime = 32.07694329321384
mbcr =

   0.142857142857143   0.232277175910406   0.273305591011208

agsout =

 Columns 1 through 3:

   5.805757013961514e-03   5.805757013961522e-03   5.805757013961515e-03
   1.463180588360448e-03   6.200367314114471e-03   6.200367314114499e-03
   6.594815483865722e-04   6.526803397444573e-03   6.526803397444584e-03

 Columns 4 through 6:

   5.805757013961535e-03   5.805757013961533e-03   5.805757013961519e-03
   6.200367314114487e-03   6.200367314114492e-03   6.200367314114488e-03
   6.526803397444556e-03   6.526803397444553e-03   6.526803397444561e-03

 Column 7:

   5.805757013961519e-03
   6.200367314114488e-03
   6.526803397444561e-03

ans = 8.462057666417473e-21
ans = 6.321727831436514e-21
ans = 6.327207902994678e-21
ans = 6.312628844698431e-21
ans = 9.704689741625259e-21
ans = 9.706137307697227e-21
ans = 9.706137307697227e-21
nbcr = 7
lambda0 = 3.501084296647659
kmpl_prod = 0.180000000000000
 Time :      1.00000
 Time :      2.00000
 Time :      3.01000
 Time :      4.01000
 Time :      5.01000
 Time :      6.01000
 Time :      7.01000
 Time :      8.01000
 Time :      9.01000
 Time :     10.01000
 Time :     11.01000
 Time :     12.01000
 Time :     13.01000
 Time :     14.01000
 Time :     15.01000
 Time :     16.01000
 Time :     17.01000
 Time :     18.00000
 Time :     19.00000
 Time :     20.00000
 Time :     21.00000
 Time :     22.00000
 Time :     23.00000
 Time :     24.00000
 Time :     25.00000
 Time :     26.00000
 Time :     27.00000
 Time :     28.00000
 Time :     29.00000
 Time :     30.00000
 Time :     31.00000
 Time :     32.00000
 Time :     33.00000
 Time :     34.00000
 Time :     35.00000
dtime = 32.08896294236183
mbcr =

   0.142857142857143   0.232277175910406   0.273305591011208   0.255110429376817

agsout =

 Columns 1 through 3:

   5.805757013961514e-03   5.805757013961522e-03   5.805757013961515e-03
   1.463180588360448e-03   6.200367314114471e-03   6.200367314114499e-03
   6.594815483865722e-04   6.526803397444573e-03   6.526803397444584e-03
   9.578043189138045e-04   6.430862777723829e-03   6.430862777723807e-03

 Columns 4 through 6:

   5.805757013961535e-03   5.805757013961533e-03   5.805757013961519e-03
   6.200367314114487e-03   6.200367314114492e-03   6.200367314114488e-03
   6.526803397444556e-03   6.526803397444553e-03   6.526803397444561e-03
   6.430862777723850e-03   6.430862777723868e-03   6.430862777723863e-03

 Column 7:

   5.805757013961519e-03
   6.200367314114488e-03
   6.526803397444561e-03
   6.430862777723865e-03

ans = 2.727007684434194e-21
ans = 1.345967613230973e-20
ans = 6.686824674302107e-21
ans = 1.006689145234692e-20
ans = 6.683826144581602e-21
ans = 1.007537005362558e-20
ans = 1.346515620386789e-20
nbcr = 7
lambda0 = 3.501084296647659
kmpl_prod = 0.180000000000000
 Time :      1.00000
 Time :      2.00000
 Time :      3.01000
 Time :      4.01000
 Time :      5.01000
 Time :      6.01000
 Time :      7.01000
 Time :      8.01000
 Time :      9.01000
 Time :     10.01000
 Time :     11.01000
 Time :     12.01000
 Time :     13.01000
 Time :     14.01000
 Time :     15.01000
 Time :     16.01000
 Time :     17.01000
 Time :     18.00000
 Time :     19.00000
 Time :     20.00000
 Time :     21.00000
 Time :     22.00000
 Time :     23.00000
 Time :     24.00000
 Time :     25.00000
 Time :     26.00000
 Time :     27.00000
 Time :     28.00000
 Time :     29.00000
 Time :     30.00000
 Time :     31.00000
 Time :     32.00000
 Time :     33.00000
 Time :     34.00000
 Time :     35.00000
dtime = 32.11388736963272
mbcr =

 Columns 1 through 4:

   0.142857142857143   0.232277175910406   0.273305591011208   0.255110429376817

 Column 5:

   0.256065595674783

agsout =

 Columns 1 through 3:

   5.805757013961514e-03   5.805757013961522e-03   5.805757013961515e-03
   1.463180588360448e-03   6.200367314114471e-03   6.200367314114499e-03
   6.594815483865722e-04   6.526803397444573e-03   6.526803397444584e-03
   9.578043189138045e-04   6.430862777723829e-03   6.430862777723807e-03
   9.290693458652671e-04   6.385973082641955e-03   6.385973082642005e-03

 Columns 4 through 6:

   5.805757013961535e-03   5.805757013961533e-03   5.805757013961519e-03
   6.200367314114487e-03   6.200367314114492e-03   6.200367314114488e-03
   6.526803397444556e-03   6.526803397444553e-03   6.526803397444561e-03
   6.430862777723850e-03   6.430862777723868e-03   6.430862777723863e-03
   6.385973082641964e-03   6.385973082641988e-03   6.385973082641981e-03

 Column 7:

   5.805757013961519e-03
   6.200367314114488e-03
   6.526803397444561e-03
   6.430862777723865e-03
   6.385973082641981e-03

ans = 2.122545451811069e-21
ans = -3.105753007406912e-21
ans = 2.877554555918845e-22
ans = 3.668649414249247e-21
ans = 2.840331428353959e-22
ans = 3.666995053024141e-21
ans = 3.666995053024141e-21
nbcr = 7
lambda0 = 3.501084296647659
kmpl_prod = 0.180000000000000
 Time :      1.00000
 Time :      2.00000
 Time :      3.01000
 Time :      4.01000
 Time :      5.01000
 Time :      6.01000
 Time :      7.01000
 Time :      8.01000
 Time :      9.01000
 Time :     10.01000
 Time :     11.01000
 Time :     12.01000
 Time :     13.01000
 Time :     14.01000
 Time :     15.01000
 Time :     16.01000
 Time :     17.01000
 Time :     18.00000
 Time :     19.00000
 Time :     20.00000
 Time :     21.00000
 Time :     22.00000
 Time :     23.00000
 Time :     24.00000
 Time :     25.00000
 Time :     26.00000
 Time :     27.00000
 Time :     28.00000
 Time :     29.00000
 Time :     30.00000
 Time :     31.00000
 Time :     32.00000
 Time :     33.00000
 Time :     34.00000
 Time :     35.00000
dtime = 32.22847133874893
mbcr =

 Columns 1 through 4:

   0.142857142857143   0.232277175910406   0.273305591011208   0.255110429376817

 Columns 5 and 6:

   0.256065595674783   0.298773480431485

agsout =

 Columns 1 through 3:

   5.805757013961514e-03   5.805757013961522e-03   5.805757013961515e-03
   1.463180588360448e-03   6.200367314114471e-03   6.200367314114499e-03
   6.594815483865722e-04   6.526803397444573e-03   6.526803397444584e-03
   9.578043189138045e-04   6.430862777723829e-03   6.430862777723807e-03
   9.290693458652671e-04   6.385973082641955e-03   6.385973082642005e-03
   3.259490405122810e-04   6.625920315572071e-03   6.625920315572098e-03

 Columns 4 through 6:

   5.805757013961535e-03   5.805757013961533e-03   5.805757013961519e-03
   6.200367314114487e-03   6.200367314114492e-03   6.200367314114488e-03
   6.526803397444556e-03   6.526803397444553e-03   6.526803397444561e-03
   6.430862777723850e-03   6.430862777723868e-03   6.430862777723863e-03
   6.385973082641964e-03   6.385973082641988e-03   6.385973082641981e-03
   6.625920315572069e-03   6.625920315572097e-03   6.625920315572086e-03

 Column 7:

   5.805757013961519e-03
   6.200367314114488e-03
   6.526803397444561e-03
   6.430862777723865e-03
   6.385973082641981e-03
   6.625920315572088e-03

ans = 1.054158972637578e-20
ans = -7.285703437790499e-21
ans = -7.297697556672518e-21
ans = -7.299558713050762e-21
ans = -1.067559298560938e-20
ans = -7.294182039069167e-21
ans = -1.068221043050980e-20
dkps =

 Columns 1 through 3:

   6.546391989827785e+01   7.288550736297010e-01   2.901110986544465e+00

 Columns 4 through 6:

   3.622418413200287e+01   9.763795086801300e+00   1.364277840911777e+01

nbcr = 10
lambda0 = 3.501084296647659
kmpl_prod = 0.180000000000000
 Time :      1.00000
 Time :      2.00000
 Time :      3.01000
 Time :      4.01000
 Time :      5.01000
 Time :      6.01000
 Time :      7.01000
 Time :      8.01000
 Time :      9.01000
 Time :     10.01000
 Time :     11.01000
 Time :     12.01000
 Time :     13.01000
 Time :     14.01000
 Time :     15.01000
 Time :     16.01000
 Time :     17.01000
 Time :     18.00000
 Time :     19.00000
 Time :     20.00000
 Time :     21.00000
 Time :     22.00000
 Time :     23.00000
 Time :     24.00000
 Time :     25.00000
 Time :     26.00000
 Time :     27.00000
 Time :     28.00000
 Time :     29.00000
 Time :     30.00000
 Time :     31.00000
 Time :     32.00000
 Time :     33.00000
 Time :     34.00000
 Time :     35.00000
dtime = 46.53668180108070
mbcr = 0.100000000000000
agsout =

 Columns 1 through 3:

   5.165803084021687e-03   5.165803084021710e-03   5.165803084021646e-03

 Columns 4 through 6:

   5.165803084021644e-03   5.165803084021664e-03   5.165803084021658e-03

 Columns 7 through 9:

   5.165803084021657e-03   5.165803084021666e-03   5.165803084021665e-03

 Column 10:

   5.165803084021660e-03

ans = 1.395634639135954e-20
ans = -1.210061838588510e-21
ans = -4.606155241001535e-21
ans = 5.546969790204034e-21
ans = -1.214301139227845e-21
ans = 2.169487951573453e-21
ans = -4.611738710136268e-21
ans = 2.169591349150022e-21
ans = -1.216369090759227e-21
ans = -4.619286733225814e-21
nbcr = 10
lambda0 = 3.501084296647659
kmpl_prod = 0.180000000000000
 Time :      1.00000
 Time :      2.00000
 Time :      3.01000
 Time :      4.01000
 Time :      5.01000
 Time :      6.01000
 Time :      7.01000
 Time :      8.01000
 Time :      9.01000
 Time :     10.01000
 Time :     11.01000
 Time :     12.01000
 Time :     13.01000
 Time :     14.01000
 Time :     15.01000
 Time :     16.01000
 Time :     17.01000
 Time :     18.00000
 Time :     19.00000
 Time :     20.00000
 Time :     21.00000
 Time :     22.00000
 Time :     23.00000
 Time :     24.00000
 Time :     25.00000
 Time :     26.00000
 Time :     27.00000
 Time :     28.00000
 Time :     29.00000
 Time :     30.00000
 Time :     31.00000
 Time :     32.00000
 Time :     33.00000
 Time :     34.00000
 Time :     35.00000
dtime = 46.75219058990479
mbcr =

   0.100000000000000   0.172558163709859

agsout =

 Columns 1 through 3:

   5.165803084021687e-03   5.165803084021710e-03   5.165803084021646e-03
   1.444065177315328e-03   5.458694910876422e-03   5.458694910876366e-03

 Columns 4 through 6:

   5.165803084021644e-03   5.165803084021664e-03   5.165803084021658e-03
   5.458694910876365e-03   5.458694910876372e-03   5.458694910876375e-03

 Columns 7 through 9:

   5.165803084021657e-03   5.165803084021666e-03   5.165803084021665e-03
   5.458694910876361e-03   5.458694910876352e-03   5.458694910876360e-03

 Column 10:

   5.165803084021660e-03
   5.458694910876363e-03

ans = -3.534542757439087e-21
ans = 8.298792893014819e-21
ans = 1.167958345409561e-20
ans = 1.538762734501770e-21
ans = 4.919346500429425e-21
ans = 1.169416251239186e-20
ans = 1.169385231966215e-20
ans = 8.311820987662529e-21
ans = 4.919346500429425e-21
ans = 1.527905988962011e-21
nbcr = 10
lambda0 = 3.501084296647659
kmpl_prod = 0.180000000000000
 Time :      1.00000
 Time :      2.00000
 Time :      3.01000
 Time :      4.01000
 Time :      5.01000
 Time :      6.01000
 Time :      7.01000
 Time :      8.01000
 Time :      9.01000
 Time :     10.01000
 Time :     11.01000
 Time :     12.01000
 Time :     13.01000
 Time :     14.01000
 Time :     15.01000
 Time :     16.01000
 Time :     17.01000
 Time :     18.00000
 Time :     19.00000
 Time :     20.00000
 Time :     21.00000
 Time :     22.00000
 Time :     23.00000
 Time :     24.00000
 Time :     25.00000
 Time :     26.00000
 Time :     27.00000
 Time :     28.00000
 Time :     29.00000
 Time :     30.00000
 Time :     31.00000
 Time :     32.00000
 Time :     33.00000
 Time :     34.00000
 Time :     35.00000
dtime = 48.99463467299938
mbcr =

   0.100000000000000   0.172558163709859   0.278469122650611

agsout =

 Columns 1 through 3:

   5.165803084021687e-03   5.165803084021710e-03   5.165803084021646e-03
   1.444065177315328e-03   5.458694910876422e-03   5.458694910876366e-03
   9.251223474858094e-05   6.090988396154446e-03   6.090988396154451e-03

 Columns 4 through 6:

   5.165803084021644e-03   5.165803084021664e-03   5.165803084021658e-03
   5.458694910876365e-03   5.458694910876372e-03   5.458694910876375e-03
   6.090988396154463e-03   6.090988396154430e-03   6.090988396154420e-03

 Columns 7 through 9:

   5.165803084021657e-03   5.165803084021666e-03   5.165803084021665e-03
   5.458694910876361e-03   5.458694910876352e-03   5.458694910876360e-03
   6.090988396154423e-03   6.090988396154409e-03   6.090988396154415e-03

 Column 10:

   5.165803084021660e-03
   5.458694910876363e-03
   6.090988396154414e-03

ans = 1.011145580784821e-20
ans = 2.422812014167818e-21
ans = 2.438114855500049e-21
ans = -9.558071978050235e-22
ans = -7.744892075333998e-21
ans = 2.439148831265740e-21
ans = 2.431497410599625e-21
ans = -9.636654136242772e-22
ans = -9.423655128510368e-22
ans = -9.601498960209269e-22
nbcr = 10
lambda0 = 3.501084296647659
kmpl_prod = 0.180000000000000
 Time :      1.00000
 Time :      2.00000
 Time :      3.01000
 Time :      4.01000
 Time :      5.01000
 Time :      6.01000
 Time :      7.01000
 Time :      8.01000
 Time :      9.01000
 Time :     10.01000
 Time :     11.01000
 Time :     12.01000
 Time :     13.01000
 Time :     14.01000
 Time :     15.01000
 Time :     16.01000
 Time :     17.01000
 Time :     18.00000
 Time :     19.00000
 Time :     20.00000
 Time :     21.00000
 Time :     22.00000
 Time :     23.00000
 Time :     24.00000
 Time :     25.00000
 Time :     26.00000
 Time :     27.00000
 Time :     28.00000
 Time :     29.00000
 Time :     30.00000
 Time :     31.00000
 Time :     32.00000
 Time :     33.00000
 Time :     34.00000
 Time :     35.00000
dtime = 48.96301142871380
mbcr =

   0.100000000000000   0.172558163709859   0.278469122650611   0.279706921312823

agsout =

 Columns 1 through 3:

   5.165803084021687e-03   5.165803084021710e-03   5.165803084021646e-03
   1.444065177315328e-03   5.458694910876422e-03   5.458694910876366e-03
   9.251223474858094e-05   6.090988396154446e-03   6.090988396154451e-03
   7.544276566925601e-05   6.066770836711612e-03   6.066770836711622e-03

 Columns 4 through 6:

   5.165803084021644e-03   5.165803084021664e-03   5.165803084021658e-03
   5.458694910876365e-03   5.458694910876372e-03   5.458694910876375e-03
   6.090988396154463e-03   6.090988396154430e-03   6.090988396154420e-03
   6.066770836711604e-03   6.066770836711624e-03   6.066770836711607e-03

 Columns 7 through 9:

   5.165803084021657e-03   5.165803084021666e-03   5.165803084021665e-03
   5.458694910876361e-03   5.458694910876352e-03   5.458694910876360e-03
   6.090988396154423e-03   6.090988396154409e-03   6.090988396154415e-03
   6.066770836711606e-03   6.066770836711612e-03   6.066770836711604e-03

 Column 10:

   5.165803084021660e-03
   5.458694910876363e-03
   6.090988396154414e-03
   6.066770836711612e-03

ans = -4.989553454919863e-21
ans = 1.224640896884757e-20
ans = 1.563846986577440e-20
ans = 1.562544177112669e-20
ans = 1.224475460762247e-20
ans = 8.857036408911544e-21
ans = 1.224061870455970e-20
ans = 1.224496140277561e-20
ans = 1.222841779052455e-20
ans = 8.863860648965106e-21
nbcr = 10
lambda0 = 3.501084296647659
kmpl_prod = 0.180000000000000
 Time :      1.00000
 Time :      2.00000
 Time :      3.01000
 Time :      4.01000
 Time :      5.01000
 Time :      6.01000
 Time :      7.01000
 Time :      8.01000
 Time :      9.01000
 Time :     10.01000
 Time :     11.01000
 Time :     12.01000
 Time :     13.01000
 Time :     14.01000
 Time :     15.01000
 Time :     16.01000
 Time :     17.01000
 Time :     18.00000
 Time :     19.00000
 Time :     20.00000
 Time :     21.00000
 Time :     22.00000
 Time :     23.00000
 Time :     24.00000
 Time :     25.00000
 Time :     26.00000
 Time :     27.00000
 Time :     28.00000
 Time :     29.00000
 Time :     30.00000
 Time :     31.00000
 Time :     32.00000
 Time :     33.00000
 Time :     34.00000
 Time :     35.00000
dtime = 46.20665945112705
mbcr =

 Columns 1 through 4:

   0.100000000000000   0.172558163709859   0.278469122650611   0.279706921312823

 Column 5:

   0.244259026928961

agsout =

 Columns 1 through 3:

   5.165803084021687e-03   5.165803084021710e-03   5.165803084021646e-03
   1.444065177315328e-03   5.458694910876422e-03   5.458694910876366e-03
   9.251223474858094e-05   6.090988396154446e-03   6.090988396154451e-03
   7.544276566925601e-05   6.066770836711612e-03   6.066770836711622e-03
   3.888423219701753e-04   5.971661291729889e-03   5.971661291729872e-03

 Columns 4 through 6:

   5.165803084021644e-03   5.165803084021664e-03   5.165803084021658e-03
   5.458694910876365e-03   5.458694910876372e-03   5.458694910876375e-03
   6.090988396154463e-03   6.090988396154430e-03   6.090988396154420e-03
   6.066770836711604e-03   6.066770836711624e-03   6.066770836711607e-03
   5.971661291729891e-03   5.971661291729901e-03   5.971661291729896e-03

 Columns 7 through 9:

   5.165803084021657e-03   5.165803084021666e-03   5.165803084021665e-03
   5.458694910876361e-03   5.458694910876352e-03   5.458694910876360e-03
   6.090988396154423e-03   6.090988396154409e-03   6.090988396154415e-03
   6.066770836711606e-03   6.066770836711612e-03   6.066770836711604e-03
   5.971661291729886e-03   5.971661291729888e-03   5.971661291729892e-03

 Column 10:

   5.165803084021660e-03
   5.458694910876363e-03
   6.090988396154414e-03
   6.066770836711612e-03
   5.971661291729896e-03

ans = -1.118348188171693e-21
ans = -9.620110523991712e-22
ans = 2.465411815714299e-21
ans = 2.447420637391271e-21
ans = -9.498101383640140e-22
ans = -9.479489819857697e-22
ans = 2.429636254221381e-21
ans = 2.447007047084994e-21
ans = 5.835138836102195e-21
ans = -9.500169335171523e-22
nbcr = 10
lambda0 = 3.501084296647659
kmpl_prod = 0.180000000000000
 Time :      1.00000
 Time :      2.00000
 Time :      3.01000
 Time :      4.01000
 Time :      5.01000
 Time :      6.01000
 Time :      7.01000
 Time :      8.01000
 Time :      9.01000
 Time :     10.01000
 Time :     11.01000
 Time :     12.01000
 Time :     13.01000
 Time :     14.01000
 Time :     15.01000
 Time :     16.01000
 Time :     17.01000
 Time :     18.00000
 Time :     19.00000
 Time :     20.00000
 Time :     21.00000
 Time :     22.00000
 Time :     23.00000
 Time :     24.00000
 Time :     25.00000
 Time :     26.00000
 Time :     27.00000
 Time :     28.00000
 Time :     29.00000
 Time :     30.00000
 Time :     31.00000
 Time :     32.00000
 Time :     33.00000
 Time :     34.00000
 Time :     35.00000
dtime = 46.08792141079903
mbcr =

 Columns 1 through 4:

   0.100000000000000   0.172558163709859   0.278469122650611   0.279706921312823

 Columns 5 and 6:

   0.244259026928961   0.246896165596963

agsout =

 Columns 1 through 3:

   5.165803084021687e-03   5.165803084021710e-03   5.165803084021646e-03
   1.444065177315328e-03   5.458694910876422e-03   5.458694910876366e-03
   9.251223474858094e-05   6.090988396154446e-03   6.090988396154451e-03
   7.544276566925601e-05   6.066770836711612e-03   6.066770836711622e-03
   3.888423219701753e-04   5.971661291729889e-03   5.971661291729872e-03
   3.762538419950619e-04   5.923894462949974e-03   5.923894462949933e-03

 Columns 4 through 6:

   5.165803084021644e-03   5.165803084021664e-03   5.165803084021658e-03
   5.458694910876365e-03   5.458694910876372e-03   5.458694910876375e-03
   6.090988396154463e-03   6.090988396154430e-03   6.090988396154420e-03
   6.066770836711604e-03   6.066770836711624e-03   6.066770836711607e-03
   5.971661291729891e-03   5.971661291729901e-03   5.971661291729896e-03
   5.923894462949966e-03   5.923894462949925e-03   5.923894462949977e-03

 Columns 7 through 9:

   5.165803084021657e-03   5.165803084021666e-03   5.165803084021665e-03
   5.458694910876361e-03   5.458694910876352e-03   5.458694910876360e-03
   6.090988396154423e-03   6.090988396154409e-03   6.090988396154415e-03
   6.066770836711606e-03   6.066770836711612e-03   6.066770836711604e-03
   5.971661291729886e-03   5.971661291729888e-03   5.971661291729892e-03
   5.923894462949976e-03   5.923894462949979e-03   5.923894462949980e-03

 Column 10:

   5.165803084021660e-03
   5.458694910876363e-03
   6.090988396154414e-03
   6.066770836711612e-03
   5.971661291729896e-03
   5.923894462949981e-03

ans = 2.637051792819052e-21
ans = 3.164586228474746e-21
ans = 3.171824058834585e-21
ans = 6.556440330248436e-21
ans = 3.164793023627884e-21
ans = 6.553131607798223e-21
ans = 6.556233535095297e-21
ans = 3.157348398114907e-21
ans = 6.551063656266841e-21
ans = 3.162931867249640e-21
dkps =

 Columns 1 through 3:

   1.080365605073565e+01   1.443001247808084e+00   3.003270093415180e+00

 Columns 4 through 6:

   2.445758432745020e+01   3.612903769007752e+01   3.458471288721459e+01

nbcr = 15
lambda0 = 3.501084296647659
kmpl_prod = 0.180000000000000
 Time :      1.00000
 Time :      2.00000
 Time :      3.01000
 Time :      4.01000
 Time :      5.01000
 Time :      6.01000
 Time :      7.01000
 Time :      8.01000
 Time :      9.01000
 Time :     10.01000
 Time :     11.01000
 Time :     12.01000
 Time :     13.01000
 Time :     14.01000
 Time :     15.01000
 Time :     16.01000
 Time :     17.01000
 Time :     18.00000
 Time :     19.00000
 Time :     20.00000
 Time :     21.00000
 Time :     22.00000
 Time :     23.00000
 Time :     24.00000
 Time :     25.00000
 Time :     26.00000
 Time :     27.00000
 Time :     28.00000
 Time :     29.00000
 Time :     30.00000
 Time :     31.00000
 Time :     32.00000
 Time :     33.00000
 Time :     34.00000
 Time :     35.00000
dtime = 72.55824655294418
mbcr = 6.666666666666667e-02
agsout =

 Columns 1 through 3:

   4.664289824553062e-03   4.664289824553062e-03   4.664289824553099e-03

 Columns 4 through 6:

   4.664289824553137e-03   4.664289824553130e-03   4.664289824553107e-03

 Columns 7 through 9:

   4.664289824553147e-03   4.664289824553143e-03   4.664289824553102e-03

 Columns 10 through 12:

   4.664289824553108e-03   4.664289824553121e-03   4.664289824553106e-03

 Columns 13 through 15:

   4.664289824553102e-03   4.664289824553101e-03   4.664289824553102e-03

ans = 1.075670838442786e-20
ans = 7.275053487403878e-22
ans = -6.043174760159282e-21
ans = -9.428204621879409e-21
ans = -9.440612331067705e-21
ans = 7.186131571554428e-22
ans = -2.656076946907772e-21
ans = -6.048758229294015e-21
ans = -6.036143724952581e-21
ans = -2.652561429304421e-21
ans = -2.666003114258408e-21
ans = -2.655249766295219e-21
ans = -6.028492304286466e-21
ans = -6.052066951744227e-21
ans = -9.440198740761428e-21
nbcr = 15
lambda0 = 3.501084296647659
kmpl_prod = 0.180000000000000
 Time :      1.00000
 Time :      2.00000
 Time :      3.01000
 Time :      4.01000
 Time :      5.01000
 Time :      6.01000
 Time :      7.01000
 Time :      8.01000
 Time :      9.01000
 Time :     10.01000
 Time :     11.01000
 Time :     12.01000
 Time :     13.01000
 Time :     14.01000
 Time :     15.01000
 Time :     16.01000
 Time :     17.01000
 Time :     18.00000
 Time :     19.00000
 Time :     20.00000
 Time :     21.00000
 Time :     22.00000
 Time :     23.00000
 Time :     24.00000
 Time :     25.00000
 Time :     26.00000
 Time :     27.00000
 Time :     28.00000
 Time :     29.00000
 Time :     30.00000
 Time :     31.00000
 Time :     32.00000
 Time :     33.00000
 Time :     34.00000
 Time :     35.00000
dtime = 71.11390717327595
mbcr =

   6.666666666666667e-02   1.896957065719382e-01

agsout =

 Columns 1 through 3:

   4.664289824553062e-03   4.664289824553062e-03   4.664289824553099e-03
   4.635817267389918e-04   5.433938316211532e-03   5.433938316211499e-03

 Columns 4 through 6:

   4.664289824553137e-03   4.664289824553130e-03   4.664289824553107e-03
   5.433938316211535e-03   5.433938316211492e-03   5.433938316211522e-03

 Columns 7 through 9:

   4.664289824553147e-03   4.664289824553143e-03   4.664289824553102e-03
   5.433938316211499e-03   5.433938316211512e-03   5.433938316211519e-03

 Columns 10 through 12:

   4.664289824553108e-03   4.664289824553121e-03   4.664289824553106e-03
   5.433938316211540e-03   5.433938316211515e-03   5.433938316211546e-03

 Columns 13 through 15:

   4.664289824553102e-03   4.664289824553101e-03   4.664289824553102e-03
   5.433938316211548e-03   5.433938316211540e-03   5.433938316211540e-03

ans = 1.392806715416788e-20
ans = 1.084123590327312e-20
ans = 1.083772038566977e-20
ans = 7.418569323681829e-21
ans = 7.440489609914484e-21
ans = 1.083730679536349e-20
ans = 4.061456807635366e-21
ans = 7.445866283896079e-21
ans = 7.430770237716986e-21
ans = 7.439455634148793e-21
ans = 4.043672424465476e-21
ans = 7.439869224455069e-21
ans = 4.034573437727392e-21
ans = 7.435940116545442e-21
ans = 7.435940116545442e-21
nbcr = 15
lambda0 = 3.501084296647659
kmpl_prod = 0.180000000000000
 Time :      1.00000
 Time :      2.00000
 Time :      3.01000
 Time :      4.01000
 Time :      5.01000
 Time :      6.01000
 Time :      7.01000
 Time :      8.01000
 Time :      9.01000
 Time :     10.01000
 Time :     11.01000
 Time :     12.01000
 Time :     13.01000
 Time :     14.01000
 Time :     15.01000
 Time :     16.01000
 Time :     17.01000
 Time :     18.00000
 Time :     19.00000
 Time :     20.00000
 Time :     21.00000
 Time :     22.00000
 Time :     23.00000
 Time :     24.00000
 Time :     25.00000
 Time :     26.00000
 Time :     27.00000
 Time :     28.00000
 Time :     29.00000
 Time :     30.00000
 Time :     31.00000
 Time :     32.00000
 Time :     33.00000
 Time :     34.00000
 Time :     35.00000
dtime = 76.37836262583733
mbcr =

   6.666666666666667e-02   1.896957065719382e-01   2.453780031259134e-01

agsout =

 Columns 1 through 3:

   4.664289824553062e-03   4.664289824553062e-03   4.664289824553099e-03
   4.635817267389918e-04   5.433938316211532e-03   5.433938316211499e-03
   8.817534184510148e-05   5.560358087455517e-03   5.560358087455514e-03

 Columns 4 through 6:

   4.664289824553137e-03   4.664289824553130e-03   4.664289824553107e-03
   5.433938316211535e-03   5.433938316211492e-03   5.433938316211522e-03
   5.560358087455490e-03   5.560358087455494e-03   5.560358087455455e-03

 Columns 7 through 9:

   4.664289824553147e-03   4.664289824553143e-03   4.664289824553102e-03
   5.433938316211499e-03   5.433938316211512e-03   5.433938316211519e-03
   5.560358087455493e-03   5.560358087455519e-03   5.560358087455484e-03

 Columns 10 through 12:

   4.664289824553108e-03   4.664289824553121e-03   4.664289824553106e-03
   5.433938316211540e-03   5.433938316211515e-03   5.433938316211546e-03
   5.560358087455455e-03   5.560358087455489e-03   5.560358087455491e-03

 Columns 13 through 15:

   4.664289824553102e-03   4.664289824553101e-03   4.664289824553102e-03
   5.433938316211548e-03   5.433938316211540e-03   5.433938316211540e-03
   5.560358087455504e-03   5.560358087455477e-03   5.560358087455477e-03

ans = 3.176373552203626e-22
ans = 8.477774098055981e-21
ans = 5.091296670263885e-21
ans = -1.673179584041637e-21
ans = 5.080750117453834e-21
ans = 1.696547436346260e-21
ans = 8.500935155207465e-21
ans = 1.735838515442529e-21
ans = 5.110735414658881e-21
ans = 5.113630546802817e-21
ans = 8.491008987856829e-21
ans = 5.114664522568508e-21
ans = 5.102256813380213e-21
ans = 8.494110915153903e-21
ans = 8.494110915153903e-21
nbcr = 15
lambda0 = 3.501084296647659
kmpl_prod = 0.180000000000000
 Time :      1.00000
 Time :      2.00000
 Time :      3.01000
 Time :      4.01000
 Time :      5.01000
 Time :      6.01000
 Time :      7.01000
 Time :      8.01000
 Time :      9.01000
 Time :     10.01000
 Time :     11.01000
 Time :     12.01000
 Time :     13.01000
 Time :     14.01000
 Time :     15.01000
 Time :     16.01000
 Time :     17.01000
 Time :     18.00000
 Time :     19.00000
 Time :     20.00000
 Time :     21.00000
 Time :     22.00000
 Time :     23.00000
 Time :     24.00000
 Time :     25.00000
 Time :     26.00000
 Time :     27.00000
 Time :     28.00000
 Time :     29.00000
 Time :     30.00000
 Time :     31.00000
 Time :     32.00000
 Time :     33.00000
 Time :     34.00000
 Time :     35.00000
dtime = 77.09548808634281
mbcr =

 Columns 1 through 3:

   6.666666666666667e-02   1.896957065719382e-01   2.453780031259134e-01

 Column 4:

   2.485312021340249e-01

agsout =

 Columns 1 through 3:

   4.664289824553062e-03   4.664289824553062e-03   4.664289824553099e-03
   4.635817267389918e-04   5.433938316211532e-03   5.433938316211499e-03
   8.817534184510148e-05   5.560358087455517e-03   5.560358087455514e-03
   5.805413961694011e-05   5.616095314948797e-03   5.616095314948732e-03

 Columns 4 through 6:

   4.664289824553137e-03   4.664289824553130e-03   4.664289824553107e-03
   5.433938316211535e-03   5.433938316211492e-03   5.433938316211522e-03
   5.560358087455490e-03   5.560358087455494e-03   5.560358087455455e-03
   5.616095314948791e-03   5.616095314948755e-03   5.616095314948745e-03

 Columns 7 through 9:

   4.664289824553147e-03   4.664289824553143e-03   4.664289824553102e-03
   5.433938316211499e-03   5.433938316211512e-03   5.433938316211519e-03
   5.560358087455493e-03   5.560358087455519e-03   5.560358087455484e-03
   5.616095314948773e-03   5.616095314948743e-03   5.616095314948775e-03

 Columns 10 through 12:

   4.664289824553108e-03   4.664289824553121e-03   4.664289824553106e-03
   5.433938316211540e-03   5.433938316211515e-03   5.433938316211546e-03
   5.560358087455455e-03   5.560358087455489e-03   5.560358087455491e-03
   5.616095314948766e-03   5.616095314948765e-03   5.616095314948771e-03

 Columns 13 through 15:

   4.664289824553102e-03   4.664289824553101e-03   4.664289824553102e-03
   5.433938316211548e-03   5.433938316211540e-03   5.433938316211540e-03
   5.560358087455504e-03   5.560358087455477e-03   5.560358087455477e-03
   5.616095314948762e-03   5.616095314948764e-03   5.616095314948768e-03

ans = 5.876291071576709e-21
ans = 6.389349846512724e-21
ans = 6.378389703396396e-21
ans = 6.368463536045760e-21
ans = 6.393072159269213e-21
ans = 6.389556641665862e-21
ans = 6.389763436819001e-21
ans = 3.001424852648661e-21
ans = 6.390590617431554e-21
ans = 9.784926261042903e-21
ans = 9.790509730177636e-21
ans = 6.385007148296821e-21
ans = 1.317946869980739e-20
ans = 9.777068045223649e-21
ans = 6.389763436819001e-21
nbcr = 15
lambda0 = 3.501084296647659
kmpl_prod = 0.180000000000000
 Time :      1.00000
 Time :      2.00000
 Time :      3.01000
 Time :      4.01000
 Time :      5.01000
 Time :      6.01000
 Time :      7.01000
 Time :      8.01000
 Time :      9.01000
 Time :     10.01000
 Time :     11.01000
 Time :     12.01000
 Time :     13.01000
 Time :     14.01000
 Time :     15.01000
 Time :     16.01000
 Time :     17.01000
 Time :     18.00000
 Time :     19.00000
 Time :     20.00000
 Time :     21.00000
 Time :     22.00000
 Time :     23.00000
 Time :     24.00000
 Time :     25.00000
 Time :     26.00000
 Time :     27.00000
 Time :     28.00000
 Time :     29.00000
 Time :     30.00000
 Time :     31.00000
 Time :     32.00000
 Time :     33.00000
 Time :     34.00000
 Time :     35.00000
dtime = 74.64682906866074
mbcr =

 Columns 1 through 3:

   6.666666666666667e-02   1.896957065719382e-01   2.453780031259134e-01

 Columns 4 and 5:

   2.485312021340249e-01   2.155038521358942e-01

agsout =

 Columns 1 through 3:

   4.664289824553062e-03   4.664289824553062e-03   4.664289824553099e-03
   4.635817267389918e-04   5.433938316211532e-03   5.433938316211499e-03
   8.817534184510148e-05   5.560358087455517e-03   5.560358087455514e-03
   5.805413961694011e-05   5.616095314948797e-03   5.616095314948732e-03
   2.744761169484790e-04   5.506003779162346e-03   5.506003779162401e-03

 Columns 4 through 6:

   4.664289824553137e-03   4.664289824553130e-03   4.664289824553107e-03
   5.433938316211535e-03   5.433938316211492e-03   5.433938316211522e-03
   5.560358087455490e-03   5.560358087455494e-03   5.560358087455455e-03
   5.616095314948791e-03   5.616095314948755e-03   5.616095314948745e-03
   5.506003779162395e-03   5.506003779162383e-03   5.506003779162419e-03

 Columns 7 through 9:

   4.664289824553147e-03   4.664289824553143e-03   4.664289824553102e-03
   5.433938316211499e-03   5.433938316211512e-03   5.433938316211519e-03
   5.560358087455493e-03   5.560358087455519e-03   5.560358087455484e-03
   5.616095314948773e-03   5.616095314948743e-03   5.616095314948775e-03
   5.506003779162398e-03   5.506003779162380e-03   5.506003779162372e-03

 Columns 10 through 12:

   4.664289824553108e-03   4.664289824553121e-03   4.664289824553106e-03
   5.433938316211540e-03   5.433938316211515e-03   5.433938316211546e-03
   5.560358087455455e-03   5.560358087455489e-03   5.560358087455491e-03
   5.616095314948766e-03   5.616095314948765e-03   5.616095314948771e-03
   5.506003779162396e-03   5.506003779162395e-03   5.506003779162416e-03

 Columns 13 through 15:

   4.664289824553102e-03   4.664289824553101e-03   4.664289824553102e-03
   5.433938316211548e-03   5.433938316211540e-03   5.433938316211540e-03
   5.560358087455504e-03   5.560358087455477e-03   5.560358087455477e-03
   5.616095314948762e-03   5.616095314948764e-03   5.616095314948768e-03
   5.506003779162402e-03   5.506003779162401e-03   5.506003779162406e-03

ans = -1.317698715796973e-21
ans = -6.760133556089619e-22
ans = 6.110383184929215e-21
ans = 2.723078576524567e-21
ans = 2.702192266057603e-21
ans = 2.712532023714516e-21
ans = 6.082465839255551e-21
ans = 9.484866493839292e-21
ans = 6.082259044102412e-21
ans = 2.712325228561378e-21
ans = 9.473079170110411e-21
ans = 9.485073288992430e-21
ans = -6.797356683654505e-22
ans = 2.706328169120368e-21
ans = 9.477835458632591e-21
nbcr = 15
lambda0 = 3.501084296647659
kmpl_prod = 0.180000000000000
 Time :      1.00000
 Time :      2.00000
 Time :      3.01000
 Time :      4.01000
 Time :      5.01000
 Time :      6.01000
 Time :      7.01000
 Time :      8.01000
 Time :      9.01000
 Time :     10.01000
 Time :     11.01000
 Time :     12.01000
 Time :     13.01000
 Time :     14.01000
 Time :     15.01000
 Time :     16.01000
 Time :     17.01000
 Time :     18.00000
 Time :     19.00000
 Time :     20.00000
 Time :     21.00000
 Time :     22.00000
 Time :     23.00000
 Time :     24.00000
 Time :     25.00000
 Time :     26.00000
 Time :     27.00000
 Time :     28.00000
 Time :     29.00000
 Time :     30.00000
 Time :     31.00000
 Time :     32.00000
 Time :     33.00000
 Time :     34.00000
 Time :     35.00000
dtime = 63.08349408209324
mbcr =

 Columns 1 through 3:

   6.666666666666667e-02   1.896957065719382e-01   2.453780031259134e-01

 Columns 4 through 6:

   2.485312021340249e-01   2.155038521358942e-01   1.851845022035485e-01

agsout =

 Columns 1 through 3:

   4.664289824553062e-03   4.664289824553062e-03   4.664289824553099e-03
   4.635817267389918e-04   5.433938316211532e-03   5.433938316211499e-03
   8.817534184510148e-05   5.560358087455517e-03   5.560358087455514e-03
   5.805413961694011e-05   5.616095314948797e-03   5.616095314948732e-03
   2.744761169484790e-04   5.506003779162346e-03   5.506003779162401e-03
   4.834473411210987e-04   5.315295433891532e-03   5.315295433891528e-03

 Columns 4 through 6:

   4.664289824553137e-03   4.664289824553130e-03   4.664289824553107e-03
   5.433938316211535e-03   5.433938316211492e-03   5.433938316211522e-03
   5.560358087455490e-03   5.560358087455494e-03   5.560358087455455e-03
   5.616095314948791e-03   5.616095314948755e-03   5.616095314948745e-03
   5.506003779162395e-03   5.506003779162383e-03   5.506003779162419e-03
   5.315295433891503e-03   5.315295433891477e-03   5.315295433891510e-03

 Columns 7 through 9:

   4.664289824553147e-03   4.664289824553143e-03   4.664289824553102e-03
   5.433938316211499e-03   5.433938316211512e-03   5.433938316211519e-03
   5.560358087455493e-03   5.560358087455519e-03   5.560358087455484e-03
   5.616095314948773e-03   5.616095314948743e-03   5.616095314948775e-03
   5.506003779162398e-03   5.506003779162380e-03   5.506003779162372e-03
   5.315295433891501e-03   5.315295433891500e-03   5.315295433891538e-03

 Columns 10 through 12:

   4.664289824553108e-03   4.664289824553121e-03   4.664289824553106e-03
   5.433938316211540e-03   5.433938316211515e-03   5.433938316211546e-03
   5.560358087455455e-03   5.560358087455489e-03   5.560358087455491e-03
   5.616095314948766e-03   5.616095314948765e-03   5.616095314948771e-03
   5.506003779162396e-03   5.506003779162395e-03   5.506003779162416e-03
   5.315295433891523e-03   5.315295433891509e-03   5.315295433891512e-03

 Columns 13 through 15:

   4.664289824553102e-03   4.664289824553101e-03   4.664289824553102e-03
   5.433938316211548e-03   5.433938316211540e-03   5.433938316211540e-03
   5.560358087455504e-03   5.560358087455477e-03   5.560358087455477e-03
   5.616095314948762e-03   5.616095314948764e-03   5.616095314948768e-03
   5.506003779162402e-03   5.506003779162401e-03   5.506003779162406e-03
   5.315295433891523e-03   5.315295433891518e-03   5.315295433891518e-03

ans = -2.330167785561879e-21
ans = 4.743053632379061e-21
ans = 4.745328379063582e-21
ans = 1.360091722190316e-21
ans = 4.758149678558153e-21
ans = 1.152634824562016e-20
ans = 8.132839782621368e-21
ans = 1.152241913771054e-20
ans = 4.772211748971555e-21
ans = 4.739331319622572e-21
ans = 4.756495317333047e-21
ans = 1.152386670378251e-20
ans = 8.141111588746898e-21
ans = 4.751118643351453e-21
ans = 8.135734914765304e-21
