warning: function /home/surgeon/flu/amcode/perelson21/1d2agt/4paper/2submit/run.m shadows a core library function
warning: called from
    driver at line 1 column 1

lambda0 = 3.501084296647659
kmpl_prod = 0.180000000000000
dkps =

 Columns 1 through 4:

   2.280558080965982   5.418810201480841   2.254766777886595   1.747380271714004

 Columns 5 and 6:

   1.896912659771508   3.050406788967678

nbcr = 2
lambda0 = 3.501084296647659
kmpl_prod = 0.180000000000000
 Time :      1.00000
 Time :      2.00000
 Time :      3.01000
 Time :      4.01000
 Time :      5.01000
 Time :      6.01000
 Time :      7.01000
 Time :      8.01000
 Time :      9.01000
 Time :     10.01000
 Time :     11.01000
 Time :     12.01000
 Time :     13.01000
 Time :     14.01000
 Time :     15.01000
 Time :     16.01000
 Time :     17.01000
 Time :     18.00000
 Time :     19.00000
 Time :     20.00000
 Time :     21.00000
 Time :     22.00000
 Time :     23.00000
 Time :     24.00000
 Time :     25.00000
 Time :     26.00000
 Time :     27.00000
 Time :     28.00000
 Time :     29.00000
 Time :     30.00000
 Time :     31.00000
 Time :     32.00000
 Time :     33.00000
 Time :     34.00000
 Time :     35.00000
dtime = 4.973851516842842
mbcr = 0.500000000000000
agsout =

   1.836660953593613e-02   1.836660953593613e-02

ans = 4.415181532665488e-21
ans = 1.729191182180127e-21
nbcr = 2
lambda0 = 3.501084296647659
kmpl_prod = 0.180000000000000
 Time :      1.00000
 Time :      2.00000
 Time :      3.01000
 Time :      4.01000
 Time :      5.01000
 Time :      6.01000
 Time :      7.01000
 Time :      8.01000
 Time :      9.01000
 Time :     10.01000
 Time :     11.01000
 Time :     12.01000
 Time :     13.01000
 Time :     14.01000
 Time :     15.01000
 Time :     16.01000
 Time :     17.01000
 Time :     18.00000
 Time :     19.00000
 Time :     20.00000
 Time :     21.00000
 Time :     22.00000
 Time :     23.00000
 Time :     24.00000
 Time :     25.00000
 Time :     26.00000
 Time :     27.00000
 Time :     28.00000
 Time :     29.00000
 Time :     30.00000
 Time :     31.00000
 Time :     32.00000
 Time :     33.00000
 Time :     34.00000
 Time :     35.00000
dtime = 5.062716454267502
mbcr =

   0.500000000000000   0.524949613910772

agsout =

   1.836660953593613e-02   1.836660953593613e-02
   4.073803503750490e-03   1.851078374050354e-02

ans = -4.001486213225271e-22
ans = 7.537458765277854e-21
nbcr = 2
lambda0 = 3.501084296647659
kmpl_prod = 0.180000000000000
 Time :      1.00000
 Time :      2.00000
 Time :      3.01000
 Time :      4.01000
 Time :      5.01000
 Time :      6.01000
 Time :      7.01000
 Time :      8.01000
 Time :      9.01000
 Time :     10.01000
 Time :     11.01000
 Time :     12.01000
 Time :     13.01000
 Time :     14.01000
 Time :     15.01000
 Time :     16.01000
 Time :     17.01000
 Time :     18.00000
 Time :     19.00000
 Time :     20.00000
 Time :     21.00000
 Time :     22.00000
 Time :     23.00000
 Time :     24.00000
 Time :     25.00000
 Time :     26.00000
 Time :     27.00000
 Time :     28.00000
 Time :     29.00000
 Time :     30.00000
 Time :     31.00000
 Time :     32.00000
 Time :     33.00000
 Time :     34.00000
 Time :     35.00000
dtime = 5.104629322886467
mbcr =

   0.500000000000000   0.524949613910772   0.524885202455258

agsout =

   1.836660953593613e-02   1.836660953593613e-02
   4.073803503750490e-03   1.851078374050354e-02
   2.861982666717066e-03   1.851075059558614e-02

ans = -3.162311481790225e-21
ans = 3.568972534849473e-21
nbcr = 2
lambda0 = 3.501084296647659
kmpl_prod = 0.180000000000000
 Time :      1.00000
 Time :      2.00000
 Time :      3.01000
 Time :      4.01000
 Time :      5.01000
 Time :      6.01000
 Time :      7.01000
 Time :      8.01000
 Time :      9.01000
 Time :     10.01000
 Time :     11.01000
 Time :     12.01000
 Time :     13.01000
 Time :     14.01000
 Time :     15.01000
 Time :     16.01000
 Time :     17.01000
 Time :     18.00000
 Time :     19.00000
 Time :     20.00000
 Time :     21.00000
 Time :     22.00000
 Time :     23.00000
 Time :     24.00000
 Time :     25.00000
 Time :     26.00000
 Time :     27.00000
 Time :     28.00000
 Time :     29.00000
 Time :     30.00000
 Time :     31.00000
 Time :     32.00000
 Time :     33.00000
 Time :     34.00000
 Time :     35.00000
dtime = 4.959890618920326
mbcr =

   0.500000000000000   0.524949613910772   0.524885202455258   0.514083373911508

agsout =

   1.836660953593613e-02   1.836660953593613e-02
   4.073803503750490e-03   1.851078374050354e-02
   2.861982666717066e-03   1.851075059558614e-02
   1.419863851718643e-03   1.851075048980337e-02

ans = -4.094544032137487e-21
ans = 1.026422088046770e-21
nbcr = 2
lambda0 = 3.501084296647659
kmpl_prod = 0.180000000000000
 Time :      1.00000
 Time :      2.00000
 Time :      3.01000
 Time :      4.01000
 Time :      5.01000
 Time :      6.01000
 Time :      7.01000
 Time :      8.01000
 Time :      9.01000
 Time :     10.01000
 Time :     11.01000
 Time :     12.01000
 Time :     13.01000
 Time :     14.01000
 Time :     15.01000
 Time :     16.01000
 Time :     17.01000
 Time :     18.00000
 Time :     19.00000
 Time :     20.00000
 Time :     21.00000
 Time :     22.00000
 Time :     23.00000
 Time :     24.00000
 Time :     25.00000
 Time :     26.00000
 Time :     27.00000
 Time :     28.00000
 Time :     29.00000
 Time :     30.00000
 Time :     31.00000
 Time :     32.00000
 Time :     33.00000
 Time :     34.00000
 Time :     35.00000
dtime = 5.093585327267647
mbcr =

 Columns 1 through 4:

   0.500000000000000   0.524949613910772   0.524885202455258   0.514083373911508

 Column 5:

   0.509076528563789

agsout =

   1.836660953593613e-02   1.836660953593613e-02
   4.073803503750490e-03   1.851078374050354e-02
   2.861982666717066e-03   1.851075059558614e-02
   1.419863851718643e-03   1.851075048980337e-02
   7.886064850030507e-04   1.851074988767454e-02

ans = 6.088049308390284e-21
ans = 7.474159253578373e-21
nbcr = 2
lambda0 = 3.501084296647659
kmpl_prod = 0.180000000000000
 Time :      1.00000
 Time :      2.00000
 Time :      3.01000
 Time :      4.01000
 Time :      5.01000
 Time :      6.01000
 Time :      7.01000
 Time :      8.01000
 Time :      9.01000
 Time :     10.01000
 Time :     11.01000
 Time :     12.01000
 Time :     13.01000
 Time :     14.01000
 Time :     15.01000
 Time :     16.01000
 Time :     17.01000
 Time :     18.00000
 Time :     19.00000
 Time :     20.00000
 Time :     21.00000
 Time :     22.00000
 Time :     23.00000
 Time :     24.00000
 Time :     25.00000
 Time :     26.00000
 Time :     27.00000
 Time :     28.00000
 Time :     29.00000
 Time :     30.00000
 Time :     31.00000
 Time :     32.00000
 Time :     33.00000
 Time :     34.00000
 Time :     35.00000
dtime = 5.223246663808823
mbcr =

 Columns 1 through 4:

   0.500000000000000   0.524949613910772   0.524885202455258   0.514083373911508

 Columns 5 and 6:

   0.509076528563789   0.505818214609647

agsout =

   1.836660953593613e-02   1.836660953593613e-02
   4.073803503750490e-03   1.851078374050354e-02
   2.861982666717066e-03   1.851075059558614e-02
   1.419863851718643e-03   1.851075048980337e-02
   7.886064850030507e-04   1.851074988767454e-02
   5.535324400541753e-04   1.851074967857997e-02

ans = 1.985233470127266e-21
ans = 7.981308210778610e-21
dkps =

 Columns 1 through 3:

   3.915395414276391e+00   3.823968470701781e+02   3.346339766960457e+00

 Columns 4 through 6:

   1.412458240645286e+01   1.169787334663346e+01   2.277634132548375e+00

nbcr = 3
lambda0 = 3.501084296647659
kmpl_prod = 0.180000000000000
 Time :      1.00000
 Time :      2.00000
 Time :      3.01000
 Time :      4.01000
 Time :      5.01000
 Time :      6.01000
 Time :      7.01000
 Time :      8.01000
 Time :      9.01000
 Time :     10.01000
 Time :     11.01000
 Time :     12.01000
 Time :     13.01000
 Time :     14.01000
 Time :     15.01000
 Time :     16.01000
 Time :     17.01000
 Time :     18.00000
 Time :     19.00000
 Time :     20.00000
 Time :     21.00000
 Time :     22.00000
 Time :     23.00000
 Time :     24.00000
 Time :     25.00000
 Time :     26.00000
 Time :     27.00000
 Time :     28.00000
 Time :     29.00000
 Time :     30.00000
 Time :     31.00000
 Time :     32.00000
 Time :     33.00000
 Time :     34.00000
 Time :     35.00000
dtime = 11.87328100204468
mbcr = 0.333333333333333
agsout =

   1.836660966798283e-02   1.836660966798283e-02   1.836660966798283e-02

ans = 4.072204602017782e-21
ans = 7.022034770777819e-21
ans = 7.022034770777819e-21
nbcr = 3
lambda0 = 3.501084296647659
kmpl_prod = 0.180000000000000
 Time :      1.00000
 Time :      2.00000
 Time :      3.01000
 Time :      4.01000
 Time :      5.01000
 Time :      6.01000
 Time :      7.01000
 Time :      8.01000
 Time :      9.01000
 Time :     10.01000
 Time :     11.01000
 Time :     12.01000
 Time :     13.01000
 Time :     14.01000
 Time :     15.01000
 Time :     16.01000
 Time :     17.01000
 Time :     18.00000
 Time :     19.00000
 Time :     20.00000
 Time :     21.00000
 Time :     22.00000
 Time :     23.00000
 Time :     24.00000
 Time :     25.00000
 Time :     26.00000
 Time :     27.00000
 Time :     28.00000
 Time :     29.00000
 Time :     30.00000
 Time :     31.00000
 Time :     32.00000
 Time :     33.00000
 Time :     34.00000
 Time :     35.00000
dtime = 12.65352219343185
mbcr =

   0.333333333333333   0.360809362144412

agsout =

   1.836660966798283e-02   1.836660966798283e-02   1.836660966798283e-02
   5.102361115320293e-03   1.851078469719439e-02   1.851078469719439e-02

ans = 6.417060397033250e-21
ans = 3.355807929435845e-21
ans = 3.355807929435845e-21
nbcr = 3
lambda0 = 3.501084296647659
kmpl_prod = 0.180000000000000
 Time :      1.00000
 Time :      2.00000
 Time :      3.01000
 Time :      4.01000
 Time :      5.01000
 Time :      6.01000
 Time :      7.01000
 Time :      8.01000
 Time :      9.01000
 Time :     10.01000
 Time :     11.01000
 Time :     12.01000
 Time :     13.01000
 Time :     14.01000
 Time :     15.01000
 Time :     16.01000
 Time :     17.01000
 Time :     18.00000
 Time :     19.00000
 Time :     20.00000
 Time :     21.00000
 Time :     22.00000
 Time :     23.00000
 Time :     24.00000
 Time :     25.00000
 Time :     26.00000
 Time :     27.00000
 Time :     28.00000
 Time :     29.00000
 Time :     30.00000
 Time :     31.00000
 Time :     32.00000
 Time :     33.00000
 Time :     34.00000
 Time :     35.00000
dtime = 11.56199723482132
mbcr =

   0.333333333333333   0.360809362144412   0.336745531922581

agsout =

   1.836660966798283e-02   1.836660966798283e-02   1.836660966798283e-02
   5.102361115320293e-03   1.851078469719439e-02   1.851078469719439e-02
   1.791845641282217e-02   1.851074996230842e-02   1.851074996230842e-02

ans = 1.190847075154789e-20
ans = 6.423883021499679e-21
ans = 6.423883021499679e-21
nbcr = 3
lambda0 = 3.501084296647659
kmpl_prod = 0.180000000000000
 Time :      1.00000
 Time :      2.00000
 Time :      3.01000
 Time :      4.01000
 Time :      5.01000
 Time :      6.01000
 Time :      7.01000
 Time :      8.01000
 Time :      9.01000
 Time :     10.01000
 Time :     11.01000
 Time :     12.01000
 Time :     13.01000
 Time :     14.01000
 Time :     15.01000
 Time :     16.01000
 Time :     17.01000
 Time :     18.00000
 Time :     19.00000
 Time :     20.00000
 Time :     21.00000
 Time :     22.00000
 Time :     23.00000
 Time :     24.00000
 Time :     25.00000
 Time :     26.00000
 Time :     27.00000
 Time :     28.00000
 Time :     29.00000
 Time :     30.00000
 Time :     31.00000
 Time :     32.00000
 Time :     33.00000
 Time :     34.00000
 Time :     35.00000
dtime = 12.09856644272804
mbcr =

   0.333333333333333   0.360809362144412   0.336745531922581   0.359417952187135

agsout =

   1.836660966798283e-02   1.836660966798283e-02   1.836660966798283e-02
   5.102361115320293e-03   1.851078469719439e-02   1.851078469719439e-02
   1.791845641282217e-02   1.851074996230842e-02   1.851074996230842e-02
   4.494767828946216e-03   1.851075148412284e-02   1.851075148412284e-02

ans = 6.465450462867603e-21
ans = -8.522973379300895e-22
ans = -8.522973379300895e-22
nbcr = 3
lambda0 = 3.501084296647659
kmpl_prod = 0.180000000000000
 Time :      1.00000
 Time :      2.00000
 Time :      3.01000
 Time :      4.01000
 Time :      5.01000
 Time :      6.01000
 Time :      7.01000
 Time :      8.01000
 Time :      9.01000
 Time :     10.01000
 Time :     11.01000
 Time :     12.01000
 Time :     13.01000
 Time :     14.01000
 Time :     15.01000
 Time :     16.01000
 Time :     17.01000
 Time :     18.00000
 Time :     19.00000
 Time :     20.00000
 Time :     21.00000
 Time :     22.00000
 Time :     23.00000
 Time :     24.00000
 Time :     25.00000
 Time :     26.00000
 Time :     27.00000
 Time :     28.00000
 Time :     29.00000
 Time :     30.00000
 Time :     31.00000
 Time :     32.00000
 Time :     33.00000
 Time :     34.00000
 Time :     35.00000
dtime = 12.18714974820614
mbcr =

 Columns 1 through 4:

   0.333333333333333   0.360809362144412   0.336745531922581   0.359417952187135

 Column 5:

   0.363573314630806

agsout =

   1.836660966798283e-02   1.836660966798283e-02   1.836660966798283e-02
   5.102361115320293e-03   1.851078469719439e-02   1.851078469719439e-02
   1.791845641282217e-02   1.851074996230842e-02   1.851074996230842e-02
   4.494767828946216e-03   1.851075148412284e-02   1.851075148412284e-02
   4.483952543666896e-03   1.851075146565765e-02   1.851075146565765e-02

ans = 7.989737536649694e-21
ans = -2.738790161401673e-21
ans = -2.738790161401673e-21
nbcr = 3
lambda0 = 3.501084296647659
kmpl_prod = 0.180000000000000
 Time :      1.00000
 Time :      2.00000
 Time :      3.01000
 Time :      4.01000
 Time :      5.01000
 Time :      6.01000
 Time :      7.01000
 Time :      8.01000
 Time :      9.01000
 Time :     10.01000
 Time :     11.01000
 Time :     12.01000
 Time :     13.01000
 Time :     14.01000
 Time :     15.01000
 Time :     16.01000
 Time :     17.01000
 Time :     18.00000
 Time :     19.00000
 Time :     20.00000
 Time :     21.00000
 Time :     22.00000
 Time :     23.00000
 Time :     24.00000
 Time :     25.00000
 Time :     26.00000
 Time :     27.00000
 Time :     28.00000
 Time :     29.00000
 Time :     30.00000
 Time :     31.00000
 Time :     32.00000
 Time :     33.00000
 Time :     34.00000
 Time :     35.00000
dtime = 11.79016940295696
mbcr =

 Columns 1 through 4:

   0.333333333333333   0.360809362144412   0.336745531922581   0.359417952187135

 Columns 5 and 6:

   0.363573314630806   0.359958669585136

agsout =

   1.836660966798283e-02   1.836660966798283e-02   1.836660966798283e-02
   5.102361115320293e-03   1.851078469719439e-02   1.851078469719439e-02
   1.791845641282217e-02   1.851074996230842e-02   1.851074996230842e-02
   4.494767828946216e-03   1.851075148412284e-02   1.851075148412284e-02
   4.483952543666896e-03   1.851075146565765e-02   1.851075146565765e-02
   4.109991766523069e-03   1.851075152737773e-02   1.851075152737773e-02

ans = 9.892252945521658e-21
ans = 4.850119399535692e-21
ans = 4.850119399535692e-21
dkps =

 Columns 1 through 3:

   1.363146873925100e+00   4.235985222217160e+01   1.502373162614990e+02

 Columns 4 through 6:

   6.074133299631142e+00   6.914602656383495e-02   4.410092996450653e+00

nbcr = 4
lambda0 = 3.501084296647659
kmpl_prod = 0.180000000000000
 Time :      1.00000
 Time :      2.00000
 Time :      3.01000
 Time :      4.01000
 Time :      5.01000
 Time :      6.01000
 Time :      7.01000
 Time :      8.01000
 Time :      9.01000
 Time :     10.01000
 Time :     11.01000
 Time :     12.01000
 Time :     13.01000
 Time :     14.01000
 Time :     15.01000
 Time :     16.01000
 Time :     17.01000
 Time :     18.00000
 Time :     19.00000
 Time :     20.00000
 Time :     21.00000
 Time :     22.00000
 Time :     23.00000
 Time :     24.00000
 Time :     25.00000
 Time :     26.00000
 Time :     27.00000
 Time :     28.00000
 Time :     29.00000
 Time :     30.00000
 Time :     31.00000
 Time :     32.00000
 Time :     33.00000
 Time :     34.00000
 Time :     35.00000
dtime = 17.80495271086693
mbcr = 0.250000000000000
agsout =

 Columns 1 through 3:

   1.836661118562896e-02   1.836661118562896e-02   1.836661118562896e-02

 Column 4:

   1.836661118562896e-02

ans = 3.129065929748982e-21
ans = 3.817491841307641e-21
ans = 3.817491841307641e-21
ans = 3.817491841307641e-21
nbcr = 4
lambda0 = 3.501084296647659
kmpl_prod = 0.180000000000000
 Time :      1.00000
 Time :      2.00000
 Time :      3.01000
 Time :      4.01000
 Time :      5.01000
 Time :      6.01000
 Time :      7.01000
 Time :      8.01000
 Time :      9.01000
 Time :     10.01000
 Time :     11.01000
 Time :     12.01000
 Time :     13.01000
 Time :     14.01000
 Time :     15.01000
 Time :     16.01000
 Time :     17.01000
 Time :     18.00000
 Time :     19.00000
 Time :     20.00000
 Time :     21.00000
 Time :     22.00000
 Time :     23.00000
 Time :     24.00000
 Time :     25.00000
 Time :     26.00000
 Time :     27.00000
 Time :     28.00000
 Time :     29.00000
 Time :     30.00000
 Time :     31.00000
 Time :     32.00000
 Time :     33.00000
 Time :     34.00000
 Time :     35.00000
dtime = 18.33761930465698
mbcr =

   0.250000000000000   0.267343587877469

agsout =

 Columns 1 through 3:

   1.836661118562896e-02   1.836661118562896e-02   1.836661118562896e-02
   2.961826929390269e-03   1.851078539622380e-02   1.851078539622380e-02

 Column 4:

   1.836661118562896e-02
   1.851078539622380e-02

ans = 1.250283495873901e-20
ans = 7.465450431133125e-22
ans = 7.465450431133125e-22
ans = 7.465450431133125e-22
nbcr = 4
lambda0 = 3.501084296647659
kmpl_prod = 0.180000000000000
 Time :      1.00000
 Time :      2.00000
 Time :      3.01000
 Time :      4.01000
 Time :      5.01000
 Time :      6.01000
 Time :      7.01000
 Time :      8.01000
 Time :      9.01000
 Time :     10.01000
 Time :     11.01000
 Time :     12.01000
 Time :     13.01000
 Time :     14.01000
 Time :     15.01000
 Time :     16.01000
 Time :     17.01000
 Time :     18.00000
 Time :     19.00000
 Time :     20.00000
 Time :     21.00000
 Time :     22.00000
 Time :     23.00000
 Time :     24.00000
 Time :     25.00000
 Time :     26.00000
 Time :     27.00000
 Time :     28.00000
 Time :     29.00000
 Time :     30.00000
 Time :     31.00000
 Time :     32.00000
 Time :     33.00000
 Time :     34.00000
 Time :     35.00000
dtime = 17.96903349459171
mbcr =

   0.250000000000000   0.267343587877469   0.277589803676497

agsout =

 Columns 1 through 3:

   1.836661118562896e-02   1.836661118562896e-02   1.836661118562896e-02
   2.961826929390269e-03   1.851078539622380e-02   1.851078539622380e-02
   6.748217389430758e-03   1.851075181380973e-02   1.851075181380973e-02

 Column 4:

   1.836661118562896e-02
   1.851078539622380e-02
   1.851075181380973e-02

ans = -6.200481248212140e-21
ans = 4.600718790295986e-21
ans = 4.600718790295986e-21
ans = 4.600718790295986e-21
nbcr = 4
lambda0 = 3.501084296647659
kmpl_prod = 0.180000000000000
 Time :      1.00000
 Time :      2.00000
 Time :      3.01000
 Time :      4.01000
 Time :      5.01000
 Time :      6.01000
 Time :      7.01000
 Time :      8.01000
 Time :      9.01000
 Time :     10.01000
 Time :     11.01000
 Time :     12.01000
 Time :     13.01000
 Time :     14.01000
 Time :     15.01000
 Time :     16.01000
 Time :     17.01000
 Time :     18.00000
 Time :     19.00000
 Time :     20.00000
 Time :     21.00000
 Time :     22.00000
 Time :     23.00000
 Time :     24.00000
 Time :     25.00000
 Time :     26.00000
 Time :     27.00000
 Time :     28.00000
 Time :     29.00000
 Time :     30.00000
 Time :     31.00000
 Time :     32.00000
 Time :     33.00000
 Time :     34.00000
 Time :     35.00000
dtime = 17.94127263128757
mbcr =

   0.250000000000000   0.267343587877469   0.277589803676497   0.265098096578765

agsout =

 Columns 1 through 3:

   1.836661118562896e-02   1.836661118562896e-02   1.836661118562896e-02
   2.961826929390269e-03   1.851078539622380e-02   1.851078539622380e-02
   6.748217389430758e-03   1.851075181380973e-02   1.851075181380973e-02
   1.520862542833768e-02   1.851075148582342e-02   1.851075148582342e-02

 Column 4:

   1.836661118562896e-02
   1.851078539622380e-02
   1.851075181380973e-02
   1.851075148582342e-02

ans = 4.177518971747079e-21
ans = 7.047021441390603e-21
ans = 7.047021441390603e-21
ans = 7.047021441390603e-21
nbcr = 4
lambda0 = 3.501084296647659
kmpl_prod = 0.180000000000000
 Time :      1.00000
 Time :      2.00000
 Time :      3.01000
 Time :      4.01000
 Time :      5.01000
 Time :      6.01000
 Time :      7.01000
 Time :      8.01000
 Time :      9.01000
 Time :     10.01000
 Time :     11.01000
 Time :     12.01000
 Time :     13.01000
 Time :     14.01000
 Time :     15.01000
 Time :     16.01000
 Time :     17.01000
 Time :     18.00000
 Time :     19.00000
 Time :     20.00000
 Time :     21.00000
 Time :     22.00000
 Time :     23.00000
 Time :     24.00000
 Time :     25.00000
 Time :     26.00000
 Time :     27.00000
 Time :     28.00000
 Time :     29.00000
 Time :     30.00000
 Time :     31.00000
 Time :     32.00000
 Time :     33.00000
 Time :     34.00000
 Time :     35.00000
dtime = 18.14888566732407
mbcr =

 Columns 1 through 4:

   0.250000000000000   0.267343587877469   0.277589803676497   0.265098096578765

 Column 5:

   0.272946121932390

agsout =

 Columns 1 through 3:

   1.836661118562896e-02   1.836661118562896e-02   1.836661118562896e-02
   2.961826929390269e-03   1.851078539622380e-02   1.851078539622380e-02
   6.748217389430758e-03   1.851075181380973e-02   1.851075181380973e-02
   1.520862542833768e-02   1.851075148582342e-02   1.851075148582342e-02
   5.115516441838143e-03   1.851075195342895e-02   1.851075195342895e-02

 Column 4:

   1.836661118562896e-02
   1.851078539622380e-02
   1.851075181380973e-02
   1.851075148582342e-02
   1.851075195342895e-02

ans = 7.861524541703975e-21
ans = -5.522566346546586e-21
ans = -5.522566346546586e-21
ans = -5.522566346546586e-21
nbcr = 4
lambda0 = 3.501084296647659
kmpl_prod = 0.180000000000000
 Time :      1.00000
 Time :      2.00000
 Time :      3.01000
 Time :      4.01000
 Time :      5.01000
 Time :      6.01000
 Time :      7.01000
 Time :      8.01000
 Time :      9.01000
 Time :     10.01000
 Time :     11.01000
 Time :     12.01000
 Time :     13.01000
 Time :     14.01000
 Time :     15.01000
 Time :     16.01000
 Time :     17.01000
 Time :     18.00000
 Time :     19.00000
 Time :     20.00000
 Time :     21.00000
 Time :     22.00000
 Time :     23.00000
 Time :     24.00000
 Time :     25.00000
 Time :     26.00000
 Time :     27.00000
 Time :     28.00000
 Time :     29.00000
 Time :     30.00000
 Time :     31.00000
 Time :     32.00000
 Time :     33.00000
 Time :     34.00000
 Time :     35.00000
dtime = 18.82405802607536
mbcr =

 Columns 1 through 4:

   0.250000000000000   0.267343587877469   0.277589803676497   0.265098096578765

 Columns 5 and 6:

   0.272946121932390   0.245451116750482

agsout =

 Columns 1 through 3:

   1.836661118562896e-02   1.836661118562896e-02   1.836661118562896e-02
   2.961826929390269e-03   1.851078539622380e-02   1.851078539622380e-02
   6.748217389430758e-03   1.851075181380973e-02   1.851075181380973e-02
   1.520862542833768e-02   1.851075148582342e-02   1.851075148582342e-02
   5.115516441838143e-03   1.851075195342895e-02   1.851075195342895e-02
   2.217873900147362e-04   1.851075219607363e-02   1.851075219607363e-02

 Column 4:

   1.836661118562896e-02
   1.851078539622380e-02
   1.851075181380973e-02
   1.851075148582342e-02
   1.851075195342895e-02
   1.851075219607363e-02

ans = -3.123433993000233e-21
ans = 8.503028956132990e-21
ans = 8.503028956132990e-21
ans = 8.503028956132990e-21
dkps =

 Columns 1 through 3:

   4.351138930851497e+01   1.280065903424789e+00   6.958035640619083e+00

 Columns 4 through 6:

   9.261685946225963e+01   1.331425418036338e+01   1.464425709865085e+01

nbcr = 5
lambda0 = 3.501084296647659
kmpl_prod = 0.180000000000000
 Time :      1.00000
 Time :      2.00000
 Time :      3.01000
 Time :      4.01000
 Time :      5.01000
 Time :      6.01000
 Time :      7.01000
 Time :      8.01000
 Time :      9.01000
 Time :     10.01000
 Time :     11.01000
 Time :     12.01000
 Time :     13.01000
 Time :     14.01000
 Time :     15.01000
 Time :     16.01000
 Time :     17.01000
 Time :     18.00000
 Time :     19.00000
 Time :     20.00000
 Time :     21.00000
 Time :     22.00000
 Time :     23.00000
 Time :     24.00000
 Time :     25.00000
 Time :     26.00000
 Time :     27.00000
 Time :     28.00000
 Time :     29.00000
 Time :     30.00000
 Time :     31.00000
 Time :     32.00000
 Time :     33.00000
 Time :     34.00000
 Time :     35.00000
dtime = 23.14249165356159
mbcr = 0.200000000000000
agsout =

 Columns 1 through 3:

   1.836661171198899e-02   1.836661171198899e-02   1.836661171198899e-02

 Columns 4 and 5:

   1.836661171198899e-02   1.836661171198899e-02

ans = 7.013927754539946e-21
ans = 4.062207247859059e-21
ans = 4.062207247859059e-21
ans = 4.062207247859059e-21
ans = 4.062207247859059e-21
nbcr = 5
lambda0 = 3.501084296647659
kmpl_prod = 0.180000000000000
 Time :      1.00000
 Time :      2.00000
 Time :      3.01000
 Time :      4.01000
 Time :      5.01000
 Time :      6.01000
 Time :      7.01000
 Time :      8.01000
 Time :      9.01000
 Time :     10.01000
 Time :     11.01000
 Time :     12.01000
 Time :     13.01000
 Time :     14.01000
 Time :     15.01000
 Time :     16.01000
 Time :     17.01000
 Time :     18.00000
 Time :     19.00000
 Time :     20.00000
 Time :     21.00000
 Time :     22.00000
 Time :     23.00000
 Time :     24.00000
 Time :     25.00000
 Time :     26.00000
 Time :     27.00000
 Time :     28.00000
 Time :     29.00000
 Time :     30.00000
 Time :     31.00000
 Time :     32.00000
 Time :     33.00000
 Time :     34.00000
 Time :     35.00000
dtime = 22.99569100141525
mbcr =

   0.200000000000000   0.212287345721317

agsout =

 Columns 1 through 3:

   1.836661171198899e-02   1.836661171198899e-02   1.836661171198899e-02
   1.524463027347224e-02   1.851078529823185e-02   1.851078529823185e-02

 Columns 4 and 5:

   1.836661171198899e-02   1.836661171198899e-02
   1.851078529823185e-02   1.851078529823185e-02

ans = 6.828783084582984e-21
ans = 4.728306553020889e-22
ans = 4.728306553020889e-22
ans = 4.728306553020889e-22
ans = 4.728306553020889e-22
nbcr = 5
lambda0 = 3.501084296647659
kmpl_prod = 0.180000000000000
 Time :      1.00000
 Time :      2.00000
 Time :      3.01000
 Time :      4.01000
 Time :      5.01000
 Time :      6.01000
 Time :      7.01000
 Time :      8.01000
 Time :      9.01000
 Time :     10.01000
 Time :     11.01000
 Time :     12.01000
 Time :     13.01000
 Time :     14.01000
 Time :     15.01000
 Time :     16.01000
 Time :     17.01000
 Time :     18.00000
 Time :     19.00000
 Time :     20.00000
 Time :     21.00000
 Time :     22.00000
 Time :     23.00000
 Time :     24.00000
 Time :     25.00000
 Time :     26.00000
 Time :     27.00000
 Time :     28.00000
 Time :     29.00000
 Time :     30.00000
 Time :     31.00000
 Time :     32.00000
 Time :     33.00000
 Time :     34.00000
 Time :     35.00000
dtime = 23.10438081622124
mbcr =

   0.200000000000000   0.212287345721317   0.212365129411877

agsout =

 Columns 1 through 3:

   1.836661171198899e-02   1.836661171198899e-02   1.836661171198899e-02
   1.524463027347224e-02   1.851078529823185e-02   1.851078529823185e-02
   2.307119965121221e-03   1.851075242959504e-02   1.851075242959504e-02

 Columns 4 and 5:

   1.836661171198899e-02   1.836661171198899e-02
   1.851078529823185e-02   1.851078529823185e-02
   1.851075242959504e-02   1.851075242959504e-02

ans = 3.850525751434344e-21
ans = -5.188600252163971e-21
ans = -5.188600252163971e-21
ans = -5.188600252163971e-21
ans = -5.188600252163971e-21
nbcr = 5
lambda0 = 3.501084296647659
kmpl_prod = 0.180000000000000
 Time :      1.00000
 Time :      2.00000
 Time :      3.01000
 Time :      4.01000
 Time :      5.01000
 Time :      6.01000
 Time :      7.01000
 Time :      8.01000
 Time :      9.01000
 Time :     10.01000
 Time :     11.01000
 Time :     12.01000
 Time :     13.01000
 Time :     14.01000
 Time :     15.01000
 Time :     16.01000
 Time :     17.01000
 Time :     18.00000
 Time :     19.00000
 Time :     20.00000
 Time :     21.00000
 Time :     22.00000
 Time :     23.00000
 Time :     24.00000
 Time :     25.00000
 Time :     26.00000
 Time :     27.00000
 Time :     28.00000
 Time :     29.00000
 Time :     30.00000
 Time :     31.00000
 Time :     32.00000
 Time :     33.00000
 Time :     34.00000
 Time :     35.00000
dtime = 23.11703413724899
mbcr =

   0.200000000000000   0.212287345721317   0.212365129411877   0.215809047762330

agsout =

 Columns 1 through 3:

   1.836661171198899e-02   1.836661171198899e-02   1.836661171198899e-02
   1.524463027347224e-02   1.851078529823185e-02   1.851078529823185e-02
   2.307119965121221e-03   1.851075242959504e-02   1.851075242959504e-02
   2.341164208194070e-03   1.851075243058315e-02   1.851075243058315e-02

 Columns 4 and 5:

   1.836661171198899e-02   1.836661171198899e-02
   1.851078529823185e-02   1.851078529823185e-02
   1.851075242959504e-02   1.851075242959504e-02
   1.851075243058315e-02   1.851075243058315e-02

ans = 1.854538933343888e-21
ans = 1.739691771536219e-20
ans = 1.739691771536219e-20
ans = 1.739691771536219e-20
ans = 1.739691771536219e-20
nbcr = 5
lambda0 = 3.501084296647659
kmpl_prod = 0.180000000000000
 Time :      1.00000
 Time :      2.00000
 Time :      3.01000
 Time :      4.01000
 Time :      5.01000
 Time :      6.01000
 Time :      7.01000
 Time :      8.01000
 Time :      9.01000
 Time :     10.01000
 Time :     11.01000
 Time :     12.01000
 Time :     13.01000
 Time :     14.01000
 Time :     15.01000
 Time :     16.01000
 Time :     17.01000
 Time :     18.00000
 Time :     19.00000
 Time :     20.00000
 Time :     21.00000
 Time :     22.00000
 Time :     23.00000
 Time :     24.00000
 Time :     25.00000
 Time :     26.00000
 Time :     27.00000
 Time :     28.00000
 Time :     29.00000
 Time :     30.00000
 Time :     31.00000
 Time :     32.00000
 Time :     33.00000
 Time :     34.00000
 Time :     35.00000
dtime = 22.98255488276482
mbcr =

 Columns 1 through 4:

   0.200000000000000   0.212287345721317   0.212365129411877   0.215809047762330

 Column 5:

   0.222001020315783

agsout =

 Columns 1 through 3:

   1.836661171198899e-02   1.836661171198899e-02   1.836661171198899e-02
   1.524463027347224e-02   1.851078529823185e-02   1.851078529823185e-02
   2.307119965121221e-03   1.851075242959504e-02   1.851075242959504e-02
   2.341164208194070e-03   1.851075243058315e-02   1.851075243058315e-02
   8.345197603530379e-03   1.851075212945289e-02   1.851075212945289e-02

 Columns 4 and 5:

   1.836661171198899e-02   1.836661171198899e-02
   1.851078529823185e-02   1.851078529823185e-02
   1.851075242959504e-02   1.851075242959504e-02
   1.851075243058315e-02   1.851075243058315e-02
   1.851075212945289e-02   1.851075212945289e-02

ans = 3.646341387104457e-21
ans = -6.649296200768915e-22
ans = -6.649296200768915e-22
ans = -6.649296200768915e-22
ans = -6.649296200768915e-22
nbcr = 5
lambda0 = 3.501084296647659
kmpl_prod = 0.180000000000000
 Time :      1.00000
 Time :      2.00000
 Time :      3.01000
 Time :      4.01000
 Time :      5.01000
 Time :      6.01000
 Time :      7.01000
 Time :      8.01000
 Time :      9.01000
 Time :     10.01000
 Time :     11.01000
 Time :     12.01000
 Time :     13.01000
 Time :     14.01000
 Time :     15.01000
 Time :     16.01000
 Time :     17.01000
 Time :     18.00000
 Time :     19.00000
 Time :     20.00000
 Time :     21.00000
 Time :     22.00000
 Time :     23.00000
 Time :     24.00000
 Time :     25.00000
 Time :     26.00000
 Time :     27.00000
 Time :     28.00000
 Time :     29.00000
 Time :     30.00000
 Time :     31.00000
 Time :     32.00000
 Time :     33.00000
 Time :     34.00000
 Time :     35.00000
dtime = 22.74322807788849
mbcr =

 Columns 1 through 4:

   0.200000000000000   0.212287345721317   0.212365129411877   0.215809047762330

 Columns 5 and 6:

   0.222001020315783   0.222081725371270

agsout =

 Columns 1 through 3:

   1.836661171198899e-02   1.836661171198899e-02   1.836661171198899e-02
   1.524463027347224e-02   1.851078529823185e-02   1.851078529823185e-02
   2.307119965121221e-03   1.851075242959504e-02   1.851075242959504e-02
   2.341164208194070e-03   1.851075243058315e-02   1.851075243058315e-02
   8.345197603530379e-03   1.851075212945289e-02   1.851075212945289e-02
   6.320114112823200e-03   1.851075220150676e-02   1.851075220150676e-02

 Columns 4 and 5:

   1.836661171198899e-02   1.836661171198899e-02
   1.851078529823185e-02   1.851078529823185e-02
   1.851075242959504e-02   1.851075242959504e-02
   1.851075243058315e-02   1.851075243058315e-02
   1.851075212945289e-02   1.851075212945289e-02
   1.851075220150676e-02   1.851075220150676e-02

ans = -3.376809754382882e-21
ans = 8.746661111511133e-21
ans = 8.746661111511133e-21
ans = 8.746661111511133e-21
ans = 8.746661111511133e-21
dkps =

 Columns 1 through 3:

   7.318201479941357e+00   1.724405722163035e+01   7.238200016971049e+00

 Columns 4 through 6:

   3.421981972796582e+01   1.351974243097359e+00   8.267372430778456e+00

nbcr = 7
lambda0 = 3.501084296647659
kmpl_prod = 0.180000000000000
 Time :      1.00000
 Time :      2.00000
 Time :      3.01000
 Time :      4.01000
 Time :      5.01000
 Time :      6.01000
 Time :      7.01000
 Time :      8.01000
 Time :      9.01000
 Time :     10.01000
 Time :     11.01000
 Time :     12.01000
 Time :     13.01000
 Time :     14.01000
 Time :     15.01000
 Time :     16.01000
 Time :     17.01000
 Time :     18.00000
 Time :     19.00000
 Time :     20.00000
 Time :     21.00000
 Time :     22.00000
 Time :     23.00000
 Time :     24.00000
 Time :     25.00000
 Time :     26.00000
 Time :     27.00000
 Time :     28.00000
 Time :     29.00000
 Time :     30.00000
 Time :     31.00000
 Time :     32.00000
 Time :     33.00000
 Time :     34.00000
 Time :     35.00000
dtime = 32.65303149819374
mbcr = 0.142857142857143
agsout =

 Columns 1 through 3:

   1.836661218095545e-02   1.836661218095545e-02   1.836661218095545e-02

 Columns 4 through 6:

   1.836661218095545e-02   1.836661218095545e-02   1.836661218095545e-02

 Column 7:

   1.836661218095545e-02

ans = 7.937603751529329e-21
ans = 6.960414661904020e-21
ans = 6.960414661904020e-21
ans = 6.960414661904020e-21
ans = 6.960414661904020e-21
ans = 6.960414661904020e-21
ans = 6.960414661904020e-21
nbcr = 7
lambda0 = 3.501084296647659
kmpl_prod = 0.180000000000000
 Time :      1.00000
 Time :      2.00000
 Time :      3.01000
 Time :      4.01000
 Time :      5.01000
 Time :      6.01000
 Time :      7.01000
 Time :      8.01000
 Time :      9.01000
 Time :     10.01000
 Time :     11.01000
 Time :     12.01000
 Time :     13.01000
 Time :     14.01000
 Time :     15.01000
 Time :     16.01000
 Time :     17.01000
 Time :     18.00000
 Time :     19.00000
 Time :     20.00000
 Time :     21.00000
 Time :     22.00000
 Time :     23.00000
 Time :     24.00000
 Time :     25.00000
 Time :     26.00000
 Time :     27.00000
 Time :     28.00000
 Time :     29.00000
 Time :     30.00000
 Time :     31.00000
 Time :     32.00000
 Time :     33.00000
 Time :     34.00000
 Time :     35.00000
dtime = 32.44968317449093
mbcr =

   0.142857142857143   0.160247713254842

agsout =

 Columns 1 through 3:

   1.836661218095545e-02   1.836661218095545e-02   1.836661218095545e-02
   6.705363780665517e-03   1.851078582458845e-02   1.851078582458845e-02

 Columns 4 through 6:

   1.836661218095545e-02   1.836661218095545e-02   1.836661218095545e-02
   1.851078582458845e-02   1.851078582458845e-02   1.851078582458845e-02

 Column 7:

   1.836661218095545e-02
   1.851078582458845e-02

ans = 6.397104664755409e-21
ans = 5.607669014411515e-21
ans = 5.607669014411515e-21
ans = 5.607669014411515e-21
ans = 5.607669014411515e-21
ans = 5.607669014411515e-21
ans = 5.607669014411515e-21
nbcr = 7
lambda0 = 3.501084296647659
kmpl_prod = 0.180000000000000
 Time :      1.00000
 Time :      2.00000
 Time :      3.01000
 Time :      4.01000
 Time :      5.01000
 Time :      6.01000
 Time :      7.01000
 Time :      8.01000
 Time :      9.01000
 Time :     10.01000
 Time :     11.01000
 Time :     12.01000
 Time :     13.01000
 Time :     14.01000
 Time :     15.01000
 Time :     16.01000
 Time :     17.01000
 Time :     18.00000
 Time :     19.00000
 Time :     20.00000
 Time :     21.00000
 Time :     22.00000
 Time :     23.00000
 Time :     24.00000
 Time :     25.00000
 Time :     26.00000
 Time :     27.00000
 Time :     28.00000
 Time :     29.00000
 Time :     30.00000
 Time :     31.00000
 Time :     32.00000
 Time :     33.00000
 Time :     34.00000
 Time :     35.00000
dtime = 32.50154368579388
mbcr =

   0.142857142857143   0.160247713254842   0.161493263080619

agsout =

 Columns 1 through 3:

   1.836661218095545e-02   1.836661218095545e-02   1.836661218095545e-02
   6.705363780665517e-03   1.851078582458845e-02   1.851078582458845e-02
   5.914016184406990e-03   1.851075254290688e-02   1.851075254290688e-02

 Columns 4 through 6:

   1.836661218095545e-02   1.836661218095545e-02   1.836661218095545e-02
   1.851078582458845e-02   1.851078582458845e-02   1.851078582458845e-02
   1.851075254290688e-02   1.851075254290688e-02   1.851075254290688e-02

 Column 7:

   1.836661218095545e-02
   1.851078582458845e-02
   1.851075254290688e-02

ans = 5.498424628004829e-21
ans = 1.660343744262860e-21
ans = 1.660343744262860e-21
ans = 1.660343744262860e-21
ans = 1.660343744262860e-21
ans = 1.660343744262860e-21
ans = 1.660343744262860e-21
nbcr = 7
lambda0 = 3.501084296647659
kmpl_prod = 0.180000000000000
 Time :      1.00000
 Time :      2.00000
 Time :      3.01000
 Time :      4.01000
 Time :      5.01000
 Time :      6.01000
 Time :      7.01000
 Time :      8.01000
 Time :      9.01000
 Time :     10.01000
 Time :     11.01000
 Time :     12.01000
 Time :     13.01000
 Time :     14.01000
 Time :     15.01000
 Time :     16.01000
 Time :     17.01000
 Time :     18.00000
 Time :     19.00000
 Time :     20.00000
 Time :     21.00000
 Time :     22.00000
 Time :     23.00000
 Time :     24.00000
 Time :     25.00000
 Time :     26.00000
 Time :     27.00000
 Time :     28.00000
 Time :     29.00000
 Time :     30.00000
 Time :     31.00000
 Time :     32.00000
 Time :     33.00000
 Time :     34.00000
 Time :     35.00000
dtime = 32.56657049059868
mbcr =

   0.142857142857143   0.160247713254842   0.161493263080619   0.157395130452437

agsout =

 Columns 1 through 3:

   1.836661218095545e-02   1.836661218095545e-02   1.836661218095545e-02
   6.705363780665517e-03   1.851078582458845e-02   1.851078582458845e-02
   5.914016184406990e-03   1.851075254290688e-02   1.851075254290688e-02
   3.562702090118236e-03   1.851075262735143e-02   1.851075262735143e-02

 Columns 4 through 6:

   1.836661218095545e-02   1.836661218095545e-02   1.836661218095545e-02
   1.851078582458845e-02   1.851078582458845e-02   1.851078582458845e-02
   1.851075254290688e-02   1.851075254290688e-02   1.851075254290688e-02
   1.851075262735143e-02   1.851075262735143e-02   1.851075262735143e-02

 Column 7:

   1.836661218095545e-02
   1.851078582458845e-02
   1.851075254290688e-02
   1.851075262735143e-02

ans = 9.350863234605701e-21
ans = 1.215870116672924e-20
ans = 1.215870116672924e-20
ans = 1.215870116672924e-20
ans = 1.215870116672924e-20
ans = 1.215870116672924e-20
ans = 1.215870116672924e-20
nbcr = 7
lambda0 = 3.501084296647659
kmpl_prod = 0.180000000000000
 Time :      1.00000
 Time :      2.00000
 Time :      3.01000
 Time :      4.01000
 Time :      5.01000
 Time :      6.01000
 Time :      7.01000
 Time :      8.01000
 Time :      9.01000
 Time :     10.01000
 Time :     11.01000
 Time :     12.01000
 Time :     13.01000
 Time :     14.01000
 Time :     15.01000
 Time :     16.01000
 Time :     17.01000
 Time :     18.00000
 Time :     19.00000
 Time :     20.00000
 Time :     21.00000
 Time :     22.00000
 Time :     23.00000
 Time :     24.00000
 Time :     25.00000
 Time :     26.00000
 Time :     27.00000
 Time :     28.00000
 Time :     29.00000
 Time :     30.00000
 Time :     31.00000
 Time :     32.00000
 Time :     33.00000
 Time :     34.00000
 Time :     35.00000
dtime = 32.47534185647964
mbcr =

 Columns 1 through 4:

   0.142857142857143   0.160247713254842   0.161493263080619   0.157395130452437

 Column 5:

   0.161966362342267

agsout =

 Columns 1 through 3:

   1.836661218095545e-02   1.836661218095545e-02   1.836661218095545e-02
   6.705363780665517e-03   1.851078582458845e-02   1.851078582458845e-02
   5.914016184406990e-03   1.851075254290688e-02   1.851075254290688e-02
   3.562702090118236e-03   1.851075262735143e-02   1.851075262735143e-02
   5.851964033577712e-03   1.851075254817742e-02   1.851075254817742e-02

 Columns 4 through 6:

   1.836661218095545e-02   1.836661218095545e-02   1.836661218095545e-02
   1.851078582458845e-02   1.851078582458845e-02   1.851078582458845e-02
   1.851075254290688e-02   1.851075254290688e-02   1.851075254290688e-02
   1.851075262735143e-02   1.851075262735143e-02   1.851075262735143e-02
   1.851075254817742e-02   1.851075254817742e-02   1.851075254817742e-02

 Column 7:

   1.836661218095545e-02
   1.851078582458845e-02
   1.851075254290688e-02
   1.851075262735143e-02
   1.851075254817742e-02

ans = 1.028061424311530e-20
ans = 5.575783786737010e-21
ans = 5.575783786737010e-21
ans = 5.575783786737010e-21
ans = 5.575783786737010e-21
ans = 5.575783786737010e-21
ans = 5.575783786737010e-21
nbcr = 7
lambda0 = 3.501084296647659
kmpl_prod = 0.180000000000000
 Time :      1.00000
 Time :      2.00000
 Time :      3.01000
 Time :      4.01000
 Time :      5.01000
 Time :      6.01000
 Time :      7.01000
 Time :      8.01000
 Time :      9.01000
 Time :     10.01000
 Time :     11.01000
 Time :     12.01000
 Time :     13.01000
 Time :     14.01000
 Time :     15.01000
 Time :     16.01000
 Time :     17.01000
 Time :     18.00000
 Time :     19.00000
 Time :     20.00000
 Time :     21.00000
 Time :     22.00000
 Time :     23.00000
 Time :     24.00000
 Time :     25.00000
 Time :     26.00000
 Time :     27.00000
 Time :     28.00000
 Time :     29.00000
 Time :     30.00000
 Time :     31.00000
 Time :     32.00000
 Time :     33.00000
 Time :     34.00000
 Time :     35.00000
dtime = 32.70826153457165
mbcr =

 Columns 1 through 4:

   0.142857142857143   0.160247713254842   0.161493263080619   0.157395130452437

 Columns 5 and 6:

   0.161966362342267   0.149649387881144

agsout =

 Columns 1 through 3:

   1.836661218095545e-02   1.836661218095545e-02   1.836661218095545e-02
   6.705363780665517e-03   1.851078582458845e-02   1.851078582458845e-02
   5.914016184406990e-03   1.851075254290688e-02   1.851075254290688e-02
   3.562702090118236e-03   1.851075262735143e-02   1.851075262735143e-02
   5.851964033577712e-03   1.851075254817742e-02   1.851075254817742e-02
   1.527365806378933e-03   1.851075274816912e-02   1.851075274816912e-02

 Columns 4 through 6:

   1.836661218095545e-02   1.836661218095545e-02   1.836661218095545e-02
   1.851078582458845e-02   1.851078582458845e-02   1.851078582458845e-02
   1.851075254290688e-02   1.851075254290688e-02   1.851075254290688e-02
   1.851075262735143e-02   1.851075262735143e-02   1.851075262735143e-02
   1.851075254817742e-02   1.851075254817742e-02   1.851075254817742e-02
   1.851075274816912e-02   1.851075274816912e-02   1.851075274816912e-02

 Column 7:

   1.836661218095545e-02
   1.851078582458845e-02
   1.851075254290688e-02
   1.851075262735143e-02
   1.851075254817742e-02
   1.851075274816912e-02

ans = -1.283784310682299e-21
ans = 1.809649037035114e-21
ans = 1.809649037035114e-21
ans = 1.809649037035114e-21
ans = 1.809649037035114e-21
ans = 1.809649037035114e-21
ans = 1.809649037035114e-21
dkps =

 Columns 1 through 3:

   1.847600925209710e+01   1.670135519974116e+00   5.113360935709479e-01

 Columns 4 through 6:

   1.245489623546541e+01   1.212930088952214e+02   8.958612584125210e+01

nbcr = 10
lambda0 = 3.501084296647659
kmpl_prod = 0.180000000000000
 Time :      1.00000
 Time :      2.00000
 Time :      3.01000
 Time :      4.01000
 Time :      5.01000
 Time :      6.01000
 Time :      7.01000
 Time :      8.01000
 Time :      9.01000
 Time :     10.01000
 Time :     11.01000
 Time :     12.01000
 Time :     13.01000
 Time :     14.01000
 Time :     15.01000
 Time :     16.01000
 Time :     17.01000
 Time :     18.00000
 Time :     19.00000
 Time :     20.00000
 Time :     21.00000
 Time :     22.00000
 Time :     23.00000
 Time :     24.00000
 Time :     25.00000
 Time :     26.00000
 Time :     27.00000
 Time :     28.00000
 Time :     29.00000
 Time :     30.00000
 Time :     31.00000
 Time :     32.00000
 Time :     33.00000
 Time :     34.00000
 Time :     35.00000
dtime = 47.01471179723740
mbcr = 0.100000000000000
agsout =

 Columns 1 through 3:

   1.836661247719135e-02   1.836661247719135e-02   1.836661247719135e-02

 Columns 4 through 6:

   1.836661247719135e-02   1.836661247719135e-02   1.836661247719135e-02

 Columns 7 through 9:

   1.836661247719135e-02   1.836661247719135e-02   1.836661247719135e-02

 Column 10:

   1.836661247719135e-02

ans = 7.295742822458252e-21
ans = 4.476022928540751e-21
ans = 4.476022928540751e-21
ans = 4.476022928540751e-21
ans = 4.476022928540751e-21
ans = 4.476022928540751e-21
ans = 4.476022928540751e-21
ans = 4.476022928540751e-21
ans = 4.476022928540751e-21
ans = 4.476022928540751e-21
nbcr = 10
lambda0 = 3.501084296647659
kmpl_prod = 0.180000000000000
 Time :      1.00000
 Time :      2.00000
 Time :      3.01000
 Time :      4.01000
 Time :      5.01000
 Time :      6.01000
 Time :      7.01000
 Time :      8.01000
 Time :      9.01000
 Time :     10.01000
 Time :     11.01000
 Time :     12.01000
 Time :     13.01000
 Time :     14.01000
 Time :     15.01000
 Time :     16.01000
 Time :     17.01000
 Time :     18.00000
 Time :     19.00000
 Time :     20.00000
 Time :     21.00000
 Time :     22.00000
 Time :     23.00000
 Time :     24.00000
 Time :     25.00000
 Time :     26.00000
 Time :     27.00000
 Time :     28.00000
 Time :     29.00000
 Time :     30.00000
 Time :     31.00000
 Time :     32.00000
 Time :     33.00000
 Time :     34.00000
 Time :     35.00000
dtime = 46.80835604667664
mbcr =

   0.100000000000000   0.112724102629123

agsout =

 Columns 1 through 3:

   1.836661247719135e-02   1.836661247719135e-02   1.836661247719135e-02
   1.052189808779433e-02   1.851078606779158e-02   1.851078606779158e-02

 Columns 4 through 6:

   1.836661247719135e-02   1.836661247719135e-02   1.836661247719135e-02
   1.851078606779158e-02   1.851078606779158e-02   1.851078606779158e-02

 Columns 7 through 9:

   1.836661247719135e-02   1.836661247719135e-02   1.836661247719135e-02
   1.851078606779158e-02   1.851078606779158e-02   1.851078606779158e-02

 Column 10:

   1.836661247719135e-02
   1.851078606779158e-02

ans = 6.877829078793697e-21
ans = 9.229699046325156e-21
ans = 9.229699046325156e-21
ans = 9.229699046325156e-21
ans = 9.229699046325156e-21
ans = 9.229699046325156e-21
ans = 9.229699046325156e-21
ans = 9.229699046325156e-21
ans = 9.229699046325156e-21
ans = 9.229699046325156e-21
nbcr = 10
lambda0 = 3.501084296647659
kmpl_prod = 0.180000000000000
 Time :      1.00000
 Time :      2.00000
 Time :      3.01000
 Time :      4.01000
 Time :      5.01000
 Time :      6.01000
 Time :      7.01000
 Time :      8.01000
 Time :      9.01000
 Time :     10.01000
 Time :     11.01000
 Time :     12.01000
 Time :     13.01000
 Time :     14.01000
 Time :     15.01000
 Time :     16.01000
 Time :     17.01000
 Time :     18.00000
 Time :     19.00000
 Time :     20.00000
 Time :     21.00000
 Time :     22.00000
 Time :     23.00000
 Time :     24.00000
 Time :     25.00000
 Time :     26.00000
 Time :     27.00000
 Time :     28.00000
 Time :     29.00000
 Time :     30.00000
 Time :     31.00000
 Time :     32.00000
 Time :     33.00000
 Time :     34.00000
 Time :     35.00000
dtime = 47.28907160460949
mbcr =

   0.100000000000000   0.112724102629123   0.107141526305434

agsout =

 Columns 1 through 3:

   1.836661247719135e-02   1.836661247719135e-02   1.836661247719135e-02
   1.052189808779433e-02   1.851078606779158e-02   1.851078606779158e-02
   2.218167509489264e-03   1.851075287698716e-02   1.851075287698716e-02

 Columns 4 through 6:

   1.836661247719135e-02   1.836661247719135e-02   1.836661247719135e-02
   1.851078606779158e-02   1.851078606779158e-02   1.851078606779158e-02
   1.851075287698716e-02   1.851075287698716e-02   1.851075287698716e-02

 Columns 7 through 9:

   1.836661247719135e-02   1.836661247719135e-02   1.836661247719135e-02
   1.851078606779158e-02   1.851078606779158e-02   1.851078606779158e-02
   1.851075287698716e-02   1.851075287698716e-02   1.851075287698716e-02

 Column 10:

   1.836661247719135e-02
   1.851078606779158e-02
   1.851075287698716e-02

ans = -1.290401755582723e-21
ans = -1.378313929473491e-21
ans = -1.378313929473491e-21
ans = -1.378313929473491e-21
ans = -1.378313929473491e-21
ans = -1.378313929473491e-21
ans = -1.378313929473491e-21
ans = -1.378313929473491e-21
ans = -1.378313929473491e-21
ans = -1.378313929473491e-21
nbcr = 10
lambda0 = 3.501084296647659
kmpl_prod = 0.180000000000000
 Time :      1.00000
 Time :      2.00000
 Time :      3.01000
 Time :      4.01000
 Time :      5.01000
 Time :      6.01000
 Time :      7.01000
 Time :      8.01000
 Time :      9.01000
 Time :     10.01000
 Time :     11.01000
 Time :     12.01000
 Time :     13.01000
 Time :     14.01000
 Time :     15.01000
 Time :     16.01000
 Time :     17.01000
 Time :     18.00000
 Time :     19.00000
 Time :     20.00000
 Time :     21.00000
 Time :     22.00000
 Time :     23.00000
 Time :     24.00000
 Time :     25.00000
 Time :     26.00000
 Time :     27.00000
 Time :     28.00000
 Time :     29.00000
 Time :     30.00000
 Time :     31.00000
 Time :     32.00000
 Time :     33.00000
 Time :     34.00000
 Time :     35.00000
dtime = 48.52836281061172
mbcr =

   0.100000000000000   0.112724102629123   0.107141526305434   0.101058450091758

agsout =

 Columns 1 through 3:

   1.836661247719135e-02   1.836661247719135e-02   1.836661247719135e-02
   1.052189808779433e-02   1.851078606779158e-02   1.851078606779158e-02
   2.218167509489264e-03   1.851075287698716e-02   1.851075287698716e-02
   5.022769924829672e-04   1.851075268578989e-02   1.851075268578989e-02

 Columns 4 through 6:

   1.836661247719135e-02   1.836661247719135e-02   1.836661247719135e-02
   1.851078606779158e-02   1.851078606779158e-02   1.851078606779158e-02
   1.851075287698716e-02   1.851075287698716e-02   1.851075287698716e-02
   1.851075268578989e-02   1.851075268578989e-02   1.851075268578989e-02

 Columns 7 through 9:

   1.836661247719135e-02   1.836661247719135e-02   1.836661247719135e-02
   1.851078606779158e-02   1.851078606779158e-02   1.851078606779158e-02
   1.851075287698716e-02   1.851075287698716e-02   1.851075287698716e-02
   1.851075268578989e-02   1.851075268578989e-02   1.851075268578989e-02

 Column 10:

   1.836661247719135e-02
   1.851078606779158e-02
   1.851075287698716e-02
   1.851075268578989e-02

ans = 3.335192229813808e-21
ans = 7.452372253284264e-22
ans = 7.452372253284264e-22
ans = 7.452372253284264e-22
ans = 7.452372253284264e-22
ans = 7.452372253284264e-22
ans = 7.452372253284264e-22
ans = 7.452372253284264e-22
ans = 7.452372253284264e-22
ans = 7.452372253284264e-22
nbcr = 10
lambda0 = 3.501084296647659
kmpl_prod = 0.180000000000000
 Time :      1.00000
 Time :      2.00000
 Time :      3.01000
 Time :      4.01000
 Time :      5.01000
 Time :      6.01000
 Time :      7.01000
 Time :      8.01000
 Time :      9.01000
 Time :     10.01000
 Time :     11.01000
 Time :     12.01000
 Time :     13.01000
 Time :     14.01000
 Time :     15.01000
 Time :     16.01000
 Time :     17.01000
 Time :     18.00000
 Time :     19.00000
 Time :     20.00000
 Time :     21.00000
 Time :     22.00000
 Time :     23.00000
 Time :     24.00000
 Time :     25.00000
 Time :     26.00000
 Time :     27.00000
 Time :     28.00000
 Time :     29.00000
 Time :     30.00000
 Time :     31.00000
 Time :     32.00000
 Time :     33.00000
 Time :     34.00000
 Time :     35.00000
dtime = 47.38241247832775
mbcr =

 Columns 1 through 4:

   0.100000000000000   0.112724102629123   0.107141526305434   0.101058450091758

 Column 5:

   0.103902188051930

agsout =

 Columns 1 through 3:

   1.836661247719135e-02   1.836661247719135e-02   1.836661247719135e-02
   1.052189808779433e-02   1.851078606779158e-02   1.851078606779158e-02
   2.218167509489264e-03   1.851075287698716e-02   1.851075287698716e-02
   5.022769924829672e-04   1.851075268578989e-02   1.851075268578989e-02
   1.425241794721649e-03   1.851075290265478e-02   1.851075290265478e-02

 Columns 4 through 6:

   1.836661247719135e-02   1.836661247719135e-02   1.836661247719135e-02
   1.851078606779158e-02   1.851078606779158e-02   1.851078606779158e-02
   1.851075287698716e-02   1.851075287698716e-02   1.851075287698716e-02
   1.851075268578989e-02   1.851075268578989e-02   1.851075268578989e-02
   1.851075290265478e-02   1.851075290265478e-02   1.851075290265478e-02

 Columns 7 through 9:

   1.836661247719135e-02   1.836661247719135e-02   1.836661247719135e-02
   1.851078606779158e-02   1.851078606779158e-02   1.851078606779158e-02
   1.851075287698716e-02   1.851075287698716e-02   1.851075287698716e-02
   1.851075268578989e-02   1.851075268578989e-02   1.851075268578989e-02
   1.851075290265478e-02   1.851075290265478e-02   1.851075290265478e-02

 Column 10:

   1.836661247719135e-02
   1.851078606779158e-02
   1.851075287698716e-02
   1.851075268578989e-02
   1.851075290265478e-02

ans = -5.293955920339377e-22
ans = -5.950845571044452e-22
ans = -5.950845571044452e-22
ans = -5.950845571044452e-22
ans = -5.950845571044452e-22
ans = -5.950845571044452e-22
ans = -5.950845571044452e-22
ans = -5.950845571044452e-22
ans = -5.950845571044452e-22
ans = -5.950845571044452e-22
nbcr = 10
lambda0 = 3.501084296647659
kmpl_prod = 0.180000000000000
 Time :      1.00000
 Time :      2.00000
 Time :      3.01000
 Time :      4.01000
 Time :      5.01000
 Time :      6.01000
 Time :      7.01000
 Time :      8.01000
 Time :      9.01000
 Time :     10.01000
 Time :     11.01000
 Time :     12.01000
 Time :     13.01000
 Time :     14.01000
 Time :     15.01000
 Time :     16.01000
 Time :     17.01000
 Time :     18.00000
 Time :     19.00000
 Time :     20.00000
 Time :     21.00000
 Time :     22.00000
 Time :     23.00000
 Time :     24.00000
 Time :     25.00000
 Time :     26.00000
 Time :     27.00000
 Time :     28.00000
 Time :     29.00000
 Time :     30.00000
 Time :     31.00000
 Time :     32.00000
 Time :     33.00000
 Time :     34.00000
 Time :     35.00000
dtime = 46.54915407299995
mbcr =

 Columns 1 through 4:

   0.100000000000000   0.112724102629123   0.107141526305434   0.101058450091758

 Columns 5 and 6:

   0.103902188051930   0.112458599083299

agsout =

 Columns 1 through 3:

   1.836661247719135e-02   1.836661247719135e-02   1.836661247719135e-02
   1.052189808779433e-02   1.851078606779158e-02   1.851078606779158e-02
   2.218167509489264e-03   1.851075287698716e-02   1.851075287698716e-02
   5.022769924829672e-04   1.851075268578989e-02   1.851075268578989e-02
   1.425241794721649e-03   1.851075290265478e-02   1.851075290265478e-02
   8.678154602987716e-03   1.851075279161566e-02   1.851075279161566e-02

 Columns 4 through 6:

   1.836661247719135e-02   1.836661247719135e-02   1.836661247719135e-02
   1.851078606779158e-02   1.851078606779158e-02   1.851078606779158e-02
   1.851075287698716e-02   1.851075287698716e-02   1.851075287698716e-02
   1.851075268578989e-02   1.851075268578989e-02   1.851075268578989e-02
   1.851075290265478e-02   1.851075290265478e-02   1.851075290265478e-02
   1.851075279161566e-02   1.851075279161566e-02   1.851075279161566e-02

 Columns 7 through 9:

   1.836661247719135e-02   1.836661247719135e-02   1.836661247719135e-02
   1.851078606779158e-02   1.851078606779158e-02   1.851078606779158e-02
   1.851075287698716e-02   1.851075287698716e-02   1.851075287698716e-02
   1.851075268578989e-02   1.851075268578989e-02   1.851075268578989e-02
   1.851075290265478e-02   1.851075290265478e-02   1.851075290265478e-02
   1.851075279161566e-02   1.851075279161566e-02   1.851075279161566e-02

 Column 10:

   1.836661247719135e-02
   1.851078606779158e-02
   1.851075287698716e-02
   1.851075268578989e-02
   1.851075290265478e-02
   1.851075279161566e-02

ans = 3.619690661743765e-21
ans = 8.702040210460152e-21
ans = 8.702040210460152e-21
ans = 8.702040210460152e-21
ans = 8.702040210460152e-21
ans = 8.702040210460152e-21
ans = 8.702040210460152e-21
ans = 8.702040210460152e-21
ans = 8.702040210460152e-21
ans = 8.702040210460152e-21
dkps =

 Columns 1 through 3:

   7.820933598779948e+01   1.727925785250547e+01   1.084272728138734e+01

 Columns 4 through 6:

   3.853248060710692e-01   4.007565726365535e-01   8.995823405124449e+00

nbcr = 15
lambda0 = 3.501084296647659
kmpl_prod = 0.180000000000000
 Time :      1.00000
 Time :      2.00000
 Time :      3.01000
 Time :      4.01000
 Time :      5.01000
 Time :      6.01000
 Time :      7.01000
 Time :      8.01000
 Time :      9.01000
 Time :     10.01000
 Time :     11.01000
 Time :     12.01000
 Time :     13.01000
 Time :     14.01000
 Time :     15.01000
 Time :     16.01000
 Time :     17.01000
 Time :     18.00000
 Time :     19.00000
 Time :     20.00000
 Time :     21.00000
 Time :     22.00000
 Time :     23.00000
 Time :     24.00000
 Time :     25.00000
 Time :     26.00000
 Time :     27.00000
 Time :     28.00000
 Time :     29.00000
 Time :     30.00000
 Time :     31.00000
 Time :     32.00000
 Time :     33.00000
 Time :     34.00000
 Time :     35.00000
dtime = 73.30348491668701
mbcr = 6.666666666666667e-02
agsout =

 Columns 1 through 3:

   1.836661269080850e-02   1.836661269080850e-02   1.836661269080850e-02

 Columns 4 through 6:

   1.836661269080850e-02   1.836661269080850e-02   1.836661269080850e-02

 Columns 7 through 9:

   1.836661269080850e-02   1.836661269080850e-02   1.836661269080850e-02

 Columns 10 through 12:

   1.836661269080850e-02   1.836661269080850e-02   1.836661269080850e-02

 Columns 13 through 15:

   1.836661269080850e-02   1.836661269080850e-02   1.836661269080850e-02

ans = 3.923330519548983e-21
ans = 2.575165112068161e-21
ans = 2.575165112068161e-21
ans = 2.575165112068161e-21
ans = 2.575165112068161e-21
ans = 2.575165112068161e-21
ans = 2.575165112068161e-21
ans = 2.575165112068161e-21
ans = 2.575165112068161e-21
ans = 2.575165112068161e-21
ans = 2.575165112068161e-21
ans = 2.575165112068161e-21
ans = 2.575165112068161e-21
ans = 2.575165112068161e-21
ans = 2.575165112068161e-21
nbcr = 15
lambda0 = 3.501084296647659
kmpl_prod = 0.180000000000000
 Time :      1.00000
 Time :      2.00000
 Time :      3.01000
 Time :      4.01000
 Time :      5.01000
 Time :      6.01000
 Time :      7.01000
 Time :      8.01000
 Time :      9.01000
 Time :     10.01000
 Time :     11.01000
 Time :     12.01000
 Time :     13.01000
 Time :     14.01000
 Time :     15.01000
 Time :     16.01000
 Time :     17.01000
 Time :     18.00000
 Time :     19.00000
 Time :     20.00000
 Time :     21.00000
 Time :     22.00000
 Time :     23.00000
 Time :     24.00000
 Time :     25.00000
 Time :     26.00000
 Time :     27.00000
 Time :     28.00000
 Time :     29.00000
 Time :     30.00000
 Time :     31.00000
 Time :     32.00000
 Time :     33.00000
 Time :     34.00000
 Time :     35.00000
dtime = 72.68910482525826
mbcr =

   6.666666666666667e-02   6.883984396618849e-02

agsout =

 Columns 1 through 3:

   1.836661269080850e-02   1.836661269080850e-02   1.836661269080850e-02
   1.720833714089413e-02   1.851078627615810e-02   1.851078627615810e-02

 Columns 4 through 6:

   1.836661269080850e-02   1.836661269080850e-02   1.836661269080850e-02
   1.851078627615810e-02   1.851078627615810e-02   1.851078627615810e-02

 Columns 7 through 9:

   1.836661269080850e-02   1.836661269080850e-02   1.836661269080850e-02
   1.851078627615810e-02   1.851078627615810e-02   1.851078627615810e-02

 Columns 10 through 12:

   1.836661269080850e-02   1.836661269080850e-02   1.836661269080850e-02
   1.851078627615810e-02   1.851078627615810e-02   1.851078627615810e-02

 Columns 13 through 15:

   1.836661269080850e-02   1.836661269080850e-02   1.836661269080850e-02
   1.851078627615810e-02   1.851078627615810e-02   1.851078627615810e-02

ans = 7.508674253210072e-21
ans = 5.964807475055552e-21
ans = 5.964807475055552e-21
ans = 5.964807475055552e-21
ans = 5.964807475055552e-21
ans = 5.964807475055552e-21
ans = 5.964807475055552e-21
ans = 5.964807475055552e-21
ans = 5.964807475055552e-21
ans = 5.964807475055552e-21
ans = 5.964807475055552e-21
ans = 5.964807475055552e-21
ans = 5.964807475055552e-21
ans = 5.964807475055552e-21
ans = 5.964807475055552e-21
nbcr = 15
lambda0 = 3.501084296647659
kmpl_prod = 0.180000000000000
 Time :      1.00000
 Time :      2.00000
 Time :      3.01000
 Time :      4.01000
 Time :      5.01000
 Time :      6.01000
 Time :      7.01000
 Time :      8.01000
 Time :      9.01000
 Time :     10.01000
 Time :     11.01000
 Time :     12.01000
 Time :     13.01000
 Time :     14.01000
 Time :     15.01000
 Time :     16.01000
 Time :     17.01000
 Time :     18.00000
 Time :     19.00000
 Time :     20.00000
 Time :     21.00000
 Time :     22.00000
 Time :     23.00000
 Time :     24.00000
 Time :     25.00000
 Time :     26.00000
 Time :     27.00000
 Time :     28.00000
 Time :     29.00000
 Time :     30.00000
 Time :     31.00000
 Time :     32.00000
 Time :     33.00000
 Time :     34.00000
 Time :     35.00000
dtime = 72.48680256307125
mbcr =

   6.666666666666667e-02   6.883984396618849e-02   7.639616966240376e-02

agsout =

 Columns 1 through 3:

   1.836661269080850e-02   1.836661269080850e-02   1.836661269080850e-02
   1.720833714089413e-02   1.851078627615810e-02   1.851078627615810e-02
   8.815644175756854e-03   1.851075298836492e-02   1.851075298836492e-02

 Columns 4 through 6:

   1.836661269080850e-02   1.836661269080850e-02   1.836661269080850e-02
   1.851078627615810e-02   1.851078627615810e-02   1.851078627615810e-02
   1.851075298836492e-02   1.851075298836492e-02   1.851075298836492e-02

 Columns 7 through 9:

   1.836661269080850e-02   1.836661269080850e-02   1.836661269080850e-02
   1.851078627615810e-02   1.851078627615810e-02   1.851078627615810e-02
   1.851075298836492e-02   1.851075298836492e-02   1.851075298836492e-02

 Columns 10 through 12:

   1.836661269080850e-02   1.836661269080850e-02   1.836661269080850e-02
   1.851078627615810e-02   1.851078627615810e-02   1.851078627615810e-02
   1.851075298836492e-02   1.851075298836492e-02   1.851075298836492e-02

 Columns 13 through 15:

   1.836661269080850e-02   1.836661269080850e-02   1.836661269080850e-02
   1.851078627615810e-02   1.851078627615810e-02   1.851078627615810e-02
   1.851075298836492e-02   1.851075298836492e-02   1.851075298836492e-02

ans = 9.662115789472920e-21
ans = 9.153823804375455e-21
ans = 9.153823804375455e-21
ans = 9.153823804375455e-21
ans = 9.153823804375455e-21
ans = 9.153823804375455e-21
ans = 9.153823804375455e-21
ans = 9.153823804375455e-21
ans = 9.153823804375455e-21
ans = 9.153823804375455e-21
ans = 9.153823804375455e-21
ans = 9.153823804375455e-21
ans = 9.153823804375455e-21
ans = 9.153823804375455e-21
ans = 9.153823804375455e-21
nbcr = 15
lambda0 = 3.501084296647659
kmpl_prod = 0.180000000000000
 Time :      1.00000
 Time :      2.00000
 Time :      3.01000
 Time :      4.01000
 Time :      5.01000
 Time :      6.01000
 Time :      7.01000
 Time :      8.01000
 Time :      9.01000
 Time :     10.01000
 Time :     11.01000
 Time :     12.01000
 Time :     13.01000
 Time :     14.01000
 Time :     15.01000
 Time :     16.01000
 Time :     17.01000
 Time :     18.00000
 Time :     19.00000
 Time :     20.00000
 Time :     21.00000
 Time :     22.00000
 Time :     23.00000
 Time :     24.00000
 Time :     25.00000
 Time :     26.00000
 Time :     27.00000
 Time :     28.00000
 Time :     29.00000
 Time :     30.00000
 Time :     31.00000
 Time :     32.00000
 Time :     33.00000
 Time :     34.00000
 Time :     35.00000
dtime = 73.09914082288742
mbcr =

 Columns 1 through 3:

   6.666666666666667e-02   6.883984396618849e-02   7.639616966240376e-02

 Column 4:

   7.510693360323442e-02

agsout =

 Columns 1 through 3:

   1.836661269080850e-02   1.836661269080850e-02   1.836661269080850e-02
   1.720833714089413e-02   1.851078627615810e-02   1.851078627615810e-02
   8.815644175756854e-03   1.851075298836492e-02   1.851075298836492e-02
   5.378099483699046e-03   1.851075301330595e-02   1.851075301330595e-02

 Columns 4 through 6:

   1.836661269080850e-02   1.836661269080850e-02   1.836661269080850e-02
   1.851078627615810e-02   1.851078627615810e-02   1.851078627615810e-02
   1.851075298836492e-02   1.851075298836492e-02   1.851075298836492e-02
   1.851075301330595e-02   1.851075301330595e-02   1.851075301330595e-02

 Columns 7 through 9:

   1.836661269080850e-02   1.836661269080850e-02   1.836661269080850e-02
   1.851078627615810e-02   1.851078627615810e-02   1.851078627615810e-02
   1.851075298836492e-02   1.851075298836492e-02   1.851075298836492e-02
   1.851075301330595e-02   1.851075301330595e-02   1.851075301330595e-02

 Columns 10 through 12:

   1.836661269080850e-02   1.836661269080850e-02   1.836661269080850e-02
   1.851078627615810e-02   1.851078627615810e-02   1.851078627615810e-02
   1.851075298836492e-02   1.851075298836492e-02   1.851075298836492e-02
   1.851075301330595e-02   1.851075301330595e-02   1.851075301330595e-02

 Columns 13 through 15:

   1.836661269080850e-02   1.836661269080850e-02   1.836661269080850e-02
   1.851078627615810e-02   1.851078627615810e-02   1.851078627615810e-02
   1.851075298836492e-02   1.851075298836492e-02   1.851075298836492e-02
   1.851075301330595e-02   1.851075301330595e-02   1.851075301330595e-02

ans = -2.199886839084777e-21
ans = 1.042336509888536e-20
ans = 1.042336509888536e-20
ans = 1.042336509888536e-20
ans = 1.042336509888536e-20
ans = 1.042336509888536e-20
ans = 1.042336509888536e-20
ans = 1.042336509888536e-20
ans = 1.042336509888536e-20
ans = 1.042336509888536e-20
ans = 1.042336509888536e-20
ans = 1.042336509888536e-20
ans = 1.042336509888536e-20
ans = 1.042336509888536e-20
ans = 1.042336509888536e-20
nbcr = 15
lambda0 = 3.501084296647659
kmpl_prod = 0.180000000000000
 Time :      1.00000
 Time :      2.00000
 Time :      3.01000
 Time :      4.01000
 Time :      5.01000
 Time :      6.01000
 Time :      7.01000
 Time :      8.01000
 Time :      9.01000
 Time :     10.01000
 Time :     11.01000
 Time :     12.01000
 Time :     13.01000
 Time :     14.01000
 Time :     15.01000
 Time :     16.01000
 Time :     17.01000
 Time :     18.00000
 Time :     19.00000
 Time :     20.00000
 Time :     21.00000
 Time :     22.00000
 Time :     23.00000
 Time :     24.00000
 Time :     25.00000
 Time :     26.00000
 Time :     27.00000
 Time :     28.00000
 Time :     29.00000
 Time :     30.00000
 Time :     31.00000
 Time :     32.00000
 Time :     33.00000
 Time :     34.00000
 Time :     35.00000
dtime = 74.50418248772621
mbcr =

 Columns 1 through 3:

   6.666666666666667e-02   6.883984396618849e-02   7.639616966240376e-02

 Columns 4 and 5:

   7.510693360323442e-02   6.836982119073777e-02

agsout =

 Columns 1 through 3:

   1.836661269080850e-02   1.836661269080850e-02   1.836661269080850e-02
   1.720833714089413e-02   1.851078627615810e-02   1.851078627615810e-02
   8.815644175756854e-03   1.851075298836492e-02   1.851075298836492e-02
   5.378099483699046e-03   1.851075301330595e-02   1.851075301330595e-02
   6.860660941326672e-04   1.851075287735147e-02   1.851075287735147e-02

 Columns 4 through 6:

   1.836661269080850e-02   1.836661269080850e-02   1.836661269080850e-02
   1.851078627615810e-02   1.851078627615810e-02   1.851078627615810e-02
   1.851075298836492e-02   1.851075298836492e-02   1.851075298836492e-02
   1.851075301330595e-02   1.851075301330595e-02   1.851075301330595e-02
   1.851075287735147e-02   1.851075287735147e-02   1.851075287735147e-02

 Columns 7 through 9:

   1.836661269080850e-02   1.836661269080850e-02   1.836661269080850e-02
   1.851078627615810e-02   1.851078627615810e-02   1.851078627615810e-02
   1.851075298836492e-02   1.851075298836492e-02   1.851075298836492e-02
   1.851075301330595e-02   1.851075301330595e-02   1.851075301330595e-02
   1.851075287735147e-02   1.851075287735147e-02   1.851075287735147e-02

 Columns 10 through 12:

   1.836661269080850e-02   1.836661269080850e-02   1.836661269080850e-02
   1.851078627615810e-02   1.851078627615810e-02   1.851078627615810e-02
   1.851075298836492e-02   1.851075298836492e-02   1.851075298836492e-02
   1.851075301330595e-02   1.851075301330595e-02   1.851075301330595e-02
   1.851075287735147e-02   1.851075287735147e-02   1.851075287735147e-02

 Columns 13 through 15:

   1.836661269080850e-02   1.836661269080850e-02   1.836661269080850e-02
   1.851078627615810e-02   1.851078627615810e-02   1.851078627615810e-02
   1.851075298836492e-02   1.851075298836492e-02   1.851075298836492e-02
   1.851075301330595e-02   1.851075301330595e-02   1.851075301330595e-02
   1.851075287735147e-02   1.851075287735147e-02   1.851075287735147e-02

ans = 5.346895479542771e-21
ans = 1.355169351310772e-20
ans = 1.355169351310772e-20
ans = 1.355169351310772e-20
ans = 1.355169351310772e-20
ans = 1.355169351310772e-20
ans = 1.355169351310772e-20
ans = 1.355169351310772e-20
ans = 1.355169351310772e-20
ans = 1.355169351310772e-20
ans = 1.355169351310772e-20
ans = 1.355169351310772e-20
ans = 1.355169351310772e-20
ans = 1.355169351310772e-20
ans = 1.355169351310772e-20
nbcr = 15
lambda0 = 3.501084296647659
kmpl_prod = 0.180000000000000
 Time :      1.00000
 Time :      2.00000
 Time :      3.01000
 Time :      4.01000
 Time :      5.01000
 Time :      6.01000
 Time :      7.01000
 Time :      8.01000
 Time :      9.01000
 Time :     10.01000
 Time :     11.01000
 Time :     12.01000
 Time :     13.01000
 Time :     14.01000
 Time :     15.01000
 Time :     16.01000
 Time :     17.01000
 Time :     18.00000
 Time :     19.00000
 Time :     20.00000
 Time :     21.00000
 Time :     22.00000
 Time :     23.00000
 Time :     24.00000
 Time :     25.00000
 Time :     26.00000
 Time :     27.00000
 Time :     28.00000
 Time :     29.00000
 Time :     30.00000
 Time :     31.00000
 Time :     32.00000
 Time :     33.00000
 Time :     34.00000
 Time :     35.00000
dtime = 68.62470321357250
mbcr =

 Columns 1 through 3:

   6.666666666666667e-02   6.883984396618849e-02   7.639616966240376e-02

 Columns 4 through 6:

   7.510693360323442e-02   6.836982119073777e-02   6.490518836688006e-02

agsout =

 Columns 1 through 3:

   1.836661269080850e-02   1.836661269080850e-02   1.836661269080850e-02
   1.720833714089413e-02   1.851078627615810e-02   1.851078627615810e-02
   8.815644175756854e-03   1.851075298836492e-02   1.851075298836492e-02
   5.378099483699046e-03   1.851075301330595e-02   1.851075301330595e-02
   6.860660941326672e-04   1.851075287735147e-02   1.851075287735147e-02
   1.860134875878869e-04   1.851075283775806e-02   1.851075283775806e-02

 Columns 4 through 6:

   1.836661269080850e-02   1.836661269080850e-02   1.836661269080850e-02
   1.851078627615810e-02   1.851078627615810e-02   1.851078627615810e-02
   1.851075298836492e-02   1.851075298836492e-02   1.851075298836492e-02
   1.851075301330595e-02   1.851075301330595e-02   1.851075301330595e-02
   1.851075287735147e-02   1.851075287735147e-02   1.851075287735147e-02
   1.851075283775806e-02   1.851075283775806e-02   1.851075283775806e-02

 Columns 7 through 9:

   1.836661269080850e-02   1.836661269080850e-02   1.836661269080850e-02
   1.851078627615810e-02   1.851078627615810e-02   1.851078627615810e-02
   1.851075298836492e-02   1.851075298836492e-02   1.851075298836492e-02
   1.851075301330595e-02   1.851075301330595e-02   1.851075301330595e-02
   1.851075287735147e-02   1.851075287735147e-02   1.851075287735147e-02
   1.851075283775806e-02   1.851075283775806e-02   1.851075283775806e-02

 Columns 10 through 12:

   1.836661269080850e-02   1.836661269080850e-02   1.836661269080850e-02
   1.851078627615810e-02   1.851078627615810e-02   1.851078627615810e-02
   1.851075298836492e-02   1.851075298836492e-02   1.851075298836492e-02
   1.851075301330595e-02   1.851075301330595e-02   1.851075301330595e-02
   1.851075287735147e-02   1.851075287735147e-02   1.851075287735147e-02
   1.851075283775806e-02   1.851075283775806e-02   1.851075283775806e-02

 Columns 13 through 15:

   1.836661269080850e-02   1.836661269080850e-02   1.836661269080850e-02
   1.851078627615810e-02   1.851078627615810e-02   1.851078627615810e-02
   1.851075298836492e-02   1.851075298836492e-02   1.851075298836492e-02
   1.851075301330595e-02   1.851075301330595e-02   1.851075301330595e-02
   1.851075287735147e-02   1.851075287735147e-02   1.851075287735147e-02
   1.851075283775806e-02   1.851075283775806e-02   1.851075283775806e-02

ans = 1.376428539288238e-21
ans = -4.420637370416644e-21
ans = -4.420637370416644e-21
ans = -4.420637370416644e-21
ans = -4.420637370416644e-21
ans = -4.420637370416644e-21
ans = -4.420637370416644e-21
ans = -4.420637370416644e-21
ans = -4.420637370416644e-21
ans = -4.420637370416644e-21
ans = -4.420637370416644e-21
ans = -4.420637370416644e-21
ans = -4.420637370416644e-21
ans = -4.420637370416644e-21
ans = -4.420637370416644e-21
