warning: function /home/surgeon/flu/amcode/perelson21/1d2agt/4paper/2submit/run.m shadows a core library function
warning: called from
    driver at line 1 column 1

lambda0 = 3.501084296647659
kmpl_prod = 0.180000000000000
dkps =

 Columns 1 through 3:

   9.269569732793450e+00   2.865527406919943e+01   6.361145019672385e-01

 Columns 4 through 6:

   7.228982577492807e+00   2.355633572228536e+00   3.429978033331504e+00

nbcr = 2
lambda0 = 3.501084296647659
kmpl_prod = 0.180000000000000
 Time :      1.00000
 Time :      2.00000
 Time :      3.01000
 Time :      4.01000
 Time :      5.01000
 Time :      6.01000
 Time :      7.01000
 Time :      8.01000
 Time :      9.01000
 Time :     10.01000
 Time :     11.01000
 Time :     12.01000
 Time :     13.01000
 Time :     14.01000
 Time :     15.01000
 Time :     16.01000
 Time :     17.01000
 Time :     18.00000
 Time :     19.00000
 Time :     20.00000
 Time :     21.00000
 Time :     22.00000
 Time :     23.00000
 Time :     24.00000
 Time :     25.00000
 Time :     26.00000
 Time :     27.00000
 Time :     28.00000
 Time :     29.00000
 Time :     30.00000
 Time :     31.00000
 Time :     32.00000
 Time :     33.00000
 Time :     34.00000
 Time :     35.00000
dtime = 4.970803856849670
mbcr = 0.500000000000000
agsout =

   1.836660953593613e-02   1.836660953593613e-02

ans = -5.492760682435989e-21
ans = 1.729191182180127e-21
nbcr = 2
lambda0 = 3.501084296647659
kmpl_prod = 0.180000000000000
 Time :      1.00000
 Time :      2.00000
 Time :      3.01000
 Time :      4.01000
 Time :      5.01000
 Time :      6.01000
 Time :      7.01000
 Time :      8.01000
 Time :      9.01000
 Time :     10.01000
 Time :     11.01000
 Time :     12.01000
 Time :     13.01000
 Time :     14.01000
 Time :     15.01000
 Time :     16.01000
 Time :     17.01000
 Time :     18.00000
 Time :     19.00000
 Time :     20.00000
 Time :     21.00000
 Time :     22.00000
 Time :     23.00000
 Time :     24.00000
 Time :     25.00000
 Time :     26.00000
 Time :     27.00000
 Time :     28.00000
 Time :     29.00000
 Time :     30.00000
 Time :     31.00000
 Time :     32.00000
 Time :     33.00000
 Time :     34.00000
 Time :     35.00000
dtime = 5.112957581877708
mbcr =

   0.500000000000000   0.532614041779375

agsout =

   1.836660953593613e-02   1.836660953593613e-02
   8.159287342425318e-03   1.851078311584827e-02

ans = 5.895148204603503e-21
ans = 8.267944872280273e-22
nbcr = 2
lambda0 = 3.501084296647659
kmpl_prod = 0.180000000000000
 Time :      1.00000
 Time :      2.00000
 Time :      3.01000
 Time :      4.01000
 Time :      5.01000
 Time :      6.01000
 Time :      7.01000
 Time :      8.01000
 Time :      9.01000
 Time :     10.01000
 Time :     11.01000
 Time :     12.01000
 Time :     13.01000
 Time :     14.01000
 Time :     15.01000
 Time :     16.01000
 Time :     17.01000
 Time :     18.00000
 Time :     19.00000
 Time :     20.00000
 Time :     21.00000
 Time :     22.00000
 Time :     23.00000
 Time :     24.00000
 Time :     25.00000
 Time :     26.00000
 Time :     27.00000
 Time :     28.00000
 Time :     29.00000
 Time :     30.00000
 Time :     31.00000
 Time :     32.00000
 Time :     33.00000
 Time :     34.00000
 Time :     35.00000
dtime = 5.021004751324654
mbcr =

   0.500000000000000   0.532614041779375   0.537648243493834

agsout =

   1.836660953593613e-02   1.836660953593613e-02
   8.159287342425318e-03   1.851078311584827e-02
   7.970986317334422e-03   1.851074982609922e-02

ans = 4.795812245823458e-21
ans = -4.555713379507139e-23
nbcr = 2
lambda0 = 3.501084296647659
kmpl_prod = 0.180000000000000
 Time :      1.00000
 Time :      2.00000
 Time :      3.01000
 Time :      4.01000
 Time :      5.01000
 Time :      6.01000
 Time :      7.01000
 Time :      8.01000
 Time :      9.01000
 Time :     10.01000
 Time :     11.01000
 Time :     12.01000
 Time :     13.01000
 Time :     14.01000
 Time :     15.01000
 Time :     16.01000
 Time :     17.01000
 Time :     18.00000
 Time :     19.00000
 Time :     20.00000
 Time :     21.00000
 Time :     22.00000
 Time :     23.00000
 Time :     24.00000
 Time :     25.00000
 Time :     26.00000
 Time :     27.00000
 Time :     28.00000
 Time :     29.00000
 Time :     30.00000
 Time :     31.00000
 Time :     32.00000
 Time :     33.00000
 Time :     34.00000
 Time :     35.00000
dtime = 5.165039375424385
mbcr =

   0.500000000000000   0.532614041779375   0.537648243493834   0.510486380981416

agsout =

   1.836660953593613e-02   1.836660953593613e-02
   8.159287342425318e-03   1.851078311584827e-02
   7.970986317334422e-03   1.851074982609922e-02
   1.120729799556617e-03   1.851075057871502e-02

ans = 2.051407919131509e-21
ans = 1.870206897368379e-21
nbcr = 2
lambda0 = 3.501084296647659
kmpl_prod = 0.180000000000000
 Time :      1.00000
 Time :      2.00000
 Time :      3.01000
 Time :      4.01000
 Time :      5.01000
 Time :      6.01000
 Time :      7.01000
 Time :      8.01000
 Time :      9.01000
 Time :     10.01000
 Time :     11.01000
 Time :     12.01000
 Time :     13.01000
 Time :     14.01000
 Time :     15.01000
 Time :     16.01000
 Time :     17.01000
 Time :     18.00000
 Time :     19.00000
 Time :     20.00000
 Time :     21.00000
 Time :     22.00000
 Time :     23.00000
 Time :     24.00000
 Time :     25.00000
 Time :     26.00000
 Time :     27.00000
 Time :     28.00000
 Time :     29.00000
 Time :     30.00000
 Time :     31.00000
 Time :     32.00000
 Time :     33.00000
 Time :     34.00000
 Time :     35.00000
dtime = 5.128346756100655
mbcr =

 Columns 1 through 4:

   0.500000000000000   0.532614041779375   0.537648243493834   0.510486380981416

 Column 5:

   0.517830856434653

agsout =

   1.836660953593613e-02   1.836660953593613e-02
   8.159287342425318e-03   1.851078311584827e-02
   7.970986317334422e-03   1.851074982609922e-02
   1.120729799556617e-03   1.851075057871502e-02
   1.597668471545790e-03   1.851075062278669e-02

ans = 3.096964213398536e-21
ans = -2.673665844034461e-21
nbcr = 2
lambda0 = 3.501084296647659
kmpl_prod = 0.180000000000000
 Time :      1.00000
 Time :      2.00000
 Time :      3.01000
 Time :      4.01000
 Time :      5.01000
 Time :      6.01000
 Time :      7.01000
 Time :      8.01000
 Time :      9.01000
 Time :     10.01000
 Time :     11.01000
 Time :     12.01000
 Time :     13.01000
 Time :     14.01000
 Time :     15.01000
 Time :     16.01000
 Time :     17.01000
 Time :     18.00000
 Time :     19.00000
 Time :     20.00000
 Time :     21.00000
 Time :     22.00000
 Time :     23.00000
 Time :     24.00000
 Time :     25.00000
 Time :     26.00000
 Time :     27.00000
 Time :     28.00000
 Time :     29.00000
 Time :     30.00000
 Time :     31.00000
 Time :     32.00000
 Time :     33.00000
 Time :     34.00000
 Time :     35.00000
dtime = 5.106278881430626
mbcr =

 Columns 1 through 4:

   0.500000000000000   0.532614041779375   0.537648243493834   0.510486380981416

 Columns 5 and 6:

   0.517830856434653   0.509192449957145

agsout =

   1.836660953593613e-02   1.836660953593613e-02
   8.159287342425318e-03   1.851078311584827e-02
   7.970986317334422e-03   1.851074982609922e-02
   1.120729799556617e-03   1.851075057871502e-02
   1.597668471545790e-03   1.851075062278669e-02
   1.053664103207293e-03   1.851075013335840e-02

ans = 3.930762270851988e-21
ans = 7.376988149823267e-21
dkps =

 Columns 1 through 3:

   1.276685091916765e+01   1.898576566192508e-01   8.488130355891084e+00

 Columns 4 through 6:

   3.036906265921828e+00   8.239982073201991e+00   3.892975483115705e-01

nbcr = 3
lambda0 = 3.501084296647659
kmpl_prod = 0.180000000000000
 Time :      1.00000
 Time :      2.00000
 Time :      3.01000
 Time :      4.01000
 Time :      5.01000
 Time :      6.01000
 Time :      7.01000
 Time :      8.01000
 Time :      9.01000
 Time :     10.01000
 Time :     11.01000
 Time :     12.01000
 Time :     13.01000
 Time :     14.01000
 Time :     15.01000
 Time :     16.01000
 Time :     17.01000
 Time :     18.00000
 Time :     19.00000
 Time :     20.00000
 Time :     21.00000
 Time :     22.00000
 Time :     23.00000
 Time :     24.00000
 Time :     25.00000
 Time :     26.00000
 Time :     27.00000
 Time :     28.00000
 Time :     29.00000
 Time :     30.00000
 Time :     31.00000
 Time :     32.00000
 Time :     33.00000
 Time :     34.00000
 Time :     35.00000
dtime = 11.57296076416969
mbcr = 0.333333333333333
agsout =

   1.836660966798283e-02   1.836660966798283e-02   1.836660966798283e-02

ans = 9.572705764360643e-21
ans = 7.022034770777819e-21
ans = 7.022034770777819e-21
nbcr = 3
lambda0 = 3.501084296647659
kmpl_prod = 0.180000000000000
 Time :      1.00000
 Time :      2.00000
 Time :      3.01000
 Time :      4.01000
 Time :      5.01000
 Time :      6.01000
 Time :      7.01000
 Time :      8.01000
 Time :      9.01000
 Time :     10.01000
 Time :     11.01000
 Time :     12.01000
 Time :     13.01000
 Time :     14.01000
 Time :     15.01000
 Time :     16.01000
 Time :     17.01000
 Time :     18.00000
 Time :     19.00000
 Time :     20.00000
 Time :     21.00000
 Time :     22.00000
 Time :     23.00000
 Time :     24.00000
 Time :     25.00000
 Time :     26.00000
 Time :     27.00000
 Time :     28.00000
 Time :     29.00000
 Time :     30.00000
 Time :     31.00000
 Time :     32.00000
 Time :     33.00000
 Time :     34.00000
 Time :     35.00000
dtime = 11.81909702718258
mbcr =

   0.333333333333333   0.364616238097058

agsout =

   1.836660966798283e-02   1.836660966798283e-02   1.836660966798283e-02
   8.729511273247033e-03   1.851078412116377e-02   1.851078412116377e-02

ans = -2.134125980386811e-22
ans = 1.853747376427637e-20
ans = 1.853747376427637e-20
nbcr = 3
lambda0 = 3.501084296647659
kmpl_prod = 0.180000000000000
 Time :      1.00000
 Time :      2.00000
 Time :      3.01000
 Time :      4.01000
 Time :      5.01000
 Time :      6.01000
 Time :      7.01000
 Time :      8.01000
 Time :      9.01000
 Time :     10.01000
 Time :     11.01000
 Time :     12.01000
 Time :     13.01000
 Time :     14.01000
 Time :     15.01000
 Time :     16.01000
 Time :     17.01000
 Time :     18.00000
 Time :     19.00000
 Time :     20.00000
 Time :     21.00000
 Time :     22.00000
 Time :     23.00000
 Time :     24.00000
 Time :     25.00000
 Time :     26.00000
 Time :     27.00000
 Time :     28.00000
 Time :     29.00000
 Time :     30.00000
 Time :     31.00000
 Time :     32.00000
 Time :     33.00000
 Time :     34.00000
 Time :     35.00000
dtime = 11.98695972561836
mbcr =

   0.333333333333333   0.364616238097058   0.337548764354341

agsout =

   1.836660966798283e-02   1.836660966798283e-02   1.836660966798283e-02
   8.729511273247033e-03   1.851078412116377e-02   1.851078412116377e-02
   5.734232505424099e-04   1.851075197852802e-02   1.851075197852802e-02

ans = 2.977850205190900e-21
ans = 6.433513536404813e-21
ans = 6.433513536404813e-21
nbcr = 3
lambda0 = 3.501084296647659
kmpl_prod = 0.180000000000000
 Time :      1.00000
 Time :      2.00000
 Time :      3.01000
 Time :      4.01000
 Time :      5.01000
 Time :      6.01000
 Time :      7.01000
 Time :      8.01000
 Time :      9.01000
 Time :     10.01000
 Time :     11.01000
 Time :     12.01000
 Time :     13.01000
 Time :     14.01000
 Time :     15.01000
 Time :     16.01000
 Time :     17.01000
 Time :     18.00000
 Time :     19.00000
 Time :     20.00000
 Time :     21.00000
 Time :     22.00000
 Time :     23.00000
 Time :     24.00000
 Time :     25.00000
 Time :     26.00000
 Time :     27.00000
 Time :     28.00000
 Time :     29.00000
 Time :     30.00000
 Time :     31.00000
 Time :     32.00000
 Time :     33.00000
 Time :     34.00000
 Time :     35.00000
dtime = 11.73824854195118
mbcr =

   0.333333333333333   0.364616238097058   0.337548764354341   0.344187623277465

agsout =

   1.836660966798283e-02   1.836660966798283e-02   1.836660966798283e-02
   8.729511273247033e-03   1.851078412116377e-02   1.851078412116377e-02
   5.734232505424099e-04   1.851075197852802e-02   1.851075197852802e-02
   1.225193542032990e-03   1.851075192747895e-02   1.851075192747895e-02

ans = 5.449465875499346e-21
ans = 6.376447767661457e-22
ans = 6.376447767661457e-22
nbcr = 3
lambda0 = 3.501084296647659
kmpl_prod = 0.180000000000000
 Time :      1.00000
 Time :      2.00000
 Time :      3.01000
 Time :      4.01000
 Time :      5.01000
 Time :      6.01000
 Time :      7.01000
 Time :      8.01000
 Time :      9.01000
 Time :     10.01000
 Time :     11.01000
 Time :     12.01000
 Time :     13.01000
 Time :     14.01000
 Time :     15.01000
 Time :     16.01000
 Time :     17.01000
 Time :     18.00000
 Time :     19.00000
 Time :     20.00000
 Time :     21.00000
 Time :     22.00000
 Time :     23.00000
 Time :     24.00000
 Time :     25.00000
 Time :     26.00000
 Time :     27.00000
 Time :     28.00000
 Time :     29.00000
 Time :     30.00000
 Time :     31.00000
 Time :     32.00000
 Time :     33.00000
 Time :     34.00000
 Time :     35.00000
dtime = 11.96663193404675
mbcr =

 Columns 1 through 4:

   0.333333333333333   0.364616238097058   0.337548764354341   0.344187623277465

 Column 5:

   0.341697794929601

agsout =

   1.836660966798283e-02   1.836660966798283e-02   1.836660966798283e-02
   8.729511273247033e-03   1.851078412116377e-02   1.851078412116377e-02
   5.734232505424099e-04   1.851075197852802e-02   1.851075197852802e-02
   1.225193542032990e-03   1.851075192747895e-02   1.851075192747895e-02
   1.073222822405364e-03   1.851075198235169e-02   1.851075198235169e-02

ans = 9.711100391372545e-21
ans = 4.248468288525541e-21
ans = 4.248468288525541e-21
nbcr = 3
lambda0 = 3.501084296647659
kmpl_prod = 0.180000000000000
 Time :      1.00000
 Time :      2.00000
 Time :      3.01000
 Time :      4.01000
 Time :      5.01000
 Time :      6.01000
 Time :      7.01000
 Time :      8.01000
 Time :      9.01000
 Time :     10.01000
 Time :     11.01000
 Time :     12.01000
 Time :     13.01000
 Time :     14.01000
 Time :     15.01000
 Time :     16.01000
 Time :     17.01000
 Time :     18.00000
 Time :     19.00000
 Time :     20.00000
 Time :     21.00000
 Time :     22.00000
 Time :     23.00000
 Time :     24.00000
 Time :     25.00000
 Time :     26.00000
 Time :     27.00000
 Time :     28.00000
 Time :     29.00000
 Time :     30.00000
 Time :     31.00000
 Time :     32.00000
 Time :     33.00000
 Time :     34.00000
 Time :     35.00000
dtime = 11.92678101360798
mbcr =

 Columns 1 through 4:

   0.333333333333333   0.364616238097058   0.337548764354341   0.344187623277465

 Columns 5 and 6:

   0.341697794929601   0.348982002930716

agsout =

   1.836660966798283e-02   1.836660966798283e-02   1.836660966798283e-02
   8.729511273247033e-03   1.851078412116377e-02   1.851078412116377e-02
   5.734232505424099e-04   1.851075197852802e-02   1.851075197852802e-02
   1.225193542032990e-03   1.851075192747895e-02   1.851075192747895e-02
   1.073222822405364e-03   1.851075198235169e-02   1.851075198235169e-02
   1.724299753395086e-03   1.851075182520092e-02   1.851075182520092e-02

ans = -5.836586402174163e-21
ans = -3.784003951196315e-22
ans = -3.784003951196315e-22
dkps =

 Columns 1 through 3:

   7.128551146134305e-01   2.942428981523523e+00   8.111057277003125e-01

 Columns 4 through 6:

   6.571672141274494e-01   2.694050208501009e+00   3.825013027238813e+01

nbcr = 4
lambda0 = 3.501084296647659
kmpl_prod = 0.180000000000000
 Time :      1.00000
 Time :      2.00000
 Time :      3.01000
 Time :      4.01000
 Time :      5.01000
 Time :      6.01000
 Time :      7.01000
 Time :      8.01000
 Time :      9.01000
 Time :     10.01000
 Time :     11.01000
 Time :     12.01000
 Time :     13.01000
 Time :     14.01000
 Time :     15.01000
 Time :     16.01000
 Time :     17.01000
 Time :     18.00000
 Time :     19.00000
 Time :     20.00000
 Time :     21.00000
 Time :     22.00000
 Time :     23.00000
 Time :     24.00000
 Time :     25.00000
 Time :     26.00000
 Time :     27.00000
 Time :     28.00000
 Time :     29.00000
 Time :     30.00000
 Time :     31.00000
 Time :     32.00000
 Time :     33.00000
 Time :     34.00000
 Time :     35.00000
dtime = 18.08664500713348
mbcr = 0.250000000000000
agsout =

 Columns 1 through 3:

   1.836661118562896e-02   1.836661118562896e-02   1.836661118562896e-02

 Column 4:

   1.836661118562896e-02

ans = -2.201552307471429e-21
ans = 3.817491841307641e-21
ans = 3.817491841307641e-21
ans = 3.817491841307641e-21
nbcr = 4
lambda0 = 3.501084296647659
kmpl_prod = 0.180000000000000
 Time :      1.00000
 Time :      2.00000
 Time :      3.01000
 Time :      4.01000
 Time :      5.01000
 Time :      6.01000
 Time :      7.01000
 Time :      8.01000
 Time :      9.01000
 Time :     10.01000
 Time :     11.01000
 Time :     12.01000
 Time :     13.01000
 Time :     14.01000
 Time :     15.01000
 Time :     16.01000
 Time :     17.01000
 Time :     18.00000
 Time :     19.00000
 Time :     20.00000
 Time :     21.00000
 Time :     22.00000
 Time :     23.00000
 Time :     24.00000
 Time :     25.00000
 Time :     26.00000
 Time :     27.00000
 Time :     28.00000
 Time :     29.00000
 Time :     30.00000
 Time :     31.00000
 Time :     32.00000
 Time :     33.00000
 Time :     34.00000
 Time :     35.00000
dtime = 18.42308454215527
mbcr =

   0.250000000000000   0.264598625474226

agsout =

 Columns 1 through 3:

   1.836661118562896e-02   1.836661118562896e-02   1.836661118562896e-02
   2.066856397416692e-03   1.851078548729163e-02   1.851078548729163e-02

 Column 4:

   1.836661118562896e-02
   1.851078548729163e-02

ans = 9.046047178879911e-21
ans = 1.003721796345871e-20
ans = 1.003721796345871e-20
ans = 1.003721796345871e-20
nbcr = 4
lambda0 = 3.501084296647659
kmpl_prod = 0.180000000000000
 Time :      1.00000
 Time :      2.00000
 Time :      3.01000
 Time :      4.01000
 Time :      5.01000
 Time :      6.01000
 Time :      7.01000
 Time :      8.01000
 Time :      9.01000
 Time :     10.01000
 Time :     11.01000
 Time :     12.01000
 Time :     13.01000
 Time :     14.01000
 Time :     15.01000
 Time :     16.01000
 Time :     17.01000
 Time :     18.00000
 Time :     19.00000
 Time :     20.00000
 Time :     21.00000
 Time :     22.00000
 Time :     23.00000
 Time :     24.00000
 Time :     25.00000
 Time :     26.00000
 Time :     27.00000
 Time :     28.00000
 Time :     29.00000
 Time :     30.00000
 Time :     31.00000
 Time :     32.00000
 Time :     33.00000
 Time :     34.00000
 Time :     35.00000
dtime = 18.49030405282974
mbcr =

   0.250000000000000   0.264598625474226   0.261456218538247

agsout =

 Columns 1 through 3:

   1.836661118562896e-02   1.836661118562896e-02   1.836661118562896e-02
   2.066856397416692e-03   1.851078548729163e-02   1.851078548729163e-02
   1.414334474888097e-03   1.851075232510905e-02   1.851075232510905e-02

 Column 4:

   1.836661118562896e-02
   1.851078548729163e-02
   1.851075232510905e-02

ans = 3.474158572722716e-22
ans = 6.606022699387600e-21
ans = 6.606022699387600e-21
ans = 6.606022699387600e-21
nbcr = 4
lambda0 = 3.501084296647659
kmpl_prod = 0.180000000000000
 Time :      1.00000
 Time :      2.00000
 Time :      3.01000
 Time :      4.01000
 Time :      5.01000
 Time :      6.01000
 Time :      7.01000
 Time :      8.01000
 Time :      9.01000
 Time :     10.01000
 Time :     11.01000
 Time :     12.01000
 Time :     13.01000
 Time :     14.01000
 Time :     15.01000
 Time :     16.01000
 Time :     17.01000
 Time :     18.00000
 Time :     19.00000
 Time :     20.00000
 Time :     21.00000
 Time :     22.00000
 Time :     23.00000
 Time :     24.00000
 Time :     25.00000
 Time :     26.00000
 Time :     27.00000
 Time :     28.00000
 Time :     29.00000
 Time :     30.00000
 Time :     31.00000
 Time :     32.00000
 Time :     33.00000
 Time :     34.00000
 Time :     35.00000
dtime = 19.12634968757629
mbcr =

   0.250000000000000   0.264598625474226   0.261456218538247   0.253398473638662

agsout =

 Columns 1 through 3:

   1.836661118562896e-02   1.836661118562896e-02   1.836661118562896e-02
   2.066856397416692e-03   1.851078548729163e-02   1.851078548729163e-02
   1.414334474888097e-03   1.851075232510905e-02   1.851075232510905e-02
   4.619426889534366e-04   1.851075223093858e-02   1.851075223093858e-02

 Column 4:

   1.836661118562896e-02
   1.851078548729163e-02
   1.851075232510905e-02
   1.851075223093858e-02

ans = 8.999725064576941e-22
ans = 6.398738831141341e-21
ans = 6.398738831141341e-21
ans = 6.398738831141341e-21
nbcr = 4
lambda0 = 3.501084296647659
kmpl_prod = 0.180000000000000
 Time :      1.00000
 Time :      2.00000
 Time :      3.01000
 Time :      4.01000
 Time :      5.01000
 Time :      6.01000
 Time :      7.01000
 Time :      8.01000
 Time :      9.01000
 Time :     10.01000
 Time :     11.01000
 Time :     12.01000
 Time :     13.01000
 Time :     14.01000
 Time :     15.01000
 Time :     16.01000
 Time :     17.01000
 Time :     18.00000
 Time :     19.00000
 Time :     20.00000
 Time :     21.00000
 Time :     22.00000
 Time :     23.00000
 Time :     24.00000
 Time :     25.00000
 Time :     26.00000
 Time :     27.00000
 Time :     28.00000
 Time :     29.00000
 Time :     30.00000
 Time :     31.00000
 Time :     32.00000
 Time :     33.00000
 Time :     34.00000
 Time :     35.00000
dtime = 18.89293715357780
mbcr =

 Columns 1 through 4:

   0.250000000000000   0.264598625474226   0.261456218538247   0.253398473638662

 Column 5:

   0.245944508990747

agsout =

 Columns 1 through 3:

   1.836661118562896e-02   1.836661118562896e-02   1.836661118562896e-02
   2.066856397416692e-03   1.851078548729163e-02   1.851078548729163e-02
   1.414334474888097e-03   1.851075232510905e-02   1.851075232510905e-02
   4.619426889534366e-04   1.851075223093858e-02   1.851075223093858e-02
   1.876528005291638e-04   1.851075222451320e-02   1.851075222451320e-02

 Column 4:

   1.836661118562896e-02
   1.851078548729163e-02
   1.851075232510905e-02
   1.851075223093858e-02
   1.851075222451320e-02

ans = 7.835054762102278e-21
ans = 6.139011388941793e-21
ans = 6.139011388941793e-21
ans = 6.139011388941793e-21
nbcr = 4
lambda0 = 3.501084296647659
kmpl_prod = 0.180000000000000
 Time :      1.00000
 Time :      2.00000
 Time :      3.01000
 Time :      4.01000
 Time :      5.01000
 Time :      6.01000
 Time :      7.01000
 Time :      8.01000
 Time :      9.01000
 Time :     10.01000
 Time :     11.01000
 Time :     12.01000
 Time :     13.01000
 Time :     14.01000
 Time :     15.01000
 Time :     16.01000
 Time :     17.01000
 Time :     18.00000
 Time :     19.00000
 Time :     20.00000
 Time :     21.00000
 Time :     22.00000
 Time :     23.00000
 Time :     24.00000
 Time :     25.00000
 Time :     26.00000
 Time :     27.00000
 Time :     28.00000
 Time :     29.00000
 Time :     30.00000
 Time :     31.00000
 Time :     32.00000
 Time :     33.00000
 Time :     34.00000
 Time :     35.00000
dtime = 19.08988840878010
mbcr =

 Columns 1 through 4:

   0.250000000000000   0.264598625474226   0.261456218538247   0.253398473638662

 Columns 5 and 6:

   0.245944508990747   0.243888525705847

agsout =

 Columns 1 through 3:

   1.836661118562896e-02   1.836661118562896e-02   1.836661118562896e-02
   2.066856397416692e-03   1.851078548729163e-02   1.851078548729163e-02
   1.414334474888097e-03   1.851075232510905e-02   1.851075232510905e-02
   4.619426889534366e-04   1.851075223093858e-02   1.851075223093858e-02
   1.876528005291638e-04   1.851075222451320e-02   1.851075222451320e-02
   3.433451555678070e-04   1.851075221924551e-02   1.851075221924551e-02

 Column 4:

   1.836661118562896e-02
   1.851078548729163e-02
   1.851075232510905e-02
   1.851075223093858e-02
   1.851075222451320e-02
   1.851075221924551e-02

ans = 1.297019200483147e-21
ans = 3.185279476279209e-21
ans = 3.185279476279209e-21
ans = 3.185279476279209e-21
dkps =

 Columns 1 through 3:

   5.767324914680000e+01   7.574001208763008e+01   8.022234487099699e+01

 Columns 4 through 6:

   3.572975102596751e+00   1.805476683902293e+01   8.095224612808294e-01

nbcr = 5
lambda0 = 3.501084296647659
kmpl_prod = 0.180000000000000
 Time :      1.00000
 Time :      2.00000
 Time :      3.01000
 Time :      4.01000
 Time :      5.01000
 Time :      6.01000
 Time :      7.01000
 Time :      8.01000
 Time :      9.01000
 Time :     10.01000
 Time :     11.01000
 Time :     12.01000
 Time :     13.01000
 Time :     14.01000
 Time :     15.01000
 Time :     16.01000
 Time :     17.01000
 Time :     18.00000
 Time :     19.00000
 Time :     20.00000
 Time :     21.00000
 Time :     22.00000
 Time :     23.00000
 Time :     24.00000
 Time :     25.00000
 Time :     26.00000
 Time :     27.00000
 Time :     28.00000
 Time :     29.00000
 Time :     30.00000
 Time :     31.00000
 Time :     32.00000
 Time :     33.00000
 Time :     34.00000
 Time :     35.00000
dtime = 23.03678914904594
mbcr = 0.200000000000000
agsout =

 Columns 1 through 3:

   1.836661171198899e-02   1.836661171198899e-02   1.836661171198899e-02

 Columns 4 and 5:

   1.836661171198899e-02   1.836661171198899e-02

ans = 1.262722688816468e-20
ans = 4.062207247859059e-21
ans = 4.062207247859059e-21
ans = 4.062207247859059e-21
ans = 4.062207247859059e-21
nbcr = 5
lambda0 = 3.501084296647659
kmpl_prod = 0.180000000000000
 Time :      1.00000
 Time :      2.00000
 Time :      3.01000
 Time :      4.01000
 Time :      5.01000
 Time :      6.01000
 Time :      7.01000
 Time :      8.01000
 Time :      9.01000
 Time :     10.01000
 Time :     11.01000
 Time :     12.01000
 Time :     13.01000
 Time :     14.01000
 Time :     15.01000
 Time :     16.01000
 Time :     17.01000
 Time :     18.00000
 Time :     19.00000
 Time :     20.00000
 Time :     21.00000
 Time :     22.00000
 Time :     23.00000
 Time :     24.00000
 Time :     25.00000
 Time :     26.00000
 Time :     27.00000
 Time :     28.00000
 Time :     29.00000
 Time :     30.00000
 Time :     31.00000
 Time :     32.00000
 Time :     33.00000
 Time :     34.00000
 Time :     35.00000
dtime = 23.24560917913914
mbcr =

   0.200000000000000   0.210223852885482

agsout =

 Columns 1 through 3:

   1.836661171198899e-02   1.836661171198899e-02   1.836661171198899e-02
   1.592845193843068e-02   1.851078529625316e-02   1.851078529625316e-02

 Columns 4 and 5:

   1.836661171198899e-02   1.836661171198899e-02
   1.851078529625316e-02   1.851078529625316e-02

ans = 7.389465329258320e-22
ans = 2.195002111385453e-21
ans = 2.195002111385453e-21
ans = 2.195002111385453e-21
ans = 2.195002111385453e-21
nbcr = 5
lambda0 = 3.501084296647659
kmpl_prod = 0.180000000000000
 Time :      1.00000
 Time :      2.00000
 Time :      3.01000
 Time :      4.01000
 Time :      5.01000
 Time :      6.01000
 Time :      7.01000
 Time :      8.01000
 Time :      9.01000
 Time :     10.01000
 Time :     11.01000
 Time :     12.01000
 Time :     13.01000
 Time :     14.01000
 Time :     15.01000
 Time :     16.01000
 Time :     17.01000
 Time :     18.00000
 Time :     19.00000
 Time :     20.00000
 Time :     21.00000
 Time :     22.00000
 Time :     23.00000
 Time :     24.00000
 Time :     25.00000
 Time :     26.00000
 Time :     27.00000
 Time :     28.00000
 Time :     29.00000
 Time :     30.00000
 Time :     31.00000
 Time :     32.00000
 Time :     33.00000
 Time :     34.00000
 Time :     35.00000
dtime = 23.29379841685295
mbcr =

   0.200000000000000   0.210223852885482   0.213494110748809

agsout =

 Columns 1 through 3:

   1.836661171198899e-02   1.836661171198899e-02   1.836661171198899e-02
   1.592845193843068e-02   1.851078529625316e-02   1.851078529625316e-02
   1.509113328566547e-02   1.851075200652747e-02   1.851075200652747e-02

 Columns 4 and 5:

   1.836661171198899e-02   1.836661171198899e-02
   1.851078529625316e-02   1.851078529625316e-02
   1.851075200652747e-02   1.851075200652747e-02

ans = 2.660876452385783e-21
ans = -8.866260603652504e-21
ans = -8.866260603652504e-21
ans = -8.866260603652504e-21
ans = -8.866260603652504e-21
nbcr = 5
lambda0 = 3.501084296647659
kmpl_prod = 0.180000000000000
 Time :      1.00000
 Time :      2.00000
 Time :      3.01000
 Time :      4.01000
 Time :      5.01000
 Time :      6.01000
 Time :      7.01000
 Time :      8.01000
 Time :      9.01000
 Time :     10.01000
 Time :     11.01000
 Time :     12.01000
 Time :     13.01000
 Time :     14.01000
 Time :     15.01000
 Time :     16.01000
 Time :     17.01000
 Time :     18.00000
 Time :     19.00000
 Time :     20.00000
 Time :     21.00000
 Time :     22.00000
 Time :     23.00000
 Time :     24.00000
 Time :     25.00000
 Time :     26.00000
 Time :     27.00000
 Time :     28.00000
 Time :     29.00000
 Time :     30.00000
 Time :     31.00000
 Time :     32.00000
 Time :     33.00000
 Time :     34.00000
 Time :     35.00000
dtime = 23.04600253701210
mbcr =

   0.200000000000000   0.210223852885482   0.213494110748809   0.213609947489430

agsout =

 Columns 1 through 3:

   1.836661171198899e-02   1.836661171198899e-02   1.836661171198899e-02
   1.592845193843068e-02   1.851078529625316e-02   1.851078529625316e-02
   1.509113328566547e-02   1.851075200652747e-02   1.851075200652747e-02
   1.505249995325596e-02   1.851075201504884e-02   1.851075201504884e-02

 Columns 4 and 5:

   1.836661171198899e-02   1.836661171198899e-02
   1.851078529625316e-02   1.851078529625316e-02
   1.851075200652747e-02   1.851075200652747e-02
   1.851075201504884e-02   1.851075201504884e-02

ans = 1.207450565104000e-20
ans = 9.099066709646432e-21
ans = 9.099066709646432e-21
ans = 9.099066709646432e-21
ans = 9.099066709646432e-21
nbcr = 5
lambda0 = 3.501084296647659
kmpl_prod = 0.180000000000000
 Time :      1.00000
 Time :      2.00000
 Time :      3.01000
 Time :      4.01000
 Time :      5.01000
 Time :      6.01000
 Time :      7.01000
 Time :      8.01000
 Time :      9.01000
 Time :     10.01000
 Time :     11.01000
 Time :     12.01000
 Time :     13.01000
 Time :     14.01000
 Time :     15.01000
 Time :     16.01000
 Time :     17.01000
 Time :     18.00000
 Time :     19.00000
 Time :     20.00000
 Time :     21.00000
 Time :     22.00000
 Time :     23.00000
 Time :     24.00000
 Time :     25.00000
 Time :     26.00000
 Time :     27.00000
 Time :     28.00000
 Time :     29.00000
 Time :     30.00000
 Time :     31.00000
 Time :     32.00000
 Time :     33.00000
 Time :     34.00000
 Time :     35.00000
dtime = 23.12024272978306
mbcr =

 Columns 1 through 4:

   0.200000000000000   0.210223852885482   0.213494110748809   0.213609947489430

 Column 5:

   0.217675114414750

agsout =

 Columns 1 through 3:

   1.836661171198899e-02   1.836661171198899e-02   1.836661171198899e-02
   1.592845193843068e-02   1.851078529625316e-02   1.851078529625316e-02
   1.509113328566547e-02   1.851075200652747e-02   1.851075200652747e-02
   1.505249995325596e-02   1.851075201504884e-02   1.851075201504884e-02
   3.765372474342035e-03   1.851075232350101e-02   1.851075232350101e-02

 Columns 4 and 5:

   1.836661171198899e-02   1.836661171198899e-02
   1.851078529625316e-02   1.851078529625316e-02
   1.851075200652747e-02   1.851075200652747e-02
   1.851075201504884e-02   1.851075201504884e-02
   1.851075232350101e-02   1.851075232350101e-02

ans = -5.184871477058947e-21
ans = -4.345583654524528e-21
ans = -4.345583654524528e-21
ans = -4.345583654524528e-21
ans = -4.345583654524528e-21
nbcr = 5
lambda0 = 3.501084296647659
kmpl_prod = 0.180000000000000
 Time :      1.00000
 Time :      2.00000
 Time :      3.01000
 Time :      4.01000
 Time :      5.01000
 Time :      6.01000
 Time :      7.01000
 Time :      8.01000
 Time :      9.01000
 Time :     10.01000
 Time :     11.01000
 Time :     12.01000
 Time :     13.01000
 Time :     14.01000
 Time :     15.01000
 Time :     16.01000
 Time :     17.01000
 Time :     18.00000
 Time :     19.00000
 Time :     20.00000
 Time :     21.00000
 Time :     22.00000
 Time :     23.00000
 Time :     24.00000
 Time :     25.00000
 Time :     26.00000
 Time :     27.00000
 Time :     28.00000
 Time :     29.00000
 Time :     30.00000
 Time :     31.00000
 Time :     32.00000
 Time :     33.00000
 Time :     34.00000
 Time :     35.00000
dtime = 23.19313511252403
mbcr =

 Columns 1 through 4:

   0.200000000000000   0.210223852885482   0.213494110748809   0.213609947489430

 Columns 5 and 6:

   0.217675114414750   0.223002186212848

agsout =

 Columns 1 through 3:

   1.836661171198899e-02   1.836661171198899e-02   1.836661171198899e-02
   1.592845193843068e-02   1.851078529625316e-02   1.851078529625316e-02
   1.509113328566547e-02   1.851075200652747e-02   1.851075200652747e-02
   1.505249995325596e-02   1.851075201504884e-02   1.851075201504884e-02
   3.765372474342035e-03   1.851075232350101e-02   1.851075232350101e-02
   4.662105092592871e-03   1.851075225344824e-02   1.851075225344824e-02

 Columns 4 and 5:

   1.836661171198899e-02   1.836661171198899e-02
   1.851078529625316e-02   1.851078529625316e-02
   1.851075200652747e-02   1.851075200652747e-02
   1.851075201504884e-02   1.851075201504884e-02
   1.851075232350101e-02   1.851075232350101e-02
   1.851075225344824e-02   1.851075225344824e-02

ans = -6.921588871902313e-21
ans = 1.050862690208297e-20
ans = 1.050862690208297e-20
ans = 1.050862690208297e-20
ans = 1.050862690208297e-20
dkps =

 Columns 1 through 3:

   1.106220084468579e+00   5.951828572421237e+00   2.120793403331140e+00

 Columns 4 through 6:

   2.504054204215440e+01   8.945860026942091e-01   4.848731014590203e+00

nbcr = 7
lambda0 = 3.501084296647659
kmpl_prod = 0.180000000000000
 Time :      1.00000
 Time :      2.00000
 Time :      3.01000
 Time :      4.01000
 Time :      5.01000
 Time :      6.01000
 Time :      7.01000
 Time :      8.01000
 Time :      9.01000
 Time :     10.01000
 Time :     11.01000
 Time :     12.01000
 Time :     13.01000
 Time :     14.01000
 Time :     15.01000
 Time :     16.01000
 Time :     17.01000
 Time :     18.00000
 Time :     19.00000
 Time :     20.00000
 Time :     21.00000
 Time :     22.00000
 Time :     23.00000
 Time :     24.00000
 Time :     25.00000
 Time :     26.00000
 Time :     27.00000
 Time :     28.00000
 Time :     29.00000
 Time :     30.00000
 Time :     31.00000
 Time :     32.00000
 Time :     33.00000
 Time :     34.00000
 Time :     35.00000
dtime = 32.46732540428638
mbcr = 0.142857142857143
agsout =

 Columns 1 through 3:

   1.836661218095545e-02   1.836661218095545e-02   1.836661218095545e-02

 Columns 4 through 6:

   1.836661218095545e-02   1.836661218095545e-02   1.836661218095545e-02

 Column 7:

   1.836661218095545e-02

ans = 1.287052905987073e-20
ans = 6.960414661904020e-21
ans = 6.960414661904020e-21
ans = 6.960414661904020e-21
ans = 6.960414661904020e-21
ans = 6.960414661904020e-21
ans = 6.960414661904020e-21
nbcr = 7
lambda0 = 3.501084296647659
kmpl_prod = 0.180000000000000
 Time :      1.00000
 Time :      2.00000
 Time :      3.01000
 Time :      4.01000
 Time :      5.01000
 Time :      6.01000
 Time :      7.01000
 Time :      8.01000
 Time :      9.01000
 Time :     10.01000
 Time :     11.01000
 Time :     12.01000
 Time :     13.01000
 Time :     14.01000
 Time :     15.01000
 Time :     16.01000
 Time :     17.01000
 Time :     18.00000
 Time :     19.00000
 Time :     20.00000
 Time :     21.00000
 Time :     22.00000
 Time :     23.00000
 Time :     24.00000
 Time :     25.00000
 Time :     26.00000
 Time :     27.00000
 Time :     28.00000
 Time :     29.00000
 Time :     30.00000
 Time :     31.00000
 Time :     32.00000
 Time :     33.00000
 Time :     34.00000
 Time :     35.00000
dtime = 32.70435892045498
mbcr =

   0.142857142857143   0.153099810752401

agsout =

 Columns 1 through 3:

   1.836661218095545e-02   1.836661218095545e-02   1.836661218095545e-02
   2.763445136332753e-03   1.851078595595769e-02   1.851078595595769e-02

 Columns 4 through 6:

   1.836661218095545e-02   1.836661218095545e-02   1.836661218095545e-02
   1.851078595595769e-02   1.851078595595769e-02   1.851078595595769e-02

 Column 7:

   1.836661218095545e-02
   1.851078595595769e-02

ans = 6.986367453622872e-21
ans = 3.030408485830695e-21
ans = 3.030408485830695e-21
ans = 3.030408485830695e-21
ans = 3.030408485830695e-21
ans = 3.030408485830695e-21
ans = 3.030408485830695e-21
nbcr = 7
lambda0 = 3.501084296647659
kmpl_prod = 0.180000000000000
 Time :      1.00000
 Time :      2.00000
 Time :      3.01000
 Time :      4.01000
 Time :      5.01000
 Time :      6.01000
 Time :      7.01000
 Time :      8.01000
 Time :      9.01000
 Time :     10.01000
 Time :     11.01000
 Time :     12.01000
 Time :     13.01000
 Time :     14.01000
 Time :     15.01000
 Time :     16.01000
 Time :     17.01000
 Time :     18.00000
 Time :     19.00000
 Time :     20.00000
 Time :     21.00000
 Time :     22.00000
 Time :     23.00000
 Time :     24.00000
 Time :     25.00000
 Time :     26.00000
 Time :     27.00000
 Time :     28.00000
 Time :     29.00000
 Time :     30.00000
 Time :     31.00000
 Time :     32.00000
 Time :     33.00000
 Time :     34.00000
 Time :     35.00000
dtime = 32.47206285595894
mbcr =

   0.142857142857143   0.153099810752401   0.154666981881592

agsout =

 Columns 1 through 3:

   1.836661218095545e-02   1.836661218095545e-02   1.836661218095545e-02
   2.763445136332753e-03   1.851078595595769e-02   1.851078595595769e-02
   2.467699361918557e-03   1.851075268116290e-02   1.851075268116290e-02

 Columns 4 through 6:

   1.836661218095545e-02   1.836661218095545e-02   1.836661218095545e-02
   1.851078595595769e-02   1.851078595595769e-02   1.851078595595769e-02
   1.851075268116290e-02   1.851075268116290e-02   1.851075268116290e-02

 Column 7:

   1.836661218095545e-02
   1.851078595595769e-02
   1.851075268116290e-02

ans = -2.610582013217355e-21
ans = -8.177116563612830e-21
ans = -8.177116563612830e-21
ans = -8.177116563612830e-21
ans = -8.177116563612830e-21
ans = -8.177116563612830e-21
ans = -8.177116563612830e-21
nbcr = 7
lambda0 = 3.501084296647659
kmpl_prod = 0.180000000000000
 Time :      1.00000
 Time :      2.00000
 Time :      3.01000
 Time :      4.01000
 Time :      5.01000
 Time :      6.01000
 Time :      7.01000
 Time :      8.01000
 Time :      9.01000
 Time :     10.01000
 Time :     11.01000
 Time :     12.01000
 Time :     13.01000
 Time :     14.01000
 Time :     15.01000
 Time :     16.01000
 Time :     17.01000
 Time :     18.00000
 Time :     19.00000
 Time :     20.00000
 Time :     21.00000
 Time :     22.00000
 Time :     23.00000
 Time :     24.00000
 Time :     25.00000
 Time :     26.00000
 Time :     27.00000
 Time :     28.00000
 Time :     29.00000
 Time :     30.00000
 Time :     31.00000
 Time :     32.00000
 Time :     33.00000
 Time :     34.00000
 Time :     35.00000
dtime = 32.49092213809490
mbcr =

   0.142857142857143   0.153099810752401   0.154666981881592   0.148911464954438

agsout =

 Columns 1 through 3:

   1.836661218095545e-02   1.836661218095545e-02   1.836661218095545e-02
   2.763445136332753e-03   1.851078595595769e-02   1.851078595595769e-02
   2.467699361918557e-03   1.851075268116290e-02   1.851075268116290e-02
   1.269370454129527e-03   1.851075276161621e-02   1.851075276161621e-02

 Columns 4 through 6:

   1.836661218095545e-02   1.836661218095545e-02   1.836661218095545e-02
   1.851078595595769e-02   1.851078595595769e-02   1.851078595595769e-02
   1.851075268116290e-02   1.851075268116290e-02   1.851075268116290e-02
   1.851075276161621e-02   1.851075276161621e-02   1.851075276161621e-02

 Column 7:

   1.836661218095545e-02
   1.851078595595769e-02
   1.851075268116290e-02
   1.851075276161621e-02

ans = 1.239447429849457e-20
ans = -3.761984306354925e-21
ans = -3.761984306354925e-21
ans = -3.761984306354925e-21
ans = -3.761984306354925e-21
ans = -3.761984306354925e-21
ans = -3.761984306354925e-21
nbcr = 7
lambda0 = 3.501084296647659
kmpl_prod = 0.180000000000000
 Time :      1.00000
 Time :      2.00000
 Time :      3.01000
 Time :      4.01000
 Time :      5.01000
 Time :      6.01000
 Time :      7.01000
 Time :      8.01000
 Time :      9.01000
 Time :     10.01000
 Time :     11.01000
 Time :     12.01000
 Time :     13.01000
 Time :     14.01000
 Time :     15.01000
 Time :     16.01000
 Time :     17.01000
 Time :     18.00000
 Time :     19.00000
 Time :     20.00000
 Time :     21.00000
 Time :     22.00000
 Time :     23.00000
 Time :     24.00000
 Time :     25.00000
 Time :     26.00000
 Time :     27.00000
 Time :     28.00000
 Time :     29.00000
 Time :     30.00000
 Time :     31.00000
 Time :     32.00000
 Time :     33.00000
 Time :     34.00000
 Time :     35.00000
dtime = 32.60502330958843
mbcr =

 Columns 1 through 4:

   0.142857142857143   0.153099810752401   0.154666981881592   0.148911464954438

 Column 5:

   0.155552579954781

agsout =

 Columns 1 through 3:

   1.836661218095545e-02   1.836661218095545e-02   1.836661218095545e-02
   2.763445136332753e-03   1.851078595595769e-02   1.851078595595769e-02
   2.467699361918557e-03   1.851075268116290e-02   1.851075268116290e-02
   1.269370454129527e-03   1.851075276161621e-02   1.851075276161621e-02
   3.370984233407577e-03   1.851075264128953e-02   1.851075264128953e-02

 Columns 4 through 6:

   1.836661218095545e-02   1.836661218095545e-02   1.836661218095545e-02
   1.851078595595769e-02   1.851078595595769e-02   1.851078595595769e-02
   1.851075268116290e-02   1.851075268116290e-02   1.851075268116290e-02
   1.851075276161621e-02   1.851075276161621e-02   1.851075276161621e-02
   1.851075264128953e-02   1.851075264128953e-02   1.851075264128953e-02

 Column 7:

   1.836661218095545e-02
   1.851078595595769e-02
   1.851075268116290e-02
   1.851075276161621e-02
   1.851075264128953e-02

ans = 7.260784621837339e-21
ans = 3.146981175476718e-21
ans = 3.146981175476718e-21
ans = 3.146981175476718e-21
ans = 3.146981175476718e-21
ans = 3.146981175476718e-21
ans = 3.146981175476718e-21
nbcr = 7
lambda0 = 3.501084296647659
kmpl_prod = 0.180000000000000
 Time :      1.00000
 Time :      2.00000
 Time :      3.01000
 Time :      4.01000
 Time :      5.01000
 Time :      6.01000
 Time :      7.01000
 Time :      8.01000
 Time :      9.01000
 Time :     10.01000
 Time :     11.01000
 Time :     12.01000
 Time :     13.01000
 Time :     14.01000
 Time :     15.01000
 Time :     16.01000
 Time :     17.01000
 Time :     18.00000
 Time :     19.00000
 Time :     20.00000
 Time :     21.00000
 Time :     22.00000
 Time :     23.00000
 Time :     24.00000
 Time :     25.00000
 Time :     26.00000
 Time :     27.00000
 Time :     28.00000
 Time :     29.00000
 Time :     30.00000
 Time :     31.00000
 Time :     32.00000
 Time :     33.00000
 Time :     34.00000
 Time :     35.00000
dtime = 32.50818215310574
mbcr =

 Columns 1 through 4:

   0.142857142857143   0.153099810752401   0.154666981881592   0.148911464954438

 Columns 5 and 6:

   0.155552579954781   0.146223508726945

agsout =

 Columns 1 through 3:

   1.836661218095545e-02   1.836661218095545e-02   1.836661218095545e-02
   2.763445136332753e-03   1.851078595595769e-02   1.851078595595769e-02
   2.467699361918557e-03   1.851075268116290e-02   1.851075268116290e-02
   1.269370454129527e-03   1.851075276161621e-02   1.851075276161621e-02
   3.370984233407577e-03   1.851075264128953e-02   1.851075264128953e-02
   9.984788367792621e-04   1.851075277386989e-02   1.851075277386989e-02

 Columns 4 through 6:

   1.836661218095545e-02   1.836661218095545e-02   1.836661218095545e-02
   1.851078595595769e-02   1.851078595595769e-02   1.851078595595769e-02
   1.851075268116290e-02   1.851075268116290e-02   1.851075268116290e-02
   1.851075276161621e-02   1.851075276161621e-02   1.851075276161621e-02
   1.851075264128953e-02   1.851075264128953e-02   1.851075264128953e-02
   1.851075277386989e-02   1.851075277386989e-02   1.851075277386989e-02

 Column 7:

   1.836661218095545e-02
   1.851078595595769e-02
   1.851075268116290e-02
   1.851075276161621e-02
   1.851075264128953e-02
   1.851075277386989e-02

ans = 6.538035561619131e-21
ans = 6.950381865802547e-21
ans = 6.950381865802547e-21
ans = 6.950381865802547e-21
ans = 6.950381865802547e-21
ans = 6.950381865802547e-21
ans = 6.950381865802547e-21
dkps =

 Columns 1 through 3:

   7.112032578196835e+00   4.717768027743705e+02   2.949224687591487e+00

 Columns 4 through 6:

   5.547535720732467e+00   4.124573424900062e+00   1.051545423624413e+01

nbcr = 10
lambda0 = 3.501084296647659
kmpl_prod = 0.180000000000000
 Time :      1.00000
 Time :      2.00000
 Time :      3.01000
 Time :      4.01000
 Time :      5.01000
 Time :      6.01000
 Time :      7.01000
 Time :      8.01000
 Time :      9.01000
 Time :     10.01000
 Time :     11.01000
 Time :     12.01000
 Time :     13.01000
 Time :     14.01000
 Time :     15.01000
 Time :     16.01000
 Time :     17.01000
 Time :     18.00000
 Time :     19.00000
 Time :     20.00000
 Time :     21.00000
 Time :     22.00000
 Time :     23.00000
 Time :     24.00000
 Time :     25.00000
 Time :     26.00000
 Time :     27.00000
 Time :     28.00000
 Time :     29.00000
 Time :     30.00000
 Time :     31.00000
 Time :     32.00000
 Time :     33.00000
 Time :     34.00000
 Time :     35.00000
dtime = 47.00312465429306
mbcr = 0.100000000000000
agsout =

 Columns 1 through 3:

   1.836661247719135e-02   1.836661247719135e-02   1.836661247719135e-02

 Columns 4 through 6:

   1.836661247719135e-02   1.836661247719135e-02   1.836661247719135e-02

 Columns 7 through 9:

   1.836661247719135e-02   1.836661247719135e-02   1.836661247719135e-02

 Column 10:

   1.836661247719135e-02

ans = -3.843487547059736e-21
ans = 4.476022928540751e-21
ans = 4.476022928540751e-21
ans = 4.476022928540751e-21
ans = 4.476022928540751e-21
ans = 4.476022928540751e-21
ans = 4.476022928540751e-21
ans = 4.476022928540751e-21
ans = 4.476022928540751e-21
ans = 4.476022928540751e-21
nbcr = 10
lambda0 = 3.501084296647659
kmpl_prod = 0.180000000000000
 Time :      1.00000
 Time :      2.00000
 Time :      3.01000
 Time :      4.01000
 Time :      5.01000
 Time :      6.01000
 Time :      7.01000
 Time :      8.01000
 Time :      9.01000
 Time :     10.01000
 Time :     11.01000
 Time :     12.01000
 Time :     13.01000
 Time :     14.01000
 Time :     15.01000
 Time :     16.01000
 Time :     17.01000
 Time :     18.00000
 Time :     19.00000
 Time :     20.00000
 Time :     21.00000
 Time :     22.00000
 Time :     23.00000
 Time :     24.00000
 Time :     25.00000
 Time :     26.00000
 Time :     27.00000
 Time :     28.00000
 Time :     29.00000
 Time :     30.00000
 Time :     31.00000
 Time :     32.00000
 Time :     33.00000
 Time :     34.00000
 Time :     35.00000
dtime = 46.97931669652462
mbcr =

   0.100000000000000   0.112771017521952

agsout =

 Columns 1 through 3:

   1.836661247719135e-02   1.836661247719135e-02   1.836661247719135e-02
   6.616536146386373e-03   1.851078608981878e-02   1.851078608981878e-02

 Columns 4 through 6:

   1.836661247719135e-02   1.836661247719135e-02   1.836661247719135e-02
   1.851078608981878e-02   1.851078608981878e-02   1.851078608981878e-02

 Columns 7 through 9:

   1.836661247719135e-02   1.836661247719135e-02   1.836661247719135e-02
   1.851078608981878e-02   1.851078608981878e-02   1.851078608981878e-02

 Column 10:

   1.836661247719135e-02
   1.851078608981878e-02

ans = 3.232466737492378e-21
ans = 3.489604393516297e-21
ans = 3.489604393516297e-21
ans = 3.489604393516297e-21
ans = 3.489604393516297e-21
ans = 3.489604393516297e-21
ans = 3.489604393516297e-21
ans = 3.489604393516297e-21
ans = 3.489604393516297e-21
ans = 3.489604393516297e-21
nbcr = 10
lambda0 = 3.501084296647659
kmpl_prod = 0.180000000000000
 Time :      1.00000
 Time :      2.00000
 Time :      3.01000
 Time :      4.01000
 Time :      5.01000
 Time :      6.01000
 Time :      7.01000
 Time :      8.01000
 Time :      9.01000
 Time :     10.01000
 Time :     11.01000
 Time :     12.01000
 Time :     13.01000
 Time :     14.01000
 Time :     15.01000
 Time :     16.01000
 Time :     17.01000
 Time :     18.00000
 Time :     19.00000
 Time :     20.00000
 Time :     21.00000
 Time :     22.00000
 Time :     23.00000
 Time :     24.00000
 Time :     25.00000
 Time :     26.00000
 Time :     27.00000
 Time :     28.00000
 Time :     29.00000
 Time :     30.00000
 Time :     31.00000
 Time :     32.00000
 Time :     33.00000
 Time :     34.00000
 Time :     35.00000
dtime = 46.85355797410011
mbcr =

   0.100000000000000   0.112771017521952   0.100572597133904

agsout =

 Columns 1 through 3:

   1.836661247719135e-02   1.836661247719135e-02   1.836661247719135e-02
   6.616536146386373e-03   1.851078608981878e-02   1.851078608981878e-02
   1.828708843515285e-02   1.851075276997833e-02   1.851075276997833e-02

 Columns 4 through 6:

   1.836661247719135e-02   1.836661247719135e-02   1.836661247719135e-02
   1.851078608981878e-02   1.851078608981878e-02   1.851078608981878e-02
   1.851075276997833e-02   1.851075276997833e-02   1.851075276997833e-02

 Columns 7 through 9:

   1.836661247719135e-02   1.836661247719135e-02   1.836661247719135e-02
   1.851078608981878e-02   1.851078608981878e-02   1.851078608981878e-02
   1.851075276997833e-02   1.851075276997833e-02   1.851075276997833e-02

 Column 10:

   1.836661247719135e-02
   1.851078608981878e-02
   1.851075276997833e-02

ans = 6.038507934774641e-21
ans = 1.077910365327788e-20
ans = 1.077910365327788e-20
ans = 1.077910365327788e-20
ans = 1.077910365327788e-20
ans = 1.077910365327788e-20
ans = 1.077910365327788e-20
ans = 1.077910365327788e-20
ans = 1.077910365327788e-20
ans = 1.077910365327788e-20
nbcr = 10
lambda0 = 3.501084296647659
kmpl_prod = 0.180000000000000
 Time :      1.00000
 Time :      2.00000
 Time :      3.01000
 Time :      4.01000
 Time :      5.01000
 Time :      6.01000
 Time :      7.01000
 Time :      8.01000
 Time :      9.01000
 Time :     10.01000
 Time :     11.01000
 Time :     12.01000
 Time :     13.01000
 Time :     14.01000
 Time :     15.01000
 Time :     16.01000
 Time :     17.01000
 Time :     18.00000
 Time :     19.00000
 Time :     20.00000
 Time :     21.00000
 Time :     22.00000
 Time :     23.00000
 Time :     24.00000
 Time :     25.00000
 Time :     26.00000
 Time :     27.00000
 Time :     28.00000
 Time :     29.00000
 Time :     30.00000
 Time :     31.00000
 Time :     32.00000
 Time :     33.00000
 Time :     34.00000
 Time :     35.00000
dtime = 46.91116176545620
mbcr =

   0.100000000000000   0.112771017521952   0.100572597133904   0.110451977022850

agsout =

 Columns 1 through 3:

   1.836661247719135e-02   1.836661247719135e-02   1.836661247719135e-02
   6.616536146386373e-03   1.851078608981878e-02   1.851078608981878e-02
   1.828708843515285e-02   1.851075276997833e-02   1.851075276997833e-02
   4.358618056031062e-03   1.851075283596992e-02   1.851075283596992e-02

 Columns 4 through 6:

   1.836661247719135e-02   1.836661247719135e-02   1.836661247719135e-02
   1.851078608981878e-02   1.851078608981878e-02   1.851078608981878e-02
   1.851075276997833e-02   1.851075276997833e-02   1.851075276997833e-02
   1.851075283596992e-02   1.851075283596992e-02   1.851075283596992e-02

 Columns 7 through 9:

   1.836661247719135e-02   1.836661247719135e-02   1.836661247719135e-02
   1.851078608981878e-02   1.851078608981878e-02   1.851078608981878e-02
   1.851075276997833e-02   1.851075276997833e-02   1.851075276997833e-02
   1.851075283596992e-02   1.851075283596992e-02   1.851075283596992e-02

 Column 10:

   1.836661247719135e-02
   1.851078608981878e-02
   1.851075276997833e-02
   1.851075283596992e-02

ans = 3.117850523865500e-21
ans = 9.807558213408038e-21
ans = 9.807558213408038e-21
ans = 9.807558213408038e-21
ans = 9.807558213408038e-21
ans = 9.807558213408038e-21
ans = 9.807558213408038e-21
ans = 9.807558213408038e-21
ans = 9.807558213408038e-21
ans = 9.807558213408038e-21
nbcr = 10
lambda0 = 3.501084296647659
kmpl_prod = 0.180000000000000
 Time :      1.00000
 Time :      2.00000
 Time :      3.01000
 Time :      4.01000
 Time :      5.01000
 Time :      6.01000
 Time :      7.01000
 Time :      8.01000
 Time :      9.01000
 Time :     10.01000
 Time :     11.01000
 Time :     12.01000
 Time :     13.01000
 Time :     14.01000
 Time :     15.01000
 Time :     16.01000
 Time :     17.01000
 Time :     18.00000
 Time :     19.00000
 Time :     20.00000
 Time :     21.00000
 Time :     22.00000
 Time :     23.00000
 Time :     24.00000
 Time :     25.00000
 Time :     26.00000
 Time :     27.00000
 Time :     28.00000
 Time :     29.00000
 Time :     30.00000
 Time :     31.00000
 Time :     32.00000
 Time :     33.00000
 Time :     34.00000
 Time :     35.00000
dtime = 46.82290032505989
mbcr =

 Columns 1 through 4:

   0.100000000000000   0.112771017521952   0.100572597133904   0.110451977022850

 Column 5:

   0.109471843199742

agsout =

 Columns 1 through 3:

   1.836661247719135e-02   1.836661247719135e-02   1.836661247719135e-02
   6.616536146386373e-03   1.851078608981878e-02   1.851078608981878e-02
   1.828708843515285e-02   1.851075276997833e-02   1.851075276997833e-02
   4.358618056031062e-03   1.851075283596992e-02   1.851075283596992e-02
   2.927858785560621e-03   1.851075286690775e-02   1.851075286690775e-02

 Columns 4 through 6:

   1.836661247719135e-02   1.836661247719135e-02   1.836661247719135e-02
   1.851078608981878e-02   1.851078608981878e-02   1.851078608981878e-02
   1.851075276997833e-02   1.851075276997833e-02   1.851075276997833e-02
   1.851075283596992e-02   1.851075283596992e-02   1.851075283596992e-02
   1.851075286690775e-02   1.851075286690775e-02   1.851075286690775e-02

 Columns 7 through 9:

   1.836661247719135e-02   1.836661247719135e-02   1.836661247719135e-02
   1.851078608981878e-02   1.851078608981878e-02   1.851078608981878e-02
   1.851075276997833e-02   1.851075276997833e-02   1.851075276997833e-02
   1.851075283596992e-02   1.851075283596992e-02   1.851075283596992e-02
   1.851075286690775e-02   1.851075286690775e-02   1.851075286690775e-02

 Column 10:

   1.836661247719135e-02
   1.851078608981878e-02
   1.851075276997833e-02
   1.851075283596992e-02
   1.851075286690775e-02

ans = -5.303054907077460e-21
ans = -1.556410600558846e-21
ans = -1.556410600558846e-21
ans = -1.556410600558846e-21
ans = -1.556410600558846e-21
ans = -1.556410600558846e-21
ans = -1.556410600558846e-21
ans = -1.556410600558846e-21
ans = -1.556410600558846e-21
ans = -1.556410600558846e-21
nbcr = 10
lambda0 = 3.501084296647659
kmpl_prod = 0.180000000000000
 Time :      1.00000
 Time :      2.00000
 Time :      3.01000
 Time :      4.01000
 Time :      5.01000
 Time :      6.01000
 Time :      7.01000
 Time :      8.01000
 Time :      9.01000
 Time :     10.01000
 Time :     11.01000
 Time :     12.01000
 Time :     13.01000
 Time :     14.01000
 Time :     15.01000
 Time :     16.01000
 Time :     17.01000
 Time :     18.00000
 Time :     19.00000
 Time :     20.00000
 Time :     21.00000
 Time :     22.00000
 Time :     23.00000
 Time :     24.00000
 Time :     25.00000
 Time :     26.00000
 Time :     27.00000
 Time :     28.00000
 Time :     29.00000
 Time :     30.00000
 Time :     31.00000
 Time :     32.00000
 Time :     33.00000
 Time :     34.00000
 Time :     35.00000
dtime = 46.81456200778484
mbcr =

 Columns 1 through 4:

   0.100000000000000   0.112771017521952   0.100572597133904   0.110451977022850

 Columns 5 and 6:

   0.109471843199742   0.107389587025617

agsout =

 Columns 1 through 3:

   1.836661247719135e-02   1.836661247719135e-02   1.836661247719135e-02
   6.616536146386373e-03   1.851078608981878e-02   1.851078608981878e-02
   1.828708843515285e-02   1.851075276997833e-02   1.851075276997833e-02
   4.358618056031062e-03   1.851075283596992e-02   1.851075283596992e-02
   2.927858785560621e-03   1.851075286690775e-02   1.851075286690775e-02
   1.975697375608591e-03   1.851075289114544e-02   1.851075289114544e-02

 Columns 4 through 6:

   1.836661247719135e-02   1.836661247719135e-02   1.836661247719135e-02
   1.851078608981878e-02   1.851078608981878e-02   1.851078608981878e-02
   1.851075276997833e-02   1.851075276997833e-02   1.851075276997833e-02
   1.851075283596992e-02   1.851075283596992e-02   1.851075283596992e-02
   1.851075286690775e-02   1.851075286690775e-02   1.851075286690775e-02
   1.851075289114544e-02   1.851075289114544e-02   1.851075289114544e-02

 Columns 7 through 9:

   1.836661247719135e-02   1.836661247719135e-02   1.836661247719135e-02
   1.851078608981878e-02   1.851078608981878e-02   1.851078608981878e-02
   1.851075276997833e-02   1.851075276997833e-02   1.851075276997833e-02
   1.851075283596992e-02   1.851075283596992e-02   1.851075283596992e-02
   1.851075286690775e-02   1.851075286690775e-02   1.851075286690775e-02
   1.851075289114544e-02   1.851075289114544e-02   1.851075289114544e-02

 Column 10:

   1.836661247719135e-02
   1.851078608981878e-02
   1.851075276997833e-02
   1.851075283596992e-02
   1.851075286690775e-02
   1.851075289114544e-02

ans = 5.244325083586195e-21
ans = 5.738574385315866e-21
ans = 5.738574385315866e-21
ans = 5.738574385315866e-21
ans = 5.738574385315866e-21
ans = 5.738574385315866e-21
ans = 5.738574385315866e-21
ans = 5.738574385315866e-21
ans = 5.738574385315866e-21
ans = 5.738574385315866e-21
dkps =

 Columns 1 through 3:

   1.406398116595603e+01   2.517783714886428e+00   4.091960361475176e+01

 Columns 4 through 6:

   1.090209892827780e+01   2.014659959644425e+00   2.332243135855062e+00

nbcr = 15
lambda0 = 3.501084296647659
kmpl_prod = 0.180000000000000
 Time :      1.00000
 Time :      2.00000
 Time :      3.01000
 Time :      4.01000
 Time :      5.01000
 Time :      6.01000
 Time :      7.01000
 Time :      8.01000
 Time :      9.01000
 Time :     10.01000
 Time :     11.01000
 Time :     12.01000
 Time :     13.01000
 Time :     14.01000
 Time :     15.01000
 Time :     16.01000
 Time :     17.01000
 Time :     18.00000
 Time :     19.00000
 Time :     20.00000
 Time :     21.00000
 Time :     22.00000
 Time :     23.00000
 Time :     24.00000
 Time :     25.00000
 Time :     26.00000
 Time :     27.00000
 Time :     28.00000
 Time :     29.00000
 Time :     30.00000
 Time :     31.00000
 Time :     32.00000
 Time :     33.00000
 Time :     34.00000
 Time :     35.00000
dtime = 72.57910743355751
mbcr = 6.666666666666667e-02
agsout =

 Columns 1 through 3:

   1.836661269080850e-02   1.836661269080850e-02   1.836661269080850e-02

 Columns 4 through 6:

   1.836661269080850e-02   1.836661269080850e-02   1.836661269080850e-02

 Columns 7 through 9:

   1.836661269080850e-02   1.836661269080850e-02   1.836661269080850e-02

 Columns 10 through 12:

   1.836661269080850e-02   1.836661269080850e-02   1.836661269080850e-02

 Columns 13 through 15:

   1.836661269080850e-02   1.836661269080850e-02   1.836661269080850e-02

ans = 1.172963050648416e-20
ans = 2.575165112068161e-21
ans = 2.575165112068161e-21
ans = 2.575165112068161e-21
ans = 2.575165112068161e-21
ans = 2.575165112068161e-21
ans = 2.575165112068161e-21
ans = 2.575165112068161e-21
ans = 2.575165112068161e-21
ans = 2.575165112068161e-21
ans = 2.575165112068161e-21
ans = 2.575165112068161e-21
ans = 2.575165112068161e-21
ans = 2.575165112068161e-21
ans = 2.575165112068161e-21
nbcr = 15
lambda0 = 3.501084296647659
kmpl_prod = 0.180000000000000
 Time :      1.00000
 Time :      2.00000
 Time :      3.01000
 Time :      4.01000
 Time :      5.01000
 Time :      6.01000
 Time :      7.01000
 Time :      8.01000
 Time :      9.01000
 Time :     10.01000
 Time :     11.01000
 Time :     12.01000
 Time :     13.01000
 Time :     14.01000
 Time :     15.01000
 Time :     16.01000
 Time :     17.01000
 Time :     18.00000
 Time :     19.00000
 Time :     20.00000
 Time :     21.00000
 Time :     22.00000
 Time :     23.00000
 Time :     24.00000
 Time :     25.00000
 Time :     26.00000
 Time :     27.00000
 Time :     28.00000
 Time :     29.00000
 Time :     30.00000
 Time :     31.00000
 Time :     32.00000
 Time :     33.00000
 Time :     34.00000
 Time :     35.00000
dtime = 72.96721637248993
mbcr =

   6.666666666666667e-02   7.588370063937733e-02

agsout =

 Columns 1 through 3:

   1.836661269080850e-02   1.836661269080850e-02   1.836661269080850e-02
   8.993318861151369e-03   1.851078627809320e-02   1.851078627809320e-02

 Columns 4 through 6:

   1.836661269080850e-02   1.836661269080850e-02   1.836661269080850e-02
   1.851078627809320e-02   1.851078627809320e-02   1.851078627809320e-02

 Columns 7 through 9:

   1.836661269080850e-02   1.836661269080850e-02   1.836661269080850e-02
   1.851078627809320e-02   1.851078627809320e-02   1.851078627809320e-02

 Columns 10 through 12:

   1.836661269080850e-02   1.836661269080850e-02   1.836661269080850e-02
   1.851078627809320e-02   1.851078627809320e-02   1.851078627809320e-02

 Columns 13 through 15:

   1.836661269080850e-02   1.836661269080850e-02   1.836661269080850e-02
   1.851078627809320e-02   1.851078627809320e-02   1.851078627809320e-02

ans = 1.777766232741310e-21
ans = 1.020805580155149e-20
ans = 1.020805580155149e-20
ans = 1.020805580155149e-20
ans = 1.020805580155149e-20
ans = 1.020805580155149e-20
ans = 1.020805580155149e-20
ans = 1.020805580155149e-20
ans = 1.020805580155149e-20
ans = 1.020805580155149e-20
ans = 1.020805580155149e-20
ans = 1.020805580155149e-20
ans = 1.020805580155149e-20
ans = 1.020805580155149e-20
ans = 1.020805580155149e-20
nbcr = 15
lambda0 = 3.501084296647659
kmpl_prod = 0.180000000000000
 Time :      1.00000
 Time :      2.00000
 Time :      3.01000
 Time :      4.01000
 Time :      5.01000
 Time :      6.01000
 Time :      7.01000
 Time :      8.01000
 Time :      9.01000
 Time :     10.01000
 Time :     11.01000
 Time :     12.01000
 Time :     13.01000
 Time :     14.01000
 Time :     15.01000
 Time :     16.01000
 Time :     17.01000
 Time :     18.00000
 Time :     19.00000
 Time :     20.00000
 Time :     21.00000
 Time :     22.00000
 Time :     23.00000
 Time :     24.00000
 Time :     25.00000
 Time :     26.00000
 Time :     27.00000
 Time :     28.00000
 Time :     29.00000
 Time :     30.00000
 Time :     31.00000
 Time :     32.00000
 Time :     33.00000
 Time :     34.00000
 Time :     35.00000
dtime = 73.38265366852283
mbcr =

   6.666666666666667e-02   7.588370063937733e-02   7.205140815612432e-02

agsout =

 Columns 1 through 3:

   1.836661269080850e-02   1.836661269080850e-02   1.836661269080850e-02
   8.993318861151369e-03   1.851078627809320e-02   1.851078627809320e-02
   2.698404019828981e-03   1.851075302569839e-02   1.851075302569839e-02

 Columns 4 through 6:

   1.836661269080850e-02   1.836661269080850e-02   1.836661269080850e-02
   1.851078627809320e-02   1.851078627809320e-02   1.851078627809320e-02
   1.851075302569839e-02   1.851075302569839e-02   1.851075302569839e-02

 Columns 7 through 9:

   1.836661269080850e-02   1.836661269080850e-02   1.836661269080850e-02
   1.851078627809320e-02   1.851078627809320e-02   1.851078627809320e-02
   1.851075302569839e-02   1.851075302569839e-02   1.851075302569839e-02

 Columns 10 through 12:

   1.836661269080850e-02   1.836661269080850e-02   1.836661269080850e-02
   1.851078627809320e-02   1.851078627809320e-02   1.851078627809320e-02
   1.851075302569839e-02   1.851075302569839e-02   1.851075302569839e-02

 Columns 13 through 15:

   1.836661269080850e-02   1.836661269080850e-02   1.836661269080850e-02
   1.851078627809320e-02   1.851078627809320e-02   1.851078627809320e-02
   1.851075302569839e-02   1.851075302569839e-02   1.851075302569839e-02

ans = 5.448845490039932e-21
ans = -5.464282425104276e-21
ans = -5.464282425104276e-21
ans = -5.464282425104276e-21
ans = -5.464282425104276e-21
ans = -5.464282425104276e-21
ans = -5.464282425104276e-21
ans = -5.464282425104276e-21
ans = -5.464282425104276e-21
ans = -5.464282425104276e-21
ans = -5.464282425104276e-21
ans = -5.464282425104276e-21
ans = -5.464282425104276e-21
ans = -5.464282425104276e-21
ans = -5.464282425104276e-21
nbcr = 15
lambda0 = 3.501084296647659
kmpl_prod = 0.180000000000000
 Time :      1.00000
 Time :      2.00000
 Time :      3.01000
 Time :      4.01000
 Time :      5.01000
 Time :      6.01000
 Time :      7.01000
 Time :      8.01000
 Time :      9.01000
 Time :     10.01000
 Time :     11.01000
 Time :     12.01000
 Time :     13.01000
 Time :     14.01000
 Time :     15.01000
 Time :     16.01000
 Time :     17.01000
 Time :     18.00000
 Time :     19.00000
 Time :     20.00000
 Time :     21.00000
 Time :     22.00000
 Time :     23.00000
 Time :     24.00000
 Time :     25.00000
 Time :     26.00000
 Time :     27.00000
 Time :     28.00000
 Time :     29.00000
 Time :     30.00000
 Time :     31.00000
 Time :     32.00000
 Time :     33.00000
 Time :     34.00000
 Time :     35.00000
dtime = 72.63992987573147
mbcr =

 Columns 1 through 3:

   6.666666666666667e-02   7.588370063937733e-02   7.205140815612432e-02

 Column 4:

   7.640715686162375e-02

agsout =

 Columns 1 through 3:

   1.836661269080850e-02   1.836661269080850e-02   1.836661269080850e-02
   8.993318861151369e-03   1.851078627809320e-02   1.851078627809320e-02
   2.698404019828981e-03   1.851075302569839e-02   1.851075302569839e-02
   6.029758966935602e-03   1.851075300579417e-02   1.851075300579417e-02

 Columns 4 through 6:

   1.836661269080850e-02   1.836661269080850e-02   1.836661269080850e-02
   1.851078627809320e-02   1.851078627809320e-02   1.851078627809320e-02
   1.851075302569839e-02   1.851075302569839e-02   1.851075302569839e-02
   1.851075300579417e-02   1.851075300579417e-02   1.851075300579417e-02

 Columns 7 through 9:

   1.836661269080850e-02   1.836661269080850e-02   1.836661269080850e-02
   1.851078627809320e-02   1.851078627809320e-02   1.851078627809320e-02
   1.851075302569839e-02   1.851075302569839e-02   1.851075302569839e-02
   1.851075300579417e-02   1.851075300579417e-02   1.851075300579417e-02

 Columns 10 through 12:

   1.836661269080850e-02   1.836661269080850e-02   1.836661269080850e-02
   1.851078627809320e-02   1.851078627809320e-02   1.851078627809320e-02
   1.851075302569839e-02   1.851075302569839e-02   1.851075302569839e-02
   1.851075300579417e-02   1.851075300579417e-02   1.851075300579417e-02

 Columns 13 through 15:

   1.836661269080850e-02   1.836661269080850e-02   1.836661269080850e-02
   1.851078627809320e-02   1.851078627809320e-02   1.851078627809320e-02
   1.851075302569839e-02   1.851075302569839e-02   1.851075302569839e-02
   1.851075300579417e-02   1.851075300579417e-02   1.851075300579417e-02

ans = 3.749713114279444e-22
ans = -3.963699245750657e-21
ans = -3.963699245750657e-21
ans = -3.963699245750657e-21
ans = -3.963699245750657e-21
ans = -3.963699245750657e-21
ans = -3.963699245750657e-21
ans = -3.963699245750657e-21
ans = -3.963699245750657e-21
ans = -3.963699245750657e-21
ans = -3.963699245750657e-21
ans = -3.963699245750657e-21
ans = -3.963699245750657e-21
ans = -3.963699245750657e-21
ans = -3.963699245750657e-21
nbcr = 15
lambda0 = 3.501084296647659
kmpl_prod = 0.180000000000000
 Time :      1.00000
 Time :      2.00000
 Time :      3.01000
 Time :      4.01000
 Time :      5.01000
 Time :      6.01000
 Time :      7.01000
 Time :      8.01000
 Time :      9.01000
 Time :     10.01000
 Time :     11.01000
 Time :     12.01000
 Time :     13.01000
 Time :     14.01000
 Time :     15.01000
 Time :     16.01000
 Time :     17.01000
 Time :     18.00000
 Time :     19.00000
 Time :     20.00000
 Time :     21.00000
 Time :     22.00000
 Time :     23.00000
 Time :     24.00000
 Time :     25.00000
 Time :     26.00000
 Time :     27.00000
 Time :     28.00000
 Time :     29.00000
 Time :     30.00000
 Time :     31.00000
 Time :     32.00000
 Time :     33.00000
 Time :     34.00000
 Time :     35.00000
dtime = 72.90614247322083
mbcr =

 Columns 1 through 3:

   6.666666666666667e-02   7.588370063937733e-02   7.205140815612432e-02

 Columns 4 and 5:

   7.640715686162375e-02   7.441637222716041e-02

agsout =

 Columns 1 through 3:

   1.836661269080850e-02   1.836661269080850e-02   1.836661269080850e-02
   8.993318861151369e-03   1.851078627809320e-02   1.851078627809320e-02
   2.698404019828981e-03   1.851075302569839e-02   1.851075302569839e-02
   6.029758966935602e-03   1.851075300579417e-02   1.851075300579417e-02
   4.754122196331965e-03   1.851075301541715e-02   1.851075301541715e-02

 Columns 4 through 6:

   1.836661269080850e-02   1.836661269080850e-02   1.836661269080850e-02
   1.851078627809320e-02   1.851078627809320e-02   1.851078627809320e-02
   1.851075302569839e-02   1.851075302569839e-02   1.851075302569839e-02
   1.851075300579417e-02   1.851075300579417e-02   1.851075300579417e-02
   1.851075301541715e-02   1.851075301541715e-02   1.851075301541715e-02

 Columns 7 through 9:

   1.836661269080850e-02   1.836661269080850e-02   1.836661269080850e-02
   1.851078627809320e-02   1.851078627809320e-02   1.851078627809320e-02
   1.851075302569839e-02   1.851075302569839e-02   1.851075302569839e-02
   1.851075300579417e-02   1.851075300579417e-02   1.851075300579417e-02
   1.851075301541715e-02   1.851075301541715e-02   1.851075301541715e-02

 Columns 10 through 12:

   1.836661269080850e-02   1.836661269080850e-02   1.836661269080850e-02
   1.851078627809320e-02   1.851078627809320e-02   1.851078627809320e-02
   1.851075302569839e-02   1.851075302569839e-02   1.851075302569839e-02
   1.851075300579417e-02   1.851075300579417e-02   1.851075300579417e-02
   1.851075301541715e-02   1.851075301541715e-02   1.851075301541715e-02

 Columns 13 through 15:

   1.836661269080850e-02   1.836661269080850e-02   1.836661269080850e-02
   1.851078627809320e-02   1.851078627809320e-02   1.851078627809320e-02
   1.851075302569839e-02   1.851075302569839e-02   1.851075302569839e-02
   1.851075300579417e-02   1.851075300579417e-02   1.851075300579417e-02
   1.851075301541715e-02   1.851075301541715e-02   1.851075301541715e-02

ans = -4.853249599607609e-21
ans = 3.724536612178428e-21
ans = 3.724536612178428e-21
ans = 3.724536612178428e-21
ans = 3.724536612178428e-21
ans = 3.724536612178428e-21
ans = 3.724536612178428e-21
ans = 3.724536612178428e-21
ans = 3.724536612178428e-21
ans = 3.724536612178428e-21
ans = 3.724536612178428e-21
ans = 3.724536612178428e-21
ans = 3.724536612178428e-21
ans = 3.724536612178428e-21
ans = 3.724536612178428e-21
nbcr = 15
lambda0 = 3.501084296647659
kmpl_prod = 0.180000000000000
 Time :      1.00000
 Time :      2.00000
 Time :      3.01000
 Time :      4.01000
 Time :      5.01000
 Time :      6.01000
 Time :      7.01000
 Time :      8.01000
 Time :      9.01000
 Time :     10.01000
 Time :     11.01000
 Time :     12.01000
 Time :     13.01000
 Time :     14.01000
 Time :     15.01000
 Time :     16.01000
 Time :     17.01000
 Time :     18.00000
 Time :     19.00000
 Time :     20.00000
 Time :     21.00000
 Time :     22.00000
 Time :     23.00000
 Time :     24.00000
 Time :     25.00000
 Time :     26.00000
 Time :     27.00000
 Time :     28.00000
 Time :     29.00000
 Time :     30.00000
 Time :     31.00000
 Time :     32.00000
 Time :     33.00000
 Time :     34.00000
 Time :     35.00000
dtime = 67.31969118118286
mbcr =

 Columns 1 through 3:

   6.666666666666667e-02   7.588370063937733e-02   7.205140815612432e-02

 Columns 4 through 6:

   7.640715686162375e-02   7.441637222716041e-02   7.096825744727775e-02

agsout =

 Columns 1 through 3:

   1.836661269080850e-02   1.836661269080850e-02   1.836661269080850e-02
   8.993318861151369e-03   1.851078627809320e-02   1.851078627809320e-02
   2.698404019828981e-03   1.851075302569839e-02   1.851075302569839e-02
   6.029758966935602e-03   1.851075300579417e-02   1.851075300579417e-02
   4.754122196331965e-03   1.851075301541715e-02   1.851075301541715e-02
   1.816656323409509e-03   1.851075303780579e-02   1.851075303780579e-02

 Columns 4 through 6:

   1.836661269080850e-02   1.836661269080850e-02   1.836661269080850e-02
   1.851078627809320e-02   1.851078627809320e-02   1.851078627809320e-02
   1.851075302569839e-02   1.851075302569839e-02   1.851075302569839e-02
   1.851075300579417e-02   1.851075300579417e-02   1.851075300579417e-02
   1.851075301541715e-02   1.851075301541715e-02   1.851075301541715e-02
   1.851075303780579e-02   1.851075303780579e-02   1.851075303780579e-02

 Columns 7 through 9:

   1.836661269080850e-02   1.836661269080850e-02   1.836661269080850e-02
   1.851078627809320e-02   1.851078627809320e-02   1.851078627809320e-02
   1.851075302569839e-02   1.851075302569839e-02   1.851075302569839e-02
   1.851075300579417e-02   1.851075300579417e-02   1.851075300579417e-02
   1.851075301541715e-02   1.851075301541715e-02   1.851075301541715e-02
   1.851075303780579e-02   1.851075303780579e-02   1.851075303780579e-02

 Columns 10 through 12:

   1.836661269080850e-02   1.836661269080850e-02   1.836661269080850e-02
   1.851078627809320e-02   1.851078627809320e-02   1.851078627809320e-02
   1.851075302569839e-02   1.851075302569839e-02   1.851075302569839e-02
   1.851075300579417e-02   1.851075300579417e-02   1.851075300579417e-02
   1.851075301541715e-02   1.851075301541715e-02   1.851075301541715e-02
   1.851075303780579e-02   1.851075303780579e-02   1.851075303780579e-02

 Columns 13 through 15:

   1.836661269080850e-02   1.836661269080850e-02   1.836661269080850e-02
   1.851078627809320e-02   1.851078627809320e-02   1.851078627809320e-02
   1.851075302569839e-02   1.851075302569839e-02   1.851075302569839e-02
   1.851075300579417e-02   1.851075300579417e-02   1.851075300579417e-02
   1.851075301541715e-02   1.851075301541715e-02   1.851075301541715e-02
   1.851075303780579e-02   1.851075303780579e-02   1.851075303780579e-02

ans = -3.153212495052141e-21
ans = 1.043936668165300e-21
ans = 1.043936668165300e-21
ans = 1.043936668165300e-21
ans = 1.043936668165300e-21
ans = 1.043936668165300e-21
ans = 1.043936668165300e-21
ans = 1.043936668165300e-21
ans = 1.043936668165300e-21
ans = 1.043936668165300e-21
ans = 1.043936668165300e-21
ans = 1.043936668165300e-21
ans = 1.043936668165300e-21
ans = 1.043936668165300e-21
ans = 1.043936668165300e-21
