warning: function /home/surgeon/flu/amcode/perelson21/1d2agt/4paper/2submit/run.m shadows a core library function
warning: called from
    driver at line 1 column 1

lambda0 = 3.501084296647659
kmpl_prod = 0.180000000000000
dkps =

 Columns 1 through 3:

   2.977916112165056e+00   1.206659787062577e+01   2.459793133343719e+02

 Columns 4 through 6:

   6.396322633110466e+02   9.208487821617350e+00   2.263231336374731e+00

nbcr = 2
lambda0 = 3.501084296647659
kmpl_prod = 0.180000000000000
 Time :      1.00000
 Time :      2.00000
 Time :      3.01000
 Time :      4.01000
 Time :      5.01000
 Time :      6.01000
 Time :      7.01000
 Time :      8.01000
 Time :      9.01000
 Time :     10.01000
 Time :     11.01000
 Time :     12.01000
 Time :     13.01000
 Time :     14.01000
 Time :     15.01000
 Time :     16.01000
 Time :     17.01000
 Time :     18.00000
 Time :     19.00000
 Time :     20.00000
 Time :     21.00000
 Time :     22.00000
 Time :     23.00000
 Time :     24.00000
 Time :     25.00000
 Time :     26.00000
 Time :     27.00000
 Time :     28.00000
 Time :     29.00000
 Time :     30.00000
 Time :     31.00000
 Time :     32.00000
 Time :     33.00000
 Time :     34.00000
 Time :     35.00000
dtime = 5.142458528280258
mbcr = 0.500000000000000
agsout =

   1.110448042063631e-02   1.110448042063631e-02

ans = 1.295080334363763e-20
ans = -3.232570135068948e-21
nbcr = 2
lambda0 = 3.501084296647659
kmpl_prod = 0.180000000000000
 Time :      1.00000
 Time :      2.00000
 Time :      3.01000
 Time :      4.01000
 Time :      5.01000
 Time :      6.01000
 Time :      7.01000
 Time :      8.01000
 Time :      9.01000
 Time :     10.01000
 Time :     11.01000
 Time :     12.01000
 Time :     13.01000
 Time :     14.01000
 Time :     15.01000
 Time :     16.01000
 Time :     17.01000
 Time :     18.00000
 Time :     19.00000
 Time :     20.00000
 Time :     21.00000
 Time :     22.00000
 Time :     23.00000
 Time :     24.00000
 Time :     25.00000
 Time :     26.00000
 Time :     27.00000
 Time :     28.00000
 Time :     29.00000
 Time :     30.00000
 Time :     31.00000
 Time :     32.00000
 Time :     33.00000
 Time :     34.00000
 Time :     35.00000
dtime = 5.113138630986214
mbcr =

   0.500000000000000   0.597945224701665

agsout =

   1.110448042063631e-02   1.110448042063631e-02
   1.647335690039374e-03   1.127368319560716e-02

ans = -4.561073897617395e-21
ans = 7.722493575309711e-21
nbcr = 2
lambda0 = 3.501084296647659
kmpl_prod = 0.180000000000000
 Time :      1.00000
 Time :      2.00000
 Time :      3.01000
 Time :      4.01000
 Time :      5.01000
 Time :      6.01000
 Time :      7.01000
 Time :      8.01000
 Time :      9.01000
 Time :     10.01000
 Time :     11.01000
 Time :     12.01000
 Time :     13.01000
 Time :     14.01000
 Time :     15.01000
 Time :     16.01000
 Time :     17.01000
 Time :     18.00000
 Time :     19.00000
 Time :     20.00000
 Time :     21.00000
 Time :     22.00000
 Time :     23.00000
 Time :     24.00000
 Time :     25.00000
 Time :     26.00000
 Time :     27.00000
 Time :     28.00000
 Time :     29.00000
 Time :     30.00000
 Time :     31.00000
 Time :     32.00000
 Time :     33.00000
 Time :     34.00000
 Time :     35.00000
dtime = 5.234723165631294
mbcr =

   0.500000000000000   0.597945224701665   0.603577355383525

agsout =

   1.110448042063631e-02   1.110448042063631e-02
   1.647335690039374e-03   1.127368319560716e-02
   1.484543471737477e-03   1.123436762085127e-02

ans = 9.521676031097902e-21
ans = 1.194658184619124e-20
nbcr = 2
lambda0 = 3.501084296647659
kmpl_prod = 0.180000000000000
 Time :      1.00000
 Time :      2.00000
 Time :      3.01000
 Time :      4.01000
 Time :      5.01000
 Time :      6.01000
 Time :      7.01000
 Time :      8.01000
 Time :      9.01000
 Time :     10.01000
 Time :     11.01000
 Time :     12.01000
 Time :     13.01000
 Time :     14.01000
 Time :     15.01000
 Time :     16.01000
 Time :     17.01000
 Time :     18.00000
 Time :     19.00000
 Time :     20.00000
 Time :     21.00000
 Time :     22.00000
 Time :     23.00000
 Time :     24.00000
 Time :     25.00000
 Time :     26.00000
 Time :     27.00000
 Time :     28.00000
 Time :     29.00000
 Time :     30.00000
 Time :     31.00000
 Time :     32.00000
 Time :     33.00000
 Time :     34.00000
 Time :     35.00000
dtime = 5.006279423832893
mbcr =

   0.500000000000000   0.597945224701665   0.603577355383525   0.549588923435010

agsout =

   1.110448042063631e-02   1.110448042063631e-02
   1.647335690039374e-03   1.127368319560716e-02
   1.484543471737477e-03   1.123436762085127e-02
   6.438478595119881e-03   1.096811135563243e-02

ans = 5.994616673263005e-21
ans = -7.993479236451790e-21
nbcr = 2
lambda0 = 3.501084296647659
kmpl_prod = 0.180000000000000
 Time :      1.00000
 Time :      2.00000
 Time :      3.01000
 Time :      4.01000
 Time :      5.01000
 Time :      6.01000
 Time :      7.01000
 Time :      8.01000
 Time :      9.01000
 Time :     10.01000
 Time :     11.01000
 Time :     12.01000
 Time :     13.01000
 Time :     14.01000
 Time :     15.01000
 Time :     16.01000
 Time :     17.01000
 Time :     18.00000
 Time :     19.00000
 Time :     20.00000
 Time :     21.00000
 Time :     22.00000
 Time :     23.00000
 Time :     24.00000
 Time :     25.00000
 Time :     26.00000
 Time :     27.00000
 Time :     28.00000
 Time :     29.00000
 Time :     30.00000
 Time :     31.00000
 Time :     32.00000
 Time :     33.00000
 Time :     34.00000
 Time :     35.00000
dtime = 5.008110031485558
mbcr =

 Columns 1 through 4:

   0.500000000000000   0.597945224701665   0.603577355383525   0.549588923435010

 Column 5:

   0.500618063390558

agsout =

   1.110448042063631e-02   1.110448042063631e-02
   1.647335690039374e-03   1.127368319560716e-02
   1.484543471737477e-03   1.123436762085127e-02
   6.438478595119881e-03   1.096811135563243e-02
   1.113551936247272e-02   1.117936027535940e-02

ans = -1.479220674578940e-21
ans = -1.717246338705692e-21
nbcr = 2
lambda0 = 3.501084296647659
kmpl_prod = 0.180000000000000
 Time :      1.00000
 Time :      2.00000
 Time :      3.01000
 Time :      4.01000
 Time :      5.01000
 Time :      6.01000
 Time :      7.01000
 Time :      8.01000
 Time :      9.01000
 Time :     10.01000
 Time :     11.01000
 Time :     12.01000
 Time :     13.01000
 Time :     14.01000
 Time :     15.01000
 Time :     16.01000
 Time :     17.01000
 Time :     18.00000
 Time :     19.00000
 Time :     20.00000
 Time :     21.00000
 Time :     22.00000
 Time :     23.00000
 Time :     24.00000
 Time :     25.00000
 Time :     26.00000
 Time :     27.00000
 Time :     28.00000
 Time :     29.00000
 Time :     30.00000
 Time :     31.00000
 Time :     32.00000
 Time :     33.00000
 Time :     34.00000
 Time :     35.00000
dtime = 5.102788656949997
mbcr =

 Columns 1 through 4:

   0.500000000000000   0.597945224701665   0.603577355383525   0.549588923435010

 Columns 5 and 6:

   0.500618063390558   0.582623694848217

agsout =

   1.110448042063631e-02   1.110448042063631e-02
   1.647335690039374e-03   1.127368319560716e-02
   1.484543471737477e-03   1.123436762085127e-02
   6.438478595119881e-03   1.096811135563243e-02
   1.113551936247272e-02   1.117936027535940e-02
   3.169829235035605e-03   1.110534639945319e-02

ans = 1.473022555319118e-20
ans = 8.445979343260974e-21
dkps =

 Columns 1 through 3:

   1.910454562253844e+00   1.605336390319440e+01   2.833845524779818e+00

 Columns 4 through 6:

   8.141912820301049e+01   3.765207070294023e+00   3.775432623629007e+00

nbcr = 3
lambda0 = 3.501084296647659
kmpl_prod = 0.180000000000000
 Time :      1.00000
 Time :      2.00000
 Time :      3.01000
 Time :      4.01000
 Time :      5.01000
 Time :      6.01000
 Time :      7.01000
 Time :      8.01000
 Time :      9.01000
 Time :     10.01000
 Time :     11.01000
 Time :     12.01000
 Time :     13.01000
 Time :     14.01000
 Time :     15.01000
 Time :     16.01000
 Time :     17.01000
 Time :     18.00000
 Time :     19.00000
 Time :     20.00000
 Time :     21.00000
 Time :     22.00000
 Time :     23.00000
 Time :     24.00000
 Time :     25.00000
 Time :     26.00000
 Time :     27.00000
 Time :     28.00000
 Time :     29.00000
 Time :     30.00000
 Time :     31.00000
 Time :     32.00000
 Time :     33.00000
 Time :     34.00000
 Time :     35.00000
dtime = 11.97770610451698
mbcr = 0.333333333333333
agsout =

   8.632278872128881e-03   8.632278872128890e-03   8.632278872128887e-03

ans = 2.228639443306664e-21
ans = 7.828527790081352e-21
ans = 1.460437777780948e-20
nbcr = 3
lambda0 = 3.501084296647659
kmpl_prod = 0.180000000000000
 Time :      1.00000
 Time :      2.00000
 Time :      3.01000
 Time :      4.01000
 Time :      5.01000
 Time :      6.01000
 Time :      7.01000
 Time :      8.01000
 Time :      9.01000
 Time :     10.01000
 Time :     11.01000
 Time :     12.01000
 Time :     13.01000
 Time :     14.01000
 Time :     15.01000
 Time :     16.01000
 Time :     17.01000
 Time :     18.00000
 Time :     19.00000
 Time :     20.00000
 Time :     21.00000
 Time :     22.00000
 Time :     23.00000
 Time :     24.00000
 Time :     25.00000
 Time :     26.00000
 Time :     27.00000
 Time :     28.00000
 Time :     29.00000
 Time :     30.00000
 Time :     31.00000
 Time :     32.00000
 Time :     33.00000
 Time :     34.00000
 Time :     35.00000
dtime = 11.98885068297386
mbcr =

   0.333333333333333   0.461550735625200

agsout =

   8.632278872128881e-03   8.632278872128890e-03   8.632278872128887e-03
   7.853524501679984e-04   9.252739305663968e-03   9.252739305663968e-03

ans = 2.569222982589704e-21
ans = 8.050535311672342e-22
ans = -2.583491848156244e-21
nbcr = 3
lambda0 = 3.501084296647659
kmpl_prod = 0.180000000000000
 Time :      1.00000
 Time :      2.00000
 Time :      3.01000
 Time :      4.01000
 Time :      5.01000
 Time :      6.01000
 Time :      7.01000
 Time :      8.01000
 Time :      9.01000
 Time :     10.01000
 Time :     11.01000
 Time :     12.01000
 Time :     13.01000
 Time :     14.01000
 Time :     15.01000
 Time :     16.01000
 Time :     17.01000
 Time :     18.00000
 Time :     19.00000
 Time :     20.00000
 Time :     21.00000
 Time :     22.00000
 Time :     23.00000
 Time :     24.00000
 Time :     25.00000
 Time :     26.00000
 Time :     27.00000
 Time :     28.00000
 Time :     29.00000
 Time :     30.00000
 Time :     31.00000
 Time :     32.00000
 Time :     33.00000
 Time :     34.00000
 Time :     35.00000
dtime = 12.07512058317661
mbcr =

   0.333333333333333   0.461550735625200   0.463436188204943

agsout =

   8.632278872128881e-03   8.632278872128890e-03   8.632278872128887e-03
   7.853524501679984e-04   9.252739305663968e-03   9.252739305663968e-03
   8.790960224984421e-04   9.167164417938790e-03   9.167164417938790e-03

ans = 7.940933880509066e-22
ans = -2.005344298769962e-21
ans = -2.005344298769962e-21
nbcr = 3
lambda0 = 3.501084296647659
kmpl_prod = 0.180000000000000
 Time :      1.00000
 Time :      2.00000
 Time :      3.01000
 Time :      4.01000
 Time :      5.01000
 Time :      6.01000
 Time :      7.01000
 Time :      8.01000
 Time :      9.01000
 Time :     10.01000
 Time :     11.01000
 Time :     12.01000
 Time :     13.01000
 Time :     14.01000
 Time :     15.01000
 Time :     16.01000
 Time :     17.01000
 Time :     18.00000
 Time :     19.00000
 Time :     20.00000
 Time :     21.00000
 Time :     22.00000
 Time :     23.00000
 Time :     24.00000
 Time :     25.00000
 Time :     26.00000
 Time :     27.00000
 Time :     28.00000
 Time :     29.00000
 Time :     30.00000
 Time :     31.00000
 Time :     32.00000
 Time :     33.00000
 Time :     34.00000
 Time :     35.00000
dtime = 11.83109655976295
mbcr =

   0.333333333333333   0.461550735625200   0.463436188204943   0.474923620939850

agsout =

   8.632278872128881e-03   8.632278872128890e-03   8.632278872128887e-03
   7.853524501679984e-04   9.252739305663968e-03   9.252739305663968e-03
   8.790960224984421e-04   9.167164417938790e-03   9.167164417938790e-03
   4.011940320684316e-04   9.260881555667722e-03   9.260881555667722e-03

ans = -1.932293910923873e-21
ans = 7.363484264764626e-21
ans = 7.363484264764626e-21
nbcr = 3
lambda0 = 3.501084296647659
kmpl_prod = 0.180000000000000
 Time :      1.00000
 Time :      2.00000
 Time :      3.01000
 Time :      4.01000
 Time :      5.01000
 Time :      6.01000
 Time :      7.01000
 Time :      8.01000
 Time :      9.01000
 Time :     10.01000
 Time :     11.01000
 Time :     12.01000
 Time :     13.01000
 Time :     14.01000
 Time :     15.01000
 Time :     16.01000
 Time :     17.01000
 Time :     18.00000
 Time :     19.00000
 Time :     20.00000
 Time :     21.00000
 Time :     22.00000
 Time :     23.00000
 Time :     24.00000
 Time :     25.00000
 Time :     26.00000
 Time :     27.00000
 Time :     28.00000
 Time :     29.00000
 Time :     30.00000
 Time :     31.00000
 Time :     32.00000
 Time :     33.00000
 Time :     34.00000
 Time :     35.00000
dtime = 11.32676415145397
mbcr =

 Columns 1 through 4:

   0.333333333333333   0.461550735625200   0.463436188204943   0.474923620939850

 Column 5:

   0.440570408137668

agsout =

   8.632278872128881e-03   8.632278872128890e-03   8.632278872128887e-03
   7.853524501679984e-04   9.252739305663968e-03   9.252739305663968e-03
   8.790960224984421e-04   9.167164417938790e-03   9.167164417938790e-03
   4.011940320684316e-04   9.260881555667722e-03   9.260881555667722e-03
   1.642115783767766e-03   9.070153057004279e-03   9.070153057004270e-03

ans = -3.474985753335269e-21
ans = -4.683677574034239e-21
ans = -4.683677574034239e-21
nbcr = 3
lambda0 = 3.501084296647659
kmpl_prod = 0.180000000000000
 Time :      1.00000
 Time :      2.00000
 Time :      3.01000
 Time :      4.01000
 Time :      5.01000
 Time :      6.01000
 Time :      7.01000
 Time :      8.01000
 Time :      9.01000
 Time :     10.01000
 Time :     11.01000
 Time :     12.01000
 Time :     13.01000
 Time :     14.01000
 Time :     15.01000
 Time :     16.01000
 Time :     17.01000
 Time :     18.00000
 Time :     19.00000
 Time :     20.00000
 Time :     21.00000
 Time :     22.00000
 Time :     23.00000
 Time :     24.00000
 Time :     25.00000
 Time :     26.00000
 Time :     27.00000
 Time :     28.00000
 Time :     29.00000
 Time :     30.00000
 Time :     31.00000
 Time :     32.00000
 Time :     33.00000
 Time :     34.00000
 Time :     35.00000
dtime = 11.66902743279934
mbcr =

 Columns 1 through 4:

   0.333333333333333   0.461550735625200   0.463436188204943   0.474923620939850

 Columns 5 and 6:

   0.440570408137668   0.468258012411248

agsout =

   8.632278872128881e-03   8.632278872128890e-03   8.632278872128887e-03
   7.853524501679984e-04   9.252739305663968e-03   9.252739305663968e-03
   8.790960224984421e-04   9.167164417938790e-03   9.167164417938790e-03
   4.011940320684316e-04   9.260881555667722e-03   9.260881555667722e-03
   1.642115783767766e-03   9.070153057004279e-03   9.070153057004270e-03
   7.145500097016841e-04   9.158945936749818e-03   9.158945936749818e-03

ans = 1.030667043241072e-20
ans = -2.195647538445443e-22
ans = -2.195647538445443e-22
dkps =

 Columns 1 through 3:

   1.147547627281913e+01   4.639720277357334e+02   2.880425001045932e+00

 Columns 4 through 6:

   2.884322543929719e-01   1.537543737531355e+01   3.800114167188269e+00

nbcr = 4
lambda0 = 3.501084296647659
kmpl_prod = 0.180000000000000
 Time :      1.00000
 Time :      2.00000
 Time :      3.01000
 Time :      4.01000
 Time :      5.01000
 Time :      6.01000
 Time :      7.01000
 Time :      8.01000
 Time :      9.01000
 Time :     10.01000
 Time :     11.01000
 Time :     12.01000
 Time :     13.01000
 Time :     14.01000
 Time :     15.01000
 Time :     16.01000
 Time :     17.01000
 Time :     18.00000
 Time :     19.00000
 Time :     20.00000
 Time :     21.00000
 Time :     22.00000
 Time :     23.00000
 Time :     24.00000
 Time :     25.00000
 Time :     26.00000
 Time :     27.00000
 Time :     28.00000
 Time :     29.00000
 Time :     30.00000
 Time :     31.00000
 Time :     32.00000
 Time :     33.00000
 Time :     34.00000
 Time :     35.00000
dtime = 17.75957979261875
mbcr = 0.250000000000000
agsout =

 Columns 1 through 3:

   7.396322285675617e-03   7.396322285675630e-03   7.396322285675626e-03

 Column 4:

   7.396322285675627e-03

ans = 1.459349518287558e-20
ans = 2.121227132709813e-21
ans = 5.511349325075970e-21
ans = -1.265069349323287e-21
nbcr = 4
lambda0 = 3.501084296647659
kmpl_prod = 0.180000000000000
 Time :      1.00000
 Time :      2.00000
 Time :      3.01000
 Time :      4.01000
 Time :      5.01000
 Time :      6.01000
 Time :      7.01000
 Time :      8.01000
 Time :      9.01000
 Time :     10.01000
 Time :     11.01000
 Time :     12.01000
 Time :     13.01000
 Time :     14.01000
 Time :     15.01000
 Time :     16.01000
 Time :     17.01000
 Time :     18.00000
 Time :     19.00000
 Time :     20.00000
 Time :     21.00000
 Time :     22.00000
 Time :     23.00000
 Time :     24.00000
 Time :     25.00000
 Time :     26.00000
 Time :     27.00000
 Time :     28.00000
 Time :     29.00000
 Time :     30.00000
 Time :     31.00000
 Time :     32.00000
 Time :     33.00000
 Time :     34.00000
 Time :     35.00000
dtime = 18.22646521031857
mbcr =

   0.250000000000000   0.360176112332627

agsout =

 Columns 1 through 3:

   7.396322285675617e-03   7.396322285675630e-03   7.396322285675626e-03
   1.474512926776216e-03   7.903721272532317e-03   7.903721272532319e-03

 Column 4:

   7.396322285675627e-03
   7.903721272532352e-03

ans = 7.599308287524665e-21
ans = 2.986432204046137e-21
ans = -3.982874649442828e-22
ans = 6.377924414301835e-21
nbcr = 4
lambda0 = 3.501084296647659
kmpl_prod = 0.180000000000000
 Time :      1.00000
 Time :      2.00000
 Time :      3.01000
 Time :      4.01000
 Time :      5.01000
 Time :      6.01000
 Time :      7.01000
 Time :      8.01000
 Time :      9.01000
 Time :     10.01000
 Time :     11.01000
 Time :     12.01000
 Time :     13.01000
 Time :     14.01000
 Time :     15.01000
 Time :     16.01000
 Time :     17.01000
 Time :     18.00000
 Time :     19.00000
 Time :     20.00000
 Time :     21.00000
 Time :     22.00000
 Time :     23.00000
 Time :     24.00000
 Time :     25.00000
 Time :     26.00000
 Time :     27.00000
 Time :     28.00000
 Time :     29.00000
 Time :     30.00000
 Time :     31.00000
 Time :     32.00000
 Time :     33.00000
 Time :     34.00000
 Time :     35.00000
dtime = 17.76386462152004
mbcr =

   0.250000000000000   0.360176112332627   0.270434917928048

agsout =

 Columns 1 through 3:

   7.396322285675617e-03   7.396322285675630e-03   7.396322285675626e-03
   1.474512926776216e-03   7.903721272532317e-03   7.903721272532319e-03
   5.955615475477949e-03   7.400492988024848e-03   7.400492988024836e-03

 Column 4:

   7.396322285675627e-03
   7.903721272532352e-03
   7.400492988024838e-03

ans = 2.546061925438219e-21
ans = -7.157438744056495e-22
ans = -7.122542061964414e-22
ans = -7.158989707705032e-22
nbcr = 4
lambda0 = 3.501084296647659
kmpl_prod = 0.180000000000000
 Time :      1.00000
 Time :      2.00000
 Time :      3.01000
 Time :      4.01000
 Time :      5.01000
 Time :      6.01000
 Time :      7.01000
 Time :      8.01000
 Time :      9.01000
 Time :     10.01000
 Time :     11.01000
 Time :     12.01000
 Time :     13.01000
 Time :     14.01000
 Time :     15.01000
 Time :     16.01000
 Time :     17.01000
 Time :     18.00000
 Time :     19.00000
 Time :     20.00000
 Time :     21.00000
 Time :     22.00000
 Time :     23.00000
 Time :     24.00000
 Time :     25.00000
 Time :     26.00000
 Time :     27.00000
 Time :     28.00000
 Time :     29.00000
 Time :     30.00000
 Time :     31.00000
 Time :     32.00000
 Time :     33.00000
 Time :     34.00000
 Time :     35.00000
dtime = 18.24234724044800
mbcr =

   0.250000000000000   0.360176112332627   0.270434917928048   0.387298705887375

agsout =

 Columns 1 through 3:

   7.396322285675617e-03   7.396322285675630e-03   7.396322285675626e-03
   1.474512926776216e-03   7.903721272532317e-03   7.903721272532319e-03
   5.955615475477949e-03   7.400492988024848e-03   7.400492988024836e-03
   6.354615674084704e-04   8.130976274156205e-03   8.130976274156196e-03

 Column 4:

   7.396322285675627e-03
   7.903721272532352e-03
   7.400492988024838e-03
   8.130976274156185e-03

ans = 2.064642808932357e-21
ans = 9.077014753062365e-21
ans = 9.074274717283283e-21
ans = 5.684385169464406e-21
nbcr = 4
lambda0 = 3.501084296647659
kmpl_prod = 0.180000000000000
 Time :      1.00000
 Time :      2.00000
 Time :      3.01000
 Time :      4.01000
 Time :      5.01000
 Time :      6.01000
 Time :      7.01000
 Time :      8.01000
 Time :      9.01000
 Time :     10.01000
 Time :     11.01000
 Time :     12.01000
 Time :     13.01000
 Time :     14.01000
 Time :     15.01000
 Time :     16.01000
 Time :     17.01000
 Time :     18.00000
 Time :     19.00000
 Time :     20.00000
 Time :     21.00000
 Time :     22.00000
 Time :     23.00000
 Time :     24.00000
 Time :     25.00000
 Time :     26.00000
 Time :     27.00000
 Time :     28.00000
 Time :     29.00000
 Time :     30.00000
 Time :     31.00000
 Time :     32.00000
 Time :     33.00000
 Time :     34.00000
 Time :     35.00000
dtime = 19.02923695743084
mbcr =

 Columns 1 through 4:

   0.250000000000000   0.360176112332627   0.270434917928048   0.387298705887375

 Column 5:

   0.413273727189841

agsout =

 Columns 1 through 3:

   7.396322285675617e-03   7.396322285675630e-03   7.396322285675626e-03
   1.474512926776216e-03   7.903721272532317e-03   7.903721272532319e-03
   5.955615475477949e-03   7.400492988024848e-03   7.400492988024836e-03
   6.354615674084704e-04   8.130976274156205e-03   8.130976274156196e-03
   7.617027290168570e-05   8.198987304911080e-03   8.198987304911112e-03

 Column 4:

   7.396322285675627e-03
   7.903721272532352e-03
   7.400492988024838e-03
   8.130976274156185e-03
   8.198987304911113e-03

ans = 8.999725064576941e-21
ans = 1.440560886155240e-20
ans = 1.100548295365318e-20
ans = 1.779281007238048e-20
nbcr = 4
lambda0 = 3.501084296647659
kmpl_prod = 0.180000000000000
 Time :      1.00000
 Time :      2.00000
 Time :      3.01000
 Time :      4.01000
 Time :      5.01000
 Time :      6.01000
 Time :      7.01000
 Time :      8.01000
 Time :      9.01000
 Time :     10.01000
 Time :     11.01000
 Time :     12.01000
 Time :     13.01000
 Time :     14.01000
 Time :     15.01000
 Time :     16.01000
 Time :     17.01000
 Time :     18.00000
 Time :     19.00000
 Time :     20.00000
 Time :     21.00000
 Time :     22.00000
 Time :     23.00000
 Time :     24.00000
 Time :     25.00000
 Time :     26.00000
 Time :     27.00000
 Time :     28.00000
 Time :     29.00000
 Time :     30.00000
 Time :     31.00000
 Time :     32.00000
 Time :     33.00000
 Time :     34.00000
 Time :     35.00000
dtime = 18.93050484359264
mbcr =

 Columns 1 through 4:

   0.250000000000000   0.360176112332627   0.270434917928048   0.387298705887375

 Columns 5 and 6:

   0.413273727189841   0.396578894186636

agsout =

 Columns 1 through 3:

   7.396322285675617e-03   7.396322285675630e-03   7.396322285675626e-03
   1.474512926776216e-03   7.903721272532317e-03   7.903721272532319e-03
   5.955615475477949e-03   7.400492988024848e-03   7.400492988024836e-03
   6.354615674084704e-04   8.130976274156205e-03   8.130976274156196e-03
   7.617027290168570e-05   8.198987304911080e-03   8.198987304911112e-03
   3.197054263800932e-04   8.161221265276766e-03   8.161221265276792e-03

 Column 4:

   7.396322285675627e-03
   7.903721272532352e-03
   7.400492988024838e-03
   8.130976274156185e-03
   8.198987304911113e-03
   8.161221265276785e-03

ans = 4.215312401570229e-21
ans = 4.694249976238432e-22
ans = -2.918706791393358e-21
ans = 3.860348521208411e-21
dkps =

 Columns 1 through 3:

   2.356967616811841e+01   1.257300392658570e+01   1.277790897437631e+01

 Columns 4 through 6:

   1.888433120971316e+01   3.609545003643460e+01   1.814932693685757e+00

nbcr = 5
lambda0 = 3.501084296647659
kmpl_prod = 0.180000000000000
 Time :      1.00000
 Time :      2.00000
 Time :      3.01000
 Time :      4.01000
 Time :      5.01000
 Time :      6.01000
 Time :      7.01000
 Time :      8.01000
 Time :      9.01000
 Time :     10.01000
 Time :     11.01000
 Time :     12.01000
 Time :     13.01000
 Time :     14.01000
 Time :     15.01000
 Time :     16.01000
 Time :     17.01000
 Time :     18.00000
 Time :     19.00000
 Time :     20.00000
 Time :     21.00000
 Time :     22.00000
 Time :     23.00000
 Time :     24.00000
 Time :     25.00000
 Time :     26.00000
 Time :     27.00000
 Time :     28.00000
 Time :     29.00000
 Time :     30.00000
 Time :     31.00000
 Time :     32.00000
 Time :     33.00000
 Time :     34.00000
 Time :     35.00000
dtime = 23.02712313830853
mbcr = 0.200000000000000
agsout =

 Columns 1 through 3:

   6.654776675632307e-03   6.654776675632309e-03   6.654776675632313e-03

 Columns 4 and 5:

   6.654776675632314e-03   6.654776675632316e-03

ans = 8.716118436744893e-21
ans = -3.797948083748942e-21
ans = -3.794018975839315e-21
ans = -3.798930360726349e-21
ans = -3.797017505559820e-21
nbcr = 5
lambda0 = 3.501084296647659
kmpl_prod = 0.180000000000000
 Time :      1.00000
 Time :      2.00000
 Time :      3.01000
 Time :      4.01000
 Time :      5.01000
 Time :      6.01000
 Time :      7.01000
 Time :      8.01000
 Time :      9.01000
 Time :     10.01000
 Time :     11.01000
 Time :     12.01000
 Time :     13.01000
 Time :     14.01000
 Time :     15.01000
 Time :     16.01000
 Time :     17.01000
 Time :     18.00000
 Time :     19.00000
 Time :     20.00000
 Time :     21.00000
 Time :     22.00000
 Time :     23.00000
 Time :     24.00000
 Time :     25.00000
 Time :     26.00000
 Time :     27.00000
 Time :     28.00000
 Time :     29.00000
 Time :     30.00000
 Time :     31.00000
 Time :     32.00000
 Time :     33.00000
 Time :     34.00000
 Time :     35.00000
dtime = 23.11060689389706
mbcr =

   0.200000000000000   0.297131783317741

agsout =

 Columns 1 through 3:

   6.654776675632307e-03   6.654776675632309e-03   6.654776675632313e-03
   1.678395946382709e-03   7.081187252175616e-03   7.081187252175631e-03

 Columns 4 and 5:

   6.654776675632314e-03   6.654776675632316e-03
   7.081187252175624e-03   7.081187252175616e-03

ans = -2.288808754934228e-21
ans = -2.485109054050718e-21
ans = -2.482369018271636e-21
ans = -5.870707602441976e-21
ans = -5.875877481270432e-21
nbcr = 5
lambda0 = 3.501084296647659
kmpl_prod = 0.180000000000000
 Time :      1.00000
 Time :      2.00000
 Time :      3.01000
 Time :      4.01000
 Time :      5.01000
 Time :      6.01000
 Time :      7.01000
 Time :      8.01000
 Time :      9.01000
 Time :     10.01000
 Time :     11.01000
 Time :     12.01000
 Time :     13.01000
 Time :     14.01000
 Time :     15.01000
 Time :     16.01000
 Time :     17.01000
 Time :     18.00000
 Time :     19.00000
 Time :     20.00000
 Time :     21.00000
 Time :     22.00000
 Time :     23.00000
 Time :     24.00000
 Time :     25.00000
 Time :     26.00000
 Time :     27.00000
 Time :     28.00000
 Time :     29.00000
 Time :     30.00000
 Time :     31.00000
 Time :     32.00000
 Time :     33.00000
 Time :     34.00000
 Time :     35.00000
dtime = 23.07987883687019
mbcr =

   0.200000000000000   0.297131783317741   0.333090046024281

agsout =

 Columns 1 through 3:

   6.654776675632307e-03   6.654776675632309e-03   6.654776675632313e-03
   1.678395946382709e-03   7.081187252175616e-03   7.081187252175631e-03
   7.529618566968004e-04   7.351764027211901e-03   7.351764027211932e-03

 Columns 4 and 5:

   6.654776675632314e-03   6.654776675632316e-03
   7.081187252175624e-03   7.081187252175616e-03
   7.351764027211900e-03   7.351764027211909e-03

ans = 2.001777082378327e-22
ans = 3.254231927360180e-21
ans = -1.373119816838026e-22
ans = -1.296088622294025e-22
ans = 6.647585293994122e-21
nbcr = 5
lambda0 = 3.501084296647659
kmpl_prod = 0.180000000000000
 Time :      1.00000
 Time :      2.00000
 Time :      3.01000
 Time :      4.01000
 Time :      5.01000
 Time :      6.01000
 Time :      7.01000
 Time :      8.01000
 Time :      9.01000
 Time :     10.01000
 Time :     11.01000
 Time :     12.01000
 Time :     13.01000
 Time :     14.01000
 Time :     15.01000
 Time :     16.01000
 Time :     17.01000
 Time :     18.00000
 Time :     19.00000
 Time :     20.00000
 Time :     21.00000
 Time :     22.00000
 Time :     23.00000
 Time :     24.00000
 Time :     25.00000
 Time :     26.00000
 Time :     27.00000
 Time :     28.00000
 Time :     29.00000
 Time :     30.00000
 Time :     31.00000
 Time :     32.00000
 Time :     33.00000
 Time :     34.00000
 Time :     35.00000
dtime = 22.89565131068230
mbcr =

   0.200000000000000   0.297131783317741   0.333090046024281   0.341705229291512

agsout =

 Columns 1 through 3:

   6.654776675632307e-03   6.654776675632309e-03   6.654776675632313e-03
   1.678395946382709e-03   7.081187252175616e-03   7.081187252175631e-03
   7.529618566968004e-04   7.351764027211901e-03   7.351764027211932e-03
   5.875142292974729e-04   7.388772706700687e-03   7.388772706700696e-03

 Columns 4 and 5:

   6.654776675632314e-03   6.654776675632316e-03
   7.081187252175624e-03   7.081187252175616e-03
   7.351764027211900e-03   7.351764027211909e-03
   7.388772706700689e-03   7.388772706700687e-03

ans = -1.960418051750676e-22
ans = 2.674843607055069e-21
ans = 9.458551810602449e-21
ans = 2.677273450104443e-21
ans = 2.680737268919509e-21
nbcr = 5
lambda0 = 3.501084296647659
kmpl_prod = 0.180000000000000
 Time :      1.00000
 Time :      2.00000
 Time :      3.01000
 Time :      4.01000
 Time :      5.01000
 Time :      6.01000
 Time :      7.01000
 Time :      8.01000
 Time :      9.01000
 Time :     10.01000
 Time :     11.01000
 Time :     12.01000
 Time :     13.01000
 Time :     14.01000
 Time :     15.01000
 Time :     16.01000
 Time :     17.01000
 Time :     18.00000
 Time :     19.00000
 Time :     20.00000
 Time :     21.00000
 Time :     22.00000
 Time :     23.00000
 Time :     24.00000
 Time :     25.00000
 Time :     26.00000
 Time :     27.00000
 Time :     28.00000
 Time :     29.00000
 Time :     30.00000
 Time :     31.00000
 Time :     32.00000
 Time :     33.00000
 Time :     34.00000
 Time :     35.00000
dtime = 22.93894216418266
mbcr =

 Columns 1 through 4:

   0.200000000000000   0.297131783317741   0.333090046024281   0.341705229291512

 Column 5:

   0.337223235141524

agsout =

 Columns 1 through 3:

   6.654776675632307e-03   6.654776675632309e-03   6.654776675632313e-03
   1.678395946382709e-03   7.081187252175616e-03   7.081187252175631e-03
   7.529618566968004e-04   7.351764027211901e-03   7.351764027211932e-03
   5.875142292974729e-04   7.388772706700687e-03   7.388772706700696e-03
   6.846198095676905e-04   7.351244209488000e-03   7.351244209488008e-03

 Columns 4 and 5:

   6.654776675632314e-03   6.654776675632316e-03
   7.081187252175624e-03   7.081187252175616e-03
   7.351764027211900e-03   7.351764027211909e-03
   7.388772706700689e-03   7.388772706700687e-03
   7.351244209488009e-03   7.351244209488017e-03

ans = 4.281486850574471e-21
ans = 6.952659843661336e-21
ans = 1.831171081039265e-22
ans = 6.959432384926614e-21
ans = 1.762411692620795e-22
nbcr = 5
lambda0 = 3.501084296647659
kmpl_prod = 0.180000000000000
 Time :      1.00000
 Time :      2.00000
 Time :      3.01000
 Time :      4.01000
 Time :      5.01000
 Time :      6.01000
 Time :      7.01000
 Time :      8.01000
 Time :      9.01000
 Time :     10.01000
 Time :     11.01000
 Time :     12.01000
 Time :     13.01000
 Time :     14.01000
 Time :     15.01000
 Time :     16.01000
 Time :     17.01000
 Time :     18.00000
 Time :     19.00000
 Time :     20.00000
 Time :     21.00000
 Time :     22.00000
 Time :     23.00000
 Time :     24.00000
 Time :     25.00000
 Time :     26.00000
 Time :     27.00000
 Time :     28.00000
 Time :     29.00000
 Time :     30.00000
 Time :     31.00000
 Time :     32.00000
 Time :     33.00000
 Time :     34.00000
 Time :     35.00000
dtime = 22.76532612740993
mbcr =

 Columns 1 through 4:

   0.200000000000000   0.297131783317741   0.333090046024281   0.341705229291512

 Columns 5 and 6:

   0.337223235141524   0.323905940841975

agsout =

 Columns 1 through 3:

   6.654776675632307e-03   6.654776675632309e-03   6.654776675632313e-03
   1.678395946382709e-03   7.081187252175616e-03   7.081187252175631e-03
   7.529618566968004e-04   7.351764027211901e-03   7.351764027211932e-03
   5.875142292974729e-04   7.388772706700687e-03   7.388772706700696e-03
   6.846198095676905e-04   7.351244209488000e-03   7.351244209488008e-03
   9.420919701909541e-04   7.291268789405729e-03   7.291268789405733e-03

 Columns 4 and 5:

   6.654776675632314e-03   6.654776675632316e-03
   7.081187252175624e-03   7.081187252175616e-03
   7.351764027211900e-03   7.351764027211909e-03
   7.388772706700689e-03   7.388772706700687e-03
   7.351244209488009e-03   7.351244209488017e-03
   7.291268789405727e-03   7.291268789405725e-03

ans = 2.779326858178173e-21
ans = 1.121191621527344e-21
ans = 7.886029767350858e-21
ans = 4.505859591729480e-21
ans = -9.042790155217983e-21
dkps =

 Columns 1 through 3:

   2.839966883969736e+01   2.775176025870256e+01   1.063255822609756e+03

 Columns 4 through 6:

   2.511253894814103e+01   1.106364667962017e+01   5.339693285100513e-01

nbcr = 7
lambda0 = 3.501084296647659
kmpl_prod = 0.180000000000000
 Time :      1.00000
 Time :      2.00000
 Time :      3.01000
 Time :      4.01000
 Time :      5.01000
 Time :      6.01000
 Time :      7.01000
 Time :      8.01000
 Time :      9.01000
 Time :     10.01000
 Time :     11.01000
 Time :     12.01000
 Time :     13.01000
 Time :     14.01000
 Time :     15.01000
 Time :     16.01000
 Time :     17.01000
 Time :     18.00000
 Time :     19.00000
 Time :     20.00000
 Time :     21.00000
 Time :     22.00000
 Time :     23.00000
 Time :     24.00000
 Time :     25.00000
 Time :     26.00000
 Time :     27.00000
 Time :     28.00000
 Time :     29.00000
 Time :     30.00000
 Time :     31.00000
 Time :     32.00000
 Time :     33.00000
 Time :     34.00000
 Time :     35.00000
dtime = 32.39725939929485
mbcr = 0.142857142857143
agsout =

 Columns 1 through 3:

   5.805757013961514e-03   5.805757013961522e-03   5.805757013961515e-03

 Columns 4 through 6:

   5.805757013961535e-03   5.805757013961533e-03   5.805757013961519e-03

 Column 7:

   5.805757013961519e-03

ans = 1.347606464819593e-21
ans = 4.537085659853357e-21
ans = 1.163532929132403e-21
ans = -2.232353678127483e-21
ans = 4.546701634474286e-21
ans = -5.617486937424180e-21
ans = -2.230182329019532e-21
nbcr = 7
lambda0 = 3.501084296647659
kmpl_prod = 0.180000000000000
 Time :      1.00000
 Time :      2.00000
 Time :      3.01000
 Time :      4.01000
 Time :      5.01000
 Time :      6.01000
 Time :      7.01000
 Time :      8.01000
 Time :      9.01000
 Time :     10.01000
 Time :     11.01000
 Time :     12.01000
 Time :     13.01000
 Time :     14.01000
 Time :     15.01000
 Time :     16.01000
 Time :     17.01000
 Time :     18.00000
 Time :     19.00000
 Time :     20.00000
 Time :     21.00000
 Time :     22.00000
 Time :     23.00000
 Time :     24.00000
 Time :     25.00000
 Time :     26.00000
 Time :     27.00000
 Time :     28.00000
 Time :     29.00000
 Time :     30.00000
 Time :     31.00000
 Time :     32.00000
 Time :     33.00000
 Time :     34.00000
 Time :     35.00000
dtime = 32.67730213701725
mbcr =

   0.142857142857143   0.240539761155742

agsout =

 Columns 1 through 3:

   5.805757013961514e-03   5.805757013961522e-03   5.805757013961515e-03
   1.284591919910433e-03   6.286440693559272e-03   6.286440693559272e-03

 Columns 4 through 6:

   5.805757013961535e-03   5.805757013961533e-03   5.805757013961519e-03
   6.286440693559275e-03   6.286440693559285e-03   6.286440693559286e-03

 Column 7:

   5.805757013961519e-03
   6.286440693559286e-03

ans = -3.108544741974278e-21
ans = 9.207244000751182e-21
ans = 9.211483301390516e-21
ans = 9.209828940165410e-21
ans = 5.824799078445283e-21
ans = 9.212207084426500e-21
ans = 2.432324591212178e-21
nbcr = 7
lambda0 = 3.501084296647659
kmpl_prod = 0.180000000000000
 Time :      1.00000
 Time :      2.00000
 Time :      3.01000
 Time :      4.01000
 Time :      5.01000
 Time :      6.01000
 Time :      7.01000
 Time :      8.01000
 Time :      9.01000
 Time :     10.01000
 Time :     11.01000
 Time :     12.01000
 Time :     13.01000
 Time :     14.01000
 Time :     15.01000
 Time :     16.01000
 Time :     17.01000
 Time :     18.00000
 Time :     19.00000
 Time :     20.00000
 Time :     21.00000
 Time :     22.00000
 Time :     23.00000
 Time :     24.00000
 Time :     25.00000
 Time :     26.00000
 Time :     27.00000
 Time :     28.00000
 Time :     29.00000
 Time :     30.00000
 Time :     31.00000
 Time :     32.00000
 Time :     33.00000
 Time :     34.00000
 Time :     35.00000
dtime = 32.45233856141567
mbcr =

   0.142857142857143   0.240539761155742   0.263308263129369

agsout =

 Columns 1 through 3:

   5.805757013961514e-03   5.805757013961522e-03   5.805757013961515e-03
   1.284591919910433e-03   6.286440693559272e-03   6.286440693559272e-03
   8.089360669820022e-04   6.471812149569437e-03   6.471812149569407e-03

 Columns 4 through 6:

   5.805757013961535e-03   5.805757013961533e-03   5.805757013961519e-03
   6.286440693559275e-03   6.286440693559285e-03   6.286440693559286e-03
   6.471812149569385e-03   6.471812149569426e-03   6.471812149569385e-03

 Column 7:

   5.805757013961519e-03
   6.286440693559286e-03
   6.471812149569385e-03

ans = 9.651543387268727e-21
ans = 9.265870426665878e-21
ans = 5.904415212403512e-21
ans = 1.267695647768143e-20
ans = 2.494983522613070e-21
ans = 9.281690255880954e-21
ans = 9.281483460727816e-21
nbcr = 7
lambda0 = 3.501084296647659
kmpl_prod = 0.180000000000000
 Time :      1.00000
 Time :      2.00000
 Time :      3.01000
 Time :      4.01000
 Time :      5.01000
 Time :      6.01000
 Time :      7.01000
 Time :      8.01000
 Time :      9.01000
 Time :     10.01000
 Time :     11.01000
 Time :     12.01000
 Time :     13.01000
 Time :     14.01000
 Time :     15.01000
 Time :     16.01000
 Time :     17.01000
 Time :     18.00000
 Time :     19.00000
 Time :     20.00000
 Time :     21.00000
 Time :     22.00000
 Time :     23.00000
 Time :     24.00000
 Time :     25.00000
 Time :     26.00000
 Time :     27.00000
 Time :     28.00000
 Time :     29.00000
 Time :     30.00000
 Time :     31.00000
 Time :     32.00000
 Time :     33.00000
 Time :     34.00000
 Time :     35.00000
dtime = 32.27852135896683
mbcr =

   0.142857142857143   0.240539761155742   0.263308263129369   0.144837485268752

agsout =

 Columns 1 through 3:

   5.805757013961514e-03   5.805757013961522e-03   5.805757013961515e-03
   1.284591919910433e-03   6.286440693559272e-03   6.286440693559272e-03
   8.089360669820022e-04   6.471812149569437e-03   6.471812149569407e-03
   5.667164759257186e-03   5.818215501297984e-03   5.818215501297970e-03

 Columns 4 through 6:

   5.805757013961535e-03   5.805757013961533e-03   5.805757013961519e-03
   6.286440693559275e-03   6.286440693559285e-03   6.286440693559286e-03
   6.471812149569385e-03   6.471812149569426e-03   6.471812149569385e-03
   5.818215501297998e-03   5.818215501297986e-03   5.818215501297991e-03

 Column 7:

   5.805757013961519e-03
   6.286440693559286e-03
   6.471812149569385e-03
   5.818215501297991e-03

ans = 4.593385640295247e-21
ans = 6.263566694616379e-21
ans = 2.873935640738926e-21
ans = 2.871299002536413e-21
ans = -5.183837501293255e-22
ans = -5.141961482782758e-22
ans = -5.187973404356020e-22
nbcr = 7
lambda0 = 3.501084296647659
kmpl_prod = 0.180000000000000
 Time :      1.00000
 Time :      2.00000
 Time :      3.01000
 Time :      4.01000
 Time :      5.01000
 Time :      6.01000
 Time :      7.01000
 Time :      8.01000
 Time :      9.01000
 Time :     10.01000
 Time :     11.01000
 Time :     12.01000
 Time :     13.01000
 Time :     14.01000
 Time :     15.01000
 Time :     16.01000
 Time :     17.01000
 Time :     18.00000
 Time :     19.00000
 Time :     20.00000
 Time :     21.00000
 Time :     22.00000
 Time :     23.00000
 Time :     24.00000
 Time :     25.00000
 Time :     26.00000
 Time :     27.00000
 Time :     28.00000
 Time :     29.00000
 Time :     30.00000
 Time :     31.00000
 Time :     32.00000
 Time :     33.00000
 Time :     34.00000
 Time :     35.00000
dtime = 32.36831165850163
mbcr =

 Columns 1 through 4:

   0.142857142857143   0.240539761155742   0.263308263129369   0.144837485268752

 Column 5:

   0.242920176033255

agsout =

 Columns 1 through 3:

   5.805757013961514e-03   5.805757013961522e-03   5.805757013961515e-03
   1.284591919910433e-03   6.286440693559272e-03   6.286440693559272e-03
   8.089360669820022e-04   6.471812149569437e-03   6.471812149569407e-03
   5.667164759257186e-03   5.818215501297984e-03   5.818215501297970e-03
   1.241688357590918e-03   6.310564758921990e-03   6.310564758921888e-03

 Columns 4 through 6:

   5.805757013961535e-03   5.805757013961533e-03   5.805757013961519e-03
   6.286440693559275e-03   6.286440693559285e-03   6.286440693559286e-03
   6.471812149569385e-03   6.471812149569426e-03   6.471812149569385e-03
   5.818215501297998e-03   5.818215501297986e-03   5.818215501297991e-03
   6.310564758922000e-03   6.310564758921901e-03   6.310564758921891e-03

 Column 7:

   5.805757013961519e-03
   6.286440693559286e-03
   6.471812149569385e-03
   5.818215501297991e-03
   6.310564758921986e-03

ans = -3.561012537040784e-21
ans = 4.597780037299435e-21
ans = 4.585165532958002e-21
ans = 4.595401893038345e-21
ans = 4.593540736660101e-21
ans = 7.961406600669753e-21
ans = 4.575652955913642e-21
nbcr = 7
lambda0 = 3.501084296647659
kmpl_prod = 0.180000000000000
 Time :      1.00000
 Time :      2.00000
 Time :      3.01000
 Time :      4.01000
 Time :      5.01000
 Time :      6.01000
 Time :      7.01000
 Time :      8.01000
 Time :      9.01000
 Time :     10.01000
 Time :     11.01000
 Time :     12.01000
 Time :     13.01000
 Time :     14.01000
 Time :     15.01000
 Time :     16.01000
 Time :     17.01000
 Time :     18.00000
 Time :     19.00000
 Time :     20.00000
 Time :     21.00000
 Time :     22.00000
 Time :     23.00000
 Time :     24.00000
 Time :     25.00000
 Time :     26.00000
 Time :     27.00000
 Time :     28.00000
 Time :     29.00000
 Time :     30.00000
 Time :     31.00000
 Time :     32.00000
 Time :     33.00000
 Time :     34.00000
 Time :     35.00000
dtime = 32.47917406260967
mbcr =

 Columns 1 through 4:

   0.142857142857143   0.240539761155742   0.263308263129369   0.144837485268752

 Columns 5 and 6:

   0.242920176033255   0.282380219906553

agsout =

 Columns 1 through 3:

   5.805757013961514e-03   5.805757013961522e-03   5.805757013961515e-03
   1.284591919910433e-03   6.286440693559272e-03   6.286440693559272e-03
   8.089360669820022e-04   6.471812149569437e-03   6.471812149569407e-03
   5.667164759257186e-03   5.818215501297984e-03   5.818215501297970e-03
   1.241688357590918e-03   6.310564758921990e-03   6.310564758921888e-03
   5.271071274635681e-04   6.579034196760463e-03   6.579034196760475e-03

 Columns 4 through 6:

   5.805757013961535e-03   5.805757013961533e-03   5.805757013961519e-03
   6.286440693559275e-03   6.286440693559285e-03   6.286440693559286e-03
   6.471812149569385e-03   6.471812149569426e-03   6.471812149569385e-03
   5.818215501297998e-03   5.818215501297986e-03   5.818215501297991e-03
   6.310564758922000e-03   6.310564758921901e-03   6.310564758921891e-03
   6.579034196760472e-03   6.579034196760481e-03   6.579034196760493e-03

 Column 7:

   5.805757013961519e-03
   6.286440693559286e-03
   6.471812149569385e-03
   5.818215501297991e-03
   6.310564758921986e-03
   6.579034196760493e-03

ans = -6.514874504467646e-21
ans = -3.857763581794183e-21
ans = 6.296188630023939e-21
ans = -4.768696231368205e-22
ans = 2.922222308996709e-21
ans = 6.298256581555322e-21
ans = -3.864381026694607e-21
dkps =

 Columns 1 through 3:

   7.299760875512252e-01   8.369750908507083e+00   2.172882885355525e+01

 Columns 4 through 6:

   5.228594865777437e+01   6.809438851935433e+00   3.542871753708912e-01

nbcr = 10
lambda0 = 3.501084296647659
kmpl_prod = 0.180000000000000
 Time :      1.00000
 Time :      2.00000
 Time :      3.01000
 Time :      4.01000
 Time :      5.01000
 Time :      6.01000
 Time :      7.01000
 Time :      8.01000
 Time :      9.01000
 Time :     10.01000
 Time :     11.01000
 Time :     12.01000
 Time :     13.01000
 Time :     14.01000
 Time :     15.01000
 Time :     16.01000
 Time :     17.01000
 Time :     18.00000
 Time :     19.00000
 Time :     20.00000
 Time :     21.00000
 Time :     22.00000
 Time :     23.00000
 Time :     24.00000
 Time :     25.00000
 Time :     26.00000
 Time :     27.00000
 Time :     28.00000
 Time :     29.00000
 Time :     30.00000
 Time :     31.00000
 Time :     32.00000
 Time :     33.00000
 Time :     34.00000
 Time :     35.00000
dtime = 46.99169844388962
mbcr = 0.100000000000000
agsout =

 Columns 1 through 3:

   5.165803084021687e-03   5.165803084021710e-03   5.165803084021646e-03

 Columns 4 through 6:

   5.165803084021644e-03   5.165803084021664e-03   5.165803084021658e-03

 Columns 7 through 9:

   5.165803084021657e-03   5.165803084021666e-03   5.165803084021665e-03

 Column 10:

   5.165803084021660e-03

ans = 3.559203079450824e-22
ans = -1.210061838588510e-21
ans = -4.606155241001535e-21
ans = 5.546969790204034e-21
ans = -1.214301139227845e-21
ans = 2.169487951573453e-21
ans = -4.611738710136268e-21
ans = 2.169591349150022e-21
ans = -1.216369090759227e-21
ans = -4.619286733225814e-21
nbcr = 10
lambda0 = 3.501084296647659
kmpl_prod = 0.180000000000000
 Time :      1.00000
 Time :      2.00000
 Time :      3.01000
 Time :      4.01000
 Time :      5.01000
 Time :      6.01000
 Time :      7.01000
 Time :      8.01000
 Time :      9.01000
 Time :     10.01000
 Time :     11.01000
 Time :     12.01000
 Time :     13.01000
 Time :     14.01000
 Time :     15.01000
 Time :     16.01000
 Time :     17.01000
 Time :     18.00000
 Time :     19.00000
 Time :     20.00000
 Time :     21.00000
 Time :     22.00000
 Time :     23.00000
 Time :     24.00000
 Time :     25.00000
 Time :     26.00000
 Time :     27.00000
 Time :     28.00000
 Time :     29.00000
 Time :     30.00000
 Time :     31.00000
 Time :     32.00000
 Time :     33.00000
 Time :     34.00000
 Time :     35.00000
dtime = 49.73867610096931
mbcr =

   0.100000000000000   0.271064464766398

agsout =

 Columns 1 through 3:

   5.165803084021687e-03   5.165803084021710e-03   5.165803084021646e-03
   1.191256468819756e-04   6.190809560712164e-03   6.190809560712160e-03

 Columns 4 through 6:

   5.165803084021644e-03   5.165803084021664e-03   5.165803084021658e-03
   6.190809560712131e-03   6.190809560712181e-03   6.190809560712190e-03

 Columns 7 through 9:

   5.165803084021657e-03   5.165803084021666e-03   5.165803084021665e-03
   6.190809560712171e-03   6.190809560712176e-03   6.190809560712170e-03

 Column 10:

   5.165803084021660e-03
   6.190809560712170e-03

ans = 4.936613895716469e-21
ans = -2.780567629097003e-21
ans = 5.804739948590872e-22
ans = 5.813011754716402e-22
ans = 5.846098979218523e-22
ans = 5.897797767503087e-22
ans = -6.201993437769463e-21
ans = 5.668255147519622e-22
ans = 5.941224749662121e-22
ans = 5.895729815971705e-22
nbcr = 10
lambda0 = 3.501084296647659
kmpl_prod = 0.180000000000000
 Time :      1.00000
 Time :      2.00000
 Time :      3.01000
 Time :      4.01000
 Time :      5.01000
 Time :      6.01000
 Time :      7.01000
 Time :      8.01000
 Time :      9.01000
 Time :     10.01000
 Time :     11.01000
 Time :     12.01000
 Time :     13.01000
 Time :     14.01000
 Time :     15.01000
 Time :     16.01000
 Time :     17.01000
 Time :     18.00000
 Time :     19.00000
 Time :     20.00000
 Time :     21.00000
 Time :     22.00000
 Time :     23.00000
 Time :     24.00000
 Time :     25.00000
 Time :     26.00000
 Time :     27.00000
 Time :     28.00000
 Time :     29.00000
 Time :     30.00000
 Time :     31.00000
 Time :     32.00000
 Time :     33.00000
 Time :     34.00000
 Time :     35.00000
dtime = 48.58307987451553
mbcr =

   0.100000000000000   0.271064464766398   0.268389502223895

agsout =

 Columns 1 through 3:

   5.165803084021687e-03   5.165803084021710e-03   5.165803084021646e-03
   1.191256468819756e-04   6.190809560712164e-03   6.190809560712160e-03
   1.665922122126819e-04   6.033004481809769e-03   6.033004481809793e-03

 Columns 4 through 6:

   5.165803084021644e-03   5.165803084021664e-03   5.165803084021658e-03
   6.190809560712131e-03   6.190809560712181e-03   6.190809560712190e-03
   6.033004481809776e-03   6.033004481809779e-03   6.033004481809777e-03

 Columns 7 through 9:

   5.165803084021657e-03   5.165803084021666e-03   5.165803084021665e-03
   6.190809560712171e-03   6.190809560712176e-03   6.190809560712170e-03
   6.033004481809789e-03   6.033004481809792e-03   6.033004481809784e-03

 Column 10:

   5.165803084021660e-03
   6.190809560712170e-03
   6.033004481809781e-03

ans = 5.082197683525802e-21
ans = 2.847569258713798e-21
ans = 2.838056681669438e-21
ans = 6.247901961766156e-21
ans = 2.828130514318802e-21
ans = -3.951855376472090e-21
ans = -5.372538078531915e-22
ans = -7.322409577472539e-21
ans = -3.938000101211827e-21
ans = -7.327786251454134e-21
nbcr = 10
lambda0 = 3.501084296647659
kmpl_prod = 0.180000000000000
 Time :      1.00000
 Time :      2.00000
 Time :      3.01000
 Time :      4.01000
 Time :      5.01000
 Time :      6.01000
 Time :      7.01000
 Time :      8.01000
 Time :      9.01000
 Time :     10.01000
 Time :     11.01000
 Time :     12.01000
 Time :     13.01000
 Time :     14.01000
 Time :     15.01000
 Time :     16.01000
 Time :     17.01000
 Time :     18.00000
 Time :     19.00000
 Time :     20.00000
 Time :     21.00000
 Time :     22.00000
 Time :     23.00000
 Time :     24.00000
 Time :     25.00000
 Time :     26.00000
 Time :     27.00000
 Time :     28.00000
 Time :     29.00000
 Time :     30.00000
 Time :     31.00000
 Time :     32.00000
 Time :     33.00000
 Time :     34.00000
 Time :     35.00000
dtime = 46.22707776725292
mbcr =

   0.100000000000000   0.271064464766398   0.268389502223895   0.243231240453514

agsout =

 Columns 1 through 3:

   5.165803084021687e-03   5.165803084021710e-03   5.165803084021646e-03
   1.191256468819756e-04   6.190809560712164e-03   6.190809560712160e-03
   1.665922122126819e-04   6.033004481809769e-03   6.033004481809793e-03
   3.979208007681735e-04   5.971799440708458e-03   5.971799440708465e-03

 Columns 4 through 6:

   5.165803084021644e-03   5.165803084021664e-03   5.165803084021658e-03
   6.190809560712131e-03   6.190809560712181e-03   6.190809560712190e-03
   6.033004481809776e-03   6.033004481809779e-03   6.033004481809777e-03
   5.971799440708476e-03   5.971799440708464e-03   5.971799440708468e-03

 Columns 7 through 9:

   5.165803084021657e-03   5.165803084021666e-03   5.165803084021665e-03
   6.190809560712171e-03   6.190809560712176e-03   6.190809560712170e-03
   6.033004481809789e-03   6.033004481809792e-03   6.033004481809784e-03
   5.971799440708468e-03   5.971799440708489e-03   5.971799440708483e-03

 Column 10:

   5.165803084021660e-03
   6.190809560712170e-03
   6.033004481809781e-03
   5.971799440708479e-03

ans = -4.498208171063364e-21
ans = 5.222611592506678e-21
ans = -4.926067342906418e-21
ans = -1.546620950321023e-21
ans = -1.548482106699268e-21
ans = 1.844819561146390e-21
ans = -4.927928499284662e-21
ans = -1.539176324808046e-21
ans = -1.541244276339429e-21
ans = -1.535867602357834e-21
nbcr = 10
lambda0 = 3.501084296647659
kmpl_prod = 0.180000000000000
 Time :      1.00000
 Time :      2.00000
 Time :      3.01000
 Time :      4.01000
 Time :      5.01000
 Time :      6.01000
 Time :      7.01000
 Time :      8.01000
 Time :      9.01000
 Time :     10.01000
 Time :     11.01000
 Time :     12.01000
 Time :     13.01000
 Time :     14.01000
 Time :     15.01000
 Time :     16.01000
 Time :     17.01000
 Time :     18.00000
 Time :     19.00000
 Time :     20.00000
 Time :     21.00000
 Time :     22.00000
 Time :     23.00000
 Time :     24.00000
 Time :     25.00000
 Time :     26.00000
 Time :     27.00000
 Time :     28.00000
 Time :     29.00000
 Time :     30.00000
 Time :     31.00000
 Time :     32.00000
 Time :     33.00000
 Time :     34.00000
 Time :     35.00000
dtime = 46.33329324424267
mbcr =

 Columns 1 through 4:

   0.100000000000000   0.271064464766398   0.268389502223895   0.243231240453514

 Column 5:

   0.208308887172568

agsout =

 Columns 1 through 3:

   5.165803084021687e-03   5.165803084021710e-03   5.165803084021646e-03
   1.191256468819756e-04   6.190809560712164e-03   6.190809560712160e-03
   1.665922122126819e-04   6.033004481809769e-03   6.033004481809793e-03
   3.979208007681735e-04   5.971799440708458e-03   5.971799440708465e-03
   7.976849791718969e-04   5.759450281582164e-03   5.759450281582231e-03

 Columns 4 through 6:

   5.165803084021644e-03   5.165803084021664e-03   5.165803084021658e-03
   6.190809560712131e-03   6.190809560712181e-03   6.190809560712190e-03
   6.033004481809776e-03   6.033004481809779e-03   6.033004481809777e-03
   5.971799440708476e-03   5.971799440708464e-03   5.971799440708468e-03
   5.759450281582212e-03   5.759450281582205e-03   5.759450281582207e-03

 Columns 7 through 9:

   5.165803084021657e-03   5.165803084021666e-03   5.165803084021665e-03
   6.190809560712171e-03   6.190809560712176e-03   6.190809560712170e-03
   6.033004481809789e-03   6.033004481809792e-03   6.033004481809784e-03
   5.971799440708468e-03   5.971799440708489e-03   5.971799440708483e-03
   5.759450281582223e-03   5.759450281582213e-03   5.759450281582257e-03

 Column 10:

   5.165803084021660e-03
   6.190809560712170e-03
   6.033004481809781e-03
   5.971799440708479e-03
   5.759450281582263e-03

ans = 4.186774670437150e-21
ans = -2.777362304223360e-21
ans = -2.778292882412482e-21
ans = -6.164253322321731e-21
ans = -6.165804285970268e-21
ans = -6.166321273853114e-21
ans = 6.167665442348513e-22
ans = -2.784806929736337e-21
ans = -6.162598961096625e-21
ans = -6.158980045916706e-21
nbcr = 10
lambda0 = 3.501084296647659
kmpl_prod = 0.180000000000000
 Time :      1.00000
 Time :      2.00000
 Time :      3.01000
 Time :      4.01000
 Time :      5.01000
 Time :      6.01000
 Time :      7.01000
 Time :      8.01000
 Time :      9.01000
 Time :     10.01000
 Time :     11.01000
 Time :     12.01000
 Time :     13.01000
 Time :     14.01000
 Time :     15.01000
 Time :     16.01000
 Time :     17.01000
 Time :     18.00000
 Time :     19.00000
 Time :     20.00000
 Time :     21.00000
 Time :     22.00000
 Time :     23.00000
 Time :     24.00000
 Time :     25.00000
 Time :     26.00000
 Time :     27.00000
 Time :     28.00000
 Time :     29.00000
 Time :     30.00000
 Time :     31.00000
 Time :     32.00000
 Time :     33.00000
 Time :     34.00000
 Time :     35.00000
dtime = 46.07997536659241
mbcr =

 Columns 1 through 4:

   0.100000000000000   0.271064464766398   0.268389502223895   0.243231240453514

 Columns 5 and 6:

   0.208308887172568   0.252105507507708

agsout =

 Columns 1 through 3:

   5.165803084021687e-03   5.165803084021710e-03   5.165803084021646e-03
   1.191256468819756e-04   6.190809560712164e-03   6.190809560712160e-03
   1.665922122126819e-04   6.033004481809769e-03   6.033004481809793e-03
   3.979208007681735e-04   5.971799440708458e-03   5.971799440708465e-03
   7.976849791718969e-04   5.759450281582164e-03   5.759450281582231e-03
   3.126102333562721e-04   5.978967539433577e-03   5.978967539433465e-03

 Columns 4 through 6:

   5.165803084021644e-03   5.165803084021664e-03   5.165803084021658e-03
   6.190809560712131e-03   6.190809560712181e-03   6.190809560712190e-03
   6.033004481809776e-03   6.033004481809779e-03   6.033004481809777e-03
   5.971799440708476e-03   5.971799440708464e-03   5.971799440708468e-03
   5.759450281582212e-03   5.759450281582205e-03   5.759450281582207e-03
   5.978967539433585e-03   5.978967539433466e-03   5.978967539433480e-03

 Columns 7 through 9:

   5.165803084021657e-03   5.165803084021666e-03   5.165803084021665e-03
   6.190809560712171e-03   6.190809560712176e-03   6.190809560712170e-03
   6.033004481809789e-03   6.033004481809792e-03   6.033004481809784e-03
   5.971799440708468e-03   5.971799440708489e-03   5.971799440708483e-03
   5.759450281582223e-03   5.759450281582213e-03   5.759450281582257e-03
   5.978967539433479e-03   5.978967539433498e-03   5.978967539433492e-03

 Column 10:

   5.165803084021660e-03
   6.190809560712170e-03
   6.033004481809781e-03
   5.971799440708479e-03
   5.759450281582263e-03
   5.978967539433497e-03

ans = 7.702705864093794e-21
ans = 6.021874859386041e-22
ans = 5.926749088942443e-22
ans = 6.011535101729129e-22
ans = 3.990939660415220e-21
ans = 6.102524969109962e-22
ans = -2.787598664303703e-21
ans = 3.998177490775059e-21
ans = 7.375969522135348e-21
ans = 3.984115420361658e-21
dkps =

 Columns 1 through 3:

   8.037232136921764e+00   1.608914436236691e+01   3.297609881929487e+01

 Columns 4 through 6:

   1.055250917646747e+01   9.119151405850886e+01   9.538332718282668e+00

nbcr = 15
lambda0 = 3.501084296647659
kmpl_prod = 0.180000000000000
 Time :      1.00000
 Time :      2.00000
 Time :      3.01000
 Time :      4.01000
 Time :      5.01000
 Time :      6.01000
 Time :      7.01000
 Time :      8.01000
 Time :      9.01000
 Time :     10.01000
 Time :     11.01000
 Time :     12.01000
 Time :     13.01000
 Time :     14.01000
 Time :     15.01000
 Time :     16.01000
 Time :     17.01000
 Time :     18.00000
 Time :     19.00000
 Time :     20.00000
 Time :     21.00000
 Time :     22.00000
 Time :     23.00000
 Time :     24.00000
 Time :     25.00000
 Time :     26.00000
 Time :     27.00000
 Time :     28.00000
 Time :     29.00000
 Time :     30.00000
 Time :     31.00000
 Time :     32.00000
 Time :     33.00000
 Time :     34.00000
 Time :     35.00000
dtime = 72.30389267206192
mbcr = 6.666666666666667e-02
agsout =

 Columns 1 through 3:

   4.664289824553062e-03   4.664289824553062e-03   4.664289824553099e-03

 Columns 4 through 6:

   4.664289824553137e-03   4.664289824553130e-03   4.664289824553107e-03

 Columns 7 through 9:

   4.664289824553147e-03   4.664289824553143e-03   4.664289824553102e-03

 Columns 10 through 12:

   4.664289824553108e-03   4.664289824553121e-03   4.664289824553106e-03

 Columns 13 through 15:

   4.664289824553102e-03   4.664289824553101e-03   4.664289824553102e-03

ans = 8.762944614233637e-22
ans = 7.275053487403878e-22
ans = -6.043174760159282e-21
ans = -9.428204621879409e-21
ans = -9.440612331067705e-21
ans = 7.186131571554428e-22
ans = -2.656076946907772e-21
ans = -6.048758229294015e-21
ans = -6.036143724952581e-21
ans = -2.652561429304421e-21
ans = -2.666003114258408e-21
ans = -2.655249766295219e-21
ans = -6.028492304286466e-21
ans = -6.052066951744227e-21
ans = -9.440198740761428e-21
nbcr = 15
lambda0 = 3.501084296647659
kmpl_prod = 0.180000000000000
 Time :      1.00000
 Time :      2.00000
 Time :      3.01000
 Time :      4.01000
 Time :      5.01000
 Time :      6.01000
 Time :      7.01000
 Time :      8.01000
 Time :      9.01000
 Time :     10.01000
 Time :     11.01000
 Time :     12.01000
 Time :     13.01000
 Time :     14.01000
 Time :     15.01000
 Time :     16.01000
 Time :     17.01000
 Time :     18.00000
 Time :     19.00000
 Time :     20.00000
 Time :     21.00000
 Time :     22.00000
 Time :     23.00000
 Time :     24.00000
 Time :     25.00000
 Time :     26.00000
 Time :     27.00000
 Time :     28.00000
 Time :     29.00000
 Time :     30.00000
 Time :     31.00000
 Time :     32.00000
 Time :     33.00000
 Time :     34.00000
 Time :     35.00000
dtime = 71.10875733196735
mbcr =

   6.666666666666667e-02   1.984132052172029e-01

agsout =

 Columns 1 through 3:

   4.664289824553062e-03   4.664289824553062e-03   4.664289824553099e-03
   3.716698309282448e-04   5.497177509854504e-03   5.497177509854454e-03

 Columns 4 through 6:

   4.664289824553137e-03   4.664289824553130e-03   4.664289824553107e-03
   5.497177509854470e-03   5.497177509854448e-03   5.497177509854444e-03

 Columns 7 through 9:

   4.664289824553147e-03   4.664289824553143e-03   4.664289824553102e-03
   5.497177509854439e-03   5.497177509854419e-03   5.497177509854440e-03

 Columns 10 through 12:

   4.664289824553108e-03   4.664289824553121e-03   4.664289824553106e-03
   5.497177509854438e-03   5.497177509854459e-03   5.497177509854463e-03

 Columns 13 through 15:

   4.664289824553102e-03   4.664289824553101e-03   4.664289824553102e-03
   5.497177509854448e-03   5.497177509854459e-03   5.497177509854450e-03

ans = -1.844612765993252e-21
ans = 1.899827071881166e-21
ans = 1.880595122639308e-21
ans = 5.273896790484966e-21
ans = 1.899827071881166e-21
ans = 1.872943701973193e-21
ans = 5.295610281564483e-21
ans = 8.664096531033550e-21
ans = 1.884110640242659e-21
ans = 8.649414075160734e-21
ans = -1.520978351331880e-21
ans = -1.495335752342736e-21
ans = 1.895070783358986e-21
ans = 8.657685881286264e-21
ans = 5.290853993042303e-21
nbcr = 15
lambda0 = 3.501084296647659
kmpl_prod = 0.180000000000000
 Time :      1.00000
 Time :      2.00000
 Time :      3.01000
 Time :      4.01000
 Time :      5.01000
 Time :      6.01000
 Time :      7.01000
 Time :      8.01000
 Time :      9.01000
 Time :     10.01000
 Time :     11.01000
 Time :     12.01000
 Time :     13.01000
 Time :     14.01000
 Time :     15.01000
 Time :     16.01000
 Time :     17.01000
 Time :     18.00000
 Time :     19.00000
 Time :     20.00000
 Time :     21.00000
 Time :     22.00000
 Time :     23.00000
 Time :     24.00000
 Time :     25.00000
 Time :     26.00000
 Time :     27.00000
 Time :     28.00000
 Time :     29.00000
 Time :     30.00000
 Time :     31.00000
 Time :     32.00000
 Time :     33.00000
 Time :     34.00000
 Time :     35.00000
dtime = 71.72629572451115
mbcr =

   6.666666666666667e-02   1.984132052172029e-01   2.115049458271312e-01

agsout =

 Columns 1 through 3:

   4.664289824553062e-03   4.664289824553062e-03   4.664289824553099e-03
   3.716698309282448e-04   5.497177509854504e-03   5.497177509854454e-03
   2.665387695764617e-04   5.513178444725678e-03   5.513178444725732e-03

 Columns 4 through 6:

   4.664289824553137e-03   4.664289824553130e-03   4.664289824553107e-03
   5.497177509854470e-03   5.497177509854448e-03   5.497177509854444e-03
   5.513178444725712e-03   5.513178444725703e-03   5.513178444725739e-03

 Columns 7 through 9:

   4.664289824553147e-03   4.664289824553143e-03   4.664289824553102e-03
   5.497177509854439e-03   5.497177509854419e-03   5.497177509854440e-03
   5.513178444725720e-03   5.513178444725714e-03   5.513178444725704e-03

 Columns 10 through 12:

   4.664289824553108e-03   4.664289824553121e-03   4.664289824553106e-03
   5.497177509854438e-03   5.497177509854459e-03   5.497177509854463e-03
   5.513178444725704e-03   5.513178444725707e-03   5.513178444725721e-03

 Columns 13 through 15:

   4.664289824553102e-03   4.664289824553101e-03   4.664289824553102e-03
   5.497177509854448e-03   5.497177509854459e-03   5.497177509854450e-03
   5.513178444725698e-03   5.513178444725693e-03   5.513178444725693e-03

ans = 4.532949756790592e-21
ans = -7.374108365757103e-21
ans = -6.253485430900889e-22
ans = -3.998384285928198e-21
ans = -6.361018910532783e-22
ans = -7.391685953773855e-21
ans = -3.992594021640326e-21
ans = -4.002726984144101e-21
ans = -3.988251323424423e-21
ans = -6.015671004791894e-22
ans = -3.989698889496391e-21
ans = -6.119068581361022e-22
ans = -6.009467150197746e-22
ans = -6.007399198666363e-22
ans = -6.038418471637102e-22
nbcr = 15
lambda0 = 3.501084296647659
kmpl_prod = 0.180000000000000
 Time :      1.00000
 Time :      2.00000
 Time :      3.01000
 Time :      4.01000
 Time :      5.01000
 Time :      6.01000
 Time :      7.01000
 Time :      8.01000
 Time :      9.01000
 Time :     10.01000
 Time :     11.01000
 Time :     12.01000
 Time :     13.01000
 Time :     14.01000
 Time :     15.01000
 Time :     16.01000
 Time :     17.01000
 Time :     18.00000
 Time :     19.00000
 Time :     20.00000
 Time :     21.00000
 Time :     22.00000
 Time :     23.00000
 Time :     24.00000
 Time :     25.00000
 Time :     26.00000
 Time :     27.00000
 Time :     28.00000
 Time :     29.00000
 Time :     30.00000
 Time :     31.00000
 Time :     32.00000
 Time :     33.00000
 Time :     34.00000
 Time :     35.00000
dtime = 71.64763994514942
mbcr =

 Columns 1 through 3:

   6.666666666666667e-02   1.984132052172029e-01   2.115049458271312e-01

 Column 4:

   1.966853383484756e-01

agsout =

 Columns 1 through 3:

   4.664289824553062e-03   4.664289824553062e-03   4.664289824553099e-03
   3.716698309282448e-04   5.497177509854504e-03   5.497177509854454e-03
   2.665387695764617e-04   5.513178444725678e-03   5.513178444725732e-03
   3.995722669021744e-04   5.429568185295167e-03   5.429568185295192e-03

 Columns 4 through 6:

   4.664289824553137e-03   4.664289824553130e-03   4.664289824553107e-03
   5.497177509854470e-03   5.497177509854448e-03   5.497177509854444e-03
   5.513178444725712e-03   5.513178444725703e-03   5.513178444725739e-03
   5.429568185295181e-03   5.429568185295179e-03   5.429568185295186e-03

 Columns 7 through 9:

   4.664289824553147e-03   4.664289824553143e-03   4.664289824553102e-03
   5.497177509854439e-03   5.497177509854419e-03   5.497177509854440e-03
   5.513178444725720e-03   5.513178444725714e-03   5.513178444725704e-03
   5.429568185295155e-03   5.429568185295193e-03   5.429568185295132e-03

 Columns 10 through 12:

   4.664289824553108e-03   4.664289824553121e-03   4.664289824553106e-03
   5.497177509854438e-03   5.497177509854459e-03   5.497177509854463e-03
   5.513178444725704e-03   5.513178444725707e-03   5.513178444725721e-03
   5.429568185295163e-03   5.429568185295161e-03   5.429568185295173e-03

 Columns 13 through 15:

   4.664289824553102e-03   4.664289824553101e-03   4.664289824553102e-03
   5.497177509854448e-03   5.497177509854459e-03   5.497177509854450e-03
   5.513178444725698e-03   5.513178444725693e-03   5.513178444725693e-03
   5.429568185295193e-03   5.429568185295131e-03   5.429568185295128e-03

ans = 8.156000839772853e-21
ans = -6.609173094298691e-22
ans = -6.650532124926343e-22
ans = 2.734452309947171e-21
ans = 1.290505153159292e-20
ans = 6.090324055074805e-21
ans = 2.721837805605738e-21
ans = -6.648464173394960e-22
ans = 2.723078576524567e-21
ans = 6.123204484423787e-21
ans = 2.713359204327069e-21
ans = 2.726180503821641e-21
ans = 2.699297133913668e-21
ans = -6.559542257545509e-22
ans = 6.128787953558520e-21
nbcr = 15
lambda0 = 3.501084296647659
kmpl_prod = 0.180000000000000
 Time :      1.00000
 Time :      2.00000
 Time :      3.01000
 Time :      4.01000
 Time :      5.01000
 Time :      6.01000
 Time :      7.01000
 Time :      8.01000
 Time :      9.01000
 Time :     10.01000
 Time :     11.01000
 Time :     12.01000
 Time :     13.01000
 Time :     14.01000
 Time :     15.01000
 Time :     16.01000
 Time :     17.01000
 Time :     18.00000
 Time :     19.00000
 Time :     20.00000
 Time :     21.00000
 Time :     22.00000
 Time :     23.00000
 Time :     24.00000
 Time :     25.00000
 Time :     26.00000
 Time :     27.00000
 Time :     28.00000
 Time :     29.00000
 Time :     30.00000
 Time :     31.00000
 Time :     32.00000
 Time :     33.00000
 Time :     34.00000
 Time :     35.00000
dtime = 71.08968682587147
mbcr =

 Columns 1 through 3:

   6.666666666666667e-02   1.984132052172029e-01   2.115049458271312e-01

 Columns 4 and 5:

   1.966853383484756e-01   2.126437910656826e-01

agsout =

 Columns 1 through 3:

   4.664289824553062e-03   4.664289824553062e-03   4.664289824553099e-03
   3.716698309282448e-04   5.497177509854504e-03   5.497177509854454e-03
   2.665387695764617e-04   5.513178444725678e-03   5.513178444725732e-03
   3.995722669021744e-04   5.429568185295167e-03   5.429568185295192e-03
   2.840480156316586e-04   5.478184498444373e-03   5.478184498444313e-03

 Columns 4 through 6:

   4.664289824553137e-03   4.664289824553130e-03   4.664289824553107e-03
   5.497177509854470e-03   5.497177509854448e-03   5.497177509854444e-03
   5.513178444725712e-03   5.513178444725703e-03   5.513178444725739e-03
   5.429568185295181e-03   5.429568185295179e-03   5.429568185295186e-03
   5.478184498444347e-03   5.478184498444337e-03   5.478184498444319e-03

 Columns 7 through 9:

   4.664289824553147e-03   4.664289824553143e-03   4.664289824553102e-03
   5.497177509854439e-03   5.497177509854419e-03   5.497177509854440e-03
   5.513178444725720e-03   5.513178444725714e-03   5.513178444725704e-03
   5.429568185295155e-03   5.429568185295193e-03   5.429568185295132e-03
   5.478184498444338e-03   5.478184498444381e-03   5.478184498444362e-03

 Columns 10 through 12:

   4.664289824553108e-03   4.664289824553121e-03   4.664289824553106e-03
   5.497177509854438e-03   5.497177509854459e-03   5.497177509854463e-03
   5.513178444725704e-03   5.513178444725707e-03   5.513178444725721e-03
   5.429568185295163e-03   5.429568185295161e-03   5.429568185295173e-03
   5.478184498444331e-03   5.478184498444328e-03   5.478184498444334e-03

 Columns 13 through 15:

   4.664289824553102e-03   4.664289824553101e-03   4.664289824553102e-03
   5.497177509854448e-03   5.497177509854459e-03   5.497177509854450e-03
   5.513178444725698e-03   5.513178444725693e-03   5.513178444725693e-03
   5.429568185295193e-03   5.429568185295131e-03   5.429568185295128e-03
   5.478184498444344e-03   5.478184498444343e-03   5.478184498444343e-03

ans = 2.799179192879446e-21
ans = 1.181834300185138e-20
ans = 8.448615981463486e-21
ans = 1.181317312302293e-20
ans = 8.490181807244276e-21
ans = 1.184626034752505e-20
ans = 8.440757765644233e-21
ans = 1.188182911386483e-20
ans = 5.052005591167617e-21
ans = 1.187727962049579e-20
ans = 1.667182524600627e-21
ans = 5.081990888372664e-21
ans = 1.184439919114680e-20
ans = 5.070410359796921e-21
ans = 8.466193569480238e-21
nbcr = 15
lambda0 = 3.501084296647659
kmpl_prod = 0.180000000000000
 Time :      1.00000
 Time :      2.00000
 Time :      3.01000
 Time :      4.01000
 Time :      5.01000
 Time :      6.01000
 Time :      7.01000
 Time :      8.01000
 Time :      9.01000
 Time :     10.01000
 Time :     11.01000
 Time :     12.01000
 Time :     13.01000
 Time :     14.01000
 Time :     15.01000
 Time :     16.01000
 Time :     17.01000
 Time :     18.00000
 Time :     19.00000
 Time :     20.00000
 Time :     21.00000
 Time :     22.00000
 Time :     23.00000
 Time :     24.00000
 Time :     25.00000
 Time :     26.00000
 Time :     27.00000
 Time :     28.00000
 Time :     29.00000
 Time :     30.00000
 Time :     31.00000
 Time :     32.00000
 Time :     33.00000
 Time :     34.00000
 Time :     35.00000
dtime = 66.19824282824993
mbcr =

 Columns 1 through 3:

   6.666666666666667e-02   1.984132052172029e-01   2.115049458271312e-01

 Columns 4 through 6:

   1.966853383484756e-01   2.126437910656826e-01   1.595254996568266e-01

agsout =

 Columns 1 through 3:

   4.664289824553062e-03   4.664289824553062e-03   4.664289824553099e-03
   3.716698309282448e-04   5.497177509854504e-03   5.497177509854454e-03
   2.665387695764617e-04   5.513178444725678e-03   5.513178444725732e-03
   3.995722669021744e-04   5.429568185295167e-03   5.429568185295192e-03
   2.840480156316586e-04   5.478184498444373e-03   5.478184498444313e-03
   8.469476461433294e-04   5.200874042244650e-03   5.200874042244622e-03

 Columns 4 through 6:

   4.664289824553137e-03   4.664289824553130e-03   4.664289824553107e-03
   5.497177509854470e-03   5.497177509854448e-03   5.497177509854444e-03
   5.513178444725712e-03   5.513178444725703e-03   5.513178444725739e-03
   5.429568185295181e-03   5.429568185295179e-03   5.429568185295186e-03
   5.478184498444347e-03   5.478184498444337e-03   5.478184498444319e-03
   5.200874042244617e-03   5.200874042244611e-03   5.200874042244594e-03

 Columns 7 through 9:

   4.664289824553147e-03   4.664289824553143e-03   4.664289824553102e-03
   5.497177509854439e-03   5.497177509854419e-03   5.497177509854440e-03
   5.513178444725720e-03   5.513178444725714e-03   5.513178444725704e-03
   5.429568185295155e-03   5.429568185295193e-03   5.429568185295132e-03
   5.478184498444338e-03   5.478184498444381e-03   5.478184498444362e-03
   5.200874042244651e-03   5.200874042244656e-03   5.200874042244651e-03

 Columns 10 through 12:

   4.664289824553108e-03   4.664289824553121e-03   4.664289824553106e-03
   5.497177509854438e-03   5.497177509854459e-03   5.497177509854463e-03
   5.513178444725704e-03   5.513178444725707e-03   5.513178444725721e-03
   5.429568185295163e-03   5.429568185295161e-03   5.429568185295173e-03
   5.478184498444331e-03   5.478184498444328e-03   5.478184498444334e-03
   5.200874042244630e-03   5.200874042244600e-03   5.200874042244618e-03

 Columns 13 through 15:

   4.664289824553102e-03   4.664289824553101e-03   4.664289824553102e-03
   5.497177509854448e-03   5.497177509854459e-03   5.497177509854450e-03
   5.513178444725698e-03   5.513178444725693e-03   5.513178444725693e-03
   5.429568185295193e-03   5.429568185295131e-03   5.429568185295128e-03
   5.478184498444344e-03   5.478184498444343e-03   5.478184498444343e-03
   5.200874042244669e-03   5.200874042244612e-03   5.200874042244607e-03

ans = 1.396694464295787e-21
ans = -2.882724434747301e-21
ans = 3.904912876709705e-21
ans = -9.654024929106386e-21
ans = 3.923731235645287e-21
ans = 5.229849422866517e-22
ans = -2.862458509739752e-21
ans = -2.859976967902093e-21
ans = -2.870730315865283e-21
ans = -6.257207743657378e-21
ans = -2.868869159487038e-21
ans = 5.366334223937767e-22
ans = -2.872591472243527e-21
ans = -2.877554555918845e-21
ans = -2.877761351071983e-21
