warning: function /home/surgeon/flu/amcode/perelson21/1d2agt/4paper/2submit/run.m shadows a core library function
warning: called from
    driver at line 1 column 1

lambda0 = 3.501084296647659
kmpl_prod = 0.180000000000000
dkps =

 Columns 1 through 3:

   1.051391574947162e+01   1.539020742977483e+01   9.233814714292626e+00

 Columns 4 through 6:

   1.253821005973121e+01   3.198276391386257e-01   2.203367252485294e+00

nbcr = 2
lambda0 = 3.501084296647659
kmpl_prod = 0.180000000000000
 Time :      1.00000
 Time :      2.00000
 Time :      3.01000
 Time :      4.01000
 Time :      5.01000
 Time :      6.01000
 Time :      7.01000
 Time :      8.01000
 Time :      9.01000
 Time :     10.01000
 Time :     11.01000
 Time :     12.01000
 Time :     13.01000
 Time :     14.01000
 Time :     15.01000
 Time :     16.01000
 Time :     17.01000
 Time :     18.00000
 Time :     19.00000
 Time :     20.00000
 Time :     21.00000
 Time :     22.00000
 Time :     23.00000
 Time :     24.00000
 Time :     25.00000
 Time :     26.00000
 Time :     27.00000
 Time :     28.00000
 Time :     29.00000
 Time :     30.00000
 Time :     31.00000
 Time :     32.00000
 Time :     33.00000
 Time :     34.00000
 Time :     35.00000
dtime = 5.068731307983398
mbcr = 1.571002165138252e-04
agsout =

   1.836434324935496e-02   1.836434324935494e-02

ans = -5.812668745373037e-21
ans = 1.078619284962140e-21
nbcr = 2
lambda0 = 3.501084296647659
kmpl_prod = 0.180000000000000
 Time :      1.00000
 Time :      2.00000
 Time :      3.01000
 Time :      4.01000
 Time :      5.01000
 Time :      6.01000
 Time :      7.01000
 Time :      8.01000
 Time :      9.01000
 Time :     10.01000
 Time :     11.01000
 Time :     12.01000
 Time :     13.01000
 Time :     14.01000
 Time :     15.01000
 Time :     16.01000
 Time :     17.01000
 Time :     18.00000
 Time :     19.00000
 Time :     20.00000
 Time :     21.00000
 Time :     22.00000
 Time :     23.00000
 Time :     24.00000
 Time :     25.00000
 Time :     26.00000
 Time :     27.00000
 Time :     28.00000
 Time :     29.00000
 Time :     30.00000
 Time :     31.00000
 Time :     32.00000
 Time :     33.00000
 Time :     34.00000
 Time :     35.00000
dtime = 5.017464235424995
mbcr =

   1.571002165138252e-04   1.312776613340189e-04

agsout =

   1.836434324935496e-02   1.836434324935494e-02
   1.850880273076946e-02   1.850880273076954e-02

ans = 2.120390258574456e-21
ans = 5.070168021726837e-21
nbcr = 2
lambda0 = 3.501084296647659
kmpl_prod = 0.180000000000000
 Time :      1.00000
 Time :      2.00000
 Time :      3.01000
 Time :      4.01000
 Time :      5.01000
 Time :      6.01000
 Time :      7.01000
 Time :      8.01000
 Time :      9.01000
 Time :     10.01000
 Time :     11.01000
 Time :     12.01000
 Time :     13.01000
 Time :     14.01000
 Time :     15.01000
 Time :     16.01000
 Time :     17.01000
 Time :     18.00000
 Time :     19.00000
 Time :     20.00000
 Time :     21.00000
 Time :     22.00000
 Time :     23.00000
 Time :     24.00000
 Time :     25.00000
 Time :     26.00000
 Time :     27.00000
 Time :     28.00000
 Time :     29.00000
 Time :     30.00000
 Time :     31.00000
 Time :     32.00000
 Time :     33.00000
 Time :     34.00000
 Time :     35.00000
dtime = 5.113239213824272
mbcr =

   1.571002165138252e-04   1.312776613340189e-04   4.741122254166882e-04

agsout =

   1.836434324935496e-02   1.836434324935494e-02
   1.850880273076946e-02   1.850880273076954e-02
   1.850005365747182e-02   1.850005365747174e-02

ans = 2.899733336092923e-21
ans = 6.652521720481731e-21
nbcr = 2
lambda0 = 3.501084296647659
kmpl_prod = 0.180000000000000
 Time :      1.00000
 Time :      2.00000
 Time :      3.01000
 Time :      4.01000
 Time :      5.01000
 Time :      6.01000
 Time :      7.01000
 Time :      8.01000
 Time :      9.01000
 Time :     10.01000
 Time :     11.01000
 Time :     12.01000
 Time :     13.01000
 Time :     14.01000
 Time :     15.01000
 Time :     16.01000
 Time :     17.01000
 Time :     18.00000
 Time :     19.00000
 Time :     20.00000
 Time :     21.00000
 Time :     22.00000
 Time :     23.00000
 Time :     24.00000
 Time :     25.00000
 Time :     26.00000
 Time :     27.00000
 Time :     28.00000
 Time :     29.00000
 Time :     30.00000
 Time :     31.00000
 Time :     32.00000
 Time :     33.00000
 Time :     34.00000
 Time :     35.00000
dtime = 5.048333108425140
mbcr =

 Columns 1 through 3:

   1.571002165138252e-04   1.312776613340189e-04   4.741122254166882e-04

 Column 4:

   1.521902515931639e-02

agsout =

   1.836434324935496e-02   1.836434324935494e-02
   1.850880273076946e-02   1.850880273076954e-02
   1.850005365747182e-02   1.850005365747174e-02
   1.812357362410246e-02   1.812357362410246e-02

ans = -3.455960599246550e-21
ans = 5.805687490444900e-21
nbcr = 2
lambda0 = 3.501084296647659
kmpl_prod = 0.180000000000000
 Time :      1.00000
 Time :      2.00000
 Time :      3.01000
 Time :      4.01000
 Time :      5.01000
 Time :      6.01000
 Time :      7.01000
 Time :      8.01000
 Time :      9.01000
 Time :     10.01000
 Time :     11.01000
 Time :     12.01000
 Time :     13.01000
 Time :     14.01000
 Time :     15.01000
 Time :     16.01000
 Time :     17.01000
 Time :     18.00000
 Time :     19.00000
 Time :     20.00000
 Time :     21.00000
 Time :     22.00000
 Time :     23.00000
 Time :     24.00000
 Time :     25.00000
 Time :     26.00000
 Time :     27.00000
 Time :     28.00000
 Time :     29.00000
 Time :     30.00000
 Time :     31.00000
 Time :     32.00000
 Time :     33.00000
 Time :     34.00000
 Time :     35.00000
dtime = 4.988778010010719
mbcr =

 Columns 1 through 3:

   1.571002165138252e-04   1.312776613340189e-04   4.741122254166882e-04

 Columns 4 and 5:

   1.521902515931639e-02   1.762040247281649e-02

agsout =

   1.836434324935496e-02   1.836434324935494e-02
   1.850880273076946e-02   1.850880273076954e-02
   1.850005365747182e-02   1.850005365747174e-02
   1.812357362410246e-02   1.812357362410246e-02
   1.806200068281957e-02   1.806200068281956e-02

ans = 5.019331956971772e-21
ans = 3.511264570220395e-21
nbcr = 2
lambda0 = 3.501084296647659
kmpl_prod = 0.180000000000000
 Time :      1.00000
 Time :      2.00000
 Time :      3.01000
 Time :      4.01000
 Time :      5.01000
 Time :      6.01000
 Time :      7.01000
 Time :      8.01000
 Time :      9.01000
 Time :     10.01000
 Time :     11.01000
 Time :     12.01000
 Time :     13.01000
 Time :     14.01000
 Time :     15.01000
 Time :     16.01000
 Time :     17.01000
 Time :     18.00000
 Time :     19.00000
 Time :     20.00000
 Time :     21.00000
 Time :     22.00000
 Time :     23.00000
 Time :     24.00000
 Time :     25.00000
 Time :     26.00000
 Time :     27.00000
 Time :     28.00000
 Time :     29.00000
 Time :     30.00000
 Time :     31.00000
 Time :     32.00000
 Time :     33.00000
 Time :     34.00000
 Time :     35.00000
dtime = 5.031193792819977
mbcr =

 Columns 1 through 3:

   1.571002165138252e-04   1.312776613340189e-04   4.741122254166882e-04

 Columns 4 through 6:

   1.521902515931639e-02   1.762040247281649e-02   2.836970801666392e-01

agsout =

   1.836434324935496e-02   1.836434324935494e-02
   1.850880273076946e-02   1.850880273076954e-02
   1.850005365747182e-02   1.850005365747174e-02
   1.812357362410246e-02   1.812357362410246e-02
   1.806200068281957e-02   1.806200068281956e-02
   7.776131312993039e-03   7.776131312993056e-03

ans = 1.252020575160263e-20
ans = 4.839260230615233e-21
dkps =

 Columns 1 through 3:

   2.226968648589264e+01   1.141200992240447e+00   3.827910128574069e+00

 Columns 4 through 6:

   6.287153486019022e+00   4.861251817635263e+00   6.350056070205844e-01

nbcr = 3
lambda0 = 3.501084296647659
kmpl_prod = 0.180000000000000
 Time :      1.00000
 Time :      2.00000
 Time :      3.01000
 Time :      4.01000
 Time :      5.01000
 Time :      6.01000
 Time :      7.01000
 Time :      8.01000
 Time :      9.01000
 Time :     10.01000
 Time :     11.01000
 Time :     12.01000
 Time :     13.01000
 Time :     14.01000
 Time :     15.01000
 Time :     16.01000
 Time :     17.01000
 Time :     18.00000
 Time :     19.00000
 Time :     20.00000
 Time :     21.00000
 Time :     22.00000
 Time :     23.00000
 Time :     24.00000
 Time :     25.00000
 Time :     26.00000
 Time :     27.00000
 Time :     28.00000
 Time :     29.00000
 Time :     30.00000
 Time :     31.00000
 Time :     32.00000
 Time :     33.00000
 Time :     34.00000
 Time :     35.00000
dtime = 12.02361211180687
mbcr = 1.003998599568629e-04
agsout =

   1.071404485318486e-02   1.071404485318483e-02   1.071404485318485e-02

ans = -5.851850570389377e-21
ans = 8.388580763568036e-22
ans = 8.388322269626613e-22
nbcr = 3
lambda0 = 3.501084296647659
kmpl_prod = 0.180000000000000
 Time :      1.00000
 Time :      2.00000
 Time :      3.01000
 Time :      4.01000
 Time :      5.01000
 Time :      6.01000
 Time :      7.01000
 Time :      8.01000
 Time :      9.01000
 Time :     10.01000
 Time :     11.01000
 Time :     12.01000
 Time :     13.01000
 Time :     14.01000
 Time :     15.01000
 Time :     16.01000
 Time :     17.01000
 Time :     18.00000
 Time :     19.00000
 Time :     20.00000
 Time :     21.00000
 Time :     22.00000
 Time :     23.00000
 Time :     24.00000
 Time :     25.00000
 Time :     26.00000
 Time :     27.00000
 Time :     28.00000
 Time :     29.00000
 Time :     30.00000
 Time :     31.00000
 Time :     32.00000
 Time :     33.00000
 Time :     34.00000
 Time :     35.00000
dtime = 11.83350048959255
mbcr =

   1.003998599568629e-04   7.856147977970707e-05

agsout =

   1.071404485318486e-02   1.071404485318483e-02   1.071404485318485e-02
   1.078951383207756e-02   1.078951383207752e-02   1.078951383207755e-02

ans = 5.634754332711225e-21
ans = 6.989217349327058e-21
ans = 6.989850659483544e-21
nbcr = 3
lambda0 = 3.501084296647659
kmpl_prod = 0.180000000000000
 Time :      1.00000
 Time :      2.00000
 Time :      3.01000
 Time :      4.01000
 Time :      5.01000
 Time :      6.01000
 Time :      7.01000
 Time :      8.01000
 Time :      9.01000
 Time :     10.01000
 Time :     11.01000
 Time :     12.01000
 Time :     13.01000
 Time :     14.01000
 Time :     15.01000
 Time :     16.01000
 Time :     17.01000
 Time :     18.00000
 Time :     19.00000
 Time :     20.00000
 Time :     21.00000
 Time :     22.00000
 Time :     23.00000
 Time :     24.00000
 Time :     25.00000
 Time :     26.00000
 Time :     27.00000
 Time :     28.00000
 Time :     29.00000
 Time :     30.00000
 Time :     31.00000
 Time :     32.00000
 Time :     33.00000
 Time :     34.00000
 Time :     35.00000
dtime = 11.98736205697060
mbcr =

   1.003998599568629e-04   7.856147977970707e-05   6.881258308452442e-04

agsout =

   1.071404485318486e-02   1.071404485318483e-02   1.071404485318485e-02
   1.078951383207756e-02   1.078951383207752e-02   1.078951383207755e-02
   1.077776736006963e-02   1.077776736006968e-02   1.077776736006970e-02

ans = 1.119009932661736e-20
ans = 1.526119149591926e-20
ans = 1.187189002181712e-20
nbcr = 3
lambda0 = 3.501084296647659
kmpl_prod = 0.180000000000000
 Time :      1.00000
 Time :      2.00000
 Time :      3.01000
 Time :      4.01000
 Time :      5.01000
 Time :      6.01000
 Time :      7.01000
 Time :      8.01000
 Time :      9.01000
 Time :     10.01000
 Time :     11.01000
 Time :     12.01000
 Time :     13.01000
 Time :     14.01000
 Time :     15.01000
 Time :     16.01000
 Time :     17.01000
 Time :     18.00000
 Time :     19.00000
 Time :     20.00000
 Time :     21.00000
 Time :     22.00000
 Time :     23.00000
 Time :     24.00000
 Time :     25.00000
 Time :     26.00000
 Time :     27.00000
 Time :     28.00000
 Time :     29.00000
 Time :     30.00000
 Time :     31.00000
 Time :     32.00000
 Time :     33.00000
 Time :     34.00000
 Time :     35.00000
dtime = 11.72958835959435
mbcr =

 Columns 1 through 3:

   1.003998599568629e-04   7.856147977970707e-05   6.881258308452442e-04

 Column 4:

   9.588110257306839e-02

agsout =

   1.071404485318486e-02   1.071404485318483e-02   1.071404485318485e-02
   1.078951383207756e-02   1.078951383207752e-02   1.078951383207755e-02
   1.077776736006963e-02   1.077776736006968e-02   1.077776736006970e-02
   8.731712147101871e-03   8.731712147101842e-03   8.731712147101878e-03

ans = -3.639594695233322e-21
ans = 1.857059249272761e-21
ans = 5.245275048820924e-21
nbcr = 3
lambda0 = 3.501084296647659
kmpl_prod = 0.180000000000000
 Time :      1.00000
 Time :      2.00000
 Time :      3.01000
 Time :      4.01000
 Time :      5.01000
 Time :      6.01000
 Time :      7.01000
 Time :      8.01000
 Time :      9.01000
 Time :     10.01000
 Time :     11.01000
 Time :     12.01000
 Time :     13.01000
 Time :     14.01000
 Time :     15.01000
 Time :     16.01000
 Time :     17.01000
 Time :     18.00000
 Time :     19.00000
 Time :     20.00000
 Time :     21.00000
 Time :     22.00000
 Time :     23.00000
 Time :     24.00000
 Time :     25.00000
 Time :     26.00000
 Time :     27.00000
 Time :     28.00000
 Time :     29.00000
 Time :     30.00000
 Time :     31.00000
 Time :     32.00000
 Time :     33.00000
 Time :     34.00000
 Time :     35.00000
dtime = 11.75467371940613
mbcr =

 Columns 1 through 3:

   1.003998599568629e-04   7.856147977970707e-05   6.881258308452442e-04

 Columns 4 and 5:

   9.588110257306839e-02   6.538254707614455e-02

agsout =

   1.071404485318486e-02   1.071404485318483e-02   1.071404485318485e-02
   1.078951383207756e-02   1.078951383207752e-02   1.078951383207755e-02
   1.077776736006963e-02   1.077776736006968e-02   1.077776736006970e-02
   8.731712147101871e-03   8.731712147101842e-03   8.731712147101878e-03
   9.448102341251569e-03   9.448102341251598e-03   9.448102341251577e-03

ans = -2.488159282559507e-21
ans = 7.719882786501340e-21
ans = 1.110780131801687e-20
nbcr = 3
lambda0 = 3.501084296647659
kmpl_prod = 0.180000000000000
 Time :      1.00000
 Time :      2.00000
 Time :      3.01000
 Time :      4.01000
 Time :      5.01000
 Time :      6.01000
 Time :      7.01000
 Time :      8.01000
 Time :      9.01000
 Time :     10.01000
 Time :     11.01000
 Time :     12.01000
 Time :     13.01000
 Time :     14.01000
 Time :     15.01000
 Time :     16.01000
 Time :     17.01000
 Time :     18.00000
 Time :     19.00000
 Time :     20.00000
 Time :     21.00000
 Time :     22.00000
 Time :     23.00000
 Time :     24.00000
 Time :     25.00000
 Time :     26.00000
 Time :     27.00000
 Time :     28.00000
 Time :     29.00000
 Time :     30.00000
 Time :     31.00000
 Time :     32.00000
 Time :     33.00000
 Time :     34.00000
 Time :     35.00000
dtime = 11.80379837751389
mbcr =

 Columns 1 through 3:

   1.003998599568629e-04   7.856147977970707e-05   6.881258308452442e-04

 Columns 4 through 6:

   9.588110257306839e-02   6.538254707614455e-02   6.615442401595589e-02

agsout =

   1.071404485318486e-02   1.071404485318483e-02   1.071404485318485e-02
   1.078951383207756e-02   1.078951383207752e-02   1.078951383207755e-02
   1.077776736006963e-02   1.077776736006968e-02   1.077776736006970e-02
   8.731712147101871e-03   8.731712147101842e-03   8.731712147101878e-03
   9.448102341251569e-03   9.448102341251598e-03   9.448102341251577e-03
   9.429516569666778e-03   9.429516569666847e-03   9.429516569666842e-03

ans = 1.074011307338851e-20
ans = 1.225353047693377e-20
ans = 1.225227031896934e-20
dkps =

 Columns 1 through 3:

   1.118278159400614e+00   6.630545724137793e-01   9.727701647802009e+00

 Columns 4 through 6:

   3.776136347414406e+01   1.891691026869590e+01   3.311050131320448e+02

nbcr = 4
lambda0 = 3.501084296647659
kmpl_prod = 0.180000000000000
 Time :      1.00000
 Time :      2.00000
 Time :      3.01000
 Time :      4.01000
 Time :      5.01000
 Time :      6.01000
 Time :      7.01000
 Time :      8.01000
 Time :      9.01000
 Time :     10.01000
 Time :     11.01000
 Time :     12.01000
 Time :     13.01000
 Time :     14.01000
 Time :     15.01000
 Time :     16.01000
 Time :     17.01000
 Time :     18.00000
 Time :     19.00000
 Time :     20.00000
 Time :     21.00000
 Time :     22.00000
 Time :     23.00000
 Time :     24.00000
 Time :     25.00000
 Time :     26.00000
 Time :     27.00000
 Time :     28.00000
 Time :     29.00000
 Time :     30.00000
 Time :     31.00000
 Time :     32.00000
 Time :     33.00000
 Time :     34.00000
 Time :     35.00000
dtime = 17.77217276394367
mbcr = 8.208159070119471e-05
agsout =

 Columns 1 through 3:

   8.291090270728722e-03   8.291090270728749e-03   8.291090270728751e-03

 Column 4:

   8.291090270728753e-03

ans = -2.385928008439755e-21
ans = -6.202639672623020e-21
ans = -2.814585431788246e-21
ans = 3.960850965633604e-21
nbcr = 4
lambda0 = 3.501084296647659
kmpl_prod = 0.180000000000000
 Time :      1.00000
 Time :      2.00000
 Time :      3.01000
 Time :      4.01000
 Time :      5.01000
 Time :      6.01000
 Time :      7.01000
 Time :      8.01000
 Time :      9.01000
 Time :     10.01000
 Time :     11.01000
 Time :     12.01000
 Time :     13.01000
 Time :     14.01000
 Time :     15.01000
 Time :     16.01000
 Time :     17.01000
 Time :     18.00000
 Time :     19.00000
 Time :     20.00000
 Time :     21.00000
 Time :     22.00000
 Time :     23.00000
 Time :     24.00000
 Time :     25.00000
 Time :     26.00000
 Time :     27.00000
 Time :     28.00000
 Time :     29.00000
 Time :     30.00000
 Time :     31.00000
 Time :     32.00000
 Time :     33.00000
 Time :     34.00000
 Time :     35.00000
dtime = 17.99546666443348
mbcr =

   8.208159070119471e-05   1.091924053215646e-04

agsout =

 Columns 1 through 3:

   8.291090270728722e-03   8.291090270728749e-03   8.291090270728751e-03
   8.341399620125263e-03   8.341399620125357e-03   8.341399620125320e-03

 Column 4:

   8.291090270728753e-03
   8.341399620125315e-03

ans = 2.072914615057887e-21
ans = 2.301319861699092e-21
ans = -4.476106939071713e-21
ans = -1.084873222757438e-21
nbcr = 4
lambda0 = 3.501084296647659
kmpl_prod = 0.180000000000000
 Time :      1.00000
 Time :      2.00000
 Time :      3.01000
 Time :      4.01000
 Time :      5.01000
 Time :      6.01000
 Time :      7.01000
 Time :      8.01000
 Time :      9.01000
 Time :     10.01000
 Time :     11.01000
 Time :     12.01000
 Time :     13.01000
 Time :     14.01000
 Time :     15.01000
 Time :     16.01000
 Time :     17.01000
 Time :     18.00000
 Time :     19.00000
 Time :     20.00000
 Time :     21.00000
 Time :     22.00000
 Time :     23.00000
 Time :     24.00000
 Time :     25.00000
 Time :     26.00000
 Time :     27.00000
 Time :     28.00000
 Time :     29.00000
 Time :     30.00000
 Time :     31.00000
 Time :     32.00000
 Time :     33.00000
 Time :     34.00000
 Time :     35.00000
dtime = 17.97382123768330
mbcr =

   8.208159070119471e-05   1.091924053215646e-04   1.247272799115199e-01

agsout =

 Columns 1 through 3:

   8.291090270728722e-03   8.291090270728749e-03   8.291090270728751e-03
   8.341399620125263e-03   8.341399620125357e-03   8.341399620125320e-03
   5.845840486466244e-03   5.845840486466227e-03   5.845840486466186e-03

 Column 4:

   8.291090270728753e-03
   8.341399620125315e-03
   5.845840486466208e-03

ans = -1.005851624864482e-21
ans = -3.257127059504116e-21
ans = 3.521023524302674e-21
ans = -3.257023661927546e-21
nbcr = 4
lambda0 = 3.501084296647659
kmpl_prod = 0.180000000000000
 Time :      1.00000
 Time :      2.00000
 Time :      3.01000
 Time :      4.01000
 Time :      5.01000
 Time :      6.01000
 Time :      7.01000
 Time :      8.01000
 Time :      9.01000
 Time :     10.01000
 Time :     11.01000
 Time :     12.01000
 Time :     13.01000
 Time :     14.01000
 Time :     15.01000
 Time :     16.01000
 Time :     17.01000
 Time :     18.00000
 Time :     19.00000
 Time :     20.00000
 Time :     21.00000
 Time :     22.00000
 Time :     23.00000
 Time :     24.00000
 Time :     25.00000
 Time :     26.00000
 Time :     27.00000
 Time :     28.00000
 Time :     29.00000
 Time :     30.00000
 Time :     31.00000
 Time :     32.00000
 Time :     33.00000
 Time :     34.00000
 Time :     35.00000
dtime = 17.82256476581097
mbcr =

 Columns 1 through 3:

   8.208159070119471e-05   1.091924053215646e-04   1.247272799115199e-01

 Column 4:

   5.248794990687798e-02

agsout =

 Columns 1 through 3:

   8.291090270728722e-03   8.291090270728749e-03   8.291090270728751e-03
   8.341399620125263e-03   8.341399620125357e-03   8.341399620125320e-03
   5.845840486466244e-03   5.845840486466227e-03   5.845840486466186e-03
   7.420500536688166e-03   7.420500536688181e-03   7.420500536688178e-03

 Column 4:

   8.291090270728753e-03
   8.341399620125315e-03
   5.845840486466208e-03
   7.420500536688166e-03

ans = 9.903006293484847e-21
ans = 6.240095444735187e-21
ans = 2.850722884799156e-21
ans = 2.850671186010872e-21
nbcr = 4
lambda0 = 3.501084296647659
kmpl_prod = 0.180000000000000
 Time :      1.00000
 Time :      2.00000
 Time :      3.01000
 Time :      4.01000
 Time :      5.01000
 Time :      6.01000
 Time :      7.01000
 Time :      8.01000
 Time :      9.01000
 Time :     10.01000
 Time :     11.01000
 Time :     12.01000
 Time :     13.01000
 Time :     14.01000
 Time :     15.01000
 Time :     16.01000
 Time :     17.01000
 Time :     18.00000
 Time :     19.00000
 Time :     20.00000
 Time :     21.00000
 Time :     22.00000
 Time :     23.00000
 Time :     24.00000
 Time :     25.00000
 Time :     26.00000
 Time :     27.00000
 Time :     28.00000
 Time :     29.00000
 Time :     30.00000
 Time :     31.00000
 Time :     32.00000
 Time :     33.00000
 Time :     34.00000
 Time :     35.00000
dtime = 17.86218434572220
mbcr =

 Columns 1 through 3:

   8.208159070119471e-05   1.091924053215646e-04   1.247272799115199e-01

 Columns 4 and 5:

   5.248794990687798e-02   1.259207716847066e-03

agsout =

 Columns 1 through 3:

   8.291090270728722e-03   8.291090270728749e-03   8.291090270728751e-03
   8.341399620125263e-03   8.341399620125357e-03   8.341399620125320e-03
   5.845840486466244e-03   5.845840486466227e-03   5.845840486466186e-03
   7.420500536688166e-03   7.420500536688181e-03   7.420500536688178e-03
   8.324053587848200e-03   8.324053587848242e-03   8.324053587848232e-03

 Column 4:

   8.291090270728753e-03
   8.341399620125315e-03
   5.845840486466208e-03
   7.420500536688166e-03
   8.324053587848206e-03

ans = 6.555509752059313e-21
ans = 1.262861811063536e-20
ans = 5.854241538373342e-21
ans = 2.463137069029778e-21
nbcr = 4
lambda0 = 3.501084296647659
kmpl_prod = 0.180000000000000
 Time :      1.00000
 Time :      2.00000
 Time :      3.01000
 Time :      4.01000
 Time :      5.01000
 Time :      6.01000
 Time :      7.01000
 Time :      8.01000
 Time :      9.01000
 Time :     10.01000
 Time :     11.01000
 Time :     12.01000
 Time :     13.01000
 Time :     14.01000
 Time :     15.01000
 Time :     16.01000
 Time :     17.01000
 Time :     18.00000
 Time :     19.00000
 Time :     20.00000
 Time :     21.00000
 Time :     22.00000
 Time :     23.00000
 Time :     24.00000
 Time :     25.00000
 Time :     26.00000
 Time :     27.00000
 Time :     28.00000
 Time :     29.00000
 Time :     30.00000
 Time :     31.00000
 Time :     32.00000
 Time :     33.00000
 Time :     34.00000
 Time :     35.00000
dtime = 17.84147433936596
mbcr =

 Columns 1 through 3:

   8.208159070119471e-05   1.091924053215646e-04   1.247272799115199e-01

 Columns 4 through 6:

   5.248794990687798e-02   1.259207716847066e-03   1.598518482725202e-03

agsout =

 Columns 1 through 3:

   8.291090270728722e-03   8.291090270728749e-03   8.291090270728751e-03
   8.341399620125263e-03   8.341399620125357e-03   8.341399620125320e-03
   5.845840486466244e-03   5.845840486466227e-03   5.845840486466186e-03
   7.420500536688166e-03   7.420500536688181e-03   7.420500536688178e-03
   8.324053587848200e-03   8.324053587848242e-03   8.324053587848232e-03
   8.318440535969142e-03   8.318440535969191e-03   8.318440535969206e-03

 Column 4:

   8.291090270728753e-03
   8.341399620125315e-03
   5.845840486466208e-03
   7.420500536688166e-03
   8.324053587848206e-03
   8.318440535969109e-03

ans = 2.386416067215485e-21
ans = 5.488214117318627e-21
ans = 8.879266887873906e-21
ans = 8.878568954232065e-21
dkps =

 Columns 1 through 3:

   4.747315240355888e+01   2.390824996708563e+02   1.262547717643368e+02

 Columns 4 through 6:

   2.339330956881194e+00   1.482902029707074e+01   5.584431402040165e+01

nbcr = 5
lambda0 = 3.501084296647659
kmpl_prod = 0.180000000000000
 Time :      1.00000
 Time :      2.00000
 Time :      3.01000
 Time :      4.01000
 Time :      5.01000
 Time :      6.01000
 Time :      7.01000
 Time :      8.01000
 Time :      9.01000
 Time :     10.01000
 Time :     11.01000
 Time :     12.01000
 Time :     13.01000
 Time :     14.01000
 Time :     15.01000
 Time :     16.01000
 Time :     17.01000
 Time :     18.00000
 Time :     19.00000
 Time :     20.00000
 Time :     21.00000
 Time :     22.00000
 Time :     23.00000
 Time :     24.00000
 Time :     25.00000
 Time :     26.00000
 Time :     27.00000
 Time :     28.00000
 Time :     29.00000
 Time :     30.00000
 Time :     31.00000
 Time :     32.00000
 Time :     33.00000
 Time :     34.00000
 Time :     35.00000
dtime = 23.09315577149391
mbcr = 7.266866758178456e-05
agsout =

 Columns 1 through 3:

   7.111100327758936e-03   7.111100327758897e-03   7.111100327758857e-03

 Columns 4 and 5:

   7.111100327758871e-03   7.111100327758850e-03

ans = 1.310079594251761e-21
ans = 7.144798390320919e-21
ans = 3.761164395884475e-21
ans = 3.761603835584893e-22
ans = -6.402274543583865e-21
nbcr = 5
lambda0 = 3.501084296647659
kmpl_prod = 0.180000000000000
 Time :      1.00000
 Time :      2.00000
 Time :      3.01000
 Time :      4.01000
 Time :      5.01000
 Time :      6.01000
 Time :      7.01000
 Time :      8.01000
 Time :      9.01000
 Time :     10.01000
 Time :     11.01000
 Time :     12.01000
 Time :     13.01000
 Time :     14.01000
 Time :     15.01000
 Time :     16.01000
 Time :     17.01000
 Time :     18.00000
 Time :     19.00000
 Time :     20.00000
 Time :     21.00000
 Time :     22.00000
 Time :     23.00000
 Time :     24.00000
 Time :     25.00000
 Time :     26.00000
 Time :     27.00000
 Time :     28.00000
 Time :     29.00000
 Time :     30.00000
 Time :     31.00000
 Time :     32.00000
 Time :     33.00000
 Time :     34.00000
 Time :     35.00000
dtime = 22.90287315845490
mbcr =

   7.266866758178456e-05   5.656458474260214e-05

agsout =

 Columns 1 through 3:

   7.111100327758936e-03   7.111100327758897e-03   7.111100327758857e-03
   7.147846675599609e-03   7.147846675599577e-03   7.147846675599616e-03

 Columns 4 and 5:

   7.111100327758871e-03   7.111100327758850e-03
   7.147846675599580e-03   7.147846675599637e-03

ans = -9.575260007619327e-21
ans = 2.653724652040824e-21
ans = -7.417483649127853e-22
ans = -4.128484286646303e-21
ans = -4.122538925993579e-21
nbcr = 5
lambda0 = 3.501084296647659
kmpl_prod = 0.180000000000000
 Time :      1.00000
 Time :      2.00000
 Time :      3.01000
 Time :      4.01000
 Time :      5.01000
 Time :      6.01000
 Time :      7.01000
 Time :      8.01000
 Time :      9.01000
 Time :     10.01000
 Time :     11.01000
 Time :     12.01000
 Time :     13.01000
 Time :     14.01000
 Time :     15.01000
 Time :     16.01000
 Time :     17.01000
 Time :     18.00000
 Time :     19.00000
 Time :     20.00000
 Time :     21.00000
 Time :     22.00000
 Time :     23.00000
 Time :     24.00000
 Time :     25.00000
 Time :     26.00000
 Time :     27.00000
 Time :     28.00000
 Time :     29.00000
 Time :     30.00000
 Time :     31.00000
 Time :     32.00000
 Time :     33.00000
 Time :     34.00000
 Time :     35.00000
dtime = 22.84037098288536
mbcr =

   7.266866758178456e-05   5.656458474260214e-05   5.619566129249274e-05

agsout =

 Columns 1 through 3:

   7.111100327758936e-03   7.111100327758897e-03   7.111100327758857e-03
   7.147846675599609e-03   7.147846675599577e-03   7.147846675599616e-03
   7.148167457068254e-03   7.148167457068189e-03   7.148167457068196e-03

 Columns 4 and 5:

   7.111100327758871e-03   7.111100327758850e-03
   7.147846675599580e-03   7.147846675599637e-03
   7.148167457068191e-03   7.148167457068191e-03

ans = 1.227340921007638e-20
ans = 5.540507441668464e-21
ans = 5.539680261055911e-21
ans = 5.543402573812400e-21
ans = 5.543402573812400e-21
nbcr = 5
lambda0 = 3.501084296647659
kmpl_prod = 0.180000000000000
 Time :      1.00000
 Time :      2.00000
 Time :      3.01000
 Time :      4.01000
 Time :      5.01000
 Time :      6.01000
 Time :      7.01000
 Time :      8.01000
 Time :      9.01000
 Time :     10.01000
 Time :     11.01000
 Time :     12.01000
 Time :     13.01000
 Time :     14.01000
 Time :     15.01000
 Time :     16.01000
 Time :     17.01000
 Time :     18.00000
 Time :     19.00000
 Time :     20.00000
 Time :     21.00000
 Time :     22.00000
 Time :     23.00000
 Time :     24.00000
 Time :     25.00000
 Time :     26.00000
 Time :     27.00000
 Time :     28.00000
 Time :     29.00000
 Time :     30.00000
 Time :     31.00000
 Time :     32.00000
 Time :     33.00000
 Time :     34.00000
 Time :     35.00000
dtime = 22.77947813272476
mbcr =

 Columns 1 through 3:

   7.266866758178456e-05   5.656458474260214e-05   5.619566129249274e-05

 Column 4:

   5.627068458375892e-05

agsout =

 Columns 1 through 3:

   7.111100327758936e-03   7.111100327758897e-03   7.111100327758857e-03
   7.147846675599609e-03   7.147846675599577e-03   7.147846675599616e-03
   7.148167457068254e-03   7.148167457068189e-03   7.148167457068196e-03
   7.148168083908119e-03   7.148168083908111e-03   7.148168083908088e-03

 Columns 4 and 5:

   7.111100327758871e-03   7.111100327758850e-03
   7.147846675599580e-03   7.147846675599637e-03
   7.148167457068191e-03   7.148167457068191e-03
   7.148168083908176e-03   7.148168083908168e-03

ans = 1.324423789092773e-20
ans = -8.190380533982088e-22
ans = -8.186503124860746e-22
ans = -4.205412083613735e-21
ans = -4.209186095158508e-21
nbcr = 5
lambda0 = 3.501084296647659
kmpl_prod = 0.180000000000000
 Time :      1.00000
 Time :      2.00000
 Time :      3.01000
 Time :      4.01000
 Time :      5.01000
 Time :      6.01000
 Time :      7.01000
 Time :      8.01000
 Time :      9.01000
 Time :     10.01000
 Time :     11.01000
 Time :     12.01000
 Time :     13.01000
 Time :     14.01000
 Time :     15.01000
 Time :     16.01000
 Time :     17.01000
 Time :     18.00000
 Time :     19.00000
 Time :     20.00000
 Time :     21.00000
 Time :     22.00000
 Time :     23.00000
 Time :     24.00000
 Time :     25.00000
 Time :     26.00000
 Time :     27.00000
 Time :     28.00000
 Time :     29.00000
 Time :     30.00000
 Time :     31.00000
 Time :     32.00000
 Time :     33.00000
 Time :     34.00000
 Time :     35.00000
dtime = 22.68913462758064
mbcr =

 Columns 1 through 3:

   7.266866758178456e-05   5.656458474260214e-05   5.619566129249274e-05

 Columns 4 and 5:

   5.627068458375892e-05   6.697000591835316e-05

agsout =

 Columns 1 through 3:

   7.111100327758936e-03   7.111100327758897e-03   7.111100327758857e-03
   7.147846675599609e-03   7.147846675599577e-03   7.147846675599616e-03
   7.148167457068254e-03   7.148167457068189e-03   7.148167457068196e-03
   7.148168083908119e-03   7.148168083908111e-03   7.148168083908088e-03
   7.148110368407025e-03   7.148110368406993e-03   7.148110368406978e-03

 Columns 4 and 5:

   7.111100327758871e-03   7.111100327758850e-03
   7.147846675599580e-03   7.147846675599637e-03
   7.148167457068191e-03   7.148167457068191e-03
   7.148168083908176e-03   7.148168083908168e-03
   7.148110368406988e-03   7.148110368407004e-03

ans = 1.287940893260378e-20
ans = 1.671775961939711e-20
ans = 1.671558827028916e-20
ans = 9.942633414704966e-21
ans = 9.950931070224638e-21
nbcr = 5
lambda0 = 3.501084296647659
kmpl_prod = 0.180000000000000
 Time :      1.00000
 Time :      2.00000
 Time :      3.01000
 Time :      4.01000
 Time :      5.01000
 Time :      6.01000
 Time :      7.01000
 Time :      8.01000
 Time :      9.01000
 Time :     10.01000
 Time :     11.01000
 Time :     12.01000
 Time :     13.01000
 Time :     14.01000
 Time :     15.01000
 Time :     16.01000
 Time :     17.01000
 Time :     18.00000
 Time :     19.00000
 Time :     20.00000
 Time :     21.00000
 Time :     22.00000
 Time :     23.00000
 Time :     24.00000
 Time :     25.00000
 Time :     26.00000
 Time :     27.00000
 Time :     28.00000
 Time :     29.00000
 Time :     30.00000
 Time :     31.00000
 Time :     32.00000
 Time :     33.00000
 Time :     34.00000
 Time :     35.00000
dtime = 22.82728515565395
mbcr =

 Columns 1 through 3:

   7.266866758178456e-05   5.656458474260214e-05   5.619566129249274e-05

 Columns 4 through 6:

   5.627068458375892e-05   6.697000591835316e-05   5.233990049653046e-04

agsout =

 Columns 1 through 3:

   7.111100327758936e-03   7.111100327758897e-03   7.111100327758857e-03
   7.147846675599609e-03   7.147846675599577e-03   7.147846675599616e-03
   7.148167457068254e-03   7.148167457068189e-03   7.148167457068196e-03
   7.148168083908119e-03   7.148168083908111e-03   7.148168083908088e-03
   7.148110368407025e-03   7.148110368406993e-03   7.148110368406978e-03
   7.141229431626168e-03   7.141229431626226e-03   7.141229431626222e-03

 Columns 4 and 5:

   7.111100327758871e-03   7.111100327758850e-03
   7.147846675599580e-03   7.147846675599637e-03
   7.148167457068191e-03   7.148167457068191e-03
   7.148168083908176e-03   7.148168083908168e-03
   7.148110368406988e-03   7.148110368407004e-03
   7.141229431626143e-03   7.141229431626129e-03

ans = 7.608407274262749e-21
ans = 1.776758106369761e-21
ans = -1.612149164471709e-21
ans = 1.775905076363066e-21
ans = 1.775905076363066e-21
dkps =

 Columns 1 through 3:

   1.474112133805348e+00   1.965336288522550e+00   8.859327772564235e+00

 Columns 4 through 6:

   1.949159496592196e+00   1.133631640991498e+00   2.449551505732240e+01

nbcr = 7
lambda0 = 3.501084296647659
kmpl_prod = 0.180000000000000
 Time :      1.00000
 Time :      2.00000
 Time :      3.01000
 Time :      4.01000
 Time :      5.01000
 Time :      6.01000
 Time :      7.01000
 Time :      8.01000
 Time :      9.01000
 Time :     10.01000
 Time :     11.01000
 Time :     12.01000
 Time :     13.01000
 Time :     14.01000
 Time :     15.01000
 Time :     16.01000
 Time :     17.01000
 Time :     18.00000
 Time :     19.00000
 Time :     20.00000
 Time :     21.00000
 Time :     22.00000
 Time :     23.00000
 Time :     24.00000
 Time :     25.00000
 Time :     26.00000
 Time :     27.00000
 Time :     28.00000
 Time :     29.00000
 Time :     30.00000
 Time :     31.00000
 Time :     32.00000
 Time :     33.00000
 Time :     34.00000
 Time :     35.00000
dtime = 32.31328278779984
mbcr = 6.269623841547388e-05
agsout =

 Columns 1 through 3:

   5.949902971037140e-03   5.949902971037159e-03   5.949902971037083e-03

 Columns 4 through 6:

   5.949902971037069e-03   5.949902971037154e-03   5.949902971037087e-03

 Column 7:

   5.949902971037084e-03

ans = 2.968762931459537e-21
ans = -1.026686236543161e-21
ans = -1.024101297128933e-21
ans = -4.398998196345286e-21
ans = -4.417041073456599e-21
ans = 2.371061527094969e-21
ans = -4.400083870899262e-21
nbcr = 7
lambda0 = 3.501084296647659
kmpl_prod = 0.180000000000000
 Time :      1.00000
 Time :      2.00000
 Time :      3.01000
 Time :      4.01000
 Time :      5.01000
 Time :      6.01000
 Time :      7.01000
 Time :      8.01000
 Time :      9.01000
 Time :     10.01000
 Time :     11.01000
 Time :     12.01000
 Time :     13.01000
 Time :     14.01000
 Time :     15.01000
 Time :     16.01000
 Time :     17.01000
 Time :     18.00000
 Time :     19.00000
 Time :     20.00000
 Time :     21.00000
 Time :     22.00000
 Time :     23.00000
 Time :     24.00000
 Time :     25.00000
 Time :     26.00000
 Time :     27.00000
 Time :     28.00000
 Time :     29.00000
 Time :     30.00000
 Time :     31.00000
 Time :     32.00000
 Time :     33.00000
 Time :     34.00000
 Time :     35.00000
dtime = 32.29457437992096
mbcr =

   6.269623841547388e-05   6.342273227330943e-05

agsout =

 Columns 1 through 3:

   5.949902971037140e-03   5.949902971037159e-03   5.949902971037083e-03
   5.969488618410119e-03   5.969488618410121e-03   5.969488618410128e-03

 Columns 4 through 6:

   5.949902971037069e-03   5.949902971037154e-03   5.949902971037087e-03
   5.969488618410149e-03   5.969488618410138e-03   5.969488618410091e-03

 Column 7:

   5.949902971037084e-03
   5.969488618410135e-03

ans = 7.422912021897732e-21
ans = 4.230615242902460e-21
ans = 8.406739962952989e-22
ans = -2.532723638060802e-21
ans = 8.460506702768936e-22
ans = 4.243488241185317e-21
ans = 8.459989714886091e-22
nbcr = 7
lambda0 = 3.501084296647659
kmpl_prod = 0.180000000000000
 Time :      1.00000
 Time :      2.00000
 Time :      3.01000
 Time :      4.01000
 Time :      5.01000
 Time :      6.01000
 Time :      7.01000
 Time :      8.01000
 Time :      9.01000
 Time :     10.01000
 Time :     11.01000
 Time :     12.01000
 Time :     13.01000
 Time :     14.01000
 Time :     15.01000
 Time :     16.01000
 Time :     17.01000
 Time :     18.00000
 Time :     19.00000
 Time :     20.00000
 Time :     21.00000
 Time :     22.00000
 Time :     23.00000
 Time :     24.00000
 Time :     25.00000
 Time :     26.00000
 Time :     27.00000
 Time :     28.00000
 Time :     29.00000
 Time :     30.00000
 Time :     31.00000
 Time :     32.00000
 Time :     33.00000
 Time :     34.00000
 Time :     35.00000
dtime = 32.39760138094425
mbcr =

   6.269623841547388e-05   6.342273227330943e-05   1.987961525677481e-02

agsout =

 Columns 1 through 3:

   5.949902971037140e-03   5.949902971037159e-03   5.949902971037083e-03
   5.969488618410119e-03   5.969488618410121e-03   5.969488618410128e-03
   5.677058490305100e-03   5.677058490305175e-03   5.677058490305186e-03

 Columns 4 through 6:

   5.949902971037069e-03   5.949902971037154e-03   5.949902971037087e-03
   5.969488618410149e-03   5.969488618410138e-03   5.969488618410091e-03
   5.677058490305160e-03   5.677058490305130e-03   5.677058490305118e-03

 Column 7:

   5.949902971037084e-03
   5.969488618410135e-03
   5.677058490305113e-03

ans = 7.351981284371310e-21
ans = 1.770290587955362e-20
ans = 1.432294249908538e-20
ans = 1.094070437193262e-20
ans = 1.432790558276070e-20
ans = 1.771350413115196e-20
ans = 1.771365922751681e-20
nbcr = 7
lambda0 = 3.501084296647659
kmpl_prod = 0.180000000000000
 Time :      1.00000
 Time :      2.00000
 Time :      3.01000
 Time :      4.01000
 Time :      5.01000
 Time :      6.01000
 Time :      7.01000
 Time :      8.01000
 Time :      9.01000
 Time :     10.01000
 Time :     11.01000
 Time :     12.01000
 Time :     13.01000
 Time :     14.01000
 Time :     15.01000
 Time :     16.01000
 Time :     17.01000
 Time :     18.00000
 Time :     19.00000
 Time :     20.00000
 Time :     21.00000
 Time :     22.00000
 Time :     23.00000
 Time :     24.00000
 Time :     25.00000
 Time :     26.00000
 Time :     27.00000
 Time :     28.00000
 Time :     29.00000
 Time :     30.00000
 Time :     31.00000
 Time :     32.00000
 Time :     33.00000
 Time :     34.00000
 Time :     35.00000
dtime = 32.30780102312565
mbcr =

 Columns 1 through 3:

   6.269623841547388e-05   6.342273227330943e-05   1.987961525677481e-02

 Column 4:

   3.630077226281487e-02

agsout =

 Columns 1 through 3:

   5.949902971037140e-03   5.949902971037159e-03   5.949902971037083e-03
   5.969488618410119e-03   5.969488618410121e-03   5.969488618410128e-03
   5.677058490305100e-03   5.677058490305175e-03   5.677058490305186e-03
   5.453422556436294e-03   5.453422556436350e-03   5.453422556436300e-03

 Columns 4 through 6:

   5.949902971037069e-03   5.949902971037154e-03   5.949902971037087e-03
   5.969488618410149e-03   5.969488618410138e-03   5.969488618410091e-03
   5.677058490305160e-03   5.677058490305130e-03   5.677058490305118e-03
   5.453422556436330e-03   5.453422556436392e-03   5.453422556436338e-03

 Column 7:

   5.949902971037084e-03
   5.969488618410135e-03
   5.677058490305113e-03
   5.453422556436343e-03

ans = 1.272203782106557e-20
ans = 6.881987600076337e-21
ans = 3.490288594667500e-21
ans = 3.486100992816451e-21
ans = 3.481603198235693e-21
ans = 6.884469141913996e-21
ans = 3.493752413482566e-21
nbcr = 7
lambda0 = 3.501084296647659
kmpl_prod = 0.180000000000000
 Time :      1.00000
 Time :      2.00000
 Time :      3.01000
 Time :      4.01000
 Time :      5.01000
 Time :      6.01000
 Time :      7.01000
 Time :      8.01000
 Time :      9.01000
 Time :     10.01000
 Time :     11.01000
 Time :     12.01000
 Time :     13.01000
 Time :     14.01000
 Time :     15.01000
 Time :     16.01000
 Time :     17.01000
 Time :     18.00000
 Time :     19.00000
 Time :     20.00000
 Time :     21.00000
 Time :     22.00000
 Time :     23.00000
 Time :     24.00000
 Time :     25.00000
 Time :     26.00000
 Time :     27.00000
 Time :     28.00000
 Time :     29.00000
 Time :     30.00000
 Time :     31.00000
 Time :     32.00000
 Time :     33.00000
 Time :     34.00000
 Time :     35.00000
dtime = 32.02962912619114
mbcr =

 Columns 1 through 3:

   6.269623841547388e-05   6.342273227330943e-05   1.987961525677481e-02

 Columns 4 and 5:

   3.630077226281487e-02   9.433320567398940e-02

agsout =

 Columns 1 through 3:

   5.949902971037140e-03   5.949902971037159e-03   5.949902971037083e-03
   5.969488618410119e-03   5.969488618410121e-03   5.969488618410128e-03
   5.677058490305100e-03   5.677058490305175e-03   5.677058490305186e-03
   5.453422556436294e-03   5.453422556436350e-03   5.453422556436300e-03
   4.470843113767751e-03   4.470843113767718e-03   4.470843113767797e-03

 Columns 4 through 6:

   5.949902971037069e-03   5.949902971037154e-03   5.949902971037087e-03
   5.969488618410149e-03   5.969488618410138e-03   5.969488618410091e-03
   5.677058490305160e-03   5.677058490305130e-03   5.677058490305118e-03
   5.453422556436330e-03   5.453422556436392e-03   5.453422556436338e-03
   4.470843113767755e-03   4.470843113767766e-03   4.470843113767727e-03

 Column 7:

   5.949902971037084e-03
   5.969488618410135e-03
   5.677058490305113e-03
   5.453422556436343e-03
   4.470843113767792e-03

ans = 1.209668927797548e-20
ans = 1.444050554364448e-21
ans = 1.440431639184529e-21
ans = 1.439759554936829e-21
ans = -5.337589697651549e-21
ans = -5.331385843057402e-21
ans = -5.336762517038996e-21
nbcr = 7
lambda0 = 3.501084296647659
kmpl_prod = 0.180000000000000
 Time :      1.00000
 Time :      2.00000
 Time :      3.01000
 Time :      4.01000
 Time :      5.01000
 Time :      6.01000
 Time :      7.01000
 Time :      8.01000
 Time :      9.01000
 Time :     10.01000
 Time :     11.01000
 Time :     12.01000
 Time :     13.01000
 Time :     14.01000
 Time :     15.01000
 Time :     16.01000
 Time :     17.01000
 Time :     18.00000
 Time :     19.00000
 Time :     20.00000
 Time :     21.00000
 Time :     22.00000
 Time :     23.00000
 Time :     24.00000
 Time :     25.00000
 Time :     26.00000
 Time :     27.00000
 Time :     28.00000
 Time :     29.00000
 Time :     30.00000
 Time :     31.00000
 Time :     32.00000
 Time :     33.00000
 Time :     34.00000
 Time :     35.00000
dtime = 32.10438229143620
mbcr =

 Columns 1 through 3:

   6.269623841547388e-05   6.342273227330943e-05   1.987961525677481e-02

 Columns 4 through 6:

   3.630077226281487e-02   9.433320567398940e-02   1.379289960685221e-01

agsout =

 Columns 1 through 3:

   5.949902971037140e-03   5.949902971037159e-03   5.949902971037083e-03
   5.969488618410119e-03   5.969488618410121e-03   5.969488618410128e-03
   5.677058490305100e-03   5.677058490305175e-03   5.677058490305186e-03
   5.453422556436294e-03   5.453422556436350e-03   5.453422556436300e-03
   4.470843113767751e-03   4.470843113767718e-03   4.470843113767797e-03
   3.552717823036209e-03   3.552717823036201e-03   3.552717823036158e-03

 Columns 4 through 6:

   5.949902971037069e-03   5.949902971037154e-03   5.949902971037087e-03
   5.969488618410149e-03   5.969488618410138e-03   5.969488618410091e-03
   5.677058490305160e-03   5.677058490305130e-03   5.677058490305118e-03
   5.453422556436330e-03   5.453422556436392e-03   5.453422556436338e-03
   4.470843113767755e-03   4.470843113767766e-03   4.470843113767727e-03
   3.552717823036237e-03   3.552717823036141e-03   3.552717823036160e-03

 Column 7:

   5.949902971037084e-03
   5.969488618410135e-03
   5.677058490305113e-03
   5.453422556436343e-03
   4.470843113767792e-03
   3.552717823036157e-03

ans = 7.199780051661553e-21
ans = 3.800481324374886e-21
ans = 7.179876018171996e-21
ans = 3.799757541338902e-21
ans = 7.184735704270745e-21
ans = 3.796965806771535e-21
ans = 3.795931831005844e-21
dkps =

 Columns 1 through 3:

   3.538785173757060e+00   1.385270903834234e+01   6.825844768954057e+00

 Columns 4 through 6:

   4.646186954612060e+01   1.063058946632166e+02   3.271638190618881e+00

nbcr = 10
lambda0 = 3.501084296647659
kmpl_prod = 0.180000000000000
 Time :      1.00000
 Time :      2.00000
 Time :      3.01000
 Time :      4.01000
 Time :      5.01000
 Time :      6.01000
 Time :      7.01000
 Time :      8.01000
 Time :      9.01000
 Time :     10.01000
 Time :     11.01000
 Time :     12.01000
 Time :     13.01000
 Time :     14.01000
 Time :     15.01000
 Time :     16.01000
 Time :     17.01000
 Time :     18.00000
 Time :     19.00000
 Time :     20.00000
 Time :     21.00000
 Time :     22.00000
 Time :     23.00000
 Time :     24.00000
 Time :     25.00000
 Time :     26.00000
 Time :     27.00000
 Time :     28.00000
 Time :     29.00000
 Time :     30.00000
 Time :     31.00000
 Time :     32.00000
 Time :     33.00000
 Time :     34.00000
 Time :     35.00000
dtime = 46.87176346778870
mbcr = 5.532716356491374e-05
agsout =

 Columns 1 through 3:

   5.182678749025805e-03   5.182678749025849e-03   5.182678749025806e-03

 Columns 4 through 6:

   5.182678749025835e-03   5.182678749025827e-03   5.182678749025845e-03

 Columns 7 through 9:

   5.182678749025842e-03   5.182678749025831e-03   5.182678749025833e-03

 Column 10:

   5.182678749025830e-03

ans = 1.565263325117158e-20
ans = 3.675473654302809e-21
ans = 7.060193323293229e-21
ans = 3.666167872411588e-21
ans = 2.834127573759811e-22
ans = 3.661101391159700e-21
ans = 2.871350701324697e-22
ans = 3.662962547537945e-21
ans = 3.664616908763051e-21
ans = 3.662962547537945e-21
nbcr = 10
lambda0 = 3.501084296647659
kmpl_prod = 0.180000000000000
 Time :      1.00000
 Time :      2.00000
 Time :      3.01000
 Time :      4.01000
 Time :      5.01000
 Time :      6.01000
 Time :      7.01000
 Time :      8.01000
 Time :      9.01000
 Time :     10.01000
 Time :     11.01000
 Time :     12.01000
 Time :     13.01000
 Time :     14.01000
 Time :     15.01000
 Time :     16.01000
 Time :     17.01000
 Time :     18.00000
 Time :     19.00000
 Time :     20.00000
 Time :     21.00000
 Time :     22.00000
 Time :     23.00000
 Time :     24.00000
 Time :     25.00000
 Time :     26.00000
 Time :     27.00000
 Time :     28.00000
 Time :     29.00000
 Time :     30.00000
 Time :     31.00000
 Time :     32.00000
 Time :     33.00000
 Time :     34.00000
 Time :     35.00000
dtime = 46.54376283288002
mbcr =

   5.532716356491374e-05   4.737663659996559e-05

agsout =

 Columns 1 through 3:

   5.182678749025805e-03   5.182678749025849e-03   5.182678749025806e-03
   5.187037282254066e-03   5.187037282253972e-03   5.187037282254022e-03

 Columns 4 through 6:

   5.182678749025835e-03   5.182678749025827e-03   5.182678749025845e-03
   5.187037282253985e-03   5.187037282254048e-03   5.187037282254001e-03

 Columns 7 through 9:

   5.182678749025842e-03   5.182678749025831e-03   5.182678749025833e-03
   5.187037282254008e-03   5.187037282254013e-03   5.187037282254065e-03

 Column 10:

   5.182678749025830e-03
   5.187037282253978e-03

ans = 5.035823870434548e-21
ans = -7.568806002436772e-21
ans = -7.953341589697361e-22
ans = -7.931628098617844e-22
ans = -7.856147867722380e-22
ans = -4.182948960104092e-21
ans = 2.589902497903530e-21
ans = -7.990564717262247e-22
ans = 2.597553918569645e-21
ans = -4.174677153978562e-21
nbcr = 10
lambda0 = 3.501084296647659
kmpl_prod = 0.180000000000000
 Time :      1.00000
 Time :      2.00000
 Time :      3.01000
 Time :      4.01000
 Time :      5.01000
 Time :      6.01000
 Time :      7.01000
 Time :      8.01000
 Time :      9.01000
 Time :     10.01000
 Time :     11.01000
 Time :     12.01000
 Time :     13.01000
 Time :     14.01000
 Time :     15.01000
 Time :     16.01000
 Time :     17.01000
 Time :     18.00000
 Time :     19.00000
 Time :     20.00000
 Time :     21.00000
 Time :     22.00000
 Time :     23.00000
 Time :     24.00000
 Time :     25.00000
 Time :     26.00000
 Time :     27.00000
 Time :     28.00000
 Time :     29.00000
 Time :     30.00000
 Time :     31.00000
 Time :     32.00000
 Time :     33.00000
 Time :     34.00000
 Time :     35.00000
dtime = 46.10781669616699
mbcr =

   5.532716356491374e-05   4.737663659996559e-05   9.721387220420459e-05

agsout =

 Columns 1 through 3:

   5.182678749025805e-03   5.182678749025849e-03   5.182678749025806e-03
   5.187037282254066e-03   5.187037282253972e-03   5.187037282254022e-03
   5.187221047179426e-03   5.187221047179468e-03   5.187221047179382e-03

 Columns 4 through 6:

   5.182678749025835e-03   5.182678749025827e-03   5.182678749025845e-03
   5.187037282253985e-03   5.187037282254048e-03   5.187037282254001e-03
   5.187221047179383e-03   5.187221047179461e-03   5.187221047179435e-03

 Columns 7 through 9:

   5.182678749025842e-03   5.182678749025831e-03   5.182678749025833e-03
   5.187037282254008e-03   5.187037282254013e-03   5.187037282254065e-03
   5.187221047179428e-03   5.187221047179388e-03   5.187221047179389e-03

 Column 10:

   5.182678749025830e-03
   5.187037282253978e-03
   5.187221047179391e-03

ans = -3.523789409475898e-22
ans = 4.107468729208628e-21
ans = 4.104676994641262e-21
ans = 7.498185457640058e-21
ans = 4.101575067344188e-21
ans = 4.091235309687275e-21
ans = 1.088972936668404e-20
ans = 4.104056609181847e-21
ans = 4.112948800766792e-21
ans = 4.120703619009476e-21
nbcr = 10
lambda0 = 3.501084296647659
kmpl_prod = 0.180000000000000
 Time :      1.00000
 Time :      2.00000
 Time :      3.01000
 Time :      4.01000
 Time :      5.01000
 Time :      6.01000
 Time :      7.01000
 Time :      8.01000
 Time :      9.01000
 Time :     10.01000
 Time :     11.01000
 Time :     12.01000
 Time :     13.01000
 Time :     14.01000
 Time :     15.01000
 Time :     16.01000
 Time :     17.01000
 Time :     18.00000
 Time :     19.00000
 Time :     20.00000
 Time :     21.00000
 Time :     22.00000
 Time :     23.00000
 Time :     24.00000
 Time :     25.00000
 Time :     26.00000
 Time :     27.00000
 Time :     28.00000
 Time :     29.00000
 Time :     30.00000
 Time :     31.00000
 Time :     32.00000
 Time :     33.00000
 Time :     34.00000
 Time :     35.00000
dtime = 46.31952345371246
mbcr =

 Columns 1 through 3:

   5.532716356491374e-05   4.737663659996559e-05   9.721387220420459e-05

 Column 4:

   1.155080731000338e-02

agsout =

 Columns 1 through 3:

   5.182678749025805e-03   5.182678749025849e-03   5.182678749025806e-03
   5.187037282254066e-03   5.187037282253972e-03   5.187037282254022e-03
   5.187221047179426e-03   5.187221047179468e-03   5.187221047179382e-03
   5.041851876408812e-03   5.041851876408727e-03   5.041851876408815e-03

 Columns 4 through 6:

   5.182678749025835e-03   5.182678749025827e-03   5.182678749025845e-03
   5.187037282253985e-03   5.187037282254048e-03   5.187037282254001e-03
   5.187221047179383e-03   5.187221047179461e-03   5.187221047179435e-03
   5.041851876408791e-03   5.041851876408820e-03   5.041851876408814e-03

 Columns 7 through 9:

   5.182678749025842e-03   5.182678749025831e-03   5.182678749025833e-03
   5.187037282254008e-03   5.187037282254013e-03   5.187037282254065e-03
   5.187221047179428e-03   5.187221047179388e-03   5.187221047179389e-03
   5.041851876408740e-03   5.041851876408823e-03   5.041851876408817e-03

 Column 10:

   5.182678749025830e-03
   5.187037282253978e-03
   5.187221047179391e-03
   5.041851876408744e-03

ans = 1.520688838117486e-20
ans = -2.857909016370711e-21
ans = 5.369436151234841e-22
ans = 5.474901679335352e-22
ans = -2.849223619938904e-21
ans = -2.850981378740579e-21
ans = 3.934381186031907e-21
ans = -2.856358052722174e-21
ans = -2.856564847875312e-21
ans = -2.845397909605846e-21
nbcr = 10
lambda0 = 3.501084296647659
kmpl_prod = 0.180000000000000
 Time :      1.00000
 Time :      2.00000
 Time :      3.01000
 Time :      4.01000
 Time :      5.01000
 Time :      6.01000
 Time :      7.01000
 Time :      8.01000
 Time :      9.01000
 Time :     10.01000
 Time :     11.01000
 Time :     12.01000
 Time :     13.01000
 Time :     14.01000
 Time :     15.01000
 Time :     16.01000
 Time :     17.01000
 Time :     18.00000
 Time :     19.00000
 Time :     20.00000
 Time :     21.00000
 Time :     22.00000
 Time :     23.00000
 Time :     24.00000
 Time :     25.00000
 Time :     26.00000
 Time :     27.00000
 Time :     28.00000
 Time :     29.00000
 Time :     30.00000
 Time :     31.00000
 Time :     32.00000
 Time :     33.00000
 Time :     34.00000
 Time :     35.00000
dtime = 46.61619253456593
mbcr =

 Columns 1 through 3:

   5.532716356491374e-05   4.737663659996559e-05   9.721387220420459e-05

 Columns 4 and 5:

   1.155080731000338e-02   4.666189694102242e-04

agsout =

 Columns 1 through 3:

   5.182678749025805e-03   5.182678749025849e-03   5.182678749025806e-03
   5.187037282254066e-03   5.187037282253972e-03   5.187037282254022e-03
   5.187221047179426e-03   5.187221047179468e-03   5.187221047179382e-03
   5.041851876408812e-03   5.041851876408727e-03   5.041851876408815e-03
   5.184513502503387e-03   5.184513502503408e-03   5.184513502503410e-03

 Columns 4 through 6:

   5.182678749025835e-03   5.182678749025827e-03   5.182678749025845e-03
   5.187037282253985e-03   5.187037282254048e-03   5.187037282254001e-03
   5.187221047179383e-03   5.187221047179461e-03   5.187221047179435e-03
   5.041851876408791e-03   5.041851876408820e-03   5.041851876408814e-03
   5.184513502503377e-03   5.184513502503396e-03   5.184513502503392e-03

 Columns 7 through 9:

   5.182678749025842e-03   5.182678749025831e-03   5.182678749025833e-03
   5.187037282254008e-03   5.187037282254013e-03   5.187037282254065e-03
   5.187221047179428e-03   5.187221047179388e-03   5.187221047179389e-03
   5.041851876408740e-03   5.041851876408823e-03   5.041851876408817e-03
   5.184513502503413e-03   5.184513502503423e-03   5.184513502503437e-03

 Column 10:

   5.182678749025830e-03
   5.187037282253978e-03
   5.187221047179391e-03
   5.041851876408744e-03
   5.184513502503434e-03

ans = 4.781931121169053e-21
ans = 3.464232405372080e-21
ans = 3.463715417489234e-21
ans = 3.472814404227318e-21
ans = 7.589382120174029e-23
ans = 3.472297416344472e-21
ans = -3.305620522915037e-21
ans = 8.220107337245713e-23
ans = 3.468885296317691e-21
ans = 7.723798969713896e-23
nbcr = 10
lambda0 = 3.501084296647659
kmpl_prod = 0.180000000000000
 Time :      1.00000
 Time :      2.00000
 Time :      3.01000
 Time :      4.01000
 Time :      5.01000
 Time :      6.01000
 Time :      7.01000
 Time :      8.01000
 Time :      9.01000
 Time :     10.01000
 Time :     11.01000
 Time :     12.01000
 Time :     13.01000
 Time :     14.01000
 Time :     15.01000
 Time :     16.01000
 Time :     17.01000
 Time :     18.00000
 Time :     19.00000
 Time :     20.00000
 Time :     21.00000
 Time :     22.00000
 Time :     23.00000
 Time :     24.00000
 Time :     25.00000
 Time :     26.00000
 Time :     27.00000
 Time :     28.00000
 Time :     29.00000
 Time :     30.00000
 Time :     31.00000
 Time :     32.00000
 Time :     33.00000
 Time :     34.00000
 Time :     35.00000
dtime = 46.77273966372013
mbcr =

 Columns 1 through 3:

   5.532716356491374e-05   4.737663659996559e-05   9.721387220420459e-05

 Columns 4 through 6:

   1.155080731000338e-02   4.666189694102242e-04   6.077793684107710e-05

agsout =

 Columns 1 through 3:

   5.182678749025805e-03   5.182678749025849e-03   5.182678749025806e-03
   5.187037282254066e-03   5.187037282253972e-03   5.187037282254022e-03
   5.187221047179426e-03   5.187221047179468e-03   5.187221047179382e-03
   5.041851876408812e-03   5.041851876408727e-03   5.041851876408815e-03
   5.184513502503387e-03   5.184513502503408e-03   5.184513502503410e-03
   5.187850874243564e-03   5.187850874243576e-03   5.187850874243493e-03

 Columns 4 through 6:

   5.182678749025835e-03   5.182678749025827e-03   5.182678749025845e-03
   5.187037282253985e-03   5.187037282254048e-03   5.187037282254001e-03
   5.187221047179383e-03   5.187221047179461e-03   5.187221047179435e-03
   5.041851876408791e-03   5.041851876408820e-03   5.041851876408814e-03
   5.184513502503377e-03   5.184513502503396e-03   5.184513502503392e-03
   5.187850874243519e-03   5.187850874243483e-03   5.187850874243517e-03

 Columns 7 through 9:

   5.182678749025842e-03   5.182678749025831e-03   5.182678749025833e-03
   5.187037282254008e-03   5.187037282254013e-03   5.187037282254065e-03
   5.187221047179428e-03   5.187221047179388e-03   5.187221047179389e-03
   5.041851876408740e-03   5.041851876408823e-03   5.041851876408817e-03
   5.184513502503413e-03   5.184513502503423e-03   5.184513502503437e-03
   5.187850874243497e-03   5.187850874243584e-03   5.187850874243570e-03

 Column 10:

   5.182678749025830e-03
   5.187037282253978e-03
   5.187221047179391e-03
   5.041851876408744e-03
   5.184513502503434e-03
   5.187850874243500e-03

ans = -5.842221570097181e-22
ans = 3.520997674908531e-21
ans = -3.248234867919171e-21
ans = -3.244822747892389e-21
ans = -3.255162505549302e-21
ans = -3.248234867919171e-21
ans = -6.631300175684485e-21
ans = 1.293503682879797e-22
ans = -3.253611541900765e-21
ans = -3.251853783099090e-21
dkps =

 Columns 1 through 3:

   3.816098003084170e-01   5.914388123037207e+01   2.066795943203093e+00

 Columns 4 through 6:

   5.964474317688729e+00   2.592834753526590e+00   2.573773957805940e-01

nbcr = 15
lambda0 = 3.501084296647659
kmpl_prod = 0.180000000000000
 Time :      1.00000
 Time :      2.00000
 Time :      3.01000
 Time :      4.01000
 Time :      5.01000
 Time :      6.01000
 Time :      7.01000
 Time :      8.01000
 Time :      9.01000
 Time :     10.01000
 Time :     11.01000
 Time :     12.01000
 Time :     13.01000
 Time :     14.01000
 Time :     15.01000
 Time :     16.01000
 Time :     17.01000
 Time :     18.00000
 Time :     19.00000
 Time :     20.00000
 Time :     21.00000
 Time :     22.00000
 Time :     23.00000
 Time :     24.00000
 Time :     25.00000
 Time :     26.00000
 Time :     27.00000
 Time :     28.00000
 Time :     29.00000
 Time :     30.00000
 Time :     31.00000
 Time :     32.00000
 Time :     33.00000
 Time :     34.00000
 Time :     35.00000
dtime = 72.28531502187252
mbcr = 4.923333966405576e-05
agsout =

 Columns 1 through 3:

   4.635345153328662e-03   4.635345153328671e-03   4.635345153328638e-03

 Columns 4 through 6:

   4.635345153328734e-03   4.635345153328654e-03   4.635345153328732e-03

 Columns 7 through 9:

   4.635345153328728e-03   4.635345153328660e-03   4.635345153328740e-03

 Columns 10 through 12:

   4.635345153328637e-03   4.635345153328732e-03   4.635345153328672e-03

 Columns 13 through 15:

   4.635345153328670e-03   4.635345153328734e-03   4.635345153328671e-03

ans = 6.135193453621817e-21
ans = -9.367820437163038e-23
ans = 3.279357538466478e-21
ans = 3.278530357853925e-21
ans = 3.282252670610414e-21
ans = 3.285147802754349e-21
ans = -1.062927087130641e-22
ans = -1.062927087130641e-22
ans = -3.497733220180478e-21
ans = -3.511588495440741e-21
ans = -1.062927087130641e-22
ans = 6.675140748149795e-21
ans = -9.740051712811901e-23
ans = -1.005024444251929e-22
ans = -3.489461414054947e-21
nbcr = 15
lambda0 = 3.501084296647659
kmpl_prod = 0.180000000000000
 Time :      1.00000
 Time :      2.00000
 Time :      3.01000
 Time :      4.01000
 Time :      5.01000
 Time :      6.01000
 Time :      7.01000
 Time :      8.01000
 Time :      9.01000
 Time :     10.01000
 Time :     11.01000
 Time :     12.01000
 Time :     13.01000
 Time :     14.01000
 Time :     15.01000
 Time :     16.01000
 Time :     17.01000
 Time :     18.00000
 Time :     19.00000
 Time :     20.00000
 Time :     21.00000
 Time :     22.00000
 Time :     23.00000
 Time :     24.00000
 Time :     25.00000
 Time :     26.00000
 Time :     27.00000
 Time :     28.00000
 Time :     29.00000
 Time :     30.00000
 Time :     31.00000
 Time :     32.00000
 Time :     33.00000
 Time :     34.00000
 Time :     35.00000
dtime = 71.57021127641201
mbcr =

   4.923333966405576e-05   8.585899518788202e-05

agsout =

 Columns 1 through 3:

   4.635345153328662e-03   4.635345153328671e-03   4.635345153328638e-03
   4.624249100864817e-03   4.624249100864794e-03   4.624249100864779e-03

 Columns 4 through 6:

   4.635345153328734e-03   4.635345153328654e-03   4.635345153328732e-03
   4.624249100864761e-03   4.624249100864801e-03   4.624249100864738e-03

 Columns 7 through 9:

   4.635345153328728e-03   4.635345153328660e-03   4.635345153328740e-03
   4.624249100864775e-03   4.624249100864726e-03   4.624249100864781e-03

 Columns 10 through 12:

   4.635345153328637e-03   4.635345153328732e-03   4.635345153328672e-03
   4.624249100864780e-03   4.624249100864782e-03   4.624249100864773e-03

 Columns 13 through 15:

   4.635345153328670e-03   4.635345153328734e-03   4.635345153328671e-03
   4.624249100864786e-03   4.624249100864771e-03   4.624249100864782e-03

ans = 4.863822001811803e-21
ans = 1.711105815127193e-20
ans = 1.033251982655301e-20
ans = 1.710319993545268e-20
ans = 1.711250571734390e-20
ans = 1.032135288828354e-20
ans = 1.032486840588689e-20
ans = 1.372023802526393e-20
ans = 1.033541495869694e-20
ans = 1.033314021201242e-20
ans = 1.372147879618276e-20
ans = 1.372023802526393e-20
ans = 1.370307402755346e-20
ans = 1.372230597679531e-20
ans = 1.710547468213720e-20
nbcr = 15
lambda0 = 3.501084296647659
kmpl_prod = 0.180000000000000
 Time :      1.00000
 Time :      2.00000
 Time :      3.01000
 Time :      4.01000
 Time :      5.01000
 Time :      6.01000
 Time :      7.01000
 Time :      8.01000
 Time :      9.01000
 Time :     10.01000
 Time :     11.01000
 Time :     12.01000
 Time :     13.01000
 Time :     14.01000
 Time :     15.01000
 Time :     16.01000
 Time :     17.01000
 Time :     18.00000
 Time :     19.00000
 Time :     20.00000
 Time :     21.00000
 Time :     22.00000
 Time :     23.00000
 Time :     24.00000
 Time :     25.00000
 Time :     26.00000
 Time :     27.00000
 Time :     28.00000
 Time :     29.00000
 Time :     30.00000
 Time :     31.00000
 Time :     32.00000
 Time :     33.00000
 Time :     34.00000
 Time :     35.00000
dtime = 71.46274857223034
mbcr =

   4.923333966405576e-05   8.585899518788202e-05   1.369079355178153e-04

agsout =

 Columns 1 through 3:

   4.635345153328662e-03   4.635345153328671e-03   4.635345153328638e-03
   4.624249100864817e-03   4.624249100864794e-03   4.624249100864779e-03
   4.624541609152566e-03   4.624541609152564e-03   4.624541609152564e-03

 Columns 4 through 6:

   4.635345153328734e-03   4.635345153328654e-03   4.635345153328732e-03
   4.624249100864761e-03   4.624249100864801e-03   4.624249100864738e-03
   4.624541609152502e-03   4.624541609152544e-03   4.624541609152532e-03

 Columns 7 through 9:

   4.635345153328728e-03   4.635345153328660e-03   4.635345153328740e-03
   4.624249100864775e-03   4.624249100864726e-03   4.624249100864781e-03
   4.624541609152473e-03   4.624541609152478e-03   4.624541609152487e-03

 Columns 10 through 12:

   4.635345153328637e-03   4.635345153328732e-03   4.635345153328672e-03
   4.624249100864780e-03   4.624249100864782e-03   4.624249100864773e-03
   4.624541609152558e-03   4.624541609152545e-03   4.624541609152515e-03

 Columns 13 through 15:

   4.635345153328670e-03   4.635345153328734e-03   4.635345153328671e-03
   4.624249100864786e-03   4.624249100864771e-03   4.624249100864782e-03
   4.624541609152572e-03   4.624541609152545e-03   4.624541609152548e-03

ans = 9.384364049414099e-21
ans = 1.829723514967297e-21
ans = 1.834479803489477e-21
ans = 8.593372588660266e-21
ans = 8.602264780245211e-21
ans = 8.602885165704626e-21
ans = 5.219302870056466e-21
ans = -1.553445190374586e-21
ans = 5.213926196074872e-21
ans = 5.214132991228010e-21
ans = 5.217855303984499e-21
ans = 5.208963112399554e-21
ans = 5.201725282039715e-21
ans = 5.217855303984499e-21
ans = 8.607641454226806e-21
nbcr = 15
lambda0 = 3.501084296647659
kmpl_prod = 0.180000000000000
 Time :      1.00000
 Time :      2.00000
 Time :      3.01000
 Time :      4.01000
 Time :      5.01000
 Time :      6.01000
 Time :      7.01000
 Time :      8.01000
 Time :      9.01000
 Time :     10.01000
 Time :     11.01000
 Time :     12.01000
 Time :     13.01000
 Time :     14.01000
 Time :     15.01000
 Time :     16.01000
 Time :     17.01000
 Time :     18.00000
 Time :     19.00000
 Time :     20.00000
 Time :     21.00000
 Time :     22.00000
 Time :     23.00000
 Time :     24.00000
 Time :     25.00000
 Time :     26.00000
 Time :     27.00000
 Time :     28.00000
 Time :     29.00000
 Time :     30.00000
 Time :     31.00000
 Time :     32.00000
 Time :     33.00000
 Time :     34.00000
 Time :     35.00000
dtime = 71.19252271950245
mbcr =

 Columns 1 through 3:

   4.923333966405576e-05   8.585899518788202e-05   1.369079355178153e-04

 Column 4:

   2.944040418066221e-02

agsout =

 Columns 1 through 3:

   4.635345153328662e-03   4.635345153328671e-03   4.635345153328638e-03
   4.624249100864817e-03   4.624249100864794e-03   4.624249100864779e-03
   4.624541609152566e-03   4.624541609152564e-03   4.624541609152564e-03
   4.261203305404226e-03   4.261203305404301e-03   4.261203305404275e-03

 Columns 4 through 6:

   4.635345153328734e-03   4.635345153328654e-03   4.635345153328732e-03
   4.624249100864761e-03   4.624249100864801e-03   4.624249100864738e-03
   4.624541609152502e-03   4.624541609152544e-03   4.624541609152532e-03
   4.261203305404290e-03   4.261203305404287e-03   4.261203305404306e-03

 Columns 7 through 9:

   4.635345153328728e-03   4.635345153328660e-03   4.635345153328740e-03
   4.624249100864775e-03   4.624249100864726e-03   4.624249100864781e-03
   4.624541609152473e-03   4.624541609152478e-03   4.624541609152487e-03
   4.261203305404221e-03   4.261203305404314e-03   4.261203305404235e-03

 Columns 10 through 12:

   4.635345153328637e-03   4.635345153328732e-03   4.635345153328672e-03
   4.624249100864780e-03   4.624249100864782e-03   4.624249100864773e-03
   4.624541609152558e-03   4.624541609152545e-03   4.624541609152515e-03
   4.261203305404314e-03   4.261203305404223e-03   4.261203305404282e-03

 Columns 13 through 15:

   4.635345153328670e-03   4.635345153328734e-03   4.635345153328671e-03
   4.624249100864786e-03   4.624249100864771e-03   4.624249100864782e-03
   4.624541609152572e-03   4.624541609152545e-03   4.624541609152548e-03
   4.261203305404242e-03   4.261203305404218e-03   4.261203305404221e-03

ans = 2.249931266144235e-21
ans = 7.071567056715834e-21
ans = 7.037032266141745e-21
ans = 3.666064474835019e-21
ans = 2.800006373491999e-22
ans = 2.764851197458495e-22
ans = 2.675929281609045e-22
ans = 3.668132426366401e-21
ans = 2.899268046998362e-22
ans = 2.713152409173931e-22
ans = 3.646625730440023e-21
ans = 2.781394809709556e-22
ans = 3.674336280960549e-21
ans = 3.667305245753848e-21
ans = 2.640774105575541e-22
nbcr = 15
lambda0 = 3.501084296647659
kmpl_prod = 0.180000000000000
 Time :      1.00000
 Time :      2.00000
 Time :      3.01000
 Time :      4.01000
 Time :      5.01000
 Time :      6.01000
 Time :      7.01000
 Time :      8.01000
 Time :      9.01000
 Time :     10.01000
 Time :     11.01000
 Time :     12.01000
 Time :     13.01000
 Time :     14.01000
 Time :     15.01000
 Time :     16.01000
 Time :     17.01000
 Time :     18.00000
 Time :     19.00000
 Time :     20.00000
 Time :     21.00000
 Time :     22.00000
 Time :     23.00000
 Time :     24.00000
 Time :     25.00000
 Time :     26.00000
 Time :     27.00000
 Time :     28.00000
 Time :     29.00000
 Time :     30.00000
 Time :     31.00000
 Time :     32.00000
 Time :     33.00000
 Time :     34.00000
 Time :     35.00000
dtime = 71.36500217020512
mbcr =

 Columns 1 through 3:

   4.923333966405576e-05   8.585899518788202e-05   1.369079355178153e-04

 Columns 4 and 5:

   2.944040418066221e-02   3.423573574756167e-02

agsout =

 Columns 1 through 3:

   4.635345153328662e-03   4.635345153328671e-03   4.635345153328638e-03
   4.624249100864817e-03   4.624249100864794e-03   4.624249100864779e-03
   4.624541609152566e-03   4.624541609152564e-03   4.624541609152564e-03
   4.261203305404226e-03   4.261203305404301e-03   4.261203305404275e-03
   4.204677446507785e-03   4.204677446507769e-03   4.204677446507812e-03

 Columns 4 through 6:

   4.635345153328734e-03   4.635345153328654e-03   4.635345153328732e-03
   4.624249100864761e-03   4.624249100864801e-03   4.624249100864738e-03
   4.624541609152502e-03   4.624541609152544e-03   4.624541609152532e-03
   4.261203305404290e-03   4.261203305404287e-03   4.261203305404306e-03
   4.204677446507808e-03   4.204677446507773e-03   4.204677446507796e-03

 Columns 7 through 9:

   4.635345153328728e-03   4.635345153328660e-03   4.635345153328740e-03
   4.624249100864775e-03   4.624249100864726e-03   4.624249100864781e-03
   4.624541609152473e-03   4.624541609152478e-03   4.624541609152487e-03
   4.261203305404221e-03   4.261203305404314e-03   4.261203305404235e-03
   4.204677446507738e-03   4.204677446507819e-03   4.204677446507744e-03

 Columns 10 through 12:

   4.635345153328637e-03   4.635345153328732e-03   4.635345153328672e-03
   4.624249100864780e-03   4.624249100864782e-03   4.624249100864773e-03
   4.624541609152558e-03   4.624541609152545e-03   4.624541609152515e-03
   4.261203305404314e-03   4.261203305404223e-03   4.261203305404282e-03
   4.204677446507814e-03   4.204677446507761e-03   4.204677446507806e-03

 Columns 13 through 15:

   4.635345153328670e-03   4.635345153328734e-03   4.635345153328671e-03
   4.624249100864786e-03   4.624249100864771e-03   4.624249100864782e-03
   4.624541609152572e-03   4.624541609152545e-03   4.624541609152548e-03
   4.261203305404242e-03   4.261203305404218e-03   4.261203305404221e-03
   4.204677446507771e-03   4.204677446507770e-03   4.204677446507770e-03

ans = -1.773475233313691e-21
ans = -2.218084812560944e-21
ans = 4.562521463689362e-21
ans = -2.213535319191902e-21
ans = 1.170046976456258e-21
ans = 4.562728258842501e-21
ans = 1.175630445590991e-21
ans = 1.171287747375087e-21
ans = 4.567691342517819e-21
ans = 4.554249657563832e-21
ans = 1.162809146096419e-21
ans = 4.557351584860906e-21
ans = -5.606216601578145e-21
ans = -5.606216601578145e-21
ans = -5.606216601578145e-21
nbcr = 15
lambda0 = 3.501084296647659
kmpl_prod = 0.180000000000000
 Time :      1.00000
 Time :      2.00000
 Time :      3.01000
 Time :      4.01000
 Time :      5.01000
 Time :      6.01000
 Time :      7.01000
 Time :      8.01000
 Time :      9.01000
 Time :     10.01000
 Time :     11.01000
 Time :     12.01000
 Time :     13.01000
 Time :     14.01000
 Time :     15.01000
 Time :     16.01000
 Time :     17.01000
 Time :     18.00000
 Time :     19.00000
 Time :     20.00000
 Time :     21.00000
 Time :     22.00000
 Time :     23.00000
 Time :     24.00000
 Time :     25.00000
 Time :     26.00000
 Time :     27.00000
 Time :     28.00000
 Time :     29.00000
 Time :     30.00000
 Time :     31.00000
 Time :     32.00000
 Time :     33.00000
 Time :     34.00000
 Time :     35.00000
dtime = 70.49457840621471
mbcr =

 Columns 1 through 3:

   4.923333966405576e-05   8.585899518788202e-05   1.369079355178153e-04

 Columns 4 through 6:

   2.944040418066221e-02   3.423573574756167e-02   6.814328909678360e-02

agsout =

 Columns 1 through 3:

   4.635345153328662e-03   4.635345153328671e-03   4.635345153328638e-03
   4.624249100864817e-03   4.624249100864794e-03   4.624249100864779e-03
   4.624541609152566e-03   4.624541609152564e-03   4.624541609152564e-03
   4.261203305404226e-03   4.261203305404301e-03   4.261203305404275e-03
   4.204677446507785e-03   4.204677446507769e-03   4.204677446507812e-03
   3.725304115077589e-03   3.725304115077528e-03   3.725304115077573e-03

 Columns 4 through 6:

   4.635345153328734e-03   4.635345153328654e-03   4.635345153328732e-03
   4.624249100864761e-03   4.624249100864801e-03   4.624249100864738e-03
   4.624541609152502e-03   4.624541609152544e-03   4.624541609152532e-03
   4.261203305404290e-03   4.261203305404287e-03   4.261203305404306e-03
   4.204677446507808e-03   4.204677446507773e-03   4.204677446507796e-03
   3.725304115077559e-03   3.725304115077564e-03   3.725304115077542e-03

 Columns 7 through 9:

   4.635345153328728e-03   4.635345153328660e-03   4.635345153328740e-03
   4.624249100864775e-03   4.624249100864726e-03   4.624249100864781e-03
   4.624541609152473e-03   4.624541609152478e-03   4.624541609152487e-03
   4.261203305404221e-03   4.261203305404314e-03   4.261203305404235e-03
   4.204677446507738e-03   4.204677446507819e-03   4.204677446507744e-03
   3.725304115077527e-03   3.725304115077605e-03   3.725304115077522e-03

 Columns 10 through 12:

   4.635345153328637e-03   4.635345153328732e-03   4.635345153328672e-03
   4.624249100864780e-03   4.624249100864782e-03   4.624249100864773e-03
   4.624541609152558e-03   4.624541609152545e-03   4.624541609152515e-03
   4.261203305404314e-03   4.261203305404223e-03   4.261203305404282e-03
   4.204677446507814e-03   4.204677446507761e-03   4.204677446507806e-03
   3.725304115077595e-03   3.725304115077522e-03   3.725304115077514e-03

 Columns 13 through 15:

   4.635345153328670e-03   4.635345153328734e-03   4.635345153328671e-03
   4.624249100864786e-03   4.624249100864771e-03   4.624249100864782e-03
   4.624541609152572e-03   4.624541609152545e-03   4.624541609152548e-03
   4.261203305404242e-03   4.261203305404218e-03   4.261203305404221e-03
   4.204677446507771e-03   4.204677446507770e-03   4.204677446507770e-03
   3.725304115077514e-03   3.725304115077610e-03   3.725304115077601e-03

ans = 8.046812998915853e-21
ans = 6.580221772859335e-21
ans = -2.080359240570865e-22
ans = -2.024524549223535e-22
ans = 6.576706255255985e-21
ans = 6.559335462392371e-21
ans = 6.577740231021676e-21
ans = 3.200568585120802e-21
ans = 6.587873193525451e-21
ans = -2.053475870662891e-22
ans = 3.199741404508249e-21
ans = 6.577740231021676e-21
ans = 6.573811123112049e-21
ans = 3.201188970580217e-21
ans = -1.869428184369843e-22
