warning: function /home/surgeon/flu/amcode/perelson21/1d2agt/4paper/2submit/run.m shadows a core library function
warning: called from
    driver at line 1 column 1

lambda0 = 3.501084296647659
kmpl_prod = 0.180000000000000
dkps =

 Columns 1 through 3:

   4.038024410674348e+00   3.833657341884157e+00   2.063389473221554e+00

 Columns 4 through 6:

   2.088681235579812e+01   4.765600097890394e+00   8.081492612544396e+00

nbcr = 2
lambda0 = 3.501084296647659
kmpl_prod = 0.180000000000000
 Time :      1.00000
 Time :      2.00000
 Time :      3.01000
 Time :      4.01000
 Time :      5.01000
 Time :      6.01000
 Time :      7.01000
 Time :      8.01000
 Time :      9.01000
 Time :     10.01000
 Time :     11.01000
 Time :     12.01000
 Time :     13.01000
 Time :     14.01000
 Time :     15.01000
 Time :     16.01000
 Time :     17.01000
 Time :     18.00000
 Time :     19.00000
 Time :     20.00000
 Time :     21.00000
 Time :     22.00000
 Time :     23.00000
 Time :     24.00000
 Time :     25.00000
 Time :     26.00000
 Time :     27.00000
 Time :     28.00000
 Time :     29.00000
 Time :     30.00000
 Time :     31.00000
 Time :     32.00000
 Time :     33.00000
 Time :     34.00000
 Time :     35.00000
dtime = 5.030469596385956
mbcr = 0.500000000000000
agsout =

   1.071449970512459e-02   1.071449970512455e-02

ans = 1.553440262833828e-20
ans = 8.573849833734308e-21
nbcr = 2
lambda0 = 3.501084296647659
kmpl_prod = 0.180000000000000
 Time :      1.00000
 Time :      2.00000
 Time :      3.01000
 Time :      4.01000
 Time :      5.01000
 Time :      6.01000
 Time :      7.01000
 Time :      8.01000
 Time :      9.01000
 Time :     10.01000
 Time :     11.01000
 Time :     12.01000
 Time :     13.01000
 Time :     14.01000
 Time :     15.01000
 Time :     16.01000
 Time :     17.01000
 Time :     18.00000
 Time :     19.00000
 Time :     20.00000
 Time :     21.00000
 Time :     22.00000
 Time :     23.00000
 Time :     24.00000
 Time :     25.00000
 Time :     26.00000
 Time :     27.00000
 Time :     28.00000
 Time :     29.00000
 Time :     30.00000
 Time :     31.00000
 Time :     32.00000
 Time :     33.00000
 Time :     34.00000
 Time :     35.00000
dtime = 5.212504416704178
mbcr =

   0.500000000000000   0.712982530484288

agsout =

   1.071449970512459e-02   1.071449970512455e-02
   3.077427646440571e-03   3.077427646440586e-03

ans = -6.266306730395461e-21
ans = 6.035419941916597e-21
nbcr = 2
lambda0 = 3.501084296647659
kmpl_prod = 0.180000000000000
 Time :      1.00000
 Time :      2.00000
 Time :      3.01000
 Time :      4.01000
 Time :      5.01000
 Time :      6.01000
 Time :      7.01000
 Time :      8.01000
 Time :      9.01000
 Time :     10.01000
 Time :     11.01000
 Time :     12.01000
 Time :     13.01000
 Time :     14.01000
 Time :     15.01000
 Time :     16.01000
 Time :     17.01000
 Time :     18.00000
 Time :     19.00000
 Time :     20.00000
 Time :     21.00000
 Time :     22.00000
 Time :     23.00000
 Time :     24.00000
 Time :     25.00000
 Time :     26.00000
 Time :     27.00000
 Time :     28.00000
 Time :     29.00000
 Time :     30.00000
 Time :     31.00000
 Time :     32.00000
 Time :     33.00000
 Time :     34.00000
 Time :     35.00000
dtime = 5.142136663198471
mbcr =

   0.500000000000000   0.712982530484288   0.750545555142976

agsout =

   1.071449970512459e-02   1.071449970512455e-02
   3.077427646440571e-03   3.077427646440586e-03
   1.579554790981247e-03   1.579554790981290e-03

ans = 1.199577324324401e-20
ans = 1.550459585351152e-21
nbcr = 2
lambda0 = 3.501084296647659
kmpl_prod = 0.180000000000000
 Time :      1.00000
 Time :      2.00000
 Time :      3.01000
 Time :      4.01000
 Time :      5.01000
 Time :      6.01000
 Time :      7.01000
 Time :      8.01000
 Time :      9.01000
 Time :     10.01000
 Time :     11.01000
 Time :     12.01000
 Time :     13.01000
 Time :     14.01000
 Time :     15.01000
 Time :     16.01000
 Time :     17.01000
 Time :     18.00000
 Time :     19.00000
 Time :     20.00000
 Time :     21.00000
 Time :     22.00000
 Time :     23.00000
 Time :     24.00000
 Time :     25.00000
 Time :     26.00000
 Time :     27.00000
 Time :     28.00000
 Time :     29.00000
 Time :     30.00000
 Time :     31.00000
 Time :     32.00000
 Time :     33.00000
 Time :     34.00000
 Time :     35.00000
dtime = 5.214274674654007
mbcr =

   0.500000000000000   0.712982530484288   0.750545555142976   0.769825188970010

agsout =

   1.071449970512459e-02   1.071449970512455e-02
   3.077427646440571e-03   3.077427646440586e-03
   1.579554790981247e-03   1.579554790981290e-03
   7.846780831390618e-04   7.846780831390797e-04

ans = 2.461689502957810e-21
ans = 8.392603575531429e-21
nbcr = 2
lambda0 = 3.501084296647659
kmpl_prod = 0.180000000000000
 Time :      1.00000
 Time :      2.00000
 Time :      3.01000
 Time :      4.01000
 Time :      5.01000
 Time :      6.01000
 Time :      7.01000
 Time :      8.01000
 Time :      9.01000
 Time :     10.01000
 Time :     11.01000
 Time :     12.01000
 Time :     13.01000
 Time :     14.01000
 Time :     15.01000
 Time :     16.01000
 Time :     17.01000
 Time :     18.00000
 Time :     19.00000
 Time :     20.00000
 Time :     21.00000
 Time :     22.00000
 Time :     23.00000
 Time :     24.00000
 Time :     25.00000
 Time :     26.00000
 Time :     27.00000
 Time :     28.00000
 Time :     29.00000
 Time :     30.00000
 Time :     31.00000
 Time :     32.00000
 Time :     33.00000
 Time :     34.00000
 Time :     35.00000
dtime = 5.180327966809273
mbcr =

 Columns 1 through 4:

   0.500000000000000   0.712982530484288   0.750545555142976   0.769825188970010

 Column 5:

   0.736308419746481

agsout =

   1.071449970512459e-02   1.071449970512455e-02
   3.077427646440571e-03   3.077427646440586e-03
   1.579554790981247e-03   1.579554790981290e-03
   7.846780831390618e-04   7.846780831390797e-04
   2.062067814337253e-03   2.062067814337308e-03

ans = 1.295861147625573e-20
ans = -1.267085602066385e-21
nbcr = 2
lambda0 = 3.501084296647659
kmpl_prod = 0.180000000000000
 Time :      1.00000
 Time :      2.00000
 Time :      3.01000
 Time :      4.01000
 Time :      5.01000
 Time :      6.01000
 Time :      7.01000
 Time :      8.01000
 Time :      9.01000
 Time :     10.01000
 Time :     11.01000
 Time :     12.01000
 Time :     13.01000
 Time :     14.01000
 Time :     15.01000
 Time :     16.01000
 Time :     17.01000
 Time :     18.00000
 Time :     19.00000
 Time :     20.00000
 Time :     21.00000
 Time :     22.00000
 Time :     23.00000
 Time :     24.00000
 Time :     25.00000
 Time :     26.00000
 Time :     27.00000
 Time :     28.00000
 Time :     29.00000
 Time :     30.00000
 Time :     31.00000
 Time :     32.00000
 Time :     33.00000
 Time :     34.00000
 Time :     35.00000
dtime = 5.232902616262436
mbcr =

 Columns 1 through 4:

   0.500000000000000   0.712982530484288   0.750545555142976   0.769825188970010

 Columns 5 and 6:

   0.736308419746481   0.746603044327615

agsout =

   1.071449970512459e-02   1.071449970512455e-02
   3.077427646440571e-03   3.077427646440586e-03
   1.579554790981247e-03   1.579554790981290e-03
   7.846780831390618e-04   7.846780831390797e-04
   2.062067814337253e-03   2.062067814337308e-03
   1.854467747385687e-03   1.854467747385688e-03

ans = 3.060568266446202e-22
ans = -6.289118820726025e-21
dkps =

 Columns 1 through 3:

   7.527622083220308e+01   1.168033760568408e+00   1.804814029843435e+01

 Columns 4 through 6:

   7.674701877498806e+00   2.070270198919067e+01   1.919060435181698e+00

nbcr = 3
lambda0 = 3.501084296647659
kmpl_prod = 0.180000000000000
 Time :      1.00000
 Time :      2.00000
 Time :      3.01000
 Time :      4.01000
 Time :      5.01000
 Time :      6.01000
 Time :      7.01000
 Time :      8.01000
 Time :      9.01000
 Time :     10.01000
 Time :     11.01000
 Time :     12.01000
 Time :     13.01000
 Time :     14.01000
 Time :     15.01000
 Time :     16.01000
 Time :     17.01000
 Time :     18.00000
 Time :     19.00000
 Time :     20.00000
 Time :     21.00000
 Time :     22.00000
 Time :     23.00000
 Time :     24.00000
 Time :     25.00000
 Time :     26.00000
 Time :     27.00000
 Time :     28.00000
 Time :     29.00000
 Time :     30.00000
 Time :     31.00000
 Time :     32.00000
 Time :     33.00000
 Time :     34.00000
 Time :     35.00000
dtime = 11.96115016937256
mbcr = 0.333333333333333
agsout =

   8.291246921948960e-03   8.291246921948903e-03   8.291246921948933e-03

ans = 7.085590353038022e-21
ans = 9.380615887263468e-21
ans = -7.833400400877172e-22
nbcr = 3
lambda0 = 3.501084296647659
kmpl_prod = 0.180000000000000
 Time :      1.00000
 Time :      2.00000
 Time :      3.01000
 Time :      4.01000
 Time :      5.01000
 Time :      6.01000
 Time :      7.01000
 Time :      8.01000
 Time :      9.01000
 Time :     10.01000
 Time :     11.01000
 Time :     12.01000
 Time :     13.01000
 Time :     14.01000
 Time :     15.01000
 Time :     16.01000
 Time :     17.01000
 Time :     18.00000
 Time :     19.00000
 Time :     20.00000
 Time :     21.00000
 Time :     22.00000
 Time :     23.00000
 Time :     24.00000
 Time :     25.00000
 Time :     26.00000
 Time :     27.00000
 Time :     28.00000
 Time :     29.00000
 Time :     30.00000
 Time :     31.00000
 Time :     32.00000
 Time :     33.00000
 Time :     34.00000
 Time :     35.00000
dtime = 12.13013939559460
mbcr =

   0.333333333333333   0.433530471355498

agsout =

   8.291246921948960e-03   8.291246921948903e-03   8.291246921948933e-03
   6.322035987075877e-03   6.322035987075873e-03   6.322035987075871e-03

ans = 9.034001361209607e-21
ans = 1.063462169589386e-20
ans = 1.063503528620013e-20
nbcr = 3
lambda0 = 3.501084296647659
kmpl_prod = 0.180000000000000
 Time :      1.00000
 Time :      2.00000
 Time :      3.01000
 Time :      4.01000
 Time :      5.01000
 Time :      6.01000
 Time :      7.01000
 Time :      8.01000
 Time :      9.01000
 Time :     10.01000
 Time :     11.01000
 Time :     12.01000
 Time :     13.01000
 Time :     14.01000
 Time :     15.01000
 Time :     16.01000
 Time :     17.01000
 Time :     18.00000
 Time :     19.00000
 Time :     20.00000
 Time :     21.00000
 Time :     22.00000
 Time :     23.00000
 Time :     24.00000
 Time :     25.00000
 Time :     26.00000
 Time :     27.00000
 Time :     28.00000
 Time :     29.00000
 Time :     30.00000
 Time :     31.00000
 Time :     32.00000
 Time :     33.00000
 Time :     34.00000
 Time :     35.00000
dtime = 12.45265826582909
mbcr =

   0.333333333333333   0.433530471355498   0.658373195235140

agsout =

   8.291246921948960e-03   8.291246921948903e-03   8.291246921948933e-03
   6.322035987075877e-03   6.322035987075873e-03   6.322035987075871e-03
   1.045107299213736e-03   1.045107299213699e-03   1.045107299213754e-03

ans = -2.054716641581721e-21
ans = 4.049423914662134e-21
ans = 7.436922393522849e-21
nbcr = 3
lambda0 = 3.501084296647659
kmpl_prod = 0.180000000000000
 Time :      1.00000
 Time :      2.00000
 Time :      3.01000
 Time :      4.01000
 Time :      5.01000
 Time :      6.01000
 Time :      7.01000
 Time :      8.01000
 Time :      9.01000
 Time :     10.01000
 Time :     11.01000
 Time :     12.01000
 Time :     13.01000
 Time :     14.01000
 Time :     15.01000
 Time :     16.01000
 Time :     17.01000
 Time :     18.00000
 Time :     19.00000
 Time :     20.00000
 Time :     21.00000
 Time :     22.00000
 Time :     23.00000
 Time :     24.00000
 Time :     25.00000
 Time :     26.00000
 Time :     27.00000
 Time :     28.00000
 Time :     29.00000
 Time :     30.00000
 Time :     31.00000
 Time :     32.00000
 Time :     33.00000
 Time :     34.00000
 Time :     35.00000
dtime = 12.66021095216274
mbcr =

   0.333333333333333   0.433530471355498   0.658373195235140   0.630978000903172

agsout =

   8.291246921948960e-03   8.291246921948903e-03   8.291246921948933e-03
   6.322035987075877e-03   6.322035987075873e-03   6.322035987075871e-03
   1.045107299213736e-03   1.045107299213699e-03   1.045107299213754e-03
   1.910850714667671e-03   1.910850714667708e-03   1.910850714667691e-03

ans = -1.488925102595450e-23
ans = 7.647930997906298e-21
ans = 1.103776884693689e-20
nbcr = 3
lambda0 = 3.501084296647659
kmpl_prod = 0.180000000000000
 Time :      1.00000
 Time :      2.00000
 Time :      3.01000
 Time :      4.01000
 Time :      5.01000
 Time :      6.01000
 Time :      7.01000
 Time :      8.01000
 Time :      9.01000
 Time :     10.01000
 Time :     11.01000
 Time :     12.01000
 Time :     13.01000
 Time :     14.01000
 Time :     15.01000
 Time :     16.01000
 Time :     17.01000
 Time :     18.00000
 Time :     19.00000
 Time :     20.00000
 Time :     21.00000
 Time :     22.00000
 Time :     23.00000
 Time :     24.00000
 Time :     25.00000
 Time :     26.00000
 Time :     27.00000
 Time :     28.00000
 Time :     29.00000
 Time :     30.00000
 Time :     31.00000
 Time :     32.00000
 Time :     33.00000
 Time :     34.00000
 Time :     35.00000
dtime = 12.23772279918194
mbcr =

 Columns 1 through 4:

   0.333333333333333   0.433530471355498   0.658373195235140   0.630978000903172

 Column 5:

   0.640660730790530

agsout =

   8.291246921948960e-03   8.291246921948903e-03   8.291246921948933e-03
   6.322035987075877e-03   6.322035987075873e-03   6.322035987075871e-03
   1.045107299213736e-03   1.045107299213699e-03   1.045107299213754e-03
   1.910850714667671e-03   1.910850714667708e-03   1.910850714667691e-03
   1.692930656135426e-03   1.692930656135393e-03   1.692930656135395e-03

ans = -4.069728613760896e-22
ans = 6.013086065377666e-22
ans = 6.023425823034578e-22
nbcr = 3
lambda0 = 3.501084296647659
kmpl_prod = 0.180000000000000
 Time :      1.00000
 Time :      2.00000
 Time :      3.01000
 Time :      4.01000
 Time :      5.01000
 Time :      6.01000
 Time :      7.01000
 Time :      8.01000
 Time :      9.01000
 Time :     10.01000
 Time :     11.01000
 Time :     12.01000
 Time :     13.01000
 Time :     14.01000
 Time :     15.01000
 Time :     16.01000
 Time :     17.01000
 Time :     18.00000
 Time :     19.00000
 Time :     20.00000
 Time :     21.00000
 Time :     22.00000
 Time :     23.00000
 Time :     24.00000
 Time :     25.00000
 Time :     26.00000
 Time :     27.00000
 Time :     28.00000
 Time :     29.00000
 Time :     30.00000
 Time :     31.00000
 Time :     32.00000
 Time :     33.00000
 Time :     34.00000
 Time :     35.00000
dtime = 11.95696592330933
mbcr =

 Columns 1 through 4:

   0.333333333333333   0.433530471355498   0.658373195235140   0.630978000903172

 Columns 5 and 6:

   0.640660730790530   0.607222592269574

agsout =

   8.291246921948960e-03   8.291246921948903e-03   8.291246921948933e-03
   6.322035987075877e-03   6.322035987075873e-03   6.322035987075871e-03
   1.045107299213736e-03   1.045107299213699e-03   1.045107299213754e-03
   1.910850714667671e-03   1.910850714667708e-03   1.910850714667691e-03
   1.692930656135426e-03   1.692930656135393e-03   1.692930656135395e-03
   2.583172934189037e-03   2.583172934189084e-03   2.583172934189106e-03

ans = 5.533631502826617e-21
ans = 3.972793385727338e-21
ans = 1.074949640346216e-20
dkps =

 Columns 1 through 3:

   5.930210032786479e+01   6.603609983514620e-01   5.873011698682657e+00

 Columns 4 through 6:

   1.671348754170381e+01   8.990190636323211e+00   2.232872538952167e+01

nbcr = 4
lambda0 = 3.501084296647659
kmpl_prod = 0.180000000000000
 Time :      1.00000
 Time :      2.00000
 Time :      3.01000
 Time :      4.01000
 Time :      5.01000
 Time :      6.01000
 Time :      7.01000
 Time :      8.01000
 Time :      9.01000
 Time :     10.01000
 Time :     11.01000
 Time :     12.01000
 Time :     13.01000
 Time :     14.01000
 Time :     15.01000
 Time :     16.01000
 Time :     17.01000
 Time :     18.00000
 Time :     19.00000
 Time :     20.00000
 Time :     21.00000
 Time :     22.00000
 Time :     23.00000
 Time :     24.00000
 Time :     25.00000
 Time :     26.00000
 Time :     27.00000
 Time :     28.00000
 Time :     29.00000
 Time :     30.00000
 Time :     31.00000
 Time :     32.00000
 Time :     33.00000
 Time :     34.00000
 Time :     35.00000
dtime = 18.16882118582726
mbcr = 0.250000000000000
agsout =

 Columns 1 through 3:

   7.111158578391398e-03   7.111158578391355e-03   7.111158578391386e-03

 Column 4:

   7.111158578391386e-03

ans = -5.313032773216381e-21
ans = 1.579922724794526e-20
ans = 9.027228819944329e-21
ans = 9.027228819944329e-21
nbcr = 4
lambda0 = 3.501084296647659
kmpl_prod = 0.180000000000000
 Time :      1.00000
 Time :      2.00000
 Time :      3.01000
 Time :      4.01000
 Time :      5.01000
 Time :      6.01000
 Time :      7.01000
 Time :      8.01000
 Time :      9.01000
 Time :     10.01000
 Time :     11.01000
 Time :     12.01000
 Time :     13.01000
 Time :     14.01000
 Time :     15.01000
 Time :     16.01000
 Time :     17.01000
 Time :     18.00000
 Time :     19.00000
 Time :     20.00000
 Time :     21.00000
 Time :     22.00000
 Time :     23.00000
 Time :     24.00000
 Time :     25.00000
 Time :     26.00000
 Time :     27.00000
 Time :     28.00000
 Time :     29.00000
 Time :     30.00000
 Time :     31.00000
 Time :     32.00000
 Time :     33.00000
 Time :     34.00000
 Time :     35.00000
dtime = 18.09644177556038
mbcr =

   0.250000000000000   0.387021264999692

agsout =

 Columns 1 through 3:

   7.111158578391398e-03   7.111158578391355e-03   7.111158578391386e-03
   5.118077126618614e-03   5.118077126618509e-03   5.118077126618542e-03

 Column 4:

   7.111158578391386e-03
   5.118077126618532e-03

ans = 2.806727215968992e-21
ans = 3.630340612130385e-21
ans = 3.631064395166369e-21
ans = 3.628634552116994e-21
nbcr = 4
lambda0 = 3.501084296647659
kmpl_prod = 0.180000000000000
 Time :      1.00000
 Time :      2.00000
 Time :      3.01000
 Time :      4.01000
 Time :      5.01000
 Time :      6.01000
 Time :      7.01000
 Time :      8.01000
 Time :      9.01000
 Time :     10.01000
 Time :     11.01000
 Time :     12.01000
 Time :     13.01000
 Time :     14.01000
 Time :     15.01000
 Time :     16.01000
 Time :     17.01000
 Time :     18.00000
 Time :     19.00000
 Time :     20.00000
 Time :     21.00000
 Time :     22.00000
 Time :     23.00000
 Time :     24.00000
 Time :     25.00000
 Time :     26.00000
 Time :     27.00000
 Time :     28.00000
 Time :     29.00000
 Time :     30.00000
 Time :     31.00000
 Time :     32.00000
 Time :     33.00000
 Time :     34.00000
 Time :     35.00000
dtime = 19.08814832568169
mbcr =

   0.250000000000000   0.387021264999692   0.620800683118698

agsout =

 Columns 1 through 3:

   7.111158578391398e-03   7.111158578391355e-03   7.111158578391386e-03
   5.118077126618614e-03   5.118077126618509e-03   5.118077126618542e-03
   6.467358078957569e-04   6.467358078957367e-04   6.467358078957216e-04

 Column 4:

   7.111158578391386e-03
   5.118077126618532e-03
   6.467358078957511e-04

ans = 1.040262338346688e-20
ans = 3.695138580896550e-21
ans = 3.694750839984416e-21
ans = 3.072911352149142e-22
nbcr = 4
lambda0 = 3.501084296647659
kmpl_prod = 0.180000000000000
 Time :      1.00000
 Time :      2.00000
 Time :      3.01000
 Time :      4.01000
 Time :      5.01000
 Time :      6.01000
 Time :      7.01000
 Time :      8.01000
 Time :      9.01000
 Time :     10.01000
 Time :     11.01000
 Time :     12.01000
 Time :     13.01000
 Time :     14.01000
 Time :     15.01000
 Time :     16.01000
 Time :     17.01000
 Time :     18.00000
 Time :     19.00000
 Time :     20.00000
 Time :     21.00000
 Time :     22.00000
 Time :     23.00000
 Time :     24.00000
 Time :     25.00000
 Time :     26.00000
 Time :     27.00000
 Time :     28.00000
 Time :     29.00000
 Time :     30.00000
 Time :     31.00000
 Time :     32.00000
 Time :     33.00000
 Time :     34.00000
 Time :     35.00000
dtime = 18.94188076257706
mbcr =

   0.250000000000000   0.387021264999692   0.620800683118698   0.615309274462074

agsout =

 Columns 1 through 3:

   7.111158578391398e-03   7.111158578391355e-03   7.111158578391386e-03
   5.118077126618614e-03   5.118077126618509e-03   5.118077126618542e-03
   6.467358078957569e-04   6.467358078957367e-04   6.467358078957216e-04
   8.481094633064424e-04   8.481094633063967e-04   8.481094633064391e-04

 Column 4:

   7.111158578391386e-03
   5.118077126618532e-03
   6.467358078957511e-04
   8.481094633064404e-04

ans = -1.985233470127266e-22
ans = 6.195608637416320e-21
ans = 2.806934011122130e-21
ans = 6.194238619526779e-21
nbcr = 4
lambda0 = 3.501084296647659
kmpl_prod = 0.180000000000000
 Time :      1.00000
 Time :      2.00000
 Time :      3.01000
 Time :      4.01000
 Time :      5.01000
 Time :      6.01000
 Time :      7.01000
 Time :      8.01000
 Time :      9.01000
 Time :     10.01000
 Time :     11.01000
 Time :     12.01000
 Time :     13.01000
 Time :     14.01000
 Time :     15.01000
 Time :     16.01000
 Time :     17.01000
 Time :     18.00000
 Time :     19.00000
 Time :     20.00000
 Time :     21.00000
 Time :     22.00000
 Time :     23.00000
 Time :     24.00000
 Time :     25.00000
 Time :     26.00000
 Time :     27.00000
 Time :     28.00000
 Time :     29.00000
 Time :     30.00000
 Time :     31.00000
 Time :     32.00000
 Time :     33.00000
 Time :     34.00000
 Time :     35.00000
dtime = 18.34389567375183
mbcr =

 Columns 1 through 4:

   0.250000000000000   0.387021264999692   0.620800683118698   0.615309274462074

 Column 5:

   0.577460648789641

agsout =

 Columns 1 through 3:

   7.111158578391398e-03   7.111158578391355e-03   7.111158578391386e-03
   5.118077126618614e-03   5.118077126618509e-03   5.118077126618542e-03
   6.467358078957569e-04   6.467358078957367e-04   6.467358078957216e-04
   8.481094633064424e-04   8.481094633063967e-04   8.481094633064391e-04
   1.726579198590331e-03   1.726579198590314e-03   1.726579198590372e-03

 Column 4:

   7.111158578391386e-03
   5.118077126618532e-03
   6.467358078957511e-04
   8.481094633064404e-04
   1.726579198590372e-03

ans = 9.118011892172024e-21
ans = 4.483913456102682e-21
ans = -2.291316146166029e-21
ans = 4.485076678839085e-21
nbcr = 4
lambda0 = 3.501084296647659
kmpl_prod = 0.180000000000000
 Time :      1.00000
 Time :      2.00000
 Time :      3.01000
 Time :      4.01000
 Time :      5.01000
 Time :      6.01000
 Time :      7.01000
 Time :      8.01000
 Time :      9.01000
 Time :     10.01000
 Time :     11.01000
 Time :     12.01000
 Time :     13.01000
 Time :     14.01000
 Time :     15.01000
 Time :     16.01000
 Time :     17.01000
 Time :     18.00000
 Time :     19.00000
 Time :     20.00000
 Time :     21.00000
 Time :     22.00000
 Time :     23.00000
 Time :     24.00000
 Time :     25.00000
 Time :     26.00000
 Time :     27.00000
 Time :     28.00000
 Time :     29.00000
 Time :     30.00000
 Time :     31.00000
 Time :     32.00000
 Time :     33.00000
 Time :     34.00000
 Time :     35.00000
dtime = 18.33849437534809
mbcr =

 Columns 1 through 4:

   0.250000000000000   0.387021264999692   0.620800683118698   0.615309274462074

 Columns 5 and 6:

   0.577460648789641   0.577246691283030

agsout =

 Columns 1 through 3:

   7.111158578391398e-03   7.111158578391355e-03   7.111158578391386e-03
   5.118077126618614e-03   5.118077126618509e-03   5.118077126618542e-03
   6.467358078957569e-04   6.467358078957367e-04   6.467358078957216e-04
   8.481094633064424e-04   8.481094633063967e-04   8.481094633064391e-04
   1.726579198590331e-03   1.726579198590314e-03   1.726579198590372e-03
   1.761778821134713e-03   1.761778821134701e-03   1.761778821134620e-03

 Column 4:

   7.111158578391386e-03
   5.118077126618532e-03
   6.467358078957511e-04
   8.481094633064404e-04
   1.726579198590372e-03
   1.761778821134618e-03

ans = 2.911675756186657e-21
ans = 1.242528677631217e-21
ans = 1.240331479129123e-21
ans = 1.240383177917407e-21
dkps =

 Columns 1 through 3:

   3.901386695261276e+00   1.485969701742334e+01   2.920826863752567e+01

 Columns 4 through 6:

   2.048530847165404e+00   8.511841195129104e+00   1.241155735302712e+01

nbcr = 5
lambda0 = 3.501084296647659
kmpl_prod = 0.180000000000000
 Time :      1.00000
 Time :      2.00000
 Time :      3.01000
 Time :      4.01000
 Time :      5.01000
 Time :      6.01000
 Time :      7.01000
 Time :      8.01000
 Time :      9.01000
 Time :     10.01000
 Time :     11.01000
 Time :     12.01000
 Time :     13.01000
 Time :     14.01000
 Time :     15.01000
 Time :     16.01000
 Time :     17.01000
 Time :     18.00000
 Time :     19.00000
 Time :     20.00000
 Time :     21.00000
 Time :     22.00000
 Time :     23.00000
 Time :     24.00000
 Time :     25.00000
 Time :     26.00000
 Time :     27.00000
 Time :     28.00000
 Time :     29.00000
 Time :     30.00000
 Time :     31.00000
 Time :     32.00000
 Time :     33.00000
 Time :     34.00000
 Time :     35.00000
dtime = 23.03811684250832
mbcr = 0.200000000000000
agsout =

 Columns 1 through 3:

   6.412471217994505e-03   6.412471217994479e-03   6.412471217994676e-03

 Columns 4 and 5:

   6.412471217994509e-03   6.412471217994673e-03

ans = 3.321789318951034e-21
ans = 5.035461978916556e-22
ans = -2.879777603815081e-21
ans = 5.045284748690623e-22
ans = -2.880708182004203e-21
nbcr = 5
lambda0 = 3.501084296647659
kmpl_prod = 0.180000000000000
 Time :      1.00000
 Time :      2.00000
 Time :      3.01000
 Time :      4.01000
 Time :      5.01000
 Time :      6.01000
 Time :      7.01000
 Time :      8.01000
 Time :      9.01000
 Time :     10.01000
 Time :     11.01000
 Time :     12.01000
 Time :     13.01000
 Time :     14.01000
 Time :     15.01000
 Time :     16.01000
 Time :     17.01000
 Time :     18.00000
 Time :     19.00000
 Time :     20.00000
 Time :     21.00000
 Time :     22.00000
 Time :     23.00000
 Time :     24.00000
 Time :     25.00000
 Time :     26.00000
 Time :     27.00000
 Time :     28.00000
 Time :     29.00000
 Time :     30.00000
 Time :     31.00000
 Time :     32.00000
 Time :     33.00000
 Time :     34.00000
 Time :     35.00000
dtime = 23.24842549860477
mbcr =

   0.200000000000000   0.512137262465262

agsout =

 Columns 1 through 3:

   6.412471217994505e-03   6.412471217994479e-03   6.412471217994676e-03
   1.938305184806774e-03   1.938305184806758e-03   1.938305184806733e-03

 Columns 4 and 5:

   6.412471217994509e-03   6.412471217994673e-03
   1.938305184806688e-03   1.938305184806722e-03

ans = 1.628387753871890e-20
ans = 1.942271777062794e-21
ans = 5.325750675134384e-21
ans = 1.938239271576598e-21
ans = 5.326577855746937e-21
nbcr = 5
lambda0 = 3.501084296647659
kmpl_prod = 0.180000000000000
 Time :      1.00000
 Time :      2.00000
 Time :      3.01000
 Time :      4.01000
 Time :      5.01000
 Time :      6.01000
 Time :      7.01000
 Time :      8.01000
 Time :      9.01000
 Time :     10.01000
 Time :     11.01000
 Time :     12.01000
 Time :     13.01000
 Time :     14.01000
 Time :     15.01000
 Time :     16.01000
 Time :     17.01000
 Time :     18.00000
 Time :     19.00000
 Time :     20.00000
 Time :     21.00000
 Time :     22.00000
 Time :     23.00000
 Time :     24.00000
 Time :     25.00000
 Time :     26.00000
 Time :     27.00000
 Time :     28.00000
 Time :     29.00000
 Time :     30.00000
 Time :     31.00000
 Time :     32.00000
 Time :     33.00000
 Time :     34.00000
 Time :     35.00000
dtime = 23.06198514997959
mbcr =

   0.200000000000000   0.512137262465262   0.522316809595501

agsout =

 Columns 1 through 3:

   6.412471217994505e-03   6.412471217994479e-03   6.412471217994676e-03
   1.938305184806774e-03   1.938305184806758e-03   1.938305184806733e-03
   1.929311347972477e-03   1.929311347972454e-03   1.929311347972505e-03

 Columns 4 and 5:

   6.412471217994509e-03   6.412471217994673e-03
   1.938305184806688e-03   1.938305184806722e-03
   1.929311347972511e-03   1.929311347972501e-03

ans = 4.334426409777865e-22
ans = 6.008381475643770e-21
ans = 6.007037307148372e-21
ans = 6.006261825324103e-21
ans = 2.617923241153763e-21
nbcr = 5
lambda0 = 3.501084296647659
kmpl_prod = 0.180000000000000
 Time :      1.00000
 Time :      2.00000
 Time :      3.01000
 Time :      4.01000
 Time :      5.01000
 Time :      6.01000
 Time :      7.01000
 Time :      8.01000
 Time :      9.01000
 Time :     10.01000
 Time :     11.01000
 Time :     12.01000
 Time :     13.01000
 Time :     14.01000
 Time :     15.01000
 Time :     16.01000
 Time :     17.01000
 Time :     18.00000
 Time :     19.00000
 Time :     20.00000
 Time :     21.00000
 Time :     22.00000
 Time :     23.00000
 Time :     24.00000
 Time :     25.00000
 Time :     26.00000
 Time :     27.00000
 Time :     28.00000
 Time :     29.00000
 Time :     30.00000
 Time :     31.00000
 Time :     32.00000
 Time :     33.00000
 Time :     34.00000
 Time :     35.00000
dtime = 23.18287566304207
mbcr =

   0.200000000000000   0.512137262465262   0.522316809595501   0.485456484185732

agsout =

 Columns 1 through 3:

   6.412471217994505e-03   6.412471217994479e-03   6.412471217994676e-03
   1.938305184806774e-03   1.938305184806758e-03   1.938305184806733e-03
   1.929311347972477e-03   1.929311347972454e-03   1.929311347972505e-03
   2.682493629614840e-03   2.682493629614803e-03   2.682493629614797e-03

 Columns 4 and 5:

   6.412471217994509e-03   6.412471217994673e-03
   1.938305184806688e-03   1.938305184806722e-03
   1.929311347972511e-03   1.929311347972501e-03
   2.682493629614797e-03   2.682493629614785e-03

ans = 9.511336273440989e-21
ans = 1.228709591522753e-20
ans = 8.898809029845472e-21
ans = 8.898809029845472e-21
ans = 8.896379186796097e-21
nbcr = 5
lambda0 = 3.501084296647659
kmpl_prod = 0.180000000000000
 Time :      1.00000
 Time :      2.00000
 Time :      3.01000
 Time :      4.01000
 Time :      5.01000
 Time :      6.01000
 Time :      7.01000
 Time :      8.01000
 Time :      9.01000
 Time :     10.01000
 Time :     11.01000
 Time :     12.01000
 Time :     13.01000
 Time :     14.01000
 Time :     15.01000
 Time :     16.01000
 Time :     17.01000
 Time :     18.00000
 Time :     19.00000
 Time :     20.00000
 Time :     21.00000
 Time :     22.00000
 Time :     23.00000
 Time :     24.00000
 Time :     25.00000
 Time :     26.00000
 Time :     27.00000
 Time :     28.00000
 Time :     29.00000
 Time :     30.00000
 Time :     31.00000
 Time :     32.00000
 Time :     33.00000
 Time :     34.00000
 Time :     35.00000
dtime = 23.67752194404602
mbcr =

 Columns 1 through 4:

   0.200000000000000   0.512137262465262   0.522316809595501   0.485456484185732

 Column 5:

   0.573638653876919

agsout =

 Columns 1 through 3:

   6.412471217994505e-03   6.412471217994479e-03   6.412471217994676e-03
   1.938305184806774e-03   1.938305184806758e-03   1.938305184806733e-03
   1.929311347972477e-03   1.929311347972454e-03   1.929311347972505e-03
   2.682493629614840e-03   2.682493629614803e-03   2.682493629614797e-03
   1.004366450846590e-03   1.004366450846590e-03   1.004366450846577e-03

 Columns 4 and 5:

   6.412471217994509e-03   6.412471217994673e-03
   1.938305184806688e-03   1.938305184806722e-03
   1.929311347972511e-03   1.929311347972501e-03
   2.682493629614797e-03   2.682493629614785e-03
   1.004366450846579e-03   1.004366450846577e-03

ans = 8.344598019434943e-21
ans = -7.566337385296184e-21
ans = -7.905778704475562e-22
ans = -7.908234396919079e-22
ans = -7.902676777178488e-22
nbcr = 5
lambda0 = 3.501084296647659
kmpl_prod = 0.180000000000000
 Time :      1.00000
 Time :      2.00000
 Time :      3.01000
 Time :      4.01000
 Time :      5.01000
 Time :      6.01000
 Time :      7.01000
 Time :      8.01000
 Time :      9.01000
 Time :     10.01000
 Time :     11.01000
 Time :     12.01000
 Time :     13.01000
 Time :     14.01000
 Time :     15.01000
 Time :     16.01000
 Time :     17.01000
 Time :     18.00000
 Time :     19.00000
 Time :     20.00000
 Time :     21.00000
 Time :     22.00000
 Time :     23.00000
 Time :     24.00000
 Time :     25.00000
 Time :     26.00000
 Time :     27.00000
 Time :     28.00000
 Time :     29.00000
 Time :     30.00000
 Time :     31.00000
 Time :     32.00000
 Time :     33.00000
 Time :     34.00000
 Time :     35.00000
dtime = 22.83307872712612
mbcr =

 Columns 1 through 4:

   0.200000000000000   0.512137262465262   0.522316809595501   0.485456484185732

 Columns 5 and 6:

   0.573638653876919   0.562979827300932

agsout =

 Columns 1 through 3:

   6.412471217994505e-03   6.412471217994479e-03   6.412471217994676e-03
   1.938305184806774e-03   1.938305184806758e-03   1.938305184806733e-03
   1.929311347972477e-03   1.929311347972454e-03   1.929311347972505e-03
   2.682493629614840e-03   2.682493629614803e-03   2.682493629614797e-03
   1.004366450846590e-03   1.004366450846590e-03   1.004366450846577e-03
   1.146452739068376e-03   1.146452739068412e-03   1.146452739068431e-03

 Columns 4 and 5:

   6.412471217994509e-03   6.412471217994673e-03
   1.938305184806688e-03   1.938305184806722e-03
   1.929311347972511e-03   1.929311347972501e-03
   2.682493629614797e-03   2.682493629614785e-03
   1.004366450846579e-03   1.004366450846577e-03
   1.146452739068360e-03   1.146452739068359e-03

ans = 5.207929136633862e-21
ans = 1.873408991067754e-21
ans = 5.259446979159430e-21
ans = 8.645252322703826e-21
ans = 8.645252322703826e-21
dkps =

 Columns 1 through 3:

   4.661411814870638e+00   1.209195057094361e+01   2.727266308546884e+02

 Columns 4 through 6:

   6.640872456675632e+01   2.600932245628841e+00   2.625863826719446e+01

nbcr = 7
lambda0 = 3.501084296647659
kmpl_prod = 0.180000000000000
 Time :      1.00000
 Time :      2.00000
 Time :      3.01000
 Time :      4.01000
 Time :      5.01000
 Time :      6.01000
 Time :      7.01000
 Time :      8.01000
 Time :      9.01000
 Time :     10.01000
 Time :     11.01000
 Time :     12.01000
 Time :     13.01000
 Time :     14.01000
 Time :     15.01000
 Time :     16.01000
 Time :     17.01000
 Time :     18.00000
 Time :     19.00000
 Time :     20.00000
 Time :     21.00000
 Time :     22.00000
 Time :     23.00000
 Time :     24.00000
 Time :     25.00000
 Time :     26.00000
 Time :     27.00000
 Time :     28.00000
 Time :     29.00000
 Time :     30.00000
 Time :     31.00000
 Time :     32.00000
 Time :     33.00000
 Time :     34.00000
 Time :     35.00000
dtime = 32.38444514572620
mbcr = 0.142857142857143
agsout =

 Columns 1 through 3:

   5.620669024814049e-03   5.620669024814032e-03   5.620669024814062e-03

 Columns 4 through 6:

   5.620669024814092e-03   5.620669024814003e-03   5.620669024814083e-03

 Column 7:

   5.620669024814048e-03

ans = 1.193223543244228e-20
ans = 1.019251950787841e-20
ans = 6.802216369753254e-21
ans = 1.020110150673364e-20
ans = 1.020410003645415e-20
ans = 1.019830977216628e-20
ans = 3.424837928699242e-21
nbcr = 7
lambda0 = 3.501084296647659
kmpl_prod = 0.180000000000000
 Time :      1.00000
 Time :      2.00000
 Time :      3.01000
 Time :      4.01000
 Time :      5.01000
 Time :      6.01000
 Time :      7.01000
 Time :      8.01000
 Time :      9.01000
 Time :     10.01000
 Time :     11.01000
 Time :     12.01000
 Time :     13.01000
 Time :     14.01000
 Time :     15.01000
 Time :     16.01000
 Time :     17.01000
 Time :     18.00000
 Time :     19.00000
 Time :     20.00000
 Time :     21.00000
 Time :     22.00000
 Time :     23.00000
 Time :     24.00000
 Time :     25.00000
 Time :     26.00000
 Time :     27.00000
 Time :     28.00000
 Time :     29.00000
 Time :     30.00000
 Time :     31.00000
 Time :     32.00000
 Time :     33.00000
 Time :     34.00000
 Time :     35.00000
dtime = 32.40283168852329
mbcr =

   0.142857142857143   0.454382438557897

agsout =

 Columns 1 through 3:

   5.620669024814049e-03   5.620669024814032e-03   5.620669024814062e-03
   1.982347396720384e-03   1.982347396720459e-03   1.982347396720418e-03

 Columns 4 through 6:

   5.620669024814092e-03   5.620669024814003e-03   5.620669024814083e-03
   1.982347396720451e-03   1.982347396720453e-03   1.982347396720451e-03

 Column 7:

   5.620669024814048e-03
   1.982347396720451e-03

ans = -1.611347833253298e-21
ans = 1.024380470585669e-20
ans = 6.854070254402672e-21
ans = 6.859705422325689e-21
ans = 6.857947663524014e-21
ans = 3.467851320551999e-21
ans = 6.859705422325689e-21
nbcr = 7
lambda0 = 3.501084296647659
kmpl_prod = 0.180000000000000
 Time :      1.00000
 Time :      2.00000
 Time :      3.01000
 Time :      4.01000
 Time :      5.01000
 Time :      6.01000
 Time :      7.01000
 Time :      8.01000
 Time :      9.01000
 Time :     10.01000
 Time :     11.01000
 Time :     12.01000
 Time :     13.01000
 Time :     14.01000
 Time :     15.01000
 Time :     16.01000
 Time :     17.01000
 Time :     18.00000
 Time :     19.00000
 Time :     20.00000
 Time :     21.00000
 Time :     22.00000
 Time :     23.00000
 Time :     24.00000
 Time :     25.00000
 Time :     26.00000
 Time :     27.00000
 Time :     28.00000
 Time :     29.00000
 Time :     30.00000
 Time :     31.00000
 Time :     32.00000
 Time :     33.00000
 Time :     34.00000
 Time :     35.00000
dtime = 32.48561136424541
mbcr =

   0.142857142857143   0.454382438557897   0.477905482083227

agsout =

 Columns 1 through 3:

   5.620669024814049e-03   5.620669024814032e-03   5.620669024814062e-03
   1.982347396720384e-03   1.982347396720459e-03   1.982347396720418e-03
   1.783338656363820e-03   1.783338656363766e-03   1.783338656363824e-03

 Columns 4 through 6:

   5.620669024814092e-03   5.620669024814003e-03   5.620669024814083e-03
   1.982347396720451e-03   1.982347396720453e-03   1.982347396720451e-03
   1.783338656363811e-03   1.783338656363761e-03   1.783338656363841e-03

 Column 7:

   5.620669024814048e-03
   1.982347396720451e-03
   1.783338656363850e-03

ans = 1.285438671907405e-21
ans = 2.178586938311537e-22
ans = -6.563781558184844e-21
ans = 2.155322483583483e-22
ans = 2.149118628989335e-22
ans = 2.189960671734141e-22
ans = -6.564970630315389e-21
nbcr = 7
lambda0 = 3.501084296647659
kmpl_prod = 0.180000000000000
 Time :      1.00000
 Time :      2.00000
 Time :      3.01000
 Time :      4.01000
 Time :      5.01000
 Time :      6.01000
 Time :      7.01000
 Time :      8.01000
 Time :      9.01000
 Time :     10.01000
 Time :     11.01000
 Time :     12.01000
 Time :     13.01000
 Time :     14.01000
 Time :     15.01000
 Time :     16.01000
 Time :     17.01000
 Time :     18.00000
 Time :     19.00000
 Time :     20.00000
 Time :     21.00000
 Time :     22.00000
 Time :     23.00000
 Time :     24.00000
 Time :     25.00000
 Time :     26.00000
 Time :     27.00000
 Time :     28.00000
 Time :     29.00000
 Time :     30.00000
 Time :     31.00000
 Time :     32.00000
 Time :     33.00000
 Time :     34.00000
 Time :     35.00000
dtime = 32.32134953141212
mbcr =

   0.142857142857143   0.454382438557897   0.477905482083227   0.262319039411328

agsout =

 Columns 1 through 3:

   5.620669024814049e-03   5.620669024814032e-03   5.620669024814062e-03
   1.982347396720384e-03   1.982347396720459e-03   1.982347396720418e-03
   1.783338656363820e-03   1.783338656363766e-03   1.783338656363824e-03
   4.623487659977923e-03   4.623487659977843e-03   4.623487659977867e-03

 Columns 4 through 6:

   5.620669024814092e-03   5.620669024814003e-03   5.620669024814083e-03
   1.982347396720451e-03   1.982347396720453e-03   1.982347396720451e-03
   1.783338656363811e-03   1.783338656363761e-03   1.783338656363841e-03
   4.623487659977906e-03   4.623487659977883e-03   4.623487659977925e-03

 Column 7:

   5.620669024814048e-03
   1.982347396720451e-03
   1.783338656363850e-03
   4.623487659977866e-03

ans = -7.060451817234652e-21
ans = 4.509168314179692e-22
ans = 7.224595470038144e-21
ans = 4.485386871568793e-22
ans = 1.060673019961434e-20
ans = 4.450231695535289e-22
ans = 7.225526048227266e-21
nbcr = 7
lambda0 = 3.501084296647659
kmpl_prod = 0.180000000000000
 Time :      1.00000
 Time :      2.00000
 Time :      3.01000
 Time :      4.01000
 Time :      5.01000
 Time :      6.01000
 Time :      7.01000
 Time :      8.01000
 Time :      9.01000
 Time :     10.01000
 Time :     11.01000
 Time :     12.01000
 Time :     13.01000
 Time :     14.01000
 Time :     15.01000
 Time :     16.01000
 Time :     17.01000
 Time :     18.00000
 Time :     19.00000
 Time :     20.00000
 Time :     21.00000
 Time :     22.00000
 Time :     23.00000
 Time :     24.00000
 Time :     25.00000
 Time :     26.00000
 Time :     27.00000
 Time :     28.00000
 Time :     29.00000
 Time :     30.00000
 Time :     31.00000
 Time :     32.00000
 Time :     33.00000
 Time :     34.00000
 Time :     35.00000
dtime = 32.37611688673496
mbcr =

 Columns 1 through 4:

   0.142857142857143   0.454382438557897   0.477905482083227   0.262319039411328

 Column 5:

   0.319256475822620

agsout =

 Columns 1 through 3:

   5.620669024814049e-03   5.620669024814032e-03   5.620669024814062e-03
   1.982347396720384e-03   1.982347396720459e-03   1.982347396720418e-03
   1.783338656363820e-03   1.783338656363766e-03   1.783338656363824e-03
   4.623487659977923e-03   4.623487659977843e-03   4.623487659977867e-03
   3.951416304608824e-03   3.951416304608776e-03   3.951416304608787e-03

 Columns 4 through 6:

   5.620669024814092e-03   5.620669024814003e-03   5.620669024814083e-03
   1.982347396720451e-03   1.982347396720453e-03   1.982347396720451e-03
   1.783338656363811e-03   1.783338656363761e-03   1.783338656363841e-03
   4.623487659977906e-03   4.623487659977883e-03   4.623487659977925e-03
   3.951416304608771e-03   3.951416304608759e-03   3.951416304608759e-03

 Column 7:

   5.620669024814048e-03
   1.982347396720451e-03
   1.783338656363850e-03
   4.623487659977866e-03
   3.951416304608791e-03

ans = -5.184974874635516e-21
ans = -1.773578630890260e-21
ans = 4.988416081577603e-21
ans = 1.606384749577980e-21
ans = 4.999583019847068e-21
ans = 4.995447116784303e-21
ans = 1.596044991921067e-21
nbcr = 7
lambda0 = 3.501084296647659
kmpl_prod = 0.180000000000000
 Time :      1.00000
 Time :      2.00000
 Time :      3.01000
 Time :      4.01000
 Time :      5.01000
 Time :      6.01000
 Time :      7.01000
 Time :      8.01000
 Time :      9.01000
 Time :     10.01000
 Time :     11.01000
 Time :     12.01000
 Time :     13.01000
 Time :     14.01000
 Time :     15.01000
 Time :     16.01000
 Time :     17.01000
 Time :     18.00000
 Time :     19.00000
 Time :     20.00000
 Time :     21.00000
 Time :     22.00000
 Time :     23.00000
 Time :     24.00000
 Time :     25.00000
 Time :     26.00000
 Time :     27.00000
 Time :     28.00000
 Time :     29.00000
 Time :     30.00000
 Time :     31.00000
 Time :     32.00000
 Time :     33.00000
 Time :     34.00000
 Time :     35.00000
dtime = 32.82673805952072
mbcr =

 Columns 1 through 4:

   0.142857142857143   0.454382438557897   0.477905482083227   0.262319039411328

 Columns 5 and 6:

   0.319256475822620   0.512675456573804

agsout =

 Columns 1 through 3:

   5.620669024814049e-03   5.620669024814032e-03   5.620669024814062e-03
   1.982347396720384e-03   1.982347396720459e-03   1.982347396720418e-03
   1.783338656363820e-03   1.783338656363766e-03   1.783338656363824e-03
   4.623487659977923e-03   4.623487659977843e-03   4.623487659977867e-03
   3.951416304608824e-03   3.951416304608776e-03   3.951416304608787e-03
   1.184067335452884e-03   1.184067335452908e-03   1.184067335452904e-03

 Columns 4 through 6:

   5.620669024814092e-03   5.620669024814003e-03   5.620669024814083e-03
   1.982347396720451e-03   1.982347396720453e-03   1.982347396720451e-03
   1.783338656363811e-03   1.783338656363761e-03   1.783338656363841e-03
   4.623487659977906e-03   4.623487659977883e-03   4.623487659977925e-03
   3.951416304608771e-03   3.951416304608759e-03   3.951416304608759e-03
   1.184067335452925e-03   1.184067335452836e-03   1.184067335452845e-03

 Column 7:

   5.620669024814048e-03
   1.982347396720451e-03
   1.783338656363850e-03
   4.623487659977866e-03
   3.951416304608791e-03
   1.184067335452898e-03

ans = 2.269783600845508e-21
ans = 6.199434347749377e-21
ans = 2.812284835709583e-21
ans = 6.194574661650628e-21
ans = 2.809674046901212e-21
ans = 6.197133751670714e-21
ans = 2.812414082680294e-21
dkps =

 Columns 1 through 3:

   9.715976690014266e+00   8.638767820724755e+00   2.304305920216702e+01

 Columns 4 through 6:

   4.789129764233220e+01   1.536887377830040e+01   2.295833613505541e+00

nbcr = 10
lambda0 = 3.501084296647659
kmpl_prod = 0.180000000000000
 Time :      1.00000
 Time :      2.00000
 Time :      3.01000
 Time :      4.01000
 Time :      5.01000
 Time :      6.01000
 Time :      7.01000
 Time :      8.01000
 Time :      9.01000
 Time :     10.01000
 Time :     11.01000
 Time :     12.01000
 Time :     13.01000
 Time :     14.01000
 Time :     15.01000
 Time :     16.01000
 Time :     17.01000
 Time :     18.00000
 Time :     19.00000
 Time :     20.00000
 Time :     21.00000
 Time :     22.00000
 Time :     23.00000
 Time :     24.00000
 Time :     25.00000
 Time :     26.00000
 Time :     27.00000
 Time :     28.00000
 Time :     29.00000
 Time :     30.00000
 Time :     31.00000
 Time :     32.00000
 Time :     33.00000
 Time :     34.00000
 Time :     35.00000
dtime = 46.87489159405231
mbcr = 0.100000000000000
agsout =

 Columns 1 through 3:

   5.029430349229995e-03   5.029430349229977e-03   5.029430349229972e-03

 Columns 4 through 6:

   5.029430349229999e-03   5.029430349230004e-03   5.029430349229964e-03

 Columns 7 through 9:

   5.029430349230032e-03   5.029430349229953e-03   5.029430349229961e-03

 Column 10:

   5.029430349230035e-03

ans = -5.432560371730294e-21
ans = 1.573607717805566e-21
ans = -1.814524071211635e-21
ans = 1.566783477752004e-21
ans = -1.815868239707034e-21
ans = 1.600697882866678e-21
ans = -1.801185783834218e-21
ans = 1.588807161561228e-21
ans = 1.566576682598865e-21
ans = 1.574124705688412e-21
nbcr = 10
lambda0 = 3.501084296647659
kmpl_prod = 0.180000000000000
 Time :      1.00000
 Time :      2.00000
 Time :      3.01000
 Time :      4.01000
 Time :      5.01000
 Time :      6.01000
 Time :      7.01000
 Time :      8.01000
 Time :      9.01000
 Time :     10.01000
 Time :     11.01000
 Time :     12.01000
 Time :     13.01000
 Time :     14.01000
 Time :     15.01000
 Time :     16.01000
 Time :     17.01000
 Time :     18.00000
 Time :     19.00000
 Time :     20.00000
 Time :     21.00000
 Time :     22.00000
 Time :     23.00000
 Time :     24.00000
 Time :     25.00000
 Time :     26.00000
 Time :     27.00000
 Time :     28.00000
 Time :     29.00000
 Time :     30.00000
 Time :     31.00000
 Time :     32.00000
 Time :     33.00000
 Time :     34.00000
 Time :     35.00000
dtime = 46.58962860703468
mbcr =

   0.100000000000000   0.378338650022273

agsout =

 Columns 1 through 3:

   5.029430349229995e-03   5.029430349229977e-03   5.029430349229972e-03
   2.434170994733178e-03   2.434170994733142e-03   2.434170994733165e-03

 Columns 4 through 6:

   5.029430349229999e-03   5.029430349230004e-03   5.029430349229964e-03
   2.434170994733181e-03   2.434170994733169e-03   2.434170994733200e-03

 Columns 7 through 9:

   5.029430349230032e-03   5.029430349229953e-03   5.029430349229961e-03
   2.434170994733201e-03   2.434170994733120e-03   2.434170994733205e-03

 Column 10:

   5.029430349230035e-03
   2.434170994733176e-03

ans = 3.130878618513210e-21
ans = 1.103272821507914e-20
ans = 7.643045462413407e-21
ans = 1.781560923801397e-20
ans = 1.781116314222150e-20
ans = 1.442086000409635e-20
ans = 1.103272821507914e-20
ans = 4.261427720720060e-21
ans = 1.780971557614953e-20
ans = 1.781560923801397e-20
nbcr = 10
lambda0 = 3.501084296647659
kmpl_prod = 0.180000000000000
 Time :      1.00000
 Time :      2.00000
 Time :      3.01000
 Time :      4.01000
 Time :      5.01000
 Time :      6.01000
 Time :      7.01000
 Time :      8.01000
 Time :      9.01000
 Time :     10.01000
 Time :     11.01000
 Time :     12.01000
 Time :     13.01000
 Time :     14.01000
 Time :     15.01000
 Time :     16.01000
 Time :     17.01000
 Time :     18.00000
 Time :     19.00000
 Time :     20.00000
 Time :     21.00000
 Time :     22.00000
 Time :     23.00000
 Time :     24.00000
 Time :     25.00000
 Time :     26.00000
 Time :     27.00000
 Time :     28.00000
 Time :     29.00000
 Time :     30.00000
 Time :     31.00000
 Time :     32.00000
 Time :     33.00000
 Time :     34.00000
 Time :     35.00000
dtime = 46.29019349813461
mbcr =

   0.100000000000000   0.378338650022273   0.445031723827295

agsout =

 Columns 1 through 3:

   5.029430349229995e-03   5.029430349229977e-03   5.029430349229972e-03
   2.434170994733178e-03   2.434170994733142e-03   2.434170994733165e-03
   1.608126878299796e-03   1.608126878299818e-03   1.608126878299897e-03

 Columns 4 through 6:

   5.029430349229999e-03   5.029430349230004e-03   5.029430349229964e-03
   2.434170994733181e-03   2.434170994733169e-03   2.434170994733200e-03
   1.608126878299827e-03   1.608126878299842e-03   1.608126878299820e-03

 Columns 7 through 9:

   5.029430349230032e-03   5.029430349229953e-03   5.029430349229961e-03
   2.434170994733201e-03   2.434170994733120e-03   2.434170994733205e-03
   1.608126878299864e-03   1.608126878299865e-03   1.608126878299817e-03

 Column 10:

   5.029430349230035e-03
   2.434170994733176e-03
   1.608126878299816e-03

ans = 1.510431798521829e-20
ans = 7.869537853888082e-21
ans = 7.866022336284732e-21
ans = 7.873415263009425e-21
ans = 7.870365034500636e-21
ans = 4.484921582474231e-21
ans = 7.869641251464652e-21
ans = 7.868969167216952e-21
ans = 4.483991004285109e-21
ans = 7.874656033928254e-21
nbcr = 10
lambda0 = 3.501084296647659
kmpl_prod = 0.180000000000000
 Time :      1.00000
 Time :      2.00000
 Time :      3.01000
 Time :      4.01000
 Time :      5.01000
 Time :      6.01000
 Time :      7.01000
 Time :      8.01000
 Time :      9.01000
 Time :     10.01000
 Time :     11.01000
 Time :     12.01000
 Time :     13.01000
 Time :     14.01000
 Time :     15.01000
 Time :     16.01000
 Time :     17.01000
 Time :     18.00000
 Time :     19.00000
 Time :     20.00000
 Time :     21.00000
 Time :     22.00000
 Time :     23.00000
 Time :     24.00000
 Time :     25.00000
 Time :     26.00000
 Time :     27.00000
 Time :     28.00000
 Time :     29.00000
 Time :     30.00000
 Time :     31.00000
 Time :     32.00000
 Time :     33.00000
 Time :     34.00000
 Time :     35.00000
dtime = 46.38843275606632
mbcr =

   0.100000000000000   0.378338650022273   0.445031723827295   0.411933814311935

agsout =

 Columns 1 through 3:

   5.029430349229995e-03   5.029430349229977e-03   5.029430349229972e-03
   2.434170994733178e-03   2.434170994733142e-03   2.434170994733165e-03
   1.608126878299796e-03   1.608126878299818e-03   1.608126878299897e-03
   2.094024656831618e-03   2.094024656831689e-03   2.094024656831643e-03

 Columns 4 through 6:

   5.029430349229999e-03   5.029430349230004e-03   5.029430349229964e-03
   2.434170994733181e-03   2.434170994733169e-03   2.434170994733200e-03
   1.608126878299827e-03   1.608126878299842e-03   1.608126878299820e-03
   2.094024656831702e-03   2.094024656831623e-03   2.094024656831632e-03

 Columns 7 through 9:

   5.029430349230032e-03   5.029430349229953e-03   5.029430349229961e-03
   2.434170994733201e-03   2.434170994733120e-03   2.434170994733205e-03
   1.608126878299864e-03   1.608126878299865e-03   1.608126878299817e-03
   2.094024656831634e-03   2.094024656831632e-03   2.094024656831628e-03

 Column 10:

   5.029430349230035e-03
   2.434170994733176e-03
   1.608126878299816e-03
   2.094024656831628e-03

ans = 2.150669592637872e-21
ans = -2.257065698927505e-21
ans = 1.128170957945761e-21
ans = -2.245278375198624e-21
ans = -2.262545770485669e-21
ans = 1.127240379756638e-21
ans = 1.128170957945761e-21
ans = 1.123931657306426e-21
ans = 1.127136982180069e-21
ans = 1.127343777333208e-21
nbcr = 10
lambda0 = 3.501084296647659
kmpl_prod = 0.180000000000000
 Time :      1.00000
 Time :      2.00000
 Time :      3.01000
 Time :      4.01000
 Time :      5.01000
 Time :      6.01000
 Time :      7.01000
 Time :      8.01000
 Time :      9.01000
 Time :     10.01000
 Time :     11.01000
 Time :     12.01000
 Time :     13.01000
 Time :     14.01000
 Time :     15.01000
 Time :     16.01000
 Time :     17.01000
 Time :     18.00000
 Time :     19.00000
 Time :     20.00000
 Time :     21.00000
 Time :     22.00000
 Time :     23.00000
 Time :     24.00000
 Time :     25.00000
 Time :     26.00000
 Time :     27.00000
 Time :     28.00000
 Time :     29.00000
 Time :     30.00000
 Time :     31.00000
 Time :     32.00000
 Time :     33.00000
 Time :     34.00000
 Time :     35.00000
dtime = 46.24548442661762
mbcr =

 Columns 1 through 4:

   0.100000000000000   0.378338650022273   0.445031723827295   0.411933814311935

 Column 5:

   0.340545252161015

agsout =

 Columns 1 through 3:

   5.029430349229995e-03   5.029430349229977e-03   5.029430349229972e-03
   2.434170994733178e-03   2.434170994733142e-03   2.434170994733165e-03
   1.608126878299796e-03   1.608126878299818e-03   1.608126878299897e-03
   2.094024656831618e-03   2.094024656831689e-03   2.094024656831643e-03
   3.094361979458330e-03   3.094361979458327e-03   3.094361979458326e-03

 Columns 4 through 6:

   5.029430349229999e-03   5.029430349230004e-03   5.029430349229964e-03
   2.434170994733181e-03   2.434170994733169e-03   2.434170994733200e-03
   1.608126878299827e-03   1.608126878299842e-03   1.608126878299820e-03
   2.094024656831702e-03   2.094024656831623e-03   2.094024656831632e-03
   3.094361979458403e-03   3.094361979458326e-03   3.094361979458393e-03

 Columns 7 through 9:

   5.029430349230032e-03   5.029430349229953e-03   5.029430349229961e-03
   2.434170994733201e-03   2.434170994733120e-03   2.434170994733205e-03
   1.608126878299864e-03   1.608126878299865e-03   1.608126878299817e-03
   2.094024656831634e-03   2.094024656831632e-03   2.094024656831628e-03
   3.094361979458385e-03   3.094361979458402e-03   3.094361979458393e-03

 Column 10:

   5.029430349230035e-03
   2.434170994733176e-03
   1.608126878299816e-03
   2.094024656831628e-03
   3.094361979458320e-03

ans = 1.423371039050622e-21
ans = 3.818575900274483e-21
ans = 1.059514967103859e-20
ans = 1.396704804053444e-20
ans = 3.822918598490387e-21
ans = 1.058491331095825e-20
ans = 1.059008318978671e-20
ans = 1.396715143811101e-20
ans = 1.059018658736328e-20
ans = 1.399382801286585e-20
nbcr = 10
lambda0 = 3.501084296647659
kmpl_prod = 0.180000000000000
 Time :      1.00000
 Time :      2.00000
 Time :      3.01000
 Time :      4.01000
 Time :      5.01000
 Time :      6.01000
 Time :      7.01000
 Time :      8.01000
 Time :      9.01000
 Time :     10.01000
 Time :     11.01000
 Time :     12.01000
 Time :     13.01000
 Time :     14.01000
 Time :     15.01000
 Time :     16.01000
 Time :     17.01000
 Time :     18.00000
 Time :     19.00000
 Time :     20.00000
 Time :     21.00000
 Time :     22.00000
 Time :     23.00000
 Time :     24.00000
 Time :     25.00000
 Time :     26.00000
 Time :     27.00000
 Time :     28.00000
 Time :     29.00000
 Time :     30.00000
 Time :     31.00000
 Time :     32.00000
 Time :     33.00000
 Time :     34.00000
 Time :     35.00000
dtime = 45.88476419448853
mbcr =

 Columns 1 through 4:

   0.100000000000000   0.378338650022273   0.445031723827295   0.411933814311935

 Columns 5 and 6:

   0.340545252161015   0.402758098620136

agsout =

 Columns 1 through 3:

   5.029430349229995e-03   5.029430349229977e-03   5.029430349229972e-03
   2.434170994733178e-03   2.434170994733142e-03   2.434170994733165e-03
   1.608126878299796e-03   1.608126878299818e-03   1.608126878299897e-03
   2.094024656831618e-03   2.094024656831689e-03   2.094024656831643e-03
   3.094361979458330e-03   3.094361979458327e-03   3.094361979458326e-03
   2.235807794211215e-03   2.235807794211194e-03   2.235807794211158e-03

 Columns 4 through 6:

   5.029430349229999e-03   5.029430349230004e-03   5.029430349229964e-03
   2.434170994733181e-03   2.434170994733169e-03   2.434170994733200e-03
   1.608126878299827e-03   1.608126878299842e-03   1.608126878299820e-03
   2.094024656831702e-03   2.094024656831623e-03   2.094024656831632e-03
   3.094361979458403e-03   3.094361979458326e-03   3.094361979458393e-03
   2.235807794211188e-03   2.235807794211234e-03   2.235807794211235e-03

 Columns 7 through 9:

   5.029430349230032e-03   5.029430349229953e-03   5.029430349229961e-03
   2.434170994733201e-03   2.434170994733120e-03   2.434170994733205e-03
   1.608126878299864e-03   1.608126878299865e-03   1.608126878299817e-03
   2.094024656831634e-03   2.094024656831632e-03   2.094024656831628e-03
   3.094361979458385e-03   3.094361979458402e-03   3.094361979458393e-03
   2.235807794211182e-03   2.235807794211156e-03   2.235807794211227e-03

 Column 10:

   5.029430349230035e-03
   2.434170994733176e-03
   1.608126878299816e-03
   2.094024656831628e-03
   3.094361979458320e-03
   2.235807794211130e-03

ans = 4.326154603652335e-21
ans = 6.107177860055572e-21
ans = 6.116380244370225e-21
ans = 6.112968124343444e-21
ans = 9.493345095117960e-21
ans = 6.110383184929215e-21
ans = 9.496447022415034e-21
ans = 6.113795304955997e-21
ans = 1.289036907572011e-20
ans = 1.288995548541383e-20
dkps =

 Columns 1 through 3:

   6.188727338712964e+01   8.573253141802201e+00   1.064289335782892e+00

 Columns 4 through 6:

   3.964325221373891e+01   3.313134002670623e+01   1.560795991317064e+01

nbcr = 15
lambda0 = 3.501084296647659
kmpl_prod = 0.180000000000000
 Time :      1.00000
 Time :      2.00000
 Time :      3.01000
 Time :      4.01000
 Time :      5.01000
 Time :      6.01000
 Time :      7.01000
 Time :      8.01000
 Time :      9.01000
 Time :     10.01000
 Time :     11.01000
 Time :     12.01000
 Time :     13.01000
 Time :     14.01000
 Time :     15.01000
 Time :     16.01000
 Time :     17.01000
 Time :     18.00000
 Time :     19.00000
 Time :     20.00000
 Time :     21.00000
 Time :     22.00000
 Time :     23.00000
 Time :     24.00000
 Time :     25.00000
 Time :     26.00000
 Time :     27.00000
 Time :     28.00000
 Time :     29.00000
 Time :     30.00000
 Time :     31.00000
 Time :     32.00000
 Time :     33.00000
 Time :     34.00000
 Time :     35.00000
dtime = 72.88522124290466
mbcr = 6.666666666666668e-02
agsout =

 Columns 1 through 3:

   4.569552949878814e-03   4.569552949878831e-03   4.569552949878833e-03

 Columns 4 through 6:

   4.569552949878796e-03   4.569552949878840e-03   4.569552949878881e-03

 Columns 7 through 9:

   4.569552949878880e-03   4.569552949878877e-03   4.569552949878877e-03

 Columns 10 through 12:

   4.569552949878822e-03   4.569552949878877e-03   4.569552949878876e-03

 Columns 13 through 15:

   4.569552949878876e-03   4.569552949878882e-03   4.569552949878877e-03

ans = -2.651837646268438e-21
ans = 7.093694138101627e-21
ans = 3.702046831481075e-21
ans = 3.699358494490278e-21
ans = 7.090799005957691e-21
ans = 7.076530140391152e-21
ans = 3.023345138881316e-22
ans = 3.693361435049269e-21
ans = 3.688398351373950e-21
ans = 3.698738109030863e-21
ans = 7.081493224066470e-21
ans = 3.693361435049269e-21
ans = 3.688398351373950e-21
ans = 7.078184501616258e-21
ans = 7.081493224066470e-21
nbcr = 15
lambda0 = 3.501084296647659
kmpl_prod = 0.180000000000000
 Time :      1.00000
 Time :      2.00000
 Time :      3.01000
 Time :      4.01000
 Time :      5.01000
 Time :      6.01000
 Time :      7.01000
 Time :      8.01000
 Time :      9.01000
 Time :     10.01000
 Time :     11.01000
 Time :     12.01000
 Time :     13.01000
 Time :     14.01000
 Time :     15.01000
 Time :     16.01000
 Time :     17.01000
 Time :     18.00000
 Time :     19.00000
 Time :     20.00000
 Time :     21.00000
 Time :     22.00000
 Time :     23.00000
 Time :     24.00000
 Time :     25.00000
 Time :     26.00000
 Time :     27.00000
 Time :     28.00000
 Time :     29.00000
 Time :     30.00000
 Time :     31.00000
 Time :     32.00000
 Time :     33.00000
 Time :     34.00000
 Time :     35.00000
dtime = 71.60878479480743
mbcr =

   6.666666666666668e-02   2.238210870266150e-01

agsout =

 Columns 1 through 3:

   4.569552949878814e-03   4.569552949878831e-03   4.569552949878833e-03
   3.425480615062849e-03   3.425480615062808e-03   3.425480615062863e-03

 Columns 4 through 6:

   4.569552949878796e-03   4.569552949878840e-03   4.569552949878881e-03
   3.425480615062862e-03   3.425480615062761e-03   3.425480615062798e-03

 Columns 7 through 9:

   4.569552949878880e-03   4.569552949878877e-03   4.569552949878877e-03
   3.425480615062843e-03   3.425480615062802e-03   3.425480615062779e-03

 Columns 10 through 12:

   4.569552949878822e-03   4.569552949878877e-03   4.569552949878876e-03
   3.425480615062820e-03   3.425480615062833e-03   3.425480615062809e-03

 Columns 13 through 15:

   4.569552949878876e-03   4.569552949878882e-03   4.569552949878877e-03
   3.425480615062825e-03   3.425480615062773e-03   3.425480615062770e-03

ans = -5.842997051921449e-21
ans = -1.602455641668353e-21
ans = -5.024915426106505e-21
ans = -5.018297981206081e-21
ans = -5.024915426106505e-21
ans = 1.781953834592360e-21
ans = -1.639058383773824e-21
ans = 1.776163570304489e-21
ans = -1.611761423559574e-21
ans = -5.014575668449592e-21
ans = 5.158711890186957e-21
ans = -4.999066031964223e-21
ans = -1.618378868459999e-21
ans = 1.758379187134599e-21
ans = -1.634715685557921e-21
nbcr = 15
lambda0 = 3.501084296647659
kmpl_prod = 0.180000000000000
 Time :      1.00000
 Time :      2.00000
 Time :      3.01000
 Time :      4.01000
 Time :      5.01000
 Time :      6.01000
 Time :      7.01000
 Time :      8.01000
 Time :      9.01000
 Time :     10.01000
 Time :     11.01000
 Time :     12.01000
 Time :     13.01000
 Time :     14.01000
 Time :     15.01000
 Time :     16.01000
 Time :     17.01000
 Time :     18.00000
 Time :     19.00000
 Time :     20.00000
 Time :     21.00000
 Time :     22.00000
 Time :     23.00000
 Time :     24.00000
 Time :     25.00000
 Time :     26.00000
 Time :     27.00000
 Time :     28.00000
 Time :     29.00000
 Time :     30.00000
 Time :     31.00000
 Time :     32.00000
 Time :     33.00000
 Time :     34.00000
 Time :     35.00000
dtime = 72.09911607205868
mbcr =

   6.666666666666668e-02   2.238210870266150e-01   3.976316662760414e-01

agsout =

 Columns 1 through 3:

   4.569552949878814e-03   4.569552949878831e-03   4.569552949878833e-03
   3.425480615062849e-03   3.425480615062808e-03   3.425480615062863e-03
   1.760229394309714e-03   1.760229394309711e-03   1.760229394309727e-03

 Columns 4 through 6:

   4.569552949878796e-03   4.569552949878840e-03   4.569552949878881e-03
   3.425480615062862e-03   3.425480615062761e-03   3.425480615062798e-03
   1.760229394309642e-03   1.760229394309696e-03   1.760229394309632e-03

 Columns 7 through 9:

   4.569552949878880e-03   4.569552949878877e-03   4.569552949878877e-03
   3.425480615062843e-03   3.425480615062802e-03   3.425480615062779e-03
   1.760229394309696e-03   1.760229394309726e-03   1.760229394309683e-03

 Columns 10 through 12:

   4.569552949878822e-03   4.569552949878877e-03   4.569552949878876e-03
   3.425480615062820e-03   3.425480615062833e-03   3.425480615062809e-03
   1.760229394309641e-03   1.760229394309642e-03   1.760229394309723e-03

 Columns 13 through 15:

   4.569552949878876e-03   4.569552949878882e-03   4.569552949878877e-03
   3.425480615062825e-03   3.425480615062773e-03   3.425480615062770e-03
   1.760229394309710e-03   1.760229394309724e-03   1.760229394309675e-03

ans = 9.456328762706212e-21
ans = 6.920296402195199e-21
ans = 1.030811799848269e-20
ans = 1.030605004695131e-20
ans = 1.369666337780617e-20
ans = 1.031132332335634e-20
ans = 1.369366484808567e-20
ans = 1.369945511237354e-20
ans = 1.030677382998729e-20
ans = 1.369407843839194e-20
ans = 1.030605004695131e-20
ans = 1.031111652820320e-20
ans = 1.031194370881575e-20
ans = 1.031132332335634e-20
ans = 1.031090973305006e-20
nbcr = 15
lambda0 = 3.501084296647659
kmpl_prod = 0.180000000000000
 Time :      1.00000
 Time :      2.00000
 Time :      3.01000
 Time :      4.01000
 Time :      5.01000
 Time :      6.01000
 Time :      7.01000
 Time :      8.01000
 Time :      9.01000
 Time :     10.01000
 Time :     11.01000
 Time :     12.01000
 Time :     13.01000
 Time :     14.01000
 Time :     15.01000
 Time :     16.01000
 Time :     17.01000
 Time :     18.00000
 Time :     19.00000
 Time :     20.00000
 Time :     21.00000
 Time :     22.00000
 Time :     23.00000
 Time :     24.00000
 Time :     25.00000
 Time :     26.00000
 Time :     27.00000
 Time :     28.00000
 Time :     29.00000
 Time :     30.00000
 Time :     31.00000
 Time :     32.00000
 Time :     33.00000
 Time :     34.00000
 Time :     35.00000
dtime = 79.37950305640697
mbcr =

 Columns 1 through 3:

   6.666666666666668e-02   2.238210870266150e-01   3.976316662760414e-01

 Column 4:

   4.835369423563090e-01

agsout =

 Columns 1 through 3:

   4.569552949878814e-03   4.569552949878831e-03   4.569552949878833e-03
   3.425480615062849e-03   3.425480615062808e-03   3.425480615062863e-03
   1.760229394309714e-03   1.760229394309711e-03   1.760229394309727e-03
   4.707210156192451e-04   4.707210156193302e-04   4.707210156192459e-04

 Columns 4 through 6:

   4.569552949878796e-03   4.569552949878840e-03   4.569552949878881e-03
   3.425480615062862e-03   3.425480615062761e-03   3.425480615062798e-03
   1.760229394309642e-03   1.760229394309696e-03   1.760229394309632e-03
   4.707210156193260e-04   4.707210156192994e-04   4.707210156193419e-04

 Columns 7 through 9:

   4.569552949878880e-03   4.569552949878877e-03   4.569552949878877e-03
   3.425480615062843e-03   3.425480615062802e-03   3.425480615062779e-03
   1.760229394309696e-03   1.760229394309726e-03   1.760229394309683e-03
   4.707210156193226e-04   4.707210156193415e-04   4.707210156192447e-04

 Columns 10 through 12:

   4.569552949878822e-03   4.569552949878877e-03   4.569552949878876e-03
   3.425480615062820e-03   3.425480615062833e-03   3.425480615062809e-03
   1.760229394309641e-03   1.760229394309642e-03   1.760229394309723e-03
   4.707210156192594e-04   4.707210156192419e-04   4.707210156193388e-04

 Columns 13 through 15:

   4.569552949878876e-03   4.569552949878882e-03   4.569552949878877e-03
   3.425480615062825e-03   3.425480615062773e-03   3.425480615062770e-03
   1.760229394309710e-03   1.760229394309724e-03   1.760229394309675e-03
   4.707210156192660e-04   4.707210156192458e-04   4.707210156192731e-04

ans = 8.311510794932822e-21
ans = 1.725156253313230e-21
ans = 1.724749125355490e-21
ans = -1.663098320326147e-21
ans = -1.663802716316524e-21
ans = 5.113882578395704e-21
ans = 1.724878372326201e-21
ans = 1.725905885743357e-21
ans = -1.663130632068825e-21
ans = 1.725007619296912e-21
ans = 1.724025342319506e-21
ans = 1.725531069528294e-21
ans = 5.112363926489845e-21
ans = -1.663130632068825e-21
ans = -1.663382663661712e-21
nbcr = 15
lambda0 = 3.501084296647659
kmpl_prod = 0.180000000000000
 Time :      1.00000
 Time :      2.00000
 Time :      3.01000
 Time :      4.01000
 Time :      5.01000
 Time :      6.01000
 Time :      7.01000
 Time :      8.01000
 Time :      9.01000
 Time :     10.01000
 Time :     11.01000
 Time :     12.01000
 Time :     13.01000
 Time :     14.01000
 Time :     15.01000
 Time :     16.01000
 Time :     17.01000
 Time :     18.00000
 Time :     19.00000
 Time :     20.00000
 Time :     21.00000
 Time :     22.00000
 Time :     23.00000
 Time :     24.00000
 Time :     25.00000
 Time :     26.00000
 Time :     27.00000
 Time :     28.00000
 Time :     29.00000
 Time :     30.00000
 Time :     31.00000
 Time :     32.00000
 Time :     33.00000
 Time :     34.00000
 Time :     35.00000
dtime = 72.29212448000908
mbcr =

 Columns 1 through 3:

   6.666666666666668e-02   2.238210870266150e-01   3.976316662760414e-01

 Columns 4 and 5:

   4.835369423563090e-01   3.976263848536814e-01

agsout =

 Columns 1 through 3:

   4.569552949878814e-03   4.569552949878831e-03   4.569552949878833e-03
   3.425480615062849e-03   3.425480615062808e-03   3.425480615062863e-03
   1.760229394309714e-03   1.760229394309711e-03   1.760229394309727e-03
   4.707210156192451e-04   4.707210156193302e-04   4.707210156192459e-04
   1.678490721648591e-03   1.678490721648582e-03   1.678490721648611e-03

 Columns 4 through 6:

   4.569552949878796e-03   4.569552949878840e-03   4.569552949878881e-03
   3.425480615062862e-03   3.425480615062761e-03   3.425480615062798e-03
   1.760229394309642e-03   1.760229394309696e-03   1.760229394309632e-03
   4.707210156193260e-04   4.707210156192994e-04   4.707210156193419e-04
   1.678490721648607e-03   1.678490721648615e-03   1.678490721648597e-03

 Columns 7 through 9:

   4.569552949878880e-03   4.569552949878877e-03   4.569552949878877e-03
   3.425480615062843e-03   3.425480615062802e-03   3.425480615062779e-03
   1.760229394309696e-03   1.760229394309726e-03   1.760229394309683e-03
   4.707210156193226e-04   4.707210156193415e-04   4.707210156192447e-04
   1.678490721648605e-03   1.678490721648635e-03   1.678490721648624e-03

 Columns 10 through 12:

   4.569552949878822e-03   4.569552949878877e-03   4.569552949878876e-03
   3.425480615062820e-03   3.425480615062833e-03   3.425480615062809e-03
   1.760229394309641e-03   1.760229394309642e-03   1.760229394309723e-03
   4.707210156192594e-04   4.707210156192419e-04   4.707210156193388e-04
   1.678490721648586e-03   1.678490721648620e-03   1.678490721648567e-03

 Columns 13 through 15:

   4.569552949878876e-03   4.569552949878882e-03   4.569552949878877e-03
   3.425480615062825e-03   3.425480615062773e-03   3.425480615062770e-03
   1.760229394309710e-03   1.760229394309724e-03   1.760229394309675e-03
   4.707210156192660e-04   4.707210156192458e-04   4.707210156192731e-04
   1.678490721648616e-03   1.678490721648564e-03   1.678490721648649e-03

ans = 2.719769854074355e-21
ans = -5.512124806900238e-21
ans = -5.507368518378058e-21
ans = -2.131230848242876e-21
ans = -5.513262180242499e-21
ans = -5.515640324503589e-21
ans = -5.519259239683508e-21
ans = -5.515640324503589e-21
ans = -2.123165837270484e-21
ans = -5.510677240828270e-21
ans = -2.127818728216095e-21
ans = -5.516881095422418e-21
ans = -5.515123336620743e-21
ans = -5.517604878458402e-21
ans = -5.522878154863428e-21
nbcr = 15
lambda0 = 3.501084296647659
kmpl_prod = 0.180000000000000
 Time :      1.00000
 Time :      2.00000
 Time :      3.01000
 Time :      4.01000
 Time :      5.01000
 Time :      6.01000
 Time :      7.01000
 Time :      8.01000
 Time :      9.01000
 Time :     10.01000
 Time :     11.01000
 Time :     12.01000
 Time :     13.01000
 Time :     14.01000
 Time :     15.01000
 Time :     16.01000
 Time :     17.01000
 Time :     18.00000
 Time :     19.00000
 Time :     20.00000
 Time :     21.00000
 Time :     22.00000
 Time :     23.00000
 Time :     24.00000
 Time :     25.00000
 Time :     26.00000
 Time :     27.00000
 Time :     28.00000
 Time :     29.00000
 Time :     30.00000
 Time :     31.00000
 Time :     32.00000
 Time :     33.00000
 Time :     34.00000
 Time :     35.00000
dtime = 65.02274125814438
mbcr =

 Columns 1 through 3:

   6.666666666666668e-02   2.238210870266150e-01   3.976316662760414e-01

 Columns 4 through 6:

   4.835369423563090e-01   3.976263848536814e-01   3.422694810209193e-01

agsout =

 Columns 1 through 3:

   4.569552949878814e-03   4.569552949878831e-03   4.569552949878833e-03
   3.425480615062849e-03   3.425480615062808e-03   3.425480615062863e-03
   1.760229394309714e-03   1.760229394309711e-03   1.760229394309727e-03
   4.707210156192451e-04   4.707210156193302e-04   4.707210156192459e-04
   1.678490721648591e-03   1.678490721648582e-03   1.678490721648611e-03
   2.425263121896371e-03   2.425263121896426e-03   2.425263121896393e-03

 Columns 4 through 6:

   4.569552949878796e-03   4.569552949878840e-03   4.569552949878881e-03
   3.425480615062862e-03   3.425480615062761e-03   3.425480615062798e-03
   1.760229394309642e-03   1.760229394309696e-03   1.760229394309632e-03
   4.707210156193260e-04   4.707210156192994e-04   4.707210156193419e-04
   1.678490721648607e-03   1.678490721648615e-03   1.678490721648597e-03
   2.425263121896373e-03   2.425263121896382e-03   2.425263121896430e-03

 Columns 7 through 9:

   4.569552949878880e-03   4.569552949878877e-03   4.569552949878877e-03
   3.425480615062843e-03   3.425480615062802e-03   3.425480615062779e-03
   1.760229394309696e-03   1.760229394309726e-03   1.760229394309683e-03
   4.707210156193226e-04   4.707210156193415e-04   4.707210156192447e-04
   1.678490721648605e-03   1.678490721648635e-03   1.678490721648624e-03
   2.425263121896366e-03   2.425263121896374e-03   2.425263121896440e-03

 Columns 10 through 12:

   4.569552949878822e-03   4.569552949878877e-03   4.569552949878876e-03
   3.425480615062820e-03   3.425480615062833e-03   3.425480615062809e-03
   1.760229394309641e-03   1.760229394309642e-03   1.760229394309723e-03
   4.707210156192594e-04   4.707210156192419e-04   4.707210156193388e-04
   1.678490721648586e-03   1.678490721648620e-03   1.678490721648567e-03
   2.425263121896378e-03   2.425263121896460e-03   2.425263121896372e-03

 Columns 13 through 15:

   4.569552949878876e-03   4.569552949878882e-03   4.569552949878877e-03
   3.425480615062825e-03   3.425480615062773e-03   3.425480615062770e-03
   1.760229394309710e-03   1.760229394309724e-03   1.760229394309675e-03
   4.707210156192660e-04   4.707210156192458e-04   4.707210156192731e-04
   1.678490721648616e-03   1.678490721648564e-03   1.678490721648649e-03
   2.425263121896421e-03   2.425263121896405e-03   2.425263121896419e-03

ans = 5.527220853079331e-21
ans = -4.375268452522671e-21
ans = -9.903419883791124e-22
ans = -9.813463992175982e-22
ans = -4.377129608900915e-21
ans = -9.886876271540063e-22
ans = -9.873434586586077e-22
ans = -9.765901106954183e-22
ans = -4.372166525225597e-21
ans = 2.406888787376172e-21
ans = -9.895148077665594e-22
ans = 2.406578594646465e-21
ans = -9.870332659289003e-22
ans = -9.815531943707365e-22
ans = -9.923065423339258e-22
