warning: function /home/surgeon/flu/amcode/perelson21/1d2agt/4paper/2submit/run.m shadows a core library function
warning: called from
    driver at line 1 column 1

lambda0 = 3.501084296647659
kmpl_prod = 0.180000000000000
dkps =

 Columns 1 through 3:

   8.616279529493342e+00   1.171194537763566e+02   4.927100252775042e+00

 Columns 4 through 6:

   8.389815056579958e+01   8.915444730135719e+01   1.302921076326468e+01

nbcr = 2
lambda0 = 3.501084296647659
kmpl_prod = 0.180000000000000
 Time :      1.00000
 Time :      2.00000
 Time :      3.01000
 Time :      4.01000
 Time :      5.01000
 Time :      6.01000
 Time :      7.01000
 Time :      8.01000
 Time :      9.01000
 Time :     10.01000
 Time :     11.01000
 Time :     12.01000
 Time :     13.01000
 Time :     14.01000
 Time :     15.01000
 Time :     16.01000
 Time :     17.01000
 Time :     18.00000
 Time :     19.00000
 Time :     20.00000
 Time :     21.00000
 Time :     22.00000
 Time :     23.00000
 Time :     24.00000
 Time :     25.00000
 Time :     26.00000
 Time :     27.00000
 Time :     28.00000
 Time :     29.00000
 Time :     30.00000
 Time :     31.00000
 Time :     32.00000
 Time :     33.00000
 Time :     34.00000
 Time :     35.00000
dtime = 4.945235699415207
mbcr = 0.500000000000000
agsout =

   1.836660953593613e-02   1.836660953593613e-02

ans = 1.045092741928635e-20
ans = 1.729191182180127e-21
nbcr = 2
lambda0 = 3.501084296647659
kmpl_prod = 0.180000000000000
 Time :      1.00000
 Time :      2.00000
 Time :      3.01000
 Time :      4.01000
 Time :      5.01000
 Time :      6.01000
 Time :      7.01000
 Time :      8.01000
 Time :      9.01000
 Time :     10.01000
 Time :     11.01000
 Time :     12.01000
 Time :     13.01000
 Time :     14.01000
 Time :     15.01000
 Time :     16.01000
 Time :     17.01000
 Time :     18.00000
 Time :     19.00000
 Time :     20.00000
 Time :     21.00000
 Time :     22.00000
 Time :     23.00000
 Time :     24.00000
 Time :     25.00000
 Time :     26.00000
 Time :     27.00000
 Time :     28.00000
 Time :     29.00000
 Time :     30.00000
 Time :     31.00000
 Time :     32.00000
 Time :     33.00000
 Time :     34.00000
 Time :     35.00000
dtime = 4.968450218439102
mbcr =

   0.500000000000000   0.534159971385645

agsout =

   1.836660953593613e-02   1.836660953593613e-02
   7.477374348433995e-03   1.851078311584827e-02

ans = 6.622252887734686e-21
ans = 8.267944872280273e-22
nbcr = 2
lambda0 = 3.501084296647659
kmpl_prod = 0.180000000000000
 Time :      1.00000
 Time :      2.00000
 Time :      3.01000
 Time :      4.01000
 Time :      5.01000
 Time :      6.01000
 Time :      7.01000
 Time :      8.01000
 Time :      9.01000
 Time :     10.01000
 Time :     11.01000
 Time :     12.01000
 Time :     13.01000
 Time :     14.01000
 Time :     15.01000
 Time :     16.01000
 Time :     17.01000
 Time :     18.00000
 Time :     19.00000
 Time :     20.00000
 Time :     21.00000
 Time :     22.00000
 Time :     23.00000
 Time :     24.00000
 Time :     25.00000
 Time :     26.00000
 Time :     27.00000
 Time :     28.00000
 Time :     29.00000
 Time :     30.00000
 Time :     31.00000
 Time :     32.00000
 Time :     33.00000
 Time :     34.00000
 Time :     35.00000
dtime = 4.942157864570618
mbcr =

   0.500000000000000   0.534159971385645   0.526139744626918

agsout =

   1.836660953593613e-02   1.836660953593613e-02
   7.477374348433995e-03   1.851078311584827e-02
   1.376810527559342e-02   1.851074982506617e-02

ans = 3.728419675854739e-21
ans = 1.968956429753298e-22
nbcr = 2
lambda0 = 3.501084296647659
kmpl_prod = 0.180000000000000
 Time :      1.00000
 Time :      2.00000
 Time :      3.01000
 Time :      4.01000
 Time :      5.01000
 Time :      6.01000
 Time :      7.01000
 Time :      8.01000
 Time :      9.01000
 Time :     10.01000
 Time :     11.01000
 Time :     12.01000
 Time :     13.01000
 Time :     14.01000
 Time :     15.01000
 Time :     16.01000
 Time :     17.01000
 Time :     18.00000
 Time :     19.00000
 Time :     20.00000
 Time :     21.00000
 Time :     22.00000
 Time :     23.00000
 Time :     24.00000
 Time :     25.00000
 Time :     26.00000
 Time :     27.00000
 Time :     28.00000
 Time :     29.00000
 Time :     30.00000
 Time :     31.00000
 Time :     32.00000
 Time :     33.00000
 Time :     34.00000
 Time :     35.00000
dtime = 4.889522865414619
mbcr =

   0.500000000000000   0.534159971385645   0.526139744626918   0.526082453797490

agsout =

   1.836660953593613e-02   1.836660953593613e-02
   7.477374348433995e-03   1.851078311584827e-02
   1.376810527559342e-02   1.851074982506617e-02
   4.638143644556216e-03   1.851075023913616e-02

ans = 9.155079923372057e-22
ans = -6.249124961226513e-21
nbcr = 2
lambda0 = 3.501084296647659
kmpl_prod = 0.180000000000000
 Time :      1.00000
 Time :      2.00000
 Time :      3.01000
 Time :      4.01000
 Time :      5.01000
 Time :      6.01000
 Time :      7.01000
 Time :      8.01000
 Time :      9.01000
 Time :     10.01000
 Time :     11.01000
 Time :     12.01000
 Time :     13.01000
 Time :     14.01000
 Time :     15.01000
 Time :     16.01000
 Time :     17.01000
 Time :     18.00000
 Time :     19.00000
 Time :     20.00000
 Time :     21.00000
 Time :     22.00000
 Time :     23.00000
 Time :     24.00000
 Time :     25.00000
 Time :     26.00000
 Time :     27.00000
 Time :     28.00000
 Time :     29.00000
 Time :     30.00000
 Time :     31.00000
 Time :     32.00000
 Time :     33.00000
 Time :     34.00000
 Time :     35.00000
dtime = 5.019335076212883
mbcr =

 Columns 1 through 4:

   0.500000000000000   0.534159971385645   0.526139744626918   0.526082453797490

 Column 5:

   0.536408047404240

agsout =

   1.836660953593613e-02   1.836660953593613e-02
   7.477374348433995e-03   1.851078311584827e-02
   1.376810527559342e-02   1.851074982506617e-02
   4.638143644556216e-03   1.851075023913616e-02
   1.042238200275965e-02   1.851074983118126e-02

ans = 1.062139973079008e-20
ans = 8.665796128698405e-21
nbcr = 2
lambda0 = 3.501084296647659
kmpl_prod = 0.180000000000000
 Time :      1.00000
 Time :      2.00000
 Time :      3.01000
 Time :      4.01000
 Time :      5.01000
 Time :      6.01000
 Time :      7.01000
 Time :      8.01000
 Time :      9.01000
 Time :     10.01000
 Time :     11.01000
 Time :     12.01000
 Time :     13.01000
 Time :     14.01000
 Time :     15.01000
 Time :     16.01000
 Time :     17.01000
 Time :     18.00000
 Time :     19.00000
 Time :     20.00000
 Time :     21.00000
 Time :     22.00000
 Time :     23.00000
 Time :     24.00000
 Time :     25.00000
 Time :     26.00000
 Time :     27.00000
 Time :     28.00000
 Time :     29.00000
 Time :     30.00000
 Time :     31.00000
 Time :     32.00000
 Time :     33.00000
 Time :     34.00000
 Time :     35.00000
dtime = 4.927352070808411
mbcr =

 Columns 1 through 4:

   0.500000000000000   0.534159971385645   0.526139744626918   0.526082453797490

 Columns 5 and 6:

   0.536408047404240   0.520911658850423

agsout =

   1.836660953593613e-02   1.836660953593613e-02
   7.477374348433995e-03   1.851078311584827e-02
   1.376810527559342e-02   1.851074982506617e-02
   4.638143644556216e-03   1.851075023913616e-02
   1.042238200275965e-02   1.851074983118126e-02
   1.484035429782598e-02   1.851074983358555e-02

ans = -4.306441209444577e-21
ans = 1.146653840212989e-20
dkps =

 Columns 1 through 3:

   9.825517590207239e+02   2.040191509074923e+00   2.802610274360319e+00

 Columns 4 through 6:

   2.711218658690611e+00   3.617110001518717e+01   6.429380000648450e+01

nbcr = 3
lambda0 = 3.501084296647659
kmpl_prod = 0.180000000000000
 Time :      1.00000
 Time :      2.00000
 Time :      3.01000
 Time :      4.01000
 Time :      5.01000
 Time :      6.01000
 Time :      7.01000
 Time :      8.01000
 Time :      9.01000
 Time :     10.01000
 Time :     11.01000
 Time :     12.01000
 Time :     13.01000
 Time :     14.01000
 Time :     15.01000
 Time :     16.01000
 Time :     17.01000
 Time :     18.00000
 Time :     19.00000
 Time :     20.00000
 Time :     21.00000
 Time :     22.00000
 Time :     23.00000
 Time :     24.00000
 Time :     25.00000
 Time :     26.00000
 Time :     27.00000
 Time :     28.00000
 Time :     29.00000
 Time :     30.00000
 Time :     31.00000
 Time :     32.00000
 Time :     33.00000
 Time :     34.00000
 Time :     35.00000
dtime = 11.54643706977367
mbcr = 0.333333333333333
agsout =

   1.836660966798283e-02   1.836660966798283e-02   1.836660966798283e-02

ans = -4.982010278591718e-21
ans = 7.022034770777819e-21
ans = 7.022034770777819e-21
nbcr = 3
lambda0 = 3.501084296647659
kmpl_prod = 0.180000000000000
 Time :      1.00000
 Time :      2.00000
 Time :      3.01000
 Time :      4.01000
 Time :      5.01000
 Time :      6.01000
 Time :      7.01000
 Time :      8.01000
 Time :      9.01000
 Time :     10.01000
 Time :     11.01000
 Time :     12.01000
 Time :     13.01000
 Time :     14.01000
 Time :     15.01000
 Time :     16.01000
 Time :     17.01000
 Time :     18.00000
 Time :     19.00000
 Time :     20.00000
 Time :     21.00000
 Time :     22.00000
 Time :     23.00000
 Time :     24.00000
 Time :     25.00000
 Time :     26.00000
 Time :     27.00000
 Time :     28.00000
 Time :     29.00000
 Time :     30.00000
 Time :     31.00000
 Time :     32.00000
 Time :     33.00000
 Time :     34.00000
 Time :     35.00000
dtime = 11.45966425538063
mbcr =

   0.333333333333333   0.333333845153905

agsout =

   1.836660966798283e-02   1.836660966798283e-02   1.836660966798283e-02
   1.851080415742016e-02   1.851078325711324e-02   1.851078325711324e-02

ans = 3.463090109537771e-21
ans = 7.975001766401460e-21
ans = 7.975001766401460e-21
nbcr = 3
lambda0 = 3.501084296647659
kmpl_prod = 0.180000000000000
 Time :      1.00000
 Time :      2.00000
 Time :      3.01000
 Time :      4.01000
 Time :      5.01000
 Time :      6.01000
 Time :      7.01000
 Time :      8.01000
 Time :      9.01000
 Time :     10.01000
 Time :     11.01000
 Time :     12.01000
 Time :     13.01000
 Time :     14.01000
 Time :     15.01000
 Time :     16.01000
 Time :     17.01000
 Time :     18.00000
 Time :     19.00000
 Time :     20.00000
 Time :     21.00000
 Time :     22.00000
 Time :     23.00000
 Time :     24.00000
 Time :     25.00000
 Time :     26.00000
 Time :     27.00000
 Time :     28.00000
 Time :     29.00000
 Time :     30.00000
 Time :     31.00000
 Time :     32.00000
 Time :     33.00000
 Time :     34.00000
 Time :     35.00000
dtime = 11.39829866588116
mbcr =

   0.333333333333333   0.333333845153905   0.355744741463091

agsout =

   1.836660966798283e-02   1.836660966798283e-02   1.836660966798283e-02
   1.851080415742016e-02   1.851078325711324e-02   1.851078325711324e-02
   3.888044943047923e-03   1.851075155254298e-02   1.851075155254298e-02

ans = 8.969946562525032e-21
ans = 3.583024911740071e-21
ans = 3.583024911740071e-21
nbcr = 3
lambda0 = 3.501084296647659
kmpl_prod = 0.180000000000000
 Time :      1.00000
 Time :      2.00000
 Time :      3.01000
 Time :      4.01000
 Time :      5.01000
 Time :      6.01000
 Time :      7.01000
 Time :      8.01000
 Time :      9.01000
 Time :     10.01000
 Time :     11.01000
 Time :     12.01000
 Time :     13.01000
 Time :     14.01000
 Time :     15.01000
 Time :     16.01000
 Time :     17.01000
 Time :     18.00000
 Time :     19.00000
 Time :     20.00000
 Time :     21.00000
 Time :     22.00000
 Time :     23.00000
 Time :     24.00000
 Time :     25.00000
 Time :     26.00000
 Time :     27.00000
 Time :     28.00000
 Time :     29.00000
 Time :     30.00000
 Time :     31.00000
 Time :     32.00000
 Time :     33.00000
 Time :     34.00000
 Time :     35.00000
dtime = 11.37164421379566
mbcr =

   0.333333333333333   0.333333845153905   0.355744741463091   0.350939745683432

agsout =

   1.836660966798283e-02   1.836660966798283e-02   1.836660966798283e-02
   1.851080415742016e-02   1.851078325711324e-02   1.851078325711324e-02
   3.888044943047923e-03   1.851075155254298e-02   1.851075155254298e-02
   1.941106528782011e-03   1.851075178765468e-02   1.851075178765468e-02

ans = 1.290070883337702e-20
ans = -1.499361795480396e-22
ans = -1.499361795480396e-22
nbcr = 3
lambda0 = 3.501084296647659
kmpl_prod = 0.180000000000000
 Time :      1.00000
 Time :      2.00000
 Time :      3.01000
 Time :      4.01000
 Time :      5.01000
 Time :      6.01000
 Time :      7.01000
 Time :      8.01000
 Time :      9.01000
 Time :     10.01000
 Time :     11.01000
 Time :     12.01000
 Time :     13.01000
 Time :     14.01000
 Time :     15.01000
 Time :     16.01000
 Time :     17.01000
 Time :     18.00000
 Time :     19.00000
 Time :     20.00000
 Time :     21.00000
 Time :     22.00000
 Time :     23.00000
 Time :     24.00000
 Time :     25.00000
 Time :     26.00000
 Time :     27.00000
 Time :     28.00000
 Time :     29.00000
 Time :     30.00000
 Time :     31.00000
 Time :     32.00000
 Time :     33.00000
 Time :     34.00000
 Time :     35.00000
dtime = 11.76261976361275
mbcr =

 Columns 1 through 4:

   0.333333333333333   0.333333845153905   0.355744741463091   0.350939745683432

 Column 5:

   0.345954356015994

agsout =

   1.836660966798283e-02   1.836660966798283e-02   1.836660966798283e-02
   1.851080415742016e-02   1.851078325711324e-02   1.851078325711324e-02
   3.888044943047923e-03   1.851075155254298e-02   1.851075155254298e-02
   1.941106528782011e-03   1.851075178765468e-02   1.851075178765468e-02
   1.193429825813035e-03   1.851075192304112e-02   1.851075192304112e-02

ans = 8.870684889018669e-21
ans = 8.061924393172718e-21
ans = 8.061924393172718e-21
nbcr = 3
lambda0 = 3.501084296647659
kmpl_prod = 0.180000000000000
 Time :      1.00000
 Time :      2.00000
 Time :      3.01000
 Time :      4.01000
 Time :      5.01000
 Time :      6.01000
 Time :      7.01000
 Time :      8.01000
 Time :      9.01000
 Time :     10.01000
 Time :     11.01000
 Time :     12.01000
 Time :     13.01000
 Time :     14.01000
 Time :     15.01000
 Time :     16.01000
 Time :     17.01000
 Time :     18.00000
 Time :     19.00000
 Time :     20.00000
 Time :     21.00000
 Time :     22.00000
 Time :     23.00000
 Time :     24.00000
 Time :     25.00000
 Time :     26.00000
 Time :     27.00000
 Time :     28.00000
 Time :     29.00000
 Time :     30.00000
 Time :     31.00000
 Time :     32.00000
 Time :     33.00000
 Time :     34.00000
 Time :     35.00000
dtime = 11.73954606056213
mbcr =

 Columns 1 through 4:

   0.333333333333333   0.333333845153905   0.355744741463091   0.350939745683432

 Columns 5 and 6:

   0.345954356015994   0.358700270950326

agsout =

   1.836660966798283e-02   1.836660966798283e-02   1.836660966798283e-02
   1.851080415742016e-02   1.851078325711324e-02   1.851078325711324e-02
   3.888044943047923e-03   1.851075155254298e-02   1.851075155254298e-02
   1.941106528782011e-03   1.851075178765468e-02   1.851075178765468e-02
   1.193429825813035e-03   1.851075192304112e-02   1.851075192304112e-02
   3.776135875814237e-03   1.851075156522160e-02   1.851075156522160e-02

ans = 1.407871742322910e-20
ans = 1.284753662962635e-21
ans = 1.284753662962635e-21
dkps =

 Columns 1 through 3:

   1.970144621414751e+01   6.937302597945249e-01   6.810845490079242e+00

 Columns 4 through 6:

   7.140537570069991e+00   6.933481230581667e+01   5.381846593178006e+01

nbcr = 4
lambda0 = 3.501084296647659
kmpl_prod = 0.180000000000000
 Time :      1.00000
 Time :      2.00000
 Time :      3.01000
 Time :      4.01000
 Time :      5.01000
 Time :      6.01000
 Time :      7.01000
 Time :      8.01000
 Time :      9.01000
 Time :     10.01000
 Time :     11.01000
 Time :     12.01000
 Time :     13.01000
 Time :     14.01000
 Time :     15.01000
 Time :     16.01000
 Time :     17.01000
 Time :     18.00000
 Time :     19.00000
 Time :     20.00000
 Time :     21.00000
 Time :     22.00000
 Time :     23.00000
 Time :     24.00000
 Time :     25.00000
 Time :     26.00000
 Time :     27.00000
 Time :     28.00000
 Time :     29.00000
 Time :     30.00000
 Time :     31.00000
 Time :     32.00000
 Time :     33.00000
 Time :     34.00000
 Time :     35.00000
dtime = 18.03598143160343
mbcr = 0.250000000000000
agsout =

 Columns 1 through 3:

   1.836661118562896e-02   1.836661118562896e-02   1.836661118562896e-02

 Column 4:

   1.836661118562896e-02

ans = -7.204561381784308e-22
ans = 3.817491841307641e-21
ans = 3.817491841307641e-21
ans = 3.817491841307641e-21
nbcr = 4
lambda0 = 3.501084296647659
kmpl_prod = 0.180000000000000
 Time :      1.00000
 Time :      2.00000
 Time :      3.01000
 Time :      4.01000
 Time :      5.01000
 Time :      6.01000
 Time :      7.01000
 Time :      8.01000
 Time :      9.01000
 Time :     10.01000
 Time :     11.01000
 Time :     12.01000
 Time :     13.01000
 Time :     14.01000
 Time :     15.01000
 Time :     16.01000
 Time :     17.01000
 Time :     18.00000
 Time :     19.00000
 Time :     20.00000
 Time :     21.00000
 Time :     22.00000
 Time :     23.00000
 Time :     24.00000
 Time :     25.00000
 Time :     26.00000
 Time :     27.00000
 Time :     28.00000
 Time :     29.00000
 Time :     30.00000
 Time :     31.00000
 Time :     32.00000
 Time :     33.00000
 Time :     34.00000
 Time :     35.00000
dtime = 18.29699389636517
mbcr =

   0.250000000000000   0.274050858510892

agsout =

 Columns 1 through 3:

   1.836661118562896e-02   1.836661118562896e-02   1.836661118562896e-02
   1.128661611772181e-02   1.851078488325252e-02   1.851078488325252e-02

 Column 4:

   1.836661118562896e-02
   1.851078488325252e-02

ans = 1.009713524349339e-20
ans = 4.732960251760066e-21
ans = 4.732960251760066e-21
ans = 4.732960251760066e-21
nbcr = 4
lambda0 = 3.501084296647659
kmpl_prod = 0.180000000000000
 Time :      1.00000
 Time :      2.00000
 Time :      3.01000
 Time :      4.01000
 Time :      5.01000
 Time :      6.01000
 Time :      7.01000
 Time :      8.01000
 Time :      9.01000
 Time :     10.01000
 Time :     11.01000
 Time :     12.01000
 Time :     13.01000
 Time :     14.01000
 Time :     15.01000
 Time :     16.01000
 Time :     17.01000
 Time :     18.00000
 Time :     19.00000
 Time :     20.00000
 Time :     21.00000
 Time :     22.00000
 Time :     23.00000
 Time :     24.00000
 Time :     25.00000
 Time :     26.00000
 Time :     27.00000
 Time :     28.00000
 Time :     29.00000
 Time :     30.00000
 Time :     31.00000
 Time :     32.00000
 Time :     33.00000
 Time :     34.00000
 Time :     35.00000
dtime = 18.31784471869469
mbcr =

   0.250000000000000   0.274050858510892   0.260173079455620

agsout =

 Columns 1 through 3:

   1.836661118562896e-02   1.836661118562896e-02   1.836661118562896e-02
   1.128661611772181e-02   1.851078488325252e-02   1.851078488325252e-02
   1.408761653440176e-03   1.851075230334308e-02   1.851075230334308e-02

 Column 4:

   1.836661118562896e-02
   1.851078488325252e-02
   1.851075230334308e-02

ans = 9.108912905433941e-21
ans = 3.949460268546094e-21
ans = 3.949460268546094e-21
ans = 3.949460268546094e-21
nbcr = 4
lambda0 = 3.501084296647659
kmpl_prod = 0.180000000000000
 Time :      1.00000
 Time :      2.00000
 Time :      3.01000
 Time :      4.01000
 Time :      5.01000
 Time :      6.01000
 Time :      7.01000
 Time :      8.01000
 Time :      9.01000
 Time :     10.01000
 Time :     11.01000
 Time :     12.01000
 Time :     13.01000
 Time :     14.01000
 Time :     15.01000
 Time :     16.01000
 Time :     17.01000
 Time :     18.00000
 Time :     19.00000
 Time :     20.00000
 Time :     21.00000
 Time :     22.00000
 Time :     23.00000
 Time :     24.00000
 Time :     25.00000
 Time :     26.00000
 Time :     27.00000
 Time :     28.00000
 Time :     29.00000
 Time :     30.00000
 Time :     31.00000
 Time :     32.00000
 Time :     33.00000
 Time :     34.00000
 Time :     35.00000
dtime = 18.47897842526436
mbcr =

   0.250000000000000   0.274050858510892   0.260173079455620   0.264823341594506

agsout =

 Columns 1 through 3:

   1.836661118562896e-02   1.836661118562896e-02   1.836661118562896e-02
   1.128661611772181e-02   1.851078488325252e-02   1.851078488325252e-02
   1.408761653440176e-03   1.851075230334308e-02   1.851075230334308e-02
   1.759514384906032e-03   1.851075226238603e-02   1.851075226238603e-02

 Column 4:

   1.836661118562896e-02
   1.851078488325252e-02
   1.851075230334308e-02
   1.851075226238603e-02

ans = 7.767225951872930e-21
ans = -2.152273062868260e-21
ans = -2.152273062868260e-21
ans = -2.152273062868260e-21
nbcr = 4
lambda0 = 3.501084296647659
kmpl_prod = 0.180000000000000
 Time :      1.00000
 Time :      2.00000
 Time :      3.01000
 Time :      4.01000
 Time :      5.01000
 Time :      6.01000
 Time :      7.01000
 Time :      8.01000
 Time :      9.01000
 Time :     10.01000
 Time :     11.01000
 Time :     12.01000
 Time :     13.01000
 Time :     14.01000
 Time :     15.01000
 Time :     16.01000
 Time :     17.01000
 Time :     18.00000
 Time :     19.00000
 Time :     20.00000
 Time :     21.00000
 Time :     22.00000
 Time :     23.00000
 Time :     24.00000
 Time :     25.00000
 Time :     26.00000
 Time :     27.00000
 Time :     28.00000
 Time :     29.00000
 Time :     30.00000
 Time :     31.00000
 Time :     32.00000
 Time :     33.00000
 Time :     34.00000
 Time :     35.00000
dtime = 18.45735311508179
mbcr =

 Columns 1 through 4:

   0.250000000000000   0.274050858510892   0.260173079455620   0.264823341594506

 Column 5:

   0.264812126647607

agsout =

 Columns 1 through 3:

   1.836661118562896e-02   1.836661118562896e-02   1.836661118562896e-02
   1.128661611772181e-02   1.851078488325252e-02   1.851078488325252e-02
   1.408761653440176e-03   1.851075230334308e-02   1.851075230334308e-02
   1.759514384906032e-03   1.851075226238603e-02   1.851075226238603e-02
   1.983242928300682e-03   1.851075223296147e-02   1.851075223296147e-02

 Column 4:

   1.836661118562896e-02
   1.851078488325252e-02
   1.851075230334308e-02
   1.851075226238603e-02
   1.851075223296147e-02

ans = -2.250758446756788e-21
ans = 5.752129161369225e-21
ans = 5.752129161369225e-21
ans = 5.752129161369225e-21
nbcr = 4
lambda0 = 3.501084296647659
kmpl_prod = 0.180000000000000
 Time :      1.00000
 Time :      2.00000
 Time :      3.01000
 Time :      4.01000
 Time :      5.01000
 Time :      6.01000
 Time :      7.01000
 Time :      8.01000
 Time :      9.01000
 Time :     10.01000
 Time :     11.01000
 Time :     12.01000
 Time :     13.01000
 Time :     14.01000
 Time :     15.01000
 Time :     16.01000
 Time :     17.01000
 Time :     18.00000
 Time :     19.00000
 Time :     20.00000
 Time :     21.00000
 Time :     22.00000
 Time :     23.00000
 Time :     24.00000
 Time :     25.00000
 Time :     26.00000
 Time :     27.00000
 Time :     28.00000
 Time :     29.00000
 Time :     30.00000
 Time :     31.00000
 Time :     32.00000
 Time :     33.00000
 Time :     34.00000
 Time :     35.00000
dtime = 18.25903393328190
mbcr =

 Columns 1 through 4:

   0.250000000000000   0.274050858510892   0.260173079455620   0.264823341594506

 Columns 5 and 6:

   0.264812126647607   0.277535214739883

agsout =

 Columns 1 through 3:

   1.836661118562896e-02   1.836661118562896e-02   1.836661118562896e-02
   1.128661611772181e-02   1.851078488325252e-02   1.851078488325252e-02
   1.408761653440176e-03   1.851075230334308e-02   1.851075230334308e-02
   1.759514384906032e-03   1.851075226238603e-02   1.851075226238603e-02
   1.983242928300682e-03   1.851075223296147e-02   1.851075223296147e-02
   6.532871942988785e-03   1.851075183440667e-02   1.851075183440667e-02

 Column 4:

   1.836661118562896e-02
   1.851078488325252e-02
   1.851075230334308e-02
   1.851075226238603e-02
   1.851075223296147e-02
   1.851075183440667e-02

ans = 7.258820067882525e-21
ans = 9.326069626655418e-21
ans = 9.326069626655418e-21
ans = 9.326069626655418e-21
dkps =

 Columns 1 through 3:

   6.434996357431110e+02   1.091957965380718e+01   8.124777096754391e+00

 Columns 4 through 6:

   4.906704176280260e+00   5.143230524195423e+01   4.342116795622681e+01

nbcr = 5
lambda0 = 3.501084296647659
kmpl_prod = 0.180000000000000
 Time :      1.00000
 Time :      2.00000
 Time :      3.01000
 Time :      4.01000
 Time :      5.01000
 Time :      6.01000
 Time :      7.01000
 Time :      8.01000
 Time :      9.01000
 Time :     10.01000
 Time :     11.01000
 Time :     12.01000
 Time :     13.01000
 Time :     14.01000
 Time :     15.01000
 Time :     16.01000
 Time :     17.01000
 Time :     18.00000
 Time :     19.00000
 Time :     20.00000
 Time :     21.00000
 Time :     22.00000
 Time :     23.00000
 Time :     24.00000
 Time :     25.00000
 Time :     26.00000
 Time :     27.00000
 Time :     28.00000
 Time :     29.00000
 Time :     30.00000
 Time :     31.00000
 Time :     32.00000
 Time :     33.00000
 Time :     34.00000
 Time :     35.00000
dtime = 22.86952994763851
mbcr = 0.200000000000000
agsout =

 Columns 1 through 3:

   1.836661171198899e-02   1.836661171198899e-02   1.836661171198899e-02

 Columns 4 and 5:

   1.836661171198899e-02   1.836661171198899e-02

ans = 1.415074554831622e-20
ans = 4.062207247859059e-21
ans = 4.062207247859059e-21
ans = 4.062207247859059e-21
ans = 4.062207247859059e-21
nbcr = 5
lambda0 = 3.501084296647659
kmpl_prod = 0.180000000000000
 Time :      1.00000
 Time :      2.00000
 Time :      3.01000
 Time :      4.01000
 Time :      5.01000
 Time :      6.01000
 Time :      7.01000
 Time :      8.01000
 Time :      9.01000
 Time :     10.01000
 Time :     11.01000
 Time :     12.01000
 Time :     13.01000
 Time :     14.01000
 Time :     15.01000
 Time :     16.01000
 Time :     17.01000
 Time :     18.00000
 Time :     19.00000
 Time :     20.00000
 Time :     21.00000
 Time :     22.00000
 Time :     23.00000
 Time :     24.00000
 Time :     25.00000
 Time :     26.00000
 Time :     27.00000
 Time :     28.00000
 Time :     29.00000
 Time :     30.00000
 Time :     31.00000
 Time :     32.00000
 Time :     33.00000
 Time :     34.00000
 Time :     35.00000
dtime = 22.98596464097500
mbcr =

   0.200000000000000   0.200024182421412

agsout =

 Columns 1 through 3:

   1.836661171198899e-02   1.836661171198899e-02   1.836661171198899e-02
   1.851063207132720e-02   1.851078528655380e-02   1.851078528655380e-02

 Columns 4 and 5:

   1.836661171198899e-02   1.836661171198899e-02
   1.851078528655380e-02   1.851078528655380e-02

ans = -1.464882924415979e-20
ans = 9.922940215336382e-21
ans = 9.922940215336382e-21
ans = 9.922940215336382e-21
ans = 9.922940215336382e-21
nbcr = 5
lambda0 = 3.501084296647659
kmpl_prod = 0.180000000000000
 Time :      1.00000
 Time :      2.00000
 Time :      3.01000
 Time :      4.01000
 Time :      5.01000
 Time :      6.01000
 Time :      7.01000
 Time :      8.01000
 Time :      9.01000
 Time :     10.01000
 Time :     11.01000
 Time :     12.01000
 Time :     13.01000
 Time :     14.01000
 Time :     15.01000
 Time :     16.01000
 Time :     17.01000
 Time :     18.00000
 Time :     19.00000
 Time :     20.00000
 Time :     21.00000
 Time :     22.00000
 Time :     23.00000
 Time :     24.00000
 Time :     25.00000
 Time :     26.00000
 Time :     27.00000
 Time :     28.00000
 Time :     29.00000
 Time :     30.00000
 Time :     31.00000
 Time :     32.00000
 Time :     33.00000
 Time :     34.00000
 Time :     35.00000
dtime = 23.06591793894768
mbcr =

   0.200000000000000   0.200024182421412   0.222385857676562

agsout =

 Columns 1 through 3:

   1.836661171198899e-02   1.836661171198899e-02   1.836661171198899e-02
   1.851063207132720e-02   1.851078528655380e-02   1.851078528655380e-02
   8.470388825941822e-03   1.851075212404281e-02   1.851075212404281e-02

 Columns 4 and 5:

   1.836661171198899e-02   1.836661171198899e-02
   1.851078528655380e-02   1.851078528655380e-02
   1.851075212404281e-02   1.851075212404281e-02

ans = 9.232498858828192e-22
ans = -5.037123610283765e-21
ans = -5.037123610283765e-21
ans = -5.037123610283765e-21
ans = -5.037123610283765e-21
nbcr = 5
lambda0 = 3.501084296647659
kmpl_prod = 0.180000000000000
 Time :      1.00000
 Time :      2.00000
 Time :      3.01000
 Time :      4.01000
 Time :      5.01000
 Time :      6.01000
 Time :      7.01000
 Time :      8.01000
 Time :      9.01000
 Time :     10.01000
 Time :     11.01000
 Time :     12.01000
 Time :     13.01000
 Time :     14.01000
 Time :     15.01000
 Time :     16.01000
 Time :     17.01000
 Time :     18.00000
 Time :     19.00000
 Time :     20.00000
 Time :     21.00000
 Time :     22.00000
 Time :     23.00000
 Time :     24.00000
 Time :     25.00000
 Time :     26.00000
 Time :     27.00000
 Time :     28.00000
 Time :     29.00000
 Time :     30.00000
 Time :     31.00000
 Time :     32.00000
 Time :     33.00000
 Time :     34.00000
 Time :     35.00000
dtime = 23.28533940017223
mbcr =

   0.200000000000000   0.200024182421412   0.222385857676562   0.220945484036212

agsout =

 Columns 1 through 3:

   1.836661171198899e-02   1.836661171198899e-02   1.836661171198899e-02
   1.851063207132720e-02   1.851078528655380e-02   1.851078528655380e-02
   8.470388825941822e-03   1.851075212404281e-02   1.851075212404281e-02
   4.667333742557803e-03   1.851075227104002e-02   1.851075227104002e-02

 Columns 4 and 5:

   1.836661171198899e-02   1.836661171198899e-02
   1.851078528655380e-02   1.851078528655380e-02
   1.851075212404281e-02   1.851075212404281e-02
   1.851075227104002e-02   1.851075227104002e-02

ans = 4.724235273443479e-21
ans = -1.029423202706689e-20
ans = -1.029423202706689e-20
ans = -1.029423202706689e-20
ans = -1.029423202706689e-20
nbcr = 5
lambda0 = 3.501084296647659
kmpl_prod = 0.180000000000000
 Time :      1.00000
 Time :      2.00000
 Time :      3.01000
 Time :      4.01000
 Time :      5.01000
 Time :      6.01000
 Time :      7.01000
 Time :      8.01000
 Time :      9.01000
 Time :     10.01000
 Time :     11.01000
 Time :     12.01000
 Time :     13.01000
 Time :     14.01000
 Time :     15.01000
 Time :     16.01000
 Time :     17.01000
 Time :     18.00000
 Time :     19.00000
 Time :     20.00000
 Time :     21.00000
 Time :     22.00000
 Time :     23.00000
 Time :     24.00000
 Time :     25.00000
 Time :     26.00000
 Time :     27.00000
 Time :     28.00000
 Time :     29.00000
 Time :     30.00000
 Time :     31.00000
 Time :     32.00000
 Time :     33.00000
 Time :     34.00000
 Time :     35.00000
dtime = 23.31066615879536
mbcr =

 Columns 1 through 4:

   0.200000000000000   0.200024182421412   0.222385857676562   0.220945484036212

 Column 5:

   0.215610526672811

agsout =

 Columns 1 through 3:

   1.836661171198899e-02   1.836661171198899e-02   1.836661171198899e-02
   1.851063207132720e-02   1.851078528655380e-02   1.851078528655380e-02
   8.470388825941822e-03   1.851075212404281e-02   1.851075212404281e-02
   4.667333742557803e-03   1.851075227104002e-02   1.851075227104002e-02
   2.755157826006826e-03   1.851075239989346e-02   1.851075239989346e-02

 Columns 4 and 5:

   1.836661171198899e-02   1.836661171198899e-02
   1.851078528655380e-02   1.851078528655380e-02
   1.851075212404281e-02   1.851075212404281e-02
   1.851075227104002e-02   1.851075227104002e-02
   1.851075239989346e-02   1.851075239989346e-02

ans = -2.943108619463672e-21
ans = 8.952533764395937e-23
ans = 8.952533764395937e-23
ans = 8.952533764395937e-23
ans = 8.952533764395937e-23
nbcr = 5
lambda0 = 3.501084296647659
kmpl_prod = 0.180000000000000
 Time :      1.00000
 Time :      2.00000
 Time :      3.01000
 Time :      4.01000
 Time :      5.01000
 Time :      6.01000
 Time :      7.01000
 Time :      8.01000
 Time :      9.01000
 Time :     10.01000
 Time :     11.01000
 Time :     12.01000
 Time :     13.01000
 Time :     14.01000
 Time :     15.01000
 Time :     16.01000
 Time :     17.01000
 Time :     18.00000
 Time :     19.00000
 Time :     20.00000
 Time :     21.00000
 Time :     22.00000
 Time :     23.00000
 Time :     24.00000
 Time :     25.00000
 Time :     26.00000
 Time :     27.00000
 Time :     28.00000
 Time :     29.00000
 Time :     30.00000
 Time :     31.00000
 Time :     32.00000
 Time :     33.00000
 Time :     34.00000
 Time :     35.00000
dtime = 22.91285097599030
mbcr =

 Columns 1 through 4:

   0.200000000000000   0.200024182421412   0.222385857676562   0.220945484036212

 Columns 5 and 6:

   0.215610526672811   0.223526915278826

agsout =

 Columns 1 through 3:

   1.836661171198899e-02   1.836661171198899e-02   1.836661171198899e-02
   1.851063207132720e-02   1.851078528655380e-02   1.851078528655380e-02
   8.470388825941822e-03   1.851075212404281e-02   1.851075212404281e-02
   4.667333742557803e-03   1.851075227104002e-02   1.851075227104002e-02
   2.755157826006826e-03   1.851075239989346e-02   1.851075239989346e-02
   6.601794330811195e-03   1.851075217270703e-02   1.851075217270703e-02

 Columns 4 and 5:

   1.836661171198899e-02   1.836661171198899e-02
   1.851078528655380e-02   1.851078528655380e-02
   1.851075212404281e-02   1.851075212404281e-02
   1.851075227104002e-02   1.851075227104002e-02
   1.851075239989346e-02   1.851075239989346e-02
   1.851075217270703e-02   1.851075217270703e-02

ans = 3.405631828851526e-21
ans = -2.337685112495881e-21
ans = -2.337685112495881e-21
ans = -2.337685112495881e-21
ans = -2.337685112495881e-21
dkps =

 Columns 1 through 3:

   4.926567524892239e+00   3.614429777735718e+00   4.396142719561688e+01

 Columns 4 through 6:

   5.106748514202561e+00   3.313830778298913e+01   6.281569099640824e+01

nbcr = 7
lambda0 = 3.501084296647659
kmpl_prod = 0.180000000000000
 Time :      1.00000
 Time :      2.00000
 Time :      3.01000
 Time :      4.01000
 Time :      5.01000
 Time :      6.01000
 Time :      7.01000
 Time :      8.01000
 Time :      9.01000
 Time :     10.01000
 Time :     11.01000
 Time :     12.01000
 Time :     13.01000
 Time :     14.01000
 Time :     15.01000
 Time :     16.01000
 Time :     17.01000
 Time :     18.00000
 Time :     19.00000
 Time :     20.00000
 Time :     21.00000
 Time :     22.00000
 Time :     23.00000
 Time :     24.00000
 Time :     25.00000
 Time :     26.00000
 Time :     27.00000
 Time :     28.00000
 Time :     29.00000
 Time :     30.00000
 Time :     31.00000
 Time :     32.00000
 Time :     33.00000
 Time :     34.00000
 Time :     35.00000
dtime = 32.58883953094482
mbcr = 0.142857142857143
agsout =

 Columns 1 through 3:

   1.836661218095545e-02   1.836661218095545e-02   1.836661218095545e-02

 Columns 4 through 6:

   1.836661218095545e-02   1.836661218095545e-02   1.836661218095545e-02

 Column 7:

   1.836661218095545e-02

ans = -6.290810744351994e-21
ans = 6.960414661904020e-21
ans = 6.960414661904020e-21
ans = 6.960414661904020e-21
ans = 6.960414661904020e-21
ans = 6.960414661904020e-21
ans = 6.960414661904020e-21
nbcr = 7
lambda0 = 3.501084296647659
kmpl_prod = 0.180000000000000
 Time :      1.00000
 Time :      2.00000
 Time :      3.01000
 Time :      4.01000
 Time :      5.01000
 Time :      6.01000
 Time :      7.01000
 Time :      8.01000
 Time :      9.01000
 Time :     10.01000
 Time :     11.01000
 Time :     12.01000
 Time :     13.01000
 Time :     14.01000
 Time :     15.01000
 Time :     16.01000
 Time :     17.01000
 Time :     18.00000
 Time :     19.00000
 Time :     20.00000
 Time :     21.00000
 Time :     22.00000
 Time :     23.00000
 Time :     24.00000
 Time :     25.00000
 Time :     26.00000
 Time :     27.00000
 Time :     28.00000
 Time :     29.00000
 Time :     30.00000
 Time :     31.00000
 Time :     32.00000
 Time :     33.00000
 Time :     34.00000
 Time :     35.00000
dtime = 32.42827914655209
mbcr =

   0.142857142857143   0.158268579900615

agsout =

 Columns 1 through 3:

   1.836661218095545e-02   1.836661218095545e-02   1.836661218095545e-02
   5.919247869653462e-03   1.851078584592682e-02   1.851078584592682e-02

 Columns 4 through 6:

   1.836661218095545e-02   1.836661218095545e-02   1.836661218095545e-02
   1.851078584592682e-02   1.851078584592682e-02   1.851078584592682e-02

 Column 7:

   1.836661218095545e-02
   1.851078584592682e-02

ans = 5.693406608020063e-21
ans = 2.109269364538306e-21
ans = 2.109269364538306e-21
ans = 2.109269364538306e-21
ans = 2.109269364538306e-21
ans = 2.109269364538306e-21
ans = 2.109269364538306e-21
nbcr = 7
lambda0 = 3.501084296647659
kmpl_prod = 0.180000000000000
 Time :      1.00000
 Time :      2.00000
 Time :      3.01000
 Time :      4.01000
 Time :      5.01000
 Time :      6.01000
 Time :      7.01000
 Time :      8.01000
 Time :      9.01000
 Time :     10.01000
 Time :     11.01000
 Time :     12.01000
 Time :     13.01000
 Time :     14.01000
 Time :     15.01000
 Time :     16.01000
 Time :     17.01000
 Time :     18.00000
 Time :     19.00000
 Time :     20.00000
 Time :     21.00000
 Time :     22.00000
 Time :     23.00000
 Time :     24.00000
 Time :     25.00000
 Time :     26.00000
 Time :     27.00000
 Time :     28.00000
 Time :     29.00000
 Time :     30.00000
 Time :     31.00000
 Time :     32.00000
 Time :     33.00000
 Time :     34.00000
 Time :     35.00000
dtime = 32.23781548440456
mbcr =

   0.142857142857143   0.158268579900615   0.155137312308376

agsout =

 Columns 1 through 3:

   1.836661218095545e-02   1.836661218095545e-02   1.836661218095545e-02
   5.919247869653462e-03   1.851078584592682e-02   1.851078584592682e-02
   2.689423818602652e-03   1.851075266380598e-02   1.851075266380598e-02

 Columns 4 through 6:

   1.836661218095545e-02   1.836661218095545e-02   1.836661218095545e-02
   1.851078584592682e-02   1.851078584592682e-02   1.851078584592682e-02
   1.851075266380598e-02   1.851075266380598e-02   1.851075266380598e-02

 Column 7:

   1.836661218095545e-02
   1.851078584592682e-02
   1.851075266380598e-02

ans = -1.520357965872465e-21
ans = 5.054174516894867e-21
ans = 5.054174516894867e-21
ans = 5.054174516894867e-21
ans = 5.054174516894867e-21
ans = 5.054174516894867e-21
ans = 5.054174516894867e-21
nbcr = 7
lambda0 = 3.501084296647659
kmpl_prod = 0.180000000000000
 Time :      1.00000
 Time :      2.00000
 Time :      3.01000
 Time :      4.01000
 Time :      5.01000
 Time :      6.01000
 Time :      7.01000
 Time :      8.01000
 Time :      9.01000
 Time :     10.01000
 Time :     11.01000
 Time :     12.01000
 Time :     13.01000
 Time :     14.01000
 Time :     15.01000
 Time :     16.01000
 Time :     17.01000
 Time :     18.00000
 Time :     19.00000
 Time :     20.00000
 Time :     21.00000
 Time :     22.00000
 Time :     23.00000
 Time :     24.00000
 Time :     25.00000
 Time :     26.00000
 Time :     27.00000
 Time :     28.00000
 Time :     29.00000
 Time :     30.00000
 Time :     31.00000
 Time :     32.00000
 Time :     33.00000
 Time :     34.00000
 Time :     35.00000
dtime = 32.43838772177696
mbcr =

   0.142857142857143   0.158268579900615   0.155137312308376   0.160461428042669

agsout =

 Columns 1 through 3:

   1.836661218095545e-02   1.836661218095545e-02   1.836661218095545e-02
   5.919247869653462e-03   1.851078584592682e-02   1.851078584592682e-02
   2.689423818602652e-03   1.851075266380598e-02   1.851075266380598e-02
   6.098356292807419e-03   1.851075254740762e-02   1.851075254740762e-02

 Columns 4 through 6:

   1.836661218095545e-02   1.836661218095545e-02   1.836661218095545e-02
   1.851078584592682e-02   1.851078584592682e-02   1.851078584592682e-02
   1.851075266380598e-02   1.851075266380598e-02   1.851075266380598e-02
   1.851075254740762e-02   1.851075254740762e-02   1.851075254740762e-02

 Column 7:

   1.836661218095545e-02
   1.851078584592682e-02
   1.851075266380598e-02
   1.851075254740762e-02

ans = -7.012423642918292e-22
ans = 6.100525680031770e-21
ans = 6.100525680031770e-21
ans = 6.100525680031770e-21
ans = 6.100525680031770e-21
ans = 6.100525680031770e-21
ans = 6.100525680031770e-21
nbcr = 7
lambda0 = 3.501084296647659
kmpl_prod = 0.180000000000000
 Time :      1.00000
 Time :      2.00000
 Time :      3.01000
 Time :      4.01000
 Time :      5.01000
 Time :      6.01000
 Time :      7.01000
 Time :      8.01000
 Time :      9.01000
 Time :     10.01000
 Time :     11.01000
 Time :     12.01000
 Time :     13.01000
 Time :     14.01000
 Time :     15.01000
 Time :     16.01000
 Time :     17.01000
 Time :     18.00000
 Time :     19.00000
 Time :     20.00000
 Time :     21.00000
 Time :     22.00000
 Time :     23.00000
 Time :     24.00000
 Time :     25.00000
 Time :     26.00000
 Time :     27.00000
 Time :     28.00000
 Time :     29.00000
 Time :     30.00000
 Time :     31.00000
 Time :     32.00000
 Time :     33.00000
 Time :     34.00000
 Time :     35.00000
dtime = 32.53728076815605
mbcr =

 Columns 1 through 4:

   0.142857142857143   0.158268579900615   0.155137312308376   0.160461428042669

 Column 5:

   0.154628089923186

agsout =

 Columns 1 through 3:

   1.836661218095545e-02   1.836661218095545e-02   1.836661218095545e-02
   5.919247869653462e-03   1.851078584592682e-02   1.851078584592682e-02
   2.689423818602652e-03   1.851075266380598e-02   1.851075266380598e-02
   6.098356292807419e-03   1.851075254740762e-02   1.851075254740762e-02
   3.564498864616557e-03   1.851075264639044e-02   1.851075264639044e-02

 Columns 4 through 6:

   1.836661218095545e-02   1.836661218095545e-02   1.836661218095545e-02
   1.851078584592682e-02   1.851078584592682e-02   1.851078584592682e-02
   1.851075266380598e-02   1.851075266380598e-02   1.851075266380598e-02
   1.851075254740762e-02   1.851075254740762e-02   1.851075254740762e-02
   1.851075264639044e-02   1.851075264639044e-02   1.851075264639044e-02

 Column 7:

   1.836661218095545e-02
   1.851078584592682e-02
   1.851075266380598e-02
   1.851075254740762e-02
   1.851075264639044e-02

ans = 8.354524186785580e-22
ans = 4.511857458964056e-21
ans = 4.511857458964056e-21
ans = 4.511857458964056e-21
ans = 4.511857458964056e-21
ans = 4.511857458964056e-21
ans = 4.511857458964056e-21
nbcr = 7
lambda0 = 3.501084296647659
kmpl_prod = 0.180000000000000
 Time :      1.00000
 Time :      2.00000
 Time :      3.01000
 Time :      4.01000
 Time :      5.01000
 Time :      6.01000
 Time :      7.01000
 Time :      8.01000
 Time :      9.01000
 Time :     10.01000
 Time :     11.01000
 Time :     12.01000
 Time :     13.01000
 Time :     14.01000
 Time :     15.01000
 Time :     16.01000
 Time :     17.01000
 Time :     18.00000
 Time :     19.00000
 Time :     20.00000
 Time :     21.00000
 Time :     22.00000
 Time :     23.00000
 Time :     24.00000
 Time :     25.00000
 Time :     26.00000
 Time :     27.00000
 Time :     28.00000
 Time :     29.00000
 Time :     30.00000
 Time :     31.00000
 Time :     32.00000
 Time :     33.00000
 Time :     34.00000
 Time :     35.00000
dtime = 32.28314816951752
mbcr =

 Columns 1 through 4:

   0.142857142857143   0.158268579900615   0.155137312308376   0.160461428042669

 Columns 5 and 6:

   0.154628089923186   0.162128891417869

agsout =

 Columns 1 through 3:

   1.836661218095545e-02   1.836661218095545e-02   1.836661218095545e-02
   5.919247869653462e-03   1.851078584592682e-02   1.851078584592682e-02
   2.689423818602652e-03   1.851075266380598e-02   1.851075266380598e-02
   6.098356292807419e-03   1.851075254740762e-02   1.851075254740762e-02
   3.564498864616557e-03   1.851075264639044e-02   1.851075264639044e-02
   5.915484904988393e-03   1.851075254817637e-02   1.851075254817637e-02

 Columns 4 through 6:

   1.836661218095545e-02   1.836661218095545e-02   1.836661218095545e-02
   1.851078584592682e-02   1.851078584592682e-02   1.851078584592682e-02
   1.851075266380598e-02   1.851075266380598e-02   1.851075266380598e-02
   1.851075254740762e-02   1.851075254740762e-02   1.851075254740762e-02
   1.851075264639044e-02   1.851075264639044e-02   1.851075264639044e-02
   1.851075254817637e-02   1.851075254817637e-02   1.851075254817637e-02

 Column 7:

   1.836661218095545e-02
   1.851078584592682e-02
   1.851075266380598e-02
   1.851075254740762e-02
   1.851075264639044e-02
   1.851075254817637e-02

ans = -2.851989505112128e-21
ans = 5.619937783106295e-21
ans = 5.619937783106295e-21
ans = 5.619937783106295e-21
ans = 5.619937783106295e-21
ans = 5.619937783106295e-21
ans = 5.619937783106295e-21
dkps =

 Columns 1 through 3:

   2.288743251246252e+01   2.584828048976565e+01   1.692009411301249e+01

 Columns 4 through 6:

   1.428499020411200e+00   5.263681372430933e+00   2.027008505589497e+01

nbcr = 10
lambda0 = 3.501084296647659
kmpl_prod = 0.180000000000000
 Time :      1.00000
 Time :      2.00000
 Time :      3.01000
 Time :      4.01000
 Time :      5.01000
 Time :      6.01000
 Time :      7.01000
 Time :      8.01000
 Time :      9.01000
 Time :     10.01000
 Time :     11.01000
 Time :     12.01000
 Time :     13.01000
 Time :     14.01000
 Time :     15.01000
 Time :     16.01000
 Time :     17.01000
 Time :     18.00000
 Time :     19.00000
 Time :     20.00000
 Time :     21.00000
 Time :     22.00000
 Time :     23.00000
 Time :     24.00000
 Time :     25.00000
 Time :     26.00000
 Time :     27.00000
 Time :     28.00000
 Time :     29.00000
 Time :     30.00000
 Time :     31.00000
 Time :     32.00000
 Time :     33.00000
 Time :     34.00000
 Time :     35.00000
dtime = 47.03707136213779
mbcr = 0.100000000000000
agsout =

 Columns 1 through 3:

   1.836661247719135e-02   1.836661247719135e-02   1.836661247719135e-02

 Columns 4 through 6:

   1.836661247719135e-02   1.836661247719135e-02   1.836661247719135e-02

 Columns 7 through 9:

   1.836661247719135e-02   1.836661247719135e-02   1.836661247719135e-02

 Column 10:

   1.836661247719135e-02

ans = 1.767316837302524e-20
ans = 4.476022928540751e-21
ans = 4.476022928540751e-21
ans = 4.476022928540751e-21
ans = 4.476022928540751e-21
ans = 4.476022928540751e-21
ans = 4.476022928540751e-21
ans = 4.476022928540751e-21
ans = 4.476022928540751e-21
ans = 4.476022928540751e-21
nbcr = 10
lambda0 = 3.501084296647659
kmpl_prod = 0.180000000000000
 Time :      1.00000
 Time :      2.00000
 Time :      3.01000
 Time :      4.01000
 Time :      5.01000
 Time :      6.01000
 Time :      7.01000
 Time :      8.01000
 Time :      9.01000
 Time :     10.01000
 Time :     11.01000
 Time :     12.01000
 Time :     13.01000
 Time :     14.01000
 Time :     15.01000
 Time :     16.01000
 Time :     17.01000
 Time :     18.00000
 Time :     19.00000
 Time :     20.00000
 Time :     21.00000
 Time :     22.00000
 Time :     23.00000
 Time :     24.00000
 Time :     25.00000
 Time :     26.00000
 Time :     27.00000
 Time :     28.00000
 Time :     29.00000
 Time :     30.00000
 Time :     31.00000
 Time :     32.00000
 Time :     33.00000
 Time :     34.00000
 Time :     35.00000
dtime = 46.83189243078232
mbcr =

   0.100000000000000   0.111717799124177

agsout =

 Columns 1 through 3:

   1.836661247719135e-02   1.836661247719135e-02   1.836661247719135e-02
   1.158410040405342e-02   1.851078606763155e-02   1.851078606763155e-02

 Columns 4 through 6:

   1.836661247719135e-02   1.836661247719135e-02   1.836661247719135e-02
   1.851078606763155e-02   1.851078606763155e-02   1.851078606763155e-02

 Columns 7 through 9:

   1.836661247719135e-02   1.836661247719135e-02   1.836661247719135e-02
   1.851078606763155e-02   1.851078606763155e-02   1.851078606763155e-02

 Column 10:

   1.836661247719135e-02
   1.851078606763155e-02

ans = 6.644625538364831e-21
ans = 9.805922431434971e-21
ans = 9.805922431434971e-21
ans = 9.805922431434971e-21
ans = 9.805922431434971e-21
ans = 9.805922431434971e-21
ans = 9.805922431434971e-21
ans = 9.805922431434971e-21
ans = 9.805922431434971e-21
ans = 9.805922431434971e-21
nbcr = 10
lambda0 = 3.501084296647659
kmpl_prod = 0.180000000000000
 Time :      1.00000
 Time :      2.00000
 Time :      3.01000
 Time :      4.01000
 Time :      5.01000
 Time :      6.01000
 Time :      7.01000
 Time :      8.01000
 Time :      9.01000
 Time :     10.01000
 Time :     11.01000
 Time :     12.01000
 Time :     13.01000
 Time :     14.01000
 Time :     15.01000
 Time :     16.01000
 Time :     17.01000
 Time :     18.00000
 Time :     19.00000
 Time :     20.00000
 Time :     21.00000
 Time :     22.00000
 Time :     23.00000
 Time :     24.00000
 Time :     25.00000
 Time :     26.00000
 Time :     27.00000
 Time :     28.00000
 Time :     29.00000
 Time :     30.00000
 Time :     31.00000
 Time :     32.00000
 Time :     33.00000
 Time :     34.00000
 Time :     35.00000
dtime = 46.97576612234116
mbcr =

   0.100000000000000   0.111717799124177   0.113732492537203

agsout =

 Columns 1 through 3:

   1.836661247719135e-02   1.836661247719135e-02   1.836661247719135e-02
   1.158410040405342e-02   1.851078606763155e-02   1.851078606763155e-02
   8.798384685016477e-03   1.851075278515915e-02   1.851075278515915e-02

 Columns 4 through 6:

   1.836661247719135e-02   1.836661247719135e-02   1.836661247719135e-02
   1.851078606763155e-02   1.851078606763155e-02   1.851078606763155e-02
   1.851075278515915e-02   1.851075278515915e-02   1.851075278515915e-02

 Columns 7 through 9:

   1.836661247719135e-02   1.836661247719135e-02   1.836661247719135e-02
   1.851078606763155e-02   1.851078606763155e-02   1.851078606763155e-02
   1.851075278515915e-02   1.851075278515915e-02   1.851075278515915e-02

 Column 10:

   1.836661247719135e-02
   1.851078606763155e-02
   1.851075278515915e-02

ans = 1.006153416541093e-20
ans = 1.305055938680696e-21
ans = 1.305055938680696e-21
ans = 1.305055938680696e-21
ans = 1.305055938680696e-21
ans = 1.305055938680696e-21
ans = 1.305055938680696e-21
ans = 1.305055938680696e-21
ans = 1.305055938680696e-21
ans = 1.305055938680696e-21
nbcr = 10
lambda0 = 3.501084296647659
kmpl_prod = 0.180000000000000
 Time :      1.00000
 Time :      2.00000
 Time :      3.01000
 Time :      4.01000
 Time :      5.01000
 Time :      6.01000
 Time :      7.01000
 Time :      8.01000
 Time :      9.01000
 Time :     10.01000
 Time :     11.01000
 Time :     12.01000
 Time :     13.01000
 Time :     14.01000
 Time :     15.01000
 Time :     16.01000
 Time :     17.01000
 Time :     18.00000
 Time :     19.00000
 Time :     20.00000
 Time :     21.00000
 Time :     22.00000
 Time :     23.00000
 Time :     24.00000
 Time :     25.00000
 Time :     26.00000
 Time :     27.00000
 Time :     28.00000
 Time :     29.00000
 Time :     30.00000
 Time :     31.00000
 Time :     32.00000
 Time :     33.00000
 Time :     34.00000
 Time :     35.00000
dtime = 47.14840650558472
mbcr =

   0.100000000000000   0.111717799124177   0.113732492537203   0.113610937416779

agsout =

 Columns 1 through 3:

   1.836661247719135e-02   1.836661247719135e-02   1.836661247719135e-02
   1.158410040405342e-02   1.851078606763155e-02   1.851078606763155e-02
   8.798384685016477e-03   1.851075278515915e-02   1.851075278515915e-02
   6.484387461050946e-03   1.851075280861303e-02   1.851075280861303e-02

 Columns 4 through 6:

   1.836661247719135e-02   1.836661247719135e-02   1.836661247719135e-02
   1.851078606763155e-02   1.851078606763155e-02   1.851078606763155e-02
   1.851075278515915e-02   1.851075278515915e-02   1.851075278515915e-02
   1.851075280861303e-02   1.851075280861303e-02   1.851075280861303e-02

 Columns 7 through 9:

   1.836661247719135e-02   1.836661247719135e-02   1.836661247719135e-02
   1.851078606763155e-02   1.851078606763155e-02   1.851078606763155e-02
   1.851075278515915e-02   1.851075278515915e-02   1.851075278515915e-02
   1.851075280861303e-02   1.851075280861303e-02   1.851075280861303e-02

 Column 10:

   1.836661247719135e-02
   1.851078606763155e-02
   1.851075278515915e-02
   1.851075280861303e-02

ans = 6.168440924172781e-21
ans = 1.777267016316937e-22
ans = 1.777267016316937e-22
ans = 1.777267016316937e-22
ans = 1.777267016316937e-22
ans = 1.777267016316937e-22
ans = 1.777267016316937e-22
ans = 1.777267016316937e-22
ans = 1.777267016316937e-22
ans = 1.777267016316937e-22
nbcr = 10
lambda0 = 3.501084296647659
kmpl_prod = 0.180000000000000
 Time :      1.00000
 Time :      2.00000
 Time :      3.01000
 Time :      4.01000
 Time :      5.01000
 Time :      6.01000
 Time :      7.01000
 Time :      8.01000
 Time :      9.01000
 Time :     10.01000
 Time :     11.01000
 Time :     12.01000
 Time :     13.01000
 Time :     14.01000
 Time :     15.01000
 Time :     16.01000
 Time :     17.01000
 Time :     18.00000
 Time :     19.00000
 Time :     20.00000
 Time :     21.00000
 Time :     22.00000
 Time :     23.00000
 Time :     24.00000
 Time :     25.00000
 Time :     26.00000
 Time :     27.00000
 Time :     28.00000
 Time :     29.00000
 Time :     30.00000
 Time :     31.00000
 Time :     32.00000
 Time :     33.00000
 Time :     34.00000
 Time :     35.00000
dtime = 47.22627773880959
mbcr =

 Columns 1 through 4:

   0.100000000000000   0.111717799124177   0.113732492537203   0.113610937416779

 Column 5:

   0.105938748906285

agsout =

 Columns 1 through 3:

   1.836661247719135e-02   1.836661247719135e-02   1.836661247719135e-02
   1.158410040405342e-02   1.851078606763155e-02   1.851078606763155e-02
   8.798384685016477e-03   1.851075278515915e-02   1.851075278515915e-02
   6.484387461050946e-03   1.851075280861303e-02   1.851075280861303e-02
   1.613630134106385e-03   1.851075290213283e-02   1.851075290213283e-02

 Columns 4 through 6:

   1.836661247719135e-02   1.836661247719135e-02   1.836661247719135e-02
   1.851078606763155e-02   1.851078606763155e-02   1.851078606763155e-02
   1.851075278515915e-02   1.851075278515915e-02   1.851075278515915e-02
   1.851075280861303e-02   1.851075280861303e-02   1.851075280861303e-02
   1.851075290213283e-02   1.851075290213283e-02   1.851075290213283e-02

 Columns 7 through 9:

   1.836661247719135e-02   1.836661247719135e-02   1.836661247719135e-02
   1.851078606763155e-02   1.851078606763155e-02   1.851078606763155e-02
   1.851075278515915e-02   1.851075278515915e-02   1.851075278515915e-02
   1.851075280861303e-02   1.851075280861303e-02   1.851075280861303e-02
   1.851075290213283e-02   1.851075290213283e-02   1.851075290213283e-02

 Column 10:

   1.836661247719135e-02
   1.851078606763155e-02
   1.851075278515915e-02
   1.851075280861303e-02
   1.851075290213283e-02

ans = 2.984467650091324e-21
ans = 3.803269827767984e-21
ans = 3.803269827767984e-21
ans = 3.803269827767984e-21
ans = 3.803269827767984e-21
ans = 3.803269827767984e-21
ans = 3.803269827767984e-21
ans = 3.803269827767984e-21
ans = 3.803269827767984e-21
ans = 3.803269827767984e-21
nbcr = 10
lambda0 = 3.501084296647659
kmpl_prod = 0.180000000000000
 Time :      1.00000
 Time :      2.00000
 Time :      3.01000
 Time :      4.01000
 Time :      5.01000
 Time :      6.01000
 Time :      7.01000
 Time :      8.01000
 Time :      9.01000
 Time :     10.01000
 Time :     11.01000
 Time :     12.01000
 Time :     13.01000
 Time :     14.01000
 Time :     15.01000
 Time :     16.01000
 Time :     17.01000
 Time :     18.00000
 Time :     19.00000
 Time :     20.00000
 Time :     21.00000
 Time :     22.00000
 Time :     23.00000
 Time :     24.00000
 Time :     25.00000
 Time :     26.00000
 Time :     27.00000
 Time :     28.00000
 Time :     29.00000
 Time :     30.00000
 Time :     31.00000
 Time :     32.00000
 Time :     33.00000
 Time :     34.00000
 Time :     35.00000
dtime = 46.91598974168301
mbcr =

 Columns 1 through 4:

   0.100000000000000   0.111717799124177   0.113732492537203   0.113610937416779

 Columns 5 and 6:

   0.105938748906285   0.106423432704080

agsout =

 Columns 1 through 3:

   1.836661247719135e-02   1.836661247719135e-02   1.836661247719135e-02
   1.158410040405342e-02   1.851078606763155e-02   1.851078606763155e-02
   8.798384685016477e-03   1.851075278515915e-02   1.851075278515915e-02
   6.484387461050946e-03   1.851075280861303e-02   1.851075280861303e-02
   1.613630134106385e-03   1.851075290213283e-02   1.851075290213283e-02
   1.634472129074520e-03   1.851075289848895e-02   1.851075289848895e-02

 Columns 4 through 6:

   1.836661247719135e-02   1.836661247719135e-02   1.836661247719135e-02
   1.851078606763155e-02   1.851078606763155e-02   1.851078606763155e-02
   1.851075278515915e-02   1.851075278515915e-02   1.851075278515915e-02
   1.851075280861303e-02   1.851075280861303e-02   1.851075280861303e-02
   1.851075290213283e-02   1.851075290213283e-02   1.851075290213283e-02
   1.851075289848895e-02   1.851075289848895e-02   1.851075289848895e-02

 Columns 7 through 9:

   1.836661247719135e-02   1.836661247719135e-02   1.836661247719135e-02
   1.851078606763155e-02   1.851078606763155e-02   1.851078606763155e-02
   1.851075278515915e-02   1.851075278515915e-02   1.851075278515915e-02
   1.851075280861303e-02   1.851075280861303e-02   1.851075280861303e-02
   1.851075290213283e-02   1.851075290213283e-02   1.851075290213283e-02
   1.851075289848895e-02   1.851075289848895e-02   1.851075289848895e-02

 Column 10:

   1.836661247719135e-02
   1.851078606763155e-02
   1.851075278515915e-02
   1.851075280861303e-02
   1.851075290213283e-02
   1.851075289848895e-02

ans = 1.813179902716237e-21
ans = 7.101515195416801e-21
ans = 7.101515195416801e-21
ans = 7.101515195416801e-21
ans = 7.101515195416801e-21
ans = 7.101515195416801e-21
ans = 7.101515195416801e-21
ans = 7.101515195416801e-21
ans = 7.101515195416801e-21
ans = 7.101515195416801e-21
dkps =

 Columns 1 through 3:

   2.296961992811765e-01   2.234300518675417e+00   2.425128430066066e+01

 Columns 4 through 6:

   4.112741039057242e+01   1.969754341114246e+01   3.821316708069411e+00

nbcr = 15
lambda0 = 3.501084296647659
kmpl_prod = 0.180000000000000
 Time :      1.00000
 Time :      2.00000
 Time :      3.01000
 Time :      4.01000
 Time :      5.01000
 Time :      6.01000
 Time :      7.01000
 Time :      8.01000
 Time :      9.01000
 Time :     10.01000
 Time :     11.01000
 Time :     12.01000
 Time :     13.01000
 Time :     14.01000
 Time :     15.01000
 Time :     16.01000
 Time :     17.01000
 Time :     18.00000
 Time :     19.00000
 Time :     20.00000
 Time :     21.00000
 Time :     22.00000
 Time :     23.00000
 Time :     24.00000
 Time :     25.00000
 Time :     26.00000
 Time :     27.00000
 Time :     28.00000
 Time :     29.00000
 Time :     30.00000
 Time :     31.00000
 Time :     32.00000
 Time :     33.00000
 Time :     34.00000
 Time :     35.00000
dtime = 72.47057855129242
mbcr = 6.666666666666667e-02
agsout =

 Columns 1 through 3:

   1.836661269080850e-02   1.836661269080850e-02   1.836661269080850e-02

 Columns 4 through 6:

   1.836661269080850e-02   1.836661269080850e-02   1.836661269080850e-02

 Columns 7 through 9:

   1.836661269080850e-02   1.836661269080850e-02   1.836661269080850e-02

 Columns 10 through 12:

   1.836661269080850e-02   1.836661269080850e-02   1.836661269080850e-02

 Columns 13 through 15:

   1.836661269080850e-02   1.836661269080850e-02   1.836661269080850e-02

ans = 2.354395130221733e-21
ans = 2.575165112068161e-21
ans = 2.575165112068161e-21
ans = 2.575165112068161e-21
ans = 2.575165112068161e-21
ans = 2.575165112068161e-21
ans = 2.575165112068161e-21
ans = 2.575165112068161e-21
ans = 2.575165112068161e-21
ans = 2.575165112068161e-21
ans = 2.575165112068161e-21
ans = 2.575165112068161e-21
ans = 2.575165112068161e-21
ans = 2.575165112068161e-21
ans = 2.575165112068161e-21
nbcr = 15
lambda0 = 3.501084296647659
kmpl_prod = 0.180000000000000
 Time :      1.00000
 Time :      2.00000
 Time :      3.01000
 Time :      4.01000
 Time :      5.01000
 Time :      6.01000
 Time :      7.01000
 Time :      8.01000
 Time :      9.01000
 Time :     10.01000
 Time :     11.01000
 Time :     12.01000
 Time :     13.01000
 Time :     14.01000
 Time :     15.01000
 Time :     16.01000
 Time :     17.01000
 Time :     18.00000
 Time :     19.00000
 Time :     20.00000
 Time :     21.00000
 Time :     22.00000
 Time :     23.00000
 Time :     24.00000
 Time :     25.00000
 Time :     26.00000
 Time :     27.00000
 Time :     28.00000
 Time :     29.00000
 Time :     30.00000
 Time :     31.00000
 Time :     32.00000
 Time :     33.00000
 Time :     34.00000
 Time :     35.00000
dtime = 73.02277833223343
mbcr =

   6.666666666666667e-02   6.956746867510211e-02

agsout =

 Columns 1 through 3:

   1.836661269080850e-02   1.836661269080850e-02   1.836661269080850e-02
   1.157868796329770e-03   1.851078631583251e-02   1.851078631583251e-02

 Columns 4 through 6:

   1.836661269080850e-02   1.836661269080850e-02   1.836661269080850e-02
   1.851078631583251e-02   1.851078631583251e-02   1.851078631583251e-02

 Columns 7 through 9:

   1.836661269080850e-02   1.836661269080850e-02   1.836661269080850e-02
   1.851078631583251e-02   1.851078631583251e-02   1.851078631583251e-02

 Columns 10 through 12:

   1.836661269080850e-02   1.836661269080850e-02   1.836661269080850e-02
   1.851078631583251e-02   1.851078631583251e-02   1.851078631583251e-02

 Columns 13 through 15:

   1.836661269080850e-02   1.836661269080850e-02   1.836661269080850e-02
   1.851078631583251e-02   1.851078631583251e-02   1.851078631583251e-02

ans = -3.321957340012959e-21
ans = 2.691280590555292e-21
ans = 2.691280590555292e-21
ans = 2.691280590555292e-21
ans = 2.691280590555292e-21
ans = 2.691280590555292e-21
ans = 2.691280590555292e-21
ans = 2.691280590555292e-21
ans = 2.691280590555292e-21
ans = 2.691280590555292e-21
ans = 2.691280590555292e-21
ans = 2.691280590555292e-21
ans = 2.691280590555292e-21
ans = 2.691280590555292e-21
ans = 2.691280590555292e-21
nbcr = 15
lambda0 = 3.501084296647659
kmpl_prod = 0.180000000000000
 Time :      1.00000
 Time :      2.00000
 Time :      3.01000
 Time :      4.01000
 Time :      5.01000
 Time :      6.01000
 Time :      7.01000
 Time :      8.01000
 Time :      9.01000
 Time :     10.01000
 Time :     11.01000
 Time :     12.01000
 Time :     13.01000
 Time :     14.01000
 Time :     15.01000
 Time :     16.01000
 Time :     17.01000
 Time :     18.00000
 Time :     19.00000
 Time :     20.00000
 Time :     21.00000
 Time :     22.00000
 Time :     23.00000
 Time :     24.00000
 Time :     25.00000
 Time :     26.00000
 Time :     27.00000
 Time :     28.00000
 Time :     29.00000
 Time :     30.00000
 Time :     31.00000
 Time :     32.00000
 Time :     33.00000
 Time :     34.00000
 Time :     35.00000
dtime = 73.85444752871990
mbcr =

   6.666666666666667e-02   6.956746867510211e-02   6.825098689688033e-02

agsout =

 Columns 1 through 3:

   1.836661269080850e-02   1.836661269080850e-02   1.836661269080850e-02
   1.157868796329770e-03   1.851078631583251e-02   1.851078631583251e-02
   9.166030357211399e-04   1.851075297415684e-02   1.851075297415684e-02

 Columns 4 through 6:

   1.836661269080850e-02   1.836661269080850e-02   1.836661269080850e-02
   1.851078631583251e-02   1.851078631583251e-02   1.851078631583251e-02
   1.851075297415684e-02   1.851075297415684e-02   1.851075297415684e-02

 Columns 7 through 9:

   1.836661269080850e-02   1.836661269080850e-02   1.836661269080850e-02
   1.851078631583251e-02   1.851078631583251e-02   1.851078631583251e-02
   1.851075297415684e-02   1.851075297415684e-02   1.851075297415684e-02

 Columns 10 through 12:

   1.836661269080850e-02   1.836661269080850e-02   1.836661269080850e-02
   1.851078631583251e-02   1.851078631583251e-02   1.851078631583251e-02
   1.851075297415684e-02   1.851075297415684e-02   1.851075297415684e-02

 Columns 13 through 15:

   1.836661269080850e-02   1.836661269080850e-02   1.836661269080850e-02
   1.851078631583251e-02   1.851078631583251e-02   1.851078631583251e-02
   1.851075297415684e-02   1.851075297415684e-02   1.851075297415684e-02

ans = 1.482307657695026e-21
ans = 6.363388169064636e-21
ans = 6.363388169064636e-21
ans = 6.363388169064636e-21
ans = 6.363388169064636e-21
ans = 6.363388169064636e-21
ans = 6.363388169064636e-21
ans = 6.363388169064636e-21
ans = 6.363388169064636e-21
ans = 6.363388169064636e-21
ans = 6.363388169064636e-21
ans = 6.363388169064636e-21
ans = 6.363388169064636e-21
ans = 6.363388169064636e-21
ans = 6.363388169064636e-21
nbcr = 15
lambda0 = 3.501084296647659
kmpl_prod = 0.180000000000000
 Time :      1.00000
 Time :      2.00000
 Time :      3.01000
 Time :      4.01000
 Time :      5.01000
 Time :      6.01000
 Time :      7.01000
 Time :      8.01000
 Time :      9.01000
 Time :     10.01000
 Time :     11.01000
 Time :     12.01000
 Time :     13.01000
 Time :     14.01000
 Time :     15.01000
 Time :     16.01000
 Time :     17.01000
 Time :     18.00000
 Time :     19.00000
 Time :     20.00000
 Time :     21.00000
 Time :     22.00000
 Time :     23.00000
 Time :     24.00000
 Time :     25.00000
 Time :     26.00000
 Time :     27.00000
 Time :     28.00000
 Time :     29.00000
 Time :     30.00000
 Time :     31.00000
 Time :     32.00000
 Time :     33.00000
 Time :     34.00000
 Time :     35.00000
dtime = 73.00469353795052
mbcr =

 Columns 1 through 3:

   6.666666666666667e-02   6.956746867510211e-02   6.825098689688033e-02

 Column 4:

   7.202604618180811e-02

agsout =

 Columns 1 through 3:

   1.836661269080850e-02   1.836661269080850e-02   1.836661269080850e-02
   1.157868796329770e-03   1.851078631583251e-02   1.851078631583251e-02
   9.166030357211399e-04   1.851075297415684e-02   1.851075297415684e-02
   2.921434717793517e-03   1.851075303006514e-02   1.851075303006514e-02

 Columns 4 through 6:

   1.836661269080850e-02   1.836661269080850e-02   1.836661269080850e-02
   1.851078631583251e-02   1.851078631583251e-02   1.851078631583251e-02
   1.851075297415684e-02   1.851075297415684e-02   1.851075297415684e-02
   1.851075303006514e-02   1.851075303006514e-02   1.851075303006514e-02

 Columns 7 through 9:

   1.836661269080850e-02   1.836661269080850e-02   1.836661269080850e-02
   1.851078631583251e-02   1.851078631583251e-02   1.851078631583251e-02
   1.851075297415684e-02   1.851075297415684e-02   1.851075297415684e-02
   1.851075303006514e-02   1.851075303006514e-02   1.851075303006514e-02

 Columns 10 through 12:

   1.836661269080850e-02   1.836661269080850e-02   1.836661269080850e-02
   1.851078631583251e-02   1.851078631583251e-02   1.851078631583251e-02
   1.851075297415684e-02   1.851075297415684e-02   1.851075297415684e-02
   1.851075303006514e-02   1.851075303006514e-02   1.851075303006514e-02

 Columns 13 through 15:

   1.836661269080850e-02   1.836661269080850e-02   1.836661269080850e-02
   1.851078631583251e-02   1.851078631583251e-02   1.851078631583251e-02
   1.851075297415684e-02   1.851075297415684e-02   1.851075297415684e-02
   1.851075303006514e-02   1.851075303006514e-02   1.851075303006514e-02

ans = 3.628427756963856e-21
ans = 1.590294794194116e-20
ans = 1.590294794194116e-20
ans = 1.590294794194116e-20
ans = 1.590294794194116e-20
ans = 1.590294794194116e-20
ans = 1.590294794194116e-20
ans = 1.590294794194116e-20
ans = 1.590294794194116e-20
ans = 1.590294794194116e-20
ans = 1.590294794194116e-20
ans = 1.590294794194116e-20
ans = 1.590294794194116e-20
ans = 1.590294794194116e-20
ans = 1.590294794194116e-20
nbcr = 15
lambda0 = 3.501084296647659
kmpl_prod = 0.180000000000000
 Time :      1.00000
 Time :      2.00000
 Time :      3.01000
 Time :      4.01000
 Time :      5.01000
 Time :      6.01000
 Time :      7.01000
 Time :      8.01000
 Time :      9.01000
 Time :     10.01000
 Time :     11.01000
 Time :     12.01000
 Time :     13.01000
 Time :     14.01000
 Time :     15.01000
 Time :     16.01000
 Time :     17.01000
 Time :     18.00000
 Time :     19.00000
 Time :     20.00000
 Time :     21.00000
 Time :     22.00000
 Time :     23.00000
 Time :     24.00000
 Time :     25.00000
 Time :     26.00000
 Time :     27.00000
 Time :     28.00000
 Time :     29.00000
 Time :     30.00000
 Time :     31.00000
 Time :     32.00000
 Time :     33.00000
 Time :     34.00000
 Time :     35.00000
dtime = 72.24289923906326
mbcr =

 Columns 1 through 3:

   6.666666666666667e-02   6.956746867510211e-02   6.825098689688033e-02

 Columns 4 and 5:

   7.202604618180811e-02   7.551670274144991e-02

agsout =

 Columns 1 through 3:

   1.836661269080850e-02   1.836661269080850e-02   1.836661269080850e-02
   1.157868796329770e-03   1.851078631583251e-02   1.851078631583251e-02
   9.166030357211399e-04   1.851075297415684e-02   1.851075297415684e-02
   2.921434717793517e-03   1.851075303006514e-02   1.851075303006514e-02
   7.491561934844575e-03   1.851075300330321e-02   1.851075300330321e-02

 Columns 4 through 6:

   1.836661269080850e-02   1.836661269080850e-02   1.836661269080850e-02
   1.851078631583251e-02   1.851078631583251e-02   1.851078631583251e-02
   1.851075297415684e-02   1.851075297415684e-02   1.851075297415684e-02
   1.851075303006514e-02   1.851075303006514e-02   1.851075303006514e-02
   1.851075300330321e-02   1.851075300330321e-02   1.851075300330321e-02

 Columns 7 through 9:

   1.836661269080850e-02   1.836661269080850e-02   1.836661269080850e-02
   1.851078631583251e-02   1.851078631583251e-02   1.851078631583251e-02
   1.851075297415684e-02   1.851075297415684e-02   1.851075297415684e-02
   1.851075303006514e-02   1.851075303006514e-02   1.851075303006514e-02
   1.851075300330321e-02   1.851075300330321e-02   1.851075300330321e-02

 Columns 10 through 12:

   1.836661269080850e-02   1.836661269080850e-02   1.836661269080850e-02
   1.851078631583251e-02   1.851078631583251e-02   1.851078631583251e-02
   1.851075297415684e-02   1.851075297415684e-02   1.851075297415684e-02
   1.851075303006514e-02   1.851075303006514e-02   1.851075303006514e-02
   1.851075300330321e-02   1.851075300330321e-02   1.851075300330321e-02

 Columns 13 through 15:

   1.836661269080850e-02   1.836661269080850e-02   1.836661269080850e-02
   1.851078631583251e-02   1.851078631583251e-02   1.851078631583251e-02
   1.851075297415684e-02   1.851075297415684e-02   1.851075297415684e-02
   1.851075303006514e-02   1.851075303006514e-02   1.851075303006514e-02
   1.851075300330321e-02   1.851075300330321e-02   1.851075300330321e-02

ans = -1.364770462530069e-21
ans = 1.346386615754148e-20
ans = 1.346386615754148e-20
ans = 1.346386615754148e-20
ans = 1.346386615754148e-20
ans = 1.346386615754148e-20
ans = 1.346386615754148e-20
ans = 1.346386615754148e-20
ans = 1.346386615754148e-20
ans = 1.346386615754148e-20
ans = 1.346386615754148e-20
ans = 1.346386615754148e-20
ans = 1.346386615754148e-20
ans = 1.346386615754148e-20
ans = 1.346386615754148e-20
nbcr = 15
lambda0 = 3.501084296647659
kmpl_prod = 0.180000000000000
 Time :      1.00000
 Time :      2.00000
 Time :      3.01000
 Time :      4.01000
 Time :      5.01000
 Time :      6.01000
 Time :      7.01000
 Time :      8.01000
 Time :      9.01000
 Time :     10.01000
 Time :     11.01000
 Time :     12.01000
 Time :     13.01000
 Time :     14.01000
 Time :     15.01000
 Time :     16.01000
 Time :     17.01000
 Time :     18.00000
 Time :     19.00000
 Time :     20.00000
 Time :     21.00000
 Time :     22.00000
 Time :     23.00000
 Time :     24.00000
 Time :     25.00000
 Time :     26.00000
 Time :     27.00000
 Time :     28.00000
 Time :     29.00000
 Time :     30.00000
 Time :     31.00000
 Time :     32.00000
 Time :     33.00000
 Time :     34.00000
 Time :     35.00000
dtime = 69.40030753612518
mbcr =

 Columns 1 through 3:

   6.666666666666667e-02   6.956746867510211e-02   6.825098689688033e-02

 Columns 4 through 6:

   7.202604618180811e-02   7.551670274144991e-02   7.556667847007693e-02

agsout =

 Columns 1 through 3:

   1.836661269080850e-02   1.836661269080850e-02   1.836661269080850e-02
   1.157868796329770e-03   1.851078631583251e-02   1.851078631583251e-02
   9.166030357211399e-04   1.851075297415684e-02   1.851075297415684e-02
   2.921434717793517e-03   1.851075303006514e-02   1.851075303006514e-02
   7.491561934844575e-03   1.851075300330321e-02   1.851075300330321e-02
   7.414340199777577e-03   1.851075300330949e-02   1.851075300330949e-02

 Columns 4 through 6:

   1.836661269080850e-02   1.836661269080850e-02   1.836661269080850e-02
   1.851078631583251e-02   1.851078631583251e-02   1.851078631583251e-02
   1.851075297415684e-02   1.851075297415684e-02   1.851075297415684e-02
   1.851075303006514e-02   1.851075303006514e-02   1.851075303006514e-02
   1.851075300330321e-02   1.851075300330321e-02   1.851075300330321e-02
   1.851075300330949e-02   1.851075300330949e-02   1.851075300330949e-02

 Columns 7 through 9:

   1.836661269080850e-02   1.836661269080850e-02   1.836661269080850e-02
   1.851078631583251e-02   1.851078631583251e-02   1.851078631583251e-02
   1.851075297415684e-02   1.851075297415684e-02   1.851075297415684e-02
   1.851075303006514e-02   1.851075303006514e-02   1.851075303006514e-02
   1.851075300330321e-02   1.851075300330321e-02   1.851075300330321e-02
   1.851075300330949e-02   1.851075300330949e-02   1.851075300330949e-02

 Columns 10 through 12:

   1.836661269080850e-02   1.836661269080850e-02   1.836661269080850e-02
   1.851078631583251e-02   1.851078631583251e-02   1.851078631583251e-02
   1.851075297415684e-02   1.851075297415684e-02   1.851075297415684e-02
   1.851075303006514e-02   1.851075303006514e-02   1.851075303006514e-02
   1.851075300330321e-02   1.851075300330321e-02   1.851075300330321e-02
   1.851075300330949e-02   1.851075300330949e-02   1.851075300330949e-02

 Columns 13 through 15:

   1.836661269080850e-02   1.836661269080850e-02   1.836661269080850e-02
   1.851078631583251e-02   1.851078631583251e-02   1.851078631583251e-02
   1.851075297415684e-02   1.851075297415684e-02   1.851075297415684e-02
   1.851075303006514e-02   1.851075303006514e-02   1.851075303006514e-02
   1.851075300330321e-02   1.851075300330321e-02   1.851075300330321e-02
   1.851075300330949e-02   1.851075300330949e-02   1.851075300330949e-02

ans = 7.415131354260905e-21
ans = -3.732807610510391e-21
ans = -3.732807610510391e-21
ans = -3.732807610510391e-21
ans = -3.732807610510391e-21
ans = -3.732807610510391e-21
ans = -3.732807610510391e-21
ans = -3.732807610510391e-21
ans = -3.732807610510391e-21
ans = -3.732807610510391e-21
ans = -3.732807610510391e-21
ans = -3.732807610510391e-21
ans = -3.732807610510391e-21
ans = -3.732807610510391e-21
ans = -3.732807610510391e-21
