warning: function /home/surgeon/flu/amcode/perelson21/1d2agt/4paper/2submit/run.m shadows a core library function
warning: called from
    driver at line 1 column 1

lambda0 = 3.501084296647659
kmpl_prod = 0.180000000000000
dkps =

 Columns 1 through 3:

   4.796733903983954e+00   4.918937814780943e+00   9.293666706317961e+00

 Columns 4 through 6:

   1.941144742603703e+02   9.706871666756697e+01   5.925980398578280e-01

nbcr = 2
lambda0 = 3.501084296647659
kmpl_prod = 0.180000000000000
 Time :      1.00000
 Time :      2.00000
 Time :      3.01000
 Time :      4.01000
 Time :      5.01000
 Time :      6.01000
 Time :      7.01000
 Time :      8.01000
 Time :      9.01000
 Time :     10.01000
 Time :     11.01000
 Time :     12.01000
 Time :     13.01000
 Time :     14.01000
 Time :     15.01000
 Time :     16.01000
 Time :     17.01000
 Time :     18.00000
 Time :     19.00000
 Time :     20.00000
 Time :     21.00000
 Time :     22.00000
 Time :     23.00000
 Time :     24.00000
 Time :     25.00000
 Time :     26.00000
 Time :     27.00000
 Time :     28.00000
 Time :     29.00000
 Time :     30.00000
 Time :     31.00000
 Time :     32.00000
 Time :     33.00000
 Time :     34.00000
 Time :     35.00000
dtime = 5.067323148250580
mbcr = 0.500000000000000
agsout =

   1.071449970512459e-02   1.071449970512455e-02

ans = 6.586066967109759e-21
ans = 8.573849833734308e-21
nbcr = 2
lambda0 = 3.501084296647659
kmpl_prod = 0.180000000000000
 Time :      1.00000
 Time :      2.00000
 Time :      3.01000
 Time :      4.01000
 Time :      5.01000
 Time :      6.01000
 Time :      7.01000
 Time :      8.01000
 Time :      9.01000
 Time :     10.01000
 Time :     11.01000
 Time :     12.01000
 Time :     13.01000
 Time :     14.01000
 Time :     15.01000
 Time :     16.01000
 Time :     17.01000
 Time :     18.00000
 Time :     19.00000
 Time :     20.00000
 Time :     21.00000
 Time :     22.00000
 Time :     23.00000
 Time :     24.00000
 Time :     25.00000
 Time :     26.00000
 Time :     27.00000
 Time :     28.00000
 Time :     29.00000
 Time :     30.00000
 Time :     31.00000
 Time :     32.00000
 Time :     33.00000
 Time :     34.00000
 Time :     35.00000
dtime = 5.125922709703445
mbcr =

   0.500000000000000   0.705709614680054

agsout =

   1.071449970512459e-02   1.071449970512455e-02
   3.434388670132801e-03   3.434388670132826e-03

ans = 1.368570323468984e-21
ans = -6.572828846134642e-21
nbcr = 2
lambda0 = 3.501084296647659
kmpl_prod = 0.180000000000000
 Time :      1.00000
 Time :      2.00000
 Time :      3.01000
 Time :      4.01000
 Time :      5.01000
 Time :      6.01000
 Time :      7.01000
 Time :      8.01000
 Time :      9.01000
 Time :     10.01000
 Time :     11.01000
 Time :     12.01000
 Time :     13.01000
 Time :     14.01000
 Time :     15.01000
 Time :     16.01000
 Time :     17.01000
 Time :     18.00000
 Time :     19.00000
 Time :     20.00000
 Time :     21.00000
 Time :     22.00000
 Time :     23.00000
 Time :     24.00000
 Time :     25.00000
 Time :     26.00000
 Time :     27.00000
 Time :     28.00000
 Time :     29.00000
 Time :     30.00000
 Time :     31.00000
 Time :     32.00000
 Time :     33.00000
 Time :     34.00000
 Time :     35.00000
dtime = 5.142780393362045
mbcr =

   0.500000000000000   0.705709614680054   0.741032895359200

agsout =

   1.071449970512459e-02   1.071449970512455e-02
   3.434388670132801e-03   3.434388670132826e-03
   1.982346880661392e-03   1.982346880661318e-03

ans = 1.497527780966001e-20
ans = 1.108472427139635e-20
nbcr = 2
lambda0 = 3.501084296647659
kmpl_prod = 0.180000000000000
 Time :      1.00000
 Time :      2.00000
 Time :      3.01000
 Time :      4.01000
 Time :      5.01000
 Time :      6.01000
 Time :      7.01000
 Time :      8.01000
 Time :      9.01000
 Time :     10.01000
 Time :     11.01000
 Time :     12.01000
 Time :     13.01000
 Time :     14.01000
 Time :     15.01000
 Time :     16.01000
 Time :     17.01000
 Time :     18.00000
 Time :     19.00000
 Time :     20.00000
 Time :     21.00000
 Time :     22.00000
 Time :     23.00000
 Time :     24.00000
 Time :     25.00000
 Time :     26.00000
 Time :     27.00000
 Time :     28.00000
 Time :     29.00000
 Time :     30.00000
 Time :     31.00000
 Time :     32.00000
 Time :     33.00000
 Time :     34.00000
 Time :     35.00000
dtime = 5.085629224777222
mbcr =

   0.500000000000000   0.705709614680054   0.741032895359200   0.737188898567824

agsout =

   1.071449970512459e-02   1.071449970512455e-02
   3.434388670132801e-03   3.434388670132826e-03
   1.982346880661392e-03   1.982346880661318e-03
   2.122987163631473e-03   2.122987163631439e-03

ans = -3.611470554406519e-21
ans = 1.925779863600018e-24
nbcr = 2
lambda0 = 3.501084296647659
kmpl_prod = 0.180000000000000
 Time :      1.00000
 Time :      2.00000
 Time :      3.01000
 Time :      4.01000
 Time :      5.01000
 Time :      6.01000
 Time :      7.01000
 Time :      8.01000
 Time :      9.01000
 Time :     10.01000
 Time :     11.01000
 Time :     12.01000
 Time :     13.01000
 Time :     14.01000
 Time :     15.01000
 Time :     16.01000
 Time :     17.01000
 Time :     18.00000
 Time :     19.00000
 Time :     20.00000
 Time :     21.00000
 Time :     22.00000
 Time :     23.00000
 Time :     24.00000
 Time :     25.00000
 Time :     26.00000
 Time :     27.00000
 Time :     28.00000
 Time :     29.00000
 Time :     30.00000
 Time :     31.00000
 Time :     32.00000
 Time :     33.00000
 Time :     34.00000
 Time :     35.00000
dtime = 5.034060403704643
mbcr =

 Columns 1 through 4:

   0.500000000000000   0.705709614680054   0.741032895359200   0.737188898567824

 Column 5:

   0.594467200639413

agsout =

   1.071449970512459e-02   1.071449970512455e-02
   3.434388670132801e-03   3.434388670132826e-03
   1.982346880661392e-03   1.982346880661318e-03
   2.122987163631473e-03   2.122987163631439e-03
   7.676159098260798e-03   7.676159098260774e-03

ans = 3.553025074250819e-21
ans = 9.835009462193574e-21
nbcr = 2
lambda0 = 3.501084296647659
kmpl_prod = 0.180000000000000
 Time :      1.00000
 Time :      2.00000
 Time :      3.01000
 Time :      4.01000
 Time :      5.01000
 Time :      6.01000
 Time :      7.01000
 Time :      8.01000
 Time :      9.01000
 Time :     10.01000
 Time :     11.01000
 Time :     12.01000
 Time :     13.01000
 Time :     14.01000
 Time :     15.01000
 Time :     16.01000
 Time :     17.01000
 Time :     18.00000
 Time :     19.00000
 Time :     20.00000
 Time :     21.00000
 Time :     22.00000
 Time :     23.00000
 Time :     24.00000
 Time :     25.00000
 Time :     26.00000
 Time :     27.00000
 Time :     28.00000
 Time :     29.00000
 Time :     30.00000
 Time :     31.00000
 Time :     32.00000
 Time :     33.00000
 Time :     34.00000
 Time :     35.00000
dtime = 5.065643414855003
mbcr =

 Columns 1 through 4:

   0.500000000000000   0.705709614680054   0.741032895359200   0.737188898567824

 Columns 5 and 6:

   0.594467200639413   0.565408831543241

agsout =

   1.071449970512459e-02   1.071449970512455e-02
   3.434388670132801e-03   3.434388670132826e-03
   1.982346880661392e-03   1.982346880661318e-03
   2.122987163631473e-03   2.122987163631439e-03
   7.676159098260798e-03   7.676159098260774e-03
   8.566546697761624e-03   8.566546697761647e-03

ans = 1.133327912077146e-21
ans = 2.621774800880963e-23
dkps =

 Columns 1 through 3:

   3.879009017433539e+00   3.569859085873440e+00   1.700567615875509e+01

 Columns 4 through 6:

   4.162663844494335e+00   3.113095391786368e+00   4.463742505027813e+01

nbcr = 3
lambda0 = 3.501084296647659
kmpl_prod = 0.180000000000000
 Time :      1.00000
 Time :      2.00000
 Time :      3.01000
 Time :      4.01000
 Time :      5.01000
 Time :      6.01000
 Time :      7.01000
 Time :      8.01000
 Time :      9.01000
 Time :     10.01000
 Time :     11.01000
 Time :     12.01000
 Time :     13.01000
 Time :     14.01000
 Time :     15.01000
 Time :     16.01000
 Time :     17.01000
 Time :     18.00000
 Time :     19.00000
 Time :     20.00000
 Time :     21.00000
 Time :     22.00000
 Time :     23.00000
 Time :     24.00000
 Time :     25.00000
 Time :     26.00000
 Time :     27.00000
 Time :     28.00000
 Time :     29.00000
 Time :     30.00000
 Time :     31.00000
 Time :     32.00000
 Time :     33.00000
 Time :     34.00000
 Time :     35.00000
dtime = 12.24978268146515
mbcr = 0.333333333333333
agsout =

   8.291246921948960e-03   8.291246921948903e-03   8.291246921948933e-03

ans = -5.891109236768772e-22
ans = 9.380615887263468e-21
ans = -7.833400400877172e-22
nbcr = 3
lambda0 = 3.501084296647659
kmpl_prod = 0.180000000000000
 Time :      1.00000
 Time :      2.00000
 Time :      3.01000
 Time :      4.01000
 Time :      5.01000
 Time :      6.01000
 Time :      7.01000
 Time :      8.01000
 Time :      9.01000
 Time :     10.01000
 Time :     11.01000
 Time :     12.01000
 Time :     13.01000
 Time :     14.01000
 Time :     15.01000
 Time :     16.01000
 Time :     17.01000
 Time :     18.00000
 Time :     19.00000
 Time :     20.00000
 Time :     21.00000
 Time :     22.00000
 Time :     23.00000
 Time :     24.00000
 Time :     25.00000
 Time :     26.00000
 Time :     27.00000
 Time :     28.00000
 Time :     29.00000
 Time :     30.00000
 Time :     31.00000
 Time :     32.00000
 Time :     33.00000
 Time :     34.00000
 Time :     35.00000
dtime = 12.00019642710686
mbcr =

   0.333333333333333   0.608106125700094

agsout =

   8.291246921948960e-03   8.291246921948903e-03   8.291246921948933e-03
   2.386100565883030e-03   2.386100565883003e-03   2.386100565882996e-03

ans = 1.368570323468984e-20
ans = -5.525824985795648e-21
ans = -5.522800606681001e-21
nbcr = 3
lambda0 = 3.501084296647659
kmpl_prod = 0.180000000000000
 Time :      1.00000
 Time :      2.00000
 Time :      3.01000
 Time :      4.01000
 Time :      5.01000
 Time :      6.01000
 Time :      7.01000
 Time :      8.01000
 Time :      9.01000
 Time :     10.01000
 Time :     11.01000
 Time :     12.01000
 Time :     13.01000
 Time :     14.01000
 Time :     15.01000
 Time :     16.01000
 Time :     17.01000
 Time :     18.00000
 Time :     19.00000
 Time :     20.00000
 Time :     21.00000
 Time :     22.00000
 Time :     23.00000
 Time :     24.00000
 Time :     25.00000
 Time :     26.00000
 Time :     27.00000
 Time :     28.00000
 Time :     29.00000
 Time :     30.00000
 Time :     31.00000
 Time :     32.00000
 Time :     33.00000
 Time :     34.00000
 Time :     35.00000
dtime = 12.01261840760708
mbcr =

   0.333333333333333   0.608106125700094   0.658308536541341

agsout =

   8.291246921948960e-03   8.291246921948903e-03   8.291246921948933e-03
   2.386100565883030e-03   2.386100565883003e-03   2.386100565882996e-03
   1.214548615489249e-03   1.214548615489230e-03   1.214548615489236e-03

ans = -3.450997515571231e-21
ans = 1.415293103381159e-21
ans = -1.972450944723908e-21
nbcr = 3
lambda0 = 3.501084296647659
kmpl_prod = 0.180000000000000
 Time :      1.00000
 Time :      2.00000
 Time :      3.01000
 Time :      4.01000
 Time :      5.01000
 Time :      6.01000
 Time :      7.01000
 Time :      8.01000
 Time :      9.01000
 Time :     10.01000
 Time :     11.01000
 Time :     12.01000
 Time :     13.01000
 Time :     14.01000
 Time :     15.01000
 Time :     16.01000
 Time :     17.01000
 Time :     18.00000
 Time :     19.00000
 Time :     20.00000
 Time :     21.00000
 Time :     22.00000
 Time :     23.00000
 Time :     24.00000
 Time :     25.00000
 Time :     26.00000
 Time :     27.00000
 Time :     28.00000
 Time :     29.00000
 Time :     30.00000
 Time :     31.00000
 Time :     32.00000
 Time :     33.00000
 Time :     34.00000
 Time :     35.00000
dtime = 12.24942058324814
mbcr =

   0.333333333333333   0.608106125700094   0.658308536541341   0.631823676639625

agsout =

   8.291246921948960e-03   8.291246921948903e-03   8.291246921948933e-03
   2.386100565883030e-03   2.386100565883003e-03   2.386100565882996e-03
   1.214548615489249e-03   1.214548615489230e-03   1.214548615489236e-03
   1.847431418129970e-03   1.847431418129953e-03   1.847431418129952e-03

ans = 9.789682549565083e-22
ans = 5.430906010505188e-21
ans = 5.430699215352050e-21
nbcr = 3
lambda0 = 3.501084296647659
kmpl_prod = 0.180000000000000
 Time :      1.00000
 Time :      2.00000
 Time :      3.01000
 Time :      4.01000
 Time :      5.01000
 Time :      6.01000
 Time :      7.01000
 Time :      8.01000
 Time :      9.01000
 Time :     10.01000
 Time :     11.01000
 Time :     12.01000
 Time :     13.01000
 Time :     14.01000
 Time :     15.01000
 Time :     16.01000
 Time :     17.01000
 Time :     18.00000
 Time :     19.00000
 Time :     20.00000
 Time :     21.00000
 Time :     22.00000
 Time :     23.00000
 Time :     24.00000
 Time :     25.00000
 Time :     26.00000
 Time :     27.00000
 Time :     28.00000
 Time :     29.00000
 Time :     30.00000
 Time :     31.00000
 Time :     32.00000
 Time :     33.00000
 Time :     34.00000
 Time :     35.00000
dtime = 11.96532435715199
mbcr =

 Columns 1 through 4:

   0.333333333333333   0.608106125700094   0.658308536541341   0.631823676639625

 Column 5:

   0.656131159071905

agsout =

   8.291246921948960e-03   8.291246921948903e-03   8.291246921948933e-03
   2.386100565883030e-03   2.386100565883003e-03   2.386100565882996e-03
   1.214548615489249e-03   1.214548615489230e-03   1.214548615489236e-03
   1.847431418129970e-03   1.847431418129953e-03   1.847431418129952e-03
   1.297455455479525e-03   1.297455455479543e-03   1.297455455479601e-03

ans = 7.060813708752644e-21
ans = -3.701064554503669e-21
ans = -3.702563819363921e-21
nbcr = 3
lambda0 = 3.501084296647659
kmpl_prod = 0.180000000000000
 Time :      1.00000
 Time :      2.00000
 Time :      3.01000
 Time :      4.01000
 Time :      5.01000
 Time :      6.01000
 Time :      7.01000
 Time :      8.01000
 Time :      9.01000
 Time :     10.01000
 Time :     11.01000
 Time :     12.01000
 Time :     13.01000
 Time :     14.01000
 Time :     15.01000
 Time :     16.01000
 Time :     17.01000
 Time :     18.00000
 Time :     19.00000
 Time :     20.00000
 Time :     21.00000
 Time :     22.00000
 Time :     23.00000
 Time :     24.00000
 Time :     25.00000
 Time :     26.00000
 Time :     27.00000
 Time :     28.00000
 Time :     29.00000
 Time :     30.00000
 Time :     31.00000
 Time :     32.00000
 Time :     33.00000
 Time :     34.00000
 Time :     35.00000
dtime = 11.98555156588554
mbcr =

 Columns 1 through 4:

   0.333333333333333   0.608106125700094   0.658308536541341   0.631823676639625

 Columns 5 and 6:

   0.656131159071905   0.672698366131742

agsout =

   8.291246921948960e-03   8.291246921948903e-03   8.291246921948933e-03
   2.386100565883030e-03   2.386100565883003e-03   2.386100565882996e-03
   1.214548615489249e-03   1.214548615489230e-03   1.214548615489236e-03
   1.847431418129970e-03   1.847431418129953e-03   1.847431418129952e-03
   1.297455455479525e-03   1.297455455479543e-03   1.297455455479601e-03
   8.222115974139423e-04   8.222115974139937e-04   8.222115974139902e-04

ans = -1.297019200483147e-21
ans = 1.705895869737816e-20
ans = 1.705881652571038e-20
dkps =

 Columns 1 through 3:

   6.676083680830847e+01   1.157224701677650e+01   2.559670655853389e-01

 Columns 4 through 6:

   8.786370538601910e+00   8.184925931458036e-02   1.329229330461292e+02

nbcr = 4
lambda0 = 3.501084296647659
kmpl_prod = 0.180000000000000
 Time :      1.00000
 Time :      2.00000
 Time :      3.01000
 Time :      4.01000
 Time :      5.01000
 Time :      6.01000
 Time :      7.01000
 Time :      8.01000
 Time :      9.01000
 Time :     10.01000
 Time :     11.01000
 Time :     12.01000
 Time :     13.01000
 Time :     14.01000
 Time :     15.01000
 Time :     16.01000
 Time :     17.01000
 Time :     18.00000
 Time :     19.00000
 Time :     20.00000
 Time :     21.00000
 Time :     22.00000
 Time :     23.00000
 Time :     24.00000
 Time :     25.00000
 Time :     26.00000
 Time :     27.00000
 Time :     28.00000
 Time :     29.00000
 Time :     30.00000
 Time :     31.00000
 Time :     32.00000
 Time :     33.00000
 Time :     34.00000
 Time :     35.00000
dtime = 18.23800206184387
mbcr = 0.250000000000000
agsout =

 Columns 1 through 3:

   7.111158578391398e-03   7.111158578391355e-03   7.111158578391386e-03

 Column 4:

   7.111158578391386e-03

ans = -2.171394344391447e-21
ans = 1.579922724794526e-20
ans = 9.027228819944329e-21
ans = 9.027228819944329e-21
nbcr = 4
lambda0 = 3.501084296647659
kmpl_prod = 0.180000000000000
 Time :      1.00000
 Time :      2.00000
 Time :      3.01000
 Time :      4.01000
 Time :      5.01000
 Time :      6.01000
 Time :      7.01000
 Time :      8.01000
 Time :      9.01000
 Time :     10.01000
 Time :     11.01000
 Time :     12.01000
 Time :     13.01000
 Time :     14.01000
 Time :     15.01000
 Time :     16.01000
 Time :     17.01000
 Time :     18.00000
 Time :     19.00000
 Time :     20.00000
 Time :     21.00000
 Time :     22.00000
 Time :     23.00000
 Time :     24.00000
 Time :     25.00000
 Time :     26.00000
 Time :     27.00000
 Time :     28.00000
 Time :     29.00000
 Time :     30.00000
 Time :     31.00000
 Time :     32.00000
 Time :     33.00000
 Time :     34.00000
 Time :     35.00000
dtime = 17.91382357478142
mbcr =

   0.250000000000000   0.379081803202411

agsout =

 Columns 1 through 3:

   7.111158578391398e-03   7.111158578391355e-03   7.111158578391386e-03
   5.213029712944101e-03   5.213029712944090e-03   5.213029712944069e-03

 Column 4:

   7.111158578391386e-03
   5.213029712944069e-03

ans = 4.023406499457927e-21
ans = 6.818966777157453e-21
ans = 6.819845656558290e-21
ans = 6.819845656558290e-21
nbcr = 4
lambda0 = 3.501084296647659
kmpl_prod = 0.180000000000000
 Time :      1.00000
 Time :      2.00000
 Time :      3.01000
 Time :      4.01000
 Time :      5.01000
 Time :      6.01000
 Time :      7.01000
 Time :      8.01000
 Time :      9.01000
 Time :     10.01000
 Time :     11.01000
 Time :     12.01000
 Time :     13.01000
 Time :     14.01000
 Time :     15.01000
 Time :     16.01000
 Time :     17.01000
 Time :     18.00000
 Time :     19.00000
 Time :     20.00000
 Time :     21.00000
 Time :     22.00000
 Time :     23.00000
 Time :     24.00000
 Time :     25.00000
 Time :     26.00000
 Time :     27.00000
 Time :     28.00000
 Time :     29.00000
 Time :     30.00000
 Time :     31.00000
 Time :     32.00000
 Time :     33.00000
 Time :     34.00000
 Time :     35.00000
dtime = 18.50965619087219
mbcr =

   0.250000000000000   0.379081803202411   0.531551334383569

agsout =

 Columns 1 through 3:

   7.111158578391398e-03   7.111158578391355e-03   7.111158578391386e-03
   5.213029712944101e-03   5.213029712944090e-03   5.213029712944069e-03
   2.783198215887757e-03   2.783198215887731e-03   2.783198215887724e-03

 Column 4:

   7.111158578391386e-03
   5.213029712944069e-03
   2.783198215887689e-03

ans = 2.785944303078597e-21
ans = 2.657783006921162e-21
ans = -4.123650449941697e-21
ans = 2.649562899583917e-21
nbcr = 4
lambda0 = 3.501084296647659
kmpl_prod = 0.180000000000000
 Time :      1.00000
 Time :      2.00000
 Time :      3.01000
 Time :      4.01000
 Time :      5.01000
 Time :      6.01000
 Time :      7.01000
 Time :      8.01000
 Time :      9.01000
 Time :     10.01000
 Time :     11.01000
 Time :     12.01000
 Time :     13.01000
 Time :     14.01000
 Time :     15.01000
 Time :     16.01000
 Time :     17.01000
 Time :     18.00000
 Time :     19.00000
 Time :     20.00000
 Time :     21.00000
 Time :     22.00000
 Time :     23.00000
 Time :     24.00000
 Time :     25.00000
 Time :     26.00000
 Time :     27.00000
 Time :     28.00000
 Time :     29.00000
 Time :     30.00000
 Time :     31.00000
 Time :     32.00000
 Time :     33.00000
 Time :     34.00000
 Time :     35.00000
dtime = 18.98445747792721
mbcr =

   0.250000000000000   0.379081803202411   0.531551334383569   0.644214379244202

agsout =

 Columns 1 through 3:

   7.111158578391398e-03   7.111158578391355e-03   7.111158578391386e-03
   5.213029712944101e-03   5.213029712944090e-03   5.213029712944069e-03
   2.783198215887757e-03   2.783198215887731e-03   2.783198215887724e-03
   2.908584822257255e-04   2.908584822256677e-04   2.908584822256781e-04

 Column 4:

   7.111158578391386e-03
   5.213029712944069e-03
   2.783198215887689e-03
   2.908584822257090e-04

ans = -3.652829585034170e-21
ans = 5.169888521979226e-21
ans = 5.169951529877448e-21
ans = 8.557999308363687e-21
nbcr = 4
lambda0 = 3.501084296647659
kmpl_prod = 0.180000000000000
 Time :      1.00000
 Time :      2.00000
 Time :      3.01000
 Time :      4.01000
 Time :      5.01000
 Time :      6.01000
 Time :      7.01000
 Time :      8.01000
 Time :      9.01000
 Time :     10.01000
 Time :     11.01000
 Time :     12.01000
 Time :     13.01000
 Time :     14.01000
 Time :     15.01000
 Time :     16.01000
 Time :     17.01000
 Time :     18.00000
 Time :     19.00000
 Time :     20.00000
 Time :     21.00000
 Time :     22.00000
 Time :     23.00000
 Time :     24.00000
 Time :     25.00000
 Time :     26.00000
 Time :     27.00000
 Time :     28.00000
 Time :     29.00000
 Time :     30.00000
 Time :     31.00000
 Time :     32.00000
 Time :     33.00000
 Time :     34.00000
 Time :     35.00000
dtime = 18.58219653367996
mbcr =

 Columns 1 through 4:

   0.250000000000000   0.379081803202411   0.531551334383569   0.644214379244202

 Column 5:

   0.619330609999550

agsout =

 Columns 1 through 3:

   7.111158578391398e-03   7.111158578391355e-03   7.111158578391386e-03
   5.213029712944101e-03   5.213029712944090e-03   5.213029712944069e-03
   2.783198215887757e-03   2.783198215887731e-03   2.783198215887724e-03
   2.908584822257255e-04   2.908584822256677e-04   2.908584822256781e-04
   7.006063836053414e-04   7.006063836053604e-04   7.006063836052587e-04

 Column 4:

   7.111158578391386e-03
   5.213029712944069e-03
   2.783198215887689e-03
   2.908584822257090e-04
   7.006063836052595e-04

ans = 1.863472483959461e-20
ans = 3.477538381006820e-21
ans = 3.477163564791757e-21
ans = 3.476801673273765e-21
nbcr = 4
lambda0 = 3.501084296647659
kmpl_prod = 0.180000000000000
 Time :      1.00000
 Time :      2.00000
 Time :      3.01000
 Time :      4.01000
 Time :      5.01000
 Time :      6.01000
 Time :      7.01000
 Time :      8.01000
 Time :      9.01000
 Time :     10.01000
 Time :     11.01000
 Time :     12.01000
 Time :     13.01000
 Time :     14.01000
 Time :     15.01000
 Time :     16.01000
 Time :     17.01000
 Time :     18.00000
 Time :     19.00000
 Time :     20.00000
 Time :     21.00000
 Time :     22.00000
 Time :     23.00000
 Time :     24.00000
 Time :     25.00000
 Time :     26.00000
 Time :     27.00000
 Time :     28.00000
 Time :     29.00000
 Time :     30.00000
 Time :     31.00000
 Time :     32.00000
 Time :     33.00000
 Time :     34.00000
 Time :     35.00000
dtime = 18.70792508125305
mbcr =

 Columns 1 through 4:

   0.250000000000000   0.379081803202411   0.531551334383569   0.644214379244202

 Columns 5 and 6:

   0.619330609999550   0.643073798270524

agsout =

 Columns 1 through 3:

   7.111158578391398e-03   7.111158578391355e-03   7.111158578391386e-03
   5.213029712944101e-03   5.213029712944090e-03   5.213029712944069e-03
   2.783198215887757e-03   2.783198215887731e-03   2.783198215887724e-03
   2.908584822257255e-04   2.908584822256677e-04   2.908584822256781e-04
   7.006063836053414e-04   7.006063836053604e-04   7.006063836052587e-04
   7.215282177613717e-05   7.215282177619838e-05   7.215282177619930e-05

 Column 4:

   7.111158578391386e-03
   5.213029712944069e-03
   2.783198215887689e-03
   2.908584822257090e-04
   7.006063836052595e-04
   7.215282177610514e-05

ans = 4.235164736271502e-21
ans = -5.844815597189037e-22
ans = -5.844779246478525e-22
ans = -7.360752609843801e-21
dkps =

 Columns 1 through 3:

   5.311799905125690e+01   4.472884157983780e+00   4.773766460646256e+01

 Columns 4 through 6:

   2.460227973607641e+01   4.284190391486756e+00   1.552252544342677e+01

nbcr = 5
lambda0 = 3.501084296647659
kmpl_prod = 0.180000000000000
 Time :      1.00000
 Time :      2.00000
 Time :      3.01000
 Time :      4.01000
 Time :      5.01000
 Time :      6.01000
 Time :      7.01000
 Time :      8.01000
 Time :      9.01000
 Time :     10.01000
 Time :     11.01000
 Time :     12.01000
 Time :     13.01000
 Time :     14.01000
 Time :     15.01000
 Time :     16.01000
 Time :     17.01000
 Time :     18.00000
 Time :     19.00000
 Time :     20.00000
 Time :     21.00000
 Time :     22.00000
 Time :     23.00000
 Time :     24.00000
 Time :     25.00000
 Time :     26.00000
 Time :     27.00000
 Time :     28.00000
 Time :     29.00000
 Time :     30.00000
 Time :     31.00000
 Time :     32.00000
 Time :     33.00000
 Time :     34.00000
 Time :     35.00000
dtime = 22.98107631504536
mbcr = 0.200000000000000
agsout =

 Columns 1 through 3:

   6.412471217994505e-03   6.412471217994479e-03   6.412471217994676e-03

 Columns 4 and 5:

   6.412471217994509e-03   6.412471217994673e-03

ans = -1.010452817021808e-21
ans = 5.035461978916556e-22
ans = -2.879777603815081e-21
ans = 5.045284748690623e-22
ans = -2.880708182004203e-21
nbcr = 5
lambda0 = 3.501084296647659
kmpl_prod = 0.180000000000000
 Time :      1.00000
 Time :      2.00000
 Time :      3.01000
 Time :      4.01000
 Time :      5.01000
 Time :      6.01000
 Time :      7.01000
 Time :      8.01000
 Time :      9.01000
 Time :     10.01000
 Time :     11.01000
 Time :     12.01000
 Time :     13.01000
 Time :     14.01000
 Time :     15.01000
 Time :     16.01000
 Time :     17.01000
 Time :     18.00000
 Time :     19.00000
 Time :     20.00000
 Time :     21.00000
 Time :     22.00000
 Time :     23.00000
 Time :     24.00000
 Time :     25.00000
 Time :     26.00000
 Time :     27.00000
 Time :     28.00000
 Time :     29.00000
 Time :     30.00000
 Time :     31.00000
 Time :     32.00000
 Time :     33.00000
 Time :     34.00000
 Time :     35.00000
dtime = 22.96851351857185
mbcr =

   0.200000000000000   0.352118170772861

agsout =

 Columns 1 through 3:

   6.412471217994505e-03   6.412471217994479e-03   6.412471217994676e-03
   4.585674322270110e-03   4.585674322270067e-03   4.585674322270073e-03

 Columns 4 and 5:

   6.412471217994509e-03   6.412471217994673e-03
   4.585674322270078e-03   4.585674322270079e-03

ans = 6.365154813595548e-22
ans = 3.666426366353011e-21
ans = 3.666167872411588e-21
ans = 7.053627577181090e-21
ans = 7.054661552946781e-21
nbcr = 5
lambda0 = 3.501084296647659
kmpl_prod = 0.180000000000000
 Time :      1.00000
 Time :      2.00000
 Time :      3.01000
 Time :      4.01000
 Time :      5.01000
 Time :      6.01000
 Time :      7.01000
 Time :      8.01000
 Time :      9.01000
 Time :     10.01000
 Time :     11.01000
 Time :     12.01000
 Time :     13.01000
 Time :     14.01000
 Time :     15.01000
 Time :     16.01000
 Time :     17.01000
 Time :     18.00000
 Time :     19.00000
 Time :     20.00000
 Time :     21.00000
 Time :     22.00000
 Time :     23.00000
 Time :     24.00000
 Time :     25.00000
 Time :     26.00000
 Time :     27.00000
 Time :     28.00000
 Time :     29.00000
 Time :     30.00000
 Time :     31.00000
 Time :     32.00000
 Time :     33.00000
 Time :     34.00000
 Time :     35.00000
dtime = 23.13716076314449
mbcr =

   0.200000000000000   0.352118170772861   0.533453285023230

agsout =

 Columns 1 through 3:

   6.412471217994505e-03   6.412471217994479e-03   6.412471217994676e-03
   4.585674322270110e-03   4.585674322270067e-03   4.585674322270073e-03
   1.797301189128198e-03   1.797301189128094e-03   1.797301189128094e-03

 Columns 4 and 5:

   6.412471217994509e-03   6.412471217994673e-03
   4.585674322270078e-03   4.585674322270079e-03
   1.797301189128122e-03   1.797301189128122e-03

ans = 1.300327922933360e-21
ans = 1.035309594429026e-20
ans = 1.035309594429026e-20
ans = 1.035412992005595e-20
ans = 1.035412992005595e-20
nbcr = 5
lambda0 = 3.501084296647659
kmpl_prod = 0.180000000000000
 Time :      1.00000
 Time :      2.00000
 Time :      3.01000
 Time :      4.01000
 Time :      5.01000
 Time :      6.01000
 Time :      7.01000
 Time :      8.01000
 Time :      9.01000
 Time :     10.01000
 Time :     11.01000
 Time :     12.01000
 Time :     13.01000
 Time :     14.01000
 Time :     15.01000
 Time :     16.01000
 Time :     17.01000
 Time :     18.00000
 Time :     19.00000
 Time :     20.00000
 Time :     21.00000
 Time :     22.00000
 Time :     23.00000
 Time :     24.00000
 Time :     25.00000
 Time :     26.00000
 Time :     27.00000
 Time :     28.00000
 Time :     29.00000
 Time :     30.00000
 Time :     31.00000
 Time :     32.00000
 Time :     33.00000
 Time :     34.00000
 Time :     35.00000
dtime = 22.96718582510948
mbcr =

   0.200000000000000   0.352118170772861   0.533453285023230   0.455168198469205

agsout =

 Columns 1 through 3:

   6.412471217994505e-03   6.412471217994479e-03   6.412471217994676e-03
   4.585674322270110e-03   4.585674322270067e-03   4.585674322270073e-03
   1.797301189128198e-03   1.797301189128094e-03   1.797301189128094e-03
   3.219846750510518e-03   3.219846750510505e-03   3.219846750510505e-03

 Columns 4 and 5:

   6.412471217994509e-03   6.412471217994673e-03
   4.585674322270078e-03   4.585674322270079e-03
   1.797301189128122e-03   1.797301189128122e-03
   3.219846750510505e-03   3.219846750510505e-03

ans = -8.663476145574135e-21
ans = 1.105030580309590e-20
ans = 1.105040920067247e-20
ans = 1.105030580309590e-20
ans = 1.105040920067247e-20
nbcr = 5
lambda0 = 3.501084296647659
kmpl_prod = 0.180000000000000
 Time :      1.00000
 Time :      2.00000
 Time :      3.01000
 Time :      4.01000
 Time :      5.01000
 Time :      6.01000
 Time :      7.01000
 Time :      8.01000
 Time :      9.01000
 Time :     10.01000
 Time :     11.01000
 Time :     12.01000
 Time :     13.01000
 Time :     14.01000
 Time :     15.01000
 Time :     16.01000
 Time :     17.01000
 Time :     18.00000
 Time :     19.00000
 Time :     20.00000
 Time :     21.00000
 Time :     22.00000
 Time :     23.00000
 Time :     24.00000
 Time :     25.00000
 Time :     26.00000
 Time :     27.00000
 Time :     28.00000
 Time :     29.00000
 Time :     30.00000
 Time :     31.00000
 Time :     32.00000
 Time :     33.00000
 Time :     34.00000
 Time :     35.00000
dtime = 23.26422706246376
mbcr =

 Columns 1 through 4:

   0.200000000000000   0.352118170772861   0.533453285023230   0.455168198469205

 Column 5:

   0.460649494086832

agsout =

 Columns 1 through 3:

   6.412471217994505e-03   6.412471217994479e-03   6.412471217994676e-03
   4.585674322270110e-03   4.585674322270067e-03   4.585674322270073e-03
   1.797301189128198e-03   1.797301189128094e-03   1.797301189128094e-03
   3.219846750510518e-03   3.219846750510505e-03   3.219846750510505e-03
   3.145791566956327e-03   3.145791566956296e-03   3.145791566956303e-03

 Columns 4 and 5:

   6.412471217994509e-03   6.412471217994673e-03
   4.585674322270078e-03   4.585674322270079e-03
   1.797301189128122e-03   1.797301189128122e-03
   3.219846750510505e-03   3.219846750510505e-03
   3.145791566956303e-03   3.145791566956323e-03

ans = -4.149034554989418e-21
ans = 6.635125886017542e-21
ans = 3.253611541900765e-21
ans = 3.243478579396991e-21
ans = 6.643966378814203e-21
nbcr = 5
lambda0 = 3.501084296647659
kmpl_prod = 0.180000000000000
 Time :      1.00000
 Time :      2.00000
 Time :      3.01000
 Time :      4.01000
 Time :      5.01000
 Time :      6.01000
 Time :      7.01000
 Time :      8.01000
 Time :      9.01000
 Time :     10.01000
 Time :     11.01000
 Time :     12.01000
 Time :     13.01000
 Time :     14.01000
 Time :     15.01000
 Time :     16.01000
 Time :     17.01000
 Time :     18.00000
 Time :     19.00000
 Time :     20.00000
 Time :     21.00000
 Time :     22.00000
 Time :     23.00000
 Time :     24.00000
 Time :     25.00000
 Time :     26.00000
 Time :     27.00000
 Time :     28.00000
 Time :     29.00000
 Time :     30.00000
 Time :     31.00000
 Time :     32.00000
 Time :     33.00000
 Time :     34.00000
 Time :     35.00000
dtime = 23.27118739485741
mbcr =

 Columns 1 through 4:

   0.200000000000000   0.352118170772861   0.533453285023230   0.455168198469205

 Columns 5 and 6:

   0.460649494086832   0.547862643696412

agsout =

 Columns 1 through 3:

   6.412471217994505e-03   6.412471217994479e-03   6.412471217994676e-03
   4.585674322270110e-03   4.585674322270067e-03   4.585674322270073e-03
   1.797301189128198e-03   1.797301189128094e-03   1.797301189128094e-03
   3.219846750510518e-03   3.219846750510505e-03   3.219846750510505e-03
   3.145791566956327e-03   3.145791566956296e-03   3.145791566956303e-03
   1.501658586928443e-03   1.501658586928362e-03   1.501658586928390e-03

 Columns 4 and 5:

   6.412471217994509e-03   6.412471217994673e-03
   4.585674322270078e-03   4.585674322270079e-03
   1.797301189128122e-03   1.797301189128122e-03
   3.219846750510505e-03   3.219846750510505e-03
   3.145791566956303e-03   3.145791566956323e-03
   1.501658586928457e-03   1.501658586928376e-03

ans = 4.135903062765138e-22
ans = -5.517294685728695e-22
ans = 6.225257892497517e-21
ans = 6.225464687650655e-21
ans = 6.226602060992916e-21
dkps =

 Columns 1 through 3:

   2.730662181980815e+01   1.468584243754735e+01   5.602444062734063e+00

 Columns 4 through 6:

   4.693048161713168e+00   3.491669900889428e+01   3.324374727217234e+01

nbcr = 7
lambda0 = 3.501084296647659
kmpl_prod = 0.180000000000000
 Time :      1.00000
 Time :      2.00000
 Time :      3.01000
 Time :      4.01000
 Time :      5.01000
 Time :      6.01000
 Time :      7.01000
 Time :      8.01000
 Time :      9.01000
 Time :     10.01000
 Time :     11.01000
 Time :     12.01000
 Time :     13.01000
 Time :     14.01000
 Time :     15.01000
 Time :     16.01000
 Time :     17.01000
 Time :     18.00000
 Time :     19.00000
 Time :     20.00000
 Time :     21.00000
 Time :     22.00000
 Time :     23.00000
 Time :     24.00000
 Time :     25.00000
 Time :     26.00000
 Time :     27.00000
 Time :     28.00000
 Time :     29.00000
 Time :     30.00000
 Time :     31.00000
 Time :     32.00000
 Time :     33.00000
 Time :     34.00000
 Time :     35.00000
dtime = 32.44070112705231
mbcr = 0.142857142857143
agsout =

 Columns 1 through 3:

   5.620669024814049e-03   5.620669024814032e-03   5.620669024814062e-03

 Columns 4 through 6:

   5.620669024814092e-03   5.620669024814003e-03   5.620669024814083e-03

 Column 7:

   5.620669024814048e-03

ans = 8.074833742166087e-22
ans = 1.019251950787841e-20
ans = 6.802216369753254e-21
ans = 1.020110150673364e-20
ans = 1.020410003645415e-20
ans = 1.019830977216628e-20
ans = 3.424837928699242e-21
nbcr = 7
lambda0 = 3.501084296647659
kmpl_prod = 0.180000000000000
 Time :      1.00000
 Time :      2.00000
 Time :      3.01000
 Time :      4.01000
 Time :      5.01000
 Time :      6.01000
 Time :      7.01000
 Time :      8.01000
 Time :      9.01000
 Time :     10.01000
 Time :     11.01000
 Time :     12.01000
 Time :     13.01000
 Time :     14.01000
 Time :     15.01000
 Time :     16.01000
 Time :     17.01000
 Time :     18.00000
 Time :     19.00000
 Time :     20.00000
 Time :     21.00000
 Time :     22.00000
 Time :     23.00000
 Time :     24.00000
 Time :     25.00000
 Time :     26.00000
 Time :     27.00000
 Time :     28.00000
 Time :     29.00000
 Time :     30.00000
 Time :     31.00000
 Time :     32.00000
 Time :     33.00000
 Time :     34.00000
 Time :     35.00000
dtime = 32.64642320573330
mbcr =

   0.142857142857143   0.358459577074185

agsout =

 Columns 1 through 3:

   5.620669024814049e-03   5.620669024814032e-03   5.620669024814062e-03
   3.464424496330562e-03   3.464424496330562e-03   3.464424496330594e-03

 Columns 4 through 6:

   5.620669024814092e-03   5.620669024814003e-03   5.620669024814083e-03
   3.464424496330553e-03   3.464424496330577e-03   3.464424496330601e-03

 Column 7:

   5.620669024814048e-03
   3.464424496330576e-03

ans = -5.168638057537593e-21
ans = -2.250655049180219e-21
ans = 7.925837834329973e-21
ans = 7.922012123996915e-21
ans = 1.144714570196821e-21
ans = 4.541635153222398e-21
ans = -5.635064525440932e-21
nbcr = 7
lambda0 = 3.501084296647659
kmpl_prod = 0.180000000000000
 Time :      1.00000
 Time :      2.00000
 Time :      3.01000
 Time :      4.01000
 Time :      5.01000
 Time :      6.01000
 Time :      7.01000
 Time :      8.01000
 Time :      9.01000
 Time :     10.01000
 Time :     11.01000
 Time :     12.01000
 Time :     13.01000
 Time :     14.01000
 Time :     15.01000
 Time :     16.01000
 Time :     17.01000
 Time :     18.00000
 Time :     19.00000
 Time :     20.00000
 Time :     21.00000
 Time :     22.00000
 Time :     23.00000
 Time :     24.00000
 Time :     25.00000
 Time :     26.00000
 Time :     27.00000
 Time :     28.00000
 Time :     29.00000
 Time :     30.00000
 Time :     31.00000
 Time :     32.00000
 Time :     33.00000
 Time :     34.00000
 Time :     35.00000
dtime = 32.41089843213558
mbcr =

   0.142857142857143   0.358459577074185   0.448575736108286

agsout =

 Columns 1 through 3:

   5.620669024814049e-03   5.620669024814032e-03   5.620669024814062e-03
   3.464424496330562e-03   3.464424496330562e-03   3.464424496330594e-03
   2.297713634324640e-03   2.297713634324656e-03   2.297713634324678e-03

 Columns 4 through 6:

   5.620669024814092e-03   5.620669024814003e-03   5.620669024814083e-03
   3.464424496330553e-03   3.464424496330577e-03   3.464424496330601e-03
   2.297713634324680e-03   2.297713634324722e-03   2.297713634324651e-03

 Column 7:

   5.620669024814048e-03
   3.464424496330576e-03
   2.297713634324648e-03

ans = -2.934836813338142e-21
ans = -6.089393476885682e-21
ans = 6.895584381395177e-22
ans = -2.701106591503627e-21
ans = -9.475147121641794e-21
ans = 6.825791017211015e-22
ans = -6.094408259349285e-21
nbcr = 7
lambda0 = 3.501084296647659
kmpl_prod = 0.180000000000000
 Time :      1.00000
 Time :      2.00000
 Time :      3.01000
 Time :      4.01000
 Time :      5.01000
 Time :      6.01000
 Time :      7.01000
 Time :      8.01000
 Time :      9.01000
 Time :     10.01000
 Time :     11.01000
 Time :     12.01000
 Time :     13.01000
 Time :     14.01000
 Time :     15.01000
 Time :     16.01000
 Time :     17.01000
 Time :     18.00000
 Time :     19.00000
 Time :     20.00000
 Time :     21.00000
 Time :     22.00000
 Time :     23.00000
 Time :     24.00000
 Time :     25.00000
 Time :     26.00000
 Time :     27.00000
 Time :     28.00000
 Time :     29.00000
 Time :     30.00000
 Time :     31.00000
 Time :     32.00000
 Time :     33.00000
 Time :     34.00000
 Time :     35.00000
dtime = 32.41267874836922
mbcr =

   0.142857142857143   0.358459577074185   0.448575736108286   0.503853077631051

agsout =

 Columns 1 through 3:

   5.620669024814049e-03   5.620669024814032e-03   5.620669024814062e-03
   3.464424496330562e-03   3.464424496330562e-03   3.464424496330594e-03
   2.297713634324640e-03   2.297713634324656e-03   2.297713634324678e-03
   1.343608444635120e-03   1.343608444635125e-03   1.343608444635131e-03

 Columns 4 through 6:

   5.620669024814092e-03   5.620669024814003e-03   5.620669024814083e-03
   3.464424496330553e-03   3.464424496330577e-03   3.464424496330601e-03
   2.297713634324680e-03   2.297713634324722e-03   2.297713634324651e-03
   1.343608444635176e-03   1.343608444635175e-03   1.343608444635135e-03

 Column 7:

   5.620669024814048e-03
   3.464424496330576e-03
   2.297713634324648e-03
   1.343608444635175e-03

ans = 8.741644713460396e-21
ans = -1.088686008393425e-20
ans = -1.427700812569455e-20
ans = -7.500692848871859e-21
ans = -7.499348680376460e-21
ans = -1.088872124031249e-20
ans = -7.500615300689432e-21
nbcr = 7
lambda0 = 3.501084296647659
kmpl_prod = 0.180000000000000
 Time :      1.00000
 Time :      2.00000
 Time :      3.01000
 Time :      4.01000
 Time :      5.01000
 Time :      6.01000
 Time :      7.01000
 Time :      8.01000
 Time :      9.01000
 Time :     10.01000
 Time :     11.01000
 Time :     12.01000
 Time :     13.01000
 Time :     14.01000
 Time :     15.01000
 Time :     16.01000
 Time :     17.01000
 Time :     18.00000
 Time :     19.00000
 Time :     20.00000
 Time :     21.00000
 Time :     22.00000
 Time :     23.00000
 Time :     24.00000
 Time :     25.00000
 Time :     26.00000
 Time :     27.00000
 Time :     28.00000
 Time :     29.00000
 Time :     30.00000
 Time :     31.00000
 Time :     32.00000
 Time :     33.00000
 Time :     34.00000
 Time :     35.00000
dtime = 33.68838094174862
mbcr =

 Columns 1 through 4:

   0.142857142857143   0.358459577074185   0.448575736108286   0.503853077631051

 Column 5:

   0.522373479074481

agsout =

 Columns 1 through 3:

   5.620669024814049e-03   5.620669024814032e-03   5.620669024814062e-03
   3.464424496330562e-03   3.464424496330562e-03   3.464424496330594e-03
   2.297713634324640e-03   2.297713634324656e-03   2.297713634324678e-03
   1.343608444635120e-03   1.343608444635125e-03   1.343608444635131e-03
   1.034964894427615e-03   1.034964894427665e-03   1.034964894427685e-03

 Columns 4 through 6:

   5.620669024814092e-03   5.620669024814003e-03   5.620669024814083e-03
   3.464424496330553e-03   3.464424496330577e-03   3.464424496330601e-03
   2.297713634324680e-03   2.297713634324722e-03   2.297713634324651e-03
   1.343608444635176e-03   1.343608444635175e-03   1.343608444635135e-03
   1.034964894427619e-03   1.034964894427695e-03   1.034964894427694e-03

 Column 7:

   5.620669024814048e-03
   3.464424496330576e-03
   2.297713634324648e-03
   1.343608444635175e-03
   1.034964894427643e-03

ans = 1.184522637175936e-20
ans = 5.140565615499075e-21
ans = 1.753338555276854e-21
ans = 1.752976663758862e-21
ans = 1.755018765896102e-21
ans = 1.753183458912000e-21
ans = 5.143253952489872e-21
nbcr = 7
lambda0 = 3.501084296647659
kmpl_prod = 0.180000000000000
 Time :      1.00000
 Time :      2.00000
 Time :      3.01000
 Time :      4.01000
 Time :      5.01000
 Time :      6.01000
 Time :      7.01000
 Time :      8.01000
 Time :      9.01000
 Time :     10.01000
 Time :     11.01000
 Time :     12.01000
 Time :     13.01000
 Time :     14.01000
 Time :     15.01000
 Time :     16.01000
 Time :     17.01000
 Time :     18.00000
 Time :     19.00000
 Time :     20.00000
 Time :     21.00000
 Time :     22.00000
 Time :     23.00000
 Time :     24.00000
 Time :     25.00000
 Time :     26.00000
 Time :     27.00000
 Time :     28.00000
 Time :     29.00000
 Time :     30.00000
 Time :     31.00000
 Time :     32.00000
 Time :     33.00000
 Time :     34.00000
 Time :     35.00000
dtime = 31.99895136058331
mbcr =

 Columns 1 through 4:

   0.142857142857143   0.358459577074185   0.448575736108286   0.503853077631051

 Columns 5 and 6:

   0.522373479074481   0.450377056795186

agsout =

 Columns 1 through 3:

   5.620669024814049e-03   5.620669024814032e-03   5.620669024814062e-03
   3.464424496330562e-03   3.464424496330562e-03   3.464424496330594e-03
   2.297713634324640e-03   2.297713634324656e-03   2.297713634324678e-03
   1.343608444635120e-03   1.343608444635125e-03   1.343608444635131e-03
   1.034964894427615e-03   1.034964894427665e-03   1.034964894427685e-03
   2.264576044323096e-03   2.264576044323098e-03   2.264576044323187e-03

 Columns 4 through 6:

   5.620669024814092e-03   5.620669024814003e-03   5.620669024814083e-03
   3.464424496330553e-03   3.464424496330577e-03   3.464424496330601e-03
   2.297713634324680e-03   2.297713634324722e-03   2.297713634324651e-03
   1.343608444635176e-03   1.343608444635175e-03   1.343608444635135e-03
   1.034964894427619e-03   1.034964894427695e-03   1.034964894427694e-03
   2.264576044323151e-03   2.264576044323153e-03   2.264576044323153e-03

 Column 7:

   5.620669024814048e-03
   3.464424496330576e-03
   2.297713634324648e-03
   1.343608444635175e-03
   1.034964894427643e-03
   2.264576044323152e-03

ans = 1.146555047059752e-20
ans = 7.267143572796340e-21
ans = 4.963083675318166e-22
ans = 4.933615365995964e-22
ans = 4.870025856405950e-22
ans = 7.269625114633999e-21
ans = 7.267143572796340e-21
dkps =

 Columns 1 through 3:

   1.764663681870302e+01   1.208324826686656e+00   5.928696573871758e+00

 Columns 4 through 6:

   4.510364056215441e-01   6.541968668802426e+02   1.738542088213213e+01

nbcr = 10
lambda0 = 3.501084296647659
kmpl_prod = 0.180000000000000
 Time :      1.00000
 Time :      2.00000
 Time :      3.01000
 Time :      4.01000
 Time :      5.01000
 Time :      6.01000
 Time :      7.01000
 Time :      8.01000
 Time :      9.01000
 Time :     10.01000
 Time :     11.01000
 Time :     12.01000
 Time :     13.01000
 Time :     14.01000
 Time :     15.01000
 Time :     16.01000
 Time :     17.01000
 Time :     18.00000
 Time :     19.00000
 Time :     20.00000
 Time :     21.00000
 Time :     22.00000
 Time :     23.00000
 Time :     24.00000
 Time :     25.00000
 Time :     26.00000
 Time :     27.00000
 Time :     28.00000
 Time :     29.00000
 Time :     30.00000
 Time :     31.00000
 Time :     32.00000
 Time :     33.00000
 Time :     34.00000
 Time :     35.00000
dtime = 47.02611789107323
mbcr = 0.100000000000000
agsout =

 Columns 1 through 3:

   5.029430349229995e-03   5.029430349229977e-03   5.029430349229972e-03

 Columns 4 through 6:

   5.029430349229999e-03   5.029430349230004e-03   5.029430349229964e-03

 Columns 7 through 9:

   5.029430349230032e-03   5.029430349229953e-03   5.029430349229961e-03

 Column 10:

   5.029430349230035e-03

ans = -1.747289797047560e-21
ans = 1.573607717805566e-21
ans = -1.814524071211635e-21
ans = 1.566783477752004e-21
ans = -1.815868239707034e-21
ans = 1.600697882866678e-21
ans = -1.801185783834218e-21
ans = 1.588807161561228e-21
ans = 1.566576682598865e-21
ans = 1.574124705688412e-21
nbcr = 10
lambda0 = 3.501084296647659
kmpl_prod = 0.180000000000000
 Time :      1.00000
 Time :      2.00000
 Time :      3.01000
 Time :      4.01000
 Time :      5.01000
 Time :      6.01000
 Time :      7.01000
 Time :      8.01000
 Time :      9.01000
 Time :     10.01000
 Time :     11.01000
 Time :     12.01000
 Time :     13.01000
 Time :     14.01000
 Time :     15.01000
 Time :     16.01000
 Time :     17.01000
 Time :     18.00000
 Time :     19.00000
 Time :     20.00000
 Time :     21.00000
 Time :     22.00000
 Time :     23.00000
 Time :     24.00000
 Time :     25.00000
 Time :     26.00000
 Time :     27.00000
 Time :     28.00000
 Time :     29.00000
 Time :     30.00000
 Time :     31.00000
 Time :     32.00000
 Time :     33.00000
 Time :     34.00000
 Time :     35.00000
dtime = 46.40584364533424
mbcr =

   0.100000000000000   0.348298911750346

agsout =

 Columns 1 through 3:

   5.029430349229995e-03   5.029430349229977e-03   5.029430349229972e-03
   2.804944615510971e-03   2.804944615510944e-03   2.804944615510878e-03

 Columns 4 through 6:

   5.029430349229999e-03   5.029430349230004e-03   5.029430349229964e-03
   2.804944615510946e-03   2.804944615510938e-03   2.804944615510934e-03

 Columns 7 through 9:

   5.029430349230032e-03   5.029430349229953e-03   5.029430349229961e-03
   2.804944615510898e-03   2.804944615510889e-03   2.804944615510876e-03

 Column 10:

   5.029430349230035e-03
   2.804944615510964e-03

ans = 5.006924247783477e-21
ans = 8.840699591813622e-21
ans = 8.834392339642905e-21
ans = 8.834599134796043e-21
ans = 1.221993918924588e-20
ans = 1.222190374320069e-20
ans = 5.452877995526128e-21
ans = 1.222066297228186e-20
ans = 8.830463231733278e-21
ans = 8.820950654688918e-21
nbcr = 10
lambda0 = 3.501084296647659
kmpl_prod = 0.180000000000000
 Time :      1.00000
 Time :      2.00000
 Time :      3.01000
 Time :      4.01000
 Time :      5.01000
 Time :      6.01000
 Time :      7.01000
 Time :      8.01000
 Time :      9.01000
 Time :     10.01000
 Time :     11.01000
 Time :     12.01000
 Time :     13.01000
 Time :     14.01000
 Time :     15.01000
 Time :     16.01000
 Time :     17.01000
 Time :     18.00000
 Time :     19.00000
 Time :     20.00000
 Time :     21.00000
 Time :     22.00000
 Time :     23.00000
 Time :     24.00000
 Time :     25.00000
 Time :     26.00000
 Time :     27.00000
 Time :     28.00000
 Time :     29.00000
 Time :     30.00000
 Time :     31.00000
 Time :     32.00000
 Time :     33.00000
 Time :     34.00000
 Time :     35.00000
dtime = 49.73586983978748
mbcr =

   0.100000000000000   0.348298911750346   0.506998901897563

agsout =

 Columns 1 through 3:

   5.029430349229995e-03   5.029430349229977e-03   5.029430349229972e-03
   2.804944615510971e-03   2.804944615510944e-03   2.804944615510878e-03
   6.256885614351625e-04   6.256885614350954e-04   6.256885614351811e-04

 Columns 4 through 6:

   5.029430349229999e-03   5.029430349230004e-03   5.029430349229964e-03
   2.804944615510946e-03   2.804944615510938e-03   2.804944615510934e-03
   6.256885614350941e-04   6.256885614351966e-04   6.256885614351816e-04

 Columns 7 through 9:

   5.029430349230032e-03   5.029430349229953e-03   5.029430349229961e-03
   2.804944615510898e-03   2.804944615510889e-03   2.804944615510876e-03
   6.256885614351703e-04   6.256885614351299e-04   6.256885614351637e-04

 Column 10:

   5.029430349230035e-03
   2.804944615510964e-03
   6.256885614351624e-04

ans = -2.249931266144235e-21
ans = 3.693167564593201e-21
ans = 3.029678240446175e-22
ans = 3.693270962169771e-21
ans = 3.041439714780914e-22
ans = 7.079153853896593e-21
ans = 7.081144257245549e-21
ans = 7.081519073460612e-21
ans = 7.082048986040529e-21
ans = 7.081519073460612e-21
nbcr = 10
lambda0 = 3.501084296647659
kmpl_prod = 0.180000000000000
 Time :      1.00000
 Time :      2.00000
 Time :      3.01000
 Time :      4.01000
 Time :      5.01000
 Time :      6.01000
 Time :      7.01000
 Time :      8.01000
 Time :      9.01000
 Time :     10.01000
 Time :     11.01000
 Time :     12.01000
 Time :     13.01000
 Time :     14.01000
 Time :     15.01000
 Time :     16.01000
 Time :     17.01000
 Time :     18.00000
 Time :     19.00000
 Time :     20.00000
 Time :     21.00000
 Time :     22.00000
 Time :     23.00000
 Time :     24.00000
 Time :     25.00000
 Time :     26.00000
 Time :     27.00000
 Time :     28.00000
 Time :     29.00000
 Time :     30.00000
 Time :     31.00000
 Time :     32.00000
 Time :     33.00000
 Time :     34.00000
 Time :     35.00000
dtime = 49.38149638473988
mbcr =

   0.100000000000000   0.348298911750346   0.506998901897563   0.496370361049798

agsout =

 Columns 1 through 3:

   5.029430349229995e-03   5.029430349229977e-03   5.029430349229972e-03
   2.804944615510971e-03   2.804944615510944e-03   2.804944615510878e-03
   6.256885614351625e-04   6.256885614350954e-04   6.256885614351811e-04
   7.469448924558713e-04   7.469448924558292e-04   7.469448924558648e-04

 Columns 4 through 6:

   5.029430349229999e-03   5.029430349230004e-03   5.029430349229964e-03
   2.804944615510946e-03   2.804944615510938e-03   2.804944615510934e-03
   6.256885614350941e-04   6.256885614351966e-04   6.256885614351816e-04
   7.469448924558749e-04   7.469448924557862e-04   7.469448924558484e-04

 Columns 7 through 9:

   5.029430349230032e-03   5.029430349229953e-03   5.029430349229961e-03
   2.804944615510898e-03   2.804944615510889e-03   2.804944615510876e-03
   6.256885614351703e-04   6.256885614351299e-04   6.256885614351637e-04
   7.469448924558313e-04   7.469448924558848e-04   7.469448924558130e-04

 Column 10:

   5.029430349230035e-03
   2.804944615510964e-03
   6.256885614351624e-04
   7.469448924558143e-04

ans = 1.252020575160263e-20
ans = -1.304618922360978e-22
ans = -1.246457785540844e-22
ans = -1.243485105214481e-22
ans = 3.262115992573576e-21
ans = 3.260151438618763e-21
ans = 3.257812068448886e-21
ans = 6.650441652046845e-21
ans = 3.259711998918344e-21
ans = 3.258522926787799e-21
nbcr = 10
lambda0 = 3.501084296647659
kmpl_prod = 0.180000000000000
 Time :      1.00000
 Time :      2.00000
 Time :      3.01000
 Time :      4.01000
 Time :      5.01000
 Time :      6.01000
 Time :      7.01000
 Time :      8.01000
 Time :      9.01000
 Time :     10.01000
 Time :     11.01000
 Time :     12.01000
 Time :     13.01000
 Time :     14.01000
 Time :     15.01000
 Time :     16.01000
 Time :     17.01000
 Time :     18.00000
 Time :     19.00000
 Time :     20.00000
 Time :     21.00000
 Time :     22.00000
 Time :     23.00000
 Time :     24.00000
 Time :     25.00000
 Time :     26.00000
 Time :     27.00000
 Time :     28.00000
 Time :     29.00000
 Time :     30.00000
 Time :     31.00000
 Time :     32.00000
 Time :     33.00000
 Time :     34.00000
 Time :     35.00000
dtime = 50.04033409059048
mbcr =

 Columns 1 through 4:

   0.100000000000000   0.348298911750346   0.506998901897563   0.496370361049798

 Column 5:

   0.534053047353119

agsout =

 Columns 1 through 3:

   5.029430349229995e-03   5.029430349229977e-03   5.029430349229972e-03
   2.804944615510971e-03   2.804944615510944e-03   2.804944615510878e-03
   6.256885614351625e-04   6.256885614350954e-04   6.256885614351811e-04
   7.469448924558713e-04   7.469448924558292e-04   7.469448924558648e-04
   1.937475272331653e-04   1.937475272331200e-04   1.937475272330988e-04

 Columns 4 through 6:

   5.029430349229999e-03   5.029430349230004e-03   5.029430349229964e-03
   2.804944615510946e-03   2.804944615510938e-03   2.804944615510934e-03
   6.256885614350941e-04   6.256885614351966e-04   6.256885614351816e-04
   7.469448924558749e-04   7.469448924557862e-04   7.469448924558484e-04
   1.937475272330940e-04   1.937475272330904e-04   1.937475272330647e-04

 Columns 7 through 9:

   5.029430349230032e-03   5.029430349229953e-03   5.029430349229961e-03
   2.804944615510898e-03   2.804944615510889e-03   2.804944615510876e-03
   6.256885614351703e-04   6.256885614351299e-04   6.256885614351637e-04
   7.469448924558313e-04   7.469448924558848e-04   7.469448924558130e-04
   1.937475272330990e-04   1.937475272330914e-04   1.937475272331136e-04

 Column 10:

   5.029430349230035e-03
   2.804944615510964e-03
   6.256885614351624e-04
   7.469448924558143e-04
   1.937475272330990e-04

ans = 6.564505341220828e-21
ans = -6.561838814656338e-21
ans = -9.950054614204502e-21
ans = -3.173933207837881e-21
ans = -6.561917978425899e-21
ans = -6.561859009495511e-21
ans = -3.173824963499911e-21
ans = -3.173850812894053e-21
ans = -3.173736914001113e-21
ans = -3.173801537486469e-21
nbcr = 10
lambda0 = 3.501084296647659
kmpl_prod = 0.180000000000000
 Time :      1.00000
 Time :      2.00000
 Time :      3.01000
 Time :      4.01000
 Time :      5.01000
 Time :      6.01000
 Time :      7.01000
 Time :      8.01000
 Time :      9.01000
 Time :     10.01000
 Time :     11.01000
 Time :     12.01000
 Time :     13.01000
 Time :     14.01000
 Time :     15.01000
 Time :     16.01000
 Time :     17.01000
 Time :     18.00000
 Time :     19.00000
 Time :     20.00000
 Time :     21.00000
 Time :     22.00000
 Time :     23.00000
 Time :     24.00000
 Time :     25.00000
 Time :     26.00000
 Time :     27.00000
 Time :     28.00000
 Time :     29.00000
 Time :     30.00000
 Time :     31.00000
 Time :     32.00000
 Time :     33.00000
 Time :     34.00000
 Time :     35.00000
dtime = 45.25566883385181
mbcr =

 Columns 1 through 4:

   0.100000000000000   0.348298911750346   0.506998901897563   0.496370361049798

 Columns 5 and 6:

   0.534053047353119   0.246375377959230

agsout =

 Columns 1 through 3:

   5.029430349229995e-03   5.029430349229977e-03   5.029430349229972e-03
   2.804944615510971e-03   2.804944615510944e-03   2.804944615510878e-03
   6.256885614351625e-04   6.256885614350954e-04   6.256885614351811e-04
   7.469448924558713e-04   7.469448924558292e-04   7.469448924558648e-04
   1.937475272331653e-04   1.937475272331200e-04   1.937475272330988e-04
   4.469531272807771e-03   4.469531272807790e-03   4.469531272807734e-03

 Columns 4 through 6:

   5.029430349229999e-03   5.029430349230004e-03   5.029430349229964e-03
   2.804944615510946e-03   2.804944615510938e-03   2.804944615510934e-03
   6.256885614350941e-04   6.256885614351966e-04   6.256885614351816e-04
   7.469448924558749e-04   7.469448924557862e-04   7.469448924558484e-04
   1.937475272330940e-04   1.937475272330904e-04   1.937475272330647e-04
   4.469531272807772e-03   4.469531272807780e-03   4.469531272807769e-03

 Columns 7 through 9:

   5.029430349230032e-03   5.029430349229953e-03   5.029430349229961e-03
   2.804944615510898e-03   2.804944615510889e-03   2.804944615510876e-03
   6.256885614351703e-04   6.256885614351299e-04   6.256885614351637e-04
   7.469448924558313e-04   7.469448924558848e-04   7.469448924558130e-04
   1.937475272330990e-04   1.937475272330914e-04   1.937475272331136e-04
   4.469531272807736e-03   4.469531272807727e-03   4.469531272807833e-03

 Column 10:

   5.029430349230035e-03
   2.804944615510964e-03
   6.256885614351624e-04
   7.469448924558143e-04
   1.937475272330990e-04
   4.469531272807727e-03

ans = 3.789986470353119e-21
ans = -7.602823805128016e-22
ans = -7.700017527102996e-22
ans = -7.581110314048499e-22
ans = -7.517003816575639e-22
ans = -7.581110314048499e-22
ans = -7.649352714584123e-22
ans = -7.795143297546595e-22
ans = -7.633843078098754e-22
ans = -7.691745720977466e-22
dkps =

 Columns 1 through 3:

   1.479540497104825e+00   3.287274907714141e+01   2.941671534222803e+00

 Columns 4 through 6:

   4.119900437791499e+00   1.889975177400444e+02   1.635926219338182e+00

nbcr = 15
lambda0 = 3.501084296647659
kmpl_prod = 0.180000000000000
 Time :      1.00000
 Time :      2.00000
 Time :      3.01000
 Time :      4.01000
 Time :      5.01000
 Time :      6.01000
 Time :      7.01000
 Time :      8.01000
 Time :      9.01000
 Time :     10.01000
 Time :     11.01000
 Time :     12.01000
 Time :     13.01000
 Time :     14.01000
 Time :     15.01000
 Time :     16.01000
 Time :     17.01000
 Time :     18.00000
 Time :     19.00000
 Time :     20.00000
 Time :     21.00000
 Time :     22.00000
 Time :     23.00000
 Time :     24.00000
 Time :     25.00000
 Time :     26.00000
 Time :     27.00000
 Time :     28.00000
 Time :     29.00000
 Time :     30.00000
 Time :     31.00000
 Time :     32.00000
 Time :     33.00000
 Time :     34.00000
 Time :     35.00000
dtime = 72.51453325152397
mbcr = 6.666666666666668e-02
agsout =

 Columns 1 through 3:

   4.569552949878814e-03   4.569552949878831e-03   4.569552949878833e-03

 Columns 4 through 6:

   4.569552949878796e-03   4.569552949878840e-03   4.569552949878881e-03

 Columns 7 through 9:

   4.569552949878880e-03   4.569552949878877e-03   4.569552949878877e-03

 Columns 10 through 12:

   4.569552949878822e-03   4.569552949878877e-03   4.569552949878876e-03

 Columns 13 through 15:

   4.569552949878876e-03   4.569552949878882e-03   4.569552949878877e-03

ans = 5.982842274231195e-21
ans = 7.093694138101627e-21
ans = 3.702046831481075e-21
ans = 3.699358494490278e-21
ans = 7.090799005957691e-21
ans = 7.076530140391152e-21
ans = 3.023345138881316e-22
ans = 3.693361435049269e-21
ans = 3.688398351373950e-21
ans = 3.698738109030863e-21
ans = 7.081493224066470e-21
ans = 3.693361435049269e-21
ans = 3.688398351373950e-21
ans = 7.078184501616258e-21
ans = 7.081493224066470e-21
nbcr = 15
lambda0 = 3.501084296647659
kmpl_prod = 0.180000000000000
 Time :      1.00000
 Time :      2.00000
 Time :      3.01000
 Time :      4.01000
 Time :      5.01000
 Time :      6.01000
 Time :      7.01000
 Time :      8.01000
 Time :      9.01000
 Time :     10.01000
 Time :     11.01000
 Time :     12.01000
 Time :     13.01000
 Time :     14.01000
 Time :     15.01000
 Time :     16.01000
 Time :     17.01000
 Time :     18.00000
 Time :     19.00000
 Time :     20.00000
 Time :     21.00000
 Time :     22.00000
 Time :     23.00000
 Time :     24.00000
 Time :     25.00000
 Time :     26.00000
 Time :     27.00000
 Time :     28.00000
 Time :     29.00000
 Time :     30.00000
 Time :     31.00000
 Time :     32.00000
 Time :     33.00000
 Time :     34.00000
 Time :     35.00000
dtime = 76.80689580738544
mbcr =

   6.666666666666668e-02   4.265337677015485e-01

agsout =

 Columns 1 through 3:

   4.569552949878814e-03   4.569552949878831e-03   4.569552949878833e-03
   8.998417094527200e-04   8.998417094527409e-04   8.998417094526933e-04

 Columns 4 through 6:

   4.569552949878796e-03   4.569552949878840e-03   4.569552949878881e-03
   8.998417094527189e-04   8.998417094527483e-04   8.998417094527136e-04

 Columns 7 through 9:

   4.569552949878880e-03   4.569552949878877e-03   4.569552949878877e-03
   8.998417094527709e-04   8.998417094527020e-04   8.998417094527262e-04

 Columns 10 through 12:

   4.569552949878822e-03   4.569552949878877e-03   4.569552949878876e-03
   8.998417094526994e-04   8.998417094526824e-04   8.998417094527666e-04

 Columns 13 through 15:

   4.569552949878876e-03   4.569552949878882e-03   4.569552949878877e-03
   8.998417094527301e-04   8.998417094527377e-04   8.998417094527386e-04

ans = 6.048344638987738e-21
ans = -1.452425758066547e-21
ans = 1.549112831916339e-20
ans = 1.210338427105833e-20
ans = 8.711917910196772e-21
ans = 1.939764385830992e-21
ans = 1.210258293983992e-20
ans = 1.210180745801565e-20
ans = 1.210154896407423e-20
ans = 5.328490710913466e-21
ans = 1.210304822893448e-20
ans = 5.326241813623087e-21
ans = 5.327870325454051e-21
ans = 5.325776524528526e-21
ans = 5.324509904215555e-21
nbcr = 15
lambda0 = 3.501084296647659
kmpl_prod = 0.180000000000000
 Time :      1.00000
 Time :      2.00000
 Time :      3.01000
 Time :      4.01000
 Time :      5.01000
 Time :      6.01000
 Time :      7.01000
 Time :      8.01000
 Time :      9.01000
 Time :     10.01000
 Time :     11.01000
 Time :     12.01000
 Time :     13.01000
 Time :     14.01000
 Time :     15.01000
 Time :     16.01000
 Time :     17.01000
 Time :     18.00000
 Time :     19.00000
 Time :     20.00000
 Time :     21.00000
 Time :     22.00000
 Time :     23.00000
 Time :     24.00000
 Time :     25.00000
 Time :     26.00000
 Time :     27.00000
 Time :     28.00000
 Time :     29.00000
 Time :     30.00000
 Time :     31.00000
 Time :     32.00000
 Time :     33.00000
 Time :     34.00000
 Time :     35.00000
dtime = 71.50425910949707
mbcr =

   6.666666666666668e-02   4.265337677015485e-01   3.844641442753414e-01

agsout =

 Columns 1 through 3:

   4.569552949878814e-03   4.569552949878831e-03   4.569552949878833e-03
   8.998417094527200e-04   8.998417094527409e-04   8.998417094526933e-04
   1.854442392157742e-03   1.854442392157744e-03   1.854442392157755e-03

 Columns 4 through 6:

   4.569552949878796e-03   4.569552949878840e-03   4.569552949878881e-03
   8.998417094527189e-04   8.998417094527483e-04   8.998417094527136e-04
   1.854442392157739e-03   1.854442392157729e-03   1.854442392157798e-03

 Columns 7 through 9:

   4.569552949878880e-03   4.569552949878877e-03   4.569552949878877e-03
   8.998417094527709e-04   8.998417094527020e-04   8.998417094527262e-04
   1.854442392157730e-03   1.854442392157804e-03   1.854442392157733e-03

 Columns 10 through 12:

   4.569552949878822e-03   4.569552949878877e-03   4.569552949878876e-03
   8.998417094526994e-04   8.998417094526824e-04   8.998417094527666e-04
   1.854442392157755e-03   1.854442392157817e-03   1.854442392157767e-03

 Columns 13 through 15:

   4.569552949878876e-03   4.569552949878882e-03   4.569552949878877e-03
   8.998417094527301e-04   8.998417094527377e-04   8.998417094527386e-04
   1.854442392157735e-03   1.854442392157769e-03   1.854442392157770e-03

ans = 1.794981929240070e-21
ans = -4.796613577041869e-22
ans = 2.902576769448574e-21
ans = 2.912089346492934e-21
ans = 6.282850342646522e-21
ans = 2.897717083349825e-21
ans = 6.295671642141094e-21
ans = 2.910331587691259e-21
ans = 2.903403950061127e-21
ans = 6.289260992393808e-21
ans = 6.292673112420589e-21
ans = 2.910228190114690e-21
ans = 2.898130673656102e-21
ans = 2.904748118556526e-21
ans = 2.904954913709664e-21
nbcr = 15
lambda0 = 3.501084296647659
kmpl_prod = 0.180000000000000
 Time :      1.00000
 Time :      2.00000
 Time :      3.01000
 Time :      4.01000
 Time :      5.01000
 Time :      6.01000
 Time :      7.01000
 Time :      8.01000
 Time :      9.01000
 Time :     10.01000
 Time :     11.01000
 Time :     12.01000
 Time :     13.01000
 Time :     14.01000
 Time :     15.01000
 Time :     16.01000
 Time :     17.01000
 Time :     18.00000
 Time :     19.00000
 Time :     20.00000
 Time :     21.00000
 Time :     22.00000
 Time :     23.00000
 Time :     24.00000
 Time :     25.00000
 Time :     26.00000
 Time :     27.00000
 Time :     28.00000
 Time :     29.00000
 Time :     30.00000
 Time :     31.00000
 Time :     32.00000
 Time :     33.00000
 Time :     34.00000
 Time :     35.00000
dtime = 77.07138843834400
mbcr =

 Columns 1 through 3:

   6.666666666666668e-02   4.265337677015485e-01   3.844641442753414e-01

 Column 4:

   4.541201887481798e-01

agsout =

 Columns 1 through 3:

   4.569552949878814e-03   4.569552949878831e-03   4.569552949878833e-03
   8.998417094527200e-04   8.998417094527409e-04   8.998417094526933e-04
   1.854442392157742e-03   1.854442392157744e-03   1.854442392157755e-03
   9.217341443458712e-04   9.217341443458257e-04   9.217341443458016e-04

 Columns 4 through 6:

   4.569552949878796e-03   4.569552949878840e-03   4.569552949878881e-03
   8.998417094527189e-04   8.998417094527483e-04   8.998417094527136e-04
   1.854442392157739e-03   1.854442392157729e-03   1.854442392157798e-03
   9.217341443458402e-04   9.217341443457951e-04   9.217341443458226e-04

 Columns 7 through 9:

   4.569552949878880e-03   4.569552949878877e-03   4.569552949878877e-03
   8.998417094527709e-04   8.998417094527020e-04   8.998417094527262e-04
   1.854442392157730e-03   1.854442392157804e-03   1.854442392157733e-03
   9.217341443458721e-04   9.217341443458619e-04   9.217341443458170e-04

 Columns 10 through 12:

   4.569552949878822e-03   4.569552949878877e-03   4.569552949878876e-03
   8.998417094526994e-04   8.998417094526824e-04   8.998417094527666e-04
   1.854442392157755e-03   1.854442392157817e-03   1.854442392157767e-03
   9.217341443457923e-04   9.217341443457938e-04   9.217341443458586e-04

 Columns 13 through 15:

   4.569552949878876e-03   4.569552949878882e-03   4.569552949878877e-03
   8.998417094527301e-04   8.998417094527377e-04   8.998417094527386e-04
   1.854442392157735e-03   1.854442392157769e-03   1.854442392157770e-03
   9.217341443458578e-04   9.217341443457832e-04   9.217341443458578e-04

ans = 1.107098531840972e-20
ans = 1.704808902714133e-20
ans = 6.887415972846216e-21
ans = 1.704594352742752e-20
ans = 1.027575455701656e-20
ans = 6.882582136141609e-21
ans = 1.027554776186342e-20
ans = 1.366386049663961e-20
ans = 3.496776792597213e-21
ans = 1.366272312329735e-20
ans = 6.885839159803537e-21
ans = 1.027833949643078e-20
ans = 1.027833949643078e-20
ans = 6.885606515256256e-21
ans = 1.027676268338810e-20
nbcr = 15
lambda0 = 3.501084296647659
kmpl_prod = 0.180000000000000
 Time :      1.00000
 Time :      2.00000
 Time :      3.01000
 Time :      4.01000
 Time :      5.01000
 Time :      6.01000
 Time :      7.01000
 Time :      8.01000
 Time :      9.01000
 Time :     10.01000
 Time :     11.01000
 Time :     12.01000
 Time :     13.01000
 Time :     14.01000
 Time :     15.01000
 Time :     16.01000
 Time :     17.01000
 Time :     18.00000
 Time :     19.00000
 Time :     20.00000
 Time :     21.00000
 Time :     22.00000
 Time :     23.00000
 Time :     24.00000
 Time :     25.00000
 Time :     26.00000
 Time :     27.00000
 Time :     28.00000
 Time :     29.00000
 Time :     30.00000
 Time :     31.00000
 Time :     32.00000
 Time :     33.00000
 Time :     34.00000
 Time :     35.00000
dtime = 78.82205285131931
mbcr =

 Columns 1 through 3:

   6.666666666666668e-02   4.265337677015485e-01   3.844641442753414e-01

 Columns 4 and 5:

   4.541201887481798e-01   4.657119512205640e-01

agsout =

 Columns 1 through 3:

   4.569552949878814e-03   4.569552949878831e-03   4.569552949878833e-03
   8.998417094527200e-04   8.998417094527409e-04   8.998417094526933e-04
   1.854442392157742e-03   1.854442392157744e-03   1.854442392157755e-03
   9.217341443458712e-04   9.217341443458257e-04   9.217341443458016e-04
   6.967591128636051e-04   6.967591128635676e-04   6.967591128636553e-04

 Columns 4 through 6:

   4.569552949878796e-03   4.569552949878840e-03   4.569552949878881e-03
   8.998417094527189e-04   8.998417094527483e-04   8.998417094527136e-04
   1.854442392157739e-03   1.854442392157729e-03   1.854442392157798e-03
   9.217341443458402e-04   9.217341443457951e-04   9.217341443458226e-04
   6.967591128635854e-04   6.967591128636402e-04   6.967591128636097e-04

 Columns 7 through 9:

   4.569552949878880e-03   4.569552949878877e-03   4.569552949878877e-03
   8.998417094527709e-04   8.998417094527020e-04   8.998417094527262e-04
   1.854442392157730e-03   1.854442392157804e-03   1.854442392157733e-03
   9.217341443458721e-04   9.217341443458619e-04   9.217341443458170e-04
   6.967591128635971e-04   6.967591128636127e-04   6.967591128635940e-04

 Columns 10 through 12:

   4.569552949878822e-03   4.569552949878877e-03   4.569552949878876e-03
   8.998417094526994e-04   8.998417094526824e-04   8.998417094527666e-04
   1.854442392157755e-03   1.854442392157817e-03   1.854442392157767e-03
   9.217341443457923e-04   9.217341443457938e-04   9.217341443458586e-04
   6.967591128636373e-04   6.967591128636227e-04   6.967591128636219e-04

 Columns 13 through 15:

   4.569552949878876e-03   4.569552949878882e-03   4.569552949878877e-03
   8.998417094527301e-04   8.998417094527377e-04   8.998417094527386e-04
   1.854442392157735e-03   1.854442392157769e-03   1.854442392157770e-03
   9.217341443458578e-04   9.217341443457832e-04   9.217341443458578e-04
   6.967591128636038e-04   6.967591128636329e-04   6.967591128636034e-04

ans = 4.658681209898652e-21
ans = 2.712040885225813e-21
ans = 2.714496577669329e-21
ans = 6.099267945448034e-21
ans = -6.746433377194209e-22
ans = -6.774867710750719e-22
ans = 2.710515770971418e-21
ans = 2.710489921577276e-21
ans = -6.781847047169136e-22
ans = 2.713902041604057e-21
ans = 6.099733234542595e-21
ans = 6.099552288783599e-21
ans = 2.711368800978113e-21
ans = 2.713540150086065e-21
ans = 6.099500589995315e-21
nbcr = 15
lambda0 = 3.501084296647659
kmpl_prod = 0.180000000000000
 Time :      1.00000
 Time :      2.00000
 Time :      3.01000
 Time :      4.01000
 Time :      5.01000
 Time :      6.01000
 Time :      7.01000
 Time :      8.01000
 Time :      9.01000
 Time :     10.01000
 Time :     11.01000
 Time :     12.01000
 Time :     13.01000
 Time :     14.01000
 Time :     15.01000
 Time :     16.01000
 Time :     17.01000
 Time :     18.00000
 Time :     19.00000
 Time :     20.00000
 Time :     21.00000
 Time :     22.00000
 Time :     23.00000
 Time :     24.00000
 Time :     25.00000
 Time :     26.00000
 Time :     27.00000
 Time :     28.00000
 Time :     29.00000
 Time :     30.00000
 Time :     31.00000
 Time :     32.00000
 Time :     33.00000
 Time :     34.00000
 Time :     35.00000
dtime = 56.34411200881004
mbcr =

 Columns 1 through 3:

   6.666666666666668e-02   4.265337677015485e-01   3.844641442753414e-01

 Columns 4 through 6:

   4.541201887481798e-01   4.657119512205640e-01   2.504502581061847e-01

agsout =

 Columns 1 through 3:

   4.569552949878814e-03   4.569552949878831e-03   4.569552949878833e-03
   8.998417094527200e-04   8.998417094527409e-04   8.998417094526933e-04
   1.854442392157742e-03   1.854442392157744e-03   1.854442392157755e-03
   9.217341443458712e-04   9.217341443458257e-04   9.217341443458016e-04
   6.967591128636051e-04   6.967591128635676e-04   6.967591128636553e-04
   3.720493566243421e-03   3.720493566243421e-03   3.720493566243410e-03

 Columns 4 through 6:

   4.569552949878796e-03   4.569552949878840e-03   4.569552949878881e-03
   8.998417094527189e-04   8.998417094527483e-04   8.998417094527136e-04
   1.854442392157739e-03   1.854442392157729e-03   1.854442392157798e-03
   9.217341443458402e-04   9.217341443457951e-04   9.217341443458226e-04
   6.967591128635854e-04   6.967591128636402e-04   6.967591128636097e-04
   3.720493566243416e-03   3.720493566243382e-03   3.720493566243452e-03

 Columns 7 through 9:

   4.569552949878880e-03   4.569552949878877e-03   4.569552949878877e-03
   8.998417094527709e-04   8.998417094527020e-04   8.998417094527262e-04
   1.854442392157730e-03   1.854442392157804e-03   1.854442392157733e-03
   9.217341443458721e-04   9.217341443458619e-04   9.217341443458170e-04
   6.967591128635971e-04   6.967591128636127e-04   6.967591128635940e-04
   3.720493566243461e-03   3.720493566243420e-03   3.720493566243414e-03

 Columns 10 through 12:

   4.569552949878822e-03   4.569552949878877e-03   4.569552949878876e-03
   8.998417094526994e-04   8.998417094526824e-04   8.998417094527666e-04
   1.854442392157755e-03   1.854442392157817e-03   1.854442392157767e-03
   9.217341443457923e-04   9.217341443457938e-04   9.217341443458586e-04
   6.967591128636373e-04   6.967591128636227e-04   6.967591128636219e-04
   3.720493566243415e-03   3.720493566243470e-03   3.720493566243457e-03

 Columns 13 through 15:

   4.569552949878876e-03   4.569552949878882e-03   4.569552949878877e-03
   8.998417094527301e-04   8.998417094527377e-04   8.998417094527386e-04
   1.854442392157735e-03   1.854442392157769e-03   1.854442392157770e-03
   9.217341443458578e-04   9.217341443457832e-04   9.217341443458578e-04
   6.967591128636038e-04   6.967591128636329e-04   6.967591128636034e-04
   3.720493566243440e-03   3.720493566243463e-03   3.720493566243463e-03

ans = 5.293438932456531e-21
ans = 7.491981603045910e-21
ans = 7.493429169117878e-21
ans = 7.502941746162238e-21
ans = 7.376383112441624e-22
ans = 4.126804076027055e-21
ans = 7.496117506108675e-21
ans = -2.675929281609045e-21
ans = -2.663521572420749e-21
ans = 1.087721825991918e-20
ans = 7.502734951009099e-21
ans = 4.122047787504875e-21
ans = 4.116257523217004e-21
ans = 4.123081763270566e-21
ans = 4.123081763270566e-21
