warning: function /home/surgeon/flu/amcode/perelson21/1d2agt/4paper/2submit/run.m shadows a core library function
warning: called from
    driver at line 1 column 1

lambda0 = 3.501084296647659
kmpl_prod = 0.180000000000000
dkps =

 Columns 1 through 3:

   2.658029495808437e+00   1.124481513480663e+00   4.803796270488777e-01

 Columns 4 through 6:

   5.997131476289159e+01   2.657692030919360e+01   2.490402069989852e-01

nbcr = 2
lambda0 = 3.501084296647659
kmpl_prod = 0.180000000000000
 Time :      1.00000
 Time :      2.00000
 Time :      3.01000
 Time :      4.01000
 Time :      5.01000
 Time :      6.01000
 Time :      7.01000
 Time :      8.01000
 Time :      9.01000
 Time :     10.01000
 Time :     11.01000
 Time :     12.01000
 Time :     13.01000
 Time :     14.01000
 Time :     15.01000
 Time :     16.01000
 Time :     17.01000
 Time :     18.00000
 Time :     19.00000
 Time :     20.00000
 Time :     21.00000
 Time :     22.00000
 Time :     23.00000
 Time :     24.00000
 Time :     25.00000
 Time :     26.00000
 Time :     27.00000
 Time :     28.00000
 Time :     29.00000
 Time :     30.00000
 Time :     31.00000
 Time :     32.00000
 Time :     33.00000
 Time :     34.00000
 Time :     35.00000
dtime = 5.037108063697815
mbcr = 2.078488834910772e-03
agsout =

   6.742080287639608e-01   1.836660915282758e-02

ans = 9.840275736669205e-21
ans = 1.135220895521928e-20
nbcr = 2
lambda0 = 3.501084296647659
kmpl_prod = 0.180000000000000
 Time :      1.00000
 Time :      2.00000
 Time :      3.01000
 Time :      4.01000
 Time :      5.01000
 Time :      6.01000
 Time :      7.01000
 Time :      8.01000
 Time :      9.01000
 Time :     10.01000
 Time :     11.01000
 Time :     12.01000
 Time :     13.01000
 Time :     14.01000
 Time :     15.01000
 Time :     16.01000
 Time :     17.01000
 Time :     18.00000
 Time :     19.00000
 Time :     20.00000
 Time :     21.00000
 Time :     22.00000
 Time :     23.00000
 Time :     24.00000
 Time :     25.00000
 Time :     26.00000
 Time :     27.00000
 Time :     28.00000
 Time :     29.00000
 Time :     30.00000
 Time :     31.00000
 Time :     32.00000
 Time :     33.00000
 Time :     34.00000
 Time :     35.00000
dtime = 4.831496626138687
mbcr =

   2.078488834910772e-03   5.834220459746076e-02

agsout =

   6.742080287639608e-01   1.836660915282758e-02
   6.102401784055078e-01   1.851078274171282e-02

ans = 1.623542284939919e-21
ans = 2.448179155550633e-21
nbcr = 2
lambda0 = 3.501084296647659
kmpl_prod = 0.180000000000000
 Time :      1.00000
 Time :      2.00000
 Time :      3.01000
 Time :      4.01000
 Time :      5.01000
 Time :      6.01000
 Time :      7.01000
 Time :      8.01000
 Time :      9.01000
 Time :     10.01000
 Time :     11.01000
 Time :     12.01000
 Time :     13.01000
 Time :     14.01000
 Time :     15.01000
 Time :     16.01000
 Time :     17.01000
 Time :     18.00000
 Time :     19.00000
 Time :     20.00000
 Time :     21.00000
 Time :     22.00000
 Time :     23.00000
 Time :     24.00000
 Time :     25.00000
 Time :     26.00000
 Time :     27.00000
 Time :     28.00000
 Time :     29.00000
 Time :     30.00000
 Time :     31.00000
 Time :     32.00000
 Time :     33.00000
 Time :     34.00000
 Time :     35.00000
dtime = 4.919697716832161
mbcr =

   2.078488834910772e-03   5.834220459746076e-02   2.079511634044837e-01

agsout =

   6.742080287639608e-01   1.836660915282758e-02
   6.102401784055078e-01   1.851078274171282e-02
   3.655809634667205e-01   1.851074945194449e-02

ans = 1.139686863036147e-20
ans = 5.317597614663195e-21
nbcr = 2
lambda0 = 3.501084296647659
kmpl_prod = 0.180000000000000
 Time :      1.00000
 Time :      2.00000
 Time :      3.01000
 Time :      4.01000
 Time :      5.01000
 Time :      6.01000
 Time :      7.01000
 Time :      8.01000
 Time :      9.01000
 Time :     10.01000
 Time :     11.01000
 Time :     12.01000
 Time :     13.01000
 Time :     14.01000
 Time :     15.01000
 Time :     16.01000
 Time :     17.01000
 Time :     18.00000
 Time :     19.00000
 Time :     20.00000
 Time :     21.00000
 Time :     22.00000
 Time :     23.00000
 Time :     24.00000
 Time :     25.00000
 Time :     26.00000
 Time :     27.00000
 Time :     28.00000
 Time :     29.00000
 Time :     30.00000
 Time :     31.00000
 Time :     32.00000
 Time :     33.00000
 Time :     34.00000
 Time :     35.00000
dtime = 4.853966832160950
mbcr =

 Columns 1 through 3:

   2.078488834910772e-03   5.834220459746076e-02   2.079511634044837e-01

 Column 4:

   2.796782987141415e-01

agsout =

   6.742080287639608e-01   1.836660915282758e-02
   6.102401784055078e-01   1.851078274171282e-02
   3.655809634667205e-01   1.851074945194449e-02
   1.632981227789243e-01   1.851074946046583e-02

ans = -9.923065423339258e-22
ans = 2.954600290747051e-21
nbcr = 2
lambda0 = 3.501084296647659
kmpl_prod = 0.180000000000000
 Time :      1.00000
 Time :      2.00000
 Time :      3.01000
 Time :      4.01000
 Time :      5.01000
 Time :      6.01000
 Time :      7.01000
 Time :      8.01000
 Time :      9.01000
 Time :     10.01000
 Time :     11.01000
 Time :     12.01000
 Time :     13.01000
 Time :     14.01000
 Time :     15.01000
 Time :     16.01000
 Time :     17.01000
 Time :     18.00000
 Time :     19.00000
 Time :     20.00000
 Time :     21.00000
 Time :     22.00000
 Time :     23.00000
 Time :     24.00000
 Time :     25.00000
 Time :     26.00000
 Time :     27.00000
 Time :     28.00000
 Time :     29.00000
 Time :     30.00000
 Time :     31.00000
 Time :     32.00000
 Time :     33.00000
 Time :     34.00000
 Time :     35.00000
dtime = 4.889030009508133
mbcr =

 Columns 1 through 3:

   2.078488834910772e-03   5.834220459746076e-02   2.079511634044837e-01

 Columns 4 and 5:

   2.796782987141415e-01   1.641598349405267e-02

agsout =

   6.742080287639608e-01   1.836660915282758e-02
   6.102401784055078e-01   1.851078274171282e-02
   3.655809634667205e-01   1.851074945194449e-02
   1.632981227789243e-01   1.851074946046583e-02
   6.582850542577626e-01   1.851074946046368e-02

ans = 4.601259204192273e-21
ans = 3.043519783215800e-21
nbcr = 2
lambda0 = 3.501084296647659
kmpl_prod = 0.180000000000000
 Time :      1.00000
 Time :      2.00000
 Time :      3.01000
 Time :      4.01000
 Time :      5.01000
 Time :      6.01000
 Time :      7.01000
 Time :      8.01000
 Time :      9.01000
 Time :     10.01000
 Time :     11.01000
 Time :     12.01000
 Time :     13.01000
 Time :     14.01000
 Time :     15.01000
 Time :     16.01000
 Time :     17.01000
 Time :     18.00000
 Time :     19.00000
 Time :     20.00000
 Time :     21.00000
 Time :     22.00000
 Time :     23.00000
 Time :     24.00000
 Time :     25.00000
 Time :     26.00000
 Time :     27.00000
 Time :     28.00000
 Time :     29.00000
 Time :     30.00000
 Time :     31.00000
 Time :     32.00000
 Time :     33.00000
 Time :     34.00000
 Time :     35.00000
dtime = 4.832693561911583
mbcr =

 Columns 1 through 3:

   2.078488834910772e-03   5.834220459746076e-02   2.079511634044837e-01

 Columns 4 through 6:

   2.796782987141415e-01   1.641598349405267e-02   6.542944438216495e-03

agsout =

   6.742080287639608e-01   1.836660915282758e-02
   6.102401784055078e-01   1.851078274171282e-02
   3.655809634667205e-01   1.851074945194449e-02
   1.632981227789243e-01   1.851074946046583e-02
   6.582850542577626e-01   1.851074946046368e-02
   6.694079804902038e-01   1.851074946046368e-02

ans = 4.166301950276462e-21
ans = 6.431652380026569e-21
dkps =

 Columns 1 through 3:

   9.415001948282168e+00   2.311526839860815e+01   3.464948130160613e+00

 Columns 4 through 6:

   6.503925052580747e+00   5.938340193659236e+01   1.646932379863792e+00

nbcr = 3
lambda0 = 3.501084296647659
kmpl_prod = 0.180000000000000
 Time :      1.00000
 Time :      2.00000
 Time :      3.01000
 Time :      4.01000
 Time :      5.01000
 Time :      6.01000
 Time :      7.01000
 Time :      8.01000
 Time :      9.01000
 Time :     10.01000
 Time :     11.01000
 Time :     12.01000
 Time :     13.01000
 Time :     14.01000
 Time :     15.01000
 Time :     16.01000
 Time :     17.01000
 Time :     18.00000
 Time :     19.00000
 Time :     20.00000
 Time :     21.00000
 Time :     22.00000
 Time :     23.00000
 Time :     24.00000
 Time :     25.00000
 Time :     26.00000
 Time :     27.00000
 Time :     28.00000
 Time :     29.00000
 Time :     30.00000
 Time :     31.00000
 Time :     32.00000
 Time :     33.00000
 Time :     34.00000
 Time :     35.00000
dtime = 10.79984083771706
mbcr = 1.040325567184357e-03
agsout =

   6.742080287639607e-01   1.836660953593613e-02   1.836660953593613e-02

ans = 8.980238900175210e-21
ans = 1.729191182180127e-21
ans = 1.729191182180127e-21
nbcr = 3
lambda0 = 3.501084296647659
kmpl_prod = 0.180000000000000
 Time :      1.00000
 Time :      2.00000
 Time :      3.01000
 Time :      4.01000
 Time :      5.01000
 Time :      6.01000
 Time :      7.01000
 Time :      8.01000
 Time :      9.01000
 Time :     10.01000
 Time :     11.01000
 Time :     12.01000
 Time :     13.01000
 Time :     14.01000
 Time :     15.01000
 Time :     16.01000
 Time :     17.01000
 Time :     18.00000
 Time :     19.00000
 Time :     20.00000
 Time :     21.00000
 Time :     22.00000
 Time :     23.00000
 Time :     24.00000
 Time :     25.00000
 Time :     26.00000
 Time :     27.00000
 Time :     28.00000
 Time :     29.00000
 Time :     30.00000
 Time :     31.00000
 Time :     32.00000
 Time :     33.00000
 Time :     34.00000
 Time :     35.00000
dtime = 11.58086657524109
mbcr =

   1.040325567184357e-03   2.221917984457966e-03

agsout =

   6.742080287639607e-01   1.836660953593613e-02   1.836660953593613e-02
   6.717598802545223e-01   1.851078312299398e-02   1.851078312299398e-02

ans = 1.986774740253000e-21
ans = 1.325407247468272e-20
ans = 1.325407247468272e-20
nbcr = 3
lambda0 = 3.501084296647659
kmpl_prod = 0.180000000000000
 Time :      1.00000
 Time :      2.00000
 Time :      3.01000
 Time :      4.01000
 Time :      5.01000
 Time :      6.01000
 Time :      7.01000
 Time :      8.01000
 Time :      9.01000
 Time :     10.01000
 Time :     11.01000
 Time :     12.01000
 Time :     13.01000
 Time :     14.01000
 Time :     15.01000
 Time :     16.01000
 Time :     17.01000
 Time :     18.00000
 Time :     19.00000
 Time :     20.00000
 Time :     21.00000
 Time :     22.00000
 Time :     23.00000
 Time :     24.00000
 Time :     25.00000
 Time :     26.00000
 Time :     27.00000
 Time :     28.00000
 Time :     29.00000
 Time :     30.00000
 Time :     31.00000
 Time :     32.00000
 Time :     33.00000
 Time :     34.00000
 Time :     35.00000
dtime = 11.37601956725121
mbcr =

   1.040325567184357e-03   2.221917984457966e-03   1.532451804917654e-03

agsout =

   6.742080287639607e-01   1.836660953593613e-02   1.836660953593613e-02
   6.717598802545223e-01   1.851078312299398e-02   1.851078312299398e-02
   6.733642926096781e-01   1.851074983324547e-02   1.851074983324547e-02

ans = -6.087464667796206e-22
ans = 5.603652664796657e-21
ans = 5.603652664796657e-21
nbcr = 3
lambda0 = 3.501084296647659
kmpl_prod = 0.180000000000000
 Time :      1.00000
 Time :      2.00000
 Time :      3.01000
 Time :      4.01000
 Time :      5.01000
 Time :      6.01000
 Time :      7.01000
 Time :      8.01000
 Time :      9.01000
 Time :     10.01000
 Time :     11.01000
 Time :     12.01000
 Time :     13.01000
 Time :     14.01000
 Time :     15.01000
 Time :     16.01000
 Time :     17.01000
 Time :     18.00000
 Time :     19.00000
 Time :     20.00000
 Time :     21.00000
 Time :     22.00000
 Time :     23.00000
 Time :     24.00000
 Time :     25.00000
 Time :     26.00000
 Time :     27.00000
 Time :     28.00000
 Time :     29.00000
 Time :     30.00000
 Time :     31.00000
 Time :     32.00000
 Time :     33.00000
 Time :     34.00000
 Time :     35.00000
dtime = 11.78832873702049
mbcr =

 Columns 1 through 3:

   1.040325567184357e-03   2.221917984457966e-03   1.532451804917654e-03

 Column 4:

   4.033271803730218e-02

agsout =

   6.742080287639607e-01   1.836660953593613e-02   1.836660953593613e-02
   6.717598802545223e-01   1.851078312299398e-02   1.851078312299398e-02
   6.733642926096781e-01   1.851074983324547e-02   1.851074983324547e-02
   5.876539026269737e-01   1.851074984176682e-02   1.851074984176682e-02

ans = -2.684621140389387e-22
ans = -6.924376567501844e-21
ans = -6.924376567501844e-21
nbcr = 3
lambda0 = 3.501084296647659
kmpl_prod = 0.180000000000000
 Time :      1.00000
 Time :      2.00000
 Time :      3.01000
 Time :      4.01000
 Time :      5.01000
 Time :      6.01000
 Time :      7.01000
 Time :      8.01000
 Time :      9.01000
 Time :     10.01000
 Time :     11.01000
 Time :     12.01000
 Time :     13.01000
 Time :     14.01000
 Time :     15.01000
 Time :     16.01000
 Time :     17.01000
 Time :     18.00000
 Time :     19.00000
 Time :     20.00000
 Time :     21.00000
 Time :     22.00000
 Time :     23.00000
 Time :     24.00000
 Time :     25.00000
 Time :     26.00000
 Time :     27.00000
 Time :     28.00000
 Time :     29.00000
 Time :     30.00000
 Time :     31.00000
 Time :     32.00000
 Time :     33.00000
 Time :     34.00000
 Time :     35.00000
dtime = 11.53399497270584
mbcr =

 Columns 1 through 3:

   1.040325567184357e-03   2.221917984457966e-03   1.532451804917654e-03

 Columns 4 and 5:

   4.033271803730218e-02   4.005524724792617e-02

agsout =

   6.742080287639607e-01   1.836660953593613e-02   1.836660953593613e-02
   6.717598802545223e-01   1.851078312299398e-02   1.851078312299398e-02
   6.733642926096781e-01   1.851074983324547e-02   1.851074983324547e-02
   5.876539026269737e-01   1.851074984176682e-02   1.851074984176682e-02
   5.884655472853264e-01   1.851074984176467e-02   1.851074984176467e-02

ans = 8.345195786674483e-21
ans = -3.446563536682263e-21
ans = -3.446563536682263e-21
nbcr = 3
lambda0 = 3.501084296647659
kmpl_prod = 0.180000000000000
 Time :      1.00000
 Time :      2.00000
 Time :      3.01000
 Time :      4.01000
 Time :      5.01000
 Time :      6.01000
 Time :      7.01000
 Time :      8.01000
 Time :      9.01000
 Time :     10.01000
 Time :     11.01000
 Time :     12.01000
 Time :     13.01000
 Time :     14.01000
 Time :     15.01000
 Time :     16.01000
 Time :     17.01000
 Time :     18.00000
 Time :     19.00000
 Time :     20.00000
 Time :     21.00000
 Time :     22.00000
 Time :     23.00000
 Time :     24.00000
 Time :     25.00000
 Time :     26.00000
 Time :     27.00000
 Time :     28.00000
 Time :     29.00000
 Time :     30.00000
 Time :     31.00000
 Time :     32.00000
 Time :     33.00000
 Time :     34.00000
 Time :     35.00000
dtime = 11.74980551004410
mbcr =

 Columns 1 through 3:

   1.040325567184357e-03   2.221917984457966e-03   1.532451804917654e-03

 Columns 4 through 6:

   4.033271803730218e-02   4.005524724792617e-02   1.453627132875513e-03

agsout =

   6.742080287639607e-01   1.836660953593613e-02   1.836660953593613e-02
   6.717598802545223e-01   1.851078312299398e-02   1.851078312299398e-02
   6.733642926096781e-01   1.851074983324547e-02   1.851074983324547e-02
   5.876539026269737e-01   1.851074984176682e-02   1.851074984176682e-02
   5.884655472853264e-01   1.851074984176467e-02   1.851074984176467e-02
   6.735630257441306e-01   1.851074984176466e-02   1.851074984176466e-02

ans = 7.248721436605346e-21
ans = -6.834777720643293e-21
ans = -6.834777720643293e-21
dkps =

 Columns 1 through 3:

   1.992885449500535e+01   4.962508753838284e+01   1.783606812376353e+01

 Columns 4 through 6:

   6.728801615710379e+00   2.529662961487008e+01   6.446757627500379e+00

nbcr = 4
lambda0 = 3.501084296647659
kmpl_prod = 0.180000000000000
 Time :      1.00000
 Time :      2.00000
 Time :      3.01000
 Time :      4.01000
 Time :      5.01000
 Time :      6.01000
 Time :      7.01000
 Time :      8.01000
 Time :      9.01000
 Time :     10.01000
 Time :     11.01000
 Time :     12.01000
 Time :     13.01000
 Time :     14.01000
 Time :     15.01000
 Time :     16.01000
 Time :     17.01000
 Time :     18.00000
 Time :     19.00000
 Time :     20.00000
 Time :     21.00000
 Time :     22.00000
 Time :     23.00000
 Time :     24.00000
 Time :     25.00000
 Time :     26.00000
 Time :     27.00000
 Time :     28.00000
 Time :     29.00000
 Time :     30.00000
 Time :     31.00000
 Time :     32.00000
 Time :     33.00000
 Time :     34.00000
 Time :     35.00000
dtime = 17.41119101643562
mbcr = 6.937909670208977e-04
agsout =

 Columns 1 through 3:

   6.742080287639606e-01   1.836660966798283e-02   1.836660966798283e-02

 Column 4:

   1.836660966798283e-02

ans = 7.422509071747345e-21
ans = 7.022034770777819e-21
ans = 7.022034770777819e-21
ans = 7.022034770777819e-21
nbcr = 4
lambda0 = 3.501084296647659
kmpl_prod = 0.180000000000000
 Time :      1.00000
 Time :      2.00000
 Time :      3.01000
 Time :      4.01000
 Time :      5.01000
 Time :      6.01000
 Time :      7.01000
 Time :      8.01000
 Time :      9.01000
 Time :     10.01000
 Time :     11.01000
 Time :     12.01000
 Time :     13.01000
 Time :     14.01000
 Time :     15.01000
 Time :     16.01000
 Time :     17.01000
 Time :     18.00000
 Time :     19.00000
 Time :     20.00000
 Time :     21.00000
 Time :     22.00000
 Time :     23.00000
 Time :     24.00000
 Time :     25.00000
 Time :     26.00000
 Time :     27.00000
 Time :     28.00000
 Time :     29.00000
 Time :     30.00000
 Time :     31.00000
 Time :     32.00000
 Time :     33.00000
 Time :     34.00000
 Time :     35.00000
dtime = 17.74589046835899
mbcr =

   6.937909670208977e-04   6.374154215039651e-04

agsout =

 Columns 1 through 3:

   6.742080287639606e-01   1.836660966798283e-02   1.836660966798283e-02
   6.746842306190490e-01   1.851078325711324e-02   1.851078325711324e-02

 Column 4:

   1.836660966798283e-02
   1.851078325711324e-02

ans = 4.247306126018194e-22
ans = 7.975001766401460e-21
ans = 7.975001766401460e-21
ans = 7.975001766401460e-21
nbcr = 4
lambda0 = 3.501084296647659
kmpl_prod = 0.180000000000000
 Time :      1.00000
 Time :      2.00000
 Time :      3.01000
 Time :      4.01000
 Time :      5.01000
 Time :      6.01000
 Time :      7.01000
 Time :      8.01000
 Time :      9.01000
 Time :     10.01000
 Time :     11.01000
 Time :     12.01000
 Time :     13.01000
 Time :     14.01000
 Time :     15.01000
 Time :     16.01000
 Time :     17.01000
 Time :     18.00000
 Time :     19.00000
 Time :     20.00000
 Time :     21.00000
 Time :     22.00000
 Time :     23.00000
 Time :     24.00000
 Time :     25.00000
 Time :     26.00000
 Time :     27.00000
 Time :     28.00000
 Time :     29.00000
 Time :     30.00000
 Time :     31.00000
 Time :     32.00000
 Time :     33.00000
 Time :     34.00000
 Time :     35.00000
dtime = 17.91336089372635
mbcr =

   6.937909670208977e-04   6.374154215039651e-04   5.422196647051071e-04

agsout =

 Columns 1 through 3:

   6.742080287639606e-01   1.836660966798283e-02   1.836660966798283e-02
   6.746842306190490e-01   1.851078325711324e-02   1.851078325711324e-02
   6.750313425099670e-01   1.851074996736901e-02   1.851074996736901e-02

 Column 4:

   1.836660966798283e-02
   1.851078325711324e-02
   1.851074996736901e-02

ans = 2.360583289639310e-21
ans = 7.027726484250523e-21
ans = 7.027726484250523e-21
ans = 7.027726484250523e-21
nbcr = 4
lambda0 = 3.501084296647659
kmpl_prod = 0.180000000000000
 Time :      1.00000
 Time :      2.00000
 Time :      3.01000
 Time :      4.01000
 Time :      5.01000
 Time :      6.01000
 Time :      7.01000
 Time :      8.01000
 Time :      9.01000
 Time :     10.01000
 Time :     11.01000
 Time :     12.01000
 Time :     13.01000
 Time :     14.01000
 Time :     15.01000
 Time :     16.01000
 Time :     17.01000
 Time :     18.00000
 Time :     19.00000
 Time :     20.00000
 Time :     21.00000
 Time :     22.00000
 Time :     23.00000
 Time :     24.00000
 Time :     25.00000
 Time :     26.00000
 Time :     27.00000
 Time :     28.00000
 Time :     29.00000
 Time :     30.00000
 Time :     31.00000
 Time :     32.00000
 Time :     33.00000
 Time :     34.00000
 Time :     35.00000
dtime = 17.78521835803986
mbcr =

 Columns 1 through 3:

   6.937909670208977e-04   6.374154215039651e-04   5.422196647051071e-04

 Column 4:

   7.787655641549549e-04

agsout =

 Columns 1 through 3:

   6.742080287639606e-01   1.836660966798283e-02   1.836660966798283e-02
   6.746842306190490e-01   1.851078325711324e-02   1.851078325711324e-02
   6.750313425099670e-01   1.851074996736901e-02   1.851074996736901e-02
   6.741954487377912e-01   1.851074997589035e-02   1.851074997589035e-02

 Column 4:

   1.836660966798283e-02
   1.851078325711324e-02
   1.851074996736901e-02
   1.851074997589035e-02

ans = 6.654887394429632e-21
ans = 1.276587677794374e-21
ans = 1.276587677794374e-21
ans = 1.276587677794374e-21
nbcr = 4
lambda0 = 3.501084296647659
kmpl_prod = 0.180000000000000
 Time :      1.00000
 Time :      2.00000
 Time :      3.01000
 Time :      4.01000
 Time :      5.01000
 Time :      6.01000
 Time :      7.01000
 Time :      8.01000
 Time :      9.01000
 Time :     10.01000
 Time :     11.01000
 Time :     12.01000
 Time :     13.01000
 Time :     14.01000
 Time :     15.01000
 Time :     16.01000
 Time :     17.01000
 Time :     18.00000
 Time :     19.00000
 Time :     20.00000
 Time :     21.00000
 Time :     22.00000
 Time :     23.00000
 Time :     24.00000
 Time :     25.00000
 Time :     26.00000
 Time :     27.00000
 Time :     28.00000
 Time :     29.00000
 Time :     30.00000
 Time :     31.00000
 Time :     32.00000
 Time :     33.00000
 Time :     34.00000
 Time :     35.00000
dtime = 17.68935285508633
mbcr =

 Columns 1 through 3:

   6.937909670208977e-04   6.374154215039651e-04   5.422196647051071e-04

 Columns 4 and 5:

   7.787655641549549e-04   7.275252850343732e-03

agsout =

 Columns 1 through 3:

   6.742080287639606e-01   1.836660966798283e-02   1.836660966798283e-02
   6.746842306190490e-01   1.851078325711324e-02   1.851078325711324e-02
   6.750313425099670e-01   1.851074996736901e-02   1.851074996736901e-02
   6.741954487377912e-01   1.851074997589035e-02   1.851074997589035e-02
   6.524626326803651e-01   1.851074997588821e-02   1.851074997588821e-02

 Column 4:

   1.836660966798283e-02
   1.851078325711324e-02
   1.851074996736901e-02
   1.851074997589035e-02
   1.851074997588821e-02

ans = 7.634196083887510e-21
ans = 4.753369156228965e-21
ans = 4.753369156228965e-21
ans = 4.753369156228965e-21
nbcr = 4
lambda0 = 3.501084296647659
kmpl_prod = 0.180000000000000
 Time :      1.00000
 Time :      2.00000
 Time :      3.01000
 Time :      4.01000
 Time :      5.01000
 Time :      6.01000
 Time :      7.01000
 Time :      8.01000
 Time :      9.01000
 Time :     10.01000
 Time :     11.01000
 Time :     12.01000
 Time :     13.01000
 Time :     14.01000
 Time :     15.01000
 Time :     16.01000
 Time :     17.01000
 Time :     18.00000
 Time :     19.00000
 Time :     20.00000
 Time :     21.00000
 Time :     22.00000
 Time :     23.00000
 Time :     24.00000
 Time :     25.00000
 Time :     26.00000
 Time :     27.00000
 Time :     28.00000
 Time :     29.00000
 Time :     30.00000
 Time :     31.00000
 Time :     32.00000
 Time :     33.00000
 Time :     34.00000
 Time :     35.00000
dtime = 17.87540093064308
mbcr =

 Columns 1 through 3:

   6.937909670208977e-04   6.374154215039651e-04   5.422196647051071e-04

 Columns 4 through 6:

   7.787655641549549e-04   7.275252850343732e-03   1.838647655556532e-03

agsout =

 Columns 1 through 3:

   6.742080287639606e-01   1.836660966798283e-02   1.836660966798283e-02
   6.746842306190490e-01   1.851078325711324e-02   1.851078325711324e-02
   6.750313425099670e-01   1.851074996736901e-02   1.851074996736901e-02
   6.741954487377912e-01   1.851074997589035e-02   1.851074997589035e-02
   6.524626326803651e-01   1.851074997588821e-02   1.851074997588821e-02
   6.705923312886988e-01   1.851074997588821e-02   1.851074997588821e-02

 Column 4:

   1.836660966798283e-02
   1.851078325711324e-02
   1.851074996736901e-02
   1.851074997589035e-02
   1.851074997588821e-02
   1.851074997588821e-02

ans = -2.935978225648237e-21
ans = 4.753370771816099e-21
ans = 4.753370771816099e-21
ans = 4.753370771816099e-21
dkps =

 Columns 1 through 3:

   2.805135177197941e+01   5.567050032376979e+01   1.042448491418710e+00

 Columns 4 through 6:

   3.021637968778044e+00   1.265883401222250e+01   3.372693991055077e+01

nbcr = 5
lambda0 = 3.501084296647659
kmpl_prod = 0.180000000000000
 Time :      1.00000
 Time :      2.00000
 Time :      3.01000
 Time :      4.01000
 Time :      5.01000
 Time :      6.01000
 Time :      7.01000
 Time :      8.01000
 Time :      9.01000
 Time :     10.01000
 Time :     11.01000
 Time :     12.01000
 Time :     13.01000
 Time :     14.01000
 Time :     15.01000
 Time :     16.01000
 Time :     17.01000
 Time :     18.00000
 Time :     19.00000
 Time :     20.00000
 Time :     21.00000
 Time :     22.00000
 Time :     23.00000
 Time :     24.00000
 Time :     25.00000
 Time :     26.00000
 Time :     27.00000
 Time :     28.00000
 Time :     29.00000
 Time :     30.00000
 Time :     31.00000
 Time :     32.00000
 Time :     33.00000
 Time :     34.00000
 Time :     35.00000
dtime = 22.99470528960228
mbcr = 5.204334879503112e-04
agsout =

 Columns 1 through 3:

   6.742080287639596e-01   1.836661118562896e-02   1.836661118562896e-02

 Columns 4 and 5:

   1.836661118562896e-02   1.836661118562896e-02

ans = 1.353224660242463e-20
ans = 3.817491841307641e-21
ans = 3.817491841307641e-21
ans = 3.817491841307641e-21
ans = 3.817491841307641e-21
nbcr = 5
lambda0 = 3.501084296647659
kmpl_prod = 0.180000000000000
 Time :      1.00000
 Time :      2.00000
 Time :      3.01000
 Time :      4.01000
 Time :      5.01000
 Time :      6.01000
 Time :      7.01000
 Time :      8.01000
 Time :      9.01000
 Time :     10.01000
 Time :     11.01000
 Time :     12.01000
 Time :     13.01000
 Time :     14.01000
 Time :     15.01000
 Time :     16.01000
 Time :     17.01000
 Time :     18.00000
 Time :     19.00000
 Time :     20.00000
 Time :     21.00000
 Time :     22.00000
 Time :     23.00000
 Time :     24.00000
 Time :     25.00000
 Time :     26.00000
 Time :     27.00000
 Time :     28.00000
 Time :     29.00000
 Time :     30.00000
 Time :     31.00000
 Time :     32.00000
 Time :     33.00000
 Time :     34.00000
 Time :     35.00000
dtime = 22.85247109830379
mbcr =

   5.204334879503112e-04   4.415082498907368e-04

agsout =

 Columns 1 through 3:

   6.742080287639596e-01   1.836661118562896e-02   1.836661118562896e-02
   6.748613281611452e-01   1.851078474944624e-02   1.851078474944624e-02

 Columns 4 and 5:

   1.836661118562896e-02   1.836661118562896e-02
   1.851078474944624e-02   1.851078474944624e-02

ans = 1.087731860302632e-20
ans = 3.046679063856127e-21
ans = 3.046679063856127e-21
ans = 3.046679063856127e-21
ans = 3.046679063856127e-21
nbcr = 5
lambda0 = 3.501084296647659
kmpl_prod = 0.180000000000000
 Time :      1.00000
 Time :      2.00000
 Time :      3.01000
 Time :      4.01000
 Time :      5.01000
 Time :      6.01000
 Time :      7.01000
 Time :      8.01000
 Time :      9.01000
 Time :     10.01000
 Time :     11.01000
 Time :     12.01000
 Time :     13.01000
 Time :     14.01000
 Time :     15.01000
 Time :     16.01000
 Time :     17.01000
 Time :     18.00000
 Time :     19.00000
 Time :     20.00000
 Time :     21.00000
 Time :     22.00000
 Time :     23.00000
 Time :     24.00000
 Time :     25.00000
 Time :     26.00000
 Time :     27.00000
 Time :     28.00000
 Time :     29.00000
 Time :     30.00000
 Time :     31.00000
 Time :     32.00000
 Time :     33.00000
 Time :     34.00000
 Time :     35.00000
dtime = 22.69879058003426
mbcr =

   5.204334879503112e-04   4.415082498907368e-04   4.014641461787470e-04

agsout =

 Columns 1 through 3:

   6.742080287639596e-01   1.836661118562896e-02   1.836661118562896e-02
   6.748613281611452e-01   1.851078474944624e-02   1.851078474944624e-02
   6.750571049064393e-01   1.851075145971649e-02   1.851075145971649e-02

 Columns 4 and 5:

   1.836661118562896e-02   1.836661118562896e-02
   1.851078474944624e-02   1.851078474944624e-02
   1.851075145971649e-02   1.851075145971649e-02

ans = 5.019501113993400e-21
ans = -4.592544727192056e-21
ans = -4.592544727192056e-21
ans = -4.592544727192056e-21
ans = -4.592544727192056e-21
nbcr = 5
lambda0 = 3.501084296647659
kmpl_prod = 0.180000000000000
 Time :      1.00000
 Time :      2.00000
 Time :      3.01000
 Time :      4.01000
 Time :      5.01000
 Time :      6.01000
 Time :      7.01000
 Time :      8.01000
 Time :      9.01000
 Time :     10.01000
 Time :     11.01000
 Time :     12.01000
 Time :     13.01000
 Time :     14.01000
 Time :     15.01000
 Time :     16.01000
 Time :     17.01000
 Time :     18.00000
 Time :     19.00000
 Time :     20.00000
 Time :     21.00000
 Time :     22.00000
 Time :     23.00000
 Time :     24.00000
 Time :     25.00000
 Time :     26.00000
 Time :     27.00000
 Time :     28.00000
 Time :     29.00000
 Time :     30.00000
 Time :     31.00000
 Time :     32.00000
 Time :     33.00000
 Time :     34.00000
 Time :     35.00000
dtime = 22.85459339618683
mbcr =

 Columns 1 through 3:

   5.204334879503112e-04   4.415082498907368e-04   4.014641461787470e-04

 Column 4:

   4.065053843100883e-02

agsout =

 Columns 1 through 3:

   6.742080287639596e-01   1.836661118562896e-02   1.836661118562896e-02
   6.748613281611452e-01   1.851078474944624e-02   1.851078474944624e-02
   6.750571049064393e-01   1.851075145971649e-02   1.851075145971649e-02
   4.909594444128176e-01   1.851075146823783e-02   1.851075146823783e-02

 Columns 4 and 5:

   1.836661118562896e-02   1.836661118562896e-02
   1.851078474944624e-02   1.851078474944624e-02
   1.851075145971649e-02   1.851075145971649e-02
   1.851075146823783e-02   1.851075146823783e-02

ans = 9.755388481473944e-21
ans = 6.596691875895804e-21
ans = 6.596691875895804e-21
ans = 6.596691875895804e-21
ans = 6.596691875895804e-21
nbcr = 5
lambda0 = 3.501084296647659
kmpl_prod = 0.180000000000000
 Time :      1.00000
 Time :      2.00000
 Time :      3.01000
 Time :      4.01000
 Time :      5.01000
 Time :      6.01000
 Time :      7.01000
 Time :      8.01000
 Time :      9.01000
 Time :     10.01000
 Time :     11.01000
 Time :     12.01000
 Time :     13.01000
 Time :     14.01000
 Time :     15.01000
 Time :     16.01000
 Time :     17.01000
 Time :     18.00000
 Time :     19.00000
 Time :     20.00000
 Time :     21.00000
 Time :     22.00000
 Time :     23.00000
 Time :     24.00000
 Time :     25.00000
 Time :     26.00000
 Time :     27.00000
 Time :     28.00000
 Time :     29.00000
 Time :     30.00000
 Time :     31.00000
 Time :     32.00000
 Time :     33.00000
 Time :     34.00000
 Time :     35.00000
dtime = 22.97369353473186
mbcr =

 Columns 1 through 3:

   5.204334879503112e-04   4.415082498907368e-04   4.014641461787470e-04

 Columns 4 and 5:

   4.065053843100883e-02   4.179042269139769e-02

agsout =

 Columns 1 through 3:

   6.742080287639596e-01   1.836661118562896e-02   1.836661118562896e-02
   6.748613281611452e-01   1.851078474944624e-02   1.851078474944624e-02
   6.750571049064393e-01   1.851075145971649e-02   1.851075145971649e-02
   4.909594444128176e-01   1.851075146823783e-02   1.851075146823783e-02
   4.871653732745698e-01   1.851075146823568e-02   1.851075146823568e-02

 Columns 4 and 5:

   1.836661118562896e-02   1.836661118562896e-02
   1.851078474944624e-02   1.851078474944624e-02
   1.851075145971649e-02   1.851075145971649e-02
   1.851075146823783e-02   1.851075146823783e-02
   1.851075146823568e-02   1.851075146823568e-02

ans = 1.499827084574957e-20
ans = 1.007389986933374e-20
ans = 1.007389986933374e-20
ans = 1.007389986933374e-20
ans = 1.007389986933374e-20
nbcr = 5
lambda0 = 3.501084296647659
kmpl_prod = 0.180000000000000
 Time :      1.00000
 Time :      2.00000
 Time :      3.01000
 Time :      4.01000
 Time :      5.01000
 Time :      6.01000
 Time :      7.01000
 Time :      8.01000
 Time :      9.01000
 Time :     10.01000
 Time :     11.01000
 Time :     12.01000
 Time :     13.01000
 Time :     14.01000
 Time :     15.01000
 Time :     16.01000
 Time :     17.01000
 Time :     18.00000
 Time :     19.00000
 Time :     20.00000
 Time :     21.00000
 Time :     22.00000
 Time :     23.00000
 Time :     24.00000
 Time :     25.00000
 Time :     26.00000
 Time :     27.00000
 Time :     28.00000
 Time :     29.00000
 Time :     30.00000
 Time :     31.00000
 Time :     32.00000
 Time :     33.00000
 Time :     34.00000
 Time :     35.00000
dtime = 22.86218740046024
mbcr =

 Columns 1 through 3:

   5.204334879503112e-04   4.415082498907368e-04   4.014641461787470e-04

 Columns 4 through 6:

   4.065053843100883e-02   4.179042269139769e-02   1.115336315891169e-02

agsout =

 Columns 1 through 3:

   6.742080287639596e-01   1.836661118562896e-02   1.836661118562896e-02
   6.748613281611452e-01   1.851078474944624e-02   1.851078474944624e-02
   6.750571049064393e-01   1.851075145971649e-02   1.851075145971649e-02
   4.909594444128176e-01   1.851075146823783e-02   1.851075146823783e-02
   4.871653732745698e-01   1.851075146823568e-02   1.851075146823568e-02
   6.280809362428654e-01   1.851075146823568e-02   1.851075146823568e-02

 Columns 4 and 5:

   1.836661118562896e-02   1.836661118562896e-02
   1.851078474944624e-02   1.851078474944624e-02
   1.851075145971649e-02   1.851075145971649e-02
   1.851075146823783e-02   1.851075146823783e-02
   1.851075146823568e-02   1.851075146823568e-02
   1.851075146823568e-02   1.851075146823568e-02

ans = 1.290563314296112e-21
ans = 6.685766464729407e-21
ans = 6.685766464729407e-21
ans = 6.685766464729407e-21
ans = 6.685766464729407e-21
dkps =

 Columns 1 through 3:

   1.826000492331466e+00   4.092196788459525e+01   3.595747015802473e+01

 Columns 4 through 6:

   3.577084720856480e+00   1.077038190608465e+01   2.921273495635997e+02

nbcr = 7
lambda0 = 3.501084296647659
kmpl_prod = 0.180000000000000
 Time :      1.00000
 Time :      2.00000
 Time :      3.01000
 Time :      4.01000
 Time :      5.01000
 Time :      6.01000
 Time :      7.01000
 Time :      8.01000
 Time :      9.01000
 Time :     10.01000
 Time :     11.01000
 Time :     12.01000
 Time :     13.01000
 Time :     14.01000
 Time :     15.01000
 Time :     16.01000
 Time :     17.01000
 Time :     18.00000
 Time :     19.00000
 Time :     20.00000
 Time :     21.00000
 Time :     22.00000
 Time :     23.00000
 Time :     24.00000
 Time :     25.00000
 Time :     26.00000
 Time :     27.00000
 Time :     28.00000
 Time :     29.00000
 Time :     30.00000
 Time :     31.00000
 Time :     32.00000
 Time :     33.00000
 Time :     34.00000
 Time :     35.00000
dtime = 32.65527449548244
mbcr = 3.470158557827639e-04
agsout =

 Columns 1 through 3:

   6.742080287639588e-01   1.836661199597198e-02   1.836661199597198e-02

 Columns 4 through 6:

   1.836661199597198e-02   1.836661199597198e-02   1.836661199597198e-02

 Column 7:

   1.836661199597198e-02

ans = 1.224165571586216e-20
ans = -4.832545042693208e-21
ans = -4.832545042693208e-21
ans = -4.832545042693208e-21
ans = -4.832545042693208e-21
ans = -4.832545042693208e-21
ans = -4.832545042693208e-21
nbcr = 7
lambda0 = 3.501084296647659
kmpl_prod = 0.180000000000000
 Time :      1.00000
 Time :      2.00000
 Time :      3.01000
 Time :      4.01000
 Time :      5.01000
 Time :      6.01000
 Time :      7.01000
 Time :      8.01000
 Time :      9.01000
 Time :     10.01000
 Time :     11.01000
 Time :     12.01000
 Time :     13.01000
 Time :     14.01000
 Time :     15.01000
 Time :     16.01000
 Time :     17.01000
 Time :     18.00000
 Time :     19.00000
 Time :     20.00000
 Time :     21.00000
 Time :     22.00000
 Time :     23.00000
 Time :     24.00000
 Time :     25.00000
 Time :     26.00000
 Time :     27.00000
 Time :     28.00000
 Time :     29.00000
 Time :     30.00000
 Time :     31.00000
 Time :     32.00000
 Time :     33.00000
 Time :     34.00000
 Time :     35.00000
dtime = 32.36416764557362
mbcr =

   3.470158557827639e-04   1.706588642293170e-02

agsout =

 Columns 1 through 3:

   6.742080287639588e-01   1.836661199597198e-02   1.836661199597198e-02
   5.659365648145130e-01   1.851078557607810e-02   1.851078557607810e-02

 Columns 4 through 6:

   1.836661199597198e-02   1.836661199597198e-02   1.836661199597198e-02
   1.851078557607810e-02   1.851078557607810e-02   1.851078557607810e-02

 Column 7:

   1.836661199597198e-02
   1.851078557607810e-02

ans = 2.372240905702711e-21
ans = 1.817596917940299e-21
ans = 1.817596917940299e-21
ans = 1.817596917940299e-21
ans = 1.817596917940299e-21
ans = 1.817596917940299e-21
ans = 1.817596917940299e-21
nbcr = 7
lambda0 = 3.501084296647659
kmpl_prod = 0.180000000000000
 Time :      1.00000
 Time :      2.00000
 Time :      3.01000
 Time :      4.01000
 Time :      5.01000
 Time :      6.01000
 Time :      7.01000
 Time :      8.01000
 Time :      9.01000
 Time :     10.01000
 Time :     11.01000
 Time :     12.01000
 Time :     13.01000
 Time :     14.01000
 Time :     15.01000
 Time :     16.01000
 Time :     17.01000
 Time :     18.00000
 Time :     19.00000
 Time :     20.00000
 Time :     21.00000
 Time :     22.00000
 Time :     23.00000
 Time :     24.00000
 Time :     25.00000
 Time :     26.00000
 Time :     27.00000
 Time :     28.00000
 Time :     29.00000
 Time :     30.00000
 Time :     31.00000
 Time :     32.00000
 Time :     33.00000
 Time :     34.00000
 Time :     35.00000
dtime = 32.30705671012402
mbcr =

   3.470158557827639e-04   1.706588642293170e-02   4.664641200637491e-04

agsout =

 Columns 1 through 3:

   6.742080287639588e-01   1.836661199597198e-02   1.836661199597198e-02
   5.659365648145130e-01   1.851078557607810e-02   1.851078557607810e-02
   6.736784285285328e-01   1.851075228635360e-02   1.851075228635360e-02

 Columns 4 through 6:

   1.836661199597198e-02   1.836661199597198e-02   1.836661199597198e-02
   1.851078557607810e-02   1.851078557607810e-02   1.851078557607810e-02
   1.851075228635360e-02   1.851075228635360e-02   1.851075228635360e-02

 Column 7:

   1.836661199597198e-02
   1.851078557607810e-02
   1.851075228635360e-02

ans = 2.878124706715815e-21
ans = 1.105476482358544e-20
ans = 1.105476482358544e-20
ans = 1.105476482358544e-20
ans = 1.105476482358544e-20
ans = 1.105476482358544e-20
ans = 1.105476482358544e-20
nbcr = 7
lambda0 = 3.501084296647659
kmpl_prod = 0.180000000000000
 Time :      1.00000
 Time :      2.00000
 Time :      3.01000
 Time :      4.01000
 Time :      5.01000
 Time :      6.01000
 Time :      7.01000
 Time :      8.01000
 Time :      9.01000
 Time :     10.01000
 Time :     11.01000
 Time :     12.01000
 Time :     13.01000
 Time :     14.01000
 Time :     15.01000
 Time :     16.01000
 Time :     17.01000
 Time :     18.00000
 Time :     19.00000
 Time :     20.00000
 Time :     21.00000
 Time :     22.00000
 Time :     23.00000
 Time :     24.00000
 Time :     25.00000
 Time :     26.00000
 Time :     27.00000
 Time :     28.00000
 Time :     29.00000
 Time :     30.00000
 Time :     31.00000
 Time :     32.00000
 Time :     33.00000
 Time :     34.00000
 Time :     35.00000
dtime = 32.32976831495762
mbcr =

 Columns 1 through 3:

   3.470158557827639e-04   1.706588642293170e-02   4.664641200637491e-04

 Column 4:

   3.515275222248367e-04

agsout =

 Columns 1 through 3:

   6.742080287639588e-01   1.836661199597198e-02   1.836661199597198e-02
   5.659365648145130e-01   1.851078557607810e-02   1.851078557607810e-02
   6.736784285285328e-01   1.851075228635360e-02   1.851075228635360e-02
   6.744718707611584e-01   1.851075229487495e-02   1.851075229487495e-02

 Columns 4 through 6:

   1.836661199597198e-02   1.836661199597198e-02   1.836661199597198e-02
   1.851078557607810e-02   1.851078557607810e-02   1.851078557607810e-02
   1.851075228635360e-02   1.851075228635360e-02   1.851075228635360e-02
   1.851075229487495e-02   1.851075229487495e-02   1.851075229487495e-02

 Column 7:

   1.836661199597198e-02
   1.851078557607810e-02
   1.851075228635360e-02
   1.851075229487495e-02

ans = -1.112951622273513e-21
ans = 8.691416917261241e-21
ans = 8.691416917261241e-21
ans = 8.691416917261241e-21
ans = 8.691416917261241e-21
ans = 8.691416917261241e-21
ans = 8.691416917261241e-21
nbcr = 7
lambda0 = 3.501084296647659
kmpl_prod = 0.180000000000000
 Time :      1.00000
 Time :      2.00000
 Time :      3.01000
 Time :      4.01000
 Time :      5.01000
 Time :      6.01000
 Time :      7.01000
 Time :      8.01000
 Time :      9.01000
 Time :     10.01000
 Time :     11.01000
 Time :     12.01000
 Time :     13.01000
 Time :     14.01000
 Time :     15.01000
 Time :     16.01000
 Time :     17.01000
 Time :     18.00000
 Time :     19.00000
 Time :     20.00000
 Time :     21.00000
 Time :     22.00000
 Time :     23.00000
 Time :     24.00000
 Time :     25.00000
 Time :     26.00000
 Time :     27.00000
 Time :     28.00000
 Time :     29.00000
 Time :     30.00000
 Time :     31.00000
 Time :     32.00000
 Time :     33.00000
 Time :     34.00000
 Time :     35.00000
dtime = 32.03007169067860
mbcr =

 Columns 1 through 3:

   3.470158557827639e-04   1.706588642293170e-02   4.664641200637491e-04

 Columns 4 and 5:

   3.515275222248367e-04   1.035286270101648e-02

agsout =

 Columns 1 through 3:

   6.742080287639588e-01   1.836661199597198e-02   1.836661199597198e-02
   5.659365648145130e-01   1.851078557607810e-02   1.851078557607810e-02
   6.736784285285328e-01   1.851075228635360e-02   1.851075228635360e-02
   6.744718707611584e-01   1.851075229487495e-02   1.851075229487495e-02
   6.096448726745239e-01   1.851075229487277e-02   1.851075229487277e-02

 Columns 4 through 6:

   1.836661199597198e-02   1.836661199597198e-02   1.836661199597198e-02
   1.851078557607810e-02   1.851078557607810e-02   1.851078557607810e-02
   1.851075228635360e-02   1.851075228635360e-02   1.851075228635360e-02
   1.851075229487495e-02   1.851075229487495e-02   1.851075229487495e-02
   1.851075229487277e-02   1.851075229487277e-02   1.851075229487277e-02

 Column 7:

   1.836661199597198e-02
   1.851078557607810e-02
   1.851075228635360e-02
   1.851075229487495e-02
   1.851075229487277e-02

ans = -4.229823605206853e-21
ans = -1.383357792505504e-21
ans = -1.383357792505504e-21
ans = -1.383357792505504e-21
ans = -1.383357792505504e-21
ans = -1.383357792505504e-21
ans = -1.383357792505504e-21
nbcr = 7
lambda0 = 3.501084296647659
kmpl_prod = 0.180000000000000
 Time :      1.00000
 Time :      2.00000
 Time :      3.01000
 Time :      4.01000
 Time :      5.01000
 Time :      6.01000
 Time :      7.01000
 Time :      8.01000
 Time :      9.01000
 Time :     10.01000
 Time :     11.01000
 Time :     12.01000
 Time :     13.01000
 Time :     14.01000
 Time :     15.01000
 Time :     16.01000
 Time :     17.01000
 Time :     18.00000
 Time :     19.00000
 Time :     20.00000
 Time :     21.00000
 Time :     22.00000
 Time :     23.00000
 Time :     24.00000
 Time :     25.00000
 Time :     26.00000
 Time :     27.00000
 Time :     28.00000
 Time :     29.00000
 Time :     30.00000
 Time :     31.00000
 Time :     32.00000
 Time :     33.00000
 Time :     34.00000
 Time :     35.00000
dtime = 31.92430883646011
mbcr =

 Columns 1 through 3:

   3.470158557827639e-04   1.706588642293170e-02   4.664641200637491e-04

 Columns 4 through 6:

   3.515275222248367e-04   1.035286270101648e-02   5.460831973643469e-03

agsout =

 Columns 1 through 3:

   6.742080287639588e-01   1.836661199597198e-02   1.836661199597198e-02
   5.659365648145130e-01   1.851078557607810e-02   1.851078557607810e-02
   6.736784285285328e-01   1.851075228635360e-02   1.851075228635360e-02
   6.744718707611584e-01   1.851075229487495e-02   1.851075229487495e-02
   6.096448726745239e-01   1.851075229487277e-02   1.851075229487277e-02
   6.407836815786007e-01   1.851075229487277e-02   1.851075229487277e-02

 Columns 4 through 6:

   1.836661199597198e-02   1.836661199597198e-02   1.836661199597198e-02
   1.851078557607810e-02   1.851078557607810e-02   1.851078557607810e-02
   1.851075228635360e-02   1.851075228635360e-02   1.851075228635360e-02
   1.851075229487495e-02   1.851075229487495e-02   1.851075229487495e-02
   1.851075229487277e-02   1.851075229487277e-02   1.851075229487277e-02
   1.851075229487277e-02   1.851075229487277e-02   1.851075229487277e-02

 Column 7:

   1.836661199597198e-02
   1.851078557607810e-02
   1.851075228635360e-02
   1.851075229487495e-02
   1.851075229487277e-02
   1.851075229487277e-02

ans = 5.473457344437652e-21
ans = 2.004677061283664e-21
ans = 2.004677061283664e-21
ans = 2.004677061283664e-21
ans = 2.004677061283664e-21
ans = 2.004677061283664e-21
ans = 2.004677061283664e-21
dkps =

 Columns 1 through 3:

   7.215869456743302e+01   3.068872234691419e+00   2.477482947458939e+00

 Columns 4 through 6:

   1.839910308910932e+01   4.601298778602087e+00   1.806101340050141e+00

nbcr = 10
lambda0 = 3.501084296647659
kmpl_prod = 0.180000000000000
 Time :      1.00000
 Time :      2.00000
 Time :      3.01000
 Time :      4.01000
 Time :      5.01000
 Time :      6.01000
 Time :      7.01000
 Time :      8.01000
 Time :      9.01000
 Time :     10.01000
 Time :     11.01000
 Time :     12.01000
 Time :     13.01000
 Time :     14.01000
 Time :     15.01000
 Time :     16.01000
 Time :     17.01000
 Time :     18.00000
 Time :     19.00000
 Time :     20.00000
 Time :     21.00000
 Time :     22.00000
 Time :     23.00000
 Time :     24.00000
 Time :     25.00000
 Time :     26.00000
 Time :     27.00000
 Time :     28.00000
 Time :     29.00000
 Time :     30.00000
 Time :     31.00000
 Time :     32.00000
 Time :     33.00000
 Time :     34.00000
 Time :     35.00000
dtime = 46.81946039199829
mbcr = 2.313706658656733e-04
agsout =

 Columns 1 through 3:

   6.742080287639582e-01   1.836661240313888e-02   1.836661240313888e-02

 Columns 4 through 6:

   1.836661240313888e-02   1.836661240313888e-02   1.836661240313888e-02

 Columns 7 through 9:

   1.836661240313888e-02   1.836661240313888e-02   1.836661240313888e-02

 Column 10:

   1.836661240313888e-02

ans = 7.163922423390942e-21
ans = 7.692352373946243e-21
ans = 7.692352373946243e-21
ans = 7.692352373946243e-21
ans = 7.692352373946243e-21
ans = 7.692352373946243e-21
ans = 7.692352373946243e-21
ans = 7.692352373946243e-21
ans = 7.692352373946243e-21
ans = 7.692352373946243e-21
nbcr = 10
lambda0 = 3.501084296647659
kmpl_prod = 0.180000000000000
 Time :      1.00000
 Time :      2.00000
 Time :      3.01000
 Time :      4.01000
 Time :      5.01000
 Time :      6.01000
 Time :      7.01000
 Time :      8.01000
 Time :      9.01000
 Time :     10.01000
 Time :     11.01000
 Time :     12.01000
 Time :     13.01000
 Time :     14.01000
 Time :     15.01000
 Time :     16.01000
 Time :     17.01000
 Time :     18.00000
 Time :     19.00000
 Time :     20.00000
 Time :     21.00000
 Time :     22.00000
 Time :     23.00000
 Time :     24.00000
 Time :     25.00000
 Time :     26.00000
 Time :     27.00000
 Time :     28.00000
 Time :     29.00000
 Time :     30.00000
 Time :     31.00000
 Time :     32.00000
 Time :     33.00000
 Time :     34.00000
 Time :     35.00000
dtime = 46.47653326392174
mbcr =

   2.313706658656733e-04   1.753966281325258e-04

agsout =

 Columns 1 through 3:

   6.742080287639582e-01   1.836661240313888e-02   1.836661240313888e-02
   6.750918676576937e-01   1.851078598180824e-02   1.851078598180824e-02

 Columns 4 through 6:

   1.836661240313888e-02   1.836661240313888e-02   1.836661240313888e-02
   1.851078598180824e-02   1.851078598180824e-02   1.851078598180824e-02

 Columns 7 through 9:

   1.836661240313888e-02   1.836661240313888e-02   1.836661240313888e-02
   1.851078598180824e-02   1.851078598180824e-02   1.851078598180824e-02

 Column 10:

   1.836661240313888e-02
   1.851078598180824e-02

ans = 4.327107150039945e-21
ans = 1.036859911842710e-20
ans = 1.036859911842710e-20
ans = 1.036859911842710e-20
ans = 1.036859911842710e-20
ans = 1.036859911842710e-20
ans = 1.036859911842710e-20
ans = 1.036859911842710e-20
ans = 1.036859911842710e-20
ans = 1.036859911842710e-20
nbcr = 10
lambda0 = 3.501084296647659
kmpl_prod = 0.180000000000000
 Time :      1.00000
 Time :      2.00000
 Time :      3.01000
 Time :      4.01000
 Time :      5.01000
 Time :      6.01000
 Time :      7.01000
 Time :      8.01000
 Time :      9.01000
 Time :     10.01000
 Time :     11.01000
 Time :     12.01000
 Time :     13.01000
 Time :     14.01000
 Time :     15.01000
 Time :     16.01000
 Time :     17.01000
 Time :     18.00000
 Time :     19.00000
 Time :     20.00000
 Time :     21.00000
 Time :     22.00000
 Time :     23.00000
 Time :     24.00000
 Time :     25.00000
 Time :     26.00000
 Time :     27.00000
 Time :     28.00000
 Time :     29.00000
 Time :     30.00000
 Time :     31.00000
 Time :     32.00000
 Time :     33.00000
 Time :     34.00000
 Time :     35.00000
dtime = 46.73706293106079
mbcr =

   2.313706658656733e-04   1.753966281325258e-04   5.788340574480287e-03

agsout =

 Columns 1 through 3:

   6.742080287639582e-01   1.836661240313888e-02   1.836661240313888e-02
   6.750918676576937e-01   1.851078598180824e-02   1.851078598180824e-02
   6.202520563394791e-01   1.851075269208375e-02   1.851075269208375e-02

 Columns 4 through 6:

   1.836661240313888e-02   1.836661240313888e-02   1.836661240313888e-02
   1.851078598180824e-02   1.851078598180824e-02   1.851078598180824e-02
   1.851075269208375e-02   1.851075269208375e-02   1.851075269208375e-02

 Columns 7 through 9:

   1.836661240313888e-02   1.836661240313888e-02   1.836661240313888e-02
   1.851078598180824e-02   1.851078598180824e-02   1.851078598180824e-02
   1.851075269208375e-02   1.851075269208375e-02   1.851075269208375e-02

 Column 10:

   1.836661240313888e-02
   1.851078598180824e-02
   1.851075269208375e-02

ans = 3.947763902055507e-21
ans = 9.359404035989025e-21
ans = 9.359404035989025e-21
ans = 9.359404035989025e-21
ans = 9.359404035989025e-21
ans = 9.359404035989025e-21
ans = 9.359404035989025e-21
ans = 9.359404035989025e-21
ans = 9.359404035989025e-21
ans = 9.359404035989025e-21
nbcr = 10
lambda0 = 3.501084296647659
kmpl_prod = 0.180000000000000
 Time :      1.00000
 Time :      2.00000
 Time :      3.01000
 Time :      4.01000
 Time :      5.01000
 Time :      6.01000
 Time :      7.01000
 Time :      8.01000
 Time :      9.01000
 Time :     10.01000
 Time :     11.01000
 Time :     12.01000
 Time :     13.01000
 Time :     14.01000
 Time :     15.01000
 Time :     16.01000
 Time :     17.01000
 Time :     18.00000
 Time :     19.00000
 Time :     20.00000
 Time :     21.00000
 Time :     22.00000
 Time :     23.00000
 Time :     24.00000
 Time :     25.00000
 Time :     26.00000
 Time :     27.00000
 Time :     28.00000
 Time :     29.00000
 Time :     30.00000
 Time :     31.00000
 Time :     32.00000
 Time :     33.00000
 Time :     34.00000
 Time :     35.00000
dtime = 46.71948105096817
mbcr =

 Columns 1 through 3:

   2.313706658656733e-04   1.753966281325258e-04   5.788340574480287e-03

 Column 4:

   1.815776304076845e-02

agsout =

 Columns 1 through 3:

   6.742080287639582e-01   1.836661240313888e-02   1.836661240313888e-02
   6.750918676576937e-01   1.851078598180824e-02   1.851078598180824e-02
   6.202520563394791e-01   1.851075269208375e-02   1.851075269208375e-02
   4.962272469985784e-01   1.851075270060511e-02   1.851075270060511e-02

 Columns 4 through 6:

   1.836661240313888e-02   1.836661240313888e-02   1.836661240313888e-02
   1.851078598180824e-02   1.851078598180824e-02   1.851078598180824e-02
   1.851075269208375e-02   1.851075269208375e-02   1.851075269208375e-02
   1.851075270060511e-02   1.851075270060511e-02   1.851075270060511e-02

 Columns 7 through 9:

   1.836661240313888e-02   1.836661240313888e-02   1.836661240313888e-02
   1.851078598180824e-02   1.851078598180824e-02   1.851078598180824e-02
   1.851075269208375e-02   1.851075269208375e-02   1.851075269208375e-02
   1.851075270060511e-02   1.851075270060511e-02   1.851075270060511e-02

 Column 10:

   1.836661240313888e-02
   1.851078598180824e-02
   1.851075269208375e-02
   1.851075270060511e-02

ans = 5.475182791496649e-21
ans = 3.608429211626966e-21
ans = 3.608429211626966e-21
ans = 3.608429211626966e-21
ans = 3.608429211626966e-21
ans = 3.608429211626966e-21
ans = 3.608429211626966e-21
ans = 3.608429211626966e-21
ans = 3.608429211626966e-21
ans = 3.608429211626966e-21
nbcr = 10
lambda0 = 3.501084296647659
kmpl_prod = 0.180000000000000
 Time :      1.00000
 Time :      2.00000
 Time :      3.01000
 Time :      4.01000
 Time :      5.01000
 Time :      6.01000
 Time :      7.01000
 Time :      8.01000
 Time :      9.01000
 Time :     10.01000
 Time :     11.01000
 Time :     12.01000
 Time :     13.01000
 Time :     14.01000
 Time :     15.01000
 Time :     16.01000
 Time :     17.01000
 Time :     18.00000
 Time :     19.00000
 Time :     20.00000
 Time :     21.00000
 Time :     22.00000
 Time :     23.00000
 Time :     24.00000
 Time :     25.00000
 Time :     26.00000
 Time :     27.00000
 Time :     28.00000
 Time :     29.00000
 Time :     30.00000
 Time :     31.00000
 Time :     32.00000
 Time :     33.00000
 Time :     34.00000
 Time :     35.00000
dtime = 46.41098342835903
mbcr =

 Columns 1 through 3:

   2.313706658656733e-04   1.753966281325258e-04   5.788340574480287e-03

 Columns 4 and 5:

   1.815776304076845e-02   2.128847663880344e-03

agsout =

 Columns 1 through 3:

   6.742080287639582e-01   1.836661240313888e-02   1.836661240313888e-02
   6.750918676576937e-01   1.851078598180824e-02   1.851078598180824e-02
   6.202520563394791e-01   1.851075269208375e-02   1.851075269208375e-02
   4.962272469985784e-01   1.851075270060511e-02   1.851075270060511e-02
   6.555066424153921e-01   1.851075270060295e-02   1.851075270060295e-02

 Columns 4 through 6:

   1.836661240313888e-02   1.836661240313888e-02   1.836661240313888e-02
   1.851078598180824e-02   1.851078598180824e-02   1.851078598180824e-02
   1.851075269208375e-02   1.851075269208375e-02   1.851075269208375e-02
   1.851075270060511e-02   1.851075270060511e-02   1.851075270060511e-02
   1.851075270060295e-02   1.851075270060295e-02   1.851075270060295e-02

 Columns 7 through 9:

   1.836661240313888e-02   1.836661240313888e-02   1.836661240313888e-02
   1.851078598180824e-02   1.851078598180824e-02   1.851078598180824e-02
   1.851075269208375e-02   1.851075269208375e-02   1.851075269208375e-02
   1.851075270060511e-02   1.851075270060511e-02   1.851075270060511e-02
   1.851075270060295e-02   1.851075270060295e-02   1.851075270060295e-02

 Column 10:

   1.836661240313888e-02
   1.851078598180824e-02
   1.851075269208375e-02
   1.851075270060511e-02
   1.851075270060295e-02

ans = 4.318939391512370e-21
ans = -6.466733239051913e-21
ans = -6.466733239051913e-21
ans = -6.466733239051913e-21
ans = -6.466733239051913e-21
ans = -6.466733239051913e-21
ans = -6.466733239051913e-21
ans = -6.466733239051913e-21
ans = -6.466733239051913e-21
ans = -6.466733239051913e-21
nbcr = 10
lambda0 = 3.501084296647659
kmpl_prod = 0.180000000000000
 Time :      1.00000
 Time :      2.00000
 Time :      3.01000
 Time :      4.01000
 Time :      5.01000
 Time :      6.01000
 Time :      7.01000
 Time :      8.01000
 Time :      9.01000
 Time :     10.01000
 Time :     11.01000
 Time :     12.01000
 Time :     13.01000
 Time :     14.01000
 Time :     15.01000
 Time :     16.01000
 Time :     17.01000
 Time :     18.00000
 Time :     19.00000
 Time :     20.00000
 Time :     21.00000
 Time :     22.00000
 Time :     23.00000
 Time :     24.00000
 Time :     25.00000
 Time :     26.00000
 Time :     27.00000
 Time :     28.00000
 Time :     29.00000
 Time :     30.00000
 Time :     31.00000
 Time :     32.00000
 Time :     33.00000
 Time :     34.00000
 Time :     35.00000
dtime = 46.64054363965988
mbcr =

 Columns 1 through 3:

   2.313706658656733e-04   1.753966281325258e-04   5.788340574480287e-03

 Columns 4 through 6:

   1.815776304076845e-02   2.128847663880344e-03   1.073309948096089e-02

agsout =

 Columns 1 through 3:

   6.742080287639582e-01   1.836661240313888e-02   1.836661240313888e-02
   6.750918676576937e-01   1.851078598180824e-02   1.851078598180824e-02
   6.202520563394791e-01   1.851075269208375e-02   1.851075269208375e-02
   4.962272469985784e-01   1.851075270060511e-02   1.851075270060511e-02
   6.555066424153921e-01   1.851075270060295e-02   1.851075270060295e-02
   5.735160319974438e-01   1.851075270060295e-02   1.851075270060295e-02

 Columns 4 through 6:

   1.836661240313888e-02   1.836661240313888e-02   1.836661240313888e-02
   1.851078598180824e-02   1.851078598180824e-02   1.851078598180824e-02
   1.851075269208375e-02   1.851075269208375e-02   1.851075269208375e-02
   1.851075270060511e-02   1.851075270060511e-02   1.851075270060511e-02
   1.851075270060295e-02   1.851075270060295e-02   1.851075270060295e-02
   1.851075270060295e-02   1.851075270060295e-02   1.851075270060295e-02

 Columns 7 through 9:

   1.836661240313888e-02   1.836661240313888e-02   1.836661240313888e-02
   1.851078598180824e-02   1.851078598180824e-02   1.851078598180824e-02
   1.851075269208375e-02   1.851075269208375e-02   1.851075269208375e-02
   1.851075270060511e-02   1.851075270060511e-02   1.851075270060511e-02
   1.851075270060295e-02   1.851075270060295e-02   1.851075270060295e-02
   1.851075270060295e-02   1.851075270060295e-02   1.851075270060295e-02

 Column 10:

   1.836661240313888e-02
   1.851078598180824e-02
   1.851075269208375e-02
   1.851075270060511e-02
   1.851075270060295e-02
   1.851075270060295e-02

ans = 3.322611652802186e-21
ans = -3.078615990318917e-21
ans = -3.078615990318917e-21
ans = -3.078615990318917e-21
ans = -3.078615990318917e-21
ans = -3.078615990318917e-21
ans = -3.078615990318917e-21
ans = -3.078615990318917e-21
ans = -3.078615990318917e-21
ans = -3.078615990318917e-21
dkps =

 Columns 1 through 3:

   3.422683607180344e+01   1.181563840509755e+01   1.487568722607829e+02

 Columns 4 through 6:

   3.818727875025677e+02   6.695335379302428e+00   4.732098560510501e+01

nbcr = 15
lambda0 = 3.501084296647659
kmpl_prod = 0.180000000000000
 Time :      1.00000
 Time :      2.00000
 Time :      3.01000
 Time :      4.01000
 Time :      5.01000
 Time :      6.01000
 Time :      7.01000
 Time :      8.01000
 Time :      9.01000
 Time :     10.01000
 Time :     11.01000
 Time :     12.01000
 Time :     13.01000
 Time :     14.01000
 Time :     15.01000
 Time :     16.01000
 Time :     17.01000
 Time :     18.00000
 Time :     19.00000
 Time :     20.00000
 Time :     21.00000
 Time :     22.00000
 Time :     23.00000
 Time :     24.00000
 Time :     25.00000
 Time :     26.00000
 Time :     27.00000
 Time :     28.00000
 Time :     29.00000
 Time :     30.00000
 Time :     31.00000
 Time :     32.00000
 Time :     33.00000
 Time :     34.00000
 Time :     35.00000
dtime = 73.07509146630764
mbcr = 1.487505762139635e-04
agsout =

 Columns 1 through 3:

   6.742080287639577e-01   1.836661265857083e-02   1.836661265857083e-02

 Columns 4 through 6:

   1.836661265857083e-02   1.836661265857083e-02   1.836661265857083e-02

 Columns 7 through 9:

   1.836661265857083e-02   1.836661265857083e-02   1.836661265857083e-02

 Columns 10 through 12:

   1.836661265857083e-02   1.836661265857083e-02   1.836661265857083e-02

 Columns 13 through 15:

   1.836661265857083e-02   1.836661265857083e-02   1.836661265857083e-02

ans = -1.969047151912842e-21
ans = 8.070876361481617e-21
ans = 8.070876361481617e-21
ans = 8.070876361481617e-21
ans = 8.070876361481617e-21
ans = 8.070876361481617e-21
ans = 8.070876361481617e-21
ans = 8.070876361481617e-21
ans = 8.070876361481617e-21
ans = 8.070876361481617e-21
ans = 8.070876361481617e-21
ans = 8.070876361481617e-21
ans = 8.070876361481617e-21
ans = 8.070876361481617e-21
ans = 8.070876361481617e-21
nbcr = 15
lambda0 = 3.501084296647659
kmpl_prod = 0.180000000000000
 Time :      1.00000
 Time :      2.00000
 Time :      3.01000
 Time :      4.01000
 Time :      5.01000
 Time :      6.01000
 Time :      7.01000
 Time :      8.01000
 Time :      9.01000
 Time :     10.01000
 Time :     11.01000
 Time :     12.01000
 Time :     13.01000
 Time :     14.01000
 Time :     15.01000
 Time :     16.01000
 Time :     17.01000
 Time :     18.00000
 Time :     19.00000
 Time :     20.00000
 Time :     21.00000
 Time :     22.00000
 Time :     23.00000
 Time :     24.00000
 Time :     25.00000
 Time :     26.00000
 Time :     27.00000
 Time :     28.00000
 Time :     29.00000
 Time :     30.00000
 Time :     31.00000
 Time :     32.00000
 Time :     33.00000
 Time :     34.00000
 Time :     35.00000
dtime = 72.11553119122982
mbcr =

   1.487505762139635e-04   1.200764073592952e-04

agsout =

 Columns 1 through 3:

   6.742080287639577e-01   1.836661265857083e-02   1.836661265857083e-02
   6.749646405297675e-01   1.851078624413358e-02   1.851078624413358e-02

 Columns 4 through 6:

   1.836661265857083e-02   1.836661265857083e-02   1.836661265857083e-02
   1.851078624413358e-02   1.851078624413358e-02   1.851078624413358e-02

 Columns 7 through 9:

   1.836661265857083e-02   1.836661265857083e-02   1.836661265857083e-02
   1.851078624413358e-02   1.851078624413358e-02   1.851078624413358e-02

 Columns 10 through 12:

   1.836661265857083e-02   1.836661265857083e-02   1.836661265857083e-02
   1.851078624413358e-02   1.851078624413358e-02   1.851078624413358e-02

 Columns 13 through 15:

   1.836661265857083e-02   1.836661265857083e-02   1.836661265857083e-02
   1.851078624413358e-02   1.851078624413358e-02   1.851078624413358e-02

ans = 5.793205628331514e-21
ans = 1.195706539110307e-20
ans = 1.195706539110307e-20
ans = 1.195706539110307e-20
ans = 1.195706539110307e-20
ans = 1.195706539110307e-20
ans = 1.195706539110307e-20
ans = 1.195706539110307e-20
ans = 1.195706539110307e-20
ans = 1.195706539110307e-20
ans = 1.195706539110307e-20
ans = 1.195706539110307e-20
ans = 1.195706539110307e-20
ans = 1.195706539110307e-20
ans = 1.195706539110307e-20
nbcr = 15
lambda0 = 3.501084296647659
kmpl_prod = 0.180000000000000
 Time :      1.00000
 Time :      2.00000
 Time :      3.01000
 Time :      4.01000
 Time :      5.01000
 Time :      6.01000
 Time :      7.01000
 Time :      8.01000
 Time :      9.01000
 Time :     10.01000
 Time :     11.01000
 Time :     12.01000
 Time :     13.01000
 Time :     14.01000
 Time :     15.01000
 Time :     16.01000
 Time :     17.01000
 Time :     18.00000
 Time :     19.00000
 Time :     20.00000
 Time :     21.00000
 Time :     22.00000
 Time :     23.00000
 Time :     24.00000
 Time :     25.00000
 Time :     26.00000
 Time :     27.00000
 Time :     28.00000
 Time :     29.00000
 Time :     30.00000
 Time :     31.00000
 Time :     32.00000
 Time :     33.00000
 Time :     34.00000
 Time :     35.00000
dtime = 72.34831005334854
mbcr =

   1.487505762139635e-04   1.200764073592952e-04   2.947035605522427e-04

agsout =

 Columns 1 through 3:

   6.742080287639577e-01   1.836661265857083e-02   1.836661265857083e-02
   6.749646405297675e-01   1.851078624413358e-02   1.851078624413358e-02
   6.721447560251952e-01   1.851075295440621e-02   1.851075295440621e-02

 Columns 4 through 6:

   1.836661265857083e-02   1.836661265857083e-02   1.836661265857083e-02
   1.851078624413358e-02   1.851078624413358e-02   1.851078624413358e-02
   1.851075295440621e-02   1.851075295440621e-02   1.851075295440621e-02

 Columns 7 through 9:

   1.836661265857083e-02   1.836661265857083e-02   1.836661265857083e-02
   1.851078624413358e-02   1.851078624413358e-02   1.851078624413358e-02
   1.851075295440621e-02   1.851075295440621e-02   1.851075295440621e-02

 Columns 10 through 12:

   1.836661265857083e-02   1.836661265857083e-02   1.836661265857083e-02
   1.851078624413358e-02   1.851078624413358e-02   1.851078624413358e-02
   1.851075295440621e-02   1.851075295440621e-02   1.851075295440621e-02

 Columns 13 through 15:

   1.836661265857083e-02   1.836661265857083e-02   1.836661265857083e-02
   1.851078624413358e-02   1.851078624413358e-02   1.851078624413358e-02
   1.851075295440621e-02   1.851075295440621e-02   1.851075295440621e-02

ans = 3.973305930745566e-21
ans = 7.513723366900270e-21
ans = 7.513723366900270e-21
ans = 7.513723366900270e-21
ans = 7.513723366900270e-21
ans = 7.513723366900270e-21
ans = 7.513723366900270e-21
ans = 7.513723366900270e-21
ans = 7.513723366900270e-21
ans = 7.513723366900270e-21
ans = 7.513723366900270e-21
ans = 7.513723366900270e-21
ans = 7.513723366900270e-21
ans = 7.513723366900270e-21
ans = 7.513723366900270e-21
nbcr = 15
lambda0 = 3.501084296647659
kmpl_prod = 0.180000000000000
 Time :      1.00000
 Time :      2.00000
 Time :      3.01000
 Time :      4.01000
 Time :      5.01000
 Time :      6.01000
 Time :      7.01000
 Time :      8.01000
 Time :      9.01000
 Time :     10.01000
 Time :     11.01000
 Time :     12.01000
 Time :     13.01000
 Time :     14.01000
 Time :     15.01000
 Time :     16.01000
 Time :     17.01000
 Time :     18.00000
 Time :     19.00000
 Time :     20.00000
 Time :     21.00000
 Time :     22.00000
 Time :     23.00000
 Time :     24.00000
 Time :     25.00000
 Time :     26.00000
 Time :     27.00000
 Time :     28.00000
 Time :     29.00000
 Time :     30.00000
 Time :     31.00000
 Time :     32.00000
 Time :     33.00000
 Time :     34.00000
 Time :     35.00000
dtime = 72.27992378175259
mbcr =

 Columns 1 through 3:

   1.487505762139635e-04   1.200764073592952e-04   2.947035605522427e-04

 Column 4:

   1.128444021628651e-04

agsout =

 Columns 1 through 3:

   6.742080287639577e-01   1.836661265857083e-02   1.836661265857083e-02
   6.749646405297675e-01   1.851078624413358e-02   1.851078624413358e-02
   6.721447560251952e-01   1.851075295440621e-02   1.851075295440621e-02
   6.750920262356391e-01   1.851075296292753e-02   1.851075296292753e-02

 Columns 4 through 6:

   1.836661265857083e-02   1.836661265857083e-02   1.836661265857083e-02
   1.851078624413358e-02   1.851078624413358e-02   1.851078624413358e-02
   1.851075295440621e-02   1.851075295440621e-02   1.851075295440621e-02
   1.851075296292753e-02   1.851075296292753e-02   1.851075296292753e-02

 Columns 7 through 9:

   1.836661265857083e-02   1.836661265857083e-02   1.836661265857083e-02
   1.851078624413358e-02   1.851078624413358e-02   1.851078624413358e-02
   1.851075295440621e-02   1.851075295440621e-02   1.851075295440621e-02
   1.851075296292753e-02   1.851075296292753e-02   1.851075296292753e-02

 Columns 10 through 12:

   1.836661265857083e-02   1.836661265857083e-02   1.836661265857083e-02
   1.851078624413358e-02   1.851078624413358e-02   1.851078624413358e-02
   1.851075295440621e-02   1.851075295440621e-02   1.851075295440621e-02
   1.851075296292753e-02   1.851075296292753e-02   1.851075296292753e-02

 Columns 13 through 15:

   1.836661265857083e-02   1.836661265857083e-02   1.836661265857083e-02
   1.851078624413358e-02   1.851078624413358e-02   1.851078624413358e-02
   1.851075295440621e-02   1.851075295440621e-02   1.851075295440621e-02
   1.851075296292753e-02   1.851075296292753e-02   1.851075296292753e-02

ans = 3.178923800670686e-21
ans = 5.150423120396521e-21
ans = 5.150423120396521e-21
ans = 5.150423120396521e-21
ans = 5.150423120396521e-21
ans = 5.150423120396521e-21
ans = 5.150423120396521e-21
ans = 5.150423120396521e-21
ans = 5.150423120396521e-21
ans = 5.150423120396521e-21
ans = 5.150423120396521e-21
ans = 5.150423120396521e-21
ans = 5.150423120396521e-21
ans = 5.150423120396521e-21
ans = 5.150423120396521e-21
nbcr = 15
lambda0 = 3.501084296647659
kmpl_prod = 0.180000000000000
 Time :      1.00000
 Time :      2.00000
 Time :      3.01000
 Time :      4.01000
 Time :      5.01000
 Time :      6.01000
 Time :      7.01000
 Time :      8.01000
 Time :      9.01000
 Time :     10.01000
 Time :     11.01000
 Time :     12.01000
 Time :     13.01000
 Time :     14.01000
 Time :     15.01000
 Time :     16.01000
 Time :     17.01000
 Time :     18.00000
 Time :     19.00000
 Time :     20.00000
 Time :     21.00000
 Time :     22.00000
 Time :     23.00000
 Time :     24.00000
 Time :     25.00000
 Time :     26.00000
 Time :     27.00000
 Time :     28.00000
 Time :     29.00000
 Time :     30.00000
 Time :     31.00000
 Time :     32.00000
 Time :     33.00000
 Time :     34.00000
 Time :     35.00000
dtime = 72.06709049642086
mbcr =

 Columns 1 through 3:

   1.487505762139635e-04   1.200764073592952e-04   2.947035605522427e-04

 Columns 4 and 5:

   1.128444021628651e-04   1.119021810174307e-04

agsout =

 Columns 1 through 3:

   6.742080287639577e-01   1.836661265857083e-02   1.836661265857083e-02
   6.749646405297675e-01   1.851078624413358e-02   1.851078624413358e-02
   6.721447560251952e-01   1.851075295440621e-02   1.851075295440621e-02
   6.750920262356391e-01   1.851075296292753e-02   1.851075296292753e-02
   6.751093428855097e-01   1.851075296292539e-02   1.851075296292539e-02

 Columns 4 through 6:

   1.836661265857083e-02   1.836661265857083e-02   1.836661265857083e-02
   1.851078624413358e-02   1.851078624413358e-02   1.851078624413358e-02
   1.851075295440621e-02   1.851075295440621e-02   1.851075295440621e-02
   1.851075296292753e-02   1.851075296292753e-02   1.851075296292753e-02
   1.851075296292539e-02   1.851075296292539e-02   1.851075296292539e-02

 Columns 7 through 9:

   1.836661265857083e-02   1.836661265857083e-02   1.836661265857083e-02
   1.851078624413358e-02   1.851078624413358e-02   1.851078624413358e-02
   1.851075295440621e-02   1.851075295440621e-02   1.851075295440621e-02
   1.851075296292753e-02   1.851075296292753e-02   1.851075296292753e-02
   1.851075296292539e-02   1.851075296292539e-02   1.851075296292539e-02

 Columns 10 through 12:

   1.836661265857083e-02   1.836661265857083e-02   1.836661265857083e-02
   1.851078624413358e-02   1.851078624413358e-02   1.851078624413358e-02
   1.851075295440621e-02   1.851075295440621e-02   1.851075295440621e-02
   1.851075296292753e-02   1.851075296292753e-02   1.851075296292753e-02
   1.851075296292539e-02   1.851075296292539e-02   1.851075296292539e-02

 Columns 13 through 15:

   1.836661265857083e-02   1.836661265857083e-02   1.836661265857083e-02
   1.851078624413358e-02   1.851078624413358e-02   1.851078624413358e-02
   1.851075295440621e-02   1.851075295440621e-02   1.851075295440621e-02
   1.851075296292753e-02   1.851075296292753e-02   1.851075296292753e-02
   1.851075296292539e-02   1.851075296292539e-02   1.851075296292539e-02

ans = -1.352127858647647e-20
ans = 1.851553328320454e-21
ans = 1.851553328320454e-21
ans = 1.851553328320454e-21
ans = 1.851553328320454e-21
ans = 1.851553328320454e-21
ans = 1.851553328320454e-21
ans = 1.851553328320454e-21
ans = 1.851553328320454e-21
ans = 1.851553328320454e-21
ans = 1.851553328320454e-21
ans = 1.851553328320454e-21
ans = 1.851553328320454e-21
ans = 1.851553328320454e-21
ans = 1.851553328320454e-21
nbcr = 15
lambda0 = 3.501084296647659
kmpl_prod = 0.180000000000000
 Time :      1.00000
 Time :      2.00000
 Time :      3.01000
 Time :      4.01000
 Time :      5.01000
 Time :      6.01000
 Time :      7.01000
 Time :      8.01000
 Time :      9.01000
 Time :     10.01000
 Time :     11.01000
 Time :     12.01000
 Time :     13.01000
 Time :     14.01000
 Time :     15.01000
 Time :     16.01000
 Time :     17.01000
 Time :     18.00000
 Time :     19.00000
 Time :     20.00000
 Time :     21.00000
 Time :     22.00000
 Time :     23.00000
 Time :     24.00000
 Time :     25.00000
 Time :     26.00000
 Time :     27.00000
 Time :     28.00000
 Time :     29.00000
 Time :     30.00000
 Time :     31.00000
 Time :     32.00000
 Time :     33.00000
 Time :     34.00000
 Time :     35.00000
dtime = 72.19705358147621
mbcr =

 Columns 1 through 3:

   1.487505762139635e-04   1.200764073592952e-04   2.947035605522427e-04

 Columns 4 through 6:

   1.128444021628651e-04   1.119021810174307e-04   8.399095388560298e-04

agsout =

 Columns 1 through 3:

   6.742080287639577e-01   1.836661265857083e-02   1.836661265857083e-02
   6.749646405297675e-01   1.851078624413358e-02   1.851078624413358e-02
   6.721447560251952e-01   1.851075295440621e-02   1.851075295440621e-02
   6.750920262356391e-01   1.851075296292753e-02   1.851075296292753e-02
   6.751093428855097e-01   1.851075296292539e-02   1.851075296292539e-02
   6.635908023063068e-01   1.851075296292539e-02   1.851075296292539e-02

 Columns 4 through 6:

   1.836661265857083e-02   1.836661265857083e-02   1.836661265857083e-02
   1.851078624413358e-02   1.851078624413358e-02   1.851078624413358e-02
   1.851075295440621e-02   1.851075295440621e-02   1.851075295440621e-02
   1.851075296292753e-02   1.851075296292753e-02   1.851075296292753e-02
   1.851075296292539e-02   1.851075296292539e-02   1.851075296292539e-02
   1.851075296292539e-02   1.851075296292539e-02   1.851075296292539e-02

 Columns 7 through 9:

   1.836661265857083e-02   1.836661265857083e-02   1.836661265857083e-02
   1.851078624413358e-02   1.851078624413358e-02   1.851078624413358e-02
   1.851075295440621e-02   1.851075295440621e-02   1.851075295440621e-02
   1.851075296292753e-02   1.851075296292753e-02   1.851075296292753e-02
   1.851075296292539e-02   1.851075296292539e-02   1.851075296292539e-02
   1.851075296292539e-02   1.851075296292539e-02   1.851075296292539e-02

 Columns 10 through 12:

   1.836661265857083e-02   1.836661265857083e-02   1.836661265857083e-02
   1.851078624413358e-02   1.851078624413358e-02   1.851078624413358e-02
   1.851075295440621e-02   1.851075295440621e-02   1.851075295440621e-02
   1.851075296292753e-02   1.851075296292753e-02   1.851075296292753e-02
   1.851075296292539e-02   1.851075296292539e-02   1.851075296292539e-02
   1.851075296292539e-02   1.851075296292539e-02   1.851075296292539e-02

 Columns 13 through 15:

   1.836661265857083e-02   1.836661265857083e-02   1.836661265857083e-02
   1.851078624413358e-02   1.851078624413358e-02   1.851078624413358e-02
   1.851075295440621e-02   1.851075295440621e-02   1.851075295440621e-02
   1.851075296292753e-02   1.851075296292753e-02   1.851075296292753e-02
   1.851075296292539e-02   1.851075296292539e-02   1.851075296292539e-02
   1.851075296292539e-02   1.851075296292539e-02   1.851075296292539e-02

ans = 5.221819954811071e-23
ans = -4.924696517223310e-21
ans = -4.924696517223310e-21
ans = -4.924696517223310e-21
ans = -4.924696517223310e-21
ans = -4.924696517223310e-21
ans = -4.924696517223310e-21
ans = -4.924696517223310e-21
ans = -4.924696517223310e-21
ans = -4.924696517223310e-21
ans = -4.924696517223310e-21
ans = -4.924696517223310e-21
ans = -4.924696517223310e-21
ans = -4.924696517223310e-21
ans = -4.924696517223310e-21
