warning: function /home/surgeon/flu/amcode/perelson21/1d2agt/4paper/2submit/run.m shadows a core library function
warning: called from
    driver at line 1 column 1

lambda0 = 3.501084296647659
kmpl_prod = 0.180000000000000
nbcr = 10
agc1 = 1
lambda0 = 3.501084296647659
kmpl_prod = 0.180000000000000
 Time :      1.00000
 Time :      2.00000
 Time :      3.01000
 Time :      4.01000
 Time :      5.01000
 Time :      6.01000
 Time :      7.01000
 Time :      8.01000
 Time :      9.01000
 Time :     10.01000
 Time :     11.01000
 Time :     12.01000
 Time :     13.01000
 Time :     14.01000
 Time :     15.01000
 Time :     16.01000
 Time :     17.01000
 Time :     18.00000
 Time :     19.00000
 Time :     20.00000
 Time :     21.00000
 Time :     22.00000
 Time :     23.00000
 Time :     24.00000
 Time :     25.00000
 Time :     26.00000
 Time :     27.00000
 Time :     28.00000
 Time :     29.00000
 Time :     30.00000
 Time :     31.00000
 Time :     32.00000
 Time :     33.00000
 Time :     34.00000
 Time :     35.00000
dtime = 46.66234999895096
mbcr = 0.100000000000000
agsout =

 Columns 1 through 3:

   4.929576820391995e-03   4.929576820391969e-03   4.929576820391972e-03

 Columns 4 through 6:

   4.929576820391952e-03   4.929576820391956e-03   4.929576820391951e-03

 Columns 7 through 9:

   4.929576820391982e-03   4.929576820391962e-03   4.929576820392029e-03

 Column 10:

   4.929576820391935e-03

ans = -4.893865201659729e-19
ans = 6.829203137237796e-20
ans = 6.776263578034403e-20
ans = -3.654153074014255e-19
ans = -3.694387139008834e-19
ans = -8.033313411318988e-19
ans = -7.981432643299662e-19
ans = -7.988579483792120e-19
ans = -3.662623403486798e-19
ans = -7.975609291787289e-19
nbcr = 10
agc1 = 1
lambda0 = 3.501084296647659
kmpl_prod = 0.180000000000000
 Time :      1.00000
 Time :      2.00000
 Time :      3.01000
 Time :      4.01000
 Time :      5.01000
 Time :      6.01000
 Time :      7.01000
 Time :      8.01000
 Time :      9.01000
 Time :     10.01000
 Time :     11.01000
 Time :     12.01000
 Time :     13.01000
 Time :     14.01000
 Time :     15.01000
 Time :     16.01000
 Time :     17.01000
 Time :     18.00000
 Time :     19.00000
 Time :     20.00000
 Time :     21.00000
 Time :     22.00000
 Time :     23.00000
 Time :     24.00000
 Time :     25.00000
 Time :     26.00000
 Time :     27.00000
 Time :     28.00000
 Time :     29.00000
 Time :     30.00000
 Time :     31.00000
 Time :     32.00000
 Time :     33.00000
 Time :     34.00000
 Time :     35.00000
dtime = 45.90595699846745
mbcr =

   0.100000000000000   0.267252180515532

agsout =

 Columns 1 through 3:

   4.929576820391995e-03   4.929576820391969e-03   4.929576820391972e-03
   3.755417474187390e-03   3.755417474187416e-03   3.755417474187414e-03

 Columns 4 through 6:

   4.929576820391952e-03   4.929576820391956e-03   4.929576820391951e-03
   3.755417474187420e-03   3.755417474187400e-03   3.755417474187478e-03

 Columns 7 through 9:

   4.929576820391982e-03   4.929576820391962e-03   4.929576820392029e-03
   3.755417474187396e-03   3.755417474187420e-03   3.755417474187401e-03

 Column 10:

   4.929576820391935e-03
   3.755417474187470e-03

ans = -5.004376531496813e-19
ans = -1.139735770089864e-18
ans = -1.141218077747560e-18
ans = -1.140662212375924e-18
ans = -1.142065110694814e-18
ans = -1.142515096948043e-18
ans = -1.575348932994990e-18
ans = -1.141615124441585e-18
ans = -1.141218077747560e-18
ans = -1.142276868931627e-18
nbcr = 10
agc1 = 1
lambda0 = 3.501084296647659
kmpl_prod = 0.180000000000000
 Time :      1.00000
 Time :      2.00000
 Time :      3.01000
 Time :      4.01000
 Time :      5.01000
 Time :      6.01000
 Time :      7.01000
 Time :      8.01000
 Time :      9.01000
 Time :     10.01000
 Time :     11.01000
 Time :     12.01000
 Time :     13.01000
 Time :     14.01000
 Time :     15.01000
 Time :     16.01000
 Time :     17.01000
 Time :     18.00000
 Time :     19.00000
 Time :     20.00000
 Time :     21.00000
 Time :     22.00000
 Time :     23.00000
 Time :     24.00000
 Time :     25.00000
 Time :     26.00000
 Time :     27.00000
 Time :     28.00000
 Time :     29.00000
 Time :     30.00000
 Time :     31.00000
 Time :     32.00000
 Time :     33.00000
 Time :     34.00000
 Time :     35.00000
dtime = 46.04774862527847
mbcr =

   0.100000000000000   0.267252180515532   0.297015551542566

agsout =

 Columns 1 through 3:

   4.929576820391995e-03   4.929576820391969e-03   4.929576820391972e-03
   3.755417474187390e-03   3.755417474187416e-03   3.755417474187414e-03
   3.629137421980125e-03   3.629137421980158e-03   3.629137421980172e-03

 Columns 4 through 6:

   4.929576820391952e-03   4.929576820391956e-03   4.929576820391951e-03
   3.755417474187420e-03   3.755417474187400e-03   3.755417474187478e-03
   3.629137421980181e-03   3.629137421980191e-03   3.629137421980163e-03

 Columns 7 through 9:

   4.929576820391982e-03   4.929576820391962e-03   4.929576820392029e-03
   3.755417474187396e-03   3.755417474187420e-03   3.755417474187401e-03
   3.629137421980174e-03   3.629137421980177e-03   3.629137421980160e-03

 Column 10:

   4.929576820391935e-03
   3.755417474187470e-03
   3.629137421980175e-03

ans = -1.091031375622742e-18
ans = -7.058166730792475e-19
ans = -2.756298149924697e-19
ans = -7.053137472668152e-19
ans = -1.138121113534161e-18
ans = -2.739357490979611e-19
ans = -7.093106839866714e-19
ans = -7.076430878717645e-19
ans = -2.721358040850457e-19
ans = -2.735387024039356e-19
nbcr = 10
agc1 = 1
lambda0 = 3.501084296647659
kmpl_prod = 0.180000000000000
 Time :      1.00000
 Time :      2.00000
 Time :      3.01000
 Time :      4.01000
 Time :      5.01000
 Time :      6.01000
 Time :      7.01000
 Time :      8.01000
 Time :      9.01000
 Time :     10.01000
 Time :     11.01000
 Time :     12.01000
 Time :     13.01000
 Time :     14.01000
 Time :     15.01000
 Time :     16.01000
 Time :     17.01000
 Time :     18.00000
 Time :     19.00000
 Time :     20.00000
 Time :     21.00000
 Time :     22.00000
 Time :     23.00000
 Time :     24.00000
 Time :     25.00000
 Time :     26.00000
 Time :     27.00000
 Time :     28.00000
 Time :     29.00000
 Time :     30.00000
 Time :     31.00000
 Time :     32.00000
 Time :     33.00000
 Time :     34.00000
 Time :     35.00000
dtime = 45.74606046080589
mbcr =

   0.100000000000000   0.267252180515532   0.297015551542566   0.296513120389451

agsout =

 Columns 1 through 3:

   4.929576820391995e-03   4.929576820391969e-03   4.929576820391972e-03
   3.755417474187390e-03   3.755417474187416e-03   3.755417474187414e-03
   3.629137421980125e-03   3.629137421980158e-03   3.629137421980172e-03
   3.616136916050982e-03   3.616136916051013e-03   3.616136916050972e-03

 Columns 4 through 6:

   4.929576820391952e-03   4.929576820391956e-03   4.929576820391951e-03
   3.755417474187420e-03   3.755417474187400e-03   3.755417474187478e-03
   3.629137421980181e-03   3.629137421980191e-03   3.629137421980163e-03
   3.616136916051014e-03   3.616136916050978e-03   3.616136916050932e-03

 Columns 7 through 9:

   4.929576820391982e-03   4.929576820391962e-03   4.929576820392029e-03
   3.755417474187396e-03   3.755417474187420e-03   3.755417474187401e-03
   3.629137421980174e-03   3.629137421980177e-03   3.629137421980160e-03
   3.616136916050916e-03   3.616136916051018e-03   3.616136916050928e-03

 Column 10:

   4.929576820391935e-03
   3.755417474187470e-03
   3.629137421980175e-03
   3.616136916050915e-03

ans = -3.395543327305676e-19
ans = -6.258779386821229e-19
ans = -1.918000229938956e-19
ans = -6.265396831721653e-19
ans = 2.441307772664504e-19
ans = -1.931235119739805e-19
ans = -1.918529625530990e-19
ans = -6.260102875801313e-19
ans = -1.912970971814634e-19
ans = -1.917206136550905e-19
nbcr = 10
agc1 = 1
lambda0 = 3.501084296647659
kmpl_prod = 0.180000000000000
 Time :      1.00000
 Time :      2.00000
 Time :      3.01000
 Time :      4.01000
 Time :      5.01000
 Time :      6.01000
 Time :      7.01000
 Time :      8.01000
 Time :      9.01000
 Time :     10.01000
 Time :     11.01000
 Time :     12.01000
 Time :     13.01000
 Time :     14.01000
 Time :     15.01000
 Time :     16.01000
 Time :     17.01000
 Time :     18.00000
 Time :     19.00000
 Time :     20.00000
 Time :     21.00000
 Time :     22.00000
 Time :     23.00000
 Time :     24.00000
 Time :     25.00000
 Time :     26.00000
 Time :     27.00000
 Time :     28.00000
 Time :     29.00000
 Time :     30.00000
 Time :     31.00000
 Time :     32.00000
 Time :     33.00000
 Time :     34.00000
 Time :     35.00000
dtime = 46.01212218403816
mbcr =

 Columns 1 through 4:

   0.100000000000000   0.267252180515532   0.297015551542566   0.296513120389451

 Column 5:

   0.296691164008502

agsout =

 Columns 1 through 3:

   4.929576820391995e-03   4.929576820391969e-03   4.929576820391972e-03
   3.755417474187390e-03   3.755417474187416e-03   3.755417474187414e-03
   3.629137421980125e-03   3.629137421980158e-03   3.629137421980172e-03
   3.616136916050982e-03   3.616136916051013e-03   3.616136916050972e-03
   3.615531583650137e-03   3.615531583650141e-03   3.615531583650104e-03

 Columns 4 through 6:

   4.929576820391952e-03   4.929576820391956e-03   4.929576820391951e-03
   3.755417474187420e-03   3.755417474187400e-03   3.755417474187478e-03
   3.629137421980181e-03   3.629137421980191e-03   3.629137421980163e-03
   3.616136916051014e-03   3.616136916050978e-03   3.616136916050932e-03
   3.615531583650200e-03   3.615531583650176e-03   3.615531583650174e-03

 Columns 7 through 9:

   4.929576820391982e-03   4.929576820391962e-03   4.929576820392029e-03
   3.755417474187396e-03   3.755417474187420e-03   3.755417474187401e-03
   3.629137421980174e-03   3.629137421980177e-03   3.629137421980160e-03
   3.616136916050916e-03   3.616136916051018e-03   3.616136916050928e-03
   3.615531583650198e-03   3.615531583650198e-03   3.615531583650105e-03

 Column 10:

   4.929576820391935e-03
   3.755417474187470e-03
   3.629137421980175e-03
   3.616136916050915e-03
   3.615531583650195e-03

ans = 7.877406409464993e-20
ans = -7.629384574597093e-19
ans = -1.196857554470326e-18
ans = -7.634149134925399e-19
ans = -7.603708888383447e-19
ans = -7.656119051994807e-19
ans = -7.632296250353280e-19
ans = -7.638384299661670e-19
ans = -1.196063461082275e-18
ans = -7.635207926109467e-19
nbcr = 10
agc1 = 1
lambda0 = 3.501084296647659
kmpl_prod = 0.180000000000000
 Time :      1.00000
 Time :      2.00000
 Time :      3.01000
 Time :      4.01000
 Time :      5.01000
 Time :      6.01000
 Time :      7.01000
 Time :      8.01000
 Time :      9.01000
 Time :     10.01000
 Time :     11.01000
 Time :     12.01000
 Time :     13.01000
 Time :     14.01000
 Time :     15.01000
 Time :     16.01000
 Time :     17.01000
 Time :     18.00000
 Time :     19.00000
 Time :     20.00000
 Time :     21.00000
 Time :     22.00000
 Time :     23.00000
 Time :     24.00000
 Time :     25.00000
 Time :     26.00000
 Time :     27.00000
 Time :     28.00000
 Time :     29.00000
 Time :     30.00000
 Time :     31.00000
 Time :     32.00000
 Time :     33.00000
 Time :     34.00000
 Time :     35.00000
dtime = 45.93122340738773
mbcr =

 Columns 1 through 4:

   0.100000000000000   0.267252180515532   0.297015551542566   0.296513120389451

 Columns 5 and 6:

   0.296691164008502   0.296687998758466

agsout =

 Columns 1 through 3:

   4.929576820391995e-03   4.929576820391969e-03   4.929576820391972e-03
   3.755417474187390e-03   3.755417474187416e-03   3.755417474187414e-03
   3.629137421980125e-03   3.629137421980158e-03   3.629137421980172e-03
   3.616136916050982e-03   3.616136916051013e-03   3.616136916050972e-03
   3.615531583650137e-03   3.615531583650141e-03   3.615531583650104e-03
   3.615467021749852e-03   3.615467021749862e-03   3.615467021749873e-03

 Columns 4 through 6:

   4.929576820391952e-03   4.929576820391956e-03   4.929576820391951e-03
   3.755417474187420e-03   3.755417474187400e-03   3.755417474187478e-03
   3.629137421980181e-03   3.629137421980191e-03   3.629137421980163e-03
   3.616136916051014e-03   3.616136916050978e-03   3.616136916050932e-03
   3.615531583650200e-03   3.615531583650176e-03   3.615531583650174e-03
   3.615467021749860e-03   3.615467021749889e-03   3.615467021749830e-03

 Columns 7 through 9:

   4.929576820391982e-03   4.929576820391962e-03   4.929576820392029e-03
   3.755417474187396e-03   3.755417474187420e-03   3.755417474187401e-03
   3.629137421980174e-03   3.629137421980177e-03   3.629137421980160e-03
   3.616136916050916e-03   3.616136916051018e-03   3.616136916050928e-03
   3.615531583650198e-03   3.615531583650198e-03   3.615531583650105e-03
   3.615467021749827e-03   3.615467021749837e-03   3.615467021749851e-03

 Column 10:

   4.929576820391935e-03
   3.755417474187470e-03
   3.629137421980175e-03
   3.616136916050915e-03
   3.615531583650195e-03
   3.615467021749848e-03

ans = -7.049961099115949e-19
ans = -1.271872909861535e-18
ans = -8.360215189399944e-19
ans = -4.035317900278690e-19
ans = -8.403360930150710e-19
ans = -8.396478787454269e-19
ans = -4.058876004124200e-19
ans = -8.390920133737913e-19
ans = -8.348039090783164e-19
ans = -4.025788779622079e-19
warning: implicit conversion from numeric to char
warning: called from
    store at line 5 column 11
    driver at line 80 column 1

