warning: function /home/surgeon/flu/amcode/perelson21/1d2agt/4paper/2submit/run.m shadows a core library function
warning: called from
    driver at line 1 column 1

lambda0 = 3.501084296647659
kmpl_prod = 0.180000000000000
nbcr = 10
agc1 = 2
lambda0 = 3.501084296647659
kmpl_prod = 0.180000000000000
 Time :      1.00000
 Time :      2.00000
 Time :      3.01000
 Time :      4.01000
 Time :      5.01000
 Time :      6.01000
 Time :      7.01000
 Time :      8.01000
 Time :      9.01000
 Time :     10.01000
 Time :     11.01000
 Time :     12.01000
 Time :     13.01000
 Time :     14.01000
 Time :     15.01000
 Time :     16.01000
 Time :     17.01000
 Time :     18.00000
 Time :     19.00000
 Time :     20.00000
 Time :     21.00000
 Time :     22.00000
 Time :     23.00000
 Time :     24.00000
 Time :     25.00000
 Time :     26.00000
 Time :     27.00000
 Time :     28.00000
 Time :     29.00000
 Time :     30.00000
 Time :     31.00000
 Time :     32.00000
 Time :     33.00000
 Time :     34.00000
 Time :     35.00000
dtime = 46.14943787455559
mbcr = 4.465308809221540e-02
agsout =

 Columns 1 through 3:

   5.184458292819973e-01   5.623163702677508e-03   5.623163702677513e-03

 Columns 4 through 6:

   5.623163702677510e-03   5.623163702677509e-03   5.623163702677510e-03

 Columns 7 through 9:

   5.623163702677508e-03   5.623163702677510e-03   5.623163702677509e-03

 Column 10:

   5.623163702677510e-03

ans = -4.949715968351476e-19
ans = -4.718238214002470e-20
ans = -4.604418161715173e-20
ans = -4.814852909548663e-19
ans = -4.759266372385100e-20
ans = -4.712944258082130e-20
ans = -4.674563077659670e-20
ans = -4.626917474376616e-20
ans = -4.628240963356700e-20
ans = -4.607065139675343e-20
nbcr = 10
agc1 = 2
lambda0 = 3.501084296647659
kmpl_prod = 0.180000000000000
 Time :      1.00000
 Time :      2.00000
 Time :      3.01000
 Time :      4.01000
 Time :      5.01000
 Time :      6.01000
 Time :      7.01000
 Time :      8.01000
 Time :      9.01000
 Time :     10.01000
 Time :     11.01000
 Time :     12.01000
 Time :     13.01000
 Time :     14.01000
 Time :     15.01000
 Time :     16.01000
 Time :     17.01000
 Time :     18.00000
 Time :     19.00000
 Time :     20.00000
 Time :     21.00000
 Time :     22.00000
 Time :     23.00000
 Time :     24.00000
 Time :     25.00000
 Time :     26.00000
 Time :     27.00000
 Time :     28.00000
 Time :     29.00000
 Time :     30.00000
 Time :     31.00000
 Time :     32.00000
 Time :     33.00000
 Time :     34.00000
 Time :     35.00000
dtime = 46.24086767435074
mbcr =

   4.465308809221540e-02   1.420653161888473e-01

agsout =

 Columns 1 through 3:

   5.184458292819973e-01   5.623163702677508e-03   5.623163702677513e-03
   1.426233942072613e-01   4.779573712427734e-03   4.779573712427738e-03

 Columns 4 through 6:

   5.623163702677510e-03   5.623163702677509e-03   5.623163702677510e-03
   4.779573712427734e-03   4.779573712427740e-03   4.779573712427736e-03

 Columns 7 through 9:

   5.623163702677508e-03   5.623163702677510e-03   5.623163702677509e-03
   4.779573712427738e-03   4.779573712427738e-03   4.779573712427737e-03

 Column 10:

   5.623163702677510e-03
   4.779573712427737e-03

ans = -1.944430847708528e-19
ans = -7.854642399007534e-19
ans = -3.517701360167508e-19
ans = 8.255924257769259e-20
ans = -3.510819217471066e-19
ans = -3.504201772570642e-19
ans = 8.236071923067986e-20
ans = -3.513333846533228e-19
ans = -3.517701360167508e-19
ans = -3.513333846533228e-19
nbcr = 10
agc1 = 1.500000000000000
lambda0 = 3.501084296647659
kmpl_prod = 0.180000000000000
 Time :      1.00000
 Time :      2.00000
 Time :      3.01000
 Time :      4.01000
 Time :      5.01000
 Time :      6.01000
 Time :      7.01000
 Time :      8.01000
 Time :      9.01000
 Time :     10.01000
 Time :     11.01000
 Time :     12.01000
 Time :     13.01000
 Time :     14.01000
 Time :     15.01000
 Time :     16.01000
 Time :     17.01000
 Time :     18.00000
 Time :     19.00000
 Time :     20.00000
 Time :     21.00000
 Time :     22.00000
 Time :     23.00000
 Time :     24.00000
 Time :     25.00000
 Time :     26.00000
 Time :     27.00000
 Time :     28.00000
 Time :     29.00000
 Time :     30.00000
 Time :     31.00000
 Time :     32.00000
 Time :     33.00000
 Time :     34.00000
 Time :     35.00000
dtime = 46.14418745040894
mbcr =

   4.465308809221540e-02   1.420653161888473e-01   1.412376460311132e-01

agsout =

 Columns 1 through 3:

   5.184458292819973e-01   5.623163702677508e-03   5.623163702677513e-03
   1.426233942072613e-01   4.779573712427734e-03   4.779573712427738e-03
   1.983050267190890e-02   5.188196273425683e-03   5.188196273425663e-03

 Columns 4 through 6:

   5.623163702677510e-03   5.623163702677509e-03   5.623163702677510e-03
   4.779573712427734e-03   4.779573712427740e-03   4.779573712427736e-03
   5.188196273425661e-03   5.188196273425666e-03   5.188196273425679e-03

 Columns 7 through 9:

   5.623163702677508e-03   5.623163702677510e-03   5.623163702677509e-03
   4.779573712427738e-03   4.779573712427738e-03   4.779573712427737e-03
   5.188196273425678e-03   5.188196273425665e-03   5.188196273425677e-03

 Column 10:

   5.623163702677510e-03
   4.779573712427737e-03
   5.188196273425666e-03

ans = -1.025753590402507e-18
ans = -8.097899673547128e-19
ans = 5.787617309911024e-20
ans = -8.097370277955094e-19
ans = -8.083605992562212e-19
ans = -8.084135388154246e-19
ans = -1.242134112479029e-18
ans = 5.872320604636454e-20
ans = 5.918642718939424e-20
ans = -3.758444005644941e-19
nbcr = 10
agc1 = 1.100000000000000
lambda0 = 3.501084296647659
kmpl_prod = 0.180000000000000
 Time :      1.00000
 Time :      2.00000
 Time :      3.01000
 Time :      4.01000
 Time :      5.01000
 Time :      6.01000
 Time :      7.01000
 Time :      8.01000
 Time :      9.01000
 Time :     10.01000
 Time :     11.01000
 Time :     12.01000
 Time :     13.01000
 Time :     14.01000
 Time :     15.01000
 Time :     16.01000
 Time :     17.01000
 Time :     18.00000
 Time :     19.00000
 Time :     20.00000
 Time :     21.00000
 Time :     22.00000
 Time :     23.00000
 Time :     24.00000
 Time :     25.00000
 Time :     26.00000
 Time :     27.00000
 Time :     28.00000
 Time :     29.00000
 Time :     30.00000
 Time :     31.00000
 Time :     32.00000
 Time :     33.00000
 Time :     34.00000
 Time :     35.00000
dtime = 46.06757350265980
mbcr =

 Columns 1 through 3:

   4.465308809221540e-02   1.420653161888473e-01   1.412376460311132e-01

 Column 4:

   1.008311019980214e-01

agsout =

 Columns 1 through 3:

   5.184458292819973e-01   5.623163702677508e-03   5.623163702677513e-03
   1.426233942072613e-01   4.779573712427734e-03   4.779573712427738e-03
   1.983050267190890e-02   5.188196273425683e-03   5.188196273425663e-03
   1.829666875757189e-03   5.984871324988872e-03   5.984871324988872e-03

 Columns 4 through 6:

   5.623163702677510e-03   5.623163702677509e-03   5.623163702677510e-03
   4.779573712427734e-03   4.779573712427740e-03   4.779573712427736e-03
   5.188196273425661e-03   5.188196273425666e-03   5.188196273425679e-03
   5.984871324988874e-03   5.984871324988877e-03   5.984871324988871e-03

 Columns 7 through 9:

   5.623163702677508e-03   5.623163702677510e-03   5.623163702677509e-03
   4.779573712427738e-03   4.779573712427738e-03   4.779573712427737e-03
   5.188196273425678e-03   5.188196273425665e-03   5.188196273425677e-03
   5.984871324988868e-03   5.984871324988868e-03   5.984871324988872e-03

 Column 10:

   5.623163702677510e-03
   4.779573712427737e-03
   5.188196273425666e-03
   5.984871324988872e-03

ans = -5.040904827347155e-19
ans = -2.493585587377855e-19
ans = -1.115608565982918e-18
ans = -6.841246886956569e-19
ans = -2.497291356522093e-19
ans = -6.839394002384450e-19
ans = -6.838864606792416e-19
ans = -2.504702894810568e-19
ans = -6.838732257894407e-19
ans = 1.847458267300434e-19
nbcr = 10
agc1 = 1
lambda0 = 3.501084296647659
kmpl_prod = 0.180000000000000
 Time :      1.00000
 Time :      2.00000
 Time :      3.01000
 Time :      4.01000
 Time :      5.01000
 Time :      6.01000
 Time :      7.01000
 Time :      8.01000
 Time :      9.01000
 Time :     10.01000
 Time :     11.01000
 Time :     12.01000
 Time :     13.01000
 Time :     14.01000
 Time :     15.01000
 Time :     16.01000
 Time :     17.01000
 Time :     18.00000
 Time :     19.00000
 Time :     20.00000
 Time :     21.00000
 Time :     22.00000
 Time :     23.00000
 Time :     24.00000
 Time :     25.00000
 Time :     26.00000
 Time :     27.00000
 Time :     28.00000
 Time :     29.00000
 Time :     30.00000
 Time :     31.00000
 Time :     32.00000
 Time :     33.00000
 Time :     34.00000
 Time :     35.00000
dtime = 46.16850838065147
mbcr =

 Columns 1 through 3:

   4.465308809221540e-02   1.420653161888473e-01   1.412376460311132e-01

 Columns 4 and 5:

   1.008311019980214e-01   8.669080946678659e-02

agsout =

 Columns 1 through 3:

   5.184458292819973e-01   5.623163702677508e-03   5.623163702677513e-03
   1.426233942072613e-01   4.779573712427734e-03   4.779573712427738e-03
   1.983050267190890e-02   5.188196273425683e-03   5.188196273425663e-03
   1.829666875757189e-03   5.984871324988872e-03   5.984871324988872e-03
   2.262790418930156e-04   6.230310650894798e-03   6.230310650894780e-03

 Columns 4 through 6:

   5.623163702677510e-03   5.623163702677509e-03   5.623163702677510e-03
   4.779573712427734e-03   4.779573712427740e-03   4.779573712427736e-03
   5.188196273425661e-03   5.188196273425666e-03   5.188196273425679e-03
   5.984871324988874e-03   5.984871324988877e-03   5.984871324988871e-03
   6.230310650894783e-03   6.230310650894775e-03   6.230310650894779e-03

 Columns 7 through 9:

   5.623163702677508e-03   5.623163702677510e-03   5.623163702677509e-03
   4.779573712427738e-03   4.779573712427738e-03   4.779573712427737e-03
   5.188196273425678e-03   5.188196273425665e-03   5.188196273425677e-03
   5.984871324988868e-03   5.984871324988868e-03   5.984871324988872e-03
   6.230310650894779e-03   6.230310650894782e-03   6.230310650894778e-03

 Column 10:

   5.623163702677510e-03
   4.779573712427737e-03
   5.188196273425666e-03
   5.984871324988872e-03
   6.230310650894778e-03

ans = -7.081195439045951e-19
ans = -2.858074452493221e-19
ans = -2.860192034861357e-19
ans = -2.840736746854110e-19
ans = 1.488131009207399e-19
ans = -2.848942378530636e-19
ans = -2.856221567921102e-19
ans = 1.513277299829011e-19
ans = 1.491704429453628e-19
ans = -2.847221842856525e-19
nbcr = 10
agc1 = 1
lambda0 = 3.501084296647659
kmpl_prod = 0.180000000000000
 Time :      1.00000
 Time :      2.00000
 Time :      3.01000
 Time :      4.01000
 Time :      5.01000
 Time :      6.01000
 Time :      7.01000
 Time :      8.01000
 Time :      9.01000
 Time :     10.01000
 Time :     11.01000
 Time :     12.01000
 Time :     13.01000
 Time :     14.01000
 Time :     15.01000
 Time :     16.01000
 Time :     17.01000
 Time :     18.00000
 Time :     19.00000
 Time :     20.00000
 Time :     21.00000
 Time :     22.00000
 Time :     23.00000
 Time :     24.00000
 Time :     25.00000
 Time :     26.00000
 Time :     27.00000
 Time :     28.00000
 Time :     29.00000
 Time :     30.00000
 Time :     31.00000
 Time :     32.00000
 Time :     33.00000
 Time :     34.00000
 Time :     35.00000
dtime = 47.11442962288857
mbcr =

 Columns 1 through 3:

   4.465308809221540e-02   1.420653161888473e-01   1.412376460311132e-01

 Columns 4 through 6:

   1.008311019980214e-01   8.669080946678659e-02   9.295970556043200e-02

agsout =

 Columns 1 through 3:

   5.184458292819973e-01   5.623163702677508e-03   5.623163702677513e-03
   1.426233942072613e-01   4.779573712427734e-03   4.779573712427738e-03
   1.983050267190890e-02   5.188196273425683e-03   5.188196273425663e-03
   1.829666875757189e-03   5.984871324988872e-03   5.984871324988872e-03
   2.262790418930156e-04   6.230310650894798e-03   6.230310650894780e-03
   7.617012864065445e-05   6.279148815722668e-03   6.279148815722679e-03

 Columns 4 through 6:

   5.623163702677510e-03   5.623163702677509e-03   5.623163702677510e-03
   4.779573712427734e-03   4.779573712427740e-03   4.779573712427736e-03
   5.188196273425661e-03   5.188196273425666e-03   5.188196273425679e-03
   5.984871324988874e-03   5.984871324988877e-03   5.984871324988871e-03
   6.230310650894783e-03   6.230310650894775e-03   6.230310650894779e-03
   6.279148815722673e-03   6.279148815722671e-03   6.279148815722673e-03

 Columns 7 through 9:

   5.623163702677508e-03   5.623163702677510e-03   5.623163702677509e-03
   4.779573712427738e-03   4.779573712427738e-03   4.779573712427737e-03
   5.188196273425678e-03   5.188196273425665e-03   5.188196273425677e-03
   5.984871324988868e-03   5.984871324988868e-03   5.984871324988872e-03
   6.230310650894779e-03   6.230310650894782e-03   6.230310650894778e-03
   6.279148815722674e-03   6.279148815722668e-03   6.279148815722675e-03

 Column 10:

   5.623163702677510e-03
   4.779573712427737e-03
   5.188196273425666e-03
   5.984871324988872e-03
   6.230310650894778e-03
   6.279148815722669e-03

ans = -2.710505431213761e-20
ans = -3.218989897362358e-19
ans = 1.121656910621906e-19
ans = -1.189048969487826e-18
ans = -7.541504906319460e-19
ans = -3.212372452461934e-19
ans = -3.200858098335196e-19
ans = 1.140582803037119e-19
ans = -7.542298999707511e-19
ans = 1.127215564338262e-19
warning: implicit conversion from numeric to char
warning: called from
    store at line 5 column 11
    driver at line 80 column 1

