warning: function /home/surgeon/flu/amcode/perelson21/1d2agt/4paper/2submit/run.m shadows a core library function
warning: called from
    driver at line 1 column 1

lambda0 = 3.501084296647659
kmpl_prod = 0.180000000000000
nbcr = 10
agc1 = 1
lambda0 = 3.501084296647659
kmpl_prod = 0.180000000000000
 Time :      1.00000
 Time :      2.00000
 Time :      3.01000
 Time :      4.01000
 Time :      5.01000
 Time :      6.01000
 Time :      7.01000
 Time :      8.01000
 Time :      9.01000
 Time :     10.01000
 Time :     11.01000
 Time :     12.01000
 Time :     13.01000
 Time :     14.01000
 Time :     15.01000
 Time :     16.01000
 Time :     17.01000
 Time :     18.00000
 Time :     19.00000
 Time :     20.00000
 Time :     21.00000
 Time :     22.00000
 Time :     23.00000
 Time :     24.00000
 Time :     25.00000
 Time :     26.00000
 Time :     27.00000
 Time :     28.00000
 Time :     29.00000
 Time :     30.00000
 Time :     31.00000
 Time :     32.00000
 Time :     33.00000
 Time :     34.00000
 Time :     35.00000
dtime = 46.58480063080788
mbcr = 0.100000000000000
agsout =

 Columns 1 through 3:

   5.038792260123619e-03   5.038792260123601e-03   5.038792260123627e-03

 Columns 4 through 6:

   5.038792260123632e-03   5.038792260123581e-03   5.038792260123551e-03

 Columns 7 through 9:

   5.038792260123578e-03   5.038792260123552e-03   5.038792260123573e-03

 Column 10:

   5.038792260123565e-03

ans = -1.278516824541561e-18
ans = -7.367598454336311e-19
ans = -3.036613115906667e-19
ans = -3.044289351991159e-19
ans = -7.353569471147412e-19
ans = 1.314224557224250e-19
ans = -7.368657245520379e-19
ans = -3.047730423339379e-19
ans = -7.370510130092498e-19
ans = -3.036613115906667e-19
nbcr = 10
agc1 = 1
lambda0 = 3.501084296647659
kmpl_prod = 0.180000000000000
 Time :      1.00000
 Time :      2.00000
 Time :      3.01000
 Time :      4.01000
 Time :      5.01000
 Time :      6.01000
 Time :      7.01000
 Time :      8.01000
 Time :      9.01000
 Time :     10.01000
 Time :     11.01000
 Time :     12.01000
 Time :     13.01000
 Time :     14.01000
 Time :     15.01000
 Time :     16.01000
 Time :     17.01000
 Time :     18.00000
 Time :     19.00000
 Time :     20.00000
 Time :     21.00000
 Time :     22.00000
 Time :     23.00000
 Time :     24.00000
 Time :     25.00000
 Time :     26.00000
 Time :     27.00000
 Time :     28.00000
 Time :     29.00000
 Time :     30.00000
 Time :     31.00000
 Time :     32.00000
 Time :     33.00000
 Time :     34.00000
 Time :     35.00000
dtime = 46.64360135793686
mbcr =

   0.100000000000000   0.173191920281236

agsout =

 Columns 1 through 3:

   5.038792260123619e-03   5.038792260123601e-03   5.038792260123627e-03
   1.426992514219860e-03   5.376734782952207e-03   5.376734782952271e-03

 Columns 4 through 6:

   5.038792260123632e-03   5.038792260123581e-03   5.038792260123551e-03
   5.376734782952289e-03   5.376734782952199e-03   5.376734782952232e-03

 Columns 7 through 9:

   5.038792260123578e-03   5.038792260123552e-03   5.038792260123573e-03
   5.376734782952274e-03   5.376734782952264e-03   5.376734782952271e-03

 Column 10:

   5.038792260123565e-03
   5.376734782952272e-03

ans = -9.060605557660844e-19
ans = -9.237953080992213e-20
ans = -5.250545481792594e-19
ans = -5.233604822847508e-19
ans = -9.235306103032043e-20
ans = -5.219840537454626e-19
ans = -5.241810454524034e-19
ans = -5.273044794454037e-19
ans = -9.619117907256648e-19
ans = -5.250810179588611e-19
nbcr = 10
agc1 = 1
lambda0 = 3.501084296647659
kmpl_prod = 0.180000000000000
 Time :      1.00000
 Time :      2.00000
 Time :      3.01000
 Time :      4.01000
 Time :      5.01000
 Time :      6.01000
 Time :      7.01000
 Time :      8.01000
 Time :      9.01000
 Time :     10.01000
 Time :     11.01000
 Time :     12.01000
 Time :     13.01000
 Time :     14.01000
 Time :     15.01000
 Time :     16.01000
 Time :     17.01000
 Time :     18.00000
 Time :     19.00000
 Time :     20.00000
 Time :     21.00000
 Time :     22.00000
 Time :     23.00000
 Time :     24.00000
 Time :     25.00000
 Time :     26.00000
 Time :     27.00000
 Time :     28.00000
 Time :     29.00000
 Time :     30.00000
 Time :     31.00000
 Time :     32.00000
 Time :     33.00000
 Time :     34.00000
 Time :     35.00000
dtime = 46.72628045082092
mbcr =

   0.100000000000000   0.173191920281236   0.186414561643948

agsout =

 Columns 1 through 3:

   5.038792260123619e-03   5.038792260123601e-03   5.038792260123627e-03
   1.426992514219860e-03   5.376734782952207e-03   5.376734782952271e-03
   1.154649951363575e-03   5.538933294076122e-03   5.538933294076131e-03

 Columns 4 through 6:

   5.038792260123632e-03   5.038792260123581e-03   5.038792260123551e-03
   5.376734782952289e-03   5.376734782952199e-03   5.376734782952232e-03
   5.538933294076095e-03   5.538933294076108e-03   5.538933294076109e-03

 Columns 7 through 9:

   5.038792260123578e-03   5.038792260123552e-03   5.038792260123573e-03
   5.376734782952274e-03   5.376734782952264e-03   5.376734782952271e-03
   5.538933294076111e-03   5.538933294076113e-03   5.538933294076111e-03

 Column 10:

   5.038792260123565e-03
   5.376734782952272e-03
   5.538933294076106e-03

ans = -5.436363334596506e-19
ans = -6.588328142862355e-19
ans = -6.620621273976425e-19
ans = 2.084230445837613e-19
ans = -1.096537089779895e-18
ans = -1.527968027507953e-18
ans = -1.090713738267522e-18
ans = -1.091693120112785e-18
ans = -2.234049398383217e-19
ans = -6.589122236250406e-19
nbcr = 10
agc1 = 1
lambda0 = 3.501084296647659
kmpl_prod = 0.180000000000000
 Time :      1.00000
 Time :      2.00000
 Time :      3.01000
 Time :      4.01000
 Time :      5.01000
 Time :      6.01000
 Time :      7.01000
 Time :      8.01000
 Time :      9.01000
 Time :     10.01000
 Time :     11.01000
 Time :     12.01000
 Time :     13.01000
 Time :     14.01000
 Time :     15.01000
 Time :     16.01000
 Time :     17.01000
 Time :     18.00000
 Time :     19.00000
 Time :     20.00000
 Time :     21.00000
 Time :     22.00000
 Time :     23.00000
 Time :     24.00000
 Time :     25.00000
 Time :     26.00000
 Time :     27.00000
 Time :     28.00000
 Time :     29.00000
 Time :     30.00000
 Time :     31.00000
 Time :     32.00000
 Time :     33.00000
 Time :     34.00000
 Time :     35.00000
dtime = 46.39625810086727
mbcr =

   0.100000000000000   0.173191920281236   0.186414561643948   0.186639439893065

agsout =

 Columns 1 through 3:

   5.038792260123619e-03   5.038792260123601e-03   5.038792260123627e-03
   1.426992514219860e-03   5.376734782952207e-03   5.376734782952271e-03
   1.154649951363575e-03   5.538933294076122e-03   5.538933294076131e-03
   1.124341870342424e-03   5.540563733032899e-03   5.540563733032879e-03

 Columns 4 through 6:

   5.038792260123632e-03   5.038792260123581e-03   5.038792260123551e-03
   5.376734782952289e-03   5.376734782952199e-03   5.376734782952232e-03
   5.538933294076095e-03   5.538933294076108e-03   5.538933294076109e-03
   5.540563733032855e-03   5.540563733032854e-03   5.540563733032879e-03

 Columns 7 through 9:

   5.038792260123578e-03   5.038792260123552e-03   5.038792260123573e-03
   5.376734782952274e-03   5.376734782952264e-03   5.376734782952271e-03
   5.538933294076111e-03   5.538933294076113e-03   5.538933294076111e-03
   5.540563733032884e-03   5.540563733032873e-03   5.540563733032876e-03

 Column 10:

   5.038792260123565e-03
   5.376734782952272e-03
   5.538933294076106e-03
   5.540563733032878e-03

ans = 5.346895479542771e-20
ans = -6.291337215731316e-19
ans = -6.272014276622077e-19
ans = -6.262485155965466e-19
ans = -6.285513864218942e-19
ans = 2.414573295266790e-19
ans = -1.062285194975299e-18
ans = -6.288690237771146e-19
ans = -6.267779111885806e-19
ans = -6.268043809681823e-19
nbcr = 10
agc1 = 1
lambda0 = 3.501084296647659
kmpl_prod = 0.180000000000000
 Time :      1.00000
 Time :      2.00000
 Time :      3.01000
 Time :      4.01000
 Time :      5.01000
 Time :      6.01000
 Time :      7.01000
 Time :      8.01000
 Time :      9.01000
 Time :     10.01000
 Time :     11.01000
 Time :     12.01000
 Time :     13.01000
 Time :     14.01000
 Time :     15.01000
 Time :     16.01000
 Time :     17.01000
 Time :     18.00000
 Time :     19.00000
 Time :     20.00000
 Time :     21.00000
 Time :     22.00000
 Time :     23.00000
 Time :     24.00000
 Time :     25.00000
 Time :     26.00000
 Time :     27.00000
 Time :     28.00000
 Time :     29.00000
 Time :     30.00000
 Time :     31.00000
 Time :     32.00000
 Time :     33.00000
 Time :     34.00000
 Time :     35.00000
dtime = 46.35542146861553
mbcr =

 Columns 1 through 4:

   0.100000000000000   0.173191920281236   0.186414561643948   0.186639439893065

 Column 5:

   0.186835423245201

agsout =

 Columns 1 through 3:

   5.038792260123619e-03   5.038792260123601e-03   5.038792260123627e-03
   1.426992514219860e-03   5.376734782952207e-03   5.376734782952271e-03
   1.154649951363575e-03   5.538933294076122e-03   5.538933294076131e-03
   1.124341870342424e-03   5.540563733032899e-03   5.540563733032879e-03
   1.121368694898988e-03   5.542490426106867e-03   5.542490426106803e-03

 Columns 4 through 6:

   5.038792260123632e-03   5.038792260123581e-03   5.038792260123551e-03
   5.376734782952289e-03   5.376734782952199e-03   5.376734782952232e-03
   5.538933294076095e-03   5.538933294076108e-03   5.538933294076109e-03
   5.540563733032855e-03   5.540563733032854e-03   5.540563733032879e-03
   5.542490426106812e-03   5.542490426106815e-03   5.542490426106837e-03

 Columns 7 through 9:

   5.038792260123578e-03   5.038792260123552e-03   5.038792260123573e-03
   5.376734782952274e-03   5.376734782952264e-03   5.376734782952271e-03
   5.538933294076111e-03   5.538933294076113e-03   5.538933294076111e-03
   5.540563733032884e-03   5.540563733032873e-03   5.540563733032876e-03
   5.542490426106819e-03   5.542490426106829e-03   5.542490426106825e-03

 Column 10:

   5.038792260123565e-03
   5.376734782952272e-03
   5.538933294076106e-03
   5.540563733032878e-03
   5.542490426106821e-03

ans = -5.708472668901950e-19
ans = -1.622597489584019e-19
ans = -5.942465520580951e-19
ans = -1.673684164215294e-19
ans = -1.670507790663090e-19
ans = -1.664419741354700e-19
ans = -5.999640244520616e-19
ans = -1.641126335305207e-19
ans = -5.964435437650359e-19
ans = -1.622332791788002e-19
nbcr = 10
agc1 = 1
lambda0 = 3.501084296647659
kmpl_prod = 0.180000000000000
 Time :      1.00000
 Time :      2.00000
 Time :      3.01000
 Time :      4.01000
 Time :      5.01000
 Time :      6.01000
 Time :      7.01000
 Time :      8.01000
 Time :      9.01000
 Time :     10.01000
 Time :     11.01000
 Time :     12.01000
 Time :     13.01000
 Time :     14.01000
 Time :     15.01000
 Time :     16.01000
 Time :     17.01000
 Time :     18.00000
 Time :     19.00000
 Time :     20.00000
 Time :     21.00000
 Time :     22.00000
 Time :     23.00000
 Time :     24.00000
 Time :     25.00000
 Time :     26.00000
 Time :     27.00000
 Time :     28.00000
 Time :     29.00000
 Time :     30.00000
 Time :     31.00000
 Time :     32.00000
 Time :     33.00000
 Time :     34.00000
 Time :     35.00000
dtime = 45.86455710232258
mbcr =

 Columns 1 through 4:

   0.100000000000000   0.173191920281236   0.186414561643948   0.186639439893065

 Columns 5 and 6:

   0.186835423245201   0.186836045212333

agsout =

 Columns 1 through 3:

   5.038792260123619e-03   5.038792260123601e-03   5.038792260123627e-03
   1.426992514219860e-03   5.376734782952207e-03   5.376734782952271e-03
   1.154649951363575e-03   5.538933294076122e-03   5.538933294076131e-03
   1.124341870342424e-03   5.540563733032899e-03   5.540563733032879e-03
   1.121368694898988e-03   5.542490426106867e-03   5.542490426106803e-03
   1.121014133593017e-03   5.542470019668168e-03   5.542470019668196e-03

 Columns 4 through 6:

   5.038792260123632e-03   5.038792260123581e-03   5.038792260123551e-03
   5.376734782952289e-03   5.376734782952199e-03   5.376734782952232e-03
   5.538933294076095e-03   5.538933294076108e-03   5.538933294076109e-03
   5.540563733032855e-03   5.540563733032854e-03   5.540563733032879e-03
   5.542490426106812e-03   5.542490426106815e-03   5.542490426106837e-03
   5.542470019668176e-03   5.542470019668190e-03   5.542470019668197e-03

 Columns 7 through 9:

   5.038792260123578e-03   5.038792260123552e-03   5.038792260123573e-03
   5.376734782952274e-03   5.376734782952264e-03   5.376734782952271e-03
   5.538933294076111e-03   5.538933294076113e-03   5.538933294076111e-03
   5.540563733032884e-03   5.540563733032873e-03   5.540563733032876e-03
   5.542490426106819e-03   5.542490426106829e-03   5.542490426106825e-03
   5.542470019668196e-03   5.542470019668179e-03   5.542470019668180e-03

 Column 10:

   5.038792260123565e-03
   5.376734782952272e-03
   5.538933294076106e-03
   5.540563733032878e-03
   5.542490426106821e-03
   5.542470019668178e-03

ans = -1.286431288642469e-19
ans = -9.354949506831713e-19
ans = -6.868907806640342e-20
ans = -5.022640679421984e-19
ans = -4.996170899820287e-19
ans = -1.370605187775865e-18
ans = -5.022640679421984e-19
ans = -9.385919148965699e-19
ans = -6.945670167485263e-20
ans = -9.358919973771968e-19
warning: implicit conversion from numeric to char
warning: called from
    store at line 5 column 11
    driver at line 80 column 1

