warning: function /home/surgeon/flu/amcode/perelson21/1d2agt/4paper/2submit/run.m shadows a core library function
warning: called from
    driver at line 1 column 1

lambda0 = 3.501084296647659
kmpl_prod = 0.180000000000000
nbcr = 10
agc1 = 1
lambda0 = 3.501084296647659
kmpl_prod = 0.180000000000000
 Time :      1.00000
 Time :      2.00000
 Time :      3.01000
 Time :      4.01000
 Time :      5.01000
 Time :      6.01000
 Time :      7.01000
 Time :      8.01000
 Time :      9.01000
 Time :     10.01000
 Time :     11.01000
 Time :     12.01000
 Time :     13.01000
 Time :     14.01000
 Time :     15.01000
 Time :     16.01000
 Time :     17.01000
 Time :     18.00000
 Time :     19.00000
 Time :     20.00000
 Time :     21.00000
 Time :     22.00000
 Time :     23.00000
 Time :     24.00000
 Time :     25.00000
 Time :     26.00000
 Time :     27.00000
 Time :     28.00000
 Time :     29.00000
 Time :     30.00000
 Time :     31.00000
 Time :     32.00000
 Time :     33.00000
 Time :     34.00000
 Time :     35.00000
dtime = 46.28610983490944
mbcr = 2.048761421751279e-03
agsout =

 Columns 1 through 3:

   6.682447928517207e-02   6.062829514755064e-03   6.062829514755071e-03

 Columns 4 through 6:

   6.062829514755055e-03   6.062829514755082e-03   6.062829514755057e-03

 Columns 7 through 9:

   6.062829514755050e-03   6.062829514755052e-03   6.062829514755078e-03

 Column 10:

   6.062829514755075e-03

ans = 2.903948967371004e-19
ans = -3.627815643310567e-19
ans = -3.636285972783110e-19
ans = -3.633374297026923e-19
ans = -1.230487409454282e-18
ans = -7.965683124436652e-19
ans = -3.628874434494635e-19
ans = -7.975741640685297e-19
ans = -3.633374297026923e-19
ans = -7.968594800192839e-19
nbcr = 10
agc1 = 1
lambda0 = 3.501084296647659
kmpl_prod = 0.180000000000000
 Time :      1.00000
 Time :      2.00000
 Time :      3.01000
 Time :      4.01000
 Time :      5.01000
 Time :      6.01000
 Time :      7.01000
 Time :      8.01000
 Time :      9.01000
 Time :     10.01000
 Time :     11.01000
 Time :     12.01000
 Time :     13.01000
 Time :     14.01000
 Time :     15.01000
 Time :     16.01000
 Time :     17.01000
 Time :     18.00000
 Time :     19.00000
 Time :     20.00000
 Time :     21.00000
 Time :     22.00000
 Time :     23.00000
 Time :     24.00000
 Time :     25.00000
 Time :     26.00000
 Time :     27.00000
 Time :     28.00000
 Time :     29.00000
 Time :     30.00000
 Time :     31.00000
 Time :     32.00000
 Time :     33.00000
 Time :     34.00000
 Time :     35.00000
dtime = 46.43909633159637
mbcr =

   2.048761421751279e-03   2.781065777965197e-02

agsout =

 Columns 1 through 3:

   6.682447928517207e-02   6.062829514755064e-03   6.062829514755071e-03
   2.867330880193791e-02   5.727222969885357e-03   5.727222969885359e-03

 Columns 4 through 6:

   6.062829514755055e-03   6.062829514755082e-03   6.062829514755057e-03
   5.727222969885359e-03   5.727222969885363e-03   5.727222969885357e-03

 Columns 7 through 9:

   6.062829514755050e-03   6.062829514755052e-03   6.062829514755078e-03
   5.727222969885358e-03   5.727222969885363e-03   5.727222969885363e-03

 Column 10:

   6.062829514755075e-03
   5.727222969885364e-03

ans = -1.880346968455543e-19
ans = -1.203633818048361e-18
ans = -3.348824166308681e-19
ans = -7.692250301151123e-19
ans = -7.679941853636334e-19
ans = -1.201913282374250e-18
ans = -1.202482382635687e-18
ans = -7.659295425547011e-19
ans = -7.680471249228368e-19
ans = -1.202164745280467e-18
nbcr = 10
agc1 = 1
lambda0 = 3.501084296647659
kmpl_prod = 0.180000000000000
 Time :      1.00000
 Time :      2.00000
 Time :      3.01000
 Time :      4.01000
 Time :      5.01000
 Time :      6.01000
 Time :      7.01000
 Time :      8.01000
 Time :      9.01000
 Time :     10.01000
 Time :     11.01000
 Time :     12.01000
 Time :     13.01000
 Time :     14.01000
 Time :     15.01000
 Time :     16.01000
 Time :     17.01000
 Time :     18.00000
 Time :     19.00000
 Time :     20.00000
 Time :     21.00000
 Time :     22.00000
 Time :     23.00000
 Time :     24.00000
 Time :     25.00000
 Time :     26.00000
 Time :     27.00000
 Time :     28.00000
 Time :     29.00000
 Time :     30.00000
 Time :     31.00000
 Time :     32.00000
 Time :     33.00000
 Time :     34.00000
 Time :     35.00000
dtime = 46.73096761107445
mbcr =

   2.048761421751279e-03   2.781065777965197e-02   7.820649800158029e-02

agsout =

 Columns 1 through 3:

   6.682447928517207e-02   6.062829514755064e-03   6.062829514755071e-03
   2.867330880193791e-02   5.727222969885357e-03   5.727222969885359e-03
   4.316469707949137e-04   6.220573043056034e-03   6.220573043056032e-03

 Columns 4 through 6:

   6.062829514755055e-03   6.062829514755082e-03   6.062829514755057e-03
   5.727222969885359e-03   5.727222969885363e-03   5.727222969885357e-03
   6.220573043056016e-03   6.220573043056024e-03   6.220573043056030e-03

 Columns 7 through 9:

   6.062829514755050e-03   6.062829514755052e-03   6.062829514755078e-03
   5.727222969885358e-03   5.727222969885363e-03   5.727222969885363e-03
   6.220573043056030e-03   6.220573043056028e-03   6.220573043056027e-03

 Column 10:

   6.062829514755075e-03
   5.727222969885364e-03
   6.220573043056027e-03

ans = -7.250602028496811e-19
ans = -5.093712037652540e-19
ans = -5.089476872916269e-19
ans = -7.398303398674280e-20
ans = -7.415508755415382e-20
ans = -7.592856278746752e-20
ans = -7.528005318722594e-20
ans = -7.808584982500581e-20
ans = 3.588772718398064e-19
ans = -7.522711362802255e-20
nbcr = 10
agc1 = 1
lambda0 = 3.501084296647659
kmpl_prod = 0.180000000000000
 Time :      1.00000
 Time :      2.00000
 Time :      3.01000
 Time :      4.01000
 Time :      5.01000
 Time :      6.01000
 Time :      7.01000
 Time :      8.01000
 Time :      9.01000
 Time :     10.01000
 Time :     11.01000
 Time :     12.01000
 Time :     13.01000
 Time :     14.01000
 Time :     15.01000
 Time :     16.01000
 Time :     17.01000
 Time :     18.00000
 Time :     19.00000
 Time :     20.00000
 Time :     21.00000
 Time :     22.00000
 Time :     23.00000
 Time :     24.00000
 Time :     25.00000
 Time :     26.00000
 Time :     27.00000
 Time :     28.00000
 Time :     29.00000
 Time :     30.00000
 Time :     31.00000
 Time :     32.00000
 Time :     33.00000
 Time :     34.00000
 Time :     35.00000
dtime = 46.53774797916412
mbcr =

 Columns 1 through 3:

   2.048761421751279e-03   2.781065777965197e-02   7.820649800158029e-02

 Column 4:

   9.202115764136143e-02

agsout =

 Columns 1 through 3:

   6.682447928517207e-02   6.062829514755064e-03   6.062829514755071e-03
   2.867330880193791e-02   5.727222969885357e-03   5.727222969885359e-03
   4.316469707949137e-04   6.220573043056034e-03   6.220573043056032e-03
   1.245584464508427e-04   6.257896011035261e-03   6.257896011035261e-03

 Columns 4 through 6:

   6.062829514755055e-03   6.062829514755082e-03   6.062829514755057e-03
   5.727222969885359e-03   5.727222969885363e-03   5.727222969885357e-03
   6.220573043056016e-03   6.220573043056024e-03   6.220573043056030e-03
   6.257896011035258e-03   6.257896011035261e-03   6.257896011035258e-03

 Columns 7 through 9:

   6.062829514755050e-03   6.062829514755052e-03   6.062829514755078e-03
   5.727222969885358e-03   5.727222969885363e-03   5.727222969885363e-03
   6.220573043056030e-03   6.220573043056028e-03   6.220573043056027e-03
   6.257896011035261e-03   6.257896011035264e-03   6.257896011035264e-03

 Column 10:

   6.062829514755075e-03
   5.727222969885364e-03
   6.220573043056027e-03
   6.257896011035264e-03

ans = -2.303929616531697e-19
ans = -4.260840422485148e-19
ans = -4.259119886811037e-19
ans = -4.254222977584723e-19
ans = -4.267457867385572e-19
ans = 7.755645423297187e-21
ans = -4.259252235709046e-19
ans = 8.245336345928580e-21
ans = -4.251708348522562e-19
ans = -4.254355326482732e-19
nbcr = 10
agc1 = 1
lambda0 = 3.501084296647659
kmpl_prod = 0.180000000000000
 Time :      1.00000
 Time :      2.00000
 Time :      3.01000
 Time :      4.01000
 Time :      5.01000
 Time :      6.01000
 Time :      7.01000
 Time :      8.01000
 Time :      9.01000
 Time :     10.01000
 Time :     11.01000
 Time :     12.01000
 Time :     13.01000
 Time :     14.01000
 Time :     15.01000
 Time :     16.01000
 Time :     17.01000
 Time :     18.00000
 Time :     19.00000
 Time :     20.00000
 Time :     21.00000
 Time :     22.00000
 Time :     23.00000
 Time :     24.00000
 Time :     25.00000
 Time :     26.00000
 Time :     27.00000
 Time :     28.00000
 Time :     29.00000
 Time :     30.00000
 Time :     31.00000
 Time :     32.00000
 Time :     33.00000
 Time :     34.00000
 Time :     35.00000
dtime = 47.79900647699833
mbcr =

 Columns 1 through 3:

   2.048761421751279e-03   2.781065777965197e-02   7.820649800158029e-02

 Columns 4 and 5:

   9.202115764136143e-02   9.300220711358358e-02

agsout =

 Columns 1 through 3:

   6.682447928517207e-02   6.062829514755064e-03   6.062829514755071e-03
   2.867330880193791e-02   5.727222969885357e-03   5.727222969885359e-03
   4.316469707949137e-04   6.220573043056034e-03   6.220573043056032e-03
   1.245584464508427e-04   6.257896011035261e-03   6.257896011035261e-03
   5.564059167454358e-05   6.289372915367400e-03   6.289372915367394e-03

 Columns 4 through 6:

   6.062829514755055e-03   6.062829514755082e-03   6.062829514755057e-03
   5.727222969885359e-03   5.727222969885363e-03   5.727222969885357e-03
   6.220573043056016e-03   6.220573043056024e-03   6.220573043056030e-03
   6.257896011035258e-03   6.257896011035261e-03   6.257896011035258e-03
   6.289372915367403e-03   6.289372915367388e-03   6.289372915367394e-03

 Columns 7 through 9:

   6.062829514755050e-03   6.062829514755052e-03   6.062829514755078e-03
   5.727222969885358e-03   5.727222969885363e-03   5.727222969885363e-03
   6.220573043056030e-03   6.220573043056028e-03   6.220573043056027e-03
   6.257896011035261e-03   6.257896011035264e-03   6.257896011035264e-03
   6.289372915367394e-03   6.289372915367392e-03   6.289372915367391e-03

 Column 10:

   6.062829514755075e-03
   5.727222969885364e-03
   6.220573043056027e-03
   6.257896011035264e-03
   6.289372915367393e-03

ans = -5.556536133988210e-19
ans = -1.293816357151342e-18
ans = -8.606384139695725e-19
ans = -8.606384139695725e-19
ans = -1.728026621737578e-18
ans = -4.260311026893114e-19
ans = -1.293392840677715e-18
ans = -8.601354881571403e-19
ans = -1.294557510980190e-18
ans = -1.293392840677715e-18
nbcr = 10
agc1 = 1
lambda0 = 3.501084296647659
kmpl_prod = 0.180000000000000
 Time :      1.00000
 Time :      2.00000
 Time :      3.01000
 Time :      4.01000
 Time :      5.01000
 Time :      6.01000
 Time :      7.01000
 Time :      8.01000
 Time :      9.01000
 Time :     10.01000
 Time :     11.01000
 Time :     12.01000
 Time :     13.01000
 Time :     14.01000
 Time :     15.01000
 Time :     16.01000
 Time :     17.01000
 Time :     18.00000
 Time :     19.00000
 Time :     20.00000
 Time :     21.00000
 Time :     22.00000
 Time :     23.00000
 Time :     24.00000
 Time :     25.00000
 Time :     26.00000
 Time :     27.00000
 Time :     28.00000
 Time :     29.00000
 Time :     30.00000
 Time :     31.00000
 Time :     32.00000
 Time :     33.00000
 Time :     34.00000
 Time :     35.00000
dtime = 46.85617312788963
mbcr =

 Columns 1 through 3:

   2.048761421751279e-03   2.781065777965197e-02   7.820649800158029e-02

 Columns 4 through 6:

   9.202115764136143e-02   9.300220711358358e-02   9.185269910518734e-02

agsout =

 Columns 1 through 3:

   6.682447928517207e-02   6.062829514755064e-03   6.062829514755071e-03
   2.867330880193791e-02   5.727222969885357e-03   5.727222969885359e-03
   4.316469707949137e-04   6.220573043056034e-03   6.220573043056032e-03
   1.245584464508427e-04   6.257896011035261e-03   6.257896011035261e-03
   5.564059167454358e-05   6.289372915367400e-03   6.289372915367394e-03
   4.507097848531557e-05   6.298320575896951e-03   6.298320575896952e-03

 Columns 4 through 6:

   6.062829514755055e-03   6.062829514755082e-03   6.062829514755057e-03
   5.727222969885359e-03   5.727222969885363e-03   5.727222969885357e-03
   6.220573043056016e-03   6.220573043056024e-03   6.220573043056030e-03
   6.257896011035258e-03   6.257896011035261e-03   6.257896011035258e-03
   6.289372915367403e-03   6.289372915367388e-03   6.289372915367394e-03
   6.298320575896956e-03   6.298320575896946e-03   6.298320575896950e-03

 Columns 7 through 9:

   6.062829514755050e-03   6.062829514755052e-03   6.062829514755078e-03
   5.727222969885358e-03   5.727222969885363e-03   5.727222969885363e-03
   6.220573043056030e-03   6.220573043056028e-03   6.220573043056027e-03
   6.257896011035261e-03   6.257896011035264e-03   6.257896011035264e-03
   6.289372915367394e-03   6.289372915367392e-03   6.289372915367391e-03
   6.298320575896950e-03   6.298320575896951e-03   6.298320575896952e-03

 Column 10:

   6.062829514755075e-03
   5.727222969885364e-03
   6.220573043056027e-03
   6.257896011035264e-03
   6.289372915367393e-03
   6.298320575896955e-03

ans = 4.878909776184770e-19
ans = -2.380030232886575e-19
ans = -2.381353721866660e-19
ans = 1.969483951264257e-19
ans = -2.371692252312041e-19
ans = 1.955852014769383e-19
ans = 1.952146245625145e-19
ans = -6.706648057681940e-19
ans = 1.964189995343917e-19
ans = -6.721074087564865e-19
warning: implicit conversion from numeric to char
warning: called from
    store at line 5 column 11
    driver at line 80 column 1

