warning: function /home/surgeon/flu/amcode/perelson21/1d2agt/4paper/2submit/run.m shadows a core library function
warning: called from
    driver at line 1 column 1

lambda0 = 3.501084296647659
kmpl_prod = 0.180000000000000
nbcr = 10
agc1 = 1
lambda0 = 3.501084296647659
kmpl_prod = 0.180000000000000
 Time :      1.00000
 Time :      2.00000
 Time :      3.01000
 Time :      4.01000
 Time :      5.01000
 Time :      6.01000
 Time :      7.01000
 Time :      8.01000
 Time :      9.01000
 Time :     10.01000
 Time :     11.01000
 Time :     12.01000
 Time :     13.01000
 Time :     14.01000
 Time :     15.01000
 Time :     16.01000
 Time :     17.01000
 Time :     18.00000
 Time :     19.00000
 Time :     20.00000
 Time :     21.00000
 Time :     22.00000
 Time :     23.00000
 Time :     24.00000
 Time :     25.00000
 Time :     26.00000
 Time :     27.00000
 Time :     28.00000
 Time :     29.00000
 Time :     30.00000
 Time :     31.00000
 Time :     32.00000
 Time :     33.00000
 Time :     34.00000
 Time :     35.00000
dtime = 46.66387885808945
mbcr = 2.410059369600941e-03
agsout =

 Columns 1 through 3:

   5.055942659354899e-03   5.055942659354854e-03   5.055942659354879e-03

 Columns 4 through 6:

   5.055942659354916e-03   5.055942659354900e-03   5.055942659354863e-03

 Columns 7 through 9:

   5.055942659354917e-03   5.055942659354832e-03   5.055942659354835e-03

 Column 10:

   5.055942659354874e-03

ans = -7.046179243895640e-19
ans = -5.366218418652010e-19
ans = -9.733202657339962e-19
ans = -5.372571165756417e-19
ans = -5.344248501582601e-19
ans = -9.720761860927164e-19
ans = -9.693762685733433e-19
ans = -9.703821201982078e-19
ans = -5.364630231875908e-19
ans = -5.369130094408196e-19
nbcr = 10
agc1 = 1
lambda0 = 3.501084296647659
kmpl_prod = 0.180000000000000
 Time :      1.00000
 Time :      2.00000
 Time :      3.01000
 Time :      4.01000
 Time :      5.01000
 Time :      6.01000
 Time :      7.01000
 Time :      8.01000
 Time :      9.01000
 Time :     10.01000
 Time :     11.01000
 Time :     12.01000
 Time :     13.01000
 Time :     14.01000
 Time :     15.01000
 Time :     16.01000
 Time :     17.01000
 Time :     18.00000
 Time :     19.00000
 Time :     20.00000
 Time :     21.00000
 Time :     22.00000
 Time :     23.00000
 Time :     24.00000
 Time :     25.00000
 Time :     26.00000
 Time :     27.00000
 Time :     28.00000
 Time :     29.00000
 Time :     30.00000
 Time :     31.00000
 Time :     32.00000
 Time :     33.00000
 Time :     34.00000
 Time :     35.00000
dtime = 46.41115441918373
mbcr =

   2.410059369600941e-03   1.947184374641020e-03

agsout =

 Columns 1 through 3:

   5.055942659354899e-03   5.055942659354854e-03   5.055942659354879e-03
   4.961164859182845e-03   4.961164859183015e-03   4.961164859182897e-03

 Columns 4 through 6:

   5.055942659354916e-03   5.055942659354900e-03   5.055942659354863e-03
   4.961164859182863e-03   4.961164859183032e-03   4.961164859182863e-03

 Columns 7 through 9:

   5.055942659354917e-03   5.055942659354832e-03   5.055942659354835e-03
   4.961164859182855e-03   4.961164859183039e-03   4.961164859182885e-03

 Column 10:

   5.055942659354874e-03
   4.961164859182897e-03

ans = 3.484175140251430e-19
ans = -2.884411883196910e-19
ans = -2.880970811848689e-19
ans = -7.198456562681468e-19
ans = -2.893411608261487e-19
ans = -7.197927167089434e-19
ans = -7.187603953044772e-19
ans = -2.907175893654369e-19
ans = -2.888117652341147e-19
ans = -2.870118202211993e-19
nbcr = 10
agc1 = 1
lambda0 = 3.501084296647659
kmpl_prod = 0.180000000000000
 Time :      1.00000
 Time :      2.00000
 Time :      3.01000
 Time :      4.01000
 Time :      5.01000
 Time :      6.01000
 Time :      7.01000
 Time :      8.01000
 Time :      9.01000
 Time :     10.01000
 Time :     11.01000
 Time :     12.01000
 Time :     13.01000
 Time :     14.01000
 Time :     15.01000
 Time :     16.01000
 Time :     17.01000
 Time :     18.00000
 Time :     19.00000
 Time :     20.00000
 Time :     21.00000
 Time :     22.00000
 Time :     23.00000
 Time :     24.00000
 Time :     25.00000
 Time :     26.00000
 Time :     27.00000
 Time :     28.00000
 Time :     29.00000
 Time :     30.00000
 Time :     31.00000
 Time :     32.00000
 Time :     33.00000
 Time :     34.00000
 Time :     35.00000
dtime = 46.34745530784130
mbcr =

   2.410059369600941e-03   1.947184374641020e-03   1.947968543912419e-03

agsout =

 Columns 1 through 3:

   5.055942659354899e-03   5.055942659354854e-03   5.055942659354879e-03
   4.961164859182845e-03   4.961164859183015e-03   4.961164859182897e-03
   4.962898747905293e-03   4.962898747905248e-03   4.962898747905235e-03

 Columns 4 through 6:

   5.055942659354916e-03   5.055942659354900e-03   5.055942659354863e-03
   4.961164859182863e-03   4.961164859183032e-03   4.961164859182863e-03
   4.962898747905284e-03   4.962898747905306e-03   4.962898747905213e-03

 Columns 7 through 9:

   5.055942659354917e-03   5.055942659354832e-03   5.055942659354835e-03
   4.961164859182855e-03   4.961164859183039e-03   4.961164859182885e-03
   4.962898747905206e-03   4.962898747905206e-03   4.962898747905312e-03

 Column 10:

   5.055942659354874e-03
   4.961164859182897e-03
   4.962898747905312e-03

ans = -3.317281447145530e-19
ans = -6.574299159673455e-19
ans = -1.088993202593412e-18
ans = -1.086505043310852e-18
ans = -2.210755992333724e-19
ans = -2.238019865323472e-19
ans = -2.219226321806267e-19
ans = -2.219226321806267e-19
ans = -2.232461211607115e-19
ans = -2.232461211607115e-19
nbcr = 10
agc1 = 1
lambda0 = 3.501084296647659
kmpl_prod = 0.180000000000000
 Time :      1.00000
 Time :      2.00000
 Time :      3.01000
 Time :      4.01000
 Time :      5.01000
 Time :      6.01000
 Time :      7.01000
 Time :      8.01000
 Time :      9.01000
 Time :     10.01000
 Time :     11.01000
 Time :     12.01000
 Time :     13.01000
 Time :     14.01000
 Time :     15.01000
 Time :     16.01000
 Time :     17.01000
 Time :     18.00000
 Time :     19.00000
 Time :     20.00000
 Time :     21.00000
 Time :     22.00000
 Time :     23.00000
 Time :     24.00000
 Time :     25.00000
 Time :     26.00000
 Time :     27.00000
 Time :     28.00000
 Time :     29.00000
 Time :     30.00000
 Time :     31.00000
 Time :     32.00000
 Time :     33.00000
 Time :     34.00000
 Time :     35.00000
dtime = 46.14760726690292
mbcr =

 Columns 1 through 3:

   2.410059369600941e-03   1.947184374641020e-03   1.947968543912419e-03

 Column 4:

   1.947969751208705e-03

agsout =

 Columns 1 through 3:

   5.055942659354899e-03   5.055942659354854e-03   5.055942659354879e-03
   4.961164859182845e-03   4.961164859183015e-03   4.961164859182897e-03
   4.962898747905293e-03   4.962898747905248e-03   4.962898747905235e-03
   4.962928187529380e-03   4.962928187529436e-03   4.962928187529393e-03

 Columns 4 through 6:

   5.055942659354916e-03   5.055942659354900e-03   5.055942659354863e-03
   4.961164859182863e-03   4.961164859183032e-03   4.961164859182863e-03
   4.962898747905284e-03   4.962898747905306e-03   4.962898747905213e-03
   4.962928187529413e-03   4.962928187529459e-03   4.962928187529428e-03

 Columns 7 through 9:

   5.055942659354917e-03   5.055942659354832e-03   5.055942659354835e-03
   4.961164859182855e-03   4.961164859183039e-03   4.961164859182885e-03
   4.962898747905206e-03   4.962898747905206e-03   4.962898747905312e-03
   4.962928187529452e-03   4.962928187529417e-03   4.962928187529452e-03

 Column 10:

   5.055942659354874e-03
   4.961164859182897e-03
   4.962898747905312e-03
   4.962928187529459e-03

ans = 7.975347607061276e-19
ans = -6.436656305744632e-19
ans = -6.451479382321582e-19
ans = -2.118376461523802e-19
ans = -1.078087653397512e-18
ans = -6.443273750645056e-19
ans = -6.446979519789293e-19
ans = -1.081952241219360e-18
ans = -6.446979519789293e-19
ans = -1.078405290752733e-18
nbcr = 10
agc1 = 1
lambda0 = 3.501084296647659
kmpl_prod = 0.180000000000000
 Time :      1.00000
 Time :      2.00000
 Time :      3.01000
 Time :      4.01000
 Time :      5.01000
 Time :      6.01000
 Time :      7.01000
 Time :      8.01000
 Time :      9.01000
 Time :     10.01000
 Time :     11.01000
 Time :     12.01000
 Time :     13.01000
 Time :     14.01000
 Time :     15.01000
 Time :     16.01000
 Time :     17.01000
 Time :     18.00000
 Time :     19.00000
 Time :     20.00000
 Time :     21.00000
 Time :     22.00000
 Time :     23.00000
 Time :     24.00000
 Time :     25.00000
 Time :     26.00000
 Time :     27.00000
 Time :     28.00000
 Time :     29.00000
 Time :     30.00000
 Time :     31.00000
 Time :     32.00000
 Time :     33.00000
 Time :     34.00000
 Time :     35.00000
dtime = 46.10102735459805
mbcr =

 Columns 1 through 3:

   2.410059369600941e-03   1.947184374641020e-03   1.947968543912419e-03

 Columns 4 and 5:

   1.947969751208705e-03   1.947969840853989e-03

agsout =

 Columns 1 through 3:

   5.055942659354899e-03   5.055942659354854e-03   5.055942659354879e-03
   4.961164859182845e-03   4.961164859183015e-03   4.961164859182897e-03
   4.962898747905293e-03   4.962898747905248e-03   4.962898747905235e-03
   4.962928187529380e-03   4.962928187529436e-03   4.962928187529393e-03
   4.962929019159962e-03   4.962929019159904e-03   4.962929019159922e-03

 Columns 4 through 6:

   5.055942659354916e-03   5.055942659354900e-03   5.055942659354863e-03
   4.961164859182863e-03   4.961164859183032e-03   4.961164859182863e-03
   4.962898747905284e-03   4.962898747905306e-03   4.962898747905213e-03
   4.962928187529413e-03   4.962928187529459e-03   4.962928187529428e-03
   4.962929019159897e-03   4.962929019159956e-03   4.962929019159911e-03

 Columns 7 through 9:

   5.055942659354917e-03   5.055942659354832e-03   5.055942659354835e-03
   4.961164859182855e-03   4.961164859183039e-03   4.961164859182885e-03
   4.962898747905206e-03   4.962898747905206e-03   4.962898747905312e-03
   4.962928187529452e-03   4.962928187529417e-03   4.962928187529452e-03
   4.962929019159951e-03   4.962929019160003e-03   4.962929019159954e-03

 Column 10:

   5.055942659354874e-03
   4.961164859182897e-03
   4.962898747905312e-03
   4.962928187529459e-03
   4.962929019159946e-03

ans = -1.899151146575056e-19
ans = -1.247203075272754e-18
ans = -1.248553034032440e-18
ans = -8.160897748999167e-19
ans = -1.251438240009025e-18
ans = -8.156397886466878e-19
ans = -1.249955932351330e-18
ans = -8.140516018705860e-19
ans = -3.833618179713760e-19
ans = -1.248605973591644e-18
nbcr = 10
agc1 = 1
lambda0 = 3.501084296647659
kmpl_prod = 0.180000000000000
 Time :      1.00000
 Time :      2.00000
 Time :      3.01000
 Time :      4.01000
 Time :      5.01000
 Time :      6.01000
 Time :      7.01000
 Time :      8.01000
 Time :      9.01000
 Time :     10.01000
 Time :     11.01000
 Time :     12.01000
 Time :     13.01000
 Time :     14.01000
 Time :     15.01000
 Time :     16.01000
 Time :     17.01000
 Time :     18.00000
 Time :     19.00000
 Time :     20.00000
 Time :     21.00000
 Time :     22.00000
 Time :     23.00000
 Time :     24.00000
 Time :     25.00000
 Time :     26.00000
 Time :     27.00000
 Time :     28.00000
 Time :     29.00000
 Time :     30.00000
 Time :     31.00000
 Time :     32.00000
 Time :     33.00000
 Time :     34.00000
 Time :     35.00000
dtime = 46.21414281427860
mbcr =

 Columns 1 through 3:

   2.410059369600941e-03   1.947184374641020e-03   1.947968543912419e-03

 Columns 4 through 6:

   1.947969751208705e-03   1.947969840853989e-03   1.947969843499726e-03

agsout =

 Columns 1 through 3:

   5.055942659354899e-03   5.055942659354854e-03   5.055942659354879e-03
   4.961164859182845e-03   4.961164859183015e-03   4.961164859182897e-03
   4.962898747905293e-03   4.962898747905248e-03   4.962898747905235e-03
   4.962928187529380e-03   4.962928187529436e-03   4.962928187529393e-03
   4.962929019159962e-03   4.962929019159904e-03   4.962929019159922e-03
   4.962929041300125e-03   4.962929041300091e-03   4.962929041300179e-03

 Columns 4 through 6:

   5.055942659354916e-03   5.055942659354900e-03   5.055942659354863e-03
   4.961164859182863e-03   4.961164859183032e-03   4.961164859182863e-03
   4.962898747905284e-03   4.962898747905306e-03   4.962898747905213e-03
   4.962928187529413e-03   4.962928187529459e-03   4.962928187529428e-03
   4.962929019159897e-03   4.962929019159956e-03   4.962929019159911e-03
   4.962929041300092e-03   4.962929041300137e-03   4.962929041300153e-03

 Columns 7 through 9:

   5.055942659354917e-03   5.055942659354832e-03   5.055942659354835e-03
   4.961164859182855e-03   4.961164859183039e-03   4.961164859182885e-03
   4.962898747905206e-03   4.962898747905206e-03   4.962898747905312e-03
   4.962928187529452e-03   4.962928187529417e-03   4.962928187529452e-03
   4.962929019159951e-03   4.962929019160003e-03   4.962929019159954e-03
   4.962929041300121e-03   4.962929041300078e-03   4.962929041300077e-03

 Column 10:

   5.055942659354874e-03
   4.961164859182897e-03
   4.962898747905312e-03
   4.962928187529459e-03
   4.962929019159946e-03
   4.962929041300130e-03

ans = -4.687673429926302e-19
ans = -6.343217983750642e-19
ans = -6.352747104407253e-19
ans = -2.014085529893116e-19
ans = -1.957175503749468e-19
ans = 2.382015466356703e-19
ans = -6.333688863094031e-19
ans = -2.046378661007186e-19
ans = -2.046378661007186e-19
ans = 6.675678415547955e-19
warning: implicit conversion from numeric to char
warning: called from
    store at line 5 column 11
    driver at line 80 column 1

