warning: function /home/surgeon/flu/amcode/perelson21/1d2agt/4paper/2submit/run.m shadows a core library function
warning: called from
    driver at line 1 column 1

lambda0 = 3.501084296647659
kmpl_prod = 0.180000000000000
nbcr = 10
agc1 = 2
lambda0 = 3.501084296647659
kmpl_prod = 0.180000000000000
 Time :      1.00000
 Time :      2.00000
 Time :      3.01000
 Time :      4.01000
 Time :      5.01000
 Time :      6.01000
 Time :      7.01000
 Time :      8.01000
 Time :      9.01000
 Time :     10.01000
 Time :     11.01000
 Time :     12.01000
 Time :     13.01000
 Time :     14.01000
 Time :     15.01000
 Time :     16.01000
 Time :     17.01000
 Time :     18.00000
 Time :     19.00000
 Time :     20.00000
 Time :     21.00000
 Time :     22.00000
 Time :     23.00000
 Time :     24.00000
 Time :     25.00000
 Time :     26.00000
 Time :     27.00000
 Time :     28.00000
 Time :     29.00000
 Time :     30.00000
 Time :     31.00000
 Time :     32.00000
 Time :     33.00000
 Time :     34.00000
 Time :     35.00000
dtime = 47.62739203870296
mbcr = 0.598720418165013
agsout =

 Columns 1 through 3:

   2.926727193765771e-02   4.001970297883460e-03   4.001970297883468e-03

 Columns 4 through 6:

   4.001970297883466e-03   4.001970297883520e-03   4.001970297883474e-03

 Columns 7 through 9:

   4.001970297883461e-03   4.001970297883471e-03   4.001970297883470e-03

 Column 10:

   4.001970297883468e-03

ans = -2.170044553652822e-19
ans = -8.848582623051252e-19
ans = -4.514156213273387e-19
ans = -8.840906386966760e-19
ans = -8.852023694399472e-19
ans = -8.850964903215405e-19
ans = -4.524744125114066e-19
ans = -1.638479357345037e-20
ans = -4.494303878572114e-19
ans = -8.834553639862353e-19
nbcr = 10
agc1 = 1
lambda0 = 3.501084296647659
kmpl_prod = 0.180000000000000
 Time :      1.00000
 Time :      2.00000
 Time :      3.01000
 Time :      4.01000
 Time :      5.01000
 Time :      6.01000
 Time :      7.01000
 Time :      8.01000
 Time :      9.01000
 Time :     10.01000
 Time :     11.01000
 Time :     12.01000
 Time :     13.01000
 Time :     14.01000
 Time :     15.01000
 Time :     16.01000
 Time :     17.01000
 Time :     18.00000
 Time :     19.00000
 Time :     20.00000
 Time :     21.00000
 Time :     22.00000
 Time :     23.00000
 Time :     24.00000
 Time :     25.00000
 Time :     26.00000
 Time :     27.00000
 Time :     28.00000
 Time :     29.00000
 Time :     30.00000
 Time :     31.00000
 Time :     32.00000
 Time :     33.00000
 Time :     34.00000
 Time :     35.00000
dtime = 46.59048356115818
mbcr =

   0.598720418165013   0.188033408808745

agsout =

 Columns 1 through 3:

   2.926727193765771e-02   4.001970297883460e-03   4.001970297883468e-03
   1.211422094627408e-03   5.494340118171756e-03   5.494340118171716e-03

 Columns 4 through 6:

   4.001970297883466e-03   4.001970297883520e-03   4.001970297883474e-03
   5.494340118171701e-03   5.494340118171731e-03   5.494340118171716e-03

 Columns 7 through 9:

   4.001970297883461e-03   4.001970297883471e-03   4.001970297883470e-03
   5.494340118171731e-03   5.494340118171733e-03   5.494340118171728e-03

 Column 10:

   4.001970297883468e-03
   5.494340118171720e-03

ans = -3.829647712773505e-19
ans = -4.144902787829715e-19
ans = -4.152579023914207e-19
ans = 1.874060395800140e-20
ans = -4.144108694441664e-19
ans = 1.884648307640818e-20
ans = 1.929646932963703e-20
ans = -4.125579848720477e-19
ans = -4.129815013456748e-19
ans = -4.126638639904544e-19
nbcr = 10
agc1 = 1
lambda0 = 3.501084296647659
kmpl_prod = 0.180000000000000
 Time :      1.00000
 Time :      2.00000
 Time :      3.01000
 Time :      4.01000
 Time :      5.01000
 Time :      6.01000
 Time :      7.01000
 Time :      8.01000
 Time :      9.01000
 Time :     10.01000
 Time :     11.01000
 Time :     12.01000
 Time :     13.01000
 Time :     14.01000
 Time :     15.01000
 Time :     16.01000
 Time :     17.01000
 Time :     18.00000
 Time :     19.00000
 Time :     20.00000
 Time :     21.00000
 Time :     22.00000
 Time :     23.00000
 Time :     24.00000
 Time :     25.00000
 Time :     26.00000
 Time :     27.00000
 Time :     28.00000
 Time :     29.00000
 Time :     30.00000
 Time :     31.00000
 Time :     32.00000
 Time :     33.00000
 Time :     34.00000
 Time :     35.00000
dtime = 47.17354215681553
mbcr =

   0.598720418165013   0.188033408808745   0.251762453322097

agsout =

 Columns 1 through 3:

   2.926727193765771e-02   4.001970297883460e-03   4.001970297883468e-03
   1.211422094627408e-03   5.494340118171756e-03   5.494340118171716e-03
   3.018295549386443e-04   6.076655147877894e-03   6.076655147877918e-03

 Columns 4 through 6:

   4.001970297883466e-03   4.001970297883520e-03   4.001970297883474e-03
   5.494340118171701e-03   5.494340118171731e-03   5.494340118171716e-03
   6.076655147877887e-03   6.076655147877901e-03   6.076655147877931e-03

 Columns 7 through 9:

   4.001970297883461e-03   4.001970297883471e-03   4.001970297883470e-03
   5.494340118171731e-03   5.494340118171733e-03   5.494340118171728e-03
   6.076655147877924e-03   6.076655147877921e-03   6.076655147877922e-03

 Column 10:

   4.001970297883468e-03
   5.494340118171720e-03
   6.076655147877920e-03

ans = -1.174411181368087e-18
ans = 2.339134423401954e-19
ans = -1.962998855261841e-19
ans = 2.350781126426700e-19
ans = -1.966704624406079e-19
ans = 2.324576044621020e-19
ans = -1.966175228814045e-19
ans = -1.973322069306503e-19
ans = -2.018055996833371e-19
ans = 2.352369313202802e-19
nbcr = 10
agc1 = 2
lambda0 = 3.501084296647659
kmpl_prod = 0.180000000000000
 Time :      1.00000
 Time :      2.00000
 Time :      3.01000
 Time :      4.01000
 Time :      5.01000
 Time :      6.01000
 Time :      7.01000
 Time :      8.01000
 Time :      9.01000
 Time :     10.01000
 Time :     11.01000
 Time :     12.01000
 Time :     13.01000
 Time :     14.01000
 Time :     15.01000
 Time :     16.01000
 Time :     17.01000
 Time :     18.00000
 Time :     19.00000
 Time :     20.00000
 Time :     21.00000
 Time :     22.00000
 Time :     23.00000
 Time :     24.00000
 Time :     25.00000
 Time :     26.00000
 Time :     27.00000
 Time :     28.00000
 Time :     29.00000
 Time :     30.00000
 Time :     31.00000
 Time :     32.00000
 Time :     33.00000
 Time :     34.00000
 Time :     35.00000
dtime = 47.89011441171169
mbcr =

   0.598720418165013   0.188033408808745   0.251762453322097   0.643452782111519

agsout =

 Columns 1 through 3:

   2.926727193765771e-02   4.001970297883460e-03   4.001970297883468e-03
   1.211422094627408e-03   5.494340118171756e-03   5.494340118171716e-03
   3.018295549386443e-04   6.076655147877894e-03   6.076655147877918e-03
   6.027965690134509e-03   3.633953365295643e-03   3.633953365295657e-03

 Columns 4 through 6:

   4.001970297883466e-03   4.001970297883520e-03   4.001970297883474e-03
   5.494340118171701e-03   5.494340118171731e-03   5.494340118171716e-03
   6.076655147877887e-03   6.076655147877901e-03   6.076655147877931e-03
   3.633953365295658e-03   3.633953365295671e-03   3.633953365295654e-03

 Columns 7 through 9:

   4.001970297883461e-03   4.001970297883471e-03   4.001970297883470e-03
   5.494340118171731e-03   5.494340118171733e-03   5.494340118171728e-03
   6.076655147877924e-03   6.076655147877921e-03   6.076655147877922e-03
   3.633953365295652e-03   3.633953365295651e-03   3.633953365295653e-03

 Column 10:

   4.001970297883468e-03
   5.494340118171720e-03
   6.076655147877920e-03
   3.633953365295653e-03

ans = -9.016136327929993e-19
ans = -4.159196468814632e-19
ans = -4.138550040725308e-19
ans = -4.145696881217766e-19
ans = 1.574951886300965e-20
ans = 1.612009577743340e-20
ans = 1.596127709982322e-20
ans = 1.622597489584019e-20
ans = -4.147285067993868e-19
ans = 1.887295285600988e-20
nbcr = 10
agc1 = 1
lambda0 = 3.501084296647659
kmpl_prod = 0.180000000000000
 Time :      1.00000
 Time :      2.00000
 Time :      3.01000
 Time :      4.01000
 Time :      5.01000
 Time :      6.01000
 Time :      7.01000
 Time :      8.01000
 Time :      9.01000
 Time :     10.01000
 Time :     11.01000
 Time :     12.01000
 Time :     13.01000
 Time :     14.01000
 Time :     15.01000
 Time :     16.01000
 Time :     17.01000
 Time :     18.00000
 Time :     19.00000
 Time :     20.00000
 Time :     21.00000
 Time :     22.00000
 Time :     23.00000
 Time :     24.00000
 Time :     25.00000
 Time :     26.00000
 Time :     27.00000
 Time :     28.00000
 Time :     29.00000
 Time :     30.00000
 Time :     31.00000
 Time :     32.00000
 Time :     33.00000
 Time :     34.00000
 Time :     35.00000
dtime = 47.04166799783707
mbcr =

 Columns 1 through 4:

   0.598720418165013   0.188033408808745   0.251762453322097   0.643452782111519

 Column 5:

   0.243501388853045

agsout =

 Columns 1 through 3:

   2.926727193765771e-02   4.001970297883460e-03   4.001970297883468e-03
   1.211422094627408e-03   5.494340118171756e-03   5.494340118171716e-03
   3.018295549386443e-04   6.076655147877894e-03   6.076655147877918e-03
   6.027965690134509e-03   3.633953365295643e-03   3.633953365295657e-03
   4.337558732768735e-04   5.977598894255673e-03   5.977598894255694e-03

 Columns 4 through 6:

   4.001970297883466e-03   4.001970297883520e-03   4.001970297883474e-03
   5.494340118171701e-03   5.494340118171731e-03   5.494340118171716e-03
   6.076655147877887e-03   6.076655147877901e-03   6.076655147877931e-03
   3.633953365295658e-03   3.633953365295671e-03   3.633953365295654e-03
   5.977598894255694e-03   5.977598894255712e-03   5.977598894255683e-03

 Columns 7 through 9:

   4.001970297883461e-03   4.001970297883471e-03   4.001970297883470e-03
   5.494340118171731e-03   5.494340118171733e-03   5.494340118171728e-03
   6.076655147877924e-03   6.076655147877921e-03   6.076655147877922e-03
   3.633953365295652e-03   3.633953365295651e-03   3.633953365295653e-03
   5.977598894255720e-03   5.977598894255697e-03   5.977598894255687e-03

 Column 10:

   4.001970297883468e-03
   5.494340118171720e-03
   6.076655147877920e-03
   3.633953365295653e-03
   5.977598894255688e-03

ans = -1.284101948037519e-18
ans = -1.048203272227197e-19
ans = -1.015645443317110e-19
ans = 3.284370252978550e-19
ans = 3.279870390446261e-19
ans = 3.329633576097451e-19
ans = -1.011145580784821e-19
ans = 3.312163521560331e-19
ans = 3.316928081888637e-19
ans = -1.037880058182535e-19
nbcr = 10
agc1 = 1
lambda0 = 3.501084296647659
kmpl_prod = 0.180000000000000
 Time :      1.00000
 Time :      2.00000
 Time :      3.01000
 Time :      4.01000
 Time :      5.01000
 Time :      6.01000
 Time :      7.01000
 Time :      8.01000
 Time :      9.01000
 Time :     10.01000
 Time :     11.01000
 Time :     12.01000
 Time :     13.01000
 Time :     14.01000
 Time :     15.01000
 Time :     16.01000
 Time :     17.01000
 Time :     18.00000
 Time :     19.00000
 Time :     20.00000
 Time :     21.00000
 Time :     22.00000
 Time :     23.00000
 Time :     24.00000
 Time :     25.00000
 Time :     26.00000
 Time :     27.00000
 Time :     28.00000
 Time :     29.00000
 Time :     30.00000
 Time :     31.00000
 Time :     32.00000
 Time :     33.00000
 Time :     34.00000
 Time :     35.00000
dtime = 45.63425257802010
mbcr =

 Columns 1 through 4:

   0.598720418165013   0.188033408808745   0.251762453322097   0.643452782111519

 Columns 5 and 6:

   0.243501388853045   0.259129475628622

agsout =

 Columns 1 through 3:

   2.926727193765771e-02   4.001970297883460e-03   4.001970297883468e-03
   1.211422094627408e-03   5.494340118171756e-03   5.494340118171716e-03
   3.018295549386443e-04   6.076655147877894e-03   6.076655147877918e-03
   6.027965690134509e-03   3.633953365295643e-03   3.633953365295657e-03
   4.337558732768735e-04   5.977598894255673e-03   5.977598894255694e-03
   2.506850610065252e-04   6.027042457220948e-03   6.027042457220922e-03

 Columns 4 through 6:

   4.001970297883466e-03   4.001970297883520e-03   4.001970297883474e-03
   5.494340118171701e-03   5.494340118171731e-03   5.494340118171716e-03
   6.076655147877887e-03   6.076655147877901e-03   6.076655147877931e-03
   3.633953365295658e-03   3.633953365295671e-03   3.633953365295654e-03
   5.977598894255694e-03   5.977598894255712e-03   5.977598894255683e-03
   6.027042457220941e-03   6.027042457220928e-03   6.027042457220955e-03

 Columns 7 through 9:

   4.001970297883461e-03   4.001970297883471e-03   4.001970297883470e-03
   5.494340118171731e-03   5.494340118171733e-03   5.494340118171728e-03
   6.076655147877924e-03   6.076655147877921e-03   6.076655147877922e-03
   3.633953365295652e-03   3.633953365295651e-03   3.633953365295653e-03
   5.977598894255720e-03   5.977598894255697e-03   5.977598894255687e-03
   6.027042457220961e-03   6.027042457220947e-03   6.027042457220954e-03

 Column 10:

   4.001970297883468e-03
   5.494340118171720e-03
   6.076655147877920e-03
   3.633953365295653e-03
   5.977598894255688e-03
   6.027042457220956e-03

ans = -9.673116257644110e-19
ans = -2.908234684838437e-19
ans = -2.910616965002590e-19
ans = -1.157761689998620e-18
ans = -7.246366863760539e-19
ans = -7.277071808098508e-19
ans = -2.921469574639285e-19
ans = -7.241337605636217e-19
ans = -7.239484721064098e-19
ans = -7.258807660173337e-19
warning: implicit conversion from numeric to char
warning: called from
    store at line 5 column 11
    driver at line 80 column 1

