warning: function /home/surgeon/flu/amcode/perelson21/1d2agt/4paper/2submit/run.m shadows a core library function
warning: called from
    driver at line 1 column 1

lambda0 = 3.501084296647659
kmpl_prod = 0.180000000000000
nbcr = 10
agc1 = 1
lambda0 = 3.501084296647659
kmpl_prod = 0.180000000000000
 Time :      1.00000
 Time :      2.00000
 Time :      3.01000
 Time :      4.01000
 Time :      5.01000
 Time :      6.01000
 Time :      7.01000
 Time :      8.01000
 Time :      9.01000
 Time :     10.01000
 Time :     11.01000
 Time :     12.01000
 Time :     13.01000
 Time :     14.01000
 Time :     15.01000
 Time :     16.01000
 Time :     17.01000
 Time :     18.00000
 Time :     19.00000
 Time :     20.00000
 Time :     21.00000
 Time :     22.00000
 Time :     23.00000
 Time :     24.00000
 Time :     25.00000
 Time :     26.00000
 Time :     27.00000
 Time :     28.00000
 Time :     29.00000
 Time :     30.00000
 Time :     31.00000
 Time :     32.00000
 Time :     33.00000
 Time :     34.00000
 Time :     35.00000
dtime = 46.65216095745564
mbcr = 0.100000000000000
agsout =

 Columns 1 through 3:

   4.929576820391995e-03   4.929576820391969e-03   4.929576820391972e-03

 Columns 4 through 6:

   4.929576820391952e-03   4.929576820391956e-03   4.929576820391951e-03

 Columns 7 through 9:

   4.929576820391982e-03   4.929576820391962e-03   4.929576820392029e-03

 Column 10:

   4.929576820391935e-03

ans = 5.670604340459273e-19
ans = 6.829203137237796e-20
ans = 6.776263578034403e-20
ans = -3.654153074014255e-19
ans = -3.694387139008834e-19
ans = -8.033313411318988e-19
ans = -7.981432643299662e-19
ans = -7.988579483792120e-19
ans = -3.662623403486798e-19
ans = -7.975609291787289e-19
nbcr = 10
agc1 = 1
lambda0 = 3.501084296647659
kmpl_prod = 0.180000000000000
 Time :      1.00000
 Time :      2.00000
 Time :      3.01000
 Time :      4.01000
 Time :      5.01000
 Time :      6.01000
 Time :      7.01000
 Time :      8.01000
 Time :      9.01000
 Time :     10.01000
 Time :     11.01000
 Time :     12.01000
 Time :     13.01000
 Time :     14.01000
 Time :     15.01000
 Time :     16.01000
 Time :     17.01000
 Time :     18.00000
 Time :     19.00000
 Time :     20.00000
 Time :     21.00000
 Time :     22.00000
 Time :     23.00000
 Time :     24.00000
 Time :     25.00000
 Time :     26.00000
 Time :     27.00000
 Time :     28.00000
 Time :     29.00000
 Time :     30.00000
 Time :     31.00000
 Time :     32.00000
 Time :     33.00000
 Time :     34.00000
 Time :     35.00000
dtime = 49.79897551238537
mbcr =

   0.100000000000000   0.482562907266851

agsout =

 Columns 1 through 3:

   4.929576820391995e-03   4.929576820391969e-03   4.929576820391972e-03
   5.546856570332672e-04   5.546856570333175e-04   5.546856570332739e-04

 Columns 4 through 6:

   4.929576820391952e-03   4.929576820391956e-03   4.929576820391951e-03
   5.546856570332800e-04   5.546856570333253e-04   5.546856570332935e-04

 Columns 7 through 9:

   4.929576820391982e-03   4.929576820391962e-03   4.929576820392029e-03
   5.546856570332921e-04   5.546856570332598e-04   5.546856570332613e-04

 Column 10:

   4.929576820391935e-03
   5.546856570332596e-04

ans = -1.982057096575063e-19
ans = -1.406537913585168e-20
ans = -1.388836248476533e-20
ans = -4.475377986156901e-19
ans = -1.413982539098146e-20
ans = -8.813477077854501e-19
ans = -8.812782246139957e-19
ans = -8.813344728956493e-19
ans = -8.812385199445931e-19
ans = -8.812997313099221e-19
nbcr = 10
agc1 = 1
lambda0 = 3.501084296647659
kmpl_prod = 0.180000000000000
 Time :      1.00000
 Time :      2.00000
 Time :      3.01000
 Time :      4.01000
 Time :      5.01000
 Time :      6.01000
 Time :      7.01000
 Time :      8.01000
 Time :      9.01000
 Time :     10.01000
 Time :     11.01000
 Time :     12.01000
 Time :     13.01000
 Time :     14.01000
 Time :     15.01000
 Time :     16.01000
 Time :     17.01000
 Time :     18.00000
 Time :     19.00000
 Time :     20.00000
 Time :     21.00000
 Time :     22.00000
 Time :     23.00000
 Time :     24.00000
 Time :     25.00000
 Time :     26.00000
 Time :     27.00000
 Time :     28.00000
 Time :     29.00000
 Time :     30.00000
 Time :     31.00000
 Time :     32.00000
 Time :     33.00000
 Time :     34.00000
 Time :     35.00000
dtime = 50.65215937793255
mbcr =

   0.100000000000000   0.482562907266851   0.533743978774711

agsout =

 Columns 1 through 3:

   4.929576820391995e-03   4.929576820391969e-03   4.929576820391972e-03
   5.546856570332672e-04   5.546856570333175e-04   5.546856570332739e-04
   2.114396919957508e-04   2.114396919957913e-04   2.114396919957398e-04

 Columns 4 through 6:

   4.929576820391952e-03   4.929576820391956e-03   4.929576820391951e-03
   5.546856570332800e-04   5.546856570333253e-04   5.546856570332935e-04
   2.114396919957523e-04   2.114396919958038e-04   2.114396919957311e-04

 Columns 7 through 9:

   4.929576820391982e-03   4.929576820391962e-03   4.929576820392029e-03
   5.546856570332921e-04   5.546856570332598e-04   5.546856570332613e-04
   2.114396919957975e-04   2.114396919957966e-04   2.114396919957992e-04

 Column 10:

   4.929576820391935e-03
   5.546856570332596e-04
   2.114396919957377e-04

ans = -3.794707603699266e-19
ans = -1.775071691895919e-19
ans = -1.775059284186730e-19
ans = -6.111905197256313e-19
ans = -6.111699436078940e-19
ans = -6.111896925450187e-19
ans = -6.111782154140196e-19
ans = -6.111769746431007e-19
ans = -6.111698402103175e-19
ans = -6.111876245934874e-19
nbcr = 10
agc1 = 1
lambda0 = 3.501084296647659
kmpl_prod = 0.180000000000000
 Time :      1.00000
 Time :      2.00000
 Time :      3.01000
 Time :      4.01000
 Time :      5.01000
 Time :      6.01000
 Time :      7.01000
 Time :      8.01000
 Time :      9.01000
 Time :     10.01000
 Time :     11.01000
 Time :     12.01000
 Time :     13.01000
 Time :     14.01000
 Time :     15.01000
 Time :     16.01000
 Time :     17.01000
 Time :     18.00000
 Time :     19.00000
 Time :     20.00000
 Time :     21.00000
 Time :     22.00000
 Time :     23.00000
 Time :     24.00000
 Time :     25.00000
 Time :     26.00000
 Time :     27.00000
 Time :     28.00000
 Time :     29.00000
 Time :     30.00000
 Time :     31.00000
 Time :     32.00000
 Time :     33.00000
 Time :     34.00000
 Time :     35.00000
dtime = 50.25229230523109
mbcr =

   0.100000000000000   0.482562907266851   0.533743978774711   0.534630160139395

agsout =

 Columns 1 through 3:

   4.929576820391995e-03   4.929576820391969e-03   4.929576820391972e-03
   5.546856570332672e-04   5.546856570333175e-04   5.546856570332739e-04
   2.114396919957508e-04   2.114396919957913e-04   2.114396919957398e-04
   9.940862478488178e-05   9.940862478487170e-05   9.940862478480769e-05

 Columns 4 through 6:

   4.929576820391952e-03   4.929576820391956e-03   4.929576820391951e-03
   5.546856570332800e-04   5.546856570333253e-04   5.546856570332935e-04
   2.114396919957523e-04   2.114396919958038e-04   2.114396919957311e-04
   9.940862478478838e-05   9.940862478484947e-05   9.940862478479844e-05

 Columns 7 through 9:

   4.929576820391982e-03   4.929576820391962e-03   4.929576820392029e-03
   5.546856570332921e-04   5.546856570332598e-04   5.546856570332613e-04
   2.114396919957975e-04   2.114396919957966e-04   2.114396919957992e-04
   9.940862478486700e-05   9.940862478479243e-05   9.940862478486041e-05

 Column 10:

   4.929576820391935e-03
   5.546856570332596e-04
   2.114396919957377e-04
   9.940862478488947e-05

ans = -1.260385025514399e-18
ans = -8.430707908942625e-19
ans = -1.276752603391351e-18
ans = -8.430709072165362e-19
ans = -8.430711915598718e-19
ans = -8.430700283371354e-19
ans = -1.276750987804217e-18
ans = -8.430696147468291e-19
ans = -8.430712174092659e-19
ans = -8.430688651143989e-19
nbcr = 10
agc1 = 1
lambda0 = 3.501084296647659
kmpl_prod = 0.180000000000000
 Time :      1.00000
 Time :      2.00000
 Time :      3.01000
 Time :      4.01000
 Time :      5.01000
 Time :      6.01000
 Time :      7.01000
 Time :      8.01000
 Time :      9.01000
 Time :     10.01000
 Time :     11.01000
 Time :     12.01000
 Time :     13.01000
 Time :     14.01000
 Time :     15.01000
 Time :     16.01000
 Time :     17.01000
 Time :     18.00000
 Time :     19.00000
 Time :     20.00000
 Time :     21.00000
 Time :     22.00000
 Time :     23.00000
 Time :     24.00000
 Time :     25.00000
 Time :     26.00000
 Time :     27.00000
 Time :     28.00000
 Time :     29.00000
 Time :     30.00000
 Time :     31.00000
 Time :     32.00000
 Time :     33.00000
 Time :     34.00000
 Time :     35.00000
dtime = 50.76739713549614
mbcr =

 Columns 1 through 4:

   0.100000000000000   0.482562907266851   0.533743978774711   0.534630160139395

 Column 5:

   0.528589287070626

agsout =

 Columns 1 through 3:

   4.929576820391995e-03   4.929576820391969e-03   4.929576820391972e-03
   5.546856570332672e-04   5.546856570333175e-04   5.546856570332739e-04
   2.114396919957508e-04   2.114396919957913e-04   2.114396919957398e-04
   9.940862478488178e-05   9.940862478487170e-05   9.940862478480769e-05
   7.096383211372584e-05   7.096383211375754e-05   7.096383211376463e-05

 Columns 4 through 6:

   4.929576820391952e-03   4.929576820391956e-03   4.929576820391951e-03
   5.546856570332800e-04   5.546856570333253e-04   5.546856570332935e-04
   2.114396919957523e-04   2.114396919958038e-04   2.114396919957311e-04
   9.940862478478838e-05   9.940862478484947e-05   9.940862478479844e-05
   7.096383211380615e-05   7.096383211381360e-05   7.096383211375068e-05

 Columns 7 through 9:

   4.929576820391982e-03   4.929576820391962e-03   4.929576820392029e-03
   5.546856570332921e-04   5.546856570332598e-04   5.546856570332613e-04
   2.114396919957975e-04   2.114396919957966e-04   2.114396919957992e-04
   9.940862478486700e-05   9.940862478479243e-05   9.940862478486041e-05
   7.096383211381410e-05   7.096383211373029e-05   7.096383211380588e-05

 Column 10:

   4.929576820391935e-03
   5.546856570332596e-04
   2.114396919957377e-04
   9.940862478488947e-05
   7.096383211372300e-05

ans = -9.757819552369540e-19
ans = 5.610261127032617e-19
ans = -7.400167010744967e-19
ans = 5.610242580092320e-19
ans = 1.273429043388901e-19
ans = -3.063361228859791e-19
ans = 1.273430271235122e-19
ans = 5.610238831930170e-19
ans = 5.610241739987011e-19
ans = 1.273425812214633e-19
nbcr = 10
agc1 = 1
lambda0 = 3.501084296647659
kmpl_prod = 0.180000000000000
 Time :      1.00000
 Time :      2.00000
 Time :      3.01000
 Time :      4.01000
 Time :      5.01000
 Time :      6.01000
 Time :      7.01000
 Time :      8.01000
 Time :      9.01000
 Time :     10.01000
 Time :     11.01000
 Time :     12.01000
 Time :     13.01000
 Time :     14.01000
 Time :     15.01000
 Time :     16.01000
 Time :     17.01000
 Time :     18.00000
 Time :     19.00000
 Time :     20.00000
 Time :     21.00000
 Time :     22.00000
 Time :     23.00000
 Time :     24.00000
 Time :     25.00000
 Time :     26.00000
 Time :     27.00000
 Time :     28.00000
 Time :     29.00000
 Time :     30.00000
 Time :     31.00000
 Time :     32.00000
 Time :     33.00000
 Time :     34.00000
 Time :     35.00000
dtime = 38.49178478121758
mbcr =

 Columns 1 through 4:

   0.100000000000000   0.482562907266851   0.533743978774711   0.534630160139395

 Columns 5 and 6:

   0.528589287070626   0.525177464654006

agsout =

 Columns 1 through 3:

   4.929576820391995e-03   4.929576820391969e-03   4.929576820391972e-03
   5.546856570332672e-04   5.546856570333175e-04   5.546856570332739e-04
   2.114396919957508e-04   2.114396919957913e-04   2.114396919957398e-04
   9.940862478488178e-05   9.940862478487170e-05   9.940862478480769e-05
   7.096383211372584e-05   7.096383211375754e-05   7.096383211376463e-05
   6.332860148252710e-05   6.332860148259091e-05   6.332860148257096e-05

 Columns 4 through 6:

   4.929576820391952e-03   4.929576820391956e-03   4.929576820391951e-03
   5.546856570332800e-04   5.546856570333253e-04   5.546856570332935e-04
   2.114396919957523e-04   2.114396919958038e-04   2.114396919957311e-04
   9.940862478478838e-05   9.940862478484947e-05   9.940862478479844e-05
   7.096383211380615e-05   7.096383211381360e-05   7.096383211375068e-05
   6.332860148258068e-05   6.332860148254144e-05   6.332860148257325e-05

 Columns 7 through 9:

   4.929576820391982e-03   4.929576820391962e-03   4.929576820392029e-03
   5.546856570332921e-04   5.546856570332598e-04   5.546856570332613e-04
   2.114396919957975e-04   2.114396919957966e-04   2.114396919957992e-04
   9.940862478486700e-05   9.940862478479243e-05   9.940862478486041e-05
   7.096383211381410e-05   7.096383211373029e-05   7.096383211380588e-05
   6.332860148252583e-05   6.332860148251751e-05   6.332860148251615e-05

 Column 10:

   4.929576820391935e-03
   5.546856570332596e-04
   2.114396919957377e-04
   9.940862478488947e-05
   7.096383211372300e-05
   6.332860148251458e-05

ans = -1.490777987167569e-19
ans = -1.234507623553564e-18
ans = -8.008278693144842e-19
ans = -1.668189597609365e-18
ans = -8.008281762760397e-19
ans = -1.668189565297622e-18
ans = -1.668189781786298e-18
ans = -1.234508189009060e-18
ans = -1.234508030681521e-18
ans = -1.234508457196525e-18
warning: implicit conversion from numeric to char
warning: called from
    store at line 5 column 11
    driver at line 80 column 1

