warning: function /home/surgeon/flu/amcode/perelson21/1d2agt/4paper/2submit/run.m shadows a core library function
warning: called from
    driver at line 1 column 1

lambda0 = 3.501084296647659
kmpl_prod = 0.180000000000000
nbcr = 2
lambda0 = 3.501084296647659
kmpl_prod = 0.180000000000000
 Time :      1.00000
 Time :      2.00000
 Time :      3.01000
 Time :      4.01000
 Time :      5.01000
 Time :      6.01000
 Time :      7.01000
 Time :      8.01000
 Time :      9.01000
 Time :     10.01000
 Time :     11.01000
 Time :     12.01000
 Time :     13.01000
 Time :     14.01000
 Time :     15.01000
 Time :     16.01000
 Time :     17.01000
 Time :     18.00000
 Time :     19.00000
 Time :     20.00000
 Time :     21.00000
 Time :     22.00000
 Time :     23.00000
 Time :     24.00000
 Time :     25.00000
 Time :     26.00000
 Time :     27.00000
 Time :     28.00000
 Time :     29.00000
 Time :     30.00000
 Time :     31.00000
 Time :     32.00000
 Time :     33.00000
 Time :     34.00000
 Time :     35.00000
dtime = 5.097125843167305
mbcr = 1.057450375905770e-02
agsout =

   7.836053412702770e-02   1.624243967227948e-02

ans = -6.179945681711944e-20
ans = -1.853984722333478e-19
nbcr = 2
lambda0 = 3.501084296647659
kmpl_prod = 0.180000000000000
 Time :      1.00000
 Time :      2.00000
 Time :      3.01000
 Time :      4.01000
 Time :      5.01000
 Time :      6.01000
 Time :      7.01000
 Time :      8.01000
 Time :      9.01000
 Time :     10.01000
 Time :     11.01000
 Time :     12.01000
 Time :     13.01000
 Time :     14.01000
 Time :     15.01000
 Time :     16.01000
 Time :     17.01000
 Time :     18.00000
 Time :     19.00000
 Time :     20.00000
 Time :     21.00000
 Time :     22.00000
 Time :     23.00000
 Time :     24.00000
 Time :     25.00000
 Time :     26.00000
 Time :     27.00000
 Time :     28.00000
 Time :     29.00000
 Time :     30.00000
 Time :     31.00000
 Time :     32.00000
 Time :     33.00000
 Time :     34.00000
 Time :     35.00000
dtime = 5.056832358241081
mbcr =

   1.057450375905770e-02   8.384768008619549e-03

agsout =

   7.836053412702770e-02   1.624243967227948e-02
   7.934508017215636e-02   1.640911869138849e-02

ans = -9.838972497433013e-20
ans = 3.865001412154022e-21
nbcr = 2
lambda0 = 3.501084296647659
kmpl_prod = 0.180000000000000
 Time :      1.00000
 Time :      2.00000
 Time :      3.01000
 Time :      4.01000
 Time :      5.01000
 Time :      6.01000
 Time :      7.01000
 Time :      8.01000
 Time :      9.01000
 Time :     10.01000
 Time :     11.01000
 Time :     12.01000
 Time :     13.01000
 Time :     14.01000
 Time :     15.01000
 Time :     16.01000
 Time :     17.01000
 Time :     18.00000
 Time :     19.00000
 Time :     20.00000
 Time :     21.00000
 Time :     22.00000
 Time :     23.00000
 Time :     24.00000
 Time :     25.00000
 Time :     26.00000
 Time :     27.00000
 Time :     28.00000
 Time :     29.00000
 Time :     30.00000
 Time :     31.00000
 Time :     32.00000
 Time :     33.00000
 Time :     34.00000
 Time :     35.00000
dtime = 4.939552769064903
mbcr =

   1.057450375905770e-02   8.384768008619549e-03   8.387056669647211e-03

agsout =

   7.836053412702770e-02   1.624243967227948e-02
   7.934508017215636e-02   1.640911869138849e-02
   7.934442775564228e-02   1.640888519079869e-02

ans = 5.720075589515368e-19
ans = -2.053806742907912e-19
nbcr = 2
lambda0 = 3.501084296647659
kmpl_prod = 0.180000000000000
 Time :      1.00000
 Time :      2.00000
 Time :      3.01000
 Time :      4.01000
 Time :      5.01000
 Time :      6.01000
 Time :      7.01000
 Time :      8.01000
 Time :      9.01000
 Time :     10.01000
 Time :     11.01000
 Time :     12.01000
 Time :     13.01000
 Time :     14.01000
 Time :     15.01000
 Time :     16.01000
 Time :     17.01000
 Time :     18.00000
 Time :     19.00000
 Time :     20.00000
 Time :     21.00000
 Time :     22.00000
 Time :     23.00000
 Time :     24.00000
 Time :     25.00000
 Time :     26.00000
 Time :     27.00000
 Time :     28.00000
 Time :     29.00000
 Time :     30.00000
 Time :     31.00000
 Time :     32.00000
 Time :     33.00000
 Time :     34.00000
 Time :     35.00000
dtime = 4.927875101566315
mbcr =

 Columns 1 through 3:

   1.057450375905770e-02   8.384768008619549e-03   8.387056669647211e-03

 Column 4:

   8.387218788065982e-03

agsout =

   7.836053412702770e-02   1.624243967227948e-02
   7.934508017215636e-02   1.640911869138849e-02
   7.934442775564228e-02   1.640888519079869e-02
   7.934438212540285e-02   1.640888133354682e-02

ans = 6.471710087529612e-19
ans = 2.790462777174668e-19
nbcr = 2
lambda0 = 3.501084296647659
kmpl_prod = 0.180000000000000
 Time :      1.00000
 Time :      2.00000
 Time :      3.01000
 Time :      4.01000
 Time :      5.01000
 Time :      6.01000
 Time :      7.01000
 Time :      8.01000
 Time :      9.01000
 Time :     10.01000
 Time :     11.01000
 Time :     12.01000
 Time :     13.01000
 Time :     14.01000
 Time :     15.01000
 Time :     16.01000
 Time :     17.01000
 Time :     18.00000
 Time :     19.00000
 Time :     20.00000
 Time :     21.00000
 Time :     22.00000
 Time :     23.00000
 Time :     24.00000
 Time :     25.00000
 Time :     26.00000
 Time :     27.00000
 Time :     28.00000
 Time :     29.00000
 Time :     30.00000
 Time :     31.00000
 Time :     32.00000
 Time :     33.00000
 Time :     34.00000
 Time :     35.00000
dtime = 4.891645163297653
mbcr =

 Columns 1 through 3:

   1.057450375905770e-02   8.384768008619549e-03   8.387056669647211e-03

 Columns 4 and 5:

   8.387218788065982e-03   8.387240771204698e-03

agsout =

   7.836053412702770e-02   1.624243967227948e-02
   7.934508017215636e-02   1.640911869138849e-02
   7.934442775564228e-02   1.640888519079869e-02
   7.934438212540285e-02   1.640888133354682e-02
   7.934437591307950e-02   1.640888077098527e-02

ans = -2.385674448097543e-19
ans = -9.199716657176949e-20
nbcr = 2
lambda0 = 3.501084296647659
kmpl_prod = 0.180000000000000
 Time :      1.00000
 Time :      2.00000
 Time :      3.01000
 Time :      4.01000
 Time :      5.01000
 Time :      6.01000
 Time :      7.01000
 Time :      8.01000
 Time :      9.01000
 Time :     10.01000
 Time :     11.01000
 Time :     12.01000
 Time :     13.01000
 Time :     14.01000
 Time :     15.01000
 Time :     16.01000
 Time :     17.01000
 Time :     18.00000
 Time :     19.00000
 Time :     20.00000
 Time :     21.00000
 Time :     22.00000
 Time :     23.00000
 Time :     24.00000
 Time :     25.00000
 Time :     26.00000
 Time :     27.00000
 Time :     28.00000
 Time :     29.00000
 Time :     30.00000
 Time :     31.00000
 Time :     32.00000
 Time :     33.00000
 Time :     34.00000
 Time :     35.00000
dtime = 4.881043732166290
mbcr =

 Columns 1 through 3:

   1.057450375905770e-02   8.384768008619549e-03   8.387056669647211e-03

 Columns 4 through 6:

   8.387218788065982e-03   8.387240771204698e-03   8.387243794731322e-03

agsout =

   7.836053412702770e-02   1.624243967227948e-02
   7.934508017215636e-02   1.640911869138849e-02
   7.934442775564228e-02   1.640888519079869e-02
   7.934438212540285e-02   1.640888133354682e-02
   7.934437591307950e-02   1.640888077098527e-02
   7.934437505847952e-02   1.640888069364569e-02

ans = -1.974891137224462e-18
ans = -9.628595329124975e-19
nbcr = 3
lambda0 = 3.501084296647659
kmpl_prod = 0.180000000000000
 Time :      1.00000
 Time :      2.00000
 Time :      3.01000
 Time :      4.01000
 Time :      5.01000
 Time :      6.01000
 Time :      7.01000
 Time :      8.01000
 Time :      9.01000
 Time :     10.01000
 Time :     11.01000
 Time :     12.01000
 Time :     13.01000
 Time :     14.01000
 Time :     15.01000
 Time :     16.01000
 Time :     17.01000
 Time :     18.00000
 Time :     19.00000
 Time :     20.00000
 Time :     21.00000
 Time :     22.00000
 Time :     23.00000
 Time :     24.00000
 Time :     25.00000
 Time :     26.00000
 Time :     27.00000
 Time :     28.00000
 Time :     29.00000
 Time :     30.00000
 Time :     31.00000
 Time :     32.00000
 Time :     33.00000
 Time :     34.00000
 Time :     35.00000
dtime = 11.20902188122272
mbcr = 5.777645492836683e-03
agsout =

   4.374852132444171e-02   1.010760943182181e-02   1.010760943182181e-02

ans = 1.173171538129077e-19
ans = -2.625967572610842e-20
ans = -2.617199458117780e-20
nbcr = 3
lambda0 = 3.501084296647659
kmpl_prod = 0.180000000000000
 Time :      1.00000
 Time :      2.00000
 Time :      3.01000
 Time :      4.01000
 Time :      5.01000
 Time :      6.01000
 Time :      7.01000
 Time :      8.01000
 Time :      9.01000
 Time :     10.01000
 Time :     11.01000
 Time :     12.01000
 Time :     13.01000
 Time :     14.01000
 Time :     15.01000
 Time :     16.01000
 Time :     17.01000
 Time :     18.00000
 Time :     19.00000
 Time :     20.00000
 Time :     21.00000
 Time :     22.00000
 Time :     23.00000
 Time :     24.00000
 Time :     25.00000
 Time :     26.00000
 Time :     27.00000
 Time :     28.00000
 Time :     29.00000
 Time :     30.00000
 Time :     31.00000
 Time :     32.00000
 Time :     33.00000
 Time :     34.00000
 Time :     35.00000
dtime = 11.50154694914818
mbcr =

   5.777645492836683e-03   4.598136816069904e-03

agsout =

   4.374852132444171e-02   1.010760943182181e-02   1.010760943182181e-02
   4.411099917831029e-02   1.016487331279139e-02   1.016487331279139e-02

ans = -1.428230725149371e-20
ans = -3.913192954641361e-19
ans = -3.913507283274131e-19
nbcr = 3
lambda0 = 3.501084296647659
kmpl_prod = 0.180000000000000
 Time :      1.00000
 Time :      2.00000
 Time :      3.01000
 Time :      4.01000
 Time :      5.01000
 Time :      6.01000
 Time :      7.01000
 Time :      8.01000
 Time :      9.01000
 Time :     10.01000
 Time :     11.01000
 Time :     12.01000
 Time :     13.01000
 Time :     14.01000
 Time :     15.01000
 Time :     16.01000
 Time :     17.01000
 Time :     18.00000
 Time :     19.00000
 Time :     20.00000
 Time :     21.00000
 Time :     22.00000
 Time :     23.00000
 Time :     24.00000
 Time :     25.00000
 Time :     26.00000
 Time :     27.00000
 Time :     28.00000
 Time :     29.00000
 Time :     30.00000
 Time :     31.00000
 Time :     32.00000
 Time :     33.00000
 Time :     34.00000
 Time :     35.00000
dtime = 11.60017848014832
mbcr =

   5.777645492836683e-03   4.598136816069904e-03   4.598784856889786e-03

agsout =

   4.374852132444171e-02   1.010760943182181e-02   1.010760943182181e-02
   4.411099917831029e-02   1.016487331279139e-02   1.016487331279139e-02
   4.411109073827730e-02   1.016506349804729e-02   1.016506349804729e-02

ans = -6.280368413067950e-19
ans = -1.395073190295183e-18
ans = -9.614237541642585e-19
nbcr = 3
lambda0 = 3.501084296647659
kmpl_prod = 0.180000000000000
 Time :      1.00000
 Time :      2.00000
 Time :      3.01000
 Time :      4.01000
 Time :      5.01000
 Time :      6.01000
 Time :      7.01000
 Time :      8.01000
 Time :      9.01000
 Time :     10.01000
 Time :     11.01000
 Time :     12.01000
 Time :     13.01000
 Time :     14.01000
 Time :     15.01000
 Time :     16.01000
 Time :     17.01000
 Time :     18.00000
 Time :     19.00000
 Time :     20.00000
 Time :     21.00000
 Time :     22.00000
 Time :     23.00000
 Time :     24.00000
 Time :     25.00000
 Time :     26.00000
 Time :     27.00000
 Time :     28.00000
 Time :     29.00000
 Time :     30.00000
 Time :     31.00000
 Time :     32.00000
 Time :     33.00000
 Time :     34.00000
 Time :     35.00000
dtime = 11.47513389587402
mbcr =

 Columns 1 through 3:

   5.777645492836683e-03   4.598136816069904e-03   4.598784856889786e-03

 Column 4:

   4.598805463739634e-03

agsout =

   4.374852132444171e-02   1.010760943182181e-02   1.010760943182181e-02
   4.411099917831029e-02   1.016487331279139e-02   1.016487331279139e-02
   4.411109073827730e-02   1.016506349804729e-02   1.016506349804729e-02
   4.411108483194614e-02   1.016506305640553e-02   1.016506305640552e-02

ans = -6.402362657706148e-19
ans = -7.209027930909896e-19
ans = 1.467947802261105e-19
nbcr = 3
lambda0 = 3.501084296647659
kmpl_prod = 0.180000000000000
 Time :      1.00000
 Time :      2.00000
 Time :      3.01000
 Time :      4.01000
 Time :      5.01000
 Time :      6.01000
 Time :      7.01000
 Time :      8.01000
 Time :      9.01000
 Time :     10.01000
 Time :     11.01000
 Time :     12.01000
 Time :     13.01000
 Time :     14.01000
 Time :     15.01000
 Time :     16.01000
 Time :     17.01000
 Time :     18.00000
 Time :     19.00000
 Time :     20.00000
 Time :     21.00000
 Time :     22.00000
 Time :     23.00000
 Time :     24.00000
 Time :     25.00000
 Time :     26.00000
 Time :     27.00000
 Time :     28.00000
 Time :     29.00000
 Time :     30.00000
 Time :     31.00000
 Time :     32.00000
 Time :     33.00000
 Time :     34.00000
 Time :     35.00000
dtime = 11.47604919970036
mbcr =

 Columns 1 through 3:

   5.777645492836683e-03   4.598136816069904e-03   4.598784856889786e-03

 Columns 4 and 5:

   4.598805463739634e-03   4.598808468523744e-03

agsout =

   4.374852132444171e-02   1.010760943182181e-02   1.010760943182181e-02
   4.411099917831029e-02   1.016487331279139e-02   1.016487331279139e-02
   4.411109073827730e-02   1.016506349804729e-02   1.016506349804729e-02
   4.411108483194614e-02   1.016506305640553e-02   1.016506305640552e-02
   4.411108399620861e-02   1.016506300229397e-02   1.016506300229398e-02

ans = -1.317100609284135e-19
ans = -4.843771143763517e-19
ans = -4.843473358742998e-19
nbcr = 3
lambda0 = 3.501084296647659
kmpl_prod = 0.180000000000000
 Time :      1.00000
 Time :      2.00000
 Time :      3.01000
 Time :      4.01000
 Time :      5.01000
 Time :      6.01000
 Time :      7.01000
 Time :      8.01000
 Time :      9.01000
 Time :     10.01000
 Time :     11.01000
 Time :     12.01000
 Time :     13.01000
 Time :     14.01000
 Time :     15.01000
 Time :     16.01000
 Time :     17.01000
 Time :     18.00000
 Time :     19.00000
 Time :     20.00000
 Time :     21.00000
 Time :     22.00000
 Time :     23.00000
 Time :     24.00000
 Time :     25.00000
 Time :     26.00000
 Time :     27.00000
 Time :     28.00000
 Time :     29.00000
 Time :     30.00000
 Time :     31.00000
 Time :     32.00000
 Time :     33.00000
 Time :     34.00000
 Time :     35.00000
dtime = 11.30111552774906
mbcr =

 Columns 1 through 3:

   5.777645492836683e-03   4.598136816069904e-03   4.598784856889786e-03

 Columns 4 through 6:

   4.598805463739634e-03   4.598808468523744e-03   4.598808898530743e-03

agsout =

   4.374852132444171e-02   1.010760943182181e-02   1.010760943182181e-02
   4.411099917831029e-02   1.016487331279139e-02   1.016487331279139e-02
   4.411109073827730e-02   1.016506349804729e-02   1.016506349804729e-02
   4.411108483194614e-02   1.016506305640553e-02   1.016506305640552e-02
   4.411108399620861e-02   1.016506300229397e-02   1.016506300229398e-02
   4.411108387646206e-02   1.016506299447280e-02   1.016506299447280e-02

ans = -2.523687158388929e-19
ans = -9.210077094349176e-19
ans = -9.209547698757142e-19
nbcr = 4
lambda0 = 3.501084296647659
kmpl_prod = 0.180000000000000
 Time :      1.00000
 Time :      2.00000
 Time :      3.01000
 Time :      4.01000
 Time :      5.01000
 Time :      6.01000
 Time :      7.01000
 Time :      8.01000
 Time :      9.01000
 Time :     10.01000
 Time :     11.01000
 Time :     12.01000
 Time :     13.01000
 Time :     14.01000
 Time :     15.01000
 Time :     16.01000
 Time :     17.01000
 Time :     18.00000
 Time :     19.00000
 Time :     20.00000
 Time :     21.00000
 Time :     22.00000
 Time :     23.00000
 Time :     24.00000
 Time :     25.00000
 Time :     26.00000
 Time :     27.00000
 Time :     28.00000
 Time :     29.00000
 Time :     30.00000
 Time :     31.00000
 Time :     32.00000
 Time :     33.00000
 Time :     34.00000
 Time :     35.00000
dtime = 16.97498336434364
mbcr = 4.331238315494848e-03
agsout =

 Columns 1 through 3:

   3.103549405555307e-02   7.980483632170885e-03   7.980483632170896e-03

 Column 4:

   7.980483632170864e-03

ans = 2.377318526427886e-19
ans = -6.109225132071641e-19
ans = -1.772449529354126e-19
ans = -1.044520664140111e-18
nbcr = 4
lambda0 = 3.501084296647659
kmpl_prod = 0.180000000000000
 Time :      1.00000
 Time :      2.00000
 Time :      3.01000
 Time :      4.01000
 Time :      5.01000
 Time :      6.01000
 Time :      7.01000
 Time :      8.01000
 Time :      9.01000
 Time :     10.01000
 Time :     11.01000
 Time :     12.01000
 Time :     13.01000
 Time :     14.01000
 Time :     15.01000
 Time :     16.01000
 Time :     17.01000
 Time :     18.00000
 Time :     19.00000
 Time :     20.00000
 Time :     21.00000
 Time :     22.00000
 Time :     23.00000
 Time :     24.00000
 Time :     25.00000
 Time :     26.00000
 Time :     27.00000
 Time :     28.00000
 Time :     29.00000
 Time :     30.00000
 Time :     31.00000
 Time :     32.00000
 Time :     33.00000
 Time :     34.00000
 Time :     35.00000
dtime = 18.11281666159630
mbcr =

   4.331238315494848e-03   3.460120905385575e-03

agsout =

 Columns 1 through 3:

   3.103549405555307e-02   7.980483632170885e-03   7.980483632170896e-03
   3.123087489766142e-02   7.999973603823970e-03   7.999973603823951e-03

 Column 4:

   7.980483632170864e-03
   7.999973603823950e-03

ans = 7.754867518092218e-20
ans = 8.239049773273177e-20
ans = -3.512903712614700e-19
ans = -3.512572840369679e-19
nbcr = 4
lambda0 = 3.501084296647659
kmpl_prod = 0.180000000000000
 Time :      1.00000
 Time :      2.00000
 Time :      3.01000
 Time :      4.01000
 Time :      5.01000
 Time :      6.01000
 Time :      7.01000
 Time :      8.01000
 Time :      9.01000
 Time :     10.01000
 Time :     11.01000
 Time :     12.01000
 Time :     13.01000
 Time :     14.01000
 Time :     15.01000
 Time :     16.01000
 Time :     17.01000
 Time :     18.00000
 Time :     19.00000
 Time :     20.00000
 Time :     21.00000
 Time :     22.00000
 Time :     23.00000
 Time :     24.00000
 Time :     25.00000
 Time :     26.00000
 Time :     27.00000
 Time :     28.00000
 Time :     29.00000
 Time :     30.00000
 Time :     31.00000
 Time :     32.00000
 Time :     33.00000
 Time :     34.00000
 Time :     35.00000
dtime = 18.05845163762569
mbcr =

   4.331238315494848e-03   3.460120905385575e-03   3.460688552265707e-03

agsout =

 Columns 1 through 3:

   3.103549405555307e-02   7.980483632170885e-03   7.980483632170896e-03
   3.123087489766142e-02   7.999973603823970e-03   7.999973603823951e-03
   3.123146560820993e-02   8.000654455354904e-03   8.000654455354899e-03

 Column 4:

   7.980483632170864e-03
   7.999973603823950e-03
   8.000654455354899e-03

ans = -7.057851206625225e-20
ans = -7.468845361312802e-19
ans = 1.207121211510884e-19
ans = 1.205466850285778e-19
nbcr = 4
lambda0 = 3.501084296647659
kmpl_prod = 0.180000000000000
 Time :      1.00000
 Time :      2.00000
 Time :      3.01000
 Time :      4.01000
 Time :      5.01000
 Time :      6.01000
 Time :      7.01000
 Time :      8.01000
 Time :      9.01000
 Time :     10.01000
 Time :     11.01000
 Time :     12.01000
 Time :     13.01000
 Time :     14.01000
 Time :     15.01000
 Time :     16.01000
 Time :     17.01000
 Time :     18.00000
 Time :     19.00000
 Time :     20.00000
 Time :     21.00000
 Time :     22.00000
 Time :     23.00000
 Time :     24.00000
 Time :     25.00000
 Time :     26.00000
 Time :     27.00000
 Time :     28.00000
 Time :     29.00000
 Time :     30.00000
 Time :     31.00000
 Time :     32.00000
 Time :     33.00000
 Time :     34.00000
 Time :     35.00000
dtime = 17.94742830097675
mbcr =

 Columns 1 through 3:

   4.331238315494848e-03   3.460120905385575e-03   3.460688552265707e-03

 Column 4:

   3.460694024380778e-03

agsout =

 Columns 1 through 3:

   3.103549405555307e-02   7.980483632170885e-03   7.980483632170896e-03
   3.123087489766142e-02   7.999973603823970e-03   7.999973603823951e-03
   3.123146560820993e-02   8.000654455354904e-03   8.000654455354899e-03
   3.123146505868006e-02   8.000655425186161e-03   8.000655425186196e-03

 Column 4:

   7.980483632170864e-03
   7.999973603823950e-03
   8.000654455354899e-03
   8.000655425186198e-03

ans = -1.219671430024673e-18
ans = -4.191754297724719e-19
ans = -8.523368293419904e-19
ans = -4.180140681924474e-19
nbcr = 4
lambda0 = 3.501084296647659
kmpl_prod = 0.180000000000000
 Time :      1.00000
 Time :      2.00000
 Time :      3.01000
 Time :      4.01000
 Time :      5.01000
 Time :      6.01000
 Time :      7.01000
 Time :      8.01000
 Time :      9.01000
 Time :     10.01000
 Time :     11.01000
 Time :     12.01000
 Time :     13.01000
 Time :     14.01000
 Time :     15.01000
 Time :     16.01000
 Time :     17.01000
 Time :     18.00000
 Time :     19.00000
 Time :     20.00000
 Time :     21.00000
 Time :     22.00000
 Time :     23.00000
 Time :     24.00000
 Time :     25.00000
 Time :     26.00000
 Time :     27.00000
 Time :     28.00000
 Time :     29.00000
 Time :     30.00000
 Time :     31.00000
 Time :     32.00000
 Time :     33.00000
 Time :     34.00000
 Time :     35.00000
dtime = 17.97780431807041
mbcr =

 Columns 1 through 3:

   4.331238315494848e-03   3.460120905385575e-03   3.460688552265707e-03

 Columns 4 and 5:

   3.460694024380778e-03   3.460694849059881e-03

agsout =

 Columns 1 through 3:

   3.103549405555307e-02   7.980483632170885e-03   7.980483632170896e-03
   3.123087489766142e-02   7.999973603823970e-03   7.999973603823951e-03
   3.123146560820993e-02   8.000654455354904e-03   8.000654455354899e-03
   3.123146505868006e-02   8.000655425186161e-03   8.000655425186196e-03
   3.123146484640462e-02   8.000655421129557e-03   8.000655421129557e-03

 Column 4:

   7.980483632170864e-03
   7.999973603823950e-03
   8.000654455354899e-03
   8.000655425186198e-03
   8.000655421129557e-03

ans = -7.700591916796709e-19
ans = -3.592842447011825e-19
ans = -3.592809359787323e-19
ans = -3.596184256686539e-19
nbcr = 4
lambda0 = 3.501084296647659
kmpl_prod = 0.180000000000000
 Time :      1.00000
 Time :      2.00000
 Time :      3.01000
 Time :      4.01000
 Time :      5.01000
 Time :      6.01000
 Time :      7.01000
 Time :      8.01000
 Time :      9.01000
 Time :     10.01000
 Time :     11.01000
 Time :     12.01000
 Time :     13.01000
 Time :     14.01000
 Time :     15.01000
 Time :     16.01000
 Time :     17.01000
 Time :     18.00000
 Time :     19.00000
 Time :     20.00000
 Time :     21.00000
 Time :     22.00000
 Time :     23.00000
 Time :     24.00000
 Time :     25.00000
 Time :     26.00000
 Time :     27.00000
 Time :     28.00000
 Time :     29.00000
 Time :     30.00000
 Time :     31.00000
 Time :     32.00000
 Time :     33.00000
 Time :     34.00000
 Time :     35.00000
dtime = 17.76666082441807
mbcr =

 Columns 1 through 3:

   4.331238315494848e-03   3.460120905385575e-03   3.460688552265707e-03

 Columns 4 through 6:

   3.460694024380778e-03   3.460694849059881e-03   3.460694963196319e-03

agsout =

 Columns 1 through 3:

   3.103549405555307e-02   7.980483632170885e-03   7.980483632170896e-03
   3.123087489766142e-02   7.999973603823970e-03   7.999973603823951e-03
   3.123146560820993e-02   8.000654455354904e-03   8.000654455354899e-03
   3.123146505868006e-02   8.000655425186161e-03   8.000655425186196e-03
   3.123146484640462e-02   8.000655421129557e-03   8.000655421129557e-03
   3.123146481600709e-02   8.000655419582619e-03   8.000655419582626e-03

 Column 4:

   7.980483632170864e-03
   7.999973603823950e-03
   8.000654455354899e-03
   8.000655425186198e-03
   8.000655421129557e-03
   8.000655419582623e-03

ans = -1.653240330752561e-19
ans = -8.353432308377010e-19
ans = -4.012256104800712e-19
ans = -4.017715496843562e-19
nbcr = 5
lambda0 = 3.501084296647659
kmpl_prod = 0.180000000000000
 Time :      1.00000
 Time :      2.00000
 Time :      3.01000
 Time :      4.01000
 Time :      5.01000
 Time :      6.01000
 Time :      7.01000
 Time :      8.01000
 Time :      9.01000
 Time :     10.01000
 Time :     11.01000
 Time :     12.01000
 Time :     13.01000
 Time :     14.01000
 Time :     15.01000
 Time :     16.01000
 Time :     17.01000
 Time :     18.00000
 Time :     19.00000
 Time :     20.00000
 Time :     21.00000
 Time :     22.00000
 Time :     23.00000
 Time :     24.00000
 Time :     25.00000
 Time :     26.00000
 Time :     27.00000
 Time :     28.00000
 Time :     29.00000
 Time :     30.00000
 Time :     31.00000
 Time :     32.00000
 Time :     33.00000
 Time :     34.00000
 Time :     35.00000
dtime = 22.86463156342506
mbcr = 3.613441596194043e-03
agsout =

 Columns 1 through 3:

   2.445039422891391e-02   6.916767199153238e-03   6.916767199153237e-03

 Columns 4 and 5:

   6.916767199153276e-03   6.916767199153275e-03

ans = -4.305110385698904e-19
ans = 3.815817252931619e-19
ans = -9.207181962205240e-19
ans = -9.199439551671744e-19
ans = -4.862697036178731e-19
nbcr = 5
lambda0 = 3.501084296647659
kmpl_prod = 0.180000000000000
 Time :      1.00000
 Time :      2.00000
 Time :      3.01000
 Time :      4.01000
 Time :      5.01000
 Time :      6.01000
 Time :      7.01000
 Time :      8.01000
 Time :      9.01000
 Time :     10.01000
 Time :     11.01000
 Time :     12.01000
 Time :     13.01000
 Time :     14.01000
 Time :     15.01000
 Time :     16.01000
 Time :     17.01000
 Time :     18.00000
 Time :     19.00000
 Time :     20.00000
 Time :     21.00000
 Time :     22.00000
 Time :     23.00000
 Time :     24.00000
 Time :     25.00000
 Time :     26.00000
 Time :     27.00000
 Time :     28.00000
 Time :     29.00000
 Time :     30.00000
 Time :     31.00000
 Time :     32.00000
 Time :     33.00000
 Time :     34.00000
 Time :     35.00000
dtime = 22.88786619901657
mbcr =

   3.613441596194043e-03   2.894437321117545e-03

agsout =

 Columns 1 through 3:

   2.445039422891391e-02   6.916767199153238e-03   6.916767199153237e-03
   2.456668951782785e-02   6.911825569647589e-03   6.911825569647559e-03

 Columns 4 and 5:

   6.916767199153276e-03   6.916767199153275e-03
   6.911825569647569e-03   6.911825569647568e-03

ans = -8.267331555014569e-19
ans = 6.362011527267846e-20
ans = 6.328924302765725e-20
ans = -3.705239748645530e-19
ans = -3.703783910767437e-19
nbcr = 5
lambda0 = 3.501084296647659
kmpl_prod = 0.180000000000000
 Time :      1.00000
 Time :      2.00000
 Time :      3.01000
 Time :      4.01000
 Time :      5.01000
 Time :      6.01000
 Time :      7.01000
 Time :      8.01000
 Time :      9.01000
 Time :     10.01000
 Time :     11.01000
 Time :     12.01000
 Time :     13.01000
 Time :     14.01000
 Time :     15.01000
 Time :     16.01000
 Time :     17.01000
 Time :     18.00000
 Time :     19.00000
 Time :     20.00000
 Time :     21.00000
 Time :     22.00000
 Time :     23.00000
 Time :     24.00000
 Time :     25.00000
 Time :     26.00000
 Time :     27.00000
 Time :     28.00000
 Time :     29.00000
 Time :     30.00000
 Time :     31.00000
 Time :     32.00000
 Time :     33.00000
 Time :     34.00000
 Time :     35.00000
dtime = 22.86318317055702
mbcr =

   3.613441596194043e-03   2.894437321117545e-03   2.895041685894336e-03

agsout =

 Columns 1 through 3:

   2.445039422891391e-02   6.916767199153238e-03   6.916767199153237e-03
   2.456668951782785e-02   6.911825569647589e-03   6.911825569647559e-03
   2.456771845878460e-02   6.912950267771330e-03   6.912950267771301e-03

 Columns 4 and 5:

   6.916767199153276e-03   6.916767199153275e-03
   6.911825569647569e-03   6.911825569647568e-03
   6.912950267771305e-03   6.912950267771300e-03

ans = -1.196178654868303e-18
ans = -2.449844276586051e-19
ans = -6.795321819347624e-19
ans = -6.791351352407370e-19
ans = -6.789366118937243e-19
nbcr = 5
lambda0 = 3.501084296647659
kmpl_prod = 0.180000000000000
 Time :      1.00000
 Time :      2.00000
 Time :      3.01000
 Time :      4.01000
 Time :      5.01000
 Time :      6.01000
 Time :      7.01000
 Time :      8.01000
 Time :      9.01000
 Time :     10.01000
 Time :     11.01000
 Time :     12.01000
 Time :     13.01000
 Time :     14.01000
 Time :     15.01000
 Time :     16.01000
 Time :     17.01000
 Time :     18.00000
 Time :     19.00000
 Time :     20.00000
 Time :     21.00000
 Time :     22.00000
 Time :     23.00000
 Time :     24.00000
 Time :     25.00000
 Time :     26.00000
 Time :     27.00000
 Time :     28.00000
 Time :     29.00000
 Time :     30.00000
 Time :     31.00000
 Time :     32.00000
 Time :     33.00000
 Time :     34.00000
 Time :     35.00000
dtime = 22.71031737327576
mbcr =

 Columns 1 through 3:

   3.613441596194043e-03   2.894437321117545e-03   2.895041685894336e-03

 Column 4:

   2.895044048292759e-03

agsout =

 Columns 1 through 3:

   2.445039422891391e-02   6.916767199153238e-03   6.916767199153237e-03
   2.456668951782785e-02   6.911825569647589e-03   6.911825569647559e-03
   2.456771845878460e-02   6.912950267771330e-03   6.912950267771301e-03
   2.456772234820152e-02   6.912954932848683e-03   6.912954932848716e-03

 Columns 4 and 5:

   6.916767199153276e-03   6.916767199153275e-03
   6.911825569647569e-03   6.911825569647568e-03
   6.912950267771305e-03   6.912950267771300e-03
   6.912954932848720e-03   6.912954932848689e-03

ans = -7.832955662050954e-19
ans = -7.216985408402656e-20
ans = -5.050433948003766e-19
ans = -9.392007198274089e-19
ans = -9.387374986843792e-19
nbcr = 5
lambda0 = 3.501084296647659
kmpl_prod = 0.180000000000000
 Time :      1.00000
 Time :      2.00000
 Time :      3.01000
 Time :      4.01000
 Time :      5.01000
 Time :      6.01000
 Time :      7.01000
 Time :      8.01000
 Time :      9.01000
 Time :     10.01000
 Time :     11.01000
 Time :     12.01000
 Time :     13.01000
 Time :     14.01000
 Time :     15.01000
 Time :     16.01000
 Time :     17.01000
 Time :     18.00000
 Time :     19.00000
 Time :     20.00000
 Time :     21.00000
 Time :     22.00000
 Time :     23.00000
 Time :     24.00000
 Time :     25.00000
 Time :     26.00000
 Time :     27.00000
 Time :     28.00000
 Time :     29.00000
 Time :     30.00000
 Time :     31.00000
 Time :     32.00000
 Time :     33.00000
 Time :     34.00000
 Time :     35.00000
dtime = 22.82470017671585
mbcr =

 Columns 1 through 3:

   3.613441596194043e-03   2.894437321117545e-03   2.895041685894336e-03

 Columns 4 and 5:

   2.895044048292759e-03   2.895044388988998e-03

agsout =

 Columns 1 through 3:

   2.445039422891391e-02   6.916767199153238e-03   6.916767199153237e-03
   2.456668951782785e-02   6.911825569647589e-03   6.911825569647559e-03
   2.456771845878460e-02   6.912950267771330e-03   6.912950267771301e-03
   2.456772234820152e-02   6.912954932848683e-03   6.912954932848716e-03
   2.456772230219561e-02   6.912954970116108e-03   6.912954970116149e-03

 Columns 4 and 5:

   6.916767199153276e-03   6.916767199153275e-03
   6.911825569647569e-03   6.911825569647568e-03
   6.912950267771305e-03   6.912950267771300e-03
   6.912954932848720e-03   6.912954932848689e-03
   6.912954970116147e-03   6.912954970116142e-03

ans = -8.734980238818505e-19
ans = -1.102333971512667e-19
ans = -1.099753168001501e-19
ans = -1.100017865797518e-19
ans = -5.435370717861443e-19
nbcr = 5
lambda0 = 3.501084296647659
kmpl_prod = 0.180000000000000
 Time :      1.00000
 Time :      2.00000
 Time :      3.01000
 Time :      4.01000
 Time :      5.01000
 Time :      6.01000
 Time :      7.01000
 Time :      8.01000
 Time :      9.01000
 Time :     10.01000
 Time :     11.01000
 Time :     12.01000
 Time :     13.01000
 Time :     14.01000
 Time :     15.01000
 Time :     16.01000
 Time :     17.01000
 Time :     18.00000
 Time :     19.00000
 Time :     20.00000
 Time :     21.00000
 Time :     22.00000
 Time :     23.00000
 Time :     24.00000
 Time :     25.00000
 Time :     26.00000
 Time :     27.00000
 Time :     28.00000
 Time :     29.00000
 Time :     30.00000
 Time :     31.00000
 Time :     32.00000
 Time :     33.00000
 Time :     34.00000
 Time :     35.00000
dtime = 22.74850867688656
mbcr =

 Columns 1 through 3:

   3.613441596194043e-03   2.894437321117545e-03   2.895041685894336e-03

 Columns 4 through 6:

   2.895044048292759e-03   2.895044388988998e-03   2.895044433680780e-03

agsout =

 Columns 1 through 3:

   2.445039422891391e-02   6.916767199153238e-03   6.916767199153237e-03
   2.456668951782785e-02   6.911825569647589e-03   6.911825569647559e-03
   2.456771845878460e-02   6.912950267771330e-03   6.912950267771301e-03
   2.456772234820152e-02   6.912954932848683e-03   6.912954932848716e-03
   2.456772230219561e-02   6.912954970116108e-03   6.912954970116149e-03
   2.456772229107580e-02   6.912954969906132e-03   6.912954969906150e-03

 Columns 4 and 5:

   6.916767199153276e-03   6.916767199153275e-03
   6.911825569647569e-03   6.911825569647568e-03
   6.912950267771305e-03   6.912950267771300e-03
   6.912954932848720e-03   6.912954932848689e-03
   6.912954970116147e-03   6.912954970116142e-03
   6.912954969906134e-03   6.912954969906138e-03

ans = 2.450121584039648e-19
ans = -7.802629282090199e-20
ans = -5.118328932682118e-19
ans = -5.125078726480551e-19
ans = -5.121836178479343e-19
nbcr = 7
lambda0 = 3.501084296647659
kmpl_prod = 0.180000000000000
 Time :      1.00000
 Time :      2.00000
 Time :      3.01000
 Time :      4.01000
 Time :      5.01000
 Time :      6.01000
 Time :      7.01000
 Time :      8.01000
 Time :      9.01000
 Time :     10.01000
 Time :     11.01000
 Time :     12.01000
 Time :     13.01000
 Time :     14.01000
 Time :     15.01000
 Time :     16.01000
 Time :     17.01000
 Time :     18.00000
 Time :     19.00000
 Time :     20.00000
 Time :     21.00000
 Time :     22.00000
 Time :     23.00000
 Time :     24.00000
 Time :     25.00000
 Time :     26.00000
 Time :     27.00000
 Time :     28.00000
 Time :     29.00000
 Time :     30.00000
 Time :     31.00000
 Time :     32.00000
 Time :     33.00000
 Time :     34.00000
 Time :     35.00000
dtime = 32.39795342087746
mbcr = 2.873124856450728e-03
agsout =

 Columns 1 through 3:

   1.771454816153410e-02   5.862348864668337e-03   5.862348864668290e-03

 Columns 4 through 6:

   5.862348864668293e-03   5.862348864668293e-03   5.862348864668295e-03

 Column 7:

   5.862348864668299e-03

ans = -1.420808544180652e-18
ans = 4.638828875197379e-20
ans = -3.884175458753001e-19
ans = -3.877822711648594e-19
ans = -8.225881057921333e-19
ans = -8.226013406819341e-19
ans = 4.411188770622786e-20
nbcr = 7
lambda0 = 3.501084296647659
kmpl_prod = 0.180000000000000
 Time :      1.00000
 Time :      2.00000
 Time :      3.01000
 Time :      4.01000
 Time :      5.01000
 Time :      6.01000
 Time :      7.01000
 Time :      8.01000
 Time :      9.01000
 Time :     10.01000
 Time :     11.01000
 Time :     12.01000
 Time :     13.01000
 Time :     14.01000
 Time :     15.01000
 Time :     16.01000
 Time :     17.01000
 Time :     18.00000
 Time :     19.00000
 Time :     20.00000
 Time :     21.00000
 Time :     22.00000
 Time :     23.00000
 Time :     24.00000
 Time :     25.00000
 Time :     26.00000
 Time :     27.00000
 Time :     28.00000
 Time :     29.00000
 Time :     30.00000
 Time :     31.00000
 Time :     32.00000
 Time :     33.00000
 Time :     34.00000
 Time :     35.00000
dtime = 32.42418542504311
mbcr =

   2.873124856450728e-03   2.309448048657946e-03

agsout =

 Columns 1 through 3:

   1.771454816153410e-02   5.862348864668337e-03   5.862348864668290e-03
   1.774717928465072e-02   5.820893311256767e-03   5.820893311256797e-03

 Columns 4 through 6:

   5.862348864668293e-03   5.862348864668293e-03   5.862348864668295e-03
   5.820893311256769e-03   5.820893311256771e-03   5.820893311256783e-03

 Column 7:

   5.862348864668299e-03
   5.820893311256787e-03

ans = -5.359250593291922e-19
ans = -3.702328072889343e-19
ans = 4.983068358917447e-19
ans = -8.030137037766784e-19
ans = 6.324953835825471e-20
ans = 6.413627597491155e-20
ans = -3.688960834190486e-19
nbcr = 7
lambda0 = 3.501084296647659
kmpl_prod = 0.180000000000000
 Time :      1.00000
 Time :      2.00000
 Time :      3.01000
 Time :      4.01000
 Time :      5.01000
 Time :      6.01000
 Time :      7.01000
 Time :      8.01000
 Time :      9.01000
 Time :     10.01000
 Time :     11.01000
 Time :     12.01000
 Time :     13.01000
 Time :     14.01000
 Time :     15.01000
 Time :     16.01000
 Time :     17.01000
 Time :     18.00000
 Time :     19.00000
 Time :     20.00000
 Time :     21.00000
 Time :     22.00000
 Time :     23.00000
 Time :     24.00000
 Time :     25.00000
 Time :     26.00000
 Time :     27.00000
 Time :     28.00000
 Time :     29.00000
 Time :     30.00000
 Time :     31.00000
 Time :     32.00000
 Time :     33.00000
 Time :     34.00000
 Time :     35.00000
dtime = 32.12427757680416
mbcr =

   2.873124856450728e-03   2.309448048657946e-03   2.310129880859074e-03

agsout =

 Columns 1 through 3:

   1.771454816153410e-02   5.862348864668337e-03   5.862348864668290e-03
   1.774717928465072e-02   5.820893311256767e-03   5.820893311256797e-03
   1.774878541317802e-02   5.822597157189590e-03   5.822597157189585e-03

 Columns 4 through 6:

   5.862348864668293e-03   5.862348864668293e-03   5.862348864668295e-03
   5.820893311256769e-03   5.820893311256771e-03   5.820893311256783e-03
   5.822597157189574e-03   5.822597157189592e-03   5.822597157189593e-03

 Column 7:

   5.862348864668299e-03
   5.820893311256787e-03
   5.822597157189589e-03

ans = 7.741532122615770e-19
ans = -1.343275140337113e-18
ans = -9.098589691389279e-19
ans = -9.088928221834660e-19
ans = -1.342136939814240e-18
ans = -9.084560708200380e-19
ans = -4.760854559161202e-19
nbcr = 7
lambda0 = 3.501084296647659
kmpl_prod = 0.180000000000000
 Time :      1.00000
 Time :      2.00000
 Time :      3.01000
 Time :      4.01000
 Time :      5.01000
 Time :      6.01000
 Time :      7.01000
 Time :      8.01000
 Time :      9.01000
 Time :     10.01000
 Time :     11.01000
 Time :     12.01000
 Time :     13.01000
 Time :     14.01000
 Time :     15.01000
 Time :     16.01000
 Time :     17.01000
 Time :     18.00000
 Time :     19.00000
 Time :     20.00000
 Time :     21.00000
 Time :     22.00000
 Time :     23.00000
 Time :     24.00000
 Time :     25.00000
 Time :     26.00000
 Time :     27.00000
 Time :     28.00000
 Time :     29.00000
 Time :     30.00000
 Time :     31.00000
 Time :     32.00000
 Time :     33.00000
 Time :     34.00000
 Time :     35.00000
dtime = 31.88507147133350
mbcr =

 Columns 1 through 3:

   2.873124856450728e-03   2.309448048657946e-03   2.310129880859074e-03

 Column 4:

   2.310131447893494e-03

agsout =

 Columns 1 through 3:

   1.771454816153410e-02   5.862348864668337e-03   5.862348864668290e-03
   1.774717928465072e-02   5.820893311256767e-03   5.820893311256797e-03
   1.774878541317802e-02   5.822597157189590e-03   5.822597157189585e-03
   1.774880126083825e-02   5.822613688752473e-03   5.822613688752471e-03

 Columns 4 through 6:

   5.862348864668293e-03   5.862348864668293e-03   5.862348864668295e-03
   5.820893311256769e-03   5.820893311256771e-03   5.820893311256783e-03
   5.822597157189574e-03   5.822597157189592e-03   5.822597157189593e-03
   5.822613688752481e-03   5.822613688752481e-03   5.822613688752479e-03

 Column 7:

   5.862348864668299e-03
   5.820893311256787e-03
   5.822597157189589e-03
   5.822613688752485e-03

ans = -8.900131517161534e-19
ans = -5.161209975636867e-19
ans = -5.154195484042418e-19
ans = -8.056077421776447e-20
ans = -5.145063410079832e-19
ans = -9.491004173984435e-19
ans = -9.486239613656130e-19
nbcr = 7
lambda0 = 3.501084296647659
kmpl_prod = 0.180000000000000
 Time :      1.00000
 Time :      2.00000
 Time :      3.01000
 Time :      4.01000
 Time :      5.01000
 Time :      6.01000
 Time :      7.01000
 Time :      8.01000
 Time :      9.01000
 Time :     10.01000
 Time :     11.01000
 Time :     12.01000
 Time :     13.01000
 Time :     14.01000
 Time :     15.01000
 Time :     16.01000
 Time :     17.01000
 Time :     18.00000
 Time :     19.00000
 Time :     20.00000
 Time :     21.00000
 Time :     22.00000
 Time :     23.00000
 Time :     24.00000
 Time :     25.00000
 Time :     26.00000
 Time :     27.00000
 Time :     28.00000
 Time :     29.00000
 Time :     30.00000
 Time :     31.00000
 Time :     32.00000
 Time :     33.00000
 Time :     34.00000
 Time :     35.00000
dtime = 31.93982876837254
mbcr =

 Columns 1 through 3:

   2.873124856450728e-03   2.309448048657946e-03   2.310129880859074e-03

 Columns 4 and 5:

   2.310131447893494e-03   2.310131580424276e-03

agsout =

 Columns 1 through 3:

   1.771454816153410e-02   5.862348864668337e-03   5.862348864668290e-03
   1.774717928465072e-02   5.820893311256767e-03   5.820893311256797e-03
   1.774878541317802e-02   5.822597157189590e-03   5.822597157189585e-03
   1.774880126083825e-02   5.822613688752473e-03   5.822613688752471e-03
   1.774880148266788e-02   5.822613942617260e-03   5.822613942617291e-03

 Columns 4 through 6:

   5.862348864668293e-03   5.862348864668293e-03   5.862348864668295e-03
   5.820893311256769e-03   5.820893311256771e-03   5.820893311256783e-03
   5.822597157189574e-03   5.822597157189592e-03   5.822597157189593e-03
   5.822613688752481e-03   5.822613688752481e-03   5.822613688752479e-03
   5.822613942617279e-03   5.822613942617274e-03   5.822613942617269e-03

 Column 7:

   5.862348864668299e-03
   5.820893311256787e-03
   5.822597157189589e-03
   5.822613688752485e-03
   5.822613942617266e-03

ans = -1.076220157455355e-18
ans = -4.570801541621018e-19
ans = -4.559816583086314e-19
ans = -4.561934165454450e-19
ans = -4.561537118760424e-19
ans = -4.561801816556441e-19
ans = -2.292282913506950e-20
nbcr = 7
lambda0 = 3.501084296647659
kmpl_prod = 0.180000000000000
 Time :      1.00000
 Time :      2.00000
 Time :      3.01000
 Time :      4.01000
 Time :      5.01000
 Time :      6.01000
 Time :      7.01000
 Time :      8.01000
 Time :      9.01000
 Time :     10.01000
 Time :     11.01000
 Time :     12.01000
 Time :     13.01000
 Time :     14.01000
 Time :     15.01000
 Time :     16.01000
 Time :     17.01000
 Time :     18.00000
 Time :     19.00000
 Time :     20.00000
 Time :     21.00000
 Time :     22.00000
 Time :     23.00000
 Time :     24.00000
 Time :     25.00000
 Time :     26.00000
 Time :     27.00000
 Time :     28.00000
 Time :     29.00000
 Time :     30.00000
 Time :     31.00000
 Time :     32.00000
 Time :     33.00000
 Time :     34.00000
 Time :     35.00000
dtime = 32.00033940374851
mbcr =

 Columns 1 through 3:

   2.873124856450728e-03   2.309448048657946e-03   2.310129880859074e-03

 Columns 4 through 6:

   2.310131447893494e-03   2.310131580424276e-03   2.310131593594859e-03

agsout =

 Columns 1 through 3:

   1.771454816153410e-02   5.862348864668337e-03   5.862348864668290e-03
   1.774717928465072e-02   5.820893311256767e-03   5.820893311256797e-03
   1.774878541317802e-02   5.822597157189590e-03   5.822597157189585e-03
   1.774880126083825e-02   5.822613688752473e-03   5.822613688752471e-03
   1.774880148266788e-02   5.822613942617260e-03   5.822613942617291e-03
   1.774880148312927e-02   5.822613946117590e-03   5.822613946117585e-03

 Columns 4 through 6:

   5.862348864668293e-03   5.862348864668293e-03   5.862348864668295e-03
   5.820893311256769e-03   5.820893311256771e-03   5.820893311256783e-03
   5.822597157189574e-03   5.822597157189592e-03   5.822597157189593e-03
   5.822613688752481e-03   5.822613688752481e-03   5.822613688752479e-03
   5.822613942617279e-03   5.822613942617274e-03   5.822613942617269e-03
   5.822613946117555e-03   5.822613946117569e-03   5.822613946117570e-03

 Column 7:

   5.862348864668299e-03
   5.820893311256787e-03
   5.822597157189589e-03
   5.822613688752485e-03
   5.822613942617266e-03
   5.822613946117570e-03

ans = -1.159321648428525e-18
ans = 4.582051197951739e-19
ans = -4.099242418016788e-19
ans = 4.569345703742925e-19
ans = 2.453748569077301e-20
ans = -4.111286167735560e-19
ans = 2.578156533205277e-20
nbcr = 10
lambda0 = 3.501084296647659
kmpl_prod = 0.180000000000000
 Time :      1.00000
 Time :      2.00000
 Time :      3.01000
 Time :      4.01000
 Time :      5.01000
 Time :      6.01000
 Time :      7.01000
 Time :      8.01000
 Time :      9.01000
 Time :     10.01000
 Time :     11.01000
 Time :     12.01000
 Time :     13.01000
 Time :     14.01000
 Time :     15.01000
 Time :     16.01000
 Time :     17.01000
 Time :     18.00000
 Time :     19.00000
 Time :     20.00000
 Time :     21.00000
 Time :     22.00000
 Time :     23.00000
 Time :     24.00000
 Time :     25.00000
 Time :     26.00000
 Time :     27.00000
 Time :     28.00000
 Time :     29.00000
 Time :     30.00000
 Time :     31.00000
 Time :     32.00000
 Time :     33.00000
 Time :     34.00000
 Time :     35.00000
dtime = 46.63357324898243
mbcr = 2.338213828779604e-03
agsout =

 Columns 1 through 3:

   1.314643998475058e-02   5.174129450180073e-03   5.174129450180078e-03

 Columns 4 through 6:

   5.174129450180098e-03   5.174129450180083e-03   5.174129450180076e-03

 Columns 7 through 9:

   5.174129450180087e-03   5.174129450180078e-03   5.174129450180082e-03

 Column 10:

   5.174129450180085e-03

ans = -2.406564187648198e-19
ans = -8.775526031350568e-19
ans = -8.792466690295654e-19
ans = -1.314224557224250e-18
ans = -8.771555564410314e-19
ans = -8.826348008185827e-19
ans = -8.800937019768197e-19
ans = -1.312292263313326e-18
ans = -8.806495673484554e-19
ans = -8.806495673484554e-19
nbcr = 10
lambda0 = 3.501084296647659
kmpl_prod = 0.180000000000000
 Time :      1.00000
 Time :      2.00000
 Time :      3.01000
 Time :      4.01000
 Time :      5.01000
 Time :      6.01000
 Time :      7.01000
 Time :      8.01000
 Time :      9.01000
 Time :     10.01000
 Time :     11.01000
 Time :     12.01000
 Time :     13.01000
 Time :     14.01000
 Time :     15.01000
 Time :     16.01000
 Time :     17.01000
 Time :     18.00000
 Time :     19.00000
 Time :     20.00000
 Time :     21.00000
 Time :     22.00000
 Time :     23.00000
 Time :     24.00000
 Time :     25.00000
 Time :     26.00000
 Time :     27.00000
 Time :     28.00000
 Time :     29.00000
 Time :     30.00000
 Time :     31.00000
 Time :     32.00000
 Time :     33.00000
 Time :     34.00000
 Time :     35.00000
dtime = 46.62750810384750
mbcr =

   2.338213828779604e-03   1.885204036796441e-03

agsout =

 Columns 1 through 3:

   1.314643998475058e-02   5.174129450180073e-03   5.174129450180078e-03
   1.311011641191276e-02   5.090564736748885e-03   5.090564736748867e-03

 Columns 4 through 6:

   5.174129450180098e-03   5.174129450180083e-03   5.174129450180076e-03
   5.090564736748894e-03   5.090564736748913e-03   5.090564736748873e-03

 Columns 7 through 9:

   5.174129450180087e-03   5.174129450180078e-03   5.174129450180082e-03
   5.090564736748905e-03   5.090564736748898e-03   5.090564736748889e-03

 Column 10:

   5.174129450180085e-03
   5.090564736748889e-03

ans = 1.302557853230786e-19
ans = 1.986821656903368e-19
ans = -1.102969246223108e-18
ans = 6.311718946024622e-19
ans = -6.725706298995162e-19
ans = 1.968028113386163e-19
ans = 1.976498442858706e-19
ans = -2.371427554516024e-19
ans = -2.360574944879328e-19
ans = -2.360574944879328e-19
nbcr = 10
lambda0 = 3.501084296647659
kmpl_prod = 0.180000000000000
 Time :      1.00000
 Time :      2.00000
 Time :      3.01000
 Time :      4.01000
 Time :      5.01000
 Time :      6.01000
 Time :      7.01000
 Time :      8.01000
 Time :      9.01000
 Time :     10.01000
 Time :     11.01000
 Time :     12.01000
 Time :     13.01000
 Time :     14.01000
 Time :     15.01000
 Time :     16.01000
 Time :     17.01000
 Time :     18.00000
 Time :     19.00000
 Time :     20.00000
 Time :     21.00000
 Time :     22.00000
 Time :     23.00000
 Time :     24.00000
 Time :     25.00000
 Time :     26.00000
 Time :     27.00000
 Time :     28.00000
 Time :     29.00000
 Time :     30.00000
 Time :     31.00000
 Time :     32.00000
 Time :     33.00000
 Time :     34.00000
 Time :     35.00000
dtime = 46.42747901380062
mbcr =

   2.338213828779604e-03   1.885204036796441e-03   1.885927322519383e-03

agsout =

 Columns 1 through 3:

   1.314643998475058e-02   5.174129450180073e-03   5.174129450180078e-03
   1.311011641191276e-02   5.090564736748885e-03   5.090564736748867e-03
   1.311186676119775e-02   5.092398782638595e-03   5.092398782638554e-03

 Columns 4 through 6:

   5.174129450180098e-03   5.174129450180083e-03   5.174129450180076e-03
   5.090564736748894e-03   5.090564736748913e-03   5.090564736748873e-03
   5.092398782638604e-03   5.092398782638580e-03   5.092398782638580e-03

 Columns 7 through 9:

   5.174129450180087e-03   5.174129450180078e-03   5.174129450180082e-03
   5.090564736748905e-03   5.090564736748898e-03   5.090564736748889e-03
   5.092398782638548e-03   5.092398782638567e-03   5.092398782638566e-03

 Column 10:

   5.174129450180085e-03
   5.090564736748889e-03
   5.092398782638564e-03

ans = -7.680221083638621e-19
ans = -6.861760966147884e-19
ans = -2.542951726335020e-19
ans = -2.518599529101459e-19
ans = -2.544804610907139e-19
ans = -6.870231295620427e-19
ans = -6.859113988187714e-19
ans = -1.119565798033371e-18
ans = -6.881348603053139e-19
ans = -6.878701625092970e-19
nbcr = 10
lambda0 = 3.501084296647659
kmpl_prod = 0.180000000000000
 Time :      1.00000
 Time :      2.00000
 Time :      3.01000
 Time :      4.01000
 Time :      5.01000
 Time :      6.01000
 Time :      7.01000
 Time :      8.01000
 Time :      9.01000
 Time :     10.01000
 Time :     11.01000
 Time :     12.01000
 Time :     13.01000
 Time :     14.01000
 Time :     15.01000
 Time :     16.01000
 Time :     17.01000
 Time :     18.00000
 Time :     19.00000
 Time :     20.00000
 Time :     21.00000
 Time :     22.00000
 Time :     23.00000
 Time :     24.00000
 Time :     25.00000
 Time :     26.00000
 Time :     27.00000
 Time :     28.00000
 Time :     29.00000
 Time :     30.00000
 Time :     31.00000
 Time :     32.00000
 Time :     33.00000
 Time :     34.00000
 Time :     35.00000
dtime = 46.38782925903797
mbcr =

 Columns 1 through 3:

   2.338213828779604e-03   1.885204036796441e-03   1.885927322519383e-03

 Column 4:

   1.885928876063325e-03

agsout =

 Columns 1 through 3:

   1.314643998475058e-02   5.174129450180073e-03   5.174129450180078e-03
   1.311011641191276e-02   5.090564736748885e-03   5.090564736748867e-03
   1.311186676119775e-02   5.092398782638595e-03   5.092398782638554e-03
   1.311189541473126e-02   5.092428170721057e-03   5.092428170721034e-03

 Columns 4 through 6:

   5.174129450180098e-03   5.174129450180083e-03   5.174129450180076e-03
   5.090564736748894e-03   5.090564736748913e-03   5.090564736748873e-03
   5.092398782638604e-03   5.092398782638580e-03   5.092398782638580e-03
   5.092428170721084e-03   5.092428170721068e-03   5.092428170721063e-03

 Columns 7 through 9:

   5.174129450180087e-03   5.174129450180078e-03   5.174129450180082e-03
   5.090564736748905e-03   5.090564736748898e-03   5.090564736748889e-03
   5.092398782638548e-03   5.092398782638567e-03   5.092398782638566e-03
   5.092428170721083e-03   5.092428170721072e-03   5.092428170721080e-03

 Column 10:

   5.174129450180085e-03
   5.090564736748889e-03
   5.092398782638564e-03
   5.092428170721080e-03

ans = -8.852092550723119e-19
ans = -7.533299274642934e-19
ans = -7.542828395299545e-19
ans = -1.186534340425665e-18
ans = -1.618600552864163e-18
ans = -7.524564247374374e-19
ans = -7.524034851782340e-19
ans = -7.533299274642934e-19
ans = -7.530916994478781e-19
ans = -3.198343469273035e-19
nbcr = 10
lambda0 = 3.501084296647659
kmpl_prod = 0.180000000000000
 Time :      1.00000
 Time :      2.00000
 Time :      3.01000
 Time :      4.01000
 Time :      5.01000
 Time :      6.01000
 Time :      7.01000
 Time :      8.01000
 Time :      9.01000
 Time :     10.01000
 Time :     11.01000
 Time :     12.01000
 Time :     13.01000
 Time :     14.01000
 Time :     15.01000
 Time :     16.01000
 Time :     17.01000
 Time :     18.00000
 Time :     19.00000
 Time :     20.00000
 Time :     21.00000
 Time :     22.00000
 Time :     23.00000
 Time :     24.00000
 Time :     25.00000
 Time :     26.00000
 Time :     27.00000
 Time :     28.00000
 Time :     29.00000
 Time :     30.00000
 Time :     31.00000
 Time :     32.00000
 Time :     33.00000
 Time :     34.00000
 Time :     35.00000
dtime = 46.39137983322144
mbcr =

 Columns 1 through 3:

   2.338213828779604e-03   1.885204036796441e-03   1.885927322519383e-03

 Columns 4 and 5:

   1.885928876063325e-03   1.885928983485170e-03

agsout =

 Columns 1 through 3:

   1.314643998475058e-02   5.174129450180073e-03   5.174129450180078e-03
   1.311011641191276e-02   5.090564736748885e-03   5.090564736748867e-03
   1.311186676119775e-02   5.092398782638595e-03   5.092398782638554e-03
   1.311189541473126e-02   5.092428170721057e-03   5.092428170721034e-03
   1.311189613525236e-02   5.092428918128214e-03   5.092428918128220e-03

 Columns 4 through 6:

   5.174129450180098e-03   5.174129450180083e-03   5.174129450180076e-03
   5.090564736748894e-03   5.090564736748913e-03   5.090564736748873e-03
   5.092398782638604e-03   5.092398782638580e-03   5.092398782638580e-03
   5.092428170721084e-03   5.092428170721068e-03   5.092428170721063e-03
   5.092428918128220e-03   5.092428918128200e-03   5.092428918128235e-03

 Columns 7 through 9:

   5.174129450180087e-03   5.174129450180078e-03   5.174129450180082e-03
   5.090564736748905e-03   5.090564736748898e-03   5.090564736748889e-03
   5.092398782638548e-03   5.092398782638567e-03   5.092398782638566e-03
   5.092428170721083e-03   5.092428170721072e-03   5.092428170721080e-03
   5.092428918128208e-03   5.092428918128225e-03   5.092428918128222e-03

 Column 10:

   5.174129450180085e-03
   5.090564736748889e-03
   5.092398782638564e-03
   5.092428170721080e-03
   5.092428918128226e-03

ans = -3.123935818597827e-19
ans = -7.771527291058206e-19
ans = -1.211257114573649e-18
ans = -3.447424095325002e-19
ans = -1.210489490965200e-18
ans = -7.777880038162613e-19
ans = -1.210595370083607e-18
ans = -1.211362993692056e-18
ans = -7.785556274247105e-19
ans = -1.211468872810463e-18
nbcr = 10
lambda0 = 3.501084296647659
kmpl_prod = 0.180000000000000
 Time :      1.00000
 Time :      2.00000
 Time :      3.01000
 Time :      4.01000
 Time :      5.01000
 Time :      6.01000
 Time :      7.01000
 Time :      8.01000
 Time :      9.01000
 Time :     10.01000
 Time :     11.01000
 Time :     12.01000
 Time :     13.01000
 Time :     14.01000
 Time :     15.01000
 Time :     16.01000
 Time :     17.01000
 Time :     18.00000
 Time :     19.00000
 Time :     20.00000
 Time :     21.00000
 Time :     22.00000
 Time :     23.00000
 Time :     24.00000
 Time :     25.00000
 Time :     26.00000
 Time :     27.00000
 Time :     28.00000
 Time :     29.00000
 Time :     30.00000
 Time :     31.00000
 Time :     32.00000
 Time :     33.00000
 Time :     34.00000
 Time :     35.00000
dtime = 45.95776721835136
mbcr =

 Columns 1 through 3:

   2.338213828779604e-03   1.885204036796441e-03   1.885927322519383e-03

 Columns 4 through 6:

   1.885928876063325e-03   1.885928983485170e-03   1.885928989321978e-03

agsout =

 Columns 1 through 3:

   1.314643998475058e-02   5.174129450180073e-03   5.174129450180078e-03
   1.311011641191276e-02   5.090564736748885e-03   5.090564736748867e-03
   1.311186676119775e-02   5.092398782638595e-03   5.092398782638554e-03
   1.311189541473126e-02   5.092428170721057e-03   5.092428170721034e-03
   1.311189613525236e-02   5.092428918128214e-03   5.092428918128220e-03
   1.311189615184383e-02   5.092428936065699e-03   5.092428936065668e-03

 Columns 4 through 6:

   5.174129450180098e-03   5.174129450180083e-03   5.174129450180076e-03
   5.090564736748894e-03   5.090564736748913e-03   5.090564736748873e-03
   5.092398782638604e-03   5.092398782638580e-03   5.092398782638580e-03
   5.092428170721084e-03   5.092428170721068e-03   5.092428170721063e-03
   5.092428918128220e-03   5.092428918128200e-03   5.092428918128235e-03
   5.092428936065654e-03   5.092428936065676e-03   5.092428936065652e-03

 Columns 7 through 9:

   5.174129450180087e-03   5.174129450180078e-03   5.174129450180082e-03
   5.090564736748905e-03   5.090564736748898e-03   5.090564736748889e-03
   5.092398782638548e-03   5.092398782638567e-03   5.092398782638566e-03
   5.092428170721083e-03   5.092428170721072e-03   5.092428170721080e-03
   5.092428918128208e-03   5.092428918128225e-03   5.092428918128222e-03
   5.092428936065672e-03   5.092428936065665e-03   5.092428936065665e-03

 Column 10:

   5.174129450180085e-03
   5.090564736748889e-03
   5.092398782638564e-03
   5.092428170721080e-03
   5.092428918128226e-03
   5.092428936065656e-03

ans = 1.774610191353187e-19
ans = -1.008975058857482e-18
ans = -1.007175113844566e-18
ans = -5.774911815702210e-19
ans = -1.877051480895131e-18
ans = -1.445011738236235e-18
ans = -1.012522009324109e-18
ans = -1.007598630318194e-18
ans = -1.009027998416685e-18
ans = -1.453720295725193e-19
nbcr = 15
lambda0 = 3.501084296647659
kmpl_prod = 0.180000000000000
 Time :      1.00000
 Time :      2.00000
 Time :      3.01000
 Time :      4.01000
 Time :      5.01000
 Time :      6.01000
 Time :      7.01000
 Time :      8.01000
 Time :      9.01000
 Time :     10.01000
 Time :     11.01000
 Time :     12.01000
 Time :     13.01000
 Time :     14.01000
 Time :     15.01000
 Time :     16.01000
 Time :     17.01000
 Time :     18.00000
 Time :     19.00000
 Time :     20.00000
 Time :     21.00000
 Time :     22.00000
 Time :     23.00000
 Time :     24.00000
 Time :     25.00000
 Time :     26.00000
 Time :     27.00000
 Time :     28.00000
 Time :     29.00000
 Time :     30.00000
 Time :     31.00000
 Time :     32.00000
 Time :     33.00000
 Time :     34.00000
 Time :     35.00000
dtime = 71.74700573086739
mbcr = 1.901821061346088e-03
agsout =

 Columns 1 through 3:

   9.857775826624204e-03   4.703604758763124e-03   4.703604758763111e-03

 Columns 4 through 6:

   4.703604758763059e-03   4.703604758763088e-03   4.703604758763160e-03

 Columns 7 through 9:

   4.703604758763168e-03   4.703604758763109e-03   4.703604758763138e-03

 Columns 10 through 12:

   4.703604758763081e-03   4.703604758763083e-03   4.703604758763103e-03

 Columns 13 through 15:

   4.703604758763100e-03   4.703604758763106e-03   4.703604758763105e-03

ans = -1.701275357177852e-18
ans = -6.709030337846093e-19
ans = -6.712471409194313e-19
ans = -6.708500942254059e-19
ans = -6.705324568701855e-19
ans = -6.691030887716939e-19
ans = -6.680972371468294e-19
ans = -6.675149019955921e-19
ans = -2.361898433859413e-19
ans = -6.685207536204565e-19
ans = -6.686001629592616e-19
ans = -6.698442426005414e-19
ans = -2.329340604949326e-19
ans = -2.334105165277631e-19
ans = -6.691030887716939e-19
nbcr = 15
lambda0 = 3.501084296647659
kmpl_prod = 0.180000000000000
 Time :      1.00000
 Time :      2.00000
 Time :      3.01000
 Time :      4.01000
 Time :      5.01000
 Time :      6.01000
 Time :      7.01000
 Time :      8.01000
 Time :      9.01000
 Time :     10.01000
 Time :     11.01000
 Time :     12.01000
 Time :     13.01000
 Time :     14.01000
 Time :     15.01000
 Time :     16.01000
 Time :     17.01000
 Time :     18.00000
 Time :     19.00000
 Time :     20.00000
 Time :     21.00000
 Time :     22.00000
 Time :     23.00000
 Time :     24.00000
 Time :     25.00000
 Time :     26.00000
 Time :     27.00000
 Time :     28.00000
 Time :     29.00000
 Time :     30.00000
 Time :     31.00000
 Time :     32.00000
 Time :     33.00000
 Time :     34.00000
 Time :     35.00000
dtime = 71.54437154531479
mbcr =

   1.901821061346088e-03   1.537686908917728e-03

agsout =

 Columns 1 through 3:

   9.857775826624204e-03   4.703604758763124e-03   4.703604758763111e-03
   9.750910736883098e-03   4.566196867315160e-03   4.566196867315088e-03

 Columns 4 through 6:

   4.703604758763059e-03   4.703604758763088e-03   4.703604758763160e-03
   4.566196867315082e-03   4.566196867315062e-03   4.566196867315064e-03

 Columns 7 through 9:

   4.703604758763168e-03   4.703604758763109e-03   4.703604758763138e-03
   4.566196867315050e-03   4.566196867315056e-03   4.566196867315075e-03

 Columns 10 through 12:

   4.703604758763081e-03   4.703604758763083e-03   4.703604758763103e-03
   4.566196867315076e-03   4.566196867315075e-03   4.566196867315064e-03

 Columns 13 through 15:

   4.703604758763100e-03   4.703604758763106e-03   4.703604758763105e-03
   4.566196867315069e-03   4.566196867315070e-03   4.566196867315069e-03

ans = 2.512511011272800e-19
ans = -2.574450764061039e-19
ans = -6.913906431963227e-19
ans = -6.921317970251702e-19
ans = -2.581332906757480e-19
ans = -2.560421780872140e-19
ans = 1.768710672985386e-19
ans = -2.588479747249938e-19
ans = -2.588479747249938e-19
ans = 1.762357925880979e-19
ans = -2.585303373697735e-19
ans = -2.573656670672988e-19
ans = 1.776122211273861e-19
ans = -6.884524976605343e-19
ans = -2.564392247812394e-19
nbcr = 15
lambda0 = 3.501084296647659
kmpl_prod = 0.180000000000000
 Time :      1.00000
 Time :      2.00000
 Time :      3.01000
 Time :      4.01000
 Time :      5.01000
 Time :      6.01000
 Time :      7.01000
 Time :      8.01000
 Time :      9.01000
 Time :     10.01000
 Time :     11.01000
 Time :     12.01000
 Time :     13.01000
 Time :     14.01000
 Time :     15.01000
 Time :     16.01000
 Time :     17.01000
 Time :     18.00000
 Time :     19.00000
 Time :     20.00000
 Time :     21.00000
 Time :     22.00000
 Time :     23.00000
 Time :     24.00000
 Time :     25.00000
 Time :     26.00000
 Time :     27.00000
 Time :     28.00000
 Time :     29.00000
 Time :     30.00000
 Time :     31.00000
 Time :     32.00000
 Time :     33.00000
 Time :     34.00000
 Time :     35.00000
dtime = 70.82693427801132
mbcr =

   1.901821061346088e-03   1.537686908917728e-03   1.538364028086154e-03

agsout =

 Columns 1 through 3:

   9.857775826624204e-03   4.703604758763124e-03   4.703604758763111e-03
   9.750910736883098e-03   4.566196867315160e-03   4.566196867315088e-03
   9.751717002902890e-03   4.567052527399627e-03   4.567052527399587e-03

 Columns 4 through 6:

   4.703604758763059e-03   4.703604758763088e-03   4.703604758763160e-03
   4.566196867315082e-03   4.566196867315062e-03   4.566196867315064e-03
   4.567052527399554e-03   4.567052527399590e-03   4.567052527399629e-03

 Columns 7 through 9:

   4.703604758763168e-03   4.703604758763109e-03   4.703604758763138e-03
   4.566196867315050e-03   4.566196867315056e-03   4.566196867315075e-03
   4.567052527399646e-03   4.567052527399590e-03   4.567052527399617e-03

 Columns 10 through 12:

   4.703604758763081e-03   4.703604758763083e-03   4.703604758763103e-03
   4.566196867315076e-03   4.566196867315075e-03   4.566196867315064e-03
   4.567052527399641e-03   4.567052527399628e-03   4.567052527399639e-03

 Columns 13 through 15:

   4.703604758763100e-03   4.703604758763106e-03   4.703604758763105e-03
   4.566196867315069e-03   4.566196867315070e-03   4.566196867315069e-03
   4.567052527399588e-03   4.567052527399588e-03   4.567052527399590e-03

ans = 4.857834902465474e-19
ans = -9.617794418276563e-19
ans = -5.315925837408786e-19
ans = -9.652734527350803e-19
ans = -5.308514299120310e-19
ans = -5.340542732438364e-19
ans = -5.349277759706924e-19
ans = -5.320425699941074e-19
ans = -5.347689572930822e-19
ans = -5.295014711523445e-19
ans = -9.780583562826999e-20
ans = -9.717056091782927e-20
ans = -5.290514848991157e-19
ans = -5.325984353657430e-19
ans = -5.340278034642347e-19
nbcr = 15
lambda0 = 3.501084296647659
kmpl_prod = 0.180000000000000
 Time :      1.00000
 Time :      2.00000
 Time :      3.01000
 Time :      4.01000
 Time :      5.01000
 Time :      6.01000
 Time :      7.01000
 Time :      8.01000
 Time :      9.01000
 Time :     10.01000
 Time :     11.01000
 Time :     12.01000
 Time :     13.01000
 Time :     14.01000
 Time :     15.01000
 Time :     16.01000
 Time :     17.01000
 Time :     18.00000
 Time :     19.00000
 Time :     20.00000
 Time :     21.00000
 Time :     22.00000
 Time :     23.00000
 Time :     24.00000
 Time :     25.00000
 Time :     26.00000
 Time :     27.00000
 Time :     28.00000
 Time :     29.00000
 Time :     30.00000
 Time :     31.00000
 Time :     32.00000
 Time :     33.00000
 Time :     34.00000
 Time :     35.00000
dtime = 70.63473053276539
mbcr =

 Columns 1 through 3:

   1.901821061346088e-03   1.537686908917728e-03   1.538364028086154e-03

 Column 4:

   1.538362853026855e-03

agsout =

 Columns 1 through 3:

   9.857775826624204e-03   4.703604758763124e-03   4.703604758763111e-03
   9.750910736883098e-03   4.566196867315160e-03   4.566196867315088e-03
   9.751717002902890e-03   4.567052527399627e-03   4.567052527399587e-03
   9.751723142924074e-03   4.567058717611037e-03   4.567058717611087e-03

 Columns 4 through 6:

   4.703604758763059e-03   4.703604758763088e-03   4.703604758763160e-03
   4.566196867315082e-03   4.566196867315062e-03   4.566196867315064e-03
   4.567052527399554e-03   4.567052527399590e-03   4.567052527399629e-03
   4.567058717611042e-03   4.567058717611056e-03   4.567058717611071e-03

 Columns 7 through 9:

   4.703604758763168e-03   4.703604758763109e-03   4.703604758763138e-03
   4.566196867315050e-03   4.566196867315056e-03   4.566196867315075e-03
   4.567052527399646e-03   4.567052527399590e-03   4.567052527399617e-03
   4.567058717611082e-03   4.567058717611046e-03   4.567058717611082e-03

 Columns 10 through 12:

   4.703604758763081e-03   4.703604758763083e-03   4.703604758763103e-03
   4.566196867315076e-03   4.566196867315075e-03   4.566196867315064e-03
   4.567052527399641e-03   4.567052527399628e-03   4.567052527399639e-03
   4.567058717611087e-03   4.567058717611103e-03   4.567058717611041e-03

 Columns 13 through 15:

   4.703604758763100e-03   4.703604758763106e-03   4.703604758763105e-03
   4.566196867315069e-03   4.566196867315070e-03   4.566196867315069e-03
   4.567052527399588e-03   4.567052527399588e-03   4.567052527399590e-03
   4.567058717611044e-03   4.567058717611042e-03   4.567058717611042e-03

ans = -2.702929761389386e-19
ans = -4.808500162444256e-19
ans = -4.899556204274094e-20
ans = 3.861940843887576e-19
ans = -5.074256749645293e-20
ans = -4.701032857261367e-20
ans = -4.764560328305439e-20
ans = 3.834412273101811e-19
ans = -5.082197683525802e-20
ans = -5.124549330888517e-20
ans = -4.875733402632566e-20
ans = -4.872292331284346e-19
ans = -4.870439446712227e-20
ans = 3.851617629842914e-19
ans = 3.852411723230965e-19
nbcr = 15
lambda0 = 3.501084296647659
kmpl_prod = 0.180000000000000
 Time :      1.00000
 Time :      2.00000
 Time :      3.01000
 Time :      4.01000
 Time :      5.01000
 Time :      6.01000
 Time :      7.01000
 Time :      8.01000
 Time :      9.01000
 Time :     10.01000
 Time :     11.01000
 Time :     12.01000
 Time :     13.01000
 Time :     14.01000
 Time :     15.01000
 Time :     16.01000
 Time :     17.01000
 Time :     18.00000
 Time :     19.00000
 Time :     20.00000
 Time :     21.00000
 Time :     22.00000
 Time :     23.00000
 Time :     24.00000
 Time :     25.00000
 Time :     26.00000
 Time :     27.00000
 Time :     28.00000
 Time :     29.00000
 Time :     30.00000
 Time :     31.00000
 Time :     32.00000
 Time :     33.00000
 Time :     34.00000
 Time :     35.00000
dtime = 70.56838609278202
mbcr =

 Columns 1 through 3:

   1.901821061346088e-03   1.537686908917728e-03   1.538364028086154e-03

 Columns 4 and 5:

   1.538362853026855e-03   1.538362893235289e-03

agsout =

 Columns 1 through 3:

   9.857775826624204e-03   4.703604758763124e-03   4.703604758763111e-03
   9.750910736883098e-03   4.566196867315160e-03   4.566196867315088e-03
   9.751717002902890e-03   4.567052527399627e-03   4.567052527399587e-03
   9.751723142924074e-03   4.567058717611037e-03   4.567058717611087e-03
   9.751723435414620e-03   4.567059018596599e-03   4.567059018596579e-03

 Columns 4 through 6:

   4.703604758763059e-03   4.703604758763088e-03   4.703604758763160e-03
   4.566196867315082e-03   4.566196867315062e-03   4.566196867315064e-03
   4.567052527399554e-03   4.567052527399590e-03   4.567052527399629e-03
   4.567058717611042e-03   4.567058717611056e-03   4.567058717611071e-03
   4.567059018596647e-03   4.567059018596605e-03   4.567059018596633e-03

 Columns 7 through 9:

   4.703604758763168e-03   4.703604758763109e-03   4.703604758763138e-03
   4.566196867315050e-03   4.566196867315056e-03   4.566196867315075e-03
   4.567052527399646e-03   4.567052527399590e-03   4.567052527399617e-03
   4.567058717611082e-03   4.567058717611046e-03   4.567058717611082e-03
   4.567059018596633e-03   4.567059018596644e-03   4.567059018596653e-03

 Columns 10 through 12:

   4.703604758763081e-03   4.703604758763083e-03   4.703604758763103e-03
   4.566196867315076e-03   4.566196867315075e-03   4.566196867315064e-03
   4.567052527399641e-03   4.567052527399628e-03   4.567052527399639e-03
   4.567058717611087e-03   4.567058717611103e-03   4.567058717611041e-03
   4.567059018596616e-03   4.567059018596611e-03   4.567059018596610e-03

 Columns 13 through 15:

   4.703604758763100e-03   4.703604758763106e-03   4.703604758763105e-03
   4.566196867315069e-03   4.566196867315070e-03   4.566196867315069e-03
   4.567052527399588e-03   4.567052527399588e-03   4.567052527399590e-03
   4.567058717611044e-03   4.567058717611042e-03   4.567058717611042e-03
   4.567059018596610e-03   4.567059018596616e-03   4.567059018596618e-03

ans = 4.537811696633392e-19
ans = -6.710089129030160e-20
ans = -9.335361869926458e-19
ans = -9.343832199399001e-19
ans = -9.325303353677813e-19
ans = -9.327420936045949e-19
ans = -4.994053317452151e-19
ans = -9.325038655881796e-19
ans = -9.343832199399001e-19
ans = -9.358919973771968e-19
ans = -9.330862007394169e-19
ans = -6.538035561619131e-20
ans = -4.997494388800372e-19
ans = -9.347802666339255e-19
ans = -6.572446275101337e-20
nbcr = 15
lambda0 = 3.501084296647659
kmpl_prod = 0.180000000000000
 Time :      1.00000
 Time :      2.00000
 Time :      3.01000
 Time :      4.01000
 Time :      5.01000
 Time :      6.01000
 Time :      7.01000
 Time :      8.01000
 Time :      9.01000
 Time :     10.01000
 Time :     11.01000
 Time :     12.01000
 Time :     13.01000
 Time :     14.01000
 Time :     15.01000
 Time :     16.01000
 Time :     17.01000
 Time :     18.00000
 Time :     19.00000
 Time :     20.00000
 Time :     21.00000
 Time :     22.00000
 Time :     23.00000
 Time :     24.00000
 Time :     25.00000
 Time :     26.00000
 Time :     27.00000
 Time :     28.00000
 Time :     29.00000
 Time :     30.00000
 Time :     31.00000
 Time :     32.00000
 Time :     33.00000
 Time :     34.00000
 Time :     35.00000
dtime = 69.00224089622498
mbcr =

 Columns 1 through 3:

   1.901821061346088e-03   1.537686908917728e-03   1.538364028086154e-03

 Columns 4 through 6:

   1.538362853026855e-03   1.538362893235289e-03   1.538362895556869e-03

agsout =

 Columns 1 through 3:

   9.857775826624204e-03   4.703604758763124e-03   4.703604758763111e-03
   9.750910736883098e-03   4.566196867315160e-03   4.566196867315088e-03
   9.751717002902890e-03   4.567052527399627e-03   4.567052527399587e-03
   9.751723142924074e-03   4.567058717611037e-03   4.567058717611087e-03
   9.751723435414620e-03   4.567059018596599e-03   4.567059018596579e-03
   9.751723445903315e-03   4.567059029585398e-03   4.567059029585353e-03

 Columns 4 through 6:

   4.703604758763059e-03   4.703604758763088e-03   4.703604758763160e-03
   4.566196867315082e-03   4.566196867315062e-03   4.566196867315064e-03
   4.567052527399554e-03   4.567052527399590e-03   4.567052527399629e-03
   4.567058717611042e-03   4.567058717611056e-03   4.567058717611071e-03
   4.567059018596647e-03   4.567059018596605e-03   4.567059018596633e-03
   4.567059029585385e-03   4.567059029585348e-03   4.567059029585359e-03

 Columns 7 through 9:

   4.703604758763168e-03   4.703604758763109e-03   4.703604758763138e-03
   4.566196867315050e-03   4.566196867315056e-03   4.566196867315075e-03
   4.567052527399646e-03   4.567052527399590e-03   4.567052527399617e-03
   4.567058717611082e-03   4.567058717611046e-03   4.567058717611082e-03
   4.567059018596633e-03   4.567059018596644e-03   4.567059018596653e-03
   4.567059029585382e-03   4.567059029585392e-03   4.567059029585390e-03

 Columns 10 through 12:

   4.703604758763081e-03   4.703604758763083e-03   4.703604758763103e-03
   4.566196867315076e-03   4.566196867315075e-03   4.566196867315064e-03
   4.567052527399641e-03   4.567052527399628e-03   4.567052527399639e-03
   4.567058717611087e-03   4.567058717611103e-03   4.567058717611041e-03
   4.567059018596616e-03   4.567059018596611e-03   4.567059018596610e-03
   4.567059029585388e-03   4.567059029585385e-03   4.567059029585352e-03

 Columns 13 through 15:

   4.703604758763100e-03   4.703604758763106e-03   4.703604758763105e-03
   4.566196867315069e-03   4.566196867315070e-03   4.566196867315069e-03
   4.567052527399588e-03   4.567052527399588e-03   4.567052527399590e-03
   4.567058717611044e-03   4.567058717611042e-03   4.567058717611042e-03
   4.567059018596610e-03   4.567059018596616e-03   4.567059018596618e-03
   4.567059029585346e-03   4.567059029585348e-03   4.567059029585348e-03

ans = -9.744213311788031e-19
ans = -5.018670212481730e-19
ans = -4.972348098178760e-19
ans = -9.333773683150356e-19
ans = -6.590975120822525e-20
ans = -4.986377081367659e-19
ans = -9.301480552036286e-19
ans = -5.005435322680881e-19
ans = -5.005170624884864e-19
ans = 3.668182057203154e-19
ans = -9.310215579304846e-19
ans = -6.448038310973361e-20
ans = -4.982141916631388e-19
ans = -9.333773683150356e-19
ans = -9.349655550911374e-19
