warning: function /home/surgeon/flu/amcode/perelson21/1d2agt/4paper/2submit/run.m shadows a core library function
warning: called from
    driver at line 1 column 1

lambda0 = 3.501084296647659
kmpl_prod = 0.180000000000000
nbcr = 2
lambda0 = 3.501084296647659
kmpl_prod = 0.180000000000000
 Time :      1.00000
 Time :      2.00000
 Time :      3.01000
 Time :      4.01000
 Time :      5.01000
 Time :      6.01000
 Time :      7.01000
 Time :      8.01000
 Time :      9.01000
 Time :     10.01000
 Time :     11.01000
 Time :     12.01000
 Time :     13.01000
 Time :     14.01000
 Time :     15.01000
 Time :     16.01000
 Time :     17.01000
 Time :     18.00000
 Time :     19.00000
 Time :     20.00000
 Time :     21.00000
 Time :     22.00000
 Time :     23.00000
 Time :     24.00000
 Time :     25.00000
 Time :     26.00000
 Time :     27.00000
 Time :     28.00000
 Time :     29.00000
 Time :     30.00000
 Time :     31.00000
 Time :     32.00000
 Time :     33.00000
 Time :     34.00000
 Time :     35.00000
dtime = 4.893968626856804
mbcr = 0.161870270061177
agsout =

   6.090480812672859e-01   1.660365375581165e-02

ans = -2.674374150755444e-19
ans = -1.039505261291048e-18
nbcr = 2
lambda0 = 3.501084296647659
kmpl_prod = 0.180000000000000
 Time :      1.00000
 Time :      2.00000
 Time :      3.01000
 Time :      4.01000
 Time :      5.01000
 Time :      6.01000
 Time :      7.01000
 Time :      8.01000
 Time :      9.01000
 Time :     10.01000
 Time :     11.01000
 Time :     12.01000
 Time :     13.01000
 Time :     14.01000
 Time :     15.01000
 Time :     16.01000
 Time :     17.01000
 Time :     18.00000
 Time :     19.00000
 Time :     20.00000
 Time :     21.00000
 Time :     22.00000
 Time :     23.00000
 Time :     24.00000
 Time :     25.00000
 Time :     26.00000
 Time :     27.00000
 Time :     28.00000
 Time :     29.00000
 Time :     30.00000
 Time :     31.00000
 Time :     32.00000
 Time :     33.00000
 Time :     34.00000
 Time :     35.00000
dtime = 4.943847656250000
mbcr =

   0.161870270061177   0.166030322481260

agsout =

   6.090480812672859e-01   1.660365375581165e-02
   6.282431080350335e-01   1.669883906138279e-02

ans = -6.323393049407160e-19
ans = -2.603352454663642e-19
nbcr = 2
lambda0 = 3.501084296647659
kmpl_prod = 0.180000000000000
 Time :      1.00000
 Time :      2.00000
 Time :      3.01000
 Time :      4.01000
 Time :      5.01000
 Time :      6.01000
 Time :      7.01000
 Time :      8.01000
 Time :      9.01000
 Time :     10.01000
 Time :     11.01000
 Time :     12.01000
 Time :     13.01000
 Time :     14.01000
 Time :     15.01000
 Time :     16.01000
 Time :     17.01000
 Time :     18.00000
 Time :     19.00000
 Time :     20.00000
 Time :     21.00000
 Time :     22.00000
 Time :     23.00000
 Time :     24.00000
 Time :     25.00000
 Time :     26.00000
 Time :     27.00000
 Time :     28.00000
 Time :     29.00000
 Time :     30.00000
 Time :     31.00000
 Time :     32.00000
 Time :     33.00000
 Time :     34.00000
 Time :     35.00000
dtime = 4.919878765940666
mbcr =

   0.161870270061177   0.166030322481260   0.176999162039057

agsout =

   6.090480812672859e-01   1.660365375581165e-02
   6.282431080350335e-01   1.669883906138279e-02
   6.085889861948892e-01   1.669866429303227e-02

ans = 5.901981491945016e-20
ans = -4.415128218290070e-19
nbcr = 2
lambda0 = 3.501084296647659
kmpl_prod = 0.180000000000000
 Time :      1.00000
 Time :      2.00000
 Time :      3.01000
 Time :      4.01000
 Time :      5.01000
 Time :      6.01000
 Time :      7.01000
 Time :      8.01000
 Time :      9.01000
 Time :     10.01000
 Time :     11.01000
 Time :     12.01000
 Time :     13.01000
 Time :     14.01000
 Time :     15.01000
 Time :     16.01000
 Time :     17.01000
 Time :     18.00000
 Time :     19.00000
 Time :     20.00000
 Time :     21.00000
 Time :     22.00000
 Time :     23.00000
 Time :     24.00000
 Time :     25.00000
 Time :     26.00000
 Time :     27.00000
 Time :     28.00000
 Time :     29.00000
 Time :     30.00000
 Time :     31.00000
 Time :     32.00000
 Time :     33.00000
 Time :     34.00000
 Time :     35.00000
dtime = 4.815031215548515
mbcr =

   0.161870270061177   0.166030322481260   0.176999162039057   0.189393675739476

agsout =

   6.090480812672859e-01   1.660365375581165e-02
   6.282431080350335e-01   1.669883906138279e-02
   6.085889861948892e-01   1.669866429303227e-02
   5.856703012024591e-01   1.669866455170328e-02

ans = -1.593032503527725e-19
ans = 2.595295715497375e-19
nbcr = 2
lambda0 = 3.501084296647659
kmpl_prod = 0.180000000000000
 Time :      1.00000
 Time :      2.00000
 Time :      3.01000
 Time :      4.01000
 Time :      5.01000
 Time :      6.01000
 Time :      7.01000
 Time :      8.01000
 Time :      9.01000
 Time :     10.01000
 Time :     11.01000
 Time :     12.01000
 Time :     13.01000
 Time :     14.01000
 Time :     15.01000
 Time :     16.01000
 Time :     17.01000
 Time :     18.00000
 Time :     19.00000
 Time :     20.00000
 Time :     21.00000
 Time :     22.00000
 Time :     23.00000
 Time :     24.00000
 Time :     25.00000
 Time :     26.00000
 Time :     27.00000
 Time :     28.00000
 Time :     29.00000
 Time :     30.00000
 Time :     31.00000
 Time :     32.00000
 Time :     33.00000
 Time :     34.00000
 Time :     35.00000
dtime = 4.843365401029587
mbcr =

 Columns 1 through 4:

   0.161870270061177   0.166030322481260   0.176999162039057   0.189393675739476

 Column 5:

   0.202210372592766

agsout =

   6.090480812672859e-01   1.660365375581165e-02
   6.282431080350335e-01   1.669883906138279e-02
   6.085889861948892e-01   1.669866429303227e-02
   5.856703012024591e-01   1.669866455170328e-02
   5.602564281148164e-01   1.669866455131275e-02

ans = -5.022260434834151e-19
ans = -1.049288946781173e-19
nbcr = 2
lambda0 = 3.501084296647659
kmpl_prod = 0.180000000000000
 Time :      1.00000
 Time :      2.00000
 Time :      3.01000
 Time :      4.01000
 Time :      5.01000
 Time :      6.01000
 Time :      7.01000
 Time :      8.01000
 Time :      9.01000
 Time :     10.01000
 Time :     11.01000
 Time :     12.01000
 Time :     13.01000
 Time :     14.01000
 Time :     15.01000
 Time :     16.01000
 Time :     17.01000
 Time :     18.00000
 Time :     19.00000
 Time :     20.00000
 Time :     21.00000
 Time :     22.00000
 Time :     23.00000
 Time :     24.00000
 Time :     25.00000
 Time :     26.00000
 Time :     27.00000
 Time :     28.00000
 Time :     29.00000
 Time :     30.00000
 Time :     31.00000
 Time :     32.00000
 Time :     33.00000
 Time :     34.00000
 Time :     35.00000
dtime = 4.853705316781998
mbcr =

 Columns 1 through 4:

   0.161870270061177   0.166030322481260   0.176999162039057   0.189393675739476

 Columns 5 and 6:

   0.202210372592766   0.212472660971749

agsout =

   6.090480812672859e-01   1.660365375581165e-02
   6.282431080350335e-01   1.669883906138279e-02
   6.085889861948892e-01   1.669866429303227e-02
   5.856703012024591e-01   1.669866455170328e-02
   5.602564281148164e-01   1.669866455131275e-02
   5.382460376854193e-01   1.669866455131332e-02

ans = -5.524705965523228e-19
ans = 3.208925177259119e-19
nbcr = 3
lambda0 = 3.501084296647659
kmpl_prod = 0.180000000000000
 Time :      1.00000
 Time :      2.00000
 Time :      3.01000
 Time :      4.01000
 Time :      5.01000
 Time :      6.01000
 Time :      7.01000
 Time :      8.01000
 Time :      9.01000
 Time :     10.01000
 Time :     11.01000
 Time :     12.01000
 Time :     13.01000
 Time :     14.01000
 Time :     15.01000
 Time :     16.01000
 Time :     17.01000
 Time :     18.00000
 Time :     19.00000
 Time :     20.00000
 Time :     21.00000
 Time :     22.00000
 Time :     23.00000
 Time :     24.00000
 Time :     25.00000
 Time :     26.00000
 Time :     27.00000
 Time :     28.00000
 Time :     29.00000
 Time :     30.00000
 Time :     31.00000
 Time :     32.00000
 Time :     33.00000
 Time :     34.00000
 Time :     35.00000
dtime = 10.88653318583965
mbcr = 8.806248418651889e-02
agsout =

   6.090480812569427e-01   1.660365411417928e-02   1.660365411417928e-02

ans = -6.958186348203470e-19
ans = -3.635233385453636e-19
ans = -3.635233385453636e-19
nbcr = 3
lambda0 = 3.501084296647659
kmpl_prod = 0.180000000000000
 Time :      1.00000
 Time :      2.00000
 Time :      3.01000
 Time :      4.01000
 Time :      5.01000
 Time :      6.01000
 Time :      7.01000
 Time :      8.01000
 Time :      9.01000
 Time :     10.01000
 Time :     11.01000
 Time :     12.01000
 Time :     13.01000
 Time :     14.01000
 Time :     15.01000
 Time :     16.01000
 Time :     17.01000
 Time :     18.00000
 Time :     19.00000
 Time :     20.00000
 Time :     21.00000
 Time :     22.00000
 Time :     23.00000
 Time :     24.00000
 Time :     25.00000
 Time :     26.00000
 Time :     27.00000
 Time :     28.00000
 Time :     29.00000
 Time :     30.00000
 Time :     31.00000
 Time :     32.00000
 Time :     33.00000
 Time :     34.00000
 Time :     35.00000
dtime = 11.64040155708790
mbcr =

   8.806248418651889e-02   9.053057126973235e-02

agsout =

   6.090480812569427e-01   1.660365411417928e-02   1.660365411417928e-02
   6.282431080347185e-01   1.669883944453113e-02   1.669883944453113e-02

ans = -7.836598148647157e-19
ans = -2.750437575284758e-20
ans = -2.750437575284758e-20
nbcr = 3
lambda0 = 3.501084296647659
kmpl_prod = 0.180000000000000
 Time :      1.00000
 Time :      2.00000
 Time :      3.01000
 Time :      4.01000
 Time :      5.01000
 Time :      6.01000
 Time :      7.01000
 Time :      8.01000
 Time :      9.01000
 Time :     10.01000
 Time :     11.01000
 Time :     12.01000
 Time :     13.01000
 Time :     14.01000
 Time :     15.01000
 Time :     16.01000
 Time :     17.01000
 Time :     18.00000
 Time :     19.00000
 Time :     20.00000
 Time :     21.00000
 Time :     22.00000
 Time :     23.00000
 Time :     24.00000
 Time :     25.00000
 Time :     26.00000
 Time :     27.00000
 Time :     28.00000
 Time :     29.00000
 Time :     30.00000
 Time :     31.00000
 Time :     32.00000
 Time :     33.00000
 Time :     34.00000
 Time :     35.00000
dtime = 11.99807412922382
mbcr =

   8.806248418651889e-02   9.053057126973235e-02   9.709220011175800e-02

agsout =

   6.090480812569427e-01   1.660365411417928e-02   1.660365411417928e-02
   6.282431080347185e-01   1.669883944453113e-02   1.669883944453113e-02
   6.085889861945945e-01   1.669866467632674e-02   1.669866467632674e-02

ans = -3.980713640092533e-19
ans = -1.811002349753691e-19
ans = -1.811002349753691e-19
nbcr = 3
lambda0 = 3.501084296647659
kmpl_prod = 0.180000000000000
 Time :      1.00000
 Time :      2.00000
 Time :      3.01000
 Time :      4.01000
 Time :      5.01000
 Time :      6.01000
 Time :      7.01000
 Time :      8.01000
 Time :      9.01000
 Time :     10.01000
 Time :     11.01000
 Time :     12.01000
 Time :     13.01000
 Time :     14.01000
 Time :     15.01000
 Time :     16.01000
 Time :     17.01000
 Time :     18.00000
 Time :     19.00000
 Time :     20.00000
 Time :     21.00000
 Time :     22.00000
 Time :     23.00000
 Time :     24.00000
 Time :     25.00000
 Time :     26.00000
 Time :     27.00000
 Time :     28.00000
 Time :     29.00000
 Time :     30.00000
 Time :     31.00000
 Time :     32.00000
 Time :     33.00000
 Time :     34.00000
 Time :     35.00000
dtime = 11.86610944569111
mbcr =

 Columns 1 through 3:

   8.806248418651889e-02   9.053057126973235e-02   9.709220011175800e-02

 Column 4:

   1.046023496844451e-01

agsout =

   6.090480812569427e-01   1.660365411417928e-02   1.660365411417928e-02
   6.282431080347185e-01   1.669883944453113e-02   1.669883944453113e-02
   6.085889861945945e-01   1.669866467632674e-02   1.669866467632674e-02
   5.856703012022400e-01   1.669866493499759e-02   1.669866493499759e-02

ans = -6.721193511765802e-19
ans = -7.808045247150890e-19
ans = -7.808045247150890e-19
nbcr = 3
lambda0 = 3.501084296647659
kmpl_prod = 0.180000000000000
 Time :      1.00000
 Time :      2.00000
 Time :      3.01000
 Time :      4.01000
 Time :      5.01000
 Time :      6.01000
 Time :      7.01000
 Time :      8.01000
 Time :      9.01000
 Time :     10.01000
 Time :     11.01000
 Time :     12.01000
 Time :     13.01000
 Time :     14.01000
 Time :     15.01000
 Time :     16.01000
 Time :     17.01000
 Time :     18.00000
 Time :     19.00000
 Time :     20.00000
 Time :     21.00000
 Time :     22.00000
 Time :     23.00000
 Time :     24.00000
 Time :     25.00000
 Time :     26.00000
 Time :     27.00000
 Time :     28.00000
 Time :     29.00000
 Time :     30.00000
 Time :     31.00000
 Time :     32.00000
 Time :     33.00000
 Time :     34.00000
 Time :     35.00000
dtime = 11.57941818237305
mbcr =

 Columns 1 through 3:

   8.806248418651889e-02   9.053057126973235e-02   9.709220011175800e-02

 Columns 4 and 5:

   1.046023496844451e-01   1.124772162712529e-01

agsout =

   6.090480812569427e-01   1.660365411417928e-02   1.660365411417928e-02
   6.282431080347185e-01   1.669883944453113e-02   1.669883944453113e-02
   6.085889861945945e-01   1.669866467632674e-02   1.669866467632674e-02
   5.856703012022400e-01   1.669866493499759e-02   1.669866493499759e-02
   5.602564281146715e-01   1.669866493460705e-02   1.669866493460705e-02

ans = 4.174049530688787e-19
ans = -2.777765554771979e-19
ans = -2.777765554771979e-19
nbcr = 3
lambda0 = 3.501084296647659
kmpl_prod = 0.180000000000000
 Time :      1.00000
 Time :      2.00000
 Time :      3.01000
 Time :      4.01000
 Time :      5.01000
 Time :      6.01000
 Time :      7.01000
 Time :      8.01000
 Time :      9.01000
 Time :     10.01000
 Time :     11.01000
 Time :     12.01000
 Time :     13.01000
 Time :     14.01000
 Time :     15.01000
 Time :     16.01000
 Time :     17.01000
 Time :     18.00000
 Time :     19.00000
 Time :     20.00000
 Time :     21.00000
 Time :     22.00000
 Time :     23.00000
 Time :     24.00000
 Time :     25.00000
 Time :     26.00000
 Time :     27.00000
 Time :     28.00000
 Time :     29.00000
 Time :     30.00000
 Time :     31.00000
 Time :     32.00000
 Time :     33.00000
 Time :     34.00000
 Time :     35.00000
dtime = 11.38605773448944
mbcr =

 Columns 1 through 3:

   8.806248418651889e-02   9.053057126973235e-02   9.709220011175800e-02

 Columns 4 through 6:

   1.046023496844451e-01   1.124772162712529e-01   1.188640064283407e-01

agsout =

   6.090480812569427e-01   1.660365411417928e-02   1.660365411417928e-02
   6.282431080347185e-01   1.669883944453113e-02   1.669883944453113e-02
   6.085889861945945e-01   1.669866467632674e-02   1.669866467632674e-02
   5.856703012022400e-01   1.669866493499759e-02   1.669866493499759e-02
   5.602564281146715e-01   1.669866493460705e-02   1.669866493460705e-02
   5.382460376853132e-01   1.669866493460764e-02   1.669866493460764e-02

ans = -6.086069761786868e-19
ans = 1.479766145262956e-19
ans = 1.479766145262956e-19
nbcr = 4
lambda0 = 3.501084296647659
kmpl_prod = 0.180000000000000
 Time :      1.00000
 Time :      2.00000
 Time :      3.01000
 Time :      4.01000
 Time :      5.01000
 Time :      6.01000
 Time :      7.01000
 Time :      8.01000
 Time :      9.01000
 Time :     10.01000
 Time :     11.01000
 Time :     12.01000
 Time :     13.01000
 Time :     14.01000
 Time :     15.01000
 Time :     16.01000
 Time :     17.01000
 Time :     18.00000
 Time :     19.00000
 Time :     20.00000
 Time :     21.00000
 Time :     22.00000
 Time :     23.00000
 Time :     24.00000
 Time :     25.00000
 Time :     26.00000
 Time :     27.00000
 Time :     28.00000
 Time :     29.00000
 Time :     30.00000
 Time :     31.00000
 Time :     32.00000
 Time :     33.00000
 Time :     34.00000
 Time :     35.00000
dtime = 16.93423725664616
mbcr = 6.048377310268654e-02
agsout =

 Columns 1 through 3:

   6.090480812539246e-01   1.660365492283605e-02   1.660365492283605e-02

 Column 4:

   1.660365492283605e-02

ans = -1.165887838625178e-18
ans = -1.033859960405527e-18
ans = -1.033859960405527e-18
ans = -1.033859960405527e-18
nbcr = 4
lambda0 = 3.501084296647659
kmpl_prod = 0.180000000000000
 Time :      1.00000
 Time :      2.00000
 Time :      3.01000
 Time :      4.01000
 Time :      5.01000
 Time :      6.01000
 Time :      7.01000
 Time :      8.01000
 Time :      9.01000
 Time :     10.01000
 Time :     11.01000
 Time :     12.01000
 Time :     13.01000
 Time :     14.01000
 Time :     15.01000
 Time :     16.01000
 Time :     17.01000
 Time :     18.00000
 Time :     19.00000
 Time :     20.00000
 Time :     21.00000
 Time :     22.00000
 Time :     23.00000
 Time :     24.00000
 Time :     25.00000
 Time :     26.00000
 Time :     27.00000
 Time :     28.00000
 Time :     29.00000
 Time :     30.00000
 Time :     31.00000
 Time :     32.00000
 Time :     33.00000
 Time :     34.00000
 Time :     35.00000
dtime = 17.70122162997723
mbcr =

   6.048377310268654e-02   6.223167028720428e-02

agsout =

 Columns 1 through 3:

   6.090480812539246e-01   1.660365492283605e-02   1.660365492283605e-02
   6.282431080333025e-01   1.669884008614706e-02   1.669884008614706e-02

 Column 4:

   1.660365492283605e-02
   1.669884008614706e-02

ans = -7.204445705745521e-20
ans = 3.568283454625125e-19
ans = 3.568283454625125e-19
ans = 3.568283454625125e-19
nbcr = 4
lambda0 = 3.501084296647659
kmpl_prod = 0.180000000000000
 Time :      1.00000
 Time :      2.00000
 Time :      3.01000
 Time :      4.01000
 Time :      5.01000
 Time :      6.01000
 Time :      7.01000
 Time :      8.01000
 Time :      9.01000
 Time :     10.01000
 Time :     11.01000
 Time :     12.01000
 Time :     13.01000
 Time :     14.01000
 Time :     15.01000
 Time :     16.01000
 Time :     17.01000
 Time :     18.00000
 Time :     19.00000
 Time :     20.00000
 Time :     21.00000
 Time :     22.00000
 Time :     23.00000
 Time :     24.00000
 Time :     25.00000
 Time :     26.00000
 Time :     27.00000
 Time :     28.00000
 Time :     29.00000
 Time :     30.00000
 Time :     31.00000
 Time :     32.00000
 Time :     33.00000
 Time :     34.00000
 Time :     35.00000
dtime = 17.67130829393864
mbcr =

   6.048377310268654e-02   6.223167028720428e-02   6.689306490148896e-02

agsout =

 Columns 1 through 3:

   6.090480812539246e-01   1.660365492283605e-02   1.660365492283605e-02
   6.282431080333025e-01   1.669884008614706e-02   1.669884008614706e-02
   6.085889861934696e-01   1.669866532358872e-02   1.669866532358872e-02

 Column 4:

   1.660365492283605e-02
   1.669884008614706e-02
   1.669866532358872e-02

ans = 1.154148177342076e-19
ans = -7.935230470185513e-19
ans = -7.935230470185513e-19
ans = -7.935230470185513e-19
nbcr = 4
lambda0 = 3.501084296647659
kmpl_prod = 0.180000000000000
 Time :      1.00000
 Time :      2.00000
 Time :      3.01000
 Time :      4.01000
 Time :      5.01000
 Time :      6.01000
 Time :      7.01000
 Time :      8.01000
 Time :      9.01000
 Time :     10.01000
 Time :     11.01000
 Time :     12.01000
 Time :     13.01000
 Time :     14.01000
 Time :     15.01000
 Time :     16.01000
 Time :     17.01000
 Time :     18.00000
 Time :     19.00000
 Time :     20.00000
 Time :     21.00000
 Time :     22.00000
 Time :     23.00000
 Time :     24.00000
 Time :     25.00000
 Time :     26.00000
 Time :     27.00000
 Time :     28.00000
 Time :     29.00000
 Time :     30.00000
 Time :     31.00000
 Time :     32.00000
 Time :     33.00000
 Time :     34.00000
 Time :     35.00000
dtime = 17.66994036734104
mbcr =

 Columns 1 through 3:

   6.048377310268654e-02   6.223167028720428e-02   6.689306490148896e-02

 Column 4:

   7.225422005759645e-02

agsout =

 Columns 1 through 3:

   6.090480812539246e-01   1.660365492283605e-02   1.660365492283605e-02
   6.282431080333025e-01   1.669884008614706e-02   1.669884008614706e-02
   6.085889861934696e-01   1.669866532358872e-02   1.669866532358872e-02
   5.856703012016035e-01   1.669866558226223e-02   1.669866558226223e-02

 Column 4:

   1.660365492283605e-02
   1.669884008614706e-02
   1.669866532358872e-02
   1.669866558226223e-02

ans = -7.887229179239060e-20
ans = -1.234242395844967e-19
ans = -1.234242395844967e-19
ans = -1.234242395844967e-19
nbcr = 4
lambda0 = 3.501084296647659
kmpl_prod = 0.180000000000000
 Time :      1.00000
 Time :      2.00000
 Time :      3.01000
 Time :      4.01000
 Time :      5.01000
 Time :      6.01000
 Time :      7.01000
 Time :      8.01000
 Time :      9.01000
 Time :     10.01000
 Time :     11.01000
 Time :     12.01000
 Time :     13.01000
 Time :     14.01000
 Time :     15.01000
 Time :     16.01000
 Time :     17.01000
 Time :     18.00000
 Time :     19.00000
 Time :     20.00000
 Time :     21.00000
 Time :     22.00000
 Time :     23.00000
 Time :     24.00000
 Time :     25.00000
 Time :     26.00000
 Time :     27.00000
 Time :     28.00000
 Time :     29.00000
 Time :     30.00000
 Time :     31.00000
 Time :     32.00000
 Time :     33.00000
 Time :     34.00000
 Time :     35.00000
dtime = 17.59237088263035
mbcr =

 Columns 1 through 3:

   6.048377310268654e-02   6.223167028720428e-02   6.689306490148896e-02

 Columns 4 and 5:

   7.225422005759645e-02   7.790568212809809e-02

agsout =

 Columns 1 through 3:

   6.090480812539246e-01   1.660365492283605e-02   1.660365492283605e-02
   6.282431080333025e-01   1.669884008614706e-02   1.669884008614706e-02
   6.085889861934696e-01   1.669866532358872e-02   1.669866532358872e-02
   5.856703012016035e-01   1.669866558226223e-02   1.669866558226223e-02
   5.602564281144690e-01   1.669866558187167e-02   1.669866558187167e-02

 Column 4:

   1.660365492283605e-02
   1.669884008614706e-02
   1.669866532358872e-02
   1.669866558226223e-02
   1.669866558187167e-02

ans = -2.995802609422715e-20
ans = -9.212666169666467e-19
ans = -9.212666169666467e-19
ans = -9.212666169666467e-19
nbcr = 4
lambda0 = 3.501084296647659
kmpl_prod = 0.180000000000000
 Time :      1.00000
 Time :      2.00000
 Time :      3.01000
 Time :      4.01000
 Time :      5.01000
 Time :      6.01000
 Time :      7.01000
 Time :      8.01000
 Time :      9.01000
 Time :     10.01000
 Time :     11.01000
 Time :     12.01000
 Time :     13.01000
 Time :     14.01000
 Time :     15.01000
 Time :     16.01000
 Time :     17.01000
 Time :     18.00000
 Time :     19.00000
 Time :     20.00000
 Time :     21.00000
 Time :     22.00000
 Time :     23.00000
 Time :     24.00000
 Time :     25.00000
 Time :     26.00000
 Time :     27.00000
 Time :     28.00000
 Time :     29.00000
 Time :     30.00000
 Time :     31.00000
 Time :     32.00000
 Time :     33.00000
 Time :     34.00000
 Time :     35.00000
dtime = 17.53149814903736
mbcr =

 Columns 1 through 3:

   6.048377310268654e-02   6.223167028720428e-02   6.689306490148896e-02

 Columns 4 through 6:

   7.225422005759645e-02   7.790568212809809e-02   8.251190257938629e-02

agsout =

 Columns 1 through 3:

   6.090480812539246e-01   1.660365492283605e-02   1.660365492283605e-02
   6.282431080333025e-01   1.669884008614706e-02   1.669884008614706e-02
   6.085889861934696e-01   1.669866532358872e-02   1.669866532358872e-02
   5.856703012016035e-01   1.669866558226223e-02   1.669866558226223e-02
   5.602564281144690e-01   1.669866558187167e-02   1.669866558187167e-02
   5.382460376852662e-01   1.669866558187228e-02   1.669866558187228e-02

 Column 4:

   1.660365492283605e-02
   1.669884008614706e-02
   1.669866532358872e-02
   1.669866558226223e-02
   1.669866558187167e-02
   1.669866558187228e-02

ans = 7.861223137768276e-19
ans = 8.054712573765735e-19
ans = 8.054712573765735e-19
ans = 8.054712573765735e-19
nbcr = 5
lambda0 = 3.501084296647659
kmpl_prod = 0.180000000000000
 Time :      1.00000
 Time :      2.00000
 Time :      3.01000
 Time :      4.01000
 Time :      5.01000
 Time :      6.01000
 Time :      7.01000
 Time :      8.01000
 Time :      9.01000
 Time :     10.01000
 Time :     11.01000
 Time :     12.01000
 Time :     13.01000
 Time :     14.01000
 Time :     15.01000
 Time :     16.01000
 Time :     17.01000
 Time :     18.00000
 Time :     19.00000
 Time :     20.00000
 Time :     21.00000
 Time :     22.00000
 Time :     23.00000
 Time :     24.00000
 Time :     25.00000
 Time :     26.00000
 Time :     27.00000
 Time :     28.00000
 Time :     29.00000
 Time :     30.00000
 Time :     31.00000
 Time :     32.00000
 Time :     33.00000
 Time :     34.00000
 Time :     35.00000
dtime = 22.71399870514870
mbcr = 4.605928954291637e-02
agsout =

 Columns 1 through 3:

   6.090480812485313e-01   1.660365608489513e-02   1.660365608489513e-02

 Columns 4 and 5:

   1.660365608489513e-02   1.660365608489513e-02

ans = -8.910085711919717e-19
ans = 1.300983463568808e-19
ans = 1.300983463568808e-19
ans = 1.300983463568808e-19
ans = 1.300983463568808e-19
nbcr = 5
lambda0 = 3.501084296647659
kmpl_prod = 0.180000000000000
 Time :      1.00000
 Time :      2.00000
 Time :      3.01000
 Time :      4.01000
 Time :      5.01000
 Time :      6.01000
 Time :      7.01000
 Time :      8.01000
 Time :      9.01000
 Time :     10.01000
 Time :     11.01000
 Time :     12.01000
 Time :     13.01000
 Time :     14.01000
 Time :     15.01000
 Time :     16.01000
 Time :     17.01000
 Time :     18.00000
 Time :     19.00000
 Time :     20.00000
 Time :     21.00000
 Time :     22.00000
 Time :     23.00000
 Time :     24.00000
 Time :     25.00000
 Time :     26.00000
 Time :     27.00000
 Time :     28.00000
 Time :     29.00000
 Time :     30.00000
 Time :     31.00000
 Time :     32.00000
 Time :     33.00000
 Time :     34.00000
 Time :     35.00000
dtime = 22.74925298988819
mbcr =

   4.605928954291637e-02   4.741137474601344e-02

agsout =

 Columns 1 through 3:

   6.090480812485313e-01   1.660365608489513e-02   1.660365608489513e-02
   6.282431080229122e-01   1.669884136477807e-02   1.669884136477807e-02

 Columns 4 and 5:

   1.660365608489513e-02   1.660365608489513e-02
   1.669884136477807e-02   1.669884136477807e-02

ans = -4.968396065087703e-19
ans = -2.093904323101420e-19
ans = -2.093904323101420e-19
ans = -2.093904323101420e-19
ans = -2.093904323101420e-19
nbcr = 5
lambda0 = 3.501084296647659
kmpl_prod = 0.180000000000000
 Time :      1.00000
 Time :      2.00000
 Time :      3.01000
 Time :      4.01000
 Time :      5.01000
 Time :      6.01000
 Time :      7.01000
 Time :      8.01000
 Time :      9.01000
 Time :     10.01000
 Time :     11.01000
 Time :     12.01000
 Time :     13.01000
 Time :     14.01000
 Time :     15.01000
 Time :     16.01000
 Time :     17.01000
 Time :     18.00000
 Time :     19.00000
 Time :     20.00000
 Time :     21.00000
 Time :     22.00000
 Time :     23.00000
 Time :     24.00000
 Time :     25.00000
 Time :     26.00000
 Time :     27.00000
 Time :     28.00000
 Time :     29.00000
 Time :     30.00000
 Time :     31.00000
 Time :     32.00000
 Time :     33.00000
 Time :     34.00000
 Time :     35.00000
dtime = 22.91068844497204
mbcr =

   4.605928954291637e-02   4.741137474601344e-02   5.102307082715716e-02

agsout =

 Columns 1 through 3:

   6.090480812485313e-01   1.660365608489513e-02   1.660365608489513e-02
   6.282431080229122e-01   1.669884136477807e-02   1.669884136477807e-02
   6.085889861848608e-01   1.669866659669126e-02   1.669866659669126e-02

 Columns 4 and 5:

   1.660365608489513e-02   1.660365608489513e-02
   1.669884136477807e-02   1.669884136477807e-02
   1.669866659669126e-02   1.669866659669126e-02

ans = 3.152720322587672e-19
ans = 3.624705444207367e-21
ans = 3.624705444207367e-21
ans = 3.624705444207367e-21
ans = 3.624705444207367e-21
nbcr = 5
lambda0 = 3.501084296647659
kmpl_prod = 0.180000000000000
 Time :      1.00000
 Time :      2.00000
 Time :      3.01000
 Time :      4.01000
 Time :      5.01000
 Time :      6.01000
 Time :      7.01000
 Time :      8.01000
 Time :      9.01000
 Time :     10.01000
 Time :     11.01000
 Time :     12.01000
 Time :     13.01000
 Time :     14.01000
 Time :     15.01000
 Time :     16.01000
 Time :     17.01000
 Time :     18.00000
 Time :     19.00000
 Time :     20.00000
 Time :     21.00000
 Time :     22.00000
 Time :     23.00000
 Time :     24.00000
 Time :     25.00000
 Time :     26.00000
 Time :     27.00000
 Time :     28.00000
 Time :     29.00000
 Time :     30.00000
 Time :     31.00000
 Time :     32.00000
 Time :     33.00000
 Time :     34.00000
 Time :     35.00000
dtime = 22.90480434894562
mbcr =

 Columns 1 through 3:

   4.605928954291637e-02   4.741137474601344e-02   5.102307082715716e-02

 Column 4:

   5.518754808915851e-02

agsout =

 Columns 1 through 3:

   6.090480812485313e-01   1.660365608489513e-02   1.660365608489513e-02
   6.282431080229122e-01   1.669884136477807e-02   1.669884136477807e-02
   6.085889861848608e-01   1.669866659669126e-02   1.669866659669126e-02
   5.856703011956479e-01   1.669866685536203e-02   1.669866685536203e-02

 Columns 4 and 5:

   1.660365608489513e-02   1.660365608489513e-02
   1.669884136477807e-02   1.669884136477807e-02
   1.669866659669126e-02   1.669866659669126e-02
   1.669866685536203e-02   1.669866685536203e-02

ans = -9.007130915998705e-20
ans = -1.032738096699752e-18
ans = -1.032738096699752e-18
ans = -1.032738096699752e-18
ans = -1.032738096699752e-18
nbcr = 5
lambda0 = 3.501084296647659
kmpl_prod = 0.180000000000000
 Time :      1.00000
 Time :      2.00000
 Time :      3.01000
 Time :      4.01000
 Time :      5.01000
 Time :      6.01000
 Time :      7.01000
 Time :      8.01000
 Time :      9.01000
 Time :     10.01000
 Time :     11.01000
 Time :     12.01000
 Time :     13.01000
 Time :     14.01000
 Time :     15.01000
 Time :     16.01000
 Time :     17.01000
 Time :     18.00000
 Time :     19.00000
 Time :     20.00000
 Time :     21.00000
 Time :     22.00000
 Time :     23.00000
 Time :     24.00000
 Time :     25.00000
 Time :     26.00000
 Time :     27.00000
 Time :     28.00000
 Time :     29.00000
 Time :     30.00000
 Time :     31.00000
 Time :     32.00000
 Time :     33.00000
 Time :     34.00000
 Time :     35.00000
dtime = 22.67913669347763
mbcr =

 Columns 1 through 3:

   4.605928954291637e-02   4.741137474601344e-02   5.102307082715716e-02

 Columns 4 and 5:

   5.518754808915851e-02   5.958985845394480e-02

agsout =

 Columns 1 through 3:

   6.090480812485313e-01   1.660365608489513e-02   1.660365608489513e-02
   6.282431080229122e-01   1.669884136477807e-02   1.669884136477807e-02
   6.085889861848608e-01   1.669866659669126e-02   1.669866659669126e-02
   5.856703011956479e-01   1.669866685536203e-02   1.669866685536203e-02
   5.602564281110354e-01   1.669866685497148e-02   1.669866685497148e-02

 Columns 4 and 5:

   1.660365608489513e-02   1.660365608489513e-02
   1.669884136477807e-02   1.669884136477807e-02
   1.669866659669126e-02   1.669866659669126e-02
   1.669866685536203e-02   1.669866685536203e-02
   1.669866685497148e-02   1.669866685497148e-02

ans = 3.204394295453860e-20
ans = -5.295360059429186e-19
ans = -5.295360059429186e-19
ans = -5.295360059429186e-19
ans = -5.295360059429186e-19
nbcr = 5
lambda0 = 3.501084296647659
kmpl_prod = 0.180000000000000
 Time :      1.00000
 Time :      2.00000
 Time :      3.01000
 Time :      4.01000
 Time :      5.01000
 Time :      6.01000
 Time :      7.01000
 Time :      8.01000
 Time :      9.01000
 Time :     10.01000
 Time :     11.01000
 Time :     12.01000
 Time :     13.01000
 Time :     14.01000
 Time :     15.01000
 Time :     16.01000
 Time :     17.01000
 Time :     18.00000
 Time :     19.00000
 Time :     20.00000
 Time :     21.00000
 Time :     22.00000
 Time :     23.00000
 Time :     24.00000
 Time :     25.00000
 Time :     26.00000
 Time :     27.00000
 Time :     28.00000
 Time :     29.00000
 Time :     30.00000
 Time :     31.00000
 Time :     32.00000
 Time :     33.00000
 Time :     34.00000
 Time :     35.00000
dtime = 22.32624180614948
mbcr =

 Columns 1 through 3:

   4.605928954291637e-02   4.741137474601344e-02   5.102307082715716e-02

 Columns 4 through 6:

   5.518754808915851e-02   5.958985845394480e-02   6.318735382980425e-02

agsout =

 Columns 1 through 3:

   6.090480812485313e-01   1.660365608489513e-02   1.660365608489513e-02
   6.282431080229122e-01   1.669884136477807e-02   1.669884136477807e-02
   6.085889861848608e-01   1.669866659669126e-02   1.669866659669126e-02
   5.856703011956479e-01   1.669866685536203e-02   1.669866685536203e-02
   5.602564281110354e-01   1.669866685497148e-02   1.669866685497148e-02
   5.382460376829663e-01   1.669866685497207e-02   1.669866685497207e-02

 Columns 4 and 5:

   1.660365608489513e-02   1.660365608489513e-02
   1.669884136477807e-02   1.669884136477807e-02
   1.669866659669126e-02   1.669866659669126e-02
   1.669866685536203e-02   1.669866685536203e-02
   1.669866685497148e-02   1.669866685497148e-02
   1.669866685497207e-02   1.669866685497207e-02

ans = -1.071355618132855e-18
ans = 1.197140450239820e-18
ans = 1.197140450239820e-18
ans = 1.197140450239820e-18
ans = 1.197140450239820e-18
nbcr = 7
lambda0 = 3.501084296647659
kmpl_prod = 0.180000000000000
 Time :      1.00000
 Time :      2.00000
 Time :      3.01000
 Time :      4.01000
 Time :      5.01000
 Time :      6.01000
 Time :      7.01000
 Time :      8.01000
 Time :      9.01000
 Time :     10.01000
 Time :     11.01000
 Time :     12.01000
 Time :     13.01000
 Time :     14.01000
 Time :     15.01000
 Time :     16.01000
 Time :     17.01000
 Time :     18.00000
 Time :     19.00000
 Time :     20.00000
 Time :     21.00000
 Time :     22.00000
 Time :     23.00000
 Time :     24.00000
 Time :     25.00000
 Time :     26.00000
 Time :     27.00000
 Time :     28.00000
 Time :     29.00000
 Time :     30.00000
 Time :     31.00000
 Time :     32.00000
 Time :     33.00000
 Time :     34.00000
 Time :     35.00000
dtime = 31.89706094563007
mbcr = 3.118497893189958e-02
agsout =

 Columns 1 through 3:

   6.090480812440344e-01   1.660365674655695e-02   1.660365674655695e-02

 Columns 4 through 6:

   1.660365674655695e-02   1.660365674655695e-02   1.660365674655695e-02

 Column 7:

   1.660365674655695e-02

ans = -3.141369900067926e-19
ans = -5.004686724226521e-19
ans = -5.004686724226521e-19
ans = -5.004686724226521e-19
ans = -5.004686724226521e-19
ans = -5.004686724226521e-19
ans = -5.004686724226521e-19
nbcr = 7
lambda0 = 3.501084296647659
kmpl_prod = 0.180000000000000
 Time :      1.00000
 Time :      2.00000
 Time :      3.01000
 Time :      4.01000
 Time :      5.01000
 Time :      6.01000
 Time :      7.01000
 Time :      8.01000
 Time :      9.01000
 Time :     10.01000
 Time :     11.01000
 Time :     12.01000
 Time :     13.01000
 Time :     14.01000
 Time :     15.01000
 Time :     16.01000
 Time :     17.01000
 Time :     18.00000
 Time :     19.00000
 Time :     20.00000
 Time :     21.00000
 Time :     22.00000
 Time :     23.00000
 Time :     24.00000
 Time :     25.00000
 Time :     26.00000
 Time :     27.00000
 Time :     28.00000
 Time :     29.00000
 Time :     30.00000
 Time :     31.00000
 Time :     32.00000
 Time :     33.00000
 Time :     34.00000
 Time :     35.00000
dtime = 32.38222226500511
mbcr =

   3.118497893189958e-02   3.211512378574572e-02

agsout =

 Columns 1 through 3:

   6.090480812440344e-01   1.660365674655695e-02   1.660365674655695e-02
   6.282431080200853e-01   1.669884204911541e-02   1.669884204911541e-02

 Columns 4 through 6:

   1.660365674655695e-02   1.660365674655695e-02   1.660365674655695e-02
   1.669884204911541e-02   1.669884204911541e-02   1.669884204911541e-02

 Column 7:

   1.660365674655695e-02
   1.669884204911541e-02

ans = -6.665521784692668e-19
ans = -9.489982605927932e-19
ans = -9.489982605927932e-19
ans = -9.489982605927932e-19
ans = -9.489982605927932e-19
ans = -9.489982605927932e-19
ans = -9.489982605927932e-19
nbcr = 7
lambda0 = 3.501084296647659
kmpl_prod = 0.180000000000000
 Time :      1.00000
 Time :      2.00000
 Time :      3.01000
 Time :      4.01000
 Time :      5.01000
 Time :      6.01000
 Time :      7.01000
 Time :      8.01000
 Time :      9.01000
 Time :     10.01000
 Time :     11.01000
 Time :     12.01000
 Time :     13.01000
 Time :     14.01000
 Time :     15.01000
 Time :     16.01000
 Time :     17.01000
 Time :     18.00000
 Time :     19.00000
 Time :     20.00000
 Time :     21.00000
 Time :     22.00000
 Time :     23.00000
 Time :     24.00000
 Time :     25.00000
 Time :     26.00000
 Time :     27.00000
 Time :     28.00000
 Time :     29.00000
 Time :     30.00000
 Time :     31.00000
 Time :     32.00000
 Time :     33.00000
 Time :     34.00000
 Time :     35.00000
dtime = 32.55053758621216
mbcr =

   3.118497893189958e-02   3.211512378574572e-02   3.460391307872324e-02

agsout =

 Columns 1 through 3:

   6.090480812440344e-01   1.660365674655695e-02   1.660365674655695e-02
   6.282431080200853e-01   1.669884204911541e-02   1.669884204911541e-02
   6.085889861827043e-01   1.669866728106142e-02   1.669866728106142e-02

 Columns 4 through 6:

   1.660365674655695e-02   1.660365674655695e-02   1.660365674655695e-02
   1.669884204911541e-02   1.669884204911541e-02   1.669884204911541e-02
   1.669866728106142e-02   1.669866728106142e-02   1.669866728106142e-02

 Column 7:

   1.660365674655695e-02
   1.669884204911541e-02
   1.669866728106142e-02

ans = -7.241568505349393e-19
ans = -2.933825585039296e-19
ans = -2.933825585039296e-19
ans = -2.933825585039296e-19
ans = -2.933825585039296e-19
ans = -2.933825585039296e-19
ans = -2.933825585039296e-19
nbcr = 7
lambda0 = 3.501084296647659
kmpl_prod = 0.180000000000000
 Time :      1.00000
 Time :      2.00000
 Time :      3.01000
 Time :      4.01000
 Time :      5.01000
 Time :      6.01000
 Time :      7.01000
 Time :      8.01000
 Time :      9.01000
 Time :     10.01000
 Time :     11.01000
 Time :     12.01000
 Time :     13.01000
 Time :     14.01000
 Time :     15.01000
 Time :     16.01000
 Time :     17.01000
 Time :     18.00000
 Time :     19.00000
 Time :     20.00000
 Time :     21.00000
 Time :     22.00000
 Time :     23.00000
 Time :     24.00000
 Time :     25.00000
 Time :     26.00000
 Time :     27.00000
 Time :     28.00000
 Time :     29.00000
 Time :     30.00000
 Time :     31.00000
 Time :     32.00000
 Time :     33.00000
 Time :     34.00000
 Time :     35.00000
dtime = 32.18930438160896
mbcr =

 Columns 1 through 3:

   3.118497893189958e-02   3.211512378574572e-02   3.460391307872324e-02

 Column 4:

   3.748119706390830e-02

agsout =

 Columns 1 through 3:

   6.090480812440344e-01   1.660365674655695e-02   1.660365674655695e-02
   6.282431080200853e-01   1.669884204911541e-02   1.669884204911541e-02
   6.085889861827043e-01   1.669866728106142e-02   1.669866728106142e-02
   5.856703011944810e-01   1.669866753973219e-02   1.669866753973219e-02

 Columns 4 through 6:

   1.660365674655695e-02   1.660365674655695e-02   1.660365674655695e-02
   1.669884204911541e-02   1.669884204911541e-02   1.669884204911541e-02
   1.669866728106142e-02   1.669866728106142e-02   1.669866728106142e-02
   1.669866753973219e-02   1.669866753973219e-02   1.669866753973219e-02

 Column 7:

   1.660365674655695e-02
   1.669884204911541e-02
   1.669866728106142e-02
   1.669866753973219e-02

ans = -7.447766860600390e-19
ans = -2.900488138401878e-20
ans = -2.900488138401878e-20
ans = -2.900488138401878e-20
ans = -2.900488138401878e-20
ans = -2.900488138401878e-20
ans = -2.900488138401878e-20
nbcr = 7
lambda0 = 3.501084296647659
kmpl_prod = 0.180000000000000
 Time :      1.00000
 Time :      2.00000
 Time :      3.01000
 Time :      4.01000
 Time :      5.01000
 Time :      6.01000
 Time :      7.01000
 Time :      8.01000
 Time :      9.01000
 Time :     10.01000
 Time :     11.01000
 Time :     12.01000
 Time :     13.01000
 Time :     14.01000
 Time :     15.01000
 Time :     16.01000
 Time :     17.01000
 Time :     18.00000
 Time :     19.00000
 Time :     20.00000
 Time :     21.00000
 Time :     22.00000
 Time :     23.00000
 Time :     24.00000
 Time :     25.00000
 Time :     26.00000
 Time :     27.00000
 Time :     28.00000
 Time :     29.00000
 Time :     30.00000
 Time :     31.00000
 Time :     32.00000
 Time :     33.00000
 Time :     34.00000
 Time :     35.00000
dtime = 31.97977021336555
mbcr =

 Columns 1 through 3:

   3.118497893189958e-02   3.211512378574572e-02   3.460391307872324e-02

 Columns 4 and 5:

   3.748119706390830e-02   4.053166422085784e-02

agsout =

 Columns 1 through 3:

   6.090480812440344e-01   1.660365674655695e-02   1.660365674655695e-02
   6.282431080200853e-01   1.669884204911541e-02   1.669884204911541e-02
   6.085889861827043e-01   1.669866728106142e-02   1.669866728106142e-02
   5.856703011944810e-01   1.669866753973219e-02   1.669866753973219e-02
   5.602564281107543e-01   1.669866753934163e-02   1.669866753934163e-02

 Columns 4 through 6:

   1.660365674655695e-02   1.660365674655695e-02   1.660365674655695e-02
   1.669884204911541e-02   1.669884204911541e-02   1.669884204911541e-02
   1.669866728106142e-02   1.669866728106142e-02   1.669866728106142e-02
   1.669866753973219e-02   1.669866753973219e-02   1.669866753973219e-02
   1.669866753934163e-02   1.669866753934163e-02   1.669866753934163e-02

 Column 7:

   1.660365674655695e-02
   1.669884204911541e-02
   1.669866728106142e-02
   1.669866753973219e-02
   1.669866753934163e-02

ans = -3.490619466912521e-20
ans = -8.270604645690543e-19
ans = -8.270604645690543e-19
ans = -8.270604645690543e-19
ans = -8.270604645690543e-19
ans = -8.270604645690543e-19
ans = -8.270604645690543e-19
nbcr = 7
lambda0 = 3.501084296647659
kmpl_prod = 0.180000000000000
 Time :      1.00000
 Time :      2.00000
 Time :      3.01000
 Time :      4.01000
 Time :      5.01000
 Time :      6.01000
 Time :      7.01000
 Time :      8.01000
 Time :      9.01000
 Time :     10.01000
 Time :     11.01000
 Time :     12.01000
 Time :     13.01000
 Time :     14.01000
 Time :     15.01000
 Time :     16.01000
 Time :     17.01000
 Time :     18.00000
 Time :     19.00000
 Time :     20.00000
 Time :     21.00000
 Time :     22.00000
 Time :     23.00000
 Time :     24.00000
 Time :     25.00000
 Time :     26.00000
 Time :     27.00000
 Time :     28.00000
 Time :     29.00000
 Time :     30.00000
 Time :     31.00000
 Time :     32.00000
 Time :     33.00000
 Time :     34.00000
 Time :     35.00000
dtime = 31.87869451940060
mbcr =

 Columns 1 through 3:

   3.118497893189958e-02   3.211512378574572e-02   3.460391307872324e-02

 Columns 4 through 6:

   3.748119706390830e-02   4.053166422085784e-02   4.303124594052028e-02

agsout =

 Columns 1 through 3:

   6.090480812440344e-01   1.660365674655695e-02   1.660365674655695e-02
   6.282431080200853e-01   1.669884204911541e-02   1.669884204911541e-02
   6.085889861827043e-01   1.669866728106142e-02   1.669866728106142e-02
   5.856703011944810e-01   1.669866753973219e-02   1.669866753973219e-02
   5.602564281107543e-01   1.669866753934163e-02   1.669866753934163e-02
   5.382460376830192e-01   1.669866753934222e-02   1.669866753934222e-02

 Columns 4 through 6:

   1.660365674655695e-02   1.660365674655695e-02   1.660365674655695e-02
   1.669884204911541e-02   1.669884204911541e-02   1.669884204911541e-02
   1.669866728106142e-02   1.669866728106142e-02   1.669866728106142e-02
   1.669866753973219e-02   1.669866753973219e-02   1.669866753973219e-02
   1.669866753934163e-02   1.669866753934163e-02   1.669866753934163e-02
   1.669866753934222e-02   1.669866753934222e-02   1.669866753934222e-02

 Column 7:

   1.660365674655695e-02
   1.669884204911541e-02
   1.669866728106142e-02
   1.669866753973219e-02
   1.669866753934163e-02
   1.669866753934222e-02

ans = -2.579565066692090e-19
ans = -8.350206303988053e-19
ans = -8.350206303988053e-19
ans = -8.350206303988053e-19
ans = -8.350206303988053e-19
ans = -8.350206303988053e-19
ans = -8.350206303988053e-19
nbcr = 10
lambda0 = 3.501084296647659
kmpl_prod = 0.180000000000000
 Time :      1.00000
 Time :      2.00000
 Time :      3.01000
 Time :      4.01000
 Time :      5.01000
 Time :      6.01000
 Time :      7.01000
 Time :      8.01000
 Time :      9.01000
 Time :     10.01000
 Time :     11.01000
 Time :     12.01000
 Time :     13.01000
 Time :     14.01000
 Time :     15.01000
 Time :     16.01000
 Time :     17.01000
 Time :     18.00000
 Time :     19.00000
 Time :     20.00000
 Time :     21.00000
 Time :     22.00000
 Time :     23.00000
 Time :     24.00000
 Time :     25.00000
 Time :     26.00000
 Time :     27.00000
 Time :     28.00000
 Time :     29.00000
 Time :     30.00000
 Time :     31.00000
 Time :     32.00000
 Time :     33.00000
 Time :     34.00000
 Time :     35.00000
dtime = 46.72122113406658
mbcr = 2.100836774788530e-02
agsout =

 Columns 1 through 3:

   6.090480812403261e-01   1.660365710035890e-02   1.660365710035890e-02

 Columns 4 through 6:

   1.660365710035890e-02   1.660365710035890e-02   1.660365710035890e-02

 Columns 7 through 9:

   1.660365710035890e-02   1.660365710035890e-02   1.660365710035890e-02

 Column 10:

   1.660365710035890e-02

ans = -8.967687277009383e-19
ans = 2.166816158194907e-19
ans = 2.166816158194907e-19
ans = 2.166816158194907e-19
ans = 2.166816158194907e-19
ans = 2.166816158194907e-19
ans = 2.166816158194907e-19
ans = 2.166816158194907e-19
ans = 2.166816158194907e-19
ans = 2.166816158194907e-19
nbcr = 10
lambda0 = 3.501084296647659
kmpl_prod = 0.180000000000000
 Time :      1.00000
 Time :      2.00000
 Time :      3.01000
 Time :      4.01000
 Time :      5.01000
 Time :      6.01000
 Time :      7.01000
 Time :      8.01000
 Time :      9.01000
 Time :     10.01000
 Time :     11.01000
 Time :     12.01000
 Time :     13.01000
 Time :     14.01000
 Time :     15.01000
 Time :     16.01000
 Time :     17.01000
 Time :     18.00000
 Time :     19.00000
 Time :     20.00000
 Time :     21.00000
 Time :     22.00000
 Time :     23.00000
 Time :     24.00000
 Time :     25.00000
 Time :     26.00000
 Time :     27.00000
 Time :     28.00000
 Time :     29.00000
 Time :     30.00000
 Time :     31.00000
 Time :     32.00000
 Time :     33.00000
 Time :     34.00000
 Time :     35.00000
dtime = 47.09789380431175
mbcr =

   2.100836774788530e-02   2.164175839260703e-02

agsout =

 Columns 1 through 3:

   6.090480812403261e-01   1.660365710035890e-02   1.660365710035890e-02
   6.282431080178148e-01   1.669884240952875e-02   1.669884240952875e-02

 Columns 4 through 6:

   1.660365710035890e-02   1.660365710035890e-02   1.660365710035890e-02
   1.669884240952875e-02   1.669884240952875e-02   1.669884240952875e-02

 Columns 7 through 9:

   1.660365710035890e-02   1.660365710035890e-02   1.660365710035890e-02
   1.669884240952875e-02   1.669884240952875e-02   1.669884240952875e-02

 Column 10:

   1.660365710035890e-02
   1.669884240952875e-02

ans = -6.170434930281045e-19
ans = -1.202803742303664e-18
ans = -1.202803742303664e-18
ans = -1.202803742303664e-18
ans = -1.202803742303664e-18
ans = -1.202803742303664e-18
ans = -1.202803742303664e-18
ans = -1.202803742303664e-18
ans = -1.202803742303664e-18
ans = -1.202803742303664e-18
nbcr = 10
lambda0 = 3.501084296647659
kmpl_prod = 0.180000000000000
 Time :      1.00000
 Time :      2.00000
 Time :      3.01000
 Time :      4.01000
 Time :      5.01000
 Time :      6.01000
 Time :      7.01000
 Time :      8.01000
 Time :      9.01000
 Time :     10.01000
 Time :     11.01000
 Time :     12.01000
 Time :     13.01000
 Time :     14.01000
 Time :     15.01000
 Time :     16.01000
 Time :     17.01000
 Time :     18.00000
 Time :     19.00000
 Time :     20.00000
 Time :     21.00000
 Time :     22.00000
 Time :     23.00000
 Time :     24.00000
 Time :     25.00000
 Time :     26.00000
 Time :     27.00000
 Time :     28.00000
 Time :     29.00000
 Time :     30.00000
 Time :     31.00000
 Time :     32.00000
 Time :     33.00000
 Time :     34.00000
 Time :     35.00000
dtime = 46.67373597621918
mbcr =

   2.100836774788530e-02   2.164175839260703e-02   2.333847620166227e-02

agsout =

 Columns 1 through 3:

   6.090480812403261e-01   1.660365710035890e-02   1.660365710035890e-02
   6.282431080178148e-01   1.669884240952875e-02   1.669884240952875e-02
   6.085889861809952e-01   1.669866764147476e-02   1.669866764147476e-02

 Columns 4 through 6:

   1.660365710035890e-02   1.660365710035890e-02   1.660365710035890e-02
   1.669884240952875e-02   1.669884240952875e-02   1.669884240952875e-02
   1.669866764147476e-02   1.669866764147476e-02   1.669866764147476e-02

 Columns 7 through 9:

   1.660365710035890e-02   1.660365710035890e-02   1.660365710035890e-02
   1.669884240952875e-02   1.669884240952875e-02   1.669884240952875e-02
   1.669866764147476e-02   1.669866764147476e-02   1.669866764147476e-02

 Column 10:

   1.660365710035890e-02
   1.669884240952875e-02
   1.669866764147476e-02

ans = -2.107214887003620e-19
ans = -5.604762831651583e-19
ans = -5.604762831651583e-19
ans = -5.604762831651583e-19
ans = -5.604762831651583e-19
ans = -5.604762831651583e-19
ans = -5.604762831651583e-19
ans = -5.604762831651583e-19
ans = -5.604762831651583e-19
ans = -5.604762831651583e-19
nbcr = 10
lambda0 = 3.501084296647659
kmpl_prod = 0.180000000000000
 Time :      1.00000
 Time :      2.00000
 Time :      3.01000
 Time :      4.01000
 Time :      5.01000
 Time :      6.01000
 Time :      7.01000
 Time :      8.01000
 Time :      9.01000
 Time :     10.01000
 Time :     11.01000
 Time :     12.01000
 Time :     13.01000
 Time :     14.01000
 Time :     15.01000
 Time :     16.01000
 Time :     17.01000
 Time :     18.00000
 Time :     19.00000
 Time :     20.00000
 Time :     21.00000
 Time :     22.00000
 Time :     23.00000
 Time :     24.00000
 Time :     25.00000
 Time :     26.00000
 Time :     27.00000
 Time :     28.00000
 Time :     29.00000
 Time :     30.00000
 Time :     31.00000
 Time :     32.00000
 Time :     33.00000
 Time :     34.00000
 Time :     35.00000
dtime = 46.69921360909939
mbcr =

 Columns 1 through 3:

   2.100836774788530e-02   2.164175839260703e-02   2.333847620166227e-02

 Column 4:

   2.530360107300384e-02

agsout =

 Columns 1 through 3:

   6.090480812403261e-01   1.660365710035890e-02   1.660365710035890e-02
   6.282431080178148e-01   1.669884240952875e-02   1.669884240952875e-02
   6.085889861809952e-01   1.669866764147476e-02   1.669866764147476e-02
   5.856703011936074e-01   1.669866790014552e-02   1.669866790014552e-02

 Columns 4 through 6:

   1.660365710035890e-02   1.660365710035890e-02   1.660365710035890e-02
   1.669884240952875e-02   1.669884240952875e-02   1.669884240952875e-02
   1.669866764147476e-02   1.669866764147476e-02   1.669866764147476e-02
   1.669866790014552e-02   1.669866790014552e-02   1.669866790014552e-02

 Columns 7 through 9:

   1.660365710035890e-02   1.660365710035890e-02   1.660365710035890e-02
   1.669884240952875e-02   1.669884240952875e-02   1.669884240952875e-02
   1.669866764147476e-02   1.669866764147476e-02   1.669866764147476e-02
   1.669866790014552e-02   1.669866790014552e-02   1.669866790014552e-02

 Column 10:

   1.660365710035890e-02
   1.669884240952875e-02
   1.669866764147476e-02
   1.669866790014552e-02

ans = 2.860636902934546e-19
ans = -2.958233616964205e-19
ans = -2.958233616964205e-19
ans = -2.958233616964205e-19
ans = -2.958233616964205e-19
ans = -2.958233616964205e-19
ans = -2.958233616964205e-19
ans = -2.958233616964205e-19
ans = -2.958233616964205e-19
ans = -2.958233616964205e-19
nbcr = 10
lambda0 = 3.501084296647659
kmpl_prod = 0.180000000000000
 Time :      1.00000
 Time :      2.00000
 Time :      3.01000
 Time :      4.01000
 Time :      5.01000
 Time :      6.01000
 Time :      7.01000
 Time :      8.01000
 Time :      9.01000
 Time :     10.01000
 Time :     11.01000
 Time :     12.01000
 Time :     13.01000
 Time :     14.01000
 Time :     15.01000
 Time :     16.01000
 Time :     17.01000
 Time :     18.00000
 Time :     19.00000
 Time :     20.00000
 Time :     21.00000
 Time :     22.00000
 Time :     23.00000
 Time :     24.00000
 Time :     25.00000
 Time :     26.00000
 Time :     27.00000
 Time :     28.00000
 Time :     29.00000
 Time :     30.00000
 Time :     31.00000
 Time :     32.00000
 Time :     33.00000
 Time :     34.00000
 Time :     35.00000
dtime = 46.21823653578758
mbcr =

 Columns 1 through 3:

   2.100836774788530e-02   2.164175839260703e-02   2.333847620166227e-02

 Columns 4 and 5:

   2.530360107300384e-02   2.739117944979089e-02

agsout =

 Columns 1 through 3:

   6.090480812403261e-01   1.660365710035890e-02   1.660365710035890e-02
   6.282431080178148e-01   1.669884240952875e-02   1.669884240952875e-02
   6.085889861809952e-01   1.669866764147476e-02   1.669866764147476e-02
   5.856703011936074e-01   1.669866790014552e-02   1.669866790014552e-02
   5.602564281106269e-01   1.669866789975497e-02   1.669866789975497e-02

 Columns 4 through 6:

   1.660365710035890e-02   1.660365710035890e-02   1.660365710035890e-02
   1.669884240952875e-02   1.669884240952875e-02   1.669884240952875e-02
   1.669866764147476e-02   1.669866764147476e-02   1.669866764147476e-02
   1.669866790014552e-02   1.669866790014552e-02   1.669866790014552e-02
   1.669866789975497e-02   1.669866789975497e-02   1.669866789975497e-02

 Columns 7 through 9:

   1.660365710035890e-02   1.660365710035890e-02   1.660365710035890e-02
   1.669884240952875e-02   1.669884240952875e-02   1.669884240952875e-02
   1.669866764147476e-02   1.669866764147476e-02   1.669866764147476e-02
   1.669866790014552e-02   1.669866790014552e-02   1.669866790014552e-02
   1.669866789975497e-02   1.669866789975497e-02   1.669866789975497e-02

 Column 10:

   1.660365710035890e-02
   1.669884240952875e-02
   1.669866764147476e-02
   1.669866790014552e-02
   1.669866789975497e-02

ans = 4.774900085962352e-22
ans = -6.601751216252559e-19
ans = -6.601751216252559e-19
ans = -6.601751216252559e-19
ans = -6.601751216252559e-19
ans = -6.601751216252559e-19
ans = -6.601751216252559e-19
ans = -6.601751216252559e-19
ans = -6.601751216252559e-19
ans = -6.601751216252559e-19
nbcr = 10
lambda0 = 3.501084296647659
kmpl_prod = 0.180000000000000
 Time :      1.00000
 Time :      2.00000
 Time :      3.01000
 Time :      4.01000
 Time :      5.01000
 Time :      6.01000
 Time :      7.01000
 Time :      8.01000
 Time :      9.01000
 Time :     10.01000
 Time :     11.01000
 Time :     12.01000
 Time :     13.01000
 Time :     14.01000
 Time :     15.01000
 Time :     16.01000
 Time :     17.01000
 Time :     18.00000
 Time :     19.00000
 Time :     20.00000
 Time :     21.00000
 Time :     22.00000
 Time :     23.00000
 Time :     24.00000
 Time :     25.00000
 Time :     26.00000
 Time :     27.00000
 Time :     28.00000
 Time :     29.00000
 Time :     30.00000
 Time :     31.00000
 Time :     32.00000
 Time :     33.00000
 Time :     34.00000
 Time :     35.00000
dtime = 45.73446325957775
mbcr =

 Columns 1 through 3:

   2.100836774788530e-02   2.164175839260703e-02   2.333847620166227e-02

 Columns 4 through 6:

   2.530360107300384e-02   2.739117944979089e-02   2.910497162733190e-02

agsout =

 Columns 1 through 3:

   6.090480812403261e-01   1.660365710035890e-02   1.660365710035890e-02
   6.282431080178148e-01   1.669884240952875e-02   1.669884240952875e-02
   6.085889861809952e-01   1.669866764147476e-02   1.669866764147476e-02
   5.856703011936074e-01   1.669866790014552e-02   1.669866790014552e-02
   5.602564281106269e-01   1.669866789975497e-02   1.669866789975497e-02
   5.382460376831700e-01   1.669866789975556e-02   1.669866789975556e-02

 Columns 4 through 6:

   1.660365710035890e-02   1.660365710035890e-02   1.660365710035890e-02
   1.669884240952875e-02   1.669884240952875e-02   1.669884240952875e-02
   1.669866764147476e-02   1.669866764147476e-02   1.669866764147476e-02
   1.669866790014552e-02   1.669866790014552e-02   1.669866790014552e-02
   1.669866789975497e-02   1.669866789975497e-02   1.669866789975497e-02
   1.669866789975556e-02   1.669866789975556e-02   1.669866789975556e-02

 Columns 7 through 9:

   1.660365710035890e-02   1.660365710035890e-02   1.660365710035890e-02
   1.669884240952875e-02   1.669884240952875e-02   1.669884240952875e-02
   1.669866764147476e-02   1.669866764147476e-02   1.669866764147476e-02
   1.669866790014552e-02   1.669866790014552e-02   1.669866790014552e-02
   1.669866789975497e-02   1.669866789975497e-02   1.669866789975497e-02
   1.669866789975556e-02   1.669866789975556e-02   1.669866789975556e-02

 Column 10:

   1.660365710035890e-02
   1.669884240952875e-02
   1.669866764147476e-02
   1.669866790014552e-02
   1.669866789975497e-02
   1.669866789975556e-02

ans = 7.636883742331711e-19
ans = -6.679859813544410e-19
ans = -6.679859813544410e-19
ans = -6.679859813544410e-19
ans = -6.679859813544410e-19
ans = -6.679859813544410e-19
ans = -6.679859813544410e-19
ans = -6.679859813544410e-19
ans = -6.679859813544410e-19
ans = -6.679859813544410e-19
nbcr = 15
lambda0 = 3.501084296647659
kmpl_prod = 0.180000000000000
 Time :      1.00000
 Time :      2.00000
 Time :      3.01000
 Time :      4.01000
 Time :      5.01000
 Time :      6.01000
 Time :      7.01000
 Time :      8.01000
 Time :      9.01000
 Time :     10.01000
 Time :     11.01000
 Time :     12.01000
 Time :     13.01000
 Time :     14.01000
 Time :     15.01000
 Time :     16.01000
 Time :     17.01000
 Time :     18.00000
 Time :     19.00000
 Time :     20.00000
 Time :     21.00000
 Time :     22.00000
 Time :     23.00000
 Time :     24.00000
 Time :     25.00000
 Time :     26.00000
 Time :     27.00000
 Time :     28.00000
 Time :     29.00000
 Time :     30.00000
 Time :     31.00000
 Time :     32.00000
 Time :     33.00000
 Time :     34.00000
 Time :     35.00000
dtime = 72.58207462728024
mbcr = 1.360747597866463e-02
agsout =

 Columns 1 through 3:

   6.090480812366756e-01   1.660365732387810e-02   1.660365732387810e-02

 Columns 4 through 6:

   1.660365732387810e-02   1.660365732387810e-02   1.660365732387810e-02

 Columns 7 through 9:

   1.660365732387810e-02   1.660365732387810e-02   1.660365732387810e-02

 Columns 10 through 12:

   1.660365732387810e-02   1.660365732387810e-02   1.660365732387810e-02

 Columns 13 through 15:

   1.660365732387810e-02   1.660365732387810e-02   1.660365732387810e-02

ans = -5.552301212599751e-19
ans = -5.355429915512787e-19
ans = -5.355429915512787e-19
ans = -5.355429915512787e-19
ans = -5.355429915512787e-19
ans = -5.355429915512787e-19
ans = -5.355429915512787e-19
ans = -5.355429915512787e-19
ans = -5.355429915512787e-19
ans = -5.355429915512787e-19
ans = -5.355429915512787e-19
ans = -5.355429915512787e-19
ans = -5.355429915512787e-19
ans = -5.355429915512787e-19
ans = -5.355429915512787e-19
nbcr = 15
lambda0 = 3.501084296647659
kmpl_prod = 0.180000000000000
 Time :      1.00000
 Time :      2.00000
 Time :      3.01000
 Time :      4.01000
 Time :      5.01000
 Time :      6.01000
 Time :      7.01000
 Time :      8.01000
 Time :      9.01000
 Time :     10.01000
 Time :     11.01000
 Time :     12.01000
 Time :     13.01000
 Time :     14.01000
 Time :     15.01000
 Time :     16.01000
 Time :     17.01000
 Time :     18.00000
 Time :     19.00000
 Time :     20.00000
 Time :     21.00000
 Time :     22.00000
 Time :     23.00000
 Time :     24.00000
 Time :     25.00000
 Time :     26.00000
 Time :     27.00000
 Time :     28.00000
 Time :     29.00000
 Time :     30.00000
 Time :     31.00000
 Time :     32.00000
 Time :     33.00000
 Time :     34.00000
 Time :     35.00000
dtime = 72.28862419724464
mbcr =

   1.360747597866463e-02   1.402092950062111e-02

agsout =

 Columns 1 through 3:

   6.090480812366756e-01   1.660365732387810e-02   1.660365732387810e-02
   6.282431080155999e-01   1.669884264034348e-02   1.669884264034348e-02

 Columns 4 through 6:

   1.660365732387810e-02   1.660365732387810e-02   1.660365732387810e-02
   1.669884264034348e-02   1.669884264034348e-02   1.669884264034348e-02

 Columns 7 through 9:

   1.660365732387810e-02   1.660365732387810e-02   1.660365732387810e-02
   1.669884264034348e-02   1.669884264034348e-02   1.669884264034348e-02

 Columns 10 through 12:

   1.660365732387810e-02   1.660365732387810e-02   1.660365732387810e-02
   1.669884264034348e-02   1.669884264034348e-02   1.669884264034348e-02

 Columns 13 through 15:

   1.660365732387810e-02   1.660365732387810e-02   1.660365732387810e-02
   1.669884264034348e-02   1.669884264034348e-02   1.669884264034348e-02

ans = -8.721841427984509e-19
ans = -1.521009370604850e-19
ans = -1.521009370604850e-19
ans = -1.521009370604850e-19
ans = -1.521009370604850e-19
ans = -1.521009370604850e-19
ans = -1.521009370604850e-19
ans = -1.521009370604850e-19
ans = -1.521009370604850e-19
ans = -1.521009370604850e-19
ans = -1.521009370604850e-19
ans = -1.521009370604850e-19
ans = -1.521009370604850e-19
ans = -1.521009370604850e-19
ans = -1.521009370604850e-19
nbcr = 15
lambda0 = 3.501084296647659
kmpl_prod = 0.180000000000000
 Time :      1.00000
 Time :      2.00000
 Time :      3.01000
 Time :      4.01000
 Time :      5.01000
 Time :      6.01000
 Time :      7.01000
 Time :      8.01000
 Time :      9.01000
 Time :     10.01000
 Time :     11.01000
 Time :     12.01000
 Time :     13.01000
 Time :     14.01000
 Time :     15.01000
 Time :     16.01000
 Time :     17.01000
 Time :     18.00000
 Time :     19.00000
 Time :     20.00000
 Time :     21.00000
 Time :     22.00000
 Time :     23.00000
 Time :     24.00000
 Time :     25.00000
 Time :     26.00000
 Time :     27.00000
 Time :     28.00000
 Time :     29.00000
 Time :     30.00000
 Time :     31.00000
 Time :     32.00000
 Time :     33.00000
 Time :     34.00000
 Time :     35.00000
dtime = 71.67347967624664
mbcr =

   1.360747597866463e-02   1.402092950062111e-02   1.512941232611306e-02

agsout =

 Columns 1 through 3:

   6.090480812366756e-01   1.660365732387810e-02   1.660365732387810e-02
   6.282431080155999e-01   1.669884264034348e-02   1.669884264034348e-02
   6.085889861793501e-01   1.669866787227356e-02   1.669866787227356e-02

 Columns 4 through 6:

   1.660365732387810e-02   1.660365732387810e-02   1.660365732387810e-02
   1.669884264034348e-02   1.669884264034348e-02   1.669884264034348e-02
   1.669866787227356e-02   1.669866787227356e-02   1.669866787227356e-02

 Columns 7 through 9:

   1.660365732387810e-02   1.660365732387810e-02   1.660365732387810e-02
   1.669884264034348e-02   1.669884264034348e-02   1.669884264034348e-02
   1.669866787227356e-02   1.669866787227356e-02   1.669866787227356e-02

 Columns 10 through 12:

   1.660365732387810e-02   1.660365732387810e-02   1.660365732387810e-02
   1.669884264034348e-02   1.669884264034348e-02   1.669884264034348e-02
   1.669866787227356e-02   1.669866787227356e-02   1.669866787227356e-02

 Columns 13 through 15:

   1.660365732387810e-02   1.660365732387810e-02   1.660365732387810e-02
   1.669884264034348e-02   1.669884264034348e-02   1.669884264034348e-02
   1.669866787227356e-02   1.669866787227356e-02   1.669866787227356e-02

ans = -7.256692791991586e-19
ans = -7.911668230436940e-19
ans = -7.911668230436940e-19
ans = -7.911668230436940e-19
ans = -7.911668230436940e-19
ans = -7.911668230436940e-19
ans = -7.911668230436940e-19
ans = -7.911668230436940e-19
ans = -7.911668230436940e-19
ans = -7.911668230436940e-19
ans = -7.911668230436940e-19
ans = -7.911668230436940e-19
ans = -7.911668230436940e-19
ans = -7.911668230436940e-19
ans = -7.911668230436940e-19
nbcr = 15
lambda0 = 3.501084296647659
kmpl_prod = 0.180000000000000
 Time :      1.00000
 Time :      2.00000
 Time :      3.01000
 Time :      4.01000
 Time :      5.01000
 Time :      6.01000
 Time :      7.01000
 Time :      8.01000
 Time :      9.01000
 Time :     10.01000
 Time :     11.01000
 Time :     12.01000
 Time :     13.01000
 Time :     14.01000
 Time :     15.01000
 Time :     16.01000
 Time :     17.01000
 Time :     18.00000
 Time :     19.00000
 Time :     20.00000
 Time :     21.00000
 Time :     22.00000
 Time :     23.00000
 Time :     24.00000
 Time :     25.00000
 Time :     26.00000
 Time :     27.00000
 Time :     28.00000
 Time :     29.00000
 Time :     30.00000
 Time :     31.00000
 Time :     32.00000
 Time :     33.00000
 Time :     34.00000
 Time :     35.00000
dtime = 71.19441367685795
mbcr =

 Columns 1 through 3:

   1.360747597866463e-02   1.402092950062111e-02   1.512941232611306e-02

 Column 4:

   1.641494250070565e-02

agsout =

 Columns 1 through 3:

   6.090480812366756e-01   1.660365732387810e-02   1.660365732387810e-02
   6.282431080155999e-01   1.669884264034348e-02   1.669884264034348e-02
   6.085889861793501e-01   1.669866787227356e-02   1.669866787227356e-02
   5.856703011928144e-01   1.669866813094434e-02   1.669866813094434e-02

 Columns 4 through 6:

   1.660365732387810e-02   1.660365732387810e-02   1.660365732387810e-02
   1.669884264034348e-02   1.669884264034348e-02   1.669884264034348e-02
   1.669866787227356e-02   1.669866787227356e-02   1.669866787227356e-02
   1.669866813094434e-02   1.669866813094434e-02   1.669866813094434e-02

 Columns 7 through 9:

   1.660365732387810e-02   1.660365732387810e-02   1.660365732387810e-02
   1.669884264034348e-02   1.669884264034348e-02   1.669884264034348e-02
   1.669866787227356e-02   1.669866787227356e-02   1.669866787227356e-02
   1.669866813094434e-02   1.669866813094434e-02   1.669866813094434e-02

 Columns 10 through 12:

   1.660365732387810e-02   1.660365732387810e-02   1.660365732387810e-02
   1.669884264034348e-02   1.669884264034348e-02   1.669884264034348e-02
   1.669866787227356e-02   1.669866787227356e-02   1.669866787227356e-02
   1.669866813094434e-02   1.669866813094434e-02   1.669866813094434e-02

 Columns 13 through 15:

   1.660365732387810e-02   1.660365732387810e-02   1.660365732387810e-02
   1.669884264034348e-02   1.669884264034348e-02   1.669884264034348e-02
   1.669866787227356e-02   1.669866787227356e-02   1.669866787227356e-02
   1.669866813094434e-02   1.669866813094434e-02   1.669866813094434e-02

ans = -1.263957179140315e-18
ans = -5.267914206704676e-19
ans = -5.267914206704676e-19
ans = -5.267914206704676e-19
ans = -5.267914206704676e-19
ans = -5.267914206704676e-19
ans = -5.267914206704676e-19
ans = -5.267914206704676e-19
ans = -5.267914206704676e-19
ans = -5.267914206704676e-19
ans = -5.267914206704676e-19
ans = -5.267914206704676e-19
ans = -5.267914206704676e-19
ans = -5.267914206704676e-19
ans = -5.267914206704676e-19
nbcr = 15
lambda0 = 3.501084296647659
kmpl_prod = 0.180000000000000
 Time :      1.00000
 Time :      2.00000
 Time :      3.01000
 Time :      4.01000
 Time :      5.01000
 Time :      6.01000
 Time :      7.01000
 Time :      8.01000
 Time :      9.01000
 Time :     10.01000
 Time :     11.01000
 Time :     12.01000
 Time :     13.01000
 Time :     14.01000
 Time :     15.01000
 Time :     16.01000
 Time :     17.01000
 Time :     18.00000
 Time :     19.00000
 Time :     20.00000
 Time :     21.00000
 Time :     22.00000
 Time :     23.00000
 Time :     24.00000
 Time :     25.00000
 Time :     26.00000
 Time :     27.00000
 Time :     28.00000
 Time :     29.00000
 Time :     30.00000
 Time :     31.00000
 Time :     32.00000
 Time :     33.00000
 Time :     34.00000
 Time :     35.00000
dtime = 70.94149813055992
mbcr =

 Columns 1 through 3:

   1.360747597866463e-02   1.402092950062111e-02   1.512941232611306e-02

 Columns 4 and 5:

   1.641494250070565e-02   1.778257450203881e-02

agsout =

 Columns 1 through 3:

   6.090480812366756e-01   1.660365732387810e-02   1.660365732387810e-02
   6.282431080155999e-01   1.669884264034348e-02   1.669884264034348e-02
   6.085889861793501e-01   1.669866787227356e-02   1.669866787227356e-02
   5.856703011928144e-01   1.669866813094434e-02   1.669866813094434e-02
   5.602564281105934e-01   1.669866813055380e-02   1.669866813055380e-02

 Columns 4 through 6:

   1.660365732387810e-02   1.660365732387810e-02   1.660365732387810e-02
   1.669884264034348e-02   1.669884264034348e-02   1.669884264034348e-02
   1.669866787227356e-02   1.669866787227356e-02   1.669866787227356e-02
   1.669866813094434e-02   1.669866813094434e-02   1.669866813094434e-02
   1.669866813055380e-02   1.669866813055380e-02   1.669866813055380e-02

 Columns 7 through 9:

   1.660365732387810e-02   1.660365732387810e-02   1.660365732387810e-02
   1.669884264034348e-02   1.669884264034348e-02   1.669884264034348e-02
   1.669866787227356e-02   1.669866787227356e-02   1.669866787227356e-02
   1.669866813094434e-02   1.669866813094434e-02   1.669866813094434e-02
   1.669866813055380e-02   1.669866813055380e-02   1.669866813055380e-02

 Columns 10 through 12:

   1.660365732387810e-02   1.660365732387810e-02   1.660365732387810e-02
   1.669884264034348e-02   1.669884264034348e-02   1.669884264034348e-02
   1.669866787227356e-02   1.669866787227356e-02   1.669866787227356e-02
   1.669866813094434e-02   1.669866813094434e-02   1.669866813094434e-02
   1.669866813055380e-02   1.669866813055380e-02   1.669866813055380e-02

 Columns 13 through 15:

   1.660365732387810e-02   1.660365732387810e-02   1.660365732387810e-02
   1.669884264034348e-02   1.669884264034348e-02   1.669884264034348e-02
   1.669866787227356e-02   1.669866787227356e-02   1.669866787227356e-02
   1.669866813094434e-02   1.669866813094434e-02   1.669866813094434e-02
   1.669866813055380e-02   1.669866813055380e-02   1.669866813055380e-02

ans = -2.710246937272338e-19
ans = -4.574482495346879e-19
ans = -4.574482495346879e-19
ans = -4.574482495346879e-19
ans = -4.574482495346879e-19
ans = -4.574482495346879e-19
ans = -4.574482495346879e-19
ans = -4.574482495346879e-19
ans = -4.574482495346879e-19
ans = -4.574482495346879e-19
ans = -4.574482495346879e-19
ans = -4.574482495346879e-19
ans = -4.574482495346879e-19
ans = -4.574482495346879e-19
ans = -4.574482495346879e-19
nbcr = 15
lambda0 = 3.501084296647659
kmpl_prod = 0.180000000000000
 Time :      1.00000
 Time :      2.00000
 Time :      3.01000
 Time :      4.01000
 Time :      5.01000
 Time :      6.01000
 Time :      7.01000
 Time :      8.01000
 Time :      9.01000
 Time :     10.01000
 Time :     11.01000
 Time :     12.01000
 Time :     13.01000
 Time :     14.01000
 Time :     15.01000
 Time :     16.01000
 Time :     17.01000
 Time :     18.00000
 Time :     19.00000
 Time :     20.00000
 Time :     21.00000
 Time :     22.00000
 Time :     23.00000
 Time :     24.00000
 Time :     25.00000
 Time :     26.00000
 Time :     27.00000
 Time :     28.00000
 Time :     29.00000
 Time :     30.00000
 Time :     31.00000
 Time :     32.00000
 Time :     33.00000
 Time :     34.00000
 Time :     35.00000
dtime = 71.15390896797180
mbcr =

 Columns 1 through 3:

   1.360747597866463e-02   1.402092950062111e-02   1.512941232611306e-02

 Columns 4 through 6:

   1.641494250070565e-02   1.778257450203881e-02   1.890686882535953e-02

agsout =

 Columns 1 through 3:

   6.090480812366756e-01   1.660365732387810e-02   1.660365732387810e-02
   6.282431080155999e-01   1.669884264034348e-02   1.669884264034348e-02
   6.085889861793501e-01   1.669866787227356e-02   1.669866787227356e-02
   5.856703011928144e-01   1.669866813094434e-02   1.669866813094434e-02
   5.602564281105934e-01   1.669866813055380e-02   1.669866813055380e-02
   5.382460376834185e-01   1.669866813055438e-02   1.669866813055438e-02

 Columns 4 through 6:

   1.660365732387810e-02   1.660365732387810e-02   1.660365732387810e-02
   1.669884264034348e-02   1.669884264034348e-02   1.669884264034348e-02
   1.669866787227356e-02   1.669866787227356e-02   1.669866787227356e-02
   1.669866813094434e-02   1.669866813094434e-02   1.669866813094434e-02
   1.669866813055380e-02   1.669866813055380e-02   1.669866813055380e-02
   1.669866813055438e-02   1.669866813055438e-02   1.669866813055438e-02

 Columns 7 through 9:

   1.660365732387810e-02   1.660365732387810e-02   1.660365732387810e-02
   1.669884264034348e-02   1.669884264034348e-02   1.669884264034348e-02
   1.669866787227356e-02   1.669866787227356e-02   1.669866787227356e-02
   1.669866813094434e-02   1.669866813094434e-02   1.669866813094434e-02
   1.669866813055380e-02   1.669866813055380e-02   1.669866813055380e-02
   1.669866813055438e-02   1.669866813055438e-02   1.669866813055438e-02

 Columns 10 through 12:

   1.660365732387810e-02   1.660365732387810e-02   1.660365732387810e-02
   1.669884264034348e-02   1.669884264034348e-02   1.669884264034348e-02
   1.669866787227356e-02   1.669866787227356e-02   1.669866787227356e-02
   1.669866813094434e-02   1.669866813094434e-02   1.669866813094434e-02
   1.669866813055380e-02   1.669866813055380e-02   1.669866813055380e-02
   1.669866813055438e-02   1.669866813055438e-02   1.669866813055438e-02

 Columns 13 through 15:

   1.660365732387810e-02   1.660365732387810e-02   1.660365732387810e-02
   1.669884264034348e-02   1.669884264034348e-02   1.669884264034348e-02
   1.669866787227356e-02   1.669866787227356e-02   1.669866787227356e-02
   1.669866813094434e-02   1.669866813094434e-02   1.669866813094434e-02
   1.669866813055380e-02   1.669866813055380e-02   1.669866813055380e-02
   1.669866813055438e-02   1.669866813055438e-02   1.669866813055438e-02

ans = -4.703016539767846e-19
ans = -8.991190628606925e-19
ans = -8.991190628606925e-19
ans = -8.991190628606925e-19
ans = -8.991190628606925e-19
ans = -8.991190628606925e-19
ans = -8.991190628606925e-19
ans = -8.991190628606925e-19
ans = -8.991190628606925e-19
ans = -8.991190628606925e-19
ans = -8.991190628606925e-19
ans = -8.991190628606925e-19
ans = -8.991190628606925e-19
ans = -8.991190628606925e-19
ans = -8.991190628606925e-19
