warning: function /home/surgeon/flu/amcode/perelson21/1d2agt/4paper/2submit/run.m shadows a core library function
warning: called from
    driver at line 1 column 1

lambda0 = 3.501084296647659
kmpl_prod = 0.180000000000000
nbcr = 2
lambda0 = 3.501084296647659
kmpl_prod = 0.180000000000000
 Time :      1.00000
 Time :      2.00000
 Time :      3.01000
 Time :      4.01000
 Time :      5.01000
 Time :      6.01000
 Time :      7.01000
 Time :      8.01000
 Time :      9.01000
 Time :     10.01000
 Time :     11.01000
 Time :     12.01000
 Time :     13.01000
 Time :     14.01000
 Time :     15.01000
 Time :     16.01000
 Time :     17.01000
 Time :     18.00000
 Time :     19.00000
 Time :     20.00000
 Time :     21.00000
 Time :     22.00000
 Time :     23.00000
 Time :     24.00000
 Time :     25.00000
 Time :     26.00000
 Time :     27.00000
 Time :     28.00000
 Time :     29.00000
 Time :     30.00000
 Time :     31.00000
 Time :     32.00000
 Time :     33.00000
 Time :     34.00000
 Time :     35.00000
dtime = 5.019707232713699
mbcr = 0.500000000000000
agsout =

   1.019248880775435e-02   1.019248880775436e-02

ans = -1.317957209738396e-19
ans = -4.025540625438313e-19
nbcr = 2
lambda0 = 3.501084296647659
kmpl_prod = 0.180000000000000
 Time :      1.00000
 Time :      2.00000
 Time :      3.01000
 Time :      4.01000
 Time :      5.01000
 Time :      6.01000
 Time :      7.01000
 Time :      8.01000
 Time :      9.01000
 Time :     10.01000
 Time :     11.01000
 Time :     12.01000
 Time :     13.01000
 Time :     14.01000
 Time :     15.01000
 Time :     16.01000
 Time :     17.01000
 Time :     18.00000
 Time :     19.00000
 Time :     20.00000
 Time :     21.00000
 Time :     22.00000
 Time :     23.00000
 Time :     24.00000
 Time :     25.00000
 Time :     26.00000
 Time :     27.00000
 Time :     28.00000
 Time :     29.00000
 Time :     30.00000
 Time :     31.00000
 Time :     32.00000
 Time :     33.00000
 Time :     34.00000
 Time :     35.00000
dtime = 5.142116546630859
mbcr =

   0.500000000000000   0.609276619399141

agsout =

   1.019248880775435e-02   1.019248880775436e-02
   6.430696833887338e-04   1.091019176186686e-02

ans = -3.557538378468061e-19
ans = -9.902013676749784e-20
nbcr = 2
lambda0 = 3.501084296647659
kmpl_prod = 0.180000000000000
 Time :      1.00000
 Time :      2.00000
 Time :      3.01000
 Time :      4.01000
 Time :      5.01000
 Time :      6.01000
 Time :      7.01000
 Time :      8.01000
 Time :      9.01000
 Time :     10.01000
 Time :     11.01000
 Time :     12.01000
 Time :     13.01000
 Time :     14.01000
 Time :     15.01000
 Time :     16.01000
 Time :     17.01000
 Time :     18.00000
 Time :     19.00000
 Time :     20.00000
 Time :     21.00000
 Time :     22.00000
 Time :     23.00000
 Time :     24.00000
 Time :     25.00000
 Time :     26.00000
 Time :     27.00000
 Time :     28.00000
 Time :     29.00000
 Time :     30.00000
 Time :     31.00000
 Time :     32.00000
 Time :     33.00000
 Time :     34.00000
 Time :     35.00000
dtime = 5.419614538550377
mbcr =

   0.500000000000000   0.609276619399141   0.620957187231288

agsout =

   1.019248880775435e-02   1.019248880775436e-02
   6.430696833887338e-04   1.091019176186686e-02
   2.051919557561379e-04   1.092009899389066e-02

ans = -9.486769009248164e-19
ans = -7.912776652457761e-19
nbcr = 2
lambda0 = 3.501084296647659
kmpl_prod = 0.180000000000000
 Time :      1.00000
 Time :      2.00000
 Time :      3.01000
 Time :      4.01000
 Time :      5.01000
 Time :      6.01000
 Time :      7.01000
 Time :      8.01000
 Time :      9.01000
 Time :     10.01000
 Time :     11.01000
 Time :     12.01000
 Time :     13.01000
 Time :     14.01000
 Time :     15.01000
 Time :     16.01000
 Time :     17.01000
 Time :     18.00000
 Time :     19.00000
 Time :     20.00000
 Time :     21.00000
 Time :     22.00000
 Time :     23.00000
 Time :     24.00000
 Time :     25.00000
 Time :     26.00000
 Time :     27.00000
 Time :     28.00000
 Time :     29.00000
 Time :     30.00000
 Time :     31.00000
 Time :     32.00000
 Time :     33.00000
 Time :     34.00000
 Time :     35.00000
dtime = 5.464615300297737
mbcr =

   0.500000000000000   0.609276619399141   0.620957187231288   0.618910468654024

agsout =

   1.019248880775435e-02   1.019248880775436e-02
   6.430696833887338e-04   1.091019176186686e-02
   2.051919557561379e-04   1.092009899389066e-02
   7.296636721698874e-05   1.104529613910629e-02

ans = -3.659182332138577e-19
ans = -7.874428559259802e-20
nbcr = 2
lambda0 = 3.501084296647659
kmpl_prod = 0.180000000000000
 Time :      1.00000
 Time :      2.00000
 Time :      3.01000
 Time :      4.01000
 Time :      5.01000
 Time :      6.01000
 Time :      7.01000
 Time :      8.01000
 Time :      9.01000
 Time :     10.01000
 Time :     11.01000
 Time :     12.01000
 Time :     13.01000
 Time :     14.01000
 Time :     15.01000
 Time :     16.01000
 Time :     17.01000
 Time :     18.00000
 Time :     19.00000
 Time :     20.00000
 Time :     21.00000
 Time :     22.00000
 Time :     23.00000
 Time :     24.00000
 Time :     25.00000
 Time :     26.00000
 Time :     27.00000
 Time :     28.00000
 Time :     29.00000
 Time :     30.00000
 Time :     31.00000
 Time :     32.00000
 Time :     33.00000
 Time :     34.00000
 Time :     35.00000
dtime = 5.536853894591331
mbcr =

 Columns 1 through 4:

   0.500000000000000   0.609276619399141   0.620957187231288   0.618910468654024

 Column 5:

   0.610252277697288

agsout =

   1.019248880775435e-02   1.019248880775436e-02
   6.430696833887338e-04   1.091019176186686e-02
   2.051919557561379e-04   1.092009899389066e-02
   7.296636721698874e-05   1.104529613910629e-02
   4.690922712462678e-05   1.112345627313219e-02

ans = -4.743384504624082e-19
ans = -3.392366953753473e-19
nbcr = 2
lambda0 = 3.501084296647659
kmpl_prod = 0.180000000000000
 Time :      1.00000
 Time :      2.00000
 Time :      3.01000
 Time :      4.01000
 Time :      5.01000
 Time :      6.01000
 Time :      7.01000
 Time :      8.01000
 Time :      9.01000
 Time :     10.01000
 Time :     11.01000
 Time :     12.01000
 Time :     13.01000
 Time :     14.01000
 Time :     15.01000
 Time :     16.01000
 Time :     17.01000
 Time :     18.00000
 Time :     19.00000
 Time :     20.00000
 Time :     21.00000
 Time :     22.00000
 Time :     23.00000
 Time :     24.00000
 Time :     25.00000
 Time :     26.00000
 Time :     27.00000
 Time :     28.00000
 Time :     29.00000
 Time :     30.00000
 Time :     31.00000
 Time :     32.00000
 Time :     33.00000
 Time :     34.00000
 Time :     35.00000
dtime = 5.589287728071213
mbcr =

 Columns 1 through 4:

   0.500000000000000   0.609276619399141   0.620957187231288   0.618910468654024

 Columns 5 and 6:

   0.610252277697288   0.605299890383056

agsout =

   1.019248880775435e-02   1.019248880775436e-02
   6.430696833887338e-04   1.091019176186686e-02
   2.051919557561379e-04   1.092009899389066e-02
   7.296636721698874e-05   1.104529613910629e-02
   4.690922712462678e-05   1.112345627313219e-02
   4.054708921129126e-05   1.115701344665536e-02

ans = -2.710505431213761e-19
ans = -2.982350067723188e-19
nbcr = 3
lambda0 = 3.501084296647659
kmpl_prod = 0.180000000000000
 Time :      1.00000
 Time :      2.00000
 Time :      3.01000
 Time :      4.01000
 Time :      5.01000
 Time :      6.01000
 Time :      7.01000
 Time :      8.01000
 Time :      9.01000
 Time :     10.01000
 Time :     11.01000
 Time :     12.01000
 Time :     13.01000
 Time :     14.01000
 Time :     15.01000
 Time :     16.01000
 Time :     17.01000
 Time :     18.00000
 Time :     19.00000
 Time :     20.00000
 Time :     21.00000
 Time :     22.00000
 Time :     23.00000
 Time :     24.00000
 Time :     25.00000
 Time :     26.00000
 Time :     27.00000
 Time :     28.00000
 Time :     29.00000
 Time :     30.00000
 Time :     31.00000
 Time :     32.00000
 Time :     33.00000
 Time :     34.00000
 Time :     35.00000
dtime = 11.87462881207466
mbcr = 0.333333333333333
agsout =

   8.014074275369851e-03   8.014074275369851e-03   8.014074275369851e-03

ans = -1.213887859114298e-18
ans = -4.978932455854682e-19
ans = -9.316270541388734e-19
nbcr = 3
lambda0 = 3.501084296647659
kmpl_prod = 0.180000000000000
 Time :      1.00000
 Time :      2.00000
 Time :      3.01000
 Time :      4.01000
 Time :      5.01000
 Time :      6.01000
 Time :      7.01000
 Time :      8.01000
 Time :      9.01000
 Time :     10.01000
 Time :     11.01000
 Time :     12.01000
 Time :     13.01000
 Time :     14.01000
 Time :     15.01000
 Time :     16.01000
 Time :     17.01000
 Time :     18.00000
 Time :     19.00000
 Time :     20.00000
 Time :     21.00000
 Time :     22.00000
 Time :     23.00000
 Time :     24.00000
 Time :     25.00000
 Time :     26.00000
 Time :     27.00000
 Time :     28.00000
 Time :     29.00000
 Time :     30.00000
 Time :     31.00000
 Time :     32.00000
 Time :     33.00000
 Time :     34.00000
 Time :     35.00000
dtime = 12.52127587795258
mbcr =

   0.333333333333333   0.471288274393028

agsout =

   8.014074275369851e-03   8.014074275369851e-03   8.014074275369851e-03
   3.765884876845345e-04   9.042498233562589e-03   9.042498233562591e-03

ans = -5.628533934504826e-19
ans = -2.500666253421309e-19
ans = -2.502055916850398e-19
nbcr = 3
lambda0 = 3.501084296647659
kmpl_prod = 0.180000000000000
 Time :      1.00000
 Time :      2.00000
 Time :      3.01000
 Time :      4.01000
 Time :      5.01000
 Time :      6.01000
 Time :      7.01000
 Time :      8.01000
 Time :      9.01000
 Time :     10.01000
 Time :     11.01000
 Time :     12.01000
 Time :     13.01000
 Time :     14.01000
 Time :     15.01000
 Time :     16.01000
 Time :     17.01000
 Time :     18.00000
 Time :     19.00000
 Time :     20.00000
 Time :     21.00000
 Time :     22.00000
 Time :     23.00000
 Time :     24.00000
 Time :     25.00000
 Time :     26.00000
 Time :     27.00000
 Time :     28.00000
 Time :     29.00000
 Time :     30.00000
 Time :     31.00000
 Time :     32.00000
 Time :     33.00000
 Time :     34.00000
 Time :     35.00000
dtime = 12.92115300893784
mbcr =

   0.333333333333333   0.471288274393028   0.485566296783966

agsout =

   8.014074275369851e-03   8.014074275369851e-03   8.014074275369851e-03
   3.765884876845345e-04   9.042498233562589e-03   9.042498233562591e-03
   1.211215558019431e-04   8.942561083591885e-03   8.942561083591885e-03

ans = -1.260385025514399e-18
ans = -6.310064584799516e-19
ans = -6.310329282595533e-19
nbcr = 3
lambda0 = 3.501084296647659
kmpl_prod = 0.180000000000000
 Time :      1.00000
 Time :      2.00000
 Time :      3.01000
 Time :      4.01000
 Time :      5.01000
 Time :      6.01000
 Time :      7.01000
 Time :      8.01000
 Time :      9.01000
 Time :     10.01000
 Time :     11.01000
 Time :     12.01000
 Time :     13.01000
 Time :     14.01000
 Time :     15.01000
 Time :     16.01000
 Time :     17.01000
 Time :     18.00000
 Time :     19.00000
 Time :     20.00000
 Time :     21.00000
 Time :     22.00000
 Time :     23.00000
 Time :     24.00000
 Time :     25.00000
 Time :     26.00000
 Time :     27.00000
 Time :     28.00000
 Time :     29.00000
 Time :     30.00000
 Time :     31.00000
 Time :     32.00000
 Time :     33.00000
 Time :     34.00000
 Time :     35.00000
dtime = 12.79385536909103
mbcr =

   0.333333333333333   0.471288274393028   0.485566296783966   0.483869924187512

agsout =

   8.014074275369851e-03   8.014074275369851e-03   8.014074275369851e-03
   3.765884876845345e-04   9.042498233562589e-03   9.042498233562591e-03
   1.211215558019431e-04   8.942561083591885e-03   8.942561083591885e-03
   4.465241636704389e-05   9.021861966393502e-03   9.021861966393511e-03

ans = -5.149960319306146e-19
ans = 1.224624353272506e-18
ans = 7.891303043755884e-19
nbcr = 3
lambda0 = 3.501084296647659
kmpl_prod = 0.180000000000000
 Time :      1.00000
 Time :      2.00000
 Time :      3.01000
 Time :      4.01000
 Time :      5.01000
 Time :      6.01000
 Time :      7.01000
 Time :      8.01000
 Time :      9.01000
 Time :     10.01000
 Time :     11.01000
 Time :     12.01000
 Time :     13.01000
 Time :     14.01000
 Time :     15.01000
 Time :     16.01000
 Time :     17.01000
 Time :     18.00000
 Time :     19.00000
 Time :     20.00000
 Time :     21.00000
 Time :     22.00000
 Time :     23.00000
 Time :     24.00000
 Time :     25.00000
 Time :     26.00000
 Time :     27.00000
 Time :     28.00000
 Time :     29.00000
 Time :     30.00000
 Time :     31.00000
 Time :     32.00000
 Time :     33.00000
 Time :     34.00000
 Time :     35.00000
dtime = 12.49085962772369
mbcr =

 Columns 1 through 4:

   0.333333333333333   0.471288274393028   0.485566296783966   0.483869924187512

 Column 5:

   0.475481215207759

agsout =

   8.014074275369851e-03   8.014074275369851e-03   8.014074275369851e-03
   3.765884876845345e-04   9.042498233562589e-03   9.042498233562591e-03
   1.211215558019431e-04   8.942561083591885e-03   8.942561083591885e-03
   4.465241636704389e-05   9.021861966393502e-03   9.021861966393511e-03
   3.073741655597378e-05   9.071955801045258e-03   9.071955801045256e-03

ans = -5.692061405548898e-19
ans = -4.710495803468974e-19
ans = -3.746135558130152e-20
nbcr = 3
lambda0 = 3.501084296647659
kmpl_prod = 0.180000000000000
 Time :      1.00000
 Time :      2.00000
 Time :      3.01000
 Time :      4.01000
 Time :      5.01000
 Time :      6.01000
 Time :      7.01000
 Time :      8.01000
 Time :      9.01000
 Time :     10.01000
 Time :     11.01000
 Time :     12.01000
 Time :     13.01000
 Time :     14.01000
 Time :     15.01000
 Time :     16.01000
 Time :     17.01000
 Time :     18.00000
 Time :     19.00000
 Time :     20.00000
 Time :     21.00000
 Time :     22.00000
 Time :     23.00000
 Time :     24.00000
 Time :     25.00000
 Time :     26.00000
 Time :     27.00000
 Time :     28.00000
 Time :     29.00000
 Time :     30.00000
 Time :     31.00000
 Time :     32.00000
 Time :     33.00000
 Time :     34.00000
 Time :     35.00000
dtime = 12.04308494925499
mbcr =

 Columns 1 through 4:

   0.333333333333333   0.471288274393028   0.485566296783966   0.483869924187512

 Columns 5 and 6:

   0.475481215207759   0.470682338972130

agsout =

   8.014074275369851e-03   8.014074275369851e-03   8.014074275369851e-03
   3.765884876845345e-04   9.042498233562589e-03   9.042498233562591e-03
   1.211215558019431e-04   8.942561083591885e-03   8.942561083591885e-03
   4.465241636704389e-05   9.021861966393502e-03   9.021861966393511e-03
   3.073741655597378e-05   9.071955801045258e-03   9.071955801045256e-03
   2.747517338062562e-05   9.091136445240736e-03   9.091136445240731e-03

ans = -2.981555974335137e-19
ans = -4.740737526663912e-19
ans = -9.078671182239002e-19
nbcr = 4
lambda0 = 3.501084296647659
kmpl_prod = 0.180000000000000
 Time :      1.00000
 Time :      2.00000
 Time :      3.01000
 Time :      4.01000
 Time :      5.01000
 Time :      6.01000
 Time :      7.01000
 Time :      8.01000
 Time :      9.01000
 Time :     10.01000
 Time :     11.01000
 Time :     12.01000
 Time :     13.01000
 Time :     14.01000
 Time :     15.01000
 Time :     16.01000
 Time :     17.01000
 Time :     18.00000
 Time :     19.00000
 Time :     20.00000
 Time :     21.00000
 Time :     22.00000
 Time :     23.00000
 Time :     24.00000
 Time :     25.00000
 Time :     26.00000
 Time :     27.00000
 Time :     28.00000
 Time :     29.00000
 Time :     30.00000
 Time :     31.00000
 Time :     32.00000
 Time :     33.00000
 Time :     34.00000
 Time :     35.00000
dtime = 18.03976334631443
mbcr = 0.250000000000000
agsout =

 Columns 1 through 3:

   6.933070881985207e-03   6.933070881985235e-03   6.933070881985228e-03

 Column 4:

   6.933070881985227e-03

ans = 3.224955937530397e-19
ans = -6.721206436462873e-19
ans = -1.105523579954671e-18
ans = -6.718294760706687e-19
nbcr = 4
lambda0 = 3.501084296647659
kmpl_prod = 0.180000000000000
 Time :      1.00000
 Time :      2.00000
 Time :      3.01000
 Time :      4.01000
 Time :      5.01000
 Time :      6.01000
 Time :      7.01000
 Time :      8.01000
 Time :      9.01000
 Time :     10.01000
 Time :     11.01000
 Time :     12.01000
 Time :     13.01000
 Time :     14.01000
 Time :     15.01000
 Time :     16.01000
 Time :     17.01000
 Time :     18.00000
 Time :     19.00000
 Time :     20.00000
 Time :     21.00000
 Time :     22.00000
 Time :     23.00000
 Time :     24.00000
 Time :     25.00000
 Time :     26.00000
 Time :     27.00000
 Time :     28.00000
 Time :     29.00000
 Time :     30.00000
 Time :     31.00000
 Time :     32.00000
 Time :     33.00000
 Time :     34.00000
 Time :     35.00000
dtime = 18.79421509802341
mbcr =

   0.250000000000000   0.401188091416415

agsout =

 Columns 1 through 3:

   6.933070881985207e-03   6.933070881985235e-03   6.933070881985228e-03
   2.662466826036597e-04   8.063306117795911e-03   8.063306117795909e-03

 Column 4:

   6.933070881985227e-03
   8.063306117795913e-03

ans = -9.101369018247457e-19
ans = -3.562964683286409e-19
ans = -7.886009087835545e-19
ans = -7.889185461387748e-19
nbcr = 4
lambda0 = 3.501084296647659
kmpl_prod = 0.180000000000000
 Time :      1.00000
 Time :      2.00000
 Time :      3.01000
 Time :      4.01000
 Time :      5.01000
 Time :      6.01000
 Time :      7.01000
 Time :      8.01000
 Time :      9.01000
 Time :     10.01000
 Time :     11.01000
 Time :     12.01000
 Time :     13.01000
 Time :     14.01000
 Time :     15.01000
 Time :     16.01000
 Time :     17.01000
 Time :     18.00000
 Time :     19.00000
 Time :     20.00000
 Time :     21.00000
 Time :     22.00000
 Time :     23.00000
 Time :     24.00000
 Time :     25.00000
 Time :     26.00000
 Time :     27.00000
 Time :     28.00000
 Time :     29.00000
 Time :     30.00000
 Time :     31.00000
 Time :     32.00000
 Time :     33.00000
 Time :     34.00000
 Time :     35.00000
dtime = 19.37845051288605
mbcr =

   0.250000000000000   0.401188091416415   0.415611190667971

agsout =

 Columns 1 through 3:

   6.933070881985207e-03   6.933070881985235e-03   6.933070881985228e-03
   2.662466826036597e-04   8.063306117795911e-03   8.063306117795909e-03
   8.790779919287558e-05   7.897180370258845e-03   7.897180370258839e-03

 Column 4:

   6.933070881985227e-03
   8.063306117795913e-03
   7.897180370258846e-03

ans = 1.355252715606881e-19
ans = 2.957336125999585e-19
ans = -1.389663429089086e-19
ans = -1.373119816838026e-19
nbcr = 4
lambda0 = 3.501084296647659
kmpl_prod = 0.180000000000000
 Time :      1.00000
 Time :      2.00000
 Time :      3.01000
 Time :      4.01000
 Time :      5.01000
 Time :      6.01000
 Time :      7.01000
 Time :      8.01000
 Time :      9.01000
 Time :     10.01000
 Time :     11.01000
 Time :     12.01000
 Time :     13.01000
 Time :     14.01000
 Time :     15.01000
 Time :     16.01000
 Time :     17.01000
 Time :     18.00000
 Time :     19.00000
 Time :     20.00000
 Time :     21.00000
 Time :     22.00000
 Time :     23.00000
 Time :     24.00000
 Time :     25.00000
 Time :     26.00000
 Time :     27.00000
 Time :     28.00000
 Time :     29.00000
 Time :     30.00000
 Time :     31.00000
 Time :     32.00000
 Time :     33.00000
 Time :     34.00000
 Time :     35.00000
dtime = 19.33689974248409
mbcr =

   0.250000000000000   0.401188091416415   0.415611190667971   0.415440798195236

agsout =

 Columns 1 through 3:

   6.933070881985207e-03   6.933070881985235e-03   6.933070881985228e-03
   2.662466826036597e-04   8.063306117795911e-03   8.063306117795909e-03
   8.790779919287558e-05   7.897180370258845e-03   7.897180370258839e-03
   3.397396800918891e-05   7.952768281637306e-03   7.952768281637303e-03

 Column 4:

   6.933070881985227e-03
   8.063306117795913e-03
   7.897180370258846e-03
   7.952768281637303e-03

ans = -2.846030702774449e-19
ans = -2.306311896695850e-19
ans = -6.652120311702444e-19
ans = -6.633856163777273e-19
nbcr = 4
lambda0 = 3.501084296647659
kmpl_prod = 0.180000000000000
 Time :      1.00000
 Time :      2.00000
 Time :      3.01000
 Time :      4.01000
 Time :      5.01000
 Time :      6.01000
 Time :      7.01000
 Time :      8.01000
 Time :      9.01000
 Time :     10.01000
 Time :     11.01000
 Time :     12.01000
 Time :     13.01000
 Time :     14.01000
 Time :     15.01000
 Time :     16.01000
 Time :     17.01000
 Time :     18.00000
 Time :     19.00000
 Time :     20.00000
 Time :     21.00000
 Time :     22.00000
 Time :     23.00000
 Time :     24.00000
 Time :     25.00000
 Time :     26.00000
 Time :     27.00000
 Time :     28.00000
 Time :     29.00000
 Time :     30.00000
 Time :     31.00000
 Time :     32.00000
 Time :     33.00000
 Time :     34.00000
 Time :     35.00000
dtime = 19.41443905234337
mbcr =

 Columns 1 through 4:

   0.250000000000000   0.401188091416415   0.415611190667971   0.415440798195236

 Column 5:

   0.408144568421851

agsout =

 Columns 1 through 3:

   6.933070881985207e-03   6.933070881985235e-03   6.933070881985228e-03
   2.662466826036597e-04   8.063306117795911e-03   8.063306117795909e-03
   8.790779919287558e-05   7.897180370258845e-03   7.897180370258839e-03
   3.397396800918891e-05   7.952768281637306e-03   7.952768281637303e-03
   2.386589872411404e-05   7.990668145786079e-03   7.990668145786110e-03

 Column 4:

   6.933070881985227e-03
   8.063306117795913e-03
   7.897180370258846e-03
   7.952768281637303e-03
   7.990668145786108e-03

ans = -8.673617379884035e-19
ans = 5.275559423516198e-19
ans = -3.399910840939956e-19
ans = 9.345155688379085e-20
nbcr = 4
lambda0 = 3.501084296647659
kmpl_prod = 0.180000000000000
 Time :      1.00000
 Time :      2.00000
 Time :      3.01000
 Time :      4.01000
 Time :      5.01000
 Time :      6.01000
 Time :      7.01000
 Time :      8.01000
 Time :      9.01000
 Time :     10.01000
 Time :     11.01000
 Time :     12.01000
 Time :     13.01000
 Time :     14.01000
 Time :     15.01000
 Time :     16.01000
 Time :     17.01000
 Time :     18.00000
 Time :     19.00000
 Time :     20.00000
 Time :     21.00000
 Time :     22.00000
 Time :     23.00000
 Time :     24.00000
 Time :     25.00000
 Time :     26.00000
 Time :     27.00000
 Time :     28.00000
 Time :     29.00000
 Time :     30.00000
 Time :     31.00000
 Time :     32.00000
 Time :     33.00000
 Time :     34.00000
 Time :     35.00000
dtime = 18.88325102627277
mbcr =

 Columns 1 through 4:

   0.250000000000000   0.401188091416415   0.415611190667971   0.415440798195236

 Columns 5 and 6:

   0.408144568421851   0.403711544863183

agsout =

 Columns 1 through 3:

   6.933070881985207e-03   6.933070881985235e-03   6.933070881985228e-03
   2.662466826036597e-04   8.063306117795911e-03   8.063306117795909e-03
   8.790779919287558e-05   7.897180370258845e-03   7.897180370258839e-03
   3.397396800918891e-05   7.952768281637306e-03   7.952768281637303e-03
   2.386589872411404e-05   7.990668145786079e-03   7.990668145786110e-03
   2.146665790811287e-05   8.004121028783803e-03   8.004121028783803e-03

 Column 4:

   6.933070881985227e-03
   8.063306117795913e-03
   7.897180370258846e-03
   7.952768281637303e-03
   7.990668145786108e-03
   8.004121028783801e-03

ans = 1.490777987167569e-19
ans = -7.768880313098036e-21
ans = 4.254884722074766e-19
ans = -8.258571235729428e-21
nbcr = 5
lambda0 = 3.501084296647659
kmpl_prod = 0.180000000000000
 Time :      1.00000
 Time :      2.00000
 Time :      3.01000
 Time :      4.01000
 Time :      5.01000
 Time :      6.01000
 Time :      7.01000
 Time :      8.01000
 Time :      9.01000
 Time :     10.01000
 Time :     11.01000
 Time :     12.01000
 Time :     13.01000
 Time :     14.01000
 Time :     15.01000
 Time :     16.01000
 Time :     17.01000
 Time :     18.00000
 Time :     19.00000
 Time :     20.00000
 Time :     21.00000
 Time :     22.00000
 Time :     23.00000
 Time :     24.00000
 Time :     25.00000
 Time :     26.00000
 Time :     27.00000
 Time :     28.00000
 Time :     29.00000
 Time :     30.00000
 Time :     31.00000
 Time :     32.00000
 Time :     33.00000
 Time :     34.00000
 Time :     35.00000
dtime = 22.55726046860218
mbcr = 0.200000000000000
agsout =

 Columns 1 through 3:

   6.290806564923796e-03   6.290806564923777e-03   6.290806564923826e-03

 Columns 4 and 5:

   6.290806564923830e-03   6.290806564923794e-03

ans = 4.379805538182524e-19
ans = -9.724864676765427e-19
ans = -9.715070858312799e-19
ans = -5.371909421266374e-19
ans = -9.701703619613943e-19
nbcr = 5
lambda0 = 3.501084296647659
kmpl_prod = 0.180000000000000
 Time :      1.00000
 Time :      2.00000
 Time :      3.01000
 Time :      4.01000
 Time :      5.01000
 Time :      6.01000
 Time :      7.01000
 Time :      8.01000
 Time :      9.01000
 Time :     10.01000
 Time :     11.01000
 Time :     12.01000
 Time :     13.01000
 Time :     14.01000
 Time :     15.01000
 Time :     16.01000
 Time :     17.01000
 Time :     18.00000
 Time :     19.00000
 Time :     20.00000
 Time :     21.00000
 Time :     22.00000
 Time :     23.00000
 Time :     24.00000
 Time :     25.00000
 Time :     26.00000
 Time :     27.00000
 Time :     28.00000
 Time :     29.00000
 Time :     30.00000
 Time :     31.00000
 Time :     32.00000
 Time :     33.00000
 Time :     34.00000
 Time :     35.00000
dtime = 24.08133186399937
mbcr =

   0.200000000000000   0.358641320819154

agsout =

 Columns 1 through 3:

   6.290806564923796e-03   6.290806564923777e-03   6.290806564923826e-03
   2.075634093468507e-04   7.464638372317946e-03   7.464638372317914e-03

 Columns 4 and 5:

   6.290806564923830e-03   6.290806564923794e-03
   7.464638372317918e-03   7.464638372317913e-03

ans = -1.329841727189252e-19
ans = -4.449834648841263e-19
ans = -4.438320294714525e-19
ans = -1.134230055932712e-20
ans = -4.450231695535289e-19
nbcr = 5
lambda0 = 3.501084296647659
kmpl_prod = 0.180000000000000
 Time :      1.00000
 Time :      2.00000
 Time :      3.01000
 Time :      4.01000
 Time :      5.01000
 Time :      6.01000
 Time :      7.01000
 Time :      8.01000
 Time :      9.01000
 Time :     10.01000
 Time :     11.01000
 Time :     12.01000
 Time :     13.01000
 Time :     14.01000
 Time :     15.01000
 Time :     16.01000
 Time :     17.01000
 Time :     18.00000
 Time :     19.00000
 Time :     20.00000
 Time :     21.00000
 Time :     22.00000
 Time :     23.00000
 Time :     24.00000
 Time :     25.00000
 Time :     26.00000
 Time :     27.00000
 Time :     28.00000
 Time :     29.00000
 Time :     30.00000
 Time :     31.00000
 Time :     32.00000
 Time :     33.00000
 Time :     34.00000
 Time :     35.00000
dtime = 24.23586733639240
mbcr =

   0.200000000000000   0.358641320819154   0.372767602983211

agsout =

 Columns 1 through 3:

   6.290806564923796e-03   6.290806564923777e-03   6.290806564923826e-03
   2.075634093468507e-04   7.464638372317946e-03   7.464638372317914e-03
   7.051666786161332e-05   7.255909572066731e-03   7.255909572066723e-03

 Columns 4 and 5:

   6.290806564923830e-03   6.290806564923794e-03
   7.464638372317918e-03   7.464638372317913e-03
   7.255909572066723e-03   7.255909572066723e-03

ans = -1.829591166069289e-19
ans = -1.642449824285292e-20
ans = -4.525538218502117e-19
ans = -4.537317270424872e-19
ans = -4.502774208044657e-19
nbcr = 5
lambda0 = 3.501084296647659
kmpl_prod = 0.180000000000000
 Time :      1.00000
 Time :      2.00000
 Time :      3.01000
 Time :      4.01000
 Time :      5.01000
 Time :      6.01000
 Time :      7.01000
 Time :      8.01000
 Time :      9.01000
 Time :     10.01000
 Time :     11.01000
 Time :     12.01000
 Time :     13.01000
 Time :     14.01000
 Time :     15.01000
 Time :     16.01000
 Time :     17.01000
 Time :     18.00000
 Time :     19.00000
 Time :     20.00000
 Time :     21.00000
 Time :     22.00000
 Time :     23.00000
 Time :     24.00000
 Time :     25.00000
 Time :     26.00000
 Time :     27.00000
 Time :     28.00000
 Time :     29.00000
 Time :     30.00000
 Time :     31.00000
 Time :     32.00000
 Time :     33.00000
 Time :     34.00000
 Time :     35.00000
dtime = 24.49881099164486
mbcr =

   0.200000000000000   0.358641320819154   0.372767602983211   0.373937742700755

agsout =

 Columns 1 through 3:

   6.290806564923796e-03   6.290806564923777e-03   6.290806564923826e-03
   2.075634093468507e-04   7.464638372317946e-03   7.464638372317914e-03
   7.051666786161332e-05   7.255909572066731e-03   7.255909572066723e-03
   2.838781631477597e-05   7.298526044340834e-03   7.298526044340834e-03

 Columns 4 and 5:

   6.290806564923830e-03   6.290806564923794e-03
   7.464638372317918e-03   7.464638372317913e-03
   7.255909572066723e-03   7.255909572066723e-03
   7.298526044340837e-03   7.298526044340837e-03

ans = 2.710505431213761e-20
ans = -6.698442426005414e-19
ans = -1.105589754403676e-18
ans = -1.102135448165654e-18
ans = -6.678193044610116e-19
nbcr = 5
lambda0 = 3.501084296647659
kmpl_prod = 0.180000000000000
 Time :      1.00000
 Time :      2.00000
 Time :      3.01000
 Time :      4.01000
 Time :      5.01000
 Time :      6.01000
 Time :      7.01000
 Time :      8.01000
 Time :      9.01000
 Time :     10.01000
 Time :     11.01000
 Time :     12.01000
 Time :     13.01000
 Time :     14.01000
 Time :     15.01000
 Time :     16.01000
 Time :     17.01000
 Time :     18.00000
 Time :     19.00000
 Time :     20.00000
 Time :     21.00000
 Time :     22.00000
 Time :     23.00000
 Time :     24.00000
 Time :     25.00000
 Time :     26.00000
 Time :     27.00000
 Time :     28.00000
 Time :     29.00000
 Time :     30.00000
 Time :     31.00000
 Time :     32.00000
 Time :     33.00000
 Time :     34.00000
 Time :     35.00000
dtime = 24.62880425155163
mbcr =

 Columns 1 through 4:

   0.200000000000000   0.358641320819154   0.372767602983211   0.373937742700755

 Column 5:

   0.367645901646874

agsout =

 Columns 1 through 3:

   6.290806564923796e-03   6.290806564923777e-03   6.290806564923826e-03
   2.075634093468507e-04   7.464638372317946e-03   7.464638372317914e-03
   7.051666786161332e-05   7.255909572066731e-03   7.255909572066723e-03
   2.838781631477597e-05   7.298526044340834e-03   7.298526044340834e-03
   2.005010638660280e-05   7.330283990189154e-03   7.330283990189156e-03

 Columns 4 and 5:

   6.290806564923830e-03   6.290806564923794e-03
   7.464638372317918e-03   7.464638372317913e-03
   7.255909572066723e-03   7.255909572066723e-03
   7.298526044340837e-03   7.298526044340837e-03
   7.330283990189152e-03   7.330283990189158e-03

ans = -2.981555974335137e-19
ans = -1.419944856953428e-18
ans = -9.874551280413023e-19
ans = -1.421983029982758e-18
ans = -9.868727928900650e-19
nbcr = 5
lambda0 = 3.501084296647659
kmpl_prod = 0.180000000000000
 Time :      1.00000
 Time :      2.00000
 Time :      3.01000
 Time :      4.01000
 Time :      5.01000
 Time :      6.01000
 Time :      7.01000
 Time :      8.01000
 Time :      9.01000
 Time :     10.01000
 Time :     11.01000
 Time :     12.01000
 Time :     13.01000
 Time :     14.01000
 Time :     15.01000
 Time :     16.01000
 Time :     17.01000
 Time :     18.00000
 Time :     19.00000
 Time :     20.00000
 Time :     21.00000
 Time :     22.00000
 Time :     23.00000
 Time :     24.00000
 Time :     25.00000
 Time :     26.00000
 Time :     27.00000
 Time :     28.00000
 Time :     29.00000
 Time :     30.00000
 Time :     31.00000
 Time :     32.00000
 Time :     33.00000
 Time :     34.00000
 Time :     35.00000
dtime = 23.45887497067451
mbcr =

 Columns 1 through 4:

   0.200000000000000   0.358641320819154   0.372767602983211   0.373937742700755

 Columns 5 and 6:

   0.367645901646874   0.363547813117946

agsout =

 Columns 1 through 3:

   6.290806564923796e-03   6.290806564923777e-03   6.290806564923826e-03
   2.075634093468507e-04   7.464638372317946e-03   7.464638372317914e-03
   7.051666786161332e-05   7.255909572066731e-03   7.255909572066723e-03
   2.838781631477597e-05   7.298526044340834e-03   7.298526044340834e-03
   2.005010638660280e-05   7.330283990189154e-03   7.330283990189156e-03
   1.801210759608362e-05   7.341038030886472e-03   7.341038030886485e-03

 Columns 4 and 5:

   6.290806564923830e-03   6.290806564923794e-03
   7.464638372317918e-03   7.464638372317913e-03
   7.255909572066723e-03   7.255909572066723e-03
   7.298526044340837e-03   7.298526044340837e-03
   7.330283990189152e-03   7.330283990189158e-03
   7.341038030886478e-03   7.341038030886485e-03

ans = -1.057097118173367e-18
ans = -7.081989532434002e-19
ans = 1.575216584096982e-19
ans = -2.753915869760544e-19
ans = -2.756430498822705e-19
nbcr = 7
lambda0 = 3.501084296647659
kmpl_prod = 0.180000000000000
 Time :      1.00000
 Time :      2.00000
 Time :      3.01000
 Time :      4.01000
 Time :      5.01000
 Time :      6.01000
 Time :      7.01000
 Time :      8.01000
 Time :      9.01000
 Time :     10.01000
 Time :     11.01000
 Time :     12.01000
 Time :     13.01000
 Time :     14.01000
 Time :     15.01000
 Time :     16.01000
 Time :     17.01000
 Time :     18.00000
 Time :     19.00000
 Time :     20.00000
 Time :     21.00000
 Time :     22.00000
 Time :     23.00000
 Time :     24.00000
 Time :     25.00000
 Time :     26.00000
 Time :     27.00000
 Time :     28.00000
 Time :     29.00000
 Time :     30.00000
 Time :     31.00000
 Time :     32.00000
 Time :     33.00000
 Time :     34.00000
 Time :     35.00000
dtime = 32.05504640936852
mbcr = 0.142857142857143
agsout =

 Columns 1 through 3:

   5.567288560682136e-03   5.567288560682110e-03   5.567288560682100e-03

 Columns 4 through 6:

   5.567288560682144e-03   5.567288560682121e-03   5.567288560682121e-03

 Column 7:

   5.567288560682122e-03

ans = -5.451968096852319e-19
ans = -7.188265697534815e-19
ans = 1.479395981938839e-19
ans = -7.206000449867952e-19
ans = -2.867074177557798e-19
ans = 1.469602163486211e-19
ans = -7.196736027007358e-19
nbcr = 7
lambda0 = 3.501084296647659
kmpl_prod = 0.180000000000000
 Time :      1.00000
 Time :      2.00000
 Time :      3.01000
 Time :      4.01000
 Time :      5.01000
 Time :      6.01000
 Time :      7.01000
 Time :      8.01000
 Time :      9.01000
 Time :     10.01000
 Time :     11.01000
 Time :     12.01000
 Time :     13.01000
 Time :     14.01000
 Time :     15.01000
 Time :     16.01000
 Time :     17.01000
 Time :     18.00000
 Time :     19.00000
 Time :     20.00000
 Time :     21.00000
 Time :     22.00000
 Time :     23.00000
 Time :     24.00000
 Time :     25.00000
 Time :     26.00000
 Time :     27.00000
 Time :     28.00000
 Time :     29.00000
 Time :     30.00000
 Time :     31.00000
 Time :     32.00000
 Time :     33.00000
 Time :     34.00000
 Time :     35.00000
dtime = 34.38422307372093
mbcr =

   0.142857142857143   0.309216187895896

agsout =

 Columns 1 through 3:

   5.567288560682136e-03   5.567288560682110e-03   5.567288560682100e-03
   1.475979858497636e-04   6.778032771316015e-03   6.778032771315965e-03

 Columns 4 through 6:

   5.567288560682144e-03   5.567288560682121e-03   5.567288560682121e-03
   6.778032771315951e-03   6.778032771316060e-03   6.778032771316026e-03

 Column 7:

   5.567288560682122e-03
   6.778032771315943e-03

ans = -3.244136187983970e-19
ans = -1.347841177318405e-19
ans = -5.684120471668389e-19
ans = -1.000690017842151e-18
ans = -5.689149729792712e-19
ans = -5.684649867260423e-19
ans = -5.684649867260423e-19
nbcr = 7
lambda0 = 3.501084296647659
kmpl_prod = 0.180000000000000
 Time :      1.00000
 Time :      2.00000
 Time :      3.01000
 Time :      4.01000
 Time :      5.01000
 Time :      6.01000
 Time :      7.01000
 Time :      8.01000
 Time :      9.01000
 Time :     10.01000
 Time :     11.01000
 Time :     12.01000
 Time :     13.01000
 Time :     14.01000
 Time :     15.01000
 Time :     16.01000
 Time :     17.01000
 Time :     18.00000
 Time :     19.00000
 Time :     20.00000
 Time :     21.00000
 Time :     22.00000
 Time :     23.00000
 Time :     24.00000
 Time :     25.00000
 Time :     26.00000
 Time :     27.00000
 Time :     28.00000
 Time :     29.00000
 Time :     30.00000
 Time :     31.00000
 Time :     32.00000
 Time :     33.00000
 Time :     34.00000
 Time :     35.00000
dtime = 34.45840291678905
mbcr =

   0.142857142857143   0.309216187895896   0.322829078542350

agsout =

 Columns 1 through 3:

   5.567288560682136e-03   5.567288560682110e-03   5.567288560682100e-03
   1.475979858497636e-04   6.778032771316015e-03   6.778032771315965e-03
   5.265318504506220e-05   6.519333318679268e-03   6.519333318679310e-03

 Columns 4 through 6:

   5.567288560682144e-03   5.567288560682121e-03   5.567288560682121e-03
   6.778032771315951e-03   6.778032771316060e-03   6.778032771316026e-03
   6.519333318679306e-03   6.519333318679287e-03   6.519333318679299e-03

 Column 7:

   5.567288560682122e-03
   6.778032771315943e-03
   6.519333318679299e-03

ans = 3.388131789017201e-20
ans = -9.870580813472769e-20
ans = -5.293161826951326e-19
ans = -5.306132018956158e-19
ans = -5.334719380925990e-19
ans = -5.277544656986325e-19
ans = -5.277544656986325e-19
nbcr = 7
lambda0 = 3.501084296647659
kmpl_prod = 0.180000000000000
 Time :      1.00000
 Time :      2.00000
 Time :      3.01000
 Time :      4.01000
 Time :      5.01000
 Time :      6.01000
 Time :      7.01000
 Time :      8.01000
 Time :      9.01000
 Time :     10.01000
 Time :     11.01000
 Time :     12.01000
 Time :     13.01000
 Time :     14.01000
 Time :     15.01000
 Time :     16.01000
 Time :     17.01000
 Time :     18.00000
 Time :     19.00000
 Time :     20.00000
 Time :     21.00000
 Time :     22.00000
 Time :     23.00000
 Time :     24.00000
 Time :     25.00000
 Time :     26.00000
 Time :     27.00000
 Time :     28.00000
 Time :     29.00000
 Time :     30.00000
 Time :     31.00000
 Time :     32.00000
 Time :     33.00000
 Time :     34.00000
 Time :     35.00000
dtime = 34.79754813015461
mbcr =

   0.142857142857143   0.309216187895896   0.322829078542350   0.325714975076323

agsout =

 Columns 1 through 3:

   5.567288560682136e-03   5.567288560682110e-03   5.567288560682100e-03
   1.475979858497636e-04   6.778032771316015e-03   6.778032771315965e-03
   5.265318504506220e-05   6.519333318679268e-03   6.519333318679310e-03
   2.252705989085433e-05   6.550039849547352e-03   6.550039849547344e-03

 Columns 4 through 6:

   5.567288560682144e-03   5.567288560682121e-03   5.567288560682121e-03
   6.778032771315951e-03   6.778032771316060e-03   6.778032771316026e-03
   6.519333318679306e-03   6.519333318679287e-03   6.519333318679299e-03
   6.550039849547344e-03   6.550039849547352e-03   6.550039849547352e-03

 Column 7:

   5.567288560682122e-03
   6.778032771315943e-03
   6.519333318679299e-03
   6.550039849547352e-03

ans = -6.776263578034403e-19
ans = -1.094551856309768e-18
ans = -6.622738856344561e-19
ans = -2.260254480188897e-19
ans = -6.623532949732612e-19
ans = -2.293077006895001e-19
ans = -2.292018215710933e-19
nbcr = 7
lambda0 = 3.501084296647659
kmpl_prod = 0.180000000000000
 Time :      1.00000
 Time :      2.00000
 Time :      3.01000
 Time :      4.01000
 Time :      5.01000
 Time :      6.01000
 Time :      7.01000
 Time :      8.01000
 Time :      9.01000
 Time :     10.01000
 Time :     11.01000
 Time :     12.01000
 Time :     13.01000
 Time :     14.01000
 Time :     15.01000
 Time :     16.01000
 Time :     17.01000
 Time :     18.00000
 Time :     19.00000
 Time :     20.00000
 Time :     21.00000
 Time :     22.00000
 Time :     23.00000
 Time :     24.00000
 Time :     25.00000
 Time :     26.00000
 Time :     27.00000
 Time :     28.00000
 Time :     29.00000
 Time :     30.00000
 Time :     31.00000
 Time :     32.00000
 Time :     33.00000
 Time :     34.00000
 Time :     35.00000
dtime = 34.29289385676384
mbcr =

 Columns 1 through 4:

   0.142857142857143   0.309216187895896   0.322829078542350   0.325714975076323

 Column 5:

   0.320932640552576

agsout =

 Columns 1 through 3:

   5.567288560682136e-03   5.567288560682110e-03   5.567288560682100e-03
   1.475979858497636e-04   6.778032771316015e-03   6.778032771315965e-03
   5.265318504506220e-05   6.519333318679268e-03   6.519333318679310e-03
   2.252705989085433e-05   6.550039849547352e-03   6.550039849547344e-03
   1.590424962797751e-05   6.576521045134925e-03   6.576521045134943e-03

 Columns 4 through 6:

   5.567288560682144e-03   5.567288560682121e-03   5.567288560682121e-03
   6.778032771315951e-03   6.778032771316060e-03   6.778032771316026e-03
   6.519333318679306e-03   6.519333318679287e-03   6.519333318679299e-03
   6.550039849547344e-03   6.550039849547352e-03   6.550039849547352e-03
   6.576521045134897e-03   6.576521045134892e-03   6.576521045134884e-03

 Column 7:

   5.567288560682122e-03
   6.778032771315943e-03
   6.519333318679299e-03
   6.550039849547352e-03
   6.576521045134882e-03

ans = 1.626303258728257e-19
ans = -6.903583217918565e-19
ans = -1.123430385855219e-18
ans = -1.125786196239770e-18
ans = -2.554069033767732e-19
ans = -2.609920268727313e-19
ans = -6.896701075222124e-19
nbcr = 7
lambda0 = 3.501084296647659
kmpl_prod = 0.180000000000000
 Time :      1.00000
 Time :      2.00000
 Time :      3.01000
 Time :      4.01000
 Time :      5.01000
 Time :      6.01000
 Time :      7.01000
 Time :      8.01000
 Time :      9.01000
 Time :     10.01000
 Time :     11.01000
 Time :     12.01000
 Time :     13.01000
 Time :     14.01000
 Time :     15.01000
 Time :     16.01000
 Time :     17.01000
 Time :     18.00000
 Time :     19.00000
 Time :     20.00000
 Time :     21.00000
 Time :     22.00000
 Time :     23.00000
 Time :     24.00000
 Time :     25.00000
 Time :     26.00000
 Time :     27.00000
 Time :     28.00000
 Time :     29.00000
 Time :     30.00000
 Time :     31.00000
 Time :     32.00000
 Time :     33.00000
 Time :     34.00000
 Time :     35.00000
dtime = 32.74641260504723
mbcr =

 Columns 1 through 4:

   0.142857142857143   0.309216187895896   0.322829078542350   0.325714975076323

 Columns 5 and 6:

   0.320932640552576   0.317366020594109

agsout =

 Columns 1 through 3:

   5.567288560682136e-03   5.567288560682110e-03   5.567288560682100e-03
   1.475979858497636e-04   6.778032771316015e-03   6.778032771315965e-03
   5.265318504506220e-05   6.519333318679268e-03   6.519333318679310e-03
   2.252705989085433e-05   6.550039849547352e-03   6.550039849547344e-03
   1.590424962797751e-05   6.576521045134925e-03   6.576521045134943e-03
   1.418373666548545e-05   6.585251095564996e-03   6.585251095564995e-03

 Columns 4 through 6:

   5.567288560682144e-03   5.567288560682121e-03   5.567288560682121e-03
   6.778032771315951e-03   6.778032771316060e-03   6.778032771316026e-03
   6.519333318679306e-03   6.519333318679287e-03   6.519333318679299e-03
   6.550039849547344e-03   6.550039849547352e-03   6.550039849547352e-03
   6.576521045134897e-03   6.576521045134892e-03   6.576521045134884e-03
   6.585251095565010e-03   6.585251095565013e-03   6.585251095564991e-03

 Column 7:

   5.567288560682122e-03
   6.778032771315943e-03
   6.519333318679299e-03
   6.550039849547352e-03
   6.576521045134882e-03
   6.585251095564994e-03

ans = -1.084202172485504e-19
ans = -9.376125330513071e-19
ans = -9.405242088074937e-19
ans = -9.366860907652477e-19
ans = -9.384066264393580e-19
ans = -1.373384514634043e-18
ans = -1.372352193229577e-18
nbcr = 10
lambda0 = 3.501084296647659
kmpl_prod = 0.180000000000000
 Time :      1.00000
 Time :      2.00000
 Time :      3.01000
 Time :      4.01000
 Time :      5.01000
 Time :      6.01000
 Time :      7.01000
 Time :      8.01000
 Time :      9.01000
 Time :     10.01000
 Time :     11.01000
 Time :     12.01000
 Time :     13.01000
 Time :     14.01000
 Time :     15.01000
 Time :     16.01000
 Time :     17.01000
 Time :     18.00000
 Time :     19.00000
 Time :     20.00000
 Time :     21.00000
 Time :     22.00000
 Time :     23.00000
 Time :     24.00000
 Time :     25.00000
 Time :     26.00000
 Time :     27.00000
 Time :     28.00000
 Time :     29.00000
 Time :     30.00000
 Time :     31.00000
 Time :     32.00000
 Time :     33.00000
 Time :     34.00000
 Time :     35.00000
dtime = 46.05525210499763
mbcr = 0.100000000000000
agsout =

 Columns 1 through 3:

   5.038792260123619e-03   5.038792260123601e-03   5.038792260123627e-03

 Columns 4 through 6:

   5.038792260123632e-03   5.038792260123581e-03   5.038792260123551e-03

 Columns 7 through 9:

   5.038792260123578e-03   5.038792260123552e-03   5.038792260123573e-03

 Column 10:

   5.038792260123565e-03

ans = -7.532422463193627e-19
ans = -7.367598454336311e-19
ans = -3.036613115906667e-19
ans = -3.044289351991159e-19
ans = -7.353569471147412e-19
ans = 1.314224557224250e-19
ans = -7.368657245520379e-19
ans = -3.047730423339379e-19
ans = -7.370510130092498e-19
ans = -3.036613115906667e-19
nbcr = 10
lambda0 = 3.501084296647659
kmpl_prod = 0.180000000000000
 Time :      1.00000
 Time :      2.00000
 Time :      3.01000
 Time :      4.01000
 Time :      5.01000
 Time :      6.01000
 Time :      7.01000
 Time :      8.01000
 Time :      9.01000
 Time :     10.01000
 Time :     11.01000
 Time :     12.01000
 Time :     13.01000
 Time :     14.01000
 Time :     15.01000
 Time :     16.01000
 Time :     17.01000
 Time :     18.00000
 Time :     19.00000
 Time :     20.00000
 Time :     21.00000
 Time :     22.00000
 Time :     23.00000
 Time :     24.00000
 Time :     25.00000
 Time :     26.00000
 Time :     27.00000
 Time :     28.00000
 Time :     29.00000
 Time :     30.00000
 Time :     31.00000
 Time :     32.00000
 Time :     33.00000
 Time :     34.00000
 Time :     35.00000
dtime = 50.08487217128277
mbcr =

   0.100000000000000   0.271056541697064

agsout =

 Columns 1 through 3:

   5.038792260123619e-03   5.038792260123601e-03   5.038792260123627e-03
   1.077990061443809e-04   6.274394434097160e-03   6.274394434097151e-03

 Columns 4 through 6:

   5.038792260123632e-03   5.038792260123581e-03   5.038792260123551e-03
   6.274394434097156e-03   6.274394434097135e-03   6.274394434097162e-03

 Columns 7 through 9:

   5.038792260123578e-03   5.038792260123552e-03   5.038792260123573e-03
   6.274394434097085e-03   6.274394434097084e-03   6.274394434097136e-03

 Column 10:

   5.038792260123565e-03
   6.274394434097099e-03

ans = -3.769296615281637e-19
ans = 8.414742935379440e-20
ans = 8.372391288016725e-20
ans = -3.530539203274331e-19
ans = -3.513863242125262e-19
ans = 8.229454478167562e-20
ans = 5.181194659236148e-19
ans = 8.549738811348094e-20
ans = -3.530539203274331e-19
ans = 8.356509420255707e-20
nbcr = 10
lambda0 = 3.501084296647659
kmpl_prod = 0.180000000000000
 Time :      1.00000
 Time :      2.00000
 Time :      3.01000
 Time :      4.01000
 Time :      5.01000
 Time :      6.01000
 Time :      7.01000
 Time :      8.01000
 Time :      9.01000
 Time :     10.01000
 Time :     11.01000
 Time :     12.01000
 Time :     13.01000
 Time :     14.01000
 Time :     15.01000
 Time :     16.01000
 Time :     17.01000
 Time :     18.00000
 Time :     19.00000
 Time :     20.00000
 Time :     21.00000
 Time :     22.00000
 Time :     23.00000
 Time :     24.00000
 Time :     25.00000
 Time :     26.00000
 Time :     27.00000
 Time :     28.00000
 Time :     29.00000
 Time :     30.00000
 Time :     31.00000
 Time :     32.00000
 Time :     33.00000
 Time :     34.00000
 Time :     35.00000
dtime = 49.80089664459229
mbcr =

   0.100000000000000   0.271056541697064   0.284440886108511

agsout =

 Columns 1 through 3:

   5.038792260123619e-03   5.038792260123601e-03   5.038792260123627e-03
   1.077990061443809e-04   6.274394434097160e-03   6.274394434097151e-03
   4.041417793559754e-05   5.979682427291419e-03   5.979682427291422e-03

 Columns 4 through 6:

   5.038792260123632e-03   5.038792260123581e-03   5.038792260123551e-03
   6.274394434097156e-03   6.274394434097135e-03   6.274394434097162e-03
   5.979682427291423e-03   5.979682427291413e-03   5.979682427291449e-03

 Columns 7 through 9:

   5.038792260123578e-03   5.038792260123552e-03   5.038792260123573e-03
   6.274394434097085e-03   6.274394434097084e-03   6.274394434097136e-03
   5.979682427291401e-03   5.979682427291392e-03   5.979682427291442e-03

 Column 10:

   5.038792260123565e-03
   6.274394434097099e-03
   5.979682427291444e-03

ans = -2.439454888092385e-19
ans = -5.968935300182648e-19
ans = -5.996199173172395e-19
ans = -5.989052332679937e-19
ans = -1.036000703830814e-18
ans = -5.982434887779513e-19
ans = -1.033644893446263e-18
ans = -1.037853588402933e-18
ans = -1.040077049889476e-18
ans = -6.042256589679348e-19
nbcr = 10
lambda0 = 3.501084296647659
kmpl_prod = 0.180000000000000
 Time :      1.00000
 Time :      2.00000
 Time :      3.01000
 Time :      4.01000
 Time :      5.01000
 Time :      6.01000
 Time :      7.01000
 Time :      8.01000
 Time :      9.01000
 Time :     10.01000
 Time :     11.01000
 Time :     12.01000
 Time :     13.01000
 Time :     14.01000
 Time :     15.01000
 Time :     16.01000
 Time :     17.01000
 Time :     18.00000
 Time :     19.00000
 Time :     20.00000
 Time :     21.00000
 Time :     22.00000
 Time :     23.00000
 Time :     24.00000
 Time :     25.00000
 Time :     26.00000
 Time :     27.00000
 Time :     28.00000
 Time :     29.00000
 Time :     30.00000
 Time :     31.00000
 Time :     32.00000
 Time :     33.00000
 Time :     34.00000
 Time :     35.00000
dtime = 50.03054738044739
mbcr =

   0.100000000000000   0.271056541697064   0.284440886108511   0.288512228062565

agsout =

 Columns 1 through 3:

   5.038792260123619e-03   5.038792260123601e-03   5.038792260123627e-03
   1.077990061443809e-04   6.274394434097160e-03   6.274394434097151e-03
   4.041417793559754e-05   5.979682427291419e-03   5.979682427291422e-03
   1.832428767920826e-05   6.005431787566393e-03   6.005431787566395e-03

 Columns 4 through 6:

   5.038792260123632e-03   5.038792260123581e-03   5.038792260123551e-03
   6.274394434097156e-03   6.274394434097135e-03   6.274394434097162e-03
   5.979682427291423e-03   5.979682427291413e-03   5.979682427291449e-03
   6.005431787566432e-03   6.005431787566385e-03   6.005431787566380e-03

 Columns 7 through 9:

   5.038792260123578e-03   5.038792260123552e-03   5.038792260123573e-03
   6.274394434097085e-03   6.274394434097084e-03   6.274394434097136e-03
   5.979682427291401e-03   5.979682427291392e-03   5.979682427291442e-03
   6.005431787566374e-03   6.005431787566382e-03   6.005431787566404e-03

 Column 10:

   5.038792260123565e-03
   6.274394434097099e-03
   5.979682427291444e-03
   6.005431787566385e-03

ans = -9.893344823930228e-19
ans = -5.849291896382978e-19
ans = -1.018610058632500e-18
ans = -5.863056181775860e-19
ans = -5.863585577367894e-19
ans = -1.469337465690194e-19
ans = -1.021495264609085e-18
ans = -1.019536500918559e-18
ans = -5.869144231084250e-19
ans = -1.020224715188203e-18
nbcr = 10
lambda0 = 3.501084296647659
kmpl_prod = 0.180000000000000
 Time :      1.00000
 Time :      2.00000
 Time :      3.01000
 Time :      4.01000
 Time :      5.01000
 Time :      6.01000
 Time :      7.01000
 Time :      8.01000
 Time :      9.01000
 Time :     10.01000
 Time :     11.01000
 Time :     12.01000
 Time :     13.01000
 Time :     14.01000
 Time :     15.01000
 Time :     16.01000
 Time :     17.01000
 Time :     18.00000
 Time :     19.00000
 Time :     20.00000
 Time :     21.00000
 Time :     22.00000
 Time :     23.00000
 Time :     24.00000
 Time :     25.00000
 Time :     26.00000
 Time :     27.00000
 Time :     28.00000
 Time :     29.00000
 Time :     30.00000
 Time :     31.00000
 Time :     32.00000
 Time :     33.00000
 Time :     34.00000
 Time :     35.00000
dtime = 49.84157234430313
mbcr =

 Columns 1 through 4:

   0.100000000000000   0.271056541697064   0.284440886108511   0.288512228062565

 Column 5:

   0.285123028705060

agsout =

 Columns 1 through 3:

   5.038792260123619e-03   5.038792260123601e-03   5.038792260123627e-03
   1.077990061443809e-04   6.274394434097160e-03   6.274394434097151e-03
   4.041417793559754e-05   5.979682427291419e-03   5.979682427291422e-03
   1.832428767920826e-05   6.005431787566393e-03   6.005431787566395e-03
   1.289015584946727e-05   6.029988359737376e-03   6.029988359737432e-03

 Columns 4 through 6:

   5.038792260123632e-03   5.038792260123581e-03   5.038792260123551e-03
   6.274394434097156e-03   6.274394434097135e-03   6.274394434097162e-03
   5.979682427291423e-03   5.979682427291413e-03   5.979682427291449e-03
   6.005431787566432e-03   6.005431787566385e-03   6.005431787566380e-03
   6.029988359737372e-03   6.029988359737384e-03   6.029988359737387e-03

 Columns 7 through 9:

   5.038792260123578e-03   5.038792260123552e-03   5.038792260123573e-03
   6.274394434097085e-03   6.274394434097084e-03   6.274394434097136e-03
   5.979682427291401e-03   5.979682427291392e-03   5.979682427291442e-03
   6.005431787566374e-03   6.005431787566382e-03   6.005431787566404e-03
   6.029988359737350e-03   6.029988359737341e-03   6.029988359737382e-03

 Column 10:

   5.038792260123565e-03
   6.274394434097099e-03
   5.979682427291444e-03
   6.005431787566385e-03
   6.029988359737382e-03

ans = -1.165517335421917e-18
ans = 1.777710398049963e-19
ans = -2.594832494354346e-19
ans = 1.740917404403604e-19
ans = 1.758387458940724e-19
ans = 1.758916854532758e-19
ans = 1.763681414861063e-19
ans = -2.595361889946380e-19
ans = -2.600920543662736e-19
ans = -6.915229920943311e-19
nbcr = 10
lambda0 = 3.501084296647659
kmpl_prod = 0.180000000000000
 Time :      1.00000
 Time :      2.00000
 Time :      3.01000
 Time :      4.01000
 Time :      5.01000
 Time :      6.01000
 Time :      7.01000
 Time :      8.01000
 Time :      9.01000
 Time :     10.01000
 Time :     11.01000
 Time :     12.01000
 Time :     13.01000
 Time :     14.01000
 Time :     15.01000
 Time :     16.01000
 Time :     17.01000
 Time :     18.00000
 Time :     19.00000
 Time :     20.00000
 Time :     21.00000
 Time :     22.00000
 Time :     23.00000
 Time :     24.00000
 Time :     25.00000
 Time :     26.00000
 Time :     27.00000
 Time :     28.00000
 Time :     29.00000
 Time :     30.00000
 Time :     31.00000
 Time :     32.00000
 Time :     33.00000
 Time :     34.00000
 Time :     35.00000
dtime = 45.92049121856689
mbcr =

 Columns 1 through 4:

   0.100000000000000   0.271056541697064   0.284440886108511   0.288512228062565

 Columns 5 and 6:

   0.285123028705060   0.282102098039434

agsout =

 Columns 1 through 3:

   5.038792260123619e-03   5.038792260123601e-03   5.038792260123627e-03
   1.077990061443809e-04   6.274394434097160e-03   6.274394434097151e-03
   4.041417793559754e-05   5.979682427291419e-03   5.979682427291422e-03
   1.832428767920826e-05   6.005431787566393e-03   6.005431787566395e-03
   1.289015584946727e-05   6.029988359737376e-03   6.029988359737432e-03
   1.138035043849221e-05   6.038478286103573e-03   6.038478286103618e-03

 Columns 4 through 6:

   5.038792260123632e-03   5.038792260123581e-03   5.038792260123551e-03
   6.274394434097156e-03   6.274394434097135e-03   6.274394434097162e-03
   5.979682427291423e-03   5.979682427291413e-03   5.979682427291449e-03
   6.005431787566432e-03   6.005431787566385e-03   6.005431787566380e-03
   6.029988359737372e-03   6.029988359737384e-03   6.029988359737387e-03
   6.038478286103603e-03   6.038478286103616e-03   6.038478286103598e-03

 Columns 7 through 9:

   5.038792260123578e-03   5.038792260123552e-03   5.038792260123573e-03
   6.274394434097085e-03   6.274394434097084e-03   6.274394434097136e-03
   5.979682427291401e-03   5.979682427291392e-03   5.979682427291442e-03
   6.005431787566374e-03   6.005431787566382e-03   6.005431787566404e-03
   6.029988359737350e-03   6.029988359737341e-03   6.029988359737382e-03
   6.038478286103592e-03   6.038478286103584e-03   6.038478286103621e-03

 Column 10:

   5.038792260123565e-03
   6.274394434097099e-03
   5.979682427291444e-03
   6.005431787566385e-03
   6.029988359737382e-03
   6.038478286103583e-03

ans = -1.043544591017298e-18
ans = -1.389081093937849e-18
ans = -9.562737276705034e-19
ans = -9.573854584137747e-19
ans = -1.391145736746782e-18
ans = -5.207135043245811e-19
ans = -1.390034006003510e-18
ans = -1.392416286167663e-18
ans = -1.388445819227408e-18
ans = -9.546590711147999e-19
nbcr = 15
lambda0 = 3.501084296647659
kmpl_prod = 0.180000000000000
 Time :      1.00000
 Time :      2.00000
 Time :      3.01000
 Time :      4.01000
 Time :      5.01000
 Time :      6.01000
 Time :      7.01000
 Time :      8.01000
 Time :      9.01000
 Time :     10.01000
 Time :     11.01000
 Time :     12.01000
 Time :     13.01000
 Time :     14.01000
 Time :     15.01000
 Time :     16.01000
 Time :     17.01000
 Time :     18.00000
 Time :     19.00000
 Time :     20.00000
 Time :     21.00000
 Time :     22.00000
 Time :     23.00000
 Time :     24.00000
 Time :     25.00000
 Time :     26.00000
 Time :     27.00000
 Time :     28.00000
 Time :     29.00000
 Time :     30.00000
 Time :     31.00000
 Time :     32.00000
 Time :     33.00000
 Time :     34.00000
 Time :     35.00000
dtime = 70.75490690767765
mbcr = 6.666666666666665e-02
agsout =

 Columns 1 through 3:

   4.647588700034897e-03   4.647588700034852e-03   4.647588700034792e-03

 Columns 4 through 6:

   4.647588700034858e-03   4.647588700034867e-03   4.647588700034814e-03

 Columns 7 through 9:

   4.647588700034847e-03   4.647588700034840e-03   4.647588700034869e-03

 Columns 10 through 12:

   4.647588700034856e-03   4.647588700034819e-03   4.647588700034821e-03

 Columns 13 through 15:

   4.647588700034853e-03   4.647588700034868e-03   4.647588700034852e-03

ans = 1.539184596614172e-19
ans = -5.200782296141404e-19
ans = -5.159754137758774e-19
ans = -5.167165676047249e-19
ans = -5.160018835554791e-19
ans = -5.157636555390638e-19
ans = -8.721792378759124e-20
ans = -8.539150899507415e-20
ans = -5.172724329763605e-19
ans = -8.316804750853161e-20
ans = -5.156577764206570e-19
ans = -9.537326288287405e-19
ans = -5.191782571076827e-19
ans = -5.199988202753353e-19
ans = -5.166636280455215e-19
nbcr = 15
lambda0 = 3.501084296647659
kmpl_prod = 0.180000000000000
 Time :      1.00000
 Time :      2.00000
 Time :      3.01000
 Time :      4.01000
 Time :      5.01000
 Time :      6.01000
 Time :      7.01000
 Time :      8.01000
 Time :      9.01000
 Time :     10.01000
 Time :     11.01000
 Time :     12.01000
 Time :     13.01000
 Time :     14.01000
 Time :     15.01000
 Time :     16.01000
 Time :     17.01000
 Time :     18.00000
 Time :     19.00000
 Time :     20.00000
 Time :     21.00000
 Time :     22.00000
 Time :     23.00000
 Time :     24.00000
 Time :     25.00000
 Time :     26.00000
 Time :     27.00000
 Time :     28.00000
 Time :     29.00000
 Time :     30.00000
 Time :     31.00000
 Time :     32.00000
 Time :     33.00000
 Time :     34.00000
 Time :     35.00000
dtime = 77.37976536154747
mbcr =

   6.666666666666665e-02   2.400148909191906e-01

agsout =

 Columns 1 through 3:

   4.647588700034897e-03   4.647588700034852e-03   4.647588700034792e-03
   8.015078724676121e-05   5.910532021453118e-03   5.910532021453098e-03

 Columns 4 through 6:

   4.647588700034858e-03   4.647588700034867e-03   4.647588700034814e-03
   5.910532021453137e-03   5.910532021453094e-03   5.910532021453139e-03

 Columns 7 through 9:

   4.647588700034847e-03   4.647588700034840e-03   4.647588700034869e-03
   5.910532021453115e-03   5.910532021453098e-03   5.910532021453125e-03

 Columns 10 through 12:

   4.647588700034856e-03   4.647588700034819e-03   4.647588700034821e-03
   5.910532021453097e-03   5.910532021453112e-03   5.910532021453111e-03

 Columns 13 through 15:

   4.647588700034853e-03   4.647588700034868e-03   4.647588700034852e-03
   5.910532021453108e-03   5.910532021453092e-03   5.910532021453093e-03

ans = -5.912289971835016e-19
ans = -4.201812813973364e-19
ans = 2.392868075993398e-20
ans = -8.515328097865888e-19
ans = 4.559684234188306e-19
ans = -4.134050178193020e-19
ans = -8.517445680234024e-19
ans = -8.491505296224361e-19
ans = 1.815826880676406e-20
ans = -1.282778459057434e-18
ans = 1.376428539288238e-20
ans = 1.662302158986564e-20
ans = -8.504210790433175e-19
ans = -4.180107594699972e-19
ans = 1.567010952420456e-20
nbcr = 15
lambda0 = 3.501084296647659
kmpl_prod = 0.180000000000000
 Time :      1.00000
 Time :      2.00000
 Time :      3.01000
 Time :      4.01000
 Time :      5.01000
 Time :      6.01000
 Time :      7.01000
 Time :      8.01000
 Time :      9.01000
 Time :     10.01000
 Time :     11.01000
 Time :     12.01000
 Time :     13.01000
 Time :     14.01000
 Time :     15.01000
 Time :     16.01000
 Time :     17.01000
 Time :     18.00000
 Time :     19.00000
 Time :     20.00000
 Time :     21.00000
 Time :     22.00000
 Time :     23.00000
 Time :     24.00000
 Time :     25.00000
 Time :     26.00000
 Time :     27.00000
 Time :     28.00000
 Time :     29.00000
 Time :     30.00000
 Time :     31.00000
 Time :     32.00000
 Time :     33.00000
 Time :     34.00000
 Time :     35.00000
dtime = 77.32584290206432
mbcr =

   6.666666666666665e-02   2.400148909191906e-01   2.536360335525210e-01

agsout =

 Columns 1 through 3:

   4.647588700034897e-03   4.647588700034852e-03   4.647588700034792e-03
   8.015078724676121e-05   5.910532021453118e-03   5.910532021453098e-03
   3.146188891043385e-05   5.592925045817846e-03   5.592925045817778e-03

 Columns 4 through 6:

   4.647588700034858e-03   4.647588700034867e-03   4.647588700034814e-03
   5.910532021453137e-03   5.910532021453094e-03   5.910532021453139e-03
   5.592925045817811e-03   5.592925045817791e-03   5.592925045817784e-03

 Columns 7 through 9:

   4.647588700034847e-03   4.647588700034840e-03   4.647588700034869e-03
   5.910532021453115e-03   5.910532021453098e-03   5.910532021453125e-03
   5.592925045817781e-03   5.592925045817815e-03   5.592925045817774e-03

 Columns 10 through 12:

   4.647588700034856e-03   4.647588700034819e-03   4.647588700034821e-03
   5.910532021453097e-03   5.910532021453112e-03   5.910532021453111e-03
   5.592925045817827e-03   5.592925045817852e-03   5.592925045817846e-03

 Columns 13 through 15:

   4.647588700034853e-03   4.647588700034868e-03   4.647588700034852e-03
   5.910532021453108e-03   5.910532021453092e-03   5.910532021453093e-03
   5.592925045817835e-03   5.592925045817833e-03   5.592925045817833e-03

ans = -1.151964808265848e-19
ans = -6.927670717356109e-19
ans = 1.762357925880979e-19
ans = -2.591391423006125e-19
ans = -2.556451313931885e-19
ans = -2.608332081951211e-19
ans = 1.767651881801318e-19
ans = -2.607273290767143e-19
ans = -6.928200112948143e-19
ans = -2.595097192150363e-19
ans = 1.767651881801318e-19
ans = 1.783533749562336e-19
ans = -2.585568071493752e-19
ans = 6.059461946420451e-19
ans = 6.080108374509775e-19
nbcr = 15
lambda0 = 3.501084296647659
kmpl_prod = 0.180000000000000
 Time :      1.00000
 Time :      2.00000
 Time :      3.01000
 Time :      4.01000
 Time :      5.01000
 Time :      6.01000
 Time :      7.01000
 Time :      8.01000
 Time :      9.01000
 Time :     10.01000
 Time :     11.01000
 Time :     12.01000
 Time :     13.01000
 Time :     14.01000
 Time :     15.01000
 Time :     16.01000
 Time :     17.01000
 Time :     18.00000
 Time :     19.00000
 Time :     20.00000
 Time :     21.00000
 Time :     22.00000
 Time :     23.00000
 Time :     24.00000
 Time :     25.00000
 Time :     26.00000
 Time :     27.00000
 Time :     28.00000
 Time :     29.00000
 Time :     30.00000
 Time :     31.00000
 Time :     32.00000
 Time :     33.00000
 Time :     34.00000
 Time :     35.00000
dtime = 77.21873223781586
mbcr =

 Columns 1 through 3:

   6.666666666666665e-02   2.400148909191906e-01   2.536360335525210e-01

 Column 4:

   2.584092590878609e-01

agsout =

 Columns 1 through 3:

   4.647588700034897e-03   4.647588700034852e-03   4.647588700034792e-03
   8.015078724676121e-05   5.910532021453118e-03   5.910532021453098e-03
   3.146188891043385e-05   5.592925045817846e-03   5.592925045817778e-03
   1.505792781211620e-05   5.619556578238862e-03   5.619556578238812e-03

 Columns 4 through 6:

   4.647588700034858e-03   4.647588700034867e-03   4.647588700034814e-03
   5.910532021453137e-03   5.910532021453094e-03   5.910532021453139e-03
   5.592925045817811e-03   5.592925045817791e-03   5.592925045817784e-03
   5.619556578238910e-03   5.619556578238844e-03   5.619556578238851e-03

 Columns 7 through 9:

   4.647588700034847e-03   4.647588700034840e-03   4.647588700034869e-03
   5.910532021453115e-03   5.910532021453098e-03   5.910532021453125e-03
   5.592925045817781e-03   5.592925045817815e-03   5.592925045817774e-03
   5.619556578238902e-03   5.619556578238849e-03   5.619556578238891e-03

 Columns 10 through 12:

   4.647588700034856e-03   4.647588700034819e-03   4.647588700034821e-03
   5.910532021453097e-03   5.910532021453112e-03   5.910532021453111e-03
   5.592925045817827e-03   5.592925045817852e-03   5.592925045817846e-03
   5.619556578238887e-03   5.619556578238892e-03   5.619556578238883e-03

 Columns 13 through 15:

   4.647588700034853e-03   4.647588700034868e-03   4.647588700034852e-03
   5.910532021453108e-03   5.910532021453092e-03   5.910532021453093e-03
   5.592925045817835e-03   5.592925045817833e-03   5.592925045817833e-03
   5.619556578238885e-03   5.619556578238881e-03   5.619556578238885e-03

ans = 5.421010862427522e-20
ans = -7.980638549911611e-19
ans = -1.247732470864788e-18
ans = -1.243867883042940e-18
ans = 6.575093253061506e-20
ans = -3.719533429630446e-19
ans = -3.722180407590616e-19
ans = -3.692534254436716e-19
ans = 5.627475143320758e-20
ans = -3.726944967918921e-19
ans = -8.079635525621957e-19
ans = -8.055812723980430e-19
ans = -3.726415572326888e-19
ans = -3.751297165152483e-19
ans = -8.141045414297894e-19
nbcr = 15
lambda0 = 3.501084296647659
kmpl_prod = 0.180000000000000
 Time :      1.00000
 Time :      2.00000
 Time :      3.01000
 Time :      4.01000
 Time :      5.01000
 Time :      6.01000
 Time :      7.01000
 Time :      8.01000
 Time :      9.01000
 Time :     10.01000
 Time :     11.01000
 Time :     12.01000
 Time :     13.01000
 Time :     14.01000
 Time :     15.01000
 Time :     16.01000
 Time :     17.01000
 Time :     18.00000
 Time :     19.00000
 Time :     20.00000
 Time :     21.00000
 Time :     22.00000
 Time :     23.00000
 Time :     24.00000
 Time :     25.00000
 Time :     26.00000
 Time :     27.00000
 Time :     28.00000
 Time :     29.00000
 Time :     30.00000
 Time :     31.00000
 Time :     32.00000
 Time :     33.00000
 Time :     34.00000
 Time :     35.00000
dtime = 76.78102590143681
mbcr =

 Columns 1 through 3:

   6.666666666666665e-02   2.400148909191906e-01   2.536360335525210e-01

 Columns 4 and 5:

   2.584092590878609e-01   2.562289511801334e-01

agsout =

 Columns 1 through 3:

   4.647588700034897e-03   4.647588700034852e-03   4.647588700034792e-03
   8.015078724676121e-05   5.910532021453118e-03   5.910532021453098e-03
   3.146188891043385e-05   5.592925045817846e-03   5.592925045817778e-03
   1.505792781211620e-05   5.619556578238862e-03   5.619556578238812e-03
   1.056703244909940e-05   5.644993342127268e-03   5.644993342127224e-03

 Columns 4 through 6:

   4.647588700034858e-03   4.647588700034867e-03   4.647588700034814e-03
   5.910532021453137e-03   5.910532021453094e-03   5.910532021453139e-03
   5.592925045817811e-03   5.592925045817791e-03   5.592925045817784e-03
   5.619556578238910e-03   5.619556578238844e-03   5.619556578238851e-03
   5.644993342127247e-03   5.644993342127210e-03   5.644993342127208e-03

 Columns 7 through 9:

   4.647588700034847e-03   4.647588700034840e-03   4.647588700034869e-03
   5.910532021453115e-03   5.910532021453098e-03   5.910532021453125e-03
   5.592925045817781e-03   5.592925045817815e-03   5.592925045817774e-03
   5.619556578238902e-03   5.619556578238849e-03   5.619556578238891e-03
   5.644993342127213e-03   5.644993342127237e-03   5.644993342127227e-03

 Columns 10 through 12:

   4.647588700034856e-03   4.647588700034819e-03   4.647588700034821e-03
   5.910532021453097e-03   5.910532021453112e-03   5.910532021453111e-03
   5.592925045817827e-03   5.592925045817852e-03   5.592925045817846e-03
   5.619556578238887e-03   5.619556578238892e-03   5.619556578238883e-03
   5.644993342127235e-03   5.644993342127212e-03   5.644993342127229e-03

 Columns 13 through 15:

   4.647588700034853e-03   4.647588700034868e-03   4.647588700034852e-03
   5.910532021453108e-03   5.910532021453092e-03   5.910532021453093e-03
   5.592925045817835e-03   5.592925045817833e-03   5.592925045817833e-03
   5.619556578238885e-03   5.619556578238881e-03   5.619556578238885e-03
   5.644993342127211e-03   5.644993342127220e-03   5.644993342127223e-03

ans = -6.505213034913027e-19
ans = -1.286960684234503e-18
ans = -8.526974800890635e-19
ans = -1.287437140267333e-18
ans = -8.587325898382504e-19
ans = -8.576737986541825e-19
ans = -8.525386614114533e-19
ans = -4.188577924172515e-19
ans = -8.552385789308264e-19
ans = -1.287543019385740e-18
ans = -8.561385514372841e-19
ans = -1.290242936905113e-18
ans = -4.177990012331836e-19
ans = -8.534386339179110e-19
ans = -1.287966535859367e-18
nbcr = 15
lambda0 = 3.501084296647659
kmpl_prod = 0.180000000000000
 Time :      1.00000
 Time :      2.00000
 Time :      3.01000
 Time :      4.01000
 Time :      5.01000
 Time :      6.01000
 Time :      7.01000
 Time :      8.01000
 Time :      9.01000
 Time :     10.01000
 Time :     11.01000
 Time :     12.01000
 Time :     13.01000
 Time :     14.01000
 Time :     15.01000
 Time :     16.01000
 Time :     17.01000
 Time :     18.00000
 Time :     19.00000
 Time :     20.00000
 Time :     21.00000
 Time :     22.00000
 Time :     23.00000
 Time :     24.00000
 Time :     25.00000
 Time :     26.00000
 Time :     27.00000
 Time :     28.00000
 Time :     29.00000
 Time :     30.00000
 Time :     31.00000
 Time :     32.00000
 Time :     33.00000
 Time :     34.00000
 Time :     35.00000
dtime = 41.58638678491116
mbcr =

 Columns 1 through 3:

   6.666666666666665e-02   2.400148909191906e-01   2.536360335525210e-01

 Columns 4 through 6:

   2.584092590878609e-01   2.562289511801334e-01   2.537516447428000e-01

agsout =

 Columns 1 through 3:

   4.647588700034897e-03   4.647588700034852e-03   4.647588700034792e-03
   8.015078724676121e-05   5.910532021453118e-03   5.910532021453098e-03
   3.146188891043385e-05   5.592925045817846e-03   5.592925045817778e-03
   1.505792781211620e-05   5.619556578238862e-03   5.619556578238812e-03
   1.056703244909940e-05   5.644993342127268e-03   5.644993342127224e-03
   9.236037834686394e-06   5.654856989316117e-03   5.654856989316163e-03

 Columns 4 through 6:

   4.647588700034858e-03   4.647588700034867e-03   4.647588700034814e-03
   5.910532021453137e-03   5.910532021453094e-03   5.910532021453139e-03
   5.592925045817811e-03   5.592925045817791e-03   5.592925045817784e-03
   5.619556578238910e-03   5.619556578238844e-03   5.619556578238851e-03
   5.644993342127247e-03   5.644993342127210e-03   5.644993342127208e-03
   5.654856989316177e-03   5.654856989316214e-03   5.654856989316192e-03

 Columns 7 through 9:

   4.647588700034847e-03   4.647588700034840e-03   4.647588700034869e-03
   5.910532021453115e-03   5.910532021453098e-03   5.910532021453125e-03
   5.592925045817781e-03   5.592925045817815e-03   5.592925045817774e-03
   5.619556578238902e-03   5.619556578238849e-03   5.619556578238891e-03
   5.644993342127213e-03   5.644993342127237e-03   5.644993342127227e-03
   5.654856989316200e-03   5.654856989316218e-03   5.654856989316158e-03

 Columns 10 through 12:

   4.647588700034856e-03   4.647588700034819e-03   4.647588700034821e-03
   5.910532021453097e-03   5.910532021453112e-03   5.910532021453111e-03
   5.592925045817827e-03   5.592925045817852e-03   5.592925045817846e-03
   5.619556578238887e-03   5.619556578238892e-03   5.619556578238883e-03
   5.644993342127235e-03   5.644993342127212e-03   5.644993342127229e-03
   5.654856989316170e-03   5.654856989316229e-03   5.654856989316182e-03

 Columns 13 through 15:

   4.647588700034853e-03   4.647588700034868e-03   4.647588700034852e-03
   5.910532021453108e-03   5.910532021453092e-03   5.910532021453093e-03
   5.592925045817835e-03   5.592925045817833e-03   5.592925045817833e-03
   5.619556578238885e-03   5.619556578238881e-03   5.619556578238885e-03
   5.644993342127211e-03   5.644993342127220e-03   5.644993342127223e-03
   5.654856989316175e-03   5.654856989316173e-03   5.654856989316171e-03

ans = -4.472333961502706e-19
ans = -9.593177523246985e-19
ans = -5.227252075743101e-19
ans = -9.587354171734612e-19
ans = -9.592648127654951e-19
ans = -9.591059940878850e-19
ans = -9.601647852719528e-19
ans = -5.261662789225307e-19
ans = -9.602706643903596e-19
ans = -1.395486780601460e-18
ans = -8.777378915922687e-20
ans = 3.460658985125851e-19
ans = 3.462247171901953e-19
ans = -9.592648127654951e-19
ans = -1.393263319114917e-18
