warning: function /home/surgeon/flu/amcode/perelson21/1d2agt/4paper/2submit/run.m shadows a core library function
warning: called from
    driver at line 1 column 1

lambda0 = 3.501084296647659
kmpl_prod = 0.180000000000000
nbcr = 2
lambda0 = 3.501084296647659
kmpl_prod = 0.180000000000000
 Time :      1.00000
 Time :      2.00000
 Time :      3.01000
 Time :      4.01000
 Time :      5.01000
 Time :      6.01000
 Time :      7.01000
 Time :      8.01000
 Time :      9.01000
 Time :     10.01000
 Time :     11.01000
 Time :     12.01000
 Time :     13.01000
 Time :     14.01000
 Time :     15.01000
 Time :     16.01000
 Time :     17.01000
 Time :     18.00000
 Time :     19.00000
 Time :     20.00000
 Time :     21.00000
 Time :     22.00000
 Time :     23.00000
 Time :     24.00000
 Time :     25.00000
 Time :     26.00000
 Time :     27.00000
 Time :     28.00000
 Time :     29.00000
 Time :     30.00000
 Time :     31.00000
 Time :     32.00000
 Time :     33.00000
 Time :     34.00000
 Time :     35.00000
dtime = 5.008230730891228
mbcr = 0.161870270061177
agsout =

   6.090480812672859e-01   1.660365375581165e-02

ans = -1.846123635660063e-19
ans = -1.039505261291048e-18
nbcr = 2
lambda0 = 3.501084296647659
kmpl_prod = 0.180000000000000
 Time :      1.00000
 Time :      2.00000
 Time :      3.01000
 Time :      4.01000
 Time :      5.01000
 Time :      6.01000
 Time :      7.01000
 Time :      8.01000
 Time :      9.01000
 Time :     10.01000
 Time :     11.01000
 Time :     12.01000
 Time :     13.01000
 Time :     14.01000
 Time :     15.01000
 Time :     16.01000
 Time :     17.01000
 Time :     18.00000
 Time :     19.00000
 Time :     20.00000
 Time :     21.00000
 Time :     22.00000
 Time :     23.00000
 Time :     24.00000
 Time :     25.00000
 Time :     26.00000
 Time :     27.00000
 Time :     28.00000
 Time :     29.00000
 Time :     30.00000
 Time :     31.00000
 Time :     32.00000
 Time :     33.00000
 Time :     34.00000
 Time :     35.00000
dtime = 4.776276648044586
mbcr =

   0.161870270061177   0.318229803858887

agsout =

   6.090480812672859e-01   1.660365375581165e-02
   1.954199557561824e-01   1.669883906138279e-02

ans = -3.027696238150316e-20
ans = -2.603352454663642e-19
nbcr = 2
lambda0 = 3.501084296647659
kmpl_prod = 0.180000000000000
 Time :      1.00000
 Time :      2.00000
 Time :      3.01000
 Time :      4.01000
 Time :      5.01000
 Time :      6.01000
 Time :      7.01000
 Time :      8.01000
 Time :      9.01000
 Time :     10.01000
 Time :     11.01000
 Time :     12.01000
 Time :     13.01000
 Time :     14.01000
 Time :     15.01000
 Time :     16.01000
 Time :     17.01000
 Time :     18.00000
 Time :     19.00000
 Time :     20.00000
 Time :     21.00000
 Time :     22.00000
 Time :     23.00000
 Time :     24.00000
 Time :     25.00000
 Time :     26.00000
 Time :     27.00000
 Time :     28.00000
 Time :     29.00000
 Time :     30.00000
 Time :     31.00000
 Time :     32.00000
 Time :     33.00000
 Time :     34.00000
 Time :     35.00000
dtime = 4.888396337628365
mbcr =

   0.161870270061177   0.318229803858887   0.359675933513714

agsout =

   6.090480812672859e-01   1.660365375581165e-02
   1.954199557561824e-01   1.669883906138279e-02
   7.948143554460889e-02   1.669866429303227e-02

ans = -1.289859538691195e-18
ans = -4.415128218290070e-19
nbcr = 2
lambda0 = 3.501084296647659
kmpl_prod = 0.180000000000000
 Time :      1.00000
 Time :      2.00000
 Time :      3.01000
 Time :      4.01000
 Time :      5.01000
 Time :      6.01000
 Time :      7.01000
 Time :      8.01000
 Time :      9.01000
 Time :     10.01000
 Time :     11.01000
 Time :     12.01000
 Time :     13.01000
 Time :     14.01000
 Time :     15.01000
 Time :     16.01000
 Time :     17.01000
 Time :     18.00000
 Time :     19.00000
 Time :     20.00000
 Time :     21.00000
 Time :     22.00000
 Time :     23.00000
 Time :     24.00000
 Time :     25.00000
 Time :     26.00000
 Time :     27.00000
 Time :     28.00000
 Time :     29.00000
 Time :     30.00000
 Time :     31.00000
 Time :     32.00000
 Time :     33.00000
 Time :     34.00000
 Time :     35.00000
dtime = 4.826839640736580
mbcr =

   0.161870270061177   0.318229803858887   0.359675933513714   0.374965220162436

agsout =

   6.090480812672859e-01   1.660365375581165e-02
   1.954199557561824e-01   1.669883906138279e-02
   7.948143554460889e-02   1.669866429303227e-02
   5.045919400770325e-02   1.669866455170328e-02

ans = -1.275687039666017e-18
ans = 2.595295715497375e-19
nbcr = 2
lambda0 = 3.501084296647659
kmpl_prod = 0.180000000000000
 Time :      1.00000
 Time :      2.00000
 Time :      3.01000
 Time :      4.01000
 Time :      5.01000
 Time :      6.01000
 Time :      7.01000
 Time :      8.01000
 Time :      9.01000
 Time :     10.01000
 Time :     11.01000
 Time :     12.01000
 Time :     13.01000
 Time :     14.01000
 Time :     15.01000
 Time :     16.01000
 Time :     17.01000
 Time :     18.00000
 Time :     19.00000
 Time :     20.00000
 Time :     21.00000
 Time :     22.00000
 Time :     23.00000
 Time :     24.00000
 Time :     25.00000
 Time :     26.00000
 Time :     27.00000
 Time :     28.00000
 Time :     29.00000
 Time :     30.00000
 Time :     31.00000
 Time :     32.00000
 Time :     33.00000
 Time :     34.00000
 Time :     35.00000
dtime = 4.879182949662209
mbcr =

 Columns 1 through 4:

   0.161870270061177   0.318229803858887   0.359675933513714   0.374965220162436

 Column 5:

   0.383194160082775

agsout =

   6.090480812672859e-01   1.660365375581165e-02
   1.954199557561824e-01   1.669883906138279e-02
   7.948143554460889e-02   1.669866429303227e-02
   5.045919400770325e-02   1.669866455170328e-02
   3.816585885252788e-02   1.669866457163256e-02

ans = -1.759181552328775e-19
ans = 4.291785249200756e-20
nbcr = 2
lambda0 = 3.501084296647659
kmpl_prod = 0.180000000000000
 Time :      1.00000
 Time :      2.00000
 Time :      3.01000
 Time :      4.01000
 Time :      5.01000
 Time :      6.01000
 Time :      7.01000
 Time :      8.01000
 Time :      9.01000
 Time :     10.01000
 Time :     11.01000
 Time :     12.01000
 Time :     13.01000
 Time :     14.01000
 Time :     15.01000
 Time :     16.01000
 Time :     17.01000
 Time :     18.00000
 Time :     19.00000
 Time :     20.00000
 Time :     21.00000
 Time :     22.00000
 Time :     23.00000
 Time :     24.00000
 Time :     25.00000
 Time :     26.00000
 Time :     27.00000
 Time :     28.00000
 Time :     29.00000
 Time :     30.00000
 Time :     31.00000
 Time :     32.00000
 Time :     33.00000
 Time :     34.00000
 Time :     35.00000
dtime = 4.993525519967079
mbcr =

 Columns 1 through 4:

   0.161870270061177   0.318229803858887   0.359675933513714   0.374965220162436

 Columns 5 and 6:

   0.383194160082775   0.388373866983291

agsout =

   6.090480812672859e-01   1.660365375581165e-02
   1.954199557561824e-01   1.669883906138279e-02
   7.948143554460889e-02   1.669866429303227e-02
   5.045919400770325e-02   1.669866455170328e-02
   3.816585885252788e-02   1.669866457163256e-02
   3.153539257669956e-02   1.669866459521758e-02

ans = -4.395770124004798e-19
ans = -2.244583543484080e-19
nbcr = 3
lambda0 = 3.501084296647659
kmpl_prod = 0.180000000000000
 Time :      1.00000
 Time :      2.00000
 Time :      3.01000
 Time :      4.01000
 Time :      5.01000
 Time :      6.01000
 Time :      7.01000
 Time :      8.01000
 Time :      9.01000
 Time :     10.01000
 Time :     11.01000
 Time :     12.01000
 Time :     13.01000
 Time :     14.01000
 Time :     15.01000
 Time :     16.01000
 Time :     17.01000
 Time :     18.00000
 Time :     19.00000
 Time :     20.00000
 Time :     21.00000
 Time :     22.00000
 Time :     23.00000
 Time :     24.00000
 Time :     25.00000
 Time :     26.00000
 Time :     27.00000
 Time :     28.00000
 Time :     29.00000
 Time :     30.00000
 Time :     31.00000
 Time :     32.00000
 Time :     33.00000
 Time :     34.00000
 Time :     35.00000
dtime = 10.95780618488789
mbcr = 8.806248418651889e-02
agsout =

   6.090480812569427e-01   1.660365411417928e-02   1.660365411417928e-02

ans = -4.176737397013614e-19
ans = -3.635233385453636e-19
ans = -3.635233385453636e-19
nbcr = 3
lambda0 = 3.501084296647659
kmpl_prod = 0.180000000000000
 Time :      1.00000
 Time :      2.00000
 Time :      3.01000
 Time :      4.01000
 Time :      5.01000
 Time :      6.01000
 Time :      7.01000
 Time :      8.01000
 Time :      9.01000
 Time :     10.01000
 Time :     11.01000
 Time :     12.01000
 Time :     13.01000
 Time :     14.01000
 Time :     15.01000
 Time :     16.01000
 Time :     17.01000
 Time :     18.00000
 Time :     19.00000
 Time :     20.00000
 Time :     21.00000
 Time :     22.00000
 Time :     23.00000
 Time :     24.00000
 Time :     25.00000
 Time :     26.00000
 Time :     27.00000
 Time :     28.00000
 Time :     29.00000
 Time :     30.00000
 Time :     31.00000
 Time :     32.00000
 Time :     33.00000
 Time :     34.00000
 Time :     35.00000
dtime = 11.68857067823410
mbcr =

   8.806248418651889e-02   1.892231202496776e-01

agsout =

   6.090480812569427e-01   1.660365411417928e-02   1.660365411417928e-02
   1.954199557564993e-01   1.669883944453113e-02   1.669883944453113e-02

ans = -6.185708319459826e-19
ans = -2.750437575284758e-20
ans = -2.750437575284758e-20
nbcr = 3
lambda0 = 3.501084296647659
kmpl_prod = 0.180000000000000
 Time :      1.00000
 Time :      2.00000
 Time :      3.01000
 Time :      4.01000
 Time :      5.01000
 Time :      6.01000
 Time :      7.01000
 Time :      8.01000
 Time :      9.01000
 Time :     10.01000
 Time :     11.01000
 Time :     12.01000
 Time :     13.01000
 Time :     14.01000
 Time :     15.01000
 Time :     16.01000
 Time :     17.01000
 Time :     18.00000
 Time :     19.00000
 Time :     20.00000
 Time :     21.00000
 Time :     22.00000
 Time :     23.00000
 Time :     24.00000
 Time :     25.00000
 Time :     26.00000
 Time :     27.00000
 Time :     28.00000
 Time :     29.00000
 Time :     30.00000
 Time :     31.00000
 Time :     32.00000
 Time :     33.00000
 Time :     34.00000
 Time :     35.00000
dtime = 11.49302758276463
mbcr =

   8.806248418651889e-02   1.892231202496776e-01   2.192712654044482e-01

agsout =

   6.090480812569427e-01   1.660365411417928e-02   1.660365411417928e-02
   1.954199557564993e-01   1.669883944453113e-02   1.669883944453113e-02
   7.948143554460074e-02   1.669866467632674e-02   1.669866467632674e-02

ans = -6.742287134373787e-19
ans = -1.811002349753691e-19
ans = -1.811002349753691e-19
nbcr = 3
lambda0 = 3.501084296647659
kmpl_prod = 0.180000000000000
 Time :      1.00000
 Time :      2.00000
 Time :      3.01000
 Time :      4.01000
 Time :      5.01000
 Time :      6.01000
 Time :      7.01000
 Time :      8.01000
 Time :      9.01000
 Time :     10.01000
 Time :     11.01000
 Time :     12.01000
 Time :     13.01000
 Time :     14.01000
 Time :     15.01000
 Time :     16.01000
 Time :     17.01000
 Time :     18.00000
 Time :     19.00000
 Time :     20.00000
 Time :     21.00000
 Time :     22.00000
 Time :     23.00000
 Time :     24.00000
 Time :     25.00000
 Time :     26.00000
 Time :     27.00000
 Time :     28.00000
 Time :     29.00000
 Time :     30.00000
 Time :     31.00000
 Time :     32.00000
 Time :     33.00000
 Time :     34.00000
 Time :     35.00000
dtime = 11.50645539164543
mbcr =

 Columns 1 through 3:

   8.806248418651889e-02   1.892231202496776e-01   2.192712654044482e-01

 Column 4:

   2.307428893453826e-01

agsout =

   6.090480812569427e-01   1.660365411417928e-02   1.660365411417928e-02
   1.954199557564993e-01   1.669883944453113e-02   1.669883944453113e-02
   7.948143554460074e-02   1.669866467632674e-02   1.669866467632674e-02
   5.045919400771538e-02   1.669866493499759e-02   1.669866493499759e-02

ans = 3.241365132931918e-19
ans = -7.808045247150890e-19
ans = -7.808045247150890e-19
nbcr = 3
lambda0 = 3.501084296647659
kmpl_prod = 0.180000000000000
 Time :      1.00000
 Time :      2.00000
 Time :      3.01000
 Time :      4.01000
 Time :      5.01000
 Time :      6.01000
 Time :      7.01000
 Time :      8.01000
 Time :      9.01000
 Time :     10.01000
 Time :     11.01000
 Time :     12.01000
 Time :     13.01000
 Time :     14.01000
 Time :     15.01000
 Time :     16.01000
 Time :     17.01000
 Time :     18.00000
 Time :     19.00000
 Time :     20.00000
 Time :     21.00000
 Time :     22.00000
 Time :     23.00000
 Time :     24.00000
 Time :     25.00000
 Time :     26.00000
 Time :     27.00000
 Time :     28.00000
 Time :     29.00000
 Time :     30.00000
 Time :     31.00000
 Time :     32.00000
 Time :     33.00000
 Time :     34.00000
 Time :     35.00000
dtime = 11.49092540144920
mbcr =

 Columns 1 through 3:

   8.806248418651889e-02   1.892231202496776e-01   2.192712654044482e-01

 Columns 4 and 5:

   2.307428893453826e-01   2.370069126155204e-01

agsout =

   6.090480812569427e-01   1.660365411417928e-02   1.660365411417928e-02
   1.954199557564993e-01   1.669883944453113e-02   1.669883944453113e-02
   7.948143554460074e-02   1.669866467632674e-02   1.669866467632674e-02
   5.045919400771538e-02   1.669866493499759e-02   1.669866493499759e-02
   3.816585884577154e-02   1.669866495501175e-02   1.669866495501175e-02

ans = -5.027173629178775e-19
ans = 8.948439866598653e-20
ans = 8.948439866598653e-20
nbcr = 3
lambda0 = 3.501084296647659
kmpl_prod = 0.180000000000000
 Time :      1.00000
 Time :      2.00000
 Time :      3.01000
 Time :      4.01000
 Time :      5.01000
 Time :      6.01000
 Time :      7.01000
 Time :      8.01000
 Time :      9.01000
 Time :     10.01000
 Time :     11.01000
 Time :     12.01000
 Time :     13.01000
 Time :     14.01000
 Time :     15.01000
 Time :     16.01000
 Time :     17.01000
 Time :     18.00000
 Time :     19.00000
 Time :     20.00000
 Time :     21.00000
 Time :     22.00000
 Time :     23.00000
 Time :     24.00000
 Time :     25.00000
 Time :     26.00000
 Time :     27.00000
 Time :     28.00000
 Time :     29.00000
 Time :     30.00000
 Time :     31.00000
 Time :     32.00000
 Time :     33.00000
 Time :     34.00000
 Time :     35.00000
dtime = 11.46133393049240
mbcr =

 Columns 1 through 3:

   8.806248418651889e-02   1.892231202496776e-01   2.192712654044482e-01

 Columns 4 through 6:

   2.307428893453826e-01   2.370069126155204e-01   2.409826071001183e-01

agsout =

   6.090480812569427e-01   1.660365411417928e-02   1.660365411417928e-02
   1.954199557564993e-01   1.669883944453113e-02   1.669883944453113e-02
   7.948143554460074e-02   1.669866467632674e-02   1.669866467632674e-02
   5.045919400771538e-02   1.669866493499759e-02   1.669866493499759e-02
   3.816585884577154e-02   1.669866495501175e-02   1.669866495501175e-02
   3.153539258057636e-02   1.669866497851176e-02   1.669866497851176e-02

ans = -1.617965278153722e-20
ans = -3.958594830512866e-19
ans = -3.958594830512866e-19
nbcr = 4
lambda0 = 3.501084296647659
kmpl_prod = 0.180000000000000
 Time :      1.00000
 Time :      2.00000
 Time :      3.01000
 Time :      4.01000
 Time :      5.01000
 Time :      6.01000
 Time :      7.01000
 Time :      8.01000
 Time :      9.01000
 Time :     10.01000
 Time :     11.01000
 Time :     12.01000
 Time :     13.01000
 Time :     14.01000
 Time :     15.01000
 Time :     16.01000
 Time :     17.01000
 Time :     18.00000
 Time :     19.00000
 Time :     20.00000
 Time :     21.00000
 Time :     22.00000
 Time :     23.00000
 Time :     24.00000
 Time :     25.00000
 Time :     26.00000
 Time :     27.00000
 Time :     28.00000
 Time :     29.00000
 Time :     30.00000
 Time :     31.00000
 Time :     32.00000
 Time :     33.00000
 Time :     34.00000
 Time :     35.00000
dtime = 17.40631274878979
mbcr = 6.048377310268654e-02
agsout =

 Columns 1 through 3:

   6.090480812539246e-01   1.660365492283605e-02   1.660365492283605e-02

 Column 4:

   1.660365492283605e-02

ans = 4.577025450700207e-19
ans = -1.033859960405527e-18
ans = -1.033859960405527e-18
ans = -1.033859960405527e-18
nbcr = 4
lambda0 = 3.501084296647659
kmpl_prod = 0.180000000000000
 Time :      1.00000
 Time :      2.00000
 Time :      3.01000
 Time :      4.01000
 Time :      5.01000
 Time :      6.01000
 Time :      7.01000
 Time :      8.01000
 Time :      9.01000
 Time :     10.01000
 Time :     11.01000
 Time :     12.01000
 Time :     13.01000
 Time :     14.01000
 Time :     15.01000
 Time :     16.01000
 Time :     17.01000
 Time :     18.00000
 Time :     19.00000
 Time :     20.00000
 Time :     21.00000
 Time :     22.00000
 Time :     23.00000
 Time :     24.00000
 Time :     25.00000
 Time :     26.00000
 Time :     27.00000
 Time :     28.00000
 Time :     29.00000
 Time :     30.00000
 Time :     31.00000
 Time :     32.00000
 Time :     33.00000
 Time :     34.00000
 Time :     35.00000
dtime = 17.93872788548470
mbcr =

   6.048377310268654e-02   1.346411529741136e-01

agsout =

 Columns 1 through 3:

   6.090480812539246e-01   1.660365492283605e-02   1.660365492283605e-02
   1.954199557568638e-01   1.669884008614706e-02   1.669884008614706e-02

 Column 4:

   1.660365492283605e-02
   1.669884008614706e-02

ans = -7.928291717315900e-19
ans = 3.568283454625125e-19
ans = 3.568283454625125e-19
ans = 3.568283454625125e-19
nbcr = 4
lambda0 = 3.501084296647659
kmpl_prod = 0.180000000000000
 Time :      1.00000
 Time :      2.00000
 Time :      3.01000
 Time :      4.01000
 Time :      5.01000
 Time :      6.01000
 Time :      7.01000
 Time :      8.01000
 Time :      9.01000
 Time :     10.01000
 Time :     11.01000
 Time :     12.01000
 Time :     13.01000
 Time :     14.01000
 Time :     15.01000
 Time :     16.01000
 Time :     17.01000
 Time :     18.00000
 Time :     19.00000
 Time :     20.00000
 Time :     21.00000
 Time :     22.00000
 Time :     23.00000
 Time :     24.00000
 Time :     25.00000
 Time :     26.00000
 Time :     27.00000
 Time :     28.00000
 Time :     29.00000
 Time :     30.00000
 Time :     31.00000
 Time :     32.00000
 Time :     33.00000
 Time :     34.00000
 Time :     35.00000
dtime = 17.86197312176228
mbcr =

   6.048377310268654e-02   1.346411529741136e-01   1.577077708491786e-01

agsout =

 Columns 1 through 3:

   6.090480812539246e-01   1.660365492283605e-02   1.660365492283605e-02
   1.954199557568638e-01   1.669884008614706e-02   1.669884008614706e-02
   7.948143554521370e-02   1.669866532358872e-02   1.669866532358872e-02

 Column 4:

   1.660365492283605e-02
   1.669884008614706e-02
   1.669866532358872e-02

ans = -1.237489079749237e-18
ans = -7.935230470185513e-19
ans = -7.935230470185513e-19
ans = -7.935230470185513e-19
nbcr = 4
lambda0 = 3.501084296647659
kmpl_prod = 0.180000000000000
 Time :      1.00000
 Time :      2.00000
 Time :      3.01000
 Time :      4.01000
 Time :      5.01000
 Time :      6.01000
 Time :      7.01000
 Time :      8.01000
 Time :      9.01000
 Time :     10.01000
 Time :     11.01000
 Time :     12.01000
 Time :     13.01000
 Time :     14.01000
 Time :     15.01000
 Time :     16.01000
 Time :     17.01000
 Time :     18.00000
 Time :     19.00000
 Time :     20.00000
 Time :     21.00000
 Time :     22.00000
 Time :     23.00000
 Time :     24.00000
 Time :     25.00000
 Time :     26.00000
 Time :     27.00000
 Time :     28.00000
 Time :     29.00000
 Time :     30.00000
 Time :     31.00000
 Time :     32.00000
 Time :     33.00000
 Time :     34.00000
 Time :     35.00000
dtime = 17.94298253953457
mbcr =

 Columns 1 through 3:

   6.048377310268654e-02   1.346411529741136e-01   1.577077708491786e-01

 Column 4:

   1.666460568594779e-01

agsout =

 Columns 1 through 3:

   6.090480812539246e-01   1.660365492283605e-02   1.660365492283605e-02
   1.954199557568638e-01   1.669884008614706e-02   1.669884008614706e-02
   7.948143554521370e-02   1.669866532358872e-02   1.669866532358872e-02
   5.045919400834359e-02   1.669866558226223e-02   1.669866558226223e-02

 Column 4:

   1.660365492283605e-02
   1.669884008614706e-02
   1.669866532358872e-02
   1.669866558226223e-02

ans = -4.057850300164635e-19
ans = -1.234242395844967e-19
ans = -1.234242395844967e-19
ans = -1.234242395844967e-19
nbcr = 4
lambda0 = 3.501084296647659
kmpl_prod = 0.180000000000000
 Time :      1.00000
 Time :      2.00000
 Time :      3.01000
 Time :      4.01000
 Time :      5.01000
 Time :      6.01000
 Time :      7.01000
 Time :      8.01000
 Time :      9.01000
 Time :     10.01000
 Time :     11.01000
 Time :     12.01000
 Time :     13.01000
 Time :     14.01000
 Time :     15.01000
 Time :     16.01000
 Time :     17.01000
 Time :     18.00000
 Time :     19.00000
 Time :     20.00000
 Time :     21.00000
 Time :     22.00000
 Time :     23.00000
 Time :     24.00000
 Time :     25.00000
 Time :     26.00000
 Time :     27.00000
 Time :     28.00000
 Time :     29.00000
 Time :     30.00000
 Time :     31.00000
 Time :     32.00000
 Time :     33.00000
 Time :     34.00000
 Time :     35.00000
dtime = 18.08744966983795
mbcr =

 Columns 1 through 3:

   6.048377310268654e-02   1.346411529741136e-01   1.577077708491786e-01

 Columns 4 and 5:

   1.666460568594779e-01   1.715580928400441e-01

agsout =

 Columns 1 through 3:

   6.090480812539246e-01   1.660365492283605e-02   1.660365492283605e-02
   1.954199557568638e-01   1.669884008614706e-02   1.669884008614706e-02
   7.948143554521370e-02   1.669866532358872e-02   1.669866532358872e-02
   5.045919400834359e-02   1.669866558226223e-02   1.669866558226223e-02
   3.816585884068344e-02   1.669866560240664e-02   1.669866560240664e-02

 Column 4:

   1.660365492283605e-02
   1.669884008614706e-02
   1.669866532358872e-02
   1.669866558226223e-02
   1.669866560240664e-02

ans = 7.179927716960280e-19
ans = -3.294410157663412e-19
ans = -3.294410157663412e-19
ans = -3.294410157663412e-19
nbcr = 4
lambda0 = 3.501084296647659
kmpl_prod = 0.180000000000000
 Time :      1.00000
 Time :      2.00000
 Time :      3.01000
 Time :      4.01000
 Time :      5.01000
 Time :      6.01000
 Time :      7.01000
 Time :      8.01000
 Time :      9.01000
 Time :     10.01000
 Time :     11.01000
 Time :     12.01000
 Time :     13.01000
 Time :     14.01000
 Time :     15.01000
 Time :     16.01000
 Time :     17.01000
 Time :     18.00000
 Time :     19.00000
 Time :     20.00000
 Time :     21.00000
 Time :     22.00000
 Time :     23.00000
 Time :     24.00000
 Time :     25.00000
 Time :     26.00000
 Time :     27.00000
 Time :     28.00000
 Time :     29.00000
 Time :     30.00000
 Time :     31.00000
 Time :     32.00000
 Time :     33.00000
 Time :     34.00000
 Time :     35.00000
dtime = 17.92160868644714
mbcr =

 Columns 1 through 3:

   6.048377310268654e-02   1.346411529741136e-01   1.577077708491786e-01

 Columns 4 through 6:

   1.666460568594779e-01   1.715580928400441e-01   1.746872689628225e-01

agsout =

 Columns 1 through 3:

   6.090480812539246e-01   1.660365492283605e-02   1.660365492283605e-02
   1.954199557568638e-01   1.669884008614706e-02   1.669884008614706e-02
   7.948143554521370e-02   1.669866532358872e-02   1.669866532358872e-02
   5.045919400834359e-02   1.669866558226223e-02   1.669866558226223e-02
   3.816585884068344e-02   1.669866560240664e-02   1.669866560240664e-02
   3.153539259178611e-02   1.669866562577626e-02   1.669866562577626e-02

 Column 4:

   1.660365492283605e-02
   1.669884008614706e-02
   1.669866532358872e-02
   1.669866558226223e-02
   1.669866560240664e-02
   1.669866562577626e-02

ans = -1.445752892065082e-18
ans = -6.041175051028435e-19
ans = -6.041175051028435e-19
ans = -6.041175051028435e-19
nbcr = 5
lambda0 = 3.501084296647659
kmpl_prod = 0.180000000000000
 Time :      1.00000
 Time :      2.00000
 Time :      3.01000
 Time :      4.01000
 Time :      5.01000
 Time :      6.01000
 Time :      7.01000
 Time :      8.01000
 Time :      9.01000
 Time :     10.01000
 Time :     11.01000
 Time :     12.01000
 Time :     13.01000
 Time :     14.01000
 Time :     15.01000
 Time :     16.01000
 Time :     17.01000
 Time :     18.00000
 Time :     19.00000
 Time :     20.00000
 Time :     21.00000
 Time :     22.00000
 Time :     23.00000
 Time :     24.00000
 Time :     25.00000
 Time :     26.00000
 Time :     27.00000
 Time :     28.00000
 Time :     29.00000
 Time :     30.00000
 Time :     31.00000
 Time :     32.00000
 Time :     33.00000
 Time :     34.00000
 Time :     35.00000
dtime = 22.84287549555302
mbcr = 4.605928954291637e-02
agsout =

 Columns 1 through 3:

   6.090480812485313e-01   1.660365608489513e-02   1.660365608489513e-02

 Columns 4 and 5:

   1.660365608489513e-02   1.660365608489513e-02

ans = 9.064733849478051e-20
ans = 1.300983463568808e-19
ans = 1.300983463568808e-19
ans = 1.300983463568808e-19
ans = 1.300983463568808e-19
nbcr = 5
lambda0 = 3.501084296647659
kmpl_prod = 0.180000000000000
 Time :      1.00000
 Time :      2.00000
 Time :      3.01000
 Time :      4.01000
 Time :      5.01000
 Time :      6.01000
 Time :      7.01000
 Time :      8.01000
 Time :      9.01000
 Time :     10.01000
 Time :     11.01000
 Time :     12.01000
 Time :     13.01000
 Time :     14.01000
 Time :     15.01000
 Time :     16.01000
 Time :     17.01000
 Time :     18.00000
 Time :     19.00000
 Time :     20.00000
 Time :     21.00000
 Time :     22.00000
 Time :     23.00000
 Time :     24.00000
 Time :     25.00000
 Time :     26.00000
 Time :     27.00000
 Time :     28.00000
 Time :     29.00000
 Time :     30.00000
 Time :     31.00000
 Time :     32.00000
 Time :     33.00000
 Time :     34.00000
 Time :     35.00000
dtime = 22.92259745299816
mbcr =

   4.605928954291637e-02   1.044983074103979e-01

agsout =

 Columns 1 through 3:

   6.090480812485313e-01   1.660365608489513e-02   1.660365608489513e-02
   1.954199557566224e-01   1.669884136477807e-02   1.669884136477807e-02

 Columns 4 and 5:

   1.660365608489513e-02   1.660365608489513e-02
   1.669884136477807e-02   1.669884136477807e-02

ans = 1.335657840871265e-19
ans = -2.093904323101420e-19
ans = -2.093904323101420e-19
ans = -2.093904323101420e-19
ans = -2.093904323101420e-19
nbcr = 5
lambda0 = 3.501084296647659
kmpl_prod = 0.180000000000000
 Time :      1.00000
 Time :      2.00000
 Time :      3.01000
 Time :      4.01000
 Time :      5.01000
 Time :      6.01000
 Time :      7.01000
 Time :      8.01000
 Time :      9.01000
 Time :     10.01000
 Time :     11.01000
 Time :     12.01000
 Time :     13.01000
 Time :     14.01000
 Time :     15.01000
 Time :     16.01000
 Time :     17.01000
 Time :     18.00000
 Time :     19.00000
 Time :     20.00000
 Time :     21.00000
 Time :     22.00000
 Time :     23.00000
 Time :     24.00000
 Time :     25.00000
 Time :     26.00000
 Time :     27.00000
 Time :     28.00000
 Time :     29.00000
 Time :     30.00000
 Time :     31.00000
 Time :     32.00000
 Time :     33.00000
 Time :     34.00000
 Time :     35.00000
dtime = 23.02618771791458
mbcr =

   4.605928954291637e-02   1.044983074103979e-01   1.231356914528056e-01

agsout =

 Columns 1 through 3:

   6.090480812485313e-01   1.660365608489513e-02   1.660365608489513e-02
   1.954199557566224e-01   1.669884136477807e-02   1.669884136477807e-02
   7.948143554727051e-02   1.669866659669126e-02   1.669866659669126e-02

 Columns 4 and 5:

   1.660365608489513e-02   1.660365608489513e-02
   1.669884136477807e-02   1.669884136477807e-02
   1.669866659669126e-02   1.669866659669126e-02

ans = -2.286935190846795e-19
ans = 3.624705444207367e-21
ans = 3.624705444207367e-21
ans = 3.624705444207367e-21
ans = 3.624705444207367e-21
nbcr = 5
lambda0 = 3.501084296647659
kmpl_prod = 0.180000000000000
 Time :      1.00000
 Time :      2.00000
 Time :      3.01000
 Time :      4.01000
 Time :      5.01000
 Time :      6.01000
 Time :      7.01000
 Time :      8.01000
 Time :      9.01000
 Time :     10.01000
 Time :     11.01000
 Time :     12.01000
 Time :     13.01000
 Time :     14.01000
 Time :     15.01000
 Time :     16.01000
 Time :     17.01000
 Time :     18.00000
 Time :     19.00000
 Time :     20.00000
 Time :     21.00000
 Time :     22.00000
 Time :     23.00000
 Time :     24.00000
 Time :     25.00000
 Time :     26.00000
 Time :     27.00000
 Time :     28.00000
 Time :     29.00000
 Time :     30.00000
 Time :     31.00000
 Time :     32.00000
 Time :     33.00000
 Time :     34.00000
 Time :     35.00000
dtime = 22.84442447125912
mbcr =

 Columns 1 through 3:

   4.605928954291637e-02   1.044983074103979e-01   1.231356914528056e-01

 Column 4:

   1.304179514190464e-01

agsout =

 Columns 1 through 3:

   6.090480812485313e-01   1.660365608489513e-02   1.660365608489513e-02
   1.954199557566224e-01   1.669884136477807e-02   1.669884136477807e-02
   7.948143554727051e-02   1.669866659669126e-02   1.669866659669126e-02
   5.045919401044519e-02   1.669866685536203e-02   1.669866685536203e-02

 Columns 4 and 5:

   1.660365608489513e-02   1.660365608489513e-02
   1.669884136477807e-02   1.669884136477807e-02
   1.669866659669126e-02   1.669866659669126e-02
   1.669866685536203e-02   1.669866685536203e-02

ans = -5.559422994326020e-19
ans = -1.032738096699752e-18
ans = -1.032738096699752e-18
ans = -1.032738096699752e-18
ans = -1.032738096699752e-18
nbcr = 5
lambda0 = 3.501084296647659
kmpl_prod = 0.180000000000000
 Time :      1.00000
 Time :      2.00000
 Time :      3.01000
 Time :      4.01000
 Time :      5.01000
 Time :      6.01000
 Time :      7.01000
 Time :      8.01000
 Time :      9.01000
 Time :     10.01000
 Time :     11.01000
 Time :     12.01000
 Time :     13.01000
 Time :     14.01000
 Time :     15.01000
 Time :     16.01000
 Time :     17.01000
 Time :     18.00000
 Time :     19.00000
 Time :     20.00000
 Time :     21.00000
 Time :     22.00000
 Time :     23.00000
 Time :     24.00000
 Time :     25.00000
 Time :     26.00000
 Time :     27.00000
 Time :     28.00000
 Time :     29.00000
 Time :     30.00000
 Time :     31.00000
 Time :     32.00000
 Time :     33.00000
 Time :     34.00000
 Time :     35.00000
dtime = 22.93977700173855
mbcr =

 Columns 1 through 3:

   4.605928954291637e-02   1.044983074103979e-01   1.231356914528056e-01

 Columns 4 and 5:

   1.304179514190464e-01   1.344343962101520e-01

agsout =

 Columns 1 through 3:

   6.090480812485313e-01   1.660365608489513e-02   1.660365608489513e-02
   1.954199557566224e-01   1.669884136477807e-02   1.669884136477807e-02
   7.948143554727051e-02   1.669866659669126e-02   1.669866659669126e-02
   5.045919401044519e-02   1.669866685536203e-02   1.669866685536203e-02
   3.816585884262452e-02   1.669866687550647e-02   1.669866687550647e-02

 Columns 4 and 5:

   1.660365608489513e-02   1.660365608489513e-02
   1.669884136477807e-02   1.669884136477807e-02
   1.669866659669126e-02   1.669866659669126e-02
   1.669866685536203e-02   1.669866685536203e-02
   1.669866687550647e-02   1.669866687550647e-02

ans = -6.399730963200265e-19
ans = 6.229910783443128e-20
ans = 6.229910783443128e-20
ans = 6.229910783443128e-20
ans = 6.229910783443128e-20
nbcr = 5
lambda0 = 3.501084296647659
kmpl_prod = 0.180000000000000
 Time :      1.00000
 Time :      2.00000
 Time :      3.01000
 Time :      4.01000
 Time :      5.01000
 Time :      6.01000
 Time :      7.01000
 Time :      8.01000
 Time :      9.01000
 Time :     10.01000
 Time :     11.01000
 Time :     12.01000
 Time :     13.01000
 Time :     14.01000
 Time :     15.01000
 Time :     16.01000
 Time :     17.01000
 Time :     18.00000
 Time :     19.00000
 Time :     20.00000
 Time :     21.00000
 Time :     22.00000
 Time :     23.00000
 Time :     24.00000
 Time :     25.00000
 Time :     26.00000
 Time :     27.00000
 Time :     28.00000
 Time :     29.00000
 Time :     30.00000
 Time :     31.00000
 Time :     32.00000
 Time :     33.00000
 Time :     34.00000
 Time :     35.00000
dtime = 23.06522391736507
mbcr =

 Columns 1 through 3:

   4.605928954291637e-02   1.044983074103979e-01   1.231356914528056e-01

 Columns 4 through 6:

   1.304179514190464e-01   1.344343962101520e-01   1.369984211899736e-01

agsout =

 Columns 1 through 3:

   6.090480812485313e-01   1.660365608489513e-02   1.660365608489513e-02
   1.954199557566224e-01   1.669884136477807e-02   1.669884136477807e-02
   7.948143554727051e-02   1.669866659669126e-02   1.669866659669126e-02
   5.045919401044519e-02   1.669866685536203e-02   1.669866685536203e-02
   3.816585884262452e-02   1.669866687550647e-02   1.669866687550647e-02
   3.153539258936512e-02   1.669866689904493e-02   1.669866689904493e-02

 Columns 4 and 5:

   1.660365608489513e-02   1.660365608489513e-02
   1.669884136477807e-02   1.669884136477807e-02
   1.669866659669126e-02   1.669866659669126e-02
   1.669866685536203e-02   1.669866685536203e-02
   1.669866687550647e-02   1.669866687550647e-02
   1.669866689904493e-02   1.669866689904493e-02

ans = -2.218167530622199e-20
ans = -2.520502044510331e-19
ans = -2.520502044510331e-19
ans = -2.520502044510331e-19
ans = -2.520502044510331e-19
nbcr = 7
lambda0 = 3.501084296647659
kmpl_prod = 0.180000000000000
 Time :      1.00000
 Time :      2.00000
 Time :      3.01000
 Time :      4.01000
 Time :      5.01000
 Time :      6.01000
 Time :      7.01000
 Time :      8.01000
 Time :      9.01000
 Time :     10.01000
 Time :     11.01000
 Time :     12.01000
 Time :     13.01000
 Time :     14.01000
 Time :     15.01000
 Time :     16.01000
 Time :     17.01000
 Time :     18.00000
 Time :     19.00000
 Time :     20.00000
 Time :     21.00000
 Time :     22.00000
 Time :     23.00000
 Time :     24.00000
 Time :     25.00000
 Time :     26.00000
 Time :     27.00000
 Time :     28.00000
 Time :     29.00000
 Time :     30.00000
 Time :     31.00000
 Time :     32.00000
 Time :     33.00000
 Time :     34.00000
 Time :     35.00000
dtime = 32.43564181029797
mbcr = 3.118497893189958e-02
agsout =

 Columns 1 through 3:

   6.090480812440344e-01   1.660365674655695e-02   1.660365674655695e-02

 Columns 4 through 6:

   1.660365674655695e-02   1.660365674655695e-02   1.660365674655695e-02

 Column 7:

   1.660365674655695e-02

ans = -1.305747424318649e-18
ans = -5.004686724226521e-19
ans = -5.004686724226521e-19
ans = -5.004686724226521e-19
ans = -5.004686724226521e-19
ans = -5.004686724226521e-19
ans = -5.004686724226521e-19
nbcr = 7
lambda0 = 3.501084296647659
kmpl_prod = 0.180000000000000
 Time :      1.00000
 Time :      2.00000
 Time :      3.01000
 Time :      4.01000
 Time :      5.01000
 Time :      6.01000
 Time :      7.01000
 Time :      8.01000
 Time :      9.01000
 Time :     10.01000
 Time :     11.01000
 Time :     12.01000
 Time :     13.01000
 Time :     14.01000
 Time :     15.01000
 Time :     16.01000
 Time :     17.01000
 Time :     18.00000
 Time :     19.00000
 Time :     20.00000
 Time :     21.00000
 Time :     22.00000
 Time :     23.00000
 Time :     24.00000
 Time :     25.00000
 Time :     26.00000
 Time :     27.00000
 Time :     28.00000
 Time :     29.00000
 Time :     30.00000
 Time :     31.00000
 Time :     32.00000
 Time :     33.00000
 Time :     34.00000
 Time :     35.00000
dtime = 32.37648904323578
mbcr =

   3.118497893189958e-02   7.217975893886884e-02

agsout =

 Columns 1 through 3:

   6.090480812440344e-01   1.660365674655695e-02   1.660365674655695e-02
   1.954199557566932e-01   1.669884204911541e-02   1.669884204911541e-02

 Columns 4 through 6:

   1.660365674655695e-02   1.660365674655695e-02   1.660365674655695e-02
   1.669884204911541e-02   1.669884204911541e-02   1.669884204911541e-02

 Column 7:

   1.660365674655695e-02
   1.669884204911541e-02

ans = -1.084156651702420e-18
ans = -9.489982605927932e-19
ans = -9.489982605927932e-19
ans = -9.489982605927932e-19
ans = -9.489982605927932e-19
ans = -9.489982605927932e-19
ans = -9.489982605927932e-19
nbcr = 7
lambda0 = 3.501084296647659
kmpl_prod = 0.180000000000000
 Time :      1.00000
 Time :      2.00000
 Time :      3.01000
 Time :      4.01000
 Time :      5.01000
 Time :      6.01000
 Time :      7.01000
 Time :      8.01000
 Time :      9.01000
 Time :     10.01000
 Time :     11.01000
 Time :     12.01000
 Time :     13.01000
 Time :     14.01000
 Time :     15.01000
 Time :     16.01000
 Time :     17.01000
 Time :     18.00000
 Time :     19.00000
 Time :     20.00000
 Time :     21.00000
 Time :     22.00000
 Time :     23.00000
 Time :     24.00000
 Time :     25.00000
 Time :     26.00000
 Time :     27.00000
 Time :     28.00000
 Time :     29.00000
 Time :     30.00000
 Time :     31.00000
 Time :     32.00000
 Time :     33.00000
 Time :     34.00000
 Time :     35.00000
dtime = 32.31219649314880
mbcr =

   3.118497893189958e-02   7.217975893886884e-02   8.560410076622284e-02

agsout =

 Columns 1 through 3:

   6.090480812440344e-01   1.660365674655695e-02   1.660365674655695e-02
   1.954199557566932e-01   1.669884204911541e-02   1.669884204911541e-02
   7.948143554869726e-02   1.669866728106142e-02   1.669866728106142e-02

 Columns 4 through 6:

   1.660365674655695e-02   1.660365674655695e-02   1.660365674655695e-02
   1.669884204911541e-02   1.669884204911541e-02   1.669884204911541e-02
   1.669866728106142e-02   1.669866728106142e-02   1.669866728106142e-02

 Column 7:

   1.660365674655695e-02
   1.669884204911541e-02
   1.669866728106142e-02

ans = -4.668233078022108e-19
ans = -2.933825585039296e-19
ans = -2.933825585039296e-19
ans = -2.933825585039296e-19
ans = -2.933825585039296e-19
ans = -2.933825585039296e-19
ans = -2.933825585039296e-19
nbcr = 7
lambda0 = 3.501084296647659
kmpl_prod = 0.180000000000000
 Time :      1.00000
 Time :      2.00000
 Time :      3.01000
 Time :      4.01000
 Time :      5.01000
 Time :      6.01000
 Time :      7.01000
 Time :      8.01000
 Time :      9.01000
 Time :     10.01000
 Time :     11.01000
 Time :     12.01000
 Time :     13.01000
 Time :     14.01000
 Time :     15.01000
 Time :     16.01000
 Time :     17.01000
 Time :     18.00000
 Time :     19.00000
 Time :     20.00000
 Time :     21.00000
 Time :     22.00000
 Time :     23.00000
 Time :     24.00000
 Time :     25.00000
 Time :     26.00000
 Time :     27.00000
 Time :     28.00000
 Time :     29.00000
 Time :     30.00000
 Time :     31.00000
 Time :     32.00000
 Time :     33.00000
 Time :     34.00000
 Time :     35.00000
dtime = 32.32680112123489
mbcr =

 Columns 1 through 3:

   3.118497893189958e-02   7.217975893886884e-02   8.560410076622284e-02

 Column 4:

   9.089682665860299e-02

agsout =

 Columns 1 through 3:

   6.090480812440344e-01   1.660365674655695e-02   1.660365674655695e-02
   1.954199557566932e-01   1.669884204911541e-02   1.669884204911541e-02
   7.948143554869726e-02   1.669866728106142e-02   1.669866728106142e-02
   5.045919401210198e-02   1.669866753973219e-02   1.669866753973219e-02

 Columns 4 through 6:

   1.660365674655695e-02   1.660365674655695e-02   1.660365674655695e-02
   1.669884204911541e-02   1.669884204911541e-02   1.669884204911541e-02
   1.669866728106142e-02   1.669866728106142e-02   1.669866728106142e-02
   1.669866753973219e-02   1.669866753973219e-02   1.669866753973219e-02

 Column 7:

   1.660365674655695e-02
   1.669884204911541e-02
   1.669866728106142e-02
   1.669866753973219e-02

ans = -6.109977866429064e-19
ans = -2.900488138401878e-20
ans = -2.900488138401878e-20
ans = -2.900488138401878e-20
ans = -2.900488138401878e-20
ans = -2.900488138401878e-20
ans = -2.900488138401878e-20
nbcr = 7
lambda0 = 3.501084296647659
kmpl_prod = 0.180000000000000
 Time :      1.00000
 Time :      2.00000
 Time :      3.01000
 Time :      4.01000
 Time :      5.01000
 Time :      6.01000
 Time :      7.01000
 Time :      8.01000
 Time :      9.01000
 Time :     10.01000
 Time :     11.01000
 Time :     12.01000
 Time :     13.01000
 Time :     14.01000
 Time :     15.01000
 Time :     16.01000
 Time :     17.01000
 Time :     18.00000
 Time :     19.00000
 Time :     20.00000
 Time :     21.00000
 Time :     22.00000
 Time :     23.00000
 Time :     24.00000
 Time :     25.00000
 Time :     26.00000
 Time :     27.00000
 Time :     28.00000
 Time :     29.00000
 Time :     30.00000
 Time :     31.00000
 Time :     32.00000
 Time :     33.00000
 Time :     34.00000
 Time :     35.00000
dtime = 32.64116272330284
mbcr =

 Columns 1 through 3:

   3.118497893189958e-02   7.217975893886884e-02   8.560410076622284e-02

 Columns 4 and 5:

   9.089682665860299e-02   9.382747735542651e-02

agsout =

 Columns 1 through 3:

   6.090480812440344e-01   1.660365674655695e-02   1.660365674655695e-02
   1.954199557566932e-01   1.669884204911541e-02   1.669884204911541e-02
   7.948143554869726e-02   1.669866728106142e-02   1.669866728106142e-02
   5.045919401210198e-02   1.669866753973219e-02   1.669866753973219e-02
   3.816585883177140e-02   1.669866756009183e-02   1.669866756009183e-02

 Columns 4 through 6:

   1.660365674655695e-02   1.660365674655695e-02   1.660365674655695e-02
   1.669884204911541e-02   1.669884204911541e-02   1.669884204911541e-02
   1.669866728106142e-02   1.669866728106142e-02   1.669866728106142e-02
   1.669866753973219e-02   1.669866753973219e-02   1.669866753973219e-02
   1.669866756009183e-02   1.669866756009183e-02   1.669866756009183e-02

 Column 7:

   1.660365674655695e-02
   1.669884204911541e-02
   1.669866728106142e-02
   1.669866753973219e-02
   1.669866756009183e-02

ans = -8.817612980917267e-19
ans = 2.104035217653664e-19
ans = 2.104035217653664e-19
ans = 2.104035217653664e-19
ans = 2.104035217653664e-19
ans = 2.104035217653664e-19
ans = 2.104035217653664e-19
nbcr = 7
lambda0 = 3.501084296647659
kmpl_prod = 0.180000000000000
 Time :      1.00000
 Time :      2.00000
 Time :      3.01000
 Time :      4.01000
 Time :      5.01000
 Time :      6.01000
 Time :      7.01000
 Time :      8.01000
 Time :      9.01000
 Time :     10.01000
 Time :     11.01000
 Time :     12.01000
 Time :     13.01000
 Time :     14.01000
 Time :     15.01000
 Time :     16.01000
 Time :     17.01000
 Time :     18.00000
 Time :     19.00000
 Time :     20.00000
 Time :     21.00000
 Time :     22.00000
 Time :     23.00000
 Time :     24.00000
 Time :     25.00000
 Time :     26.00000
 Time :     27.00000
 Time :     28.00000
 Time :     29.00000
 Time :     30.00000
 Time :     31.00000
 Time :     32.00000
 Time :     33.00000
 Time :     34.00000
 Time :     35.00000
dtime = 32.62622617185116
mbcr =

 Columns 1 through 3:

   3.118497893189958e-02   7.217975893886884e-02   8.560410076622284e-02

 Columns 4 through 6:

   9.089682665860299e-02   9.382747735542651e-02   9.570265122112344e-02

agsout =

 Columns 1 through 3:

   6.090480812440344e-01   1.660365674655695e-02   1.660365674655695e-02
   1.954199557566932e-01   1.669884204911541e-02   1.669884204911541e-02
   7.948143554869726e-02   1.669866728106142e-02   1.669866728106142e-02
   5.045919401210198e-02   1.669866753973219e-02   1.669866753973219e-02
   3.816585883177140e-02   1.669866756009183e-02   1.669866756009183e-02
   3.153539260537016e-02   1.669866758341477e-02   1.669866758341477e-02

 Columns 4 through 6:

   1.660365674655695e-02   1.660365674655695e-02   1.660365674655695e-02
   1.669884204911541e-02   1.669884204911541e-02   1.669884204911541e-02
   1.669866728106142e-02   1.669866728106142e-02   1.669866728106142e-02
   1.669866753973219e-02   1.669866753973219e-02   1.669866753973219e-02
   1.669866756009183e-02   1.669866756009183e-02   1.669866756009183e-02
   1.669866758341477e-02   1.669866758341477e-02   1.669866758341477e-02

 Column 7:

   1.660365674655695e-02
   1.669884204911541e-02
   1.669866728106142e-02
   1.669866753973219e-02
   1.669866756009183e-02
   1.669866758341477e-02

ans = -3.630131749025715e-19
ans = -5.464235185336481e-19
ans = -5.464235185336481e-19
ans = -5.464235185336481e-19
ans = -5.464235185336481e-19
ans = -5.464235185336481e-19
ans = -5.464235185336481e-19
nbcr = 10
lambda0 = 3.501084296647659
kmpl_prod = 0.180000000000000
 Time :      1.00000
 Time :      2.00000
 Time :      3.01000
 Time :      4.01000
 Time :      5.01000
 Time :      6.01000
 Time :      7.01000
 Time :      8.01000
 Time :      9.01000
 Time :     10.01000
 Time :     11.01000
 Time :     12.01000
 Time :     13.01000
 Time :     14.01000
 Time :     15.01000
 Time :     16.01000
 Time :     17.01000
 Time :     18.00000
 Time :     19.00000
 Time :     20.00000
 Time :     21.00000
 Time :     22.00000
 Time :     23.00000
 Time :     24.00000
 Time :     25.00000
 Time :     26.00000
 Time :     27.00000
 Time :     28.00000
 Time :     29.00000
 Time :     30.00000
 Time :     31.00000
 Time :     32.00000
 Time :     33.00000
 Time :     34.00000
 Time :     35.00000
dtime = 46.62455096840858
mbcr = 2.100836774788530e-02
agsout =

 Columns 1 through 3:

   6.090480812403261e-01   1.660365710035890e-02   1.660365710035890e-02

 Columns 4 through 6:

   1.660365710035890e-02   1.660365710035890e-02   1.660365710035890e-02

 Columns 7 through 9:

   1.660365710035890e-02   1.660365710035890e-02   1.660365710035890e-02

 Column 10:

   1.660365710035890e-02

ans = -4.590807353250369e-19
ans = 2.166816158194907e-19
ans = 2.166816158194907e-19
ans = 2.166816158194907e-19
ans = 2.166816158194907e-19
ans = 2.166816158194907e-19
ans = 2.166816158194907e-19
ans = 2.166816158194907e-19
ans = 2.166816158194907e-19
ans = 2.166816158194907e-19
nbcr = 10
lambda0 = 3.501084296647659
kmpl_prod = 0.180000000000000
 Time :      1.00000
 Time :      2.00000
 Time :      3.01000
 Time :      4.01000
 Time :      5.01000
 Time :      6.01000
 Time :      7.01000
 Time :      8.01000
 Time :      9.01000
 Time :     10.01000
 Time :     11.01000
 Time :     12.01000
 Time :     13.01000
 Time :     14.01000
 Time :     15.01000
 Time :     16.01000
 Time :     17.01000
 Time :     18.00000
 Time :     19.00000
 Time :     20.00000
 Time :     21.00000
 Time :     22.00000
 Time :     23.00000
 Time :     24.00000
 Time :     25.00000
 Time :     26.00000
 Time :     27.00000
 Time :     28.00000
 Time :     29.00000
 Time :     30.00000
 Time :     31.00000
 Time :     32.00000
 Time :     33.00000
 Time :     34.00000
 Time :     35.00000
dtime = 46.68656028807163
mbcr =

   2.100836774788530e-02   4.930614097798280e-02

agsout =

 Columns 1 through 3:

   6.090480812403261e-01   1.660365710035890e-02   1.660365710035890e-02
   1.954199557565923e-01   1.669884240952875e-02   1.669884240952875e-02

 Columns 4 through 6:

   1.660365710035890e-02   1.660365710035890e-02   1.660365710035890e-02
   1.669884240952875e-02   1.669884240952875e-02   1.669884240952875e-02

 Columns 7 through 9:

   1.660365710035890e-02   1.660365710035890e-02   1.660365710035890e-02
   1.669884240952875e-02   1.669884240952875e-02   1.669884240952875e-02

 Column 10:

   1.660365710035890e-02
   1.669884240952875e-02

ans = -1.570009760021947e-18
ans = -1.202803742303664e-18
ans = -1.202803742303664e-18
ans = -1.202803742303664e-18
ans = -1.202803742303664e-18
ans = -1.202803742303664e-18
ans = -1.202803742303664e-18
ans = -1.202803742303664e-18
ans = -1.202803742303664e-18
ans = -1.202803742303664e-18
nbcr = 10
lambda0 = 3.501084296647659
kmpl_prod = 0.180000000000000
 Time :      1.00000
 Time :      2.00000
 Time :      3.01000
 Time :      4.01000
 Time :      5.01000
 Time :      6.01000
 Time :      7.01000
 Time :      8.01000
 Time :      9.01000
 Time :     10.01000
 Time :     11.01000
 Time :     12.01000
 Time :     13.01000
 Time :     14.01000
 Time :     15.01000
 Time :     16.01000
 Time :     17.01000
 Time :     18.00000
 Time :     19.00000
 Time :     20.00000
 Time :     21.00000
 Time :     22.00000
 Time :     23.00000
 Time :     24.00000
 Time :     25.00000
 Time :     26.00000
 Time :     27.00000
 Time :     28.00000
 Time :     29.00000
 Time :     30.00000
 Time :     31.00000
 Time :     32.00000
 Time :     33.00000
 Time :     34.00000
 Time :     35.00000
dtime = 46.45224250853062
mbcr =

   2.100836774788530e-02   4.930614097798280e-02   5.874569107412921e-02

agsout =

 Columns 1 through 3:

   6.090480812403261e-01   1.660365710035890e-02   1.660365710035890e-02
   1.954199557565923e-01   1.669884240952875e-02   1.669884240952875e-02
   7.948143555002685e-02   1.669866764147476e-02   1.669866764147476e-02

 Columns 4 through 6:

   1.660365710035890e-02   1.660365710035890e-02   1.660365710035890e-02
   1.669884240952875e-02   1.669884240952875e-02   1.669884240952875e-02
   1.669866764147476e-02   1.669866764147476e-02   1.669866764147476e-02

 Columns 7 through 9:

   1.660365710035890e-02   1.660365710035890e-02   1.660365710035890e-02
   1.669884240952875e-02   1.669884240952875e-02   1.669884240952875e-02
   1.669866764147476e-02   1.669866764147476e-02   1.669866764147476e-02

 Column 10:

   1.660365710035890e-02
   1.669884240952875e-02
   1.669866764147476e-02

ans = 1.388627385371864e-19
ans = -5.604762831651583e-19
ans = -5.604762831651583e-19
ans = -5.604762831651583e-19
ans = -5.604762831651583e-19
ans = -5.604762831651583e-19
ans = -5.604762831651583e-19
ans = -5.604762831651583e-19
ans = -5.604762831651583e-19
ans = -5.604762831651583e-19
nbcr = 10
lambda0 = 3.501084296647659
kmpl_prod = 0.180000000000000
 Time :      1.00000
 Time :      2.00000
 Time :      3.01000
 Time :      4.01000
 Time :      5.01000
 Time :      6.01000
 Time :      7.01000
 Time :      8.01000
 Time :      9.01000
 Time :     10.01000
 Time :     11.01000
 Time :     12.01000
 Time :     13.01000
 Time :     14.01000
 Time :     15.01000
 Time :     16.01000
 Time :     17.01000
 Time :     18.00000
 Time :     19.00000
 Time :     20.00000
 Time :     21.00000
 Time :     22.00000
 Time :     23.00000
 Time :     24.00000
 Time :     25.00000
 Time :     26.00000
 Time :     27.00000
 Time :     28.00000
 Time :     29.00000
 Time :     30.00000
 Time :     31.00000
 Time :     32.00000
 Time :     33.00000
 Time :     34.00000
 Time :     35.00000
dtime = 46.29778750240803
mbcr =

 Columns 1 through 3:

   2.100836774788530e-02   4.930614097798280e-02   5.874569107412921e-02

 Column 4:

   6.249130474075194e-02

agsout =

 Columns 1 through 3:

   6.090480812403261e-01   1.660365710035890e-02   1.660365710035890e-02
   1.954199557565923e-01   1.669884240952875e-02   1.669884240952875e-02
   7.948143555002685e-02   1.669866764147476e-02   1.669866764147476e-02
   5.045919401374221e-02   1.669866790014552e-02   1.669866790014552e-02

 Columns 4 through 6:

   1.660365710035890e-02   1.660365710035890e-02   1.660365710035890e-02
   1.669884240952875e-02   1.669884240952875e-02   1.669884240952875e-02
   1.669866764147476e-02   1.669866764147476e-02   1.669866764147476e-02
   1.669866790014552e-02   1.669866790014552e-02   1.669866790014552e-02

 Columns 7 through 9:

   1.660365710035890e-02   1.660365710035890e-02   1.660365710035890e-02
   1.669884240952875e-02   1.669884240952875e-02   1.669884240952875e-02
   1.669866764147476e-02   1.669866764147476e-02   1.669866764147476e-02
   1.669866790014552e-02   1.669866790014552e-02   1.669866790014552e-02

 Column 10:

   1.660365710035890e-02
   1.669884240952875e-02
   1.669866764147476e-02
   1.669866790014552e-02

ans = -2.635488421461327e-19
ans = -2.958233616964205e-19
ans = -2.958233616964205e-19
ans = -2.958233616964205e-19
ans = -2.958233616964205e-19
ans = -2.958233616964205e-19
ans = -2.958233616964205e-19
ans = -2.958233616964205e-19
ans = -2.958233616964205e-19
ans = -2.958233616964205e-19
nbcr = 10
lambda0 = 3.501084296647659
kmpl_prod = 0.180000000000000
 Time :      1.00000
 Time :      2.00000
 Time :      3.01000
 Time :      4.01000
 Time :      5.01000
 Time :      6.01000
 Time :      7.01000
 Time :      8.01000
 Time :      9.01000
 Time :     10.01000
 Time :     11.01000
 Time :     12.01000
 Time :     13.01000
 Time :     14.01000
 Time :     15.01000
 Time :     16.01000
 Time :     17.01000
 Time :     18.00000
 Time :     19.00000
 Time :     20.00000
 Time :     21.00000
 Time :     22.00000
 Time :     23.00000
 Time :     24.00000
 Time :     25.00000
 Time :     26.00000
 Time :     27.00000
 Time :     28.00000
 Time :     29.00000
 Time :     30.00000
 Time :     31.00000
 Time :     32.00000
 Time :     33.00000
 Time :     34.00000
 Time :     35.00000
dtime = 46.48057669401169
mbcr =

 Columns 1 through 3:

   2.100836774788530e-02   4.930614097798280e-02   5.874569107412921e-02

 Columns 4 and 5:

   6.249130474075194e-02   6.457116808704477e-02

agsout =

 Columns 1 through 3:

   6.090480812403261e-01   1.660365710035890e-02   1.660365710035890e-02
   1.954199557565923e-01   1.669884240952875e-02   1.669884240952875e-02
   7.948143555002685e-02   1.669866764147476e-02   1.669866764147476e-02
   5.045919401374221e-02   1.669866790014552e-02   1.669866790014552e-02
   3.816585882207225e-02   1.669866792076713e-02   1.669866792076713e-02

 Columns 4 through 6:

   1.660365710035890e-02   1.660365710035890e-02   1.660365710035890e-02
   1.669884240952875e-02   1.669884240952875e-02   1.669884240952875e-02
   1.669866764147476e-02   1.669866764147476e-02   1.669866764147476e-02
   1.669866790014552e-02   1.669866790014552e-02   1.669866790014552e-02
   1.669866792076713e-02   1.669866792076713e-02   1.669866792076713e-02

 Columns 7 through 9:

   1.660365710035890e-02   1.660365710035890e-02   1.660365710035890e-02
   1.669884240952875e-02   1.669884240952875e-02   1.669884240952875e-02
   1.669866764147476e-02   1.669866764147476e-02   1.669866764147476e-02
   1.669866790014552e-02   1.669866790014552e-02   1.669866790014552e-02
   1.669866792076713e-02   1.669866792076713e-02   1.669866792076713e-02

 Column 10:

   1.660365710035890e-02
   1.669884240952875e-02
   1.669866764147476e-02
   1.669866790014552e-02
   1.669866792076713e-02

ans = 1.024082685565150e-19
ans = -1.562130586806393e-20
ans = -1.562130586806393e-20
ans = -1.562130586806393e-20
ans = -1.562130586806393e-20
ans = -1.562130586806393e-20
ans = -1.562130586806393e-20
ans = -1.562130586806393e-20
ans = -1.562130586806393e-20
ans = -1.562130586806393e-20
nbcr = 10
lambda0 = 3.501084296647659
kmpl_prod = 0.180000000000000
 Time :      1.00000
 Time :      2.00000
 Time :      3.01000
 Time :      4.01000
 Time :      5.01000
 Time :      6.01000
 Time :      7.01000
 Time :      8.01000
 Time :      9.01000
 Time :     10.01000
 Time :     11.01000
 Time :     12.01000
 Time :     13.01000
 Time :     14.01000
 Time :     15.01000
 Time :     16.01000
 Time :     17.01000
 Time :     18.00000
 Time :     19.00000
 Time :     20.00000
 Time :     21.00000
 Time :     22.00000
 Time :     23.00000
 Time :     24.00000
 Time :     25.00000
 Time :     26.00000
 Time :     27.00000
 Time :     28.00000
 Time :     29.00000
 Time :     30.00000
 Time :     31.00000
 Time :     32.00000
 Time :     33.00000
 Time :     34.00000
 Time :     35.00000
dtime = 47.17681109905243
mbcr =

 Columns 1 through 3:

   2.100836774788530e-02   4.930614097798280e-02   5.874569107412921e-02

 Columns 4 through 6:

   6.249130474075194e-02   6.457116808704477e-02   6.590416858051640e-02

agsout =

 Columns 1 through 3:

   6.090480812403261e-01   1.660365710035890e-02   1.660365710035890e-02
   1.954199557565923e-01   1.669884240952875e-02   1.669884240952875e-02
   7.948143555002685e-02   1.669866764147476e-02   1.669866764147476e-02
   5.045919401374221e-02   1.669866790014552e-02   1.669866790014552e-02
   3.816585882207225e-02   1.669866792076713e-02   1.669866792076713e-02
   3.153539262415159e-02   1.669866794399697e-02   1.669866794399697e-02

 Columns 4 through 6:

   1.660365710035890e-02   1.660365710035890e-02   1.660365710035890e-02
   1.669884240952875e-02   1.669884240952875e-02   1.669884240952875e-02
   1.669866764147476e-02   1.669866764147476e-02   1.669866764147476e-02
   1.669866790014552e-02   1.669866790014552e-02   1.669866790014552e-02
   1.669866792076713e-02   1.669866792076713e-02   1.669866792076713e-02
   1.669866794399697e-02   1.669866794399697e-02   1.669866794399697e-02

 Columns 7 through 9:

   1.660365710035890e-02   1.660365710035890e-02   1.660365710035890e-02
   1.669884240952875e-02   1.669884240952875e-02   1.669884240952875e-02
   1.669866764147476e-02   1.669866764147476e-02   1.669866764147476e-02
   1.669866790014552e-02   1.669866790014552e-02   1.669866790014552e-02
   1.669866792076713e-02   1.669866792076713e-02   1.669866792076713e-02
   1.669866794399697e-02   1.669866794399697e-02   1.669866794399697e-02

 Column 10:

   1.660365710035890e-02
   1.669884240952875e-02
   1.669866764147476e-02
   1.669866790014552e-02
   1.669866792076713e-02
   1.669866794399697e-02

ans = -8.097634975751111e-19
ans = -8.454296644320194e-19
ans = -8.454296644320194e-19
ans = -8.454296644320194e-19
ans = -8.454296644320194e-19
ans = -8.454296644320194e-19
ans = -8.454296644320194e-19
ans = -8.454296644320194e-19
ans = -8.454296644320194e-19
ans = -8.454296644320194e-19
nbcr = 15
lambda0 = 3.501084296647659
kmpl_prod = 0.180000000000000
 Time :      1.00000
 Time :      2.00000
 Time :      3.01000
 Time :      4.01000
 Time :      5.01000
 Time :      6.01000
 Time :      7.01000
 Time :      8.01000
 Time :      9.01000
 Time :     10.01000
 Time :     11.01000
 Time :     12.01000
 Time :     13.01000
 Time :     14.01000
 Time :     15.01000
 Time :     16.01000
 Time :     17.01000
 Time :     18.00000
 Time :     19.00000
 Time :     20.00000
 Time :     21.00000
 Time :     22.00000
 Time :     23.00000
 Time :     24.00000
 Time :     25.00000
 Time :     26.00000
 Time :     27.00000
 Time :     28.00000
 Time :     29.00000
 Time :     30.00000
 Time :     31.00000
 Time :     32.00000
 Time :     33.00000
 Time :     34.00000
 Time :     35.00000
dtime = 72.38058708608150
mbcr = 1.360747597866463e-02
agsout =

 Columns 1 through 3:

   6.090480812366756e-01   1.660365732387810e-02   1.660365732387810e-02

 Columns 4 through 6:

   1.660365732387810e-02   1.660365732387810e-02   1.660365732387810e-02

 Columns 7 through 9:

   1.660365732387810e-02   1.660365732387810e-02   1.660365732387810e-02

 Columns 10 through 12:

   1.660365732387810e-02   1.660365732387810e-02   1.660365732387810e-02

 Columns 13 through 15:

   1.660365732387810e-02   1.660365732387810e-02   1.660365732387810e-02

ans = -1.604207738562876e-19
ans = -5.355429915512787e-19
ans = -5.355429915512787e-19
ans = -5.355429915512787e-19
ans = -5.355429915512787e-19
ans = -5.355429915512787e-19
ans = -5.355429915512787e-19
ans = -5.355429915512787e-19
ans = -5.355429915512787e-19
ans = -5.355429915512787e-19
ans = -5.355429915512787e-19
ans = -5.355429915512787e-19
ans = -5.355429915512787e-19
ans = -5.355429915512787e-19
ans = -5.355429915512787e-19
nbcr = 15
lambda0 = 3.501084296647659
kmpl_prod = 0.180000000000000
 Time :      1.00000
 Time :      2.00000
 Time :      3.01000
 Time :      4.01000
 Time :      5.01000
 Time :      6.01000
 Time :      7.01000
 Time :      8.01000
 Time :      9.01000
 Time :     10.01000
 Time :     11.01000
 Time :     12.01000
 Time :     13.01000
 Time :     14.01000
 Time :     15.01000
 Time :     16.01000
 Time :     17.01000
 Time :     18.00000
 Time :     19.00000
 Time :     20.00000
 Time :     21.00000
 Time :     22.00000
 Time :     23.00000
 Time :     24.00000
 Time :     25.00000
 Time :     26.00000
 Time :     27.00000
 Time :     28.00000
 Time :     29.00000
 Time :     30.00000
 Time :     31.00000
 Time :     32.00000
 Time :     33.00000
 Time :     34.00000
 Time :     35.00000
dtime = 71.96024134755135
mbcr =

   1.360747597866463e-02   3.226496954731031e-02

agsout =

 Columns 1 through 3:

   6.090480812366756e-01   1.660365732387810e-02   1.660365732387810e-02
   1.954199557563108e-01   1.669884264034348e-02   1.669884264034348e-02

 Columns 4 through 6:

   1.660365732387810e-02   1.660365732387810e-02   1.660365732387810e-02
   1.669884264034348e-02   1.669884264034348e-02   1.669884264034348e-02

 Columns 7 through 9:

   1.660365732387810e-02   1.660365732387810e-02   1.660365732387810e-02
   1.669884264034348e-02   1.669884264034348e-02   1.669884264034348e-02

 Columns 10 through 12:

   1.660365732387810e-02   1.660365732387810e-02   1.660365732387810e-02
   1.669884264034348e-02   1.669884264034348e-02   1.669884264034348e-02

 Columns 13 through 15:

   1.660365732387810e-02   1.660365732387810e-02   1.660365732387810e-02
   1.669884264034348e-02   1.669884264034348e-02   1.669884264034348e-02

ans = -8.508960164242422e-19
ans = -1.521009370604850e-19
ans = -1.521009370604850e-19
ans = -1.521009370604850e-19
ans = -1.521009370604850e-19
ans = -1.521009370604850e-19
ans = -1.521009370604850e-19
ans = -1.521009370604850e-19
ans = -1.521009370604850e-19
ans = -1.521009370604850e-19
ans = -1.521009370604850e-19
ans = -1.521009370604850e-19
ans = -1.521009370604850e-19
ans = -1.521009370604850e-19
ans = -1.521009370604850e-19
nbcr = 15
lambda0 = 3.501084296647659
kmpl_prod = 0.180000000000000
 Time :      1.00000
 Time :      2.00000
 Time :      3.01000
 Time :      4.01000
 Time :      5.01000
 Time :      6.01000
 Time :      7.01000
 Time :      8.01000
 Time :      9.01000
 Time :     10.01000
 Time :     11.01000
 Time :     12.01000
 Time :     13.01000
 Time :     14.01000
 Time :     15.01000
 Time :     16.01000
 Time :     17.01000
 Time :     18.00000
 Time :     19.00000
 Time :     20.00000
 Time :     21.00000
 Time :     22.00000
 Time :     23.00000
 Time :     24.00000
 Time :     25.00000
 Time :     26.00000
 Time :     27.00000
 Time :     28.00000
 Time :     29.00000
 Time :     30.00000
 Time :     31.00000
 Time :     32.00000
 Time :     33.00000
 Time :     34.00000
 Time :     35.00000
dtime = 72.02461436390877
mbcr =

   1.360747597866463e-02   3.226496954731031e-02   3.857440128549591e-02

agsout =

 Columns 1 through 3:

   6.090480812366756e-01   1.660365732387810e-02   1.660365732387810e-02
   1.954199557563108e-01   1.669884264034348e-02   1.669884264034348e-02
   7.948143555149816e-02   1.669866787227356e-02   1.669866787227356e-02

 Columns 4 through 6:

   1.660365732387810e-02   1.660365732387810e-02   1.660365732387810e-02
   1.669884264034348e-02   1.669884264034348e-02   1.669884264034348e-02
   1.669866787227356e-02   1.669866787227356e-02   1.669866787227356e-02

 Columns 7 through 9:

   1.660365732387810e-02   1.660365732387810e-02   1.660365732387810e-02
   1.669884264034348e-02   1.669884264034348e-02   1.669884264034348e-02
   1.669866787227356e-02   1.669866787227356e-02   1.669866787227356e-02

 Columns 10 through 12:

   1.660365732387810e-02   1.660365732387810e-02   1.660365732387810e-02
   1.669884264034348e-02   1.669884264034348e-02   1.669884264034348e-02
   1.669866787227356e-02   1.669866787227356e-02   1.669866787227356e-02

 Columns 13 through 15:

   1.660365732387810e-02   1.660365732387810e-02   1.660365732387810e-02
   1.669884264034348e-02   1.669884264034348e-02   1.669884264034348e-02
   1.669866787227356e-02   1.669866787227356e-02   1.669866787227356e-02

ans = -1.062310837574289e-19
ans = -7.911668230436940e-19
ans = -7.911668230436940e-19
ans = -7.911668230436940e-19
ans = -7.911668230436940e-19
ans = -7.911668230436940e-19
ans = -7.911668230436940e-19
ans = -7.911668230436940e-19
ans = -7.911668230436940e-19
ans = -7.911668230436940e-19
ans = -7.911668230436940e-19
ans = -7.911668230436940e-19
ans = -7.911668230436940e-19
ans = -7.911668230436940e-19
ans = -7.911668230436940e-19
nbcr = 15
lambda0 = 3.501084296647659
kmpl_prod = 0.180000000000000
 Time :      1.00000
 Time :      2.00000
 Time :      3.01000
 Time :      4.01000
 Time :      5.01000
 Time :      6.01000
 Time :      7.01000
 Time :      8.01000
 Time :      9.01000
 Time :     10.01000
 Time :     11.01000
 Time :     12.01000
 Time :     13.01000
 Time :     14.01000
 Time :     15.01000
 Time :     16.01000
 Time :     17.01000
 Time :     18.00000
 Time :     19.00000
 Time :     20.00000
 Time :     21.00000
 Time :     22.00000
 Time :     23.00000
 Time :     24.00000
 Time :     25.00000
 Time :     26.00000
 Time :     27.00000
 Time :     28.00000
 Time :     29.00000
 Time :     30.00000
 Time :     31.00000
 Time :     32.00000
 Time :     33.00000
 Time :     34.00000
 Time :     35.00000
dtime = 71.34465426206589
mbcr =

 Columns 1 through 3:

   1.360747597866463e-02   3.226496954731031e-02   3.857440128549591e-02

 Column 4:

   4.109004238811566e-02

agsout =

 Columns 1 through 3:

   6.090480812366756e-01   1.660365732387810e-02   1.660365732387810e-02
   1.954199557563108e-01   1.669884264034348e-02   1.669884264034348e-02
   7.948143555149816e-02   1.669866787227356e-02   1.669866787227356e-02
   5.045919401565916e-02   1.669866813094434e-02   1.669866813094434e-02

 Columns 4 through 6:

   1.660365732387810e-02   1.660365732387810e-02   1.660365732387810e-02
   1.669884264034348e-02   1.669884264034348e-02   1.669884264034348e-02
   1.669866787227356e-02   1.669866787227356e-02   1.669866787227356e-02
   1.669866813094434e-02   1.669866813094434e-02   1.669866813094434e-02

 Columns 7 through 9:

   1.660365732387810e-02   1.660365732387810e-02   1.660365732387810e-02
   1.669884264034348e-02   1.669884264034348e-02   1.669884264034348e-02
   1.669866787227356e-02   1.669866787227356e-02   1.669866787227356e-02
   1.669866813094434e-02   1.669866813094434e-02   1.669866813094434e-02

 Columns 10 through 12:

   1.660365732387810e-02   1.660365732387810e-02   1.660365732387810e-02
   1.669884264034348e-02   1.669884264034348e-02   1.669884264034348e-02
   1.669866787227356e-02   1.669866787227356e-02   1.669866787227356e-02
   1.669866813094434e-02   1.669866813094434e-02   1.669866813094434e-02

 Columns 13 through 15:

   1.660365732387810e-02   1.660365732387810e-02   1.660365732387810e-02
   1.669884264034348e-02   1.669884264034348e-02   1.669884264034348e-02
   1.669866787227356e-02   1.669866787227356e-02   1.669866787227356e-02
   1.669866813094434e-02   1.669866813094434e-02   1.669866813094434e-02

ans = -1.003022667169550e-19
ans = -5.267914206704676e-19
ans = -5.267914206704676e-19
ans = -5.267914206704676e-19
ans = -5.267914206704676e-19
ans = -5.267914206704676e-19
ans = -5.267914206704676e-19
ans = -5.267914206704676e-19
ans = -5.267914206704676e-19
ans = -5.267914206704676e-19
ans = -5.267914206704676e-19
ans = -5.267914206704676e-19
ans = -5.267914206704676e-19
ans = -5.267914206704676e-19
ans = -5.267914206704676e-19
nbcr = 15
lambda0 = 3.501084296647659
kmpl_prod = 0.180000000000000
 Time :      1.00000
 Time :      2.00000
 Time :      3.01000
 Time :      4.01000
 Time :      5.01000
 Time :      6.01000
 Time :      7.01000
 Time :      8.01000
 Time :      9.01000
 Time :     10.01000
 Time :     11.01000
 Time :     12.01000
 Time :     13.01000
 Time :     14.01000
 Time :     15.01000
 Time :     16.01000
 Time :     17.01000
 Time :     18.00000
 Time :     19.00000
 Time :     20.00000
 Time :     21.00000
 Time :     22.00000
 Time :     23.00000
 Time :     24.00000
 Time :     25.00000
 Time :     26.00000
 Time :     27.00000
 Time :     28.00000
 Time :     29.00000
 Time :     30.00000
 Time :     31.00000
 Time :     32.00000
 Time :     33.00000
 Time :     34.00000
 Time :     35.00000
dtime = 72.30108641088009
mbcr =

 Columns 1 through 3:

   1.360747597866463e-02   3.226496954731031e-02   3.857440128549591e-02

 Columns 4 and 5:

   4.109004238811566e-02   4.248990182341202e-02

agsout =

 Columns 1 through 3:

   6.090480812366756e-01   1.660365732387810e-02   1.660365732387810e-02
   1.954199557563108e-01   1.669884264034348e-02   1.669884264034348e-02
   7.948143555149816e-02   1.669866787227356e-02   1.669866787227356e-02
   5.045919401565916e-02   1.669866813094434e-02   1.669866813094434e-02
   3.816585879912802e-02   1.669866815199793e-02   1.669866815199793e-02

 Columns 4 through 6:

   1.660365732387810e-02   1.660365732387810e-02   1.660365732387810e-02
   1.669884264034348e-02   1.669884264034348e-02   1.669884264034348e-02
   1.669866787227356e-02   1.669866787227356e-02   1.669866787227356e-02
   1.669866813094434e-02   1.669866813094434e-02   1.669866813094434e-02
   1.669866815199793e-02   1.669866815199793e-02   1.669866815199793e-02

 Columns 7 through 9:

   1.660365732387810e-02   1.660365732387810e-02   1.660365732387810e-02
   1.669884264034348e-02   1.669884264034348e-02   1.669884264034348e-02
   1.669866787227356e-02   1.669866787227356e-02   1.669866787227356e-02
   1.669866813094434e-02   1.669866813094434e-02   1.669866813094434e-02
   1.669866815199793e-02   1.669866815199793e-02   1.669866815199793e-02

 Columns 10 through 12:

   1.660365732387810e-02   1.660365732387810e-02   1.660365732387810e-02
   1.669884264034348e-02   1.669884264034348e-02   1.669884264034348e-02
   1.669866787227356e-02   1.669866787227356e-02   1.669866787227356e-02
   1.669866813094434e-02   1.669866813094434e-02   1.669866813094434e-02
   1.669866815199793e-02   1.669866815199793e-02   1.669866815199793e-02

 Columns 13 through 15:

   1.660365732387810e-02   1.660365732387810e-02   1.660365732387810e-02
   1.669884264034348e-02   1.669884264034348e-02   1.669884264034348e-02
   1.669866787227356e-02   1.669866787227356e-02   1.669866787227356e-02
   1.669866813094434e-02   1.669866813094434e-02   1.669866813094434e-02
   1.669866815199793e-02   1.669866815199793e-02   1.669866815199793e-02

ans = -4.666026573738123e-19
ans = -6.310947600103417e-19
ans = -6.310947600103417e-19
ans = -6.310947600103417e-19
ans = -6.310947600103417e-19
ans = -6.310947600103417e-19
ans = -6.310947600103417e-19
ans = -6.310947600103417e-19
ans = -6.310947600103417e-19
ans = -6.310947600103417e-19
ans = -6.310947600103417e-19
ans = -6.310947600103417e-19
ans = -6.310947600103417e-19
ans = -6.310947600103417e-19
ans = -6.310947600103417e-19
nbcr = 15
lambda0 = 3.501084296647659
kmpl_prod = 0.180000000000000
 Time :      1.00000
 Time :      2.00000
 Time :      3.01000
 Time :      4.01000
 Time :      5.01000
 Time :      6.01000
 Time :      7.01000
 Time :      8.01000
 Time :      9.01000
 Time :     10.01000
 Time :     11.01000
 Time :     12.01000
 Time :     13.01000
 Time :     14.01000
 Time :     15.01000
 Time :     16.01000
 Time :     17.01000
 Time :     18.00000
 Time :     19.00000
 Time :     20.00000
 Time :     21.00000
 Time :     22.00000
 Time :     23.00000
 Time :     24.00000
 Time :     25.00000
 Time :     26.00000
 Time :     27.00000
 Time :     28.00000
 Time :     29.00000
 Time :     30.00000
 Time :     31.00000
 Time :     32.00000
 Time :     33.00000
 Time :     34.00000
 Time :     35.00000
dtime = 70.44699266552925
mbcr =

 Columns 1 through 3:

   1.360747597866463e-02   3.226496954731031e-02   3.857440128549591e-02

 Columns 4 through 6:

   4.109004238811566e-02   4.248990182341202e-02   4.338820239018775e-02

agsout =

 Columns 1 through 3:

   6.090480812366756e-01   1.660365732387810e-02   1.660365732387810e-02
   1.954199557563108e-01   1.669884264034348e-02   1.669884264034348e-02
   7.948143555149816e-02   1.669866787227356e-02   1.669866787227356e-02
   5.045919401565916e-02   1.669866813094434e-02   1.669866813094434e-02
   3.816585879912802e-02   1.669866815199793e-02   1.669866815199793e-02
   3.153539264454991e-02   1.669866817503793e-02   1.669866817503793e-02

 Columns 4 through 6:

   1.660365732387810e-02   1.660365732387810e-02   1.660365732387810e-02
   1.669884264034348e-02   1.669884264034348e-02   1.669884264034348e-02
   1.669866787227356e-02   1.669866787227356e-02   1.669866787227356e-02
   1.669866813094434e-02   1.669866813094434e-02   1.669866813094434e-02
   1.669866815199793e-02   1.669866815199793e-02   1.669866815199793e-02
   1.669866817503793e-02   1.669866817503793e-02   1.669866817503793e-02

 Columns 7 through 9:

   1.660365732387810e-02   1.660365732387810e-02   1.660365732387810e-02
   1.669884264034348e-02   1.669884264034348e-02   1.669884264034348e-02
   1.669866787227356e-02   1.669866787227356e-02   1.669866787227356e-02
   1.669866813094434e-02   1.669866813094434e-02   1.669866813094434e-02
   1.669866815199793e-02   1.669866815199793e-02   1.669866815199793e-02
   1.669866817503793e-02   1.669866817503793e-02   1.669866817503793e-02

 Columns 10 through 12:

   1.660365732387810e-02   1.660365732387810e-02   1.660365732387810e-02
   1.669884264034348e-02   1.669884264034348e-02   1.669884264034348e-02
   1.669866787227356e-02   1.669866787227356e-02   1.669866787227356e-02
   1.669866813094434e-02   1.669866813094434e-02   1.669866813094434e-02
   1.669866815199793e-02   1.669866815199793e-02   1.669866815199793e-02
   1.669866817503793e-02   1.669866817503793e-02   1.669866817503793e-02

 Columns 13 through 15:

   1.660365732387810e-02   1.660365732387810e-02   1.660365732387810e-02
   1.669884264034348e-02   1.669884264034348e-02   1.669884264034348e-02
   1.669866787227356e-02   1.669866787227356e-02   1.669866787227356e-02
   1.669866813094434e-02   1.669866813094434e-02   1.669866813094434e-02
   1.669866815199793e-02   1.669866815199793e-02   1.669866815199793e-02
   1.669866817503793e-02   1.669866817503793e-02   1.669866817503793e-02

ans = -2.269717426396504e-19
ans = -1.066388424403869e-18
ans = -1.066388424403869e-18
ans = -1.066388424403869e-18
ans = -1.066388424403869e-18
ans = -1.066388424403869e-18
ans = -1.066388424403869e-18
ans = -1.066388424403869e-18
ans = -1.066388424403869e-18
ans = -1.066388424403869e-18
ans = -1.066388424403869e-18
ans = -1.066388424403869e-18
ans = -1.066388424403869e-18
ans = -1.066388424403869e-18
ans = -1.066388424403869e-18
