warning: function /home/surgeon/flu/amcode/perelson21/1d2agt/4paper/2submit/run.m shadows a core library function
warning: called from
    driver at line 1 column 1

lambda0 = 3.501084296647659
kmpl_prod = 0.180000000000000
nbcr = 2
lambda0 = 3.501084296647659
kmpl_prod = 0.180000000000000
 Time :      1.00000
 Time :      2.00000
 Time :      3.01000
 Time :      4.01000
 Time :      5.01000
 Time :      6.01000
 Time :      7.01000
 Time :      8.01000
 Time :      9.01000
 Time :     10.01000
 Time :     11.01000
 Time :     12.01000
 Time :     13.01000
 Time :     14.01000
 Time :     15.01000
 Time :     16.01000
 Time :     17.01000
 Time :     18.00000
 Time :     19.00000
 Time :     20.00000
 Time :     21.00000
 Time :     22.00000
 Time :     23.00000
 Time :     24.00000
 Time :     25.00000
 Time :     26.00000
 Time :     27.00000
 Time :     28.00000
 Time :     29.00000
 Time :     30.00000
 Time :     31.00000
 Time :     32.00000
 Time :     33.00000
 Time :     34.00000
 Time :     35.00000
dtime = 5.116920545697212
mbcr = 0.793193041262665
agsout =

   3.273304951326192e-02   2.272671436935517e-03

ans = 1.988786227014053e-19
ans = 2.159106834885913e-19
nbcr = 2
lambda0 = 3.501084296647659
kmpl_prod = 0.180000000000000
 Time :      1.00000
 Time :      2.00000
 Time :      3.01000
 Time :      4.01000
 Time :      5.01000
 Time :      6.01000
 Time :      7.01000
 Time :      8.01000
 Time :      9.01000
 Time :     10.01000
 Time :     11.01000
 Time :     12.01000
 Time :     13.01000
 Time :     14.01000
 Time :     15.01000
 Time :     16.01000
 Time :     17.01000
 Time :     18.00000
 Time :     19.00000
 Time :     20.00000
 Time :     21.00000
 Time :     22.00000
 Time :     23.00000
 Time :     24.00000
 Time :     25.00000
 Time :     26.00000
 Time :     27.00000
 Time :     28.00000
 Time :     29.00000
 Time :     30.00000
 Time :     31.00000
 Time :     32.00000
 Time :     33.00000
 Time :     34.00000
 Time :     35.00000
dtime = 5.096260830760002
mbcr =

   0.793193041262665   0.793508228169310

agsout =

   3.273304951326192e-02   2.272671436935517e-03
   3.300564487643599e-02   2.279179381737688e-03

ans = -3.430372461699689e-19
ans = -5.935186331190484e-19
nbcr = 2
lambda0 = 3.501084296647659
kmpl_prod = 0.180000000000000
 Time :      1.00000
 Time :      2.00000
 Time :      3.01000
 Time :      4.01000
 Time :      5.01000
 Time :      6.01000
 Time :      7.01000
 Time :      8.01000
 Time :      9.01000
 Time :     10.01000
 Time :     11.01000
 Time :     12.01000
 Time :     13.01000
 Time :     14.01000
 Time :     15.01000
 Time :     16.01000
 Time :     17.01000
 Time :     18.00000
 Time :     19.00000
 Time :     20.00000
 Time :     21.00000
 Time :     22.00000
 Time :     23.00000
 Time :     24.00000
 Time :     25.00000
 Time :     26.00000
 Time :     27.00000
 Time :     28.00000
 Time :     29.00000
 Time :     30.00000
 Time :     31.00000
 Time :     32.00000
 Time :     33.00000
 Time :     34.00000
 Time :     35.00000
dtime = 5.142649635672569
mbcr =

   0.793193041262665   0.793508228169310   0.793511748399304

agsout =

   3.273304951326192e-02   2.272671436935517e-03
   3.300564487643599e-02   2.279179381737688e-03
   3.300485236141631e-02   2.279149735201615e-03

ans = -3.994095338296239e-19
ans = 1.590734492388476e-19
nbcr = 2
lambda0 = 3.501084296647659
kmpl_prod = 0.180000000000000
 Time :      1.00000
 Time :      2.00000
 Time :      3.01000
 Time :      4.01000
 Time :      5.01000
 Time :      6.01000
 Time :      7.01000
 Time :      8.01000
 Time :      9.01000
 Time :     10.01000
 Time :     11.01000
 Time :     12.01000
 Time :     13.01000
 Time :     14.01000
 Time :     15.01000
 Time :     16.01000
 Time :     17.01000
 Time :     18.00000
 Time :     19.00000
 Time :     20.00000
 Time :     21.00000
 Time :     22.00000
 Time :     23.00000
 Time :     24.00000
 Time :     25.00000
 Time :     26.00000
 Time :     27.00000
 Time :     28.00000
 Time :     29.00000
 Time :     30.00000
 Time :     31.00000
 Time :     32.00000
 Time :     33.00000
 Time :     34.00000
 Time :     35.00000
dtime = 5.090185627341270
mbcr =

   0.793193041262665   0.793508228169310   0.793511748399304   0.793512910898976

agsout =

   3.273304951326192e-02   2.272671436935517e-03
   3.300564487643599e-02   2.279179381737688e-03
   3.300485236141631e-02   2.279149735201615e-03
   3.300457293198977e-02   2.279131138838645e-03

ans = -1.209790124297571e-18
ans = -1.178295621524636e-18
nbcr = 2
lambda0 = 3.501084296647659
kmpl_prod = 0.180000000000000
 Time :      1.00000
 Time :      2.00000
 Time :      3.01000
 Time :      4.01000
 Time :      5.01000
 Time :      6.01000
 Time :      7.01000
 Time :      8.01000
 Time :      9.01000
 Time :     10.01000
 Time :     11.01000
 Time :     12.01000
 Time :     13.01000
 Time :     14.01000
 Time :     15.01000
 Time :     16.01000
 Time :     17.01000
 Time :     18.00000
 Time :     19.00000
 Time :     20.00000
 Time :     21.00000
 Time :     22.00000
 Time :     23.00000
 Time :     24.00000
 Time :     25.00000
 Time :     26.00000
 Time :     27.00000
 Time :     28.00000
 Time :     29.00000
 Time :     30.00000
 Time :     31.00000
 Time :     32.00000
 Time :     33.00000
 Time :     34.00000
 Time :     35.00000
dtime = 5.124393850564957
mbcr =

 Columns 1 through 4:

   0.793193041262665   0.793508228169310   0.793511748399304   0.793512910898976

 Column 5:

   0.793513080985871

agsout =

   3.273304951326192e-02   2.272671436935517e-03
   3.300564487643599e-02   2.279179381737688e-03
   3.300485236141631e-02   2.279149735201615e-03
   3.300457293198977e-02   2.279131138838645e-03
   3.300453444898787e-02   2.279128549951902e-03

ans = -1.054857712457400e-18
ans = -8.876607502204548e-19
nbcr = 2
lambda0 = 3.501084296647659
kmpl_prod = 0.180000000000000
 Time :      1.00000
 Time :      2.00000
 Time :      3.01000
 Time :      4.01000
 Time :      5.01000
 Time :      6.01000
 Time :      7.01000
 Time :      8.01000
 Time :      9.01000
 Time :     10.01000
 Time :     11.01000
 Time :     12.01000
 Time :     13.01000
 Time :     14.01000
 Time :     15.01000
 Time :     16.01000
 Time :     17.01000
 Time :     18.00000
 Time :     19.00000
 Time :     20.00000
 Time :     21.00000
 Time :     22.00000
 Time :     23.00000
 Time :     24.00000
 Time :     25.00000
 Time :     26.00000
 Time :     27.00000
 Time :     28.00000
 Time :     29.00000
 Time :     30.00000
 Time :     31.00000
 Time :     32.00000
 Time :     33.00000
 Time :     34.00000
 Time :     35.00000
dtime = 5.149720609188080
mbcr =

 Columns 1 through 4:

   0.793193041262665   0.793508228169310   0.793511748399304   0.793512910898976

 Columns 5 and 6:

   0.793513080985871   0.793513104089632

agsout =

   3.273304951326192e-02   2.272671436935517e-03
   3.300564487643599e-02   2.279179381737688e-03
   3.300485236141631e-02   2.279149735201615e-03
   3.300457293198977e-02   2.279131138838645e-03
   3.300453444898787e-02   2.279128549951902e-03
   3.300452924888710e-02   2.279128199808455e-03

ans = -1.999597522856561e-18
ans = -8.127909786170552e-19
nbcr = 3
lambda0 = 3.501084296647659
kmpl_prod = 0.180000000000000
 Time :      1.00000
 Time :      2.00000
 Time :      3.01000
 Time :      4.01000
 Time :      5.01000
 Time :      6.01000
 Time :      7.01000
 Time :      8.01000
 Time :      9.01000
 Time :     10.01000
 Time :     11.01000
 Time :     12.01000
 Time :     13.01000
 Time :     14.01000
 Time :     15.01000
 Time :     16.01000
 Time :     17.01000
 Time :     18.00000
 Time :     19.00000
 Time :     20.00000
 Time :     21.00000
 Time :     22.00000
 Time :     23.00000
 Time :     24.00000
 Time :     25.00000
 Time :     26.00000
 Time :     27.00000
 Time :     28.00000
 Time :     29.00000
 Time :     30.00000
 Time :     31.00000
 Time :     32.00000
 Time :     33.00000
 Time :     34.00000
 Time :     35.00000
dtime = 11.84361912310123
mbcr = 0.735425179842617
agsout =

   3.216516217566137e-02   1.606449100400719e-03   1.606449100400713e-03

ans = -2.513154903525012e-19
ans = -4.009973086310065e-19
ans = -4.009609126840542e-19
nbcr = 3
lambda0 = 3.501084296647659
kmpl_prod = 0.180000000000000
 Time :      1.00000
 Time :      2.00000
 Time :      3.01000
 Time :      4.01000
 Time :      5.01000
 Time :      6.01000
 Time :      7.01000
 Time :      8.01000
 Time :      9.01000
 Time :     10.01000
 Time :     11.01000
 Time :     12.01000
 Time :     13.01000
 Time :     14.01000
 Time :     15.01000
 Time :     16.01000
 Time :     17.01000
 Time :     18.00000
 Time :     19.00000
 Time :     20.00000
 Time :     21.00000
 Time :     22.00000
 Time :     23.00000
 Time :     24.00000
 Time :     25.00000
 Time :     26.00000
 Time :     27.00000
 Time :     28.00000
 Time :     29.00000
 Time :     30.00000
 Time :     31.00000
 Time :     32.00000
 Time :     33.00000
 Time :     34.00000
 Time :     35.00000
dtime = 11.92486993968487
mbcr =

   0.735425179842617   0.735672493794836

agsout =

   3.216516217566137e-02   1.606449100400719e-03   1.606449100400713e-03
   3.240735363037581e-02   1.607175205567035e-03   1.607175205566949e-03

ans = 4.419200160258204e-19
ans = -5.173518423151656e-20
ans = -4.850719460908963e-19
nbcr = 3
lambda0 = 3.501084296647659
kmpl_prod = 0.180000000000000
 Time :      1.00000
 Time :      2.00000
 Time :      3.01000
 Time :      4.01000
 Time :      5.01000
 Time :      6.01000
 Time :      7.01000
 Time :      8.01000
 Time :      9.01000
 Time :     10.01000
 Time :     11.01000
 Time :     12.01000
 Time :     13.01000
 Time :     14.01000
 Time :     15.01000
 Time :     16.01000
 Time :     17.01000
 Time :     18.00000
 Time :     19.00000
 Time :     20.00000
 Time :     21.00000
 Time :     22.00000
 Time :     23.00000
 Time :     24.00000
 Time :     25.00000
 Time :     26.00000
 Time :     27.00000
 Time :     28.00000
 Time :     29.00000
 Time :     30.00000
 Time :     31.00000
 Time :     32.00000
 Time :     33.00000
 Time :     34.00000
 Time :     35.00000
dtime = 12.04746030271053
mbcr =

   0.735425179842617   0.735672493794836   0.735683533543826

agsout =

   3.216516217566137e-02   1.606449100400719e-03   1.606449100400713e-03
   3.240735363037581e-02   1.607175205567035e-03   1.607175205566949e-03
   3.240507470707494e-02   1.607074913243000e-03   1.607074913242990e-03

ans = -7.383309506069663e-19
ans = -3.114897489078685e-19
ans = 1.220124490740218e-19
nbcr = 3
lambda0 = 3.501084296647659
kmpl_prod = 0.180000000000000
 Time :      1.00000
 Time :      2.00000
 Time :      3.01000
 Time :      4.01000
 Time :      5.01000
 Time :      6.01000
 Time :      7.01000
 Time :      8.01000
 Time :      9.01000
 Time :     10.01000
 Time :     11.01000
 Time :     12.01000
 Time :     13.01000
 Time :     14.01000
 Time :     15.01000
 Time :     16.01000
 Time :     17.01000
 Time :     18.00000
 Time :     19.00000
 Time :     20.00000
 Time :     21.00000
 Time :     22.00000
 Time :     23.00000
 Time :     24.00000
 Time :     25.00000
 Time :     26.00000
 Time :     27.00000
 Time :     28.00000
 Time :     29.00000
 Time :     30.00000
 Time :     31.00000
 Time :     32.00000
 Time :     33.00000
 Time :     34.00000
 Time :     35.00000
dtime = 11.65160648524761
mbcr =

   0.735425179842617   0.735672493794836   0.735683533543826   0.735686288205051

agsout =

   3.216516217566137e-02   1.606449100400719e-03   1.606449100400713e-03
   3.240735363037581e-02   1.607175205567035e-03   1.607175205566949e-03
   3.240507470707494e-02   1.607074913243000e-03   1.607074913242990e-03
   3.240452188221217e-02   1.607048276483261e-03   1.607048276483236e-03

ans = -1.067450530772735e-18
ans = 6.444067844033107e-20
ans = 6.463589306489358e-20
nbcr = 3
lambda0 = 3.501084296647659
kmpl_prod = 0.180000000000000
 Time :      1.00000
 Time :      2.00000
 Time :      3.01000
 Time :      4.01000
 Time :      5.01000
 Time :      6.01000
 Time :      7.01000
 Time :      8.01000
 Time :      9.01000
 Time :     10.01000
 Time :     11.01000
 Time :     12.01000
 Time :     13.01000
 Time :     14.01000
 Time :     15.01000
 Time :     16.01000
 Time :     17.01000
 Time :     18.00000
 Time :     19.00000
 Time :     20.00000
 Time :     21.00000
 Time :     22.00000
 Time :     23.00000
 Time :     24.00000
 Time :     25.00000
 Time :     26.00000
 Time :     27.00000
 Time :     28.00000
 Time :     29.00000
 Time :     30.00000
 Time :     31.00000
 Time :     32.00000
 Time :     33.00000
 Time :     34.00000
 Time :     35.00000
dtime = 11.76994219422340
mbcr =

 Columns 1 through 4:

   0.735425179842617   0.735672493794836   0.735683533543826   0.735686288205051

 Column 5:

   0.735686729057324

agsout =

   3.216516217566137e-02   1.606449100400719e-03   1.606449100400713e-03
   3.240735363037581e-02   1.607175205567035e-03   1.607175205566949e-03
   3.240507470707494e-02   1.607074913243000e-03   1.607074913242990e-03
   3.240452188221217e-02   1.607048276483261e-03   1.607048276483236e-03
   3.240443590013153e-02   1.607044117885594e-03   1.607044117885632e-03

ans = 2.369454502572886e-19
ans = -2.030761491042185e-19
ans = 2.304392837674727e-19
nbcr = 3
lambda0 = 3.501084296647659
kmpl_prod = 0.180000000000000
 Time :      1.00000
 Time :      2.00000
 Time :      3.01000
 Time :      4.01000
 Time :      5.01000
 Time :      6.01000
 Time :      7.01000
 Time :      8.01000
 Time :      9.01000
 Time :     10.01000
 Time :     11.01000
 Time :     12.01000
 Time :     13.01000
 Time :     14.01000
 Time :     15.01000
 Time :     16.01000
 Time :     17.01000
 Time :     18.00000
 Time :     19.00000
 Time :     20.00000
 Time :     21.00000
 Time :     22.00000
 Time :     23.00000
 Time :     24.00000
 Time :     25.00000
 Time :     26.00000
 Time :     27.00000
 Time :     28.00000
 Time :     29.00000
 Time :     30.00000
 Time :     31.00000
 Time :     32.00000
 Time :     33.00000
 Time :     34.00000
 Time :     35.00000
dtime = 11.43685206770897
mbcr =

 Columns 1 through 4:

   0.735425179842617   0.735672493794836   0.735683533543826   0.735686288205051

 Columns 5 and 6:

   0.735686729057324   0.735686796825735

agsout =

   3.216516217566137e-02   1.606449100400719e-03   1.606449100400713e-03
   3.240735363037581e-02   1.607175205567035e-03   1.607175205566949e-03
   3.240507470707494e-02   1.607074913243000e-03   1.607074913242990e-03
   3.240452188221217e-02   1.607048276483261e-03   1.607048276483236e-03
   3.240443590013153e-02   1.607044117885594e-03   1.607044117885632e-03
   3.240442271466112e-02   1.607043479901569e-03   1.607043479901531e-03

ans = -3.657876711552193e-19
ans = 4.501086759595049e-19
ans = 8.839086589619143e-19
nbcr = 4
lambda0 = 3.501084296647659
kmpl_prod = 0.180000000000000
 Time :      1.00000
 Time :      2.00000
 Time :      3.01000
 Time :      4.01000
 Time :      5.01000
 Time :      6.01000
 Time :      7.01000
 Time :      8.01000
 Time :      9.01000
 Time :     10.01000
 Time :     11.01000
 Time :     12.01000
 Time :     13.01000
 Time :     14.01000
 Time :     15.01000
 Time :     16.01000
 Time :     17.01000
 Time :     18.00000
 Time :     19.00000
 Time :     20.00000
 Time :     21.00000
 Time :     22.00000
 Time :     23.00000
 Time :     24.00000
 Time :     25.00000
 Time :     26.00000
 Time :     27.00000
 Time :     28.00000
 Time :     29.00000
 Time :     30.00000
 Time :     31.00000
 Time :     32.00000
 Time :     33.00000
 Time :     34.00000
 Time :     35.00000
dtime = 18.31541061401367
mbcr = 0.705884582862935
agsout =

 Columns 1 through 3:

   3.192069953675718e-02   1.364314164586551e-03   1.364314164586556e-03

 Column 4:

   1.364314164586561e-03

ans = -1.939852209147591e-19
ans = -1.135752068259809e-19
ans = -5.472130624283299e-19
ans = -5.473090153793861e-19
nbcr = 4
lambda0 = 3.501084296647659
kmpl_prod = 0.180000000000000
 Time :      1.00000
 Time :      2.00000
 Time :      3.01000
 Time :      4.01000
 Time :      5.01000
 Time :      6.01000
 Time :      7.01000
 Time :      8.01000
 Time :      9.01000
 Time :     10.01000
 Time :     11.01000
 Time :     12.01000
 Time :     13.01000
 Time :     14.01000
 Time :     15.01000
 Time :     16.01000
 Time :     17.01000
 Time :     18.00000
 Time :     19.00000
 Time :     20.00000
 Time :     21.00000
 Time :     22.00000
 Time :     23.00000
 Time :     24.00000
 Time :     25.00000
 Time :     26.00000
 Time :     27.00000
 Time :     28.00000
 Time :     29.00000
 Time :     30.00000
 Time :     31.00000
 Time :     32.00000
 Time :     33.00000
 Time :     34.00000
 Time :     35.00000
dtime = 18.42248104512691
mbcr =

   0.705884582862935   0.706034042625241

agsout =

 Columns 1 through 3:

   3.192069953675718e-02   1.364314164586551e-03   1.364314164586556e-03
   3.214677464875564e-02   1.362822808476185e-03   1.362822808476182e-03

 Column 4:

   1.364314164586561e-03
   1.362822808476188e-03

ans = 4.328326227410099e-19
ans = -5.354406279504752e-19
ans = -2.269896097408815e-18
ans = -1.402560829200013e-18
nbcr = 4
lambda0 = 3.501084296647659
kmpl_prod = 0.180000000000000
 Time :      1.00000
 Time :      2.00000
 Time :      3.01000
 Time :      4.01000
 Time :      5.01000
 Time :      6.01000
 Time :      7.01000
 Time :      8.01000
 Time :      9.01000
 Time :     10.01000
 Time :     11.01000
 Time :     12.01000
 Time :     13.01000
 Time :     14.01000
 Time :     15.01000
 Time :     16.01000
 Time :     17.01000
 Time :     18.00000
 Time :     19.00000
 Time :     20.00000
 Time :     21.00000
 Time :     22.00000
 Time :     23.00000
 Time :     24.00000
 Time :     25.00000
 Time :     26.00000
 Time :     27.00000
 Time :     28.00000
 Time :     29.00000
 Time :     30.00000
 Time :     31.00000
 Time :     32.00000
 Time :     33.00000
 Time :     34.00000
 Time :     35.00000
dtime = 18.26639659702778
mbcr =

   0.705884582862935   0.706034042625241   0.706049818947892

agsout =

 Columns 1 through 3:

   3.192069953675718e-02   1.364314164586551e-03   1.364314164586556e-03
   3.214677464875564e-02   1.362822808476185e-03   1.362822808476182e-03
   3.214362200639727e-02   1.362696696355376e-03   1.362696696355384e-03

 Column 4:

   1.364314164586561e-03
   1.362822808476188e-03
   1.362696696355386e-03

ans = -4.463956625225590e-19
ans = -6.921880453068238e-19
ans = -6.926115617804509e-19
ans = -6.925784745559488e-19
nbcr = 4
lambda0 = 3.501084296647659
kmpl_prod = 0.180000000000000
 Time :      1.00000
 Time :      2.00000
 Time :      3.01000
 Time :      4.01000
 Time :      5.01000
 Time :      6.01000
 Time :      7.01000
 Time :      8.01000
 Time :      9.01000
 Time :     10.01000
 Time :     11.01000
 Time :     12.01000
 Time :     13.01000
 Time :     14.01000
 Time :     15.01000
 Time :     16.01000
 Time :     17.01000
 Time :     18.00000
 Time :     19.00000
 Time :     20.00000
 Time :     21.00000
 Time :     22.00000
 Time :     23.00000
 Time :     24.00000
 Time :     25.00000
 Time :     26.00000
 Time :     27.00000
 Time :     28.00000
 Time :     29.00000
 Time :     30.00000
 Time :     31.00000
 Time :     32.00000
 Time :     33.00000
 Time :     34.00000
 Time :     35.00000
dtime = 18.31746250391006
mbcr =

   0.705884582862935   0.706034042625241   0.706049818947892   0.706053675952835

agsout =

 Columns 1 through 3:

   3.192069953675718e-02   1.364314164586551e-03   1.364314164586556e-03
   3.214677464875564e-02   1.362822808476185e-03   1.362822808476182e-03
   3.214362200639727e-02   1.362696696355376e-03   1.362696696355384e-03
   3.214289616486827e-02   1.362666723571712e-03   1.362666723571741e-03

 Column 4:

   1.364314164586561e-03
   1.362822808476188e-03
   1.362696696355386e-03
   1.362666723571711e-03

ans = -2.030792914211939e-19
ans = 7.663034281915751e-19
ans = 3.326424115320745e-19
ans = 3.325199888014167e-19
nbcr = 4
lambda0 = 3.501084296647659
kmpl_prod = 0.180000000000000
 Time :      1.00000
 Time :      2.00000
 Time :      3.01000
 Time :      4.01000
 Time :      5.01000
 Time :      6.01000
 Time :      7.01000
 Time :      8.01000
 Time :      9.01000
 Time :     10.01000
 Time :     11.01000
 Time :     12.01000
 Time :     13.01000
 Time :     14.01000
 Time :     15.01000
 Time :     16.01000
 Time :     17.01000
 Time :     18.00000
 Time :     19.00000
 Time :     20.00000
 Time :     21.00000
 Time :     22.00000
 Time :     23.00000
 Time :     24.00000
 Time :     25.00000
 Time :     26.00000
 Time :     27.00000
 Time :     28.00000
 Time :     29.00000
 Time :     30.00000
 Time :     31.00000
 Time :     32.00000
 Time :     33.00000
 Time :     34.00000
 Time :     35.00000
dtime = 17.96669997274876
mbcr =

 Columns 1 through 4:

   0.705884582862935   0.706034042625241   0.706049818947892   0.706053675952835

 Column 5:

   0.706054321601964

agsout =

 Columns 1 through 3:

   3.192069953675718e-02   1.364314164586551e-03   1.364314164586556e-03
   3.214677464875564e-02   1.362822808476185e-03   1.362822808476182e-03
   3.214362200639727e-02   1.362696696355376e-03   1.362696696355384e-03
   3.214289616486827e-02   1.362666723571712e-03   1.362666723571741e-03
   3.214277716956332e-02   1.362661799578011e-03   1.362661799578039e-03

 Column 4:

   1.364314164586561e-03
   1.362822808476188e-03
   1.362696696355386e-03
   1.362666723571711e-03
   1.362661799578046e-03

ans = 8.250312515859683e-20
ans = -9.735022454687578e-19
ans = -9.736048158647144e-19
ans = -9.734162186850523e-19
nbcr = 4
lambda0 = 3.501084296647659
kmpl_prod = 0.180000000000000
 Time :      1.00000
 Time :      2.00000
 Time :      3.01000
 Time :      4.01000
 Time :      5.01000
 Time :      6.01000
 Time :      7.01000
 Time :      8.01000
 Time :      9.01000
 Time :     10.01000
 Time :     11.01000
 Time :     12.01000
 Time :     13.01000
 Time :     14.01000
 Time :     15.01000
 Time :     16.01000
 Time :     17.01000
 Time :     18.00000
 Time :     19.00000
 Time :     20.00000
 Time :     21.00000
 Time :     22.00000
 Time :     23.00000
 Time :     24.00000
 Time :     25.00000
 Time :     26.00000
 Time :     27.00000
 Time :     28.00000
 Time :     29.00000
 Time :     30.00000
 Time :     31.00000
 Time :     32.00000
 Time :     33.00000
 Time :     34.00000
 Time :     35.00000
dtime = 17.88888908922672
mbcr =

 Columns 1 through 4:

   0.705884582862935   0.706034042625241   0.706049818947892   0.706053675952835

 Columns 5 and 6:

   0.706054321601964   0.706054426333662

agsout =

 Columns 1 through 3:

   3.192069953675718e-02   1.364314164586551e-03   1.364314164586556e-03
   3.214677464875564e-02   1.362822808476185e-03   1.362822808476182e-03
   3.214362200639727e-02   1.362696696355376e-03   1.362696696355384e-03
   3.214289616486827e-02   1.362666723571712e-03   1.362666723571741e-03
   3.214277716956332e-02   1.362661799578011e-03   1.362661799578039e-03
   3.214275790046631e-02   1.362661002009785e-03   1.362661002009764e-03

 Column 4:

   1.364314164586561e-03
   1.362822808476188e-03
   1.362696696355386e-03
   1.362666723571711e-03
   1.362661799578046e-03
   1.362661002009713e-03

ans = -9.241186985602255e-19
ans = -1.576778301093482e-18
ans = -7.095058986112340e-19
ans = -7.093934020479267e-19
nbcr = 5
lambda0 = 3.501084296647659
kmpl_prod = 0.180000000000000
 Time :      1.00000
 Time :      2.00000
 Time :      3.01000
 Time :      4.01000
 Time :      5.01000
 Time :      6.01000
 Time :      7.01000
 Time :      8.01000
 Time :      9.01000
 Time :     10.01000
 Time :     11.01000
 Time :     12.01000
 Time :     13.01000
 Time :     14.01000
 Time :     15.01000
 Time :     16.01000
 Time :     17.01000
 Time :     18.00000
 Time :     19.00000
 Time :     20.00000
 Time :     21.00000
 Time :     22.00000
 Time :     23.00000
 Time :     24.00000
 Time :     25.00000
 Time :     26.00000
 Time :     27.00000
 Time :     28.00000
 Time :     29.00000
 Time :     30.00000
 Time :     31.00000
 Time :     32.00000
 Time :     33.00000
 Time :     34.00000
 Time :     35.00000
dtime = 23.42580333352089
mbcr = 0.687294873256783
agsout =

 Columns 1 through 3:

   3.178124796842200e-02   1.237280035850881e-03   1.237280035850918e-03

 Columns 4 and 5:

   1.237280035850938e-03   1.237280035850907e-03

ans = -7.200076318030166e-19
ans = -3.569549040962331e-19
ans = -3.565744010144587e-19
ans = 7.666640789386482e-20
ans = 7.683184401637542e-20
nbcr = 5
lambda0 = 3.501084296647659
kmpl_prod = 0.180000000000000
 Time :      1.00000
 Time :      2.00000
 Time :      3.01000
 Time :      4.01000
 Time :      5.01000
 Time :      6.01000
 Time :      7.01000
 Time :      8.01000
 Time :      9.01000
 Time :     10.01000
 Time :     11.01000
 Time :     12.01000
 Time :     13.01000
 Time :     14.01000
 Time :     15.01000
 Time :     16.01000
 Time :     17.01000
 Time :     18.00000
 Time :     19.00000
 Time :     20.00000
 Time :     21.00000
 Time :     22.00000
 Time :     23.00000
 Time :     24.00000
 Time :     25.00000
 Time :     26.00000
 Time :     27.00000
 Time :     28.00000
 Time :     29.00000
 Time :     30.00000
 Time :     31.00000
 Time :     32.00000
 Time :     33.00000
 Time :     34.00000
 Time :     35.00000
dtime = 23.37123714387417
mbcr =

   0.687294873256783   0.687363283069349

agsout =

 Columns 1 through 3:

   3.178124796842200e-02   1.237280035850881e-03   1.237280035850918e-03
   3.199689224887779e-02   1.234656602851037e-03   1.234656602851087e-03

 Columns 4 and 5:

   1.237280035850938e-03   1.237280035850907e-03
   1.234656602851031e-03   1.234656602851034e-03

ans = 1.282367973909629e-19
ans = -2.093388989579800e-18
ans = -1.659761060144802e-18
ans = -1.659810690981555e-18
ans = -1.659790838646853e-18
nbcr = 5
lambda0 = 3.501084296647659
kmpl_prod = 0.180000000000000
 Time :      1.00000
 Time :      2.00000
 Time :      3.01000
 Time :      4.01000
 Time :      5.01000
 Time :      6.01000
 Time :      7.01000
 Time :      8.01000
 Time :      9.01000
 Time :     10.01000
 Time :     11.01000
 Time :     12.01000
 Time :     13.01000
 Time :     14.01000
 Time :     15.01000
 Time :     16.01000
 Time :     17.01000
 Time :     18.00000
 Time :     19.00000
 Time :     20.00000
 Time :     21.00000
 Time :     22.00000
 Time :     23.00000
 Time :     24.00000
 Time :     25.00000
 Time :     26.00000
 Time :     27.00000
 Time :     28.00000
 Time :     29.00000
 Time :     30.00000
 Time :     31.00000
 Time :     32.00000
 Time :     33.00000
 Time :     34.00000
 Time :     35.00000
dtime = 23.43012839555740
mbcr =

   0.687294873256783   0.687363283069349   0.687382240022014

agsout =

 Columns 1 through 3:

   3.178124796842200e-02   1.237280035850881e-03   1.237280035850918e-03
   3.199689224887779e-02   1.234656602851037e-03   1.234656602851087e-03
   3.199315597605262e-02   1.234516691708027e-03   1.234516691708094e-03

 Columns 4 and 5:

   1.237280035850938e-03   1.237280035850907e-03
   1.234656602851031e-03   1.234656602851034e-03
   1.234516691708042e-03   1.234516691708024e-03

ans = -5.438348261105078e-19
ans = 1.493292616229730e-19
ans = 1.495244762475355e-19
ans = -2.841762450813676e-19
ans = 1.494219058515789e-19
nbcr = 5
lambda0 = 3.501084296647659
kmpl_prod = 0.180000000000000
 Time :      1.00000
 Time :      2.00000
 Time :      3.01000
 Time :      4.01000
 Time :      5.01000
 Time :      6.01000
 Time :      7.01000
 Time :      8.01000
 Time :      9.01000
 Time :     10.01000
 Time :     11.01000
 Time :     12.01000
 Time :     13.01000
 Time :     14.01000
 Time :     15.01000
 Time :     16.01000
 Time :     17.01000
 Time :     18.00000
 Time :     19.00000
 Time :     20.00000
 Time :     21.00000
 Time :     22.00000
 Time :     23.00000
 Time :     24.00000
 Time :     25.00000
 Time :     26.00000
 Time :     27.00000
 Time :     28.00000
 Time :     29.00000
 Time :     30.00000
 Time :     31.00000
 Time :     32.00000
 Time :     33.00000
 Time :     34.00000
 Time :     35.00000
dtime = 23.12353178858757
mbcr =

   0.687294873256783   0.687363283069349   0.687382240022014   0.687386886524597

agsout =

 Columns 1 through 3:

   3.178124796842200e-02   1.237280035850881e-03   1.237280035850918e-03
   3.199689224887779e-02   1.234656602851037e-03   1.234656602851087e-03
   3.199315597605262e-02   1.234516691708027e-03   1.234516691708094e-03
   3.199231063172382e-02   1.234484876925219e-03   1.234484876925222e-03

 Columns 4 and 5:

   1.237280035850938e-03   1.237280035850907e-03
   1.234656602851031e-03   1.234656602851034e-03
   1.234516691708042e-03   1.234516691708024e-03
   1.234484876925219e-03   1.234484876925219e-03

ans = -5.351441531711217e-19
ans = -1.301155103545913e-19
ans = -5.637699095691913e-19
ans = -1.301155103545913e-19
ans = -1.300361010157862e-19
nbcr = 5
lambda0 = 3.501084296647659
kmpl_prod = 0.180000000000000
 Time :      1.00000
 Time :      2.00000
 Time :      3.01000
 Time :      4.01000
 Time :      5.01000
 Time :      6.01000
 Time :      7.01000
 Time :      8.01000
 Time :      9.01000
 Time :     10.01000
 Time :     11.01000
 Time :     12.01000
 Time :     13.01000
 Time :     14.01000
 Time :     15.01000
 Time :     16.01000
 Time :     17.01000
 Time :     18.00000
 Time :     19.00000
 Time :     20.00000
 Time :     21.00000
 Time :     22.00000
 Time :     23.00000
 Time :     24.00000
 Time :     25.00000
 Time :     26.00000
 Time :     27.00000
 Time :     28.00000
 Time :     29.00000
 Time :     30.00000
 Time :     31.00000
 Time :     32.00000
 Time :     33.00000
 Time :     34.00000
 Time :     35.00000
dtime = 23.13645668327808
mbcr =

 Columns 1 through 4:

   0.687294873256783   0.687363283069349   0.687382240022014   0.687386886524597

 Column 5:

   0.687387685529733

agsout =

 Columns 1 through 3:

   3.178124796842200e-02   1.237280035850881e-03   1.237280035850918e-03
   3.199689224887779e-02   1.234656602851037e-03   1.234656602851087e-03
   3.199315597605262e-02   1.234516691708027e-03   1.234516691708094e-03
   3.199231063172382e-02   1.234484876925219e-03   1.234484876925222e-03
   3.199216779175558e-02   1.234479494931187e-03   1.234479494931166e-03

 Columns 4 and 5:

   1.237280035850938e-03   1.237280035850907e-03
   1.234656602851031e-03   1.234656602851034e-03
   1.234516691708042e-03   1.234516691708024e-03
   1.234484876925219e-03   1.234484876925219e-03
   1.234479494931175e-03   1.234479494931171e-03

ans = -5.487096292580687e-20
ans = -4.291413017925108e-20
ans = -4.765652206714009e-19
ans = -4.766578649000069e-19
ans = -4.768100661327166e-19
nbcr = 5
lambda0 = 3.501084296647659
kmpl_prod = 0.180000000000000
 Time :      1.00000
 Time :      2.00000
 Time :      3.01000
 Time :      4.01000
 Time :      5.01000
 Time :      6.01000
 Time :      7.01000
 Time :      8.01000
 Time :      9.01000
 Time :     10.01000
 Time :     11.01000
 Time :     12.01000
 Time :     13.01000
 Time :     14.01000
 Time :     15.01000
 Time :     16.01000
 Time :     17.01000
 Time :     18.00000
 Time :     19.00000
 Time :     20.00000
 Time :     21.00000
 Time :     22.00000
 Time :     23.00000
 Time :     24.00000
 Time :     25.00000
 Time :     26.00000
 Time :     27.00000
 Time :     28.00000
 Time :     29.00000
 Time :     30.00000
 Time :     31.00000
 Time :     32.00000
 Time :     33.00000
 Time :     34.00000
 Time :     35.00000
dtime = 22.81692512333393
mbcr =

 Columns 1 through 4:

   0.687294873256783   0.687363283069349   0.687382240022014   0.687386886524597

 Columns 5 and 6:

   0.687387685529733   0.687387819204657

agsout =

 Columns 1 through 3:

   3.178124796842200e-02   1.237280035850881e-03   1.237280035850918e-03
   3.199689224887779e-02   1.234656602851037e-03   1.234656602851087e-03
   3.199315597605262e-02   1.234516691708027e-03   1.234516691708094e-03
   3.199231063172382e-02   1.234484876925219e-03   1.234484876925222e-03
   3.199216779175558e-02   1.234479494931187e-03   1.234479494931166e-03
   3.199214392851456e-02   1.234478595618375e-03   1.234478595618376e-03

 Columns 4 and 5:

   1.237280035850938e-03   1.237280035850907e-03
   1.234656602851031e-03   1.234656602851034e-03
   1.234516691708042e-03   1.234516691708024e-03
   1.234484876925219e-03   1.234484876925219e-03
   1.234479494931175e-03   1.234479494931171e-03
   1.234478595618386e-03   1.234478595618379e-03

ans = -7.647590561385444e-19
ans = -2.731218033752089e-19
ans = -2.735817157957884e-19
ans = -7.071103835572804e-19
ans = -7.069945782715230e-19
nbcr = 7
lambda0 = 3.501084296647659
kmpl_prod = 0.180000000000000
 Time :      1.00000
 Time :      2.00000
 Time :      3.01000
 Time :      4.01000
 Time :      5.01000
 Time :      6.01000
 Time :      7.01000
 Time :      8.01000
 Time :      9.01000
 Time :     10.01000
 Time :     11.01000
 Time :     12.01000
 Time :     13.01000
 Time :     14.01000
 Time :     15.01000
 Time :     16.01000
 Time :     17.01000
 Time :     18.00000
 Time :     19.00000
 Time :     20.00000
 Time :     21.00000
 Time :     22.00000
 Time :     23.00000
 Time :     24.00000
 Time :     25.00000
 Time :     26.00000
 Time :     27.00000
 Time :     28.00000
 Time :     29.00000
 Time :     30.00000
 Time :     31.00000
 Time :     32.00000
 Time :     33.00000
 Time :     34.00000
 Time :     35.00000
dtime = 33.08194689452648
mbcr = 0.664464116350053
agsout =

 Columns 1 through 3:

   3.162419436224739e-02   1.103949145737538e-03   1.103949145737530e-03

 Columns 4 through 6:

   1.103949145737495e-03   1.103949145737535e-03   1.103949145737523e-03

 Column 7:

   1.103949145737524e-03

ans = -8.721262853920119e-19
ans = -9.380658280269861e-19
ans = -9.380327408024840e-19
ans = -9.382676600964491e-19
ans = -9.380327408024840e-19
ans = -9.380195059126832e-19
ans = -9.380161971902330e-19
nbcr = 7
lambda0 = 3.501084296647659
kmpl_prod = 0.180000000000000
 Time :      1.00000
 Time :      2.00000
 Time :      3.01000
 Time :      4.01000
 Time :      5.01000
 Time :      6.01000
 Time :      7.01000
 Time :      8.01000
 Time :      9.01000
 Time :     10.01000
 Time :     11.01000
 Time :     12.01000
 Time :     13.01000
 Time :     14.01000
 Time :     15.01000
 Time :     16.01000
 Time :     17.01000
 Time :     18.00000
 Time :     19.00000
 Time :     20.00000
 Time :     21.00000
 Time :     22.00000
 Time :     23.00000
 Time :     24.00000
 Time :     25.00000
 Time :     26.00000
 Time :     27.00000
 Time :     28.00000
 Time :     29.00000
 Time :     30.00000
 Time :     31.00000
 Time :     32.00000
 Time :     33.00000
 Time :     34.00000
 Time :     35.00000
dtime = 33.05140994489193
mbcr =

   0.664464116350053   0.664416749767937

agsout =

 Columns 1 through 3:

   3.162419436224739e-02   1.103949145737538e-03   1.103949145737530e-03
   3.182660163299322e-02   1.100236328741047e-03   1.100236328740985e-03

 Columns 4 through 6:

   1.103949145737495e-03   1.103949145737535e-03   1.103949145737523e-03
   1.100236328741036e-03   1.100236328741062e-03   1.100236328741036e-03

 Column 7:

   1.103949145737524e-03
   1.100236328741074e-03

ans = -4.739076105323031e-19
ans = -5.424418846551241e-19
ans = -1.085227876445070e-19
ans = -1.091216664079954e-19
ans = -1.091547536324975e-19
ans = 3.246386119250115e-19
ans = -1.088172639425759e-19
nbcr = 7
lambda0 = 3.501084296647659
kmpl_prod = 0.180000000000000
 Time :      1.00000
 Time :      2.00000
 Time :      3.01000
 Time :      4.01000
 Time :      5.01000
 Time :      6.01000
 Time :      7.01000
 Time :      8.01000
 Time :      9.01000
 Time :     10.01000
 Time :     11.01000
 Time :     12.01000
 Time :     13.01000
 Time :     14.01000
 Time :     15.01000
 Time :     16.01000
 Time :     17.01000
 Time :     18.00000
 Time :     19.00000
 Time :     20.00000
 Time :     21.00000
 Time :     22.00000
 Time :     23.00000
 Time :     24.00000
 Time :     25.00000
 Time :     26.00000
 Time :     27.00000
 Time :     28.00000
 Time :     29.00000
 Time :     30.00000
 Time :     31.00000
 Time :     32.00000
 Time :     33.00000
 Time :     34.00000
 Time :     35.00000
dtime = 32.97605328261852
mbcr =

   0.664464116350053   0.664416749767937   0.664439710987870

agsout =

 Columns 1 through 3:

   3.162419436224739e-02   1.103949145737538e-03   1.103949145737530e-03
   3.182660163299322e-02   1.100236328741047e-03   1.100236328740985e-03
   3.182211449463025e-02   1.100080900990866e-03   1.100080900990811e-03

 Columns 4 through 6:

   1.103949145737495e-03   1.103949145737535e-03   1.103949145737523e-03
   1.100236328741036e-03   1.100236328741062e-03   1.100236328741036e-03
   1.100080900990815e-03   1.100080900990843e-03   1.100080900990843e-03

 Column 7:

   1.103949145737524e-03
   1.100236328741074e-03
   1.100080900990863e-03

ans = -4.074345153995994e-19
ans = -1.542860587256357e-18
ans = -1.542903600648210e-18
ans = -1.109335228217316e-18
ans = -1.542883748313509e-18
ans = -1.542883748313509e-18
ans = -1.542711694746098e-18
nbcr = 7
lambda0 = 3.501084296647659
kmpl_prod = 0.180000000000000
 Time :      1.00000
 Time :      2.00000
 Time :      3.01000
 Time :      4.01000
 Time :      5.01000
 Time :      6.01000
 Time :      7.01000
 Time :      8.01000
 Time :      9.01000
 Time :     10.01000
 Time :     11.01000
 Time :     12.01000
 Time :     13.01000
 Time :     14.01000
 Time :     15.01000
 Time :     16.01000
 Time :     17.01000
 Time :     18.00000
 Time :     19.00000
 Time :     20.00000
 Time :     21.00000
 Time :     22.00000
 Time :     23.00000
 Time :     24.00000
 Time :     25.00000
 Time :     26.00000
 Time :     27.00000
 Time :     28.00000
 Time :     29.00000
 Time :     30.00000
 Time :     31.00000
 Time :     32.00000
 Time :     33.00000
 Time :     34.00000
 Time :     35.00000
dtime = 32.63659626245499
mbcr =

   0.664464116350053   0.664416749767937   0.664439710987870   0.664445423407806

agsout =

 Columns 1 through 3:

   3.162419436224739e-02   1.103949145737538e-03   1.103949145737530e-03
   3.182660163299322e-02   1.100236328741047e-03   1.100236328740985e-03
   3.182211449463025e-02   1.100080900990866e-03   1.100080900990811e-03
   3.182111160748227e-02   1.100047040184792e-03   1.100047040184755e-03

 Columns 4 through 6:

   1.103949145737495e-03   1.103949145737535e-03   1.103949145737523e-03
   1.100236328741036e-03   1.100236328741062e-03   1.100236328741036e-03
   1.100080900990815e-03   1.100080900990843e-03   1.100080900990843e-03
   1.100047040184740e-03   1.100047040184719e-03   1.100047040184706e-03

 Column 7:

   1.103949145737524e-03
   1.100236328741074e-03
   1.100080900990863e-03
   1.100047040184712e-03

ans = -1.038046578364012e-18
ans = 2.046113963211169e-19
ans = 2.048033022232292e-19
ans = -2.292382175180457e-19
ans = -2.290694726730848e-19
ans = -2.290264592812321e-19
ans = -2.289536673873274e-19
nbcr = 7
lambda0 = 3.501084296647659
kmpl_prod = 0.180000000000000
 Time :      1.00000
 Time :      2.00000
 Time :      3.01000
 Time :      4.01000
 Time :      5.01000
 Time :      6.01000
 Time :      7.01000
 Time :      8.01000
 Time :      9.01000
 Time :     10.01000
 Time :     11.01000
 Time :     12.01000
 Time :     13.01000
 Time :     14.01000
 Time :     15.01000
 Time :     16.01000
 Time :     17.01000
 Time :     18.00000
 Time :     19.00000
 Time :     20.00000
 Time :     21.00000
 Time :     22.00000
 Time :     23.00000
 Time :     24.00000
 Time :     25.00000
 Time :     26.00000
 Time :     27.00000
 Time :     28.00000
 Time :     29.00000
 Time :     30.00000
 Time :     31.00000
 Time :     32.00000
 Time :     33.00000
 Time :     34.00000
 Time :     35.00000
dtime = 32.62423463165760
mbcr =

 Columns 1 through 4:

   0.664464116350053   0.664416749767937   0.664439710987870   0.664445423407806

 Column 5:

   0.664446437105467

agsout =

 Columns 1 through 3:

   3.162419436224739e-02   1.103949145737538e-03   1.103949145737530e-03
   3.182660163299322e-02   1.100236328741047e-03   1.100236328740985e-03
   3.182211449463025e-02   1.100080900990866e-03   1.100080900990811e-03
   3.182111160748227e-02   1.100047040184792e-03   1.100047040184755e-03
   3.182093622031879e-02   1.100041119347396e-03   1.100041119347385e-03

 Columns 4 through 6:

   1.103949145737495e-03   1.103949145737535e-03   1.103949145737523e-03
   1.100236328741036e-03   1.100236328741062e-03   1.100236328741036e-03
   1.100080900990815e-03   1.100080900990843e-03   1.100080900990843e-03
   1.100047040184740e-03   1.100047040184719e-03   1.100047040184706e-03
   1.100041119347411e-03   1.100041119347443e-03   1.100041119347436e-03

 Column 7:

   1.103949145737524e-03
   1.100236328741074e-03
   1.100080900990863e-03
   1.100047040184712e-03
   1.100041119347389e-03

ans = -4.611539378995688e-19
ans = -1.056405595181272e-18
ans = -1.056365890511870e-18
ans = -1.891563537561762e-19
ans = -6.227313436319711e-19
ans = -1.891199578092238e-19
ans = -1.056491621964978e-18
nbcr = 7
lambda0 = 3.501084296647659
kmpl_prod = 0.180000000000000
 Time :      1.00000
 Time :      2.00000
 Time :      3.01000
 Time :      4.01000
 Time :      5.01000
 Time :      6.01000
 Time :      7.01000
 Time :      8.01000
 Time :      9.01000
 Time :     10.01000
 Time :     11.01000
 Time :     12.01000
 Time :     13.01000
 Time :     14.01000
 Time :     15.01000
 Time :     16.01000
 Time :     17.01000
 Time :     18.00000
 Time :     19.00000
 Time :     20.00000
 Time :     21.00000
 Time :     22.00000
 Time :     23.00000
 Time :     24.00000
 Time :     25.00000
 Time :     26.00000
 Time :     27.00000
 Time :     28.00000
 Time :     29.00000
 Time :     30.00000
 Time :     31.00000
 Time :     32.00000
 Time :     33.00000
 Time :     34.00000
 Time :     35.00000
dtime = 31.92630037665367
mbcr =

 Columns 1 through 4:

   0.664464116350053   0.664416749767937   0.664439710987870   0.664445423407806

 Columns 5 and 6:

   0.664446437105467   0.664446612770606

agsout =

 Columns 1 through 3:

   3.162419436224739e-02   1.103949145737538e-03   1.103949145737530e-03
   3.182660163299322e-02   1.100236328741047e-03   1.100236328740985e-03
   3.182211449463025e-02   1.100080900990866e-03   1.100080900990811e-03
   3.182111160748227e-02   1.100047040184792e-03   1.100047040184755e-03
   3.182093622031879e-02   1.100041119347396e-03   1.100041119347385e-03
   3.182090586261409e-02   1.100040094403312e-03   1.100040094403273e-03

 Columns 4 through 6:

   1.103949145737495e-03   1.103949145737535e-03   1.103949145737523e-03
   1.100236328741036e-03   1.100236328741062e-03   1.100236328741036e-03
   1.100080900990815e-03   1.100080900990843e-03   1.100080900990843e-03
   1.100047040184740e-03   1.100047040184719e-03   1.100047040184706e-03
   1.100041119347411e-03   1.100041119347443e-03   1.100041119347436e-03
   1.100040094403246e-03   1.100040094403281e-03   1.100040094403213e-03

 Column 7:

   1.103949145737524e-03
   1.100236328741074e-03
   1.100080900990863e-03
   1.100047040184712e-03
   1.100041119347389e-03
   1.100040094403293e-03

ans = -6.739334826601183e-19
ans = -1.342646483071572e-19
ans = -1.337617224947250e-19
ans = 2.995386434177024e-19
ans = -5.675054572154808e-19
ans = -1.344168495398670e-19
ans = 2.997239318749143e-19
nbcr = 10
lambda0 = 3.501084296647659
kmpl_prod = 0.180000000000000
 Time :      1.00000
 Time :      2.00000
 Time :      3.01000
 Time :      4.01000
 Time :      5.01000
 Time :      6.01000
 Time :      7.01000
 Time :      8.01000
 Time :      9.01000
 Time :     10.01000
 Time :     11.01000
 Time :     12.01000
 Time :     13.01000
 Time :     14.01000
 Time :     15.01000
 Time :     16.01000
 Time :     17.01000
 Time :     18.00000
 Time :     19.00000
 Time :     20.00000
 Time :     21.00000
 Time :     22.00000
 Time :     23.00000
 Time :     24.00000
 Time :     25.00000
 Time :     26.00000
 Time :     27.00000
 Time :     28.00000
 Time :     29.00000
 Time :     30.00000
 Time :     31.00000
 Time :     32.00000
 Time :     33.00000
 Time :     34.00000
 Time :     35.00000
dtime = 48.13674353063107
mbcr = 0.645316663090898
agsout =

 Columns 1 through 3:

   3.150406136245869e-02   1.009237771214227e-03   1.009237771214257e-03

 Columns 4 through 6:

   1.009237771214280e-03   1.009237771214244e-03   1.009237771214240e-03

 Columns 7 through 9:

   1.009237771214249e-03   1.009237771214213e-03   1.009237771214213e-03

 Column 10:

   1.009237771214214e-03

ans = -8.398622655425073e-19
ans = -6.328659604969708e-19
ans = -1.986755482454364e-19
ans = -6.325317795294994e-19
ans = -6.331306582929878e-19
ans = -6.333291816400005e-19
ans = -1.989865681557563e-19
ans = -6.331405844603384e-19
ans = -6.331405844603384e-19
ans = -6.332299199664942e-19
nbcr = 10
lambda0 = 3.501084296647659
kmpl_prod = 0.180000000000000
 Time :      1.00000
 Time :      2.00000
 Time :      3.01000
 Time :      4.01000
 Time :      5.01000
 Time :      6.01000
 Time :      7.01000
 Time :      8.01000
 Time :      9.01000
 Time :     10.01000
 Time :     11.01000
 Time :     12.01000
 Time :     13.01000
 Time :     14.01000
 Time :     15.01000
 Time :     16.01000
 Time :     17.01000
 Time :     18.00000
 Time :     19.00000
 Time :     20.00000
 Time :     21.00000
 Time :     22.00000
 Time :     23.00000
 Time :     24.00000
 Time :     25.00000
 Time :     26.00000
 Time :     27.00000
 Time :     28.00000
 Time :     29.00000
 Time :     30.00000
 Time :     31.00000
 Time :     32.00000
 Time :     33.00000
 Time :     34.00000
 Time :     35.00000
dtime = 47.80408591032028
mbcr =

   0.645316663090898   0.645168201376072

agsout =

 Columns 1 through 3:

   3.150406136245869e-02   1.009237771214227e-03   1.009237771214257e-03
   3.169490656726608e-02   1.004916863365231e-03   1.004916863365274e-03

 Columns 4 through 6:

   1.009237771214280e-03   1.009237771214244e-03   1.009237771214240e-03
   1.004916863365228e-03   1.004916863365217e-03   1.004916863365286e-03

 Columns 7 through 9:

   1.009237771214249e-03   1.009237771214213e-03   1.009237771214213e-03
   1.004916863365287e-03   1.004916863365216e-03   1.004916863365216e-03

 Column 10:

   1.009237771214214e-03
   1.004916863365217e-03

ans = -1.065615630916591e-18
ans = -7.954069508636408e-19
ans = -7.949701995002128e-19
ans = -3.617095382571879e-19
ans = -3.617525516490407e-19
ans = -7.949668907777626e-19
ans = -7.949404209981609e-19
ans = 7.201103540641638e-20
ans = 7.201103540641638e-20
ans = 7.180920333695344e-20
nbcr = 10
lambda0 = 3.501084296647659
kmpl_prod = 0.180000000000000
 Time :      1.00000
 Time :      2.00000
 Time :      3.01000
 Time :      4.01000
 Time :      5.01000
 Time :      6.01000
 Time :      7.01000
 Time :      8.01000
 Time :      9.01000
 Time :     10.01000
 Time :     11.01000
 Time :     12.01000
 Time :     13.01000
 Time :     14.01000
 Time :     15.01000
 Time :     16.01000
 Time :     17.01000
 Time :     18.00000
 Time :     19.00000
 Time :     20.00000
 Time :     21.00000
 Time :     22.00000
 Time :     23.00000
 Time :     24.00000
 Time :     25.00000
 Time :     26.00000
 Time :     27.00000
 Time :     28.00000
 Time :     29.00000
 Time :     30.00000
 Time :     31.00000
 Time :     32.00000
 Time :     33.00000
 Time :     34.00000
 Time :     35.00000
dtime = 47.21885472536087
mbcr =

   0.645316663090898   0.645168201376072   0.645194483318676

agsout =

 Columns 1 through 3:

   3.150406136245869e-02   1.009237771214227e-03   1.009237771214257e-03
   3.169490656726608e-02   1.004916863365231e-03   1.004916863365274e-03
   3.168976079925546e-02   1.004748510463847e-03   1.004748510463827e-03

 Columns 4 through 6:

   1.009237771214280e-03   1.009237771214244e-03   1.009237771214240e-03
   1.004916863365228e-03   1.004916863365217e-03   1.004916863365286e-03
   1.004748510463889e-03   1.004748510463879e-03   1.004748510463879e-03

 Columns 7 through 9:

   1.009237771214249e-03   1.009237771214213e-03   1.009237771214213e-03
   1.004916863365287e-03   1.004916863365216e-03   1.004916863365216e-03
   1.004748510463903e-03   1.004748510463917e-03   1.004748510463874e-03

 Column 10:

   1.009237771214214e-03
   1.004916863365217e-03
   1.004748510463861e-03

ans = 5.370196284981337e-20
ans = -6.862323448964420e-19
ans = -6.861198483331348e-19
ans = -2.520948722041109e-19
ans = -2.521345768735135e-19
ans = -1.119588959090523e-18
ans = 1.814503391696322e-19
ans = -6.860007343249271e-19
ans = -6.856500097452046e-19
ans = -1.119737851600783e-18
nbcr = 10
lambda0 = 3.501084296647659
kmpl_prod = 0.180000000000000
 Time :      1.00000
 Time :      2.00000
 Time :      3.01000
 Time :      4.01000
 Time :      5.01000
 Time :      6.01000
 Time :      7.01000
 Time :      8.01000
 Time :      9.01000
 Time :     10.01000
 Time :     11.01000
 Time :     12.01000
 Time :     13.01000
 Time :     14.01000
 Time :     15.01000
 Time :     16.01000
 Time :     17.01000
 Time :     18.00000
 Time :     19.00000
 Time :     20.00000
 Time :     21.00000
 Time :     22.00000
 Time :     23.00000
 Time :     24.00000
 Time :     25.00000
 Time :     26.00000
 Time :     27.00000
 Time :     28.00000
 Time :     29.00000
 Time :     30.00000
 Time :     31.00000
 Time :     32.00000
 Time :     33.00000
 Time :     34.00000
 Time :     35.00000
dtime = 47.36607782542706
mbcr =

   0.645316663090898   0.645168201376072   0.645194483318676   0.645201167252952

agsout =

 Columns 1 through 3:

   3.150406136245869e-02   1.009237771214227e-03   1.009237771214257e-03
   3.169490656726608e-02   1.004916863365231e-03   1.004916863365274e-03
   3.168976079925546e-02   1.004748510463847e-03   1.004748510463827e-03
   3.168861674327036e-02   1.004713049053488e-03   1.004713049053483e-03

 Columns 4 through 6:

   1.009237771214280e-03   1.009237771214244e-03   1.009237771214240e-03
   1.004916863365228e-03   1.004916863365217e-03   1.004916863365286e-03
   1.004748510463889e-03   1.004748510463879e-03   1.004748510463879e-03
   1.004713049053443e-03   1.004713049053468e-03   1.004713049053413e-03

 Columns 7 through 9:

   1.009237771214249e-03   1.009237771214213e-03   1.009237771214213e-03
   1.004916863365287e-03   1.004916863365216e-03   1.004916863365216e-03
   1.004748510463903e-03   1.004748510463917e-03   1.004748510463874e-03
   1.004713049053464e-03   1.004713049053424e-03   1.004713049053493e-03

 Column 10:

   1.009237771214214e-03
   1.004916863365217e-03
   1.004748510463861e-03
   1.004713049053485e-03

ans = -1.260506705074975e-19
ans = -9.761095187595250e-19
ans = -9.761128274819752e-19
ans = -1.410147729778350e-18
ans = -9.762749548820356e-19
ans = -1.410270152509008e-18
ans = -9.765098741760007e-19
ans = -9.765264177882517e-19
ans = -1.409883031982333e-18
ans = -9.762617199922347e-19
nbcr = 10
lambda0 = 3.501084296647659
kmpl_prod = 0.180000000000000
 Time :      1.00000
 Time :      2.00000
 Time :      3.01000
 Time :      4.01000
 Time :      5.01000
 Time :      6.01000
 Time :      7.01000
 Time :      8.01000
 Time :      9.01000
 Time :     10.01000
 Time :     11.01000
 Time :     12.01000
 Time :     13.01000
 Time :     14.01000
 Time :     15.01000
 Time :     16.01000
 Time :     17.01000
 Time :     18.00000
 Time :     19.00000
 Time :     20.00000
 Time :     21.00000
 Time :     22.00000
 Time :     23.00000
 Time :     24.00000
 Time :     25.00000
 Time :     26.00000
 Time :     27.00000
 Time :     28.00000
 Time :     29.00000
 Time :     30.00000
 Time :     31.00000
 Time :     32.00000
 Time :     33.00000
 Time :     34.00000
 Time :     35.00000
dtime = 47.08328917622566
mbcr =

 Columns 1 through 4:

   0.645316663090898   0.645168201376072   0.645194483318676   0.645201167252952

 Column 5:

   0.645202383681256

agsout =

 Columns 1 through 3:

   3.150406136245869e-02   1.009237771214227e-03   1.009237771214257e-03
   3.169490656726608e-02   1.004916863365231e-03   1.004916863365274e-03
   3.168976079925546e-02   1.004748510463847e-03   1.004748510463827e-03
   3.168861674327036e-02   1.004713049053488e-03   1.004713049053483e-03
   3.168841124346129e-02   1.004706689956910e-03   1.004706689956843e-03

 Columns 4 through 6:

   1.009237771214280e-03   1.009237771214244e-03   1.009237771214240e-03
   1.004916863365228e-03   1.004916863365217e-03   1.004916863365286e-03
   1.004748510463889e-03   1.004748510463879e-03   1.004748510463879e-03
   1.004713049053443e-03   1.004713049053468e-03   1.004713049053413e-03
   1.004706689956865e-03   1.004706689956924e-03   1.004706689956847e-03

 Columns 7 through 9:

   1.009237771214249e-03   1.009237771214213e-03   1.009237771214213e-03
   1.004916863365287e-03   1.004916863365216e-03   1.004916863365216e-03
   1.004748510463903e-03   1.004748510463917e-03   1.004748510463874e-03
   1.004713049053464e-03   1.004713049053424e-03   1.004713049053493e-03
   1.004706689956847e-03   1.004706689956849e-03   1.004706689956918e-03

 Column 10:

   1.009237771214214e-03
   1.004916863365217e-03
   1.004748510463861e-03
   1.004713049053485e-03
   1.004706689956934e-03

ans = -6.294004808583314e-19
ans = -1.016197999966295e-18
ans = -1.016002785341732e-18
ans = -1.487965573084888e-19
ans = -1.016188073798944e-18
ans = -1.490380940473543e-19
ans = -1.488164096431901e-19
ans = -1.487767049737876e-19
ans = -1.488892015370948e-19
ans = -5.824211780210370e-19
nbcr = 10
lambda0 = 3.501084296647659
kmpl_prod = 0.180000000000000
 Time :      1.00000
 Time :      2.00000
 Time :      3.01000
 Time :      4.01000
 Time :      5.01000
 Time :      6.01000
 Time :      7.01000
 Time :      8.01000
 Time :      9.01000
 Time :     10.01000
 Time :     11.01000
 Time :     12.01000
 Time :     13.01000
 Time :     14.01000
 Time :     15.01000
 Time :     16.01000
 Time :     17.01000
 Time :     18.00000
 Time :     19.00000
 Time :     20.00000
 Time :     21.00000
 Time :     22.00000
 Time :     23.00000
 Time :     24.00000
 Time :     25.00000
 Time :     26.00000
 Time :     27.00000
 Time :     28.00000
 Time :     29.00000
 Time :     30.00000
 Time :     31.00000
 Time :     32.00000
 Time :     33.00000
 Time :     34.00000
 Time :     35.00000
dtime = 45.34713886678219
mbcr =

 Columns 1 through 4:

   0.645316663090898   0.645168201376072   0.645194483318676   0.645201167252952

 Columns 5 and 6:

   0.645202383681256   0.645202600337498

agsout =

 Columns 1 through 3:

   3.150406136245869e-02   1.009237771214227e-03   1.009237771214257e-03
   3.169490656726608e-02   1.004916863365231e-03   1.004916863365274e-03
   3.168976079925546e-02   1.004748510463847e-03   1.004748510463827e-03
   3.168861674327036e-02   1.004713049053488e-03   1.004713049053483e-03
   3.168841124346129e-02   1.004706689956910e-03   1.004706689956843e-03
   3.168837467958905e-02   1.004705558515073e-03   1.004705558515140e-03

 Columns 4 through 6:

   1.009237771214280e-03   1.009237771214244e-03   1.009237771214240e-03
   1.004916863365228e-03   1.004916863365217e-03   1.004916863365286e-03
   1.004748510463889e-03   1.004748510463879e-03   1.004748510463879e-03
   1.004713049053443e-03   1.004713049053468e-03   1.004713049053413e-03
   1.004706689956865e-03   1.004706689956924e-03   1.004706689956847e-03
   1.004705558515094e-03   1.004705558515098e-03   1.004705558515058e-03

 Columns 7 through 9:

   1.009237771214249e-03   1.009237771214213e-03   1.009237771214213e-03
   1.004916863365287e-03   1.004916863365216e-03   1.004916863365216e-03
   1.004748510463903e-03   1.004748510463917e-03   1.004748510463874e-03
   1.004713049053464e-03   1.004713049053424e-03   1.004713049053493e-03
   1.004706689956847e-03   1.004706689956849e-03   1.004706689956918e-03
   1.004705558515096e-03   1.004705558515096e-03   1.004705558515143e-03

 Column 10:

   1.009237771214214e-03
   1.004916863365217e-03
   1.004748510463861e-03
   1.004713049053485e-03
   1.004706689956934e-03
   1.004705558515091e-03

ans = -1.635691823304219e-20
ans = -9.706765964962767e-19
ans = -9.706071133248222e-19
ans = -9.702696236349006e-19
ans = -5.365788284733482e-19
ans = -9.704714557043636e-19
ans = -5.368137477673133e-19
ans = -5.367806605428111e-19
ans = -9.705343214309176e-19
ans = -5.366847075917550e-19
nbcr = 15
lambda0 = 3.501084296647659
kmpl_prod = 0.180000000000000
 Time :      1.00000
 Time :      2.00000
 Time :      3.01000
 Time :      4.01000
 Time :      5.01000
 Time :      6.01000
 Time :      7.01000
 Time :      8.01000
 Time :      9.01000
 Time :     10.01000
 Time :     11.01000
 Time :     12.01000
 Time :     13.01000
 Time :     14.01000
 Time :     15.01000
 Time :     16.01000
 Time :     17.01000
 Time :     18.00000
 Time :     19.00000
 Time :     20.00000
 Time :     21.00000
 Time :     22.00000
 Time :     23.00000
 Time :     24.00000
 Time :     25.00000
 Time :     26.00000
 Time :     27.00000
 Time :     28.00000
 Time :     29.00000
 Time :     30.00000
 Time :     31.00000
 Time :     32.00000
 Time :     33.00000
 Time :     34.00000
 Time :     35.00000
dtime = 73.74770902097225
mbcr = 0.628088937778869
agsout =

 Columns 1 through 3:

   3.140489616646015e-02   9.361340828929677e-04   9.361340828929308e-04

 Columns 4 through 6:

   9.361340828929724e-04   9.361340828929108e-04   9.361340828928981e-04

 Columns 7 through 9:

   9.361340828929267e-04   9.361340828928875e-04   9.361340828928909e-04

 Columns 10 through 12:

   9.361340828928992e-04   9.361340828928888e-04   9.361340828928853e-04

 Columns 13 through 15:

   9.361340828929469e-04   9.361340828929898e-04   9.361340828929902e-04

ans = -5.708159406556689e-19
ans = -7.169836113487133e-19
ans = -2.833027423545116e-19
ans = -2.835244267586758e-19
ans = -2.831836283463039e-19
ans = -1.150591688449010e-18
ans = -2.835145005913251e-19
ans = -7.169935375160640e-19
ans = -2.833325208565635e-19
ans = -2.833093597994120e-19
ans = -2.833060510769618e-19
ans = -2.832398766279575e-19
ans = -2.833093597994120e-19
ans = -2.833722255259660e-19
ans = -2.832597289626588e-19
nbcr = 15
lambda0 = 3.501084296647659
kmpl_prod = 0.180000000000000
 Time :      1.00000
 Time :      2.00000
 Time :      3.01000
 Time :      4.01000
 Time :      5.01000
 Time :      6.01000
 Time :      7.01000
 Time :      8.01000
 Time :      9.01000
 Time :     10.01000
 Time :     11.01000
 Time :     12.01000
 Time :     13.01000
 Time :     14.01000
 Time :     15.01000
 Time :     16.01000
 Time :     17.01000
 Time :     18.00000
 Time :     19.00000
 Time :     20.00000
 Time :     21.00000
 Time :     22.00000
 Time :     23.00000
 Time :     24.00000
 Time :     25.00000
 Time :     26.00000
 Time :     27.00000
 Time :     28.00000
 Time :     29.00000
 Time :     30.00000
 Time :     31.00000
 Time :     32.00000
 Time :     33.00000
 Time :     34.00000
 Time :     35.00000
dtime = 73.30888621509075
mbcr =

   0.628088937778869   0.627872307590221

agsout =

 Columns 1 through 3:

   3.140489616646015e-02   9.361340828929677e-04   9.361340828929308e-04
   3.158497672568344e-02   9.315953067149618e-04   9.315953067149705e-04

 Columns 4 through 6:

   9.361340828929724e-04   9.361340828929108e-04   9.361340828928981e-04
   9.315953067149959e-04   9.315953067149523e-04   9.315953067150316e-04

 Columns 7 through 9:

   9.361340828929267e-04   9.361340828928875e-04   9.361340828928909e-04
   9.315953067150525e-04   9.315953067150232e-04   9.315953067150050e-04

 Columns 10 through 12:

   9.361340828928992e-04   9.361340828928888e-04   9.361340828928853e-04
   9.315953067150325e-04   9.315953067149998e-04   9.315953067149987e-04

 Columns 13 through 15:

   9.361340828929469e-04   9.361340828929898e-04   9.361340828929902e-04
   9.315953067149510e-04   9.315953067149633e-04   9.315953067149510e-04

ans = 3.555181366086683e-19
ans = -1.572933565606335e-19
ans = -1.578823091567713e-19
ans = -1.575348932994990e-19
ans = -1.573297525075859e-19
ans = -1.574687188504948e-19
ans = -5.911926012365493e-19
ans = -5.910701785058915e-19
ans = -1.574786450178454e-19
ans = -1.573628397320880e-19
ans = -1.577201817567109e-19
ans = -5.915797217632241e-19
ans = -1.573099001728846e-19
ans = -1.575878328587024e-19
ans = -5.910470174487400e-19
nbcr = 15
lambda0 = 3.501084296647659
kmpl_prod = 0.180000000000000
 Time :      1.00000
 Time :      2.00000
 Time :      3.01000
 Time :      4.01000
 Time :      5.01000
 Time :      6.01000
 Time :      7.01000
 Time :      8.01000
 Time :      9.01000
 Time :     10.01000
 Time :     11.01000
 Time :     12.01000
 Time :     13.01000
 Time :     14.01000
 Time :     15.01000
 Time :     16.01000
 Time :     17.01000
 Time :     18.00000
 Time :     19.00000
 Time :     20.00000
 Time :     21.00000
 Time :     22.00000
 Time :     23.00000
 Time :     24.00000
 Time :     25.00000
 Time :     26.00000
 Time :     27.00000
 Time :     28.00000
 Time :     29.00000
 Time :     30.00000
 Time :     31.00000
 Time :     32.00000
 Time :     33.00000
 Time :     34.00000
 Time :     35.00000
dtime = 73.25131259858608
mbcr =

   0.628088937778869   0.627872307590221   0.627901402914831

agsout =

 Columns 1 through 3:

   3.140489616646015e-02   9.361340828929677e-04   9.361340828929308e-04
   3.158497672568344e-02   9.315953067149618e-04   9.315953067149705e-04
   3.157921674790277e-02   9.314142072752251e-04   9.314142072751555e-04

 Columns 4 through 6:

   9.361340828929724e-04   9.361340828929108e-04   9.361340828928981e-04
   9.315953067149959e-04   9.315953067149523e-04   9.315953067150316e-04
   9.314142072752192e-04   9.314142072751388e-04   9.314142072752225e-04

 Columns 7 through 9:

   9.361340828929267e-04   9.361340828928875e-04   9.361340828928909e-04
   9.315953067150525e-04   9.315953067150232e-04   9.315953067150050e-04
   9.314142072751652e-04   9.314142072752140e-04   9.314142072751689e-04

 Columns 10 through 12:

   9.361340828928992e-04   9.361340828928888e-04   9.361340828928853e-04
   9.315953067150325e-04   9.315953067149998e-04   9.315953067149987e-04
   9.314142072751904e-04   9.314142072751717e-04   9.314142072751188e-04

 Columns 13 through 15:

   9.361340828929469e-04   9.361340828929898e-04   9.361340828929902e-04
   9.315953067149510e-04   9.315953067149633e-04   9.315953067149510e-04
   9.314142072751902e-04   9.314142072751986e-04   9.314142072751830e-04

ans = -8.536284266320522e-19
ans = -1.080390524222860e-18
ans = -6.462596689754295e-19
ans = -1.080105974092142e-18
ans = -1.080072886867640e-18
ans = -1.080555960345371e-18
ans = -6.464217963754899e-19
ans = -6.467725209552123e-19
ans = -2.127409273812881e-19
ans = -1.513968822821105e-18
ans = -2.129493768956514e-19
ans = -6.464449574326413e-19
ans = -6.465210580489962e-19
ans = -1.080122517704393e-18
ans = -1.513922500706802e-18
nbcr = 15
lambda0 = 3.501084296647659
kmpl_prod = 0.180000000000000
 Time :      1.00000
 Time :      2.00000
 Time :      3.01000
 Time :      4.01000
 Time :      5.01000
 Time :      6.01000
 Time :      7.01000
 Time :      8.01000
 Time :      9.01000
 Time :     10.01000
 Time :     11.01000
 Time :     12.01000
 Time :     13.01000
 Time :     14.01000
 Time :     15.01000
 Time :     16.01000
 Time :     17.01000
 Time :     18.00000
 Time :     19.00000
 Time :     20.00000
 Time :     21.00000
 Time :     22.00000
 Time :     23.00000
 Time :     24.00000
 Time :     25.00000
 Time :     26.00000
 Time :     27.00000
 Time :     28.00000
 Time :     29.00000
 Time :     30.00000
 Time :     31.00000
 Time :     32.00000
 Time :     33.00000
 Time :     34.00000
 Time :     35.00000
dtime = 72.27488458156586
mbcr =

   0.628088937778869   0.627872307590221   0.627901402914831   0.627909015403262

agsout =

 Columns 1 through 3:

   3.140489616646015e-02   9.361340828929677e-04   9.361340828929308e-04
   3.158497672568344e-02   9.315953067149618e-04   9.315953067149705e-04
   3.157921674790277e-02   9.314142072752251e-04   9.314142072751555e-04
   3.157793872537675e-02   9.313773226172183e-04   9.313773226171434e-04

 Columns 4 through 6:

   9.361340828929724e-04   9.361340828929108e-04   9.361340828928981e-04
   9.315953067149959e-04   9.315953067149523e-04   9.315953067150316e-04
   9.314142072752192e-04   9.314142072751388e-04   9.314142072752225e-04
   9.313773226172039e-04   9.313773226171993e-04   9.313773226172054e-04

 Columns 7 through 9:

   9.361340828929267e-04   9.361340828928875e-04   9.361340828928909e-04
   9.315953067150525e-04   9.315953067150232e-04   9.315953067150050e-04
   9.314142072751652e-04   9.314142072752140e-04   9.314142072751689e-04
   9.313773226172063e-04   9.313773226171707e-04   9.313773226171777e-04

 Columns 10 through 12:

   9.361340828928992e-04   9.361340828928888e-04   9.361340828928853e-04
   9.315953067150325e-04   9.315953067149998e-04   9.315953067149987e-04
   9.314142072751904e-04   9.314142072751717e-04   9.314142072751188e-04
   9.313773226171398e-04   9.313773226171879e-04   9.313773226171389e-04

 Columns 13 through 15:

   9.361340828929469e-04   9.361340828929898e-04   9.361340828929902e-04
   9.315953067149510e-04   9.315953067149633e-04   9.315953067149510e-04
   9.314142072751902e-04   9.314142072751986e-04   9.314142072751830e-04
   9.313773226171974e-04   9.313773226172009e-04   9.313773226172102e-04

ans = -1.289003775111069e-18
ans = -1.094723909877179e-19
ans = 3.248139742148727e-19
ans = -1.095551090489732e-19
ans = 3.244930281372021e-19
ans = -1.092473978611035e-19
ans = -5.429249581328550e-19
ans = -1.093499682570600e-19
ans = -1.093400420897094e-19
ans = -5.428918709083529e-19
ans = 3.243110484024405e-19
ans = 3.246088334229595e-19
ans = 3.242316390636354e-19
ans = 3.240364244390728e-19
ans = -1.092507065835537e-19
nbcr = 15
lambda0 = 3.501084296647659
kmpl_prod = 0.180000000000000
 Time :      1.00000
 Time :      2.00000
 Time :      3.01000
 Time :      4.01000
 Time :      5.01000
 Time :      6.01000
 Time :      7.01000
 Time :      8.01000
 Time :      9.01000
 Time :     10.01000
 Time :     11.01000
 Time :     12.01000
 Time :     13.01000
 Time :     14.01000
 Time :     15.01000
 Time :     16.01000
 Time :     17.01000
 Time :     18.00000
 Time :     19.00000
 Time :     20.00000
 Time :     21.00000
 Time :     22.00000
 Time :     23.00000
 Time :     24.00000
 Time :     25.00000
 Time :     26.00000
 Time :     27.00000
 Time :     28.00000
 Time :     29.00000
 Time :     30.00000
 Time :     31.00000
 Time :     32.00000
 Time :     33.00000
 Time :     34.00000
 Time :     35.00000
dtime = 72.14927673339844
mbcr =

 Columns 1 through 4:

   0.628088937778869   0.627872307590221   0.627901402914831   0.627909015403262

 Column 5:

   0.627910431913128

agsout =

 Columns 1 through 3:

   3.140489616646015e-02   9.361340828929677e-04   9.361340828929308e-04
   3.158497672568344e-02   9.315953067149618e-04   9.315953067149705e-04
   3.157921674790277e-02   9.314142072752251e-04   9.314142072751555e-04
   3.157793872537675e-02   9.313773226172183e-04   9.313773226171434e-04
   3.157770389853084e-02   9.313705716242894e-04   9.313705716242645e-04

 Columns 4 through 6:

   9.361340828929724e-04   9.361340828929108e-04   9.361340828928981e-04
   9.315953067149959e-04   9.315953067149523e-04   9.315953067150316e-04
   9.314142072752192e-04   9.314142072751388e-04   9.314142072752225e-04
   9.313773226172039e-04   9.313773226171993e-04   9.313773226172054e-04
   9.313705716242645e-04   9.313705716242992e-04   9.313705716243185e-04

 Columns 7 through 9:

   9.361340828929267e-04   9.361340828928875e-04   9.361340828928909e-04
   9.315953067150525e-04   9.315953067150232e-04   9.315953067150050e-04
   9.314142072751652e-04   9.314142072752140e-04   9.314142072751689e-04
   9.313773226172063e-04   9.313773226171707e-04   9.313773226171777e-04
   9.313705716243484e-04   9.313705716243050e-04   9.313705716243273e-04

 Columns 10 through 12:

   9.361340828928992e-04   9.361340828928888e-04   9.361340828928853e-04
   9.315953067150325e-04   9.315953067149998e-04   9.315953067149987e-04
   9.314142072751904e-04   9.314142072751717e-04   9.314142072751188e-04
   9.313773226171398e-04   9.313773226171879e-04   9.313773226171389e-04
   9.313705716243347e-04   9.313705716243245e-04   9.313705716243284e-04

 Columns 13 through 15:

   9.361340828929469e-04   9.361340828929898e-04   9.361340828929902e-04
   9.315953067149510e-04   9.315953067149633e-04   9.315953067149510e-04
   9.314142072751902e-04   9.314142072751986e-04   9.314142072751830e-04
   9.313773226171974e-04   9.313773226172009e-04   9.313773226172102e-04
   9.313705716243373e-04   9.313705716243336e-04   9.313705716243289e-04

ans = -5.411082982554524e-19
ans = -1.114215593831378e-18
ans = -2.468637820103256e-19
ans = -2.468108424511222e-19
ans = -1.114165962994625e-18
ans = -1.113772225023050e-18
ans = -1.114245372333430e-18
ans = -2.469034866797281e-19
ans = -6.806108254535316e-19
ans = -6.804784765555231e-19
ans = -2.466751848306635e-19
ans = -6.805578858943282e-19
ans = -6.804123021065189e-19
ans = -6.807200132943886e-19
ans = -6.804850940004235e-19
nbcr = 15
lambda0 = 3.501084296647659
kmpl_prod = 0.180000000000000
 Time :      1.00000
 Time :      2.00000
 Time :      3.01000
 Time :      4.01000
 Time :      5.01000
 Time :      6.01000
 Time :      7.01000
 Time :      8.01000
 Time :      9.01000
 Time :     10.01000
 Time :     11.01000
 Time :     12.01000
 Time :     13.01000
 Time :     14.01000
 Time :     15.01000
 Time :     16.01000
 Time :     17.01000
 Time :     18.00000
 Time :     19.00000
 Time :     20.00000
 Time :     21.00000
 Time :     22.00000
 Time :     23.00000
 Time :     24.00000
 Time :     25.00000
 Time :     26.00000
 Time :     27.00000
 Time :     28.00000
 Time :     29.00000
 Time :     30.00000
 Time :     31.00000
 Time :     32.00000
 Time :     33.00000
 Time :     34.00000
 Time :     35.00000
dtime = 59.74726192653179
mbcr =

 Columns 1 through 4:

   0.628088937778869   0.627872307590221   0.627901402914831   0.627909015403262

 Columns 5 and 6:

   0.627910431913128   0.627910690149940

agsout =

 Columns 1 through 3:

   3.140489616646015e-02   9.361340828929677e-04   9.361340828929308e-04
   3.158497672568344e-02   9.315953067149618e-04   9.315953067149705e-04
   3.157921674790277e-02   9.314142072752251e-04   9.314142072751555e-04
   3.157793872537675e-02   9.313773226172183e-04   9.313773226171434e-04
   3.157770389853084e-02   9.313705716242894e-04   9.313705716242645e-04
   3.157766112988146e-02   9.313693423039692e-04   9.313693423040529e-04

 Columns 4 through 6:

   9.361340828929724e-04   9.361340828929108e-04   9.361340828928981e-04
   9.315953067149959e-04   9.315953067149523e-04   9.315953067150316e-04
   9.314142072752192e-04   9.314142072751388e-04   9.314142072752225e-04
   9.313773226172039e-04   9.313773226171993e-04   9.313773226172054e-04
   9.313705716242645e-04   9.313705716242992e-04   9.313705716243185e-04
   9.313693423040149e-04   9.313693423040464e-04   9.313693423039611e-04

 Columns 7 through 9:

   9.361340828929267e-04   9.361340828928875e-04   9.361340828928909e-04
   9.315953067150525e-04   9.315953067150232e-04   9.315953067150050e-04
   9.314142072751652e-04   9.314142072752140e-04   9.314142072751689e-04
   9.313773226172063e-04   9.313773226171707e-04   9.313773226171777e-04
   9.313705716243484e-04   9.313705716243050e-04   9.313705716243273e-04
   9.313693423040101e-04   9.313693423039646e-04   9.313693423040212e-04

 Columns 10 through 12:

   9.361340828928992e-04   9.361340828928888e-04   9.361340828928853e-04
   9.315953067150325e-04   9.315953067149998e-04   9.315953067149987e-04
   9.314142072751904e-04   9.314142072751717e-04   9.314142072751188e-04
   9.313773226171398e-04   9.313773226171879e-04   9.313773226171389e-04
   9.313705716243347e-04   9.313705716243245e-04   9.313705716243284e-04
   9.313693423040190e-04   9.313693423039746e-04   9.313693423040513e-04

 Columns 13 through 15:

   9.361340828929469e-04   9.361340828929898e-04   9.361340828929902e-04
   9.315953067149510e-04   9.315953067149633e-04   9.315953067149510e-04
   9.314142072751902e-04   9.314142072751986e-04   9.314142072751830e-04
   9.313773226171974e-04   9.313773226172009e-04   9.313773226172102e-04
   9.313705716243373e-04   9.313705716243336e-04   9.313705716243289e-04
   9.313693423040522e-04   9.313693423039624e-04   9.313693423040232e-04

ans = -2.102896874959123e-19
ans = -8.031526701195873e-19
ans = -3.699383309908655e-19
ans = -8.035430993687124e-19
ans = -8.035662604258638e-19
ans = -3.697795123132553e-19
ans = -3.699085524888136e-19
ans = -3.696868680846493e-19
ans = -3.702890555705879e-19
ans = -3.698589216520604e-19
ans = -3.697166465867012e-19
ans = -8.036820657116213e-19
ans = -8.037813273851276e-19
ans = -3.697497338112034e-19
ans = -3.700541362766229e-19
